travis_time:start:0488b20f[0Ktravis_time:end:0488b20f:start=1594438083896168294,finish=1594438084053752943,duration=157584649,event=no_world_writable_dirs[0Ktravis_time:start:050f3f46[0Ktravis_time:end:050f3f46:start=1594438084061285069,finish=1594438084066596657,duration=5311588,event=check_unsupported[0Ktravis_time:start:1bd65b7e[0Ktravis_fold:start:system_info[0K[33;1mBuild system information[0m
Build language: java
Build group: stable
Build dist: precise
Build id: ''
Job id: ''
Runtime kernel version: 4.15.0-109-generic
[34m[1mBuild image provisioning date and time[0m
Thu Feb  5 15:09:33 UTC 2015
[34m[1mOperating System Details[0m
Distributor ID:	Ubuntu
Description:	Ubuntu 12.04.5 LTS
Release:	12.04
Codename:	precise
[34m[1mLinux Version[0m
3.13.0-29-generic
[34m[1mCookbooks Version[0m
a68419e https://github.com/travis-ci/travis-cookbooks/tree/a68419e
[34m[1mGCC version[0m
gcc (Ubuntu/Linaro 4.6.3-1ubuntu5) 4.6.3
Copyright (C) 2011 Free Software Foundation, Inc.
This is free software; see the source for copying conditions.  There is NO
warranty; not even for MERCHANTABILITY or FITNESS FOR A PARTICULAR PURPOSE.

[34m[1mLLVM version[0m
clang version 3.4 (tags/RELEASE_34/final)
Target: x86_64-unknown-linux-gnu
Thread model: posix
[34m[1mPre-installed Ruby versions[0m
ruby-1.9.3-p551
[34m[1mPre-installed Node.js versions[0m
v0.10.36
[34m[1mPre-installed Go versions[0m
1.4.1
[34m[1mRedis version[0m
redis-server 2.8.19
[34m[1mriak version[0m
2.0.2
[34m[1mMongoDB version[0m
MongoDB 2.4.12
[34m[1mCouchDB version[0m
couchdb 1.6.1
[34m[1mNeo4j version[0m
1.9.4
[34m[1mRabbitMQ Version[0m
3.4.3
[34m[1mElasticSearch version[0m
1.4.0
[34m[1mInstalled Sphinx versions[0m
2.0.10
2.1.9
2.2.6
[34m[1mDefault Sphinx version[0m
2.2.6
[34m[1mInstalled Firefox version[0m
firefox 31.0esr
[34m[1mPhantomJS version[0m
1.9.8
[34m[1mant -version[0m
Apache Ant(TM) version 1.8.2 compiled on December 3 2011
[34m[1mmvn -version[0m
Apache Maven 3.2.5 (12a6b3acb947671f09b81f49094c53f426d8cea1; 2014-12-14T17:29:23+00:00)
Maven home: /usr/local/maven
Java version: 1.7.0_76, vendor: Oracle Corporation
Java home: /usr/lib/jvm/java-7-oracle/jre
Default locale: en_US, platform encoding: ANSI_X3.4-1968
OS name: "linux", version: "3.13.0-29-generic", arch: "amd64", family: "unix"
travis_fold:end:system_info[0K
travis_time:end:1bd65b7e:start=1594438084073292594,finish=1594438084083274608,duration=9982014,event=show_system_info[0Ktravis_time:start:04219b48[0Ktravis_time:end:04219b48:start=1594438084090040882,finish=1594438084108804629,duration=18763747,event=rm_riak_source[0Ktravis_time:start:2cd14013[0Ktravis_time:end:2cd14013:start=1594438084115096075,finish=1594438084124175849,duration=9079774,event=fix_rwky_redis[0Ktravis_time:start:0cc4942c[0K[31;1mTimeout waiting for network availability.[0m
travis_time:end:0cc4942c:start=1594438084130463753,finish=1594438104822337744,duration=20691873991,event=wait_for_network[0Ktravis_time:start:0eaf52f6[0Ktravis_time:end:0eaf52f6:start=1594438104828680302,finish=1594438105554986893,duration=726306591,event=update_apt_keys[0Ktravis_time:start:181b1100[0Ktravis_time:end:181b1100:start=1594438105562201756,finish=1594438105625521838,duration=63320082,event=fix_hhvm_source[0Ktravis_time:start:0816cb3a[0Ktravis_time:end:0816cb3a:start=1594438105632080239,finish=1594438105637686488,duration=5606249,event=update_mongo_arch[0Ktravis_time:start:014134b7[0Ktravis_time:end:014134b7:start=1594438105643804423,finish=1594438105690473289,duration=46668866,event=fix_sudo_enabled_trusty[0Ktravis_time:start:02cc7192[0Ktravis_time:end:02cc7192:start=1594438105696283566,finish=1594438105713102251,duration=16818685,event=clean_up_path[0Ktravis_time:start:1129a256[0Ktravis_time:end:1129a256:start=1594438105719284108,finish=1594438105734596383,duration=15312275,event=fix_resolv_conf[0Ktravis_time:start:0d51cf09[0Ktravis_time:end:0d51cf09:start=1594438105741372793,finish=1594438105759968572,duration=18595779,event=fix_etc_hosts[0Ktravis_time:start:250e44bb[0Ktravis_time:start:012de230[0Ktravis_time:end:012de230:start=1594438105805808892,finish=1594438105824667331,duration=18858439,event=no_ipv6_localhost[0Ktravis_time:start:0af88616[0Ktravis_time:end:0af88616:start=1594438105831667237,finish=1594438105845487271,duration=13820034,event=fix_etc_mavenrc[0Ktravis_time:start:1b9803b2[0Ktravis_time:end:1b9803b2:start=1594438105852810404,finish=1594438105860104557,duration=7294153,event=fix_wwdr_certificate[0Ktravis_time:start:022c6668[0Ktravis_time:end:022c6668:start=1594438105867880024,finish=1594438105909484461,duration=41604437,event=put_localhost_first[0Ktravis_time:start:1319a265[0Ktravis_time:end:1319a265:start=1594438105916721566,finish=1594438105921796095,duration=5074529,event=home_paths[0Ktravis_time:start:2bf1ce9b[0Ktravis_time:end:2bf1ce9b:start=1594438105928824214,finish=1594438105950170011,duration=21345797,event=disable_initramfs[0Ktravis_time:start:155c65f8[0Ktravis_time:end:155c65f8:start=1594438105957302785,finish=1594438105981605049,duration=24302264,event=disable_ssh_roaming[0Ktravis_time:start:06e23900[0Ktravis_time:end:06e23900:start=1594438105988859894,finish=1594438105993928572,duration=5068678,event=debug_tools[0Ktravis_time:start:0fd8fd59[0Ktravis_time:end:0fd8fd59:start=1594438106000541843,finish=1594438106007644306,duration=7102463,event=uninstall_oclint[0Ktravis_time:start:061cb8d9[0Ktravis_time:end:061cb8d9:start=1594438106014301148,finish=1594438106020758516,duration=6457368,event=rvm_use[0Ktravis_time:start:1026f31c[0Ktravis_time:end:1026f31c:start=1594438106026981953,finish=1594438106040873195,duration=13891242,event=rm_etc_boto_cfg[0Ktravis_time:start:0015a00e[0Ktravis_time:end:0015a00e:start=1594438106047623714,finish=1594438106052302385,duration=4678671,event=rm_oraclejdk8_symlink[0Ktravis_time:start:09c649f0[0Ktravis_time:end:09c649f0:start=1594438106058784874,finish=1594438106103232132,duration=44447258,event=enable_i386[0Ktravis_time:start:11e19508[0Ktravis_time:end:11e19508:start=1594438106108587125,finish=1594438106115608697,duration=7021572,event=update_rubygems[0Ktravis_time:start:01c0ff9b[0Ktravis_time:end:01c0ff9b:start=1594438106121676002,finish=1594438106131452868,duration=9776866,event=ensure_path_components[0Ktravis_time:start:091acb7f[0Ktravis_time:end:091acb7f:start=1594438106137829745,finish=1594438106143164303,duration=5334558,event=redefine_curl[0Ktravis_time:start:012174ce[0Ktravis_time:end:012174ce:start=1594438106149697317,finish=1594438106154478422,duration=4781105,event=nonblock_pipe[0Ktravis_time:start:0a4be275[0Ktravis_time:end:0a4be275:start=1594438106160115616,finish=1594438111201933512,duration=5041817896,event=apt_get_update[0Ktravis_time:start:0680fea0[0Ktravis_time:end:0680fea0:start=1594438111208032730,finish=1594438111212194644,duration=4161914,event=deprecate_xcode_64[0Ktravis_time:start:017b293c[0Ktravis_time:end:017b293c:start=1594438111218334422,finish=1594438111225040232,duration=6705810,event=update_heroku[0Ktravis_time:start:025e8520[0Ktravis_time:end:025e8520:start=1594438111230019241,finish=1594438111234270221,duration=4250980,event=shell_session_update[0Ktravis_time:start:03e4139e[0Ktravis_fold:start:docker_mtu[0Ktravis_fold:end:docker_mtu[0Ktravis_time:end:03e4139e:start=1594438111239811313,finish=1594438111272018649,duration=32207336,event=set_docker_mtu[0Ktravis_time:start:253e6a93[0Ktravis_time:end:253e6a93:start=1594438111278405647,finish=1594438111294592082,duration=16186435,event=resolvconf[0K
travis_fold:start:install_jdk[0K[33;1mInstalling openjdk7[0m
$ jdk_switcher use "openjdk7"
Switching to OpenJDK7 (java-1.7.0-openjdk-amd64), JAVA_HOME will be set to /usr/lib/jvm/java-7-openjdk-amd64
travis_fold:end:install_jdk[0Ktravis_time:start:002a4680[0Ktravis_time:end:002a4680:start=1594438111315455939,finish=1594438111319840048,duration=4384109,event=fix_ps4[0Ktravis_time:start:2ab7cf30[0K
$ cd failed/Scout24/deadcode4j

travis_time:end:2ab7cf30:start=1594438111326008434,finish=1594438111331591931,duration=5583497,event=checkout[0Ktravis_time:start:064c4f16[0K
[33;1mSetting environment variables from .travis.yml[0m
$ export MVN_VERSION=3.1.1

travis_time:end:064c4f16:start=1594438111338625045,finish=1594438111465792793,duration=127167748,event=env[0Ktravis_fold:start:cache.1[0KSetting up build cache
$ export CASHER_DIR=${TRAVIS_HOME}/.casher
travis_time:start:0e76306e[0K$ Installing caching utilities
travis_time:end:0e76306e:start=1594438119119201735,finish=1594438122202883323,duration=3083681588,event=setup_casher[0Ktravis_time:start:075df4b8[0K$ Installing caching utilities from the Travis CI server (https:///files/casher) failed, failing over to using GitHub (https://raw.githubusercontent.com/travis-ci/casher/bash/bin/casher)
travis_time:end:075df4b8:start=1594438122211175680,finish=1594438122283495203,duration=72319523,event=setup_casher[0Ktravis_time:start:00bb057a[0Ktravis_time:end:00bb057a:start=1594438122295226257,finish=1594438122300589280,duration=5363023,event=setup_casher[0Ktravis_time:start:14fdc866[0Kattempting to download cache archive[0m
[31;1mcould not download cache[0m
travis_time:end:14fdc866:start=1594438122307998517,finish=1594438123665607129,duration=1357608612,event=setup_casher[0Ktravis_time:start:0860d98d[0Ktravis_time:end:0860d98d:start=1594438123673321956,finish=1594438123678973249,duration=5651293,event=setup_casher[0Ktravis_time:start:0bfa5760[0Kadding /home/travis/.m2/repository to cache[0m
travis_time:end:0bfa5760:start=1594438123685828131,finish=1594438125139961387,duration=1454133256,event=setup_casher[0Ktravis_fold:end:cache.1[0K
$ java -Xmx32m -version
$ javac -J-Xmx32m -version
travis_fold:start:before_install.1[0Ktravis_time:start:2a70b8e8[0K$ MVN_URL=https://archive.apache.org/dist/maven/maven-3/$MVN_VERSION/binaries/apache-maven-$MVN_VERSION-bin.tar.gz
travis_time:end:2a70b8e8:start=1594438125394338231,finish=1594438125400219956,duration=5881725,event=before_install[0Ktravis_fold:end:before_install.1[0Ktravis_fold:start:before_install.2[0Ktravis_time:start:0038c160[0K$ wget -q -O /tmp/maven.tar.gz $MVN_URL
travis_time:end:0038c160:start=1594438125409110668,finish=1594438127373076712,duration=1963966044,event=before_install[0Ktravis_fold:end:before_install.2[0Ktravis_fold:start:before_install.3[0Ktravis_time:start:07c2a0a4[0K$ tar xzf /tmp/maven.tar.gz
travis_time:end:07c2a0a4:start=1594438127381636706,finish=1594438127464681968,duration=83045262,event=before_install[0Ktravis_fold:end:before_install.3[0Ktravis_fold:start:before_install.4[0Ktravis_time:start:22684882[0K$ export M2_HOME=`pwd`/apache-maven-$MVN_VERSION
travis_time:end:22684882:start=1594438127472399671,finish=1594438127479473643,duration=7073972,event=before_install[0Ktravis_fold:end:before_install.4[0Ktravis_fold:start:before_install.5[0Ktravis_time:start:12d48638[0K$ export PATH=$M2_HOME/bin:$PATH
travis_time:end:12d48638:start=1594438127487012024,finish=1594438127491959140,duration=4947116,event=before_install[0Ktravis_fold:end:before_install.5[0Ktravis_fold:start:before_install.6[0Ktravis_time:start:05441f71[0K$ export MAVEN_SKIP_RC=true
travis_time:end:05441f71:start=1594438127499453448,finish=1594438127504277081,duration=4823633,event=before_install[0Ktravis_fold:end:before_install.6[0Ktravis_fold:start:install.1[0Ktravis_time:start:11c628c0[0K$ mvn -Dhttps.protocols=TLSv1.2 -Dhttps.protocols=TLSv1.2 -Dhttps.protocols=TLSv1.2 -Dhttps.protocols=TLSv1.2 -B -U clean verify org.apache.maven.plugins:maven-war-plugin:2.4:help -Dinvoker.skip=true -Dmaven.main.skip=true -Dmaven.plugin.skip=true -Dmaven.test.skip=true -PenableCoverage,travis
[INFO] Scanning for projects...
[WARNING] 
[WARNING] Some problems were encountered while building the effective model for de.is24.mavenplugins:deadcode4j-maven-plugin:maven-plugin:2.2.0-SNAPSHOT
[WARNING] 'dependencies.dependency.exclusions.exclusion.groupId' for org.hibernate:hibernate-annotations:jar with value '*' does not match a valid id pattern. @ line 1070, column 15
[WARNING] 'dependencies.dependency.exclusions.exclusion.artifactId' for org.hibernate:hibernate-annotations:jar with value '*' does not match a valid id pattern. @ line 1073, column 18
[WARNING] 'dependencies.dependency.exclusions.exclusion.groupId' for org.springframework.data:spring-data-commons:jar with value '*' does not match a valid id pattern. @ line 1094, column 15
[WARNING] 'dependencies.dependency.exclusions.exclusion.artifactId' for org.springframework.data:spring-data-commons:jar with value '*' does not match a valid id pattern. @ line 1097, column 18
[WARNING] 
[WARNING] It is highly recommended to fix these problems because they threaten the stability of your build.
[WARNING] 
[WARNING] For this reason, future Maven versions might no longer support building such malformed projects.
[WARNING] 
[INFO] Downloading: http://repo.maven.apache.org/maven2/org/apache/maven/plugins/maven-war-plugin/2.4/maven-war-plugin-2.4.pom
[INFO] ------------------------------------------------------------------------
[INFO] BUILD FAILURE
[INFO] ------------------------------------------------------------------------
[INFO] Total time: 0.489s
[INFO] Finished at: Sat Jul 11 03:28:49 UTC 2020
[INFO] Final Memory: 23M/1963M
[INFO] ------------------------------------------------------------------------
[ERROR] Plugin org.apache.maven.plugins:maven-war-plugin:2.4 or one of its dependencies could not be resolved: Failed to read artifact descriptor for org.apache.maven.plugins:maven-war-plugin:jar:2.4: Could not transfer artifact org.apache.maven.plugins:maven-war-plugin:pom:2.4 from/to central (http://repo.maven.apache.org/maven2): Failed to transfer file: http://repo.maven.apache.org/maven2/org/apache/maven/plugins/maven-war-plugin/2.4/maven-war-plugin-2.4.pom. Return code is: 501 , ReasonPhrase:HTTPS Required. -> [Help 1]
[ERROR] 
[ERROR] To see the full stack trace of the errors, re-run Maven with the -e switch.
[ERROR] Re-run Maven using the -X switch to enable full debug logging.
[ERROR] 
[ERROR] For more information about the errors and possible solutions, please read the following articles:
[ERROR] [Help 1] http://cwiki.apache.org/confluence/display/MAVEN/PluginResolutionException
travis_time:end:11c628c0:start=1594438127511402019,finish=1594438129351673412,duration=1840271393,event=install[0K[31;1mThe command "mvn -Dhttps.protocols=TLSv1.2 -Dhttps.protocols=TLSv1.2 -Dhttps.protocols=TLSv1.2 -Dhttps.protocols=TLSv1.2 -B -U clean verify org.apache.maven.plugins:maven-war-plugin:2.4:help -Dinvoker.skip=true -Dmaven.main.skip=true -Dmaven.plugin.skip=true -Dmaven.test.skip=true -PenableCoverage,travis" failed and exited with 1 during .[0m

Your build has been stopped.
