travis_time:start:0b28fd85[0Ktravis_time:end:0b28fd85:start=1594438102381775343,finish=1594438102540512794,duration=158737451,event=no_world_writable_dirs[0Ktravis_time:start:3556e6b7[0Ktravis_time:end:3556e6b7:start=1594438102547445737,finish=1594438102552735308,duration=5289571,event=check_unsupported[0Ktravis_time:start:15c547be[0Ktravis_fold:start:system_info[0K[33;1mBuild system information[0m
Build language: java
Build group: stable
Build dist: precise
Build id: ''
Job id: ''
Runtime kernel version: 4.15.0-109-generic
[34m[1mBuild image provisioning date and time[0m
Thu Feb  5 15:09:33 UTC 2015
[34m[1mOperating System Details[0m
Distributor ID:	Ubuntu
Description:	Ubuntu 12.04.5 LTS
Release:	12.04
Codename:	precise
[34m[1mLinux Version[0m
3.13.0-29-generic
[34m[1mCookbooks Version[0m
a68419e https://github.com/travis-ci/travis-cookbooks/tree/a68419e
[34m[1mGCC version[0m
gcc (Ubuntu/Linaro 4.6.3-1ubuntu5) 4.6.3
Copyright (C) 2011 Free Software Foundation, Inc.
This is free software; see the source for copying conditions.  There is NO
warranty; not even for MERCHANTABILITY or FITNESS FOR A PARTICULAR PURPOSE.

[34m[1mLLVM version[0m
clang version 3.4 (tags/RELEASE_34/final)
Target: x86_64-unknown-linux-gnu
Thread model: posix
[34m[1mPre-installed Ruby versions[0m
ruby-1.9.3-p551
[34m[1mPre-installed Node.js versions[0m
v0.10.36
[34m[1mPre-installed Go versions[0m
1.4.1
[34m[1mRedis version[0m
redis-server 2.8.19
[34m[1mriak version[0m
2.0.2
[34m[1mMongoDB version[0m
MongoDB 2.4.12
[34m[1mCouchDB version[0m
couchdb 1.6.1
[34m[1mNeo4j version[0m
1.9.4
[34m[1mRabbitMQ Version[0m
3.4.3
[34m[1mElasticSearch version[0m
1.4.0
[34m[1mInstalled Sphinx versions[0m
2.0.10
2.1.9
2.2.6
[34m[1mDefault Sphinx version[0m
2.2.6
[34m[1mInstalled Firefox version[0m
firefox 31.0esr
[34m[1mPhantomJS version[0m
1.9.8
[34m[1mant -version[0m
Apache Ant(TM) version 1.8.2 compiled on December 3 2011
[34m[1mmvn -version[0m
Apache Maven 3.2.5 (12a6b3acb947671f09b81f49094c53f426d8cea1; 2014-12-14T17:29:23+00:00)
Maven home: /usr/local/maven
Java version: 1.7.0_76, vendor: Oracle Corporation
Java home: /usr/lib/jvm/java-7-oracle/jre
Default locale: en_US, platform encoding: ANSI_X3.4-1968
OS name: "linux", version: "3.13.0-29-generic", arch: "amd64", family: "unix"
travis_fold:end:system_info[0K
travis_time:end:15c547be:start=1594438102559069742,finish=1594438102569194115,duration=10124373,event=show_system_info[0Ktravis_time:start:129cbf05[0Ktravis_time:end:129cbf05:start=1594438102576072864,finish=1594438102593149971,duration=17077107,event=rm_riak_source[0Ktravis_time:start:098505e4[0Ktravis_time:end:098505e4:start=1594438102599656911,finish=1594438102610468289,duration=10811378,event=fix_rwky_redis[0Ktravis_time:start:24afebf4[0K[31;1mTimeout waiting for network availability.[0m
travis_time:end:24afebf4:start=1594438102616649056,finish=1594438123319018547,duration=20702369491,event=wait_for_network[0Ktravis_time:start:16894683[0Ktravis_time:end:16894683:start=1594438123325273592,finish=1594438124081533523,duration=756259931,event=update_apt_keys[0Ktravis_time:start:2d9fcbac[0Ktravis_time:end:2d9fcbac:start=1594438124087805887,finish=1594438124152125539,duration=64319652,event=fix_hhvm_source[0Ktravis_time:start:08cb4f32[0Ktravis_time:end:08cb4f32:start=1594438124158933319,finish=1594438124164701234,duration=5767915,event=update_mongo_arch[0Ktravis_time:start:0660fdf5[0Ktravis_time:end:0660fdf5:start=1594438124170887789,finish=1594438124216437121,duration=45549332,event=fix_sudo_enabled_trusty[0Ktravis_time:start:0739204a[0Ktravis_time:end:0739204a:start=1594438124222526423,finish=1594438124238517433,duration=15991010,event=clean_up_path[0Ktravis_time:start:26a049a4[0Ktravis_time:end:26a049a4:start=1594438124244787170,finish=1594438124258581119,duration=13793949,event=fix_resolv_conf[0Ktravis_time:start:085f1976[0Ktravis_time:end:085f1976:start=1594438124265388211,finish=1594438124283822163,duration=18433952,event=fix_etc_hosts[0Ktravis_time:start:109c1ac8[0Ktravis_time:start:04866e74[0Ktravis_time:end:04866e74:start=1594438124317273137,finish=1594438124334906418,duration=17633281,event=no_ipv6_localhost[0Ktravis_time:start:0d5deb50[0Ktravis_time:end:0d5deb50:start=1594438124341890379,finish=1594438124358387736,duration=16497357,event=fix_etc_mavenrc[0Ktravis_time:start:17ce019a[0Ktravis_time:end:17ce019a:start=1594438124364758038,finish=1594438124371369912,duration=6611874,event=fix_wwdr_certificate[0Ktravis_time:start:091462b4[0Ktravis_time:end:091462b4:start=1594438124377774997,finish=1594438124416589292,duration=38814295,event=put_localhost_first[0Ktravis_time:start:006ecc62[0Ktravis_time:end:006ecc62:start=1594438124422159606,finish=1594438124427001864,duration=4842258,event=home_paths[0Ktravis_time:start:02a60f30[0Ktravis_time:end:02a60f30:start=1594438124432472563,finish=1594438124460419461,duration=27946898,event=disable_initramfs[0Ktravis_time:start:1f18dbe0[0Ktravis_time:end:1f18dbe0:start=1594438124467531229,finish=1594438124485726638,duration=18195409,event=disable_ssh_roaming[0Ktravis_time:start:01d4c681[0Ktravis_time:end:01d4c681:start=1594438124490935001,finish=1594438124494550239,duration=3615238,event=debug_tools[0Ktravis_time:start:0000478b[0Ktravis_time:end:0000478b:start=1594438124500691904,finish=1594438124506593449,duration=5901545,event=uninstall_oclint[0Ktravis_time:start:2402873e[0Ktravis_time:end:2402873e:start=1594438124511656177,finish=1594438124517146954,duration=5490777,event=rvm_use[0Ktravis_time:start:04ef7866[0Ktravis_time:end:04ef7866:start=1594438124522754032,finish=1594438124537142157,duration=14388125,event=rm_etc_boto_cfg[0Ktravis_time:start:36239e80[0Ktravis_time:end:36239e80:start=1594438124544062563,finish=1594438124549145153,duration=5082590,event=rm_oraclejdk8_symlink[0Ktravis_time:start:00322b5c[0Ktravis_time:end:00322b5c:start=1594438124555826213,finish=1594438124600845688,duration=45019475,event=enable_i386[0Ktravis_time:start:1459ab69[0Ktravis_time:end:1459ab69:start=1594438124607247576,finish=1594438124614773519,duration=7525943,event=update_rubygems[0Ktravis_time:start:15300bbf[0Ktravis_time:end:15300bbf:start=1594438124621202123,finish=1594438124631299882,duration=10097759,event=ensure_path_components[0Ktravis_time:start:178e7063[0Ktravis_time:end:178e7063:start=1594438124637787203,finish=1594438124642800405,duration=5013202,event=redefine_curl[0Ktravis_time:start:12ceb7e0[0Ktravis_time:end:12ceb7e0:start=1594438124649098812,finish=1594438124654076654,duration=4977842,event=nonblock_pipe[0Ktravis_time:start:068da3db[0Ktravis_time:end:068da3db:start=1594438124660733672,finish=1594438129929013453,duration=5268279781,event=apt_get_update[0Ktravis_time:start:1e33fe50[0Ktravis_time:end:1e33fe50:start=1594438129935672232,finish=1594438129940510035,duration=4837803,event=deprecate_xcode_64[0Ktravis_time:start:0839fa27[0Ktravis_time:end:0839fa27:start=1594438129947463944,finish=1594438129956003928,duration=8539984,event=update_heroku[0Ktravis_time:start:005d4f67[0Ktravis_time:end:005d4f67:start=1594438129962115551,finish=1594438129966136284,duration=4020733,event=shell_session_update[0Ktravis_time:start:000df136[0Ktravis_fold:start:docker_mtu[0Ktravis_fold:end:docker_mtu[0Ktravis_time:end:000df136:start=1594438129971270352,finish=1594438130004704290,duration=33433938,event=set_docker_mtu[0Ktravis_time:start:052bd6a3[0Ktravis_time:end:052bd6a3:start=1594438130011185483,finish=1594438130027934275,duration=16748792,event=resolvconf[0K
travis_fold:start:install_jdk[0K[33;1mInstalling oraclejdk7[0m
$ jdk_switcher use "oraclejdk7"
Switching to Oracle JDK7 (java-7-oracle), JAVA_HOME will be set to /usr/lib/jvm/java-7-oracle
travis_fold:end:install_jdk[0Ktravis_time:start:0a2ebc1e[0Ktravis_time:end:0a2ebc1e:start=1594438130047538675,finish=1594438130052002924,duration=4464249,event=fix_ps4[0Ktravis_time:start:11f43171[0K
$ cd failed/Scout24/deadcode4j

travis_time:end:11f43171:start=1594438130058045868,finish=1594438130062366520,duration=4320652,event=checkout[0Ktravis_time:start:0ee31cb8[0K
[33;1mSetting environment variables from .travis.yml[0m
$ export MVN_VERSION=3.0.5

travis_time:end:0ee31cb8:start=1594438130067708288,finish=1594438130198603252,duration=130894964,event=env[0Ktravis_fold:start:cache.1[0KSetting up build cache
$ export CASHER_DIR=${TRAVIS_HOME}/.casher
travis_time:start:070e1c4a[0K$ Installing caching utilities
travis_time:end:070e1c4a:start=1594438137214316768,finish=1594438140310039669,duration=3095722901,event=setup_casher[0Ktravis_time:start:189b9717[0K$ Installing caching utilities from the Travis CI server (https:///files/casher) failed, failing over to using GitHub (https://raw.githubusercontent.com/travis-ci/casher/bash/bin/casher)
travis_time:end:189b9717:start=1594438140319146429,finish=1594438140380790679,duration=61644250,event=setup_casher[0Ktravis_time:start:1081aac3[0Ktravis_time:end:1081aac3:start=1594438140391566870,finish=1594438140397323087,duration=5756217,event=setup_casher[0Ktravis_time:start:1d8da261[0Kattempting to download cache archive[0m
[31;1mcould not download cache[0m
travis_time:end:1d8da261:start=1594438140404203641,finish=1594438141835140480,duration=1430936839,event=setup_casher[0Ktravis_time:start:07355a70[0Ktravis_time:end:07355a70:start=1594438141842983344,finish=1594438141848208288,duration=5224944,event=setup_casher[0Ktravis_time:start:13eca11a[0Kadding /home/travis/.m2/repository to cache[0m
travis_time:end:13eca11a:start=1594438141854716159,finish=1594438143339400646,duration=1484684487,event=setup_casher[0Ktravis_fold:end:cache.1[0K
$ java -Xmx32m -version
$ javac -J-Xmx32m -version
travis_fold:start:before_install.1[0Ktravis_time:start:3bc3d174[0K$ MVN_URL=https://archive.apache.org/dist/maven/maven-3/$MVN_VERSION/binaries/apache-maven-$MVN_VERSION-bin.tar.gz
travis_time:end:3bc3d174:start=1594438143536067992,finish=1594438143543259909,duration=7191917,event=before_install[0Ktravis_fold:end:before_install.1[0Ktravis_fold:start:before_install.2[0Ktravis_time:start:3575fa4e[0K$ wget -q -O /tmp/maven.tar.gz $MVN_URL
travis_time:end:3575fa4e:start=1594438143553058064,finish=1594438145651360810,duration=2098302746,event=before_install[0Ktravis_fold:end:before_install.2[0Ktravis_fold:start:before_install.3[0Ktravis_time:start:27dde58c[0K$ tar xzf /tmp/maven.tar.gz
travis_time:end:27dde58c:start=1594438145659996245,finish=1594438145758465405,duration=98469160,event=before_install[0Ktravis_fold:end:before_install.3[0Ktravis_fold:start:before_install.4[0Ktravis_time:start:071fa6f0[0K$ export M2_HOME=`pwd`/apache-maven-$MVN_VERSION
travis_time:end:071fa6f0:start=1594438145765970837,finish=1594438145773401092,duration=7430255,event=before_install[0Ktravis_fold:end:before_install.4[0Ktravis_fold:start:before_install.5[0Ktravis_time:start:008f3810[0K$ export PATH=$M2_HOME/bin:$PATH
travis_time:end:008f3810:start=1594438145781951437,finish=1594438145787771557,duration=5820120,event=before_install[0Ktravis_fold:end:before_install.5[0Ktravis_fold:start:before_install.6[0Ktravis_time:start:312c7a13[0K$ export MAVEN_SKIP_RC=true
travis_time:end:312c7a13:start=1594438145795970896,finish=1594438145801382552,duration=5411656,event=before_install[0Ktravis_fold:end:before_install.6[0Ktravis_fold:start:install.1[0Ktravis_time:start:1023d256[0K$ mvn -Dhttps.protocols=TLSv1.2 -Dhttps.protocols=TLSv1.2 -Dhttps.protocols=TLSv1.2 -Dhttps.protocols=TLSv1.2 -B -U clean verify org.apache.maven.plugins:maven-war-plugin:2.4:help -Dinvoker.skip=true -Dmaven.main.skip=true -Dmaven.plugin.skip=true -Dmaven.test.skip=true -PenableCoverage,travis
[INFO] Scanning for projects...
[WARNING] 
[WARNING] Some problems were encountered while building the effective model for de.is24.mavenplugins:deadcode4j-maven-plugin:maven-plugin:2.2.0-SNAPSHOT
[WARNING] 'dependencies.dependency.exclusions.exclusion.groupId' for org.hibernate:hibernate-annotations:jar with value '*' does not match a valid id pattern. @ line 1070, column 15
[WARNING] 'dependencies.dependency.exclusions.exclusion.artifactId' for org.hibernate:hibernate-annotations:jar with value '*' does not match a valid id pattern. @ line 1073, column 18
[WARNING] 'dependencies.dependency.exclusions.exclusion.groupId' for org.springframework.data:spring-data-commons:jar with value '*' does not match a valid id pattern. @ line 1094, column 15
[WARNING] 'dependencies.dependency.exclusions.exclusion.artifactId' for org.springframework.data:spring-data-commons:jar with value '*' does not match a valid id pattern. @ line 1097, column 18
[WARNING] 
[WARNING] It is highly recommended to fix these problems because they threaten the stability of your build.
[WARNING] 
[WARNING] For this reason, future Maven versions might no longer support building such malformed projects.
[WARNING] 
Downloading: http://repo.maven.apache.org/maven2/org/apache/maven/plugins/maven-war-plugin/2.4/maven-war-plugin-2.4.pom
[INFO] ------------------------------------------------------------------------
[INFO] BUILD FAILURE
[INFO] ------------------------------------------------------------------------
[INFO] Total time: 0.814s
[INFO] Finished at: Sat Jul 11 03:29:07 UTC 2020
[INFO] Final Memory: 22M/1963M
[INFO] ------------------------------------------------------------------------
[ERROR] Plugin org.apache.maven.plugins:maven-war-plugin:2.4 or one of its dependencies could not be resolved: Failed to read artifact descriptor for org.apache.maven.plugins:maven-war-plugin:jar:2.4: Could not transfer artifact org.apache.maven.plugins:maven-war-plugin:pom:2.4 from/to central (http://repo.maven.apache.org/maven2): Failed to transfer file: http://repo.maven.apache.org/maven2/org/apache/maven/plugins/maven-war-plugin/2.4/maven-war-plugin-2.4.pom. Return code is: 501 , ReasonPhrase:HTTPS Required. -> [Help 1]
[ERROR] 
[ERROR] To see the full stack trace of the errors, re-run Maven with the -e switch.
[ERROR] Re-run Maven using the -X switch to enable full debug logging.
[ERROR] 
[ERROR] For more information about the errors and possible solutions, please read the following articles:
[ERROR] [Help 1] http://cwiki.apache.org/confluence/display/MAVEN/PluginResolutionException
travis_time:end:1023d256:start=1594438145809751697,finish=1594438147722825683,duration=1913073986,event=install[0K[31;1mThe command "mvn -Dhttps.protocols=TLSv1.2 -Dhttps.protocols=TLSv1.2 -Dhttps.protocols=TLSv1.2 -Dhttps.protocols=TLSv1.2 -B -U clean verify org.apache.maven.plugins:maven-war-plugin:2.4:help -Dinvoker.skip=true -Dmaven.main.skip=true -Dmaven.plugin.skip=true -Dmaven.test.skip=true -PenableCoverage,travis" failed and exited with 1 during .[0m

Your build has been stopped.
