travis_time:start:07eab798[0Ktravis_time:end:07eab798:start=1594438015887746188,finish=1594438016023128475,duration=135382287,event=no_world_writable_dirs[0Ktravis_time:start:01785c74[0Ktravis_time:end:01785c74:start=1594438016029818553,finish=1594438016034403264,duration=4584711,event=check_unsupported[0Ktravis_time:start:167db7c0[0Ktravis_fold:start:system_info[0K[33;1mBuild system information[0m
Build language: java
Build group: stable
Build dist: precise
Build id: ''
Job id: ''
Runtime kernel version: 4.15.0-109-generic
[34m[1mBuild image provisioning date and time[0m
Thu Feb  5 15:09:33 UTC 2015
[34m[1mOperating System Details[0m
Distributor ID:	Ubuntu
Description:	Ubuntu 12.04.5 LTS
Release:	12.04
Codename:	precise
[34m[1mLinux Version[0m
3.13.0-29-generic
[34m[1mCookbooks Version[0m
a68419e https://github.com/travis-ci/travis-cookbooks/tree/a68419e
[34m[1mGCC version[0m
gcc (Ubuntu/Linaro 4.6.3-1ubuntu5) 4.6.3
Copyright (C) 2011 Free Software Foundation, Inc.
This is free software; see the source for copying conditions.  There is NO
warranty; not even for MERCHANTABILITY or FITNESS FOR A PARTICULAR PURPOSE.

[34m[1mLLVM version[0m
clang version 3.4 (tags/RELEASE_34/final)
Target: x86_64-unknown-linux-gnu
Thread model: posix
[34m[1mPre-installed Ruby versions[0m
ruby-1.9.3-p551
[34m[1mPre-installed Node.js versions[0m
v0.10.36
[34m[1mPre-installed Go versions[0m
1.4.1
[34m[1mRedis version[0m
redis-server 2.8.19
[34m[1mriak version[0m
2.0.2
[34m[1mMongoDB version[0m
MongoDB 2.4.12
[34m[1mCouchDB version[0m
couchdb 1.6.1
[34m[1mNeo4j version[0m
1.9.4
[34m[1mRabbitMQ Version[0m
3.4.3
[34m[1mElasticSearch version[0m
1.4.0
[34m[1mInstalled Sphinx versions[0m
2.0.10
2.1.9
2.2.6
[34m[1mDefault Sphinx version[0m
2.2.6
[34m[1mInstalled Firefox version[0m
firefox 31.0esr
[34m[1mPhantomJS version[0m
1.9.8
[34m[1mant -version[0m
Apache Ant(TM) version 1.8.2 compiled on December 3 2011
[34m[1mmvn -version[0m
Apache Maven 3.2.5 (12a6b3acb947671f09b81f49094c53f426d8cea1; 2014-12-14T17:29:23+00:00)
Maven home: /usr/local/maven
Java version: 1.7.0_76, vendor: Oracle Corporation
Java home: /usr/lib/jvm/java-7-oracle/jre
Default locale: en_US, platform encoding: ANSI_X3.4-1968
OS name: "linux", version: "3.13.0-29-generic", arch: "amd64", family: "unix"
travis_fold:end:system_info[0K
travis_time:end:167db7c0:start=1594438016040049255,finish=1594438016049057192,duration=9007937,event=show_system_info[0Ktravis_time:start:30b1c4ab[0Ktravis_time:end:30b1c4ab:start=1594438016054711290,finish=1594438016070890743,duration=16179453,event=rm_riak_source[0Ktravis_time:start:01d08748[0Ktravis_time:end:01d08748:start=1594438016075552701,finish=1594438016085070570,duration=9517869,event=fix_rwky_redis[0Ktravis_time:start:2a59ea6e[0K[31;1mTimeout waiting for network availability.[0m
travis_time:end:2a59ea6e:start=1594438016090648687,finish=1594438036800423863,duration=20709775176,event=wait_for_network[0Ktravis_time:start:1cc418ea[0Ktravis_time:end:1cc418ea:start=1594438036805587324,finish=1594438038072033637,duration=1266446313,event=update_apt_keys[0Ktravis_time:start:1f96a518[0Ktravis_time:end:1f96a518:start=1594438038078233641,finish=1594438038141366404,duration=63132763,event=fix_hhvm_source[0Ktravis_time:start:0926f723[0Ktravis_time:end:0926f723:start=1594438038148501987,finish=1594438038154366482,duration=5864495,event=update_mongo_arch[0Ktravis_time:start:06397662[0Ktravis_time:end:06397662:start=1594438038159541570,finish=1594438038204474186,duration=44932616,event=fix_sudo_enabled_trusty[0Ktravis_time:start:360a32e2[0Ktravis_time:end:360a32e2:start=1594438038211181937,finish=1594438038227552429,duration=16370492,event=clean_up_path[0Ktravis_time:start:02e88aa8[0Ktravis_time:end:02e88aa8:start=1594438038233882519,finish=1594438038249442295,duration=15559776,event=fix_resolv_conf[0Ktravis_time:start:1570b993[0Ktravis_time:end:1570b993:start=1594438038256041724,finish=1594438038273680105,duration=17638381,event=fix_etc_hosts[0Ktravis_time:start:0478fb78[0Ktravis_time:start:01660997[0Ktravis_time:end:01660997:start=1594438038310418355,finish=1594438038328136119,duration=17717764,event=no_ipv6_localhost[0Ktravis_time:start:23a035d8[0Ktravis_time:end:23a035d8:start=1594438038334397617,finish=1594438038358330645,duration=23933028,event=fix_etc_mavenrc[0Ktravis_time:start:2572d656[0Ktravis_time:end:2572d656:start=1594438038365969519,finish=1594438038373425398,duration=7455879,event=fix_wwdr_certificate[0Ktravis_time:start:127cf8c8[0Ktravis_time:end:127cf8c8:start=1594438038381064786,finish=1594438038424346298,duration=43281512,event=put_localhost_first[0Ktravis_time:start:2530b453[0Ktravis_time:end:2530b453:start=1594438038430185190,finish=1594438038434963448,duration=4778258,event=home_paths[0Ktravis_time:start:19995c1b[0Ktravis_time:end:19995c1b:start=1594438038442049943,finish=1594438038471282896,duration=29232953,event=disable_initramfs[0Ktravis_time:start:054dc6a2[0Ktravis_time:end:054dc6a2:start=1594438038478115619,finish=1594438038501361070,duration=23245451,event=disable_ssh_roaming[0Ktravis_time:start:2681e2ab[0Ktravis_time:end:2681e2ab:start=1594438038508229182,finish=1594438038513024609,duration=4795427,event=debug_tools[0Ktravis_time:start:0dd36b28[0Ktravis_time:end:0dd36b28:start=1594438038520196924,finish=1594438038527390352,duration=7193428,event=uninstall_oclint[0Ktravis_time:start:1c629c32[0Ktravis_time:end:1c629c32:start=1594438038534110042,finish=1594438038539856933,duration=5746891,event=rvm_use[0Ktravis_time:start:076c7c64[0Ktravis_time:end:076c7c64:start=1594438038546900511,finish=1594438038563716842,duration=16816331,event=rm_etc_boto_cfg[0Ktravis_time:start:29ed3c84[0Ktravis_time:end:29ed3c84:start=1594438038571052900,finish=1594438038576285000,duration=5232100,event=rm_oraclejdk8_symlink[0Ktravis_time:start:0d06b316[0Ktravis_time:end:0d06b316:start=1594438038583127035,finish=1594438038631596286,duration=48469251,event=enable_i386[0Ktravis_time:start:16b96a34[0Ktravis_time:end:16b96a34:start=1594438038639095759,finish=1594438038647235921,duration=8140162,event=update_rubygems[0Ktravis_time:start:01694296[0Ktravis_time:end:01694296:start=1594438038654375328,finish=1594438038663882401,duration=9507073,event=ensure_path_components[0Ktravis_time:start:008bb368[0Ktravis_time:end:008bb368:start=1594438038670326326,finish=1594438038675199923,duration=4873597,event=redefine_curl[0Ktravis_time:start:04ade054[0Ktravis_time:end:04ade054:start=1594438038681787599,finish=1594438038686332749,duration=4545150,event=nonblock_pipe[0Ktravis_time:start:02aaee48[0Ktravis_time:end:02aaee48:start=1594438038692500196,finish=1594438044032816508,duration=5340316312,event=apt_get_update[0Ktravis_time:start:17e70048[0Ktravis_time:end:17e70048:start=1594438044040270293,finish=1594438044045331054,duration=5060761,event=deprecate_xcode_64[0Ktravis_time:start:02d43463[0Ktravis_time:end:02d43463:start=1594438044052168050,finish=1594438044059601975,duration=7433925,event=update_heroku[0Ktravis_time:start:03eee2df[0Ktravis_time:end:03eee2df:start=1594438044066246425,finish=1594438044071106951,duration=4860526,event=shell_session_update[0Ktravis_time:start:1d950ecb[0Ktravis_fold:start:docker_mtu[0Ktravis_fold:end:docker_mtu[0Ktravis_time:end:1d950ecb:start=1594438044077259096,finish=1594438044115687263,duration=38428167,event=set_docker_mtu[0Ktravis_time:start:07e516a8[0Ktravis_time:end:07e516a8:start=1594438044122380450,finish=1594438044138558284,duration=16177834,event=resolvconf[0K
travis_fold:start:install_jdk[0K[33;1mInstalling openjdk6[0m
$ jdk_switcher use "openjdk6"
Switching to OpenJDK6 (java-1.6.0-openjdk-amd64), JAVA_HOME will be set to /usr/lib/jvm/java-6-openjdk-amd64
travis_fold:end:install_jdk[0Ktravis_time:start:237c2710[0Ktravis_time:end:237c2710:start=1594438044161717711,finish=1594438044166488405,duration=4770694,event=fix_ps4[0Ktravis_time:start:0d316010[0K
$ cd passed/Scout24/deadcode4j

travis_time:end:0d316010:start=1594438044172520136,finish=1594438044177797144,duration=5277008,event=checkout[0Ktravis_time:start:0291ab20[0K
[33;1mSetting environment variables from .travis.yml[0m
$ export MVN_VERSION=3.1.1

travis_time:end:0291ab20:start=1594438044184132342,finish=1594438044378447606,duration=194315264,event=env[0Ktravis_fold:start:cache.1[0KSetting up build cache
$ export CASHER_DIR=${TRAVIS_HOME}/.casher
travis_time:start:2bd9ae88[0K$ Installing caching utilities
travis_time:end:2bd9ae88:start=1594438051498473705,finish=1594438054575622550,duration=3077148845,event=setup_casher[0Ktravis_time:start:0199d328[0K$ Installing caching utilities from the Travis CI server (https:///files/casher) failed, failing over to using GitHub (https://raw.githubusercontent.com/travis-ci/casher/bash/bin/casher)
travis_time:end:0199d328:start=1594438054582346410,finish=1594438054657311545,duration=74965135,event=setup_casher[0Ktravis_time:start:2b35ebf8[0Ktravis_time:end:2b35ebf8:start=1594438054667328638,finish=1594438054672125686,duration=4797048,event=setup_casher[0Ktravis_time:start:00453f00[0Kattempting to download cache archive[0m
[31;1mcould not download cache[0m
travis_time:end:00453f00:start=1594438054678738416,finish=1594438056080719134,duration=1401980718,event=setup_casher[0Ktravis_time:start:0bf2b7c0[0Ktravis_time:end:0bf2b7c0:start=1594438056088570322,finish=1594438056094309695,duration=5739373,event=setup_casher[0Ktravis_time:start:14c9aef2[0Kadding /home/travis/.m2/repository to cache[0m
travis_time:end:14c9aef2:start=1594438056101543829,finish=1594438057504142435,duration=1402598606,event=setup_casher[0Ktravis_fold:end:cache.1[0K
$ java -Xmx32m -version
$ javac -J-Xmx32m -version
travis_fold:start:before_install.1[0Ktravis_time:start:0838ed4a[0K$ MVN_URL=https://archive.apache.org/dist/maven/maven-3/$MVN_VERSION/binaries/apache-maven-$MVN_VERSION-bin.tar.gz
travis_time:end:0838ed4a:start=1594438057769874494,finish=1594438057775781248,duration=5906754,event=before_install[0Ktravis_fold:end:before_install.1[0Ktravis_fold:start:before_install.2[0Ktravis_time:start:093b247b[0K$ wget -q -O /tmp/maven.tar.gz $MVN_URL
travis_time:end:093b247b:start=1594438057784842143,finish=1594438059907985352,duration=2123143209,event=before_install[0Ktravis_fold:end:before_install.2[0Ktravis_fold:start:before_install.3[0Ktravis_time:start:02e01f99[0K$ tar xzf /tmp/maven.tar.gz
travis_time:end:02e01f99:start=1594438059915750795,finish=1594438060001176467,duration=85425672,event=before_install[0Ktravis_fold:end:before_install.3[0Ktravis_fold:start:before_install.4[0Ktravis_time:start:14850de5[0K$ export M2_HOME=`pwd`/apache-maven-$MVN_VERSION
travis_time:end:14850de5:start=1594438060010301300,finish=1594438060017898345,duration=7597045,event=before_install[0Ktravis_fold:end:before_install.4[0Ktravis_fold:start:before_install.5[0Ktravis_time:start:08aac81e[0K$ export PATH=$M2_HOME/bin:$PATH
travis_time:end:08aac81e:start=1594438060025214983,finish=1594438060030482425,duration=5267442,event=before_install[0Ktravis_fold:end:before_install.5[0Ktravis_fold:start:before_install.6[0Ktravis_time:start:060761be[0K$ export MAVEN_SKIP_RC=true
travis_time:end:060761be:start=1594438060038377632,finish=1594438060043970095,duration=5592463,event=before_install[0Ktravis_fold:end:before_install.6[0Ktravis_fold:start:install.1[0Ktravis_time:start:0c096c60[0K$ mvn -Dhttps.protocols=TLSv1.2 -Dhttps.protocols=TLSv1.2 -Dhttps.protocols=TLSv1.2 -B -U clean verify org.apache.maven.plugins:maven-war-plugin:2.4:help -Dinvoker.skip=true -Dmaven.main.skip=true -Dmaven.plugin.skip=true -Dmaven.test.skip=true -PenableCoverage,travis
[INFO] Scanning for projects...
[WARNING] 
[WARNING] Some problems were encountered while building the effective model for de.is24.mavenplugins:deadcode4j-maven-plugin:maven-plugin:2.2.0-SNAPSHOT
[WARNING] 'dependencies.dependency.exclusions.exclusion.groupId' for org.hibernate:hibernate-annotations:jar with value '*' does not match a valid id pattern. @ line 1070, column 15
[WARNING] 'dependencies.dependency.exclusions.exclusion.artifactId' for org.hibernate:hibernate-annotations:jar with value '*' does not match a valid id pattern. @ line 1073, column 18
[WARNING] 'dependencies.dependency.exclusions.exclusion.groupId' for org.springframework.data:spring-data-commons:jar with value '*' does not match a valid id pattern. @ line 1094, column 15
[WARNING] 'dependencies.dependency.exclusions.exclusion.artifactId' for org.springframework.data:spring-data-commons:jar with value '*' does not match a valid id pattern. @ line 1097, column 18
[WARNING] 
[WARNING] It is highly recommended to fix these problems because they threaten the stability of your build.
[WARNING] 
[WARNING] For this reason, future Maven versions might no longer support building such malformed projects.
[WARNING] 
[INFO] Downloading: http://repo.maven.apache.org/maven2/org/apache/maven/plugins/maven-war-plugin/2.4/maven-war-plugin-2.4.pom
[INFO] ------------------------------------------------------------------------
[INFO] BUILD FAILURE
[INFO] ------------------------------------------------------------------------
[INFO] Total time: 0.473s
[INFO] Finished at: Sat Jul 11 03:27:41 UTC 2020
[INFO] Final Memory: 15M/1962M
[INFO] ------------------------------------------------------------------------
[ERROR] Plugin org.apache.maven.plugins:maven-war-plugin:2.4 or one of its dependencies could not be resolved: Failed to read artifact descriptor for org.apache.maven.plugins:maven-war-plugin:jar:2.4: Could not transfer artifact org.apache.maven.plugins:maven-war-plugin:pom:2.4 from/to central (http://repo.maven.apache.org/maven2): Failed to transfer file: http://repo.maven.apache.org/maven2/org/apache/maven/plugins/maven-war-plugin/2.4/maven-war-plugin-2.4.pom. Return code is: 501 , ReasonPhrase:HTTPS Required. -> [Help 1]
[ERROR] 
[ERROR] To see the full stack trace of the errors, re-run Maven with the -e switch.
[ERROR] Re-run Maven using the -X switch to enable full debug logging.
[ERROR] 
[ERROR] For more information about the errors and possible solutions, please read the following articles:
[ERROR] [Help 1] http://cwiki.apache.org/confluence/display/MAVEN/PluginResolutionException
travis_time:end:0c096c60:start=1594438060052398228,finish=1594438061601709957,duration=1549311729,event=install[0K[31;1mThe command "mvn -Dhttps.protocols=TLSv1.2 -Dhttps.protocols=TLSv1.2 -Dhttps.protocols=TLSv1.2 -B -U clean verify org.apache.maven.plugins:maven-war-plugin:2.4:help -Dinvoker.skip=true -Dmaven.main.skip=true -Dmaven.plugin.skip=true -Dmaven.test.skip=true -PenableCoverage,travis" failed and exited with 1 during .[0m

Your build has been stopped.
