travis_fold:start:system_info[0K[33;1mBuild system information[0m
Build language: java
Build group: stable
Build dist: precise
Build id: ''
Job id: ''
[34m[1mBuild image provisioning date and time[0m
Thu Feb  5 15:09:33 UTC 2015
[34m[1mOperating System Details[0m
Distributor ID:	Ubuntu
Description:	Ubuntu 12.04.5 LTS
Release:	12.04
Codename:	precise
[34m[1mLinux Version[0m
3.13.0-29-generic
[34m[1mCookbooks Version[0m
a68419e https://github.com/travis-ci/travis-cookbooks/tree/a68419e
[34m[1mGCC version[0m
gcc (Ubuntu/Linaro 4.6.3-1ubuntu5) 4.6.3
Copyright (C) 2011 Free Software Foundation, Inc.
This is free software; see the source for copying conditions.  There is NO
warranty; not even for MERCHANTABILITY or FITNESS FOR A PARTICULAR PURPOSE.

[34m[1mLLVM version[0m
clang version 3.4 (tags/RELEASE_34/final)
Target: x86_64-unknown-linux-gnu
Thread model: posix
[34m[1mPre-installed Ruby versions[0m
ruby-1.9.3-p551
[34m[1mPre-installed Node.js versions[0m
v0.10.36
[34m[1mPre-installed Go versions[0m
1.4.1
[34m[1mRedis version[0m
redis-server 2.8.19
[34m[1mriak version[0m
2.0.2
[34m[1mMongoDB version[0m
MongoDB 2.4.12
[34m[1mCouchDB version[0m
couchdb 1.6.1
[34m[1mNeo4j version[0m
1.9.4
[34m[1mRabbitMQ Version[0m
3.4.3
[34m[1mElasticSearch version[0m
1.4.0
[34m[1mInstalled Sphinx versions[0m
2.0.10
2.1.9
2.2.6
[34m[1mDefault Sphinx version[0m
2.2.6
[34m[1mInstalled Firefox version[0m
firefox 31.0esr
[34m[1mPhantomJS version[0m
1.9.8
[34m[1mant -version[0m
Apache Ant(TM) version 1.8.2 compiled on December 3 2011
[34m[1mmvn -version[0m
Apache Maven 3.2.5 (12a6b3acb947671f09b81f49094c53f426d8cea1; 2014-12-14T17:29:23+00:00)
Maven home: /usr/local/maven
Java version: 1.7.0_76, vendor: Oracle Corporation
Java home: /usr/lib/jvm/java-7-oracle/jre
Default locale: en_US, platform encoding: ANSI_X3.4-1968
OS name: "linux", version: "3.13.0-29-generic", arch: "amd64", family: "unix"
travis_fold:end:system_info[0K
W: GPG error: http://apt.postgresql.org precise-pgdg Release: The following signatures were invalid: KEYEXPIRED 1562078959
W: Failed to fetch http://ppa.launchpad.net/travis-ci/zero-mq/ubuntu/dists/precise/main/binary-amd64/Packages  403  Forbidden

W: Failed to fetch http://ppa.launchpad.net/travis-ci/zero-mq/ubuntu/dists/precise/main/binary-i386/Packages  403  Forbidden

W: Failed to fetch http://downloads-distro.mongodb.org/repo/debian-sysvinit/dists/dist/10gen/binary-amd64/Packages  Undetermined Error [IP: 54.175.147.155 80]

W: Failed to fetch http://downloads-distro.mongodb.org/repo/debian-sysvinit/dists/dist/10gen/binary-i386/Packages  Undetermined Error [IP: 54.175.147.155 80]

E: Some index files failed to download. They have been ignored, or old ones used instead.
$ jdk_switcher use oraclejdk8
Switching to Oracle JDK8 (java-8-oracle), JAVA_HOME will be set to /usr/lib/jvm/java-8-oracle
$ cd failed/Azure/azure-sdk-for-java
$ java -Xmx32m -version
$ javac -J-Xmx32m -version
travis_fold:start:install[0Ktravis_time:start:028849b8[0K$ mvn install -Dhttps.protocols=TLSv1.2 -DskipTests=true -Dmaven.javadoc.skip=true -B -V
Apache Maven 3.2.5 (12a6b3acb947671f09b81f49094c53f426d8cea1; 2014-12-14T17:29:23+00:00)
Maven home: /usr/local/maven
Java version: 1.8.0_31, vendor: Oracle Corporation
Java home: /usr/lib/jvm/java-8-oracle/jre
Default locale: en_US, platform encoding: UTF-8
OS name: "linux", version: "4.15.0-109-generic", arch: "amd64", family: "unix"
[INFO] Scanning for projects...
[WARNING] 
[WARNING] Some problems were encountered while building the effective model for com.microsoft.rest:client-runtime:jar:1.0.0-SNAPSHOT
[WARNING] 'build.plugins.plugin.version' for org.codehaus.mojo:build-helper-maven-plugin is missing. @ com.microsoft.rest:client-runtime:[unknown-version], /home/travis/build/failed/Azure/azure-sdk-for-java/runtimes/client-runtime/pom.xml, line 100, column 15
[WARNING] 
[WARNING] Some problems were encountered while building the effective model for com.microsoft.azure:azure-client-runtime:jar:1.0.0-SNAPSHOT
[WARNING] 'build.plugins.plugin.version' for org.codehaus.mojo:build-helper-maven-plugin is missing. @ com.microsoft.azure:azure-client-runtime:[unknown-version], /home/travis/build/failed/Azure/azure-sdk-for-java/runtimes/azure-client-runtime/pom.xml, line 76, column 15
[WARNING] The expression ${parent.version} is deprecated. Please use ${project.parent.version} instead.
[WARNING] 
[WARNING] Some problems were encountered while building the effective model for com.microsoft.azure:azure-client-authentication:jar:1.0.0-SNAPSHOT
[WARNING] 'build.plugins.plugin.version' for org.codehaus.mojo:build-helper-maven-plugin is missing. @ com.microsoft.azure:azure-client-authentication:[unknown-version], /home/travis/build/failed/Azure/azure-sdk-for-java/runtimes/azure-client-authentication/pom.xml, line 81, column 15
[WARNING] 
[WARNING] Some problems were encountered while building the effective model for com.microsoft.azure:azure:jar:1.0.0-SNAPSHOT
[WARNING] 'build.plugins.plugin.version' for org.apache.maven.plugins:maven-jar-plugin is missing. @ com.microsoft.azure:azure:[unknown-version], /home/travis/build/failed/Azure/azure-sdk-for-java/azure/pom.xml, line 99, column 15
[WARNING] 'build.plugins.plugin.version' for org.codehaus.mojo:build-helper-maven-plugin is missing. @ com.microsoft.azure:azure:[unknown-version], /home/travis/build/failed/Azure/azure-sdk-for-java/azure/pom.xml, line 126, column 15
[WARNING] 
[WARNING] Some problems were encountered while building the effective model for com.microsoft.azure:azure-batch:jar:1.0.0-SNAPSHOT
[WARNING] 'build.plugins.plugin.version' for org.apache.maven.plugins:maven-jar-plugin is missing. @ com.microsoft.azure:azure-batch:[unknown-version], /home/travis/build/failed/Azure/azure-sdk-for-java/azure-batch/pom.xml, line 73, column 15
[WARNING] 'build.plugins.plugin.version' for org.codehaus.mojo:build-helper-maven-plugin is missing. @ com.microsoft.azure:azure-batch:[unknown-version], /home/travis/build/failed/Azure/azure-sdk-for-java/azure-batch/pom.xml, line 100, column 15
[WARNING] 
[WARNING] Some problems were encountered while building the effective model for com.microsoft.azure:azure-mgmt-compute:jar:1.0.0-SNAPSHOT
[WARNING] 'build.plugins.plugin.version' for org.apache.maven.plugins:maven-jar-plugin is missing. @ com.microsoft.azure:azure-mgmt-compute:[unknown-version], /home/travis/build/failed/Azure/azure-sdk-for-java/azure-mgmt-compute/pom.xml, line 83, column 15
[WARNING] 'build.plugins.plugin.version' for org.codehaus.mojo:build-helper-maven-plugin is missing. @ com.microsoft.azure:azure-mgmt-compute:[unknown-version], /home/travis/build/failed/Azure/azure-sdk-for-java/azure-mgmt-compute/pom.xml, line 104, column 15
[WARNING] 
[WARNING] Some problems were encountered while building the effective model for com.microsoft.azure:azure-mgmt-resources:jar:1.0.0-SNAPSHOT
[WARNING] 'build.plugins.plugin.version' for org.apache.maven.plugins:maven-jar-plugin is missing. @ com.microsoft.azure:azure-mgmt-resources:[unknown-version], /home/travis/build/failed/Azure/azure-sdk-for-java/azure-mgmt-resources/pom.xml, line 68, column 15
[WARNING] 'build.plugins.plugin.version' for org.codehaus.mojo:build-helper-maven-plugin is missing. @ com.microsoft.azure:azure-mgmt-resources:[unknown-version], /home/travis/build/failed/Azure/azure-sdk-for-java/azure-mgmt-resources/pom.xml, line 89, column 15
[WARNING] 
[WARNING] Some problems were encountered while building the effective model for com.microsoft.azure:azure-mgmt-storage:jar:1.0.0-SNAPSHOT
[WARNING] 'build.plugins.plugin.version' for org.apache.maven.plugins:maven-jar-plugin is missing. @ com.microsoft.azure:azure-mgmt-storage:[unknown-version], /home/travis/build/failed/Azure/azure-sdk-for-java/azure-mgmt-storage/pom.xml, line 73, column 15
[WARNING] 'build.plugins.plugin.version' for org.codehaus.mojo:build-helper-maven-plugin is missing. @ com.microsoft.azure:azure-mgmt-storage:[unknown-version], /home/travis/build/failed/Azure/azure-sdk-for-java/azure-mgmt-storage/pom.xml, line 85, column 15
[WARNING] 
[WARNING] Some problems were encountered while building the effective model for com.microsoft.azure:azure-mgmt-network:jar:1.0.0-SNAPSHOT
[WARNING] 'build.plugins.plugin.version' for org.apache.maven.plugins:maven-jar-plugin is missing. @ com.microsoft.azure:azure-mgmt-network:[unknown-version], /home/travis/build/failed/Azure/azure-sdk-for-java/azure-mgmt-network/pom.xml, line 67, column 15
[WARNING] 'build.plugins.plugin.version' for org.codehaus.mojo:build-helper-maven-plugin is missing. @ com.microsoft.azure:azure-mgmt-network:[unknown-version], /home/travis/build/failed/Azure/azure-sdk-for-java/azure-mgmt-network/pom.xml, line 94, column 15
[WARNING] 
[WARNING] Some problems were encountered while building the effective model for com.microsoft.azure:azure-mgmt-website:jar:1.0.0-SNAPSHOT
[WARNING] 'build.plugins.plugin.version' for org.apache.maven.plugins:maven-jar-plugin is missing. @ com.microsoft.azure:azure-mgmt-website:[unknown-version], /home/travis/build/failed/Azure/azure-sdk-for-java/azure-mgmt-website/pom.xml, line 68, column 15
[WARNING] 'build.plugins.plugin.version' for org.codehaus.mojo:build-helper-maven-plugin is missing. @ com.microsoft.azure:azure-mgmt-website:[unknown-version], /home/travis/build/failed/Azure/azure-sdk-for-java/azure-mgmt-website/pom.xml, line 89, column 15
[WARNING] 
[WARNING] Some problems were encountered while building the effective model for com.microsoft.azure:azure-mgmt-datalake-analytics:jar:1.0.0-SNAPSHOT
[WARNING] 'build.plugins.plugin.version' for org.apache.maven.plugins:maven-jar-plugin is missing. @ com.microsoft.azure:azure-mgmt-datalake-analytics:[unknown-version], /home/travis/build/failed/Azure/azure-sdk-for-java/azure-mgmt-datalake-analytics/pom.xml, line 86, column 15
[WARNING] 'build.plugins.plugin.version' for org.codehaus.mojo:build-helper-maven-plugin is missing. @ com.microsoft.azure:azure-mgmt-datalake-analytics:[unknown-version], /home/travis/build/failed/Azure/azure-sdk-for-java/azure-mgmt-datalake-analytics/pom.xml, line 113, column 15
[WARNING] 
[WARNING] Some problems were encountered while building the effective model for com.microsoft.azure:azure-mgmt-datalake-store:jar:1.0.0-SNAPSHOT
[WARNING] 'build.plugins.plugin.version' for org.apache.maven.plugins:maven-jar-plugin is missing. @ com.microsoft.azure:azure-mgmt-datalake-store:[unknown-version], /home/travis/build/failed/Azure/azure-sdk-for-java/azure-mgmt-datalake-store/pom.xml, line 74, column 15
[WARNING] 'build.plugins.plugin.version' for org.codehaus.mojo:build-helper-maven-plugin is missing. @ com.microsoft.azure:azure-mgmt-datalake-store:[unknown-version], /home/travis/build/failed/Azure/azure-sdk-for-java/azure-mgmt-datalake-store/pom.xml, line 101, column 15
[WARNING] 
[WARNING] Some problems were encountered while building the effective model for com.microsoft.azure:azure-mgmt-datalake-store-uploader:jar:1.0.0-SNAPSHOT
[WARNING] 'build.plugins.plugin.version' for org.apache.maven.plugins:maven-jar-plugin is missing. @ com.microsoft.azure:azure-mgmt-datalake-store-uploader:[unknown-version], /home/travis/build/failed/Azure/azure-sdk-for-java/azure-mgmt-datalake-store-uploader/pom.xml, line 85, column 15
[WARNING] 'build.plugins.plugin.version' for org.codehaus.mojo:build-helper-maven-plugin is missing. @ com.microsoft.azure:azure-mgmt-datalake-store-uploader:[unknown-version], /home/travis/build/failed/Azure/azure-sdk-for-java/azure-mgmt-datalake-store-uploader/pom.xml, line 112, column 15
[WARNING] 
[WARNING] It is highly recommended to fix these problems because they threaten the stability of your build.
[WARNING] 
[WARNING] For this reason, future Maven versions might no longer support building such malformed projects.
[WARNING] 
[INFO] ------------------------------------------------------------------------
[INFO] Reactor Build Order:
[INFO] 
[INFO] AutoRest Client Runtimes for Java
[INFO] Build tools for AutoRest client runtime for Java
[INFO] Java Client Runtime for AutoRest
[INFO] Azure Java Client Runtime for AutoRest
[INFO] Azure Java Client Authentication Library for AutoRest
[INFO] Microsoft Azure SDK Parent
[INFO] Microsoft Azure SDK for Resource Management
[INFO] Microsoft Azure SDK for Storage Management
[INFO] Microsoft Azure SDK for Network Management
[INFO] Microsoft Azure SDK for Compute Management
[INFO] Microsoft Azure SDK
[INFO] Microsoft Azure SDK for Batch Service
[INFO] Microsoft Azure SDK for Website Management
[INFO] Microsoft Azure SDK for Data Lake Store Management
[INFO] Microsoft Azure SDK for Data Lake Analytics Management
[INFO] Microsoft Azure SDK for Data Lake Store Data Uploading
[INFO] Microsoft Azure SDK samples
[INFO]                                                                         
[INFO] ------------------------------------------------------------------------
[INFO] Building AutoRest Client Runtimes for Java 1.0.0-SNAPSHOT
[INFO] ------------------------------------------------------------------------
[INFO] Downloading: https://repo.maven.apache.org/maven2/org/apache/maven/plugins/maven-install-plugin/2.4/maven-install-plugin-2.4.pom
[INFO] Downloaded: https://repo.maven.apache.org/maven2/org/apache/maven/plugins/maven-install-plugin/2.4/maven-install-plugin-2.4.pom (7 KB at 14.4 KB/sec)
[INFO] Downloading: https://repo.maven.apache.org/maven2/org/apache/maven/plugins/maven-plugins/23/maven-plugins-23.pom
[INFO] Downloaded: https://repo.maven.apache.org/maven2/org/apache/maven/plugins/maven-plugins/23/maven-plugins-23.pom (9 KB at 272.2 KB/sec)
[INFO] Downloading: https://repo.maven.apache.org/maven2/org/apache/maven/maven-parent/22/maven-parent-22.pom
[INFO] Downloaded: https://repo.maven.apache.org/maven2/org/apache/maven/maven-parent/22/maven-parent-22.pom (30 KB at 937.0 KB/sec)
[INFO] Downloading: https://repo.maven.apache.org/maven2/org/apache/apache/11/apache-11.pom
[INFO] Downloaded: https://repo.maven.apache.org/maven2/org/apache/apache/11/apache-11.pom (15 KB at 578.6 KB/sec)
[INFO] Downloading: https://repo.maven.apache.org/maven2/org/apache/maven/plugins/maven-install-plugin/2.4/maven-install-plugin-2.4.jar
[INFO] Downloaded: https://repo.maven.apache.org/maven2/org/apache/maven/plugins/maven-install-plugin/2.4/maven-install-plugin-2.4.jar (27 KB at 302.5 KB/sec)
[INFO] 
[INFO] --- maven-install-plugin:2.4:install (default-install) @ autorest-clientruntime-for-java ---
[INFO] Downloading: https://repo.maven.apache.org/maven2/org/apache/maven/maven-plugin-api/2.0.6/maven-plugin-api-2.0.6.pom
[INFO] Downloaded: https://repo.maven.apache.org/maven2/org/apache/maven/maven-plugin-api/2.0.6/maven-plugin-api-2.0.6.pom (2 KB at 78.9 KB/sec)
[INFO] Downloading: https://repo.maven.apache.org/maven2/org/apache/maven/maven/2.0.6/maven-2.0.6.pom
[INFO] Downloaded: https://repo.maven.apache.org/maven2/org/apache/maven/maven/2.0.6/maven-2.0.6.pom (9 KB at 252.4 KB/sec)
[INFO] Downloading: https://repo.maven.apache.org/maven2/org/apache/maven/maven-parent/5/maven-parent-5.pom
[INFO] Downloaded: https://repo.maven.apache.org/maven2/org/apache/maven/maven-parent/5/maven-parent-5.pom (15 KB at 620.0 KB/sec)
[INFO] Downloading: https://repo.maven.apache.org/maven2/org/apache/apache/3/apache-3.pom
[INFO] Downloaded: https://repo.maven.apache.org/maven2/org/apache/apache/3/apache-3.pom (4 KB at 115.5 KB/sec)
[INFO] Downloading: https://repo.maven.apache.org/maven2/org/apache/maven/maven-project/2.0.6/maven-project-2.0.6.pom
[INFO] Downloaded: https://repo.maven.apache.org/maven2/org/apache/maven/maven-project/2.0.6/maven-project-2.0.6.pom (3 KB at 143.1 KB/sec)
[INFO] Downloading: https://repo.maven.apache.org/maven2/org/apache/maven/maven-settings/2.0.6/maven-settings-2.0.6.pom
[INFO] Downloaded: https://repo.maven.apache.org/maven2/org/apache/maven/maven-settings/2.0.6/maven-settings-2.0.6.pom (2 KB at 97.7 KB/sec)
[INFO] Downloading: https://repo.maven.apache.org/maven2/org/apache/maven/maven-model/2.0.6/maven-model-2.0.6.pom
[INFO] Downloaded: https://repo.maven.apache.org/maven2/org/apache/maven/maven-model/2.0.6/maven-model-2.0.6.pom (3 KB at 175.0 KB/sec)
[INFO] Downloading: https://repo.maven.apache.org/maven2/org/codehaus/plexus/plexus-utils/1.4.1/plexus-utils-1.4.1.pom
[INFO] Downloaded: https://repo.maven.apache.org/maven2/org/codehaus/plexus/plexus-utils/1.4.1/plexus-utils-1.4.1.pom (2 KB at 84.7 KB/sec)
[INFO] Downloading: https://repo.maven.apache.org/maven2/org/codehaus/plexus/plexus/1.0.11/plexus-1.0.11.pom
[INFO] Downloaded: https://repo.maven.apache.org/maven2/org/codehaus/plexus/plexus/1.0.11/plexus-1.0.11.pom (9 KB at 312.8 KB/sec)
[INFO] Downloading: https://repo.maven.apache.org/maven2/org/codehaus/plexus/plexus-container-default/1.0-alpha-9-stable-1/plexus-container-default-1.0-alpha-9-stable-1.pom
[INFO] Downloaded: https://repo.maven.apache.org/maven2/org/codehaus/plexus/plexus-container-default/1.0-alpha-9-stable-1/plexus-container-default-1.0-alpha-9-stable-1.pom (4 KB at 241.0 KB/sec)
[INFO] Downloading: https://repo.maven.apache.org/maven2/org/codehaus/plexus/plexus-containers/1.0.3/plexus-containers-1.0.3.pom
[INFO] Downloaded: https://repo.maven.apache.org/maven2/org/codehaus/plexus/plexus-containers/1.0.3/plexus-containers-1.0.3.pom (492 B at 30.0 KB/sec)
[INFO] Downloading: https://repo.maven.apache.org/maven2/org/codehaus/plexus/plexus/1.0.4/plexus-1.0.4.pom
[INFO] Downloaded: https://repo.maven.apache.org/maven2/org/codehaus/plexus/plexus/1.0.4/plexus-1.0.4.pom (6 KB at 294.9 KB/sec)
[INFO] Downloading: https://repo.maven.apache.org/maven2/junit/junit/3.8.1/junit-3.8.1.pom
[INFO] Downloaded: https://repo.maven.apache.org/maven2/junit/junit/3.8.1/junit-3.8.1.pom (998 B at 60.9 KB/sec)
[INFO] Downloading: https://repo.maven.apache.org/maven2/org/codehaus/plexus/plexus-utils/1.0.4/plexus-utils-1.0.4.pom
[INFO] Downloaded: https://repo.maven.apache.org/maven2/org/codehaus/plexus/plexus-utils/1.0.4/plexus-utils-1.0.4.pom (7 KB at 352.4 KB/sec)
[INFO] Downloading: https://repo.maven.apache.org/maven2/classworlds/classworlds/1.1-alpha-2/classworlds-1.1-alpha-2.pom
[INFO] Downloaded: https://repo.maven.apache.org/maven2/classworlds/classworlds/1.1-alpha-2/classworlds-1.1-alpha-2.pom (4 KB at 169.7 KB/sec)
[INFO] Downloading: https://repo.maven.apache.org/maven2/org/apache/maven/maven-profile/2.0.6/maven-profile-2.0.6.pom
[INFO] Downloaded: https://repo.maven.apache.org/maven2/org/apache/maven/maven-profile/2.0.6/maven-profile-2.0.6.pom (2 KB at 84.1 KB/sec)
[INFO] Downloading: https://repo.maven.apache.org/maven2/org/apache/maven/maven-artifact-manager/2.0.6/maven-artifact-manager-2.0.6.pom
[INFO] Downloaded: https://repo.maven.apache.org/maven2/org/apache/maven/maven-artifact-manager/2.0.6/maven-artifact-manager-2.0.6.pom (3 KB at 88.3 KB/sec)
[INFO] Downloading: https://repo.maven.apache.org/maven2/org/apache/maven/maven-repository-metadata/2.0.6/maven-repository-metadata-2.0.6.pom
[INFO] Downloaded: https://repo.maven.apache.org/maven2/org/apache/maven/maven-repository-metadata/2.0.6/maven-repository-metadata-2.0.6.pom (2 KB at 100.4 KB/sec)
[INFO] Downloading: https://repo.maven.apache.org/maven2/org/apache/maven/maven-artifact/2.0.6/maven-artifact-2.0.6.pom
[INFO] Downloaded: https://repo.maven.apache.org/maven2/org/apache/maven/maven-artifact/2.0.6/maven-artifact-2.0.6.pom (2 KB at 85.6 KB/sec)
[INFO] Downloading: https://repo.maven.apache.org/maven2/org/apache/maven/maven-plugin-registry/2.0.6/maven-plugin-registry-2.0.6.pom
[INFO] Downloaded: https://repo.maven.apache.org/maven2/org/apache/maven/maven-plugin-registry/2.0.6/maven-plugin-registry-2.0.6.pom (2 KB at 90.5 KB/sec)
[INFO] Downloading: https://repo.maven.apache.org/maven2/org/codehaus/plexus/plexus-utils/3.0.5/plexus-utils-3.0.5.pom
[INFO] Downloaded: https://repo.maven.apache.org/maven2/org/codehaus/plexus/plexus-utils/3.0.5/plexus-utils-3.0.5.pom (3 KB at 122.7 KB/sec)
[INFO] Downloading: https://repo.maven.apache.org/maven2/org/codehaus/plexus/plexus/3.1/plexus-3.1.pom
[INFO] Downloaded: https://repo.maven.apache.org/maven2/org/codehaus/plexus/plexus/3.1/plexus-3.1.pom (19 KB at 626.9 KB/sec)
[INFO] Downloading: https://repo.maven.apache.org/maven2/org/sonatype/spice/spice-parent/17/spice-parent-17.pom
[INFO] Downloaded: https://repo.maven.apache.org/maven2/org/sonatype/spice/spice-parent/17/spice-parent-17.pom (7 KB at 287.0 KB/sec)
[INFO] Downloading: https://repo.maven.apache.org/maven2/org/sonatype/forge/forge-parent/10/forge-parent-10.pom
[INFO] Downloaded: https://repo.maven.apache.org/maven2/org/sonatype/forge/forge-parent/10/forge-parent-10.pom (14 KB at 529.7 KB/sec)
[INFO] Downloading: https://repo.maven.apache.org/maven2/org/codehaus/plexus/plexus-digest/1.0/plexus-digest-1.0.pom
[INFO] Downloaded: https://repo.maven.apache.org/maven2/org/codehaus/plexus/plexus-digest/1.0/plexus-digest-1.0.pom (2 KB at 54.4 KB/sec)
[INFO] Downloading: https://repo.maven.apache.org/maven2/org/codehaus/plexus/plexus-components/1.1.7/plexus-components-1.1.7.pom
[INFO] Downloaded: https://repo.maven.apache.org/maven2/org/codehaus/plexus/plexus-components/1.1.7/plexus-components-1.1.7.pom (5 KB at 220.8 KB/sec)
[INFO] Downloading: https://repo.maven.apache.org/maven2/org/codehaus/plexus/plexus/1.0.8/plexus-1.0.8.pom
[INFO] Downloaded: https://repo.maven.apache.org/maven2/org/codehaus/plexus/plexus/1.0.8/plexus-1.0.8.pom (8 KB at 336.2 KB/sec)
[INFO] Downloading: https://repo.maven.apache.org/maven2/org/codehaus/plexus/plexus-container-default/1.0-alpha-8/plexus-container-default-1.0-alpha-8.pom
[INFO] Downloaded: https://repo.maven.apache.org/maven2/org/codehaus/plexus/plexus-container-default/1.0-alpha-8/plexus-container-default-1.0-alpha-8.pom (8 KB at 337.8 KB/sec)
[INFO] Downloading: https://repo.maven.apache.org/maven2/junit/junit/3.8.1/junit-3.8.1.jar
[INFO] Downloading: https://repo.maven.apache.org/maven2/org/codehaus/plexus/plexus-utils/3.0.5/plexus-utils-3.0.5.jar
[INFO] Downloading: https://repo.maven.apache.org/maven2/org/codehaus/plexus/plexus-digest/1.0/plexus-digest-1.0.jar
[INFO] Downloaded: https://repo.maven.apache.org/maven2/org/codehaus/plexus/plexus-digest/1.0/plexus-digest-1.0.jar (12 KB at 263.2 KB/sec)
[INFO] Downloaded: https://repo.maven.apache.org/maven2/junit/junit/3.8.1/junit-3.8.1.jar (119 KB at 1738.7 KB/sec)
[INFO] Downloaded: https://repo.maven.apache.org/maven2/org/codehaus/plexus/plexus-utils/3.0.5/plexus-utils-3.0.5.jar (226 KB at 1480.6 KB/sec)
[INFO] Installing /home/travis/build/failed/Azure/azure-sdk-for-java/runtimes/pom.xml to /home/travis/.m2/repository/com/microsoft/azure/autorest-clientruntime-for-java/1.0.0-SNAPSHOT/autorest-clientruntime-for-java-1.0.0-SNAPSHOT.pom
[INFO]                                                                         
[INFO] ------------------------------------------------------------------------
[INFO] Building Build tools for AutoRest client runtime for Java 1.0.0-SNAPSHOT
[INFO] ------------------------------------------------------------------------
[INFO] Downloading: https://repo.maven.apache.org/maven2/org/apache/maven/plugins/maven-resources-plugin/2.4.3/maven-resources-plugin-2.4.3.pom
[INFO] Downloaded: https://repo.maven.apache.org/maven2/org/apache/maven/plugins/maven-resources-plugin/2.4.3/maven-resources-plugin-2.4.3.pom (6 KB at 290.6 KB/sec)
[INFO] Downloading: https://repo.maven.apache.org/maven2/org/apache/maven/plugins/maven-plugins/18/maven-plugins-18.pom
[INFO] Downloaded: https://repo.maven.apache.org/maven2/org/apache/maven/plugins/maven-plugins/18/maven-plugins-18.pom (13 KB at 507.9 KB/sec)
[INFO] Downloading: https://repo.maven.apache.org/maven2/org/apache/maven/maven-parent/16/maven-parent-16.pom
[INFO] Downloaded: https://repo.maven.apache.org/maven2/org/apache/maven/maven-parent/16/maven-parent-16.pom (23 KB at 783.7 KB/sec)
[INFO] Downloading: https://repo.maven.apache.org/maven2/org/apache/apache/7/apache-7.pom
[INFO] Downloaded: https://repo.maven.apache.org/maven2/org/apache/apache/7/apache-7.pom (15 KB at 671.0 KB/sec)
[INFO] Downloading: https://repo.maven.apache.org/maven2/org/apache/maven/plugins/maven-resources-plugin/2.4.3/maven-resources-plugin-2.4.3.jar
[INFO] Downloaded: https://repo.maven.apache.org/maven2/org/apache/maven/plugins/maven-resources-plugin/2.4.3/maven-resources-plugin-2.4.3.jar (24 KB at 596.3 KB/sec)
[INFO] Downloading: https://repo.maven.apache.org/maven2/org/apache/maven/plugins/maven-compiler-plugin/3.1/maven-compiler-plugin-3.1.pom
[INFO] Downloaded: https://repo.maven.apache.org/maven2/org/apache/maven/plugins/maven-compiler-plugin/3.1/maven-compiler-plugin-3.1.pom (10 KB at 415.4 KB/sec)
[INFO] Downloading: https://repo.maven.apache.org/maven2/org/apache/maven/plugins/maven-plugins/24/maven-plugins-24.pom
[INFO] Downloaded: https://repo.maven.apache.org/maven2/org/apache/maven/plugins/maven-plugins/24/maven-plugins-24.pom (11 KB at 439.7 KB/sec)
[INFO] Downloading: https://repo.maven.apache.org/maven2/org/apache/maven/maven-parent/23/maven-parent-23.pom
[INFO] Downloaded: https://repo.maven.apache.org/maven2/org/apache/maven/maven-parent/23/maven-parent-23.pom (32 KB at 1097.3 KB/sec)
[INFO] Downloading: https://repo.maven.apache.org/maven2/org/apache/apache/13/apache-13.pom
[INFO] Downloaded: https://repo.maven.apache.org/maven2/org/apache/apache/13/apache-13.pom (14 KB at 649.8 KB/sec)
[INFO] Downloading: https://repo.maven.apache.org/maven2/org/apache/maven/plugins/maven-compiler-plugin/3.1/maven-compiler-plugin-3.1.jar
[INFO] Downloaded: https://repo.maven.apache.org/maven2/org/apache/maven/plugins/maven-compiler-plugin/3.1/maven-compiler-plugin-3.1.jar (42 KB at 998.6 KB/sec)
[INFO] Downloading: https://repo.maven.apache.org/maven2/org/apache/maven/plugins/maven-surefire-plugin/2.18.1/maven-surefire-plugin-2.18.1.pom
[INFO] Downloaded: https://repo.maven.apache.org/maven2/org/apache/maven/plugins/maven-surefire-plugin/2.18.1/maven-surefire-plugin-2.18.1.pom (6 KB at 325.1 KB/sec)
[INFO] Downloading: https://repo.maven.apache.org/maven2/org/apache/maven/surefire/surefire/2.18.1/surefire-2.18.1.pom
[INFO] Downloaded: https://repo.maven.apache.org/maven2/org/apache/maven/surefire/surefire/2.18.1/surefire-2.18.1.pom (17 KB at 655.5 KB/sec)
[INFO] Downloading: https://repo.maven.apache.org/maven2/org/apache/maven/maven-parent/26/maven-parent-26.pom
[INFO] Downloaded: https://repo.maven.apache.org/maven2/org/apache/maven/maven-parent/26/maven-parent-26.pom (39 KB at 1214.1 KB/sec)
[INFO] Downloading: https://repo.maven.apache.org/maven2/org/apache/apache/16/apache-16.pom
[INFO] Downloaded: https://repo.maven.apache.org/maven2/org/apache/apache/16/apache-16.pom (16 KB at 485.0 KB/sec)
[INFO] Downloading: https://repo.maven.apache.org/maven2/org/apache/maven/plugins/maven-surefire-plugin/2.18.1/maven-surefire-plugin-2.18.1.jar
[INFO] Downloaded: https://repo.maven.apache.org/maven2/org/apache/maven/plugins/maven-surefire-plugin/2.18.1/maven-surefire-plugin-2.18.1.jar (37 KB at 785.8 KB/sec)
[INFO] Downloading: https://repo.maven.apache.org/maven2/org/apache/maven/plugins/maven-jar-plugin/2.4/maven-jar-plugin-2.4.pom
[INFO] Downloaded: https://repo.maven.apache.org/maven2/org/apache/maven/plugins/maven-jar-plugin/2.4/maven-jar-plugin-2.4.pom (6 KB at 271.3 KB/sec)
[INFO] Downloading: https://repo.maven.apache.org/maven2/org/apache/maven/plugins/maven-plugins/22/maven-plugins-22.pom
[INFO] Downloaded: https://repo.maven.apache.org/maven2/org/apache/maven/plugins/maven-plugins/22/maven-plugins-22.pom (13 KB at 509.3 KB/sec)
[INFO] Downloading: https://repo.maven.apache.org/maven2/org/apache/maven/maven-parent/21/maven-parent-21.pom
[INFO] Downloaded: https://repo.maven.apache.org/maven2/org/apache/maven/maven-parent/21/maven-parent-21.pom (26 KB at 887.6 KB/sec)
[INFO] Downloading: https://repo.maven.apache.org/maven2/org/apache/apache/10/apache-10.pom
[INFO] Downloaded: https://repo.maven.apache.org/maven2/org/apache/apache/10/apache-10.pom (15 KB at 628.4 KB/sec)
[INFO] Downloading: https://repo.maven.apache.org/maven2/org/apache/maven/plugins/maven-jar-plugin/2.4/maven-jar-plugin-2.4.jar
[INFO] Downloaded: https://repo.maven.apache.org/maven2/org/apache/maven/plugins/maven-jar-plugin/2.4/maven-jar-plugin-2.4.jar (34 KB at 1006.8 KB/sec)
[INFO] 
[INFO] --- maven-resources-plugin:2.4.3:resources (default-resources) @ autorest-build-tools ---
[INFO] Downloading: https://repo.maven.apache.org/maven2/org/apache/maven/maven-core/2.0.6/maven-core-2.0.6.pom
[INFO] Downloaded: https://repo.maven.apache.org/maven2/org/apache/maven/maven-core/2.0.6/maven-core-2.0.6.pom (7 KB at 409.6 KB/sec)
[INFO] Downloading: https://repo.maven.apache.org/maven2/org/apache/maven/maven-plugin-parameter-documenter/2.0.6/maven-plugin-parameter-documenter-2.0.6.pom
[INFO] Downloaded: https://repo.maven.apache.org/maven2/org/apache/maven/maven-plugin-parameter-documenter/2.0.6/maven-plugin-parameter-documenter-2.0.6.pom (2 KB at 109.8 KB/sec)
[INFO] Downloading: https://repo.maven.apache.org/maven2/org/apache/maven/reporting/maven-reporting-api/2.0.6/maven-reporting-api-2.0.6.pom
[INFO] Downloaded: https://repo.maven.apache.org/maven2/org/apache/maven/reporting/maven-reporting-api/2.0.6/maven-reporting-api-2.0.6.pom (2 KB at 74.4 KB/sec)
[INFO] Downloading: https://repo.maven.apache.org/maven2/org/apache/maven/reporting/maven-reporting/2.0.6/maven-reporting-2.0.6.pom
[INFO] Downloaded: https://repo.maven.apache.org/maven2/org/apache/maven/reporting/maven-reporting/2.0.6/maven-reporting-2.0.6.pom (2 KB at 93.7 KB/sec)
[INFO] Downloading: https://repo.maven.apache.org/maven2/org/apache/maven/doxia/doxia-sink-api/1.0-alpha-7/doxia-sink-api-1.0-alpha-7.pom
[INFO] Downloaded: https://repo.maven.apache.org/maven2/org/apache/maven/doxia/doxia-sink-api/1.0-alpha-7/doxia-sink-api-1.0-alpha-7.pom (424 B at 25.9 KB/sec)
[INFO] Downloading: https://repo.maven.apache.org/maven2/org/apache/maven/doxia/doxia/1.0-alpha-7/doxia-1.0-alpha-7.pom
[INFO] Downloaded: https://repo.maven.apache.org/maven2/org/apache/maven/doxia/doxia/1.0-alpha-7/doxia-1.0-alpha-7.pom (4 KB at 224.8 KB/sec)
[INFO] Downloading: https://repo.maven.apache.org/maven2/org/apache/maven/maven-error-diagnostics/2.0.6/maven-error-diagnostics-2.0.6.pom
[INFO] Downloaded: https://repo.maven.apache.org/maven2/org/apache/maven/maven-error-diagnostics/2.0.6/maven-error-diagnostics-2.0.6.pom (2 KB at 104.0 KB/sec)
[INFO] Downloading: https://repo.maven.apache.org/maven2/commons-cli/commons-cli/1.0/commons-cli-1.0.pom
[INFO] Downloaded: https://repo.maven.apache.org/maven2/commons-cli/commons-cli/1.0/commons-cli-1.0.pom (3 KB at 102.8 KB/sec)
[INFO] Downloading: https://repo.maven.apache.org/maven2/org/apache/maven/maven-plugin-descriptor/2.0.6/maven-plugin-descriptor-2.0.6.pom
[INFO] Downloaded: https://repo.maven.apache.org/maven2/org/apache/maven/maven-plugin-descriptor/2.0.6/maven-plugin-descriptor-2.0.6.pom (2 KB at 115.9 KB/sec)
[INFO] Downloading: https://repo.maven.apache.org/maven2/org/codehaus/plexus/plexus-interactivity-api/1.0-alpha-4/plexus-interactivity-api-1.0-alpha-4.pom
[INFO] Downloaded: https://repo.maven.apache.org/maven2/org/codehaus/plexus/plexus-interactivity-api/1.0-alpha-4/plexus-interactivity-api-1.0-alpha-4.pom (7 KB at 384.7 KB/sec)
[INFO] Downloading: https://repo.maven.apache.org/maven2/org/apache/maven/maven-monitor/2.0.6/maven-monitor-2.0.6.pom
[INFO] Downloaded: https://repo.maven.apache.org/maven2/org/apache/maven/maven-monitor/2.0.6/maven-monitor-2.0.6.pom (2 KB at 81.6 KB/sec)
[INFO] Downloading: https://repo.maven.apache.org/maven2/classworlds/classworlds/1.1/classworlds-1.1.pom
[INFO] Downloaded: https://repo.maven.apache.org/maven2/classworlds/classworlds/1.1/classworlds-1.1.pom (4 KB at 202.9 KB/sec)
[INFO] Downloading: https://repo.maven.apache.org/maven2/org/codehaus/plexus/plexus-utils/2.0.5/plexus-utils-2.0.5.pom
[INFO] Downloaded: https://repo.maven.apache.org/maven2/org/codehaus/plexus/plexus-utils/2.0.5/plexus-utils-2.0.5.pom (4 KB at 180.9 KB/sec)
[INFO] Downloading: https://repo.maven.apache.org/maven2/org/codehaus/plexus/plexus/2.0.6/plexus-2.0.6.pom
[INFO] Downloaded: https://repo.maven.apache.org/maven2/org/codehaus/plexus/plexus/2.0.6/plexus-2.0.6.pom (17 KB at 682.1 KB/sec)
[INFO] Downloading: https://repo.maven.apache.org/maven2/org/apache/maven/shared/maven-filtering/1.0-beta-4/maven-filtering-1.0-beta-4.pom
[INFO] Downloaded: https://repo.maven.apache.org/maven2/org/apache/maven/shared/maven-filtering/1.0-beta-4/maven-filtering-1.0-beta-4.pom (5 KB at 239.1 KB/sec)
[INFO] Downloading: https://repo.maven.apache.org/maven2/org/apache/maven/shared/maven-shared-components/15/maven-shared-components-15.pom
[INFO] Downloaded: https://repo.maven.apache.org/maven2/org/apache/maven/shared/maven-shared-components/15/maven-shared-components-15.pom (10 KB at 479.9 KB/sec)
[INFO] Downloading: https://repo.maven.apache.org/maven2/org/codehaus/plexus/plexus-utils/1.5.15/plexus-utils-1.5.15.pom
[INFO] Downloaded: https://repo.maven.apache.org/maven2/org/codehaus/plexus/plexus-utils/1.5.15/plexus-utils-1.5.15.pom (7 KB at 290.8 KB/sec)
[INFO] Downloading: https://repo.maven.apache.org/maven2/org/codehaus/plexus/plexus/2.0.2/plexus-2.0.2.pom
[INFO] Downloaded: https://repo.maven.apache.org/maven2/org/codehaus/plexus/plexus/2.0.2/plexus-2.0.2.pom (12 KB at 472.4 KB/sec)
[INFO] Downloading: https://repo.maven.apache.org/maven2/org/codehaus/plexus/plexus-interpolation/1.12/plexus-interpolation-1.12.pom
[INFO] Downloaded: https://repo.maven.apache.org/maven2/org/codehaus/plexus/plexus-interpolation/1.12/plexus-interpolation-1.12.pom (889 B at 57.9 KB/sec)
[INFO] Downloading: https://repo.maven.apache.org/maven2/org/codehaus/plexus/plexus-components/1.1.14/plexus-components-1.1.14.pom
[INFO] Downloaded: https://repo.maven.apache.org/maven2/org/codehaus/plexus/plexus-components/1.1.14/plexus-components-1.1.14.pom (6 KB at 316.9 KB/sec)
[INFO] Downloading: https://repo.maven.apache.org/maven2/org/sonatype/plexus/plexus-build-api/0.0.4/plexus-build-api-0.0.4.pom
[INFO] Downloaded: https://repo.maven.apache.org/maven2/org/sonatype/plexus/plexus-build-api/0.0.4/plexus-build-api-0.0.4.pom (3 KB at 174.7 KB/sec)
[INFO] Downloading: https://repo.maven.apache.org/maven2/org/sonatype/spice/spice-parent/10/spice-parent-10.pom
[INFO] Downloaded: https://repo.maven.apache.org/maven2/org/sonatype/spice/spice-parent/10/spice-parent-10.pom (3 KB at 196.3 KB/sec)
[INFO] Downloading: https://repo.maven.apache.org/maven2/org/sonatype/forge/forge-parent/3/forge-parent-3.pom
[INFO] Downloaded: https://repo.maven.apache.org/maven2/org/sonatype/forge/forge-parent/3/forge-parent-3.pom (5 KB at 258.7 KB/sec)
[INFO] Downloading: https://repo.maven.apache.org/maven2/org/codehaus/plexus/plexus-utils/1.5.8/plexus-utils-1.5.8.pom
[INFO] Downloaded: https://repo.maven.apache.org/maven2/org/codehaus/plexus/plexus-utils/1.5.8/plexus-utils-1.5.8.pom (8 KB at 357.9 KB/sec)
[INFO] Downloading: https://repo.maven.apache.org/maven2/org/codehaus/plexus/plexus-interpolation/1.13/plexus-interpolation-1.13.pom
[INFO] Downloaded: https://repo.maven.apache.org/maven2/org/codehaus/plexus/plexus-interpolation/1.13/plexus-interpolation-1.13.pom (890 B at 54.3 KB/sec)
[INFO] Downloading: https://repo.maven.apache.org/maven2/org/codehaus/plexus/plexus-components/1.1.15/plexus-components-1.1.15.pom
[INFO] Downloaded: https://repo.maven.apache.org/maven2/org/codehaus/plexus/plexus-components/1.1.15/plexus-components-1.1.15.pom (3 KB at 185.4 KB/sec)
[INFO] Downloading: https://repo.maven.apache.org/maven2/org/codehaus/plexus/plexus/2.0.3/plexus-2.0.3.pom
[INFO] Downloaded: https://repo.maven.apache.org/maven2/org/codehaus/plexus/plexus/2.0.3/plexus-2.0.3.pom (16 KB at 656.5 KB/sec)
[INFO] Downloading: https://repo.maven.apache.org/maven2/org/apache/maven/reporting/maven-reporting-api/2.0.6/maven-reporting-api-2.0.6.jar
[INFO] Downloading: https://repo.maven.apache.org/maven2/org/apache/maven/doxia/doxia-sink-api/1.0-alpha-7/doxia-sink-api-1.0-alpha-7.jar
[INFO] Downloading: https://repo.maven.apache.org/maven2/commons-cli/commons-cli/1.0/commons-cli-1.0.jar
[INFO] Downloading: https://repo.maven.apache.org/maven2/org/codehaus/plexus/plexus-interactivity-api/1.0-alpha-4/plexus-interactivity-api-1.0-alpha-4.jar
[INFO] Downloading: https://repo.maven.apache.org/maven2/org/codehaus/plexus/plexus-utils/2.0.5/plexus-utils-2.0.5.jar
[INFO] Downloaded: https://repo.maven.apache.org/maven2/org/apache/maven/reporting/maven-reporting-api/2.0.6/maven-reporting-api-2.0.6.jar (10 KB at 285.5 KB/sec)
[INFO] Downloading: https://repo.maven.apache.org/maven2/org/apache/maven/shared/maven-filtering/1.0-beta-4/maven-filtering-1.0-beta-4.jar
[INFO] Downloaded: https://repo.maven.apache.org/maven2/commons-cli/commons-cli/1.0/commons-cli-1.0.jar (30 KB at 754.1 KB/sec)
[INFO] Downloading: https://repo.maven.apache.org/maven2/org/sonatype/plexus/plexus-build-api/0.0.4/plexus-build-api-0.0.4.jar
[INFO] Downloaded: https://repo.maven.apache.org/maven2/org/codehaus/plexus/plexus-interactivity-api/1.0-alpha-4/plexus-interactivity-api-1.0-alpha-4.jar (14 KB at 319.3 KB/sec)
[INFO] Downloading: https://repo.maven.apache.org/maven2/org/codehaus/plexus/plexus-interpolation/1.13/plexus-interpolation-1.13.jar
[INFO] Downloaded: https://repo.maven.apache.org/maven2/org/apache/maven/doxia/doxia-sink-api/1.0-alpha-7/doxia-sink-api-1.0-alpha-7.jar (6 KB at 109.4 KB/sec)
[INFO] Downloaded: https://repo.maven.apache.org/maven2/org/sonatype/plexus/plexus-build-api/0.0.4/plexus-build-api-0.0.4.jar (7 KB at 109.0 KB/sec)
[INFO] Downloaded: https://repo.maven.apache.org/maven2/org/apache/maven/shared/maven-filtering/1.0-beta-4/maven-filtering-1.0-beta-4.jar (34 KB at 421.4 KB/sec)
[INFO] Downloaded: https://repo.maven.apache.org/maven2/org/codehaus/plexus/plexus-interpolation/1.13/plexus-interpolation-1.13.jar (60 KB at 590.4 KB/sec)
[INFO] Downloaded: https://repo.maven.apache.org/maven2/org/codehaus/plexus/plexus-utils/2.0.5/plexus-utils-2.0.5.jar (218 KB at 1397.1 KB/sec)
[INFO] Using 'UTF-8' encoding to copy filtered resources.
[INFO] Copying 2 resources
[INFO] 
[INFO] --- maven-compiler-plugin:3.1:compile (default-compile) @ autorest-build-tools ---
[INFO] Downloading: https://repo.maven.apache.org/maven2/org/apache/maven/maven-plugin-api/2.0.9/maven-plugin-api-2.0.9.pom
[INFO] Downloaded: https://repo.maven.apache.org/maven2/org/apache/maven/maven-plugin-api/2.0.9/maven-plugin-api-2.0.9.pom (2 KB at 97.3 KB/sec)
[INFO] Downloading: https://repo.maven.apache.org/maven2/org/apache/maven/maven/2.0.9/maven-2.0.9.pom
[INFO] Downloaded: https://repo.maven.apache.org/maven2/org/apache/maven/maven/2.0.9/maven-2.0.9.pom (19 KB at 769.3 KB/sec)
[INFO] Downloading: https://repo.maven.apache.org/maven2/org/apache/maven/maven-parent/8/maven-parent-8.pom
[INFO] Downloaded: https://repo.maven.apache.org/maven2/org/apache/maven/maven-parent/8/maven-parent-8.pom (24 KB at 812.7 KB/sec)
[INFO] Downloading: https://repo.maven.apache.org/maven2/org/apache/apache/4/apache-4.pom
[INFO] Downloaded: https://repo.maven.apache.org/maven2/org/apache/apache/4/apache-4.pom (5 KB at 258.2 KB/sec)
[INFO] Downloading: https://repo.maven.apache.org/maven2/org/apache/maven/maven-artifact/2.0.9/maven-artifact-2.0.9.pom
[INFO] Downloaded: https://repo.maven.apache.org/maven2/org/apache/maven/maven-artifact/2.0.9/maven-artifact-2.0.9.pom (2 KB at 112.9 KB/sec)
[INFO] Downloading: https://repo.maven.apache.org/maven2/org/codehaus/plexus/plexus-utils/1.5.1/plexus-utils-1.5.1.pom
[INFO] Downloaded: https://repo.maven.apache.org/maven2/org/codehaus/plexus/plexus-utils/1.5.1/plexus-utils-1.5.1.pom (3 KB at 140.1 KB/sec)
[INFO] Downloading: https://repo.maven.apache.org/maven2/org/apache/maven/maven-core/2.0.9/maven-core-2.0.9.pom
[INFO] Downloaded: https://repo.maven.apache.org/maven2/org/apache/maven/maven-core/2.0.9/maven-core-2.0.9.pom (8 KB at 422.4 KB/sec)
[INFO] Downloading: https://repo.maven.apache.org/maven2/org/apache/maven/maven-settings/2.0.9/maven-settings-2.0.9.pom
[INFO] Downloaded: https://repo.maven.apache.org/maven2/org/apache/maven/maven-settings/2.0.9/maven-settings-2.0.9.pom (3 KB at 118.2 KB/sec)
[INFO] Downloading: https://repo.maven.apache.org/maven2/org/apache/maven/maven-model/2.0.9/maven-model-2.0.9.pom
[INFO] Downloaded: https://repo.maven.apache.org/maven2/org/apache/maven/maven-model/2.0.9/maven-model-2.0.9.pom (4 KB at 191.7 KB/sec)
[INFO] Downloading: https://repo.maven.apache.org/maven2/org/apache/maven/maven-plugin-parameter-documenter/2.0.9/maven-plugin-parameter-documenter-2.0.9.pom
[INFO] Downloaded: https://repo.maven.apache.org/maven2/org/apache/maven/maven-plugin-parameter-documenter/2.0.9/maven-plugin-parameter-documenter-2.0.9.pom (2 KB at 119.9 KB/sec)
[INFO] Downloading: https://repo.maven.apache.org/maven2/org/apache/maven/maven-profile/2.0.9/maven-profile-2.0.9.pom
[INFO] Downloaded: https://repo.maven.apache.org/maven2/org/apache/maven/maven-profile/2.0.9/maven-profile-2.0.9.pom (3 KB at 143.0 KB/sec)
[INFO] Downloading: https://repo.maven.apache.org/maven2/org/apache/maven/maven-repository-metadata/2.0.9/maven-repository-metadata-2.0.9.pom
[INFO] Downloaded: https://repo.maven.apache.org/maven2/org/apache/maven/maven-repository-metadata/2.0.9/maven-repository-metadata-2.0.9.pom (2 KB at 116.0 KB/sec)
[INFO] Downloading: https://repo.maven.apache.org/maven2/org/apache/maven/maven-error-diagnostics/2.0.9/maven-error-diagnostics-2.0.9.pom
[INFO] Downloaded: https://repo.maven.apache.org/maven2/org/apache/maven/maven-error-diagnostics/2.0.9/maven-error-diagnostics-2.0.9.pom (2 KB at 121.7 KB/sec)
[INFO] Downloading: https://repo.maven.apache.org/maven2/org/apache/maven/maven-project/2.0.9/maven-project-2.0.9.pom
[INFO] Downloaded: https://repo.maven.apache.org/maven2/org/apache/maven/maven-project/2.0.9/maven-project-2.0.9.pom (3 KB at 176.4 KB/sec)
[INFO] Downloading: https://repo.maven.apache.org/maven2/org/apache/maven/maven-artifact-manager/2.0.9/maven-artifact-manager-2.0.9.pom
[INFO] Downloaded: https://repo.maven.apache.org/maven2/org/apache/maven/maven-artifact-manager/2.0.9/maven-artifact-manager-2.0.9.pom (3 KB at 155.1 KB/sec)
[INFO] Downloading: https://repo.maven.apache.org/maven2/org/apache/maven/maven-plugin-registry/2.0.9/maven-plugin-registry-2.0.9.pom
[INFO] Downloaded: https://repo.maven.apache.org/maven2/org/apache/maven/maven-plugin-registry/2.0.9/maven-plugin-registry-2.0.9.pom (2 KB at 128.3 KB/sec)
[INFO] Downloading: https://repo.maven.apache.org/maven2/org/apache/maven/maven-plugin-descriptor/2.0.9/maven-plugin-descriptor-2.0.9.pom
[INFO] Downloaded: https://repo.maven.apache.org/maven2/org/apache/maven/maven-plugin-descriptor/2.0.9/maven-plugin-descriptor-2.0.9.pom (3 KB at 144.7 KB/sec)
[INFO] Downloading: https://repo.maven.apache.org/maven2/org/apache/maven/maven-monitor/2.0.9/maven-monitor-2.0.9.pom
[INFO] Downloaded: https://repo.maven.apache.org/maven2/org/apache/maven/maven-monitor/2.0.9/maven-monitor-2.0.9.pom (2 KB at 78.4 KB/sec)
[INFO] Downloading: https://repo.maven.apache.org/maven2/org/apache/maven/maven-toolchain/1.0/maven-toolchain-1.0.pom
[INFO] Downloaded: https://repo.maven.apache.org/maven2/org/apache/maven/maven-toolchain/1.0/maven-toolchain-1.0.pom (4 KB at 222.3 KB/sec)
[INFO] Downloading: https://repo.maven.apache.org/maven2/org/apache/maven/shared/maven-shared-utils/0.1/maven-shared-utils-0.1.pom
[INFO] Downloaded: https://repo.maven.apache.org/maven2/org/apache/maven/shared/maven-shared-utils/0.1/maven-shared-utils-0.1.pom (4 KB at 219.6 KB/sec)
[INFO] Downloading: https://repo.maven.apache.org/maven2/org/apache/maven/shared/maven-shared-components/18/maven-shared-components-18.pom
[INFO] Downloaded: https://repo.maven.apache.org/maven2/org/apache/maven/shared/maven-shared-components/18/maven-shared-components-18.pom (5 KB at 283.4 KB/sec)
[INFO] Downloading: https://repo.maven.apache.org/maven2/com/google/code/findbugs/jsr305/2.0.1/jsr305-2.0.1.pom
[INFO] Downloaded: https://repo.maven.apache.org/maven2/com/google/code/findbugs/jsr305/2.0.1/jsr305-2.0.1.pom (965 B at 62.8 KB/sec)
[INFO] Downloading: https://repo.maven.apache.org/maven2/org/apache/maven/shared/maven-shared-incremental/1.1/maven-shared-incremental-1.1.pom
[INFO] Downloaded: https://repo.maven.apache.org/maven2/org/apache/maven/shared/maven-shared-incremental/1.1/maven-shared-incremental-1.1.pom (5 KB at 308.7 KB/sec)
[INFO] Downloading: https://repo.maven.apache.org/maven2/org/apache/maven/shared/maven-shared-components/19/maven-shared-components-19.pom
[INFO] Downloaded: https://repo.maven.apache.org/maven2/org/apache/maven/shared/maven-shared-components/19/maven-shared-components-19.pom (7 KB at 365.3 KB/sec)
[INFO] Downloading: https://repo.maven.apache.org/maven2/org/apache/maven/maven-plugin-api/2.2.1/maven-plugin-api-2.2.1.pom
[INFO] Downloaded: https://repo.maven.apache.org/maven2/org/apache/maven/maven-plugin-api/2.2.1/maven-plugin-api-2.2.1.pom (2 KB at 101.8 KB/sec)
[INFO] Downloading: https://repo.maven.apache.org/maven2/org/apache/maven/maven/2.2.1/maven-2.2.1.pom
[INFO] Downloaded: https://repo.maven.apache.org/maven2/org/apache/maven/maven/2.2.1/maven-2.2.1.pom (22 KB at 841.7 KB/sec)
[INFO] Downloading: https://repo.maven.apache.org/maven2/org/apache/maven/maven-parent/11/maven-parent-11.pom
[INFO] Downloaded: https://repo.maven.apache.org/maven2/org/apache/maven/maven-parent/11/maven-parent-11.pom (32 KB at 989.0 KB/sec)
[INFO] Downloading: https://repo.maven.apache.org/maven2/org/apache/apache/5/apache-5.pom
[INFO] Downloaded: https://repo.maven.apache.org/maven2/org/apache/apache/5/apache-5.pom (5 KB at 250.1 KB/sec)
[INFO] Downloading: https://repo.maven.apache.org/maven2/org/apache/maven/maven-core/2.2.1/maven-core-2.2.1.pom
[INFO] Downloaded: https://repo.maven.apache.org/maven2/org/apache/maven/maven-core/2.2.1/maven-core-2.2.1.pom (12 KB at 516.4 KB/sec)
[INFO] Downloading: https://repo.maven.apache.org/maven2/org/apache/maven/maven-settings/2.2.1/maven-settings-2.2.1.pom
[INFO] Downloaded: https://repo.maven.apache.org/maven2/org/apache/maven/maven-settings/2.2.1/maven-settings-2.2.1.pom (3 KB at 152.0 KB/sec)
[INFO] Downloading: https://repo.maven.apache.org/maven2/org/apache/maven/maven-model/2.2.1/maven-model-2.2.1.pom
[INFO] Downloaded: https://repo.maven.apache.org/maven2/org/apache/maven/maven-model/2.2.1/maven-model-2.2.1.pom (4 KB at 210.9 KB/sec)
[INFO] Downloading: https://repo.maven.apache.org/maven2/org/codehaus/plexus/plexus-interpolation/1.11/plexus-interpolation-1.11.pom
[INFO] Downloaded: https://repo.maven.apache.org/maven2/org/codehaus/plexus/plexus-interpolation/1.11/plexus-interpolation-1.11.pom (889 B at 48.2 KB/sec)
[INFO] Downloading: https://repo.maven.apache.org/maven2/org/apache/maven/maven-plugin-parameter-documenter/2.2.1/maven-plugin-parameter-documenter-2.2.1.pom
[INFO] Downloaded: https://repo.maven.apache.org/maven2/org/apache/maven/maven-plugin-parameter-documenter/2.2.1/maven-plugin-parameter-documenter-2.2.1.pom (2 KB at 127.4 KB/sec)
[INFO] Downloading: https://repo.maven.apache.org/maven2/org/slf4j/slf4j-jdk14/1.5.6/slf4j-jdk14-1.5.6.pom
[INFO] Downloaded: https://repo.maven.apache.org/maven2/org/slf4j/slf4j-jdk14/1.5.6/slf4j-jdk14-1.5.6.pom (2 KB at 123.6 KB/sec)
[INFO] Downloading: https://repo.maven.apache.org/maven2/org/slf4j/slf4j-parent/1.5.6/slf4j-parent-1.5.6.pom
[INFO] Downloaded: https://repo.maven.apache.org/maven2/org/slf4j/slf4j-parent/1.5.6/slf4j-parent-1.5.6.pom (8 KB at 429.7 KB/sec)
[INFO] Downloading: https://repo.maven.apache.org/maven2/org/slf4j/slf4j-api/1.5.6/slf4j-api-1.5.6.pom
[INFO] Downloaded: https://repo.maven.apache.org/maven2/org/slf4j/slf4j-api/1.5.6/slf4j-api-1.5.6.pom (3 KB at 182.1 KB/sec)
[INFO] Downloading: https://repo.maven.apache.org/maven2/org/slf4j/jcl-over-slf4j/1.5.6/jcl-over-slf4j-1.5.6.pom
[INFO] Downloaded: https://repo.maven.apache.org/maven2/org/slf4j/jcl-over-slf4j/1.5.6/jcl-over-slf4j-1.5.6.pom (3 KB at 124.6 KB/sec)
[INFO] Downloading: https://repo.maven.apache.org/maven2/org/apache/maven/maven-profile/2.2.1/maven-profile-2.2.1.pom
[INFO] Downloaded: https://repo.maven.apache.org/maven2/org/apache/maven/maven-profile/2.2.1/maven-profile-2.2.1.pom (3 KB at 141.3 KB/sec)
[INFO] Downloading: https://repo.maven.apache.org/maven2/org/apache/maven/maven-artifact/2.2.1/maven-artifact-2.2.1.pom
[INFO] Downloaded: https://repo.maven.apache.org/maven2/org/apache/maven/maven-artifact/2.2.1/maven-artifact-2.2.1.pom (2 KB at 110.3 KB/sec)
[INFO] Downloading: https://repo.maven.apache.org/maven2/org/apache/maven/maven-repository-metadata/2.2.1/maven-repository-metadata-2.2.1.pom
[INFO] Downloaded: https://repo.maven.apache.org/maven2/org/apache/maven/maven-repository-metadata/2.2.1/maven-repository-metadata-2.2.1.pom (2 KB at 121.8 KB/sec)
[INFO] Downloading: https://repo.maven.apache.org/maven2/org/apache/maven/maven-error-diagnostics/2.2.1/maven-error-diagnostics-2.2.1.pom
[INFO] Downloaded: https://repo.maven.apache.org/maven2/org/apache/maven/maven-error-diagnostics/2.2.1/maven-error-diagnostics-2.2.1.pom (2 KB at 119.1 KB/sec)
[INFO] Downloading: https://repo.maven.apache.org/maven2/org/apache/maven/maven-project/2.2.1/maven-project-2.2.1.pom
[INFO] Downloaded: https://repo.maven.apache.org/maven2/org/apache/maven/maven-project/2.2.1/maven-project-2.2.1.pom (3 KB at 180.5 KB/sec)
[INFO] Downloading: https://repo.maven.apache.org/maven2/org/apache/maven/maven-artifact-manager/2.2.1/maven-artifact-manager-2.2.1.pom
[INFO] Downloaded: https://repo.maven.apache.org/maven2/org/apache/maven/maven-artifact-manager/2.2.1/maven-artifact-manager-2.2.1.pom (4 KB at 189.4 KB/sec)
[INFO] Downloading: https://repo.maven.apache.org/maven2/backport-util-concurrent/backport-util-concurrent/3.1/backport-util-concurrent-3.1.pom
[INFO] Downloaded: https://repo.maven.apache.org/maven2/backport-util-concurrent/backport-util-concurrent/3.1/backport-util-concurrent-3.1.pom (880 B at 57.3 KB/sec)
[INFO] Downloading: https://repo.maven.apache.org/maven2/org/apache/maven/maven-plugin-registry/2.2.1/maven-plugin-registry-2.2.1.pom
[INFO] Downloaded: https://repo.maven.apache.org/maven2/org/apache/maven/maven-plugin-registry/2.2.1/maven-plugin-registry-2.2.1.pom (2 KB at 134.6 KB/sec)
[INFO] Downloading: https://repo.maven.apache.org/maven2/org/apache/maven/maven-plugin-descriptor/2.2.1/maven-plugin-descriptor-2.2.1.pom
[INFO] Downloaded: https://repo.maven.apache.org/maven2/org/apache/maven/maven-plugin-descriptor/2.2.1/maven-plugin-descriptor-2.2.1.pom (3 KB at 134.4 KB/sec)
[INFO] Downloading: https://repo.maven.apache.org/maven2/org/apache/maven/maven-monitor/2.2.1/maven-monitor-2.2.1.pom
[INFO] Downloaded: https://repo.maven.apache.org/maven2/org/apache/maven/maven-monitor/2.2.1/maven-monitor-2.2.1.pom (2 KB at 87.7 KB/sec)
[INFO] Downloading: https://repo.maven.apache.org/maven2/org/sonatype/plexus/plexus-sec-dispatcher/1.3/plexus-sec-dispatcher-1.3.pom
[INFO] Downloaded: https://repo.maven.apache.org/maven2/org/sonatype/plexus/plexus-sec-dispatcher/1.3/plexus-sec-dispatcher-1.3.pom (3 KB at 192.8 KB/sec)
[INFO] Downloading: https://repo.maven.apache.org/maven2/org/sonatype/spice/spice-parent/12/spice-parent-12.pom
[INFO] Downloaded: https://repo.maven.apache.org/maven2/org/sonatype/spice/spice-parent/12/spice-parent-12.pom (7 KB at 390.5 KB/sec)
[INFO] Downloading: https://repo.maven.apache.org/maven2/org/sonatype/forge/forge-parent/4/forge-parent-4.pom
[INFO] Downloaded: https://repo.maven.apache.org/maven2/org/sonatype/forge/forge-parent/4/forge-parent-4.pom (9 KB at 431.6 KB/sec)
[INFO] Downloading: https://repo.maven.apache.org/maven2/org/codehaus/plexus/plexus-utils/1.5.5/plexus-utils-1.5.5.pom
[INFO] Downloaded: https://repo.maven.apache.org/maven2/org/codehaus/plexus/plexus-utils/1.5.5/plexus-utils-1.5.5.pom (6 KB at 264.5 KB/sec)
[INFO] Downloading: https://repo.maven.apache.org/maven2/org/sonatype/plexus/plexus-cipher/1.4/plexus-cipher-1.4.pom
[INFO] Downloaded: https://repo.maven.apache.org/maven2/org/sonatype/plexus/plexus-cipher/1.4/plexus-cipher-1.4.pom (3 KB at 155.1 KB/sec)
[INFO] Downloading: https://repo.maven.apache.org/maven2/org/codehaus/plexus/plexus-component-annotations/1.5.5/plexus-component-annotations-1.5.5.pom
[INFO] Downloaded: https://repo.maven.apache.org/maven2/org/codehaus/plexus/plexus-component-annotations/1.5.5/plexus-component-annotations-1.5.5.pom (815 B at 53.1 KB/sec)
[INFO] Downloading: https://repo.maven.apache.org/maven2/org/codehaus/plexus/plexus-containers/1.5.5/plexus-containers-1.5.5.pom
[INFO] Downloaded: https://repo.maven.apache.org/maven2/org/codehaus/plexus/plexus-containers/1.5.5/plexus-containers-1.5.5.pom (5 KB at 243.6 KB/sec)
[INFO] Downloading: https://repo.maven.apache.org/maven2/org/codehaus/plexus/plexus/2.0.7/plexus-2.0.7.pom
[INFO] Downloaded: https://repo.maven.apache.org/maven2/org/codehaus/plexus/plexus/2.0.7/plexus-2.0.7.pom (17 KB at 649.6 KB/sec)
[INFO] Downloading: https://repo.maven.apache.org/maven2/org/codehaus/plexus/plexus-compiler-api/2.2/plexus-compiler-api-2.2.pom
[INFO] Downloaded: https://repo.maven.apache.org/maven2/org/codehaus/plexus/plexus-compiler-api/2.2/plexus-compiler-api-2.2.pom (865 B at 60.3 KB/sec)
[INFO] Downloading: https://repo.maven.apache.org/maven2/org/codehaus/plexus/plexus-compiler/2.2/plexus-compiler-2.2.pom
[INFO] Downloaded: https://repo.maven.apache.org/maven2/org/codehaus/plexus/plexus-compiler/2.2/plexus-compiler-2.2.pom (4 KB at 235.3 KB/sec)
[INFO] Downloading: https://repo.maven.apache.org/maven2/org/codehaus/plexus/plexus-components/1.3.1/plexus-components-1.3.1.pom
[INFO] Downloaded: https://repo.maven.apache.org/maven2/org/codehaus/plexus/plexus-components/1.3.1/plexus-components-1.3.1.pom (3 KB at 213.7 KB/sec)
[INFO] Downloading: https://repo.maven.apache.org/maven2/org/codehaus/plexus/plexus/3.3.1/plexus-3.3.1.pom
[INFO] Downloaded: https://repo.maven.apache.org/maven2/org/codehaus/plexus/plexus/3.3.1/plexus-3.3.1.pom (20 KB at 868.1 KB/sec)
[INFO] Downloading: https://repo.maven.apache.org/maven2/org/codehaus/plexus/plexus-utils/3.0.8/plexus-utils-3.0.8.pom
[INFO] Downloaded: https://repo.maven.apache.org/maven2/org/codehaus/plexus/plexus-utils/3.0.8/plexus-utils-3.0.8.pom (4 KB at 191.8 KB/sec)
[INFO] Downloading: https://repo.maven.apache.org/maven2/org/codehaus/plexus/plexus/3.2/plexus-3.2.pom
[INFO] Downloaded: https://repo.maven.apache.org/maven2/org/codehaus/plexus/plexus/3.2/plexus-3.2.pom (19 KB at 732.3 KB/sec)
[INFO] Downloading: https://repo.maven.apache.org/maven2/org/codehaus/plexus/plexus-compiler-manager/2.2/plexus-compiler-manager-2.2.pom
[INFO] Downloaded: https://repo.maven.apache.org/maven2/org/codehaus/plexus/plexus-compiler-manager/2.2/plexus-compiler-manager-2.2.pom (690 B at 51.8 KB/sec)
[INFO] Downloading: https://repo.maven.apache.org/maven2/org/codehaus/plexus/plexus-compiler-javac/2.2/plexus-compiler-javac-2.2.pom
[INFO] Downloaded: https://repo.maven.apache.org/maven2/org/codehaus/plexus/plexus-compiler-javac/2.2/plexus-compiler-javac-2.2.pom (769 B at 53.6 KB/sec)
[INFO] Downloading: https://repo.maven.apache.org/maven2/org/codehaus/plexus/plexus-compilers/2.2/plexus-compilers-2.2.pom
[INFO] Downloaded: https://repo.maven.apache.org/maven2/org/codehaus/plexus/plexus-compilers/2.2/plexus-compilers-2.2.pom (2 KB at 55.1 KB/sec)
[INFO] Downloading: https://repo.maven.apache.org/maven2/org/codehaus/plexus/plexus-container-default/1.5.5/plexus-container-default-1.5.5.pom
[INFO] Downloaded: https://repo.maven.apache.org/maven2/org/codehaus/plexus/plexus-container-default/1.5.5/plexus-container-default-1.5.5.pom (3 KB at 149.5 KB/sec)
[INFO] Downloading: https://repo.maven.apache.org/maven2/org/codehaus/plexus/plexus-utils/1.4.5/plexus-utils-1.4.5.pom
[INFO] Downloaded: https://repo.maven.apache.org/maven2/org/codehaus/plexus/plexus-utils/1.4.5/plexus-utils-1.4.5.pom (3 KB at 147.5 KB/sec)
[INFO] Downloading: https://repo.maven.apache.org/maven2/org/codehaus/plexus/plexus-classworlds/2.2.2/plexus-classworlds-2.2.2.pom
[INFO] Downloaded: https://repo.maven.apache.org/maven2/org/codehaus/plexus/plexus-classworlds/2.2.2/plexus-classworlds-2.2.2.pom (4 KB at 281.3 KB/sec)
[INFO] Downloading: https://repo.maven.apache.org/maven2/org/apache/xbean/xbean-reflect/3.4/xbean-reflect-3.4.pom
[INFO] Downloaded: https://repo.maven.apache.org/maven2/org/apache/xbean/xbean-reflect/3.4/xbean-reflect-3.4.pom (3 KB at 195.9 KB/sec)
[INFO] Downloading: https://repo.maven.apache.org/maven2/org/apache/xbean/xbean/3.4/xbean-3.4.pom
[INFO] Downloaded: https://repo.maven.apache.org/maven2/org/apache/xbean/xbean/3.4/xbean-3.4.pom (19 KB at 822.6 KB/sec)
[INFO] Downloading: https://repo.maven.apache.org/maven2/log4j/log4j/1.2.12/log4j-1.2.12.pom
[INFO] Downloaded: https://repo.maven.apache.org/maven2/log4j/log4j/1.2.12/log4j-1.2.12.pom (145 B at 10.1 KB/sec)
[INFO] Downloading: https://repo.maven.apache.org/maven2/commons-logging/commons-logging-api/1.1/commons-logging-api-1.1.pom
[INFO] Downloaded: https://repo.maven.apache.org/maven2/commons-logging/commons-logging-api/1.1/commons-logging-api-1.1.pom (6 KB at 274.8 KB/sec)
[INFO] Downloading: https://repo.maven.apache.org/maven2/com/google/collections/google-collections/1.0/google-collections-1.0.pom
[INFO] Downloaded: https://repo.maven.apache.org/maven2/com/google/collections/google-collections/1.0/google-collections-1.0.pom (3 KB at 151.2 KB/sec)
[INFO] Downloading: https://repo.maven.apache.org/maven2/com/google/google/1/google-1.pom
[INFO] Downloaded: https://repo.maven.apache.org/maven2/com/google/google/1/google-1.pom (2 KB at 108.4 KB/sec)
[INFO] Downloading: https://repo.maven.apache.org/maven2/junit/junit/3.8.2/junit-3.8.2.pom
[INFO] Downloaded: https://repo.maven.apache.org/maven2/junit/junit/3.8.2/junit-3.8.2.pom (747 B at 56.1 KB/sec)
[INFO] Downloading: https://repo.maven.apache.org/maven2/org/codehaus/plexus/plexus-utils/1.5.1/plexus-utils-1.5.1.jar
[INFO] Downloading: https://repo.maven.apache.org/maven2/org/apache/maven/shared/maven-shared-utils/0.1/maven-shared-utils-0.1.jar
[INFO] Downloading: https://repo.maven.apache.org/maven2/com/google/code/findbugs/jsr305/2.0.1/jsr305-2.0.1.jar
[INFO] Downloading: https://repo.maven.apache.org/maven2/org/apache/maven/shared/maven-shared-incremental/1.1/maven-shared-incremental-1.1.jar
[INFO] Downloading: https://repo.maven.apache.org/maven2/org/codehaus/plexus/plexus-component-annotations/1.5.5/plexus-component-annotations-1.5.5.jar
[INFO] Downloaded: https://repo.maven.apache.org/maven2/org/codehaus/plexus/plexus-component-annotations/1.5.5/plexus-component-annotations-1.5.5.jar (5 KB at 241.9 KB/sec)
[INFO] Downloading: https://repo.maven.apache.org/maven2/org/codehaus/plexus/plexus-compiler-api/2.2/plexus-compiler-api-2.2.jar
[INFO] Downloaded: https://repo.maven.apache.org/maven2/com/google/code/findbugs/jsr305/2.0.1/jsr305-2.0.1.jar (32 KB at 972.5 KB/sec)
[INFO] Downloading: https://repo.maven.apache.org/maven2/org/codehaus/plexus/plexus-compiler-manager/2.2/plexus-compiler-manager-2.2.jar
[INFO] Downloaded: https://repo.maven.apache.org/maven2/org/apache/maven/shared/maven-shared-incremental/1.1/maven-shared-incremental-1.1.jar (14 KB at 377.7 KB/sec)
[INFO] Downloading: https://repo.maven.apache.org/maven2/org/codehaus/plexus/plexus-compiler-javac/2.2/plexus-compiler-javac-2.2.jar
[INFO] Downloaded: https://repo.maven.apache.org/maven2/org/codehaus/plexus/plexus-compiler-api/2.2/plexus-compiler-api-2.2.jar (25 KB at 642.2 KB/sec)
[INFO] Downloading: https://repo.maven.apache.org/maven2/org/apache/xbean/xbean-reflect/3.4/xbean-reflect-3.4.jar
[INFO] Downloaded: https://repo.maven.apache.org/maven2/org/codehaus/plexus/plexus-compiler-manager/2.2/plexus-compiler-manager-2.2.jar (5 KB at 94.8 KB/sec)
[INFO] Downloading: https://repo.maven.apache.org/maven2/log4j/log4j/1.2.12/log4j-1.2.12.jar
[INFO] Downloaded: https://repo.maven.apache.org/maven2/org/codehaus/plexus/plexus-compiler-javac/2.2/plexus-compiler-javac-2.2.jar (19 KB at 314.0 KB/sec)
[INFO] Downloading: https://repo.maven.apache.org/maven2/commons-logging/commons-logging-api/1.1/commons-logging-api-1.1.jar
[INFO] Downloaded: https://repo.maven.apache.org/maven2/org/apache/maven/shared/maven-shared-utils/0.1/maven-shared-utils-0.1.jar (151 KB at 1605.3 KB/sec)
[INFO] Downloading: https://repo.maven.apache.org/maven2/com/google/collections/google-collections/1.0/google-collections-1.0.jar
[INFO] Downloaded: https://repo.maven.apache.org/maven2/commons-logging/commons-logging-api/1.1/commons-logging-api-1.1.jar (44 KB at 463.3 KB/sec)
[INFO] Downloading: https://repo.maven.apache.org/maven2/junit/junit/3.8.2/junit-3.8.2.jar
[INFO] Downloaded: https://repo.maven.apache.org/maven2/org/codehaus/plexus/plexus-utils/1.5.1/plexus-utils-1.5.1.jar (206 KB at 2017.1 KB/sec)
[INFO] Downloaded: https://repo.maven.apache.org/maven2/org/apache/xbean/xbean-reflect/3.4/xbean-reflect-3.4.jar (131 KB at 1188.1 KB/sec)
[INFO] Downloaded: https://repo.maven.apache.org/maven2/log4j/log4j/1.2.12/log4j-1.2.12.jar (350 KB at 2057.0 KB/sec)
[INFO] Downloaded: https://repo.maven.apache.org/maven2/junit/junit/3.8.2/junit-3.8.2.jar (118 KB at 661.9 KB/sec)
[INFO] Downloaded: https://repo.maven.apache.org/maven2/com/google/collections/google-collections/1.0/google-collections-1.0.jar (625 KB at 2001.9 KB/sec)
[INFO] No sources to compile
[INFO] 
[INFO] --- maven-resources-plugin:2.4.3:testResources (default-testResources) @ autorest-build-tools ---
[INFO] Using 'UTF-8' encoding to copy filtered resources.
[INFO] skip non existing resourceDirectory /home/travis/build/failed/Azure/azure-sdk-for-java/runtimes/build-tools/src/test/resources
[INFO] 
[INFO] --- maven-compiler-plugin:3.1:testCompile (default-testCompile) @ autorest-build-tools ---
[INFO] No sources to compile
[INFO] 
[INFO] --- maven-surefire-plugin:2.18.1:test (default-test) @ autorest-build-tools ---
[INFO] Downloading: https://repo.maven.apache.org/maven2/org/apache/maven/surefire/maven-surefire-common/2.18.1/maven-surefire-common-2.18.1.pom
[INFO] Downloaded: https://repo.maven.apache.org/maven2/org/apache/maven/surefire/maven-surefire-common/2.18.1/maven-surefire-common-2.18.1.pom (7 KB at 382.8 KB/sec)
[INFO] Downloading: https://repo.maven.apache.org/maven2/org/apache/maven/plugin-tools/maven-plugin-annotations/3.3/maven-plugin-annotations-3.3.pom
[INFO] Downloaded: https://repo.maven.apache.org/maven2/org/apache/maven/plugin-tools/maven-plugin-annotations/3.3/maven-plugin-annotations-3.3.pom (2 KB at 106.1 KB/sec)
[INFO] Downloading: https://repo.maven.apache.org/maven2/org/apache/maven/plugin-tools/maven-plugin-tools/3.3/maven-plugin-tools-3.3.pom
[INFO] Downloaded: https://repo.maven.apache.org/maven2/org/apache/maven/plugin-tools/maven-plugin-tools/3.3/maven-plugin-tools-3.3.pom (13 KB at 561.4 KB/sec)
[INFO] Downloading: https://repo.maven.apache.org/maven2/org/apache/maven/maven-parent/24/maven-parent-24.pom
[INFO] Downloaded: https://repo.maven.apache.org/maven2/org/apache/maven/maven-parent/24/maven-parent-24.pom (37 KB at 1385.9 KB/sec)
[INFO] Downloading: https://repo.maven.apache.org/maven2/org/apache/apache/14/apache-14.pom
[INFO] Downloaded: https://repo.maven.apache.org/maven2/org/apache/apache/14/apache-14.pom (15 KB at 717.0 KB/sec)
[INFO] Downloading: https://repo.maven.apache.org/maven2/org/apache/maven/surefire/surefire-api/2.18.1/surefire-api-2.18.1.pom
[INFO] Downloaded: https://repo.maven.apache.org/maven2/org/apache/maven/surefire/surefire-api/2.18.1/surefire-api-2.18.1.pom (3 KB at 159.2 KB/sec)
[INFO] Downloading: https://repo.maven.apache.org/maven2/org/apache/maven/surefire/surefire-booter/2.18.1/surefire-booter-2.18.1.pom
[INFO] Downloaded: https://repo.maven.apache.org/maven2/org/apache/maven/surefire/surefire-booter/2.18.1/surefire-booter-2.18.1.pom (3 KB at 167.5 KB/sec)
[INFO] Downloading: https://repo.maven.apache.org/maven2/org/apache/maven/reporting/maven-reporting-api/3.0/maven-reporting-api-3.0.pom
[INFO] Downloaded: https://repo.maven.apache.org/maven2/org/apache/maven/reporting/maven-reporting-api/3.0/maven-reporting-api-3.0.pom (3 KB at 128.7 KB/sec)
[INFO] Downloading: https://repo.maven.apache.org/maven2/org/apache/maven/maven-toolchain/2.2.1/maven-toolchain-2.2.1.pom
[INFO] Downloaded: https://repo.maven.apache.org/maven2/org/apache/maven/maven-toolchain/2.2.1/maven-toolchain-2.2.1.pom (4 KB at 204.1 KB/sec)
[INFO] Downloading: https://repo.maven.apache.org/maven2/org/apache/commons/commons-lang3/3.1/commons-lang3-3.1.pom
[INFO] Downloaded: https://repo.maven.apache.org/maven2/org/apache/commons/commons-lang3/3.1/commons-lang3-3.1.pom (17 KB at 741.8 KB/sec)
[INFO] Downloading: https://repo.maven.apache.org/maven2/org/apache/commons/commons-parent/22/commons-parent-22.pom
[INFO] Downloaded: https://repo.maven.apache.org/maven2/org/apache/commons/commons-parent/22/commons-parent-22.pom (41 KB at 1169.6 KB/sec)
[INFO] Downloading: https://repo.maven.apache.org/maven2/org/apache/apache/9/apache-9.pom
[INFO] Downloaded: https://repo.maven.apache.org/maven2/org/apache/apache/9/apache-9.pom (15 KB at 616.9 KB/sec)
[INFO] Downloading: https://repo.maven.apache.org/maven2/org/codehaus/plexus/plexus-utils/1.5.15/plexus-utils-1.5.15.jar
[INFO] Downloading: https://repo.maven.apache.org/maven2/backport-util-concurrent/backport-util-concurrent/3.1/backport-util-concurrent-3.1.jar
[INFO] Downloading: https://repo.maven.apache.org/maven2/org/apache/maven/surefire/maven-surefire-common/2.18.1/maven-surefire-common-2.18.1.jar
[INFO] Downloading: https://repo.maven.apache.org/maven2/org/apache/maven/surefire/surefire-booter/2.18.1/surefire-booter-2.18.1.jar
[INFO] Downloading: https://repo.maven.apache.org/maven2/org/codehaus/plexus/plexus-interpolation/1.11/plexus-interpolation-1.11.jar
[INFO] Downloaded: https://repo.maven.apache.org/maven2/org/apache/maven/surefire/surefire-booter/2.18.1/surefire-booter-2.18.1.jar (39 KB at 671.4 KB/sec)
[INFO] Downloading: https://repo.maven.apache.org/maven2/org/slf4j/slf4j-jdk14/1.5.6/slf4j-jdk14-1.5.6.jar
[INFO] Downloaded: https://repo.maven.apache.org/maven2/org/codehaus/plexus/plexus-interpolation/1.11/plexus-interpolation-1.11.jar (50 KB at 904.4 KB/sec)
[INFO] Downloading: https://repo.maven.apache.org/maven2/org/slf4j/slf4j-api/1.5.6/slf4j-api-1.5.6.jar
[INFO] Downloaded: https://repo.maven.apache.org/maven2/org/slf4j/slf4j-jdk14/1.5.6/slf4j-jdk14-1.5.6.jar (9 KB at 156.5 KB/sec)
[INFO] Downloading: https://repo.maven.apache.org/maven2/org/slf4j/jcl-over-slf4j/1.5.6/jcl-over-slf4j-1.5.6.jar
[INFO] Downloaded: https://repo.maven.apache.org/maven2/org/slf4j/slf4j-api/1.5.6/slf4j-api-1.5.6.jar (22 KB at 311.6 KB/sec)
[INFO] Downloading: https://repo.maven.apache.org/maven2/org/apache/maven/reporting/maven-reporting-api/3.0/maven-reporting-api-3.0.jar
[INFO] Downloaded: https://repo.maven.apache.org/maven2/org/slf4j/jcl-over-slf4j/1.5.6/jcl-over-slf4j-1.5.6.jar (17 KB at 217.7 KB/sec)
[INFO] Downloading: https://repo.maven.apache.org/maven2/org/sonatype/plexus/plexus-sec-dispatcher/1.3/plexus-sec-dispatcher-1.3.jar
[INFO] Downloaded: https://repo.maven.apache.org/maven2/org/apache/maven/reporting/maven-reporting-api/3.0/maven-reporting-api-3.0.jar (11 KB at 124.2 KB/sec)
[INFO] Downloading: https://repo.maven.apache.org/maven2/org/sonatype/plexus/plexus-cipher/1.4/plexus-cipher-1.4.jar
[INFO] Downloaded: https://repo.maven.apache.org/maven2/org/sonatype/plexus/plexus-cipher/1.4/plexus-cipher-1.4.jar (14 KB at 129.2 KB/sec)
[INFO] Downloading: https://repo.maven.apache.org/maven2/org/apache/commons/commons-lang3/3.1/commons-lang3-3.1.jar
[INFO] Downloaded: https://repo.maven.apache.org/maven2/org/sonatype/plexus/plexus-sec-dispatcher/1.3/plexus-sec-dispatcher-1.3.jar (28 KB at 255.8 KB/sec)
[INFO] Downloading: https://repo.maven.apache.org/maven2/org/apache/maven/surefire/surefire-api/2.18.1/surefire-api-2.18.1.jar
[INFO] Downloaded: https://repo.maven.apache.org/maven2/org/apache/maven/surefire/maven-surefire-common/2.18.1/maven-surefire-common-2.18.1.jar (269 KB at 1740.3 KB/sec)
[INFO] Downloading: https://repo.maven.apache.org/maven2/org/apache/maven/plugin-tools/maven-plugin-annotations/3.3/maven-plugin-annotations-3.3.jar
[INFO] Downloaded: https://repo.maven.apache.org/maven2/org/codehaus/plexus/plexus-utils/1.5.15/plexus-utils-1.5.15.jar (223 KB at 1295.1 KB/sec)
[INFO] Downloaded: https://repo.maven.apache.org/maven2/org/apache/maven/plugin-tools/maven-plugin-annotations/3.3/maven-plugin-annotations-3.3.jar (14 KB at 87.9 KB/sec)
[INFO] Downloaded: https://repo.maven.apache.org/maven2/backport-util-concurrent/backport-util-concurrent/3.1/backport-util-concurrent-3.1.jar (324 KB at 1779.9 KB/sec)
[INFO] Downloaded: https://repo.maven.apache.org/maven2/org/apache/maven/surefire/surefire-api/2.18.1/surefire-api-2.18.1.jar (145 KB at 741.0 KB/sec)
[INFO] Downloaded: https://repo.maven.apache.org/maven2/org/apache/commons/commons-lang3/3.1/commons-lang3-3.1.jar (309 KB at 1263.9 KB/sec)
[INFO] Tests are skipped.
[INFO] 
[INFO] --- maven-jar-plugin:2.4:jar (default-jar) @ autorest-build-tools ---
[INFO] Downloading: https://repo.maven.apache.org/maven2/org/apache/maven/maven-archiver/2.5/maven-archiver-2.5.pom
[INFO] Downloaded: https://repo.maven.apache.org/maven2/org/apache/maven/maven-archiver/2.5/maven-archiver-2.5.pom (5 KB at 277.0 KB/sec)
[INFO] Downloading: https://repo.maven.apache.org/maven2/org/apache/maven/shared/maven-shared-components/17/maven-shared-components-17.pom
[INFO] Downloaded: https://repo.maven.apache.org/maven2/org/apache/maven/shared/maven-shared-components/17/maven-shared-components-17.pom (9 KB at 447.3 KB/sec)
[INFO] Downloading: https://repo.maven.apache.org/maven2/org/codehaus/plexus/plexus-archiver/2.1/plexus-archiver-2.1.pom
[INFO] Downloaded: https://repo.maven.apache.org/maven2/org/codehaus/plexus/plexus-archiver/2.1/plexus-archiver-2.1.pom (3 KB at 195.9 KB/sec)
[INFO] Downloading: https://repo.maven.apache.org/maven2/org/codehaus/plexus/plexus-utils/3.0/plexus-utils-3.0.pom
[INFO] Downloaded: https://repo.maven.apache.org/maven2/org/codehaus/plexus/plexus-utils/3.0/plexus-utils-3.0.pom (4 KB at 264.8 KB/sec)
[INFO] Downloading: https://repo.maven.apache.org/maven2/org/sonatype/spice/spice-parent/16/spice-parent-16.pom
[INFO] Downloaded: https://repo.maven.apache.org/maven2/org/sonatype/spice/spice-parent/16/spice-parent-16.pom (9 KB at 388.7 KB/sec)
[INFO] Downloading: https://repo.maven.apache.org/maven2/org/sonatype/forge/forge-parent/5/forge-parent-5.pom
[INFO] Downloaded: https://repo.maven.apache.org/maven2/org/sonatype/forge/forge-parent/5/forge-parent-5.pom (9 KB at 429.8 KB/sec)
[INFO] Downloading: https://repo.maven.apache.org/maven2/org/codehaus/plexus/plexus-io/2.0.2/plexus-io-2.0.2.pom
[INFO] Downloaded: https://repo.maven.apache.org/maven2/org/codehaus/plexus/plexus-io/2.0.2/plexus-io-2.0.2.pom (2 KB at 112.8 KB/sec)
[INFO] Downloading: https://repo.maven.apache.org/maven2/org/codehaus/plexus/plexus-components/1.1.19/plexus-components-1.1.19.pom
[INFO] Downloaded: https://repo.maven.apache.org/maven2/org/codehaus/plexus/plexus-components/1.1.19/plexus-components-1.1.19.pom (3 KB at 175.7 KB/sec)
[INFO] Downloading: https://repo.maven.apache.org/maven2/org/codehaus/plexus/plexus/3.0.1/plexus-3.0.1.pom
[INFO] Downloaded: https://repo.maven.apache.org/maven2/org/codehaus/plexus/plexus/3.0.1/plexus-3.0.1.pom (19 KB at 757.4 KB/sec)
[INFO] Downloading: https://repo.maven.apache.org/maven2/org/codehaus/plexus/plexus-interpolation/1.15/plexus-interpolation-1.15.pom
[INFO] Downloaded: https://repo.maven.apache.org/maven2/org/codehaus/plexus/plexus-interpolation/1.15/plexus-interpolation-1.15.pom (1018 B at 71.0 KB/sec)
[INFO] Downloading: https://repo.maven.apache.org/maven2/commons-lang/commons-lang/2.1/commons-lang-2.1.pom
[INFO] Downloaded: https://repo.maven.apache.org/maven2/commons-lang/commons-lang/2.1/commons-lang-2.1.pom (10 KB at 570.3 KB/sec)
[INFO] Downloading: https://repo.maven.apache.org/maven2/org/apache/maven/maven-archiver/2.5/maven-archiver-2.5.jar
[INFO] Downloading: https://repo.maven.apache.org/maven2/org/codehaus/plexus/plexus-interpolation/1.15/plexus-interpolation-1.15.jar
[INFO] Downloading: https://repo.maven.apache.org/maven2/org/codehaus/plexus/plexus-archiver/2.1/plexus-archiver-2.1.jar
[INFO] Downloading: https://repo.maven.apache.org/maven2/org/codehaus/plexus/plexus-io/2.0.2/plexus-io-2.0.2.jar
[INFO] Downloading: https://repo.maven.apache.org/maven2/commons-lang/commons-lang/2.1/commons-lang-2.1.jar
[INFO] Downloaded: https://repo.maven.apache.org/maven2/org/apache/maven/maven-archiver/2.5/maven-archiver-2.5.jar (22 KB at 710.1 KB/sec)
[INFO] Downloading: https://repo.maven.apache.org/maven2/org/codehaus/plexus/plexus-utils/3.0/plexus-utils-3.0.jar
[INFO] Downloaded: https://repo.maven.apache.org/maven2/org/codehaus/plexus/plexus-io/2.0.2/plexus-io-2.0.2.jar (57 KB at 1185.4 KB/sec)
[INFO] Downloaded: https://repo.maven.apache.org/maven2/org/codehaus/plexus/plexus-interpolation/1.15/plexus-interpolation-1.15.jar (60 KB at 1073.8 KB/sec)
[INFO] Downloaded: https://repo.maven.apache.org/maven2/org/codehaus/plexus/plexus-archiver/2.1/plexus-archiver-2.1.jar (181 KB at 2170.1 KB/sec)
[INFO] Downloaded: https://repo.maven.apache.org/maven2/commons-lang/commons-lang/2.1/commons-lang-2.1.jar (203 KB at 2113.1 KB/sec)
[INFO] Downloaded: https://repo.maven.apache.org/maven2/org/codehaus/plexus/plexus-utils/3.0/plexus-utils-3.0.jar (221 KB at 1919.8 KB/sec)
[INFO] Building jar: /home/travis/build/failed/Azure/azure-sdk-for-java/runtimes/build-tools/target/autorest-build-tools-1.0.0-SNAPSHOT.jar
[INFO] 
[INFO] --- maven-install-plugin:2.4:install (default-install) @ autorest-build-tools ---
[INFO] Installing /home/travis/build/failed/Azure/azure-sdk-for-java/runtimes/build-tools/target/autorest-build-tools-1.0.0-SNAPSHOT.jar to /home/travis/.m2/repository/com/microsoft/azure/autorest-build-tools/1.0.0-SNAPSHOT/autorest-build-tools-1.0.0-SNAPSHOT.jar
[INFO] Installing /home/travis/build/failed/Azure/azure-sdk-for-java/runtimes/build-tools/pom.xml to /home/travis/.m2/repository/com/microsoft/azure/autorest-build-tools/1.0.0-SNAPSHOT/autorest-build-tools-1.0.0-SNAPSHOT.pom
[INFO]                                                                         
[INFO] ------------------------------------------------------------------------
[INFO] Building Java Client Runtime for AutoRest 1.0.0-SNAPSHOT
[INFO] ------------------------------------------------------------------------
[INFO] Downloading: https://repo.maven.apache.org/maven2/org/codehaus/mojo/build-helper-maven-plugin/maven-metadata.xml
[INFO] Downloaded: https://repo.maven.apache.org/maven2/org/codehaus/mojo/build-helper-maven-plugin/maven-metadata.xml (822 B at 50.2 KB/sec)
[INFO] Downloading: https://repo.maven.apache.org/maven2/org/codehaus/mojo/build-helper-maven-plugin/3.2.0/build-helper-maven-plugin-3.2.0.pom
[INFO] Downloaded: https://repo.maven.apache.org/maven2/org/codehaus/mojo/build-helper-maven-plugin/3.2.0/build-helper-maven-plugin-3.2.0.pom (8 KB at 417.3 KB/sec)
[INFO] Downloading: https://repo.maven.apache.org/maven2/org/codehaus/mojo/mojo-parent/50/mojo-parent-50.pom
[INFO] Downloaded: https://repo.maven.apache.org/maven2/org/codehaus/mojo/mojo-parent/50/mojo-parent-50.pom (34 KB at 900.0 KB/sec)
[INFO] Downloading: https://repo.maven.apache.org/maven2/org/codehaus/mojo/build-helper-maven-plugin/3.2.0/build-helper-maven-plugin-3.2.0.jar
[INFO] Downloaded: https://repo.maven.apache.org/maven2/org/codehaus/mojo/build-helper-maven-plugin/3.2.0/build-helper-maven-plugin-3.2.0.jar (68 KB at 183.7 KB/sec)
[INFO] Downloading: http://insecure.repo1.maven.org/maven2/com/google/guava/guava/18.0/guava-18.0.pom
[INFO] Downloaded: http://insecure.repo1.maven.org/maven2/com/google/guava/guava/18.0/guava-18.0.pom (6 KB at 102.5 KB/sec)
[INFO] Downloading: http://insecure.repo1.maven.org/maven2/com/google/guava/guava-parent/18.0/guava-parent-18.0.pom
[INFO] Downloaded: http://insecure.repo1.maven.org/maven2/com/google/guava/guava-parent/18.0/guava-parent-18.0.pom (8 KB at 441.5 KB/sec)
[INFO] Downloading: http://insecure.repo1.maven.org/maven2/org/sonatype/oss/oss-parent/7/oss-parent-7.pom
[INFO] Downloaded: http://insecure.repo1.maven.org/maven2/org/sonatype/oss/oss-parent/7/oss-parent-7.pom (5 KB at 261.7 KB/sec)
[INFO] Downloading: http://insecure.repo1.maven.org/maven2/com/squareup/retrofit2/retrofit/2.0.2/retrofit-2.0.2.pom
[INFO] Downloaded: http://insecure.repo1.maven.org/maven2/com/squareup/retrofit2/retrofit/2.0.2/retrofit-2.0.2.pom (2 KB at 113.3 KB/sec)
[INFO] Downloading: http://insecure.repo1.maven.org/maven2/com/squareup/retrofit2/parent/2.0.2/parent-2.0.2.pom
[INFO] Downloaded: http://insecure.repo1.maven.org/maven2/com/squareup/retrofit2/parent/2.0.2/parent-2.0.2.pom (9 KB at 413.9 KB/sec)
[INFO] Downloading: http://insecure.repo1.maven.org/maven2/com/squareup/okhttp3/okhttp/3.3.1/okhttp-3.3.1.pom
[INFO] Downloaded: http://insecure.repo1.maven.org/maven2/com/squareup/okhttp3/okhttp/3.3.1/okhttp-3.3.1.pom (2 KB at 93.9 KB/sec)
[INFO] Downloading: http://insecure.repo1.maven.org/maven2/com/squareup/okhttp3/parent/3.3.1/parent-3.3.1.pom
[INFO] Downloaded: http://insecure.repo1.maven.org/maven2/com/squareup/okhttp3/parent/3.3.1/parent-3.3.1.pom (10 KB at 543.8 KB/sec)
[INFO] Downloading: http://insecure.repo1.maven.org/maven2/com/squareup/okio/okio/1.8.0/okio-1.8.0.pom
[INFO] Downloaded: http://insecure.repo1.maven.org/maven2/com/squareup/okio/okio/1.8.0/okio-1.8.0.pom (2 KB at 90.3 KB/sec)
[INFO] Downloading: http://insecure.repo1.maven.org/maven2/com/squareup/okio/okio-parent/1.8.0/okio-parent-1.8.0.pom
[INFO] Downloaded: http://insecure.repo1.maven.org/maven2/com/squareup/okio/okio-parent/1.8.0/okio-parent-1.8.0.pom (4 KB at 207.9 KB/sec)
[INFO] Downloading: http://insecure.repo1.maven.org/maven2/com/squareup/okhttp3/logging-interceptor/3.3.1/logging-interceptor-3.3.1.pom
[INFO] Downloaded: http://insecure.repo1.maven.org/maven2/com/squareup/okhttp3/logging-interceptor/3.3.1/logging-interceptor-3.3.1.pom (2 KB at 75.5 KB/sec)
[INFO] Downloading: http://insecure.repo1.maven.org/maven2/com/squareup/okhttp3/okhttp-urlconnection/3.3.1/okhttp-urlconnection-3.3.1.pom
[INFO] Downloaded: http://insecure.repo1.maven.org/maven2/com/squareup/okhttp3/okhttp-urlconnection/3.3.1/okhttp-urlconnection-3.3.1.pom (2 KB at 101.3 KB/sec)
[INFO] Downloading: http://insecure.repo1.maven.org/maven2/com/squareup/retrofit2/converter-jackson/2.0.2/converter-jackson-2.0.2.pom
[INFO] Downloaded: http://insecure.repo1.maven.org/maven2/com/squareup/retrofit2/converter-jackson/2.0.2/converter-jackson-2.0.2.pom (2 KB at 80.6 KB/sec)
[INFO] Downloading: http://insecure.repo1.maven.org/maven2/com/squareup/retrofit2/retrofit-converters/2.0.2/retrofit-converters-2.0.2.pom
[INFO] Downloaded: http://insecure.repo1.maven.org/maven2/com/squareup/retrofit2/retrofit-converters/2.0.2/retrofit-converters-2.0.2.pom (796 B at 51.8 KB/sec)
[INFO] Downloading: http://insecure.repo1.maven.org/maven2/com/fasterxml/jackson/core/jackson-databind/2.7.2/jackson-databind-2.7.2.pom
[INFO] Downloaded: http://insecure.repo1.maven.org/maven2/com/fasterxml/jackson/core/jackson-databind/2.7.2/jackson-databind-2.7.2.pom (6 KB at 281.7 KB/sec)
[INFO] Downloading: http://insecure.repo1.maven.org/maven2/com/fasterxml/jackson/jackson-parent/2.7/jackson-parent-2.7.pom
[INFO] Downloaded: http://insecure.repo1.maven.org/maven2/com/fasterxml/jackson/jackson-parent/2.7/jackson-parent-2.7.pom (8 KB at 441.9 KB/sec)
[INFO] Downloading: http://insecure.repo1.maven.org/maven2/com/fasterxml/oss-parent/25/oss-parent-25.pom
[INFO] Downloaded: http://insecure.repo1.maven.org/maven2/com/fasterxml/oss-parent/25/oss-parent-25.pom (19 KB at 902.0 KB/sec)
[INFO] Downloading: http://insecure.repo1.maven.org/maven2/com/fasterxml/jackson/core/jackson-annotations/2.7.0/jackson-annotations-2.7.0.pom
[INFO] Downloaded: http://insecure.repo1.maven.org/maven2/com/fasterxml/jackson/core/jackson-annotations/2.7.0/jackson-annotations-2.7.0.pom (2 KB at 88.7 KB/sec)
[INFO] Downloading: http://insecure.repo1.maven.org/maven2/com/fasterxml/jackson/core/jackson-core/2.7.2/jackson-core-2.7.2.pom
[INFO] Downloaded: http://insecure.repo1.maven.org/maven2/com/fasterxml/jackson/core/jackson-core/2.7.2/jackson-core-2.7.2.pom (5 KB at 309.0 KB/sec)
[INFO] Downloading: http://insecure.repo1.maven.org/maven2/com/fasterxml/jackson/datatype/jackson-datatype-joda/2.7.2/jackson-datatype-joda-2.7.2.pom
[INFO] Downloaded: http://insecure.repo1.maven.org/maven2/com/fasterxml/jackson/datatype/jackson-datatype-joda/2.7.2/jackson-datatype-joda-2.7.2.pom (4 KB at 199.0 KB/sec)
[INFO] Downloading: http://insecure.repo1.maven.org/maven2/joda-time/joda-time/2.4/joda-time-2.4.pom
[INFO] Downloaded: http://insecure.repo1.maven.org/maven2/joda-time/joda-time/2.4/joda-time-2.4.pom (26 KB at 1225.7 KB/sec)
[INFO] Downloading: http://insecure.repo1.maven.org/maven2/org/apache/commons/commons-lang3/3.4/commons-lang3-3.4.pom
[INFO] Downloaded: http://insecure.repo1.maven.org/maven2/org/apache/commons/commons-lang3/3.4/commons-lang3-3.4.pom (22 KB at 1140.2 KB/sec)
[INFO] Downloading: http://insecure.repo1.maven.org/maven2/org/apache/commons/commons-parent/37/commons-parent-37.pom
[INFO] Downloaded: http://insecure.repo1.maven.org/maven2/org/apache/commons/commons-parent/37/commons-parent-37.pom (62 KB at 2280.2 KB/sec)
[INFO] Downloading: http://insecure.repo1.maven.org/maven2/junit/junit/4.12/junit-4.12.pom
[INFO] Downloaded: http://insecure.repo1.maven.org/maven2/junit/junit/4.12/junit-4.12.pom (24 KB at 797.3 KB/sec)
[INFO] Downloading: http://insecure.repo1.maven.org/maven2/org/hamcrest/hamcrest-core/1.3/hamcrest-core-1.3.pom
[INFO] Downloaded: http://insecure.repo1.maven.org/maven2/org/hamcrest/hamcrest-core/1.3/hamcrest-core-1.3.pom (766 B at 46.8 KB/sec)
[INFO] Downloading: http://insecure.repo1.maven.org/maven2/org/hamcrest/hamcrest-parent/1.3/hamcrest-parent-1.3.pom
[INFO] Downloaded: http://insecure.repo1.maven.org/maven2/org/hamcrest/hamcrest-parent/1.3/hamcrest-parent-1.3.pom (2 KB at 120.4 KB/sec)
[INFO] Downloading: http://insecure.repo1.maven.org/maven2/com/google/guava/guava/18.0/guava-18.0.jar
[INFO] Downloading: http://insecure.repo1.maven.org/maven2/com/squareup/retrofit2/retrofit/2.0.2/retrofit-2.0.2.jar
[INFO] Downloading: http://insecure.repo1.maven.org/maven2/com/squareup/okhttp3/okhttp/3.3.1/okhttp-3.3.1.jar
[INFO] Downloading: http://insecure.repo1.maven.org/maven2/com/squareup/okio/okio/1.8.0/okio-1.8.0.jar
[INFO] Downloading: http://insecure.repo1.maven.org/maven2/com/squareup/okhttp3/logging-interceptor/3.3.1/logging-interceptor-3.3.1.jar
[INFO] Downloaded: http://insecure.repo1.maven.org/maven2/com/squareup/okhttp3/logging-interceptor/3.3.1/logging-interceptor-3.3.1.jar (8 KB at 202.4 KB/sec)
[INFO] Downloading: http://insecure.repo1.maven.org/maven2/com/squareup/okhttp3/okhttp-urlconnection/3.3.1/okhttp-urlconnection-3.3.1.jar
[INFO] Downloaded: http://insecure.repo1.maven.org/maven2/com/squareup/okhttp3/okhttp-urlconnection/3.3.1/okhttp-urlconnection-3.3.1.jar (27 KB at 250.0 KB/sec)
[INFO] Downloading: http://insecure.repo1.maven.org/maven2/com/squareup/retrofit2/converter-jackson/2.0.2/converter-jackson-2.0.2.jar
[INFO] Downloaded: http://insecure.repo1.maven.org/maven2/com/squareup/okio/okio/1.8.0/okio-1.8.0.jar (71 KB at 581.2 KB/sec)
[INFO] Downloading: http://insecure.repo1.maven.org/maven2/com/fasterxml/jackson/core/jackson-databind/2.7.2/jackson-databind-2.7.2.jar
[INFO] Downloaded: http://insecure.repo1.maven.org/maven2/com/squareup/retrofit2/converter-jackson/2.0.2/converter-jackson-2.0.2.jar (6 KB at 38.3 KB/sec)
[INFO] Downloading: http://insecure.repo1.maven.org/maven2/com/fasterxml/jackson/datatype/jackson-datatype-joda/2.7.2/jackson-datatype-joda-2.7.2.jar
[INFO] Downloaded: http://insecure.repo1.maven.org/maven2/com/squareup/retrofit2/retrofit/2.0.2/retrofit-2.0.2.jar (85 KB at 546.8 KB/sec)
[INFO] Downloading: http://insecure.repo1.maven.org/maven2/com/fasterxml/jackson/core/jackson-annotations/2.7.0/jackson-annotations-2.7.0.jar
[INFO] Downloaded: http://insecure.repo1.maven.org/maven2/com/fasterxml/jackson/datatype/jackson-datatype-joda/2.7.2/jackson-datatype-joda-2.7.2.jar (65 KB at 237.2 KB/sec)
[INFO] Downloading: http://insecure.repo1.maven.org/maven2/com/fasterxml/jackson/core/jackson-core/2.7.2/jackson-core-2.7.2.jar
[INFO] Downloaded: http://insecure.repo1.maven.org/maven2/com/fasterxml/jackson/core/jackson-annotations/2.7.0/jackson-annotations-2.7.0.jar (50 KB at 141.2 KB/sec)
[INFO] Downloading: http://insecure.repo1.maven.org/maven2/joda-time/joda-time/2.4/joda-time-2.4.jar
[INFO] Downloaded: http://insecure.repo1.maven.org/maven2/com/squareup/okhttp3/okhttp/3.3.1/okhttp-3.3.1.jar (336 KB at 648.1 KB/sec)
[INFO] Downloading: http://insecure.repo1.maven.org/maven2/org/apache/commons/commons-lang3/3.4/commons-lang3-3.4.jar
[INFO] Downloaded: http://insecure.repo1.maven.org/maven2/com/fasterxml/jackson/core/jackson-core/2.7.2/jackson-core-2.7.2.jar (247 KB at 395.9 KB/sec)
[INFO] Downloading: http://insecure.repo1.maven.org/maven2/junit/junit/4.12/junit-4.12.jar
[INFO] Downloaded: http://insecure.repo1.maven.org/maven2/junit/junit/4.12/junit-4.12.jar (308 KB at 266.0 KB/sec)
[INFO] Downloading: http://insecure.repo1.maven.org/maven2/org/hamcrest/hamcrest-core/1.3/hamcrest-core-1.3.jar
[INFO] Downloaded: http://insecure.repo1.maven.org/maven2/org/apache/commons/commons-lang3/3.4/commons-lang3-3.4.jar (425 KB at 361.0 KB/sec)
[INFO] Downloaded: http://insecure.repo1.maven.org/maven2/org/hamcrest/hamcrest-core/1.3/hamcrest-core-1.3.jar (44 KB at 35.2 KB/sec)
[INFO] Downloaded: http://insecure.repo1.maven.org/maven2/joda-time/joda-time/2.4/joda-time-2.4.jar (573 KB at 442.4 KB/sec)
[INFO] Downloaded: http://insecure.repo1.maven.org/maven2/com/fasterxml/jackson/core/jackson-databind/2.7.2/jackson-databind-2.7.2.jar (1173 KB at 572.7 KB/sec)
[INFO] Downloaded: http://insecure.repo1.maven.org/maven2/com/google/guava/guava/18.0/guava-18.0.jar (2204 KB at 684.1 KB/sec)
[INFO] 
[INFO] --- maven-resources-plugin:2.4.3:resources (default-resources) @ client-runtime ---
[INFO] Using 'UTF-8' encoding to copy filtered resources.
[INFO] skip non existing resourceDirectory /home/travis/build/failed/Azure/azure-sdk-for-java/runtimes/client-runtime/src/main/resources
[INFO] 
[INFO] --- maven-compiler-plugin:3.1:compile (default-compile) @ client-runtime ---
[INFO] Changes detected - recompiling the module!
[INFO] Compiling 37 source files to /home/travis/build/failed/Azure/azure-sdk-for-java/runtimes/client-runtime/target/classes
[WARNING] bootstrap class path not set in conjunction with -source 1.7
[WARNING] /home/travis/build/failed/Azure/azure-sdk-for-java/runtimes/client-runtime/src/main/java/com/microsoft/rest/serializer/JacksonConverterFactory.java:[64,37] reader(com.fasterxml.jackson.databind.JavaType) in com.fasterxml.jackson.databind.ObjectMapper has been deprecated
[WARNING] /home/travis/build/failed/Azure/azure-sdk-for-java/runtimes/client-runtime/src/main/java/com/microsoft/rest/Validator.java:[45,51] unchecked method invocation: method of in class com.google.common.reflect.TypeToken is applied to given types
  required: java.lang.Class<T>
  found: java.lang.Class
[WARNING] /home/travis/build/failed/Azure/azure-sdk-for-java/runtimes/client-runtime/src/main/java/com/microsoft/rest/Validator.java:[45,52] unchecked conversion
  required: java.lang.Class<T>
  found:    java.lang.Class
[WARNING] /home/travis/build/failed/Azure/azure-sdk-for-java/runtimes/client-runtime/src/main/java/com/microsoft/rest/serializer/FlatteningDeserializer.java:[97,40] put(java.lang.String,com.fasterxml.jackson.databind.JsonNode) in com.fasterxml.jackson.databind.node.ObjectNode has been deprecated
[WARNING] /home/travis/build/failed/Azure/azure-sdk-for-java/runtimes/client-runtime/src/main/java/com/microsoft/rest/serializer/FlatteningSerializer.java:[117,33] put(java.lang.String,com.fasterxml.jackson.databind.JsonNode) in com.fasterxml.jackson.databind.node.ObjectNode has been deprecated
[INFO] 
[INFO] --- maven-resources-plugin:2.4.3:testResources (default-testResources) @ client-runtime ---
[INFO] Using 'UTF-8' encoding to copy filtered resources.
[INFO] skip non existing resourceDirectory /home/travis/build/failed/Azure/azure-sdk-for-java/runtimes/client-runtime/src/test/resources
[INFO] 
[INFO] --- maven-compiler-plugin:3.1:testCompile (default-testCompile) @ client-runtime ---
[INFO] Changes detected - recompiling the module!
[INFO] Compiling 5 source files to /home/travis/build/failed/Azure/azure-sdk-for-java/runtimes/client-runtime/target/test-classes
[WARNING] bootstrap class path not set in conjunction with -source 1.7
[INFO] 
[INFO] --- maven-surefire-plugin:2.18.1:test (default-test) @ client-runtime ---
[INFO] Tests are skipped.
[INFO] 
[INFO] --- maven-jar-plugin:2.4:jar (default-jar) @ client-runtime ---
[INFO] Building jar: /home/travis/build/failed/Azure/azure-sdk-for-java/runtimes/client-runtime/target/client-runtime-1.0.0-SNAPSHOT.jar
[INFO] 
[INFO] --- maven-install-plugin:2.4:install (default-install) @ client-runtime ---
[INFO] Installing /home/travis/build/failed/Azure/azure-sdk-for-java/runtimes/client-runtime/target/client-runtime-1.0.0-SNAPSHOT.jar to /home/travis/.m2/repository/com/microsoft/rest/client-runtime/1.0.0-SNAPSHOT/client-runtime-1.0.0-SNAPSHOT.jar
[INFO] Installing /home/travis/build/failed/Azure/azure-sdk-for-java/runtimes/client-runtime/pom.xml to /home/travis/.m2/repository/com/microsoft/rest/client-runtime/1.0.0-SNAPSHOT/client-runtime-1.0.0-SNAPSHOT.pom
[INFO]                                                                         
[INFO] ------------------------------------------------------------------------
[INFO] Building Azure Java Client Runtime for AutoRest 1.0.0-SNAPSHOT
[INFO] ------------------------------------------------------------------------
[INFO] 
[INFO] --- maven-resources-plugin:2.4.3:resources (default-resources) @ azure-client-runtime ---
[INFO] Using 'UTF-8' encoding to copy filtered resources.
[INFO] skip non existing resourceDirectory /home/travis/build/failed/Azure/azure-sdk-for-java/runtimes/azure-client-runtime/src/main/resources
[INFO] 
[INFO] --- maven-compiler-plugin:3.1:compile (default-compile) @ azure-client-runtime ---
[INFO] Changes detected - recompiling the module!
[INFO] Compiling 29 source files to /home/travis/build/failed/Azure/azure-sdk-for-java/runtimes/azure-client-runtime/target/classes
[WARNING] bootstrap class path not set in conjunction with -source 1.7
[WARNING] /home/travis/build/failed/Azure/azure-sdk-for-java/runtimes/azure-client-runtime/src/main/java/com/microsoft/azure/Graph.java:[77,22] unchecked call to visit(U) as a member of the raw type com.microsoft.azure.Graph.Visitor
[WARNING] /home/travis/build/failed/Azure/azure-sdk-for-java/runtimes/azure-client-runtime/src/main/java/com/microsoft/azure/AzureResponse.java:[26,14] unchecked method invocation: constructor <init> in class com.microsoft.rest.ServiceResponse is applied to given types
  required: T,retrofit2.Response<okhttp3.ResponseBody>
  found: T,retrofit2.Response
[WARNING] /home/travis/build/failed/Azure/azure-sdk-for-java/runtimes/azure-client-runtime/src/main/java/com/microsoft/azure/AzureResponse.java:[26,21] unchecked conversion
  required: retrofit2.Response<okhttp3.ResponseBody>
  found:    retrofit2.Response
[INFO] 
[INFO] --- maven-resources-plugin:2.4.3:testResources (default-testResources) @ azure-client-runtime ---
[INFO] Using 'UTF-8' encoding to copy filtered resources.
[INFO] skip non existing resourceDirectory /home/travis/build/failed/Azure/azure-sdk-for-java/runtimes/azure-client-runtime/src/test/resources
[INFO] 
[INFO] --- maven-compiler-plugin:3.1:testCompile (default-testCompile) @ azure-client-runtime ---
[INFO] Changes detected - recompiling the module!
[INFO] Compiling 4 source files to /home/travis/build/failed/Azure/azure-sdk-for-java/runtimes/azure-client-runtime/target/test-classes
[WARNING] bootstrap class path not set in conjunction with -source 1.7
[INFO] 
[INFO] --- maven-surefire-plugin:2.18.1:test (default-test) @ azure-client-runtime ---
[INFO] Tests are skipped.
[INFO] 
[INFO] --- maven-jar-plugin:2.4:jar (default-jar) @ azure-client-runtime ---
[INFO] Building jar: /home/travis/build/failed/Azure/azure-sdk-for-java/runtimes/azure-client-runtime/target/azure-client-runtime-1.0.0-SNAPSHOT.jar
[INFO] 
[INFO] --- maven-install-plugin:2.4:install (default-install) @ azure-client-runtime ---
[INFO] Installing /home/travis/build/failed/Azure/azure-sdk-for-java/runtimes/azure-client-runtime/target/azure-client-runtime-1.0.0-SNAPSHOT.jar to /home/travis/.m2/repository/com/microsoft/azure/azure-client-runtime/1.0.0-SNAPSHOT/azure-client-runtime-1.0.0-SNAPSHOT.jar
[INFO] Installing /home/travis/build/failed/Azure/azure-sdk-for-java/runtimes/azure-client-runtime/pom.xml to /home/travis/.m2/repository/com/microsoft/azure/azure-client-runtime/1.0.0-SNAPSHOT/azure-client-runtime-1.0.0-SNAPSHOT.pom
[INFO]                                                                         
[INFO] ------------------------------------------------------------------------
[INFO] Building Azure Java Client Authentication Library for AutoRest 1.0.0-SNAPSHOT
[INFO] ------------------------------------------------------------------------
[INFO] Downloading: http://insecure.repo1.maven.org/maven2/com/microsoft/azure/adal4j/1.1.2/adal4j-1.1.2.pom
[INFO] Downloaded: http://insecure.repo1.maven.org/maven2/com/microsoft/azure/adal4j/1.1.2/adal4j-1.1.2.pom (6 KB at 536.0 KB/sec)
[INFO] Downloading: http://insecure.repo1.maven.org/maven2/com/nimbusds/oauth2-oidc-sdk/4.5/oauth2-oidc-sdk-4.5.pom
[INFO] Downloaded: http://insecure.repo1.maven.org/maven2/com/nimbusds/oauth2-oidc-sdk/4.5/oauth2-oidc-sdk-4.5.pom (7 KB at 696.9 KB/sec)
[INFO] Downloading: http://insecure.repo1.maven.org/maven2/javax/mail/mail/1.4.7/mail-1.4.7.pom
[INFO] Downloaded: http://insecure.repo1.maven.org/maven2/javax/mail/mail/1.4.7/mail-1.4.7.pom (6 KB at 471.9 KB/sec)
[INFO] Downloading: http://insecure.repo1.maven.org/maven2/com/sun/mail/all/1.4.7/all-1.4.7.pom
[INFO] Downloaded: http://insecure.repo1.maven.org/maven2/com/sun/mail/all/1.4.7/all-1.4.7.pom (20 KB at 1662.7 KB/sec)
[INFO] Downloading: http://insecure.repo1.maven.org/maven2/net/java/jvnet-parent/1/jvnet-parent-1.pom
[INFO] Downloaded: http://insecure.repo1.maven.org/maven2/net/java/jvnet-parent/1/jvnet-parent-1.pom (5 KB at 418.2 KB/sec)
[INFO] Downloading: http://insecure.repo1.maven.org/maven2/javax/activation/activation/1.1/activation-1.1.pom
[INFO] Downloaded: http://insecure.repo1.maven.org/maven2/javax/activation/activation/1.1/activation-1.1.pom (2 KB at 93.9 KB/sec)
[INFO] Downloading: http://insecure.repo1.maven.org/maven2/net/jcip/jcip-annotations/1.0/jcip-annotations-1.0.pom
[INFO] Downloaded: http://insecure.repo1.maven.org/maven2/net/jcip/jcip-annotations/1.0/jcip-annotations-1.0.pom (491 B at 43.6 KB/sec)
[INFO] Downloading: http://insecure.repo1.maven.org/maven2/commons-codec/commons-codec/1.9/commons-codec-1.9.pom
[INFO] Downloaded: http://insecure.repo1.maven.org/maven2/commons-codec/commons-codec/1.9/commons-codec-1.9.pom (12 KB at 939.4 KB/sec)
[INFO] Downloading: http://insecure.repo1.maven.org/maven2/org/apache/commons/commons-parent/32/commons-parent-32.pom
[INFO] Downloaded: http://insecure.repo1.maven.org/maven2/org/apache/commons/commons-parent/32/commons-parent-32.pom (52 KB at 4295.5 KB/sec)
[INFO] Downloading: http://insecure.repo1.maven.org/maven2/net/minidev/json-smart/1.1.1/json-smart-1.1.1.pom
[INFO] Downloaded: http://insecure.repo1.maven.org/maven2/net/minidev/json-smart/1.1.1/json-smart-1.1.1.pom (2 KB at 120.0 KB/sec)
[INFO] Downloading: http://insecure.repo1.maven.org/maven2/net/minidev/parent/1.1.1/parent-1.1.1.pom
[INFO] Downloaded: http://insecure.repo1.maven.org/maven2/net/minidev/parent/1.1.1/parent-1.1.1.pom (11 KB at 883.4 KB/sec)
[INFO] Downloading: http://insecure.repo1.maven.org/maven2/com/nimbusds/lang-tag/1.4/lang-tag-1.4.pom
[INFO] Downloaded: http://insecure.repo1.maven.org/maven2/com/nimbusds/lang-tag/1.4/lang-tag-1.4.pom (6 KB at 529.4 KB/sec)
[INFO] Downloading: http://insecure.repo1.maven.org/maven2/com/nimbusds/nimbus-jose-jwt/3.1.2/nimbus-jose-jwt-3.1.2.pom
[INFO] Downloaded: http://insecure.repo1.maven.org/maven2/com/nimbusds/nimbus-jose-jwt/3.1.2/nimbus-jose-jwt-3.1.2.pom (11 KB at 922.0 KB/sec)
[INFO] Downloading: http://insecure.repo1.maven.org/maven2/org/bouncycastle/bcprov-jdk15on/1.51/bcprov-jdk15on-1.51.pom
[INFO] Downloaded: http://insecure.repo1.maven.org/maven2/org/bouncycastle/bcprov-jdk15on/1.51/bcprov-jdk15on-1.51.pom (2 KB at 102.6 KB/sec)
[INFO] Downloading: http://insecure.repo1.maven.org/maven2/com/google/code/gson/gson/2.2.4/gson-2.2.4.pom
[INFO] Downloaded: http://insecure.repo1.maven.org/maven2/com/google/code/gson/gson/2.2.4/gson-2.2.4.pom (8 KB at 713.6 KB/sec)
[INFO] Downloading: http://insecure.repo1.maven.org/maven2/org/slf4j/slf4j-api/1.7.5/slf4j-api-1.7.5.pom
[INFO] Downloaded: http://insecure.repo1.maven.org/maven2/org/slf4j/slf4j-api/1.7.5/slf4j-api-1.7.5.pom (3 KB at 145.9 KB/sec)
[INFO] Downloading: http://insecure.repo1.maven.org/maven2/org/slf4j/slf4j-parent/1.7.5/slf4j-parent-1.7.5.pom
[INFO] Downloaded: http://insecure.repo1.maven.org/maven2/org/slf4j/slf4j-parent/1.7.5/slf4j-parent-1.7.5.pom (12 KB at 960.6 KB/sec)
[INFO] Downloading: http://insecure.repo1.maven.org/maven2/commons-codec/commons-codec/1.10/commons-codec-1.10.pom
[INFO] Downloaded: http://insecure.repo1.maven.org/maven2/commons-codec/commons-codec/1.10/commons-codec-1.10.pom (12 KB at 1030.6 KB/sec)
[INFO] Downloading: http://insecure.repo1.maven.org/maven2/org/apache/commons/commons-parent/35/commons-parent-35.pom
[INFO] Downloaded: http://insecure.repo1.maven.org/maven2/org/apache/commons/commons-parent/35/commons-parent-35.pom (57 KB at 4029.9 KB/sec)
[INFO] Downloading: http://insecure.repo1.maven.org/maven2/org/apache/apache/15/apache-15.pom
[INFO] Downloaded: http://insecure.repo1.maven.org/maven2/org/apache/apache/15/apache-15.pom (15 KB at 1352.6 KB/sec)
[INFO] Downloading: http://insecure.repo1.maven.org/maven2/com/microsoft/azure/adal4j/1.1.2/adal4j-1.1.2.jar
[INFO] Downloading: http://insecure.repo1.maven.org/maven2/com/nimbusds/oauth2-oidc-sdk/4.5/oauth2-oidc-sdk-4.5.jar
[INFO] Downloading: http://insecure.repo1.maven.org/maven2/javax/activation/activation/1.1/activation-1.1.jar
[INFO] Downloading: http://insecure.repo1.maven.org/maven2/net/jcip/jcip-annotations/1.0/jcip-annotations-1.0.jar
[INFO] Downloading: http://insecure.repo1.maven.org/maven2/javax/mail/mail/1.4.7/mail-1.4.7.jar
[INFO] Downloaded: http://insecure.repo1.maven.org/maven2/com/microsoft/azure/adal4j/1.1.2/adal4j-1.1.2.jar (70 KB at 4358.2 KB/sec)
[INFO] Downloading: http://insecure.repo1.maven.org/maven2/net/minidev/json-smart/1.1.1/json-smart-1.1.1.jar
[INFO] Downloaded: http://insecure.repo1.maven.org/maven2/net/jcip/jcip-annotations/1.0/jcip-annotations-1.0.jar (3 KB at 104.8 KB/sec)
[INFO] Downloading: http://insecure.repo1.maven.org/maven2/com/nimbusds/lang-tag/1.4/lang-tag-1.4.jar
[INFO] Downloaded: http://insecure.repo1.maven.org/maven2/net/minidev/json-smart/1.1.1/json-smart-1.1.1.jar (51 KB at 1795.6 KB/sec)
[INFO] Downloading: http://insecure.repo1.maven.org/maven2/com/nimbusds/nimbus-jose-jwt/3.1.2/nimbus-jose-jwt-3.1.2.jar
[INFO] Downloaded: http://insecure.repo1.maven.org/maven2/com/nimbusds/nimbus-jose-jwt/3.1.2/nimbus-jose-jwt-3.1.2.jar (171 KB at 3876.0 KB/sec)
[INFO] Downloading: http://insecure.repo1.maven.org/maven2/org/bouncycastle/bcprov-jdk15on/1.51/bcprov-jdk15on-1.51.jar
[INFO] Downloaded: http://insecure.repo1.maven.org/maven2/com/nimbusds/lang-tag/1.4/lang-tag-1.4.jar (10 KB at 201.3 KB/sec)
[INFO] Downloading: http://insecure.repo1.maven.org/maven2/com/google/code/gson/gson/2.2.4/gson-2.2.4.jar
[INFO] Downloaded: http://insecure.repo1.maven.org/maven2/com/google/code/gson/gson/2.2.4/gson-2.2.4.jar (186 KB at 1897.6 KB/sec)
[INFO] Downloading: http://insecure.repo1.maven.org/maven2/org/slf4j/slf4j-api/1.7.5/slf4j-api-1.7.5.jar
[INFO] Downloaded: http://insecure.repo1.maven.org/maven2/javax/activation/activation/1.1/activation-1.1.jar (62 KB at 591.4 KB/sec)
[INFO] Downloading: http://insecure.repo1.maven.org/maven2/commons-codec/commons-codec/1.10/commons-codec-1.10.jar
[INFO] Downloaded: http://insecure.repo1.maven.org/maven2/org/slf4j/slf4j-api/1.7.5/slf4j-api-1.7.5.jar (26 KB at 231.6 KB/sec)
[INFO] Downloaded: http://insecure.repo1.maven.org/maven2/org/bouncycastle/bcprov-jdk15on/1.51/bcprov-jdk15on-1.51.jar (2777 KB at 20716.7 KB/sec)
[INFO] Downloaded: http://insecure.repo1.maven.org/maven2/commons-codec/commons-codec/1.10/commons-codec-1.10.jar (278 KB at 1508.3 KB/sec)
[INFO] Downloaded: http://insecure.repo1.maven.org/maven2/com/nimbusds/oauth2-oidc-sdk/4.5/oauth2-oidc-sdk-4.5.jar (239 KB at 600.1 KB/sec)
[INFO] Downloaded: http://insecure.repo1.maven.org/maven2/javax/mail/mail/1.4.7/mail-1.4.7.jar (509 KB at 705.9 KB/sec)
[INFO] 
[INFO] --- maven-resources-plugin:2.4.3:resources (default-resources) @ azure-client-authentication ---
[INFO] Using 'UTF-8' encoding to copy filtered resources.
[INFO] skip non existing resourceDirectory /home/travis/build/failed/Azure/azure-sdk-for-java/runtimes/azure-client-authentication/src/main/resources
[INFO] 
[INFO] --- maven-compiler-plugin:3.1:compile (default-compile) @ azure-client-authentication ---
[INFO] Changes detected - recompiling the module!
[INFO] Compiling 3 source files to /home/travis/build/failed/Azure/azure-sdk-for-java/runtimes/azure-client-authentication/target/classes
[WARNING] bootstrap class path not set in conjunction with -source 1.7
[INFO] 
[INFO] --- maven-resources-plugin:2.4.3:testResources (default-testResources) @ azure-client-authentication ---
[INFO] Using 'UTF-8' encoding to copy filtered resources.
[INFO] skip non existing resourceDirectory /home/travis/build/failed/Azure/azure-sdk-for-java/runtimes/azure-client-authentication/src/test/resources
[INFO] 
[INFO] --- maven-compiler-plugin:3.1:testCompile (default-testCompile) @ azure-client-authentication ---
[INFO] Changes detected - recompiling the module!
[INFO] Compiling 1 source file to /home/travis/build/failed/Azure/azure-sdk-for-java/runtimes/azure-client-authentication/target/test-classes
[WARNING] bootstrap class path not set in conjunction with -source 1.7
[INFO] 
[INFO] --- maven-surefire-plugin:2.18.1:test (default-test) @ azure-client-authentication ---
[INFO] Tests are skipped.
[INFO] 
[INFO] --- maven-jar-plugin:2.4:jar (default-jar) @ azure-client-authentication ---
[INFO] Building jar: /home/travis/build/failed/Azure/azure-sdk-for-java/runtimes/azure-client-authentication/target/azure-client-authentication-1.0.0-SNAPSHOT.jar
[INFO] 
[INFO] --- maven-install-plugin:2.4:install (default-install) @ azure-client-authentication ---
[INFO] Installing /home/travis/build/failed/Azure/azure-sdk-for-java/runtimes/azure-client-authentication/target/azure-client-authentication-1.0.0-SNAPSHOT.jar to /home/travis/.m2/repository/com/microsoft/azure/azure-client-authentication/1.0.0-SNAPSHOT/azure-client-authentication-1.0.0-SNAPSHOT.jar
[INFO] Installing /home/travis/build/failed/Azure/azure-sdk-for-java/runtimes/azure-client-authentication/pom.xml to /home/travis/.m2/repository/com/microsoft/azure/azure-client-authentication/1.0.0-SNAPSHOT/azure-client-authentication-1.0.0-SNAPSHOT.pom
[INFO]                                                                         
[INFO] ------------------------------------------------------------------------
[INFO] Building Microsoft Azure SDK Parent 1.0.0-SNAPSHOT
[INFO] ------------------------------------------------------------------------
[INFO] 
[INFO] --- maven-install-plugin:2.4:install (default-install) @ azure-parent ---
[INFO] Installing /home/travis/build/failed/Azure/azure-sdk-for-java/pom.xml to /home/travis/.m2/repository/com/microsoft/azure/azure-parent/1.0.0-SNAPSHOT/azure-parent-1.0.0-SNAPSHOT.pom
[INFO]                                                                         
[INFO] ------------------------------------------------------------------------
[INFO] Building Microsoft Azure SDK for Resource Management 1.0.0-SNAPSHOT
[INFO] ------------------------------------------------------------------------
[INFO] Downloading: http://insecure.repo1.maven.org/maven2/com/squareup/okhttp3/okhttp/3.2.0/okhttp-3.2.0.pom
[INFO] Downloaded: http://insecure.repo1.maven.org/maven2/com/squareup/okhttp3/okhttp/3.2.0/okhttp-3.2.0.pom (2 KB at 100.2 KB/sec)
[INFO] Downloading: http://insecure.repo1.maven.org/maven2/com/squareup/okhttp3/parent/3.2.0/parent-3.2.0.pom
[INFO] Downloaded: http://insecure.repo1.maven.org/maven2/com/squareup/okhttp3/parent/3.2.0/parent-3.2.0.pom (10 KB at 544.0 KB/sec)
[INFO] Downloading: http://insecure.repo1.maven.org/maven2/com/squareup/okio/okio/1.6.0/okio-1.6.0.pom
[INFO] Downloaded: http://insecure.repo1.maven.org/maven2/com/squareup/okio/okio/1.6.0/okio-1.6.0.pom (2 KB at 96.3 KB/sec)
[INFO] Downloading: http://insecure.repo1.maven.org/maven2/com/squareup/okio/okio-parent/1.6.0/okio-parent-1.6.0.pom
[INFO] Downloaded: http://insecure.repo1.maven.org/maven2/com/squareup/okio/okio-parent/1.6.0/okio-parent-1.6.0.pom (4 KB at 207.9 KB/sec)
[INFO] Downloading: http://insecure.repo1.maven.org/maven2/com/fasterxml/jackson/core/jackson-databind/2.6.3/jackson-databind-2.6.3.pom
[INFO] Downloaded: http://insecure.repo1.maven.org/maven2/com/fasterxml/jackson/core/jackson-databind/2.6.3/jackson-databind-2.6.3.pom (6 KB at 348.3 KB/sec)
[INFO] Downloading: http://insecure.repo1.maven.org/maven2/com/fasterxml/jackson/jackson-parent/2.6.1/jackson-parent-2.6.1.pom
[INFO] Downloaded: http://insecure.repo1.maven.org/maven2/com/fasterxml/jackson/jackson-parent/2.6.1/jackson-parent-2.6.1.pom (8 KB at 447.8 KB/sec)
[INFO] Downloading: http://insecure.repo1.maven.org/maven2/com/fasterxml/oss-parent/23/oss-parent-23.pom
[INFO] Downloaded: http://insecure.repo1.maven.org/maven2/com/fasterxml/oss-parent/23/oss-parent-23.pom (19 KB at 991.6 KB/sec)
[INFO] Downloading: http://insecure.repo1.maven.org/maven2/com/fasterxml/jackson/core/jackson-annotations/2.6.0/jackson-annotations-2.6.0.pom
[INFO] Downloaded: http://insecure.repo1.maven.org/maven2/com/fasterxml/jackson/core/jackson-annotations/2.6.0/jackson-annotations-2.6.0.pom (2 KB at 74.4 KB/sec)
[INFO] Downloading: http://insecure.repo1.maven.org/maven2/com/fasterxml/jackson/core/jackson-core/2.6.3/jackson-core-2.6.3.pom
[INFO] Downloaded: http://insecure.repo1.maven.org/maven2/com/fasterxml/jackson/core/jackson-core/2.6.3/jackson-core-2.6.3.pom (5 KB at 297.1 KB/sec)
[INFO] Downloading: http://insecure.repo1.maven.org/maven2/com/microsoft/azure/azure-client-authentication/1.0.0-beta1/azure-client-authentication-1.0.0-beta1.pom
[INFO] Downloaded: http://insecure.repo1.maven.org/maven2/com/microsoft/azure/azure-client-authentication/1.0.0-beta1/azure-client-authentication-1.0.0-beta1.pom (3 KB at 127.1 KB/sec)
[INFO] Downloading: http://insecure.repo1.maven.org/maven2/org/apache/commons/commons-lang3/3.3.1/commons-lang3-3.3.1.pom
[INFO] Downloaded: http://insecure.repo1.maven.org/maven2/org/apache/commons/commons-lang3/3.3.1/commons-lang3-3.3.1.pom (20 KB at 1048.4 KB/sec)
[INFO] Downloading: http://insecure.repo1.maven.org/maven2/org/apache/commons/commons-parent/33/commons-parent-33.pom
[INFO] Downloaded: http://insecure.repo1.maven.org/maven2/org/apache/commons/commons-parent/33/commons-parent-33.pom (52 KB at 1994.0 KB/sec)
[INFO] Downloading: http://insecure.repo1.maven.org/maven2/com/microsoft/rest/client-runtime/1.0.0-beta1/client-runtime-1.0.0-beta1.pom
[INFO] Downloaded: http://insecure.repo1.maven.org/maven2/com/microsoft/rest/client-runtime/1.0.0-beta1/client-runtime-1.0.0-beta1.pom (4 KB at 196.2 KB/sec)
[INFO] Downloading: http://insecure.repo1.maven.org/maven2/com/squareup/okhttp3/logging-interceptor/3.1.1/logging-interceptor-3.1.1.pom
[INFO] Downloaded: http://insecure.repo1.maven.org/maven2/com/squareup/okhttp3/logging-interceptor/3.1.1/logging-interceptor-3.1.1.pom (2 KB at 80.5 KB/sec)
[INFO] Downloading: http://insecure.repo1.maven.org/maven2/com/squareup/okhttp3/parent/3.1.1/parent-3.1.1.pom
[INFO] Downloaded: http://insecure.repo1.maven.org/maven2/com/squareup/okhttp3/parent/3.1.1/parent-3.1.1.pom (10 KB at 513.8 KB/sec)
[INFO] Downloading: http://insecure.repo1.maven.org/maven2/com/squareup/okhttp3/okhttp/3.1.1/okhttp-3.1.1.pom
[INFO] Downloaded: http://insecure.repo1.maven.org/maven2/com/squareup/okhttp3/okhttp/3.1.1/okhttp-3.1.1.pom (2 KB at 93.9 KB/sec)
[INFO] Downloading: http://insecure.repo1.maven.org/maven2/com/squareup/retrofit2/retrofit/2.0.0-beta4/retrofit-2.0.0-beta4.pom
[INFO] Downloaded: http://insecure.repo1.maven.org/maven2/com/squareup/retrofit2/retrofit/2.0.0-beta4/retrofit-2.0.0-beta4.pom (2 KB at 113.6 KB/sec)
[INFO] Downloading: http://insecure.repo1.maven.org/maven2/com/squareup/retrofit2/parent/2.0.0-beta4/parent-2.0.0-beta4.pom
[INFO] Downloaded: http://insecure.repo1.maven.org/maven2/com/squareup/retrofit2/parent/2.0.0-beta4/parent-2.0.0-beta4.pom (9 KB at 483.2 KB/sec)
[INFO] Downloading: http://insecure.repo1.maven.org/maven2/com/squareup/okhttp3/okhttp/3.0.1/okhttp-3.0.1.pom
[INFO] Downloaded: http://insecure.repo1.maven.org/maven2/com/squareup/okhttp3/okhttp/3.0.1/okhttp-3.0.1.pom (2 KB at 100.2 KB/sec)
[INFO] Downloading: http://insecure.repo1.maven.org/maven2/com/squareup/okhttp3/parent/3.0.1/parent-3.0.1.pom
[INFO] Downloaded: http://insecure.repo1.maven.org/maven2/com/squareup/okhttp3/parent/3.0.1/parent-3.0.1.pom (10 KB at 513.8 KB/sec)
[INFO] Downloading: http://insecure.repo1.maven.org/maven2/com/fasterxml/jackson/datatype/jackson-datatype-joda/2.7.1/jackson-datatype-joda-2.7.1.pom
[INFO] Downloaded: http://insecure.repo1.maven.org/maven2/com/fasterxml/jackson/datatype/jackson-datatype-joda/2.7.1/jackson-datatype-joda-2.7.1.pom (4 KB at 188.8 KB/sec)
[INFO] Downloading: http://insecure.repo1.maven.org/maven2/com/squareup/retrofit2/converter-jackson/2.0.0-beta4/converter-jackson-2.0.0-beta4.pom
[INFO] Downloaded: http://insecure.repo1.maven.org/maven2/com/squareup/retrofit2/converter-jackson/2.0.0-beta4/converter-jackson-2.0.0-beta4.pom (2 KB at 80.9 KB/sec)
[INFO] Downloading: http://insecure.repo1.maven.org/maven2/com/squareup/retrofit2/retrofit-converters/2.0.0-beta4/retrofit-converters-2.0.0-beta4.pom
[INFO] Downloaded: http://insecure.repo1.maven.org/maven2/com/squareup/retrofit2/retrofit-converters/2.0.0-beta4/retrofit-converters-2.0.0-beta4.pom (802 B at 52.2 KB/sec)
[INFO] Downloading: http://insecure.repo1.maven.org/maven2/com/squareup/okhttp3/okhttp/3.1.2/okhttp-3.1.2.pom
[INFO] Downloaded: http://insecure.repo1.maven.org/maven2/com/squareup/okhttp3/okhttp/3.1.2/okhttp-3.1.2.pom (2 KB at 107.4 KB/sec)
[INFO] Downloading: http://insecure.repo1.maven.org/maven2/com/squareup/okhttp3/parent/3.1.2/parent-3.1.2.pom
[INFO] Downloaded: http://insecure.repo1.maven.org/maven2/com/squareup/okhttp3/parent/3.1.2/parent-3.1.2.pom (10 KB at 544.0 KB/sec)
[INFO] Downloading: http://insecure.repo1.maven.org/maven2/com/squareup/okhttp3/okhttp-urlconnection/3.1.1/okhttp-urlconnection-3.1.1.pom
[INFO] Downloaded: http://insecure.repo1.maven.org/maven2/com/squareup/okhttp3/okhttp-urlconnection/3.1.1/okhttp-urlconnection-3.1.1.pom (2 KB at 115.8 KB/sec)
[INFO] Downloading: http://insecure.repo1.maven.org/maven2/com/fasterxml/jackson/core/jackson-databind/2.6.3/jackson-databind-2.6.3.jar
[INFO] Downloading: http://insecure.repo1.maven.org/maven2/com/fasterxml/jackson/core/jackson-core/2.6.3/jackson-core-2.6.3.jar
[INFO] Downloading: http://insecure.repo1.maven.org/maven2/com/microsoft/azure/azure-client-authentication/1.0.0-beta1/azure-client-authentication-1.0.0-beta1.jar
[INFO] Downloaded: http://insecure.repo1.maven.org/maven2/com/microsoft/azure/azure-client-authentication/1.0.0-beta1/azure-client-authentication-1.0.0-beta1.jar (11 KB at 894.0 KB/sec)
[INFO] Downloaded: http://insecure.repo1.maven.org/maven2/com/fasterxml/jackson/core/jackson-core/2.6.3/jackson-core-2.6.3.jar (253 KB at 366.4 KB/sec)
[INFO] Downloaded: http://insecure.repo1.maven.org/maven2/com/fasterxml/jackson/core/jackson-databind/2.6.3/jackson-databind-2.6.3.jar (1144 KB at 613.7 KB/sec)
[INFO] 
[INFO] --- maven-resources-plugin:2.4.3:resources (default-resources) @ azure-mgmt-resources ---
[INFO] Using 'UTF-8' encoding to copy filtered resources.
[INFO] skip non existing resourceDirectory /home/travis/build/failed/Azure/azure-sdk-for-java/azure-mgmt-resources/src/main/resources
[INFO] 
[INFO] --- maven-compiler-plugin:3.1:compile (default-compile) @ azure-mgmt-resources ---
[INFO] Changes detected - recompiling the module!
[INFO] Compiling 155 source files to /home/travis/build/failed/Azure/azure-sdk-for-java/azure-mgmt-resources/target/classes
[WARNING] bootstrap class path not set in conjunction with -source 1.7
[WARNING] /home/travis/build/failed/Azure/azure-sdk-for-java/azure-mgmt-resources/src/main/java/com/microsoft/azure/management/resources/fluentcore/model/implementation/CreatableTaskItem.java:[49,43] unchecked cast
  required: com.microsoft.azure.management.resources.fluentcore.model.Creatable<com.microsoft.azure.management.resources.fluentcore.arm.models.Resource>
  found:    com.microsoft.azure.management.resources.fluentcore.model.Creatable<capture#1 of ? extends com.microsoft.azure.management.resources.fluentcore.arm.models.Resource>
[INFO] 
[INFO] --- maven-resources-plugin:2.4.3:testResources (default-testResources) @ azure-mgmt-resources ---
[INFO] Using 'UTF-8' encoding to copy filtered resources.
[INFO] skip non existing resourceDirectory /home/travis/build/failed/Azure/azure-sdk-for-java/azure-mgmt-resources/src/test/resources
[INFO] 
[INFO] --- maven-compiler-plugin:3.1:testCompile (default-testCompile) @ azure-mgmt-resources ---
[INFO] Changes detected - recompiling the module!
[INFO] Compiling 5 source files to /home/travis/build/failed/Azure/azure-sdk-for-java/azure-mgmt-resources/target/test-classes
[WARNING] bootstrap class path not set in conjunction with -source 1.7
[INFO] 
[INFO] --- maven-surefire-plugin:2.18.1:test (default-test) @ azure-mgmt-resources ---
[INFO] Tests are skipped.
[INFO] 
[INFO] --- maven-jar-plugin:2.4:jar (default-jar) @ azure-mgmt-resources ---
[INFO] Building jar: /home/travis/build/failed/Azure/azure-sdk-for-java/azure-mgmt-resources/target/azure-mgmt-resources-1.0.0-SNAPSHOT.jar
[INFO] 
[INFO] --- maven-install-plugin:2.4:install (default-install) @ azure-mgmt-resources ---
[INFO] Installing /home/travis/build/failed/Azure/azure-sdk-for-java/azure-mgmt-resources/target/azure-mgmt-resources-1.0.0-SNAPSHOT.jar to /home/travis/.m2/repository/com/microsoft/azure/azure-mgmt-resources/1.0.0-SNAPSHOT/azure-mgmt-resources-1.0.0-SNAPSHOT.jar
[INFO] Installing /home/travis/build/failed/Azure/azure-sdk-for-java/azure-mgmt-resources/pom.xml to /home/travis/.m2/repository/com/microsoft/azure/azure-mgmt-resources/1.0.0-SNAPSHOT/azure-mgmt-resources-1.0.0-SNAPSHOT.pom
[INFO]                                                                         
[INFO] ------------------------------------------------------------------------
[INFO] Building Microsoft Azure SDK for Storage Management 1.0.0-SNAPSHOT
[INFO] ------------------------------------------------------------------------
[INFO] 
[INFO] --- maven-resources-plugin:2.4.3:resources (default-resources) @ azure-mgmt-storage ---
[INFO] Using 'UTF-8' encoding to copy filtered resources.
[INFO] skip non existing resourceDirectory /home/travis/build/failed/Azure/azure-sdk-for-java/azure-mgmt-storage/src/main/resources
[INFO] 
[INFO] --- maven-compiler-plugin:3.1:compile (default-compile) @ azure-mgmt-storage ---
[INFO] Changes detected - recompiling the module!
[INFO] Compiling 44 source files to /home/travis/build/failed/Azure/azure-sdk-for-java/azure-mgmt-storage/target/classes
[WARNING] bootstrap class path not set in conjunction with -source 1.7
[INFO] 
[INFO] --- maven-resources-plugin:2.4.3:testResources (default-testResources) @ azure-mgmt-storage ---
[INFO] Using 'UTF-8' encoding to copy filtered resources.
[INFO] skip non existing resourceDirectory /home/travis/build/failed/Azure/azure-sdk-for-java/azure-mgmt-storage/src/test/resources
[INFO] 
[INFO] --- maven-compiler-plugin:3.1:testCompile (default-testCompile) @ azure-mgmt-storage ---
[INFO] Changes detected - recompiling the module!
[INFO] Compiling 3 source files to /home/travis/build/failed/Azure/azure-sdk-for-java/azure-mgmt-storage/target/test-classes
[WARNING] bootstrap class path not set in conjunction with -source 1.7
[INFO] 
[INFO] --- maven-surefire-plugin:2.18.1:test (default-test) @ azure-mgmt-storage ---
[INFO] Tests are skipped.
[INFO] 
[INFO] --- maven-jar-plugin:2.4:jar (default-jar) @ azure-mgmt-storage ---
[INFO] Building jar: /home/travis/build/failed/Azure/azure-sdk-for-java/azure-mgmt-storage/target/azure-mgmt-storage-1.0.0-SNAPSHOT.jar
[INFO] 
[INFO] --- maven-install-plugin:2.4:install (default-install) @ azure-mgmt-storage ---
[INFO] Installing /home/travis/build/failed/Azure/azure-sdk-for-java/azure-mgmt-storage/target/azure-mgmt-storage-1.0.0-SNAPSHOT.jar to /home/travis/.m2/repository/com/microsoft/azure/azure-mgmt-storage/1.0.0-SNAPSHOT/azure-mgmt-storage-1.0.0-SNAPSHOT.jar
[INFO] Installing /home/travis/build/failed/Azure/azure-sdk-for-java/azure-mgmt-storage/pom.xml to /home/travis/.m2/repository/com/microsoft/azure/azure-mgmt-storage/1.0.0-SNAPSHOT/azure-mgmt-storage-1.0.0-SNAPSHOT.pom
[INFO]                                                                         
[INFO] ------------------------------------------------------------------------
[INFO] Building Microsoft Azure SDK for Network Management 1.0.0-SNAPSHOT
[INFO] ------------------------------------------------------------------------
[INFO] 
[INFO] --- maven-resources-plugin:2.4.3:resources (default-resources) @ azure-mgmt-network ---
[INFO] Using 'UTF-8' encoding to copy filtered resources.
[INFO] skip non existing resourceDirectory /home/travis/build/failed/Azure/azure-sdk-for-java/azure-mgmt-network/src/main/resources
[INFO] 
[INFO] --- maven-compiler-plugin:3.1:compile (default-compile) @ azure-mgmt-network ---
[INFO] Changes detected - recompiling the module!
[INFO] Compiling 140 source files to /home/travis/build/failed/Azure/azure-sdk-for-java/azure-mgmt-network/target/classes
[WARNING] bootstrap class path not set in conjunction with -source 1.7
[INFO] 
[INFO] --- maven-resources-plugin:2.4.3:testResources (default-testResources) @ azure-mgmt-network ---
[INFO] Using 'UTF-8' encoding to copy filtered resources.
[INFO] skip non existing resourceDirectory /home/travis/build/failed/Azure/azure-sdk-for-java/azure-mgmt-network/src/test/resources
[INFO] 
[INFO] --- maven-compiler-plugin:3.1:testCompile (default-testCompile) @ azure-mgmt-network ---
[INFO] No sources to compile
[INFO] 
[INFO] --- maven-surefire-plugin:2.18.1:test (default-test) @ azure-mgmt-network ---
[INFO] Tests are skipped.
[INFO] 
[INFO] --- maven-jar-plugin:2.4:jar (default-jar) @ azure-mgmt-network ---
[INFO] Building jar: /home/travis/build/failed/Azure/azure-sdk-for-java/azure-mgmt-network/target/azure-mgmt-network-1.0.0-SNAPSHOT.jar
[INFO] 
[INFO] --- maven-install-plugin:2.4:install (default-install) @ azure-mgmt-network ---
[INFO] Installing /home/travis/build/failed/Azure/azure-sdk-for-java/azure-mgmt-network/target/azure-mgmt-network-1.0.0-SNAPSHOT.jar to /home/travis/.m2/repository/com/microsoft/azure/azure-mgmt-network/1.0.0-SNAPSHOT/azure-mgmt-network-1.0.0-SNAPSHOT.jar
[INFO] Installing /home/travis/build/failed/Azure/azure-sdk-for-java/azure-mgmt-network/pom.xml to /home/travis/.m2/repository/com/microsoft/azure/azure-mgmt-network/1.0.0-SNAPSHOT/azure-mgmt-network-1.0.0-SNAPSHOT.pom
[INFO]                                                                         
[INFO] ------------------------------------------------------------------------
[INFO] Building Microsoft Azure SDK for Compute Management 1.0.0-SNAPSHOT
[INFO] ------------------------------------------------------------------------
[INFO] 
[INFO] --- maven-resources-plugin:2.4.3:resources (default-resources) @ azure-mgmt-compute ---
[INFO] Using 'UTF-8' encoding to copy filtered resources.
[INFO] skip non existing resourceDirectory /home/travis/build/failed/Azure/azure-sdk-for-java/azure-mgmt-compute/src/main/resources
[INFO] 
[INFO] --- maven-compiler-plugin:3.1:compile (default-compile) @ azure-mgmt-compute ---
[INFO] Changes detected - recompiling the module!
[INFO] Compiling 136 source files to /home/travis/build/failed/Azure/azure-sdk-for-java/azure-mgmt-compute/target/classes
[WARNING] bootstrap class path not set in conjunction with -source 1.7
[INFO] 
[INFO] --- maven-resources-plugin:2.4.3:testResources (default-testResources) @ azure-mgmt-compute ---
[INFO] Using 'UTF-8' encoding to copy filtered resources.
[INFO] skip non existing resourceDirectory /home/travis/build/failed/Azure/azure-sdk-for-java/azure-mgmt-compute/src/test/resources
[INFO] 
[INFO] --- maven-compiler-plugin:3.1:testCompile (default-testCompile) @ azure-mgmt-compute ---
[INFO] Changes detected - recompiling the module!
[INFO] Compiling 3 source files to /home/travis/build/failed/Azure/azure-sdk-for-java/azure-mgmt-compute/target/test-classes
[WARNING] bootstrap class path not set in conjunction with -source 1.7
[INFO] 
[INFO] --- maven-surefire-plugin:2.18.1:test (default-test) @ azure-mgmt-compute ---
[INFO] Tests are skipped.
[INFO] 
[INFO] --- maven-jar-plugin:2.4:jar (default-jar) @ azure-mgmt-compute ---
[INFO] Building jar: /home/travis/build/failed/Azure/azure-sdk-for-java/azure-mgmt-compute/target/azure-mgmt-compute-1.0.0-SNAPSHOT.jar
[INFO] 
[INFO] --- maven-install-plugin:2.4:install (default-install) @ azure-mgmt-compute ---
[INFO] Installing /home/travis/build/failed/Azure/azure-sdk-for-java/azure-mgmt-compute/target/azure-mgmt-compute-1.0.0-SNAPSHOT.jar to /home/travis/.m2/repository/com/microsoft/azure/azure-mgmt-compute/1.0.0-SNAPSHOT/azure-mgmt-compute-1.0.0-SNAPSHOT.jar
[INFO] Installing /home/travis/build/failed/Azure/azure-sdk-for-java/azure-mgmt-compute/pom.xml to /home/travis/.m2/repository/com/microsoft/azure/azure-mgmt-compute/1.0.0-SNAPSHOT/azure-mgmt-compute-1.0.0-SNAPSHOT.pom
[INFO]                                                                         
[INFO] ------------------------------------------------------------------------
[INFO] Building Microsoft Azure SDK 1.0.0-SNAPSHOT
[INFO] ------------------------------------------------------------------------
[INFO] Downloading: http://insecure.repo1.maven.org/maven2/org/mockito/mockito-core/1.10.19/mockito-core-1.10.19.pom
[INFO] Downloaded: http://insecure.repo1.maven.org/maven2/org/mockito/mockito-core/1.10.19/mockito-core-1.10.19.pom (2 KB at 91.7 KB/sec)
[INFO] Downloading: http://insecure.repo1.maven.org/maven2/org/hamcrest/hamcrest-core/1.1/hamcrest-core-1.1.pom
[INFO] Downloaded: http://insecure.repo1.maven.org/maven2/org/hamcrest/hamcrest-core/1.1/hamcrest-core-1.1.pom (481 B at 31.3 KB/sec)
[INFO] Downloading: http://insecure.repo1.maven.org/maven2/org/hamcrest/hamcrest-parent/1.1/hamcrest-parent-1.1.pom
[INFO] Downloaded: http://insecure.repo1.maven.org/maven2/org/hamcrest/hamcrest-parent/1.1/hamcrest-parent-1.1.pom (6 KB at 337.6 KB/sec)
[INFO] Downloading: http://insecure.repo1.maven.org/maven2/org/objenesis/objenesis/2.1/objenesis-2.1.pom
[INFO] Downloaded: http://insecure.repo1.maven.org/maven2/org/objenesis/objenesis/2.1/objenesis-2.1.pom (3 KB at 176.9 KB/sec)
[INFO] Downloading: http://insecure.repo1.maven.org/maven2/org/objenesis/objenesis-parent/2.1/objenesis-parent-2.1.pom
[INFO] Downloaded: http://insecure.repo1.maven.org/maven2/org/objenesis/objenesis-parent/2.1/objenesis-parent-2.1.pom (17 KB at 959.7 KB/sec)
[INFO] Downloading: http://insecure.repo1.maven.org/maven2/com/jcraft/jsch/0.1.53/jsch-0.1.53.pom
[INFO] Downloaded: http://insecure.repo1.maven.org/maven2/com/jcraft/jsch/0.1.53/jsch-0.1.53.pom (4 KB at 11.0 KB/sec)
[INFO] Downloading: http://insecure.repo1.maven.org/maven2/org/sonatype/oss/oss-parent/6/oss-parent-6.pom
[INFO] Downloaded: http://insecure.repo1.maven.org/maven2/org/sonatype/oss/oss-parent/6/oss-parent-6.pom (5 KB at 294.9 KB/sec)
[INFO] Downloading: http://insecure.repo1.maven.org/maven2/org/mockito/mockito-core/1.10.19/mockito-core-1.10.19.jar
[INFO] Downloading: http://insecure.repo1.maven.org/maven2/org/objenesis/objenesis/2.1/objenesis-2.1.jar
[INFO] Downloading: http://insecure.repo1.maven.org/maven2/com/jcraft/jsch/0.1.53/jsch-0.1.53.jar
[INFO] Downloaded: http://insecure.repo1.maven.org/maven2/org/mockito/mockito-core/1.10.19/mockito-core-1.10.19.jar (1146 KB at 18475.6 KB/sec)
[INFO] Downloaded: http://insecure.repo1.maven.org/maven2/org/objenesis/objenesis/2.1/objenesis-2.1.jar (41 KB at 497.3 KB/sec)
[INFO] Downloaded: http://insecure.repo1.maven.org/maven2/com/jcraft/jsch/0.1.53/jsch-0.1.53.jar (274 KB at 577.3 KB/sec)
[INFO] 
[INFO] --- maven-resources-plugin:2.4.3:resources (default-resources) @ azure ---
[INFO] Using 'UTF-8' encoding to copy filtered resources.
[INFO] skip non existing resourceDirectory /home/travis/build/failed/Azure/azure-sdk-for-java/azure/src/main/resources
[INFO] 
[INFO] --- maven-compiler-plugin:3.1:compile (default-compile) @ azure ---
[INFO] Changes detected - recompiling the module!
[INFO] Compiling 2 source files to /home/travis/build/failed/Azure/azure-sdk-for-java/azure/target/classes
[WARNING] bootstrap class path not set in conjunction with -source 1.7
[INFO] 
[INFO] --- maven-resources-plugin:2.4.3:testResources (default-testResources) @ azure ---
[INFO] Using 'UTF-8' encoding to copy filtered resources.
[INFO] skip non existing resourceDirectory /home/travis/build/failed/Azure/azure-sdk-for-java/azure/src/test/resources
[INFO] 
[INFO] --- maven-compiler-plugin:3.1:testCompile (default-testCompile) @ azure ---
[INFO] Changes detected - recompiling the module!
[INFO] Compiling 13 source files to /home/travis/build/failed/Azure/azure-sdk-for-java/azure/target/test-classes
[WARNING] bootstrap class path not set in conjunction with -source 1.7
[INFO] 
[INFO] --- maven-surefire-plugin:2.18.1:test (default-test) @ azure ---
[INFO] Tests are skipped.
[INFO] 
[INFO] --- maven-jar-plugin:2.4:jar (default-jar) @ azure ---
[INFO] Building jar: /home/travis/build/failed/Azure/azure-sdk-for-java/azure/target/azure-1.0.0-SNAPSHOT.jar
[INFO] 
[INFO] --- maven-install-plugin:2.4:install (default-install) @ azure ---
[INFO] Installing /home/travis/build/failed/Azure/azure-sdk-for-java/azure/target/azure-1.0.0-SNAPSHOT.jar to /home/travis/.m2/repository/com/microsoft/azure/azure/1.0.0-SNAPSHOT/azure-1.0.0-SNAPSHOT.jar
[INFO] Installing /home/travis/build/failed/Azure/azure-sdk-for-java/azure/pom.xml to /home/travis/.m2/repository/com/microsoft/azure/azure/1.0.0-SNAPSHOT/azure-1.0.0-SNAPSHOT.pom
[INFO]                                                                         
[INFO] ------------------------------------------------------------------------
[INFO] Building Microsoft Azure SDK for Batch Service 1.0.0-SNAPSHOT
[INFO] ------------------------------------------------------------------------
[INFO] 
[INFO] --- maven-resources-plugin:2.4.3:resources (default-resources) @ azure-batch ---
[INFO] Using 'UTF-8' encoding to copy filtered resources.
[INFO] skip non existing resourceDirectory /home/travis/build/failed/Azure/azure-sdk-for-java/azure-batch/src/main/resources
[INFO] 
[INFO] --- maven-compiler-plugin:3.1:compile (default-compile) @ azure-batch ---
[INFO] Changes detected - recompiling the module!
[INFO] Compiling 332 source files to /home/travis/build/failed/Azure/azure-sdk-for-java/azure-batch/target/classes
[WARNING] bootstrap class path not set in conjunction with -source 1.7
[INFO] 
[INFO] --- maven-resources-plugin:2.4.3:testResources (default-testResources) @ azure-batch ---
[INFO] Using 'UTF-8' encoding to copy filtered resources.
[INFO] skip non existing resourceDirectory /home/travis/build/failed/Azure/azure-sdk-for-java/azure-batch/src/test/resources
[INFO] 
[INFO] --- maven-compiler-plugin:3.1:testCompile (default-testCompile) @ azure-batch ---
[INFO] No sources to compile
[INFO] 
[INFO] --- maven-surefire-plugin:2.18.1:test (default-test) @ azure-batch ---
[INFO] Tests are skipped.
[INFO] 
[INFO] --- maven-jar-plugin:2.4:jar (default-jar) @ azure-batch ---
[INFO] Building jar: /home/travis/build/failed/Azure/azure-sdk-for-java/azure-batch/target/azure-batch-1.0.0-SNAPSHOT.jar
[INFO] 
[INFO] --- maven-install-plugin:2.4:install (default-install) @ azure-batch ---
[INFO] Installing /home/travis/build/failed/Azure/azure-sdk-for-java/azure-batch/target/azure-batch-1.0.0-SNAPSHOT.jar to /home/travis/.m2/repository/com/microsoft/azure/azure-batch/1.0.0-SNAPSHOT/azure-batch-1.0.0-SNAPSHOT.jar
[INFO] Installing /home/travis/build/failed/Azure/azure-sdk-for-java/azure-batch/pom.xml to /home/travis/.m2/repository/com/microsoft/azure/azure-batch/1.0.0-SNAPSHOT/azure-batch-1.0.0-SNAPSHOT.pom
[INFO]                                                                         
[INFO] ------------------------------------------------------------------------
[INFO] Building Microsoft Azure SDK for Website Management 1.0.0-SNAPSHOT
[INFO] ------------------------------------------------------------------------
[INFO] 
[INFO] --- maven-resources-plugin:2.4.3:resources (default-resources) @ azure-mgmt-website ---
[INFO] Using 'UTF-8' encoding to copy filtered resources.
[INFO] skip non existing resourceDirectory /home/travis/build/failed/Azure/azure-sdk-for-java/azure-mgmt-website/src/main/resources
[INFO] 
[INFO] --- maven-compiler-plugin:3.1:compile (default-compile) @ azure-mgmt-website ---
[INFO] Changes detected - recompiling the module!
[INFO] Compiling 197 source files to /home/travis/build/failed/Azure/azure-sdk-for-java/azure-mgmt-website/target/classes
[WARNING] bootstrap class path not set in conjunction with -source 1.7
[INFO] 
[INFO] --- maven-resources-plugin:2.4.3:testResources (default-testResources) @ azure-mgmt-website ---
[INFO] Using 'UTF-8' encoding to copy filtered resources.
[INFO] skip non existing resourceDirectory /home/travis/build/failed/Azure/azure-sdk-for-java/azure-mgmt-website/src/test/resources
[INFO] 
[INFO] --- maven-compiler-plugin:3.1:testCompile (default-testCompile) @ azure-mgmt-website ---
[INFO] No sources to compile
[INFO] 
[INFO] --- maven-surefire-plugin:2.18.1:test (default-test) @ azure-mgmt-website ---
[INFO] Tests are skipped.
[INFO] 
[INFO] --- maven-jar-plugin:2.4:jar (default-jar) @ azure-mgmt-website ---
[INFO] Building jar: /home/travis/build/failed/Azure/azure-sdk-for-java/azure-mgmt-website/target/azure-mgmt-website-1.0.0-SNAPSHOT.jar
[INFO] 
[INFO] --- maven-install-plugin:2.4:install (default-install) @ azure-mgmt-website ---
[INFO] Installing /home/travis/build/failed/Azure/azure-sdk-for-java/azure-mgmt-website/target/azure-mgmt-website-1.0.0-SNAPSHOT.jar to /home/travis/.m2/repository/com/microsoft/azure/azure-mgmt-website/1.0.0-SNAPSHOT/azure-mgmt-website-1.0.0-SNAPSHOT.jar
[INFO] Installing /home/travis/build/failed/Azure/azure-sdk-for-java/azure-mgmt-website/pom.xml to /home/travis/.m2/repository/com/microsoft/azure/azure-mgmt-website/1.0.0-SNAPSHOT/azure-mgmt-website-1.0.0-SNAPSHOT.pom
[INFO]                                                                         
[INFO] ------------------------------------------------------------------------
[INFO] Building Microsoft Azure SDK for Data Lake Store Management 1.0.0-SNAPSHOT
[INFO] ------------------------------------------------------------------------
[INFO] 
[INFO] --- maven-resources-plugin:2.4.3:resources (default-resources) @ azure-mgmt-datalake-store ---
[INFO] Using 'UTF-8' encoding to copy filtered resources.
[INFO] skip non existing resourceDirectory /home/travis/build/failed/Azure/azure-sdk-for-java/azure-mgmt-datalake-store/src/main/resources
[INFO] 
[INFO] --- maven-compiler-plugin:3.1:compile (default-compile) @ azure-mgmt-datalake-store ---
[INFO] Changes detected - recompiling the module!
[INFO] Compiling 44 source files to /home/travis/build/failed/Azure/azure-sdk-for-java/azure-mgmt-datalake-store/target/classes
[WARNING] bootstrap class path not set in conjunction with -source 1.7
[INFO] 
[INFO] --- maven-resources-plugin:2.4.3:testResources (default-testResources) @ azure-mgmt-datalake-store ---
[INFO] Using 'UTF-8' encoding to copy filtered resources.
[INFO] skip non existing resourceDirectory /home/travis/build/failed/Azure/azure-sdk-for-java/azure-mgmt-datalake-store/src/test/resources
[INFO] 
[INFO] --- maven-compiler-plugin:3.1:testCompile (default-testCompile) @ azure-mgmt-datalake-store ---
[INFO] Changes detected - recompiling the module!
[INFO] Compiling 3 source files to /home/travis/build/failed/Azure/azure-sdk-for-java/azure-mgmt-datalake-store/target/test-classes
[INFO] -------------------------------------------------------------
[WARNING] COMPILATION WARNING : 
[INFO] -------------------------------------------------------------
[WARNING] bootstrap class path not set in conjunction with -source 1.7
[INFO] 1 warning
[INFO] -------------------------------------------------------------
[INFO] -------------------------------------------------------------
[ERROR] COMPILATION ERROR : 
[INFO] -------------------------------------------------------------
[ERROR] /home/travis/build/failed/Azure/azure-sdk-for-java/azure-mgmt-datalake-store/src/test/java/com/microsoft/azure/management/datalake/store/DataLakeStoreManagementTestBase.java:[7,67] package com.microsoft.azure.management.resources.implementation.api does not exist
[ERROR] /home/travis/build/failed/Azure/azure-sdk-for-java/azure-mgmt-datalake-store/src/test/java/com/microsoft/azure/management/datalake/store/DataLakeStoreManagementTestBase.java:[12,22] cannot find symbol
  symbol:   class ResourceManagementClientImpl
  location: class com.microsoft.azure.management.datalake.store.DataLakeStoreManagementTestBase
[ERROR] /home/travis/build/failed/Azure/azure-sdk-for-java/azure-mgmt-datalake-store/src/test/java/com/microsoft/azure/management/datalake/store/DataLakeStoreFilesystemOperationsTests.java:[11,67] package com.microsoft.azure.management.resources.implementation.api does not exist
[ERROR] /home/travis/build/failed/Azure/azure-sdk-for-java/azure-mgmt-datalake-store/src/test/java/com/microsoft/azure/management/datalake/store/DataLakeStoreAccountOperationsTests.java:[5,67] package com.microsoft.azure.management.resources.implementation.api does not exist
[ERROR] /home/travis/build/failed/Azure/azure-sdk-for-java/azure-mgmt-datalake-store/src/test/java/com/microsoft/azure/management/datalake/store/DataLakeStoreManagementTestBase.java:[31,40] cannot find symbol
  symbol:   class ResourceManagementClientImpl
  location: class com.microsoft.azure.management.datalake.store.DataLakeStoreManagementTestBase
[ERROR] /home/travis/build/failed/Azure/azure-sdk-for-java/azure-mgmt-datalake-store/src/test/java/com/microsoft/azure/management/datalake/store/DataLakeStoreFilesystemOperationsTests.java:[45,9] cannot find symbol
  symbol:   class ResourceGroupInner
  location: class com.microsoft.azure.management.datalake.store.DataLakeStoreFilesystemOperationsTests
[ERROR] /home/travis/build/failed/Azure/azure-sdk-for-java/azure-mgmt-datalake-store/src/test/java/com/microsoft/azure/management/datalake/store/DataLakeStoreFilesystemOperationsTests.java:[45,40] cannot find symbol
  symbol:   class ResourceGroupInner
  location: class com.microsoft.azure.management.datalake.store.DataLakeStoreFilesystemOperationsTests
[ERROR] /home/travis/build/failed/Azure/azure-sdk-for-java/azure-mgmt-datalake-store/src/test/java/com/microsoft/azure/management/datalake/store/DataLakeStoreAccountOperationsTests.java:[22,9] cannot find symbol
  symbol:   class ResourceGroupInner
  location: class com.microsoft.azure.management.datalake.store.DataLakeStoreAccountOperationsTests
[ERROR] /home/travis/build/failed/Azure/azure-sdk-for-java/azure-mgmt-datalake-store/src/test/java/com/microsoft/azure/management/datalake/store/DataLakeStoreAccountOperationsTests.java:[22,40] cannot find symbol
  symbol:   class ResourceGroupInner
  location: class com.microsoft.azure.management.datalake.store.DataLakeStoreAccountOperationsTests
[INFO] 9 errors 
[INFO] -------------------------------------------------------------
[INFO] ------------------------------------------------------------------------
[INFO] Reactor Summary:
[INFO] 
[INFO] AutoRest Client Runtimes for Java .................. SUCCESS [  3.499 s]
[INFO] Build tools for AutoRest client runtime for Java ... SUCCESS [  6.957 s]
[INFO] Java Client Runtime for AutoRest ................... SUCCESS [  7.128 s]
[INFO] Azure Java Client Runtime for AutoRest ............. SUCCESS [  0.606 s]
[INFO] Azure Java Client Authentication Library for AutoRest SUCCESS [  1.517 s]
[INFO] Microsoft Azure SDK Parent ......................... SUCCESS [  0.005 s]
[INFO] Microsoft Azure SDK for Resource Management ........ SUCCESS [  5.899 s]
[INFO] Microsoft Azure SDK for Storage Management ......... SUCCESS [  0.380 s]
[INFO] Microsoft Azure SDK for Network Management ......... SUCCESS [  1.478 s]
[INFO] Microsoft Azure SDK for Compute Management ......... SUCCESS [  1.318 s]
[INFO] Microsoft Azure SDK ................................ SUCCESS [  1.178 s]
[INFO] Microsoft Azure SDK for Batch Service .............. SUCCESS [  2.119 s]
[INFO] Microsoft Azure SDK for Website Management ......... SUCCESS [  1.765 s]
[INFO] Microsoft Azure SDK for Data Lake Store Management . FAILURE [  0.511 s]
[INFO] Microsoft Azure SDK for Data Lake Analytics Management SKIPPED
[INFO] Microsoft Azure SDK for Data Lake Store Data Uploading SKIPPED
[INFO] Microsoft Azure SDK samples ........................ SKIPPED
[INFO] ------------------------------------------------------------------------
[INFO] BUILD FAILURE
[INFO] ------------------------------------------------------------------------
[INFO] Total time: 35.370 s
[INFO] Finished at: 2020-07-02T19:32:42+00:00
[INFO] Final Memory: 39M/299M
[INFO] ------------------------------------------------------------------------
[ERROR] Failed to execute goal org.apache.maven.plugins:maven-compiler-plugin:3.1:testCompile (default-testCompile) on project azure-mgmt-datalake-store: Compilation failure: Compilation failure:
[ERROR] /home/travis/build/failed/Azure/azure-sdk-for-java/azure-mgmt-datalake-store/src/test/java/com/microsoft/azure/management/datalake/store/DataLakeStoreManagementTestBase.java:[7,67] package com.microsoft.azure.management.resources.implementation.api does not exist
[ERROR] /home/travis/build/failed/Azure/azure-sdk-for-java/azure-mgmt-datalake-store/src/test/java/com/microsoft/azure/management/datalake/store/DataLakeStoreManagementTestBase.java:[12,22] cannot find symbol
[ERROR] symbol:   class ResourceManagementClientImpl
[ERROR] location: class com.microsoft.azure.management.datalake.store.DataLakeStoreManagementTestBase
[ERROR] /home/travis/build/failed/Azure/azure-sdk-for-java/azure-mgmt-datalake-store/src/test/java/com/microsoft/azure/management/datalake/store/DataLakeStoreFilesystemOperationsTests.java:[11,67] package com.microsoft.azure.management.resources.implementation.api does not exist
[ERROR] /home/travis/build/failed/Azure/azure-sdk-for-java/azure-mgmt-datalake-store/src/test/java/com/microsoft/azure/management/datalake/store/DataLakeStoreAccountOperationsTests.java:[5,67] package com.microsoft.azure.management.resources.implementation.api does not exist
[ERROR] /home/travis/build/failed/Azure/azure-sdk-for-java/azure-mgmt-datalake-store/src/test/java/com/microsoft/azure/management/datalake/store/DataLakeStoreManagementTestBase.java:[31,40] cannot find symbol
[ERROR] symbol:   class ResourceManagementClientImpl
[ERROR] location: class com.microsoft.azure.management.datalake.store.DataLakeStoreManagementTestBase
[ERROR] /home/travis/build/failed/Azure/azure-sdk-for-java/azure-mgmt-datalake-store/src/test/java/com/microsoft/azure/management/datalake/store/DataLakeStoreFilesystemOperationsTests.java:[45,9] cannot find symbol
[ERROR] symbol:   class ResourceGroupInner
[ERROR] location: class com.microsoft.azure.management.datalake.store.DataLakeStoreFilesystemOperationsTests
[ERROR] /home/travis/build/failed/Azure/azure-sdk-for-java/azure-mgmt-datalake-store/src/test/java/com/microsoft/azure/management/datalake/store/DataLakeStoreFilesystemOperationsTests.java:[45,40] cannot find symbol
[ERROR] symbol:   class ResourceGroupInner
[ERROR] location: class com.microsoft.azure.management.datalake.store.DataLakeStoreFilesystemOperationsTests
[ERROR] /home/travis/build/failed/Azure/azure-sdk-for-java/azure-mgmt-datalake-store/src/test/java/com/microsoft/azure/management/datalake/store/DataLakeStoreAccountOperationsTests.java:[22,9] cannot find symbol
[ERROR] symbol:   class ResourceGroupInner
[ERROR] location: class com.microsoft.azure.management.datalake.store.DataLakeStoreAccountOperationsTests
[ERROR] /home/travis/build/failed/Azure/azure-sdk-for-java/azure-mgmt-datalake-store/src/test/java/com/microsoft/azure/management/datalake/store/DataLakeStoreAccountOperationsTests.java:[22,40] cannot find symbol
[ERROR] symbol:   class ResourceGroupInner
[ERROR] location: class com.microsoft.azure.management.datalake.store.DataLakeStoreAccountOperationsTests
[ERROR] -> [Help 1]
[ERROR] 
[ERROR] To see the full stack trace of the errors, re-run Maven with the -e switch.
[ERROR] Re-run Maven using the -X switch to enable full debug logging.
[ERROR] 
[ERROR] For more information about the errors and possible solutions, please read the following articles:
[ERROR] [Help 1] http://cwiki.apache.org/confluence/display/MAVEN/MojoFailureException
[ERROR] 
[ERROR] After correcting the problems, you can resume the build with the command
[ERROR]   mvn <goals> -rf :azure-mgmt-datalake-store
Apache Maven 3.2.5 (12a6b3acb947671f09b81f49094c53f426d8cea1; 2014-12-14T17:29:23+00:00)
Maven home: /usr/local/maven
Java version: 1.8.0_31, vendor: Oracle Corporation
Java home: /usr/lib/jvm/java-8-oracle/jre
Default locale: en_US, platform encoding: UTF-8
OS name: "linux", version: "4.15.0-109-generic", arch: "amd64", family: "unix"
[INFO] Scanning for projects...
[WARNING] 
[WARNING] Some problems were encountered while building the effective model for com.microsoft.rest:client-runtime:jar:1.0.0-SNAPSHOT
[WARNING] 'build.plugins.plugin.version' for org.codehaus.mojo:build-helper-maven-plugin is missing. @ com.microsoft.rest:client-runtime:[unknown-version], /home/travis/build/failed/Azure/azure-sdk-for-java/runtimes/client-runtime/pom.xml, line 100, column 15
[WARNING] 
[WARNING] Some problems were encountered while building the effective model for com.microsoft.azure:azure-client-runtime:jar:1.0.0-SNAPSHOT
[WARNING] 'build.plugins.plugin.version' for org.codehaus.mojo:build-helper-maven-plugin is missing. @ com.microsoft.azure:azure-client-runtime:[unknown-version], /home/travis/build/failed/Azure/azure-sdk-for-java/runtimes/azure-client-runtime/pom.xml, line 76, column 15
[WARNING] The expression ${parent.version} is deprecated. Please use ${project.parent.version} instead.
[WARNING] 
[WARNING] Some problems were encountered while building the effective model for com.microsoft.azure:azure-client-authentication:jar:1.0.0-SNAPSHOT
[WARNING] 'build.plugins.plugin.version' for org.codehaus.mojo:build-helper-maven-plugin is missing. @ com.microsoft.azure:azure-client-authentication:[unknown-version], /home/travis/build/failed/Azure/azure-sdk-for-java/runtimes/azure-client-authentication/pom.xml, line 81, column 15
[WARNING] 
[WARNING] Some problems were encountered while building the effective model for com.microsoft.azure:azure:jar:1.0.0-SNAPSHOT
[WARNING] 'build.plugins.plugin.version' for org.apache.maven.plugins:maven-jar-plugin is missing. @ com.microsoft.azure:azure:[unknown-version], /home/travis/build/failed/Azure/azure-sdk-for-java/azure/pom.xml, line 99, column 15
[WARNING] 'build.plugins.plugin.version' for org.codehaus.mojo:build-helper-maven-plugin is missing. @ com.microsoft.azure:azure:[unknown-version], /home/travis/build/failed/Azure/azure-sdk-for-java/azure/pom.xml, line 126, column 15
[WARNING] 
[WARNING] Some problems were encountered while building the effective model for com.microsoft.azure:azure-batch:jar:1.0.0-SNAPSHOT
[WARNING] 'build.plugins.plugin.version' for org.apache.maven.plugins:maven-jar-plugin is missing. @ com.microsoft.azure:azure-batch:[unknown-version], /home/travis/build/failed/Azure/azure-sdk-for-java/azure-batch/pom.xml, line 73, column 15
[WARNING] 'build.plugins.plugin.version' for org.codehaus.mojo:build-helper-maven-plugin is missing. @ com.microsoft.azure:azure-batch:[unknown-version], /home/travis/build/failed/Azure/azure-sdk-for-java/azure-batch/pom.xml, line 100, column 15
[WARNING] 
[WARNING] Some problems were encountered while building the effective model for com.microsoft.azure:azure-mgmt-compute:jar:1.0.0-SNAPSHOT
[WARNING] 'build.plugins.plugin.version' for org.apache.maven.plugins:maven-jar-plugin is missing. @ com.microsoft.azure:azure-mgmt-compute:[unknown-version], /home/travis/build/failed/Azure/azure-sdk-for-java/azure-mgmt-compute/pom.xml, line 83, column 15
[WARNING] 'build.plugins.plugin.version' for org.codehaus.mojo:build-helper-maven-plugin is missing. @ com.microsoft.azure:azure-mgmt-compute:[unknown-version], /home/travis/build/failed/Azure/azure-sdk-for-java/azure-mgmt-compute/pom.xml, line 104, column 15
[WARNING] 
[WARNING] Some problems were encountered while building the effective model for com.microsoft.azure:azure-mgmt-resources:jar:1.0.0-SNAPSHOT
[WARNING] 'build.plugins.plugin.version' for org.apache.maven.plugins:maven-jar-plugin is missing. @ com.microsoft.azure:azure-mgmt-resources:[unknown-version], /home/travis/build/failed/Azure/azure-sdk-for-java/azure-mgmt-resources/pom.xml, line 68, column 15
[WARNING] 'build.plugins.plugin.version' for org.codehaus.mojo:build-helper-maven-plugin is missing. @ com.microsoft.azure:azure-mgmt-resources:[unknown-version], /home/travis/build/failed/Azure/azure-sdk-for-java/azure-mgmt-resources/pom.xml, line 89, column 15
[WARNING] 
[WARNING] Some problems were encountered while building the effective model for com.microsoft.azure:azure-mgmt-storage:jar:1.0.0-SNAPSHOT
[WARNING] 'build.plugins.plugin.version' for org.apache.maven.plugins:maven-jar-plugin is missing. @ com.microsoft.azure:azure-mgmt-storage:[unknown-version], /home/travis/build/failed/Azure/azure-sdk-for-java/azure-mgmt-storage/pom.xml, line 73, column 15
[WARNING] 'build.plugins.plugin.version' for org.codehaus.mojo:build-helper-maven-plugin is missing. @ com.microsoft.azure:azure-mgmt-storage:[unknown-version], /home/travis/build/failed/Azure/azure-sdk-for-java/azure-mgmt-storage/pom.xml, line 85, column 15
[WARNING] 
[WARNING] Some problems were encountered while building the effective model for com.microsoft.azure:azure-mgmt-network:jar:1.0.0-SNAPSHOT
[WARNING] 'build.plugins.plugin.version' for org.apache.maven.plugins:maven-jar-plugin is missing. @ com.microsoft.azure:azure-mgmt-network:[unknown-version], /home/travis/build/failed/Azure/azure-sdk-for-java/azure-mgmt-network/pom.xml, line 67, column 15
[WARNING] 'build.plugins.plugin.version' for org.codehaus.mojo:build-helper-maven-plugin is missing. @ com.microsoft.azure:azure-mgmt-network:[unknown-version], /home/travis/build/failed/Azure/azure-sdk-for-java/azure-mgmt-network/pom.xml, line 94, column 15
[WARNING] 
[WARNING] Some problems were encountered while building the effective model for com.microsoft.azure:azure-mgmt-website:jar:1.0.0-SNAPSHOT
[WARNING] 'build.plugins.plugin.version' for org.apache.maven.plugins:maven-jar-plugin is missing. @ com.microsoft.azure:azure-mgmt-website:[unknown-version], /home/travis/build/failed/Azure/azure-sdk-for-java/azure-mgmt-website/pom.xml, line 68, column 15
[WARNING] 'build.plugins.plugin.version' for org.codehaus.mojo:build-helper-maven-plugin is missing. @ com.microsoft.azure:azure-mgmt-website:[unknown-version], /home/travis/build/failed/Azure/azure-sdk-for-java/azure-mgmt-website/pom.xml, line 89, column 15
[WARNING] 
[WARNING] Some problems were encountered while building the effective model for com.microsoft.azure:azure-mgmt-datalake-analytics:jar:1.0.0-SNAPSHOT
[WARNING] 'build.plugins.plugin.version' for org.apache.maven.plugins:maven-jar-plugin is missing. @ com.microsoft.azure:azure-mgmt-datalake-analytics:[unknown-version], /home/travis/build/failed/Azure/azure-sdk-for-java/azure-mgmt-datalake-analytics/pom.xml, line 86, column 15
[WARNING] 'build.plugins.plugin.version' for org.codehaus.mojo:build-helper-maven-plugin is missing. @ com.microsoft.azure:azure-mgmt-datalake-analytics:[unknown-version], /home/travis/build/failed/Azure/azure-sdk-for-java/azure-mgmt-datalake-analytics/pom.xml, line 113, column 15
[WARNING] 
[WARNING] Some problems were encountered while building the effective model for com.microsoft.azure:azure-mgmt-datalake-store:jar:1.0.0-SNAPSHOT
[WARNING] 'build.plugins.plugin.version' for org.apache.maven.plugins:maven-jar-plugin is missing. @ com.microsoft.azure:azure-mgmt-datalake-store:[unknown-version], /home/travis/build/failed/Azure/azure-sdk-for-java/azure-mgmt-datalake-store/pom.xml, line 74, column 15
[WARNING] 'build.plugins.plugin.version' for org.codehaus.mojo:build-helper-maven-plugin is missing. @ com.microsoft.azure:azure-mgmt-datalake-store:[unknown-version], /home/travis/build/failed/Azure/azure-sdk-for-java/azure-mgmt-datalake-store/pom.xml, line 101, column 15
[WARNING] 
[WARNING] Some problems were encountered while building the effective model for com.microsoft.azure:azure-mgmt-datalake-store-uploader:jar:1.0.0-SNAPSHOT
[WARNING] 'build.plugins.plugin.version' for org.apache.maven.plugins:maven-jar-plugin is missing. @ com.microsoft.azure:azure-mgmt-datalake-store-uploader:[unknown-version], /home/travis/build/failed/Azure/azure-sdk-for-java/azure-mgmt-datalake-store-uploader/pom.xml, line 85, column 15
[WARNING] 'build.plugins.plugin.version' for org.codehaus.mojo:build-helper-maven-plugin is missing. @ com.microsoft.azure:azure-mgmt-datalake-store-uploader:[unknown-version], /home/travis/build/failed/Azure/azure-sdk-for-java/azure-mgmt-datalake-store-uploader/pom.xml, line 112, column 15
[WARNING] 
[WARNING] It is highly recommended to fix these problems because they threaten the stability of your build.
[WARNING] 
[WARNING] For this reason, future Maven versions might no longer support building such malformed projects.
[WARNING] 
[INFO] ------------------------------------------------------------------------
[INFO] Reactor Build Order:
[INFO] 
[INFO] AutoRest Client Runtimes for Java
[INFO] Build tools for AutoRest client runtime for Java
[INFO] Java Client Runtime for AutoRest
[INFO] Azure Java Client Runtime for AutoRest
[INFO] Azure Java Client Authentication Library for AutoRest
[INFO] Microsoft Azure SDK Parent
[INFO] Microsoft Azure SDK for Resource Management
[INFO] Microsoft Azure SDK for Storage Management
[INFO] Microsoft Azure SDK for Network Management
[INFO] Microsoft Azure SDK for Compute Management
[INFO] Microsoft Azure SDK
[INFO] Microsoft Azure SDK for Batch Service
[INFO] Microsoft Azure SDK for Website Management
[INFO] Microsoft Azure SDK for Data Lake Store Management
[INFO] Microsoft Azure SDK for Data Lake Analytics Management
[INFO] Microsoft Azure SDK for Data Lake Store Data Uploading
[INFO] Microsoft Azure SDK samples
[INFO]                                                                         
[INFO] ------------------------------------------------------------------------
[INFO] Building AutoRest Client Runtimes for Java 1.0.0-SNAPSHOT
[INFO] ------------------------------------------------------------------------
[INFO] 
[INFO] --- maven-install-plugin:2.4:install (default-install) @ autorest-clientruntime-for-java ---
[INFO] Installing /home/travis/build/failed/Azure/azure-sdk-for-java/runtimes/pom.xml to /home/travis/.m2/repository/com/microsoft/azure/autorest-clientruntime-for-java/1.0.0-SNAPSHOT/autorest-clientruntime-for-java-1.0.0-SNAPSHOT.pom
[INFO]                                                                         
[INFO] ------------------------------------------------------------------------
[INFO] Building Build tools for AutoRest client runtime for Java 1.0.0-SNAPSHOT
[INFO] ------------------------------------------------------------------------
[INFO] 
[INFO] --- maven-resources-plugin:2.4.3:resources (default-resources) @ autorest-build-tools ---
[INFO] Using 'UTF-8' encoding to copy filtered resources.
[INFO] Copying 2 resources
[INFO] 
[INFO] --- maven-compiler-plugin:3.1:compile (default-compile) @ autorest-build-tools ---
[INFO] No sources to compile
[INFO] 
[INFO] --- maven-resources-plugin:2.4.3:testResources (default-testResources) @ autorest-build-tools ---
[INFO] Using 'UTF-8' encoding to copy filtered resources.
[INFO] skip non existing resourceDirectory /home/travis/build/failed/Azure/azure-sdk-for-java/runtimes/build-tools/src/test/resources
[INFO] 
[INFO] --- maven-compiler-plugin:3.1:testCompile (default-testCompile) @ autorest-build-tools ---
[INFO] No sources to compile
[INFO] 
[INFO] --- maven-surefire-plugin:2.18.1:test (default-test) @ autorest-build-tools ---
[INFO] Tests are skipped.
[INFO] 
[INFO] --- maven-jar-plugin:2.4:jar (default-jar) @ autorest-build-tools ---
[INFO] 
[INFO] --- maven-install-plugin:2.4:install (default-install) @ autorest-build-tools ---
[INFO] Installing /home/travis/build/failed/Azure/azure-sdk-for-java/runtimes/build-tools/target/autorest-build-tools-1.0.0-SNAPSHOT.jar to /home/travis/.m2/repository/com/microsoft/azure/autorest-build-tools/1.0.0-SNAPSHOT/autorest-build-tools-1.0.0-SNAPSHOT.jar
[INFO] Installing /home/travis/build/failed/Azure/azure-sdk-for-java/runtimes/build-tools/pom.xml to /home/travis/.m2/repository/com/microsoft/azure/autorest-build-tools/1.0.0-SNAPSHOT/autorest-build-tools-1.0.0-SNAPSHOT.pom
[INFO]                                                                         
[INFO] ------------------------------------------------------------------------
[INFO] Building Java Client Runtime for AutoRest 1.0.0-SNAPSHOT
[INFO] ------------------------------------------------------------------------
[INFO] 
[INFO] --- maven-resources-plugin:2.4.3:resources (default-resources) @ client-runtime ---
[INFO] Using 'UTF-8' encoding to copy filtered resources.
[INFO] skip non existing resourceDirectory /home/travis/build/failed/Azure/azure-sdk-for-java/runtimes/client-runtime/src/main/resources
[INFO] 
[INFO] --- maven-compiler-plugin:3.1:compile (default-compile) @ client-runtime ---
[INFO] Changes detected - recompiling the module!
[INFO] Compiling 37 source files to /home/travis/build/failed/Azure/azure-sdk-for-java/runtimes/client-runtime/target/classes
[WARNING] bootstrap class path not set in conjunction with -source 1.7
[WARNING] /home/travis/build/failed/Azure/azure-sdk-for-java/runtimes/client-runtime/src/main/java/com/microsoft/rest/serializer/JacksonConverterFactory.java:[64,37] reader(com.fasterxml.jackson.databind.JavaType) in com.fasterxml.jackson.databind.ObjectMapper has been deprecated
[WARNING] /home/travis/build/failed/Azure/azure-sdk-for-java/runtimes/client-runtime/src/main/java/com/microsoft/rest/Validator.java:[45,51] unchecked method invocation: method of in class com.google.common.reflect.TypeToken is applied to given types
  required: java.lang.Class<T>
  found: java.lang.Class
[WARNING] /home/travis/build/failed/Azure/azure-sdk-for-java/runtimes/client-runtime/src/main/java/com/microsoft/rest/Validator.java:[45,52] unchecked conversion
  required: java.lang.Class<T>
  found:    java.lang.Class
[WARNING] /home/travis/build/failed/Azure/azure-sdk-for-java/runtimes/client-runtime/src/main/java/com/microsoft/rest/serializer/FlatteningDeserializer.java:[97,40] put(java.lang.String,com.fasterxml.jackson.databind.JsonNode) in com.fasterxml.jackson.databind.node.ObjectNode has been deprecated
[WARNING] /home/travis/build/failed/Azure/azure-sdk-for-java/runtimes/client-runtime/src/main/java/com/microsoft/rest/serializer/FlatteningSerializer.java:[117,33] put(java.lang.String,com.fasterxml.jackson.databind.JsonNode) in com.fasterxml.jackson.databind.node.ObjectNode has been deprecated
[INFO] 
[INFO] --- maven-resources-plugin:2.4.3:testResources (default-testResources) @ client-runtime ---
[INFO] Using 'UTF-8' encoding to copy filtered resources.
[INFO] skip non existing resourceDirectory /home/travis/build/failed/Azure/azure-sdk-for-java/runtimes/client-runtime/src/test/resources
[INFO] 
[INFO] --- maven-compiler-plugin:3.1:testCompile (default-testCompile) @ client-runtime ---
[INFO] Nothing to compile - all classes are up to date
[INFO] 
[INFO] --- maven-surefire-plugin:2.18.1:test (default-test) @ client-runtime ---
[INFO] Tests are skipped.
[INFO] 
[INFO] --- maven-jar-plugin:2.4:jar (default-jar) @ client-runtime ---
[INFO] Building jar: /home/travis/build/failed/Azure/azure-sdk-for-java/runtimes/client-runtime/target/client-runtime-1.0.0-SNAPSHOT.jar
[INFO] 
[INFO] --- maven-install-plugin:2.4:install (default-install) @ client-runtime ---
[INFO] Installing /home/travis/build/failed/Azure/azure-sdk-for-java/runtimes/client-runtime/target/client-runtime-1.0.0-SNAPSHOT.jar to /home/travis/.m2/repository/com/microsoft/rest/client-runtime/1.0.0-SNAPSHOT/client-runtime-1.0.0-SNAPSHOT.jar
[INFO] Installing /home/travis/build/failed/Azure/azure-sdk-for-java/runtimes/client-runtime/pom.xml to /home/travis/.m2/repository/com/microsoft/rest/client-runtime/1.0.0-SNAPSHOT/client-runtime-1.0.0-SNAPSHOT.pom
[INFO]                                                                         
[INFO] ------------------------------------------------------------------------
[INFO] Building Azure Java Client Runtime for AutoRest 1.0.0-SNAPSHOT
[INFO] ------------------------------------------------------------------------
[INFO] 
[INFO] --- maven-resources-plugin:2.4.3:resources (default-resources) @ azure-client-runtime ---
[INFO] Using 'UTF-8' encoding to copy filtered resources.
[INFO] skip non existing resourceDirectory /home/travis/build/failed/Azure/azure-sdk-for-java/runtimes/azure-client-runtime/src/main/resources
[INFO] 
[INFO] --- maven-compiler-plugin:3.1:compile (default-compile) @ azure-client-runtime ---
[INFO] Changes detected - recompiling the module!
[INFO] Compiling 29 source files to /home/travis/build/failed/Azure/azure-sdk-for-java/runtimes/azure-client-runtime/target/classes
[WARNING] bootstrap class path not set in conjunction with -source 1.7
[WARNING] /home/travis/build/failed/Azure/azure-sdk-for-java/runtimes/azure-client-runtime/src/main/java/com/microsoft/azure/Graph.java:[77,22] unchecked call to visit(U) as a member of the raw type com.microsoft.azure.Graph.Visitor
[WARNING] /home/travis/build/failed/Azure/azure-sdk-for-java/runtimes/azure-client-runtime/src/main/java/com/microsoft/azure/AzureResponse.java:[26,14] unchecked method invocation: constructor <init> in class com.microsoft.rest.ServiceResponse is applied to given types
  required: T,retrofit2.Response<okhttp3.ResponseBody>
  found: T,retrofit2.Response
[WARNING] /home/travis/build/failed/Azure/azure-sdk-for-java/runtimes/azure-client-runtime/src/main/java/com/microsoft/azure/AzureResponse.java:[26,21] unchecked conversion
  required: retrofit2.Response<okhttp3.ResponseBody>
  found:    retrofit2.Response
[INFO] 
[INFO] --- maven-resources-plugin:2.4.3:testResources (default-testResources) @ azure-client-runtime ---
[INFO] Using 'UTF-8' encoding to copy filtered resources.
[INFO] skip non existing resourceDirectory /home/travis/build/failed/Azure/azure-sdk-for-java/runtimes/azure-client-runtime/src/test/resources
[INFO] 
[INFO] --- maven-compiler-plugin:3.1:testCompile (default-testCompile) @ azure-client-runtime ---
[INFO] Nothing to compile - all classes are up to date
[INFO] 
[INFO] --- maven-surefire-plugin:2.18.1:test (default-test) @ azure-client-runtime ---
[INFO] Tests are skipped.
[INFO] 
[INFO] --- maven-jar-plugin:2.4:jar (default-jar) @ azure-client-runtime ---
[INFO] Building jar: /home/travis/build/failed/Azure/azure-sdk-for-java/runtimes/azure-client-runtime/target/azure-client-runtime-1.0.0-SNAPSHOT.jar
[INFO] 
[INFO] --- maven-install-plugin:2.4:install (default-install) @ azure-client-runtime ---
[INFO] Installing /home/travis/build/failed/Azure/azure-sdk-for-java/runtimes/azure-client-runtime/target/azure-client-runtime-1.0.0-SNAPSHOT.jar to /home/travis/.m2/repository/com/microsoft/azure/azure-client-runtime/1.0.0-SNAPSHOT/azure-client-runtime-1.0.0-SNAPSHOT.jar
[INFO] Installing /home/travis/build/failed/Azure/azure-sdk-for-java/runtimes/azure-client-runtime/pom.xml to /home/travis/.m2/repository/com/microsoft/azure/azure-client-runtime/1.0.0-SNAPSHOT/azure-client-runtime-1.0.0-SNAPSHOT.pom
[INFO]                                                                         
[INFO] ------------------------------------------------------------------------
[INFO] Building Azure Java Client Authentication Library for AutoRest 1.0.0-SNAPSHOT
[INFO] ------------------------------------------------------------------------
[INFO] 
[INFO] --- maven-resources-plugin:2.4.3:resources (default-resources) @ azure-client-authentication ---
[INFO] Using 'UTF-8' encoding to copy filtered resources.
[INFO] skip non existing resourceDirectory /home/travis/build/failed/Azure/azure-sdk-for-java/runtimes/azure-client-authentication/src/main/resources
[INFO] 
[INFO] --- maven-compiler-plugin:3.1:compile (default-compile) @ azure-client-authentication ---
[INFO] Changes detected - recompiling the module!
[INFO] Compiling 3 source files to /home/travis/build/failed/Azure/azure-sdk-for-java/runtimes/azure-client-authentication/target/classes
[WARNING] bootstrap class path not set in conjunction with -source 1.7
[INFO] 
[INFO] --- maven-resources-plugin:2.4.3:testResources (default-testResources) @ azure-client-authentication ---
[INFO] Using 'UTF-8' encoding to copy filtered resources.
[INFO] skip non existing resourceDirectory /home/travis/build/failed/Azure/azure-sdk-for-java/runtimes/azure-client-authentication/src/test/resources
[INFO] 
[INFO] --- maven-compiler-plugin:3.1:testCompile (default-testCompile) @ azure-client-authentication ---
[INFO] Nothing to compile - all classes are up to date
[INFO] 
[INFO] --- maven-surefire-plugin:2.18.1:test (default-test) @ azure-client-authentication ---
[INFO] Tests are skipped.
[INFO] 
[INFO] --- maven-jar-plugin:2.4:jar (default-jar) @ azure-client-authentication ---
[INFO] Building jar: /home/travis/build/failed/Azure/azure-sdk-for-java/runtimes/azure-client-authentication/target/azure-client-authentication-1.0.0-SNAPSHOT.jar
[INFO] 
[INFO] --- maven-install-plugin:2.4:install (default-install) @ azure-client-authentication ---
[INFO] Installing /home/travis/build/failed/Azure/azure-sdk-for-java/runtimes/azure-client-authentication/target/azure-client-authentication-1.0.0-SNAPSHOT.jar to /home/travis/.m2/repository/com/microsoft/azure/azure-client-authentication/1.0.0-SNAPSHOT/azure-client-authentication-1.0.0-SNAPSHOT.jar
[INFO] Installing /home/travis/build/failed/Azure/azure-sdk-for-java/runtimes/azure-client-authentication/pom.xml to /home/travis/.m2/repository/com/microsoft/azure/azure-client-authentication/1.0.0-SNAPSHOT/azure-client-authentication-1.0.0-SNAPSHOT.pom
[INFO]                                                                         
[INFO] ------------------------------------------------------------------------
[INFO] Building Microsoft Azure SDK Parent 1.0.0-SNAPSHOT
[INFO] ------------------------------------------------------------------------
[INFO] 
[INFO] --- maven-install-plugin:2.4:install (default-install) @ azure-parent ---
[INFO] Installing /home/travis/build/failed/Azure/azure-sdk-for-java/pom.xml to /home/travis/.m2/repository/com/microsoft/azure/azure-parent/1.0.0-SNAPSHOT/azure-parent-1.0.0-SNAPSHOT.pom
[INFO]                                                                         
[INFO] ------------------------------------------------------------------------
[INFO] Building Microsoft Azure SDK for Resource Management 1.0.0-SNAPSHOT
[INFO] ------------------------------------------------------------------------
[INFO] 
[INFO] --- maven-resources-plugin:2.4.3:resources (default-resources) @ azure-mgmt-resources ---
[INFO] Using 'UTF-8' encoding to copy filtered resources.
[INFO] skip non existing resourceDirectory /home/travis/build/failed/Azure/azure-sdk-for-java/azure-mgmt-resources/src/main/resources
[INFO] 
[INFO] --- maven-compiler-plugin:3.1:compile (default-compile) @ azure-mgmt-resources ---
[INFO] Changes detected - recompiling the module!
[INFO] Compiling 155 source files to /home/travis/build/failed/Azure/azure-sdk-for-java/azure-mgmt-resources/target/classes
[WARNING] bootstrap class path not set in conjunction with -source 1.7
[WARNING] /home/travis/build/failed/Azure/azure-sdk-for-java/azure-mgmt-resources/src/main/java/com/microsoft/azure/management/resources/fluentcore/model/implementation/CreatableTaskItem.java:[49,43] unchecked cast
  required: com.microsoft.azure.management.resources.fluentcore.model.Creatable<com.microsoft.azure.management.resources.fluentcore.arm.models.Resource>
  found:    com.microsoft.azure.management.resources.fluentcore.model.Creatable<capture#1 of ? extends com.microsoft.azure.management.resources.fluentcore.arm.models.Resource>
[INFO] 
[INFO] --- maven-resources-plugin:2.4.3:testResources (default-testResources) @ azure-mgmt-resources ---
[INFO] Using 'UTF-8' encoding to copy filtered resources.
[INFO] skip non existing resourceDirectory /home/travis/build/failed/Azure/azure-sdk-for-java/azure-mgmt-resources/src/test/resources
[INFO] 
[INFO] --- maven-compiler-plugin:3.1:testCompile (default-testCompile) @ azure-mgmt-resources ---
[INFO] Nothing to compile - all classes are up to date
[INFO] 
[INFO] --- maven-surefire-plugin:2.18.1:test (default-test) @ azure-mgmt-resources ---
[INFO] Tests are skipped.
[INFO] 
[INFO] --- maven-jar-plugin:2.4:jar (default-jar) @ azure-mgmt-resources ---
[INFO] Building jar: /home/travis/build/failed/Azure/azure-sdk-for-java/azure-mgmt-resources/target/azure-mgmt-resources-1.0.0-SNAPSHOT.jar
[INFO] 
[INFO] --- maven-install-plugin:2.4:install (default-install) @ azure-mgmt-resources ---
[INFO] Installing /home/travis/build/failed/Azure/azure-sdk-for-java/azure-mgmt-resources/target/azure-mgmt-resources-1.0.0-SNAPSHOT.jar to /home/travis/.m2/repository/com/microsoft/azure/azure-mgmt-resources/1.0.0-SNAPSHOT/azure-mgmt-resources-1.0.0-SNAPSHOT.jar
[INFO] Installing /home/travis/build/failed/Azure/azure-sdk-for-java/azure-mgmt-resources/pom.xml to /home/travis/.m2/repository/com/microsoft/azure/azure-mgmt-resources/1.0.0-SNAPSHOT/azure-mgmt-resources-1.0.0-SNAPSHOT.pom
[INFO]                                                                         
[INFO] ------------------------------------------------------------------------
[INFO] Building Microsoft Azure SDK for Storage Management 1.0.0-SNAPSHOT
[INFO] ------------------------------------------------------------------------
[INFO] 
[INFO] --- maven-resources-plugin:2.4.3:resources (default-resources) @ azure-mgmt-storage ---
[INFO] Using 'UTF-8' encoding to copy filtered resources.
[INFO] skip non existing resourceDirectory /home/travis/build/failed/Azure/azure-sdk-for-java/azure-mgmt-storage/src/main/resources
[INFO] 
[INFO] --- maven-compiler-plugin:3.1:compile (default-compile) @ azure-mgmt-storage ---
[INFO] Changes detected - recompiling the module!
[INFO] Compiling 44 source files to /home/travis/build/failed/Azure/azure-sdk-for-java/azure-mgmt-storage/target/classes
[WARNING] bootstrap class path not set in conjunction with -source 1.7
[INFO] 
[INFO] --- maven-resources-plugin:2.4.3:testResources (default-testResources) @ azure-mgmt-storage ---
[INFO] Using 'UTF-8' encoding to copy filtered resources.
[INFO] skip non existing resourceDirectory /home/travis/build/failed/Azure/azure-sdk-for-java/azure-mgmt-storage/src/test/resources
[INFO] 
[INFO] --- maven-compiler-plugin:3.1:testCompile (default-testCompile) @ azure-mgmt-storage ---
[INFO] Nothing to compile - all classes are up to date
[INFO] 
[INFO] --- maven-surefire-plugin:2.18.1:test (default-test) @ azure-mgmt-storage ---
[INFO] Tests are skipped.
[INFO] 
[INFO] --- maven-jar-plugin:2.4:jar (default-jar) @ azure-mgmt-storage ---
[INFO] Building jar: /home/travis/build/failed/Azure/azure-sdk-for-java/azure-mgmt-storage/target/azure-mgmt-storage-1.0.0-SNAPSHOT.jar
[INFO] 
[INFO] --- maven-install-plugin:2.4:install (default-install) @ azure-mgmt-storage ---
[INFO] Installing /home/travis/build/failed/Azure/azure-sdk-for-java/azure-mgmt-storage/target/azure-mgmt-storage-1.0.0-SNAPSHOT.jar to /home/travis/.m2/repository/com/microsoft/azure/azure-mgmt-storage/1.0.0-SNAPSHOT/azure-mgmt-storage-1.0.0-SNAPSHOT.jar
[INFO] Installing /home/travis/build/failed/Azure/azure-sdk-for-java/azure-mgmt-storage/pom.xml to /home/travis/.m2/repository/com/microsoft/azure/azure-mgmt-storage/1.0.0-SNAPSHOT/azure-mgmt-storage-1.0.0-SNAPSHOT.pom
[INFO]                                                                         
[INFO] ------------------------------------------------------------------------
[INFO] Building Microsoft Azure SDK for Network Management 1.0.0-SNAPSHOT
[INFO] ------------------------------------------------------------------------
[INFO] 
[INFO] --- maven-resources-plugin:2.4.3:resources (default-resources) @ azure-mgmt-network ---
[INFO] Using 'UTF-8' encoding to copy filtered resources.
[INFO] skip non existing resourceDirectory /home/travis/build/failed/Azure/azure-sdk-for-java/azure-mgmt-network/src/main/resources
[INFO] 
[INFO] --- maven-compiler-plugin:3.1:compile (default-compile) @ azure-mgmt-network ---
[INFO] Changes detected - recompiling the module!
[INFO] Compiling 140 source files to /home/travis/build/failed/Azure/azure-sdk-for-java/azure-mgmt-network/target/classes
[WARNING] bootstrap class path not set in conjunction with -source 1.7
[INFO] 
[INFO] --- maven-resources-plugin:2.4.3:testResources (default-testResources) @ azure-mgmt-network ---
[INFO] Using 'UTF-8' encoding to copy filtered resources.
[INFO] skip non existing resourceDirectory /home/travis/build/failed/Azure/azure-sdk-for-java/azure-mgmt-network/src/test/resources
[INFO] 
[INFO] --- maven-compiler-plugin:3.1:testCompile (default-testCompile) @ azure-mgmt-network ---
[INFO] No sources to compile
[INFO] 
[INFO] --- maven-surefire-plugin:2.18.1:test (default-test) @ azure-mgmt-network ---
[INFO] Tests are skipped.
[INFO] 
[INFO] --- maven-jar-plugin:2.4:jar (default-jar) @ azure-mgmt-network ---
[INFO] Building jar: /home/travis/build/failed/Azure/azure-sdk-for-java/azure-mgmt-network/target/azure-mgmt-network-1.0.0-SNAPSHOT.jar
[INFO] 
[INFO] --- maven-install-plugin:2.4:install (default-install) @ azure-mgmt-network ---
[INFO] Installing /home/travis/build/failed/Azure/azure-sdk-for-java/azure-mgmt-network/target/azure-mgmt-network-1.0.0-SNAPSHOT.jar to /home/travis/.m2/repository/com/microsoft/azure/azure-mgmt-network/1.0.0-SNAPSHOT/azure-mgmt-network-1.0.0-SNAPSHOT.jar
[INFO] Installing /home/travis/build/failed/Azure/azure-sdk-for-java/azure-mgmt-network/pom.xml to /home/travis/.m2/repository/com/microsoft/azure/azure-mgmt-network/1.0.0-SNAPSHOT/azure-mgmt-network-1.0.0-SNAPSHOT.pom
[INFO]                                                                         
[INFO] ------------------------------------------------------------------------
[INFO] Building Microsoft Azure SDK for Compute Management 1.0.0-SNAPSHOT
[INFO] ------------------------------------------------------------------------
[INFO] 
[INFO] --- maven-resources-plugin:2.4.3:resources (default-resources) @ azure-mgmt-compute ---
[INFO] Using 'UTF-8' encoding to copy filtered resources.
[INFO] skip non existing resourceDirectory /home/travis/build/failed/Azure/azure-sdk-for-java/azure-mgmt-compute/src/main/resources
[INFO] 
[INFO] --- maven-compiler-plugin:3.1:compile (default-compile) @ azure-mgmt-compute ---
[INFO] Changes detected - recompiling the module!
[INFO] Compiling 136 source files to /home/travis/build/failed/Azure/azure-sdk-for-java/azure-mgmt-compute/target/classes
[WARNING] bootstrap class path not set in conjunction with -source 1.7
[INFO] 
[INFO] --- maven-resources-plugin:2.4.3:testResources (default-testResources) @ azure-mgmt-compute ---
[INFO] Using 'UTF-8' encoding to copy filtered resources.
[INFO] skip non existing resourceDirectory /home/travis/build/failed/Azure/azure-sdk-for-java/azure-mgmt-compute/src/test/resources
[INFO] 
[INFO] --- maven-compiler-plugin:3.1:testCompile (default-testCompile) @ azure-mgmt-compute ---
[INFO] Nothing to compile - all classes are up to date
[INFO] 
[INFO] --- maven-surefire-plugin:2.18.1:test (default-test) @ azure-mgmt-compute ---
[INFO] Tests are skipped.
[INFO] 
[INFO] --- maven-jar-plugin:2.4:jar (default-jar) @ azure-mgmt-compute ---
[INFO] Building jar: /home/travis/build/failed/Azure/azure-sdk-for-java/azure-mgmt-compute/target/azure-mgmt-compute-1.0.0-SNAPSHOT.jar
[INFO] 
[INFO] --- maven-install-plugin:2.4:install (default-install) @ azure-mgmt-compute ---
[INFO] Installing /home/travis/build/failed/Azure/azure-sdk-for-java/azure-mgmt-compute/target/azure-mgmt-compute-1.0.0-SNAPSHOT.jar to /home/travis/.m2/repository/com/microsoft/azure/azure-mgmt-compute/1.0.0-SNAPSHOT/azure-mgmt-compute-1.0.0-SNAPSHOT.jar
[INFO] Installing /home/travis/build/failed/Azure/azure-sdk-for-java/azure-mgmt-compute/pom.xml to /home/travis/.m2/repository/com/microsoft/azure/azure-mgmt-compute/1.0.0-SNAPSHOT/azure-mgmt-compute-1.0.0-SNAPSHOT.pom
[INFO]                                                                         
[INFO] ------------------------------------------------------------------------
[INFO] Building Microsoft Azure SDK 1.0.0-SNAPSHOT
[INFO] ------------------------------------------------------------------------
[INFO] 
[INFO] --- maven-resources-plugin:2.4.3:resources (default-resources) @ azure ---
[INFO] Using 'UTF-8' encoding to copy filtered resources.
[INFO] skip non existing resourceDirectory /home/travis/build/failed/Azure/azure-sdk-for-java/azure/src/main/resources
[INFO] 
[INFO] --- maven-compiler-plugin:3.1:compile (default-compile) @ azure ---
[INFO] Changes detected - recompiling the module!
[INFO] Compiling 2 source files to /home/travis/build/failed/Azure/azure-sdk-for-java/azure/target/classes
[WARNING] bootstrap class path not set in conjunction with -source 1.7
[INFO] 
[INFO] --- maven-resources-plugin:2.4.3:testResources (default-testResources) @ azure ---
[INFO] Using 'UTF-8' encoding to copy filtered resources.
[INFO] skip non existing resourceDirectory /home/travis/build/failed/Azure/azure-sdk-for-java/azure/src/test/resources
[INFO] 
[INFO] --- maven-compiler-plugin:3.1:testCompile (default-testCompile) @ azure ---
[INFO] Nothing to compile - all classes are up to date
[INFO] 
[INFO] --- maven-surefire-plugin:2.18.1:test (default-test) @ azure ---
[INFO] Tests are skipped.
[INFO] 
[INFO] --- maven-jar-plugin:2.4:jar (default-jar) @ azure ---
[INFO] Building jar: /home/travis/build/failed/Azure/azure-sdk-for-java/azure/target/azure-1.0.0-SNAPSHOT.jar
[INFO] 
[INFO] --- maven-install-plugin:2.4:install (default-install) @ azure ---
[INFO] Installing /home/travis/build/failed/Azure/azure-sdk-for-java/azure/target/azure-1.0.0-SNAPSHOT.jar to /home/travis/.m2/repository/com/microsoft/azure/azure/1.0.0-SNAPSHOT/azure-1.0.0-SNAPSHOT.jar
[INFO] Installing /home/travis/build/failed/Azure/azure-sdk-for-java/azure/pom.xml to /home/travis/.m2/repository/com/microsoft/azure/azure/1.0.0-SNAPSHOT/azure-1.0.0-SNAPSHOT.pom
[INFO]                                                                         
[INFO] ------------------------------------------------------------------------
[INFO] Building Microsoft Azure SDK for Batch Service 1.0.0-SNAPSHOT
[INFO] ------------------------------------------------------------------------
[INFO] 
[INFO] --- maven-resources-plugin:2.4.3:resources (default-resources) @ azure-batch ---
[INFO] Using 'UTF-8' encoding to copy filtered resources.
[INFO] skip non existing resourceDirectory /home/travis/build/failed/Azure/azure-sdk-for-java/azure-batch/src/main/resources
[INFO] 
[INFO] --- maven-compiler-plugin:3.1:compile (default-compile) @ azure-batch ---
[INFO] Changes detected - recompiling the module!
[INFO] Compiling 332 source files to /home/travis/build/failed/Azure/azure-sdk-for-java/azure-batch/target/classes
[WARNING] bootstrap class path not set in conjunction with -source 1.7
[INFO] 
[INFO] --- maven-resources-plugin:2.4.3:testResources (default-testResources) @ azure-batch ---
[INFO] Using 'UTF-8' encoding to copy filtered resources.
[INFO] skip non existing resourceDirectory /home/travis/build/failed/Azure/azure-sdk-for-java/azure-batch/src/test/resources
[INFO] 
[INFO] --- maven-compiler-plugin:3.1:testCompile (default-testCompile) @ azure-batch ---
[INFO] No sources to compile
[INFO] 
[INFO] --- maven-surefire-plugin:2.18.1:test (default-test) @ azure-batch ---
[INFO] Tests are skipped.
[INFO] 
[INFO] --- maven-jar-plugin:2.4:jar (default-jar) @ azure-batch ---
[INFO] Building jar: /home/travis/build/failed/Azure/azure-sdk-for-java/azure-batch/target/azure-batch-1.0.0-SNAPSHOT.jar
[INFO] 
[INFO] --- maven-install-plugin:2.4:install (default-install) @ azure-batch ---
[INFO] Installing /home/travis/build/failed/Azure/azure-sdk-for-java/azure-batch/target/azure-batch-1.0.0-SNAPSHOT.jar to /home/travis/.m2/repository/com/microsoft/azure/azure-batch/1.0.0-SNAPSHOT/azure-batch-1.0.0-SNAPSHOT.jar
[INFO] Installing /home/travis/build/failed/Azure/azure-sdk-for-java/azure-batch/pom.xml to /home/travis/.m2/repository/com/microsoft/azure/azure-batch/1.0.0-SNAPSHOT/azure-batch-1.0.0-SNAPSHOT.pom
[INFO]                                                                         
[INFO] ------------------------------------------------------------------------
[INFO] Building Microsoft Azure SDK for Website Management 1.0.0-SNAPSHOT
[INFO] ------------------------------------------------------------------------
[INFO] 
[INFO] --- maven-resources-plugin:2.4.3:resources (default-resources) @ azure-mgmt-website ---
[INFO] Using 'UTF-8' encoding to copy filtered resources.
[INFO] skip non existing resourceDirectory /home/travis/build/failed/Azure/azure-sdk-for-java/azure-mgmt-website/src/main/resources
[INFO] 
[INFO] --- maven-compiler-plugin:3.1:compile (default-compile) @ azure-mgmt-website ---
[INFO] Changes detected - recompiling the module!
[INFO] Compiling 197 source files to /home/travis/build/failed/Azure/azure-sdk-for-java/azure-mgmt-website/target/classes
[WARNING] bootstrap class path not set in conjunction with -source 1.7
[INFO] 
[INFO] --- maven-resources-plugin:2.4.3:testResources (default-testResources) @ azure-mgmt-website ---
[INFO] Using 'UTF-8' encoding to copy filtered resources.
[INFO] skip non existing resourceDirectory /home/travis/build/failed/Azure/azure-sdk-for-java/azure-mgmt-website/src/test/resources
[INFO] 
[INFO] --- maven-compiler-plugin:3.1:testCompile (default-testCompile) @ azure-mgmt-website ---
[INFO] No sources to compile
[INFO] 
[INFO] --- maven-surefire-plugin:2.18.1:test (default-test) @ azure-mgmt-website ---
[INFO] Tests are skipped.
[INFO] 
[INFO] --- maven-jar-plugin:2.4:jar (default-jar) @ azure-mgmt-website ---
[INFO] Building jar: /home/travis/build/failed/Azure/azure-sdk-for-java/azure-mgmt-website/target/azure-mgmt-website-1.0.0-SNAPSHOT.jar
[INFO] 
[INFO] --- maven-install-plugin:2.4:install (default-install) @ azure-mgmt-website ---
[INFO] Installing /home/travis/build/failed/Azure/azure-sdk-for-java/azure-mgmt-website/target/azure-mgmt-website-1.0.0-SNAPSHOT.jar to /home/travis/.m2/repository/com/microsoft/azure/azure-mgmt-website/1.0.0-SNAPSHOT/azure-mgmt-website-1.0.0-SNAPSHOT.jar
[INFO] Installing /home/travis/build/failed/Azure/azure-sdk-for-java/azure-mgmt-website/pom.xml to /home/travis/.m2/repository/com/microsoft/azure/azure-mgmt-website/1.0.0-SNAPSHOT/azure-mgmt-website-1.0.0-SNAPSHOT.pom
[INFO]                                                                         
[INFO] ------------------------------------------------------------------------
[INFO] Building Microsoft Azure SDK for Data Lake Store Management 1.0.0-SNAPSHOT
[INFO] ------------------------------------------------------------------------
[INFO] 
[INFO] --- maven-resources-plugin:2.4.3:resources (default-resources) @ azure-mgmt-datalake-store ---
[INFO] Using 'UTF-8' encoding to copy filtered resources.
[INFO] skip non existing resourceDirectory /home/travis/build/failed/Azure/azure-sdk-for-java/azure-mgmt-datalake-store/src/main/resources
[INFO] 
[INFO] --- maven-compiler-plugin:3.1:compile (default-compile) @ azure-mgmt-datalake-store ---
[INFO] Changes detected - recompiling the module!
[INFO] Compiling 44 source files to /home/travis/build/failed/Azure/azure-sdk-for-java/azure-mgmt-datalake-store/target/classes
[WARNING] bootstrap class path not set in conjunction with -source 1.7
[INFO] 
[INFO] --- maven-resources-plugin:2.4.3:testResources (default-testResources) @ azure-mgmt-datalake-store ---
[INFO] Using 'UTF-8' encoding to copy filtered resources.
[INFO] skip non existing resourceDirectory /home/travis/build/failed/Azure/azure-sdk-for-java/azure-mgmt-datalake-store/src/test/resources
[INFO] 
[INFO] --- maven-compiler-plugin:3.1:testCompile (default-testCompile) @ azure-mgmt-datalake-store ---
[INFO] Changes detected - recompiling the module!
[INFO] Compiling 3 source files to /home/travis/build/failed/Azure/azure-sdk-for-java/azure-mgmt-datalake-store/target/test-classes
[INFO] -------------------------------------------------------------
[WARNING] COMPILATION WARNING : 
[INFO] -------------------------------------------------------------
[WARNING] bootstrap class path not set in conjunction with -source 1.7
[INFO] 1 warning
[INFO] -------------------------------------------------------------
[INFO] -------------------------------------------------------------
[ERROR] COMPILATION ERROR : 
[INFO] -------------------------------------------------------------
[ERROR] /home/travis/build/failed/Azure/azure-sdk-for-java/azure-mgmt-datalake-store/src/test/java/com/microsoft/azure/management/datalake/store/DataLakeStoreManagementTestBase.java:[7,67] package com.microsoft.azure.management.resources.implementation.api does not exist
[ERROR] /home/travis/build/failed/Azure/azure-sdk-for-java/azure-mgmt-datalake-store/src/test/java/com/microsoft/azure/management/datalake/store/DataLakeStoreManagementTestBase.java:[12,22] cannot find symbol
  symbol:   class ResourceManagementClientImpl
  location: class com.microsoft.azure.management.datalake.store.DataLakeStoreManagementTestBase
[ERROR] /home/travis/build/failed/Azure/azure-sdk-for-java/azure-mgmt-datalake-store/src/test/java/com/microsoft/azure/management/datalake/store/DataLakeStoreFilesystemOperationsTests.java:[11,67] package com.microsoft.azure.management.resources.implementation.api does not exist
[ERROR] /home/travis/build/failed/Azure/azure-sdk-for-java/azure-mgmt-datalake-store/src/test/java/com/microsoft/azure/management/datalake/store/DataLakeStoreAccountOperationsTests.java:[5,67] package com.microsoft.azure.management.resources.implementation.api does not exist
[ERROR] /home/travis/build/failed/Azure/azure-sdk-for-java/azure-mgmt-datalake-store/src/test/java/com/microsoft/azure/management/datalake/store/DataLakeStoreManagementTestBase.java:[31,40] cannot find symbol
  symbol:   class ResourceManagementClientImpl
  location: class com.microsoft.azure.management.datalake.store.DataLakeStoreManagementTestBase
[ERROR] /home/travis/build/failed/Azure/azure-sdk-for-java/azure-mgmt-datalake-store/src/test/java/com/microsoft/azure/management/datalake/store/DataLakeStoreFilesystemOperationsTests.java:[45,9] cannot find symbol
  symbol:   class ResourceGroupInner
  location: class com.microsoft.azure.management.datalake.store.DataLakeStoreFilesystemOperationsTests
[ERROR] /home/travis/build/failed/Azure/azure-sdk-for-java/azure-mgmt-datalake-store/src/test/java/com/microsoft/azure/management/datalake/store/DataLakeStoreFilesystemOperationsTests.java:[45,40] cannot find symbol
  symbol:   class ResourceGroupInner
  location: class com.microsoft.azure.management.datalake.store.DataLakeStoreFilesystemOperationsTests
[ERROR] /home/travis/build/failed/Azure/azure-sdk-for-java/azure-mgmt-datalake-store/src/test/java/com/microsoft/azure/management/datalake/store/DataLakeStoreAccountOperationsTests.java:[22,9] cannot find symbol
  symbol:   class ResourceGroupInner
  location: class com.microsoft.azure.management.datalake.store.DataLakeStoreAccountOperationsTests
[ERROR] /home/travis/build/failed/Azure/azure-sdk-for-java/azure-mgmt-datalake-store/src/test/java/com/microsoft/azure/management/datalake/store/DataLakeStoreAccountOperationsTests.java:[22,40] cannot find symbol
  symbol:   class ResourceGroupInner
  location: class com.microsoft.azure.management.datalake.store.DataLakeStoreAccountOperationsTests
[INFO] 9 errors 
[INFO] -------------------------------------------------------------
[INFO] ------------------------------------------------------------------------
[INFO] Reactor Summary:
[INFO] 
[INFO] AutoRest Client Runtimes for Java .................. SUCCESS [  0.243 s]
[INFO] Build tools for AutoRest client runtime for Java ... SUCCESS [  0.743 s]
[INFO] Java Client Runtime for AutoRest ................... SUCCESS [  1.198 s]
[INFO] Azure Java Client Runtime for AutoRest ............. SUCCESS [  0.422 s]
[INFO] Azure Java Client Authentication Library for AutoRest SUCCESS [  0.184 s]
[INFO] Microsoft Azure SDK Parent ......................... SUCCESS [  0.006 s]
[INFO] Microsoft Azure SDK for Resource Management ........ SUCCESS [  1.244 s]
[INFO] Microsoft Azure SDK for Storage Management ......... SUCCESS [  0.345 s]
[INFO] Microsoft Azure SDK for Network Management ......... SUCCESS [  1.702 s]
[INFO] Microsoft Azure SDK for Compute Management ......... SUCCESS [  1.123 s]
[INFO] Microsoft Azure SDK ................................ SUCCESS [  0.075 s]
[INFO] Microsoft Azure SDK for Batch Service .............. SUCCESS [  1.784 s]
[INFO] Microsoft Azure SDK for Website Management ......... SUCCESS [  1.932 s]
[INFO] Microsoft Azure SDK for Data Lake Store Management . FAILURE [  0.309 s]
[INFO] Microsoft Azure SDK for Data Lake Analytics Management SKIPPED
[INFO] Microsoft Azure SDK for Data Lake Store Data Uploading SKIPPED
[INFO] Microsoft Azure SDK samples ........................ SKIPPED
[INFO] ------------------------------------------------------------------------
[INFO] BUILD FAILURE
[INFO] ------------------------------------------------------------------------
[INFO] Total time: 11.574 s
[INFO] Finished at: 2020-07-02T19:32:57+00:00
[INFO] Final Memory: 33M/325M
[INFO] ------------------------------------------------------------------------
[ERROR] Failed to execute goal org.apache.maven.plugins:maven-compiler-plugin:3.1:testCompile (default-testCompile) on project azure-mgmt-datalake-store: Compilation failure: Compilation failure:
[ERROR] /home/travis/build/failed/Azure/azure-sdk-for-java/azure-mgmt-datalake-store/src/test/java/com/microsoft/azure/management/datalake/store/DataLakeStoreManagementTestBase.java:[7,67] package com.microsoft.azure.management.resources.implementation.api does not exist
[ERROR] /home/travis/build/failed/Azure/azure-sdk-for-java/azure-mgmt-datalake-store/src/test/java/com/microsoft/azure/management/datalake/store/DataLakeStoreManagementTestBase.java:[12,22] cannot find symbol
[ERROR] symbol:   class ResourceManagementClientImpl
[ERROR] location: class com.microsoft.azure.management.datalake.store.DataLakeStoreManagementTestBase
[ERROR] /home/travis/build/failed/Azure/azure-sdk-for-java/azure-mgmt-datalake-store/src/test/java/com/microsoft/azure/management/datalake/store/DataLakeStoreFilesystemOperationsTests.java:[11,67] package com.microsoft.azure.management.resources.implementation.api does not exist
[ERROR] /home/travis/build/failed/Azure/azure-sdk-for-java/azure-mgmt-datalake-store/src/test/java/com/microsoft/azure/management/datalake/store/DataLakeStoreAccountOperationsTests.java:[5,67] package com.microsoft.azure.management.resources.implementation.api does not exist
[ERROR] /home/travis/build/failed/Azure/azure-sdk-for-java/azure-mgmt-datalake-store/src/test/java/com/microsoft/azure/management/datalake/store/DataLakeStoreManagementTestBase.java:[31,40] cannot find symbol
[ERROR] symbol:   class ResourceManagementClientImpl
[ERROR] location: class com.microsoft.azure.management.datalake.store.DataLakeStoreManagementTestBase
[ERROR] /home/travis/build/failed/Azure/azure-sdk-for-java/azure-mgmt-datalake-store/src/test/java/com/microsoft/azure/management/datalake/store/DataLakeStoreFilesystemOperationsTests.java:[45,9] cannot find symbol
[ERROR] symbol:   class ResourceGroupInner
[ERROR] location: class com.microsoft.azure.management.datalake.store.DataLakeStoreFilesystemOperationsTests
[ERROR] /home/travis/build/failed/Azure/azure-sdk-for-java/azure-mgmt-datalake-store/src/test/java/com/microsoft/azure/management/datalake/store/DataLakeStoreFilesystemOperationsTests.java:[45,40] cannot find symbol
[ERROR] symbol:   class ResourceGroupInner
[ERROR] location: class com.microsoft.azure.management.datalake.store.DataLakeStoreFilesystemOperationsTests
[ERROR] /home/travis/build/failed/Azure/azure-sdk-for-java/azure-mgmt-datalake-store/src/test/java/com/microsoft/azure/management/datalake/store/DataLakeStoreAccountOperationsTests.java:[22,9] cannot find symbol
[ERROR] symbol:   class ResourceGroupInner
[ERROR] location: class com.microsoft.azure.management.datalake.store.DataLakeStoreAccountOperationsTests
[ERROR] /home/travis/build/failed/Azure/azure-sdk-for-java/azure-mgmt-datalake-store/src/test/java/com/microsoft/azure/management/datalake/store/DataLakeStoreAccountOperationsTests.java:[22,40] cannot find symbol
[ERROR] symbol:   class ResourceGroupInner
[ERROR] location: class com.microsoft.azure.management.datalake.store.DataLakeStoreAccountOperationsTests
[ERROR] -> [Help 1]
[ERROR] 
[ERROR] To see the full stack trace of the errors, re-run Maven with the -e switch.
[ERROR] Re-run Maven using the -X switch to enable full debug logging.
[ERROR] 
[ERROR] For more information about the errors and possible solutions, please read the following articles:
[ERROR] [Help 1] http://cwiki.apache.org/confluence/display/MAVEN/MojoFailureException
[ERROR] 
[ERROR] After correcting the problems, you can resume the build with the command
[ERROR]   mvn <goals> -rf :azure-mgmt-datalake-store
Apache Maven 3.2.5 (12a6b3acb947671f09b81f49094c53f426d8cea1; 2014-12-14T17:29:23+00:00)
Maven home: /usr/local/maven
Java version: 1.8.0_31, vendor: Oracle Corporation
Java home: /usr/lib/jvm/java-8-oracle/jre
Default locale: en_US, platform encoding: UTF-8
OS name: "linux", version: "4.15.0-109-generic", arch: "amd64", family: "unix"
[INFO] Scanning for projects...
[WARNING] 
[WARNING] Some problems were encountered while building the effective model for com.microsoft.rest:client-runtime:jar:1.0.0-SNAPSHOT
[WARNING] 'build.plugins.plugin.version' for org.codehaus.mojo:build-helper-maven-plugin is missing. @ com.microsoft.rest:client-runtime:[unknown-version], /home/travis/build/failed/Azure/azure-sdk-for-java/runtimes/client-runtime/pom.xml, line 100, column 15
[WARNING] 
[WARNING] Some problems were encountered while building the effective model for com.microsoft.azure:azure-client-runtime:jar:1.0.0-SNAPSHOT
[WARNING] 'build.plugins.plugin.version' for org.codehaus.mojo:build-helper-maven-plugin is missing. @ com.microsoft.azure:azure-client-runtime:[unknown-version], /home/travis/build/failed/Azure/azure-sdk-for-java/runtimes/azure-client-runtime/pom.xml, line 76, column 15
[WARNING] The expression ${parent.version} is deprecated. Please use ${project.parent.version} instead.
[WARNING] 
[WARNING] Some problems were encountered while building the effective model for com.microsoft.azure:azure-client-authentication:jar:1.0.0-SNAPSHOT
[WARNING] 'build.plugins.plugin.version' for org.codehaus.mojo:build-helper-maven-plugin is missing. @ com.microsoft.azure:azure-client-authentication:[unknown-version], /home/travis/build/failed/Azure/azure-sdk-for-java/runtimes/azure-client-authentication/pom.xml, line 81, column 15
[WARNING] 
[WARNING] Some problems were encountered while building the effective model for com.microsoft.azure:azure:jar:1.0.0-SNAPSHOT
[WARNING] 'build.plugins.plugin.version' for org.apache.maven.plugins:maven-jar-plugin is missing. @ com.microsoft.azure:azure:[unknown-version], /home/travis/build/failed/Azure/azure-sdk-for-java/azure/pom.xml, line 99, column 15
[WARNING] 'build.plugins.plugin.version' for org.codehaus.mojo:build-helper-maven-plugin is missing. @ com.microsoft.azure:azure:[unknown-version], /home/travis/build/failed/Azure/azure-sdk-for-java/azure/pom.xml, line 126, column 15
[WARNING] 
[WARNING] Some problems were encountered while building the effective model for com.microsoft.azure:azure-batch:jar:1.0.0-SNAPSHOT
[WARNING] 'build.plugins.plugin.version' for org.apache.maven.plugins:maven-jar-plugin is missing. @ com.microsoft.azure:azure-batch:[unknown-version], /home/travis/build/failed/Azure/azure-sdk-for-java/azure-batch/pom.xml, line 73, column 15
[WARNING] 'build.plugins.plugin.version' for org.codehaus.mojo:build-helper-maven-plugin is missing. @ com.microsoft.azure:azure-batch:[unknown-version], /home/travis/build/failed/Azure/azure-sdk-for-java/azure-batch/pom.xml, line 100, column 15
[WARNING] 
[WARNING] Some problems were encountered while building the effective model for com.microsoft.azure:azure-mgmt-compute:jar:1.0.0-SNAPSHOT
[WARNING] 'build.plugins.plugin.version' for org.apache.maven.plugins:maven-jar-plugin is missing. @ com.microsoft.azure:azure-mgmt-compute:[unknown-version], /home/travis/build/failed/Azure/azure-sdk-for-java/azure-mgmt-compute/pom.xml, line 83, column 15
[WARNING] 'build.plugins.plugin.version' for org.codehaus.mojo:build-helper-maven-plugin is missing. @ com.microsoft.azure:azure-mgmt-compute:[unknown-version], /home/travis/build/failed/Azure/azure-sdk-for-java/azure-mgmt-compute/pom.xml, line 104, column 15
[WARNING] 
[WARNING] Some problems were encountered while building the effective model for com.microsoft.azure:azure-mgmt-resources:jar:1.0.0-SNAPSHOT
[WARNING] 'build.plugins.plugin.version' for org.apache.maven.plugins:maven-jar-plugin is missing. @ com.microsoft.azure:azure-mgmt-resources:[unknown-version], /home/travis/build/failed/Azure/azure-sdk-for-java/azure-mgmt-resources/pom.xml, line 68, column 15
[WARNING] 'build.plugins.plugin.version' for org.codehaus.mojo:build-helper-maven-plugin is missing. @ com.microsoft.azure:azure-mgmt-resources:[unknown-version], /home/travis/build/failed/Azure/azure-sdk-for-java/azure-mgmt-resources/pom.xml, line 89, column 15
[WARNING] 
[WARNING] Some problems were encountered while building the effective model for com.microsoft.azure:azure-mgmt-storage:jar:1.0.0-SNAPSHOT
[WARNING] 'build.plugins.plugin.version' for org.apache.maven.plugins:maven-jar-plugin is missing. @ com.microsoft.azure:azure-mgmt-storage:[unknown-version], /home/travis/build/failed/Azure/azure-sdk-for-java/azure-mgmt-storage/pom.xml, line 73, column 15
[WARNING] 'build.plugins.plugin.version' for org.codehaus.mojo:build-helper-maven-plugin is missing. @ com.microsoft.azure:azure-mgmt-storage:[unknown-version], /home/travis/build/failed/Azure/azure-sdk-for-java/azure-mgmt-storage/pom.xml, line 85, column 15
[WARNING] 
[WARNING] Some problems were encountered while building the effective model for com.microsoft.azure:azure-mgmt-network:jar:1.0.0-SNAPSHOT
[WARNING] 'build.plugins.plugin.version' for org.apache.maven.plugins:maven-jar-plugin is missing. @ com.microsoft.azure:azure-mgmt-network:[unknown-version], /home/travis/build/failed/Azure/azure-sdk-for-java/azure-mgmt-network/pom.xml, line 67, column 15
[WARNING] 'build.plugins.plugin.version' for org.codehaus.mojo:build-helper-maven-plugin is missing. @ com.microsoft.azure:azure-mgmt-network:[unknown-version], /home/travis/build/failed/Azure/azure-sdk-for-java/azure-mgmt-network/pom.xml, line 94, column 15
[WARNING] 
[WARNING] Some problems were encountered while building the effective model for com.microsoft.azure:azure-mgmt-website:jar:1.0.0-SNAPSHOT
[WARNING] 'build.plugins.plugin.version' for org.apache.maven.plugins:maven-jar-plugin is missing. @ com.microsoft.azure:azure-mgmt-website:[unknown-version], /home/travis/build/failed/Azure/azure-sdk-for-java/azure-mgmt-website/pom.xml, line 68, column 15
[WARNING] 'build.plugins.plugin.version' for org.codehaus.mojo:build-helper-maven-plugin is missing. @ com.microsoft.azure:azure-mgmt-website:[unknown-version], /home/travis/build/failed/Azure/azure-sdk-for-java/azure-mgmt-website/pom.xml, line 89, column 15
[WARNING] 
[WARNING] Some problems were encountered while building the effective model for com.microsoft.azure:azure-mgmt-datalake-analytics:jar:1.0.0-SNAPSHOT
[WARNING] 'build.plugins.plugin.version' for org.apache.maven.plugins:maven-jar-plugin is missing. @ com.microsoft.azure:azure-mgmt-datalake-analytics:[unknown-version], /home/travis/build/failed/Azure/azure-sdk-for-java/azure-mgmt-datalake-analytics/pom.xml, line 86, column 15
[WARNING] 'build.plugins.plugin.version' for org.codehaus.mojo:build-helper-maven-plugin is missing. @ com.microsoft.azure:azure-mgmt-datalake-analytics:[unknown-version], /home/travis/build/failed/Azure/azure-sdk-for-java/azure-mgmt-datalake-analytics/pom.xml, line 113, column 15
[WARNING] 
[WARNING] Some problems were encountered while building the effective model for com.microsoft.azure:azure-mgmt-datalake-store:jar:1.0.0-SNAPSHOT
[WARNING] 'build.plugins.plugin.version' for org.apache.maven.plugins:maven-jar-plugin is missing. @ com.microsoft.azure:azure-mgmt-datalake-store:[unknown-version], /home/travis/build/failed/Azure/azure-sdk-for-java/azure-mgmt-datalake-store/pom.xml, line 74, column 15
[WARNING] 'build.plugins.plugin.version' for org.codehaus.mojo:build-helper-maven-plugin is missing. @ com.microsoft.azure:azure-mgmt-datalake-store:[unknown-version], /home/travis/build/failed/Azure/azure-sdk-for-java/azure-mgmt-datalake-store/pom.xml, line 101, column 15
[WARNING] 
[WARNING] Some problems were encountered while building the effective model for com.microsoft.azure:azure-mgmt-datalake-store-uploader:jar:1.0.0-SNAPSHOT
[WARNING] 'build.plugins.plugin.version' for org.apache.maven.plugins:maven-jar-plugin is missing. @ com.microsoft.azure:azure-mgmt-datalake-store-uploader:[unknown-version], /home/travis/build/failed/Azure/azure-sdk-for-java/azure-mgmt-datalake-store-uploader/pom.xml, line 85, column 15
[WARNING] 'build.plugins.plugin.version' for org.codehaus.mojo:build-helper-maven-plugin is missing. @ com.microsoft.azure:azure-mgmt-datalake-store-uploader:[unknown-version], /home/travis/build/failed/Azure/azure-sdk-for-java/azure-mgmt-datalake-store-uploader/pom.xml, line 112, column 15
[WARNING] 
[WARNING] It is highly recommended to fix these problems because they threaten the stability of your build.
[WARNING] 
[WARNING] For this reason, future Maven versions might no longer support building such malformed projects.
[WARNING] 
[INFO] ------------------------------------------------------------------------
[INFO] Reactor Build Order:
[INFO] 
[INFO] AutoRest Client Runtimes for Java
[INFO] Build tools for AutoRest client runtime for Java
[INFO] Java Client Runtime for AutoRest
[INFO] Azure Java Client Runtime for AutoRest
[INFO] Azure Java Client Authentication Library for AutoRest
[INFO] Microsoft Azure SDK Parent
[INFO] Microsoft Azure SDK for Resource Management
[INFO] Microsoft Azure SDK for Storage Management
[INFO] Microsoft Azure SDK for Network Management
[INFO] Microsoft Azure SDK for Compute Management
[INFO] Microsoft Azure SDK
[INFO] Microsoft Azure SDK for Batch Service
[INFO] Microsoft Azure SDK for Website Management
[INFO] Microsoft Azure SDK for Data Lake Store Management
[INFO] Microsoft Azure SDK for Data Lake Analytics Management
[INFO] Microsoft Azure SDK for Data Lake Store Data Uploading
[INFO] Microsoft Azure SDK samples
[INFO]                                                                         
[INFO] ------------------------------------------------------------------------
[INFO] Building AutoRest Client Runtimes for Java 1.0.0-SNAPSHOT
[INFO] ------------------------------------------------------------------------
[INFO] 
[INFO] --- maven-install-plugin:2.4:install (default-install) @ autorest-clientruntime-for-java ---
[INFO] Installing /home/travis/build/failed/Azure/azure-sdk-for-java/runtimes/pom.xml to /home/travis/.m2/repository/com/microsoft/azure/autorest-clientruntime-for-java/1.0.0-SNAPSHOT/autorest-clientruntime-for-java-1.0.0-SNAPSHOT.pom
[INFO]                                                                         
[INFO] ------------------------------------------------------------------------
[INFO] Building Build tools for AutoRest client runtime for Java 1.0.0-SNAPSHOT
[INFO] ------------------------------------------------------------------------
[INFO] 
[INFO] --- maven-resources-plugin:2.4.3:resources (default-resources) @ autorest-build-tools ---
[INFO] Using 'UTF-8' encoding to copy filtered resources.
[INFO] Copying 2 resources
[INFO] 
[INFO] --- maven-compiler-plugin:3.1:compile (default-compile) @ autorest-build-tools ---
[INFO] No sources to compile
[INFO] 
[INFO] --- maven-resources-plugin:2.4.3:testResources (default-testResources) @ autorest-build-tools ---
[INFO] Using 'UTF-8' encoding to copy filtered resources.
[INFO] skip non existing resourceDirectory /home/travis/build/failed/Azure/azure-sdk-for-java/runtimes/build-tools/src/test/resources
[INFO] 
[INFO] --- maven-compiler-plugin:3.1:testCompile (default-testCompile) @ autorest-build-tools ---
[INFO] No sources to compile
[INFO] 
[INFO] --- maven-surefire-plugin:2.18.1:test (default-test) @ autorest-build-tools ---
[INFO] Tests are skipped.
[INFO] 
[INFO] --- maven-jar-plugin:2.4:jar (default-jar) @ autorest-build-tools ---
[INFO] 
[INFO] --- maven-install-plugin:2.4:install (default-install) @ autorest-build-tools ---
[INFO] Installing /home/travis/build/failed/Azure/azure-sdk-for-java/runtimes/build-tools/target/autorest-build-tools-1.0.0-SNAPSHOT.jar to /home/travis/.m2/repository/com/microsoft/azure/autorest-build-tools/1.0.0-SNAPSHOT/autorest-build-tools-1.0.0-SNAPSHOT.jar
[INFO] Installing /home/travis/build/failed/Azure/azure-sdk-for-java/runtimes/build-tools/pom.xml to /home/travis/.m2/repository/com/microsoft/azure/autorest-build-tools/1.0.0-SNAPSHOT/autorest-build-tools-1.0.0-SNAPSHOT.pom
[INFO]                                                                         
[INFO] ------------------------------------------------------------------------
[INFO] Building Java Client Runtime for AutoRest 1.0.0-SNAPSHOT
[INFO] ------------------------------------------------------------------------
[INFO] 
[INFO] --- maven-resources-plugin:2.4.3:resources (default-resources) @ client-runtime ---
[INFO] Using 'UTF-8' encoding to copy filtered resources.
[INFO] skip non existing resourceDirectory /home/travis/build/failed/Azure/azure-sdk-for-java/runtimes/client-runtime/src/main/resources
[INFO] 
[INFO] --- maven-compiler-plugin:3.1:compile (default-compile) @ client-runtime ---
[INFO] Changes detected - recompiling the module!
[INFO] Compiling 37 source files to /home/travis/build/failed/Azure/azure-sdk-for-java/runtimes/client-runtime/target/classes
[WARNING] bootstrap class path not set in conjunction with -source 1.7
[WARNING] /home/travis/build/failed/Azure/azure-sdk-for-java/runtimes/client-runtime/src/main/java/com/microsoft/rest/serializer/JacksonConverterFactory.java:[64,37] reader(com.fasterxml.jackson.databind.JavaType) in com.fasterxml.jackson.databind.ObjectMapper has been deprecated
[WARNING] /home/travis/build/failed/Azure/azure-sdk-for-java/runtimes/client-runtime/src/main/java/com/microsoft/rest/Validator.java:[45,51] unchecked method invocation: method of in class com.google.common.reflect.TypeToken is applied to given types
  required: java.lang.Class<T>
  found: java.lang.Class
[WARNING] /home/travis/build/failed/Azure/azure-sdk-for-java/runtimes/client-runtime/src/main/java/com/microsoft/rest/Validator.java:[45,52] unchecked conversion
  required: java.lang.Class<T>
  found:    java.lang.Class
[WARNING] /home/travis/build/failed/Azure/azure-sdk-for-java/runtimes/client-runtime/src/main/java/com/microsoft/rest/serializer/FlatteningDeserializer.java:[97,40] put(java.lang.String,com.fasterxml.jackson.databind.JsonNode) in com.fasterxml.jackson.databind.node.ObjectNode has been deprecated
[WARNING] /home/travis/build/failed/Azure/azure-sdk-for-java/runtimes/client-runtime/src/main/java/com/microsoft/rest/serializer/FlatteningSerializer.java:[117,33] put(java.lang.String,com.fasterxml.jackson.databind.JsonNode) in com.fasterxml.jackson.databind.node.ObjectNode has been deprecated
[INFO] 
[INFO] --- maven-resources-plugin:2.4.3:testResources (default-testResources) @ client-runtime ---
[INFO] Using 'UTF-8' encoding to copy filtered resources.
[INFO] skip non existing resourceDirectory /home/travis/build/failed/Azure/azure-sdk-for-java/runtimes/client-runtime/src/test/resources
[INFO] 
[INFO] --- maven-compiler-plugin:3.1:testCompile (default-testCompile) @ client-runtime ---
[INFO] Nothing to compile - all classes are up to date
[INFO] 
[INFO] --- maven-surefire-plugin:2.18.1:test (default-test) @ client-runtime ---
[INFO] Tests are skipped.
[INFO] 
[INFO] --- maven-jar-plugin:2.4:jar (default-jar) @ client-runtime ---
[INFO] Building jar: /home/travis/build/failed/Azure/azure-sdk-for-java/runtimes/client-runtime/target/client-runtime-1.0.0-SNAPSHOT.jar
[INFO] 
[INFO] --- maven-install-plugin:2.4:install (default-install) @ client-runtime ---
[INFO] Installing /home/travis/build/failed/Azure/azure-sdk-for-java/runtimes/client-runtime/target/client-runtime-1.0.0-SNAPSHOT.jar to /home/travis/.m2/repository/com/microsoft/rest/client-runtime/1.0.0-SNAPSHOT/client-runtime-1.0.0-SNAPSHOT.jar
[INFO] Installing /home/travis/build/failed/Azure/azure-sdk-for-java/runtimes/client-runtime/pom.xml to /home/travis/.m2/repository/com/microsoft/rest/client-runtime/1.0.0-SNAPSHOT/client-runtime-1.0.0-SNAPSHOT.pom
[INFO]                                                                         
[INFO] ------------------------------------------------------------------------
[INFO] Building Azure Java Client Runtime for AutoRest 1.0.0-SNAPSHOT
[INFO] ------------------------------------------------------------------------
[INFO] 
[INFO] --- maven-resources-plugin:2.4.3:resources (default-resources) @ azure-client-runtime ---
[INFO] Using 'UTF-8' encoding to copy filtered resources.
[INFO] skip non existing resourceDirectory /home/travis/build/failed/Azure/azure-sdk-for-java/runtimes/azure-client-runtime/src/main/resources
[INFO] 
[INFO] --- maven-compiler-plugin:3.1:compile (default-compile) @ azure-client-runtime ---
[INFO] Changes detected - recompiling the module!
[INFO] Compiling 29 source files to /home/travis/build/failed/Azure/azure-sdk-for-java/runtimes/azure-client-runtime/target/classes
[WARNING] bootstrap class path not set in conjunction with -source 1.7
[WARNING] /home/travis/build/failed/Azure/azure-sdk-for-java/runtimes/azure-client-runtime/src/main/java/com/microsoft/azure/Graph.java:[77,22] unchecked call to visit(U) as a member of the raw type com.microsoft.azure.Graph.Visitor
[WARNING] /home/travis/build/failed/Azure/azure-sdk-for-java/runtimes/azure-client-runtime/src/main/java/com/microsoft/azure/AzureResponse.java:[26,14] unchecked method invocation: constructor <init> in class com.microsoft.rest.ServiceResponse is applied to given types
  required: T,retrofit2.Response<okhttp3.ResponseBody>
  found: T,retrofit2.Response
[WARNING] /home/travis/build/failed/Azure/azure-sdk-for-java/runtimes/azure-client-runtime/src/main/java/com/microsoft/azure/AzureResponse.java:[26,21] unchecked conversion
  required: retrofit2.Response<okhttp3.ResponseBody>
  found:    retrofit2.Response
[INFO] 
[INFO] --- maven-resources-plugin:2.4.3:testResources (default-testResources) @ azure-client-runtime ---
[INFO] Using 'UTF-8' encoding to copy filtered resources.
[INFO] skip non existing resourceDirectory /home/travis/build/failed/Azure/azure-sdk-for-java/runtimes/azure-client-runtime/src/test/resources
[INFO] 
[INFO] --- maven-compiler-plugin:3.1:testCompile (default-testCompile) @ azure-client-runtime ---
[INFO] Nothing to compile - all classes are up to date
[INFO] 
[INFO] --- maven-surefire-plugin:2.18.1:test (default-test) @ azure-client-runtime ---
[INFO] Tests are skipped.
[INFO] 
[INFO] --- maven-jar-plugin:2.4:jar (default-jar) @ azure-client-runtime ---
[INFO] Building jar: /home/travis/build/failed/Azure/azure-sdk-for-java/runtimes/azure-client-runtime/target/azure-client-runtime-1.0.0-SNAPSHOT.jar
[INFO] 
[INFO] --- maven-install-plugin:2.4:install (default-install) @ azure-client-runtime ---
[INFO] Installing /home/travis/build/failed/Azure/azure-sdk-for-java/runtimes/azure-client-runtime/target/azure-client-runtime-1.0.0-SNAPSHOT.jar to /home/travis/.m2/repository/com/microsoft/azure/azure-client-runtime/1.0.0-SNAPSHOT/azure-client-runtime-1.0.0-SNAPSHOT.jar
[INFO] Installing /home/travis/build/failed/Azure/azure-sdk-for-java/runtimes/azure-client-runtime/pom.xml to /home/travis/.m2/repository/com/microsoft/azure/azure-client-runtime/1.0.0-SNAPSHOT/azure-client-runtime-1.0.0-SNAPSHOT.pom
[INFO]                                                                         
[INFO] ------------------------------------------------------------------------
[INFO] Building Azure Java Client Authentication Library for AutoRest 1.0.0-SNAPSHOT
[INFO] ------------------------------------------------------------------------
[INFO] 
[INFO] --- maven-resources-plugin:2.4.3:resources (default-resources) @ azure-client-authentication ---
[INFO] Using 'UTF-8' encoding to copy filtered resources.
[INFO] skip non existing resourceDirectory /home/travis/build/failed/Azure/azure-sdk-for-java/runtimes/azure-client-authentication/src/main/resources
[INFO] 
[INFO] --- maven-compiler-plugin:3.1:compile (default-compile) @ azure-client-authentication ---
[INFO] Changes detected - recompiling the module!
[INFO] Compiling 3 source files to /home/travis/build/failed/Azure/azure-sdk-for-java/runtimes/azure-client-authentication/target/classes
[WARNING] bootstrap class path not set in conjunction with -source 1.7
[INFO] 
[INFO] --- maven-resources-plugin:2.4.3:testResources (default-testResources) @ azure-client-authentication ---
[INFO] Using 'UTF-8' encoding to copy filtered resources.
[INFO] skip non existing resourceDirectory /home/travis/build/failed/Azure/azure-sdk-for-java/runtimes/azure-client-authentication/src/test/resources
[INFO] 
[INFO] --- maven-compiler-plugin:3.1:testCompile (default-testCompile) @ azure-client-authentication ---
[INFO] Nothing to compile - all classes are up to date
[INFO] 
[INFO] --- maven-surefire-plugin:2.18.1:test (default-test) @ azure-client-authentication ---
[INFO] Tests are skipped.
[INFO] 
[INFO] --- maven-jar-plugin:2.4:jar (default-jar) @ azure-client-authentication ---
[INFO] Building jar: /home/travis/build/failed/Azure/azure-sdk-for-java/runtimes/azure-client-authentication/target/azure-client-authentication-1.0.0-SNAPSHOT.jar
[INFO] 
[INFO] --- maven-install-plugin:2.4:install (default-install) @ azure-client-authentication ---
[INFO] Installing /home/travis/build/failed/Azure/azure-sdk-for-java/runtimes/azure-client-authentication/target/azure-client-authentication-1.0.0-SNAPSHOT.jar to /home/travis/.m2/repository/com/microsoft/azure/azure-client-authentication/1.0.0-SNAPSHOT/azure-client-authentication-1.0.0-SNAPSHOT.jar
[INFO] Installing /home/travis/build/failed/Azure/azure-sdk-for-java/runtimes/azure-client-authentication/pom.xml to /home/travis/.m2/repository/com/microsoft/azure/azure-client-authentication/1.0.0-SNAPSHOT/azure-client-authentication-1.0.0-SNAPSHOT.pom
[INFO]                                                                         
[INFO] ------------------------------------------------------------------------
[INFO] Building Microsoft Azure SDK Parent 1.0.0-SNAPSHOT
[INFO] ------------------------------------------------------------------------
[INFO] 
[INFO] --- maven-install-plugin:2.4:install (default-install) @ azure-parent ---
[INFO] Installing /home/travis/build/failed/Azure/azure-sdk-for-java/pom.xml to /home/travis/.m2/repository/com/microsoft/azure/azure-parent/1.0.0-SNAPSHOT/azure-parent-1.0.0-SNAPSHOT.pom
[INFO]                                                                         
[INFO] ------------------------------------------------------------------------
[INFO] Building Microsoft Azure SDK for Resource Management 1.0.0-SNAPSHOT
[INFO] ------------------------------------------------------------------------
[INFO] 
[INFO] --- maven-resources-plugin:2.4.3:resources (default-resources) @ azure-mgmt-resources ---
[INFO] Using 'UTF-8' encoding to copy filtered resources.
[INFO] skip non existing resourceDirectory /home/travis/build/failed/Azure/azure-sdk-for-java/azure-mgmt-resources/src/main/resources
[INFO] 
[INFO] --- maven-compiler-plugin:3.1:compile (default-compile) @ azure-mgmt-resources ---
[INFO] Changes detected - recompiling the module!
[INFO] Compiling 155 source files to /home/travis/build/failed/Azure/azure-sdk-for-java/azure-mgmt-resources/target/classes
[WARNING] bootstrap class path not set in conjunction with -source 1.7
[WARNING] /home/travis/build/failed/Azure/azure-sdk-for-java/azure-mgmt-resources/src/main/java/com/microsoft/azure/management/resources/fluentcore/model/implementation/CreatableTaskItem.java:[49,43] unchecked cast
  required: com.microsoft.azure.management.resources.fluentcore.model.Creatable<com.microsoft.azure.management.resources.fluentcore.arm.models.Resource>
  found:    com.microsoft.azure.management.resources.fluentcore.model.Creatable<capture#1 of ? extends com.microsoft.azure.management.resources.fluentcore.arm.models.Resource>
[INFO] 
[INFO] --- maven-resources-plugin:2.4.3:testResources (default-testResources) @ azure-mgmt-resources ---
[INFO] Using 'UTF-8' encoding to copy filtered resources.
[INFO] skip non existing resourceDirectory /home/travis/build/failed/Azure/azure-sdk-for-java/azure-mgmt-resources/src/test/resources
[INFO] 
[INFO] --- maven-compiler-plugin:3.1:testCompile (default-testCompile) @ azure-mgmt-resources ---
[INFO] Nothing to compile - all classes are up to date
[INFO] 
[INFO] --- maven-surefire-plugin:2.18.1:test (default-test) @ azure-mgmt-resources ---
[INFO] Tests are skipped.
[INFO] 
[INFO] --- maven-jar-plugin:2.4:jar (default-jar) @ azure-mgmt-resources ---
[INFO] Building jar: /home/travis/build/failed/Azure/azure-sdk-for-java/azure-mgmt-resources/target/azure-mgmt-resources-1.0.0-SNAPSHOT.jar
[INFO] 
[INFO] --- maven-install-plugin:2.4:install (default-install) @ azure-mgmt-resources ---
[INFO] Installing /home/travis/build/failed/Azure/azure-sdk-for-java/azure-mgmt-resources/target/azure-mgmt-resources-1.0.0-SNAPSHOT.jar to /home/travis/.m2/repository/com/microsoft/azure/azure-mgmt-resources/1.0.0-SNAPSHOT/azure-mgmt-resources-1.0.0-SNAPSHOT.jar
[INFO] Installing /home/travis/build/failed/Azure/azure-sdk-for-java/azure-mgmt-resources/pom.xml to /home/travis/.m2/repository/com/microsoft/azure/azure-mgmt-resources/1.0.0-SNAPSHOT/azure-mgmt-resources-1.0.0-SNAPSHOT.pom
[INFO]                                                                         
[INFO] ------------------------------------------------------------------------
[INFO] Building Microsoft Azure SDK for Storage Management 1.0.0-SNAPSHOT
[INFO] ------------------------------------------------------------------------
[INFO] 
[INFO] --- maven-resources-plugin:2.4.3:resources (default-resources) @ azure-mgmt-storage ---
[INFO] Using 'UTF-8' encoding to copy filtered resources.
[INFO] skip non existing resourceDirectory /home/travis/build/failed/Azure/azure-sdk-for-java/azure-mgmt-storage/src/main/resources
[INFO] 
[INFO] --- maven-compiler-plugin:3.1:compile (default-compile) @ azure-mgmt-storage ---
[INFO] Changes detected - recompiling the module!
[INFO] Compiling 44 source files to /home/travis/build/failed/Azure/azure-sdk-for-java/azure-mgmt-storage/target/classes
[WARNING] bootstrap class path not set in conjunction with -source 1.7
[INFO] 
[INFO] --- maven-resources-plugin:2.4.3:testResources (default-testResources) @ azure-mgmt-storage ---
[INFO] Using 'UTF-8' encoding to copy filtered resources.
[INFO] skip non existing resourceDirectory /home/travis/build/failed/Azure/azure-sdk-for-java/azure-mgmt-storage/src/test/resources
[INFO] 
[INFO] --- maven-compiler-plugin:3.1:testCompile (default-testCompile) @ azure-mgmt-storage ---
[INFO] Nothing to compile - all classes are up to date
[INFO] 
[INFO] --- maven-surefire-plugin:2.18.1:test (default-test) @ azure-mgmt-storage ---
[INFO] Tests are skipped.
[INFO] 
[INFO] --- maven-jar-plugin:2.4:jar (default-jar) @ azure-mgmt-storage ---
[INFO] Building jar: /home/travis/build/failed/Azure/azure-sdk-for-java/azure-mgmt-storage/target/azure-mgmt-storage-1.0.0-SNAPSHOT.jar
[INFO] 
[INFO] --- maven-install-plugin:2.4:install (default-install) @ azure-mgmt-storage ---
[INFO] Installing /home/travis/build/failed/Azure/azure-sdk-for-java/azure-mgmt-storage/target/azure-mgmt-storage-1.0.0-SNAPSHOT.jar to /home/travis/.m2/repository/com/microsoft/azure/azure-mgmt-storage/1.0.0-SNAPSHOT/azure-mgmt-storage-1.0.0-SNAPSHOT.jar
[INFO] Installing /home/travis/build/failed/Azure/azure-sdk-for-java/azure-mgmt-storage/pom.xml to /home/travis/.m2/repository/com/microsoft/azure/azure-mgmt-storage/1.0.0-SNAPSHOT/azure-mgmt-storage-1.0.0-SNAPSHOT.pom
[INFO]                                                                         
[INFO] ------------------------------------------------------------------------
[INFO] Building Microsoft Azure SDK for Network Management 1.0.0-SNAPSHOT
[INFO] ------------------------------------------------------------------------
[INFO] 
[INFO] --- maven-resources-plugin:2.4.3:resources (default-resources) @ azure-mgmt-network ---
[INFO] Using 'UTF-8' encoding to copy filtered resources.
[INFO] skip non existing resourceDirectory /home/travis/build/failed/Azure/azure-sdk-for-java/azure-mgmt-network/src/main/resources
[INFO] 
[INFO] --- maven-compiler-plugin:3.1:compile (default-compile) @ azure-mgmt-network ---
[INFO] Changes detected - recompiling the module!
[INFO] Compiling 140 source files to /home/travis/build/failed/Azure/azure-sdk-for-java/azure-mgmt-network/target/classes
[WARNING] bootstrap class path not set in conjunction with -source 1.7
[INFO] 
[INFO] --- maven-resources-plugin:2.4.3:testResources (default-testResources) @ azure-mgmt-network ---
[INFO] Using 'UTF-8' encoding to copy filtered resources.
[INFO] skip non existing resourceDirectory /home/travis/build/failed/Azure/azure-sdk-for-java/azure-mgmt-network/src/test/resources
[INFO] 
[INFO] --- maven-compiler-plugin:3.1:testCompile (default-testCompile) @ azure-mgmt-network ---
[INFO] No sources to compile
[INFO] 
[INFO] --- maven-surefire-plugin:2.18.1:test (default-test) @ azure-mgmt-network ---
[INFO] Tests are skipped.
[INFO] 
[INFO] --- maven-jar-plugin:2.4:jar (default-jar) @ azure-mgmt-network ---
[INFO] Building jar: /home/travis/build/failed/Azure/azure-sdk-for-java/azure-mgmt-network/target/azure-mgmt-network-1.0.0-SNAPSHOT.jar
[INFO] 
[INFO] --- maven-install-plugin:2.4:install (default-install) @ azure-mgmt-network ---
[INFO] Installing /home/travis/build/failed/Azure/azure-sdk-for-java/azure-mgmt-network/target/azure-mgmt-network-1.0.0-SNAPSHOT.jar to /home/travis/.m2/repository/com/microsoft/azure/azure-mgmt-network/1.0.0-SNAPSHOT/azure-mgmt-network-1.0.0-SNAPSHOT.jar
[INFO] Installing /home/travis/build/failed/Azure/azure-sdk-for-java/azure-mgmt-network/pom.xml to /home/travis/.m2/repository/com/microsoft/azure/azure-mgmt-network/1.0.0-SNAPSHOT/azure-mgmt-network-1.0.0-SNAPSHOT.pom
[INFO]                                                                         
[INFO] ------------------------------------------------------------------------
[INFO] Building Microsoft Azure SDK for Compute Management 1.0.0-SNAPSHOT
[INFO] ------------------------------------------------------------------------
[INFO] 
[INFO] --- maven-resources-plugin:2.4.3:resources (default-resources) @ azure-mgmt-compute ---
[INFO] Using 'UTF-8' encoding to copy filtered resources.
[INFO] skip non existing resourceDirectory /home/travis/build/failed/Azure/azure-sdk-for-java/azure-mgmt-compute/src/main/resources
[INFO] 
[INFO] --- maven-compiler-plugin:3.1:compile (default-compile) @ azure-mgmt-compute ---
[INFO] Changes detected - recompiling the module!
[INFO] Compiling 136 source files to /home/travis/build/failed/Azure/azure-sdk-for-java/azure-mgmt-compute/target/classes
[WARNING] bootstrap class path not set in conjunction with -source 1.7
[INFO] 
[INFO] --- maven-resources-plugin:2.4.3:testResources (default-testResources) @ azure-mgmt-compute ---
[INFO] Using 'UTF-8' encoding to copy filtered resources.
[INFO] skip non existing resourceDirectory /home/travis/build/failed/Azure/azure-sdk-for-java/azure-mgmt-compute/src/test/resources
[INFO] 
[INFO] --- maven-compiler-plugin:3.1:testCompile (default-testCompile) @ azure-mgmt-compute ---
[INFO] Nothing to compile - all classes are up to date
[INFO] 
[INFO] --- maven-surefire-plugin:2.18.1:test (default-test) @ azure-mgmt-compute ---
[INFO] Tests are skipped.
[INFO] 
[INFO] --- maven-jar-plugin:2.4:jar (default-jar) @ azure-mgmt-compute ---
[INFO] Building jar: /home/travis/build/failed/Azure/azure-sdk-for-java/azure-mgmt-compute/target/azure-mgmt-compute-1.0.0-SNAPSHOT.jar
[INFO] 
[INFO] --- maven-install-plugin:2.4:install (default-install) @ azure-mgmt-compute ---
[INFO] Installing /home/travis/build/failed/Azure/azure-sdk-for-java/azure-mgmt-compute/target/azure-mgmt-compute-1.0.0-SNAPSHOT.jar to /home/travis/.m2/repository/com/microsoft/azure/azure-mgmt-compute/1.0.0-SNAPSHOT/azure-mgmt-compute-1.0.0-SNAPSHOT.jar
[INFO] Installing /home/travis/build/failed/Azure/azure-sdk-for-java/azure-mgmt-compute/pom.xml to /home/travis/.m2/repository/com/microsoft/azure/azure-mgmt-compute/1.0.0-SNAPSHOT/azure-mgmt-compute-1.0.0-SNAPSHOT.pom
[INFO]                                                                         
[INFO] ------------------------------------------------------------------------
[INFO] Building Microsoft Azure SDK 1.0.0-SNAPSHOT
[INFO] ------------------------------------------------------------------------
[INFO] 
[INFO] --- maven-resources-plugin:2.4.3:resources (default-resources) @ azure ---
[INFO] Using 'UTF-8' encoding to copy filtered resources.
[INFO] skip non existing resourceDirectory /home/travis/build/failed/Azure/azure-sdk-for-java/azure/src/main/resources
[INFO] 
[INFO] --- maven-compiler-plugin:3.1:compile (default-compile) @ azure ---
[INFO] Changes detected - recompiling the module!
[INFO] Compiling 2 source files to /home/travis/build/failed/Azure/azure-sdk-for-java/azure/target/classes
[WARNING] bootstrap class path not set in conjunction with -source 1.7
[INFO] 
[INFO] --- maven-resources-plugin:2.4.3:testResources (default-testResources) @ azure ---
[INFO] Using 'UTF-8' encoding to copy filtered resources.
[INFO] skip non existing resourceDirectory /home/travis/build/failed/Azure/azure-sdk-for-java/azure/src/test/resources
[INFO] 
[INFO] --- maven-compiler-plugin:3.1:testCompile (default-testCompile) @ azure ---
[INFO] Nothing to compile - all classes are up to date
[INFO] 
[INFO] --- maven-surefire-plugin:2.18.1:test (default-test) @ azure ---
[INFO] Tests are skipped.
[INFO] 
[INFO] --- maven-jar-plugin:2.4:jar (default-jar) @ azure ---
[INFO] Building jar: /home/travis/build/failed/Azure/azure-sdk-for-java/azure/target/azure-1.0.0-SNAPSHOT.jar
[INFO] 
[INFO] --- maven-install-plugin:2.4:install (default-install) @ azure ---
[INFO] Installing /home/travis/build/failed/Azure/azure-sdk-for-java/azure/target/azure-1.0.0-SNAPSHOT.jar to /home/travis/.m2/repository/com/microsoft/azure/azure/1.0.0-SNAPSHOT/azure-1.0.0-SNAPSHOT.jar
[INFO] Installing /home/travis/build/failed/Azure/azure-sdk-for-java/azure/pom.xml to /home/travis/.m2/repository/com/microsoft/azure/azure/1.0.0-SNAPSHOT/azure-1.0.0-SNAPSHOT.pom
[INFO]                                                                         
[INFO] ------------------------------------------------------------------------
[INFO] Building Microsoft Azure SDK for Batch Service 1.0.0-SNAPSHOT
[INFO] ------------------------------------------------------------------------
[INFO] 
[INFO] --- maven-resources-plugin:2.4.3:resources (default-resources) @ azure-batch ---
[INFO] Using 'UTF-8' encoding to copy filtered resources.
[INFO] skip non existing resourceDirectory /home/travis/build/failed/Azure/azure-sdk-for-java/azure-batch/src/main/resources
[INFO] 
[INFO] --- maven-compiler-plugin:3.1:compile (default-compile) @ azure-batch ---
[INFO] Changes detected - recompiling the module!
[INFO] Compiling 332 source files to /home/travis/build/failed/Azure/azure-sdk-for-java/azure-batch/target/classes
[WARNING] bootstrap class path not set in conjunction with -source 1.7
[INFO] 
[INFO] --- maven-resources-plugin:2.4.3:testResources (default-testResources) @ azure-batch ---
[INFO] Using 'UTF-8' encoding to copy filtered resources.
[INFO] skip non existing resourceDirectory /home/travis/build/failed/Azure/azure-sdk-for-java/azure-batch/src/test/resources
[INFO] 
[INFO] --- maven-compiler-plugin:3.1:testCompile (default-testCompile) @ azure-batch ---
[INFO] No sources to compile
[INFO] 
[INFO] --- maven-surefire-plugin:2.18.1:test (default-test) @ azure-batch ---
[INFO] Tests are skipped.
[INFO] 
[INFO] --- maven-jar-plugin:2.4:jar (default-jar) @ azure-batch ---
[INFO] Building jar: /home/travis/build/failed/Azure/azure-sdk-for-java/azure-batch/target/azure-batch-1.0.0-SNAPSHOT.jar
[INFO] 
[INFO] --- maven-install-plugin:2.4:install (default-install) @ azure-batch ---
[INFO] Installing /home/travis/build/failed/Azure/azure-sdk-for-java/azure-batch/target/azure-batch-1.0.0-SNAPSHOT.jar to /home/travis/.m2/repository/com/microsoft/azure/azure-batch/1.0.0-SNAPSHOT/azure-batch-1.0.0-SNAPSHOT.jar
[INFO] Installing /home/travis/build/failed/Azure/azure-sdk-for-java/azure-batch/pom.xml to /home/travis/.m2/repository/com/microsoft/azure/azure-batch/1.0.0-SNAPSHOT/azure-batch-1.0.0-SNAPSHOT.pom
[INFO]                                                                         
[INFO] ------------------------------------------------------------------------
[INFO] Building Microsoft Azure SDK for Website Management 1.0.0-SNAPSHOT
[INFO] ------------------------------------------------------------------------
[INFO] 
[INFO] --- maven-resources-plugin:2.4.3:resources (default-resources) @ azure-mgmt-website ---
[INFO] Using 'UTF-8' encoding to copy filtered resources.
[INFO] skip non existing resourceDirectory /home/travis/build/failed/Azure/azure-sdk-for-java/azure-mgmt-website/src/main/resources
[INFO] 
[INFO] --- maven-compiler-plugin:3.1:compile (default-compile) @ azure-mgmt-website ---
[INFO] Changes detected - recompiling the module!
[INFO] Compiling 197 source files to /home/travis/build/failed/Azure/azure-sdk-for-java/azure-mgmt-website/target/classes
[WARNING] bootstrap class path not set in conjunction with -source 1.7
[INFO] 
[INFO] --- maven-resources-plugin:2.4.3:testResources (default-testResources) @ azure-mgmt-website ---
[INFO] Using 'UTF-8' encoding to copy filtered resources.
[INFO] skip non existing resourceDirectory /home/travis/build/failed/Azure/azure-sdk-for-java/azure-mgmt-website/src/test/resources
[INFO] 
[INFO] --- maven-compiler-plugin:3.1:testCompile (default-testCompile) @ azure-mgmt-website ---
[INFO] No sources to compile
[INFO] 
[INFO] --- maven-surefire-plugin:2.18.1:test (default-test) @ azure-mgmt-website ---
[INFO] Tests are skipped.
[INFO] 
[INFO] --- maven-jar-plugin:2.4:jar (default-jar) @ azure-mgmt-website ---
[INFO] Building jar: /home/travis/build/failed/Azure/azure-sdk-for-java/azure-mgmt-website/target/azure-mgmt-website-1.0.0-SNAPSHOT.jar
[INFO] 
[INFO] --- maven-install-plugin:2.4:install (default-install) @ azure-mgmt-website ---
[INFO] Installing /home/travis/build/failed/Azure/azure-sdk-for-java/azure-mgmt-website/target/azure-mgmt-website-1.0.0-SNAPSHOT.jar to /home/travis/.m2/repository/com/microsoft/azure/azure-mgmt-website/1.0.0-SNAPSHOT/azure-mgmt-website-1.0.0-SNAPSHOT.jar
[INFO] Installing /home/travis/build/failed/Azure/azure-sdk-for-java/azure-mgmt-website/pom.xml to /home/travis/.m2/repository/com/microsoft/azure/azure-mgmt-website/1.0.0-SNAPSHOT/azure-mgmt-website-1.0.0-SNAPSHOT.pom
[INFO]                                                                         
[INFO] ------------------------------------------------------------------------
[INFO] Building Microsoft Azure SDK for Data Lake Store Management 1.0.0-SNAPSHOT
[INFO] ------------------------------------------------------------------------
[INFO] 
[INFO] --- maven-resources-plugin:2.4.3:resources (default-resources) @ azure-mgmt-datalake-store ---
[INFO] Using 'UTF-8' encoding to copy filtered resources.
[INFO] skip non existing resourceDirectory /home/travis/build/failed/Azure/azure-sdk-for-java/azure-mgmt-datalake-store/src/main/resources
[INFO] 
[INFO] --- maven-compiler-plugin:3.1:compile (default-compile) @ azure-mgmt-datalake-store ---
[INFO] Changes detected - recompiling the module!
[INFO] Compiling 44 source files to /home/travis/build/failed/Azure/azure-sdk-for-java/azure-mgmt-datalake-store/target/classes
[WARNING] bootstrap class path not set in conjunction with -source 1.7
[INFO] 
[INFO] --- maven-resources-plugin:2.4.3:testResources (default-testResources) @ azure-mgmt-datalake-store ---
[INFO] Using 'UTF-8' encoding to copy filtered resources.
[INFO] skip non existing resourceDirectory /home/travis/build/failed/Azure/azure-sdk-for-java/azure-mgmt-datalake-store/src/test/resources
[INFO] 
[INFO] --- maven-compiler-plugin:3.1:testCompile (default-testCompile) @ azure-mgmt-datalake-store ---
[INFO] Changes detected - recompiling the module!
[INFO] Compiling 3 source files to /home/travis/build/failed/Azure/azure-sdk-for-java/azure-mgmt-datalake-store/target/test-classes
[INFO] -------------------------------------------------------------
[WARNING] COMPILATION WARNING : 
[INFO] -------------------------------------------------------------
[WARNING] bootstrap class path not set in conjunction with -source 1.7
[INFO] 1 warning
[INFO] -------------------------------------------------------------
[INFO] -------------------------------------------------------------
[ERROR] COMPILATION ERROR : 
[INFO] -------------------------------------------------------------
[ERROR] /home/travis/build/failed/Azure/azure-sdk-for-java/azure-mgmt-datalake-store/src/test/java/com/microsoft/azure/management/datalake/store/DataLakeStoreManagementTestBase.java:[7,67] package com.microsoft.azure.management.resources.implementation.api does not exist
[ERROR] /home/travis/build/failed/Azure/azure-sdk-for-java/azure-mgmt-datalake-store/src/test/java/com/microsoft/azure/management/datalake/store/DataLakeStoreManagementTestBase.java:[12,22] cannot find symbol
  symbol:   class ResourceManagementClientImpl
  location: class com.microsoft.azure.management.datalake.store.DataLakeStoreManagementTestBase
[ERROR] /home/travis/build/failed/Azure/azure-sdk-for-java/azure-mgmt-datalake-store/src/test/java/com/microsoft/azure/management/datalake/store/DataLakeStoreFilesystemOperationsTests.java:[11,67] package com.microsoft.azure.management.resources.implementation.api does not exist
[ERROR] /home/travis/build/failed/Azure/azure-sdk-for-java/azure-mgmt-datalake-store/src/test/java/com/microsoft/azure/management/datalake/store/DataLakeStoreAccountOperationsTests.java:[5,67] package com.microsoft.azure.management.resources.implementation.api does not exist
[ERROR] /home/travis/build/failed/Azure/azure-sdk-for-java/azure-mgmt-datalake-store/src/test/java/com/microsoft/azure/management/datalake/store/DataLakeStoreManagementTestBase.java:[31,40] cannot find symbol
  symbol:   class ResourceManagementClientImpl
  location: class com.microsoft.azure.management.datalake.store.DataLakeStoreManagementTestBase
[ERROR] /home/travis/build/failed/Azure/azure-sdk-for-java/azure-mgmt-datalake-store/src/test/java/com/microsoft/azure/management/datalake/store/DataLakeStoreFilesystemOperationsTests.java:[45,9] cannot find symbol
  symbol:   class ResourceGroupInner
  location: class com.microsoft.azure.management.datalake.store.DataLakeStoreFilesystemOperationsTests
[ERROR] /home/travis/build/failed/Azure/azure-sdk-for-java/azure-mgmt-datalake-store/src/test/java/com/microsoft/azure/management/datalake/store/DataLakeStoreFilesystemOperationsTests.java:[45,40] cannot find symbol
  symbol:   class ResourceGroupInner
  location: class com.microsoft.azure.management.datalake.store.DataLakeStoreFilesystemOperationsTests
[ERROR] /home/travis/build/failed/Azure/azure-sdk-for-java/azure-mgmt-datalake-store/src/test/java/com/microsoft/azure/management/datalake/store/DataLakeStoreAccountOperationsTests.java:[22,9] cannot find symbol
  symbol:   class ResourceGroupInner
  location: class com.microsoft.azure.management.datalake.store.DataLakeStoreAccountOperationsTests
[ERROR] /home/travis/build/failed/Azure/azure-sdk-for-java/azure-mgmt-datalake-store/src/test/java/com/microsoft/azure/management/datalake/store/DataLakeStoreAccountOperationsTests.java:[22,40] cannot find symbol
  symbol:   class ResourceGroupInner
  location: class com.microsoft.azure.management.datalake.store.DataLakeStoreAccountOperationsTests
[INFO] 9 errors 
[INFO] -------------------------------------------------------------
[INFO] ------------------------------------------------------------------------
[INFO] Reactor Summary:
[INFO] 
[INFO] AutoRest Client Runtimes for Java .................. SUCCESS [  0.254 s]
[INFO] Build tools for AutoRest client runtime for Java ... SUCCESS [  0.660 s]
[INFO] Java Client Runtime for AutoRest ................... SUCCESS [  1.285 s]
[INFO] Azure Java Client Runtime for AutoRest ............. SUCCESS [  0.371 s]
[INFO] Azure Java Client Authentication Library for AutoRest SUCCESS [  0.181 s]
[INFO] Microsoft Azure SDK Parent ......................... SUCCESS [  0.004 s]
[INFO] Microsoft Azure SDK for Resource Management ........ SUCCESS [  1.083 s]
[INFO] Microsoft Azure SDK for Storage Management ......... SUCCESS [  0.289 s]
[INFO] Microsoft Azure SDK for Network Management ......... SUCCESS [  1.578 s]
[INFO] Microsoft Azure SDK for Compute Management ......... SUCCESS [  2.259 s]
[INFO] Microsoft Azure SDK ................................ SUCCESS [  0.074 s]
[INFO] Microsoft Azure SDK for Batch Service .............. SUCCESS [  1.539 s]
[INFO] Microsoft Azure SDK for Website Management ......... SUCCESS [  1.700 s]
[INFO] Microsoft Azure SDK for Data Lake Store Management . FAILURE [  0.292 s]
[INFO] Microsoft Azure SDK for Data Lake Analytics Management SKIPPED
[INFO] Microsoft Azure SDK for Data Lake Store Data Uploading SKIPPED
[INFO] Microsoft Azure SDK samples ........................ SKIPPED
[INFO] ------------------------------------------------------------------------
[INFO] BUILD FAILURE
[INFO] ------------------------------------------------------------------------
[INFO] Total time: 11.833 s
[INFO] Finished at: 2020-07-02T19:33:11+00:00
[INFO] Final Memory: 33M/315M
[INFO] ------------------------------------------------------------------------
[ERROR] Failed to execute goal org.apache.maven.plugins:maven-compiler-plugin:3.1:testCompile (default-testCompile) on project azure-mgmt-datalake-store: Compilation failure: Compilation failure:
[ERROR] /home/travis/build/failed/Azure/azure-sdk-for-java/azure-mgmt-datalake-store/src/test/java/com/microsoft/azure/management/datalake/store/DataLakeStoreManagementTestBase.java:[7,67] package com.microsoft.azure.management.resources.implementation.api does not exist
[ERROR] /home/travis/build/failed/Azure/azure-sdk-for-java/azure-mgmt-datalake-store/src/test/java/com/microsoft/azure/management/datalake/store/DataLakeStoreManagementTestBase.java:[12,22] cannot find symbol
[ERROR] symbol:   class ResourceManagementClientImpl
[ERROR] location: class com.microsoft.azure.management.datalake.store.DataLakeStoreManagementTestBase
[ERROR] /home/travis/build/failed/Azure/azure-sdk-for-java/azure-mgmt-datalake-store/src/test/java/com/microsoft/azure/management/datalake/store/DataLakeStoreFilesystemOperationsTests.java:[11,67] package com.microsoft.azure.management.resources.implementation.api does not exist
[ERROR] /home/travis/build/failed/Azure/azure-sdk-for-java/azure-mgmt-datalake-store/src/test/java/com/microsoft/azure/management/datalake/store/DataLakeStoreAccountOperationsTests.java:[5,67] package com.microsoft.azure.management.resources.implementation.api does not exist
[ERROR] /home/travis/build/failed/Azure/azure-sdk-for-java/azure-mgmt-datalake-store/src/test/java/com/microsoft/azure/management/datalake/store/DataLakeStoreManagementTestBase.java:[31,40] cannot find symbol
[ERROR] symbol:   class ResourceManagementClientImpl
[ERROR] location: class com.microsoft.azure.management.datalake.store.DataLakeStoreManagementTestBase
[ERROR] /home/travis/build/failed/Azure/azure-sdk-for-java/azure-mgmt-datalake-store/src/test/java/com/microsoft/azure/management/datalake/store/DataLakeStoreFilesystemOperationsTests.java:[45,9] cannot find symbol
[ERROR] symbol:   class ResourceGroupInner
[ERROR] location: class com.microsoft.azure.management.datalake.store.DataLakeStoreFilesystemOperationsTests
[ERROR] /home/travis/build/failed/Azure/azure-sdk-for-java/azure-mgmt-datalake-store/src/test/java/com/microsoft/azure/management/datalake/store/DataLakeStoreFilesystemOperationsTests.java:[45,40] cannot find symbol
[ERROR] symbol:   class ResourceGroupInner
[ERROR] location: class com.microsoft.azure.management.datalake.store.DataLakeStoreFilesystemOperationsTests
[ERROR] /home/travis/build/failed/Azure/azure-sdk-for-java/azure-mgmt-datalake-store/src/test/java/com/microsoft/azure/management/datalake/store/DataLakeStoreAccountOperationsTests.java:[22,9] cannot find symbol
[ERROR] symbol:   class ResourceGroupInner
[ERROR] location: class com.microsoft.azure.management.datalake.store.DataLakeStoreAccountOperationsTests
[ERROR] /home/travis/build/failed/Azure/azure-sdk-for-java/azure-mgmt-datalake-store/src/test/java/com/microsoft/azure/management/datalake/store/DataLakeStoreAccountOperationsTests.java:[22,40] cannot find symbol
[ERROR] symbol:   class ResourceGroupInner
[ERROR] location: class com.microsoft.azure.management.datalake.store.DataLakeStoreAccountOperationsTests
[ERROR] -> [Help 1]
[ERROR] 
[ERROR] To see the full stack trace of the errors, re-run Maven with the -e switch.
[ERROR] Re-run Maven using the -X switch to enable full debug logging.
[ERROR] 
[ERROR] For more information about the errors and possible solutions, please read the following articles:
[ERROR] [Help 1] http://cwiki.apache.org/confluence/display/MAVEN/MojoFailureException
[ERROR] 
[ERROR] After correcting the problems, you can resume the build with the command
[ERROR]   mvn <goals> -rf :azure-mgmt-datalake-store

travis_time:end:028849b8:start=1593718325751023896,finish=1593718393187726709,duration=67436702813[0K
[31;1mThe command "mvn install -Dhttps.protocols=TLSv1.2 -DskipTests=true -Dmaven.javadoc.skip=true -B -V" failed and exited with 1 during .[0m

Your build has been stopped.
