travis_fold:start:system_info[0K[33;1mBuild system information[0m
Build language: python
Build group: stable
Build dist: precise
Build id: ''
Job id: ''
[34m[1mBuild image provisioning date and time[0m
Thu Feb  5 15:09:33 UTC 2015
[34m[1mOperating System Details[0m
Distributor ID:	Ubuntu
Description:	Ubuntu 12.04.5 LTS
Release:	12.04
Codename:	precise
[34m[1mLinux Version[0m
3.13.0-29-generic
[34m[1mCookbooks Version[0m
a68419e https://github.com/travis-ci/travis-cookbooks/tree/a68419e
[34m[1mGCC version[0m
gcc (Ubuntu/Linaro 4.6.3-1ubuntu5) 4.6.3
Copyright (C) 2011 Free Software Foundation, Inc.
This is free software; see the source for copying conditions.  There is NO
warranty; not even for MERCHANTABILITY or FITNESS FOR A PARTICULAR PURPOSE.

[34m[1mLLVM version[0m
clang version 3.4 (tags/RELEASE_34/final)
Target: x86_64-unknown-linux-gnu
Thread model: posix
[34m[1mPre-installed Ruby versions[0m
ruby-1.9.3-p551
[34m[1mPre-installed Node.js versions[0m
v0.10.36
[34m[1mPre-installed Go versions[0m
1.4.1
[34m[1mRedis version[0m
redis-server 2.8.19
[34m[1mriak version[0m
2.0.2
[34m[1mMongoDB version[0m
MongoDB 2.4.12
[34m[1mCouchDB version[0m
couchdb 1.6.1
[34m[1mNeo4j version[0m
1.9.4
[34m[1mRabbitMQ Version[0m
3.4.3
[34m[1mElasticSearch version[0m
1.4.0
[34m[1mInstalled Sphinx versions[0m
2.0.10
2.1.9
2.2.6
[34m[1mDefault Sphinx version[0m
2.2.6
[34m[1mInstalled Firefox version[0m
firefox 31.0esr
[34m[1mPhantomJS version[0m
1.9.8
[34m[1mant -version[0m
Apache Ant(TM) version 1.8.2 compiled on December 3 2011
[34m[1mmvn -version[0m
Apache Maven 3.2.5 (12a6b3acb947671f09b81f49094c53f426d8cea1; 2014-12-14T17:29:23+00:00)
Maven home: /usr/local/maven
Java version: 1.7.0_76, vendor: Oracle Corporation
Java home: /usr/lib/jvm/java-7-oracle/jre
Default locale: en_US, platform encoding: ANSI_X3.4-1968
OS name: "linux", version: "3.13.0-29-generic", arch: "amd64", family: "unix"
travis_fold:end:system_info[0K
W: GPG error: http://apt.postgresql.org precise-pgdg Release: The following signatures were invalid: KEYEXPIRED 1562078959
W: Failed to fetch http://ppa.launchpad.net/travis-ci/zero-mq/ubuntu/dists/precise/main/binary-amd64/Packages  403  Forbidden

W: Failed to fetch http://ppa.launchpad.net/travis-ci/zero-mq/ubuntu/dists/precise/main/binary-i386/Packages  403  Forbidden

W: Failed to fetch http://downloads-distro.mongodb.org/repo/debian-sysvinit/dists/dist/10gen/binary-amd64/Packages  Undetermined Error [IP: 52.21.89.200 80]

W: Failed to fetch http://downloads-distro.mongodb.org/repo/debian-sysvinit/dists/dist/10gen/binary-i386/Packages  Undetermined Error [IP: 52.21.89.200 80]

E: Some index files failed to download. They have been ignored, or old ones used instead.
[33;1m3.5 is not installed; attempting download[0m
[33;1mDownloading archive: https://s3.amazonaws.com/travis-python-archives/binaries/ubuntu/12.04/x86_64/python-3.5.tar.bz2[0m
$ sudo tar xjf python-3.5.tar.bz2 --directory /
$ cd failed/getslash/slash
travis_time:start:253d34e4[0K$ source ~/virtualenv/python3.5/bin/activate

travis_time:end:253d34e4:start=1593779142571446455,finish=1593779142581166000,duration=9719545[0K$ python --version
Python 3.5.6
$ pip --version
pip 18.0 from /home/travis/virtualenv/python3.5.6/lib/python3.5/site-packages/pip (python 3.5)
travis_fold:start:install[0Ktravis_time:start:1e6cae7e[0K$ pip install virtualenv
Requirement already satisfied: virtualenv in /home/travis/virtualenv/python3.5.6/lib/python3.5/site-packages (16.0.0)

travis_time:end:1e6cae7e:start=1593779142942154015,finish=1593779143705173607,duration=763019592[0Ktravis_fold:end:install[0Ktravis_time:start:24d59d7c[0K$ make env
python -m virtualenv .env
Using real prefix '/opt/python/3.5.6'
New python executable in /home/travis/build/failed/getslash/slash/.env/bin/python
Installing setuptools, pip, wheel...done.
.env/bin/python scripts/install_test_deps.py
Collecting coverage
  Downloading coverage-5.1-cp35-cp35m-manylinux1_x86_64.whl (227 kB)
Collecting coveralls
  Downloading coveralls-2.0.0-py2.py3-none-any.whl (12 kB)
Collecting munch
  Downloading munch-2.5.0-py2.py3-none-any.whl (10 kB)
Collecting pytest
  Downloading pytest-5.4.3-py3-none-any.whl (248 kB)
Collecting pytest-xdist
  Downloading pytest_xdist-1.32.0-py2.py3-none-any.whl (36 kB)
Collecting pytest-capturelog
  Downloading pytest-capturelog-0.7.tar.gz (4.3 kB)
Collecting pytest-cov
  Downloading pytest_cov-2.10.0-py2.py3-none-any.whl (19 kB)
Collecting pytest-timeout
  Downloading pytest_timeout-1.4.1-py2.py3-none-any.whl (10 kB)
Collecting pyforge
  Downloading pyforge-1.3.0.tar.gz (20 kB)
Collecting lxml<3.6.3
  Downloading lxml-3.6.2.tar.gz (4.3 MB)
Collecting pylint>=1.0.0
  Downloading pylint-2.5.3-py3-none-any.whl (324 kB)
Collecting requests>=1.0.0
  Downloading requests-2.24.0-py2.py3-none-any.whl (61 kB)
Collecting docopt>=0.6.1
  Downloading docopt-0.6.2.tar.gz (25 kB)
Collecting six
  Downloading six-1.15.0-py2.py3-none-any.whl (10 kB)
Collecting wcwidth
  Downloading wcwidth-0.2.5-py2.py3-none-any.whl (30 kB)
Collecting importlib-metadata>=0.12; python_version < "3.8"
  Downloading importlib_metadata-1.7.0-py2.py3-none-any.whl (31 kB)
Collecting pathlib2>=2.2.0; python_version < "3.6"
  Downloading pathlib2-2.3.5-py2.py3-none-any.whl (18 kB)
Collecting py>=1.5.0
  Downloading py-1.9.0-py2.py3-none-any.whl (99 kB)
Collecting pluggy<1.0,>=0.12
  Downloading pluggy-0.13.1-py2.py3-none-any.whl (18 kB)
Collecting packaging
  Downloading packaging-20.4-py2.py3-none-any.whl (37 kB)
Collecting attrs>=17.4.0
  Downloading attrs-19.3.0-py2.py3-none-any.whl (39 kB)
Collecting more-itertools>=4.0.0
  Downloading more_itertools-8.4.0-py3-none-any.whl (43 kB)
Collecting pytest-forked
  Downloading pytest_forked-1.2.0-py2.py3-none-any.whl (4.7 kB)
Collecting execnet>=1.1
  Downloading execnet-1.7.1-py2.py3-none-any.whl (39 kB)
Collecting sentinels>=0.0.4
  Downloading sentinels-1.0.0.tar.gz (4.1 kB)
Collecting astroid<=2.5,>=2.4.0
  Downloading astroid-2.4.2-py3-none-any.whl (213 kB)
Collecting toml>=0.7.1
  Downloading toml-0.10.1-py2.py3-none-any.whl (19 kB)
Collecting isort<5,>=4.2.5
  Downloading isort-4.3.21-py2.py3-none-any.whl (42 kB)
Collecting mccabe<0.7,>=0.6
  Downloading mccabe-0.6.1-py2.py3-none-any.whl (8.6 kB)
Collecting idna<3,>=2.5
  Downloading idna-2.10-py2.py3-none-any.whl (58 kB)
Collecting certifi>=2017.4.17
  Downloading certifi-2020.6.20-py2.py3-none-any.whl (156 kB)
Collecting chardet<4,>=3.0.2
  Downloading chardet-3.0.4-py2.py3-none-any.whl (133 kB)
Collecting urllib3!=1.25.0,!=1.25.1,<1.26,>=1.21.1
  Downloading urllib3-1.25.9-py2.py3-none-any.whl (126 kB)
Collecting zipp>=0.5
  Downloading zipp-1.2.0-py2.py3-none-any.whl (4.8 kB)
Collecting pyparsing>=2.0.2
  Downloading pyparsing-2.4.7-py2.py3-none-any.whl (67 kB)
Collecting apipkg>=1.4
  Downloading apipkg-1.5-py2.py3-none-any.whl (4.9 kB)
Collecting typed-ast<1.5,>=1.4.0; implementation_name == "cpython" and python_version < "3.8"
  Downloading typed_ast-1.4.1-cp35-cp35m-manylinux1_x86_64.whl (737 kB)
Collecting lazy-object-proxy==1.4.*
  Downloading lazy_object_proxy-1.4.3-cp35-cp35m-manylinux1_x86_64.whl (55 kB)
Collecting wrapt~=1.11
  Downloading wrapt-1.12.1.tar.gz (27 kB)
Building wheels for collected packages: pytest-capturelog, pyforge, lxml, docopt, sentinels, wrapt
  Building wheel for pytest-capturelog (setup.py): started
  Building wheel for pytest-capturelog (setup.py): finished with status 'done'
  Created wheel for pytest-capturelog: filename=pytest_capturelog-0.7-py3-none-any.whl size=5486 sha256=adaa778ad5e5a4d304356dc4c9a029e1e6671aae3957128e506301954143f8e1
  Stored in directory: /home/travis/.cache/pip/wheels/76/00/27/6ac7e296f4409a440343451964a743db11d43487322ea7cd69
  Building wheel for pyforge (setup.py): started
  Building wheel for pyforge (setup.py): finished with status 'done'
  Created wheel for pyforge: filename=pyforge-1.3.0-py3-none-any.whl size=23215 sha256=1b238cfdb90f5243a71891fabc703c5b4d1158dba510eff3336b7ac94c3fc3df
  Stored in directory: /home/travis/.cache/pip/wheels/6b/32/b6/2348695d72f40c18ce51c5d19e22827914c23d405a8020fcf1
  Building wheel for lxml (setup.py): started
  Building wheel for lxml (setup.py): finished with status 'done'
  Created wheel for lxml: filename=lxml-3.6.2-cp35-cp35m-linux_x86_64.whl size=3132414 sha256=5daebd7ea6503780f3a71c3a2127e083734e427674d1bcf6fa0326945e3dec00
  Stored in directory: /home/travis/.cache/pip/wheels/72/74/2c/4119233cc50e046837b2381813f866784923b909d868cb8fa3
  Building wheel for docopt (setup.py): started
  Building wheel for docopt (setup.py): finished with status 'done'
  Created wheel for docopt: filename=docopt-0.6.2-py2.py3-none-any.whl size=13704 sha256=d7693405986aafdaca140d2ece40c9588c5c57ba97662f95a25d746465d87cb9
  Stored in directory: /home/travis/.cache/pip/wheels/63/74/c4/1e4f0884a7ba7c26baa4a841240a507953dcfe7de606522571
  Building wheel for sentinels (setup.py): started
  Building wheel for sentinels (setup.py): finished with status 'done'
  Created wheel for sentinels: filename=sentinels-1.0.0-py3-none-any.whl size=3186 sha256=031f4cbf170e878527d4c11a5a5cc91e49e479f7cf634b8ea1f59497d5b518e5
  Stored in directory: /home/travis/.cache/pip/wheels/0b/d5/77/49fb1d1a6209f97f0bb762f0350403d5f69da8e453aa6bbd12
  Building wheel for wrapt (setup.py): started
  Building wheel for wrapt (setup.py): finished with status 'done'
  Created wheel for wrapt: filename=wrapt-1.12.1-cp35-cp35m-linux_x86_64.whl size=62289 sha256=d13e60e8e5e1caa0c2a7bf24fc7f99f30b9077e7e61a1c348e6e815dbe8cacfc
  Stored in directory: /home/travis/.cache/pip/wheels/b8/2d/88/2fb764a7404287819251978fbfe4cacf9b4d8a1d41fce5dd97
Successfully built pytest-capturelog pyforge lxml docopt sentinels wrapt
Installing collected packages: coverage, idna, certifi, chardet, urllib3, requests, docopt, coveralls, six, munch, wcwidth, zipp, importlib-metadata, pathlib2, py, pluggy, pyparsing, packaging, attrs, more-itertools, pytest, pytest-forked, apipkg, execnet, pytest-xdist, pytest-capturelog, pytest-cov, pytest-timeout, sentinels, pyforge, lxml, typed-ast, lazy-object-proxy, wrapt, astroid, toml, isort, mccabe, pylint
Successfully installed apipkg-1.5 astroid-2.4.2 attrs-19.3.0 certifi-2020.6.20 chardet-3.0.4 coverage-5.1 coveralls-2.0.0 docopt-0.6.2 execnet-1.7.1 idna-2.10 importlib-metadata-1.7.0 isort-4.3.21 lazy-object-proxy-1.4.3 lxml-3.6.2 mccabe-0.6.1 more-itertools-8.4.0 munch-2.5.0 packaging-20.4 pathlib2-2.3.5 pluggy-0.13.1 py-1.9.0 pyforge-1.3.0 pylint-2.5.3 pyparsing-2.4.7 pytest-5.4.3 pytest-capturelog-0.7 pytest-cov-2.10.0 pytest-forked-1.2.0 pytest-timeout-1.4.1 pytest-xdist-1.32.0 requests-2.24.0 sentinels-1.0.0 six-1.15.0 toml-0.10.1 typed-ast-1.4.1 urllib3-1.25.9 wcwidth-0.2.5 wrapt-1.12.1 zipp-1.2.0
.env/bin/pip install -e .
Obtaining file:///home/travis/build/failed/getslash/slash
Collecting arrow
  Downloading arrow-0.15.7-py2.py3-none-any.whl (48 kB)
Collecting colorama
  Downloading colorama-0.4.3-py2.py3-none-any.whl (15 kB)
Collecting confetti>=2.4.1
  Downloading confetti-2.5.3.tar.gz (6.5 kB)
Collecting dessert>=1.0.2
  Downloading dessert-1.4.1.tar.gz (33 kB)
Collecting emport>=1.1.3
  Downloading emport-1.3.1.tar.gz (5.3 kB)
Collecting gossip>=2.0.0
  Downloading gossip-2.4.0.tar.gz (64 kB)
Collecting Logbook>=0.11.2
  Downloading Logbook-1.5.3.tar.gz (85 kB)
Collecting orderedset>=2.0.0
  Downloading orderedset-2.0.3.tar.gz (101 kB)
Requirement already satisfied: requests>=1.1.0 in ./.env/lib/python3.5/site-packages (from slash==1.1.4) (2.24.0)
Collecting raven
  Downloading raven-6.10.0-py2.py3-none-any.whl (284 kB)
Requirement already satisfied: py>=1.4.20 in ./.env/lib/python3.5/site-packages (from slash==1.1.4) (1.9.0)
Requirement already satisfied: pyparsing in ./.env/lib/python3.5/site-packages (from slash==1.1.4) (2.4.7)
Collecting IPython
  Downloading ipython-7.9.0-py3-none-any.whl (775 kB)
Collecting python-dateutil
  Downloading python_dateutil-2.8.1-py2.py3-none-any.whl (227 kB)
Requirement already satisfied: sentinels>=0.0.5 in ./.env/lib/python3.5/site-packages (from confetti>=2.4.1->slash==1.1.4) (1.0.0)
Requirement already satisfied: six in ./.env/lib/python3.5/site-packages (from confetti>=2.4.1->slash==1.1.4) (1.15.0)
Requirement already satisfied: munch in ./.env/lib/python3.5/site-packages (from dessert>=1.0.2->slash==1.1.4) (2.5.0)
Collecting atomicwrites>=1.0
  Downloading atomicwrites-1.4.0-py2.py3-none-any.whl (6.8 kB)
Requirement already satisfied: attrs in ./.env/lib/python3.5/site-packages (from dessert>=1.0.2->slash==1.1.4) (19.3.0)
Collecting vintage
  Downloading vintage-0.4.1.tar.gz (3.9 kB)
Requirement already satisfied: idna<3,>=2.5 in ./.env/lib/python3.5/site-packages (from requests>=1.1.0->slash==1.1.4) (2.10)
Requirement already satisfied: urllib3!=1.25.0,!=1.25.1,<1.26,>=1.21.1 in ./.env/lib/python3.5/site-packages (from requests>=1.1.0->slash==1.1.4) (1.25.9)
Requirement already satisfied: chardet<4,>=3.0.2 in ./.env/lib/python3.5/site-packages (from requests>=1.1.0->slash==1.1.4) (3.0.4)
Requirement already satisfied: certifi>=2017.4.17 in ./.env/lib/python3.5/site-packages (from requests>=1.1.0->slash==1.1.4) (2020.6.20)
Collecting pexpect; sys_platform != "win32"
  Downloading pexpect-4.8.0-py2.py3-none-any.whl (59 kB)
Collecting backcall
  Downloading backcall-0.2.0-py2.py3-none-any.whl (11 kB)
Collecting prompt-toolkit<2.1.0,>=2.0.0
  Downloading prompt_toolkit-2.0.10-py3-none-any.whl (340 kB)
Collecting pickleshare
  Downloading pickleshare-0.7.5-py2.py3-none-any.whl (6.9 kB)
Collecting traitlets>=4.2
  Downloading traitlets-4.3.3-py2.py3-none-any.whl (75 kB)
Collecting jedi>=0.10
  Downloading jedi-0.17.1-py2.py3-none-any.whl (1.4 MB)
Collecting decorator
  Downloading decorator-4.4.2-py2.py3-none-any.whl (9.2 kB)
Collecting pygments
  Downloading Pygments-2.6.1-py3-none-any.whl (914 kB)
Requirement already satisfied: setuptools>=18.5 in ./.env/lib/python3.5/site-packages (from IPython->slash==1.1.4) (47.3.2)
Collecting ptyprocess>=0.5
  Downloading ptyprocess-0.6.0-py2.py3-none-any.whl (39 kB)
Requirement already satisfied: wcwidth in ./.env/lib/python3.5/site-packages (from prompt-toolkit<2.1.0,>=2.0.0->IPython->slash==1.1.4) (0.2.5)
Collecting ipython-genutils
  Downloading ipython_genutils-0.2.0-py2.py3-none-any.whl (26 kB)
Collecting parso<0.8.0,>=0.7.0
  Downloading parso-0.7.0-py2.py3-none-any.whl (100 kB)
Building wheels for collected packages: confetti, dessert, emport, gossip, Logbook, orderedset, vintage
  Building wheel for confetti (setup.py): started
  Building wheel for confetti (setup.py): finished with status 'done'
  Created wheel for confetti: filename=confetti-2.5.3-py3-none-any.whl size=7195 sha256=5fe06f9e8aaaf9008c6c9d389863437a0bfc68646d02baf944ae723f921e51c6
  Stored in directory: /home/travis/.cache/pip/wheels/c2/83/12/94c38beac392040cf33f8f9f85b4f4790d47cb57c38e8badf1
  Building wheel for dessert (setup.py): started
  Building wheel for dessert (setup.py): finished with status 'done'
  Created wheel for dessert: filename=dessert-1.4.1-py3-none-any.whl size=22794 sha256=b526509c63f91a25108cab2a634fe92e5ea54ad542cb4bbc1efecc79530ca613
  Stored in directory: /home/travis/.cache/pip/wheels/bb/58/73/a34b41f1ca18597fe587f0eef13066dc41f076f031ec9f0c7d
  Building wheel for emport (setup.py): started
  Building wheel for emport (setup.py): finished with status 'done'
  Created wheel for emport: filename=emport-1.3.1-py3-none-any.whl size=2951 sha256=4cdf11c13f30d493855bcdb15780f745c2d6a6bbfc23cf2e8ced372232343675
  Stored in directory: /home/travis/.cache/pip/wheels/6b/fe/a4/1143bef605d816eefeaac66a74314e58818f64ec3d0fb8536f
  Building wheel for gossip (setup.py): started
  Building wheel for gossip (setup.py): finished with status 'done'
  Created wheel for gossip: filename=gossip-2.4.0-py3-none-any.whl size=14828 sha256=fda8dc2fd4f0785b510510024d0f214bd70bc4a01d288830bad37b49978cbb24
  Stored in directory: /home/travis/.cache/pip/wheels/cc/e4/d6/d5092aa964cdcabfb35062591303dc4a54896617ff46f845c3
  Building wheel for Logbook (setup.py): started
  Building wheel for Logbook (setup.py): finished with status 'done'
  Created wheel for Logbook: filename=Logbook-1.5.3-cp35-cp35m-linux_x86_64.whl size=66383 sha256=26bf2f6d608e37091d831ec200ab53efce34fbdd727cbda97682089103c1591f
  Stored in directory: /home/travis/.cache/pip/wheels/c1/e7/ba/2f058e795252d37a0833a55df093cc967a20fc30fd226529d4
  Building wheel for orderedset (setup.py): started
  Building wheel for orderedset (setup.py): finished with status 'done'
  Created wheel for orderedset: filename=orderedset-2.0.3-cp35-cp35m-linux_x86_64.whl size=239120 sha256=e52644494075dcef940d22802d33d1a0410100ab27910e994179383870c952df
  Stored in directory: /home/travis/.cache/pip/wheels/fe/9a/9d/7f149dd9b76e6cc911f97add03d9eaba1733f24795e606d453
  Building wheel for vintage (setup.py): started
  Building wheel for vintage (setup.py): finished with status 'done'
  Created wheel for vintage: filename=vintage-0.4.1-py3-none-any.whl size=2831 sha256=f2b4f400a52cf02a63b0f11e503239d1f501adcb35cfcaffd74b928a04a0be1a
  Stored in directory: /home/travis/.cache/pip/wheels/f9/b5/c8/da15ac7b054e05cd8204dc9b8fbe8b7f0921337a2c5ff14bb1
Successfully built confetti dessert emport gossip Logbook orderedset vintage
Installing collected packages: python-dateutil, arrow, colorama, confetti, atomicwrites, dessert, Logbook, emport, vintage, gossip, orderedset, raven, ptyprocess, pexpect, backcall, prompt-toolkit, pickleshare, decorator, ipython-genutils, traitlets, parso, jedi, pygments, IPython, slash
  Running setup.py develop for slash
Successfully installed IPython-7.9.0 Logbook-1.5.3 arrow-0.15.7 atomicwrites-1.4.0 backcall-0.2.0 colorama-0.4.3 confetti-2.5.3 decorator-4.4.2 dessert-1.4.1 emport-1.3.1 gossip-2.4.0 ipython-genutils-0.2.0 jedi-0.17.1 orderedset-2.0.3 parso-0.7.0 pexpect-4.8.0 pickleshare-0.7.5 prompt-toolkit-2.0.10 ptyprocess-0.6.0 pygments-2.6.1 python-dateutil-2.8.1 raven-6.10.0 slash traitlets-4.3.3 vintage-0.4.1
.env/bin/pip install -r ./doc/pip_requirements.txt
Obtaining file:///home/travis/build/failed/getslash/slash (from -r ./doc/pip_requirements.txt (line 2))
Collecting releases
  Downloading releases-1.6.3-py2.py3-none-any.whl (22 kB)
Collecting alabaster
  Downloading alabaster-0.7.12-py2.py3-none-any.whl (14 kB)
Collecting Sphinx>1.4
  Downloading Sphinx-3.1.1-py3-none-any.whl (2.9 MB)
Requirement already satisfied: arrow in ./.env/lib/python3.5/site-packages (from slash==1.1.4->-r ./doc/pip_requirements.txt (line 2)) (0.15.7)
Requirement already satisfied: colorama in ./.env/lib/python3.5/site-packages (from slash==1.1.4->-r ./doc/pip_requirements.txt (line 2)) (0.4.3)
Requirement already satisfied: confetti>=2.4.1 in ./.env/lib/python3.5/site-packages (from slash==1.1.4->-r ./doc/pip_requirements.txt (line 2)) (2.5.3)
Requirement already satisfied: dessert>=1.0.2 in ./.env/lib/python3.5/site-packages (from slash==1.1.4->-r ./doc/pip_requirements.txt (line 2)) (1.4.1)
Requirement already satisfied: emport>=1.1.3 in ./.env/lib/python3.5/site-packages (from slash==1.1.4->-r ./doc/pip_requirements.txt (line 2)) (1.3.1)
Requirement already satisfied: gossip>=2.0.0 in ./.env/lib/python3.5/site-packages (from slash==1.1.4->-r ./doc/pip_requirements.txt (line 2)) (2.4.0)
Requirement already satisfied: Logbook>=0.11.2 in ./.env/lib/python3.5/site-packages (from slash==1.1.4->-r ./doc/pip_requirements.txt (line 2)) (1.5.3)
Requirement already satisfied: orderedset>=2.0.0 in ./.env/lib/python3.5/site-packages (from slash==1.1.4->-r ./doc/pip_requirements.txt (line 2)) (2.0.3)
Requirement already satisfied: requests>=1.1.0 in ./.env/lib/python3.5/site-packages (from slash==1.1.4->-r ./doc/pip_requirements.txt (line 2)) (2.24.0)
Requirement already satisfied: raven in ./.env/lib/python3.5/site-packages (from slash==1.1.4->-r ./doc/pip_requirements.txt (line 2)) (6.10.0)
Requirement already satisfied: py>=1.4.20 in ./.env/lib/python3.5/site-packages (from slash==1.1.4->-r ./doc/pip_requirements.txt (line 2)) (1.9.0)
Requirement already satisfied: pyparsing in ./.env/lib/python3.5/site-packages (from slash==1.1.4->-r ./doc/pip_requirements.txt (line 2)) (2.4.7)
Requirement already satisfied: IPython in ./.env/lib/python3.5/site-packages (from slash==1.1.4->-r ./doc/pip_requirements.txt (line 2)) (7.9.0)
Collecting semantic-version<2.7
  Downloading semantic_version-2.6.0-py3-none-any.whl (14 kB)
Collecting docutils>=0.12
  Downloading docutils-0.16-py2.py3-none-any.whl (548 kB)
Collecting sphinxcontrib-devhelp
  Downloading sphinxcontrib_devhelp-1.0.2-py2.py3-none-any.whl (84 kB)
Collecting babel>=1.3
  Downloading Babel-2.8.0-py2.py3-none-any.whl (8.6 MB)
Requirement already satisfied: Pygments>=2.0 in ./.env/lib/python3.5/site-packages (from Sphinx>1.4->-r ./doc/pip_requirements.txt (line 5)) (2.6.1)
Collecting snowballstemmer>=1.1
  Downloading snowballstemmer-2.0.0-py2.py3-none-any.whl (97 kB)
Collecting sphinxcontrib-htmlhelp
  Downloading sphinxcontrib_htmlhelp-1.0.3-py2.py3-none-any.whl (96 kB)
Collecting imagesize
  Downloading imagesize-1.2.0-py2.py3-none-any.whl (4.8 kB)
Requirement already satisfied: setuptools in ./.env/lib/python3.5/site-packages (from Sphinx>1.4->-r ./doc/pip_requirements.txt (line 5)) (47.3.2)
Collecting Jinja2>=2.3
  Downloading Jinja2-2.11.2-py2.py3-none-any.whl (125 kB)
Collecting sphinxcontrib-jsmath
  Downloading sphinxcontrib_jsmath-1.0.1-py2.py3-none-any.whl (5.1 kB)
Collecting sphinxcontrib-applehelp
  Downloading sphinxcontrib_applehelp-1.0.2-py2.py3-none-any.whl (121 kB)
Requirement already satisfied: packaging in ./.env/lib/python3.5/site-packages (from Sphinx>1.4->-r ./doc/pip_requirements.txt (line 5)) (20.4)
Collecting sphinxcontrib-serializinghtml
  Downloading sphinxcontrib_serializinghtml-1.1.4-py2.py3-none-any.whl (89 kB)
Collecting sphinxcontrib-qthelp
  Downloading sphinxcontrib_qthelp-1.0.3-py2.py3-none-any.whl (90 kB)
Requirement already satisfied: python-dateutil in ./.env/lib/python3.5/site-packages (from arrow->slash==1.1.4->-r ./doc/pip_requirements.txt (line 2)) (2.8.1)
Requirement already satisfied: sentinels>=0.0.5 in ./.env/lib/python3.5/site-packages (from confetti>=2.4.1->slash==1.1.4->-r ./doc/pip_requirements.txt (line 2)) (1.0.0)
Requirement already satisfied: six in ./.env/lib/python3.5/site-packages (from confetti>=2.4.1->slash==1.1.4->-r ./doc/pip_requirements.txt (line 2)) (1.15.0)
Requirement already satisfied: attrs in ./.env/lib/python3.5/site-packages (from dessert>=1.0.2->slash==1.1.4->-r ./doc/pip_requirements.txt (line 2)) (19.3.0)
Requirement already satisfied: atomicwrites>=1.0 in ./.env/lib/python3.5/site-packages (from dessert>=1.0.2->slash==1.1.4->-r ./doc/pip_requirements.txt (line 2)) (1.4.0)
Requirement already satisfied: munch in ./.env/lib/python3.5/site-packages (from dessert>=1.0.2->slash==1.1.4->-r ./doc/pip_requirements.txt (line 2)) (2.5.0)
Requirement already satisfied: vintage in ./.env/lib/python3.5/site-packages (from gossip>=2.0.0->slash==1.1.4->-r ./doc/pip_requirements.txt (line 2)) (0.4.1)
Requirement already satisfied: chardet<4,>=3.0.2 in ./.env/lib/python3.5/site-packages (from requests>=1.1.0->slash==1.1.4->-r ./doc/pip_requirements.txt (line 2)) (3.0.4)
Requirement already satisfied: idna<3,>=2.5 in ./.env/lib/python3.5/site-packages (from requests>=1.1.0->slash==1.1.4->-r ./doc/pip_requirements.txt (line 2)) (2.10)
Requirement already satisfied: urllib3!=1.25.0,!=1.25.1,<1.26,>=1.21.1 in ./.env/lib/python3.5/site-packages (from requests>=1.1.0->slash==1.1.4->-r ./doc/pip_requirements.txt (line 2)) (1.25.9)
Requirement already satisfied: certifi>=2017.4.17 in ./.env/lib/python3.5/site-packages (from requests>=1.1.0->slash==1.1.4->-r ./doc/pip_requirements.txt (line 2)) (2020.6.20)
Requirement already satisfied: traitlets>=4.2 in ./.env/lib/python3.5/site-packages (from IPython->slash==1.1.4->-r ./doc/pip_requirements.txt (line 2)) (4.3.3)
Requirement already satisfied: decorator in ./.env/lib/python3.5/site-packages (from IPython->slash==1.1.4->-r ./doc/pip_requirements.txt (line 2)) (4.4.2)
Requirement already satisfied: jedi>=0.10 in ./.env/lib/python3.5/site-packages (from IPython->slash==1.1.4->-r ./doc/pip_requirements.txt (line 2)) (0.17.1)
Requirement already satisfied: prompt-toolkit<2.1.0,>=2.0.0 in ./.env/lib/python3.5/site-packages (from IPython->slash==1.1.4->-r ./doc/pip_requirements.txt (line 2)) (2.0.10)
Requirement already satisfied: pickleshare in ./.env/lib/python3.5/site-packages (from IPython->slash==1.1.4->-r ./doc/pip_requirements.txt (line 2)) (0.7.5)
Requirement already satisfied: backcall in ./.env/lib/python3.5/site-packages (from IPython->slash==1.1.4->-r ./doc/pip_requirements.txt (line 2)) (0.2.0)
Requirement already satisfied: pexpect; sys_platform != "win32" in ./.env/lib/python3.5/site-packages (from IPython->slash==1.1.4->-r ./doc/pip_requirements.txt (line 2)) (4.8.0)
Collecting pytz>=2015.7
  Downloading pytz-2020.1-py2.py3-none-any.whl (510 kB)
Collecting MarkupSafe>=0.23
  Downloading MarkupSafe-1.1.1-cp35-cp35m-manylinux1_x86_64.whl (27 kB)
Requirement already satisfied: ipython-genutils in ./.env/lib/python3.5/site-packages (from traitlets>=4.2->IPython->slash==1.1.4->-r ./doc/pip_requirements.txt (line 2)) (0.2.0)
Requirement already satisfied: parso<0.8.0,>=0.7.0 in ./.env/lib/python3.5/site-packages (from jedi>=0.10->IPython->slash==1.1.4->-r ./doc/pip_requirements.txt (line 2)) (0.7.0)
Requirement already satisfied: wcwidth in ./.env/lib/python3.5/site-packages (from prompt-toolkit<2.1.0,>=2.0.0->IPython->slash==1.1.4->-r ./doc/pip_requirements.txt (line 2)) (0.2.5)
Requirement already satisfied: ptyprocess>=0.5 in ./.env/lib/python3.5/site-packages (from pexpect; sys_platform != "win32"->IPython->slash==1.1.4->-r ./doc/pip_requirements.txt (line 2)) (0.6.0)
Installing collected packages: semantic-version, docutils, sphinxcontrib-devhelp, pytz, babel, snowballstemmer, sphinxcontrib-htmlhelp, imagesize, MarkupSafe, Jinja2, sphinxcontrib-jsmath, sphinxcontrib-applehelp, alabaster, sphinxcontrib-serializinghtml, sphinxcontrib-qthelp, Sphinx, releases, slash
  Attempting uninstall: slash
    Found existing installation: slash 1.1.4
    Uninstalling slash-1.1.4:
      Successfully uninstalled slash-1.1.4
  Running setup.py develop for slash
Successfully installed Jinja2-2.11.2 MarkupSafe-1.1.1 Sphinx-3.1.1 alabaster-0.7.12 babel-2.8.0 docutils-0.16 imagesize-1.2.0 pytz-2020.1 releases-1.6.3 semantic-version-2.6.0 slash snowballstemmer-2.0.0 sphinxcontrib-applehelp-1.0.2 sphinxcontrib-devhelp-1.0.2 sphinxcontrib-htmlhelp-1.0.3 sphinxcontrib-jsmath-1.0.1 sphinxcontrib-qthelp-1.0.3 sphinxcontrib-serializinghtml-1.1.4
touch .env/.up-to-date

travis_time:end:24d59d7c:start=1593779143715737416,finish=1593779260251719027,duration=116535981611[0K
[32;1mThe command "make env" exited with 0.[0m
travis_time:start:030a7c19[0K$ .env/bin/pip install lxml
Requirement already satisfied: lxml in ./.env/lib/python3.5/site-packages (3.6.2)

travis_time:end:030a7c19:start=1593779260261733864,finish=1593779261602153635,duration=1340419771[0K
[32;1mThe command ".env/bin/pip install lxml" exited with 0.[0m
travis_time:start:0177a916[0K$ .env/bin/py.test tests -k 'xunit and session and errors'
============================= test session starts ==============================
platform linux -- Python 3.5.6, pytest-5.4.3, py-1.9.0, pluggy-0.13.1
rootdir: /home/travis/build/failed/getslash/slash, inifile: pytest.ini
plugins: forked-1.2.0, xdist-1.32.0, capturelog-0.7, cov-2.10.0, timeout-1.4.1
collected 1270 items / 1269 deselected / 1 selected

tests/test_xunit_plugin.py F                                             [100%]

=================================== FAILURES ===================================
_____________________________ test_session_errors ______________________________

suite = <tests.utils.suite_writer.suite.Suite object at 0x7efe8527d780>
xunit_filename = '/tmp/pytest-of-travis/pytest-0/test_session_errors0/xunit.xml'

    def test_session_errors(suite, xunit_filename):
        # pylint: disable=unused-argument
    
        @suite.slashconf.append_body
        def __code__():
            1/0
    
        for test in suite:
            # tests are not going to even be loaded
            test.expect_deselect()
    
>       summary = suite.run()

tests/test_xunit_plugin.py:40: 
_ _ _ _ _ _ _ _ _ _ _ _ _ _ _ _ _ _ _ _ _ _ _ _ _ _ _ _ _ _ _ _ _ _ _ _ _ _ _ _ 
tests/utils/suite_writer/suite.py:138: in run
    app_callback=captured.append,
slash/frontend/slash_run.py:35: in slash_run
    collected = _collect_tests(app, args)
slash/frontend/slash_run.py:73: in _collect_tests
    collected = app.test_loader.get_runnables(paths)
slash/loader.py:48: in get_runnables
    returned = self._collect(sources)
slash/loader.py:57: in _collect
    for x in iterator:
slash/loader.py:47: in <genexpr>
    for t in self._generate_test_sources(paths))
slash/loader.py:81: in <genexpr>
    return (t for t in iterator if matcher is None or matcher.matches(t.__slash__))
slash/loader.py:81: in <genexpr>
    return (t for t in iterator if matcher is None or matcher.matches(t.__slash__))
slash/loader.py:91: in _iter_test_address
    for test in self._iter_path(path):
slash/loader.py:135: in _iter_paths
    with self._adding_local_fixtures(file_path, module):
/opt/python/3.5.6/lib/python3.5/contextlib.py:59: in __enter__
    return next(self.gen)
slash/loader.py:144: in _adding_local_fixtures
    self._local_config.push_path(os.path.dirname(file_path))
slash/core/local_config.py:14: in push_path
    self._configs.append(self._build_config(path))
slash/core/local_config.py:30: in _build_config
    slashconf_vars = self._slashconf_vars_cache[dir_path] = vars(import_file(slashconf_path))
.env/lib/python3.5/site-packages/emport/__init__.py:20: in import_file
    return _import_using_new_importlib(module_name, filename)
.env/lib/python3.5/site-packages/emport/__init__.py:44: in _import_using_new_importlib
    return __import__(module_name, fromlist=[''])
<frozen importlib._bootstrap>:968: in _find_and_load
    ???
<frozen importlib._bootstrap>:957: in _find_and_load_unlocked
    ???
<frozen importlib._bootstrap>:673: in _load_unlocked
    ???
.env/lib/python3.5/site-packages/dessert/rewrite.py:153: in exec_module
    exec(co, module.__dict__)  # pylint: disable=exec-used
_ _ _ _ _ _ _ _ _ _ _ _ _ _ _ _ _ _ _ _ _ _ _ _ _ _ _ _ _ _ _ _ _ _ _ _ _ _ _ _ 

    import __ut__
    import slash
    
>   1/0
E   ZeroDivisionError: division by zero

/tmp/tmp45b5yekb/slashconf.py:4: ZeroDivisionError
----------------------------- Captured stderr call -----------------------------
[2020-07-03 12:27:45.407979] DEBUG: slash.loader: Checking /tmp/tmp45b5yekb/test_00000.py
[2020-07-03 12:27:45.417464] DEBUG: slash.exception_handling: Handling exception
Traceback (most recent call last):
  File ".env/bin/py.test", line 8, in <module>
    sys.exit(main())
  File "/home/travis/build/failed/getslash/slash/.env/lib/python3.5/site-packages/_pytest/config/__init__.py", line 125, in main
    config=config
  File "/home/travis/build/failed/getslash/slash/.env/lib/python3.5/site-packages/pluggy/hooks.py", line 286, in __call__
    return self._hookexec(self, self.get_hookimpls(), kwargs)
  File "/home/travis/build/failed/getslash/slash/.env/lib/python3.5/site-packages/pluggy/manager.py", line 93, in _hookexec
    return self._inner_hookexec(hook, methods, kwargs)
  File "/home/travis/build/failed/getslash/slash/.env/lib/python3.5/site-packages/pluggy/manager.py", line 87, in <lambda>
    firstresult=hook.spec.opts.get("firstresult") if hook.spec else False,
  File "/home/travis/build/failed/getslash/slash/.env/lib/python3.5/site-packages/pluggy/callers.py", line 187, in _multicall
    res = hook_impl.function(*args)
  File "/home/travis/build/failed/getslash/slash/.env/lib/python3.5/site-packages/_pytest/main.py", line 240, in pytest_cmdline_main
    return wrap_session(config, _main)
  File "/home/travis/build/failed/getslash/slash/.env/lib/python3.5/site-packages/_pytest/main.py", line 191, in wrap_session
    session.exitstatus = doit(config, session) or 0
  File "/home/travis/build/failed/getslash/slash/.env/lib/python3.5/site-packages/_pytest/main.py", line 247, in _main
    config.hook.pytest_runtestloop(session=session)
  File "/home/travis/build/failed/getslash/slash/.env/lib/python3.5/site-packages/pluggy/hooks.py", line 286, in __call__
    return self._hookexec(self, self.get_hookimpls(), kwargs)
  File "/home/travis/build/failed/getslash/slash/.env/lib/python3.5/site-packages/pluggy/manager.py", line 93, in _hookexec
    return self._inner_hookexec(hook, methods, kwargs)
  File "/home/travis/build/failed/getslash/slash/.env/lib/python3.5/site-packages/pluggy/manager.py", line 87, in <lambda>
    firstresult=hook.spec.opts.get("firstresult") if hook.spec else False,
  File "/home/travis/build/failed/getslash/slash/.env/lib/python3.5/site-packages/pluggy/callers.py", line 187, in _multicall
    res = hook_impl.function(*args)
  File "/home/travis/build/failed/getslash/slash/.env/lib/python3.5/site-packages/_pytest/main.py", line 272, in pytest_runtestloop
    item.config.hook.pytest_runtest_protocol(item=item, nextitem=nextitem)
  File "/home/travis/build/failed/getslash/slash/.env/lib/python3.5/site-packages/pluggy/hooks.py", line 286, in __call__
    return self._hookexec(self, self.get_hookimpls(), kwargs)
  File "/home/travis/build/failed/getslash/slash/.env/lib/python3.5/site-packages/pluggy/manager.py", line 93, in _hookexec
    return self._inner_hookexec(hook, methods, kwargs)
  File "/home/travis/build/failed/getslash/slash/.env/lib/python3.5/site-packages/pluggy/manager.py", line 87, in <lambda>
    firstresult=hook.spec.opts.get("firstresult") if hook.spec else False,
  File "/home/travis/build/failed/getslash/slash/.env/lib/python3.5/site-packages/pluggy/callers.py", line 187, in _multicall
    res = hook_impl.function(*args)
  File "/home/travis/build/failed/getslash/slash/.env/lib/python3.5/site-packages/_pytest/runner.py", line 85, in pytest_runtest_protocol
    runtestprotocol(item, nextitem=nextitem)
  File "/home/travis/build/failed/getslash/slash/.env/lib/python3.5/site-packages/_pytest/runner.py", line 100, in runtestprotocol
    reports.append(call_and_report(item, "call", log))
  File "/home/travis/build/failed/getslash/slash/.env/lib/python3.5/site-packages/_pytest/runner.py", line 186, in call_and_report
    call = call_runtest_hook(item, when, **kwds)
  File "/home/travis/build/failed/getslash/slash/.env/lib/python3.5/site-packages/_pytest/runner.py", line 217, in call_runtest_hook
    lambda: ihook(item=item, **kwds), when=when, reraise=reraise
  File "/home/travis/build/failed/getslash/slash/.env/lib/python3.5/site-packages/_pytest/runner.py", line 244, in from_call
    result = func()
  File "/home/travis/build/failed/getslash/slash/.env/lib/python3.5/site-packages/_pytest/runner.py", line 217, in <lambda>
    lambda: ihook(item=item, **kwds), when=when, reraise=reraise
  File "/home/travis/build/failed/getslash/slash/.env/lib/python3.5/site-packages/pluggy/hooks.py", line 286, in __call__
    return self._hookexec(self, self.get_hookimpls(), kwargs)
  File "/home/travis/build/failed/getslash/slash/.env/lib/python3.5/site-packages/pluggy/manager.py", line 93, in _hookexec
    return self._inner_hookexec(hook, methods, kwargs)
  File "/home/travis/build/failed/getslash/slash/.env/lib/python3.5/site-packages/pluggy/manager.py", line 87, in <lambda>
    firstresult=hook.spec.opts.get("firstresult") if hook.spec else False,
  File "/home/travis/build/failed/getslash/slash/.env/lib/python3.5/site-packages/pluggy/callers.py", line 187, in _multicall
    res = hook_impl.function(*args)
  File "/home/travis/build/failed/getslash/slash/.env/lib/python3.5/site-packages/_pytest/runner.py", line 135, in pytest_runtest_call
    item.runtest()
  File "/home/travis/build/failed/getslash/slash/.env/lib/python3.5/site-packages/_pytest/python.py", line 1477, in runtest
    self.ihook.pytest_pyfunc_call(pyfuncitem=self)
  File "/home/travis/build/failed/getslash/slash/.env/lib/python3.5/site-packages/pluggy/hooks.py", line 286, in __call__
    return self._hookexec(self, self.get_hookimpls(), kwargs)
  File "/home/travis/build/failed/getslash/slash/.env/lib/python3.5/site-packages/pluggy/manager.py", line 93, in _hookexec
    return self._inner_hookexec(hook, methods, kwargs)
  File "/home/travis/build/failed/getslash/slash/.env/lib/python3.5/site-packages/pluggy/manager.py", line 87, in <lambda>
    firstresult=hook.spec.opts.get("firstresult") if hook.spec else False,
  File "/home/travis/build/failed/getslash/slash/.env/lib/python3.5/site-packages/pluggy/callers.py", line 187, in _multicall
    res = hook_impl.function(*args)
  File "/home/travis/build/failed/getslash/slash/.env/lib/python3.5/site-packages/_pytest/python.py", line 182, in pytest_pyfunc_call
    result = testfunction(**testargs)
  File "/home/travis/build/failed/getslash/slash/tests/test_xunit_plugin.py", line 40, in test_session_errors
    summary = suite.run()
  File "/home/travis/build/failed/getslash/slash/tests/utils/suite_writer/suite.py", line 138, in run
    app_callback=captured.append,
  File "/home/travis/build/failed/getslash/slash/slash/frontend/slash_run.py", line 35, in slash_run
    collected = _collect_tests(app, args)
  File "/home/travis/build/failed/getslash/slash/slash/frontend/slash_run.py", line 73, in _collect_tests
    collected = app.test_loader.get_runnables(paths)
  File "/home/travis/build/failed/getslash/slash/slash/loader.py", line 48, in get_runnables
    returned = self._collect(sources)
  File "/home/travis/build/failed/getslash/slash/slash/loader.py", line 57, in _collect
    for x in iterator:
  File "/home/travis/build/failed/getslash/slash/slash/loader.py", line 47, in <genexpr>
    for t in self._generate_test_sources(paths))
  File "/home/travis/build/failed/getslash/slash/slash/loader.py", line 81, in <genexpr>
    return (t for t in iterator if matcher is None or matcher.matches(t.__slash__))
  File "/home/travis/build/failed/getslash/slash/slash/loader.py", line 81, in <genexpr>
    return (t for t in iterator if matcher is None or matcher.matches(t.__slash__))
  File "/home/travis/build/failed/getslash/slash/slash/loader.py", line 91, in _iter_test_address
    for test in self._iter_path(path):
  File "/home/travis/build/failed/getslash/slash/slash/loader.py", line 135, in _iter_paths
    with self._adding_local_fixtures(file_path, module):
  File "/opt/python/3.5.6/lib/python3.5/contextlib.py", line 59, in __enter__
    return next(self.gen)
  File "/home/travis/build/failed/getslash/slash/slash/loader.py", line 144, in _adding_local_fixtures
    self._local_config.push_path(os.path.dirname(file_path))
  File "/home/travis/build/failed/getslash/slash/slash/core/local_config.py", line 14, in push_path
    self._configs.append(self._build_config(path))
  File "/home/travis/build/failed/getslash/slash/slash/core/local_config.py", line 30, in _build_config
    slashconf_vars = self._slashconf_vars_cache[dir_path] = vars(import_file(slashconf_path))
  File "/home/travis/build/failed/getslash/slash/.env/lib/python3.5/site-packages/emport/__init__.py", line 20, in import_file
    return _import_using_new_importlib(module_name, filename)
  File "/home/travis/build/failed/getslash/slash/.env/lib/python3.5/site-packages/emport/__init__.py", line 44, in _import_using_new_importlib
    return __import__(module_name, fromlist=[''])
  File "<frozen importlib._bootstrap>", line 968, in _find_and_load
  File "<frozen importlib._bootstrap>", line 957, in _find_and_load_unlocked
  File "<frozen importlib._bootstrap>", line 673, in _load_unlocked
  File "/home/travis/build/failed/getslash/slash/.env/lib/python3.5/site-packages/dessert/rewrite.py", line 153, in exec_module
    exec(co, module.__dict__)  # pylint: disable=exec-used
  File "/tmp/tmp45b5yekb/slashconf.py", line 4, in <module>
    1/0
ZeroDivisionError: division by zero
[2020-07-03 12:27:45.450484] DEBUG: slash.core.result: Error added: ZeroDivisionError: division by zero
/home/travis/build/failed/getslash/slash/.env/bin/py.test, line 8:
        sys.exit(main())
/home/travis/build/failed/getslash/slash/.env/lib/python3.5/site-packages/_pytest/config/__init__.py, line 125:
                        config=config
/home/travis/build/failed/getslash/slash/.env/lib/python3.5/site-packages/pluggy/hooks.py, line 286:
            return self._hookexec(self, self.get_hookimpls(), kwargs)
/home/travis/build/failed/getslash/slash/.env/lib/python3.5/site-packages/pluggy/manager.py, line 93:
            return self._inner_hookexec(hook, methods, kwargs)
/home/travis/build/failed/getslash/slash/.env/lib/python3.5/site-packages/pluggy/manager.py, line 87:
                firstresult=hook.spec.opts.get("firstresult") if hook.spec else False,
/home/travis/build/failed/getslash/slash/.env/lib/python3.5/site-packages/pluggy/callers.py, line 187:
                        res = hook_impl.function(*args)
/home/travis/build/failed/getslash/slash/.env/lib/python3.5/site-packages/_pytest/main.py, line 240:
        return wrap_session(config, _main)
/home/travis/build/failed/getslash/slash/.env/lib/python3.5/site-packages/_pytest/main.py, line 191:
                session.exitstatus = doit(config, session) or 0
/home/travis/build/failed/getslash/slash/.env/lib/python3.5/site-packages/_pytest/main.py, line 247:
        config.hook.pytest_runtestloop(session=session)
/home/travis/build/failed/getslash/slash/.env/lib/python3.5/site-packages/pluggy/hooks.py, line 286:
            return self._hookexec(self, self.get_hookimpls(), kwargs)
/home/travis/build/failed/getslash/slash/.env/lib/python3.5/site-packages/pluggy/manager.py, line 93:
            return self._inner_hookexec(hook, methods, kwargs)
/home/travis/build/failed/getslash/slash/.env/lib/python3.5/site-packages/pluggy/manager.py, line 87:
                firstresult=hook.spec.opts.get("firstresult") if hook.spec else False,
/home/travis/build/failed/getslash/slash/.env/lib/python3.5/site-packages/pluggy/callers.py, line 187:
                        res = hook_impl.function(*args)
/home/travis/build/failed/getslash/slash/.env/lib/python3.5/site-packages/_pytest/main.py, line 272:
            item.config.hook.pytest_runtest_protocol(item=item, nextitem=nextitem)
/home/travis/build/failed/getslash/slash/.env/lib/python3.5/site-packages/pluggy/hooks.py, line 286:
            return self._hookexec(self, self.get_hookimpls(), kwargs)
/home/travis/build/failed/getslash/slash/.env/lib/python3.5/site-packages/pluggy/manager.py, line 93:
            return self._inner_hookexec(hook, methods, kwargs)
/home/travis/build/failed/getslash/slash/.env/lib/python3.5/site-packages/pluggy/manager.py, line 87:
                firstresult=hook.spec.opts.get("firstresult") if hook.spec else False,
/home/travis/build/failed/getslash/slash/.env/lib/python3.5/site-packages/pluggy/callers.py, line 187:
                        res = hook_impl.function(*args)
/home/travis/build/failed/getslash/slash/.env/lib/python3.5/site-packages/_pytest/runner.py, line 85:
        runtestprotocol(item, nextitem=nextitem)
/home/travis/build/failed/getslash/slash/.env/lib/python3.5/site-packages/_pytest/runner.py, line 100:
                reports.append(call_and_report(item, "call", log))
/home/travis/build/failed/getslash/slash/.env/lib/python3.5/site-packages/_pytest/runner.py, line 186:
        call = call_runtest_hook(item, when, **kwds)
/home/travis/build/failed/getslash/slash/.env/lib/python3.5/site-packages/_pytest/runner.py, line 217:
            lambda: ihook(item=item, **kwds), when=when, reraise=reraise
/home/travis/build/failed/getslash/slash/.env/lib/python3.5/site-packages/_pytest/runner.py, line 244:
                result = func()
/home/travis/build/failed/getslash/slash/.env/lib/python3.5/site-packages/_pytest/runner.py, line 217:
            lambda: ihook(item=item, **kwds), when=when, reraise=reraise
/home/travis/build/failed/getslash/slash/.env/lib/python3.5/site-packages/pluggy/hooks.py, line 286:
            return self._hookexec(self, self.get_hookimpls(), kwargs)
/home/travis/build/failed/getslash/slash/.env/lib/python3.5/site-packages/pluggy/manager.py, line 93:
            return self._inner_hookexec(hook, methods, kwargs)
/home/travis/build/failed/getslash/slash/.env/lib/python3.5/site-packages/pluggy/manager.py, line 87:
                firstresult=hook.spec.opts.get("firstresult") if hook.spec else False,
/home/travis/build/failed/getslash/slash/.env/lib/python3.5/site-packages/pluggy/callers.py, line 187:
                        res = hook_impl.function(*args)
/home/travis/build/failed/getslash/slash/.env/lib/python3.5/site-packages/_pytest/runner.py, line 135:
            item.runtest()
/home/travis/build/failed/getslash/slash/.env/lib/python3.5/site-packages/_pytest/python.py, line 1477:
            self.ihook.pytest_pyfunc_call(pyfuncitem=self)
/home/travis/build/failed/getslash/slash/.env/lib/python3.5/site-packages/pluggy/hooks.py, line 286:
            return self._hookexec(self, self.get_hookimpls(), kwargs)
/home/travis/build/failed/getslash/slash/.env/lib/python3.5/site-packages/pluggy/manager.py, line 93:
            return self._inner_hookexec(hook, methods, kwargs)
/home/travis/build/failed/getslash/slash/.env/lib/python3.5/site-packages/pluggy/manager.py, line 87:
                firstresult=hook.spec.opts.get("firstresult") if hook.spec else False,
/home/travis/build/failed/getslash/slash/.env/lib/python3.5/site-packages/pluggy/callers.py, line 187:
                        res = hook_impl.function(*args)
/home/travis/build/failed/getslash/slash/.env/lib/python3.5/site-packages/_pytest/python.py, line 182:
        result = testfunction(**testargs)
/home/travis/build/failed/getslash/slash/tests/test_xunit_plugin.py, line 40:
        summary = suite.run()
/home/travis/build/failed/getslash/slash/tests/utils/suite_writer/suite.py, line 138:
                            app_callback=captured.append,
/home/travis/build/failed/getslash/slash/slash/frontend/slash_run.py, line 73:
        collected = app.test_loader.get_runnables(paths)
/home/travis/build/failed/getslash/slash/slash/loader.py, line 48:
            returned = self._collect(sources)
/home/travis/build/failed/getslash/slash/slash/loader.py, line 57:
                for x in iterator:
/home/travis/build/failed/getslash/slash/slash/loader.py, line 47:
                       for t in self._generate_test_sources(paths))
/home/travis/build/failed/getslash/slash/slash/loader.py, line 81:
            return (t for t in iterator if matcher is None or matcher.matches(t.__slash__))
/home/travis/build/failed/getslash/slash/slash/loader.py, line 81:
            return (t for t in iterator if matcher is None or matcher.matches(t.__slash__))
/home/travis/build/failed/getslash/slash/slash/loader.py, line 91:
            for test in self._iter_path(path):
/home/travis/build/failed/getslash/slash/slash/loader.py, line 135:
                        with self._adding_local_fixtures(file_path, module):
/opt/python/3.5.6/lib/python3.5/contextlib.py, line 59:
                return next(self.gen)
/home/travis/build/failed/getslash/slash/slash/loader.py, line 144:
                self._local_config.push_path(os.path.dirname(file_path))
/home/travis/build/failed/getslash/slash/slash/core/local_config.py, line 14:
            self._configs.append(self._build_config(path))
/home/travis/build/failed/getslash/slash/slash/core/local_config.py, line 30:
                            slashconf_vars = self._slashconf_vars_cache[dir_path] = vars(import_file(slashconf_path))
/home/travis/build/failed/getslash/slash/.env/lib/python3.5/site-packages/emport/__init__.py, line 20:
        return _import_using_new_importlib(module_name, filename)
/home/travis/build/failed/getslash/slash/.env/lib/python3.5/site-packages/emport/__init__.py, line 44:
        return __import__(module_name, fromlist=[''])
/home/travis/build/failed/getslash/slash/<frozen importlib._bootstrap>, line 968:
    
/home/travis/build/failed/getslash/slash/<frozen importlib._bootstrap>, line 957:
    
/home/travis/build/failed/getslash/slash/<frozen importlib._bootstrap>, line 673:
    
/home/travis/build/failed/getslash/slash/.env/lib/python3.5/site-packages/dessert/rewrite.py, line 153:
            exec(co, module.__dict__)  # pylint: disable=exec-used
/tmp/tmp45b5yekb/slashconf.py, line 4:
    1/0
[2020-07-03 12:27:45.451741] DEBUG: slash.resuming: Saved resume state to /tmp/tmpggogmcek/000_991f8e3c-bd28-11ea-8de0-0242ac110007_0.json
=========================== short test summary info ============================
FAILED tests/test_xunit_plugin.py::test_session_errors - ZeroDivisionError: d...
================ 1 failed, 1269 deselected, 8 warnings in 2.10s ================

travis_time:end:0177a916:start=1593779261612212005,finish=1593779265799984120,duration=4187772115[0K
[31;1mThe command ".env/bin/py.test tests -k 'xunit and session and errors'" exited with 1.[0m
travis_fold:start:after_failure[0Ktravis_time:start:0c5aaf60[0K$ .env/bin/pip freeze
alabaster==0.7.12
apipkg==1.5
arrow==0.15.7
astroid==2.4.2
atomicwrites==1.4.0
attrs==19.3.0
Babel==2.8.0
backcall==0.2.0
certifi==2020.6.20
chardet==3.0.4
colorama==0.4.3
confetti==2.5.3
coverage==5.1
coveralls==2.0.0
decorator==4.4.2
dessert==1.4.1
docopt==0.6.2
docutils==0.16
emport==1.3.1
execnet==1.7.1
gossip==2.4.0
idna==2.10
imagesize==1.2.0
importlib-metadata==1.7.0
ipython==7.9.0
ipython-genutils==0.2.0
isort==4.3.21
jedi==0.17.1
Jinja2==2.11.2
lazy-object-proxy==1.4.3
Logbook==1.5.3
lxml==3.6.2
MarkupSafe==1.1.1
mccabe==0.6.1
more-itertools==8.4.0
munch==2.5.0
orderedset==2.0.3
packaging==20.4
parso==0.7.0
pathlib2==2.3.5
pexpect==4.8.0
pickleshare==0.7.5
pluggy==0.13.1
prompt-toolkit==2.0.10
ptyprocess==0.6.0
py==1.9.0
pyforge==1.3.0
Pygments==2.6.1
pylint==2.5.3
pyparsing==2.4.7
pytest==5.4.3
pytest-capturelog==0.7
pytest-cov==2.10.0
pytest-forked==1.2.0
pytest-timeout==1.4.1
pytest-xdist==1.32.0
python-dateutil==2.8.1
pytz==2020.1
raven==6.10.0
releases==1.6.3
requests==2.24.0
semantic-version==2.6.0
sentinels==1.0.0
six==1.15.0
-e git+https://github.com/getslash/slash.git@66a77c77d9f365c975fdac8a5671fdf3189c6783#egg=slash
snowballstemmer==2.0.0
Sphinx==3.1.1
sphinxcontrib-applehelp==1.0.2
sphinxcontrib-devhelp==1.0.2
sphinxcontrib-htmlhelp==1.0.3
sphinxcontrib-jsmath==1.0.1
sphinxcontrib-qthelp==1.0.3
sphinxcontrib-serializinghtml==1.1.4
toml==0.10.1
traitlets==4.3.3
typed-ast==1.4.1
urllib3==1.25.9
vintage==0.4.1
wcwidth==0.2.5
wrapt==1.12.1
zipp==1.2.0

travis_time:end:0c5aaf60:start=1593779265810894906,finish=1593779266567009519,duration=756114613[0Ktravis_fold:end:after_failure[0K
Done. Your build exited with 1.
