travis_fold:start:system_info[0K[33;1mBuild system information[0m
Build language: java
Build group: stable
Build dist: precise
Build id: ''
Job id: ''
[34m[1mBuild image provisioning date and time[0m
Thu Feb  5 15:09:33 UTC 2015
[34m[1mOperating System Details[0m
Distributor ID:	Ubuntu
Description:	Ubuntu 12.04.5 LTS
Release:	12.04
Codename:	precise
[34m[1mLinux Version[0m
3.13.0-29-generic
[34m[1mCookbooks Version[0m
a68419e https://github.com/travis-ci/travis-cookbooks/tree/a68419e
[34m[1mGCC version[0m
gcc (Ubuntu/Linaro 4.6.3-1ubuntu5) 4.6.3
Copyright (C) 2011 Free Software Foundation, Inc.
This is free software; see the source for copying conditions.  There is NO
warranty; not even for MERCHANTABILITY or FITNESS FOR A PARTICULAR PURPOSE.

[34m[1mLLVM version[0m
clang version 3.4 (tags/RELEASE_34/final)
Target: x86_64-unknown-linux-gnu
Thread model: posix
[34m[1mPre-installed Ruby versions[0m
ruby-1.9.3-p551
[34m[1mPre-installed Node.js versions[0m
v0.10.36
[34m[1mPre-installed Go versions[0m
1.4.1
[34m[1mRedis version[0m
redis-server 2.8.19
[34m[1mriak version[0m
2.0.2
[34m[1mMongoDB version[0m
MongoDB 2.4.12
[34m[1mCouchDB version[0m
couchdb 1.6.1
[34m[1mNeo4j version[0m
1.9.4
[34m[1mRabbitMQ Version[0m
3.4.3
[34m[1mElasticSearch version[0m
1.4.0
[34m[1mInstalled Sphinx versions[0m
2.0.10
2.1.9
2.2.6
[34m[1mDefault Sphinx version[0m
2.2.6
[34m[1mInstalled Firefox version[0m
firefox 31.0esr
[34m[1mPhantomJS version[0m
1.9.8
[34m[1mant -version[0m
Apache Ant(TM) version 1.8.2 compiled on December 3 2011
[34m[1mmvn -version[0m
Apache Maven 3.2.5 (12a6b3acb947671f09b81f49094c53f426d8cea1; 2014-12-14T17:29:23+00:00)
Maven home: /usr/local/maven
Java version: 1.7.0_76, vendor: Oracle Corporation
Java home: /usr/lib/jvm/java-7-oracle/jre
Default locale: en_US, platform encoding: ANSI_X3.4-1968
OS name: "linux", version: "3.13.0-29-generic", arch: "amd64", family: "unix"
travis_fold:end:system_info[0K
W: GPG error: http://apt.postgresql.org precise-pgdg Release: The following signatures were invalid: KEYEXPIRED 1562078959
W: Failed to fetch http://ppa.launchpad.net/travis-ci/zero-mq/ubuntu/dists/precise/main/binary-amd64/Packages  403  Forbidden

W: Failed to fetch http://ppa.launchpad.net/travis-ci/zero-mq/ubuntu/dists/precise/main/binary-i386/Packages  403  Forbidden

W: Failed to fetch http://downloads-distro.mongodb.org/repo/debian-sysvinit/dists/dist/10gen/binary-amd64/Packages  Undetermined Error [IP: 54.175.147.155 80]

W: Failed to fetch http://downloads-distro.mongodb.org/repo/debian-sysvinit/dists/dist/10gen/binary-i386/Packages  Undetermined Error [IP: 54.175.147.155 80]

E: Some index files failed to download. They have been ignored, or old ones used instead.
$ jdk_switcher use oraclejdk7
Switching to Oracle JDK7 (java-7-oracle), JAVA_HOME will be set to /usr/lib/jvm/java-7-oracle
$ cd passed/haraldk/TwelveMonkeys
$ java -Xmx32m -version
$ javac -J-Xmx32m -version
travis_fold:start:install[0Ktravis_time:start:028568e0[0K$ mvn install -Dhttps.protocols=TLSv1.2 -Dhttps.protocols=TLSv1.2 -DskipTests=true -Dmaven.javadoc.skip=true -B -V
Apache Maven 3.2.5 (12a6b3acb947671f09b81f49094c53f426d8cea1; 2014-12-14T17:29:23+00:00)
Maven home: /usr/local/maven
Java version: 1.7.0_76, vendor: Oracle Corporation
Java home: /usr/lib/jvm/java-7-oracle/jre
Default locale: en_US, platform encoding: UTF-8
OS name: "linux", version: "4.15.0-109-generic", arch: "amd64", family: "unix"
[INFO] Scanning for projects...
[INFO] Downloading: http://insecure.repo1.maven.org/maven2/org/sonatype/oss/oss-parent/9/oss-parent-9.pom
[INFO] Downloaded: http://insecure.repo1.maven.org/maven2/org/sonatype/oss/oss-parent/9/oss-parent-9.pom (7 KB at 52.2 KB/sec)
[INFO] ------------------------------------------------------------------------
[INFO] Reactor Build Order:
[INFO] 
[INFO] Twelvemonkeys
[INFO] TwelveMonkeys :: Common
[INFO] TwelveMonkeys :: Common :: Language support
[INFO] TwelveMonkeys :: Common :: IO
[INFO] TwelveMonkeys :: Common :: Image
[INFO] TwelveMonkeys :: Servlet
[INFO] TwelveMonkeys :: ImageIO
[INFO] TwelveMonkeys :: ImageIO :: Core
[INFO] TwelveMonkeys :: ImageIO :: Metadata
[INFO] TwelveMonkeys :: ImageIO :: Photoshop Path Support
[INFO] TwelveMonkeys :: ImageIO :: BMP plugin
[INFO] TwelveMonkeys :: ImageIO :: HDR plugin
[INFO] TwelveMonkeys :: ImageIO :: ICNS plugin
[INFO] TwelveMonkeys :: ImageIO :: IFF plugin
[INFO] TwelveMonkeys :: ImageIO :: JPEG plugin
[INFO] TwelveMonkeys :: ImageIO :: PCX plugin
[INFO] TwelveMonkeys :: ImageIO :: PDF plugin
[INFO] TwelveMonkeys :: ImageIO :: PICT plugin
[INFO] TwelveMonkeys :: ImageIO :: PNM plugin
[INFO] TwelveMonkeys :: ImageIO :: PSD plugin
[INFO] TwelveMonkeys :: ImageIO :: SGI plugin
[INFO] TwelveMonkeys :: ImageIO :: TGA plugin
[INFO] TwelveMonkeys :: ImageIO :: Thumbs.db plugin
[INFO] TwelveMonkeys :: ImageIO :: TIFF plugin
[INFO] TwelveMonkeys :: ImageIO :: Batik Plugin
[INFO] TwelveMonkeys :: ImageIO :: reference test cases
[INFO] TwelveMonkeys :: Contrib
[INFO] TwelveMonkeys :: BOM
[INFO]                                                                         
[INFO] ------------------------------------------------------------------------
[INFO] Building Twelvemonkeys 3.3-SNAPSHOT
[INFO] ------------------------------------------------------------------------
[INFO] Downloading: https://repo.maven.apache.org/maven2/org/apache/maven/plugins/maven-enforcer-plugin/1.2/maven-enforcer-plugin-1.2.pom
[INFO] Downloaded: https://repo.maven.apache.org/maven2/org/apache/maven/plugins/maven-enforcer-plugin/1.2/maven-enforcer-plugin-1.2.pom (6 KB at 15.9 KB/sec)
[INFO] Downloading: https://repo.maven.apache.org/maven2/org/apache/maven/enforcer/enforcer/1.2/enforcer-1.2.pom
[INFO] Downloaded: https://repo.maven.apache.org/maven2/org/apache/maven/enforcer/enforcer/1.2/enforcer-1.2.pom (11 KB at 383.2 KB/sec)
[INFO] Downloading: https://repo.maven.apache.org/maven2/org/apache/maven/maven-parent/22/maven-parent-22.pom
[INFO] Downloaded: https://repo.maven.apache.org/maven2/org/apache/maven/maven-parent/22/maven-parent-22.pom (30 KB at 968.2 KB/sec)
[INFO] Downloading: https://repo.maven.apache.org/maven2/org/apache/apache/11/apache-11.pom
[INFO] Downloaded: https://repo.maven.apache.org/maven2/org/apache/apache/11/apache-11.pom (15 KB at 761.3 KB/sec)
[INFO] Downloading: https://repo.maven.apache.org/maven2/org/apache/maven/plugins/maven-enforcer-plugin/1.2/maven-enforcer-plugin-1.2.jar
[INFO] Downloaded: https://repo.maven.apache.org/maven2/org/apache/maven/plugins/maven-enforcer-plugin/1.2/maven-enforcer-plugin-1.2.jar (25 KB at 887.2 KB/sec)
[INFO] Downloading: https://repo.maven.apache.org/maven2/org/apache/maven/plugins/maven-jar-plugin/2.6/maven-jar-plugin-2.6.pom
[INFO] Downloaded: https://repo.maven.apache.org/maven2/org/apache/maven/plugins/maven-jar-plugin/2.6/maven-jar-plugin-2.6.pom (6 KB at 359.7 KB/sec)
[INFO] Downloading: https://repo.maven.apache.org/maven2/org/apache/maven/plugins/maven-plugins/27/maven-plugins-27.pom
[INFO] Downloaded: https://repo.maven.apache.org/maven2/org/apache/maven/plugins/maven-plugins/27/maven-plugins-27.pom (12 KB at 584.1 KB/sec)
[INFO] Downloading: https://repo.maven.apache.org/maven2/org/apache/maven/maven-parent/26/maven-parent-26.pom
[INFO] Downloaded: https://repo.maven.apache.org/maven2/org/apache/maven/maven-parent/26/maven-parent-26.pom (39 KB at 1554.1 KB/sec)
[INFO] Downloading: https://repo.maven.apache.org/maven2/org/apache/apache/16/apache-16.pom
[INFO] Downloaded: https://repo.maven.apache.org/maven2/org/apache/apache/16/apache-16.pom (16 KB at 751.8 KB/sec)
[INFO] Downloading: https://repo.maven.apache.org/maven2/org/apache/maven/plugins/maven-jar-plugin/2.6/maven-jar-plugin-2.6.jar
[INFO] Downloaded: https://repo.maven.apache.org/maven2/org/apache/maven/plugins/maven-jar-plugin/2.6/maven-jar-plugin-2.6.jar (26 KB at 1088.4 KB/sec)
[INFO] Downloading: https://repo.maven.apache.org/maven2/org/apache/maven/plugins/maven-source-plugin/2.4/maven-source-plugin-2.4.pom
[INFO] Downloaded: https://repo.maven.apache.org/maven2/org/apache/maven/plugins/maven-source-plugin/2.4/maven-source-plugin-2.4.pom (7 KB at 405.5 KB/sec)
[INFO] Downloading: https://repo.maven.apache.org/maven2/org/apache/maven/plugins/maven-plugins/25/maven-plugins-25.pom
[INFO] Downloaded: https://repo.maven.apache.org/maven2/org/apache/maven/plugins/maven-plugins/25/maven-plugins-25.pom (10 KB at 621.8 KB/sec)
[INFO] Downloading: https://repo.maven.apache.org/maven2/org/apache/maven/maven-parent/24/maven-parent-24.pom
[INFO] Downloaded: https://repo.maven.apache.org/maven2/org/apache/maven/maven-parent/24/maven-parent-24.pom (37 KB at 1896.5 KB/sec)
[INFO] Downloading: https://repo.maven.apache.org/maven2/org/apache/apache/14/apache-14.pom
[INFO] Downloaded: https://repo.maven.apache.org/maven2/org/apache/apache/14/apache-14.pom (15 KB at 796.7 KB/sec)
[INFO] Downloading: https://repo.maven.apache.org/maven2/org/apache/maven/plugins/maven-source-plugin/2.4/maven-source-plugin-2.4.jar
[INFO] Downloaded: https://repo.maven.apache.org/maven2/org/apache/maven/plugins/maven-source-plugin/2.4/maven-source-plugin-2.4.jar (31 KB at 1461.4 KB/sec)
[INFO] Downloading: https://repo.maven.apache.org/maven2/org/apache/maven/plugins/maven-install-plugin/2.4/maven-install-plugin-2.4.pom
[INFO] Downloaded: https://repo.maven.apache.org/maven2/org/apache/maven/plugins/maven-install-plugin/2.4/maven-install-plugin-2.4.pom (7 KB at 445.1 KB/sec)
[INFO] Downloading: https://repo.maven.apache.org/maven2/org/apache/maven/plugins/maven-plugins/23/maven-plugins-23.pom
[INFO] Downloaded: https://repo.maven.apache.org/maven2/org/apache/maven/plugins/maven-plugins/23/maven-plugins-23.pom (9 KB at 641.6 KB/sec)
[INFO] Downloading: https://repo.maven.apache.org/maven2/org/apache/maven/plugins/maven-install-plugin/2.4/maven-install-plugin-2.4.jar
[INFO] Downloaded: https://repo.maven.apache.org/maven2/org/apache/maven/plugins/maven-install-plugin/2.4/maven-install-plugin-2.4.jar (27 KB at 907.6 KB/sec)
[INFO] 
[INFO] --- maven-enforcer-plugin:1.2:enforce (enforce-maven) @ twelvemonkeys ---
[INFO] Downloading: https://repo.maven.apache.org/maven2/org/apache/maven/maven-artifact/2.0.9/maven-artifact-2.0.9.pom
[INFO] Downloaded: https://repo.maven.apache.org/maven2/org/apache/maven/maven-artifact/2.0.9/maven-artifact-2.0.9.pom (2 KB at 121.6 KB/sec)
[INFO] Downloading: https://repo.maven.apache.org/maven2/org/apache/maven/maven/2.0.9/maven-2.0.9.pom
[INFO] Downloaded: https://repo.maven.apache.org/maven2/org/apache/maven/maven/2.0.9/maven-2.0.9.pom (19 KB at 1230.9 KB/sec)
[INFO] Downloading: https://repo.maven.apache.org/maven2/org/apache/maven/maven-parent/8/maven-parent-8.pom
[INFO] Downloaded: https://repo.maven.apache.org/maven2/org/apache/maven/maven-parent/8/maven-parent-8.pom (24 KB at 1122.3 KB/sec)
[INFO] Downloading: https://repo.maven.apache.org/maven2/org/apache/apache/4/apache-4.pom
[INFO] Downloaded: https://repo.maven.apache.org/maven2/org/apache/apache/4/apache-4.pom (5 KB at 258.2 KB/sec)
[INFO] Downloading: https://repo.maven.apache.org/maven2/org/codehaus/plexus/plexus-utils/1.5.8/plexus-utils-1.5.8.pom
[INFO] Downloaded: https://repo.maven.apache.org/maven2/org/codehaus/plexus/plexus-utils/1.5.8/plexus-utils-1.5.8.pom (8 KB at 463.2 KB/sec)
[INFO] Downloading: https://repo.maven.apache.org/maven2/org/codehaus/plexus/plexus/2.0.2/plexus-2.0.2.pom
[INFO] Downloaded: https://repo.maven.apache.org/maven2/org/codehaus/plexus/plexus/2.0.2/plexus-2.0.2.pom (12 KB at 666.9 KB/sec)
[INFO] Downloading: https://repo.maven.apache.org/maven2/org/apache/maven/maven-plugin-api/2.0.9/maven-plugin-api-2.0.9.pom
[INFO] Downloaded: https://repo.maven.apache.org/maven2/org/apache/maven/maven-plugin-api/2.0.9/maven-plugin-api-2.0.9.pom (2 KB at 97.3 KB/sec)
[INFO] Downloading: https://repo.maven.apache.org/maven2/org/apache/maven/maven-project/2.0.9/maven-project-2.0.9.pom
[INFO] Downloaded: https://repo.maven.apache.org/maven2/org/apache/maven/maven-project/2.0.9/maven-project-2.0.9.pom (3 KB at 176.4 KB/sec)
[INFO] Downloading: https://repo.maven.apache.org/maven2/org/apache/maven/maven-settings/2.0.9/maven-settings-2.0.9.pom
[INFO] Downloaded: https://repo.maven.apache.org/maven2/org/apache/maven/maven-settings/2.0.9/maven-settings-2.0.9.pom (3 KB at 143.6 KB/sec)
[INFO] Downloading: https://repo.maven.apache.org/maven2/org/apache/maven/maven-model/2.0.9/maven-model-2.0.9.pom
[INFO] Downloaded: https://repo.maven.apache.org/maven2/org/apache/maven/maven-model/2.0.9/maven-model-2.0.9.pom (4 KB at 191.7 KB/sec)
[INFO] Downloading: https://repo.maven.apache.org/maven2/org/codehaus/plexus/plexus-container-default/1.0-alpha-9-stable-1/plexus-container-default-1.0-alpha-9-stable-1.pom
[INFO] Downloaded: https://repo.maven.apache.org/maven2/org/codehaus/plexus/plexus-container-default/1.0-alpha-9-stable-1/plexus-container-default-1.0-alpha-9-stable-1.pom (4 KB at 241.0 KB/sec)
[INFO] Downloading: https://repo.maven.apache.org/maven2/org/codehaus/plexus/plexus-containers/1.0.3/plexus-containers-1.0.3.pom
[INFO] Downloaded: https://repo.maven.apache.org/maven2/org/codehaus/plexus/plexus-containers/1.0.3/plexus-containers-1.0.3.pom (492 B at 34.3 KB/sec)
[INFO] Downloading: https://repo.maven.apache.org/maven2/org/codehaus/plexus/plexus/1.0.4/plexus-1.0.4.pom
[INFO] Downloaded: https://repo.maven.apache.org/maven2/org/codehaus/plexus/plexus/1.0.4/plexus-1.0.4.pom (6 KB at 373.5 KB/sec)
[INFO] Downloading: https://repo.maven.apache.org/maven2/junit/junit/3.8.2/junit-3.8.2.pom
[INFO] Downloaded: https://repo.maven.apache.org/maven2/junit/junit/3.8.2/junit-3.8.2.pom (747 B at 52.1 KB/sec)
[INFO] Downloading: https://repo.maven.apache.org/maven2/classworlds/classworlds/1.1-alpha-2/classworlds-1.1-alpha-2.pom
[INFO] Downloaded: https://repo.maven.apache.org/maven2/classworlds/classworlds/1.1-alpha-2/classworlds-1.1-alpha-2.pom (4 KB at 203.6 KB/sec)
[INFO] Downloading: https://repo.maven.apache.org/maven2/org/apache/maven/maven-profile/2.0.9/maven-profile-2.0.9.pom
[INFO] Downloaded: https://repo.maven.apache.org/maven2/org/apache/maven/maven-profile/2.0.9/maven-profile-2.0.9.pom (3 KB at 133.5 KB/sec)
[INFO] Downloading: https://repo.maven.apache.org/maven2/org/apache/maven/maven-artifact-manager/2.0.9/maven-artifact-manager-2.0.9.pom
[INFO] Downloaded: https://repo.maven.apache.org/maven2/org/apache/maven/maven-artifact-manager/2.0.9/maven-artifact-manager-2.0.9.pom (3 KB at 188.3 KB/sec)
[INFO] Downloading: https://repo.maven.apache.org/maven2/org/apache/maven/maven-repository-metadata/2.0.9/maven-repository-metadata-2.0.9.pom
[INFO] Downloaded: https://repo.maven.apache.org/maven2/org/apache/maven/maven-repository-metadata/2.0.9/maven-repository-metadata-2.0.9.pom (2 KB at 123.8 KB/sec)
[INFO] Downloading: https://repo.maven.apache.org/maven2/org/apache/maven/maven-plugin-registry/2.0.9/maven-plugin-registry-2.0.9.pom
[INFO] Downloaded: https://repo.maven.apache.org/maven2/org/apache/maven/maven-plugin-registry/2.0.9/maven-plugin-registry-2.0.9.pom (2 KB at 128.3 KB/sec)
[INFO] Downloading: https://repo.maven.apache.org/maven2/org/apache/maven/maven-core/2.0.9/maven-core-2.0.9.pom
[INFO] Downloaded: https://repo.maven.apache.org/maven2/org/apache/maven/maven-core/2.0.9/maven-core-2.0.9.pom (8 KB at 475.2 KB/sec)
[INFO] Downloading: https://repo.maven.apache.org/maven2/org/apache/maven/maven-plugin-parameter-documenter/2.0.9/maven-plugin-parameter-documenter-2.0.9.pom
[INFO] Downloaded: https://repo.maven.apache.org/maven2/org/apache/maven/maven-plugin-parameter-documenter/2.0.9/maven-plugin-parameter-documenter-2.0.9.pom (2 KB at 119.9 KB/sec)
[INFO] Downloading: https://repo.maven.apache.org/maven2/org/apache/maven/reporting/maven-reporting-api/2.0.9/maven-reporting-api-2.0.9.pom
[INFO] Downloaded: https://repo.maven.apache.org/maven2/org/apache/maven/reporting/maven-reporting-api/2.0.9/maven-reporting-api-2.0.9.pom (2 KB at 117.3 KB/sec)
[INFO] Downloading: https://repo.maven.apache.org/maven2/org/apache/maven/reporting/maven-reporting/2.0.9/maven-reporting-2.0.9.pom
[INFO] Downloaded: https://repo.maven.apache.org/maven2/org/apache/maven/reporting/maven-reporting/2.0.9/maven-reporting-2.0.9.pom (2 KB at 96.1 KB/sec)
[INFO] Downloading: https://repo.maven.apache.org/maven2/org/apache/maven/doxia/doxia-sink-api/1.0-alpha-10/doxia-sink-api-1.0-alpha-10.pom
[INFO] Downloaded: https://repo.maven.apache.org/maven2/org/apache/maven/doxia/doxia-sink-api/1.0-alpha-10/doxia-sink-api-1.0-alpha-10.pom (2 KB at 87.7 KB/sec)
[INFO] Downloading: https://repo.maven.apache.org/maven2/org/apache/maven/doxia/doxia/1.0-alpha-10/doxia-1.0-alpha-10.pom
[INFO] Downloaded: https://repo.maven.apache.org/maven2/org/apache/maven/doxia/doxia/1.0-alpha-10/doxia-1.0-alpha-10.pom (9 KB at 526.2 KB/sec)
[INFO] Downloading: https://repo.maven.apache.org/maven2/org/apache/maven/maven-parent/6/maven-parent-6.pom
[INFO] Downloaded: https://repo.maven.apache.org/maven2/org/apache/maven/maven-parent/6/maven-parent-6.pom (20 KB at 978.8 KB/sec)
[INFO] Downloading: https://repo.maven.apache.org/maven2/org/apache/maven/maven-error-diagnostics/2.0.9/maven-error-diagnostics-2.0.9.pom
[INFO] Downloaded: https://repo.maven.apache.org/maven2/org/apache/maven/maven-error-diagnostics/2.0.9/maven-error-diagnostics-2.0.9.pom (2 KB at 113.5 KB/sec)
[INFO] Downloading: https://repo.maven.apache.org/maven2/commons-cli/commons-cli/1.0/commons-cli-1.0.pom
[INFO] Downloaded: https://repo.maven.apache.org/maven2/commons-cli/commons-cli/1.0/commons-cli-1.0.pom (3 KB at 137.0 KB/sec)
[INFO] Downloading: https://repo.maven.apache.org/maven2/org/apache/maven/maven-plugin-descriptor/2.0.9/maven-plugin-descriptor-2.0.9.pom
[INFO] Downloaded: https://repo.maven.apache.org/maven2/org/apache/maven/maven-plugin-descriptor/2.0.9/maven-plugin-descriptor-2.0.9.pom (3 KB at 135.1 KB/sec)
[INFO] Downloading: https://repo.maven.apache.org/maven2/org/codehaus/plexus/plexus-interactivity-api/1.0-alpha-4/plexus-interactivity-api-1.0-alpha-4.pom
[INFO] Downloaded: https://repo.maven.apache.org/maven2/org/codehaus/plexus/plexus-interactivity-api/1.0-alpha-4/plexus-interactivity-api-1.0-alpha-4.pom (7 KB at 407.3 KB/sec)
[INFO] Downloading: https://repo.maven.apache.org/maven2/org/apache/maven/maven-monitor/2.0.9/maven-monitor-2.0.9.pom
[INFO] Downloaded: https://repo.maven.apache.org/maven2/org/apache/maven/maven-monitor/2.0.9/maven-monitor-2.0.9.pom (2 KB at 83.7 KB/sec)
[INFO] Downloading: https://repo.maven.apache.org/maven2/classworlds/classworlds/1.1/classworlds-1.1.pom
[INFO] Downloaded: https://repo.maven.apache.org/maven2/classworlds/classworlds/1.1/classworlds-1.1.pom (4 KB at 216.4 KB/sec)
[INFO] Downloading: https://repo.maven.apache.org/maven2/commons-lang/commons-lang/2.3/commons-lang-2.3.pom
[INFO] Downloaded: https://repo.maven.apache.org/maven2/commons-lang/commons-lang/2.3/commons-lang-2.3.pom (11 KB at 603.0 KB/sec)
[INFO] Downloading: https://repo.maven.apache.org/maven2/org/apache/maven/enforcer/enforcer-api/1.2/enforcer-api-1.2.pom
[INFO] Downloaded: https://repo.maven.apache.org/maven2/org/apache/maven/enforcer/enforcer-api/1.2/enforcer-api-1.2.pom (3 KB at 164.2 KB/sec)
[INFO] Downloading: https://repo.maven.apache.org/maven2/org/codehaus/plexus/plexus-container-default/1.0-alpha-9/plexus-container-default-1.0-alpha-9.pom
[INFO] Downloaded: https://repo.maven.apache.org/maven2/org/codehaus/plexus/plexus-container-default/1.0-alpha-9/plexus-container-default-1.0-alpha-9.pom (2 KB at 80.5 KB/sec)
[INFO] Downloading: https://repo.maven.apache.org/maven2/org/apache/maven/enforcer/enforcer-rules/1.2/enforcer-rules-1.2.pom
[INFO] Downloaded: https://repo.maven.apache.org/maven2/org/apache/maven/enforcer/enforcer-rules/1.2/enforcer-rules-1.2.pom (4 KB at 240.3 KB/sec)
[INFO] Downloading: https://repo.maven.apache.org/maven2/org/apache/maven/shared/maven-common-artifact-filters/1.2/maven-common-artifact-filters-1.2.pom
[INFO] Downloaded: https://repo.maven.apache.org/maven2/org/apache/maven/shared/maven-common-artifact-filters/1.2/maven-common-artifact-filters-1.2.pom (5 KB at 245.3 KB/sec)
[INFO] Downloading: https://repo.maven.apache.org/maven2/org/apache/maven/shared/maven-shared-components/11/maven-shared-components-11.pom
[INFO] Downloaded: https://repo.maven.apache.org/maven2/org/apache/maven/shared/maven-shared-components/11/maven-shared-components-11.pom (9 KB at 509.1 KB/sec)
[INFO] Downloading: https://repo.maven.apache.org/maven2/org/apache/maven/maven-parent/11/maven-parent-11.pom
[INFO] Downloaded: https://repo.maven.apache.org/maven2/org/apache/maven/maven-parent/11/maven-parent-11.pom (32 KB at 1665.8 KB/sec)
[INFO] Downloading: https://repo.maven.apache.org/maven2/org/apache/apache/5/apache-5.pom
[INFO] Downloaded: https://repo.maven.apache.org/maven2/org/apache/apache/5/apache-5.pom (5 KB at 266.7 KB/sec)
[INFO] Downloading: https://repo.maven.apache.org/maven2/org/apache/maven/maven-model/2.0.8/maven-model-2.0.8.pom
[INFO] Downloaded: https://repo.maven.apache.org/maven2/org/apache/maven/maven-model/2.0.8/maven-model-2.0.8.pom (4 KB at 204.4 KB/sec)
[INFO] Downloading: https://repo.maven.apache.org/maven2/org/apache/maven/maven/2.0.8/maven-2.0.8.pom
[INFO] Downloaded: https://repo.maven.apache.org/maven2/org/apache/maven/maven/2.0.8/maven-2.0.8.pom (12 KB at 621.7 KB/sec)
[INFO] Downloading: https://repo.maven.apache.org/maven2/org/apache/maven/shared/maven-plugin-testing-harness/1.1/maven-plugin-testing-harness-1.1.pom
[INFO] Downloaded: https://repo.maven.apache.org/maven2/org/apache/maven/shared/maven-plugin-testing-harness/1.1/maven-plugin-testing-harness-1.1.pom (7 KB at 386.7 KB/sec)
[INFO] Downloading: https://repo.maven.apache.org/maven2/org/apache/maven/shared/maven-shared-components/7/maven-shared-components-7.pom
[INFO] Downloaded: https://repo.maven.apache.org/maven2/org/apache/maven/shared/maven-shared-components/7/maven-shared-components-7.pom (3 KB at 181.3 KB/sec)
[INFO] Downloading: https://repo.maven.apache.org/maven2/org/apache/maven/maven-parent/5/maven-parent-5.pom
[INFO] Downloaded: https://repo.maven.apache.org/maven2/org/apache/maven/maven-parent/5/maven-parent-5.pom (15 KB at 826.7 KB/sec)
[INFO] Downloading: https://repo.maven.apache.org/maven2/org/apache/apache/3/apache-3.pom
[INFO] Downloaded: https://repo.maven.apache.org/maven2/org/apache/apache/3/apache-3.pom (4 KB at 223.3 KB/sec)
[INFO] Downloading: https://repo.maven.apache.org/maven2/org/codehaus/plexus/plexus-archiver/1.0-alpha-7/plexus-archiver-1.0-alpha-7.pom
[INFO] Downloaded: https://repo.maven.apache.org/maven2/org/codehaus/plexus/plexus-archiver/1.0-alpha-7/plexus-archiver-1.0-alpha-7.pom (2 KB at 67.9 KB/sec)
[INFO] Downloading: https://repo.maven.apache.org/maven2/org/codehaus/plexus/plexus-components/1.1.6/plexus-components-1.1.6.pom
[INFO] Downloaded: https://repo.maven.apache.org/maven2/org/codehaus/plexus/plexus-components/1.1.6/plexus-components-1.1.6.pom (2 KB at 115.2 KB/sec)
[INFO] Downloading: https://repo.maven.apache.org/maven2/org/codehaus/plexus/plexus/1.0.8/plexus-1.0.8.pom
[INFO] Downloaded: https://repo.maven.apache.org/maven2/org/codehaus/plexus/plexus/1.0.8/plexus-1.0.8.pom (8 KB at 441.3 KB/sec)
[INFO] Downloading: https://repo.maven.apache.org/maven2/org/codehaus/plexus/plexus-container-default/1.0-alpha-8/plexus-container-default-1.0-alpha-8.pom
[INFO] Downloaded: https://repo.maven.apache.org/maven2/org/codehaus/plexus/plexus-container-default/1.0-alpha-8/plexus-container-default-1.0-alpha-8.pom (8 KB at 417.2 KB/sec)
[INFO] Downloading: https://repo.maven.apache.org/maven2/org/beanshell/bsh/2.0b4/bsh-2.0b4.pom
[INFO] Downloaded: https://repo.maven.apache.org/maven2/org/beanshell/bsh/2.0b4/bsh-2.0b4.pom (2 KB at 72.9 KB/sec)
[INFO] Downloading: https://repo.maven.apache.org/maven2/org/beanshell/beanshell/2.0b4/beanshell-2.0b4.pom
[INFO] Downloaded: https://repo.maven.apache.org/maven2/org/beanshell/beanshell/2.0b4/beanshell-2.0b4.pom (2 KB at 98.5 KB/sec)
[INFO] Downloading: https://repo.maven.apache.org/maven2/org/apache/maven/shared/maven-dependency-tree/2.0/maven-dependency-tree-2.0.pom
[INFO] Downloaded: https://repo.maven.apache.org/maven2/org/apache/maven/shared/maven-dependency-tree/2.0/maven-dependency-tree-2.0.pom (5 KB at 285.2 KB/sec)
[INFO] Downloading: https://repo.maven.apache.org/maven2/org/apache/maven/shared/maven-shared-components/17/maven-shared-components-17.pom
[INFO] Downloaded: https://repo.maven.apache.org/maven2/org/apache/maven/shared/maven-shared-components/17/maven-shared-components-17.pom (9 KB at 531.1 KB/sec)
[INFO] Downloading: https://repo.maven.apache.org/maven2/org/apache/maven/maven-parent/21/maven-parent-21.pom
[INFO] Downloaded: https://repo.maven.apache.org/maven2/org/apache/maven/maven-parent/21/maven-parent-21.pom (26 KB at 1608.8 KB/sec)
[INFO] Downloading: https://repo.maven.apache.org/maven2/org/apache/apache/10/apache-10.pom
[INFO] Downloaded: https://repo.maven.apache.org/maven2/org/apache/apache/10/apache-10.pom (15 KB at 903.3 KB/sec)
[INFO] Downloading: https://repo.maven.apache.org/maven2/org/codehaus/plexus/plexus-component-annotations/1.5.5/plexus-component-annotations-1.5.5.pom
[INFO] Downloaded: https://repo.maven.apache.org/maven2/org/codehaus/plexus/plexus-component-annotations/1.5.5/plexus-component-annotations-1.5.5.pom (815 B at 53.1 KB/sec)
[INFO] Downloading: https://repo.maven.apache.org/maven2/org/codehaus/plexus/plexus-containers/1.5.5/plexus-containers-1.5.5.pom
[INFO] Downloaded: https://repo.maven.apache.org/maven2/org/codehaus/plexus/plexus-containers/1.5.5/plexus-containers-1.5.5.pom (5 KB at 295.8 KB/sec)
[INFO] Downloading: https://repo.maven.apache.org/maven2/org/codehaus/plexus/plexus/2.0.7/plexus-2.0.7.pom
[INFO] Downloaded: https://repo.maven.apache.org/maven2/org/codehaus/plexus/plexus/2.0.7/plexus-2.0.7.pom (17 KB at 1126.0 KB/sec)
[INFO] Downloading: https://repo.maven.apache.org/maven2/org/codehaus/plexus/plexus-i18n/1.0-beta-6/plexus-i18n-1.0-beta-6.pom
[INFO] Downloaded: https://repo.maven.apache.org/maven2/org/codehaus/plexus/plexus-i18n/1.0-beta-6/plexus-i18n-1.0-beta-6.pom (771 B at 47.1 KB/sec)
[INFO] Downloading: https://repo.maven.apache.org/maven2/org/codehaus/plexus/plexus-components/1.1.4/plexus-components-1.1.4.pom
[INFO] Downloaded: https://repo.maven.apache.org/maven2/org/codehaus/plexus/plexus-components/1.1.4/plexus-components-1.1.4.pom (3 KB at 134.8 KB/sec)
[INFO] Downloading: https://repo.maven.apache.org/maven2/org/apache/maven/reporting/maven-reporting-api/2.0.9/maven-reporting-api-2.0.9.jar
[INFO] Downloading: https://repo.maven.apache.org/maven2/org/apache/maven/doxia/doxia-sink-api/1.0-alpha-10/doxia-sink-api-1.0-alpha-10.jar
[INFO] Downloading: https://repo.maven.apache.org/maven2/commons-cli/commons-cli/1.0/commons-cli-1.0.jar
[INFO] Downloading: https://repo.maven.apache.org/maven2/org/codehaus/plexus/plexus-interactivity-api/1.0-alpha-4/plexus-interactivity-api-1.0-alpha-4.jar
[INFO] Downloading: https://repo.maven.apache.org/maven2/org/codehaus/plexus/plexus-utils/1.5.8/plexus-utils-1.5.8.jar
[INFO] Downloaded: https://repo.maven.apache.org/maven2/org/apache/maven/reporting/maven-reporting-api/2.0.9/maven-reporting-api-2.0.9.jar (10 KB at 380.7 KB/sec)
[INFO] Downloading: https://repo.maven.apache.org/maven2/commons-lang/commons-lang/2.3/commons-lang-2.3.jar
[INFO] Downloaded: https://repo.maven.apache.org/maven2/commons-cli/commons-cli/1.0/commons-cli-1.0.jar (30 KB at 600.2 KB/sec)
[INFO] Downloading: https://repo.maven.apache.org/maven2/org/apache/maven/enforcer/enforcer-api/1.2/enforcer-api-1.2.jar
[INFO] Downloaded: https://repo.maven.apache.org/maven2/org/codehaus/plexus/plexus-interactivity-api/1.0-alpha-4/plexus-interactivity-api-1.0-alpha-4.jar (14 KB at 256.7 KB/sec)
[INFO] Downloading: https://repo.maven.apache.org/maven2/org/apache/maven/enforcer/enforcer-rules/1.2/enforcer-rules-1.2.jar
[INFO] Downloaded: https://repo.maven.apache.org/maven2/org/apache/maven/doxia/doxia-sink-api/1.0-alpha-10/doxia-sink-api-1.0-alpha-10.jar (10 KB at 153.6 KB/sec)
[INFO] Downloading: https://repo.maven.apache.org/maven2/org/apache/maven/shared/maven-common-artifact-filters/1.2/maven-common-artifact-filters-1.2.jar
[INFO] Downloaded: https://repo.maven.apache.org/maven2/commons-lang/commons-lang/2.3/commons-lang-2.3.jar (240 KB at 3863.3 KB/sec)
[INFO] Downloading: https://repo.maven.apache.org/maven2/org/beanshell/bsh/2.0b4/bsh-2.0b4.jar
[INFO] Downloaded: https://repo.maven.apache.org/maven2/org/apache/maven/enforcer/enforcer-api/1.2/enforcer-api-1.2.jar (10 KB at 148.9 KB/sec)
[INFO] Downloading: https://repo.maven.apache.org/maven2/org/apache/maven/shared/maven-dependency-tree/2.0/maven-dependency-tree-2.0.jar
[INFO] Downloaded: https://repo.maven.apache.org/maven2/org/apache/maven/enforcer/enforcer-rules/1.2/enforcer-rules-1.2.jar (75 KB at 1020.3 KB/sec)
[INFO] Downloading: https://repo.maven.apache.org/maven2/org/codehaus/plexus/plexus-component-annotations/1.5.5/plexus-component-annotations-1.5.5.jar
[INFO] Downloaded: https://repo.maven.apache.org/maven2/org/apache/maven/shared/maven-common-artifact-filters/1.2/maven-common-artifact-filters-1.2.jar (31 KB at 376.3 KB/sec)
[INFO] Downloading: https://repo.maven.apache.org/maven2/org/codehaus/plexus/plexus-i18n/1.0-beta-6/plexus-i18n-1.0-beta-6.jar
[INFO] Downloaded: https://repo.maven.apache.org/maven2/org/codehaus/plexus/plexus-component-annotations/1.5.5/plexus-component-annotations-1.5.5.jar (5 KB at 47.3 KB/sec)
[INFO] Downloaded: https://repo.maven.apache.org/maven2/org/beanshell/bsh/2.0b4/bsh-2.0b4.jar (276 KB at 3023.0 KB/sec)
[INFO] Downloaded: https://repo.maven.apache.org/maven2/org/codehaus/plexus/plexus-utils/1.5.8/plexus-utils-1.5.8.jar (262 KB at 2724.7 KB/sec)
[INFO] Downloaded: https://repo.maven.apache.org/maven2/org/codehaus/plexus/plexus-i18n/1.0-beta-6/plexus-i18n-1.0-beta-6.jar (12 KB at 120.9 KB/sec)
[INFO] Downloaded: https://repo.maven.apache.org/maven2/org/apache/maven/shared/maven-dependency-tree/2.0/maven-dependency-tree-2.0.jar (55 KB at 558.4 KB/sec)
[INFO] 
[INFO] --- maven-jar-plugin:2.6:test-jar (attach-tests) @ twelvemonkeys ---
[INFO] Downloading: https://repo.maven.apache.org/maven2/org/apache/maven/maven-plugin-api/2.2.1/maven-plugin-api-2.2.1.pom
[INFO] Downloaded: https://repo.maven.apache.org/maven2/org/apache/maven/maven-plugin-api/2.2.1/maven-plugin-api-2.2.1.pom (2 KB at 95.0 KB/sec)
[INFO] Downloading: https://repo.maven.apache.org/maven2/org/apache/maven/maven/2.2.1/maven-2.2.1.pom
[INFO] Downloaded: https://repo.maven.apache.org/maven2/org/apache/maven/maven/2.2.1/maven-2.2.1.pom (22 KB at 1367.7 KB/sec)
[INFO] Downloading: https://repo.maven.apache.org/maven2/org/apache/maven/maven-core/2.2.1/maven-core-2.2.1.pom
[INFO] Downloaded: https://repo.maven.apache.org/maven2/org/apache/maven/maven-core/2.2.1/maven-core-2.2.1.pom (12 KB at 873.9 KB/sec)
[INFO] Downloading: https://repo.maven.apache.org/maven2/org/apache/maven/maven-settings/2.2.1/maven-settings-2.2.1.pom
[INFO] Downloaded: https://repo.maven.apache.org/maven2/org/apache/maven/maven-settings/2.2.1/maven-settings-2.2.1.pom (3 KB at 152.0 KB/sec)
[INFO] Downloading: https://repo.maven.apache.org/maven2/org/apache/maven/maven-model/2.2.1/maven-model-2.2.1.pom
[INFO] Downloaded: https://repo.maven.apache.org/maven2/org/apache/maven/maven-model/2.2.1/maven-model-2.2.1.pom (4 KB at 210.9 KB/sec)
[INFO] Downloading: https://repo.maven.apache.org/maven2/org/codehaus/plexus/plexus-utils/1.5.15/plexus-utils-1.5.15.pom
[INFO] Downloaded: https://repo.maven.apache.org/maven2/org/codehaus/plexus/plexus-utils/1.5.15/plexus-utils-1.5.15.pom (7 KB at 514.5 KB/sec)
[INFO] Downloading: https://repo.maven.apache.org/maven2/org/codehaus/plexus/plexus-interpolation/1.11/plexus-interpolation-1.11.pom
[INFO] Downloaded: https://repo.maven.apache.org/maven2/org/codehaus/plexus/plexus-interpolation/1.11/plexus-interpolation-1.11.pom (889 B at 66.8 KB/sec)
[INFO] Downloading: https://repo.maven.apache.org/maven2/org/codehaus/plexus/plexus-components/1.1.14/plexus-components-1.1.14.pom
[INFO] Downloaded: https://repo.maven.apache.org/maven2/org/codehaus/plexus/plexus-components/1.1.14/plexus-components-1.1.14.pom (6 KB at 438.9 KB/sec)
[INFO] Downloading: https://repo.maven.apache.org/maven2/junit/junit/3.8.1/junit-3.8.1.pom
[INFO] Downloaded: https://repo.maven.apache.org/maven2/junit/junit/3.8.1/junit-3.8.1.pom (998 B at 75.0 KB/sec)
[INFO] Downloading: https://repo.maven.apache.org/maven2/org/codehaus/plexus/plexus-utils/1.0.4/plexus-utils-1.0.4.pom
[INFO] Downloaded: https://repo.maven.apache.org/maven2/org/codehaus/plexus/plexus-utils/1.0.4/plexus-utils-1.0.4.pom (7 KB at 418.5 KB/sec)
[INFO] Downloading: https://repo.maven.apache.org/maven2/org/apache/maven/maven-plugin-parameter-documenter/2.2.1/maven-plugin-parameter-documenter-2.2.1.pom
[INFO] Downloaded: https://repo.maven.apache.org/maven2/org/apache/maven/maven-plugin-parameter-documenter/2.2.1/maven-plugin-parameter-documenter-2.2.1.pom (2 KB at 147.0 KB/sec)
[INFO] Downloading: https://repo.maven.apache.org/maven2/org/slf4j/slf4j-jdk14/1.5.6/slf4j-jdk14-1.5.6.pom
[INFO] Downloaded: https://repo.maven.apache.org/maven2/org/slf4j/slf4j-jdk14/1.5.6/slf4j-jdk14-1.5.6.pom (2 KB at 154.5 KB/sec)
[INFO] Downloading: https://repo.maven.apache.org/maven2/org/slf4j/slf4j-parent/1.5.6/slf4j-parent-1.5.6.pom
[INFO] Downloaded: https://repo.maven.apache.org/maven2/org/slf4j/slf4j-parent/1.5.6/slf4j-parent-1.5.6.pom (8 KB at 644.5 KB/sec)
[INFO] Downloading: https://repo.maven.apache.org/maven2/org/slf4j/slf4j-api/1.5.6/slf4j-api-1.5.6.pom
[INFO] Downloaded: https://repo.maven.apache.org/maven2/org/slf4j/slf4j-api/1.5.6/slf4j-api-1.5.6.pom (3 KB at 242.8 KB/sec)
[INFO] Downloading: https://repo.maven.apache.org/maven2/org/slf4j/jcl-over-slf4j/1.5.6/jcl-over-slf4j-1.5.6.pom
[INFO] Downloaded: https://repo.maven.apache.org/maven2/org/slf4j/jcl-over-slf4j/1.5.6/jcl-over-slf4j-1.5.6.pom (3 KB at 176.5 KB/sec)
[INFO] Downloading: https://repo.maven.apache.org/maven2/org/apache/maven/reporting/maven-reporting-api/2.2.1/maven-reporting-api-2.2.1.pom
[INFO] Downloaded: https://repo.maven.apache.org/maven2/org/apache/maven/reporting/maven-reporting-api/2.2.1/maven-reporting-api-2.2.1.pom (2 KB at 150.7 KB/sec)
[INFO] Downloading: https://repo.maven.apache.org/maven2/org/apache/maven/reporting/maven-reporting/2.2.1/maven-reporting-2.2.1.pom
[INFO] Downloaded: https://repo.maven.apache.org/maven2/org/apache/maven/reporting/maven-reporting/2.2.1/maven-reporting-2.2.1.pom (2 KB at 117.4 KB/sec)
[INFO] Downloading: https://repo.maven.apache.org/maven2/org/apache/maven/doxia/doxia-sink-api/1.1/doxia-sink-api-1.1.pom
[INFO] Downloaded: https://repo.maven.apache.org/maven2/org/apache/maven/doxia/doxia-sink-api/1.1/doxia-sink-api-1.1.pom (2 KB at 165.9 KB/sec)
[INFO] Downloading: https://repo.maven.apache.org/maven2/org/apache/maven/doxia/doxia/1.1/doxia-1.1.pom
[INFO] Downloaded: https://repo.maven.apache.org/maven2/org/apache/maven/doxia/doxia/1.1/doxia-1.1.pom (15 KB at 1235.2 KB/sec)
[INFO] Downloading: https://repo.maven.apache.org/maven2/org/apache/maven/doxia/doxia-logging-api/1.1/doxia-logging-api-1.1.pom
[INFO] Downloaded: https://repo.maven.apache.org/maven2/org/apache/maven/doxia/doxia-logging-api/1.1/doxia-logging-api-1.1.pom (2 KB at 118.3 KB/sec)
[INFO] Downloading: https://repo.maven.apache.org/maven2/org/codehaus/plexus/plexus-container-default/1.0-alpha-30/plexus-container-default-1.0-alpha-30.pom
[INFO] Downloaded: https://repo.maven.apache.org/maven2/org/codehaus/plexus/plexus-container-default/1.0-alpha-30/plexus-container-default-1.0-alpha-30.pom (4 KB at 226.4 KB/sec)
[INFO] Downloading: https://repo.maven.apache.org/maven2/org/codehaus/plexus/plexus-containers/1.0-alpha-30/plexus-containers-1.0-alpha-30.pom
[INFO] Downloaded: https://repo.maven.apache.org/maven2/org/codehaus/plexus/plexus-containers/1.0-alpha-30/plexus-containers-1.0-alpha-30.pom (2 KB at 132.1 KB/sec)
[INFO] Downloading: https://repo.maven.apache.org/maven2/org/codehaus/plexus/plexus/1.0.11/plexus-1.0.11.pom
[INFO] Downloaded: https://repo.maven.apache.org/maven2/org/codehaus/plexus/plexus/1.0.11/plexus-1.0.11.pom (9 KB at 625.6 KB/sec)
[INFO] Downloading: https://repo.maven.apache.org/maven2/org/codehaus/plexus/plexus-utils/1.4.5/plexus-utils-1.4.5.pom
[INFO] Downloaded: https://repo.maven.apache.org/maven2/org/codehaus/plexus/plexus-utils/1.4.5/plexus-utils-1.4.5.pom (3 KB at 158.0 KB/sec)
[INFO] Downloading: https://repo.maven.apache.org/maven2/org/codehaus/plexus/plexus-classworlds/1.2-alpha-9/plexus-classworlds-1.2-alpha-9.pom
[INFO] Downloaded: https://repo.maven.apache.org/maven2/org/codehaus/plexus/plexus-classworlds/1.2-alpha-9/plexus-classworlds-1.2-alpha-9.pom (4 KB at 224.8 KB/sec)
[INFO] Downloading: https://repo.maven.apache.org/maven2/org/codehaus/plexus/plexus/1.0.10/plexus-1.0.10.pom
[INFO] Downloaded: https://repo.maven.apache.org/maven2/org/codehaus/plexus/plexus/1.0.10/plexus-1.0.10.pom (9 KB at 537.1 KB/sec)
[INFO] Downloading: https://repo.maven.apache.org/maven2/org/apache/maven/maven-profile/2.2.1/maven-profile-2.2.1.pom
[INFO] Downloaded: https://repo.maven.apache.org/maven2/org/apache/maven/maven-profile/2.2.1/maven-profile-2.2.1.pom (3 KB at 151.4 KB/sec)
[INFO] Downloading: https://repo.maven.apache.org/maven2/org/apache/maven/maven-artifact/2.2.1/maven-artifact-2.2.1.pom
[INFO] Downloaded: https://repo.maven.apache.org/maven2/org/apache/maven/maven-artifact/2.2.1/maven-artifact-2.2.1.pom (2 KB at 102.9 KB/sec)
[INFO] Downloading: https://repo.maven.apache.org/maven2/org/apache/maven/maven-repository-metadata/2.2.1/maven-repository-metadata-2.2.1.pom
[INFO] Downloaded: https://repo.maven.apache.org/maven2/org/apache/maven/maven-repository-metadata/2.2.1/maven-repository-metadata-2.2.1.pom (2 KB at 140.5 KB/sec)
[INFO] Downloading: https://repo.maven.apache.org/maven2/org/apache/maven/maven-error-diagnostics/2.2.1/maven-error-diagnostics-2.2.1.pom
[INFO] Downloaded: https://repo.maven.apache.org/maven2/org/apache/maven/maven-error-diagnostics/2.2.1/maven-error-diagnostics-2.2.1.pom (2 KB at 111.2 KB/sec)
[INFO] Downloading: https://repo.maven.apache.org/maven2/org/apache/maven/maven-project/2.2.1/maven-project-2.2.1.pom
[INFO] Downloaded: https://repo.maven.apache.org/maven2/org/apache/maven/maven-project/2.2.1/maven-project-2.2.1.pom (3 KB at 193.4 KB/sec)
[INFO] Downloading: https://repo.maven.apache.org/maven2/org/apache/maven/maven-artifact-manager/2.2.1/maven-artifact-manager-2.2.1.pom
[INFO] Downloaded: https://repo.maven.apache.org/maven2/org/apache/maven/maven-artifact-manager/2.2.1/maven-artifact-manager-2.2.1.pom (4 KB at 233.1 KB/sec)
[INFO] Downloading: https://repo.maven.apache.org/maven2/backport-util-concurrent/backport-util-concurrent/3.1/backport-util-concurrent-3.1.pom
[INFO] Downloaded: https://repo.maven.apache.org/maven2/backport-util-concurrent/backport-util-concurrent/3.1/backport-util-concurrent-3.1.pom (880 B at 61.4 KB/sec)
[INFO] Downloading: https://repo.maven.apache.org/maven2/org/apache/maven/maven-plugin-registry/2.2.1/maven-plugin-registry-2.2.1.pom
[INFO] Downloaded: https://repo.maven.apache.org/maven2/org/apache/maven/maven-plugin-registry/2.2.1/maven-plugin-registry-2.2.1.pom (2 KB at 125.6 KB/sec)
[INFO] Downloading: https://repo.maven.apache.org/maven2/commons-cli/commons-cli/1.2/commons-cli-1.2.pom
[INFO] Downloaded: https://repo.maven.apache.org/maven2/commons-cli/commons-cli/1.2/commons-cli-1.2.pom (8 KB at 556.6 KB/sec)
[INFO] Downloading: https://repo.maven.apache.org/maven2/org/apache/commons/commons-parent/11/commons-parent-11.pom
[INFO] Downloaded: https://repo.maven.apache.org/maven2/org/apache/commons/commons-parent/11/commons-parent-11.pom (25 KB at 1719.4 KB/sec)
[INFO] Downloading: https://repo.maven.apache.org/maven2/org/apache/maven/maven-plugin-descriptor/2.2.1/maven-plugin-descriptor-2.2.1.pom
[INFO] Downloaded: https://repo.maven.apache.org/maven2/org/apache/maven/maven-plugin-descriptor/2.2.1/maven-plugin-descriptor-2.2.1.pom (3 KB at 155.0 KB/sec)
[INFO] Downloading: https://repo.maven.apache.org/maven2/org/apache/maven/maven-monitor/2.2.1/maven-monitor-2.2.1.pom
[INFO] Downloaded: https://repo.maven.apache.org/maven2/org/apache/maven/maven-monitor/2.2.1/maven-monitor-2.2.1.pom (2 KB at 94.4 KB/sec)
[INFO] Downloading: https://repo.maven.apache.org/maven2/org/sonatype/plexus/plexus-sec-dispatcher/1.3/plexus-sec-dispatcher-1.3.pom
[INFO] Downloaded: https://repo.maven.apache.org/maven2/org/sonatype/plexus/plexus-sec-dispatcher/1.3/plexus-sec-dispatcher-1.3.pom (3 KB at 192.8 KB/sec)
[INFO] Downloading: https://repo.maven.apache.org/maven2/org/sonatype/spice/spice-parent/12/spice-parent-12.pom
[INFO] Downloaded: https://repo.maven.apache.org/maven2/org/sonatype/spice/spice-parent/12/spice-parent-12.pom (7 KB at 414.9 KB/sec)
[INFO] Downloading: https://repo.maven.apache.org/maven2/org/sonatype/forge/forge-parent/4/forge-parent-4.pom
[INFO] Downloaded: https://repo.maven.apache.org/maven2/org/sonatype/forge/forge-parent/4/forge-parent-4.pom (9 KB at 585.7 KB/sec)
[INFO] Downloading: https://repo.maven.apache.org/maven2/org/codehaus/plexus/plexus-utils/1.5.5/plexus-utils-1.5.5.pom
[INFO] Downloaded: https://repo.maven.apache.org/maven2/org/codehaus/plexus/plexus-utils/1.5.5/plexus-utils-1.5.5.pom (6 KB at 359.0 KB/sec)
[INFO] Downloading: https://repo.maven.apache.org/maven2/org/sonatype/plexus/plexus-cipher/1.4/plexus-cipher-1.4.pom
[INFO] Downloaded: https://repo.maven.apache.org/maven2/org/sonatype/plexus/plexus-cipher/1.4/plexus-cipher-1.4.pom (3 KB at 155.1 KB/sec)
[INFO] Downloading: https://repo.maven.apache.org/maven2/org/apache/maven/maven-archiver/2.6/maven-archiver-2.6.pom
[INFO] Downloaded: https://repo.maven.apache.org/maven2/org/apache/maven/maven-archiver/2.6/maven-archiver-2.6.pom (5 KB at 281.4 KB/sec)
[INFO] Downloading: https://repo.maven.apache.org/maven2/org/apache/maven/shared/maven-shared-components/20/maven-shared-components-20.pom
[INFO] Downloaded: https://repo.maven.apache.org/maven2/org/apache/maven/shared/maven-shared-components/20/maven-shared-components-20.pom (5 KB at 311.6 KB/sec)
[INFO] Downloading: https://repo.maven.apache.org/maven2/org/apache/maven/shared/maven-shared-utils/0.7/maven-shared-utils-0.7.pom
[INFO] Downloaded: https://repo.maven.apache.org/maven2/org/apache/maven/shared/maven-shared-utils/0.7/maven-shared-utils-0.7.pom (5 KB at 349.7 KB/sec)
[INFO] Downloading: https://repo.maven.apache.org/maven2/com/google/code/findbugs/jsr305/2.0.1/jsr305-2.0.1.pom
[INFO] Downloaded: https://repo.maven.apache.org/maven2/com/google/code/findbugs/jsr305/2.0.1/jsr305-2.0.1.pom (965 B at 72.5 KB/sec)
[INFO] Downloading: https://repo.maven.apache.org/maven2/org/codehaus/plexus/plexus-archiver/2.8.1/plexus-archiver-2.8.1.pom
[INFO] Downloaded: https://repo.maven.apache.org/maven2/org/codehaus/plexus/plexus-archiver/2.8.1/plexus-archiver-2.8.1.pom (5 KB at 268.1 KB/sec)
[INFO] Downloading: https://repo.maven.apache.org/maven2/org/codehaus/plexus/plexus-components/1.3/plexus-components-1.3.pom
[INFO] Downloaded: https://repo.maven.apache.org/maven2/org/codehaus/plexus/plexus-components/1.3/plexus-components-1.3.pom (3 KB at 199.1 KB/sec)
[INFO] Downloading: https://repo.maven.apache.org/maven2/org/codehaus/plexus/plexus/3.3/plexus-3.3.pom
[INFO] Downloaded: https://repo.maven.apache.org/maven2/org/codehaus/plexus/plexus/3.3/plexus-3.3.pom (20 KB at 1295.6 KB/sec)
[INFO] Downloading: https://repo.maven.apache.org/maven2/org/sonatype/spice/spice-parent/17/spice-parent-17.pom
[INFO] Downloaded: https://repo.maven.apache.org/maven2/org/sonatype/spice/spice-parent/17/spice-parent-17.pom (7 KB at 471.5 KB/sec)
[INFO] Downloading: https://repo.maven.apache.org/maven2/org/sonatype/forge/forge-parent/10/forge-parent-10.pom
[INFO] Downloaded: https://repo.maven.apache.org/maven2/org/sonatype/forge/forge-parent/10/forge-parent-10.pom (14 KB at 882.8 KB/sec)
[INFO] Downloading: https://repo.maven.apache.org/maven2/org/codehaus/plexus/plexus-utils/3.0.20/plexus-utils-3.0.20.pom
[INFO] Downloaded: https://repo.maven.apache.org/maven2/org/codehaus/plexus/plexus-utils/3.0.20/plexus-utils-3.0.20.pom (4 KB at 248.0 KB/sec)
[INFO] Downloading: https://repo.maven.apache.org/maven2/org/codehaus/plexus/plexus/3.3.1/plexus-3.3.1.pom
[INFO] Downloaded: https://repo.maven.apache.org/maven2/org/codehaus/plexus/plexus/3.3.1/plexus-3.3.1.pom (20 KB at 1426.2 KB/sec)
[INFO] Downloading: https://repo.maven.apache.org/maven2/org/codehaus/plexus/plexus-io/2.3.2/plexus-io-2.3.2.pom
[INFO] Downloaded: https://repo.maven.apache.org/maven2/org/codehaus/plexus/plexus-io/2.3.2/plexus-io-2.3.2.pom (3 KB at 184.9 KB/sec)
[INFO] Downloading: https://repo.maven.apache.org/maven2/org/codehaus/plexus/plexus-components/1.2/plexus-components-1.2.pom
[INFO] Downloaded: https://repo.maven.apache.org/maven2/org/codehaus/plexus/plexus-components/1.2/plexus-components-1.2.pom (3 KB at 229.7 KB/sec)
[INFO] Downloading: https://repo.maven.apache.org/maven2/org/codehaus/plexus/plexus/3.2/plexus-3.2.pom
[INFO] Downloaded: https://repo.maven.apache.org/maven2/org/codehaus/plexus/plexus/3.2/plexus-3.2.pom (19 KB at 1307.6 KB/sec)
[INFO] Downloading: https://repo.maven.apache.org/maven2/org/apache/commons/commons-compress/1.9/commons-compress-1.9.pom
[INFO] Downloaded: https://repo.maven.apache.org/maven2/org/apache/commons/commons-compress/1.9/commons-compress-1.9.pom (12 KB at 797.5 KB/sec)
[INFO] Downloading: https://repo.maven.apache.org/maven2/org/apache/commons/commons-parent/34/commons-parent-34.pom
[INFO] Downloaded: https://repo.maven.apache.org/maven2/org/apache/commons/commons-parent/34/commons-parent-34.pom (55 KB at 3035.1 KB/sec)
[INFO] Downloading: https://repo.maven.apache.org/maven2/org/apache/apache/13/apache-13.pom
[INFO] Downloaded: https://repo.maven.apache.org/maven2/org/apache/apache/13/apache-13.pom (14 KB at 1049.7 KB/sec)
[INFO] Downloading: https://repo.maven.apache.org/maven2/org/codehaus/plexus/plexus-interpolation/1.21/plexus-interpolation-1.21.pom
[INFO] Downloaded: https://repo.maven.apache.org/maven2/org/codehaus/plexus/plexus-interpolation/1.21/plexus-interpolation-1.21.pom (2 KB at 100.3 KB/sec)
[INFO] Downloading: https://repo.maven.apache.org/maven2/org/codehaus/plexus/plexus-components/1.3.1/plexus-components-1.3.1.pom
[INFO] Downloaded: https://repo.maven.apache.org/maven2/org/codehaus/plexus/plexus-components/1.3.1/plexus-components-1.3.1.pom (3 KB at 230.2 KB/sec)
[INFO] Downloading: https://repo.maven.apache.org/maven2/org/codehaus/plexus/plexus-archiver/2.9/plexus-archiver-2.9.pom
[INFO] Downloaded: https://repo.maven.apache.org/maven2/org/codehaus/plexus/plexus-archiver/2.9/plexus-archiver-2.9.pom (5 KB at 284.3 KB/sec)
[INFO] Downloading: https://repo.maven.apache.org/maven2/org/codehaus/plexus/plexus-io/2.4/plexus-io-2.4.pom
[INFO] Downloaded: https://repo.maven.apache.org/maven2/org/codehaus/plexus/plexus-io/2.4/plexus-io-2.4.pom (4 KB at 260.0 KB/sec)
[INFO] Downloading: https://repo.maven.apache.org/maven2/commons-io/commons-io/2.2/commons-io-2.2.pom
[INFO] Downloaded: https://repo.maven.apache.org/maven2/commons-io/commons-io/2.2/commons-io-2.2.pom (11 KB at 673.5 KB/sec)
[INFO] Downloading: https://repo.maven.apache.org/maven2/org/apache/commons/commons-parent/24/commons-parent-24.pom
[INFO] Downloaded: https://repo.maven.apache.org/maven2/org/apache/commons/commons-parent/24/commons-parent-24.pom (47 KB at 2429.3 KB/sec)
[INFO] Downloading: https://repo.maven.apache.org/maven2/org/apache/apache/9/apache-9.pom
[INFO] Downloaded: https://repo.maven.apache.org/maven2/org/apache/apache/9/apache-9.pom (15 KB at 870.9 KB/sec)
[INFO] Downloading: https://repo.maven.apache.org/maven2/org/slf4j/slf4j-jdk14/1.5.6/slf4j-jdk14-1.5.6.jar
[INFO] Downloading: https://repo.maven.apache.org/maven2/org/slf4j/slf4j-api/1.5.6/slf4j-api-1.5.6.jar
[INFO] Downloading: https://repo.maven.apache.org/maven2/org/slf4j/jcl-over-slf4j/1.5.6/jcl-over-slf4j-1.5.6.jar
[INFO] Downloading: https://repo.maven.apache.org/maven2/org/apache/maven/reporting/maven-reporting-api/2.2.1/maven-reporting-api-2.2.1.jar
[INFO] Downloading: https://repo.maven.apache.org/maven2/org/apache/maven/doxia/doxia-sink-api/1.1/doxia-sink-api-1.1.jar
[INFO] Downloaded: https://repo.maven.apache.org/maven2/org/slf4j/slf4j-api/1.5.6/slf4j-api-1.5.6.jar (22 KB at 1283.2 KB/sec)
[INFO] Downloading: https://repo.maven.apache.org/maven2/org/apache/maven/doxia/doxia-logging-api/1.1/doxia-logging-api-1.1.jar
[INFO] Downloaded: https://repo.maven.apache.org/maven2/org/slf4j/slf4j-jdk14/1.5.6/slf4j-jdk14-1.5.6.jar (9 KB at 453.1 KB/sec)
[INFO] Downloading: https://repo.maven.apache.org/maven2/junit/junit/3.8.1/junit-3.8.1.jar
[INFO] Downloaded: https://repo.maven.apache.org/maven2/org/slf4j/jcl-over-slf4j/1.5.6/jcl-over-slf4j-1.5.6.jar (17 KB at 859.5 KB/sec)
[INFO] Downloading: https://repo.maven.apache.org/maven2/commons-cli/commons-cli/1.2/commons-cli-1.2.jar
[INFO] Downloaded: https://repo.maven.apache.org/maven2/org/apache/maven/doxia/doxia-sink-api/1.1/doxia-sink-api-1.1.jar (13 KB at 658.7 KB/sec)
[INFO] Downloading: https://repo.maven.apache.org/maven2/backport-util-concurrent/backport-util-concurrent/3.1/backport-util-concurrent-3.1.jar
[INFO] Downloaded: https://repo.maven.apache.org/maven2/org/apache/maven/reporting/maven-reporting-api/2.2.1/maven-reporting-api-2.2.1.jar (10 KB at 329.6 KB/sec)
[INFO] Downloading: https://repo.maven.apache.org/maven2/org/sonatype/plexus/plexus-sec-dispatcher/1.3/plexus-sec-dispatcher-1.3.jar
[INFO] Downloaded: https://repo.maven.apache.org/maven2/org/apache/maven/doxia/doxia-logging-api/1.1/doxia-logging-api-1.1.jar (12 KB at 325.6 KB/sec)
[INFO] Downloading: https://repo.maven.apache.org/maven2/org/sonatype/plexus/plexus-cipher/1.4/plexus-cipher-1.4.jar
[INFO] Downloaded: https://repo.maven.apache.org/maven2/commons-cli/commons-cli/1.2/commons-cli-1.2.jar (41 KB at 1216.9 KB/sec)
[INFO] Downloading: https://repo.maven.apache.org/maven2/org/codehaus/plexus/plexus-interpolation/1.11/plexus-interpolation-1.11.jar
[INFO] Downloaded: https://repo.maven.apache.org/maven2/junit/junit/3.8.1/junit-3.8.1.jar (119 KB at 2515.6 KB/sec)
[INFO] Downloading: https://repo.maven.apache.org/maven2/org/apache/maven/maven-archiver/2.6/maven-archiver-2.6.jar
[INFO] Downloaded: https://repo.maven.apache.org/maven2/org/sonatype/plexus/plexus-cipher/1.4/plexus-cipher-1.4.jar (14 KB at 280.4 KB/sec)
[INFO] Downloading: https://repo.maven.apache.org/maven2/org/apache/maven/shared/maven-shared-utils/0.7/maven-shared-utils-0.7.jar
[INFO] Downloaded: https://repo.maven.apache.org/maven2/org/sonatype/plexus/plexus-sec-dispatcher/1.3/plexus-sec-dispatcher-1.3.jar (28 KB at 546.8 KB/sec)
[INFO] Downloading: https://repo.maven.apache.org/maven2/com/google/code/findbugs/jsr305/2.0.1/jsr305-2.0.1.jar
[INFO] Downloaded: https://repo.maven.apache.org/maven2/org/codehaus/plexus/plexus-interpolation/1.11/plexus-interpolation-1.11.jar (50 KB at 921.2 KB/sec)
[INFO] Downloading: https://repo.maven.apache.org/maven2/org/codehaus/plexus/plexus-utils/3.0.20/plexus-utils-3.0.20.jar
[INFO] Downloaded: https://repo.maven.apache.org/maven2/backport-util-concurrent/backport-util-concurrent/3.1/backport-util-concurrent-3.1.jar (324 KB at 5490.5 KB/sec)
[INFO] Downloading: https://repo.maven.apache.org/maven2/org/codehaus/plexus/plexus-archiver/2.9/plexus-archiver-2.9.jar
[INFO] Downloaded: https://repo.maven.apache.org/maven2/org/apache/maven/maven-archiver/2.6/maven-archiver-2.6.jar (23 KB at 361.2 KB/sec)
[INFO] Downloading: https://repo.maven.apache.org/maven2/org/codehaus/plexus/plexus-io/2.4/plexus-io-2.4.jar
[INFO] Downloaded: https://repo.maven.apache.org/maven2/com/google/code/findbugs/jsr305/2.0.1/jsr305-2.0.1.jar (32 KB at 471.5 KB/sec)
[INFO] Downloading: https://repo.maven.apache.org/maven2/commons-io/commons-io/2.2/commons-io-2.2.jar
[INFO] Downloaded: https://repo.maven.apache.org/maven2/org/apache/maven/shared/maven-shared-utils/0.7/maven-shared-utils-0.7.jar (167 KB at 2372.9 KB/sec)
[INFO] Downloading: https://repo.maven.apache.org/maven2/org/apache/commons/commons-compress/1.9/commons-compress-1.9.jar
[INFO] Downloaded: https://repo.maven.apache.org/maven2/org/codehaus/plexus/plexus-io/2.4/plexus-io-2.4.jar (80 KB at 987.8 KB/sec)
[INFO] Downloaded: https://repo.maven.apache.org/maven2/org/codehaus/plexus/plexus-utils/3.0.20/plexus-utils-3.0.20.jar (238 KB at 2895.5 KB/sec)
[INFO] Downloaded: https://repo.maven.apache.org/maven2/org/codehaus/plexus/plexus-archiver/2.9/plexus-archiver-2.9.jar (142 KB at 1731.3 KB/sec)
[INFO] Downloaded: https://repo.maven.apache.org/maven2/commons-io/commons-io/2.2/commons-io-2.2.jar (170 KB at 1904.7 KB/sec)
[INFO] Downloaded: https://repo.maven.apache.org/maven2/org/apache/commons/commons-compress/1.9/commons-compress-1.9.jar (370 KB at 3730.8 KB/sec)
[WARNING] JAR will be empty - no content was marked for inclusion!
[INFO] Building jar: /home/travis/build/passed/haraldk/TwelveMonkeys/target/twelvemonkeys-twelvemonkeys-3.3-SNAPSHOT-tests.jar
[INFO] 
[INFO] >>> maven-source-plugin:2.4:jar (attach-sources) > generate-sources @ twelvemonkeys >>>
[INFO] 
[INFO] --- maven-enforcer-plugin:1.2:enforce (enforce-maven) @ twelvemonkeys ---
[INFO] 
[INFO] <<< maven-source-plugin:2.4:jar (attach-sources) < generate-sources @ twelvemonkeys <<<
[INFO] 
[INFO] --- maven-source-plugin:2.4:jar (attach-sources) @ twelvemonkeys ---
[INFO] Downloading: https://repo.maven.apache.org/maven2/org/apache/maven/maven-archiver/2.5/maven-archiver-2.5.pom
[INFO] Downloaded: https://repo.maven.apache.org/maven2/org/apache/maven/maven-archiver/2.5/maven-archiver-2.5.pom (5 KB at 316.5 KB/sec)
[INFO] Downloading: https://repo.maven.apache.org/maven2/org/apache/maven/maven-artifact/2.0.6/maven-artifact-2.0.6.pom
[INFO] Downloaded: https://repo.maven.apache.org/maven2/org/apache/maven/maven-artifact/2.0.6/maven-artifact-2.0.6.pom (2 KB at 118.5 KB/sec)
[INFO] Downloading: https://repo.maven.apache.org/maven2/org/apache/maven/maven/2.0.6/maven-2.0.6.pom
[INFO] Downloaded: https://repo.maven.apache.org/maven2/org/apache/maven/maven/2.0.6/maven-2.0.6.pom (9 KB at 589.0 KB/sec)
[INFO] Downloading: https://repo.maven.apache.org/maven2/org/codehaus/plexus/plexus-utils/1.4.1/plexus-utils-1.4.1.pom
[INFO] Downloaded: https://repo.maven.apache.org/maven2/org/codehaus/plexus/plexus-utils/1.4.1/plexus-utils-1.4.1.pom (2 KB at 143.4 KB/sec)
[INFO] Downloading: https://repo.maven.apache.org/maven2/org/apache/maven/maven-model/2.0.6/maven-model-2.0.6.pom
[INFO] Downloaded: https://repo.maven.apache.org/maven2/org/apache/maven/maven-model/2.0.6/maven-model-2.0.6.pom (3 KB at 198.4 KB/sec)
[INFO] Downloading: https://repo.maven.apache.org/maven2/org/apache/maven/maven-core/2.0.6/maven-core-2.0.6.pom
[INFO] Downloaded: https://repo.maven.apache.org/maven2/org/apache/maven/maven-core/2.0.6/maven-core-2.0.6.pom (7 KB at 504.1 KB/sec)
[INFO] Downloading: https://repo.maven.apache.org/maven2/org/apache/maven/maven-settings/2.0.6/maven-settings-2.0.6.pom
[INFO] Downloaded: https://repo.maven.apache.org/maven2/org/apache/maven/maven-settings/2.0.6/maven-settings-2.0.6.pom (2 KB at 150.3 KB/sec)
[INFO] Downloading: https://repo.maven.apache.org/maven2/org/apache/maven/maven-plugin-parameter-documenter/2.0.6/maven-plugin-parameter-documenter-2.0.6.pom
[INFO] Downloaded: https://repo.maven.apache.org/maven2/org/apache/maven/maven-plugin-parameter-documenter/2.0.6/maven-plugin-parameter-documenter-2.0.6.pom (2 KB at 124.4 KB/sec)
[INFO] Downloading: https://repo.maven.apache.org/maven2/org/apache/maven/reporting/maven-reporting-api/2.0.6/maven-reporting-api-2.0.6.pom
[INFO] Downloaded: https://repo.maven.apache.org/maven2/org/apache/maven/reporting/maven-reporting-api/2.0.6/maven-reporting-api-2.0.6.pom (2 KB at 131.6 KB/sec)
[INFO] Downloading: https://repo.maven.apache.org/maven2/org/apache/maven/reporting/maven-reporting/2.0.6/maven-reporting-2.0.6.pom
[INFO] Downloaded: https://repo.maven.apache.org/maven2/org/apache/maven/reporting/maven-reporting/2.0.6/maven-reporting-2.0.6.pom (2 KB at 108.1 KB/sec)
[INFO] Downloading: https://repo.maven.apache.org/maven2/org/apache/maven/doxia/doxia-sink-api/1.0-alpha-7/doxia-sink-api-1.0-alpha-7.pom
[INFO] Downloaded: https://repo.maven.apache.org/maven2/org/apache/maven/doxia/doxia-sink-api/1.0-alpha-7/doxia-sink-api-1.0-alpha-7.pom (424 B at 27.6 KB/sec)
[INFO] Downloading: https://repo.maven.apache.org/maven2/org/apache/maven/doxia/doxia/1.0-alpha-7/doxia-1.0-alpha-7.pom
[INFO] Downloaded: https://repo.maven.apache.org/maven2/org/apache/maven/doxia/doxia/1.0-alpha-7/doxia-1.0-alpha-7.pom (4 KB at 272.9 KB/sec)
[INFO] Downloading: https://repo.maven.apache.org/maven2/org/apache/maven/maven-profile/2.0.6/maven-profile-2.0.6.pom
[INFO] Downloaded: https://repo.maven.apache.org/maven2/org/apache/maven/maven-profile/2.0.6/maven-profile-2.0.6.pom (2 KB at 128.9 KB/sec)
[INFO] Downloading: https://repo.maven.apache.org/maven2/org/apache/maven/maven-repository-metadata/2.0.6/maven-repository-metadata-2.0.6.pom
[INFO] Downloaded: https://repo.maven.apache.org/maven2/org/apache/maven/maven-repository-metadata/2.0.6/maven-repository-metadata-2.0.6.pom (2 KB at 120.4 KB/sec)
[INFO] Downloading: https://repo.maven.apache.org/maven2/org/apache/maven/maven-error-diagnostics/2.0.6/maven-error-diagnostics-2.0.6.pom
[INFO] Downloaded: https://repo.maven.apache.org/maven2/org/apache/maven/maven-error-diagnostics/2.0.6/maven-error-diagnostics-2.0.6.pom (2 KB at 118.9 KB/sec)
[INFO] Downloading: https://repo.maven.apache.org/maven2/org/apache/maven/maven-project/2.0.6/maven-project-2.0.6.pom
[INFO] Downloaded: https://repo.maven.apache.org/maven2/org/apache/maven/maven-project/2.0.6/maven-project-2.0.6.pom (3 KB at 171.7 KB/sec)
[INFO] Downloading: https://repo.maven.apache.org/maven2/org/apache/maven/maven-artifact-manager/2.0.6/maven-artifact-manager-2.0.6.pom
[INFO] Downloaded: https://repo.maven.apache.org/maven2/org/apache/maven/maven-artifact-manager/2.0.6/maven-artifact-manager-2.0.6.pom (3 KB at 170.7 KB/sec)
[INFO] Downloading: https://repo.maven.apache.org/maven2/org/apache/maven/maven-plugin-registry/2.0.6/maven-plugin-registry-2.0.6.pom
[INFO] Downloaded: https://repo.maven.apache.org/maven2/org/apache/maven/maven-plugin-registry/2.0.6/maven-plugin-registry-2.0.6.pom (2 KB at 135.7 KB/sec)
[INFO] Downloading: https://repo.maven.apache.org/maven2/org/apache/maven/maven-plugin-api/2.0.6/maven-plugin-api-2.0.6.pom
[INFO] Downloaded: https://repo.maven.apache.org/maven2/org/apache/maven/maven-plugin-api/2.0.6/maven-plugin-api-2.0.6.pom (2 KB at 88.8 KB/sec)
[INFO] Downloading: https://repo.maven.apache.org/maven2/org/apache/maven/maven-plugin-descriptor/2.0.6/maven-plugin-descriptor-2.0.6.pom
[INFO] Downloaded: https://repo.maven.apache.org/maven2/org/apache/maven/maven-plugin-descriptor/2.0.6/maven-plugin-descriptor-2.0.6.pom (2 KB at 131.4 KB/sec)
[INFO] Downloading: https://repo.maven.apache.org/maven2/org/apache/maven/maven-monitor/2.0.6/maven-monitor-2.0.6.pom
[INFO] Downloaded: https://repo.maven.apache.org/maven2/org/apache/maven/maven-monitor/2.0.6/maven-monitor-2.0.6.pom (2 KB at 87.5 KB/sec)
[INFO] Downloading: https://repo.maven.apache.org/maven2/org/codehaus/plexus/plexus-archiver/2.1/plexus-archiver-2.1.pom
[INFO] Downloaded: https://repo.maven.apache.org/maven2/org/codehaus/plexus/plexus-archiver/2.1/plexus-archiver-2.1.pom (3 KB at 195.9 KB/sec)
[INFO] Downloading: https://repo.maven.apache.org/maven2/org/codehaus/plexus/plexus-utils/3.0/plexus-utils-3.0.pom
[INFO] Downloaded: https://repo.maven.apache.org/maven2/org/codehaus/plexus/plexus-utils/3.0/plexus-utils-3.0.pom (4 KB at 283.7 KB/sec)
[INFO] Downloading: https://repo.maven.apache.org/maven2/org/sonatype/spice/spice-parent/16/spice-parent-16.pom
[INFO] Downloaded: https://repo.maven.apache.org/maven2/org/sonatype/spice/spice-parent/16/spice-parent-16.pom (9 KB at 583.0 KB/sec)
[INFO] Downloading: https://repo.maven.apache.org/maven2/org/sonatype/forge/forge-parent/5/forge-parent-5.pom
[INFO] Downloaded: https://repo.maven.apache.org/maven2/org/sonatype/forge/forge-parent/5/forge-parent-5.pom (9 KB at 583.4 KB/sec)
[INFO] Downloading: https://repo.maven.apache.org/maven2/org/codehaus/plexus/plexus-io/2.0.2/plexus-io-2.0.2.pom
[INFO] Downloaded: https://repo.maven.apache.org/maven2/org/codehaus/plexus/plexus-io/2.0.2/plexus-io-2.0.2.pom (2 KB at 130.2 KB/sec)
[INFO] Downloading: https://repo.maven.apache.org/maven2/org/codehaus/plexus/plexus-components/1.1.19/plexus-components-1.1.19.pom
[INFO] Downloaded: https://repo.maven.apache.org/maven2/org/codehaus/plexus/plexus-components/1.1.19/plexus-components-1.1.19.pom (3 KB at 202.7 KB/sec)
[INFO] Downloading: https://repo.maven.apache.org/maven2/org/codehaus/plexus/plexus/3.0.1/plexus-3.0.1.pom
[INFO] Downloaded: https://repo.maven.apache.org/maven2/org/codehaus/plexus/plexus/3.0.1/plexus-3.0.1.pom (19 KB at 1211.8 KB/sec)
[INFO] Downloading: https://repo.maven.apache.org/maven2/org/codehaus/plexus/plexus-interpolation/1.15/plexus-interpolation-1.15.pom
[INFO] Downloaded: https://repo.maven.apache.org/maven2/org/codehaus/plexus/plexus-interpolation/1.15/plexus-interpolation-1.15.pom (1018 B at 71.0 KB/sec)
[INFO] Downloading: https://repo.maven.apache.org/maven2/org/codehaus/plexus/plexus-archiver/2.6.3/plexus-archiver-2.6.3.pom
[INFO] Downloaded: https://repo.maven.apache.org/maven2/org/codehaus/plexus/plexus-archiver/2.6.3/plexus-archiver-2.6.3.pom (4 KB at 267.7 KB/sec)
[INFO] Downloading: https://repo.maven.apache.org/maven2/org/codehaus/plexus/plexus-utils/3.0.18/plexus-utils-3.0.18.pom
[INFO] Downloaded: https://repo.maven.apache.org/maven2/org/codehaus/plexus/plexus-utils/3.0.18/plexus-utils-3.0.18.pom (4 KB at 236.8 KB/sec)
[INFO] Downloading: https://repo.maven.apache.org/maven2/org/codehaus/plexus/plexus-io/2.1.3/plexus-io-2.1.3.pom
[INFO] Downloaded: https://repo.maven.apache.org/maven2/org/codehaus/plexus/plexus-io/2.1.3/plexus-io-2.1.3.pom (3 KB at 156.6 KB/sec)
[INFO] Downloading: https://repo.maven.apache.org/maven2/org/apache/commons/commons-compress/1.8.1/commons-compress-1.8.1.pom
[INFO] Downloaded: https://repo.maven.apache.org/maven2/org/apache/commons/commons-compress/1.8.1/commons-compress-1.8.1.pom (12 KB at 697.8 KB/sec)
[INFO] Downloading: https://repo.maven.apache.org/maven2/org/apache/commons/commons-parent/33/commons-parent-33.pom
[INFO] Downloaded: https://repo.maven.apache.org/maven2/org/apache/commons/commons-parent/33/commons-parent-33.pom (52 KB at 2880.2 KB/sec)
[INFO] Downloading: https://repo.maven.apache.org/maven2/org/apache/maven/maven-archiver/2.5/maven-archiver-2.5.jar
[INFO] Downloading: https://repo.maven.apache.org/maven2/org/apache/maven/reporting/maven-reporting-api/2.0.6/maven-reporting-api-2.0.6.jar
[INFO] Downloading: https://repo.maven.apache.org/maven2/org/apache/maven/doxia/doxia-sink-api/1.0-alpha-7/doxia-sink-api-1.0-alpha-7.jar
[INFO] Downloading: https://repo.maven.apache.org/maven2/org/codehaus/plexus/plexus-archiver/2.6.3/plexus-archiver-2.6.3.jar
[INFO] Downloading: https://repo.maven.apache.org/maven2/org/codehaus/plexus/plexus-io/2.1.3/plexus-io-2.1.3.jar
[INFO] Downloaded: https://repo.maven.apache.org/maven2/org/apache/maven/maven-archiver/2.5/maven-archiver-2.5.jar (22 KB at 1253.0 KB/sec)
[INFO] Downloading: https://repo.maven.apache.org/maven2/org/apache/commons/commons-compress/1.8.1/commons-compress-1.8.1.jar
[INFO] Downloaded: https://repo.maven.apache.org/maven2/org/codehaus/plexus/plexus-io/2.1.3/plexus-io-2.1.3.jar (65 KB at 3605.0 KB/sec)
[INFO] Downloading: https://repo.maven.apache.org/maven2/org/codehaus/plexus/plexus-utils/3.0.18/plexus-utils-3.0.18.jar
[INFO] Downloaded: https://repo.maven.apache.org/maven2/org/codehaus/plexus/plexus-archiver/2.6.3/plexus-archiver-2.6.3.jar (129 KB at 5577.0 KB/sec)
[INFO] Downloaded: https://repo.maven.apache.org/maven2/org/apache/maven/doxia/doxia-sink-api/1.0-alpha-7/doxia-sink-api-1.0-alpha-7.jar (6 KB at 223.0 KB/sec)
[INFO] Downloaded: https://repo.maven.apache.org/maven2/org/apache/maven/reporting/maven-reporting-api/2.0.6/maven-reporting-api-2.0.6.jar (10 KB at 359.6 KB/sec)
[INFO] Downloaded: https://repo.maven.apache.org/maven2/org/codehaus/plexus/plexus-utils/3.0.18/plexus-utils-3.0.18.jar (238 KB at 5518.7 KB/sec)
[INFO] Downloaded: https://repo.maven.apache.org/maven2/org/apache/commons/commons-compress/1.8.1/commons-compress-1.8.1.jar (357 KB at 7760.5 KB/sec)
[INFO] 
[INFO] >>> maven-source-plugin:2.4:test-jar (attach-sources) > generate-sources @ twelvemonkeys >>>
[INFO] 
[INFO] --- maven-enforcer-plugin:1.2:enforce (enforce-maven) @ twelvemonkeys ---
[INFO] 
[INFO] <<< maven-source-plugin:2.4:test-jar (attach-sources) < generate-sources @ twelvemonkeys <<<
[INFO] 
[INFO] --- maven-source-plugin:2.4:test-jar (attach-sources) @ twelvemonkeys ---
[INFO] 
[INFO] --- maven-install-plugin:2.4:install (default-install) @ twelvemonkeys ---
[INFO] Downloading: https://repo.maven.apache.org/maven2/org/codehaus/plexus/plexus-utils/3.0.5/plexus-utils-3.0.5.pom
[INFO] Downloaded: https://repo.maven.apache.org/maven2/org/codehaus/plexus/plexus-utils/3.0.5/plexus-utils-3.0.5.pom (3 KB at 175.2 KB/sec)
[INFO] Downloading: https://repo.maven.apache.org/maven2/org/codehaus/plexus/plexus/3.1/plexus-3.1.pom
[INFO] Downloaded: https://repo.maven.apache.org/maven2/org/codehaus/plexus/plexus/3.1/plexus-3.1.pom (19 KB at 1298.5 KB/sec)
[INFO] Downloading: https://repo.maven.apache.org/maven2/org/codehaus/plexus/plexus-digest/1.0/plexus-digest-1.0.pom
[INFO] Downloaded: https://repo.maven.apache.org/maven2/org/codehaus/plexus/plexus-digest/1.0/plexus-digest-1.0.pom (2 KB at 68.9 KB/sec)
[INFO] Downloading: https://repo.maven.apache.org/maven2/org/codehaus/plexus/plexus-components/1.1.7/plexus-components-1.1.7.pom
[INFO] Downloaded: https://repo.maven.apache.org/maven2/org/codehaus/plexus/plexus-components/1.1.7/plexus-components-1.1.7.pom (5 KB at 347.0 KB/sec)
[INFO] Downloading: https://repo.maven.apache.org/maven2/org/codehaus/plexus/plexus-utils/3.0.5/plexus-utils-3.0.5.jar
[INFO] Downloading: https://repo.maven.apache.org/maven2/org/codehaus/plexus/plexus-digest/1.0/plexus-digest-1.0.jar
[INFO] Downloaded: https://repo.maven.apache.org/maven2/org/codehaus/plexus/plexus-digest/1.0/plexus-digest-1.0.jar (12 KB at 723.8 KB/sec)
[INFO] Downloaded: https://repo.maven.apache.org/maven2/org/codehaus/plexus/plexus-utils/3.0.5/plexus-utils-3.0.5.jar (226 KB at 8655.6 KB/sec)
[INFO] Installing /home/travis/build/passed/haraldk/TwelveMonkeys/pom.xml to /home/travis/.m2/repository/com/twelvemonkeys/twelvemonkeys/3.3-SNAPSHOT/twelvemonkeys-3.3-SNAPSHOT.pom
[INFO] Installing /home/travis/build/passed/haraldk/TwelveMonkeys/target/twelvemonkeys-twelvemonkeys-3.3-SNAPSHOT-tests.jar to /home/travis/.m2/repository/com/twelvemonkeys/twelvemonkeys/3.3-SNAPSHOT/twelvemonkeys-3.3-SNAPSHOT-tests.jar
[INFO]                                                                         
[INFO] ------------------------------------------------------------------------
[INFO] Building TwelveMonkeys :: Common 3.3-SNAPSHOT
[INFO] ------------------------------------------------------------------------
[INFO] Downloading: http://insecure.repo1.maven.org/maven2/junit/junit/4.7/junit-4.7.pom
[INFO] Downloaded: http://insecure.repo1.maven.org/maven2/junit/junit/4.7/junit-4.7.pom (2 KB at 73.6 KB/sec)
[INFO] Downloading: http://insecure.repo1.maven.org/maven2/junit/junit/4.7/junit-4.7.jar
[INFO] Downloaded: http://insecure.repo1.maven.org/maven2/junit/junit/4.7/junit-4.7.jar (227 KB at 557.5 KB/sec)
[INFO] 
[INFO] --- maven-enforcer-plugin:1.2:enforce (enforce-maven) @ common ---
[INFO] 
[INFO] --- maven-jar-plugin:2.6:test-jar (attach-tests) @ common ---
[WARNING] JAR will be empty - no content was marked for inclusion!
[INFO] Building jar: /home/travis/build/passed/haraldk/TwelveMonkeys/common/target/twelvemonkeys-common-3.3-SNAPSHOT-tests.jar
[INFO] 
[INFO] >>> maven-source-plugin:2.4:jar (attach-sources) > generate-sources @ common >>>
[INFO] 
[INFO] --- maven-enforcer-plugin:1.2:enforce (enforce-maven) @ common ---
[INFO] 
[INFO] <<< maven-source-plugin:2.4:jar (attach-sources) < generate-sources @ common <<<
[INFO] 
[INFO] --- maven-source-plugin:2.4:jar (attach-sources) @ common ---
[INFO] 
[INFO] >>> maven-source-plugin:2.4:test-jar (attach-sources) > generate-sources @ common >>>
[INFO] 
[INFO] --- maven-enforcer-plugin:1.2:enforce (enforce-maven) @ common ---
[INFO] 
[INFO] <<< maven-source-plugin:2.4:test-jar (attach-sources) < generate-sources @ common <<<
[INFO] 
[INFO] --- maven-source-plugin:2.4:test-jar (attach-sources) @ common ---
[INFO] 
[INFO] --- maven-install-plugin:2.4:install (default-install) @ common ---
[INFO] Installing /home/travis/build/passed/haraldk/TwelveMonkeys/common/pom.xml to /home/travis/.m2/repository/com/twelvemonkeys/common/common/3.3-SNAPSHOT/common-3.3-SNAPSHOT.pom
[INFO] Installing /home/travis/build/passed/haraldk/TwelveMonkeys/common/target/twelvemonkeys-common-3.3-SNAPSHOT-tests.jar to /home/travis/.m2/repository/com/twelvemonkeys/common/common/3.3-SNAPSHOT/common-3.3-SNAPSHOT-tests.jar
[INFO]                                                                         
[INFO] ------------------------------------------------------------------------
[INFO] Building TwelveMonkeys :: Common :: Language support 3.3-SNAPSHOT
[INFO] ------------------------------------------------------------------------
[INFO] Downloading: https://repo.maven.apache.org/maven2/org/apache/maven/plugins/maven-resources-plugin/2.7/maven-resources-plugin-2.7.pom
[INFO] Downloaded: https://repo.maven.apache.org/maven2/org/apache/maven/plugins/maven-resources-plugin/2.7/maven-resources-plugin-2.7.pom (8 KB at 442.7 KB/sec)
[INFO] Downloading: https://repo.maven.apache.org/maven2/org/apache/maven/plugins/maven-resources-plugin/2.7/maven-resources-plugin-2.7.jar
[INFO] Downloaded: https://repo.maven.apache.org/maven2/org/apache/maven/plugins/maven-resources-plugin/2.7/maven-resources-plugin-2.7.jar (31 KB at 1181.7 KB/sec)
[INFO] Downloading: https://repo.maven.apache.org/maven2/org/apache/maven/plugins/maven-compiler-plugin/3.3/maven-compiler-plugin-3.3.pom
[INFO] Downloaded: https://repo.maven.apache.org/maven2/org/apache/maven/plugins/maven-compiler-plugin/3.3/maven-compiler-plugin-3.3.pom (12 KB at 789.8 KB/sec)
[INFO] Downloading: https://repo.maven.apache.org/maven2/org/apache/maven/plugins/maven-compiler-plugin/3.3/maven-compiler-plugin-3.3.jar
[INFO] Downloaded: https://repo.maven.apache.org/maven2/org/apache/maven/plugins/maven-compiler-plugin/3.3/maven-compiler-plugin-3.3.jar (46 KB at 2515.2 KB/sec)
[INFO] Downloading: https://repo.maven.apache.org/maven2/org/apache/maven/plugins/maven-surefire-plugin/2.18.1/maven-surefire-plugin-2.18.1.pom
[INFO] Downloaded: https://repo.maven.apache.org/maven2/org/apache/maven/plugins/maven-surefire-plugin/2.18.1/maven-surefire-plugin-2.18.1.pom (6 KB at 425.2 KB/sec)
[INFO] Downloading: https://repo.maven.apache.org/maven2/org/apache/maven/surefire/surefire/2.18.1/surefire-2.18.1.pom
[INFO] Downloaded: https://repo.maven.apache.org/maven2/org/apache/maven/surefire/surefire/2.18.1/surefire-2.18.1.pom (17 KB at 910.4 KB/sec)
[INFO] Downloading: https://repo.maven.apache.org/maven2/org/apache/maven/plugins/maven-surefire-plugin/2.18.1/maven-surefire-plugin-2.18.1.jar
[INFO] Downloaded: https://repo.maven.apache.org/maven2/org/apache/maven/plugins/maven-surefire-plugin/2.18.1/maven-surefire-plugin-2.18.1.jar (37 KB at 1506.1 KB/sec)
[INFO] 
[INFO] --- maven-enforcer-plugin:1.2:enforce (enforce-maven) @ common-lang ---
[INFO] 
[INFO] --- maven-resources-plugin:2.7:resources (default-resources) @ common-lang ---
[INFO] Downloading: https://repo.maven.apache.org/maven2/org/codehaus/plexus/plexus-utils/3.0.15/plexus-utils-3.0.15.pom
[INFO] Downloaded: https://repo.maven.apache.org/maven2/org/codehaus/plexus/plexus-utils/3.0.15/plexus-utils-3.0.15.pom (4 KB at 204.8 KB/sec)
[INFO] Downloading: https://repo.maven.apache.org/maven2/org/apache/maven/shared/maven-filtering/1.2/maven-filtering-1.2.pom
[INFO] Downloaded: https://repo.maven.apache.org/maven2/org/apache/maven/shared/maven-filtering/1.2/maven-filtering-1.2.pom (7 KB at 423.8 KB/sec)
[INFO] Downloading: https://repo.maven.apache.org/maven2/org/apache/maven/shared/maven-shared-components/19/maven-shared-components-19.pom
[INFO] Downloaded: https://repo.maven.apache.org/maven2/org/apache/maven/shared/maven-shared-components/19/maven-shared-components-19.pom (7 KB at 517.5 KB/sec)
[INFO] Downloading: https://repo.maven.apache.org/maven2/org/apache/maven/maven-parent/23/maven-parent-23.pom
[INFO] Downloaded: https://repo.maven.apache.org/maven2/org/apache/maven/maven-parent/23/maven-parent-23.pom (32 KB at 2121.5 KB/sec)
[INFO] Downloading: https://repo.maven.apache.org/maven2/org/apache/maven/shared/maven-shared-utils/0.3/maven-shared-utils-0.3.pom
[INFO] Downloaded: https://repo.maven.apache.org/maven2/org/apache/maven/shared/maven-shared-utils/0.3/maven-shared-utils-0.3.pom (4 KB at 263.5 KB/sec)
[INFO] Downloading: https://repo.maven.apache.org/maven2/org/apache/maven/shared/maven-shared-components/18/maven-shared-components-18.pom
[INFO] Downloaded: https://repo.maven.apache.org/maven2/org/apache/maven/shared/maven-shared-components/18/maven-shared-components-18.pom (5 KB at 344.2 KB/sec)
[INFO] Downloading: https://repo.maven.apache.org/maven2/org/codehaus/plexus/plexus-interpolation/1.12/plexus-interpolation-1.12.pom
[INFO] Downloaded: https://repo.maven.apache.org/maven2/org/codehaus/plexus/plexus-interpolation/1.12/plexus-interpolation-1.12.pom (889 B at 62.0 KB/sec)
[INFO] Downloading: https://repo.maven.apache.org/maven2/org/sonatype/plexus/plexus-build-api/0.0.4/plexus-build-api-0.0.4.pom
[INFO] Downloaded: https://repo.maven.apache.org/maven2/org/sonatype/plexus/plexus-build-api/0.0.4/plexus-build-api-0.0.4.pom (3 KB at 199.7 KB/sec)
[INFO] Downloading: https://repo.maven.apache.org/maven2/org/sonatype/spice/spice-parent/10/spice-parent-10.pom
[INFO] Downloaded: https://repo.maven.apache.org/maven2/org/sonatype/spice/spice-parent/10/spice-parent-10.pom (3 KB at 245.4 KB/sec)
[INFO] Downloading: https://repo.maven.apache.org/maven2/org/sonatype/forge/forge-parent/3/forge-parent-3.pom
[INFO] Downloaded: https://repo.maven.apache.org/maven2/org/sonatype/forge/forge-parent/3/forge-parent-3.pom (5 KB at 273.1 KB/sec)
[INFO] Downloading: https://repo.maven.apache.org/maven2/org/codehaus/plexus/plexus-interpolation/1.19/plexus-interpolation-1.19.pom
[INFO] Downloaded: https://repo.maven.apache.org/maven2/org/codehaus/plexus/plexus-interpolation/1.19/plexus-interpolation-1.19.pom (2 KB at 67.0 KB/sec)
[INFO] Downloading: https://repo.maven.apache.org/maven2/org/codehaus/plexus/plexus-utils/3.0.15/plexus-utils-3.0.15.jar
[INFO] Downloading: https://repo.maven.apache.org/maven2/org/apache/maven/shared/maven-filtering/1.2/maven-filtering-1.2.jar
[INFO] Downloading: https://repo.maven.apache.org/maven2/org/apache/maven/shared/maven-shared-utils/0.3/maven-shared-utils-0.3.jar
[INFO] Downloading: https://repo.maven.apache.org/maven2/org/sonatype/plexus/plexus-build-api/0.0.4/plexus-build-api-0.0.4.jar
[INFO] Downloading: https://repo.maven.apache.org/maven2/org/codehaus/plexus/plexus-interpolation/1.19/plexus-interpolation-1.19.jar
[INFO] Downloaded: https://repo.maven.apache.org/maven2/org/sonatype/plexus/plexus-build-api/0.0.4/plexus-build-api-0.0.4.jar (7 KB at 415.6 KB/sec)
[INFO] Downloaded: https://repo.maven.apache.org/maven2/org/apache/maven/shared/maven-filtering/1.2/maven-filtering-1.2.jar (44 KB at 2157.1 KB/sec)
[INFO] Downloaded: https://repo.maven.apache.org/maven2/org/apache/maven/shared/maven-shared-utils/0.3/maven-shared-utils-0.3.jar (152 KB at 5833.6 KB/sec)
[INFO] Downloaded: https://repo.maven.apache.org/maven2/org/codehaus/plexus/plexus-utils/3.0.15/plexus-utils-3.0.15.jar (234 KB at 8046.6 KB/sec)
[INFO] Downloaded: https://repo.maven.apache.org/maven2/org/codehaus/plexus/plexus-interpolation/1.19/plexus-interpolation-1.19.jar (61 KB at 2008.4 KB/sec)
[INFO] Using 'UTF-8' encoding to copy filtered resources.
[INFO] skip non existing resourceDirectory /home/travis/build/passed/haraldk/TwelveMonkeys/common/common-lang/src/main/resources
[INFO] 
[INFO] --- maven-compiler-plugin:3.3:compile (default-compile) @ common-lang ---
[INFO] Downloading: https://repo.maven.apache.org/maven2/org/apache/maven/maven-toolchain/2.2.1/maven-toolchain-2.2.1.pom
[INFO] Downloaded: https://repo.maven.apache.org/maven2/org/apache/maven/maven-toolchain/2.2.1/maven-toolchain-2.2.1.pom (4 KB at 251.2 KB/sec)
[INFO] Downloading: https://repo.maven.apache.org/maven2/org/apache/maven/shared/maven-shared-incremental/1.1/maven-shared-incremental-1.1.pom
[INFO] Downloaded: https://repo.maven.apache.org/maven2/org/apache/maven/shared/maven-shared-incremental/1.1/maven-shared-incremental-1.1.pom (5 KB at 330.8 KB/sec)
[INFO] Downloading: https://repo.maven.apache.org/maven2/org/apache/maven/shared/maven-shared-utils/0.1/maven-shared-utils-0.1.pom
[INFO] Downloaded: https://repo.maven.apache.org/maven2/org/apache/maven/shared/maven-shared-utils/0.1/maven-shared-utils-0.1.pom (4 KB at 282.3 KB/sec)
[INFO] Downloading: https://repo.maven.apache.org/maven2/org/codehaus/plexus/plexus-compiler-api/2.5/plexus-compiler-api-2.5.pom
[INFO] Downloaded: https://repo.maven.apache.org/maven2/org/codehaus/plexus/plexus-compiler-api/2.5/plexus-compiler-api-2.5.pom (865 B at 56.3 KB/sec)
[INFO] Downloading: https://repo.maven.apache.org/maven2/org/codehaus/plexus/plexus-compiler/2.5/plexus-compiler-2.5.pom
[INFO] Downloaded: https://repo.maven.apache.org/maven2/org/codehaus/plexus/plexus-compiler/2.5/plexus-compiler-2.5.pom (6 KB at 324.5 KB/sec)
[INFO] Downloading: https://repo.maven.apache.org/maven2/org/codehaus/plexus/plexus-utils/3.0.10/plexus-utils-3.0.10.pom
[INFO] Downloaded: https://repo.maven.apache.org/maven2/org/codehaus/plexus/plexus-utils/3.0.10/plexus-utils-3.0.10.pom (4 KB at 219.3 KB/sec)
[INFO] Downloading: https://repo.maven.apache.org/maven2/org/codehaus/plexus/plexus-compiler-manager/2.5/plexus-compiler-manager-2.5.pom
[INFO] Downloaded: https://repo.maven.apache.org/maven2/org/codehaus/plexus/plexus-compiler-manager/2.5/plexus-compiler-manager-2.5.pom (690 B at 51.8 KB/sec)
[INFO] Downloading: https://repo.maven.apache.org/maven2/org/codehaus/plexus/plexus-compiler-javac/2.5/plexus-compiler-javac-2.5.pom
[INFO] Downloaded: https://repo.maven.apache.org/maven2/org/codehaus/plexus/plexus-compiler-javac/2.5/plexus-compiler-javac-2.5.pom (769 B at 46.9 KB/sec)
[INFO] Downloading: https://repo.maven.apache.org/maven2/org/codehaus/plexus/plexus-compilers/2.5/plexus-compilers-2.5.pom
[INFO] Downloaded: https://repo.maven.apache.org/maven2/org/codehaus/plexus/plexus-compilers/2.5/plexus-compilers-2.5.pom (2 KB at 70.3 KB/sec)
[INFO] Downloading: https://repo.maven.apache.org/maven2/org/codehaus/plexus/plexus-container-default/1.5.5/plexus-container-default-1.5.5.pom
[INFO] Downloaded: https://repo.maven.apache.org/maven2/org/codehaus/plexus/plexus-container-default/1.5.5/plexus-container-default-1.5.5.pom (3 KB at 141.6 KB/sec)
[INFO] Downloading: https://repo.maven.apache.org/maven2/org/codehaus/plexus/plexus-classworlds/2.2.2/plexus-classworlds-2.2.2.pom
[INFO] Downloaded: https://repo.maven.apache.org/maven2/org/codehaus/plexus/plexus-classworlds/2.2.2/plexus-classworlds-2.2.2.pom (4 KB at 303.0 KB/sec)
[INFO] Downloading: https://repo.maven.apache.org/maven2/org/codehaus/plexus/plexus/2.0.3/plexus-2.0.3.pom
[INFO] Downloaded: https://repo.maven.apache.org/maven2/org/codehaus/plexus/plexus/2.0.3/plexus-2.0.3.pom (16 KB at 943.7 KB/sec)
[INFO] Downloading: https://repo.maven.apache.org/maven2/org/apache/xbean/xbean-reflect/3.4/xbean-reflect-3.4.pom
[INFO] Downloaded: https://repo.maven.apache.org/maven2/org/apache/xbean/xbean-reflect/3.4/xbean-reflect-3.4.pom (3 KB at 211.0 KB/sec)
[INFO] Downloading: https://repo.maven.apache.org/maven2/org/apache/xbean/xbean/3.4/xbean-3.4.pom
[INFO] Downloaded: https://repo.maven.apache.org/maven2/org/apache/xbean/xbean/3.4/xbean-3.4.pom (19 KB at 1206.5 KB/sec)
[INFO] Downloading: https://repo.maven.apache.org/maven2/log4j/log4j/1.2.12/log4j-1.2.12.pom
[INFO] Downloaded: https://repo.maven.apache.org/maven2/log4j/log4j/1.2.12/log4j-1.2.12.pom (145 B at 10.9 KB/sec)
[INFO] Downloading: https://repo.maven.apache.org/maven2/commons-logging/commons-logging-api/1.1/commons-logging-api-1.1.pom
[INFO] Downloaded: https://repo.maven.apache.org/maven2/commons-logging/commons-logging-api/1.1/commons-logging-api-1.1.pom (6 KB at 348.1 KB/sec)
[INFO] Downloading: https://repo.maven.apache.org/maven2/com/google/collections/google-collections/1.0/google-collections-1.0.pom
[INFO] Downloaded: https://repo.maven.apache.org/maven2/com/google/collections/google-collections/1.0/google-collections-1.0.pom (3 KB at 151.2 KB/sec)
[INFO] Downloading: https://repo.maven.apache.org/maven2/com/google/google/1/google-1.pom
[INFO] Downloaded: https://repo.maven.apache.org/maven2/com/google/google/1/google-1.pom (2 KB at 101.2 KB/sec)
[INFO] Downloading: https://repo.maven.apache.org/maven2/org/codehaus/plexus/plexus-utils/1.5.15/plexus-utils-1.5.15.jar
[INFO] Downloading: https://repo.maven.apache.org/maven2/org/apache/maven/shared/maven-shared-incremental/1.1/maven-shared-incremental-1.1.jar
[INFO] Downloading: https://repo.maven.apache.org/maven2/org/codehaus/plexus/plexus-compiler-api/2.5/plexus-compiler-api-2.5.jar
[INFO] Downloading: https://repo.maven.apache.org/maven2/org/codehaus/plexus/plexus-compiler-manager/2.5/plexus-compiler-manager-2.5.jar
[INFO] Downloading: https://repo.maven.apache.org/maven2/org/codehaus/plexus/plexus-compiler-javac/2.5/plexus-compiler-javac-2.5.jar
[INFO] Downloaded: https://repo.maven.apache.org/maven2/org/codehaus/plexus/plexus-compiler-api/2.5/plexus-compiler-api-2.5.jar (25 KB at 1375.7 KB/sec)
[INFO] Downloading: https://repo.maven.apache.org/maven2/org/apache/xbean/xbean-reflect/3.4/xbean-reflect-3.4.jar
[INFO] Downloaded: https://repo.maven.apache.org/maven2/org/apache/maven/shared/maven-shared-incremental/1.1/maven-shared-incremental-1.1.jar (14 KB at 489.7 KB/sec)
[INFO] Downloading: https://repo.maven.apache.org/maven2/log4j/log4j/1.2.12/log4j-1.2.12.jar
[INFO] Downloaded: https://repo.maven.apache.org/maven2/org/codehaus/plexus/plexus-compiler-javac/2.5/plexus-compiler-javac-2.5.jar (19 KB at 725.5 KB/sec)
[INFO] Downloaded: https://repo.maven.apache.org/maven2/org/codehaus/plexus/plexus-compiler-manager/2.5/plexus-compiler-manager-2.5.jar (5 KB at 171.4 KB/sec)
[INFO] Downloading: https://repo.maven.apache.org/maven2/commons-logging/commons-logging-api/1.1/commons-logging-api-1.1.jar
[INFO] Downloading: https://repo.maven.apache.org/maven2/com/google/collections/google-collections/1.0/google-collections-1.0.jar
[INFO] Downloaded: https://repo.maven.apache.org/maven2/org/codehaus/plexus/plexus-utils/1.5.15/plexus-utils-1.5.15.jar (223 KB at 6187.9 KB/sec)
[INFO] Downloading: https://repo.maven.apache.org/maven2/junit/junit/3.8.2/junit-3.8.2.jar
[INFO] Downloaded: https://repo.maven.apache.org/maven2/org/apache/xbean/xbean-reflect/3.4/xbean-reflect-3.4.jar (131 KB at 3187.5 KB/sec)
[INFO] Downloaded: https://repo.maven.apache.org/maven2/commons-logging/commons-logging-api/1.1/commons-logging-api-1.1.jar (44 KB at 1037.0 KB/sec)
[INFO] Downloaded: https://repo.maven.apache.org/maven2/junit/junit/3.8.2/junit-3.8.2.jar (118 KB at 2222.9 KB/sec)
[INFO] Downloaded: https://repo.maven.apache.org/maven2/log4j/log4j/1.2.12/log4j-1.2.12.jar (350 KB at 5927.0 KB/sec)
[INFO] Downloaded: https://repo.maven.apache.org/maven2/com/google/collections/google-collections/1.0/google-collections-1.0.jar (625 KB at 9609.3 KB/sec)
[INFO] Changes detected - recompiling the module!
[INFO] Compiling 48 source files to /home/travis/build/passed/haraldk/TwelveMonkeys/common/common-lang/target/classes
[INFO] /home/travis/build/passed/haraldk/TwelveMonkeys/common/common-lang/src/main/java/com/twelvemonkeys/util/AbstractDecoratedMap.java: Some input files use unchecked or unsafe operations.
[INFO] /home/travis/build/passed/haraldk/TwelveMonkeys/common/common-lang/src/main/java/com/twelvemonkeys/util/AbstractDecoratedMap.java: Recompile with -Xlint:unchecked for details.
[INFO] 
[INFO] --- maven-resources-plugin:2.7:testResources (default-testResources) @ common-lang ---
[INFO] Using 'UTF-8' encoding to copy filtered resources.
[INFO] Copying 2 resources
[INFO] 
[INFO] --- maven-compiler-plugin:3.3:testCompile (default-testCompile) @ common-lang ---
[INFO] Changes detected - recompiling the module!
[INFO] Compiling 30 source files to /home/travis/build/passed/haraldk/TwelveMonkeys/common/common-lang/target/test-classes
[INFO] /home/travis/build/passed/haraldk/TwelveMonkeys/common/common-lang/src/test/java/com/twelvemonkeys/lang/ObjectAbstractTestCase.java: Some input files use unchecked or unsafe operations.
[INFO] /home/travis/build/passed/haraldk/TwelveMonkeys/common/common-lang/src/test/java/com/twelvemonkeys/lang/ObjectAbstractTestCase.java: Recompile with -Xlint:unchecked for details.
[INFO] 
[INFO] --- maven-surefire-plugin:2.18.1:test (default-test) @ common-lang ---
[INFO] Downloading: https://repo.maven.apache.org/maven2/org/apache/maven/surefire/maven-surefire-common/2.18.1/maven-surefire-common-2.18.1.pom
[INFO] Downloaded: https://repo.maven.apache.org/maven2/org/apache/maven/surefire/maven-surefire-common/2.18.1/maven-surefire-common-2.18.1.pom (7 KB at 408.3 KB/sec)
[INFO] Downloading: https://repo.maven.apache.org/maven2/org/apache/maven/plugin-tools/maven-plugin-annotations/3.3/maven-plugin-annotations-3.3.pom
[INFO] Downloaded: https://repo.maven.apache.org/maven2/org/apache/maven/plugin-tools/maven-plugin-annotations/3.3/maven-plugin-annotations-3.3.pom (2 KB at 99.4 KB/sec)
[INFO] Downloading: https://repo.maven.apache.org/maven2/org/apache/maven/plugin-tools/maven-plugin-tools/3.3/maven-plugin-tools-3.3.pom
[INFO] Downloaded: https://repo.maven.apache.org/maven2/org/apache/maven/plugin-tools/maven-plugin-tools/3.3/maven-plugin-tools-3.3.pom (13 KB at 950.1 KB/sec)
[INFO] Downloading: https://repo.maven.apache.org/maven2/org/apache/maven/surefire/surefire-api/2.18.1/surefire-api-2.18.1.pom
[INFO] Downloaded: https://repo.maven.apache.org/maven2/org/apache/maven/surefire/surefire-api/2.18.1/surefire-api-2.18.1.pom (3 KB at 148.6 KB/sec)
[INFO] Downloading: https://repo.maven.apache.org/maven2/org/apache/maven/surefire/surefire-booter/2.18.1/surefire-booter-2.18.1.pom
[INFO] Downloaded: https://repo.maven.apache.org/maven2/org/apache/maven/surefire/surefire-booter/2.18.1/surefire-booter-2.18.1.pom (3 KB at 189.8 KB/sec)
[INFO] Downloading: https://repo.maven.apache.org/maven2/org/apache/maven/reporting/maven-reporting-api/3.0/maven-reporting-api-3.0.pom
[INFO] Downloaded: https://repo.maven.apache.org/maven2/org/apache/maven/reporting/maven-reporting-api/3.0/maven-reporting-api-3.0.pom (3 KB at 165.5 KB/sec)
[INFO] Downloading: https://repo.maven.apache.org/maven2/org/apache/maven/shared/maven-shared-components/15/maven-shared-components-15.pom
[INFO] Downloaded: https://repo.maven.apache.org/maven2/org/apache/maven/shared/maven-shared-components/15/maven-shared-components-15.pom (10 KB at 651.3 KB/sec)
[INFO] Downloading: https://repo.maven.apache.org/maven2/org/apache/maven/maven-parent/16/maven-parent-16.pom
[INFO] Downloaded: https://repo.maven.apache.org/maven2/org/apache/maven/maven-parent/16/maven-parent-16.pom (23 KB at 1515.1 KB/sec)
[INFO] Downloading: https://repo.maven.apache.org/maven2/org/apache/apache/7/apache-7.pom
[INFO] Downloaded: https://repo.maven.apache.org/maven2/org/apache/apache/7/apache-7.pom (15 KB at 1006.6 KB/sec)
[INFO] Downloading: https://repo.maven.apache.org/maven2/org/apache/commons/commons-lang3/3.1/commons-lang3-3.1.pom
[INFO] Downloaded: https://repo.maven.apache.org/maven2/org/apache/commons/commons-lang3/3.1/commons-lang3-3.1.pom (17 KB at 1165.7 KB/sec)
[INFO] Downloading: https://repo.maven.apache.org/maven2/org/apache/commons/commons-parent/22/commons-parent-22.pom
[INFO] Downloaded: https://repo.maven.apache.org/maven2/org/apache/commons/commons-parent/22/commons-parent-22.pom (41 KB at 2274.2 KB/sec)
[INFO] Downloading: https://repo.maven.apache.org/maven2/org/apache/maven/surefire/maven-surefire-common/2.18.1/maven-surefire-common-2.18.1.jar
[INFO] Downloading: https://repo.maven.apache.org/maven2/org/apache/maven/surefire/surefire-booter/2.18.1/surefire-booter-2.18.1.jar
[INFO] Downloading: https://repo.maven.apache.org/maven2/org/apache/maven/reporting/maven-reporting-api/3.0/maven-reporting-api-3.0.jar
[INFO] Downloading: https://repo.maven.apache.org/maven2/org/apache/commons/commons-lang3/3.1/commons-lang3-3.1.jar
[INFO] Downloading: https://repo.maven.apache.org/maven2/org/apache/maven/surefire/surefire-api/2.18.1/surefire-api-2.18.1.jar
[INFO] Downloaded: https://repo.maven.apache.org/maven2/org/apache/maven/reporting/maven-reporting-api/3.0/maven-reporting-api-3.0.jar (11 KB at 628.4 KB/sec)
[INFO] Downloading: https://repo.maven.apache.org/maven2/org/apache/maven/plugin-tools/maven-plugin-annotations/3.3/maven-plugin-annotations-3.3.jar
[INFO] Downloaded: https://repo.maven.apache.org/maven2/org/apache/maven/surefire/surefire-booter/2.18.1/surefire-booter-2.18.1.jar (39 KB at 2163.5 KB/sec)
[INFO] Downloaded: https://repo.maven.apache.org/maven2/org/apache/maven/surefire/surefire-api/2.18.1/surefire-api-2.18.1.jar (145 KB at 5557.7 KB/sec)
[INFO] Downloaded: https://repo.maven.apache.org/maven2/org/apache/maven/surefire/maven-surefire-common/2.18.1/maven-surefire-common-2.18.1.jar (269 KB at 8933.4 KB/sec)
[INFO] Downloaded: https://repo.maven.apache.org/maven2/org/apache/commons/commons-lang3/3.1/commons-lang3-3.1.jar (309 KB at 10634.6 KB/sec)
[INFO] Downloaded: https://repo.maven.apache.org/maven2/org/apache/maven/plugin-tools/maven-plugin-annotations/3.3/maven-plugin-annotations-3.3.jar (14 KB at 442.3 KB/sec)
[INFO] Tests are skipped.
[INFO] 
[INFO] --- maven-jar-plugin:2.6:jar (default-jar) @ common-lang ---
[INFO] Building jar: /home/travis/build/passed/haraldk/TwelveMonkeys/common/common-lang/target/twelvemonkeys-common-lang-3.3-SNAPSHOT.jar
[INFO] 
[INFO] --- maven-jar-plugin:2.6:test-jar (attach-tests) @ common-lang ---
[INFO] Building jar: /home/travis/build/passed/haraldk/TwelveMonkeys/common/common-lang/target/twelvemonkeys-common-lang-3.3-SNAPSHOT-tests.jar
[INFO] 
[INFO] >>> maven-source-plugin:2.4:jar (attach-sources) > generate-sources @ common-lang >>>
[INFO] 
[INFO] --- maven-enforcer-plugin:1.2:enforce (enforce-maven) @ common-lang ---
[INFO] 
[INFO] <<< maven-source-plugin:2.4:jar (attach-sources) < generate-sources @ common-lang <<<
[INFO] 
[INFO] --- maven-source-plugin:2.4:jar (attach-sources) @ common-lang ---
[INFO] Building jar: /home/travis/build/passed/haraldk/TwelveMonkeys/common/common-lang/target/twelvemonkeys-common-lang-3.3-SNAPSHOT-sources.jar
[INFO] 
[INFO] >>> maven-source-plugin:2.4:test-jar (attach-sources) > generate-sources @ common-lang >>>
[INFO] 
[INFO] --- maven-enforcer-plugin:1.2:enforce (enforce-maven) @ common-lang ---
[INFO] 
[INFO] <<< maven-source-plugin:2.4:test-jar (attach-sources) < generate-sources @ common-lang <<<
[INFO] 
[INFO] --- maven-source-plugin:2.4:test-jar (attach-sources) @ common-lang ---
[INFO] Building jar: /home/travis/build/passed/haraldk/TwelveMonkeys/common/common-lang/target/twelvemonkeys-common-lang-3.3-SNAPSHOT-test-sources.jar
[INFO] 
[INFO] --- maven-install-plugin:2.4:install (default-install) @ common-lang ---
[INFO] Installing /home/travis/build/passed/haraldk/TwelveMonkeys/common/common-lang/target/twelvemonkeys-common-lang-3.3-SNAPSHOT.jar to /home/travis/.m2/repository/com/twelvemonkeys/common/common-lang/3.3-SNAPSHOT/common-lang-3.3-SNAPSHOT.jar
[INFO] Installing /home/travis/build/passed/haraldk/TwelveMonkeys/common/common-lang/pom.xml to /home/travis/.m2/repository/com/twelvemonkeys/common/common-lang/3.3-SNAPSHOT/common-lang-3.3-SNAPSHOT.pom
[INFO] Installing /home/travis/build/passed/haraldk/TwelveMonkeys/common/common-lang/target/twelvemonkeys-common-lang-3.3-SNAPSHOT-tests.jar to /home/travis/.m2/repository/com/twelvemonkeys/common/common-lang/3.3-SNAPSHOT/common-lang-3.3-SNAPSHOT-tests.jar
[INFO] Installing /home/travis/build/passed/haraldk/TwelveMonkeys/common/common-lang/target/twelvemonkeys-common-lang-3.3-SNAPSHOT-sources.jar to /home/travis/.m2/repository/com/twelvemonkeys/common/common-lang/3.3-SNAPSHOT/common-lang-3.3-SNAPSHOT-sources.jar
[INFO] Installing /home/travis/build/passed/haraldk/TwelveMonkeys/common/common-lang/target/twelvemonkeys-common-lang-3.3-SNAPSHOT-test-sources.jar to /home/travis/.m2/repository/com/twelvemonkeys/common/common-lang/3.3-SNAPSHOT/common-lang-3.3-SNAPSHOT-test-sources.jar
[INFO]                                                                         
[INFO] ------------------------------------------------------------------------
[INFO] Building TwelveMonkeys :: Common :: IO 3.3-SNAPSHOT
[INFO] ------------------------------------------------------------------------
[INFO] 
[INFO] --- maven-enforcer-plugin:1.2:enforce (enforce-maven) @ common-io ---
[INFO] 
[INFO] --- maven-resources-plugin:2.7:resources (default-resources) @ common-io ---
[INFO] Using 'UTF-8' encoding to copy filtered resources.
[INFO] Copying 1 resource
[INFO] 
[INFO] --- maven-compiler-plugin:3.3:compile (default-compile) @ common-io ---
[INFO] Changes detected - recompiling the module!
[INFO] Compiling 48 source files to /home/travis/build/passed/haraldk/TwelveMonkeys/common/common-io/target/classes
[INFO] /home/travis/build/passed/haraldk/TwelveMonkeys/common/common-io/src/main/java/com/twelvemonkeys/io/FilenameMaskFilter.java: Some input files use or override a deprecated API.
[INFO] /home/travis/build/passed/haraldk/TwelveMonkeys/common/common-io/src/main/java/com/twelvemonkeys/io/FilenameMaskFilter.java: Recompile with -Xlint:deprecation for details.
[INFO] 
[INFO] --- maven-resources-plugin:2.7:testResources (default-testResources) @ common-io ---
[INFO] Using 'UTF-8' encoding to copy filtered resources.
[INFO] Copying 1 resource
[INFO] 
[INFO] --- maven-compiler-plugin:3.3:testCompile (default-testCompile) @ common-io ---
[INFO] Changes detected - recompiling the module!
[INFO] Compiling 23 source files to /home/travis/build/passed/haraldk/TwelveMonkeys/common/common-io/target/test-classes
[INFO] 
[INFO] --- maven-surefire-plugin:2.18.1:test (default-test) @ common-io ---
[INFO] Tests are skipped.
[INFO] 
[INFO] --- maven-jar-plugin:2.6:jar (default-jar) @ common-io ---
[INFO] Building jar: /home/travis/build/passed/haraldk/TwelveMonkeys/common/common-io/target/twelvemonkeys-common-io-3.3-SNAPSHOT.jar
[INFO] 
[INFO] --- maven-jar-plugin:2.6:test-jar (attach-tests) @ common-io ---
[INFO] Building jar: /home/travis/build/passed/haraldk/TwelveMonkeys/common/common-io/target/twelvemonkeys-common-io-3.3-SNAPSHOT-tests.jar
[INFO] 
[INFO] >>> maven-source-plugin:2.4:jar (attach-sources) > generate-sources @ common-io >>>
[INFO] 
[INFO] --- maven-enforcer-plugin:1.2:enforce (enforce-maven) @ common-io ---
[INFO] 
[INFO] <<< maven-source-plugin:2.4:jar (attach-sources) < generate-sources @ common-io <<<
[INFO] 
[INFO] --- maven-source-plugin:2.4:jar (attach-sources) @ common-io ---
[INFO] Building jar: /home/travis/build/passed/haraldk/TwelveMonkeys/common/common-io/target/twelvemonkeys-common-io-3.3-SNAPSHOT-sources.jar
[INFO] 
[INFO] >>> maven-source-plugin:2.4:test-jar (attach-sources) > generate-sources @ common-io >>>
[INFO] 
[INFO] --- maven-enforcer-plugin:1.2:enforce (enforce-maven) @ common-io ---
[INFO] 
[INFO] <<< maven-source-plugin:2.4:test-jar (attach-sources) < generate-sources @ common-io <<<
[INFO] 
[INFO] --- maven-source-plugin:2.4:test-jar (attach-sources) @ common-io ---
[INFO] Building jar: /home/travis/build/passed/haraldk/TwelveMonkeys/common/common-io/target/twelvemonkeys-common-io-3.3-SNAPSHOT-test-sources.jar
[INFO] 
[INFO] --- maven-install-plugin:2.4:install (default-install) @ common-io ---
[INFO] Installing /home/travis/build/passed/haraldk/TwelveMonkeys/common/common-io/target/twelvemonkeys-common-io-3.3-SNAPSHOT.jar to /home/travis/.m2/repository/com/twelvemonkeys/common/common-io/3.3-SNAPSHOT/common-io-3.3-SNAPSHOT.jar
[INFO] Installing /home/travis/build/passed/haraldk/TwelveMonkeys/common/common-io/pom.xml to /home/travis/.m2/repository/com/twelvemonkeys/common/common-io/3.3-SNAPSHOT/common-io-3.3-SNAPSHOT.pom
[INFO] Installing /home/travis/build/passed/haraldk/TwelveMonkeys/common/common-io/target/twelvemonkeys-common-io-3.3-SNAPSHOT-tests.jar to /home/travis/.m2/repository/com/twelvemonkeys/common/common-io/3.3-SNAPSHOT/common-io-3.3-SNAPSHOT-tests.jar
[INFO] Installing /home/travis/build/passed/haraldk/TwelveMonkeys/common/common-io/target/twelvemonkeys-common-io-3.3-SNAPSHOT-sources.jar to /home/travis/.m2/repository/com/twelvemonkeys/common/common-io/3.3-SNAPSHOT/common-io-3.3-SNAPSHOT-sources.jar
[INFO] Installing /home/travis/build/passed/haraldk/TwelveMonkeys/common/common-io/target/twelvemonkeys-common-io-3.3-SNAPSHOT-test-sources.jar to /home/travis/.m2/repository/com/twelvemonkeys/common/common-io/3.3-SNAPSHOT/common-io-3.3-SNAPSHOT-test-sources.jar
[INFO]                                                                         
[INFO] ------------------------------------------------------------------------
[INFO] Building TwelveMonkeys :: Common :: Image 3.3-SNAPSHOT
[INFO] ------------------------------------------------------------------------
[INFO] Downloading: http://insecure.repo1.maven.org/maven2/jmagick/jmagick/6.2.4/jmagick-6.2.4.pom
[INFO] Downloaded: http://insecure.repo1.maven.org/maven2/jmagick/jmagick/6.2.4/jmagick-6.2.4.pom (186 B at 11.4 KB/sec)
[INFO] Downloading: http://insecure.repo1.maven.org/maven2/jmagick/jmagick/6.2.4/jmagick-6.2.4.jar
[INFO] Downloaded: http://insecure.repo1.maven.org/maven2/jmagick/jmagick/6.2.4/jmagick-6.2.4.jar (23 KB at 314.6 KB/sec)
[INFO] 
[INFO] --- maven-enforcer-plugin:1.2:enforce (enforce-maven) @ common-image ---
[INFO] 
[INFO] --- maven-resources-plugin:2.7:resources (default-resources) @ common-image ---
[INFO] Using 'UTF-8' encoding to copy filtered resources.
[INFO] skip non existing resourceDirectory /home/travis/build/passed/haraldk/TwelveMonkeys/common/common-image/src/main/resources
[INFO] 
[INFO] --- maven-compiler-plugin:3.3:compile (default-compile) @ common-image ---
[INFO] Changes detected - recompiling the module!
[INFO] Compiling 25 source files to /home/travis/build/passed/haraldk/TwelveMonkeys/common/common-image/target/classes
[INFO] 
[INFO] --- maven-resources-plugin:2.7:testResources (default-testResources) @ common-image ---
[INFO] Using 'UTF-8' encoding to copy filtered resources.
[INFO] Copying 2 resources
[INFO] 
[INFO] --- maven-compiler-plugin:3.3:testCompile (default-testCompile) @ common-image ---
[INFO] Changes detected - recompiling the module!
[INFO] Compiling 3 source files to /home/travis/build/passed/haraldk/TwelveMonkeys/common/common-image/target/test-classes
[INFO] 
[INFO] --- maven-surefire-plugin:2.18.1:test (default-test) @ common-image ---
[INFO] Tests are skipped.
[INFO] 
[INFO] --- maven-jar-plugin:2.6:jar (default-jar) @ common-image ---
[INFO] Building jar: /home/travis/build/passed/haraldk/TwelveMonkeys/common/common-image/target/twelvemonkeys-common-image-3.3-SNAPSHOT.jar
[INFO] 
[INFO] --- maven-jar-plugin:2.6:test-jar (attach-tests) @ common-image ---
[INFO] Building jar: /home/travis/build/passed/haraldk/TwelveMonkeys/common/common-image/target/twelvemonkeys-common-image-3.3-SNAPSHOT-tests.jar
[INFO] 
[INFO] >>> maven-source-plugin:2.4:jar (attach-sources) > generate-sources @ common-image >>>
[INFO] 
[INFO] --- maven-enforcer-plugin:1.2:enforce (enforce-maven) @ common-image ---
[INFO] 
[INFO] <<< maven-source-plugin:2.4:jar (attach-sources) < generate-sources @ common-image <<<
[INFO] 
[INFO] --- maven-source-plugin:2.4:jar (attach-sources) @ common-image ---
[INFO] Building jar: /home/travis/build/passed/haraldk/TwelveMonkeys/common/common-image/target/twelvemonkeys-common-image-3.3-SNAPSHOT-sources.jar
[INFO] 
[INFO] >>> maven-source-plugin:2.4:test-jar (attach-sources) > generate-sources @ common-image >>>
[INFO] 
[INFO] --- maven-enforcer-plugin:1.2:enforce (enforce-maven) @ common-image ---
[INFO] 
[INFO] <<< maven-source-plugin:2.4:test-jar (attach-sources) < generate-sources @ common-image <<<
[INFO] 
[INFO] --- maven-source-plugin:2.4:test-jar (attach-sources) @ common-image ---
[INFO] Building jar: /home/travis/build/passed/haraldk/TwelveMonkeys/common/common-image/target/twelvemonkeys-common-image-3.3-SNAPSHOT-test-sources.jar
[INFO] 
[INFO] --- maven-install-plugin:2.4:install (default-install) @ common-image ---
[INFO] Installing /home/travis/build/passed/haraldk/TwelveMonkeys/common/common-image/target/twelvemonkeys-common-image-3.3-SNAPSHOT.jar to /home/travis/.m2/repository/com/twelvemonkeys/common/common-image/3.3-SNAPSHOT/common-image-3.3-SNAPSHOT.jar
[INFO] Installing /home/travis/build/passed/haraldk/TwelveMonkeys/common/common-image/pom.xml to /home/travis/.m2/repository/com/twelvemonkeys/common/common-image/3.3-SNAPSHOT/common-image-3.3-SNAPSHOT.pom
[INFO] Installing /home/travis/build/passed/haraldk/TwelveMonkeys/common/common-image/target/twelvemonkeys-common-image-3.3-SNAPSHOT-tests.jar to /home/travis/.m2/repository/com/twelvemonkeys/common/common-image/3.3-SNAPSHOT/common-image-3.3-SNAPSHOT-tests.jar
[INFO] Installing /home/travis/build/passed/haraldk/TwelveMonkeys/common/common-image/target/twelvemonkeys-common-image-3.3-SNAPSHOT-sources.jar to /home/travis/.m2/repository/com/twelvemonkeys/common/common-image/3.3-SNAPSHOT/common-image-3.3-SNAPSHOT-sources.jar
[INFO] Installing /home/travis/build/passed/haraldk/TwelveMonkeys/common/common-image/target/twelvemonkeys-common-image-3.3-SNAPSHOT-test-sources.jar to /home/travis/.m2/repository/com/twelvemonkeys/common/common-image/3.3-SNAPSHOT/common-image-3.3-SNAPSHOT-test-sources.jar
[INFO]                                                                         
[INFO] ------------------------------------------------------------------------
[INFO] Building TwelveMonkeys :: Servlet 3.3-SNAPSHOT
[INFO] ------------------------------------------------------------------------
[INFO] Downloading: https://repo.maven.apache.org/maven2/org/apache/maven/plugins/maven-jar-plugin/2.4/maven-jar-plugin-2.4.pom
[INFO] Downloaded: https://repo.maven.apache.org/maven2/org/apache/maven/plugins/maven-jar-plugin/2.4/maven-jar-plugin-2.4.pom (6 KB at 406.9 KB/sec)
[INFO] Downloading: https://repo.maven.apache.org/maven2/org/apache/maven/plugins/maven-plugins/22/maven-plugins-22.pom
[INFO] Downloaded: https://repo.maven.apache.org/maven2/org/apache/maven/plugins/maven-plugins/22/maven-plugins-22.pom (13 KB at 909.5 KB/sec)
[INFO] Downloading: https://repo.maven.apache.org/maven2/org/apache/maven/plugins/maven-jar-plugin/2.4/maven-jar-plugin-2.4.jar
[INFO] Downloaded: https://repo.maven.apache.org/maven2/org/apache/maven/plugins/maven-jar-plugin/2.4/maven-jar-plugin-2.4.jar (34 KB at 2076.5 KB/sec)
[INFO] Downloading: http://insecure.repo1.maven.org/maven2/javax/servlet/servlet-api/2.4/servlet-api-2.4.pom
[INFO] Downloaded: http://insecure.repo1.maven.org/maven2/javax/servlet/servlet-api/2.4/servlet-api-2.4.pom (156 B at 9.5 KB/sec)
[INFO] Downloading: http://insecure.repo1.maven.org/maven2/javax/servlet/jsp-api/2.0/jsp-api-2.0.pom
[INFO] Downloaded: http://insecure.repo1.maven.org/maven2/javax/servlet/jsp-api/2.0/jsp-api-2.0.pom (362 B at 22.1 KB/sec)
[INFO] Downloading: http://insecure.repo1.maven.org/maven2/log4j/log4j/1.2.14/log4j-1.2.14.pom
[INFO] Downloaded: http://insecure.repo1.maven.org/maven2/log4j/log4j/1.2.14/log4j-1.2.14.pom (3 KB at 144.9 KB/sec)
[INFO] Downloading: http://insecure.repo1.maven.org/maven2/commons-fileupload/commons-fileupload/1.2/commons-fileupload-1.2.pom
[INFO] Downloaded: http://insecure.repo1.maven.org/maven2/commons-fileupload/commons-fileupload/1.2/commons-fileupload-1.2.pom (11 KB at 542.2 KB/sec)
[INFO] Downloading: http://insecure.repo1.maven.org/maven2/org/apache/commons/commons-parent/1/commons-parent-1.pom
[INFO] Downloaded: http://insecure.repo1.maven.org/maven2/org/apache/commons/commons-parent/1/commons-parent-1.pom (8 KB at 413.2 KB/sec)
[INFO] Downloading: http://insecure.repo1.maven.org/maven2/org/mockito/mockito-all/1.8.5/mockito-all-1.8.5.pom
[INFO] Downloaded: http://insecure.repo1.maven.org/maven2/org/mockito/mockito-all/1.8.5/mockito-all-1.8.5.pom (858 B at 52.4 KB/sec)
[INFO] Downloading: http://insecure.repo1.maven.org/maven2/javax/servlet/servlet-api/2.4/servlet-api-2.4.jar
[INFO] Downloading: http://insecure.repo1.maven.org/maven2/javax/servlet/jsp-api/2.0/jsp-api-2.0.jar
[INFO] Downloading: http://insecure.repo1.maven.org/maven2/log4j/log4j/1.2.14/log4j-1.2.14.jar
[INFO] Downloading: http://insecure.repo1.maven.org/maven2/commons-fileupload/commons-fileupload/1.2/commons-fileupload-1.2.jar
[INFO] Downloading: http://insecure.repo1.maven.org/maven2/org/mockito/mockito-all/1.8.5/mockito-all-1.8.5.jar
[INFO] Downloaded: http://insecure.repo1.maven.org/maven2/javax/servlet/servlet-api/2.4/servlet-api-2.4.jar (96 KB at 3407.3 KB/sec)
[INFO] Downloaded: http://insecure.repo1.maven.org/maven2/commons-fileupload/commons-fileupload/1.2/commons-fileupload-1.2.jar (52 KB at 498.4 KB/sec)
[INFO] Downloaded: http://insecure.repo1.maven.org/maven2/javax/servlet/jsp-api/2.0/jsp-api-2.0.jar (50 KB at 452.4 KB/sec)
[INFO] Downloaded: http://insecure.repo1.maven.org/maven2/log4j/log4j/1.2.14/log4j-1.2.14.jar (359 KB at 615.5 KB/sec)
[INFO] Downloaded: http://insecure.repo1.maven.org/maven2/org/mockito/mockito-all/1.8.5/mockito-all-1.8.5.jar (1387 KB at 619.0 KB/sec)
[INFO] 
[INFO] --- maven-enforcer-plugin:1.2:enforce (enforce-maven) @ servlet ---
[INFO] 
[INFO] --- maven-resources-plugin:2.7:resources (default-resources) @ servlet ---
[INFO] Using 'UTF-8' encoding to copy filtered resources.
[INFO] skip non existing resourceDirectory /home/travis/build/passed/haraldk/TwelveMonkeys/servlet/src/main/resources
[INFO] 
[INFO] --- maven-compiler-plugin:3.3:compile (default-compile) @ servlet ---
[INFO] Changes detected - recompiling the module!
[INFO] Compiling 68 source files to /home/travis/build/passed/haraldk/TwelveMonkeys/servlet/target/classes
[INFO] /home/travis/build/passed/haraldk/TwelveMonkeys/servlet/src/main/java/com/twelvemonkeys/servlet/fileupload/HttpFileUploadRequestWrapper.java: Some input files use unchecked or unsafe operations.
[INFO] /home/travis/build/passed/haraldk/TwelveMonkeys/servlet/src/main/java/com/twelvemonkeys/servlet/fileupload/HttpFileUploadRequestWrapper.java: Recompile with -Xlint:unchecked for details.
[INFO] 
[INFO] --- maven-resources-plugin:2.7:testResources (default-testResources) @ servlet ---
[INFO] Using 'UTF-8' encoding to copy filtered resources.
[INFO] Copying 4 resources
[INFO] 
[INFO] --- maven-compiler-plugin:3.3:testCompile (default-testCompile) @ servlet ---
[INFO] Changes detected - recompiling the module!
[INFO] Compiling 16 source files to /home/travis/build/passed/haraldk/TwelveMonkeys/servlet/target/test-classes
[INFO] /home/travis/build/passed/haraldk/TwelveMonkeys/servlet/src/test/java/com/twelvemonkeys/servlet/FilterAbstractTestCase.java: Some input files use or override a deprecated API.
[INFO] /home/travis/build/passed/haraldk/TwelveMonkeys/servlet/src/test/java/com/twelvemonkeys/servlet/FilterAbstractTestCase.java: Recompile with -Xlint:deprecation for details.
[INFO] /home/travis/build/passed/haraldk/TwelveMonkeys/servlet/src/test/java/com/twelvemonkeys/servlet/FilterAbstractTestCase.java: Some input files use unchecked or unsafe operations.
[INFO] /home/travis/build/passed/haraldk/TwelveMonkeys/servlet/src/test/java/com/twelvemonkeys/servlet/FilterAbstractTestCase.java: Recompile with -Xlint:unchecked for details.
[INFO] 
[INFO] --- maven-surefire-plugin:2.18.1:test (default-test) @ servlet ---
[INFO] Tests are skipped.
[INFO] 
[INFO] --- maven-jar-plugin:2.4:jar (default-jar) @ servlet ---
[INFO] Downloading: https://repo.maven.apache.org/maven2/commons-lang/commons-lang/2.1/commons-lang-2.1.pom
[INFO] Downloaded: https://repo.maven.apache.org/maven2/commons-lang/commons-lang/2.1/commons-lang-2.1.pom (10 KB at 745.8 KB/sec)
[INFO] Downloading: https://repo.maven.apache.org/maven2/org/codehaus/plexus/plexus-interpolation/1.15/plexus-interpolation-1.15.jar
[INFO] Downloading: https://repo.maven.apache.org/maven2/org/codehaus/plexus/plexus-archiver/2.1/plexus-archiver-2.1.jar
[INFO] Downloading: https://repo.maven.apache.org/maven2/org/codehaus/plexus/plexus-io/2.0.2/plexus-io-2.0.2.jar
[INFO] Downloading: https://repo.maven.apache.org/maven2/commons-lang/commons-lang/2.1/commons-lang-2.1.jar
[INFO] Downloading: https://repo.maven.apache.org/maven2/org/codehaus/plexus/plexus-utils/3.0/plexus-utils-3.0.jar
[INFO] Downloaded: https://repo.maven.apache.org/maven2/org/codehaus/plexus/plexus-io/2.0.2/plexus-io-2.0.2.jar (57 KB at 3161.1 KB/sec)
[INFO] Downloaded: https://repo.maven.apache.org/maven2/org/codehaus/plexus/plexus-archiver/2.1/plexus-archiver-2.1.jar (181 KB at 6927.5 KB/sec)
[INFO] Downloaded: https://repo.maven.apache.org/maven2/org/codehaus/plexus/plexus-interpolation/1.15/plexus-interpolation-1.15.jar (60 KB at 1968.6 KB/sec)
[INFO] Downloaded: https://repo.maven.apache.org/maven2/org/codehaus/plexus/plexus-utils/3.0/plexus-utils-3.0.jar (221 KB at 7359.1 KB/sec)
[INFO] Downloaded: https://repo.maven.apache.org/maven2/commons-lang/commons-lang/2.1/commons-lang-2.1.jar (203 KB at 6339.2 KB/sec)
[INFO] Building jar: /home/travis/build/passed/haraldk/TwelveMonkeys/servlet/target/twelvemonkeys-servlet-3.3-SNAPSHOT.jar
[INFO] 
[INFO] --- maven-jar-plugin:2.4:test-jar (attach-tests) @ servlet ---
[INFO] Building jar: /home/travis/build/passed/haraldk/TwelveMonkeys/servlet/target/twelvemonkeys-servlet-3.3-SNAPSHOT-tests.jar
[INFO] 
[INFO] >>> maven-source-plugin:2.4:jar (attach-sources) > generate-sources @ servlet >>>
[INFO] 
[INFO] --- maven-enforcer-plugin:1.2:enforce (enforce-maven) @ servlet ---
[INFO] 
[INFO] <<< maven-source-plugin:2.4:jar (attach-sources) < generate-sources @ servlet <<<
[INFO] 
[INFO] --- maven-source-plugin:2.4:jar (attach-sources) @ servlet ---
[INFO] Building jar: /home/travis/build/passed/haraldk/TwelveMonkeys/servlet/target/twelvemonkeys-servlet-3.3-SNAPSHOT-sources.jar
[INFO] 
[INFO] >>> maven-source-plugin:2.4:test-jar (attach-sources) > generate-sources @ servlet >>>
[INFO] 
[INFO] --- maven-enforcer-plugin:1.2:enforce (enforce-maven) @ servlet ---
[INFO] 
[INFO] <<< maven-source-plugin:2.4:test-jar (attach-sources) < generate-sources @ servlet <<<
[INFO] 
[INFO] --- maven-source-plugin:2.4:test-jar (attach-sources) @ servlet ---
[INFO] Building jar: /home/travis/build/passed/haraldk/TwelveMonkeys/servlet/target/twelvemonkeys-servlet-3.3-SNAPSHOT-test-sources.jar
[INFO] 
[INFO] --- maven-install-plugin:2.4:install (default-install) @ servlet ---
[INFO] Installing /home/travis/build/passed/haraldk/TwelveMonkeys/servlet/target/twelvemonkeys-servlet-3.3-SNAPSHOT.jar to /home/travis/.m2/repository/com/twelvemonkeys/servlet/servlet/3.3-SNAPSHOT/servlet-3.3-SNAPSHOT.jar
[INFO] Installing /home/travis/build/passed/haraldk/TwelveMonkeys/servlet/pom.xml to /home/travis/.m2/repository/com/twelvemonkeys/servlet/servlet/3.3-SNAPSHOT/servlet-3.3-SNAPSHOT.pom
[INFO] Installing /home/travis/build/passed/haraldk/TwelveMonkeys/servlet/target/twelvemonkeys-servlet-3.3-SNAPSHOT-tests.jar to /home/travis/.m2/repository/com/twelvemonkeys/servlet/servlet/3.3-SNAPSHOT/servlet-3.3-SNAPSHOT-tests.jar
[INFO] Installing /home/travis/build/passed/haraldk/TwelveMonkeys/servlet/target/twelvemonkeys-servlet-3.3-SNAPSHOT-sources.jar to /home/travis/.m2/repository/com/twelvemonkeys/servlet/servlet/3.3-SNAPSHOT/servlet-3.3-SNAPSHOT-sources.jar
[INFO] Installing /home/travis/build/passed/haraldk/TwelveMonkeys/servlet/target/twelvemonkeys-servlet-3.3-SNAPSHOT-test-sources.jar to /home/travis/.m2/repository/com/twelvemonkeys/servlet/servlet/3.3-SNAPSHOT/servlet-3.3-SNAPSHOT-test-sources.jar
[INFO]                                                                         
[INFO] ------------------------------------------------------------------------
[INFO] Building TwelveMonkeys :: ImageIO 3.3-SNAPSHOT
[INFO] ------------------------------------------------------------------------
[INFO] 
[INFO] --- maven-enforcer-plugin:1.2:enforce (enforce-maven) @ imageio ---
[INFO] 
[INFO] --- maven-jar-plugin:2.6:test-jar (attach-tests) @ imageio ---
[WARNING] JAR will be empty - no content was marked for inclusion!
[INFO] Building jar: /home/travis/build/passed/haraldk/TwelveMonkeys/imageio/target/twelvemonkeys-imageio-3.3-SNAPSHOT-tests.jar
[INFO] 
[INFO] >>> maven-source-plugin:2.4:jar (attach-sources) > generate-sources @ imageio >>>
[INFO] 
[INFO] --- maven-enforcer-plugin:1.2:enforce (enforce-maven) @ imageio ---
[INFO] 
[INFO] <<< maven-source-plugin:2.4:jar (attach-sources) < generate-sources @ imageio <<<
[INFO] 
[INFO] --- maven-source-plugin:2.4:jar (attach-sources) @ imageio ---
[INFO] 
[INFO] >>> maven-source-plugin:2.4:test-jar (attach-sources) > generate-sources @ imageio >>>
[INFO] 
[INFO] --- maven-enforcer-plugin:1.2:enforce (enforce-maven) @ imageio ---
[INFO] 
[INFO] <<< maven-source-plugin:2.4:test-jar (attach-sources) < generate-sources @ imageio <<<
[INFO] 
[INFO] --- maven-source-plugin:2.4:test-jar (attach-sources) @ imageio ---
[INFO] 
[INFO] --- maven-install-plugin:2.4:install (default-install) @ imageio ---
[INFO] Installing /home/travis/build/passed/haraldk/TwelveMonkeys/imageio/pom.xml to /home/travis/.m2/repository/com/twelvemonkeys/imageio/imageio/3.3-SNAPSHOT/imageio-3.3-SNAPSHOT.pom
[INFO] Installing /home/travis/build/passed/haraldk/TwelveMonkeys/imageio/target/twelvemonkeys-imageio-3.3-SNAPSHOT-tests.jar to /home/travis/.m2/repository/com/twelvemonkeys/imageio/imageio/3.3-SNAPSHOT/imageio-3.3-SNAPSHOT-tests.jar
[INFO]                                                                         
[INFO] ------------------------------------------------------------------------
[INFO] Building TwelveMonkeys :: ImageIO :: Core 3.3-SNAPSHOT
[INFO] ------------------------------------------------------------------------
[INFO] 
[INFO] --- maven-enforcer-plugin:1.2:enforce (enforce-maven) @ imageio-core ---
[INFO] 
[INFO] --- maven-resources-plugin:2.7:resources (default-resources) @ imageio-core ---
[INFO] Using 'UTF-8' encoding to copy filtered resources.
[INFO] Copying 4 resources
[INFO] 
[INFO] --- maven-compiler-plugin:3.3:compile (default-compile) @ imageio-core ---
[INFO] Changes detected - recompiling the module!
[INFO] Compiling 35 source files to /home/travis/build/passed/haraldk/TwelveMonkeys/imageio/imageio-core/target/classes
[INFO] 
[INFO] --- maven-resources-plugin:2.7:testResources (default-testResources) @ imageio-core ---
[INFO] Using 'UTF-8' encoding to copy filtered resources.
[INFO] Copying 2 resources
[INFO] 
[INFO] --- maven-compiler-plugin:3.3:testCompile (default-testCompile) @ imageio-core ---
[INFO] Changes detected - recompiling the module!
[INFO] Compiling 18 source files to /home/travis/build/passed/haraldk/TwelveMonkeys/imageio/imageio-core/target/test-classes
[INFO] 
[INFO] --- maven-surefire-plugin:2.18.1:test (default-test) @ imageio-core ---
[INFO] Tests are skipped.
[INFO] 
[INFO] --- maven-jar-plugin:2.6:jar (default-jar) @ imageio-core ---
[INFO] Building jar: /home/travis/build/passed/haraldk/TwelveMonkeys/imageio/imageio-core/target/twelvemonkeys-imageio-core-3.3-SNAPSHOT.jar
[INFO] 
[INFO] --- maven-jar-plugin:2.6:test-jar (attach-tests) @ imageio-core ---
[INFO] Building jar: /home/travis/build/passed/haraldk/TwelveMonkeys/imageio/imageio-core/target/twelvemonkeys-imageio-core-3.3-SNAPSHOT-tests.jar
[INFO] 
[INFO] >>> maven-source-plugin:2.4:jar (attach-sources) > generate-sources @ imageio-core >>>
[INFO] 
[INFO] --- maven-enforcer-plugin:1.2:enforce (enforce-maven) @ imageio-core ---
[INFO] 
[INFO] <<< maven-source-plugin:2.4:jar (attach-sources) < generate-sources @ imageio-core <<<
[INFO] 
[INFO] --- maven-source-plugin:2.4:jar (attach-sources) @ imageio-core ---
[INFO] Building jar: /home/travis/build/passed/haraldk/TwelveMonkeys/imageio/imageio-core/target/twelvemonkeys-imageio-core-3.3-SNAPSHOT-sources.jar
[INFO] 
[INFO] >>> maven-source-plugin:2.4:test-jar (attach-sources) > generate-sources @ imageio-core >>>
[INFO] 
[INFO] --- maven-enforcer-plugin:1.2:enforce (enforce-maven) @ imageio-core ---
[INFO] 
[INFO] <<< maven-source-plugin:2.4:test-jar (attach-sources) < generate-sources @ imageio-core <<<
[INFO] 
[INFO] --- maven-source-plugin:2.4:test-jar (attach-sources) @ imageio-core ---
[INFO] Building jar: /home/travis/build/passed/haraldk/TwelveMonkeys/imageio/imageio-core/target/twelvemonkeys-imageio-core-3.3-SNAPSHOT-test-sources.jar
[INFO] 
[INFO] --- maven-install-plugin:2.4:install (default-install) @ imageio-core ---
[INFO] Installing /home/travis/build/passed/haraldk/TwelveMonkeys/imageio/imageio-core/target/twelvemonkeys-imageio-core-3.3-SNAPSHOT.jar to /home/travis/.m2/repository/com/twelvemonkeys/imageio/imageio-core/3.3-SNAPSHOT/imageio-core-3.3-SNAPSHOT.jar
[INFO] Installing /home/travis/build/passed/haraldk/TwelveMonkeys/imageio/imageio-core/pom.xml to /home/travis/.m2/repository/com/twelvemonkeys/imageio/imageio-core/3.3-SNAPSHOT/imageio-core-3.3-SNAPSHOT.pom
[INFO] Installing /home/travis/build/passed/haraldk/TwelveMonkeys/imageio/imageio-core/target/twelvemonkeys-imageio-core-3.3-SNAPSHOT-tests.jar to /home/travis/.m2/repository/com/twelvemonkeys/imageio/imageio-core/3.3-SNAPSHOT/imageio-core-3.3-SNAPSHOT-tests.jar
[INFO] Installing /home/travis/build/passed/haraldk/TwelveMonkeys/imageio/imageio-core/target/twelvemonkeys-imageio-core-3.3-SNAPSHOT-sources.jar to /home/travis/.m2/repository/com/twelvemonkeys/imageio/imageio-core/3.3-SNAPSHOT/imageio-core-3.3-SNAPSHOT-sources.jar
[INFO] Installing /home/travis/build/passed/haraldk/TwelveMonkeys/imageio/imageio-core/target/twelvemonkeys-imageio-core-3.3-SNAPSHOT-test-sources.jar to /home/travis/.m2/repository/com/twelvemonkeys/imageio/imageio-core/3.3-SNAPSHOT/imageio-core-3.3-SNAPSHOT-test-sources.jar
[INFO]                                                                         
[INFO] ------------------------------------------------------------------------
[INFO] Building TwelveMonkeys :: ImageIO :: Metadata 3.3-SNAPSHOT
[INFO] ------------------------------------------------------------------------
[INFO] 
[INFO] --- maven-enforcer-plugin:1.2:enforce (enforce-maven) @ imageio-metadata ---
[INFO] 
[INFO] --- maven-resources-plugin:2.7:resources (default-resources) @ imageio-metadata ---
[INFO] Using 'UTF-8' encoding to copy filtered resources.
[INFO] skip non existing resourceDirectory /home/travis/build/passed/haraldk/TwelveMonkeys/imageio/imageio-metadata/src/main/resources
[INFO] 
[INFO] --- maven-compiler-plugin:3.3:compile (default-compile) @ imageio-metadata ---
[INFO] Changes detected - recompiling the module!
[INFO] Compiling 37 source files to /home/travis/build/passed/haraldk/TwelveMonkeys/imageio/imageio-metadata/target/classes
[INFO] 
[INFO] --- maven-resources-plugin:2.7:testResources (default-testResources) @ imageio-metadata ---
[INFO] Using 'UTF-8' encoding to copy filtered resources.
[INFO] Copying 20 resources
[INFO] 
[INFO] --- maven-compiler-plugin:3.3:testCompile (default-testCompile) @ imageio-metadata ---
[INFO] Changes detected - recompiling the module!
[INFO] Compiling 30 source files to /home/travis/build/passed/haraldk/TwelveMonkeys/imageio/imageio-metadata/target/test-classes
[INFO] 
[INFO] --- maven-surefire-plugin:2.18.1:test (default-test) @ imageio-metadata ---
[INFO] Tests are skipped.
[INFO] 
[INFO] --- maven-jar-plugin:2.6:jar (default-jar) @ imageio-metadata ---
[INFO] Building jar: /home/travis/build/passed/haraldk/TwelveMonkeys/imageio/imageio-metadata/target/twelvemonkeys-imageio-metadata-3.3-SNAPSHOT.jar
[INFO] 
[INFO] --- maven-jar-plugin:2.6:test-jar (attach-tests) @ imageio-metadata ---
[INFO] Building jar: /home/travis/build/passed/haraldk/TwelveMonkeys/imageio/imageio-metadata/target/twelvemonkeys-imageio-metadata-3.3-SNAPSHOT-tests.jar
[INFO] 
[INFO] >>> maven-source-plugin:2.4:jar (attach-sources) > generate-sources @ imageio-metadata >>>
[INFO] 
[INFO] --- maven-enforcer-plugin:1.2:enforce (enforce-maven) @ imageio-metadata ---
[INFO] 
[INFO] <<< maven-source-plugin:2.4:jar (attach-sources) < generate-sources @ imageio-metadata <<<
[INFO] 
[INFO] --- maven-source-plugin:2.4:jar (attach-sources) @ imageio-metadata ---
[INFO] Building jar: /home/travis/build/passed/haraldk/TwelveMonkeys/imageio/imageio-metadata/target/twelvemonkeys-imageio-metadata-3.3-SNAPSHOT-sources.jar
[INFO] 
[INFO] >>> maven-source-plugin:2.4:test-jar (attach-sources) > generate-sources @ imageio-metadata >>>
[INFO] 
[INFO] --- maven-enforcer-plugin:1.2:enforce (enforce-maven) @ imageio-metadata ---
[INFO] 
[INFO] <<< maven-source-plugin:2.4:test-jar (attach-sources) < generate-sources @ imageio-metadata <<<
[INFO] 
[INFO] --- maven-source-plugin:2.4:test-jar (attach-sources) @ imageio-metadata ---
[INFO] Building jar: /home/travis/build/passed/haraldk/TwelveMonkeys/imageio/imageio-metadata/target/twelvemonkeys-imageio-metadata-3.3-SNAPSHOT-test-sources.jar
[INFO] 
[INFO] --- maven-install-plugin:2.4:install (default-install) @ imageio-metadata ---
[INFO] Installing /home/travis/build/passed/haraldk/TwelveMonkeys/imageio/imageio-metadata/target/twelvemonkeys-imageio-metadata-3.3-SNAPSHOT.jar to /home/travis/.m2/repository/com/twelvemonkeys/imageio/imageio-metadata/3.3-SNAPSHOT/imageio-metadata-3.3-SNAPSHOT.jar
[INFO] Installing /home/travis/build/passed/haraldk/TwelveMonkeys/imageio/imageio-metadata/pom.xml to /home/travis/.m2/repository/com/twelvemonkeys/imageio/imageio-metadata/3.3-SNAPSHOT/imageio-metadata-3.3-SNAPSHOT.pom
[INFO] Installing /home/travis/build/passed/haraldk/TwelveMonkeys/imageio/imageio-metadata/target/twelvemonkeys-imageio-metadata-3.3-SNAPSHOT-tests.jar to /home/travis/.m2/repository/com/twelvemonkeys/imageio/imageio-metadata/3.3-SNAPSHOT/imageio-metadata-3.3-SNAPSHOT-tests.jar
[INFO] Installing /home/travis/build/passed/haraldk/TwelveMonkeys/imageio/imageio-metadata/target/twelvemonkeys-imageio-metadata-3.3-SNAPSHOT-sources.jar to /home/travis/.m2/repository/com/twelvemonkeys/imageio/imageio-metadata/3.3-SNAPSHOT/imageio-metadata-3.3-SNAPSHOT-sources.jar
[INFO] Installing /home/travis/build/passed/haraldk/TwelveMonkeys/imageio/imageio-metadata/target/twelvemonkeys-imageio-metadata-3.3-SNAPSHOT-test-sources.jar to /home/travis/.m2/repository/com/twelvemonkeys/imageio/imageio-metadata/3.3-SNAPSHOT/imageio-metadata-3.3-SNAPSHOT-test-sources.jar
[INFO]                                                                         
[INFO] ------------------------------------------------------------------------
[INFO] Building TwelveMonkeys :: ImageIO :: Photoshop Path Support 3.3-SNAPSHOT
[INFO] ------------------------------------------------------------------------
[INFO] 
[INFO] --- maven-enforcer-plugin:1.2:enforce (enforce-maven) @ imageio-clippath ---
[INFO] 
[INFO] --- maven-resources-plugin:2.7:resources (default-resources) @ imageio-clippath ---
[INFO] Using 'UTF-8' encoding to copy filtered resources.
[INFO] skip non existing resourceDirectory /home/travis/build/passed/haraldk/TwelveMonkeys/imageio/imageio-clippath/src/main/resources
[INFO] 
[INFO] --- maven-compiler-plugin:3.3:compile (default-compile) @ imageio-clippath ---
[INFO] Changes detected - recompiling the module!
[INFO] Compiling 3 source files to /home/travis/build/passed/haraldk/TwelveMonkeys/imageio/imageio-clippath/target/classes
[INFO] 
[INFO] --- maven-resources-plugin:2.7:testResources (default-testResources) @ imageio-clippath ---
[INFO] Using 'UTF-8' encoding to copy filtered resources.
[INFO] Copying 9 resources
[INFO] 
[INFO] --- maven-compiler-plugin:3.3:testCompile (default-testCompile) @ imageio-clippath ---
[INFO] Changes detected - recompiling the module!
[INFO] Compiling 3 source files to /home/travis/build/passed/haraldk/TwelveMonkeys/imageio/imageio-clippath/target/test-classes
[INFO] 
[INFO] --- maven-surefire-plugin:2.18.1:test (default-test) @ imageio-clippath ---
[INFO] Tests are skipped.
[INFO] 
[INFO] --- maven-jar-plugin:2.6:jar (default-jar) @ imageio-clippath ---
[INFO] Building jar: /home/travis/build/passed/haraldk/TwelveMonkeys/imageio/imageio-clippath/target/twelvemonkeys-imageio-clippath-3.3-SNAPSHOT.jar
[INFO] 
[INFO] --- maven-jar-plugin:2.6:test-jar (attach-tests) @ imageio-clippath ---
[INFO] Building jar: /home/travis/build/passed/haraldk/TwelveMonkeys/imageio/imageio-clippath/target/twelvemonkeys-imageio-clippath-3.3-SNAPSHOT-tests.jar
[INFO] 
[INFO] >>> maven-source-plugin:2.4:jar (attach-sources) > generate-sources @ imageio-clippath >>>
[INFO] 
[INFO] --- maven-enforcer-plugin:1.2:enforce (enforce-maven) @ imageio-clippath ---
[INFO] 
[INFO] <<< maven-source-plugin:2.4:jar (attach-sources) < generate-sources @ imageio-clippath <<<
[INFO] 
[INFO] --- maven-source-plugin:2.4:jar (attach-sources) @ imageio-clippath ---
[INFO] Building jar: /home/travis/build/passed/haraldk/TwelveMonkeys/imageio/imageio-clippath/target/twelvemonkeys-imageio-clippath-3.3-SNAPSHOT-sources.jar
[INFO] 
[INFO] >>> maven-source-plugin:2.4:test-jar (attach-sources) > generate-sources @ imageio-clippath >>>
[INFO] 
[INFO] --- maven-enforcer-plugin:1.2:enforce (enforce-maven) @ imageio-clippath ---
[INFO] 
[INFO] <<< maven-source-plugin:2.4:test-jar (attach-sources) < generate-sources @ imageio-clippath <<<
[INFO] 
[INFO] --- maven-source-plugin:2.4:test-jar (attach-sources) @ imageio-clippath ---
[INFO] Building jar: /home/travis/build/passed/haraldk/TwelveMonkeys/imageio/imageio-clippath/target/twelvemonkeys-imageio-clippath-3.3-SNAPSHOT-test-sources.jar
[INFO] 
[INFO] --- maven-install-plugin:2.4:install (default-install) @ imageio-clippath ---
[INFO] Installing /home/travis/build/passed/haraldk/TwelveMonkeys/imageio/imageio-clippath/target/twelvemonkeys-imageio-clippath-3.3-SNAPSHOT.jar to /home/travis/.m2/repository/com/twelvemonkeys/imageio/imageio-clippath/3.3-SNAPSHOT/imageio-clippath-3.3-SNAPSHOT.jar
[INFO] Installing /home/travis/build/passed/haraldk/TwelveMonkeys/imageio/imageio-clippath/pom.xml to /home/travis/.m2/repository/com/twelvemonkeys/imageio/imageio-clippath/3.3-SNAPSHOT/imageio-clippath-3.3-SNAPSHOT.pom
[INFO] Installing /home/travis/build/passed/haraldk/TwelveMonkeys/imageio/imageio-clippath/target/twelvemonkeys-imageio-clippath-3.3-SNAPSHOT-tests.jar to /home/travis/.m2/repository/com/twelvemonkeys/imageio/imageio-clippath/3.3-SNAPSHOT/imageio-clippath-3.3-SNAPSHOT-tests.jar
[INFO] Installing /home/travis/build/passed/haraldk/TwelveMonkeys/imageio/imageio-clippath/target/twelvemonkeys-imageio-clippath-3.3-SNAPSHOT-sources.jar to /home/travis/.m2/repository/com/twelvemonkeys/imageio/imageio-clippath/3.3-SNAPSHOT/imageio-clippath-3.3-SNAPSHOT-sources.jar
[INFO] Installing /home/travis/build/passed/haraldk/TwelveMonkeys/imageio/imageio-clippath/target/twelvemonkeys-imageio-clippath-3.3-SNAPSHOT-test-sources.jar to /home/travis/.m2/repository/com/twelvemonkeys/imageio/imageio-clippath/3.3-SNAPSHOT/imageio-clippath-3.3-SNAPSHOT-test-sources.jar
[INFO]                                                                         
[INFO] ------------------------------------------------------------------------
[INFO] Building TwelveMonkeys :: ImageIO :: BMP plugin 3.3-SNAPSHOT
[INFO] ------------------------------------------------------------------------
[INFO] 
[INFO] --- maven-enforcer-plugin:1.2:enforce (enforce-maven) @ imageio-bmp ---
[INFO] 
[INFO] --- maven-resources-plugin:2.7:resources (default-resources) @ imageio-bmp ---
[INFO] Using 'UTF-8' encoding to copy filtered resources.
[INFO] Copying 1 resource
[INFO] 
[INFO] --- maven-compiler-plugin:3.3:compile (default-compile) @ imageio-bmp ---
[INFO] Changes detected - recompiling the module!
[INFO] Compiling 23 source files to /home/travis/build/passed/haraldk/TwelveMonkeys/imageio/imageio-bmp/target/classes
[INFO] 
[INFO] --- maven-resources-plugin:2.7:testResources (default-testResources) @ imageio-bmp ---
[INFO] Using 'UTF-8' encoding to copy filtered resources.
[INFO] Copying 89 resources
[INFO] 
[INFO] --- maven-compiler-plugin:3.3:testCompile (default-testCompile) @ imageio-bmp ---
[INFO] Changes detected - recompiling the module!
[INFO] Compiling 8 source files to /home/travis/build/passed/haraldk/TwelveMonkeys/imageio/imageio-bmp/target/test-classes
[INFO] 
[INFO] --- maven-surefire-plugin:2.18.1:test (default-test) @ imageio-bmp ---
[INFO] Tests are skipped.
[INFO] 
[INFO] --- maven-jar-plugin:2.6:jar (default-jar) @ imageio-bmp ---
[INFO] Building jar: /home/travis/build/passed/haraldk/TwelveMonkeys/imageio/imageio-bmp/target/twelvemonkeys-imageio-bmp-3.3-SNAPSHOT.jar
[INFO] 
[INFO] --- maven-jar-plugin:2.6:test-jar (attach-tests) @ imageio-bmp ---
[INFO] Building jar: /home/travis/build/passed/haraldk/TwelveMonkeys/imageio/imageio-bmp/target/twelvemonkeys-imageio-bmp-3.3-SNAPSHOT-tests.jar
[INFO] 
[INFO] >>> maven-source-plugin:2.4:jar (attach-sources) > generate-sources @ imageio-bmp >>>
[INFO] 
[INFO] --- maven-enforcer-plugin:1.2:enforce (enforce-maven) @ imageio-bmp ---
[INFO] 
[INFO] <<< maven-source-plugin:2.4:jar (attach-sources) < generate-sources @ imageio-bmp <<<
[INFO] 
[INFO] --- maven-source-plugin:2.4:jar (attach-sources) @ imageio-bmp ---
[INFO] Building jar: /home/travis/build/passed/haraldk/TwelveMonkeys/imageio/imageio-bmp/target/twelvemonkeys-imageio-bmp-3.3-SNAPSHOT-sources.jar
[INFO] 
[INFO] >>> maven-source-plugin:2.4:test-jar (attach-sources) > generate-sources @ imageio-bmp >>>
[INFO] 
[INFO] --- maven-enforcer-plugin:1.2:enforce (enforce-maven) @ imageio-bmp ---
[INFO] 
[INFO] <<< maven-source-plugin:2.4:test-jar (attach-sources) < generate-sources @ imageio-bmp <<<
[INFO] 
[INFO] --- maven-source-plugin:2.4:test-jar (attach-sources) @ imageio-bmp ---
[INFO] Building jar: /home/travis/build/passed/haraldk/TwelveMonkeys/imageio/imageio-bmp/target/twelvemonkeys-imageio-bmp-3.3-SNAPSHOT-test-sources.jar
[INFO] 
[INFO] --- maven-install-plugin:2.4:install (default-install) @ imageio-bmp ---
[INFO] Installing /home/travis/build/passed/haraldk/TwelveMonkeys/imageio/imageio-bmp/target/twelvemonkeys-imageio-bmp-3.3-SNAPSHOT.jar to /home/travis/.m2/repository/com/twelvemonkeys/imageio/imageio-bmp/3.3-SNAPSHOT/imageio-bmp-3.3-SNAPSHOT.jar
[INFO] Installing /home/travis/build/passed/haraldk/TwelveMonkeys/imageio/imageio-bmp/pom.xml to /home/travis/.m2/repository/com/twelvemonkeys/imageio/imageio-bmp/3.3-SNAPSHOT/imageio-bmp-3.3-SNAPSHOT.pom
[INFO] Installing /home/travis/build/passed/haraldk/TwelveMonkeys/imageio/imageio-bmp/target/twelvemonkeys-imageio-bmp-3.3-SNAPSHOT-tests.jar to /home/travis/.m2/repository/com/twelvemonkeys/imageio/imageio-bmp/3.3-SNAPSHOT/imageio-bmp-3.3-SNAPSHOT-tests.jar
[INFO] Installing /home/travis/build/passed/haraldk/TwelveMonkeys/imageio/imageio-bmp/target/twelvemonkeys-imageio-bmp-3.3-SNAPSHOT-sources.jar to /home/travis/.m2/repository/com/twelvemonkeys/imageio/imageio-bmp/3.3-SNAPSHOT/imageio-bmp-3.3-SNAPSHOT-sources.jar
[INFO] Installing /home/travis/build/passed/haraldk/TwelveMonkeys/imageio/imageio-bmp/target/twelvemonkeys-imageio-bmp-3.3-SNAPSHOT-test-sources.jar to /home/travis/.m2/repository/com/twelvemonkeys/imageio/imageio-bmp/3.3-SNAPSHOT/imageio-bmp-3.3-SNAPSHOT-test-sources.jar
[INFO]                                                                         
[INFO] ------------------------------------------------------------------------
[INFO] Building TwelveMonkeys :: ImageIO :: HDR plugin 3.3-SNAPSHOT
[INFO] ------------------------------------------------------------------------
[INFO] 
[INFO] --- maven-enforcer-plugin:1.2:enforce (enforce-maven) @ imageio-hdr ---
[INFO] 
[INFO] --- maven-resources-plugin:2.7:resources (default-resources) @ imageio-hdr ---
[INFO] Using 'UTF-8' encoding to copy filtered resources.
[INFO] Copying 1 resource
[INFO] 
[INFO] --- maven-compiler-plugin:3.3:compile (default-compile) @ imageio-hdr ---
[INFO] Changes detected - recompiling the module!
[INFO] Compiling 12 source files to /home/travis/build/passed/haraldk/TwelveMonkeys/imageio/imageio-hdr/target/classes
[INFO] 
[INFO] --- maven-resources-plugin:2.7:testResources (default-testResources) @ imageio-hdr ---
[INFO] Using 'UTF-8' encoding to copy filtered resources.
[INFO] Copying 1 resource
[INFO] 
[INFO] --- maven-compiler-plugin:3.3:testCompile (default-testCompile) @ imageio-hdr ---
[INFO] Changes detected - recompiling the module!
[INFO] Compiling 2 source files to /home/travis/build/passed/haraldk/TwelveMonkeys/imageio/imageio-hdr/target/test-classes
[INFO] 
[INFO] --- maven-surefire-plugin:2.18.1:test (default-test) @ imageio-hdr ---
[INFO] Tests are skipped.
[INFO] 
[INFO] --- maven-jar-plugin:2.6:jar (default-jar) @ imageio-hdr ---
[INFO] Building jar: /home/travis/build/passed/haraldk/TwelveMonkeys/imageio/imageio-hdr/target/twelvemonkeys-imageio-hdr-3.3-SNAPSHOT.jar
[INFO] 
[INFO] --- maven-jar-plugin:2.6:test-jar (attach-tests) @ imageio-hdr ---
[INFO] Building jar: /home/travis/build/passed/haraldk/TwelveMonkeys/imageio/imageio-hdr/target/twelvemonkeys-imageio-hdr-3.3-SNAPSHOT-tests.jar
[INFO] 
[INFO] >>> maven-source-plugin:2.4:jar (attach-sources) > generate-sources @ imageio-hdr >>>
[INFO] 
[INFO] --- maven-enforcer-plugin:1.2:enforce (enforce-maven) @ imageio-hdr ---
[INFO] 
[INFO] <<< maven-source-plugin:2.4:jar (attach-sources) < generate-sources @ imageio-hdr <<<
[INFO] 
[INFO] --- maven-source-plugin:2.4:jar (attach-sources) @ imageio-hdr ---
[INFO] Building jar: /home/travis/build/passed/haraldk/TwelveMonkeys/imageio/imageio-hdr/target/twelvemonkeys-imageio-hdr-3.3-SNAPSHOT-sources.jar
[INFO] 
[INFO] >>> maven-source-plugin:2.4:test-jar (attach-sources) > generate-sources @ imageio-hdr >>>
[INFO] 
[INFO] --- maven-enforcer-plugin:1.2:enforce (enforce-maven) @ imageio-hdr ---
[INFO] 
[INFO] <<< maven-source-plugin:2.4:test-jar (attach-sources) < generate-sources @ imageio-hdr <<<
[INFO] 
[INFO] --- maven-source-plugin:2.4:test-jar (attach-sources) @ imageio-hdr ---
[INFO] Building jar: /home/travis/build/passed/haraldk/TwelveMonkeys/imageio/imageio-hdr/target/twelvemonkeys-imageio-hdr-3.3-SNAPSHOT-test-sources.jar
[INFO] 
[INFO] --- maven-install-plugin:2.4:install (default-install) @ imageio-hdr ---
[INFO] Installing /home/travis/build/passed/haraldk/TwelveMonkeys/imageio/imageio-hdr/target/twelvemonkeys-imageio-hdr-3.3-SNAPSHOT.jar to /home/travis/.m2/repository/com/twelvemonkeys/imageio/imageio-hdr/3.3-SNAPSHOT/imageio-hdr-3.3-SNAPSHOT.jar
[INFO] Installing /home/travis/build/passed/haraldk/TwelveMonkeys/imageio/imageio-hdr/pom.xml to /home/travis/.m2/repository/com/twelvemonkeys/imageio/imageio-hdr/3.3-SNAPSHOT/imageio-hdr-3.3-SNAPSHOT.pom
[INFO] Installing /home/travis/build/passed/haraldk/TwelveMonkeys/imageio/imageio-hdr/target/twelvemonkeys-imageio-hdr-3.3-SNAPSHOT-tests.jar to /home/travis/.m2/repository/com/twelvemonkeys/imageio/imageio-hdr/3.3-SNAPSHOT/imageio-hdr-3.3-SNAPSHOT-tests.jar
[INFO] Installing /home/travis/build/passed/haraldk/TwelveMonkeys/imageio/imageio-hdr/target/twelvemonkeys-imageio-hdr-3.3-SNAPSHOT-sources.jar to /home/travis/.m2/repository/com/twelvemonkeys/imageio/imageio-hdr/3.3-SNAPSHOT/imageio-hdr-3.3-SNAPSHOT-sources.jar
[INFO] Installing /home/travis/build/passed/haraldk/TwelveMonkeys/imageio/imageio-hdr/target/twelvemonkeys-imageio-hdr-3.3-SNAPSHOT-test-sources.jar to /home/travis/.m2/repository/com/twelvemonkeys/imageio/imageio-hdr/3.3-SNAPSHOT/imageio-hdr-3.3-SNAPSHOT-test-sources.jar
[INFO]                                                                         
[INFO] ------------------------------------------------------------------------
[INFO] Building TwelveMonkeys :: ImageIO :: ICNS plugin 3.3-SNAPSHOT
[INFO] ------------------------------------------------------------------------
[INFO] 
[INFO] --- maven-enforcer-plugin:1.2:enforce (enforce-maven) @ imageio-icns ---
[INFO] 
[INFO] --- maven-resources-plugin:2.7:resources (default-resources) @ imageio-icns ---
[INFO] Using 'UTF-8' encoding to copy filtered resources.
[INFO] Copying 1 resource
[INFO] 
[INFO] --- maven-compiler-plugin:3.3:compile (default-compile) @ imageio-icns ---
[INFO] Changes detected - recompiling the module!
[INFO] Compiling 10 source files to /home/travis/build/passed/haraldk/TwelveMonkeys/imageio/imageio-icns/target/classes
[INFO] 
[INFO] --- maven-resources-plugin:2.7:testResources (default-testResources) @ imageio-icns ---
[INFO] Using 'UTF-8' encoding to copy filtered resources.
[INFO] Copying 7 resources
[INFO] 
[INFO] --- maven-compiler-plugin:3.3:testCompile (default-testCompile) @ imageio-icns ---
[INFO] Changes detected - recompiling the module!
[INFO] Compiling 2 source files to /home/travis/build/passed/haraldk/TwelveMonkeys/imageio/imageio-icns/target/test-classes
[INFO] 
[INFO] --- maven-surefire-plugin:2.18.1:test (default-test) @ imageio-icns ---
[INFO] Tests are skipped.
[INFO] 
[INFO] --- maven-jar-plugin:2.6:jar (default-jar) @ imageio-icns ---
[INFO] Building jar: /home/travis/build/passed/haraldk/TwelveMonkeys/imageio/imageio-icns/target/twelvemonkeys-imageio-icns-3.3-SNAPSHOT.jar
[INFO] 
[INFO] --- maven-jar-plugin:2.6:test-jar (attach-tests) @ imageio-icns ---
[INFO] Building jar: /home/travis/build/passed/haraldk/TwelveMonkeys/imageio/imageio-icns/target/twelvemonkeys-imageio-icns-3.3-SNAPSHOT-tests.jar
[INFO] 
[INFO] >>> maven-source-plugin:2.4:jar (attach-sources) > generate-sources @ imageio-icns >>>
[INFO] 
[INFO] --- maven-enforcer-plugin:1.2:enforce (enforce-maven) @ imageio-icns ---
[INFO] 
[INFO] <<< maven-source-plugin:2.4:jar (attach-sources) < generate-sources @ imageio-icns <<<
[INFO] 
[INFO] --- maven-source-plugin:2.4:jar (attach-sources) @ imageio-icns ---
[INFO] Building jar: /home/travis/build/passed/haraldk/TwelveMonkeys/imageio/imageio-icns/target/twelvemonkeys-imageio-icns-3.3-SNAPSHOT-sources.jar
[INFO] 
[INFO] >>> maven-source-plugin:2.4:test-jar (attach-sources) > generate-sources @ imageio-icns >>>
[INFO] 
[INFO] --- maven-enforcer-plugin:1.2:enforce (enforce-maven) @ imageio-icns ---
[INFO] 
[INFO] <<< maven-source-plugin:2.4:test-jar (attach-sources) < generate-sources @ imageio-icns <<<
[INFO] 
[INFO] --- maven-source-plugin:2.4:test-jar (attach-sources) @ imageio-icns ---
[INFO] Building jar: /home/travis/build/passed/haraldk/TwelveMonkeys/imageio/imageio-icns/target/twelvemonkeys-imageio-icns-3.3-SNAPSHOT-test-sources.jar
[INFO] 
[INFO] --- maven-install-plugin:2.4:install (default-install) @ imageio-icns ---
[INFO] Installing /home/travis/build/passed/haraldk/TwelveMonkeys/imageio/imageio-icns/target/twelvemonkeys-imageio-icns-3.3-SNAPSHOT.jar to /home/travis/.m2/repository/com/twelvemonkeys/imageio/imageio-icns/3.3-SNAPSHOT/imageio-icns-3.3-SNAPSHOT.jar
[INFO] Installing /home/travis/build/passed/haraldk/TwelveMonkeys/imageio/imageio-icns/pom.xml to /home/travis/.m2/repository/com/twelvemonkeys/imageio/imageio-icns/3.3-SNAPSHOT/imageio-icns-3.3-SNAPSHOT.pom
[INFO] Installing /home/travis/build/passed/haraldk/TwelveMonkeys/imageio/imageio-icns/target/twelvemonkeys-imageio-icns-3.3-SNAPSHOT-tests.jar to /home/travis/.m2/repository/com/twelvemonkeys/imageio/imageio-icns/3.3-SNAPSHOT/imageio-icns-3.3-SNAPSHOT-tests.jar
[INFO] Installing /home/travis/build/passed/haraldk/TwelveMonkeys/imageio/imageio-icns/target/twelvemonkeys-imageio-icns-3.3-SNAPSHOT-sources.jar to /home/travis/.m2/repository/com/twelvemonkeys/imageio/imageio-icns/3.3-SNAPSHOT/imageio-icns-3.3-SNAPSHOT-sources.jar
[INFO] Installing /home/travis/build/passed/haraldk/TwelveMonkeys/imageio/imageio-icns/target/twelvemonkeys-imageio-icns-3.3-SNAPSHOT-test-sources.jar to /home/travis/.m2/repository/com/twelvemonkeys/imageio/imageio-icns/3.3-SNAPSHOT/imageio-icns-3.3-SNAPSHOT-test-sources.jar
[INFO]                                                                         
[INFO] ------------------------------------------------------------------------
[INFO] Building TwelveMonkeys :: ImageIO :: IFF plugin 3.3-SNAPSHOT
[INFO] ------------------------------------------------------------------------
[INFO] 
[INFO] --- maven-enforcer-plugin:1.2:enforce (enforce-maven) @ imageio-iff ---
[INFO] 
[INFO] --- maven-resources-plugin:2.7:resources (default-resources) @ imageio-iff ---
[INFO] Using 'UTF-8' encoding to copy filtered resources.
[INFO] Copying 2 resources
[INFO] 
[INFO] --- maven-compiler-plugin:3.3:compile (default-compile) @ imageio-iff ---
[INFO] Changes detected - recompiling the module!
[INFO] Compiling 20 source files to /home/travis/build/passed/haraldk/TwelveMonkeys/imageio/imageio-iff/target/classes
[INFO] 
[INFO] --- maven-resources-plugin:2.7:testResources (default-testResources) @ imageio-iff ---
[INFO] Using 'UTF-8' encoding to copy filtered resources.
[INFO] Copying 14 resources
[INFO] 
[INFO] --- maven-compiler-plugin:3.3:testCompile (default-testCompile) @ imageio-iff ---
[INFO] Changes detected - recompiling the module!
[INFO] Compiling 3 source files to /home/travis/build/passed/haraldk/TwelveMonkeys/imageio/imageio-iff/target/test-classes
[INFO] 
[INFO] --- maven-surefire-plugin:2.18.1:test (default-test) @ imageio-iff ---
[INFO] Tests are skipped.
[INFO] 
[INFO] --- maven-jar-plugin:2.6:jar (default-jar) @ imageio-iff ---
[INFO] Building jar: /home/travis/build/passed/haraldk/TwelveMonkeys/imageio/imageio-iff/target/twelvemonkeys-imageio-iff-3.3-SNAPSHOT.jar
[INFO] 
[INFO] --- maven-jar-plugin:2.6:test-jar (attach-tests) @ imageio-iff ---
[INFO] Building jar: /home/travis/build/passed/haraldk/TwelveMonkeys/imageio/imageio-iff/target/twelvemonkeys-imageio-iff-3.3-SNAPSHOT-tests.jar
[INFO] 
[INFO] >>> maven-source-plugin:2.4:jar (attach-sources) > generate-sources @ imageio-iff >>>
[INFO] 
[INFO] --- maven-enforcer-plugin:1.2:enforce (enforce-maven) @ imageio-iff ---
[INFO] 
[INFO] <<< maven-source-plugin:2.4:jar (attach-sources) < generate-sources @ imageio-iff <<<
[INFO] 
[INFO] --- maven-source-plugin:2.4:jar (attach-sources) @ imageio-iff ---
[INFO] Building jar: /home/travis/build/passed/haraldk/TwelveMonkeys/imageio/imageio-iff/target/twelvemonkeys-imageio-iff-3.3-SNAPSHOT-sources.jar
[INFO] 
[INFO] >>> maven-source-plugin:2.4:test-jar (attach-sources) > generate-sources @ imageio-iff >>>
[INFO] 
[INFO] --- maven-enforcer-plugin:1.2:enforce (enforce-maven) @ imageio-iff ---
[INFO] 
[INFO] <<< maven-source-plugin:2.4:test-jar (attach-sources) < generate-sources @ imageio-iff <<<
[INFO] 
[INFO] --- maven-source-plugin:2.4:test-jar (attach-sources) @ imageio-iff ---
[INFO] Building jar: /home/travis/build/passed/haraldk/TwelveMonkeys/imageio/imageio-iff/target/twelvemonkeys-imageio-iff-3.3-SNAPSHOT-test-sources.jar
[INFO] 
[INFO] --- maven-install-plugin:2.4:install (default-install) @ imageio-iff ---
[INFO] Installing /home/travis/build/passed/haraldk/TwelveMonkeys/imageio/imageio-iff/target/twelvemonkeys-imageio-iff-3.3-SNAPSHOT.jar to /home/travis/.m2/repository/com/twelvemonkeys/imageio/imageio-iff/3.3-SNAPSHOT/imageio-iff-3.3-SNAPSHOT.jar
[INFO] Installing /home/travis/build/passed/haraldk/TwelveMonkeys/imageio/imageio-iff/pom.xml to /home/travis/.m2/repository/com/twelvemonkeys/imageio/imageio-iff/3.3-SNAPSHOT/imageio-iff-3.3-SNAPSHOT.pom
[INFO] Installing /home/travis/build/passed/haraldk/TwelveMonkeys/imageio/imageio-iff/target/twelvemonkeys-imageio-iff-3.3-SNAPSHOT-tests.jar to /home/travis/.m2/repository/com/twelvemonkeys/imageio/imageio-iff/3.3-SNAPSHOT/imageio-iff-3.3-SNAPSHOT-tests.jar
[INFO] Installing /home/travis/build/passed/haraldk/TwelveMonkeys/imageio/imageio-iff/target/twelvemonkeys-imageio-iff-3.3-SNAPSHOT-sources.jar to /home/travis/.m2/repository/com/twelvemonkeys/imageio/imageio-iff/3.3-SNAPSHOT/imageio-iff-3.3-SNAPSHOT-sources.jar
[INFO] Installing /home/travis/build/passed/haraldk/TwelveMonkeys/imageio/imageio-iff/target/twelvemonkeys-imageio-iff-3.3-SNAPSHOT-test-sources.jar to /home/travis/.m2/repository/com/twelvemonkeys/imageio/imageio-iff/3.3-SNAPSHOT/imageio-iff-3.3-SNAPSHOT-test-sources.jar
[INFO]                                                                         
[INFO] ------------------------------------------------------------------------
[INFO] Building TwelveMonkeys :: ImageIO :: JPEG plugin 3.3-SNAPSHOT
[INFO] ------------------------------------------------------------------------
[INFO] 
[INFO] --- maven-enforcer-plugin:1.2:enforce (enforce-maven) @ imageio-jpeg ---
[INFO] 
[INFO] --- maven-resources-plugin:2.7:resources (default-resources) @ imageio-jpeg ---
[INFO] Using 'UTF-8' encoding to copy filtered resources.
[INFO] Copying 2 resources
[INFO] 
[INFO] --- maven-compiler-plugin:3.3:compile (default-compile) @ imageio-jpeg ---
[INFO] Changes detected - recompiling the module!
[INFO] Compiling 19 source files to /home/travis/build/passed/haraldk/TwelveMonkeys/imageio/imageio-jpeg/target/classes
[INFO] /home/travis/build/passed/haraldk/TwelveMonkeys/imageio/imageio-jpeg/src/main/java/com/twelvemonkeys/imageio/plugins/jpeg/JPEGImageWriterSpi.java: /home/travis/build/passed/haraldk/TwelveMonkeys/imageio/imageio-jpeg/src/main/java/com/twelvemonkeys/imageio/plugins/jpeg/JPEGImageWriterSpi.java uses or overrides a deprecated API.
[INFO] /home/travis/build/passed/haraldk/TwelveMonkeys/imageio/imageio-jpeg/src/main/java/com/twelvemonkeys/imageio/plugins/jpeg/JPEGImageWriterSpi.java: Recompile with -Xlint:deprecation for details.
[INFO] 
[INFO] --- maven-resources-plugin:2.7:testResources (default-testResources) @ imageio-jpeg ---
[INFO] Using 'UTF-8' encoding to copy filtered resources.
[INFO] Copying 50 resources
[INFO] 
[INFO] --- maven-compiler-plugin:3.3:testCompile (default-testCompile) @ imageio-jpeg ---
[INFO] Changes detected - recompiling the module!
[INFO] Compiling 9 source files to /home/travis/build/passed/haraldk/TwelveMonkeys/imageio/imageio-jpeg/target/test-classes
[INFO] 
[INFO] --- maven-surefire-plugin:2.18.1:test (default-test) @ imageio-jpeg ---
[INFO] Tests are skipped.
[INFO] 
[INFO] --- maven-jar-plugin:2.6:jar (default-jar) @ imageio-jpeg ---
[INFO] Building jar: /home/travis/build/passed/haraldk/TwelveMonkeys/imageio/imageio-jpeg/target/twelvemonkeys-imageio-jpeg-3.3-SNAPSHOT.jar
[INFO] 
[INFO] --- maven-jar-plugin:2.6:test-jar (attach-tests) @ imageio-jpeg ---
[INFO] Building jar: /home/travis/build/passed/haraldk/TwelveMonkeys/imageio/imageio-jpeg/target/twelvemonkeys-imageio-jpeg-3.3-SNAPSHOT-tests.jar
[INFO] 
[INFO] >>> maven-source-plugin:2.4:jar (attach-sources) > generate-sources @ imageio-jpeg >>>
[INFO] 
[INFO] --- maven-enforcer-plugin:1.2:enforce (enforce-maven) @ imageio-jpeg ---
[INFO] 
[INFO] <<< maven-source-plugin:2.4:jar (attach-sources) < generate-sources @ imageio-jpeg <<<
[INFO] 
[INFO] --- maven-source-plugin:2.4:jar (attach-sources) @ imageio-jpeg ---
[INFO] Building jar: /home/travis/build/passed/haraldk/TwelveMonkeys/imageio/imageio-jpeg/target/twelvemonkeys-imageio-jpeg-3.3-SNAPSHOT-sources.jar
[INFO] 
[INFO] >>> maven-source-plugin:2.4:test-jar (attach-sources) > generate-sources @ imageio-jpeg >>>
[INFO] 
[INFO] --- maven-enforcer-plugin:1.2:enforce (enforce-maven) @ imageio-jpeg ---
[INFO] 
[INFO] <<< maven-source-plugin:2.4:test-jar (attach-sources) < generate-sources @ imageio-jpeg <<<
[INFO] 
[INFO] --- maven-source-plugin:2.4:test-jar (attach-sources) @ imageio-jpeg ---
[INFO] Building jar: /home/travis/build/passed/haraldk/TwelveMonkeys/imageio/imageio-jpeg/target/twelvemonkeys-imageio-jpeg-3.3-SNAPSHOT-test-sources.jar
[INFO] 
[INFO] --- maven-install-plugin:2.4:install (default-install) @ imageio-jpeg ---
[INFO] Installing /home/travis/build/passed/haraldk/TwelveMonkeys/imageio/imageio-jpeg/target/twelvemonkeys-imageio-jpeg-3.3-SNAPSHOT.jar to /home/travis/.m2/repository/com/twelvemonkeys/imageio/imageio-jpeg/3.3-SNAPSHOT/imageio-jpeg-3.3-SNAPSHOT.jar
[INFO] Installing /home/travis/build/passed/haraldk/TwelveMonkeys/imageio/imageio-jpeg/pom.xml to /home/travis/.m2/repository/com/twelvemonkeys/imageio/imageio-jpeg/3.3-SNAPSHOT/imageio-jpeg-3.3-SNAPSHOT.pom
[INFO] Installing /home/travis/build/passed/haraldk/TwelveMonkeys/imageio/imageio-jpeg/target/twelvemonkeys-imageio-jpeg-3.3-SNAPSHOT-tests.jar to /home/travis/.m2/repository/com/twelvemonkeys/imageio/imageio-jpeg/3.3-SNAPSHOT/imageio-jpeg-3.3-SNAPSHOT-tests.jar
[INFO] Installing /home/travis/build/passed/haraldk/TwelveMonkeys/imageio/imageio-jpeg/target/twelvemonkeys-imageio-jpeg-3.3-SNAPSHOT-sources.jar to /home/travis/.m2/repository/com/twelvemonkeys/imageio/imageio-jpeg/3.3-SNAPSHOT/imageio-jpeg-3.3-SNAPSHOT-sources.jar
[INFO] Installing /home/travis/build/passed/haraldk/TwelveMonkeys/imageio/imageio-jpeg/target/twelvemonkeys-imageio-jpeg-3.3-SNAPSHOT-test-sources.jar to /home/travis/.m2/repository/com/twelvemonkeys/imageio/imageio-jpeg/3.3-SNAPSHOT/imageio-jpeg-3.3-SNAPSHOT-test-sources.jar
[INFO]                                                                         
[INFO] ------------------------------------------------------------------------
[INFO] Building TwelveMonkeys :: ImageIO :: PCX plugin 3.3-SNAPSHOT
[INFO] ------------------------------------------------------------------------
[INFO] 
[INFO] --- maven-enforcer-plugin:1.2:enforce (enforce-maven) @ imageio-pcx ---
[INFO] 
[INFO] --- maven-resources-plugin:2.7:resources (default-resources) @ imageio-pcx ---
[INFO] Using 'UTF-8' encoding to copy filtered resources.
[INFO] Copying 1 resource
[INFO] 
[INFO] --- maven-compiler-plugin:3.3:compile (default-compile) @ imageio-pcx ---
[INFO] Changes detected - recompiling the module!
[INFO] Compiling 14 source files to /home/travis/build/passed/haraldk/TwelveMonkeys/imageio/imageio-pcx/target/classes
[INFO] 
[INFO] --- maven-resources-plugin:2.7:testResources (default-testResources) @ imageio-pcx ---
[INFO] Using 'UTF-8' encoding to copy filtered resources.
[INFO] Copying 19 resources
[INFO] 
[INFO] --- maven-compiler-plugin:3.3:testCompile (default-testCompile) @ imageio-pcx ---
[INFO] Changes detected - recompiling the module!
[INFO] Compiling 4 source files to /home/travis/build/passed/haraldk/TwelveMonkeys/imageio/imageio-pcx/target/test-classes
[INFO] 
[INFO] --- maven-surefire-plugin:2.18.1:test (default-test) @ imageio-pcx ---
[INFO] Tests are skipped.
[INFO] 
[INFO] --- maven-jar-plugin:2.6:jar (default-jar) @ imageio-pcx ---
[INFO] Building jar: /home/travis/build/passed/haraldk/TwelveMonkeys/imageio/imageio-pcx/target/twelvemonkeys-imageio-pcx-3.3-SNAPSHOT.jar
[INFO] 
[INFO] --- maven-jar-plugin:2.6:test-jar (attach-tests) @ imageio-pcx ---
[INFO] Building jar: /home/travis/build/passed/haraldk/TwelveMonkeys/imageio/imageio-pcx/target/twelvemonkeys-imageio-pcx-3.3-SNAPSHOT-tests.jar
[INFO] 
[INFO] >>> maven-source-plugin:2.4:jar (attach-sources) > generate-sources @ imageio-pcx >>>
[INFO] 
[INFO] --- maven-enforcer-plugin:1.2:enforce (enforce-maven) @ imageio-pcx ---
[INFO] 
[INFO] <<< maven-source-plugin:2.4:jar (attach-sources) < generate-sources @ imageio-pcx <<<
[INFO] 
[INFO] --- maven-source-plugin:2.4:jar (attach-sources) @ imageio-pcx ---
[INFO] Building jar: /home/travis/build/passed/haraldk/TwelveMonkeys/imageio/imageio-pcx/target/twelvemonkeys-imageio-pcx-3.3-SNAPSHOT-sources.jar
[INFO] 
[INFO] >>> maven-source-plugin:2.4:test-jar (attach-sources) > generate-sources @ imageio-pcx >>>
[INFO] 
[INFO] --- maven-enforcer-plugin:1.2:enforce (enforce-maven) @ imageio-pcx ---
[INFO] 
[INFO] <<< maven-source-plugin:2.4:test-jar (attach-sources) < generate-sources @ imageio-pcx <<<
[INFO] 
[INFO] --- maven-source-plugin:2.4:test-jar (attach-sources) @ imageio-pcx ---
[INFO] Building jar: /home/travis/build/passed/haraldk/TwelveMonkeys/imageio/imageio-pcx/target/twelvemonkeys-imageio-pcx-3.3-SNAPSHOT-test-sources.jar
[INFO] 
[INFO] --- maven-install-plugin:2.4:install (default-install) @ imageio-pcx ---
[INFO] Installing /home/travis/build/passed/haraldk/TwelveMonkeys/imageio/imageio-pcx/target/twelvemonkeys-imageio-pcx-3.3-SNAPSHOT.jar to /home/travis/.m2/repository/com/twelvemonkeys/imageio/imageio-pcx/3.3-SNAPSHOT/imageio-pcx-3.3-SNAPSHOT.jar
[INFO] Installing /home/travis/build/passed/haraldk/TwelveMonkeys/imageio/imageio-pcx/pom.xml to /home/travis/.m2/repository/com/twelvemonkeys/imageio/imageio-pcx/3.3-SNAPSHOT/imageio-pcx-3.3-SNAPSHOT.pom
[INFO] Installing /home/travis/build/passed/haraldk/TwelveMonkeys/imageio/imageio-pcx/target/twelvemonkeys-imageio-pcx-3.3-SNAPSHOT-tests.jar to /home/travis/.m2/repository/com/twelvemonkeys/imageio/imageio-pcx/3.3-SNAPSHOT/imageio-pcx-3.3-SNAPSHOT-tests.jar
[INFO] Installing /home/travis/build/passed/haraldk/TwelveMonkeys/imageio/imageio-pcx/target/twelvemonkeys-imageio-pcx-3.3-SNAPSHOT-sources.jar to /home/travis/.m2/repository/com/twelvemonkeys/imageio/imageio-pcx/3.3-SNAPSHOT/imageio-pcx-3.3-SNAPSHOT-sources.jar
[INFO] Installing /home/travis/build/passed/haraldk/TwelveMonkeys/imageio/imageio-pcx/target/twelvemonkeys-imageio-pcx-3.3-SNAPSHOT-test-sources.jar to /home/travis/.m2/repository/com/twelvemonkeys/imageio/imageio-pcx/3.3-SNAPSHOT/imageio-pcx-3.3-SNAPSHOT-test-sources.jar
[INFO]                                                                         
[INFO] ------------------------------------------------------------------------
[INFO] Building TwelveMonkeys :: ImageIO :: PDF plugin 3.3-SNAPSHOT
[INFO] ------------------------------------------------------------------------
[INFO] 
[INFO] --- maven-enforcer-plugin:1.2:enforce (enforce-maven) @ imageio-pdf ---
[INFO] 
[INFO] --- maven-resources-plugin:2.7:resources (default-resources) @ imageio-pdf ---
[INFO] Using 'UTF-8' encoding to copy filtered resources.
[INFO] skip non existing resourceDirectory /home/travis/build/passed/haraldk/TwelveMonkeys/imageio/imageio-pdf/src/main/resources
[INFO] 
[INFO] --- maven-compiler-plugin:3.3:compile (default-compile) @ imageio-pdf ---
[INFO] No sources to compile
[INFO] 
[INFO] --- maven-resources-plugin:2.7:testResources (default-testResources) @ imageio-pdf ---
[INFO] Using 'UTF-8' encoding to copy filtered resources.
[INFO] skip non existing resourceDirectory /home/travis/build/passed/haraldk/TwelveMonkeys/imageio/imageio-pdf/src/test/resources
[INFO] 
[INFO] --- maven-compiler-plugin:3.3:testCompile (default-testCompile) @ imageio-pdf ---
[INFO] No sources to compile
[INFO] 
[INFO] --- maven-surefire-plugin:2.18.1:test (default-test) @ imageio-pdf ---
[INFO] Tests are skipped.
[INFO] 
[INFO] --- maven-jar-plugin:2.6:jar (default-jar) @ imageio-pdf ---
[WARNING] JAR will be empty - no content was marked for inclusion!
[INFO] Building jar: /home/travis/build/passed/haraldk/TwelveMonkeys/imageio/imageio-pdf/target/twelvemonkeys-imageio-pdf-3.3-SNAPSHOT.jar
[INFO] 
[INFO] --- maven-jar-plugin:2.6:test-jar (attach-tests) @ imageio-pdf ---
[WARNING] JAR will be empty - no content was marked for inclusion!
[INFO] Building jar: /home/travis/build/passed/haraldk/TwelveMonkeys/imageio/imageio-pdf/target/twelvemonkeys-imageio-pdf-3.3-SNAPSHOT-tests.jar
[INFO] 
[INFO] >>> maven-source-plugin:2.4:jar (attach-sources) > generate-sources @ imageio-pdf >>>
[INFO] 
[INFO] --- maven-enforcer-plugin:1.2:enforce (enforce-maven) @ imageio-pdf ---
[INFO] 
[INFO] <<< maven-source-plugin:2.4:jar (attach-sources) < generate-sources @ imageio-pdf <<<
[INFO] 
[INFO] --- maven-source-plugin:2.4:jar (attach-sources) @ imageio-pdf ---
[INFO] No sources in project. Archive not created.
[INFO] 
[INFO] >>> maven-source-plugin:2.4:test-jar (attach-sources) > generate-sources @ imageio-pdf >>>
[INFO] 
[INFO] --- maven-enforcer-plugin:1.2:enforce (enforce-maven) @ imageio-pdf ---
[INFO] 
[INFO] <<< maven-source-plugin:2.4:test-jar (attach-sources) < generate-sources @ imageio-pdf <<<
[INFO] 
[INFO] --- maven-source-plugin:2.4:test-jar (attach-sources) @ imageio-pdf ---
[INFO] No sources in project. Archive not created.
[INFO] 
[INFO] --- maven-install-plugin:2.4:install (default-install) @ imageio-pdf ---
[INFO] Installing /home/travis/build/passed/haraldk/TwelveMonkeys/imageio/imageio-pdf/target/twelvemonkeys-imageio-pdf-3.3-SNAPSHOT.jar to /home/travis/.m2/repository/com/twelvemonkeys/imageio/imageio-pdf/3.3-SNAPSHOT/imageio-pdf-3.3-SNAPSHOT.jar
[INFO] Installing /home/travis/build/passed/haraldk/TwelveMonkeys/imageio/imageio-pdf/pom.xml to /home/travis/.m2/repository/com/twelvemonkeys/imageio/imageio-pdf/3.3-SNAPSHOT/imageio-pdf-3.3-SNAPSHOT.pom
[INFO] Installing /home/travis/build/passed/haraldk/TwelveMonkeys/imageio/imageio-pdf/target/twelvemonkeys-imageio-pdf-3.3-SNAPSHOT-tests.jar to /home/travis/.m2/repository/com/twelvemonkeys/imageio/imageio-pdf/3.3-SNAPSHOT/imageio-pdf-3.3-SNAPSHOT-tests.jar
[INFO]                                                                         
[INFO] ------------------------------------------------------------------------
[INFO] Building TwelveMonkeys :: ImageIO :: PICT plugin 3.3-SNAPSHOT
[INFO] ------------------------------------------------------------------------
[INFO] 
[INFO] --- maven-enforcer-plugin:1.2:enforce (enforce-maven) @ imageio-pict ---
[INFO] 
[INFO] --- maven-resources-plugin:2.7:resources (default-resources) @ imageio-pict ---
[INFO] Using 'UTF-8' encoding to copy filtered resources.
[INFO] Copying 2 resources
[INFO] 
[INFO] --- maven-compiler-plugin:3.3:compile (default-compile) @ imageio-pict ---
[INFO] Changes detected - recompiling the module!
[INFO] Compiling 24 source files to /home/travis/build/passed/haraldk/TwelveMonkeys/imageio/imageio-pict/target/classes
[INFO] 
[INFO] --- maven-resources-plugin:2.7:testResources (default-testResources) @ imageio-pict ---
[INFO] Using 'UTF-8' encoding to copy filtered resources.
[INFO] Copying 37 resources
[INFO] 
[INFO] --- maven-compiler-plugin:3.3:testCompile (default-testCompile) @ imageio-pict ---
[INFO] Changes detected - recompiling the module!
[INFO] Compiling 3 source files to /home/travis/build/passed/haraldk/TwelveMonkeys/imageio/imageio-pict/target/test-classes
[INFO] 
[INFO] --- maven-surefire-plugin:2.18.1:test (default-test) @ imageio-pict ---
[INFO] Tests are skipped.
[INFO] 
[INFO] --- maven-jar-plugin:2.6:jar (default-jar) @ imageio-pict ---
[INFO] Building jar: /home/travis/build/passed/haraldk/TwelveMonkeys/imageio/imageio-pict/target/twelvemonkeys-imageio-pict-3.3-SNAPSHOT.jar
[INFO] 
[INFO] --- maven-jar-plugin:2.6:test-jar (attach-tests) @ imageio-pict ---
[INFO] Building jar: /home/travis/build/passed/haraldk/TwelveMonkeys/imageio/imageio-pict/target/twelvemonkeys-imageio-pict-3.3-SNAPSHOT-tests.jar
[INFO] 
[INFO] >>> maven-source-plugin:2.4:jar (attach-sources) > generate-sources @ imageio-pict >>>
[INFO] 
[INFO] --- maven-enforcer-plugin:1.2:enforce (enforce-maven) @ imageio-pict ---
[INFO] 
[INFO] <<< maven-source-plugin:2.4:jar (attach-sources) < generate-sources @ imageio-pict <<<
[INFO] 
[INFO] --- maven-source-plugin:2.4:jar (attach-sources) @ imageio-pict ---
[INFO] Building jar: /home/travis/build/passed/haraldk/TwelveMonkeys/imageio/imageio-pict/target/twelvemonkeys-imageio-pict-3.3-SNAPSHOT-sources.jar
[INFO] 
[INFO] >>> maven-source-plugin:2.4:test-jar (attach-sources) > generate-sources @ imageio-pict >>>
[INFO] 
[INFO] --- maven-enforcer-plugin:1.2:enforce (enforce-maven) @ imageio-pict ---
[INFO] 
[INFO] <<< maven-source-plugin:2.4:test-jar (attach-sources) < generate-sources @ imageio-pict <<<
[INFO] 
[INFO] --- maven-source-plugin:2.4:test-jar (attach-sources) @ imageio-pict ---
[INFO] Building jar: /home/travis/build/passed/haraldk/TwelveMonkeys/imageio/imageio-pict/target/twelvemonkeys-imageio-pict-3.3-SNAPSHOT-test-sources.jar
[INFO] 
[INFO] --- maven-install-plugin:2.4:install (default-install) @ imageio-pict ---
[INFO] Installing /home/travis/build/passed/haraldk/TwelveMonkeys/imageio/imageio-pict/target/twelvemonkeys-imageio-pict-3.3-SNAPSHOT.jar to /home/travis/.m2/repository/com/twelvemonkeys/imageio/imageio-pict/3.3-SNAPSHOT/imageio-pict-3.3-SNAPSHOT.jar
[INFO] Installing /home/travis/build/passed/haraldk/TwelveMonkeys/imageio/imageio-pict/pom.xml to /home/travis/.m2/repository/com/twelvemonkeys/imageio/imageio-pict/3.3-SNAPSHOT/imageio-pict-3.3-SNAPSHOT.pom
[INFO] Installing /home/travis/build/passed/haraldk/TwelveMonkeys/imageio/imageio-pict/target/twelvemonkeys-imageio-pict-3.3-SNAPSHOT-tests.jar to /home/travis/.m2/repository/com/twelvemonkeys/imageio/imageio-pict/3.3-SNAPSHOT/imageio-pict-3.3-SNAPSHOT-tests.jar
[INFO] Installing /home/travis/build/passed/haraldk/TwelveMonkeys/imageio/imageio-pict/target/twelvemonkeys-imageio-pict-3.3-SNAPSHOT-sources.jar to /home/travis/.m2/repository/com/twelvemonkeys/imageio/imageio-pict/3.3-SNAPSHOT/imageio-pict-3.3-SNAPSHOT-sources.jar
[INFO] Installing /home/travis/build/passed/haraldk/TwelveMonkeys/imageio/imageio-pict/target/twelvemonkeys-imageio-pict-3.3-SNAPSHOT-test-sources.jar to /home/travis/.m2/repository/com/twelvemonkeys/imageio/imageio-pict/3.3-SNAPSHOT/imageio-pict-3.3-SNAPSHOT-test-sources.jar
[INFO]                                                                         
[INFO] ------------------------------------------------------------------------
[INFO] Building TwelveMonkeys :: ImageIO :: PNM plugin 3.3-SNAPSHOT
[INFO] ------------------------------------------------------------------------
[INFO] 
[INFO] --- maven-enforcer-plugin:1.2:enforce (enforce-maven) @ imageio-pnm ---
[INFO] 
[INFO] --- maven-resources-plugin:2.7:resources (default-resources) @ imageio-pnm ---
[INFO] Using 'UTF-8' encoding to copy filtered resources.
[INFO] Copying 2 resources
[INFO] 
[INFO] --- maven-compiler-plugin:3.3:compile (default-compile) @ imageio-pnm ---
[INFO] Changes detected - recompiling the module!
[INFO] Compiling 20 source files to /home/travis/build/passed/haraldk/TwelveMonkeys/imageio/imageio-pnm/target/classes
[INFO] 
[INFO] --- maven-resources-plugin:2.7:testResources (default-testResources) @ imageio-pnm ---
[INFO] Using 'UTF-8' encoding to copy filtered resources.
[INFO] Copying 14 resources
[INFO] 
[INFO] --- maven-compiler-plugin:3.3:testCompile (default-testCompile) @ imageio-pnm ---
[INFO] Changes detected - recompiling the module!
[INFO] Compiling 5 source files to /home/travis/build/passed/haraldk/TwelveMonkeys/imageio/imageio-pnm/target/test-classes
[INFO] 
[INFO] --- maven-surefire-plugin:2.18.1:test (default-test) @ imageio-pnm ---
[INFO] Tests are skipped.
[INFO] 
[INFO] --- maven-jar-plugin:2.6:jar (default-jar) @ imageio-pnm ---
[INFO] Building jar: /home/travis/build/passed/haraldk/TwelveMonkeys/imageio/imageio-pnm/target/twelvemonkeys-imageio-pnm-3.3-SNAPSHOT.jar
[INFO] 
[INFO] --- maven-jar-plugin:2.6:test-jar (attach-tests) @ imageio-pnm ---
[INFO] Building jar: /home/travis/build/passed/haraldk/TwelveMonkeys/imageio/imageio-pnm/target/twelvemonkeys-imageio-pnm-3.3-SNAPSHOT-tests.jar
[INFO] 
[INFO] >>> maven-source-plugin:2.4:jar (attach-sources) > generate-sources @ imageio-pnm >>>
[INFO] 
[INFO] --- maven-enforcer-plugin:1.2:enforce (enforce-maven) @ imageio-pnm ---
[INFO] 
[INFO] <<< maven-source-plugin:2.4:jar (attach-sources) < generate-sources @ imageio-pnm <<<
[INFO] 
[INFO] --- maven-source-plugin:2.4:jar (attach-sources) @ imageio-pnm ---
[INFO] Building jar: /home/travis/build/passed/haraldk/TwelveMonkeys/imageio/imageio-pnm/target/twelvemonkeys-imageio-pnm-3.3-SNAPSHOT-sources.jar
[INFO] 
[INFO] >>> maven-source-plugin:2.4:test-jar (attach-sources) > generate-sources @ imageio-pnm >>>
[INFO] 
[INFO] --- maven-enforcer-plugin:1.2:enforce (enforce-maven) @ imageio-pnm ---
[INFO] 
[INFO] <<< maven-source-plugin:2.4:test-jar (attach-sources) < generate-sources @ imageio-pnm <<<
[INFO] 
[INFO] --- maven-source-plugin:2.4:test-jar (attach-sources) @ imageio-pnm ---
[INFO] Building jar: /home/travis/build/passed/haraldk/TwelveMonkeys/imageio/imageio-pnm/target/twelvemonkeys-imageio-pnm-3.3-SNAPSHOT-test-sources.jar
[INFO] 
[INFO] --- maven-install-plugin:2.4:install (default-install) @ imageio-pnm ---
[INFO] Installing /home/travis/build/passed/haraldk/TwelveMonkeys/imageio/imageio-pnm/target/twelvemonkeys-imageio-pnm-3.3-SNAPSHOT.jar to /home/travis/.m2/repository/com/twelvemonkeys/imageio/imageio-pnm/3.3-SNAPSHOT/imageio-pnm-3.3-SNAPSHOT.jar
[INFO] Installing /home/travis/build/passed/haraldk/TwelveMonkeys/imageio/imageio-pnm/pom.xml to /home/travis/.m2/repository/com/twelvemonkeys/imageio/imageio-pnm/3.3-SNAPSHOT/imageio-pnm-3.3-SNAPSHOT.pom
[INFO] Installing /home/travis/build/passed/haraldk/TwelveMonkeys/imageio/imageio-pnm/target/twelvemonkeys-imageio-pnm-3.3-SNAPSHOT-tests.jar to /home/travis/.m2/repository/com/twelvemonkeys/imageio/imageio-pnm/3.3-SNAPSHOT/imageio-pnm-3.3-SNAPSHOT-tests.jar
[INFO] Installing /home/travis/build/passed/haraldk/TwelveMonkeys/imageio/imageio-pnm/target/twelvemonkeys-imageio-pnm-3.3-SNAPSHOT-sources.jar to /home/travis/.m2/repository/com/twelvemonkeys/imageio/imageio-pnm/3.3-SNAPSHOT/imageio-pnm-3.3-SNAPSHOT-sources.jar
[INFO] Installing /home/travis/build/passed/haraldk/TwelveMonkeys/imageio/imageio-pnm/target/twelvemonkeys-imageio-pnm-3.3-SNAPSHOT-test-sources.jar to /home/travis/.m2/repository/com/twelvemonkeys/imageio/imageio-pnm/3.3-SNAPSHOT/imageio-pnm-3.3-SNAPSHOT-test-sources.jar
[INFO]                                                                         
[INFO] ------------------------------------------------------------------------
[INFO] Building TwelveMonkeys :: ImageIO :: PSD plugin 3.3-SNAPSHOT
[INFO] ------------------------------------------------------------------------
[INFO] 
[INFO] --- maven-enforcer-plugin:1.2:enforce (enforce-maven) @ imageio-psd ---
[INFO] 
[INFO] --- maven-resources-plugin:2.7:resources (default-resources) @ imageio-psd ---
[INFO] Using 'UTF-8' encoding to copy filtered resources.
[INFO] Copying 1 resource
[INFO] 
[INFO] --- maven-compiler-plugin:3.3:compile (default-compile) @ imageio-psd ---
[INFO] Changes detected - recompiling the module!
[INFO] Compiling 32 source files to /home/travis/build/passed/haraldk/TwelveMonkeys/imageio/imageio-psd/target/classes
[INFO] 
[INFO] --- maven-resources-plugin:2.7:testResources (default-testResources) @ imageio-psd ---
[INFO] Using 'UTF-8' encoding to copy filtered resources.
[INFO] Copying 29 resources
[INFO] 
[INFO] --- maven-compiler-plugin:3.3:testCompile (default-testCompile) @ imageio-psd ---
[INFO] Changes detected - recompiling the module!
[INFO] Compiling 2 source files to /home/travis/build/passed/haraldk/TwelveMonkeys/imageio/imageio-psd/target/test-classes
[INFO] 
[INFO] --- maven-surefire-plugin:2.18.1:test (default-test) @ imageio-psd ---
[INFO] Tests are skipped.
[INFO] 
[INFO] --- maven-jar-plugin:2.6:jar (default-jar) @ imageio-psd ---
[INFO] Building jar: /home/travis/build/passed/haraldk/TwelveMonkeys/imageio/imageio-psd/target/twelvemonkeys-imageio-psd-3.3-SNAPSHOT.jar
[INFO] 
[INFO] --- maven-jar-plugin:2.6:test-jar (attach-tests) @ imageio-psd ---
[INFO] Building jar: /home/travis/build/passed/haraldk/TwelveMonkeys/imageio/imageio-psd/target/twelvemonkeys-imageio-psd-3.3-SNAPSHOT-tests.jar
[INFO] 
[INFO] >>> maven-source-plugin:2.4:jar (attach-sources) > generate-sources @ imageio-psd >>>
[INFO] 
[INFO] --- maven-enforcer-plugin:1.2:enforce (enforce-maven) @ imageio-psd ---
[INFO] 
[INFO] <<< maven-source-plugin:2.4:jar (attach-sources) < generate-sources @ imageio-psd <<<
[INFO] 
[INFO] --- maven-source-plugin:2.4:jar (attach-sources) @ imageio-psd ---
[INFO] Building jar: /home/travis/build/passed/haraldk/TwelveMonkeys/imageio/imageio-psd/target/twelvemonkeys-imageio-psd-3.3-SNAPSHOT-sources.jar
[INFO] 
[INFO] >>> maven-source-plugin:2.4:test-jar (attach-sources) > generate-sources @ imageio-psd >>>
[INFO] 
[INFO] --- maven-enforcer-plugin:1.2:enforce (enforce-maven) @ imageio-psd ---
[INFO] 
[INFO] <<< maven-source-plugin:2.4:test-jar (attach-sources) < generate-sources @ imageio-psd <<<
[INFO] 
[INFO] --- maven-source-plugin:2.4:test-jar (attach-sources) @ imageio-psd ---
[INFO] Building jar: /home/travis/build/passed/haraldk/TwelveMonkeys/imageio/imageio-psd/target/twelvemonkeys-imageio-psd-3.3-SNAPSHOT-test-sources.jar
[INFO] 
[INFO] --- maven-install-plugin:2.4:install (default-install) @ imageio-psd ---
[INFO] Installing /home/travis/build/passed/haraldk/TwelveMonkeys/imageio/imageio-psd/target/twelvemonkeys-imageio-psd-3.3-SNAPSHOT.jar to /home/travis/.m2/repository/com/twelvemonkeys/imageio/imageio-psd/3.3-SNAPSHOT/imageio-psd-3.3-SNAPSHOT.jar
[INFO] Installing /home/travis/build/passed/haraldk/TwelveMonkeys/imageio/imageio-psd/pom.xml to /home/travis/.m2/repository/com/twelvemonkeys/imageio/imageio-psd/3.3-SNAPSHOT/imageio-psd-3.3-SNAPSHOT.pom
[INFO] Installing /home/travis/build/passed/haraldk/TwelveMonkeys/imageio/imageio-psd/target/twelvemonkeys-imageio-psd-3.3-SNAPSHOT-tests.jar to /home/travis/.m2/repository/com/twelvemonkeys/imageio/imageio-psd/3.3-SNAPSHOT/imageio-psd-3.3-SNAPSHOT-tests.jar
[INFO] Installing /home/travis/build/passed/haraldk/TwelveMonkeys/imageio/imageio-psd/target/twelvemonkeys-imageio-psd-3.3-SNAPSHOT-sources.jar to /home/travis/.m2/repository/com/twelvemonkeys/imageio/imageio-psd/3.3-SNAPSHOT/imageio-psd-3.3-SNAPSHOT-sources.jar
[INFO] Installing /home/travis/build/passed/haraldk/TwelveMonkeys/imageio/imageio-psd/target/twelvemonkeys-imageio-psd-3.3-SNAPSHOT-test-sources.jar to /home/travis/.m2/repository/com/twelvemonkeys/imageio/imageio-psd/3.3-SNAPSHOT/imageio-psd-3.3-SNAPSHOT-test-sources.jar
[INFO]                                                                         
[INFO] ------------------------------------------------------------------------
[INFO] Building TwelveMonkeys :: ImageIO :: SGI plugin 3.3-SNAPSHOT
[INFO] ------------------------------------------------------------------------
[INFO] 
[INFO] --- maven-enforcer-plugin:1.2:enforce (enforce-maven) @ imageio-sgi ---
[INFO] 
[INFO] --- maven-resources-plugin:2.7:resources (default-resources) @ imageio-sgi ---
[INFO] Using 'UTF-8' encoding to copy filtered resources.
[INFO] Copying 1 resource
[INFO] 
[INFO] --- maven-compiler-plugin:3.3:compile (default-compile) @ imageio-sgi ---
[INFO] Changes detected - recompiling the module!
[INFO] Compiling 7 source files to /home/travis/build/passed/haraldk/TwelveMonkeys/imageio/imageio-sgi/target/classes
[INFO] 
[INFO] --- maven-resources-plugin:2.7:testResources (default-testResources) @ imageio-sgi ---
[INFO] Using 'UTF-8' encoding to copy filtered resources.
[INFO] Copying 1 resource
[INFO] 
[INFO] --- maven-compiler-plugin:3.3:testCompile (default-testCompile) @ imageio-sgi ---
[INFO] Changes detected - recompiling the module!
[INFO] Compiling 2 source files to /home/travis/build/passed/haraldk/TwelveMonkeys/imageio/imageio-sgi/target/test-classes
[INFO] 
[INFO] --- maven-surefire-plugin:2.18.1:test (default-test) @ imageio-sgi ---
[INFO] Tests are skipped.
[INFO] 
[INFO] --- maven-jar-plugin:2.6:jar (default-jar) @ imageio-sgi ---
[INFO] Building jar: /home/travis/build/passed/haraldk/TwelveMonkeys/imageio/imageio-sgi/target/twelvemonkeys-imageio-sgi-3.3-SNAPSHOT.jar
[INFO] 
[INFO] --- maven-jar-plugin:2.6:test-jar (attach-tests) @ imageio-sgi ---
[INFO] Building jar: /home/travis/build/passed/haraldk/TwelveMonkeys/imageio/imageio-sgi/target/twelvemonkeys-imageio-sgi-3.3-SNAPSHOT-tests.jar
[INFO] 
[INFO] >>> maven-source-plugin:2.4:jar (attach-sources) > generate-sources @ imageio-sgi >>>
[INFO] 
[INFO] --- maven-enforcer-plugin:1.2:enforce (enforce-maven) @ imageio-sgi ---
[INFO] 
[INFO] <<< maven-source-plugin:2.4:jar (attach-sources) < generate-sources @ imageio-sgi <<<
[INFO] 
[INFO] --- maven-source-plugin:2.4:jar (attach-sources) @ imageio-sgi ---
[INFO] Building jar: /home/travis/build/passed/haraldk/TwelveMonkeys/imageio/imageio-sgi/target/twelvemonkeys-imageio-sgi-3.3-SNAPSHOT-sources.jar
[INFO] 
[INFO] >>> maven-source-plugin:2.4:test-jar (attach-sources) > generate-sources @ imageio-sgi >>>
[INFO] 
[INFO] --- maven-enforcer-plugin:1.2:enforce (enforce-maven) @ imageio-sgi ---
[INFO] 
[INFO] <<< maven-source-plugin:2.4:test-jar (attach-sources) < generate-sources @ imageio-sgi <<<
[INFO] 
[INFO] --- maven-source-plugin:2.4:test-jar (attach-sources) @ imageio-sgi ---
[INFO] Building jar: /home/travis/build/passed/haraldk/TwelveMonkeys/imageio/imageio-sgi/target/twelvemonkeys-imageio-sgi-3.3-SNAPSHOT-test-sources.jar
[INFO] 
[INFO] --- maven-install-plugin:2.4:install (default-install) @ imageio-sgi ---
[INFO] Installing /home/travis/build/passed/haraldk/TwelveMonkeys/imageio/imageio-sgi/target/twelvemonkeys-imageio-sgi-3.3-SNAPSHOT.jar to /home/travis/.m2/repository/com/twelvemonkeys/imageio/imageio-sgi/3.3-SNAPSHOT/imageio-sgi-3.3-SNAPSHOT.jar
[INFO] Installing /home/travis/build/passed/haraldk/TwelveMonkeys/imageio/imageio-sgi/pom.xml to /home/travis/.m2/repository/com/twelvemonkeys/imageio/imageio-sgi/3.3-SNAPSHOT/imageio-sgi-3.3-SNAPSHOT.pom
[INFO] Installing /home/travis/build/passed/haraldk/TwelveMonkeys/imageio/imageio-sgi/target/twelvemonkeys-imageio-sgi-3.3-SNAPSHOT-tests.jar to /home/travis/.m2/repository/com/twelvemonkeys/imageio/imageio-sgi/3.3-SNAPSHOT/imageio-sgi-3.3-SNAPSHOT-tests.jar
[INFO] Installing /home/travis/build/passed/haraldk/TwelveMonkeys/imageio/imageio-sgi/target/twelvemonkeys-imageio-sgi-3.3-SNAPSHOT-sources.jar to /home/travis/.m2/repository/com/twelvemonkeys/imageio/imageio-sgi/3.3-SNAPSHOT/imageio-sgi-3.3-SNAPSHOT-sources.jar
[INFO] Installing /home/travis/build/passed/haraldk/TwelveMonkeys/imageio/imageio-sgi/target/twelvemonkeys-imageio-sgi-3.3-SNAPSHOT-test-sources.jar to /home/travis/.m2/repository/com/twelvemonkeys/imageio/imageio-sgi/3.3-SNAPSHOT/imageio-sgi-3.3-SNAPSHOT-test-sources.jar
[INFO]                                                                         
[INFO] ------------------------------------------------------------------------
[INFO] Building TwelveMonkeys :: ImageIO :: TGA plugin 3.3-SNAPSHOT
[INFO] ------------------------------------------------------------------------
[INFO] 
[INFO] --- maven-enforcer-plugin:1.2:enforce (enforce-maven) @ imageio-tga ---
[INFO] 
[INFO] --- maven-resources-plugin:2.7:resources (default-resources) @ imageio-tga ---
[INFO] Using 'UTF-8' encoding to copy filtered resources.
[INFO] Copying 1 resource
[INFO] 
[INFO] --- maven-compiler-plugin:3.3:compile (default-compile) @ imageio-tga ---
[INFO] Changes detected - recompiling the module!
[INFO] Compiling 8 source files to /home/travis/build/passed/haraldk/TwelveMonkeys/imageio/imageio-tga/target/classes
[INFO] 
[INFO] --- maven-resources-plugin:2.7:testResources (default-testResources) @ imageio-tga ---
[INFO] Using 'UTF-8' encoding to copy filtered resources.
[INFO] Copying 22 resources
[INFO] 
[INFO] --- maven-compiler-plugin:3.3:testCompile (default-testCompile) @ imageio-tga ---
[INFO] Changes detected - recompiling the module!
[INFO] Compiling 2 source files to /home/travis/build/passed/haraldk/TwelveMonkeys/imageio/imageio-tga/target/test-classes
[INFO] 
[INFO] --- maven-surefire-plugin:2.18.1:test (default-test) @ imageio-tga ---
[INFO] Tests are skipped.
[INFO] 
[INFO] --- maven-jar-plugin:2.6:jar (default-jar) @ imageio-tga ---
[INFO] Building jar: /home/travis/build/passed/haraldk/TwelveMonkeys/imageio/imageio-tga/target/twelvemonkeys-imageio-tga-3.3-SNAPSHOT.jar
[INFO] 
[INFO] --- maven-jar-plugin:2.6:test-jar (attach-tests) @ imageio-tga ---
[INFO] Building jar: /home/travis/build/passed/haraldk/TwelveMonkeys/imageio/imageio-tga/target/twelvemonkeys-imageio-tga-3.3-SNAPSHOT-tests.jar
[INFO] 
[INFO] >>> maven-source-plugin:2.4:jar (attach-sources) > generate-sources @ imageio-tga >>>
[INFO] 
[INFO] --- maven-enforcer-plugin:1.2:enforce (enforce-maven) @ imageio-tga ---
[INFO] 
[INFO] <<< maven-source-plugin:2.4:jar (attach-sources) < generate-sources @ imageio-tga <<<
[INFO] 
[INFO] --- maven-source-plugin:2.4:jar (attach-sources) @ imageio-tga ---
[INFO] Building jar: /home/travis/build/passed/haraldk/TwelveMonkeys/imageio/imageio-tga/target/twelvemonkeys-imageio-tga-3.3-SNAPSHOT-sources.jar
[INFO] 
[INFO] >>> maven-source-plugin:2.4:test-jar (attach-sources) > generate-sources @ imageio-tga >>>
[INFO] 
[INFO] --- maven-enforcer-plugin:1.2:enforce (enforce-maven) @ imageio-tga ---
[INFO] 
[INFO] <<< maven-source-plugin:2.4:test-jar (attach-sources) < generate-sources @ imageio-tga <<<
[INFO] 
[INFO] --- maven-source-plugin:2.4:test-jar (attach-sources) @ imageio-tga ---
[INFO] Building jar: /home/travis/build/passed/haraldk/TwelveMonkeys/imageio/imageio-tga/target/twelvemonkeys-imageio-tga-3.3-SNAPSHOT-test-sources.jar
[INFO] 
[INFO] --- maven-install-plugin:2.4:install (default-install) @ imageio-tga ---
[INFO] Installing /home/travis/build/passed/haraldk/TwelveMonkeys/imageio/imageio-tga/target/twelvemonkeys-imageio-tga-3.3-SNAPSHOT.jar to /home/travis/.m2/repository/com/twelvemonkeys/imageio/imageio-tga/3.3-SNAPSHOT/imageio-tga-3.3-SNAPSHOT.jar
[INFO] Installing /home/travis/build/passed/haraldk/TwelveMonkeys/imageio/imageio-tga/pom.xml to /home/travis/.m2/repository/com/twelvemonkeys/imageio/imageio-tga/3.3-SNAPSHOT/imageio-tga-3.3-SNAPSHOT.pom
[INFO] Installing /home/travis/build/passed/haraldk/TwelveMonkeys/imageio/imageio-tga/target/twelvemonkeys-imageio-tga-3.3-SNAPSHOT-tests.jar to /home/travis/.m2/repository/com/twelvemonkeys/imageio/imageio-tga/3.3-SNAPSHOT/imageio-tga-3.3-SNAPSHOT-tests.jar
[INFO] Installing /home/travis/build/passed/haraldk/TwelveMonkeys/imageio/imageio-tga/target/twelvemonkeys-imageio-tga-3.3-SNAPSHOT-sources.jar to /home/travis/.m2/repository/com/twelvemonkeys/imageio/imageio-tga/3.3-SNAPSHOT/imageio-tga-3.3-SNAPSHOT-sources.jar
[INFO] Installing /home/travis/build/passed/haraldk/TwelveMonkeys/imageio/imageio-tga/target/twelvemonkeys-imageio-tga-3.3-SNAPSHOT-test-sources.jar to /home/travis/.m2/repository/com/twelvemonkeys/imageio/imageio-tga/3.3-SNAPSHOT/imageio-tga-3.3-SNAPSHOT-test-sources.jar
[INFO]                                                                         
[INFO] ------------------------------------------------------------------------
[INFO] Building TwelveMonkeys :: ImageIO :: Thumbs.db plugin 3.3-SNAPSHOT
[INFO] ------------------------------------------------------------------------
[INFO] 
[INFO] --- maven-enforcer-plugin:1.2:enforce (enforce-maven) @ imageio-thumbsdb ---
[INFO] 
[INFO] --- maven-resources-plugin:2.7:resources (default-resources) @ imageio-thumbsdb ---
[INFO] Using 'UTF-8' encoding to copy filtered resources.
[INFO] Copying 1 resource
[INFO] 
[INFO] --- maven-compiler-plugin:3.3:compile (default-compile) @ imageio-thumbsdb ---
[INFO] Changes detected - recompiling the module!
[INFO] Compiling 4 source files to /home/travis/build/passed/haraldk/TwelveMonkeys/imageio/imageio-thumbsdb/target/classes
[INFO] 
[INFO] --- maven-resources-plugin:2.7:testResources (default-testResources) @ imageio-thumbsdb ---
[INFO] Using 'UTF-8' encoding to copy filtered resources.
[INFO] Copying 2 resources
[INFO] 
[INFO] --- maven-compiler-plugin:3.3:testCompile (default-testCompile) @ imageio-thumbsdb ---
[INFO] Changes detected - recompiling the module!
[INFO] Compiling 2 source files to /home/travis/build/passed/haraldk/TwelveMonkeys/imageio/imageio-thumbsdb/target/test-classes
[INFO] 
[INFO] --- maven-surefire-plugin:2.18.1:test (default-test) @ imageio-thumbsdb ---
[INFO] Tests are skipped.
[INFO] 
[INFO] --- maven-jar-plugin:2.6:jar (default-jar) @ imageio-thumbsdb ---
[INFO] Building jar: /home/travis/build/passed/haraldk/TwelveMonkeys/imageio/imageio-thumbsdb/target/twelvemonkeys-imageio-thumbsdb-3.3-SNAPSHOT.jar
[INFO] 
[INFO] --- maven-jar-plugin:2.6:test-jar (attach-tests) @ imageio-thumbsdb ---
[INFO] Building jar: /home/travis/build/passed/haraldk/TwelveMonkeys/imageio/imageio-thumbsdb/target/twelvemonkeys-imageio-thumbsdb-3.3-SNAPSHOT-tests.jar
[INFO] 
[INFO] >>> maven-source-plugin:2.4:jar (attach-sources) > generate-sources @ imageio-thumbsdb >>>
[INFO] 
[INFO] --- maven-enforcer-plugin:1.2:enforce (enforce-maven) @ imageio-thumbsdb ---
[INFO] 
[INFO] <<< maven-source-plugin:2.4:jar (attach-sources) < generate-sources @ imageio-thumbsdb <<<
[INFO] 
[INFO] --- maven-source-plugin:2.4:jar (attach-sources) @ imageio-thumbsdb ---
[INFO] Building jar: /home/travis/build/passed/haraldk/TwelveMonkeys/imageio/imageio-thumbsdb/target/twelvemonkeys-imageio-thumbsdb-3.3-SNAPSHOT-sources.jar
[INFO] 
[INFO] >>> maven-source-plugin:2.4:test-jar (attach-sources) > generate-sources @ imageio-thumbsdb >>>
[INFO] 
[INFO] --- maven-enforcer-plugin:1.2:enforce (enforce-maven) @ imageio-thumbsdb ---
[INFO] 
[INFO] <<< maven-source-plugin:2.4:test-jar (attach-sources) < generate-sources @ imageio-thumbsdb <<<
[INFO] 
[INFO] --- maven-source-plugin:2.4:test-jar (attach-sources) @ imageio-thumbsdb ---
[INFO] Building jar: /home/travis/build/passed/haraldk/TwelveMonkeys/imageio/imageio-thumbsdb/target/twelvemonkeys-imageio-thumbsdb-3.3-SNAPSHOT-test-sources.jar
[INFO] 
[INFO] --- maven-install-plugin:2.4:install (default-install) @ imageio-thumbsdb ---
[INFO] Installing /home/travis/build/passed/haraldk/TwelveMonkeys/imageio/imageio-thumbsdb/target/twelvemonkeys-imageio-thumbsdb-3.3-SNAPSHOT.jar to /home/travis/.m2/repository/com/twelvemonkeys/imageio/imageio-thumbsdb/3.3-SNAPSHOT/imageio-thumbsdb-3.3-SNAPSHOT.jar
[INFO] Installing /home/travis/build/passed/haraldk/TwelveMonkeys/imageio/imageio-thumbsdb/pom.xml to /home/travis/.m2/repository/com/twelvemonkeys/imageio/imageio-thumbsdb/3.3-SNAPSHOT/imageio-thumbsdb-3.3-SNAPSHOT.pom
[INFO] Installing /home/travis/build/passed/haraldk/TwelveMonkeys/imageio/imageio-thumbsdb/target/twelvemonkeys-imageio-thumbsdb-3.3-SNAPSHOT-tests.jar to /home/travis/.m2/repository/com/twelvemonkeys/imageio/imageio-thumbsdb/3.3-SNAPSHOT/imageio-thumbsdb-3.3-SNAPSHOT-tests.jar
[INFO] Installing /home/travis/build/passed/haraldk/TwelveMonkeys/imageio/imageio-thumbsdb/target/twelvemonkeys-imageio-thumbsdb-3.3-SNAPSHOT-sources.jar to /home/travis/.m2/repository/com/twelvemonkeys/imageio/imageio-thumbsdb/3.3-SNAPSHOT/imageio-thumbsdb-3.3-SNAPSHOT-sources.jar
[INFO] Installing /home/travis/build/passed/haraldk/TwelveMonkeys/imageio/imageio-thumbsdb/target/twelvemonkeys-imageio-thumbsdb-3.3-SNAPSHOT-test-sources.jar to /home/travis/.m2/repository/com/twelvemonkeys/imageio/imageio-thumbsdb/3.3-SNAPSHOT/imageio-thumbsdb-3.3-SNAPSHOT-test-sources.jar
[INFO]                                                                         
[INFO] ------------------------------------------------------------------------
[INFO] Building TwelveMonkeys :: ImageIO :: TIFF plugin 3.3-SNAPSHOT
[INFO] ------------------------------------------------------------------------
[INFO] 
[INFO] --- maven-enforcer-plugin:1.2:enforce (enforce-maven) @ imageio-tiff ---
[INFO] 
[INFO] --- maven-resources-plugin:2.7:resources (default-resources) @ imageio-tiff ---
[INFO] Using 'UTF-8' encoding to copy filtered resources.
[INFO] Copying 4 resources
[INFO] 
[INFO] --- maven-compiler-plugin:3.3:compile (default-compile) @ imageio-tiff ---
[INFO] Changes detected - recompiling the module!
[INFO] Compiling 22 source files to /home/travis/build/passed/haraldk/TwelveMonkeys/imageio/imageio-tiff/target/classes
[INFO] 
[INFO] --- maven-resources-plugin:2.7:testResources (default-testResources) @ imageio-tiff ---
[INFO] Using 'UTF-8' encoding to copy filtered resources.
[INFO] Copying 88 resources
[INFO] 
[INFO] --- maven-compiler-plugin:3.3:testCompile (default-testCompile) @ imageio-tiff ---
[INFO] Changes detected - recompiling the module!
[INFO] Compiling 12 source files to /home/travis/build/passed/haraldk/TwelveMonkeys/imageio/imageio-tiff/target/test-classes
[INFO] 
[INFO] --- maven-surefire-plugin:2.18.1:test (default-test) @ imageio-tiff ---
[INFO] Tests are skipped.
[INFO] 
[INFO] --- maven-jar-plugin:2.6:jar (default-jar) @ imageio-tiff ---
[INFO] Building jar: /home/travis/build/passed/haraldk/TwelveMonkeys/imageio/imageio-tiff/target/twelvemonkeys-imageio-tiff-3.3-SNAPSHOT.jar
[INFO] 
[INFO] --- maven-jar-plugin:2.6:test-jar (attach-tests) @ imageio-tiff ---
[INFO] Building jar: /home/travis/build/passed/haraldk/TwelveMonkeys/imageio/imageio-tiff/target/twelvemonkeys-imageio-tiff-3.3-SNAPSHOT-tests.jar
[INFO] 
[INFO] >>> maven-source-plugin:2.4:jar (attach-sources) > generate-sources @ imageio-tiff >>>
[INFO] 
[INFO] --- maven-enforcer-plugin:1.2:enforce (enforce-maven) @ imageio-tiff ---
[INFO] 
[INFO] <<< maven-source-plugin:2.4:jar (attach-sources) < generate-sources @ imageio-tiff <<<
[INFO] 
[INFO] --- maven-source-plugin:2.4:jar (attach-sources) @ imageio-tiff ---
[INFO] Building jar: /home/travis/build/passed/haraldk/TwelveMonkeys/imageio/imageio-tiff/target/twelvemonkeys-imageio-tiff-3.3-SNAPSHOT-sources.jar
[INFO] 
[INFO] >>> maven-source-plugin:2.4:test-jar (attach-sources) > generate-sources @ imageio-tiff >>>
[INFO] 
[INFO] --- maven-enforcer-plugin:1.2:enforce (enforce-maven) @ imageio-tiff ---
[INFO] 
[INFO] <<< maven-source-plugin:2.4:test-jar (attach-sources) < generate-sources @ imageio-tiff <<<
[INFO] 
[INFO] --- maven-source-plugin:2.4:test-jar (attach-sources) @ imageio-tiff ---
[INFO] Building jar: /home/travis/build/passed/haraldk/TwelveMonkeys/imageio/imageio-tiff/target/twelvemonkeys-imageio-tiff-3.3-SNAPSHOT-test-sources.jar
[INFO] 
[INFO] --- maven-install-plugin:2.4:install (default-install) @ imageio-tiff ---
[INFO] Installing /home/travis/build/passed/haraldk/TwelveMonkeys/imageio/imageio-tiff/target/twelvemonkeys-imageio-tiff-3.3-SNAPSHOT.jar to /home/travis/.m2/repository/com/twelvemonkeys/imageio/imageio-tiff/3.3-SNAPSHOT/imageio-tiff-3.3-SNAPSHOT.jar
[INFO] Installing /home/travis/build/passed/haraldk/TwelveMonkeys/imageio/imageio-tiff/pom.xml to /home/travis/.m2/repository/com/twelvemonkeys/imageio/imageio-tiff/3.3-SNAPSHOT/imageio-tiff-3.3-SNAPSHOT.pom
[INFO] Installing /home/travis/build/passed/haraldk/TwelveMonkeys/imageio/imageio-tiff/target/twelvemonkeys-imageio-tiff-3.3-SNAPSHOT-tests.jar to /home/travis/.m2/repository/com/twelvemonkeys/imageio/imageio-tiff/3.3-SNAPSHOT/imageio-tiff-3.3-SNAPSHOT-tests.jar
[INFO] Installing /home/travis/build/passed/haraldk/TwelveMonkeys/imageio/imageio-tiff/target/twelvemonkeys-imageio-tiff-3.3-SNAPSHOT-sources.jar to /home/travis/.m2/repository/com/twelvemonkeys/imageio/imageio-tiff/3.3-SNAPSHOT/imageio-tiff-3.3-SNAPSHOT-sources.jar
[INFO] Installing /home/travis/build/passed/haraldk/TwelveMonkeys/imageio/imageio-tiff/target/twelvemonkeys-imageio-tiff-3.3-SNAPSHOT-test-sources.jar to /home/travis/.m2/repository/com/twelvemonkeys/imageio/imageio-tiff/3.3-SNAPSHOT/imageio-tiff-3.3-SNAPSHOT-test-sources.jar
[INFO]                                                                         
[INFO] ------------------------------------------------------------------------
[INFO] Building TwelveMonkeys :: ImageIO :: Batik Plugin 3.3-SNAPSHOT
[INFO] ------------------------------------------------------------------------
[INFO] Downloading: http://insecure.repo1.maven.org/maven2/org/apache/xmlgraphics/batik-rasterizer-ext/1.8/batik-rasterizer-ext-1.8.pom
[INFO] Downloaded: http://insecure.repo1.maven.org/maven2/org/apache/xmlgraphics/batik-rasterizer-ext/1.8/batik-rasterizer-ext-1.8.pom (4 KB at 194.7 KB/sec)
[INFO] Downloading: http://insecure.repo1.maven.org/maven2/org/apache/xmlgraphics/batik-rasterizer/1.8/batik-rasterizer-1.8.pom
[INFO] Downloaded: http://insecure.repo1.maven.org/maven2/org/apache/xmlgraphics/batik-rasterizer/1.8/batik-rasterizer-1.8.pom (4 KB at 214.8 KB/sec)
[INFO] Downloading: http://insecure.repo1.maven.org/maven2/org/apache/xmlgraphics/batik-parser/1.8/batik-parser-1.8.pom
[INFO] Downloaded: http://insecure.repo1.maven.org/maven2/org/apache/xmlgraphics/batik-parser/1.8/batik-parser-1.8.pom (4 KB at 223.1 KB/sec)
[INFO] Downloading: http://insecure.repo1.maven.org/maven2/org/apache/xmlgraphics/batik-awt-util/1.8/batik-awt-util-1.8.pom
[INFO] Downloaded: http://insecure.repo1.maven.org/maven2/org/apache/xmlgraphics/batik-awt-util/1.8/batik-awt-util-1.8.pom (4 KB at 194.6 KB/sec)
[INFO] Downloading: http://insecure.repo1.maven.org/maven2/org/apache/xmlgraphics/batik-util/1.8/batik-util-1.8.pom
[INFO] Downloaded: http://insecure.repo1.maven.org/maven2/org/apache/xmlgraphics/batik-util/1.8/batik-util-1.8.pom (3 KB at 185.1 KB/sec)
[INFO] Downloading: http://insecure.repo1.maven.org/maven2/org/apache/xmlgraphics/batik-xml/1.8/batik-xml-1.8.pom
[INFO] Downloaded: http://insecure.repo1.maven.org/maven2/org/apache/xmlgraphics/batik-xml/1.8/batik-xml-1.8.pom (4 KB at 194.7 KB/sec)
[INFO] Downloading: http://insecure.repo1.maven.org/maven2/xml-apis/xml-apis/1.3.04/xml-apis-1.3.04.pom
[INFO] Downloaded: http://insecure.repo1.maven.org/maven2/xml-apis/xml-apis/1.3.04/xml-apis-1.3.04.pom (2 KB at 111.2 KB/sec)
[INFO] Downloading: http://insecure.repo1.maven.org/maven2/org/apache/xmlgraphics/batik-transcoder/1.8/batik-transcoder-1.8.pom
[INFO] Downloaded: http://insecure.repo1.maven.org/maven2/org/apache/xmlgraphics/batik-transcoder/1.8/batik-transcoder-1.8.pom (5 KB at 262.5 KB/sec)
[INFO] Downloading: http://insecure.repo1.maven.org/maven2/org/apache/xmlgraphics/batik-anim/1.8/batik-anim-1.8.pom
[INFO] Downloaded: http://insecure.repo1.maven.org/maven2/org/apache/xmlgraphics/batik-anim/1.8/batik-anim-1.8.pom (5 KB at 253.0 KB/sec)
[INFO] Downloading: http://insecure.repo1.maven.org/maven2/org/apache/xmlgraphics/batik-css/1.8/batik-css-1.8.pom
[INFO] Downloaded: http://insecure.repo1.maven.org/maven2/org/apache/xmlgraphics/batik-css/1.8/batik-css-1.8.pom (4 KB at 220.9 KB/sec)
[INFO] Downloading: http://insecure.repo1.maven.org/maven2/org/apache/xmlgraphics/batik-ext/1.8/batik-ext-1.8.pom
[INFO] Downloaded: http://insecure.repo1.maven.org/maven2/org/apache/xmlgraphics/batik-ext/1.8/batik-ext-1.8.pom (4 KB at 193.5 KB/sec)
[INFO] Downloading: http://insecure.repo1.maven.org/maven2/xml-apis/xml-apis-ext/1.3.04/xml-apis-ext-1.3.04.pom
[INFO] Downloaded: http://insecure.repo1.maven.org/maven2/xml-apis/xml-apis-ext/1.3.04/xml-apis-ext-1.3.04.pom (2 KB at 105.5 KB/sec)
[INFO] Downloading: http://insecure.repo1.maven.org/maven2/org/apache/xmlgraphics/batik-dom/1.8/batik-dom-1.8.pom
[INFO] Downloaded: http://insecure.repo1.maven.org/maven2/org/apache/xmlgraphics/batik-dom/1.8/batik-dom-1.8.pom (4 KB at 233.7 KB/sec)
[INFO] Downloading: http://insecure.repo1.maven.org/maven2/xalan/xalan/2.7.0/xalan-2.7.0.pom
[INFO] Downloaded: http://insecure.repo1.maven.org/maven2/xalan/xalan/2.7.0/xalan-2.7.0.pom (491 B at 28.2 KB/sec)
[INFO] Downloading: http://insecure.repo1.maven.org/maven2/xml-apis/xml-apis/2.0.2/xml-apis-2.0.2.pom
[INFO] Downloaded: http://insecure.repo1.maven.org/maven2/xml-apis/xml-apis/2.0.2/xml-apis-2.0.2.pom (346 B at 19.9 KB/sec)
[INFO] Downloading: http://insecure.repo1.maven.org/maven2/xml-apis/xml-apis/1.0.b2/xml-apis-1.0.b2.pom
[INFO] Downloaded: http://insecure.repo1.maven.org/maven2/xml-apis/xml-apis/1.0.b2/xml-apis-1.0.b2.pom (3 KB at 137.3 KB/sec)
[INFO] Downloading: http://insecure.repo1.maven.org/maven2/org/apache/xmlgraphics/batik-svg-dom/1.8/batik-svg-dom-1.8.pom
[INFO] Downloaded: http://insecure.repo1.maven.org/maven2/org/apache/xmlgraphics/batik-svg-dom/1.8/batik-svg-dom-1.8.pom (5 KB at 244.5 KB/sec)
[INFO] Downloading: http://insecure.repo1.maven.org/maven2/org/apache/xmlgraphics/batik-bridge/1.8/batik-bridge-1.8.pom
[INFO] Downloaded: http://insecure.repo1.maven.org/maven2/org/apache/xmlgraphics/batik-bridge/1.8/batik-bridge-1.8.pom (6 KB at 296.1 KB/sec)
[INFO] Downloading: http://insecure.repo1.maven.org/maven2/org/apache/xmlgraphics/batik-gvt/1.8/batik-gvt-1.8.pom
[INFO] Downloaded: http://insecure.repo1.maven.org/maven2/org/apache/xmlgraphics/batik-gvt/1.8/batik-gvt-1.8.pom (4 KB at 204.8 KB/sec)
[INFO] Downloading: http://insecure.repo1.maven.org/maven2/org/apache/xmlgraphics/batik-script/1.8/batik-script-1.8.pom
[INFO] Downloaded: http://insecure.repo1.maven.org/maven2/org/apache/xmlgraphics/batik-script/1.8/batik-script-1.8.pom (4 KB at 213.3 KB/sec)
[INFO] Downloading: http://insecure.repo1.maven.org/maven2/org/apache/xmlgraphics/batik-svggen/1.8/batik-svggen-1.8.pom
[INFO] Downloaded: http://insecure.repo1.maven.org/maven2/org/apache/xmlgraphics/batik-svggen/1.8/batik-svggen-1.8.pom (4 KB at 200.7 KB/sec)
[INFO] Downloading: http://insecure.repo1.maven.org/maven2/org/apache/xmlgraphics/batik-extension/1.8/batik-extension-1.8.pom
[INFO] Downloaded: http://insecure.repo1.maven.org/maven2/org/apache/xmlgraphics/batik-extension/1.8/batik-extension-1.8.pom (5 KB at 279.9 KB/sec)
[INFO] Downloading: http://insecure.repo1.maven.org/maven2/org/apache/xmlgraphics/xmlgraphics-commons/2.0.1/xmlgraphics-commons-2.0.1.pom
[INFO] Downloaded: http://insecure.repo1.maven.org/maven2/org/apache/xmlgraphics/xmlgraphics-commons/2.0.1/xmlgraphics-commons-2.0.1.pom (4 KB at 200.0 KB/sec)
[INFO] Downloading: http://insecure.repo1.maven.org/maven2/commons-io/commons-io/1.3.1/commons-io-1.3.1.pom
[INFO] Downloaded: http://insecure.repo1.maven.org/maven2/commons-io/commons-io/1.3.1/commons-io-1.3.1.pom (7 KB at 413.8 KB/sec)
[INFO] Downloading: http://insecure.repo1.maven.org/maven2/commons-logging/commons-logging/1.0.4/commons-logging-1.0.4.pom
[INFO] Downloaded: http://insecure.repo1.maven.org/maven2/commons-logging/commons-logging/1.0.4/commons-logging-1.0.4.pom (6 KB at 302.4 KB/sec)
[INFO] Downloading: http://insecure.repo1.maven.org/maven2/org/apache/xmlgraphics/batik-rasterizer-ext/1.8/batik-rasterizer-ext-1.8.jar
[INFO] Downloading: http://insecure.repo1.maven.org/maven2/org/apache/xmlgraphics/batik-rasterizer/1.8/batik-rasterizer-1.8.jar
[INFO] Downloading: http://insecure.repo1.maven.org/maven2/org/apache/xmlgraphics/batik-extension/1.8/batik-extension-1.8.jar
[INFO] Downloading: http://insecure.repo1.maven.org/maven2/org/apache/xmlgraphics/batik-awt-util/1.8/batik-awt-util-1.8.jar
[INFO] Downloading: http://insecure.repo1.maven.org/maven2/org/apache/xmlgraphics/batik-bridge/1.8/batik-bridge-1.8.jar
[INFO] Downloaded: http://insecure.repo1.maven.org/maven2/org/apache/xmlgraphics/batik-bridge/1.8/batik-bridge-1.8.jar (518 KB at 16164.4 KB/sec)
[INFO] Downloading: http://insecure.repo1.maven.org/maven2/org/apache/xmlgraphics/batik-script/1.8/batik-script-1.8.jar
[INFO] Downloaded: http://insecure.repo1.maven.org/maven2/org/apache/xmlgraphics/batik-rasterizer-ext/1.8/batik-rasterizer-ext-1.8.jar (10 KB at 249.3 KB/sec)
[INFO] Downloading: http://insecure.repo1.maven.org/maven2/xalan/xalan/2.7.0/xalan-2.7.0.jar
[INFO] Downloaded: http://insecure.repo1.maven.org/maven2/org/apache/xmlgraphics/batik-script/1.8/batik-script-1.8.jar (17 KB at 389.6 KB/sec)
[INFO] Downloading: http://insecure.repo1.maven.org/maven2/org/apache/xmlgraphics/batik-css/1.8/batik-css-1.8.jar
[INFO] Downloaded: http://insecure.repo1.maven.org/maven2/org/apache/xmlgraphics/batik-css/1.8/batik-css-1.8.jar (251 KB at 4107.0 KB/sec)
[INFO] Downloading: http://insecure.repo1.maven.org/maven2/org/apache/xmlgraphics/batik-dom/1.8/batik-dom-1.8.jar
[INFO] Downloaded: http://insecure.repo1.maven.org/maven2/org/apache/xmlgraphics/batik-dom/1.8/batik-dom-1.8.jar (137 KB at 1799.7 KB/sec)
[INFO] Downloading: http://insecure.repo1.maven.org/maven2/org/apache/xmlgraphics/batik-ext/1.8/batik-ext-1.8.jar
[INFO] Downloaded: http://insecure.repo1.maven.org/maven2/org/apache/xmlgraphics/batik-rasterizer/1.8/batik-rasterizer-1.8.jar (47 KB at 517.9 KB/sec)
[INFO] Downloading: http://insecure.repo1.maven.org/maven2/org/apache/xmlgraphics/batik-gvt/1.8/batik-gvt-1.8.jar
[INFO] Downloaded: http://insecure.repo1.maven.org/maven2/org/apache/xmlgraphics/batik-ext/1.8/batik-ext-1.8.jar (11 KB at 112.3 KB/sec)
[INFO] Downloading: http://insecure.repo1.maven.org/maven2/org/apache/xmlgraphics/batik-parser/1.8/batik-parser-1.8.jar
[INFO] Downloaded: http://insecure.repo1.maven.org/maven2/org/apache/xmlgraphics/batik-extension/1.8/batik-extension-1.8.jar (54 KB at 529.2 KB/sec)
[INFO] Downloading: http://insecure.repo1.maven.org/maven2/org/apache/xmlgraphics/batik-svg-dom/1.8/batik-svg-dom-1.8.jar
[INFO] Downloaded: http://insecure.repo1.maven.org/maven2/org/apache/xmlgraphics/batik-gvt/1.8/batik-gvt-1.8.jar (141 KB at 1394.5 KB/sec)
[INFO] Downloading: http://insecure.repo1.maven.org/maven2/org/apache/xmlgraphics/batik-util/1.8/batik-util-1.8.jar
[INFO] Downloaded: http://insecure.repo1.maven.org/maven2/org/apache/xmlgraphics/batik-util/1.8/batik-util-1.8.jar (106 KB at 914.9 KB/sec)
[INFO] Downloading: http://insecure.repo1.maven.org/maven2/xml-apis/xml-apis/1.3.04/xml-apis-1.3.04.jar
[INFO] Downloaded: http://insecure.repo1.maven.org/maven2/xml-apis/xml-apis/1.3.04/xml-apis-1.3.04.jar (190 KB at 1460.0 KB/sec)
[INFO] Downloading: http://insecure.repo1.maven.org/maven2/xml-apis/xml-apis-ext/1.3.04/xml-apis-ext-1.3.04.jar
[INFO] Downloaded: http://insecure.repo1.maven.org/maven2/xml-apis/xml-apis-ext/1.3.04/xml-apis-ext-1.3.04.jar (84 KB at 589.3 KB/sec)
[INFO] Downloading: http://insecure.repo1.maven.org/maven2/org/apache/xmlgraphics/xmlgraphics-commons/2.0.1/xmlgraphics-commons-2.0.1.jar
[INFO] Downloaded: http://insecure.repo1.maven.org/maven2/xalan/xalan/2.7.0/xalan-2.7.0.jar (2667 KB at 17895.6 KB/sec)
[INFO] Downloading: http://insecure.repo1.maven.org/maven2/commons-io/commons-io/1.3.1/commons-io-1.3.1.jar
[INFO] Downloaded: http://insecure.repo1.maven.org/maven2/commons-io/commons-io/1.3.1/commons-io-1.3.1.jar (82 KB at 510.3 KB/sec)
[INFO] Downloading: http://insecure.repo1.maven.org/maven2/commons-logging/commons-logging/1.0.4/commons-logging-1.0.4.jar
[INFO] Downloaded: http://insecure.repo1.maven.org/maven2/commons-logging/commons-logging/1.0.4/commons-logging-1.0.4.jar (38 KB at 214.6 KB/sec)
[INFO] Downloading: http://insecure.repo1.maven.org/maven2/org/apache/xmlgraphics/batik-anim/1.8/batik-anim-1.8.jar
[INFO] Downloaded: http://insecure.repo1.maven.org/maven2/org/apache/xmlgraphics/xmlgraphics-commons/2.0.1/xmlgraphics-commons-2.0.1.jar (625 KB at 3550.9 KB/sec)
[INFO] Downloading: http://insecure.repo1.maven.org/maven2/org/apache/xmlgraphics/batik-svggen/1.8/batik-svggen-1.8.jar
[INFO] Downloaded: http://insecure.repo1.maven.org/maven2/org/apache/xmlgraphics/batik-svggen/1.8/batik-svggen-1.8.jar (174 KB at 909.5 KB/sec)
[INFO] Downloading: http://insecure.repo1.maven.org/maven2/org/apache/xmlgraphics/batik-transcoder/1.8/batik-transcoder-1.8.jar
[INFO] Downloaded: http://insecure.repo1.maven.org/maven2/org/apache/xmlgraphics/batik-parser/1.8/batik-parser-1.8.jar (54 KB at 275.4 KB/sec)
[INFO] Downloading: http://insecure.repo1.maven.org/maven2/org/apache/xmlgraphics/batik-xml/1.8/batik-xml-1.8.jar
[INFO] Downloaded: http://insecure.repo1.maven.org/maven2/org/apache/xmlgraphics/batik-anim/1.8/batik-anim-1.8.jar (369 KB at 1859.6 KB/sec)
[INFO] Downloaded: http://insecure.repo1.maven.org/maven2/org/apache/xmlgraphics/batik-transcoder/1.8/batik-transcoder-1.8.jar (91 KB at 440.7 KB/sec)
[INFO] Downloaded: http://insecure.repo1.maven.org/maven2/org/apache/xmlgraphics/batik-xml/1.8/batik-xml-1.8.jar (27 KB at 105.9 KB/sec)
[INFO] Downloaded: http://insecure.repo1.maven.org/maven2/org/apache/xmlgraphics/batik-awt-util/1.8/batik-awt-util-1.8.jar (294 KB at 624.1 KB/sec)
[INFO] Downloaded: http://insecure.repo1.maven.org/maven2/org/apache/xmlgraphics/batik-svg-dom/1.8/batik-svg-dom-1.8.jar (213 KB at 371.5 KB/sec)
[INFO] 
[INFO] --- maven-enforcer-plugin:1.2:enforce (enforce-maven) @ imageio-batik ---
[INFO] 
[INFO] --- maven-resources-plugin:2.7:resources (default-resources) @ imageio-batik ---
[INFO] Using 'UTF-8' encoding to copy filtered resources.
[INFO] Copying 1 resource
[INFO] 
[INFO] --- maven-compiler-plugin:3.3:compile (default-compile) @ imageio-batik ---
[INFO] Changes detected - recompiling the module!
[INFO] Compiling 8 source files to /home/travis/build/passed/haraldk/TwelveMonkeys/imageio/imageio-batik/target/classes
[INFO] 
[INFO] --- maven-resources-plugin:2.7:testResources (default-testResources) @ imageio-batik ---
[INFO] Using 'UTF-8' encoding to copy filtered resources.
[INFO] Copying 5 resources
[INFO] 
[INFO] --- maven-compiler-plugin:3.3:testCompile (default-testCompile) @ imageio-batik ---
[INFO] Changes detected - recompiling the module!
[INFO] Compiling 4 source files to /home/travis/build/passed/haraldk/TwelveMonkeys/imageio/imageio-batik/target/test-classes
[INFO] 
[INFO] --- maven-surefire-plugin:2.18.1:test (default-test) @ imageio-batik ---
[INFO] Tests are skipped.
[INFO] 
[INFO] --- maven-jar-plugin:2.6:jar (default-jar) @ imageio-batik ---
[INFO] Building jar: /home/travis/build/passed/haraldk/TwelveMonkeys/imageio/imageio-batik/target/twelvemonkeys-imageio-batik-3.3-SNAPSHOT.jar
[INFO] 
[INFO] --- maven-jar-plugin:2.6:test-jar (attach-tests) @ imageio-batik ---
[INFO] Building jar: /home/travis/build/passed/haraldk/TwelveMonkeys/imageio/imageio-batik/target/twelvemonkeys-imageio-batik-3.3-SNAPSHOT-tests.jar
[INFO] 
[INFO] >>> maven-source-plugin:2.4:jar (attach-sources) > generate-sources @ imageio-batik >>>
[INFO] 
[INFO] --- maven-enforcer-plugin:1.2:enforce (enforce-maven) @ imageio-batik ---
[INFO] 
[INFO] <<< maven-source-plugin:2.4:jar (attach-sources) < generate-sources @ imageio-batik <<<
[INFO] 
[INFO] --- maven-source-plugin:2.4:jar (attach-sources) @ imageio-batik ---
[INFO] Building jar: /home/travis/build/passed/haraldk/TwelveMonkeys/imageio/imageio-batik/target/twelvemonkeys-imageio-batik-3.3-SNAPSHOT-sources.jar
[INFO] 
[INFO] >>> maven-source-plugin:2.4:test-jar (attach-sources) > generate-sources @ imageio-batik >>>
[INFO] 
[INFO] --- maven-enforcer-plugin:1.2:enforce (enforce-maven) @ imageio-batik ---
[INFO] 
[INFO] <<< maven-source-plugin:2.4:test-jar (attach-sources) < generate-sources @ imageio-batik <<<
[INFO] 
[INFO] --- maven-source-plugin:2.4:test-jar (attach-sources) @ imageio-batik ---
[INFO] Building jar: /home/travis/build/passed/haraldk/TwelveMonkeys/imageio/imageio-batik/target/twelvemonkeys-imageio-batik-3.3-SNAPSHOT-test-sources.jar
[INFO] 
[INFO] --- maven-install-plugin:2.4:install (default-install) @ imageio-batik ---
[INFO] Installing /home/travis/build/passed/haraldk/TwelveMonkeys/imageio/imageio-batik/target/twelvemonkeys-imageio-batik-3.3-SNAPSHOT.jar to /home/travis/.m2/repository/com/twelvemonkeys/imageio/imageio-batik/3.3-SNAPSHOT/imageio-batik-3.3-SNAPSHOT.jar
[INFO] Installing /home/travis/build/passed/haraldk/TwelveMonkeys/imageio/imageio-batik/pom.xml to /home/travis/.m2/repository/com/twelvemonkeys/imageio/imageio-batik/3.3-SNAPSHOT/imageio-batik-3.3-SNAPSHOT.pom
[INFO] Installing /home/travis/build/passed/haraldk/TwelveMonkeys/imageio/imageio-batik/target/twelvemonkeys-imageio-batik-3.3-SNAPSHOT-tests.jar to /home/travis/.m2/repository/com/twelvemonkeys/imageio/imageio-batik/3.3-SNAPSHOT/imageio-batik-3.3-SNAPSHOT-tests.jar
[INFO] Installing /home/travis/build/passed/haraldk/TwelveMonkeys/imageio/imageio-batik/target/twelvemonkeys-imageio-batik-3.3-SNAPSHOT-sources.jar to /home/travis/.m2/repository/com/twelvemonkeys/imageio/imageio-batik/3.3-SNAPSHOT/imageio-batik-3.3-SNAPSHOT-sources.jar
[INFO] Installing /home/travis/build/passed/haraldk/TwelveMonkeys/imageio/imageio-batik/target/twelvemonkeys-imageio-batik-3.3-SNAPSHOT-test-sources.jar to /home/travis/.m2/repository/com/twelvemonkeys/imageio/imageio-batik/3.3-SNAPSHOT/imageio-batik-3.3-SNAPSHOT-test-sources.jar
[INFO]                                                                         
[INFO] ------------------------------------------------------------------------
[INFO] Building TwelveMonkeys :: ImageIO :: reference test cases 3.3-SNAPSHOT
[INFO] ------------------------------------------------------------------------
[INFO] 
[INFO] --- maven-enforcer-plugin:1.2:enforce (enforce-maven) @ imageio-reference ---
[INFO] 
[INFO] --- maven-resources-plugin:2.7:resources (default-resources) @ imageio-reference ---
[INFO] Using 'UTF-8' encoding to copy filtered resources.
[INFO] skip non existing resourceDirectory /home/travis/build/passed/haraldk/TwelveMonkeys/imageio/imageio-reference/src/main/resources
[INFO] 
[INFO] --- maven-compiler-plugin:3.3:compile (default-compile) @ imageio-reference ---
[INFO] No sources to compile
[INFO] 
[INFO] --- maven-resources-plugin:2.7:testResources (default-testResources) @ imageio-reference ---
[INFO] Using 'UTF-8' encoding to copy filtered resources.
[INFO] Copying 2 resources
[INFO] 
[INFO] --- maven-compiler-plugin:3.3:testCompile (default-testCompile) @ imageio-reference ---
[INFO] Changes detected - recompiling the module!
[INFO] Compiling 2 source files to /home/travis/build/passed/haraldk/TwelveMonkeys/imageio/imageio-reference/target/test-classes
[INFO] 
[INFO] --- maven-surefire-plugin:2.18.1:test (default-test) @ imageio-reference ---
[INFO] Tests are skipped.
[INFO] 
[INFO] --- maven-jar-plugin:2.6:jar (default-jar) @ imageio-reference ---
[WARNING] JAR will be empty - no content was marked for inclusion!
[INFO] Building jar: /home/travis/build/passed/haraldk/TwelveMonkeys/imageio/imageio-reference/target/twelvemonkeys-imageio-reference-3.3-SNAPSHOT.jar
[INFO] 
[INFO] --- maven-jar-plugin:2.6:test-jar (attach-tests) @ imageio-reference ---
[INFO] Building jar: /home/travis/build/passed/haraldk/TwelveMonkeys/imageio/imageio-reference/target/twelvemonkeys-imageio-reference-3.3-SNAPSHOT-tests.jar
[INFO] 
[INFO] >>> maven-source-plugin:2.4:jar (attach-sources) > generate-sources @ imageio-reference >>>
[INFO] 
[INFO] --- maven-enforcer-plugin:1.2:enforce (enforce-maven) @ imageio-reference ---
[INFO] 
[INFO] <<< maven-source-plugin:2.4:jar (attach-sources) < generate-sources @ imageio-reference <<<
[INFO] 
[INFO] --- maven-source-plugin:2.4:jar (attach-sources) @ imageio-reference ---
[INFO] No sources in project. Archive not created.
[INFO] 
[INFO] >>> maven-source-plugin:2.4:test-jar (attach-sources) > generate-sources @ imageio-reference >>>
[INFO] 
[INFO] --- maven-enforcer-plugin:1.2:enforce (enforce-maven) @ imageio-reference ---
[INFO] 
[INFO] <<< maven-source-plugin:2.4:test-jar (attach-sources) < generate-sources @ imageio-reference <<<
[INFO] 
[INFO] --- maven-source-plugin:2.4:test-jar (attach-sources) @ imageio-reference ---
[INFO] Building jar: /home/travis/build/passed/haraldk/TwelveMonkeys/imageio/imageio-reference/target/twelvemonkeys-imageio-reference-3.3-SNAPSHOT-test-sources.jar
[INFO] 
[INFO] --- maven-install-plugin:2.4:install (default-install) @ imageio-reference ---
[INFO] Installing /home/travis/build/passed/haraldk/TwelveMonkeys/imageio/imageio-reference/target/twelvemonkeys-imageio-reference-3.3-SNAPSHOT.jar to /home/travis/.m2/repository/com/twelvemonkeys/imageio/imageio-reference/3.3-SNAPSHOT/imageio-reference-3.3-SNAPSHOT.jar
[INFO] Installing /home/travis/build/passed/haraldk/TwelveMonkeys/imageio/imageio-reference/pom.xml to /home/travis/.m2/repository/com/twelvemonkeys/imageio/imageio-reference/3.3-SNAPSHOT/imageio-reference-3.3-SNAPSHOT.pom
[INFO] Installing /home/travis/build/passed/haraldk/TwelveMonkeys/imageio/imageio-reference/target/twelvemonkeys-imageio-reference-3.3-SNAPSHOT-tests.jar to /home/travis/.m2/repository/com/twelvemonkeys/imageio/imageio-reference/3.3-SNAPSHOT/imageio-reference-3.3-SNAPSHOT-tests.jar
[INFO] Installing /home/travis/build/passed/haraldk/TwelveMonkeys/imageio/imageio-reference/target/twelvemonkeys-imageio-reference-3.3-SNAPSHOT-test-sources.jar to /home/travis/.m2/repository/com/twelvemonkeys/imageio/imageio-reference/3.3-SNAPSHOT/imageio-reference-3.3-SNAPSHOT-test-sources.jar
[INFO]                                                                         
[INFO] ------------------------------------------------------------------------
[INFO] Building TwelveMonkeys :: Contrib 3.3-SNAPSHOT
[INFO] ------------------------------------------------------------------------
[INFO] 
[INFO] --- maven-enforcer-plugin:1.2:enforce (enforce-maven) @ contrib ---
[INFO] 
[INFO] --- maven-resources-plugin:2.7:resources (default-resources) @ contrib ---
[INFO] Using 'UTF-8' encoding to copy filtered resources.
[INFO] skip non existing resourceDirectory /home/travis/build/passed/haraldk/TwelveMonkeys/contrib/src/main/resources
[INFO] 
[INFO] --- maven-compiler-plugin:3.3:compile (default-compile) @ contrib ---
[INFO] Changes detected - recompiling the module!
[INFO] Compiling 1 source file to /home/travis/build/passed/haraldk/TwelveMonkeys/contrib/target/classes
[INFO] 
[INFO] --- maven-resources-plugin:2.7:testResources (default-testResources) @ contrib ---
[INFO] Using 'UTF-8' encoding to copy filtered resources.
[INFO] Copying 1 resource
[INFO] 
[INFO] --- maven-compiler-plugin:3.3:testCompile (default-testCompile) @ contrib ---
[INFO] Changes detected - recompiling the module!
[INFO] Compiling 1 source file to /home/travis/build/passed/haraldk/TwelveMonkeys/contrib/target/test-classes
[INFO] 
[INFO] --- maven-surefire-plugin:2.18.1:test (default-test) @ contrib ---
[INFO] Tests are skipped.
[INFO] 
[INFO] --- maven-jar-plugin:2.6:jar (default-jar) @ contrib ---
[INFO] Building jar: /home/travis/build/passed/haraldk/TwelveMonkeys/contrib/target/twelvemonkeys-contrib-3.3-SNAPSHOT.jar
[INFO] 
[INFO] --- maven-jar-plugin:2.6:test-jar (attach-tests) @ contrib ---
[INFO] Building jar: /home/travis/build/passed/haraldk/TwelveMonkeys/contrib/target/twelvemonkeys-contrib-3.3-SNAPSHOT-tests.jar
[INFO] 
[INFO] >>> maven-source-plugin:2.4:jar (attach-sources) > generate-sources @ contrib >>>
[INFO] 
[INFO] --- maven-enforcer-plugin:1.2:enforce (enforce-maven) @ contrib ---
[INFO] 
[INFO] <<< maven-source-plugin:2.4:jar (attach-sources) < generate-sources @ contrib <<<
[INFO] 
[INFO] --- maven-source-plugin:2.4:jar (attach-sources) @ contrib ---
[INFO] Building jar: /home/travis/build/passed/haraldk/TwelveMonkeys/contrib/target/twelvemonkeys-contrib-3.3-SNAPSHOT-sources.jar
[INFO] 
[INFO] >>> maven-source-plugin:2.4:test-jar (attach-sources) > generate-sources @ contrib >>>
[INFO] 
[INFO] --- maven-enforcer-plugin:1.2:enforce (enforce-maven) @ contrib ---
[INFO] 
[INFO] <<< maven-source-plugin:2.4:test-jar (attach-sources) < generate-sources @ contrib <<<
[INFO] 
[INFO] --- maven-source-plugin:2.4:test-jar (attach-sources) @ contrib ---
[INFO] Building jar: /home/travis/build/passed/haraldk/TwelveMonkeys/contrib/target/twelvemonkeys-contrib-3.3-SNAPSHOT-test-sources.jar
[INFO] 
[INFO] --- maven-install-plugin:2.4:install (default-install) @ contrib ---
[INFO] Installing /home/travis/build/passed/haraldk/TwelveMonkeys/contrib/target/twelvemonkeys-contrib-3.3-SNAPSHOT.jar to /home/travis/.m2/repository/com/twelvemonkeys/contrib/contrib/3.3-SNAPSHOT/contrib-3.3-SNAPSHOT.jar
[INFO] Installing /home/travis/build/passed/haraldk/TwelveMonkeys/contrib/pom.xml to /home/travis/.m2/repository/com/twelvemonkeys/contrib/contrib/3.3-SNAPSHOT/contrib-3.3-SNAPSHOT.pom
[INFO] Installing /home/travis/build/passed/haraldk/TwelveMonkeys/contrib/target/twelvemonkeys-contrib-3.3-SNAPSHOT-tests.jar to /home/travis/.m2/repository/com/twelvemonkeys/contrib/contrib/3.3-SNAPSHOT/contrib-3.3-SNAPSHOT-tests.jar
[INFO] Installing /home/travis/build/passed/haraldk/TwelveMonkeys/contrib/target/twelvemonkeys-contrib-3.3-SNAPSHOT-sources.jar to /home/travis/.m2/repository/com/twelvemonkeys/contrib/contrib/3.3-SNAPSHOT/contrib-3.3-SNAPSHOT-sources.jar
[INFO] Installing /home/travis/build/passed/haraldk/TwelveMonkeys/contrib/target/twelvemonkeys-contrib-3.3-SNAPSHOT-test-sources.jar to /home/travis/.m2/repository/com/twelvemonkeys/contrib/contrib/3.3-SNAPSHOT/contrib-3.3-SNAPSHOT-test-sources.jar
[INFO]                                                                         
[INFO] ------------------------------------------------------------------------
[INFO] Building TwelveMonkeys :: BOM 3.3-SNAPSHOT
[INFO] ------------------------------------------------------------------------
[INFO] 
[INFO] --- maven-enforcer-plugin:1.2:enforce (enforce-maven) @ bom ---
[INFO] 
[INFO] --- maven-jar-plugin:2.6:test-jar (attach-tests) @ bom ---
[WARNING] JAR will be empty - no content was marked for inclusion!
[INFO] Building jar: /home/travis/build/passed/haraldk/TwelveMonkeys/bom/target/twelvemonkeys-bom-3.3-SNAPSHOT-tests.jar
[INFO] 
[INFO] >>> maven-source-plugin:2.4:jar (attach-sources) > generate-sources @ bom >>>
[INFO] 
[INFO] --- maven-enforcer-plugin:1.2:enforce (enforce-maven) @ bom ---
[INFO] 
[INFO] <<< maven-source-plugin:2.4:jar (attach-sources) < generate-sources @ bom <<<
[INFO] 
[INFO] --- maven-source-plugin:2.4:jar (attach-sources) @ bom ---
[INFO] 
[INFO] >>> maven-source-plugin:2.4:test-jar (attach-sources) > generate-sources @ bom >>>
[INFO] 
[INFO] --- maven-enforcer-plugin:1.2:enforce (enforce-maven) @ bom ---
[INFO] 
[INFO] <<< maven-source-plugin:2.4:test-jar (attach-sources) < generate-sources @ bom <<<
[INFO] 
[INFO] --- maven-source-plugin:2.4:test-jar (attach-sources) @ bom ---
[INFO] 
[INFO] --- maven-install-plugin:2.4:install (default-install) @ bom ---
[INFO] Installing /home/travis/build/passed/haraldk/TwelveMonkeys/bom/pom.xml to /home/travis/.m2/repository/com/twelvemonkeys/bom/bom/3.3-SNAPSHOT/bom-3.3-SNAPSHOT.pom
[INFO] Installing /home/travis/build/passed/haraldk/TwelveMonkeys/bom/target/twelvemonkeys-bom-3.3-SNAPSHOT-tests.jar to /home/travis/.m2/repository/com/twelvemonkeys/bom/bom/3.3-SNAPSHOT/bom-3.3-SNAPSHOT-tests.jar
[INFO] ------------------------------------------------------------------------
[INFO] Reactor Summary:
[INFO] 
[INFO] Twelvemonkeys ...................................... SUCCESS [  9.044 s]
[INFO] TwelveMonkeys :: Common ............................ SUCCESS [  0.468 s]
[INFO] TwelveMonkeys :: Common :: Language support ........ SUCCESS [  5.767 s]
[INFO] TwelveMonkeys :: Common :: IO ...................... SUCCESS [  0.954 s]
[INFO] TwelveMonkeys :: Common :: Image ................... SUCCESS [  0.802 s]
[INFO] TwelveMonkeys :: Servlet ........................... SUCCESS [  4.246 s]
[INFO] TwelveMonkeys :: ImageIO ........................... SUCCESS [  0.030 s]
[INFO] TwelveMonkeys :: ImageIO :: Core ................... SUCCESS [  0.950 s]
[INFO] TwelveMonkeys :: ImageIO :: Metadata ............... SUCCESS [  2.222 s]
[INFO] TwelveMonkeys :: ImageIO :: Photoshop Path Support . SUCCESS [  1.891 s]
[INFO] TwelveMonkeys :: ImageIO :: BMP plugin ............. SUCCESS [  3.384 s]
[INFO] TwelveMonkeys :: ImageIO :: HDR plugin ............. SUCCESS [  1.184 s]
[INFO] TwelveMonkeys :: ImageIO :: ICNS plugin ............ SUCCESS [  0.526 s]
[INFO] TwelveMonkeys :: ImageIO :: IFF plugin ............. SUCCESS [  0.893 s]
[INFO] TwelveMonkeys :: ImageIO :: JPEG plugin ............ SUCCESS [  4.429 s]
[INFO] TwelveMonkeys :: ImageIO :: PCX plugin ............. SUCCESS [  1.913 s]
[INFO] TwelveMonkeys :: ImageIO :: PDF plugin ............. SUCCESS [  0.048 s]
[INFO] TwelveMonkeys :: ImageIO :: PICT plugin ............ SUCCESS [  2.498 s]
[INFO] TwelveMonkeys :: ImageIO :: PNM plugin ............. SUCCESS [  2.457 s]
[INFO] TwelveMonkeys :: ImageIO :: PSD plugin ............. SUCCESS [  4.617 s]
[INFO] TwelveMonkeys :: ImageIO :: SGI plugin ............. SUCCESS [  0.961 s]
[INFO] TwelveMonkeys :: ImageIO :: TGA plugin ............. SUCCESS [  1.244 s]
[INFO] TwelveMonkeys :: ImageIO :: Thumbs.db plugin ....... SUCCESS [  0.201 s]
[INFO] TwelveMonkeys :: ImageIO :: TIFF plugin ............ SUCCESS [  2.822 s]
[INFO] TwelveMonkeys :: ImageIO :: Batik Plugin ........... SUCCESS [  1.629 s]
[INFO] TwelveMonkeys :: ImageIO :: reference test cases ... SUCCESS [  0.114 s]
[INFO] TwelveMonkeys :: Contrib ........................... SUCCESS [  0.172 s]
[INFO] TwelveMonkeys :: BOM ............................... SUCCESS [  0.020 s]
[INFO] ------------------------------------------------------------------------
[INFO] BUILD SUCCESS
[INFO] ------------------------------------------------------------------------
[INFO] Total time: 57.002 s
[INFO] Finished at: 2020-07-03T13:41:25+00:00
[INFO] Final Memory: 50M/467M
[INFO] ------------------------------------------------------------------------

travis_time:end:028568e0:start=1593783627548877267,finish=1593783686205216795,duration=58656339528[0Ktravis_fold:end:install[0Ktravis_time:start:0675ab00[0K$ mvn test -Dhttps.protocols=TLSv1.2 -Dhttps.protocols=TLSv1.2 -B
[INFO] Scanning for projects...
[INFO] ------------------------------------------------------------------------
[INFO] Reactor Build Order:
[INFO] 
[INFO] Twelvemonkeys
[INFO] TwelveMonkeys :: Common
[INFO] TwelveMonkeys :: Common :: Language support
[INFO] TwelveMonkeys :: Common :: IO
[INFO] TwelveMonkeys :: Common :: Image
[INFO] TwelveMonkeys :: Servlet
[INFO] TwelveMonkeys :: ImageIO
[INFO] TwelveMonkeys :: ImageIO :: Core
[INFO] TwelveMonkeys :: ImageIO :: Metadata
[INFO] TwelveMonkeys :: ImageIO :: Photoshop Path Support
[INFO] TwelveMonkeys :: ImageIO :: BMP plugin
[INFO] TwelveMonkeys :: ImageIO :: HDR plugin
[INFO] TwelveMonkeys :: ImageIO :: ICNS plugin
[INFO] TwelveMonkeys :: ImageIO :: IFF plugin
[INFO] TwelveMonkeys :: ImageIO :: JPEG plugin
[INFO] TwelveMonkeys :: ImageIO :: PCX plugin
[INFO] TwelveMonkeys :: ImageIO :: PDF plugin
[INFO] TwelveMonkeys :: ImageIO :: PICT plugin
[INFO] TwelveMonkeys :: ImageIO :: PNM plugin
[INFO] TwelveMonkeys :: ImageIO :: PSD plugin
[INFO] TwelveMonkeys :: ImageIO :: SGI plugin
[INFO] TwelveMonkeys :: ImageIO :: TGA plugin
[INFO] TwelveMonkeys :: ImageIO :: Thumbs.db plugin
[INFO] TwelveMonkeys :: ImageIO :: TIFF plugin
[INFO] TwelveMonkeys :: ImageIO :: Batik Plugin
[INFO] TwelveMonkeys :: ImageIO :: reference test cases
[INFO] TwelveMonkeys :: Contrib
[INFO] TwelveMonkeys :: BOM
[INFO]                                                                         
[INFO] ------------------------------------------------------------------------
[INFO] Building Twelvemonkeys 3.3-SNAPSHOT
[INFO] ------------------------------------------------------------------------
[INFO] 
[INFO] --- maven-enforcer-plugin:1.2:enforce (enforce-maven) @ twelvemonkeys ---
[INFO]                                                                         
[INFO] ------------------------------------------------------------------------
[INFO] Building TwelveMonkeys :: Common 3.3-SNAPSHOT
[INFO] ------------------------------------------------------------------------
[INFO] 
[INFO] --- maven-enforcer-plugin:1.2:enforce (enforce-maven) @ common ---
[INFO]                                                                         
[INFO] ------------------------------------------------------------------------
[INFO] Building TwelveMonkeys :: Common :: Language support 3.3-SNAPSHOT
[INFO] ------------------------------------------------------------------------
[INFO] 
[INFO] --- maven-enforcer-plugin:1.2:enforce (enforce-maven) @ common-lang ---
[INFO] 
[INFO] --- maven-resources-plugin:2.7:resources (default-resources) @ common-lang ---
[INFO] Using 'UTF-8' encoding to copy filtered resources.
[INFO] skip non existing resourceDirectory /home/travis/build/passed/haraldk/TwelveMonkeys/common/common-lang/src/main/resources
[INFO] 
[INFO] --- maven-compiler-plugin:3.3:compile (default-compile) @ common-lang ---
[INFO] Changes detected - recompiling the module!
[INFO] Compiling 48 source files to /home/travis/build/passed/haraldk/TwelveMonkeys/common/common-lang/target/classes
[INFO] /home/travis/build/passed/haraldk/TwelveMonkeys/common/common-lang/src/main/java/com/twelvemonkeys/util/AbstractDecoratedMap.java: Some input files use unchecked or unsafe operations.
[INFO] /home/travis/build/passed/haraldk/TwelveMonkeys/common/common-lang/src/main/java/com/twelvemonkeys/util/AbstractDecoratedMap.java: Recompile with -Xlint:unchecked for details.
[INFO] 
[INFO] --- maven-resources-plugin:2.7:testResources (default-testResources) @ common-lang ---
[INFO] Using 'UTF-8' encoding to copy filtered resources.
[INFO] Copying 2 resources
[INFO] 
[INFO] --- maven-compiler-plugin:3.3:testCompile (default-testCompile) @ common-lang ---
[INFO] Nothing to compile - all classes are up to date
[INFO] 
[INFO] --- maven-surefire-plugin:2.18.1:test (default-test) @ common-lang ---
[INFO] Surefire report directory: /home/travis/build/passed/haraldk/TwelveMonkeys/common/common-lang/target/surefire-reports
[INFO] Downloading: https://repo.maven.apache.org/maven2/org/apache/maven/surefire/surefire-junit4/2.18.1/surefire-junit4-2.18.1.pom
[INFO] Downloaded: https://repo.maven.apache.org/maven2/org/apache/maven/surefire/surefire-junit4/2.18.1/surefire-junit4-2.18.1.pom (3 KB at 6.0 KB/sec)
[INFO] Downloading: https://repo.maven.apache.org/maven2/org/apache/maven/surefire/surefire-providers/2.18.1/surefire-providers-2.18.1.pom
[INFO] Downloaded: https://repo.maven.apache.org/maven2/org/apache/maven/surefire/surefire-providers/2.18.1/surefire-providers-2.18.1.pom (3 KB at 65.4 KB/sec)
[INFO] Downloading: https://repo.maven.apache.org/maven2/org/apache/maven/surefire/surefire-junit4/2.18.1/surefire-junit4-2.18.1.jar
[INFO] Downloaded: https://repo.maven.apache.org/maven2/org/apache/maven/surefire/surefire-junit4/2.18.1/surefire-junit4-2.18.1.jar (67 KB at 962.2 KB/sec)

-------------------------------------------------------
 T E S T S
-------------------------------------------------------
Running com.twelvemonkeys.util.convert.NumberConverterTestCase
Tests run: 10, Failures: 0, Errors: 0, Skipped: 0, Time elapsed: 0.01 sec - in com.twelvemonkeys.util.convert.NumberConverterTestCase
Running com.twelvemonkeys.util.convert.DateConverterTestCase
Tests run: 10, Failures: 0, Errors: 0, Skipped: 0, Time elapsed: 0.001 sec - in com.twelvemonkeys.util.convert.DateConverterTestCase
Running com.twelvemonkeys.util.convert.ConverterTestCase
Tests run: 1, Failures: 0, Errors: 0, Skipped: 0, Time elapsed: 0 sec - in com.twelvemonkeys.util.convert.ConverterTestCase
Running com.twelvemonkeys.util.convert.DefaultConverterTestCase
Tests run: 18, Failures: 0, Errors: 0, Skipped: 1, Time elapsed: 0.018 sec - in com.twelvemonkeys.util.convert.DefaultConverterTestCase
Running com.twelvemonkeys.util.convert.TimeConverterTestCase
Tests run: 10, Failures: 0, Errors: 0, Skipped: 0, Time elapsed: 0 sec - in com.twelvemonkeys.util.convert.TimeConverterTestCase
Running com.twelvemonkeys.util.service.ServiceRegistryTest
Tests run: 25, Failures: 0, Errors: 0, Skipped: 0, Time elapsed: 0.021 sec - in com.twelvemonkeys.util.service.ServiceRegistryTest
Running com.twelvemonkeys.util.BeanMapTestCase
Tests run: 35, Failures: 0, Errors: 0, Skipped: 0, Time elapsed: 0.051 sec - in com.twelvemonkeys.util.BeanMapTestCase
Running com.twelvemonkeys.util.StringTokenIteratorTestCase
Tests run: 11, Failures: 0, Errors: 0, Skipped: 0, Time elapsed: 0.001 sec - in com.twelvemonkeys.util.StringTokenIteratorTestCase
Running com.twelvemonkeys.util.NullMapTestCase
Tests run: 35, Failures: 0, Errors: 0, Skipped: 0, Time elapsed: 0.002 sec - in com.twelvemonkeys.util.NullMapTestCase
Running com.twelvemonkeys.util.LinkedMapTestCase
Tests run: 36, Failures: 0, Errors: 0, Skipped: 0, Time elapsed: 0.039 sec - in com.twelvemonkeys.util.LinkedMapTestCase
Running com.twelvemonkeys.util.regex.RegExTokenIteratorTestCase
Tests run: 11, Failures: 0, Errors: 0, Skipped: 0, Time elapsed: 0.001 sec - in com.twelvemonkeys.util.regex.RegExTokenIteratorTestCase
Running com.twelvemonkeys.util.LRUMapTestCase
Tests run: 42, Failures: 0, Errors: 0, Skipped: 0, Time elapsed: 0.026 sec - in com.twelvemonkeys.util.LRUMapTestCase
Running com.twelvemonkeys.util.TimeoutMapTestCase
Tests run: 57, Failures: 1, Errors: 0, Skipped: 0, Time elapsed: 0.664 sec <<< FAILURE! - in com.twelvemonkeys.util.TimeoutMapTestCase
testWrapMapContainingValues(com.twelvemonkeys.util.TimeoutMapTestCase)  Time elapsed: 0.009 sec  <<< FAILURE!
junit.framework.AssertionFailedError: null
	at junit.framework.Assert.fail(Assert.java:47)
	at junit.framework.Assert.assertTrue(Assert.java:20)
	at junit.framework.Assert.assertNotNull(Assert.java:214)
	at junit.framework.Assert.assertNotNull(Assert.java:207)
	at com.twelvemonkeys.util.TimeoutMapTestCase.testWrapMapContainingValues(TimeoutMapTestCase.java:465)

Running com.twelvemonkeys.util.CollectionUtilTest
Tests run: 34, Failures: 0, Errors: 0, Skipped: 1, Time elapsed: 0.082 sec - in com.twelvemonkeys.util.CollectionUtilTest
Running com.twelvemonkeys.lang.ValidateTest
Tests run: 114, Failures: 0, Errors: 0, Skipped: 0, Time elapsed: 0.036 sec - in com.twelvemonkeys.lang.ValidateTest
Running com.twelvemonkeys.lang.PlatformTest
Tests run: 14, Failures: 0, Errors: 0, Skipped: 2, Time elapsed: 0.001 sec - in com.twelvemonkeys.lang.PlatformTest
Running com.twelvemonkeys.lang.DateUtilTest
Tests run: 30, Failures: 0, Errors: 0, Skipped: 0, Time elapsed: 0.009 sec - in com.twelvemonkeys.lang.DateUtilTest
Running com.twelvemonkeys.lang.StringUtilTestCase
Tests run: 56, Failures: 0, Errors: 0, Skipped: 0, Time elapsed: 0.025 sec - in com.twelvemonkeys.lang.StringUtilTestCase
Running com.twelvemonkeys.lang.BeanUtilTestCase
Tests run: 8, Failures: 0, Errors: 0, Skipped: 0, Time elapsed: 0.001 sec - in com.twelvemonkeys.lang.BeanUtilTestCase

Results :

Failed tests: 
  TimeoutMapTestCase.testWrapMapContainingValues:465 null

Tests run: 557, Failures: 1, Errors: 0, Skipped: 4

[INFO] ------------------------------------------------------------------------
[INFO] Reactor Summary:
[INFO] 
[INFO] Twelvemonkeys ...................................... SUCCESS [  0.301 s]
[INFO] TwelveMonkeys :: Common ............................ SUCCESS [  0.005 s]
[INFO] TwelveMonkeys :: Common :: Language support ........ FAILURE [  5.359 s]
[INFO] TwelveMonkeys :: Common :: IO ...................... SKIPPED
[INFO] TwelveMonkeys :: Common :: Image ................... SKIPPED
[INFO] TwelveMonkeys :: Servlet ........................... SKIPPED
[INFO] TwelveMonkeys :: ImageIO ........................... SKIPPED
[INFO] TwelveMonkeys :: ImageIO :: Core ................... SKIPPED
[INFO] TwelveMonkeys :: ImageIO :: Metadata ............... SKIPPED
[INFO] TwelveMonkeys :: ImageIO :: Photoshop Path Support . SKIPPED
[INFO] TwelveMonkeys :: ImageIO :: BMP plugin ............. SKIPPED
[INFO] TwelveMonkeys :: ImageIO :: HDR plugin ............. SKIPPED
[INFO] TwelveMonkeys :: ImageIO :: ICNS plugin ............ SKIPPED
[INFO] TwelveMonkeys :: ImageIO :: IFF plugin ............. SKIPPED
[INFO] TwelveMonkeys :: ImageIO :: JPEG plugin ............ SKIPPED
[INFO] TwelveMonkeys :: ImageIO :: PCX plugin ............. SKIPPED
[INFO] TwelveMonkeys :: ImageIO :: PDF plugin ............. SKIPPED
[INFO] TwelveMonkeys :: ImageIO :: PICT plugin ............ SKIPPED
[INFO] TwelveMonkeys :: ImageIO :: PNM plugin ............. SKIPPED
[INFO] TwelveMonkeys :: ImageIO :: PSD plugin ............. SKIPPED
[INFO] TwelveMonkeys :: ImageIO :: SGI plugin ............. SKIPPED
[INFO] TwelveMonkeys :: ImageIO :: TGA plugin ............. SKIPPED
[INFO] TwelveMonkeys :: ImageIO :: Thumbs.db plugin ....... SKIPPED
[INFO] TwelveMonkeys :: ImageIO :: TIFF plugin ............ SKIPPED
[INFO] TwelveMonkeys :: ImageIO :: Batik Plugin ........... SKIPPED
[INFO] TwelveMonkeys :: ImageIO :: reference test cases ... SKIPPED
[INFO] TwelveMonkeys :: Contrib ........................... SKIPPED
[INFO] TwelveMonkeys :: BOM ............................... SKIPPED
[INFO] ------------------------------------------------------------------------
[INFO] BUILD FAILURE
[INFO] ------------------------------------------------------------------------
[INFO] Total time: 6.141 s
[INFO] Finished at: 2020-07-03T13:41:33+00:00
[INFO] Final Memory: 22M/491M
[INFO] ------------------------------------------------------------------------
[ERROR] Failed to execute goal org.apache.maven.plugins:maven-surefire-plugin:2.18.1:test (default-test) on project common-lang: There are test failures.
[ERROR] 
[ERROR] Please refer to /home/travis/build/passed/haraldk/TwelveMonkeys/common/common-lang/target/surefire-reports for the individual test results.
[ERROR] -> [Help 1]
[ERROR] 
[ERROR] To see the full stack trace of the errors, re-run Maven with the -e switch.
[ERROR] Re-run Maven using the -X switch to enable full debug logging.
[ERROR] 
[ERROR] For more information about the errors and possible solutions, please read the following articles:
[ERROR] [Help 1] http://cwiki.apache.org/confluence/display/MAVEN/MojoFailureException
[ERROR] 
[ERROR] After correcting the problems, you can resume the build with the command
[ERROR]   mvn <goals> -rf :common-lang

travis_time:end:0675ab00:start=1593783686215429937,finish=1593783693859410023,duration=7643980086[0K
[31;1mThe command "mvn test -Dhttps.protocols=TLSv1.2 -Dhttps.protocols=TLSv1.2 -B" exited with 1.[0m

Done. Your build exited with 1.
