travis_time:start:0ea15270[0Ktravis_time:end:0ea15270:start=1593737288865183154,finish=1593737289015672083,duration=150488929,event=no_world_writable_dirs[0Ktravis_time:start:22ee3fa0[0Ktravis_time:end:22ee3fa0:start=1593737289022625010,finish=1593737289026635702,duration=4010692,event=check_unsupported[0Ktravis_time:start:006be190[0Ktravis_fold:start:system_info[0K[33;1mBuild system information[0m
Build language: java
Build group: stable
Build dist: precise
Build id: ''
Job id: ''
Runtime kernel version: 4.15.0-109-generic
[34m[1mBuild image provisioning date and time[0m
Thu Feb  5 15:09:33 UTC 2015
[34m[1mOperating System Details[0m
Distributor ID:	Ubuntu
Description:	Ubuntu 12.04.5 LTS
Release:	12.04
Codename:	precise
[34m[1mLinux Version[0m
3.13.0-29-generic
[34m[1mCookbooks Version[0m
a68419e https://github.com/travis-ci/travis-cookbooks/tree/a68419e
[34m[1mGCC version[0m
gcc (Ubuntu/Linaro 4.6.3-1ubuntu5) 4.6.3
Copyright (C) 2011 Free Software Foundation, Inc.
This is free software; see the source for copying conditions.  There is NO
warranty; not even for MERCHANTABILITY or FITNESS FOR A PARTICULAR PURPOSE.

[34m[1mLLVM version[0m
clang version 3.4 (tags/RELEASE_34/final)
Target: x86_64-unknown-linux-gnu
Thread model: posix
[34m[1mPre-installed Ruby versions[0m
ruby-1.9.3-p551
[34m[1mPre-installed Node.js versions[0m
v0.10.36
[34m[1mPre-installed Go versions[0m
1.4.1
[34m[1mRedis version[0m
redis-server 2.8.19
[34m[1mriak version[0m
2.0.2
[34m[1mMongoDB version[0m
MongoDB 2.4.12
[34m[1mCouchDB version[0m
couchdb 1.6.1
[34m[1mNeo4j version[0m
1.9.4
[34m[1mRabbitMQ Version[0m
3.4.3
[34m[1mElasticSearch version[0m
1.4.0
[34m[1mInstalled Sphinx versions[0m
2.0.10
2.1.9
2.2.6
[34m[1mDefault Sphinx version[0m
2.2.6
[34m[1mInstalled Firefox version[0m
firefox 31.0esr
[34m[1mPhantomJS version[0m
1.9.8
[34m[1mant -version[0m
Apache Ant(TM) version 1.8.2 compiled on December 3 2011
[34m[1mmvn -version[0m
Apache Maven 3.2.5 (12a6b3acb947671f09b81f49094c53f426d8cea1; 2014-12-14T17:29:23+00:00)
Maven home: /usr/local/maven
Java version: 1.7.0_76, vendor: Oracle Corporation
Java home: /usr/lib/jvm/java-7-oracle/jre
Default locale: en_US, platform encoding: ANSI_X3.4-1968
OS name: "linux", version: "3.13.0-29-generic", arch: "amd64", family: "unix"
travis_fold:end:system_info[0K
travis_time:end:006be190:start=1593737289032838981,finish=1593737289041361347,duration=8522366,event=show_system_info[0Ktravis_time:start:0a9ea700[0Ktravis_time:end:0a9ea700:start=1593737289047502415,finish=1593737289067527074,duration=20024659,event=rm_riak_source[0Ktravis_time:start:04efb868[0Ktravis_time:end:04efb868:start=1593737289073481366,finish=1593737289083715615,duration=10234249,event=fix_rwky_redis[0Ktravis_time:start:0c9e6336[0K[31;1mTimeout waiting for network availability.[0m
travis_time:end:0c9e6336:start=1593737289089311506,finish=1593737309814322943,duration=20725011437,event=wait_for_network[0Ktravis_time:start:08dce910[0Ktravis_time:end:08dce910:start=1593737309821262221,finish=1593737310827558692,duration=1006296471,event=update_apt_keys[0Ktravis_time:start:08f3956c[0Ktravis_time:end:08f3956c:start=1593737310832698435,finish=1593737310941004286,duration=108305851,event=fix_hhvm_source[0Ktravis_time:start:009de800[0Ktravis_time:end:009de800:start=1593737310947190667,finish=1593737310952205418,duration=5014751,event=update_mongo_arch[0Ktravis_time:start:000360c0[0Ktravis_time:end:000360c0:start=1593737310957720998,finish=1593737311002083255,duration=44362257,event=fix_sudo_enabled_trusty[0Ktravis_time:start:11918b04[0Ktravis_time:end:11918b04:start=1593737311008346869,finish=1593737311024062360,duration=15715491,event=clean_up_path[0Ktravis_time:start:30c4e8f0[0Ktravis_time:end:30c4e8f0:start=1593737311029796579,finish=1593737311043616843,duration=13820264,event=fix_resolv_conf[0Ktravis_time:start:00adf5b0[0Ktravis_time:end:00adf5b0:start=1593737311048962940,finish=1593737311063847282,duration=14884342,event=fix_etc_hosts[0Ktravis_time:start:1449b8e8[0Ktravis_time:start:0022b968[0Ktravis_time:end:0022b968:start=1593737311088491171,finish=1593737311106742542,duration=18251371,event=no_ipv6_localhost[0Ktravis_time:start:035bc99c[0Ktravis_time:end:035bc99c:start=1593737311112405466,finish=1593737311125367943,duration=12962477,event=fix_etc_mavenrc[0Ktravis_time:start:28dbcd06[0Ktravis_time:end:28dbcd06:start=1593737311131852968,finish=1593737311138143552,duration=6290584,event=fix_wwdr_certificate[0Ktravis_time:start:008c4bac[0Ktravis_time:end:008c4bac:start=1593737311144144133,finish=1593737311228609904,duration=84465771,event=put_localhost_first[0Ktravis_time:start:199ffd3c[0Ktravis_time:end:199ffd3c:start=1593737311234271705,finish=1593737311239455384,duration=5183679,event=home_paths[0Ktravis_time:start:06580ac6[0Ktravis_time:end:06580ac6:start=1593737311245726785,finish=1593737311265735872,duration=20009087,event=disable_initramfs[0Ktravis_time:start:3407b284[0Ktravis_time:end:3407b284:start=1593737311272118816,finish=1593737311291442808,duration=19323992,event=disable_ssh_roaming[0Ktravis_time:start:159a8036[0Ktravis_time:end:159a8036:start=1593737311296612298,finish=1593737311301054999,duration=4442701,event=debug_tools[0Ktravis_time:start:1cd2011c[0Ktravis_time:end:1cd2011c:start=1593737311307665588,finish=1593737311314130745,duration=6465157,event=uninstall_oclint[0Ktravis_time:start:00fa7080[0Ktravis_time:end:00fa7080:start=1593737311320170553,finish=1593737311326069551,duration=5898998,event=rvm_use[0Ktravis_time:start:1a4fde30[0Ktravis_time:end:1a4fde30:start=1593737311332632250,finish=1593737311345963950,duration=13331700,event=rm_etc_boto_cfg[0Ktravis_time:start:188451d0[0Ktravis_time:end:188451d0:start=1593737311352099010,finish=1593737311357296444,duration=5197434,event=rm_oraclejdk8_symlink[0Ktravis_time:start:00b95db0[0Ktravis_time:end:00b95db0:start=1593737311363968797,finish=1593737311409527355,duration=45558558,event=enable_i386[0Ktravis_time:start:0963870c[0Ktravis_time:end:0963870c:start=1593737311414642914,finish=1593737311420487141,duration=5844227,event=update_rubygems[0Ktravis_time:start:08a10c3f[0Ktravis_time:end:08a10c3f:start=1593737311425929018,finish=1593737311433302271,duration=7373253,event=ensure_path_components[0Ktravis_time:start:05045034[0Ktravis_time:end:05045034:start=1593737311438680991,finish=1593737311442864201,duration=4183210,event=redefine_curl[0Ktravis_time:start:00cfba20[0Ktravis_time:end:00cfba20:start=1593737311448465778,finish=1593737311452401552,duration=3935774,event=nonblock_pipe[0Ktravis_time:start:00366d98[0Ktravis_time:end:00366d98:start=1593737311458485088,finish=1593737316714340214,duration=5255855126,event=apt_get_update[0Ktravis_time:start:0439c273[0Ktravis_time:end:0439c273:start=1593737316721463873,finish=1593737316726831151,duration=5367278,event=deprecate_xcode_64[0Ktravis_time:start:077ead85[0Ktravis_time:end:077ead85:start=1593737316733817110,finish=1593737316742254426,duration=8437316,event=update_heroku[0Ktravis_time:start:2282eaae[0Ktravis_time:end:2282eaae:start=1593737316749221805,finish=1593737316754239493,duration=5017688,event=shell_session_update[0Ktravis_time:start:095d3d3e[0Ktravis_fold:start:docker_mtu[0Ktravis_fold:end:docker_mtu[0Ktravis_time:end:095d3d3e:start=1593737316760772012,finish=1593737316798201065,duration=37429053,event=set_docker_mtu[0Ktravis_time:start:0006ac80[0Ktravis_time:end:0006ac80:start=1593737316804069323,finish=1593737316819243189,duration=15173866,event=resolvconf[0K
travis_fold:start:install_jdk[0K[33;1mInstalling openjdk7[0m
$ jdk_switcher use "openjdk7"
Switching to OpenJDK7 (java-1.7.0-openjdk-amd64), JAVA_HOME will be set to /usr/lib/jvm/java-7-openjdk-amd64
travis_fold:end:install_jdk[0Ktravis_time:start:1d71b520[0Ktravis_time:end:1d71b520:start=1593737316842588406,finish=1593737316847551720,duration=4963314,event=fix_ps4[0Ktravis_time:start:199b4088[0K
$ cd failed/Scout24/deadcode4j

travis_time:end:199b4088:start=1593737316854634937,finish=1593737316860260944,duration=5626007,event=checkout[0Ktravis_time:start:12810cf9[0K
[33;1mSetting environment variables from .travis.yml[0m
$ export MVN_VERSION=3.0.5

travis_time:end:12810cf9:start=1593737316867157583,finish=1593737317023022990,duration=155865407,event=env[0Ktravis_fold:start:cache.1[0KSetting up build cache
$ export CASHER_DIR=${TRAVIS_HOME}/.casher
travis_time:start:10742554[0K$ Installing caching utilities
travis_time:end:10742554:start=1593737324449798575,finish=1593737327531776487,duration=3081977912,event=setup_casher[0Ktravis_time:start:0254d4ac[0K$ Installing caching utilities from the Travis CI server (https:///files/casher) failed, failing over to using GitHub (https://raw.githubusercontent.com/travis-ci/casher/bash/bin/casher)
travis_time:end:0254d4ac:start=1593737327539338477,finish=1593737327591575233,duration=52236756,event=setup_casher[0Ktravis_time:start:131c3a10[0Ktravis_time:end:131c3a10:start=1593737327602500626,finish=1593737327608292479,duration=5791853,event=setup_casher[0Ktravis_time:start:0e0447f1[0Kattempting to download cache archive[0m
[31;1mcould not download cache[0m
travis_time:end:0e0447f1:start=1593737327614948893,finish=1593737329015318531,duration=1400369638,event=setup_casher[0Ktravis_time:start:05939b0a[0Ktravis_time:end:05939b0a:start=1593737329023748122,finish=1593737329030477144,duration=6729022,event=setup_casher[0Ktravis_time:start:1766e50f[0Kadding /home/travis/.m2/repository to cache[0m
travis_time:end:1766e50f:start=1593737329038767830,finish=1593737330523179352,duration=1484411522,event=setup_casher[0Ktravis_fold:end:cache.1[0K
$ java -Xmx32m -version
$ javac -J-Xmx32m -version
travis_fold:start:before_install.1[0Ktravis_time:start:171e6b2d[0K$ MVN_URL=https://archive.apache.org/dist/maven/maven-3/$MVN_VERSION/binaries/apache-maven-$MVN_VERSION-bin.tar.gz
travis_time:end:171e6b2d:start=1593737330775538434,finish=1593737330781185266,duration=5646832,event=before_install[0Ktravis_fold:end:before_install.1[0Ktravis_fold:start:before_install.2[0Ktravis_time:start:1b6876e0[0K$ wget -q -O /tmp/maven.tar.gz $MVN_URL
travis_time:end:1b6876e0:start=1593737330789329042,finish=1593737350685719051,duration=19896390009,event=before_install[0Ktravis_fold:end:before_install.2[0Ktravis_fold:start:before_install.3[0Ktravis_time:start:0030fe3a[0K$ tar xzf /tmp/maven.tar.gz
travis_time:end:0030fe3a:start=1593737350694275498,finish=1593737350772934770,duration=78659272,event=before_install[0Ktravis_fold:end:before_install.3[0Ktravis_fold:start:before_install.4[0Ktravis_time:start:035b121d[0K$ export M2_HOME=`pwd`/apache-maven-$MVN_VERSION
travis_time:end:035b121d:start=1593737350780926030,finish=1593737350787642623,duration=6716593,event=before_install[0Ktravis_fold:end:before_install.4[0Ktravis_fold:start:before_install.5[0Ktravis_time:start:07afe8ab[0K$ export PATH=$M2_HOME/bin:$PATH
travis_time:end:07afe8ab:start=1593737350795089735,finish=1593737350800263005,duration=5173270,event=before_install[0Ktravis_fold:end:before_install.5[0Ktravis_fold:start:before_install.6[0Ktravis_time:start:1083369b[0K$ export MAVEN_SKIP_RC=true
travis_time:end:1083369b:start=1593737350807679910,finish=1593737350812795695,duration=5115785,event=before_install[0Ktravis_fold:end:before_install.6[0Ktravis_fold:start:install.1[0Ktravis_time:start:20854c7d[0K$ mvn -Dhttps.protocols=TLSv1.2 -Dhttps.protocols=TLSv1.2 -Dhttps.protocols=TLSv1.2 -Dhttps.protocols=TLSv1.2 -B -U clean verify org.apache.maven.plugins:maven-war-plugin:2.4:help -Dinvoker.skip=true -Dmaven.main.skip=true -Dmaven.plugin.skip=true -Dmaven.test.skip=true -PenableCoverage,travis
[INFO] Scanning for projects...
[WARNING] 
[WARNING] Some problems were encountered while building the effective model for de.is24.mavenplugins:deadcode4j-maven-plugin:maven-plugin:2.2.0-SNAPSHOT
[WARNING] 'dependencies.dependency.exclusions.exclusion.groupId' for org.hibernate:hibernate-annotations:jar with value '*' does not match a valid id pattern. @ line 1070, column 15
[WARNING] 'dependencies.dependency.exclusions.exclusion.artifactId' for org.hibernate:hibernate-annotations:jar with value '*' does not match a valid id pattern. @ line 1073, column 18
[WARNING] 'dependencies.dependency.exclusions.exclusion.groupId' for org.springframework.data:spring-data-commons:jar with value '*' does not match a valid id pattern. @ line 1094, column 15
[WARNING] 'dependencies.dependency.exclusions.exclusion.artifactId' for org.springframework.data:spring-data-commons:jar with value '*' does not match a valid id pattern. @ line 1097, column 18
[WARNING] 
[WARNING] It is highly recommended to fix these problems because they threaten the stability of your build.
[WARNING] 
[WARNING] For this reason, future Maven versions might no longer support building such malformed projects.
[WARNING] 
Downloading: http://repo.maven.apache.org/maven2/org/apache/maven/plugins/maven-war-plugin/2.4/maven-war-plugin-2.4.pom
[INFO] ------------------------------------------------------------------------
[INFO] BUILD FAILURE
[INFO] ------------------------------------------------------------------------
[INFO] Total time: 0.603s
[INFO] Finished at: Fri Jul 03 00:49:12 UTC 2020
[INFO] Final Memory: 22M/1963M
[INFO] ------------------------------------------------------------------------
[ERROR] Plugin org.apache.maven.plugins:maven-war-plugin:2.4 or one of its dependencies could not be resolved: Failed to read artifact descriptor for org.apache.maven.plugins:maven-war-plugin:jar:2.4: Could not transfer artifact org.apache.maven.plugins:maven-war-plugin:pom:2.4 from/to central (http://repo.maven.apache.org/maven2): Failed to transfer file: http://repo.maven.apache.org/maven2/org/apache/maven/plugins/maven-war-plugin/2.4/maven-war-plugin-2.4.pom. Return code is: 501 , ReasonPhrase:HTTPS Required. -> [Help 1]
[ERROR] 
[ERROR] To see the full stack trace of the errors, re-run Maven with the -e switch.
[ERROR] Re-run Maven using the -X switch to enable full debug logging.
[ERROR] 
[ERROR] For more information about the errors and possible solutions, please read the following articles:
[ERROR] [Help 1] http://cwiki.apache.org/confluence/display/MAVEN/PluginResolutionException
travis_time:end:20854c7d:start=1593737350820452859,finish=1593737352702852609,duration=1882399750,event=install[0K[31;1mThe command "mvn -Dhttps.protocols=TLSv1.2 -Dhttps.protocols=TLSv1.2 -Dhttps.protocols=TLSv1.2 -Dhttps.protocols=TLSv1.2 -B -U clean verify org.apache.maven.plugins:maven-war-plugin:2.4:help -Dinvoker.skip=true -Dmaven.main.skip=true -Dmaven.plugin.skip=true -Dmaven.test.skip=true -PenableCoverage,travis" failed and exited with 1 during .[0m

Your build has been stopped.
