travis_time:start:239cc370[0Ktravis_time:end:239cc370:start=1593737313887790413,finish=1593737314037049414,duration=149259001,event=no_world_writable_dirs[0Ktravis_time:start:0045b9e3[0Ktravis_time:end:0045b9e3:start=1593737314044549311,finish=1593737314049224025,duration=4674714,event=check_unsupported[0Ktravis_time:start:13e6f9c0[0Ktravis_fold:start:system_info[0K[33;1mBuild system information[0m
Build language: java
Build group: stable
Build dist: precise
Build id: ''
Job id: ''
Runtime kernel version: 4.15.0-109-generic
[34m[1mBuild image provisioning date and time[0m
Thu Feb  5 15:09:33 UTC 2015
[34m[1mOperating System Details[0m
Distributor ID:	Ubuntu
Description:	Ubuntu 12.04.5 LTS
Release:	12.04
Codename:	precise
[34m[1mLinux Version[0m
3.13.0-29-generic
[34m[1mCookbooks Version[0m
a68419e https://github.com/travis-ci/travis-cookbooks/tree/a68419e
[34m[1mGCC version[0m
gcc (Ubuntu/Linaro 4.6.3-1ubuntu5) 4.6.3
Copyright (C) 2011 Free Software Foundation, Inc.
This is free software; see the source for copying conditions.  There is NO
warranty; not even for MERCHANTABILITY or FITNESS FOR A PARTICULAR PURPOSE.

[34m[1mLLVM version[0m
clang version 3.4 (tags/RELEASE_34/final)
Target: x86_64-unknown-linux-gnu
Thread model: posix
[34m[1mPre-installed Ruby versions[0m
ruby-1.9.3-p551
[34m[1mPre-installed Node.js versions[0m
v0.10.36
[34m[1mPre-installed Go versions[0m
1.4.1
[34m[1mRedis version[0m
redis-server 2.8.19
[34m[1mriak version[0m
2.0.2
[34m[1mMongoDB version[0m
MongoDB 2.4.12
[34m[1mCouchDB version[0m
couchdb 1.6.1
[34m[1mNeo4j version[0m
1.9.4
[34m[1mRabbitMQ Version[0m
3.4.3
[34m[1mElasticSearch version[0m
1.4.0
[34m[1mInstalled Sphinx versions[0m
2.0.10
2.1.9
2.2.6
[34m[1mDefault Sphinx version[0m
2.2.6
[34m[1mInstalled Firefox version[0m
firefox 31.0esr
[34m[1mPhantomJS version[0m
1.9.8
[34m[1mant -version[0m
Apache Ant(TM) version 1.8.2 compiled on December 3 2011
[34m[1mmvn -version[0m
Apache Maven 3.2.5 (12a6b3acb947671f09b81f49094c53f426d8cea1; 2014-12-14T17:29:23+00:00)
Maven home: /usr/local/maven
Java version: 1.7.0_76, vendor: Oracle Corporation
Java home: /usr/lib/jvm/java-7-oracle/jre
Default locale: en_US, platform encoding: ANSI_X3.4-1968
OS name: "linux", version: "3.13.0-29-generic", arch: "amd64", family: "unix"
travis_fold:end:system_info[0K
travis_time:end:13e6f9c0:start=1593737314054750184,finish=1593737314063566279,duration=8816095,event=show_system_info[0Ktravis_time:start:12de1b94[0Ktravis_time:end:12de1b94:start=1593737314069641008,finish=1593737314088002878,duration=18361870,event=rm_riak_source[0Ktravis_time:start:0e7ba9d1[0Ktravis_time:end:0e7ba9d1:start=1593737314094406375,finish=1593737314106068834,duration=11662459,event=fix_rwky_redis[0Ktravis_time:start:0fa732c1[0K[31;1mTimeout waiting for network availability.[0m
travis_time:end:0fa732c1:start=1593737314112154762,finish=1593737334815259099,duration=20703104337,event=wait_for_network[0Ktravis_time:start:11590873[0Ktravis_time:end:11590873:start=1593737334821029901,finish=1593737335729235754,duration=908205853,event=update_apt_keys[0Ktravis_time:start:02dc5940[0Ktravis_time:end:02dc5940:start=1593737335735385602,finish=1593737335795605358,duration=60219756,event=fix_hhvm_source[0Ktravis_time:start:022cf2ec[0Ktravis_time:end:022cf2ec:start=1593737335802445078,finish=1593737335808041575,duration=5596497,event=update_mongo_arch[0Ktravis_time:start:092500d1[0Ktravis_time:end:092500d1:start=1593737335814601711,finish=1593737335860304671,duration=45702960,event=fix_sudo_enabled_trusty[0Ktravis_time:start:016a1924[0Ktravis_time:end:016a1924:start=1593737335866684828,finish=1593737335880599345,duration=13914517,event=clean_up_path[0Ktravis_time:start:06352eee[0Ktravis_time:end:06352eee:start=1593737335886023380,finish=1593737335900032825,duration=14009445,event=fix_resolv_conf[0Ktravis_time:start:022bd9bc[0Ktravis_time:end:022bd9bc:start=1593737335905505396,finish=1593737335924271886,duration=18766490,event=fix_etc_hosts[0Ktravis_time:start:187d6154[0Ktravis_time:start:0e234eb6[0Ktravis_time:end:0e234eb6:start=1593737335959984218,finish=1593737335976940194,duration=16955976,event=no_ipv6_localhost[0Ktravis_time:start:235e5dc0[0Ktravis_time:end:235e5dc0:start=1593737335982981261,finish=1593737335999542755,duration=16561494,event=fix_etc_mavenrc[0Ktravis_time:start:1826ac42[0Ktravis_time:end:1826ac42:start=1593737336005980727,finish=1593737336011954201,duration=5973474,event=fix_wwdr_certificate[0Ktravis_time:start:0aab5d60[0Ktravis_time:end:0aab5d60:start=1593737336018528867,finish=1593737336057465567,duration=38936700,event=put_localhost_first[0Ktravis_time:start:167026ec[0Ktravis_time:end:167026ec:start=1593737336063233418,finish=1593737336067502298,duration=4268880,event=home_paths[0Ktravis_time:start:2a8597c4[0Ktravis_time:end:2a8597c4:start=1593737336073263290,finish=1593737336101522978,duration=28259688,event=disable_initramfs[0Ktravis_time:start:0274b4c7[0Ktravis_time:end:0274b4c7:start=1593737336108557697,finish=1593737336131813227,duration=23255530,event=disable_ssh_roaming[0Ktravis_time:start:0227a348[0Ktravis_time:end:0227a348:start=1593737336138398844,finish=1593737336143625624,duration=5226780,event=debug_tools[0Ktravis_time:start:0c16ad52[0Ktravis_time:end:0c16ad52:start=1593737336151190768,finish=1593737336158540031,duration=7349263,event=uninstall_oclint[0Ktravis_time:start:0479e718[0Ktravis_time:end:0479e718:start=1593737336165961495,finish=1593737336172739449,duration=6777954,event=rvm_use[0Ktravis_time:start:048e8121[0Ktravis_time:end:048e8121:start=1593737336180091528,finish=1593737336196408859,duration=16317331,event=rm_etc_boto_cfg[0Ktravis_time:start:009543a9[0Ktravis_time:end:009543a9:start=1593737336203488629,finish=1593737336208716031,duration=5227402,event=rm_oraclejdk8_symlink[0Ktravis_time:start:09d9d708[0Ktravis_time:end:09d9d708:start=1593737336215905216,finish=1593737336263533402,duration=47628186,event=enable_i386[0Ktravis_time:start:0c1ad18c[0Ktravis_time:end:0c1ad18c:start=1593737336270592662,finish=1593737336277971780,duration=7379118,event=update_rubygems[0Ktravis_time:start:150638b1[0Ktravis_time:end:150638b1:start=1593737336284610082,finish=1593737336294474695,duration=9864613,event=ensure_path_components[0Ktravis_time:start:230ad074[0Ktravis_time:end:230ad074:start=1593737336301217139,finish=1593737336306340687,duration=5123548,event=redefine_curl[0Ktravis_time:start:1bd389b4[0Ktravis_time:end:1bd389b4:start=1593737336312643279,finish=1593737336317169007,duration=4525728,event=nonblock_pipe[0Ktravis_time:start:01138dfe[0Ktravis_time:end:01138dfe:start=1593737336323898124,finish=1593737341446875042,duration=5122976918,event=apt_get_update[0Ktravis_time:start:10249bd0[0Ktravis_time:end:10249bd0:start=1593737341452927266,finish=1593737341458304503,duration=5377237,event=deprecate_xcode_64[0Ktravis_time:start:0b4056c4[0Ktravis_time:end:0b4056c4:start=1593737341463683979,finish=1593737341470859100,duration=7175121,event=update_heroku[0Ktravis_time:start:2e8655e6[0Ktravis_time:end:2e8655e6:start=1593737341476162042,finish=1593737341480655979,duration=4493937,event=shell_session_update[0Ktravis_time:start:06cb0b87[0Ktravis_fold:start:docker_mtu[0Ktravis_fold:end:docker_mtu[0Ktravis_time:end:06cb0b87:start=1593737341485979177,finish=1593737341515224772,duration=29245595,event=set_docker_mtu[0Ktravis_time:start:0a79cab4[0Ktravis_time:end:0a79cab4:start=1593737341520302740,finish=1593737341535861359,duration=15558619,event=resolvconf[0K
travis_fold:start:install_jdk[0K[33;1mInstalling openjdk7[0m
$ jdk_switcher use "openjdk7"
Switching to OpenJDK7 (java-1.7.0-openjdk-amd64), JAVA_HOME will be set to /usr/lib/jvm/java-7-openjdk-amd64
travis_fold:end:install_jdk[0Ktravis_time:start:170a6ab8[0Ktravis_time:end:170a6ab8:start=1593737341553519587,finish=1593737341556826439,duration=3306852,event=fix_ps4[0Ktravis_time:start:29c2f56e[0K
$ cd failed/Scout24/deadcode4j

travis_time:end:29c2f56e:start=1593737341561327553,finish=1593737341565068880,duration=3741327,event=checkout[0Ktravis_time:start:028e5446[0K
[33;1mSetting environment variables from .travis.yml[0m
$ export MVN_VERSION=3.1.1

travis_time:end:028e5446:start=1593737341570410255,finish=1593737344463450037,duration=2893039782,event=env[0Ktravis_fold:start:cache.1[0KSetting up build cache
$ export CASHER_DIR=${TRAVIS_HOME}/.casher
travis_time:start:000c0c60[0K$ Installing caching utilities
travis_time:end:000c0c60:start=1593737352536393921,finish=1593737355637482670,duration=3101088749,event=setup_casher[0Ktravis_time:start:0ceec7f1[0K$ Installing caching utilities from the Travis CI server (https:///files/casher) failed, failing over to using GitHub (https://raw.githubusercontent.com/travis-ci/casher/bash/bin/casher)
travis_time:end:0ceec7f1:start=1593737355645502230,finish=1593737355703616914,duration=58114684,event=setup_casher[0Ktravis_time:start:12e7bd26[0Ktravis_time:end:12e7bd26:start=1593737355712507761,finish=1593737355718004500,duration=5496739,event=setup_casher[0Ktravis_time:start:07e801d8[0Kattempting to download cache archive[0m
[31;1mcould not download cache[0m
travis_time:end:07e801d8:start=1593737355724789044,finish=1593737357088990850,duration=1364201806,event=setup_casher[0Ktravis_time:start:0139864e[0Ktravis_time:end:0139864e:start=1593737357096335223,finish=1593737357102136682,duration=5801459,event=setup_casher[0Ktravis_time:start:16e33950[0Kadding /home/travis/.m2/repository to cache[0m
travis_time:end:16e33950:start=1593737357109348916,finish=1593737358586711255,duration=1477362339,event=setup_casher[0Ktravis_fold:end:cache.1[0K
$ java -Xmx32m -version
$ javac -J-Xmx32m -version
travis_fold:start:before_install.1[0Ktravis_time:start:3e67be8c[0K$ MVN_URL=https://archive.apache.org/dist/maven/maven-3/$MVN_VERSION/binaries/apache-maven-$MVN_VERSION-bin.tar.gz
travis_time:end:3e67be8c:start=1593737358846012889,finish=1593737358852184702,duration=6171813,event=before_install[0Ktravis_fold:end:before_install.1[0Ktravis_fold:start:before_install.2[0Ktravis_time:start:3121a7be[0K$ wget -q -O /tmp/maven.tar.gz $MVN_URL
travis_time:end:3121a7be:start=1593737358861095890,finish=1593737360822845313,duration=1961749423,event=before_install[0Ktravis_fold:end:before_install.2[0Ktravis_fold:start:before_install.3[0Ktravis_time:start:0d787994[0K$ tar xzf /tmp/maven.tar.gz
travis_time:end:0d787994:start=1593737360832253748,finish=1593737360917255629,duration=85001881,event=before_install[0Ktravis_fold:end:before_install.3[0Ktravis_fold:start:before_install.4[0Ktravis_time:start:09690bc7[0K$ export M2_HOME=`pwd`/apache-maven-$MVN_VERSION
travis_time:end:09690bc7:start=1593737360925517370,finish=1593737360933617860,duration=8100490,event=before_install[0Ktravis_fold:end:before_install.4[0Ktravis_fold:start:before_install.5[0Ktravis_time:start:03f98700[0K$ export PATH=$M2_HOME/bin:$PATH
travis_time:end:03f98700:start=1593737360942568349,finish=1593737360948367446,duration=5799097,event=before_install[0Ktravis_fold:end:before_install.5[0Ktravis_fold:start:before_install.6[0Ktravis_time:start:226001b8[0K$ export MAVEN_SKIP_RC=true
travis_time:end:226001b8:start=1593737360957220444,finish=1593737360963003739,duration=5783295,event=before_install[0Ktravis_fold:end:before_install.6[0Ktravis_fold:start:install.1[0Ktravis_time:start:07828504[0K$ mvn -Dhttps.protocols=TLSv1.2 -Dhttps.protocols=TLSv1.2 -Dhttps.protocols=TLSv1.2 -Dhttps.protocols=TLSv1.2 -B -U clean verify org.apache.maven.plugins:maven-war-plugin:2.4:help -Dinvoker.skip=true -Dmaven.main.skip=true -Dmaven.plugin.skip=true -Dmaven.test.skip=true -PenableCoverage,travis
[INFO] Scanning for projects...
[WARNING] 
[WARNING] Some problems were encountered while building the effective model for de.is24.mavenplugins:deadcode4j-maven-plugin:maven-plugin:2.2.0-SNAPSHOT
[WARNING] 'dependencies.dependency.exclusions.exclusion.groupId' for org.hibernate:hibernate-annotations:jar with value '*' does not match a valid id pattern. @ line 1070, column 15
[WARNING] 'dependencies.dependency.exclusions.exclusion.artifactId' for org.hibernate:hibernate-annotations:jar with value '*' does not match a valid id pattern. @ line 1073, column 18
[WARNING] 'dependencies.dependency.exclusions.exclusion.groupId' for org.springframework.data:spring-data-commons:jar with value '*' does not match a valid id pattern. @ line 1094, column 15
[WARNING] 'dependencies.dependency.exclusions.exclusion.artifactId' for org.springframework.data:spring-data-commons:jar with value '*' does not match a valid id pattern. @ line 1097, column 18
[WARNING] 
[WARNING] It is highly recommended to fix these problems because they threaten the stability of your build.
[WARNING] 
[WARNING] For this reason, future Maven versions might no longer support building such malformed projects.
[WARNING] 
[INFO] Downloading: http://repo.maven.apache.org/maven2/org/apache/maven/plugins/maven-war-plugin/2.4/maven-war-plugin-2.4.pom
[INFO] ------------------------------------------------------------------------
[INFO] BUILD FAILURE
[INFO] ------------------------------------------------------------------------
[INFO] Total time: 0.491s
[INFO] Finished at: Fri Jul 03 00:49:22 UTC 2020
[INFO] Final Memory: 23M/1963M
[INFO] ------------------------------------------------------------------------
[ERROR] Plugin org.apache.maven.plugins:maven-war-plugin:2.4 or one of its dependencies could not be resolved: Failed to read artifact descriptor for org.apache.maven.plugins:maven-war-plugin:jar:2.4: Could not transfer artifact org.apache.maven.plugins:maven-war-plugin:pom:2.4 from/to central (http://repo.maven.apache.org/maven2): Failed to transfer file: http://repo.maven.apache.org/maven2/org/apache/maven/plugins/maven-war-plugin/2.4/maven-war-plugin-2.4.pom. Return code is: 501 , ReasonPhrase:HTTPS Required. -> [Help 1]
[ERROR] 
[ERROR] To see the full stack trace of the errors, re-run Maven with the -e switch.
[ERROR] Re-run Maven using the -X switch to enable full debug logging.
[ERROR] 
[ERROR] For more information about the errors and possible solutions, please read the following articles:
[ERROR] [Help 1] http://cwiki.apache.org/confluence/display/MAVEN/PluginResolutionException
travis_time:end:07828504:start=1593737360970338081,finish=1593737362928467798,duration=1958129717,event=install[0K[31;1mThe command "mvn -Dhttps.protocols=TLSv1.2 -Dhttps.protocols=TLSv1.2 -Dhttps.protocols=TLSv1.2 -Dhttps.protocols=TLSv1.2 -B -U clean verify org.apache.maven.plugins:maven-war-plugin:2.4:help -Dinvoker.skip=true -Dmaven.main.skip=true -Dmaven.plugin.skip=true -Dmaven.test.skip=true -PenableCoverage,travis" failed and exited with 1 during .[0m

Your build has been stopped.
