travis_time:start:23296e04[0Ktravis_time:end:23296e04:start=1593737502064317438,finish=1593737502219777184,duration=155459746,event=no_world_writable_dirs[0Ktravis_time:start:019ea434[0Ktravis_time:end:019ea434:start=1593737502226679446,finish=1593737502231202476,duration=4523030,event=check_unsupported[0Ktravis_time:start:12a307f4[0Ktravis_fold:start:system_info[0K[33;1mBuild system information[0m
Build language: java
Build group: stable
Build dist: precise
Build id: ''
Job id: ''
Runtime kernel version: 4.15.0-109-generic
[34m[1mBuild image provisioning date and time[0m
Thu Feb  5 15:09:33 UTC 2015
[34m[1mOperating System Details[0m
Distributor ID:	Ubuntu
Description:	Ubuntu 12.04.5 LTS
Release:	12.04
Codename:	precise
[34m[1mLinux Version[0m
3.13.0-29-generic
[34m[1mCookbooks Version[0m
a68419e https://github.com/travis-ci/travis-cookbooks/tree/a68419e
[34m[1mGCC version[0m
gcc (Ubuntu/Linaro 4.6.3-1ubuntu5) 4.6.3
Copyright (C) 2011 Free Software Foundation, Inc.
This is free software; see the source for copying conditions.  There is NO
warranty; not even for MERCHANTABILITY or FITNESS FOR A PARTICULAR PURPOSE.

[34m[1mLLVM version[0m
clang version 3.4 (tags/RELEASE_34/final)
Target: x86_64-unknown-linux-gnu
Thread model: posix
[34m[1mPre-installed Ruby versions[0m
ruby-1.9.3-p551
[34m[1mPre-installed Node.js versions[0m
v0.10.36
[34m[1mPre-installed Go versions[0m
1.4.1
[34m[1mRedis version[0m
redis-server 2.8.19
[34m[1mriak version[0m
2.0.2
[34m[1mMongoDB version[0m
MongoDB 2.4.12
[34m[1mCouchDB version[0m
couchdb 1.6.1
[34m[1mNeo4j version[0m
1.9.4
[34m[1mRabbitMQ Version[0m
3.4.3
[34m[1mElasticSearch version[0m
1.4.0
[34m[1mInstalled Sphinx versions[0m
2.0.10
2.1.9
2.2.6
[34m[1mDefault Sphinx version[0m
2.2.6
[34m[1mInstalled Firefox version[0m
firefox 31.0esr
[34m[1mPhantomJS version[0m
1.9.8
[34m[1mant -version[0m
Apache Ant(TM) version 1.8.2 compiled on December 3 2011
[34m[1mmvn -version[0m
Apache Maven 3.2.5 (12a6b3acb947671f09b81f49094c53f426d8cea1; 2014-12-14T17:29:23+00:00)
Maven home: /usr/local/maven
Java version: 1.7.0_76, vendor: Oracle Corporation
Java home: /usr/lib/jvm/java-7-oracle/jre
Default locale: en_US, platform encoding: ANSI_X3.4-1968
OS name: "linux", version: "3.13.0-29-generic", arch: "amd64", family: "unix"
travis_fold:end:system_info[0K
travis_time:end:12a307f4:start=1593737502236975796,finish=1593737502244923892,duration=7948096,event=show_system_info[0Ktravis_time:start:220aec20[0Ktravis_time:end:220aec20:start=1593737502251040623,finish=1593737502269183069,duration=18142446,event=rm_riak_source[0Ktravis_time:start:0e47fab8[0Ktravis_time:end:0e47fab8:start=1593737502275276980,finish=1593737502285775592,duration=10498612,event=fix_rwky_redis[0Ktravis_time:start:08546268[0K[31;1mTimeout waiting for network availability.[0m
travis_time:end:08546268:start=1593737502291320069,finish=1593737522913023059,duration=20621702990,event=wait_for_network[0Ktravis_time:start:03fabc02[0Ktravis_time:end:03fabc02:start=1593737522919067191,finish=1593737523879086341,duration=960019150,event=update_apt_keys[0Ktravis_time:start:00fe24f7[0Ktravis_time:end:00fe24f7:start=1593737523884345011,finish=1593737523964459037,duration=80114026,event=fix_hhvm_source[0Ktravis_time:start:07192ee8[0Ktravis_time:end:07192ee8:start=1593737523968660511,finish=1593737523971901027,duration=3240516,event=update_mongo_arch[0Ktravis_time:start:1012cd98[0Ktravis_time:end:1012cd98:start=1593737523977177930,finish=1593737524026957937,duration=49780007,event=fix_sudo_enabled_trusty[0Ktravis_time:start:07d6644a[0Ktravis_time:end:07d6644a:start=1593737524032237320,finish=1593737524046318963,duration=14081643,event=clean_up_path[0Ktravis_time:start:1ec882d2[0Ktravis_time:end:1ec882d2:start=1593737524050784672,finish=1593737524061778776,duration=10994104,event=fix_resolv_conf[0Ktravis_time:start:0017f21a[0Ktravis_time:end:0017f21a:start=1593737524066151906,finish=1593737524078797424,duration=12645518,event=fix_etc_hosts[0Ktravis_time:start:2522003b[0Ktravis_time:start:002daaac[0Ktravis_time:end:002daaac:start=1593737524106872629,finish=1593737524118216743,duration=11344114,event=no_ipv6_localhost[0Ktravis_time:start:00593a78[0Ktravis_time:end:00593a78:start=1593737524122074160,finish=1593737524206792865,duration=84718705,event=fix_etc_mavenrc[0Ktravis_time:start:0187a538[0Ktravis_time:end:0187a538:start=1593737524211813981,finish=1593737524216739983,duration=4926002,event=fix_wwdr_certificate[0Ktravis_time:start:0a93e5c7[0Ktravis_time:end:0a93e5c7:start=1593737524220957501,finish=1593737524251098968,duration=30141467,event=put_localhost_first[0Ktravis_time:start:05e04856[0Ktravis_time:end:05e04856:start=1593737524256155091,finish=1593737524259921153,duration=3766062,event=home_paths[0Ktravis_time:start:038f243a[0Ktravis_time:end:038f243a:start=1593737524264870200,finish=1593737524365279658,duration=100409458,event=disable_initramfs[0Ktravis_time:start:136be6b8[0Ktravis_time:end:136be6b8:start=1593737524371400898,finish=1593737524391312611,duration=19911713,event=disable_ssh_roaming[0Ktravis_time:start:1ca98540[0Ktravis_time:end:1ca98540:start=1593737524396650265,finish=1593737524400573921,duration=3923656,event=debug_tools[0Ktravis_time:start:0b38bbd0[0Ktravis_time:end:0b38bbd0:start=1593737524406210733,finish=1593737524411823278,duration=5612545,event=uninstall_oclint[0Ktravis_time:start:0829c614[0Ktravis_time:end:0829c614:start=1593737524417344890,finish=1593737524422683159,duration=5338269,event=rvm_use[0Ktravis_time:start:1f6d4df8[0Ktravis_time:end:1f6d4df8:start=1593737524427842107,finish=1593737524440947484,duration=13105377,event=rm_etc_boto_cfg[0Ktravis_time:start:2c6dc9de[0Ktravis_time:end:2c6dc9de:start=1593737524446825460,finish=1593737524451184520,duration=4359060,event=rm_oraclejdk8_symlink[0Ktravis_time:start:02f5f6ac[0Ktravis_time:end:02f5f6ac:start=1593737524457671276,finish=1593737524497130511,duration=39459235,event=enable_i386[0Ktravis_time:start:096e7277[0Ktravis_time:end:096e7277:start=1593737524502927195,finish=1593737524509054514,duration=6127319,event=update_rubygems[0Ktravis_time:start:2dc23080[0Ktravis_time:end:2dc23080:start=1593737524514314419,finish=1593737524522123075,duration=7808656,event=ensure_path_components[0Ktravis_time:start:002ec6a2[0Ktravis_time:end:002ec6a2:start=1593737524528374250,finish=1593737524532742931,duration=4368681,event=redefine_curl[0Ktravis_time:start:016c9b90[0Ktravis_time:end:016c9b90:start=1593737524538607040,finish=1593737524543081936,duration=4474896,event=nonblock_pipe[0Ktravis_time:start:01da9760[0Ktravis_time:end:01da9760:start=1593737524548609509,finish=1593737530235535183,duration=5686925674,event=apt_get_update[0Ktravis_time:start:2c9ea890[0Ktravis_time:end:2c9ea890:start=1593737530240509491,finish=1593737530244316164,duration=3806673,event=deprecate_xcode_64[0Ktravis_time:start:25af6e78[0Ktravis_time:end:25af6e78:start=1593737530249103191,finish=1593737530255591468,duration=6488277,event=update_heroku[0Ktravis_time:start:0119abfc[0Ktravis_time:end:0119abfc:start=1593737530261493246,finish=1593737530265618037,duration=4124791,event=shell_session_update[0Ktravis_time:start:020ef61e[0Ktravis_fold:start:docker_mtu[0Ktravis_fold:end:docker_mtu[0Ktravis_time:end:020ef61e:start=1593737530271014119,finish=1593737530310997657,duration=39983538,event=set_docker_mtu[0Ktravis_time:start:2b7a6228[0Ktravis_time:end:2b7a6228:start=1593737530315758645,finish=1593737530332052126,duration=16293481,event=resolvconf[0K
travis_fold:start:install_jdk[0K[33;1mInstalling oraclejdk8[0m
$ jdk_switcher use "oraclejdk8"
Switching to Oracle JDK8 (java-8-oracle), JAVA_HOME will be set to /usr/lib/jvm/java-8-oracle
travis_fold:end:install_jdk[0Ktravis_time:start:0606fa17[0Ktravis_time:end:0606fa17:start=1593737530352055646,finish=1593737530355763744,duration=3708098,event=fix_ps4[0Ktravis_time:start:0373b980[0K
$ cd passed/Scout24/deadcode4j

travis_time:end:0373b980:start=1593737530361373337,finish=1593737530366279036,duration=4905699,event=checkout[0Ktravis_time:start:0ed42458[0K
[33;1mSetting environment variables from .travis.yml[0m
$ export MVN_VERSION=3.1.1

travis_time:end:0ed42458:start=1593737530370982376,finish=1593737530579951631,duration=208969255,event=env[0Ktravis_fold:start:cache.1[0KSetting up build cache
$ export CASHER_DIR=${TRAVIS_HOME}/.casher
travis_time:start:1e870320[0K$ Installing caching utilities
travis_time:end:1e870320:start=1593737538611577358,finish=1593737541700836469,duration=3089259111,event=setup_casher[0Ktravis_time:start:00b35e08[0K$ Installing caching utilities from the Travis CI server (https:///files/casher) failed, failing over to using GitHub (https://raw.githubusercontent.com/travis-ci/casher/bash/bin/casher)
travis_time:end:00b35e08:start=1593737541708801956,finish=1593737541785166527,duration=76364571,event=setup_casher[0Ktravis_time:start:05ed78ca[0Ktravis_time:end:05ed78ca:start=1593737541794563175,finish=1593737541799219306,duration=4656131,event=setup_casher[0Ktravis_time:start:003675f8[0Kattempting to download cache archive[0m
[31;1mcould not download cache[0m
travis_time:end:003675f8:start=1593737541805551835,finish=1593737543201786073,duration=1396234238,event=setup_casher[0Ktravis_time:start:0483fd8f[0Ktravis_time:end:0483fd8f:start=1593737543208865722,finish=1593737543213909322,duration=5043600,event=setup_casher[0Ktravis_time:start:2a9f12de[0Kadding /home/travis/.m2/repository to cache[0m
travis_time:end:2a9f12de:start=1593737543220844841,finish=1593737544708756783,duration=1487911942,event=setup_casher[0Ktravis_fold:end:cache.1[0K
$ java -Xmx32m -version
$ javac -J-Xmx32m -version
travis_fold:start:before_install.1[0Ktravis_time:start:00a1c955[0K$ MVN_URL=https://archive.apache.org/dist/maven/maven-3/$MVN_VERSION/binaries/apache-maven-$MVN_VERSION-bin.tar.gz
travis_time:end:00a1c955:start=1593737545037175663,finish=1593737545042077417,duration=4901754,event=before_install[0Ktravis_fold:end:before_install.1[0Ktravis_fold:start:before_install.2[0Ktravis_time:start:0296f0d0[0K$ wget -q -O /tmp/maven.tar.gz $MVN_URL
travis_time:end:0296f0d0:start=1593737545048396796,finish=1593737547645728795,duration=2597331999,event=before_install[0Ktravis_fold:end:before_install.2[0Ktravis_fold:start:before_install.3[0Ktravis_time:start:03c0b56b[0K$ tar xzf /tmp/maven.tar.gz
travis_time:end:03c0b56b:start=1593737547653964077,finish=1593737547724483441,duration=70519364,event=before_install[0Ktravis_fold:end:before_install.3[0Ktravis_fold:start:before_install.4[0Ktravis_time:start:094c4730[0K$ export M2_HOME=`pwd`/apache-maven-$MVN_VERSION
travis_time:end:094c4730:start=1593737547730449146,finish=1593737547736486834,duration=6037688,event=before_install[0Ktravis_fold:end:before_install.4[0Ktravis_fold:start:before_install.5[0Ktravis_time:start:08849418[0K$ export PATH=$M2_HOME/bin:$PATH
travis_time:end:08849418:start=1593737547742817133,finish=1593737547754515337,duration=11698204,event=before_install[0Ktravis_fold:end:before_install.5[0Ktravis_fold:start:before_install.6[0Ktravis_time:start:00319fe8[0K$ export MAVEN_SKIP_RC=true
travis_time:end:00319fe8:start=1593737547760778517,finish=1593737547763925329,duration=3146812,event=before_install[0Ktravis_fold:end:before_install.6[0Ktravis_fold:start:install.1[0Ktravis_time:start:2392f40a[0K$ mvn -Dhttps.protocols=TLSv1.2 -Dhttps.protocols=TLSv1.2 -Dhttps.protocols=TLSv1.2 -B -U clean verify org.apache.maven.plugins:maven-war-plugin:2.4:help -Dinvoker.skip=true -Dmaven.main.skip=true -Dmaven.plugin.skip=true -Dmaven.test.skip=true -PenableCoverage,travis
[INFO] Scanning for projects...
[WARNING] 
[WARNING] Some problems were encountered while building the effective model for de.is24.mavenplugins:deadcode4j-maven-plugin:maven-plugin:2.2.0-SNAPSHOT
[WARNING] 'dependencies.dependency.exclusions.exclusion.groupId' for org.hibernate:hibernate-annotations:jar with value '*' does not match a valid id pattern. @ line 1070, column 15
[WARNING] 'dependencies.dependency.exclusions.exclusion.artifactId' for org.hibernate:hibernate-annotations:jar with value '*' does not match a valid id pattern. @ line 1073, column 18
[WARNING] 'dependencies.dependency.exclusions.exclusion.groupId' for org.springframework.data:spring-data-commons:jar with value '*' does not match a valid id pattern. @ line 1094, column 15
[WARNING] 'dependencies.dependency.exclusions.exclusion.artifactId' for org.springframework.data:spring-data-commons:jar with value '*' does not match a valid id pattern. @ line 1097, column 18
[WARNING] 
[WARNING] It is highly recommended to fix these problems because they threaten the stability of your build.
[WARNING] 
[WARNING] For this reason, future Maven versions might no longer support building such malformed projects.
[WARNING] 
[INFO] Downloading: http://repo.maven.apache.org/maven2/org/apache/maven/plugins/maven-war-plugin/2.4/maven-war-plugin-2.4.pom
[INFO] ------------------------------------------------------------------------
[INFO] BUILD FAILURE
[INFO] ------------------------------------------------------------------------
[INFO] Total time: 0.535s
[INFO] Finished at: Fri Jul 03 00:52:29 UTC 2020
[INFO] Final Memory: 23M/1963M
[INFO] ------------------------------------------------------------------------
[ERROR] Plugin org.apache.maven.plugins:maven-war-plugin:2.4 or one of its dependencies could not be resolved: Failed to read artifact descriptor for org.apache.maven.plugins:maven-war-plugin:jar:2.4: Could not transfer artifact org.apache.maven.plugins:maven-war-plugin:pom:2.4 from/to central (http://repo.maven.apache.org/maven2): Failed to transfer file: http://repo.maven.apache.org/maven2/org/apache/maven/plugins/maven-war-plugin/2.4/maven-war-plugin-2.4.pom. Return code is: 501 , ReasonPhrase:HTTPS Required. -> [Help 1]
[ERROR] 
[ERROR] To see the full stack trace of the errors, re-run Maven with the -e switch.
[ERROR] Re-run Maven using the -X switch to enable full debug logging.
[ERROR] 
[ERROR] For more information about the errors and possible solutions, please read the following articles:
[ERROR] [Help 1] http://cwiki.apache.org/confluence/display/MAVEN/PluginResolutionException
travis_time:end:2392f40a:start=1593737547769443091,finish=1593737549736042892,duration=1966599801,event=install[0K[31;1mThe command "mvn -Dhttps.protocols=TLSv1.2 -Dhttps.protocols=TLSv1.2 -Dhttps.protocols=TLSv1.2 -B -U clean verify org.apache.maven.plugins:maven-war-plugin:2.4:help -Dinvoker.skip=true -Dmaven.main.skip=true -Dmaven.plugin.skip=true -Dmaven.test.skip=true -PenableCoverage,travis" failed and exited with 1 during .[0m

Your build has been stopped.
