travis_fold:start:system_info[0K[33;1mBuild system information[0m
Build language: scala
Build group: stable
Build dist: precise
Build id: ''
Job id: ''
[34m[1mBuild image provisioning date and time[0m
Thu Feb  5 15:09:33 UTC 2015
[34m[1mOperating System Details[0m
Distributor ID:	Ubuntu
Description:	Ubuntu 12.04.5 LTS
Release:	12.04
Codename:	precise
[34m[1mLinux Version[0m
3.13.0-29-generic
[34m[1mCookbooks Version[0m
a68419e https://github.com/travis-ci/travis-cookbooks/tree/a68419e
[34m[1mGCC version[0m
gcc (Ubuntu/Linaro 4.6.3-1ubuntu5) 4.6.3
Copyright (C) 2011 Free Software Foundation, Inc.
This is free software; see the source for copying conditions.  There is NO
warranty; not even for MERCHANTABILITY or FITNESS FOR A PARTICULAR PURPOSE.

[34m[1mLLVM version[0m
clang version 3.4 (tags/RELEASE_34/final)
Target: x86_64-unknown-linux-gnu
Thread model: posix
[34m[1mPre-installed Ruby versions[0m
ruby-1.9.3-p551
[34m[1mPre-installed Node.js versions[0m
v0.10.36
[34m[1mPre-installed Go versions[0m
1.4.1
[34m[1mRedis version[0m
redis-server 2.8.19
[34m[1mriak version[0m
2.0.2
[34m[1mMongoDB version[0m
MongoDB 2.4.12
[34m[1mCouchDB version[0m
couchdb 1.6.1
[34m[1mNeo4j version[0m
1.9.4
[34m[1mRabbitMQ Version[0m
3.4.3
[34m[1mElasticSearch version[0m
1.4.0
[34m[1mInstalled Sphinx versions[0m
2.0.10
2.1.9
2.2.6
[34m[1mDefault Sphinx version[0m
2.2.6
[34m[1mInstalled Firefox version[0m
firefox 31.0esr
[34m[1mPhantomJS version[0m
1.9.8
[34m[1mant -version[0m
Apache Ant(TM) version 1.8.2 compiled on December 3 2011
[34m[1mmvn -version[0m
Apache Maven 3.2.5 (12a6b3acb947671f09b81f49094c53f426d8cea1; 2014-12-14T17:29:23+00:00)
Maven home: /usr/local/maven
Java version: 1.7.0_76, vendor: Oracle Corporation
Java home: /usr/lib/jvm/java-7-oracle/jre
Default locale: en_US, platform encoding: ANSI_X3.4-1968
OS name: "linux", version: "3.13.0-29-generic", arch: "amd64", family: "unix"
travis_fold:end:system_info[0K
W: GPG error: http://apt.postgresql.org precise-pgdg Release: The following signatures were invalid: KEYEXPIRED 1562078959
W: Failed to fetch http://ppa.launchpad.net/travis-ci/zero-mq/ubuntu/dists/precise/main/binary-amd64/Packages  403  Forbidden

W: Failed to fetch http://ppa.launchpad.net/travis-ci/zero-mq/ubuntu/dists/precise/main/binary-i386/Packages  403  Forbidden

W: Failed to fetch http://downloads-distro.mongodb.org/repo/debian-sysvinit/dists/dist/10gen/binary-amd64/Packages  Undetermined Error [IP: 52.206.222.245 80]

W: Failed to fetch http://downloads-distro.mongodb.org/repo/debian-sysvinit/dists/dist/10gen/binary-i386/Packages  Undetermined Error [IP: 52.206.222.245 80]

E: Some index files failed to download. They have been ignored, or old ones used instead.
$ jdk_switcher use default
Switching to Oracle JDK7 (java-7-oracle), JAVA_HOME will be set to /usr/lib/jvm/java-7-oracle
[32;1mUpdating sbt[0m
$ cd passed/twitter/chill
$ export JVM_OPTS=@/etc/sbt/jvmopts
$ export SBT_OPTS=@/etc/sbt/sbtopts
travis_fold:start:cache.1[0KSetting up build cache
$ export CASHER_DIR=$HOME/.casher
travis_time:start:0eb4d274[0K$ Installing caching utilities

travis_time:end:0eb4d274:start=1593888528844490609,finish=1593888528901512813,duration=57022204[0Ktravis_time:start:2bdb814c[0K
travis_time:end:2bdb814c:start=1593888528916607356,finish=1593888528927324085,duration=10716729[0Ktravis_time:start:0528c948[0K[32;1mattempting to download cache archive[0m

travis_time:end:0528c948:start=1593888528939140448,finish=1593888529818293450,duration=879153002[0Ktravis_time:start:0a8a87ec[0K
travis_time:end:0a8a87ec:start=1593888529831741003,finish=1593888529843050247,duration=11309244[0Ktravis_time:start:045c3848[0K[32;1madding /home/travis/.sbt/0.13/dependency to cache[0m
[32;1mcreating directory /home/travis/.sbt/0.13/dependency[0m
[32;1madding /home/travis/.sbt/boot/scala-2.10.3 to cache[0m
[32;1madding /home/travis/.sbt/boot/scala-2.10.4 to cache[0m
[32;1madding /home/travis/.sbt/launchers to cache[0m
[32;1madding /home/travis/.ivy2/cache to cache[0m
[32;1madding /home/travis/.nvm to cache[0m

travis_time:end:045c3848:start=1593888529855486055,finish=1593888530752150080,duration=896664025[0Ktravis_fold:end:cache.1[0K$ java -Xmx32m -version
$ javac -J-Xmx32m -version
Using Scala 2.10.6
travis_time:start:06db134c[0K$ ./sbt ++$TRAVIS_SCALA_VERSION clean test mimaReportBinaryIssues
Getting org.scala-sbt sbt 0.13.13 ...

:: problems summary ::
:::: WARNINGS
		module not found: org.scala-sbt#sbt;0.13.13

	==== local: tried

	  /home/travis/.ivy2/local/org.scala-sbt/sbt/0.13.13/ivys/ivy.xml

	  -- artifact org.scala-sbt#sbt;0.13.13!sbt.jar:

	  /home/travis/.ivy2/local/org.scala-sbt/sbt/0.13.13/jars/sbt.jar

	==== Maven Central: tried

	  https://repo1.maven.org/maven2/org/scala-sbt/sbt/0.13.13/sbt-0.13.13.pom

	  -- artifact org.scala-sbt#sbt;0.13.13!sbt.jar:

	  https://repo1.maven.org/maven2/org/scala-sbt/sbt/0.13.13/sbt-0.13.13.jar

	==== typesafe-ivy-releases: tried

	  https://repo.typesafe.com/typesafe/ivy-releases/org.scala-sbt/sbt/0.13.13/ivys/ivy.xml

	==== sbt-ivy-snapshots: tried

	  https://repo.scala-sbt.org/scalasbt/ivy-snapshots/org.scala-sbt/sbt/0.13.13/ivys/ivy.xml

		::::::::::::::::::::::::::::::::::::::::::::::

		::          UNRESOLVED DEPENDENCIES         ::

		::::::::::::::::::::::::::::::::::::::::::::::

		:: org.scala-sbt#sbt;0.13.13: not found

		::::::::::::::::::::::::::::::::::::::::::::::


:::: ERRORS
	Server access Error: Received fatal alert: protocol_version url=https://repo1.maven.org/maven2/org/scala-sbt/sbt/0.13.13/sbt-0.13.13.pom

	Server access Error: Received fatal alert: protocol_version url=https://repo1.maven.org/maven2/org/scala-sbt/sbt/0.13.13/sbt-0.13.13.jar

	Server access Error: sun.security.validator.ValidatorException: PKIX path building failed: sun.security.provider.certpath.SunCertPathBuilderException: unable to find valid certification path to requested target url=https://repo.typesafe.com/typesafe/ivy-releases/org.scala-sbt/sbt/0.13.13/ivys/ivy.xml

	Server access Error: sun.security.validator.ValidatorException: PKIX path building failed: sun.security.provider.certpath.SunCertPathBuilderException: unable to find valid certification path to requested target url=https://repo.scala-sbt.org/scalasbt/ivy-snapshots/org.scala-sbt/sbt/0.13.13/ivys/ivy.xml


:: USE VERBOSE OR DEBUG MESSAGE LEVEL FOR MORE DETAILS
unresolved dependency: org.scala-sbt#sbt;0.13.13: not found
Error during sbt execution: Error retrieving required libraries
  (see /home/travis/.sbt/boot/update.log for complete log)
Error: Could not retrieve sbt 0.13.13

travis_time:end:06db134c:start=1593888530960512191,finish=1593888534062506140,duration=3101993949[0K
[31;1mThe command "./sbt ++$TRAVIS_SCALA_VERSION clean test mimaReportBinaryIssues" exited with 1.[0m
travis_fold:start:before_cache.1[0Ktravis_time:start:1c615ea8[0K$ du -h -d 1 $HOME/.ivy2/cache
232K	/home/travis/.ivy2/cache/com.jcraft
68K	/home/travis/.ivy2/cache/com.thoughtworks.paranamer
40K	/home/travis/.ivy2/cache/commons-codec
312K	/home/travis/.ivy2/cache/commons-httpclient
52K	/home/travis/.ivy2/cache/commons-logging
572K	/home/travis/.ivy2/cache/jline
848K	/home/travis/.ivy2/cache/net.java.dev.jna
20K	/home/travis/.ivy2/cache/org.apache
2.4M	/home/travis/.ivy2/cache/org.apache.ivy
12K	/home/travis/.ivy2/cache/org.codehaus
124K	/home/travis/.ivy2/cache/org.fusesource.jansi
748K	/home/travis/.ivy2/cache/org.json4s
135M	/home/travis/.ivy2/cache/org.scala-lang
1.1M	/home/travis/.ivy2/cache/org.scala-lang.modules
25M	/home/travis/.ivy2/cache/org.scala-sbt
1.1M	/home/travis/.ivy2/cache/org.scala-sbt.ivy
316K	/home/travis/.ivy2/cache/org.scala-tools.sbinary
16K	/home/travis/.ivy2/cache/org.scala-tools.testing
24K	/home/travis/.ivy2/cache/org.sonatype.oss
104K	/home/travis/.ivy2/cache/org.spire-math
167M	/home/travis/.ivy2/cache

travis_time:end:1c615ea8:start=1593888534075149422,finish=1593888534096093039,duration=20943617[0Ktravis_fold:end:before_cache.1[0Ktravis_fold:start:before_cache.2[0Ktravis_time:start:125b1174[0K$ du -h -d 2 $HOME/.sbt/
121M	/home/travis/.sbt/0.12.4/boot
512K	/home/travis/.sbt/0.12.4/staging
122M	/home/travis/.sbt/0.12.4
1.3M	/home/travis/.sbt/0.13/staging
0	/home/travis/.sbt/0.13/dependency
1.3M	/home/travis/.sbt/0.13
37M	/home/travis/.sbt/boot/scala-2.10.3
40M	/home/travis/.sbt/boot/scala-2.10.4
77M	/home/travis/.sbt/boot
1.1M	/home/travis/.sbt/launchers/0.12.4
1.2M	/home/travis/.sbt/launchers/0.13.2
1.2M	/home/travis/.sbt/launchers/0.13.7
1.2M	/home/travis/.sbt/launchers/0.13.13
4.5M	/home/travis/.sbt/launchers
204M	/home/travis/.sbt/

travis_time:end:125b1174:start=1593888534105916802,finish=1593888534125233998,duration=19317196[0Ktravis_fold:end:before_cache.2[0Ktravis_fold:start:before_cache.3[0Ktravis_time:start:237a81b3[0K$ find $HOME/.sbt -name "*.lock" -type f -delete

travis_time:end:237a81b3:start=1593888534135389807,finish=1593888534156044130,duration=20654323[0Ktravis_fold:end:before_cache.3[0Ktravis_fold:start:before_cache.4[0Ktravis_time:start:187b59d0[0K$ find $HOME/.ivy2/cache -name "ivydata-*.properties" -type f -delete

travis_time:end:187b59d0:start=1593888534167394629,finish=1593888534185376036,duration=17981407[0Ktravis_fold:end:before_cache.4[0Ktravis_fold:start:cache.2[0Kstore build cache
travis_time:start:103320a8[0K
travis_time:end:103320a8:start=1593888534195754918,finish=1593888534203893090,duration=8138172[0Ktravis_time:start:0f04818c[0K[32;1mchanges detected, packing new archive[0m
.
.

travis_time:end:0f04818c:start=1593888534213822755,finish=1593888546026030320,duration=11812207565[0Ktravis_fold:end:cache.2[0K
Done. Your build exited with 1.
