travis_fold:start:system_info[0K[33;1mBuild system information[0m
Build language: python
Build group: stable
Build dist: trusty
Build id: ''
Job id: ''
[34m[1mBuild image provisioning date and time[0m
Tue Dec  5 20:11:19 UTC 2017
[34m[1mOperating System Details[0m
Distributor ID:	Ubuntu
Description:	Ubuntu 14.04.5 LTS
Release:	14.04
Codename:	trusty
[34m[1mCookbooks Version[0m
7c2c6a6 https://github.com/travis-ci/travis-cookbooks/tree/7c2c6a6
[34m[1mgit version[0m
git version 2.15.1
[34m[1mbash version[0m
GNU bash, version 4.3.11(1)-release (x86_64-pc-linux-gnu)
[34m[1mgcc version[0m
gcc (Ubuntu 4.8.4-2ubuntu1~14.04.3) 4.8.4
Copyright (C) 2013 Free Software Foundation, Inc.
This is free software; see the source for copying conditions.  There is NO
warranty; not even for MERCHANTABILITY or FITNESS FOR A PARTICULAR PURPOSE.

[34m[1mdocker version[0m
Client:
 Version:      17.09.0-ce
 API version:  1.32
 Go version:   go1.8.3
 Git commit:   afdb6d4
 Built:        Tue Sep 26 22:39:28 2017
 OS/Arch:      linux/amd64
[34m[1mclang version[0m
clang version 5.0.0 (tags/RELEASE_500/final)
Target: x86_64-unknown-linux-gnu
Thread model: posix
InstalledDir: /usr/local/clang-5.0.0/bin
[34m[1mjq version[0m
jq-1.5
[34m[1mbats version[0m
Bats 0.4.0
[34m[1mshellcheck version[0m
0.4.6
[34m[1mshfmt version[0m
v2.0.0
[34m[1mccache version[0m
ccache version 3.1.9

Copyright (C) 2002-2007 Andrew Tridgell
Copyright (C) 2009-2011 Joel Rosdahl

This program is free software; you can redistribute it and/or modify it under
the terms of the GNU General Public License as published by the Free Software
Foundation; either version 3 of the License, or (at your option) any later
version.
[34m[1mcmake version[0m
cmake version 3.9.2

CMake suite maintained and supported by Kitware (kitware.com/cmake).
[34m[1mheroku version[0m
heroku-cli/6.14.39-addc925 (linux-x64) node-v9.2.0
[34m[1mimagemagick version[0m
Version: ImageMagick 6.7.7-10 2017-07-31 Q16 http://www.imagemagick.org
[34m[1mmd5deep version[0m
4.2
[34m[1mmercurial version[0m
Mercurial Distributed SCM (version 4.2.2)
(see https://mercurial-scm.org for more information)

Copyright (C) 2005-2017 Matt Mackall and others
This is free software; see the source for copying conditions. There is NO
warranty; not even for MERCHANTABILITY or FITNESS FOR A PARTICULAR PURPOSE.
[34m[1mmysql version[0m
mysql  Ver 14.14 Distrib 5.6.33, for debian-linux-gnu (x86_64) using  EditLine wrapper
[34m[1mopenssl version[0m
OpenSSL 1.0.1f 6 Jan 2014
[34m[1mpacker version[0m
Packer v1.0.2

Your version of Packer is out of date! The latest version
is 1.1.2. You can update by downloading from www.packer.io
[34m[1mpostgresql client version[0m
psql (PostgreSQL) 9.6.6
[34m[1mragel version[0m
Ragel State Machine Compiler version 6.8 Feb 2013
Copyright (c) 2001-2009 by Adrian Thurston
[34m[1msubversion version[0m
svn, version 1.8.8 (r1568071)
   compiled Aug 10 2017, 17:20:39 on x86_64-pc-linux-gnu

Copyright (C) 2013 The Apache Software Foundation.
This software consists of contributions made by many people;
see the NOTICE file for more information.
Subversion is open source software, see http://subversion.apache.org/

The following repository access (RA) modules are available:

* ra_svn : Module for accessing a repository using the svn network protocol.
  - with Cyrus SASL authentication
  - handles 'svn' scheme
* ra_local : Module for accessing a repository on local disk.
  - handles 'file' scheme
* ra_serf : Module for accessing a repository via WebDAV protocol using serf.
  - using serf 1.3.3
  - handles 'http' scheme
  - handles 'https' scheme

[34m[1msudo version[0m
Sudo version 1.8.9p5
Configure options: --prefix=/usr -v --with-all-insults --with-pam --with-fqdn --with-logging=syslog --with-logfac=authpriv --with-env-editor --with-editor=/usr/bin/editor --with-timeout=15 --with-password-timeout=0 --with-passprompt=[sudo] password for %p:  --without-lecture --with-tty-tickets --disable-root-mailer --enable-admin-flag --with-sendmail=/usr/sbin/sendmail --with-timedir=/var/lib/sudo --mandir=/usr/share/man --libexecdir=/usr/lib/sudo --with-sssd --with-sssd-lib=/usr/lib/x86_64-linux-gnu --with-selinux
Sudoers policy plugin version 1.8.9p5
Sudoers file grammar version 43

Sudoers path: /etc/sudoers
Authentication methods: 'pam'
Syslog facility if syslog is being used for logging: authpriv
Syslog priority to use when user authenticates successfully: notice
Syslog priority to use when user authenticates unsuccessfully: alert
Send mail if the user is not in sudoers
Use a separate timestamp for each user/tty combo
Lecture user the first time they run sudo
Root may run sudo
Allow some information gathering to give useful error messages
Require fully-qualified hostnames in the sudoers file
Visudo will honor the EDITOR environment variable
Set the LOGNAME and USER environment variables
Length at which to wrap log file lines (0 for no wrap): 80
Authentication timestamp timeout: 15.0 minutes
Password prompt timeout: 0.0 minutes
Number of tries to enter a password: 3
Umask to use or 0777 to use user's: 022
Path to mail program: /usr/sbin/sendmail
Flags for mail program: -t
Address to send mail to: root
Subject line for mail messages: *** SECURITY information for %h ***
Incorrect password message: Sorry, try again.
Path to authentication timestamp dir: /var/lib/sudo
Default password prompt: [sudo] password for %p: 
Default user to run commands as: root
Value to override user's $PATH with: /usr/local/sbin:/usr/local/bin:/usr/sbin:/usr/bin:/sbin:/bin:/snap/bin
Path to the editor for use by visudo: /usr/bin/editor
When to require a password for 'list' pseudocommand: any
When to require a password for 'verify' pseudocommand: all
File descriptors >= 3 will be closed before executing a command
Environment variables to check for sanity:
	TZ
	TERM
	LINGUAS
	LC_*
	LANGUAGE
	LANG
	COLORTERM
Environment variables to remove:
	RUBYOPT
	RUBYLIB
	PYTHONUSERBASE
	PYTHONINSPECT
	PYTHONPATH
	PYTHONHOME
	TMPPREFIX
	ZDOTDIR
	READNULLCMD
	NULLCMD
	FPATH
	PERL5DB
	PERL5OPT
	PERL5LIB
	PERLLIB
	PERLIO_DEBUG 
	JAVA_TOOL_OPTIONS
	SHELLOPTS
	GLOBIGNORE
	PS4
	BASH_ENV
	ENV
	TERMCAP
	TERMPATH
	TERMINFO_DIRS
	TERMINFO
	_RLD*
	LD_*
	PATH_LOCALE
	NLSPATH
	HOSTALIASES
	RES_OPTIONS
	LOCALDOMAIN
	CDPATH
	IFS
Environment variables to preserve:
	JAVA_HOME
	TRAVIS
	CI
	DEBIAN_FRONTEND
	XAUTHORIZATION
	XAUTHORITY
	PS2
	PS1
	PATH
	LS_COLORS
	KRB5CCNAME
	HOSTNAME
	HOME
	DISPLAY
	COLORS
Locale to use while parsing sudoers: C
Directory in which to store input/output logs: /var/log/sudo-io
File in which to store the input/output log: %{seq}
Add an entry to the utmp/utmpx file when allocating a pty
PAM service name to use
PAM service name to use for login shells
Create a new PAM session for the command to run in
Maximum I/O log sequence number: 0

Local IP address and netmask pairs:
	172.17.0.2/255.255.0.0

Sudoers I/O plugin version 1.8.9p5
[34m[1mgzip version[0m
gzip 1.6
Copyright (C) 2007, 2010, 2011 Free Software Foundation, Inc.
Copyright (C) 1993 Jean-loup Gailly.
This is free software.  You may redistribute copies of it under the terms of
the GNU General Public License <http://www.gnu.org/licenses/gpl.html>.
There is NO WARRANTY, to the extent permitted by law.

Written by Jean-loup Gailly.
[34m[1mzip version[0m
Copyright (c) 1990-2008 Info-ZIP - Type 'zip "-L"' for software license.
This is Zip 3.0 (July 5th 2008), by Info-ZIP.
Currently maintained by E. Gordon.  Please send bug reports to
the authors using the web page at www.info-zip.org; see README for details.

Latest sources and executables are at ftp://ftp.info-zip.org/pub/infozip,
as of above date; see http://www.info-zip.org/ for other sites.

Compiled with gcc 4.8.2 for Unix (Linux ELF) on Oct 21 2013.

Zip special compilation options:
	USE_EF_UT_TIME       (store Universal Time)
	BZIP2_SUPPORT        (bzip2 library version 1.0.6, 6-Sept-2010)
	    bzip2 code and library copyright (c) Julian R Seward
	    (See the bzip2 license for terms of use)
	SYMLINK_SUPPORT      (symbolic links supported)
	LARGE_FILE_SUPPORT   (can read and write large files on file system)
	ZIP64_SUPPORT        (use Zip64 to store large files in archives)
	UNICODE_SUPPORT      (store and read UTF-8 Unicode paths)
	STORE_UNIX_UIDs_GIDs (store UID/GID sizes/values using new extra field)
	UIDGID_NOT_16BIT     (old Unix 16-bit UID/GID extra field not used)
	[encryption, version 2.91 of 05 Jan 2007] (modified for Zip 3)

Encryption notice:
	The encryption code of this program is not copyrighted and is
	put in the public domain.  It was originally written in Europe
	and, to the best of our knowledge, can be freely distributed
	in both source and object forms from any country, including
	the USA under License Exception TSU of the U.S. Export
	Administration Regulations (section 740.13(e)) of 6 June 2002.

Zip environment options:
             ZIP:  [none]
          ZIPOPT:  [none]
[34m[1mvim version[0m
VIM - Vi IMproved 7.4 (2013 Aug 10, compiled Nov 24 2016 16:43:18)
Included patches: 1-52
Extra patches: 8.0.0056
Modified by pkg-vim-maintainers@lists.alioth.debian.org
Compiled by buildd@
Huge version without GUI.  Features included (+) or not (-):
+acl             +farsi           +mouse_netterm   +syntax
+arabic          +file_in_path    +mouse_sgr       +tag_binary
+autocmd         +find_in_path    -mouse_sysmouse  +tag_old_static
-balloon_eval    +float           +mouse_urxvt     -tag_any_white
-browse          +folding         +mouse_xterm     -tcl
++builtin_terms  -footer          +multi_byte      +terminfo
+byte_offset     +fork()          +multi_lang      +termresponse
+cindent         +gettext         -mzscheme        +textobjects
-clientserver    -hangul_input    +netbeans_intg   +title
-clipboard       +iconv           +path_extra      -toolbar
+cmdline_compl   +insert_expand   -perl            +user_commands
+cmdline_hist    +jumplist        +persistent_undo +vertsplit
+cmdline_info    +keymap          +postscript      +virtualedit
+comments        +langmap         +printer         +visual
+conceal         +libcall         +profile         +visualextra
+cryptv          +linebreak       +python          +viminfo
+cscope          +lispindent      -python3         +vreplace
+cursorbind      +listcmds        +quickfix        +wildignore
+cursorshape     +localmap        +reltime         +wildmenu
+dialog_con      -lua             +rightleft       +windows
+diff            +menu            -ruby            +writebackup
+digraphs        +mksession       +scrollbind      -X11
-dnd             +modify_fname    +signs           -xfontset
-ebcdic          +mouse           +smartindent     -xim
+emacs_tags      -mouseshape      -sniff           -xsmp
+eval            +mouse_dec       +startuptime     -xterm_clipboard
+ex_extra        +mouse_gpm       +statusline      -xterm_save
+extra_search    -mouse_jsbterm   -sun_workshop    -xpm
   system vimrc file: "$VIM/vimrc"
     user vimrc file: "$HOME/.vimrc"
 2nd user vimrc file: "~/.vim/vimrc"
      user exrc file: "$HOME/.exrc"
  fall-back for $VIM: "/usr/share/vim"
Compilation: gcc -c -I. -Iproto -DHAVE_CONFIG_H     -g -O2 -fstack-protector --param=ssp-buffer-size=4 -Wformat -Werror=format-security -U_FORTIFY_SOURCE -D_FORTIFY_SOURCE=1      
Linking: gcc   -Wl,-Bsymbolic-functions -Wl,-z,relro -Wl,--as-needed -o vim        -lm -ltinfo -lnsl  -lselinux  -lacl -lattr -lgpm -ldl    -L/usr/lib/python2.7/config-x86_64-linux-gnu -lpython2.7 -lpthread -ldl -lutil -lm -Xlinker -export-dynamic -Wl,-O1 -Wl,-Bsymbolic-functions      
[34m[1miptables version[0m
iptables v1.4.21
[34m[1mcurl version[0m
curl 7.35.0 (x86_64-pc-linux-gnu) libcurl/7.35.0 OpenSSL/1.0.1f zlib/1.2.8 libidn/1.28 librtmp/2.3
[34m[1mwget version[0m
GNU Wget 1.15 built on linux-gnu.
[34m[1mrsync version[0m
rsync  version 3.1.0  protocol version 31
[34m[1mgimme version[0m
v1.2.0
[34m[1mnvm version[0m
0.33.6
[34m[1mperlbrew version[0m
/home/travis/perl5/perlbrew/bin/perlbrew  - App::perlbrew/0.80
[34m[1mphpenv version[0m
rbenv 1.1.1-25-g6aa70b6
[34m[1mrvm version[0m
rvm 1.29.3 (latest) by Michal Papis, Piotr Kuczynski, Wayne E. Seguin [https://rvm.io]
[34m[1mdefault ruby version[0m
ruby 2.4.1p111 (2017-03-22 revision 58053) [x86_64-linux]
[34m[1mCouchDB version[0m
couchdb 1.6.1
[34m[1mElasticSearch version[0m
5.5.0
[34m[1mInstalled Firefox version[0m
firefox 56.0.2
[34m[1mMongoDB version[0m
MongoDB 3.4.10
[34m[1mPhantomJS version[0m
2.1.1
[34m[1mPre-installed PostgreSQL versions[0m
9.2.24
9.3.20
9.4.15
9.5.10
9.6.6
[34m[1mRabbitMQ Version[0m
3.6.14
[34m[1mRedis version[0m
redis-server 4.0.6
[34m[1mriak version[0m
2.2.3
[34m[1mPre-installed Go versions[0m
1.7.4
[34m[1mant version[0m
Apache Ant(TM) version 1.9.3 compiled on April 8 2014
[34m[1mmvn version[0m
Apache Maven 3.5.2 (138edd61fd100ec658bfa2d307c43b76940a5d7d; 2017-10-18T07:58:13Z)
Maven home: /usr/local/maven-3.5.2
Java version: 1.8.0_151, vendor: Oracle Corporation
Java home: /usr/lib/jvm/java-8-oracle/jre
Default locale: en_US, platform encoding: UTF-8
OS name: "linux", version: "4.4.0-101-generic", arch: "amd64", family: "unix"
[34m[1mgradle version[0m

------------------------------------------------------------
Gradle 4.0.1
------------------------------------------------------------

Build time:   2017-07-07 14:02:41 UTC
Revision:     38e5dc0f772daecca1d2681885d3d85414eb6826

Groovy:       2.4.11
Ant:          Apache Ant(TM) version 1.9.6 compiled on June 29 2015
JVM:          1.8.0_151 (Oracle Corporation 25.151-b12)
OS:           Linux 4.4.0-101-generic amd64

[34m[1mlein version[0m
Leiningen 2.8.1 on Java 1.8.0_151 Java HotSpot(TM) 64-Bit Server VM
[34m[1mPre-installed Node.js versions[0m
v4.8.6
v6.12.0
v6.12.1
v8.9
v8.9.1
[34m[1mphpenv versions[0m
  system
  5.6
* 5.6.32 (set by /home/travis/.phpenv/version)
  7.0
  7.0.25
  7.1
  7.1.11
  hhvm
  hhvm-stable
[34m[1mcomposer --version[0m
Composer version 1.5.2 2017-09-11 16:59:25
[34m[1mPre-installed Ruby versions[0m
ruby-2.2.7
ruby-2.3.4
ruby-2.4.1
travis_fold:end:system_info[0K
grep: /etc/apt/sources.list.d/*: No such file or directory
sed: cannot rename /etc/hosts: Device or resource busy
sed: cannot rename /etc/hosts: Device or resource busy
$ cd passed/asciimoo/searx
travis_fold:start:install_firefox[0K$ export FIREFOX_SOURCE_URL='https://download.mozilla.org/?product=firefox-latest&lang=en-US&os=linux64'
[33;1mInstalling Firefox latest[0m
travis_time:start:39d1e828[0K$ wget -O /tmp/firefox-latest.tar.bz2 $FIREFOX_SOURCE_URL
--2020-11-15 20:42:14--  https://download.mozilla.org/?product=firefox-latest&lang=en-US&os=linux64
Resolving download.mozilla.org (download.mozilla.org)... 44.240.219.147, 52.37.138.27, 52.35.254.181
Connecting to download.mozilla.org (download.mozilla.org)|44.240.219.147|:443... connected.
HTTP request sent, awaiting response... 302 Found
Location: https://download-installer.cdn.mozilla.net/pub/firefox/releases/82.0.3/linux-x86_64/en-US/firefox-82.0.3.tar.bz2 [following]
--2020-11-15 20:42:14--  https://download-installer.cdn.mozilla.net/pub/firefox/releases/82.0.3/linux-x86_64/en-US/firefox-82.0.3.tar.bz2
Resolving download-installer.cdn.mozilla.net (download-installer.cdn.mozilla.net)... 13.224.26.58, 2600:9000:2164:4400:e:19d6:1546:5981, 2600:9000:2164:6200:e:19d6:1546:5981, ...
Connecting to download-installer.cdn.mozilla.net (download-installer.cdn.mozilla.net)|13.224.26.58|:443... connected.
HTTP request sent, awaiting response... 200 OK
Length: 72186219 (69M) [application/x-tar]
Saving to: â€˜/tmp/firefox-latest.tar.bz2â€™

     0K .......... .......... .......... .......... ..........  0%  451K 2m36s
    50K .......... .......... .......... .......... ..........  0% 2.49M 92s
   100K .......... .......... .......... .......... ..........  0% 4.97M 66s
   150K .......... .......... .......... .......... ..........  0% 5.21M 53s
   200K .......... .......... .......... .......... ..........  0% 8.02M 44s
   250K .......... .......... .......... .......... ..........  0% 8.40M 38s
   300K .......... .......... .......... .......... ..........  0% 8.14M 34s
   350K .......... .......... .......... .......... ..........  0% 7.15M 31s
   400K .......... .......... .......... .......... ..........  0% 13.8M 28s
   450K .......... .......... .......... .......... ..........  0% 16.1M 25s
   500K .......... .......... .......... .......... ..........  0% 18.3M 23s
   550K .......... .......... .......... .......... ..........  0% 19.2M 22s
   600K .......... .......... .......... .......... ..........  0% 16.1M 20s
   650K .......... .......... .......... .......... ..........  0% 29.7M 19s
   700K .......... .......... .......... .......... ..........  1% 21.3M 18s
   750K .......... .......... .......... .......... ..........  1% 16.2M 17s
   800K .......... .......... .......... .......... ..........  1% 25.1M 16s
   850K .......... .......... .......... .......... ..........  1% 30.2M 15s
   900K .......... .......... .......... .......... ..........  1% 31.5M 15s
   950K .......... .......... .......... .......... ..........  1% 23.7M 14s
  1000K .......... .......... .......... .......... ..........  1% 44.2M 14s
  1050K .......... .......... .......... .......... ..........  1% 24.7M 13s
  1100K .......... .......... .......... .......... ..........  1% 44.5M 13s
  1150K .......... .......... .......... .......... ..........  1% 26.5M 12s
  1200K .......... .......... .......... .......... ..........  1% 30.5M 12s
  1250K .......... .......... .......... .......... ..........  1% 45.7M 11s
  1300K .......... .......... .......... .......... ..........  1% 33.1M 11s
  1350K .......... .......... .......... .......... ..........  1% 56.3M 11s
  1400K .......... .......... .......... .......... ..........  2% 36.4M 10s
  1450K .......... .......... .......... .......... ..........  2% 40.8M 10s
  1500K .......... .......... .......... .......... ..........  2% 48.7M 10s
  1550K .......... .......... .......... .......... ..........  2% 40.2M 9s
  1600K .......... .......... .......... .......... ..........  2% 78.7M 9s
  1650K .......... .......... .......... .......... ..........  2% 47.7M 9s
  1700K .......... .......... .......... .......... ..........  2% 50.0M 9s
  1750K .......... .......... .......... .......... ..........  2% 97.8M 8s
  1800K .......... .......... .......... .......... ..........  2% 53.8M 8s
  1850K .......... .......... .......... .......... ..........  2% 52.2M 8s
  1900K .......... .......... .......... .......... ..........  2% 49.9M 8s
  1950K .......... .......... .......... .......... ..........  2% 52.8M 8s
  2000K .......... .......... .......... .......... ..........  2%  110M 8s
  2050K .......... .......... .......... .......... ..........  2% 58.4M 7s
  2100K .......... .......... .......... .......... ..........  3% 61.9M 7s
  2150K .......... .......... .......... .......... ..........  3% 57.5M 7s
  2200K .......... .......... .......... .......... ..........  3%  110M 7s
  2250K .......... .......... .......... .......... ..........  3% 54.9M 7s
  2300K .......... .......... .......... .......... ..........  3% 69.8M 7s
  2350K .......... .......... .......... .......... ..........  3% 61.8M 7s
  2400K .......... .......... .......... .......... ..........  3% 66.5M 6s
  2450K .......... .......... .......... .......... ..........  3% 99.9M 6s
  2500K .......... .......... .......... .......... ..........  3% 71.6M 6s
  2550K .......... .......... .......... .......... ..........  3% 80.6M 6s
  2600K .......... .......... .......... .......... ..........  3% 73.1M 6s
  2650K .......... .......... .......... .......... ..........  3% 73.9M 6s
  2700K .......... .......... .......... .......... ..........  3%  108M 6s
  2750K .......... .......... .......... .......... ..........  3% 82.1M 6s
  2800K .......... .......... .......... .......... ..........  4% 75.9M 6s
  2850K .......... .......... .......... .......... ..........  4% 70.2M 6s
  2900K .......... .......... .......... .......... ..........  4% 92.9M 5s
  2950K .......... .......... .......... .......... ..........  4%  115M 5s
  3000K .......... .......... .......... .......... ..........  4% 81.2M 5s
  3050K .......... .......... .......... .......... ..........  4% 87.4M 5s
  3100K .......... .......... .......... .......... ..........  4% 94.8M 5s
  3150K .......... .......... .......... .......... ..........  4%  114M 5s
  3200K .......... .......... .......... .......... ..........  4% 92.6M 5s
  3250K .......... .......... .......... .......... ..........  4% 78.2M 5s
  3300K .......... .......... .......... .......... ..........  4%  100M 5s
  3350K .......... .......... .......... .......... ..........  4%  101M 5s
  3400K .......... .......... .......... .......... ..........  4%  111M 5s
  3450K .......... .......... .......... .......... ..........  4%  114M 5s
  3500K .......... .......... .......... .......... ..........  5% 96.1M 5s
  3550K .......... .......... .......... .......... ..........  5%  119M 5s
  3600K .......... .......... .......... .......... ..........  5%  111M 4s
  3650K .......... .......... .......... .......... ..........  5% 85.1M 4s
  3700K .......... .......... .......... .......... ..........  5%  128M 4s
  3750K .......... .......... .......... .......... ..........  5%  124M 4s
  3800K .......... .......... .......... .......... ..........  5%  108M 4s
  3850K .......... .......... .......... .......... ..........  5%  113M 4s
  3900K .......... .......... .......... .......... ..........  5% 36.4M 4s
  3950K .......... .......... .......... .......... ..........  5% 87.6M 4s
  4000K .......... .......... .......... .......... ..........  5% 61.4M 4s
  4050K .......... .......... .......... .......... ..........  5%  102M 4s
  4100K .......... .......... .......... .......... ..........  5%  131M 4s
  4150K .......... .......... .......... .......... ..........  5% 98.6M 4s
  4200K .......... .......... .......... .......... ..........  6%  120M 4s
  4250K .......... .......... .......... .......... ..........  6%  121M 4s
  4300K .......... .......... .......... .......... ..........  6%  111M 4s
  4350K .......... .......... .......... .......... ..........  6% 94.6M 4s
  4400K .......... .......... .......... .......... ..........  6%  113M 4s
  4450K .......... .......... .......... .......... ..........  6%  123M 4s
  4500K .......... .......... .......... .......... ..........  6%  115M 4s
  4550K .......... .......... .......... .......... ..........  6%  105M 4s
  4600K .......... .......... .......... .......... ..........  6% 6.32M 4s
  4650K .......... .......... .......... .......... ..........  6% 79.7M 4s
  4700K .......... .......... .......... .......... ..........  6%  138M 4s
  4750K .......... .......... .......... .......... ..........  6% 97.7M 4s
  4800K .......... .......... .......... .......... ..........  6% 93.8M 4s
  4850K .......... .......... .......... .......... ..........  6% 1.67M 4s
  4900K .......... .......... .......... .......... ..........  7%  123M 4s
  4950K .......... .......... .......... .......... ..........  7%  108M 4s
  5000K .......... .......... .......... .......... ..........  7% 91.4M 4s
  5050K .......... .......... .......... .......... ..........  7% 86.4M 4s
  5100K .......... .......... .......... .......... ..........  7%  135M 4s
  5150K .......... .......... .......... .......... ..........  7%  140M 4s
  5200K .......... .......... .......... .......... ..........  7%  134M 4s
  5250K .......... .......... .......... .......... ..........  7%  104M 4s
  5300K .......... .......... .......... .......... ..........  7%  119M 4s
  5350K .......... .......... .......... .......... ..........  7%  130M 4s
  5400K .......... .......... .......... .......... ..........  7% 2.66M 4s
  5450K .......... .......... .......... .......... ..........  7% 29.6M 4s
  5500K .......... .......... .......... .......... ..........  7%  117M 4s
  5550K .......... .......... .......... .......... ..........  7%  131M 4s
  5600K .......... .......... .......... .......... ..........  8%  102M 4s
  5650K .......... .......... .......... .......... ..........  8% 89.5M 4s
  5700K .......... .......... .......... .......... ..........  8% 91.1M 4s
  5750K .......... .......... .......... .......... ..........  8% 4.93M 4s
  5800K .......... .......... .......... .......... ..........  8%  107M 4s
  5850K .......... .......... .......... .......... ..........  8%  126M 4s
  5900K .......... .......... .......... .......... ..........  8%  126M 4s
  5950K .......... .......... .......... .......... ..........  8% 84.5M 4s
  6000K .......... .......... .......... .......... ..........  8%  139M 4s
  6050K .......... .......... .......... .......... ..........  8%  138M 4s
  6100K .......... .......... .......... .......... ..........  8%  112M 3s
  6150K .......... .......... .......... .......... ..........  8% 95.6M 3s
  6200K .......... .......... .......... .......... ..........  8% 98.8M 3s
  6250K .......... .......... .......... .......... ..........  8%  120M 3s
  6300K .......... .......... .......... .......... ..........  9%  141M 3s
  6350K .......... .......... .......... .......... ..........  9% 94.1M 3s
  6400K .......... .......... .......... .......... ..........  9% 86.3M 3s
  6450K .......... .......... .......... .......... ..........  9% 4.99M 3s
  6500K .......... .......... .......... .......... ..........  9%  101M 3s
  6550K .......... .......... .......... .......... ..........  9%  106M 3s
  6600K .......... .......... .......... .......... ..........  9%  138M 3s
  6650K .......... .......... .......... .......... ..........  9%  118M 3s
  6700K .......... .......... .......... .......... ..........  9% 80.3M 3s
  6750K .......... .......... .......... .......... ..........  9% 87.5M 3s
  6800K .......... .......... .......... .......... ..........  9%  131M 3s
  6850K .......... .......... .......... .......... ..........  9%  135M 3s
  6900K .......... .......... .......... .......... ..........  9%  137M 3s
  6950K .......... .......... .......... .......... ..........  9%  113M 3s
  7000K .......... .......... .......... .......... .......... 10%  113M 3s
  7050K .......... .......... .......... .......... .......... 10%  133M 3s
  7100K .......... .......... .......... .......... .......... 10% 4.23M 3s
  7150K .......... .......... .......... .......... .......... 10% 97.3M 3s
  7200K .......... .......... .......... .......... .......... 10% 95.6M 3s
  7250K .......... .......... .......... .......... .......... 10%  103M 3s
  7300K .......... .......... .......... .......... .......... 10%  146M 3s
  7350K .......... .......... .......... .......... .......... 10%  120M 3s
  7400K .......... .......... .......... .......... .......... 10% 92.1M 3s
  7450K .......... .......... .......... .......... .......... 10%  122M 3s
  7500K .......... .......... .......... .......... .......... 10%  125M 3s
  7550K .......... .......... .......... .......... .......... 10%  136M 3s
  7600K .......... .......... .......... .......... .......... 10% 3.64M 3s
  7650K .......... .......... .......... .......... .......... 10% 92.0M 3s
  7700K .......... .......... .......... .......... .......... 10%  115M 3s
  7750K .......... .......... .......... .......... .......... 11%  114M 3s
  7800K .......... .......... .......... .......... .......... 11%  127M 3s
  7850K .......... .......... .......... .......... .......... 11%  394K 4s
  7900K .......... .......... .......... .......... .......... 11%  102M 4s
  7950K .......... .......... .......... .......... .......... 11% 18.9M 4s
  8000K .......... .......... .......... .......... .......... 11% 22.2M 4s
  8050K .......... .......... .......... .......... .......... 11% 28.6M 4s
  8100K .......... .......... .......... .......... .......... 11% 64.2M 4s
  8150K .......... .......... .......... .......... .......... 11%  141M 4s
  8200K .......... .......... .......... .......... .......... 11% 15.2M 4s
  8250K .......... .......... .......... .......... .......... 11% 55.1M 4s
  8300K .......... .......... .......... .......... .......... 11% 17.0M 4s
  8350K .......... .......... .......... .......... .......... 11%  105M 4s
  8400K .......... .......... .......... .......... .......... 11% 22.8M 4s
  8450K .......... .......... .......... .......... .......... 12% 19.5M 4s
  8500K .......... .......... .......... .......... .......... 12%  106M 4s
  8550K .......... .......... .......... .......... .......... 12% 21.3M 4s
  8600K .......... .......... .......... .......... .......... 12% 95.1M 4s
  8650K .......... .......... .......... .......... .......... 12% 6.32M 4s
  8700K .......... .......... .......... .......... .......... 12% 8.05M 4s
  8750K .......... .......... .......... .......... .......... 12% 27.8M 4s
  8800K .......... .......... .......... .......... .......... 12% 69.2M 4s
  8850K .......... .......... .......... .......... .......... 12%  105M 4s
  8900K .......... .......... .......... .......... .......... 12% 6.49M 4s
  8950K .......... .......... .......... .......... .......... 12% 5.00M 4s
  9000K .......... .......... .......... .......... .......... 12% 6.10M 4s
  9050K .......... .......... .......... .......... .......... 12% 12.7M 4s
  9100K .......... .......... .......... .......... .......... 12% 16.1M 4s
  9150K .......... .......... .......... .......... .......... 13% 25.6M 4s
  9200K .......... .......... .......... .......... .......... 13% 93.2M 4s
  9250K .......... .......... .......... .......... .......... 13% 94.6M 4s
  9300K .......... .......... .......... .......... .......... 13% 31.3M 4s
  9350K .......... .......... .......... .......... .......... 13% 82.9M 4s
  9400K .......... .......... .......... .......... .......... 13%  113M 4s
  9450K .......... .......... .......... .......... .......... 13%  132M 4s
  9500K .......... .......... .......... .......... .......... 13%  113M 4s
  9550K .......... .......... .......... .......... .......... 13%  132M 4s
  9600K .......... .......... .......... .......... .......... 13% 82.1M 4s
  9650K .......... .......... .......... .......... .......... 13%  131M 4s
  9700K .......... .......... .......... .......... .......... 13%  120M 4s
  9750K .......... .......... .......... .......... .......... 13%  131M 4s
  9800K .......... .......... .......... .......... .......... 13%  118M 4s
  9850K .......... .......... .......... .......... .......... 14%  128M 4s
  9900K .......... .......... .......... .......... .......... 14%  125M 4s
  9950K .......... .......... .......... .......... .......... 14%  118M 4s
 10000K .......... .......... .......... .......... .......... 14% 97.7M 4s
 10050K .......... .......... .......... .......... .......... 14% 94.0M 4s
 10100K .......... .......... .......... .......... .......... 14%  142M 4s
 10150K .......... .......... .......... .......... .......... 14%  103M 4s
 10200K .......... .......... .......... .......... .......... 14%  101M 3s
 10250K .......... .......... .......... .......... .......... 14%  118M 3s
 10300K .......... .......... .......... .......... .......... 14% 9.38M 3s
 10350K .......... .......... .......... .......... .......... 14%  112M 3s
 10400K .......... .......... .......... .......... .......... 14%  126M 3s
 10450K .......... .......... .......... .......... .......... 14% 34.1M 3s
 10500K .......... .......... .......... .......... .......... 14%  108M 3s
 10550K .......... .......... .......... .......... .......... 15%  109M 3s
 10600K .......... .......... .......... .......... .......... 15%  121M 3s
 10650K .......... .......... .......... .......... .......... 15%  138M 3s
 10700K .......... .......... .......... .......... .......... 15% 97.7M 3s
 10750K .......... .......... .......... .......... .......... 15% 63.0M 3s
 10800K .......... .......... .......... .......... .......... 15%  136M 3s
 10850K .......... .......... .......... .......... .......... 15% 55.6M 3s
 10900K .......... .......... .......... .......... .......... 15% 16.2M 3s
 10950K .......... .......... .......... .......... .......... 15% 99.8M 3s
 11000K .......... .......... .......... .......... .......... 15%  104M 3s
 11050K .......... .......... .......... .......... .......... 15%  117M 3s
 11100K .......... .......... .......... .......... .......... 15%  145M 3s
 11150K .......... .......... .......... .......... .......... 15%  123M 3s
 11200K .......... .......... .......... .......... .......... 15% 27.0M 3s
 11250K .......... .......... .......... .......... .......... 16% 85.5M 3s
 11300K .......... .......... .......... .......... .......... 16% 96.8M 3s
 11350K .......... .......... .......... .......... .......... 16%  109M 3s
 11400K .......... .......... .......... .......... .......... 16%  144M 3s
 11450K .......... .......... .......... .......... .......... 16%  127M 3s
 11500K .......... .......... .......... .......... .......... 16%  112M 3s
 11550K .......... .......... .......... .......... .......... 16% 17.2M 3s
 11600K .......... .......... .......... .......... .......... 16%  117M 3s
 11650K .......... .......... .......... .......... .......... 16% 11.4M 3s
 11700K .......... .......... .......... .......... .......... 16%  114M 3s
 11750K .......... .......... .......... .......... .......... 16%  102M 3s
 11800K .......... .......... .......... .......... .......... 16%  138M 3s
 11850K .......... .......... .......... .......... .......... 16%  104M 3s
 11900K .......... .......... .......... .......... .......... 16%  124M 3s
 11950K .......... .......... .......... .......... .......... 17%  115M 3s
 12000K .......... .......... .......... .......... .......... 17% 40.5M 3s
 12050K .......... .......... .......... .......... .......... 17%  110M 3s
 12100K .......... .......... .......... .......... .......... 17%  131M 3s
 12150K .......... .......... .......... .......... .......... 17% 98.7M 3s
 12200K .......... .......... .......... .......... .......... 17% 89.8M 3s
 12250K .......... .......... .......... .......... .......... 17%  116M 3s
 12300K .......... .......... .......... .......... .......... 17%  138M 3s
 12350K .......... .......... .......... .......... .......... 17%  107M 3s
 12400K .......... .......... .......... .......... .......... 17%  121M 3s
 12450K .......... .......... .......... .......... .......... 17% 19.1M 3s
 12500K .......... .......... .......... .......... .......... 17%  100M 3s
 12550K .......... .......... .......... .......... .......... 17% 99.4M 3s
 12600K .......... .......... .......... .......... .......... 17%  111M 3s
 12650K .......... .......... .......... .......... .......... 18%  128M 3s
 12700K .......... .......... .......... .......... .......... 18%  143M 3s
 12750K .......... .......... .......... .......... .......... 18%  109M 3s
 12800K .......... .......... .......... .......... .......... 18%  110M 3s
 12850K .......... .......... .......... .......... .......... 18% 87.6M 3s
 12900K .......... .......... .......... .......... .......... 18%  113M 3s
 12950K .......... .......... .......... .......... .......... 18% 74.0M 3s
 13000K .......... .......... .......... .......... .......... 18%  108M 3s
 13050K .......... .......... .......... .......... .......... 18% 48.3M 3s
 13100K .......... .......... .......... .......... .......... 18%  114M 3s
 13150K .......... .......... .......... .......... .......... 18%  116M 3s
 13200K .......... .......... .......... .......... .......... 18%  124M 3s
 13250K .......... .......... .......... .......... .......... 18% 75.6M 3s
 13300K .......... .......... .......... .......... .......... 18%  116M 3s
 13350K .......... .......... .......... .......... .......... 19%  123M 3s
 13400K .......... .......... .......... .......... .......... 19%  123M 3s
 13450K .......... .......... .......... .......... .......... 19%  111M 3s
 13500K .......... .......... .......... .......... .......... 19%  120M 3s
 13550K .......... .......... .......... .......... .......... 19%  103M 3s
 13600K .......... .......... .......... .......... .......... 19% 17.0M 3s
 13650K .......... .......... .......... .......... .......... 19% 77.8M 3s
 13700K .......... .......... .......... .......... .......... 19%  108M 3s
 13750K .......... .......... .......... .......... .......... 19%  146M 3s
 13800K .......... .......... .......... .......... .......... 19%  147M 3s
 13850K .......... .......... .......... .......... .......... 19%  132M 3s
 13900K .......... .......... .......... .......... .......... 19%  126M 3s
 13950K .......... .......... .......... .......... .......... 19%  150M 3s
 14000K .......... .......... .......... .......... .......... 19%  142M 3s
 14050K .......... .......... .......... .......... .......... 20% 81.6M 3s
 14100K .......... .......... .......... .......... .......... 20% 88.9M 3s
 14150K .......... .......... .......... .......... .......... 20%  103M 3s
 14200K .......... .......... .......... .......... .......... 20%  105M 3s
 14250K .......... .......... .......... .......... .......... 20%  124M 3s
 14300K .......... .......... .......... .......... .......... 20%  140M 3s
 14350K .......... .......... .......... .......... .......... 20%  125M 3s
 14400K .......... .......... .......... .......... .......... 20%  139M 3s
 14450K .......... .......... .......... .......... .......... 20%  112M 3s
 14500K .......... .......... .......... .......... .......... 20% 99.0M 3s
 14550K .......... .......... .......... .......... .......... 20% 95.3M 3s
 14600K .......... .......... .......... .......... .......... 20% 91.5M 2s
 14650K .......... .......... .......... .......... .......... 20%  104M 2s
 14700K .......... .......... .......... .......... .......... 20%  130M 2s
 14750K .......... .......... .......... .......... .......... 20%  137M 2s
 14800K .......... .......... .......... .......... .......... 21%  142M 2s
 14850K .......... .......... .......... .......... .......... 21%  107M 2s
 14900K .......... .......... .......... .......... .......... 21%  106M 2s
 14950K .......... .......... .......... .......... .......... 21%  111M 2s
 15000K .......... .......... .......... .......... .......... 21% 84.9M 2s
 15050K .......... .......... .......... .......... .......... 21% 96.3M 2s
 15100K .......... .......... .......... .......... .......... 21%  102M 2s
 15150K .......... .......... .......... .......... .......... 21%  142M 2s
 15200K .......... .......... .......... .......... .......... 21%  129M 2s
 15250K .......... .......... .......... .......... .......... 21% 49.8M 2s
 15300K .......... .......... .......... .......... .......... 21% 96.1M 2s
 15350K .......... .......... .......... .......... .......... 21% 36.1M 2s
 15400K .......... .......... .......... .......... .......... 21%  109M 2s
 15450K .......... .......... .......... .......... .......... 21% 87.5M 2s
 15500K .......... .......... .......... .......... .......... 22%  103M 2s
 15550K .......... .......... .......... .......... .......... 22% 35.2M 2s
 15600K .......... .......... .......... .......... .......... 22%  124M 2s
 15650K .......... .......... .......... .......... .......... 22%  909K 3s
 15700K .......... .......... .......... .......... .......... 22% 6.95M 3s
 15750K .......... .......... .......... .......... .......... 22% 18.9M 3s
 15800K .......... .......... .......... .......... .......... 22% 30.9M 3s
 15850K .......... .......... .......... .......... .......... 22%  113M 3s
 15900K .......... .......... .......... .......... .......... 22%  113M 3s
 15950K .......... .......... .......... .......... .......... 22% 97.1M 2s
 16000K .......... .......... .......... .......... .......... 22% 98.6M 2s
 16050K .......... .......... .......... .......... .......... 22%  110M 2s
 16100K .......... .......... .......... .......... .......... 22%  122M 2s
 16150K .......... .......... .......... .......... .......... 22%  129M 2s
 16200K .......... .......... .......... .......... .......... 23%  108M 2s
 16250K .......... .......... .......... .......... .......... 23% 35.5M 2s
 16300K .......... .......... .......... .......... .......... 23%  109M 2s
 16350K .......... .......... .......... .......... .......... 23% 81.1M 2s
 16400K .......... .......... .......... .......... .......... 23% 21.2M 2s
 16450K .......... .......... .......... .......... .......... 23% 26.5M 2s
 16500K .......... .......... .......... .......... .......... 23% 95.6M 2s
 16550K .......... .......... .......... .......... .......... 23%  129M 2s
 16600K .......... .......... .......... .......... .......... 23% 20.4M 2s
 16650K .......... .......... .......... .......... .......... 23% 8.75M 2s
 16700K .......... .......... .......... .......... .......... 23%  117M 2s
 16750K .......... .......... .......... .......... .......... 23%  127M 2s
 16800K .......... .......... .......... .......... .......... 23% 33.7M 2s
 16850K .......... .......... .......... .......... .......... 23% 80.3M 2s
 16900K .......... .......... .......... .......... .......... 24% 21.5M 2s
 16950K .......... .......... .......... .......... .......... 24% 21.8M 2s
 17000K .......... .......... .......... .......... .......... 24%  108M 2s
 17050K .......... .......... .......... .......... .......... 24% 13.7M 2s
 17100K .......... .......... .......... .......... .......... 24% 25.1M 2s
 17150K .......... .......... .......... .......... .......... 24% 43.7M 2s
 17200K .......... .......... .......... .......... .......... 24%  120M 2s
 17250K .......... .......... .......... .......... .......... 24% 85.4M 2s
 17300K .......... .......... .......... .......... .......... 24% 18.9M 2s
 17350K .......... .......... .......... .......... .......... 24% 29.3M 2s
 17400K .......... .......... .......... .......... .......... 24% 79.5M 2s
 17450K .......... .......... .......... .......... .......... 24%  104M 2s
 17500K .......... .......... .......... .......... .......... 24% 17.3M 2s
 17550K .......... .......... .......... .......... .......... 24% 27.6M 2s
 17600K .......... .......... .......... .......... .......... 25% 29.2M 2s
 17650K .......... .......... .......... .......... .......... 25% 15.8M 2s
 17700K .......... .......... .......... .......... .......... 25%  115M 2s
 17750K .......... .......... .......... .......... .......... 25% 1.92M 2s
 17800K .......... .......... .......... .......... .......... 25% 10.7M 2s
 17850K .......... .......... .......... .......... .......... 25% 15.6M 2s
 17900K .......... .......... .......... .......... .......... 25%  113M 2s
 17950K .......... .......... .......... .......... .......... 25%  111M 2s
 18000K .......... .......... .......... .......... .......... 25% 16.3M 2s
 18050K .......... .......... .......... .......... .......... 25% 68.8M 2s
 18100K .......... .......... .......... .......... .......... 25% 30.7M 2s
 18150K .......... .......... .......... .......... .......... 25%  105M 2s
 18200K .......... .......... .......... .......... .......... 25% 15.0M 2s
 18250K .......... .......... .......... .......... .......... 25% 12.1M 2s
 18300K .......... .......... .......... .......... .......... 26%  102M 2s
 18350K .......... .......... .......... .......... .......... 26%  123M 2s
 18400K .......... .......... .......... .......... .......... 26% 96.4M 2s
 18450K .......... .......... .......... .......... .......... 26% 19.3M 2s
 18500K .......... .......... .......... .......... .......... 26%  103M 2s
 18550K .......... .......... .......... .......... .......... 26% 40.5M 2s
 18600K .......... .......... .......... .......... .......... 26% 98.4M 2s
 18650K .......... .......... .......... .......... .......... 26%  104M 2s
 18700K .......... .......... .......... .......... .......... 26% 15.8M 2s
 18750K .......... .......... .......... .......... .......... 26% 20.3M 2s
 18800K .......... .......... .......... .......... .......... 26%  114M 2s
 18850K .......... .......... .......... .......... .......... 26% 22.2M 2s
 18900K .......... .......... .......... .......... .......... 26% 2.67M 2s
 18950K .......... .......... .......... .......... .......... 26% 18.1M 2s
 19000K .......... .......... .......... .......... .......... 27% 22.0M 2s
 19050K .......... .......... .......... .......... .......... 27% 94.7M 2s
 19100K .......... .......... .......... .......... .......... 27%  113M 2s
 19150K .......... .......... .......... .......... .......... 27% 21.9M 2s
 19200K .......... .......... .......... .......... .......... 27% 19.9M 2s
 19250K .......... .......... .......... .......... .......... 27% 76.7M 2s
 19300K .......... .......... .......... .......... .......... 27%  124M 2s
 19350K .......... .......... .......... .......... .......... 27% 29.5M 2s
 19400K .......... .......... .......... .......... .......... 27% 17.1M 2s
 19450K .......... .......... .......... .......... .......... 27% 22.7M 2s
 19500K .......... .......... .......... .......... .......... 27%  110M 2s
 19550K .......... .......... .......... .......... .......... 27% 21.5M 2s
 19600K .......... .......... .......... .......... .......... 27% 15.7M 2s
 19650K .......... .......... .......... .......... .......... 27% 21.1M 2s
 19700K .......... .......... .......... .......... .......... 28% 20.3M 2s
 19750K .......... .......... .......... .......... .......... 28%  106M 2s
 19800K .......... .......... .......... .......... .......... 28% 95.7M 2s
 19850K .......... .......... .......... .......... .......... 28%  127M 2s
 19900K .......... .......... .......... .......... .......... 28% 93.4M 2s
 19950K .......... .......... .......... .......... .......... 28% 94.7M 2s
 20000K .......... .......... .......... .......... .......... 28%  102M 2s
 20050K .......... .......... .......... .......... .......... 28%  112M 2s
 20100K .......... .......... .......... .......... .......... 28% 92.6M 2s
 20150K .......... .......... .......... .......... .......... 28% 90.6M 2s
 20200K .......... .......... .......... .......... .......... 28%  112M 2s
 20250K .......... .......... .......... .......... .......... 28% 95.3M 2s
 20300K .......... .......... .......... .......... .......... 28% 35.5M 2s
 20350K .......... .......... .......... .......... .......... 28% 99.4M 2s
 20400K .......... .......... .......... .......... .......... 29%  115M 2s
 20450K .......... .......... .......... .......... .......... 29% 56.1M 2s
 20500K .......... .......... .......... .......... .......... 29% 84.9M 2s
 20550K .......... .......... .......... .......... .......... 29% 43.4M 2s
 20600K .......... .......... .......... .......... .......... 29%  115M 2s
 20650K .......... .......... .......... .......... .......... 29%  103M 2s
 20700K .......... .......... .......... .......... .......... 29% 38.8M 2s
 20750K .......... .......... .......... .......... .......... 29%  121M 2s
 20800K .......... .......... .......... .......... .......... 29%  114M 2s
 20850K .......... .......... .......... .......... .......... 29% 2.91M 2s
 20900K .......... .......... .......... .......... .......... 29%  122M 2s
 20950K .......... .......... .......... .......... .......... 29% 67.9M 2s
 21000K .......... .......... .......... .......... .......... 29% 72.6M 2s
 21050K .......... .......... .......... .......... .......... 29% 50.7M 2s
 21100K .......... .......... .......... .......... .......... 30%  115M 2s
 21150K .......... .......... .......... .......... .......... 30%  123M 2s
 21200K .......... .......... .......... .......... .......... 30%  108M 2s
 21250K .......... .......... .......... .......... .......... 30% 35.2M 2s
 21300K .......... .......... .......... .......... .......... 30% 80.9M 2s
 21350K .......... .......... .......... .......... .......... 30% 91.4M 2s
 21400K .......... .......... .......... .......... .......... 30%  115M 2s
 21450K .......... .......... .......... .......... .......... 30%  105M 2s
 21500K .......... .......... .......... .......... .......... 30% 87.9M 2s
 21550K .......... .......... .......... .......... .......... 30%  124M 2s
 21600K .......... .......... .......... .......... .......... 30% 26.8M 2s
 21650K .......... .......... .......... .......... .......... 30% 17.5M 2s
 21700K .......... .......... .......... .......... .......... 30% 31.6M 2s
 21750K .......... .......... .......... .......... .......... 30% 17.8M 2s
 21800K .......... .......... .......... .......... .......... 30%  108M 2s
 21850K .......... .......... .......... .......... .......... 31% 22.4M 2s
 21900K .......... .......... .......... .......... .......... 31%  118M 2s
 21950K .......... .......... .......... .......... .......... 31% 17.8M 2s
 22000K .......... .......... .......... .......... .......... 31%  117M 2s
 22050K .......... .......... .......... .......... .......... 31% 89.5M 2s
 22100K .......... .......... .......... .......... .......... 31% 27.0M 2s
 22150K .......... .......... .......... .......... .......... 31%  120M 2s
 22200K .......... .......... .......... .......... .......... 31% 14.5M 2s
 22250K .......... .......... .......... .......... .......... 31% 74.9M 2s
 22300K .......... .......... .......... .......... .......... 31%  111M 2s
 22350K .......... .......... .......... .......... .......... 31% 17.9M 2s
 22400K .......... .......... .......... .......... .......... 31%  114M 2s
 22450K .......... .......... .......... .......... .......... 31% 27.1M 2s
 22500K .......... .......... .......... .......... .......... 31% 77.5M 2s
 22550K .......... .......... .......... .......... .......... 32% 27.2M 2s
 22600K .......... .......... .......... .......... .......... 32% 38.0M 2s
 22650K .......... .......... .......... .......... .......... 32% 17.7M 2s
 22700K .......... .......... .......... .......... .......... 32%  120M 2s
 22750K .......... .......... .......... .......... .......... 32% 2.43M 2s
 22800K .......... .......... .......... .......... .......... 32% 54.7M 2s
 22850K .......... .......... .......... .......... .......... 32% 61.0M 2s
 22900K .......... .......... .......... .......... .......... 32% 24.6M 2s
 22950K .......... .......... .......... .......... .......... 32%  106M 2s
 23000K .......... .......... .......... .......... .......... 32% 18.7M 2s
 23050K .......... .......... .......... .......... .......... 32% 21.9M 2s
 23100K .......... .......... .......... .......... .......... 32% 19.6M 2s
 23150K .......... .......... .......... .......... .......... 32%  106M 2s
 23200K .......... .......... .......... .......... .......... 32% 18.7M 2s
 23250K .......... .......... .......... .......... .......... 33% 85.2M 2s
 23300K .......... .......... .......... .......... .......... 33% 31.5M 2s
 23350K .......... .......... .......... .......... .......... 33% 59.8M 2s
 23400K .......... .......... .......... .......... .......... 33%  107M 2s
 23450K .......... .......... .......... .......... .......... 33%  106M 2s
 23500K .......... .......... .......... .......... .......... 33% 34.9M 2s
 23550K .......... .......... .......... .......... .......... 33% 15.4M 2s
 23600K .......... .......... .......... .......... .......... 33%  109M 2s
 23650K .......... .......... .......... .......... .......... 33% 23.5M 2s
 23700K .......... .......... .......... .......... .......... 33%  116M 2s
 23750K .......... .......... .......... .......... .......... 33% 26.9M 2s
 23800K .......... .......... .......... .......... .......... 33% 14.2M 2s
 23850K .......... .......... .......... .......... .......... 33%  102M 2s
 23900K .......... .......... .......... .......... .......... 33% 15.0M 2s
 23950K .......... .......... .......... .......... .......... 34% 87.4M 2s
 24000K .......... .......... .......... .......... .......... 34%  137M 2s
 24050K .......... .......... .......... .......... .......... 34% 31.1M 2s
 24100K .......... .......... .......... .......... .......... 34%  108M 2s
 24150K .......... .......... .......... .......... .......... 34% 51.6M 2s
 24200K .......... .......... .......... .......... .......... 34% 89.2M 2s
 24250K .......... .......... .......... .......... .......... 34% 28.2M 2s
 24300K .......... .......... .......... .......... .......... 34%  116M 2s
 24350K .......... .......... .......... .......... .......... 34% 16.8M 2s
 24400K .......... .......... .......... .......... .......... 34% 96.0M 2s
 24450K .......... .......... .......... .......... .......... 34% 31.6M 2s
 24500K .......... .......... .......... .......... .......... 34% 99.6M 2s
 24550K .......... .......... .......... .......... .......... 34%  112M 2s
 24600K .......... .......... .......... .......... .......... 34% 18.8M 2s
 24650K .......... .......... .......... .......... .......... 35% 1.68M 2s
 24700K .......... .......... .......... .......... .......... 35% 18.0M 2s
 24750K .......... .......... .......... .......... .......... 35%  105M 2s
 24800K .......... .......... .......... .......... .......... 35%  153M 2s
 24850K .......... .......... .......... .......... .......... 35% 12.5M 2s
 24900K .......... .......... .......... .......... .......... 35% 18.3M 2s
 24950K .......... .......... .......... .......... .......... 35% 25.1M 2s
 25000K .......... .......... .......... .......... .......... 35% 42.0M 2s
 25050K .......... .......... .......... .......... .......... 35% 25.9M 2s
 25100K .......... .......... .......... .......... .......... 35% 26.2M 2s
 25150K .......... .......... .......... .......... .......... 35% 36.6M 2s
 25200K .......... .......... .......... .......... .......... 35%  134M 2s
 25250K .......... .......... .......... .......... .......... 35% 19.6M 2s
 25300K .......... .......... .......... .......... .......... 35%  137M 2s
 25350K .......... .......... .......... .......... .......... 36% 18.2M 2s
 25400K .......... .......... .......... .......... .......... 36% 20.5M 2s
 25450K .......... .......... .......... .......... .......... 36% 97.2M 2s
 25500K .......... .......... .......... .......... .......... 36%  104M 2s
 25550K .......... .......... .......... .......... .......... 36% 28.0M 2s
 25600K .......... .......... .......... .......... .......... 36% 16.6M 2s
 25650K .......... .......... .......... .......... .......... 36% 73.4M 2s
 25700K .......... .......... .......... .......... .......... 36% 86.4M 2s
 25750K .......... .......... .......... .......... .......... 36%  140M 2s
 25800K .......... .......... .......... .......... .......... 36% 16.1M 2s
 25850K .......... .......... .......... .......... .......... 36% 26.2M 2s
 25900K .......... .......... .......... .......... .......... 36%  118M 2s
 25950K .......... .......... .......... .......... .......... 36% 9.04M 2s
 26000K .......... .......... .......... .......... .......... 36% 2.61M 2s
 26050K .......... .......... .......... .......... .......... 37% 88.7M 2s
 26100K .......... .......... .......... .......... .......... 37%  121M 2s
 26150K .......... .......... .......... .......... .......... 37%  120M 2s
 26200K .......... .......... .......... .......... .......... 37%  116M 2s
 26250K .......... .......... .......... .......... .......... 37%  109M 2s
 26300K .......... .......... .......... .......... .......... 37%  104M 2s
 26350K .......... .......... .......... .......... .......... 37% 77.7M 2s
 26400K .......... .......... .......... .......... .......... 37% 94.0M 2s
 26450K .......... .......... .......... .......... .......... 37%  105M 2s
 26500K .......... .......... .......... .......... .......... 37%  130M 2s
 26550K .......... .......... .......... .......... .......... 37% 13.7M 2s
 26600K .......... .......... .......... .......... .......... 37% 82.1M 2s
 26650K .......... .......... .......... .......... .......... 37% 95.9M 2s
 26700K .......... .......... .......... .......... .......... 37%  119M 2s
 26750K .......... .......... .......... .......... .......... 38% 35.7M 2s
 26800K .......... .......... .......... .......... .......... 38%  102M 2s
 26850K .......... .......... .......... .......... .......... 38%  129M 2s
 26900K .......... .......... .......... .......... .......... 38% 45.1M 2s
 26950K .......... .......... .......... .......... .......... 38% 11.3M 2s
 27000K .......... .......... .......... .......... .......... 38% 77.1M 2s
 27050K .......... .......... .......... .......... .......... 38%  128M 2s
 27100K .......... .......... .......... .......... .......... 38% 23.0M 2s
 27150K .......... .......... .......... .......... .......... 38% 17.6M 2s
 27200K .......... .......... .......... .......... .......... 38% 39.0M 2s
 27250K .......... .......... .......... .......... .......... 38%  125M 2s
 27300K .......... .......... .......... .......... .......... 38%  113M 2s
 27350K .......... .......... .......... .......... .......... 38% 82.0M 2s
 27400K .......... .......... .......... .......... .......... 38% 91.6M 2s
 27450K .......... .......... .......... .......... .......... 39% 91.2M 2s
 27500K .......... .......... .......... .......... .......... 39%  108M 2s
 27550K .......... .......... .......... .......... .......... 39% 30.3M 2s
 27600K .......... .......... .......... .......... .......... 39% 36.8M 2s
 27650K .......... .......... .......... .......... .......... 39% 29.9M 2s
 27700K .......... .......... .......... .......... .......... 39% 97.9M 2s
 27750K .......... .......... .......... .......... .......... 39%  103M 2s
 27800K .......... .......... .......... .......... .......... 39%  114M 2s
 27850K .......... .......... .......... .......... .......... 39%  123M 2s
 27900K .......... .......... .......... .......... .......... 39%  121M 2s
 27950K .......... .......... .......... .......... .......... 39% 80.3M 2s
 28000K .......... .......... .......... .......... .......... 39% 91.8M 2s
 28050K .......... .......... .......... .......... .......... 39% 36.0M 2s
 28100K .......... .......... .......... .......... .......... 39% 56.4M 2s
 28150K .......... .......... .......... .......... .......... 40% 88.3M 2s
 28200K .......... .......... .......... .......... .......... 40%  126M 2s
 28250K .......... .......... .......... .......... .......... 40% 15.5M 2s
 28300K .......... .......... .......... .......... .......... 40%  110M 2s
 28350K .......... .......... .......... .......... .......... 40% 2.24M 2s
 28400K .......... .......... .......... .......... .......... 40% 1.81M 2s
 28450K .......... .......... .......... .......... .......... 40% 84.4M 2s
 28500K .......... .......... .......... .......... .......... 40% 11.4M 2s
 28550K .......... .......... .......... .......... .......... 40% 24.3M 2s
 28600K .......... .......... .......... .......... .......... 40% 1.88M 2s
 28650K .......... .......... .......... .......... .......... 40%  100M 2s
 28700K .......... .......... .......... .......... .......... 40% 1.94M 2s
 28750K .......... .......... .......... .......... .......... 40% 18.2M 2s
 28800K .......... .......... .......... .......... .......... 40% 22.6M 2s
 28850K .......... .......... .......... .......... .......... 40% 67.3M 2s
 28900K .......... .......... .......... .......... .......... 41%  124M 2s
 28950K .......... .......... .......... .......... .......... 41% 38.6M 2s
 29000K .......... .......... .......... .......... .......... 41%  111M 2s
 29050K .......... .......... .......... .......... .......... 41% 19.7M 2s
 29100K .......... .......... .......... .......... .......... 41% 88.4M 2s
 29150K .......... .......... .......... .......... .......... 41%  101M 2s
 29200K .......... .......... .......... .......... .......... 41% 27.1M 2s
 29250K .......... .......... .......... .......... .......... 41% 20.5M 2s
 29300K .......... .......... .......... .......... .......... 41% 19.6M 2s
 29350K .......... .......... .......... .......... .......... 41% 96.1M 2s
 29400K .......... .......... .......... .......... .......... 41% 20.9M 2s
 29450K .......... .......... .......... .......... .......... 41%  114M 2s
 29500K .......... .......... .......... .......... .......... 41%  139M 2s
 29550K .......... .......... .......... .......... .......... 41%  107M 2s
 29600K .......... .......... .......... .......... .......... 42% 28.6M 2s
 29650K .......... .......... .......... .......... .......... 42% 22.5M 2s
 29700K .......... .......... .......... .......... .......... 42% 19.3M 2s
 29750K .......... .......... .......... .......... .......... 42% 23.2M 2s
 29800K .......... .......... .......... .......... .......... 42% 83.1M 2s
 29850K .......... .......... .......... .......... .......... 42%  102M 2s
 29900K .......... .......... .......... .......... .......... 42% 38.8M 2s
 29950K .......... .......... .......... .......... .......... 42% 25.3M 2s
 30000K .......... .......... .......... .......... .......... 42% 22.9M 2s
 30050K .......... .......... .......... .......... .......... 42%  114M 2s
 30100K .......... .......... .......... .......... .......... 42% 11.3M 2s
 30150K .......... .......... .......... .......... .......... 42% 22.2M 2s
 30200K .......... .......... .......... .......... .......... 42% 57.5M 2s
 30250K .......... .......... .......... .......... .......... 42% 79.2M 2s
 30300K .......... .......... .......... .......... .......... 43% 71.3M 2s
 30350K .......... .......... .......... .......... .......... 43% 66.3M 2s
 30400K .......... .......... .......... .......... .......... 43% 47.9M 2s
 30450K .......... .......... .......... .......... .......... 43% 68.4M 2s
 30500K .......... .......... .......... .......... .......... 43% 94.7M 2s
 30550K .......... .......... .......... .......... .......... 43%  113M 2s
 30600K .......... .......... .......... .......... .......... 43%  108M 2s
 30650K .......... .......... .......... .......... .......... 43%  123M 2s
 30700K .......... .......... .......... .......... .......... 43%  119M 2s
 30750K .......... .......... .......... .......... .......... 43% 94.8M 2s
 30800K .......... .......... .......... .......... .......... 43%  116M 2s
 30850K .......... .......... .......... .......... .......... 43%  103M 2s
 30900K .......... .......... .......... .......... .......... 43% 75.3M 2s
 30950K .......... .......... .......... .......... .......... 43%  103M 2s
 31000K .......... .......... .......... .......... .......... 44% 70.5M 2s
 31050K .......... .......... .......... .......... .......... 44%  102M 2s
 31100K .......... .......... .......... .......... .......... 44% 81.1M 2s
 31150K .......... .......... .......... .......... .......... 44% 60.5M 2s
 31200K .......... .......... .......... .......... .......... 44%  112M 2s
 31250K .......... .......... .......... .......... .......... 44%  119M 2s
 31300K .......... .......... .......... .......... .......... 44% 65.3M 2s
 31350K .......... .......... .......... .......... .......... 44% 26.4M 2s
 31400K .......... .......... .......... .......... .......... 44%  107M 2s
 31450K .......... .......... .......... .......... .......... 44%  102M 2s
 31500K .......... .......... .......... .......... .......... 44% 12.4M 2s
 31550K .......... .......... .......... .......... .......... 44% 23.8M 2s
 31600K .......... .......... .......... .......... .......... 44% 15.7M 2s
 31650K .......... .......... .......... .......... .......... 44%  105M 2s
 31700K .......... .......... .......... .......... .......... 45% 94.6M 2s
 31750K .......... .......... .......... .......... .......... 45% 30.0M 2s
 31800K .......... .......... .......... .......... .......... 45% 17.8M 2s
 31850K .......... .......... .......... .......... .......... 45%  111M 2s
 31900K .......... .......... .......... .......... .......... 45% 17.8M 2s
 31950K .......... .......... .......... .......... .......... 45% 20.5M 2s
 32000K .......... .......... .......... .......... .......... 45% 19.8M 2s
 32050K .......... .......... .......... .......... .......... 45% 96.3M 2s
 32100K .......... .......... .......... .......... .......... 45% 92.0M 2s
 32150K .......... .......... .......... .......... .......... 45% 99.0M 2s
 32200K .......... .......... .......... .......... .......... 45%  139M 2s
 32250K .......... .......... .......... .......... .......... 45%  123M 2s
 32300K .......... .......... .......... .......... .......... 45%  137M 2s
 32350K .......... .......... .......... .......... .......... 45% 95.8M 2s
 32400K .......... .......... .......... .......... .......... 46% 77.2M 2s
 32450K .......... .......... .......... .......... .......... 46% 3.80M 2s
 32500K .......... .......... .......... .......... .......... 46% 31.8M 2s
 32550K .......... .......... .......... .......... .......... 46% 96.6M 2s
 32600K .......... .......... .......... .......... .......... 46% 73.4M 2s
 32650K .......... .......... .......... .......... .......... 46%  148M 2s
 32700K .......... .......... .......... .......... .......... 46%  139M 2s
 32750K .......... .......... .......... .......... .......... 46%  142M 2s
 32800K .......... .......... .......... .......... .......... 46%  131M 2s
 32850K .......... .......... .......... .......... .......... 46%  140M 2s
 32900K .......... .......... .......... .......... .......... 46% 77.2M 2s
 32950K .......... .......... .......... .......... .......... 46% 17.5M 2s
 33000K .......... .......... .......... .......... .......... 46%  103M 2s
 33050K .......... .......... .......... .......... .......... 46% 27.1M 2s
 33100K .......... .......... .......... .......... .......... 47%  108M 2s
 33150K .......... .......... .......... .......... .......... 47% 16.1M 2s
 33200K .......... .......... .......... .......... .......... 47% 19.8M 2s
 33250K .......... .......... .......... .......... .......... 47%  106M 2s
 33300K .......... .......... .......... .......... .......... 47% 17.1M 2s
 33350K .......... .......... .......... .......... .......... 47% 11.1M 2s
 33400K .......... .......... .......... .......... .......... 47% 27.4M 2s
 33450K .......... .......... .......... .......... .......... 47% 22.2M 2s
 33500K .......... .......... .......... .......... .......... 47% 92.9M 2s
 33550K .......... .......... .......... .......... .......... 47% 20.1M 2s
 33600K .......... .......... .......... .......... .......... 47% 92.2M 2s
 33650K .......... .......... .......... .......... .......... 47% 23.8M 2s
 33700K .......... .......... .......... .......... .......... 47%  117M 2s
 33750K .......... .......... .......... .......... .......... 47% 17.4M 2s
 33800K .......... .......... .......... .......... .......... 48%  105M 2s
 33850K .......... .......... .......... .......... .......... 48% 17.9M 2s
 33900K .......... .......... .......... .......... .......... 48% 17.7M 2s
 33950K .......... .......... .......... .......... .......... 48%  105M 2s
 34000K .......... .......... .......... .......... .......... 48% 9.39M 2s
 34050K .......... .......... .......... .......... .......... 48% 13.3M 2s
 34100K .......... .......... .......... .......... .......... 48% 99.7M 2s
 34150K .......... .......... .......... .......... .......... 48%  126M 2s
 34200K .......... .......... .......... .......... .......... 48% 26.7M 2s
 34250K .......... .......... .......... .......... .......... 48% 10.6M 2s
 34300K .......... .......... .......... .......... .......... 48% 91.9M 2s
 34350K .......... .......... .......... .......... .......... 48% 13.7M 2s
 34400K .......... .......... .......... .......... .......... 48% 83.5M 2s
 34450K .......... .......... .......... .......... .......... 48% 99.1M 2s
 34500K .......... .......... .......... .......... .......... 49% 16.6M 1s
 34550K .......... .......... .......... .......... .......... 49%  111M 1s
 34600K .......... .......... .......... .......... .......... 49% 30.1M 1s
 34650K .......... .......... .......... .......... .......... 49% 86.5M 1s
 34700K .......... .......... .......... .......... .......... 49% 2.52M 2s
 34750K .......... .......... .......... .......... .......... 49% 24.2M 2s
 34800K .......... .......... .......... .......... .......... 49% 77.8M 1s
 34850K .......... .......... .......... .......... .......... 49% 95.1M 1s
 34900K .......... .......... .......... .......... .......... 49% 24.3M 1s
 34950K .......... .......... .......... .......... .......... 49% 20.8M 1s
 35000K .......... .......... .......... .......... .......... 49% 67.9M 1s
 35050K .......... .......... .......... .......... .......... 49% 27.6M 1s
 35100K .......... .......... .......... .......... .......... 49% 99.5M 1s
 35150K .......... .......... .......... .......... .......... 49% 15.4M 1s
 35200K .......... .......... .......... .......... .......... 50% 33.6M 1s
 35250K .......... .......... .......... .......... .......... 50% 17.6M 1s
 35300K .......... .......... .......... .......... .......... 50%  124M 1s
 35350K .......... .......... .......... .......... .......... 50% 18.6M 1s
 35400K .......... .......... .......... .......... .......... 50% 74.9M 1s
 35450K .......... .......... .......... .......... .......... 50%  104M 1s
 35500K .......... .......... .......... .......... .......... 50% 25.6M 1s
 35550K .......... .......... .......... .......... .......... 50%  109M 1s
 35600K .......... .......... .......... .......... .......... 50% 10.7M 1s
 35650K .......... .......... .......... .......... .......... 50% 19.8M 1s
 35700K .......... .......... .......... .......... .......... 50% 19.5M 1s
 35750K .......... .......... .......... .......... .......... 50%  113M 1s
 35800K .......... .......... .......... .......... .......... 50% 21.8M 1s
 35850K .......... .......... .......... .......... .......... 50% 76.9M 1s
 35900K .......... .......... .......... .......... .......... 50% 24.4M 1s
 35950K .......... .......... .......... .......... .......... 51% 9.97M 1s
 36000K .......... .......... .......... .......... .......... 51% 94.1M 1s
 36050K .......... .......... .......... .......... .......... 51% 86.7M 1s
 36100K .......... .......... .......... .......... .......... 51% 46.3M 1s
 36150K .......... .......... .......... .......... .......... 51% 22.0M 1s
 36200K .......... .......... .......... .......... .......... 51% 94.3M 1s
 36250K .......... .......... .......... .......... .......... 51% 92.4M 1s
 36300K .......... .......... .......... .......... .......... 51% 9.63M 1s
 36350K .......... .......... .......... .......... .......... 51%  137M 1s
 36400K .......... .......... .......... .......... .......... 51% 71.6M 1s
 36450K .......... .......... .......... .......... .......... 51% 93.8M 1s
 36500K .......... .......... .......... .......... .......... 51%  101M 1s
 36550K .......... .......... .......... .......... .......... 51%  100M 1s
 36600K .......... .......... .......... .......... .......... 51% 37.1M 1s
 36650K .......... .......... .......... .......... .......... 52% 81.2M 1s
 36700K .......... .......... .......... .......... .......... 52%  111M 1s
 36750K .......... .......... .......... .......... .......... 52%  143M 1s
 36800K .......... .......... .......... .......... .......... 52%  101M 1s
 36850K .......... .......... .......... .......... .......... 52% 94.3M 1s
 36900K .......... .......... .......... .......... .......... 52%  121M 1s
 36950K .......... .......... .......... .......... .......... 52%  107M 1s
 37000K .......... .......... .......... .......... .......... 52%  116M 1s
 37050K .......... .......... .......... .......... .......... 52% 88.0M 1s
 37100K .......... .......... .......... .......... .......... 52%  100M 1s
 37150K .......... .......... .......... .......... .......... 52%  102M 1s
 37200K .......... .......... .......... .......... .......... 52% 91.0M 1s
 37250K .......... .......... .......... .......... .......... 52%  133M 1s
 37300K .......... .......... .......... .......... .......... 52%  144M 1s
 37350K .......... .......... .......... .......... .......... 53%  136M 1s
 37400K .......... .......... .......... .......... .......... 53%  131M 1s
 37450K .......... .......... .......... .......... .......... 53% 91.8M 1s
 37500K .......... .......... .......... .......... .......... 53% 43.4M 1s
 37550K .......... .......... .......... .......... .......... 53%  110M 1s
 37600K .......... .......... .......... .......... .......... 53%  116M 1s
 37650K .......... .......... .......... .......... .......... 53%  118M 1s
 37700K .......... .......... .......... .......... .......... 53%  106M 1s
 37750K .......... .......... .......... .......... .......... 53% 63.6M 1s
 37800K .......... .......... .......... .......... .......... 53%  112M 1s
 37850K .......... .......... .......... .......... .......... 53% 16.6M 1s
 37900K .......... .......... .......... .......... .......... 53% 20.9M 1s
 37950K .......... .......... .......... .......... .......... 53%  126M 1s
 38000K .......... .......... .......... .......... .......... 53% 22.1M 1s
 38050K .......... .......... .......... .......... .......... 54%  122M 1s
 38100K .......... .......... .......... .......... .......... 54% 17.8M 1s
 38150K .......... .......... .......... .......... .......... 54% 23.3M 1s
 38200K .......... .......... .......... .......... .......... 54% 96.0M 1s
 38250K .......... .......... .......... .......... .......... 54% 20.4M 1s
 38300K .......... .......... .......... .......... .......... 54% 97.3M 1s
 38350K .......... .......... .......... .......... .......... 54%  116M 1s
 38400K .......... .......... .......... .......... .......... 54% 20.7M 1s
 38450K .......... .......... .......... .......... .......... 54% 17.3M 1s
 38500K .......... .......... .......... .......... .......... 54%  116M 1s
 38550K .......... .......... .......... .......... .......... 54% 20.3M 1s
 38600K .......... .......... .......... .......... .......... 54% 26.5M 1s
 38650K .......... .......... .......... .......... .......... 54% 46.5M 1s
 38700K .......... .......... .......... .......... .......... 54% 25.1M 1s
 38750K .......... .......... .......... .......... .......... 55%  115M 1s
 38800K .......... .......... .......... .......... .......... 55% 21.8M 1s
 38850K .......... .......... .......... .......... .......... 55% 20.1M 1s
 38900K .......... .......... .......... .......... .......... 55% 27.9M 1s
 38950K .......... .......... .......... .......... .......... 55%  113M 1s
 39000K .......... .......... .......... .......... .......... 55% 13.7M 1s
 39050K .......... .......... .......... .......... .......... 55% 2.93M 1s
 39100K .......... .......... .......... .......... .......... 55% 20.5M 1s
 39150K .......... .......... .......... .......... .......... 55% 28.4M 1s
 39200K .......... .......... .......... .......... .......... 55% 99.2M 1s
 39250K .......... .......... .......... .......... .......... 55% 89.1M 1s
 39300K .......... .......... .......... .......... .......... 55% 98.2M 1s
 39350K .......... .......... .......... .......... .......... 55% 24.7M 1s
 39400K .......... .......... .......... .......... .......... 55%  115M 1s
 39450K .......... .......... .......... .......... .......... 56% 18.5M 1s
 39500K .......... .......... .......... .......... .......... 56% 15.9M 1s
 39550K .......... .......... .......... .......... .......... 56% 16.3M 1s
 39600K .......... .......... .......... .......... .......... 56% 21.5M 1s
 39650K .......... .......... .......... .......... .......... 56% 94.8M 1s
 39700K .......... .......... .......... .......... .......... 56%  132M 1s
 39750K .......... .......... .......... .......... .......... 56% 18.7M 1s
 39800K .......... .......... .......... .......... .......... 56% 15.1M 1s
 39850K .......... .......... .......... .......... .......... 56% 19.3M 1s
 39900K .......... .......... .......... .......... .......... 56%  110M 1s
 39950K .......... .......... .......... .......... .......... 56% 19.5M 1s
 40000K .......... .......... .......... .......... .......... 56% 94.6M 1s
 40050K .......... .......... .......... .......... .......... 56% 18.7M 1s
 40100K .......... .......... .......... .......... .......... 56%  113M 1s
 40150K .......... .......... .......... .......... .......... 57% 17.2M 1s
 40200K .......... .......... .......... .......... .......... 57% 17.8M 1s
 40250K .......... .......... .......... .......... .......... 57% 2.25M 1s
 40300K .......... .......... .......... .......... .......... 57% 28.8M 1s
 40350K .......... .......... .......... .......... .......... 57% 97.7M 1s
 40400K .......... .......... .......... .......... .......... 57%  128M 1s
 40450K .......... .......... .......... .......... .......... 57% 26.7M 1s
 40500K .......... .......... .......... .......... .......... 57% 21.2M 1s
 40550K .......... .......... .......... .......... .......... 57%  115M 1s
 40600K .......... .......... .......... .......... .......... 57% 32.0M 1s
 40650K .......... .......... .......... .......... .......... 57% 64.7M 1s
 40700K .......... .......... .......... .......... .......... 57% 55.2M 1s
 40750K .......... .......... .......... .......... .......... 57% 62.3M 1s
 40800K .......... .......... .......... .......... .......... 57%  104M 1s
 40850K .......... .......... .......... .......... .......... 58% 30.7M 1s
 40900K .......... .......... .......... .......... .......... 58% 29.7M 1s
 40950K .......... .......... .......... .......... .......... 58% 33.0M 1s
 41000K .......... .......... .......... .......... .......... 58%  120M 1s
 41050K .......... .......... .......... .......... .......... 58% 51.4M 1s
 41100K .......... .......... .......... .......... .......... 58% 18.5M 1s
 41150K .......... .......... .......... .......... .......... 58% 3.23M 1s
 41200K .......... .......... .......... .......... .......... 58%  112M 1s
 41250K .......... .......... .......... .......... .......... 58% 22.4M 1s
 41300K .......... .......... .......... .......... .......... 58% 14.5M 1s
 41350K .......... .......... .......... .......... .......... 58% 20.6M 1s
 41400K .......... .......... .......... .......... .......... 58% 24.9M 1s
 41450K .......... .......... .......... .......... .......... 58% 29.4M 1s
 41500K .......... .......... .......... .......... .......... 58% 16.5M 1s
 41550K .......... .......... .......... .......... .......... 59% 34.4M 1s
 41600K .......... .......... .......... .......... .......... 59% 23.1M 1s
 41650K .......... .......... .......... .......... .......... 59% 56.0M 1s
 41700K .......... .......... .......... .......... .......... 59% 34.0M 1s
 41750K .......... .......... .......... .......... .......... 59% 34.2M 1s
 41800K .......... .......... .......... .......... .......... 59% 3.13M 1s
 41850K .......... .......... .......... .......... .......... 59% 16.7M 1s
 41900K .......... .......... .......... .......... .......... 59% 22.2M 1s
 41950K .......... .......... .......... .......... .......... 59% 98.2M 1s
 42000K .......... .......... .......... .......... .......... 59% 19.6M 1s
 42050K .......... .......... .......... .......... .......... 59% 17.0M 1s
 42100K .......... .......... .......... .......... .......... 59% 33.3M 1s
 42150K .......... .......... .......... .......... .......... 59%  101M 1s
 42200K .......... .......... .......... .......... .......... 59% 24.3M 1s
 42250K .......... .......... .......... .......... .......... 60% 19.5M 1s
 42300K .......... .......... .......... .......... .......... 60% 17.6M 1s
 42350K .......... .......... .......... .......... .......... 60% 23.1M 1s
 42400K .......... .......... .......... .......... .......... 60% 68.6M 1s
 42450K .......... .......... .......... .......... .......... 60% 90.0M 1s
 42500K .......... .......... .......... .......... .......... 60% 52.4M 1s
 42550K .......... .......... .......... .......... .......... 60% 13.6M 1s
 42600K .......... .......... .......... .......... .......... 60%  117M 1s
 42650K .......... .......... .......... .......... .......... 60% 15.8M 1s
 42700K .......... .......... .......... .......... .......... 60% 56.3M 1s
 42750K .......... .......... .......... .......... .......... 60% 51.7M 1s
 42800K .......... .......... .......... .......... .......... 60% 29.7M 1s
 42850K .......... .......... .......... .......... .......... 60% 82.1M 1s
 42900K .......... .......... .......... .......... .......... 60%  126M 1s
 42950K .......... .......... .......... .......... .......... 60%  121M 1s
 43000K .......... .......... .......... .......... .......... 61%  123M 1s
 43050K .......... .......... .......... .......... .......... 61%  101M 1s
 43100K .......... .......... .......... .......... .......... 61%  125M 1s
 43150K .......... .......... .......... .......... .......... 61% 17.7M 1s
 43200K .......... .......... .......... .......... .......... 61%  116M 1s
 43250K .......... .......... .......... .......... .......... 61%  128M 1s
 43300K .......... .......... .......... .......... .......... 61% 89.2M 1s
 43350K .......... .......... .......... .......... .......... 61% 94.3M 1s
 43400K .......... .......... .......... .......... .......... 61%  127M 1s
 43450K .......... .......... .......... .......... .......... 61% 99.4M 1s
 43500K .......... .......... .......... .......... .......... 61%  123M 1s
 43550K .......... .......... .......... .......... .......... 61%  123M 1s
 43600K .......... .......... .......... .......... .......... 61%  121M 1s
 43650K .......... .......... .......... .......... .......... 61% 53.6M 1s
 43700K .......... .......... .......... .......... .......... 62%  133M 1s
 43750K .......... .......... .......... .......... .......... 62%  111M 1s
 43800K .......... .......... .......... .......... .......... 62%  125M 1s
 43850K .......... .......... .......... .......... .......... 62% 37.0M 1s
 43900K .......... .......... .......... .......... .......... 62%  101M 1s
 43950K .......... .......... .......... .......... .......... 62%  115M 1s
 44000K .......... .......... .......... .......... .......... 62%  142M 1s
 44050K .......... .......... .......... .......... .......... 62%  108M 1s
 44100K .......... .......... .......... .......... .......... 62%  119M 1s
 44150K .......... .......... .......... .......... .......... 62%  108M 1s
 44200K .......... .......... .......... .......... .......... 62%  130M 1s
 44250K .......... .......... .......... .......... .......... 62% 38.9M 1s
 44300K .......... .......... .......... .......... .......... 62% 95.9M 1s
 44350K .......... .......... .......... .......... .......... 62% 34.1M 1s
 44400K .......... .......... .......... .......... .......... 63% 30.5M 1s
 44450K .......... .......... .......... .......... .......... 63%  115M 1s
 44500K .......... .......... .......... .......... .......... 63% 25.4M 1s
 44550K .......... .......... .......... .......... .......... 63% 84.2M 1s
 44600K .......... .......... .......... .......... .......... 63% 21.1M 1s
 44650K .......... .......... .......... .......... .......... 63% 17.8M 1s
 44700K .......... .......... .......... .......... .......... 63%  113M 1s
 44750K .......... .......... .......... .......... .......... 63% 35.2M 1s
 44800K .......... .......... .......... .......... .......... 63% 55.0M 1s
 44850K .......... .......... .......... .......... .......... 63% 22.0M 1s
 44900K .......... .......... .......... .......... .......... 63%  100M 1s
 44950K .......... .......... .......... .......... .......... 63% 16.7M 1s
 45000K .......... .......... .......... .......... .......... 63% 36.9M 1s
 45050K .......... .......... .......... .......... .......... 63% 86.3M 1s
 45100K .......... .......... .......... .......... .......... 64% 24.8M 1s
 45150K .......... .......... .......... .......... .......... 64%  104M 1s
 45200K .......... .......... .......... .......... .......... 64% 18.5M 1s
 45250K .......... .......... .......... .......... .......... 64% 16.4M 1s
 45300K .......... .......... .......... .......... .......... 64% 75.7M 1s
 45350K .......... .......... .......... .......... .......... 64%  126M 1s
 45400K .......... .......... .......... .......... .......... 64%  127M 1s
 45450K .......... .......... .......... .......... .......... 64% 64.2M 1s
 45500K .......... .......... .......... .......... .......... 64% 21.4M 1s
 45550K .......... .......... .......... .......... .......... 64% 19.8M 1s
 45600K .......... .......... .......... .......... .......... 64% 97.4M 1s
 45650K .......... .......... .......... .......... .......... 64% 17.9M 1s
 45700K .......... .......... .......... .......... .......... 64% 24.0M 1s
 45750K .......... .......... .......... .......... .......... 64% 75.1M 1s
 45800K .......... .......... .......... .......... .......... 65%  110M 1s
 45850K .......... .......... .......... .......... .......... 65% 58.4M 1s
 45900K .......... .......... .......... .......... .......... 65% 81.2M 1s
 45950K .......... .......... .......... .......... .......... 65% 89.3M 1s
 46000K .......... .......... .......... .......... .......... 65%  106M 1s
 46050K .......... .......... .......... .......... .......... 65%  129M 1s
 46100K .......... .......... .......... .......... .......... 65% 64.1M 1s
 46150K .......... .......... .......... .......... .......... 65% 71.2M 1s
 46200K .......... .......... .......... .......... .......... 65% 43.2M 1s
 46250K .......... .......... .......... .......... .......... 65% 96.7M 1s
 46300K .......... .......... .......... .......... .......... 65% 72.7M 1s
 46350K .......... .......... .......... .......... .......... 65% 47.2M 1s
 46400K .......... .......... .......... .......... .......... 65%  103M 1s
 46450K .......... .......... .......... .......... .......... 65%  107M 1s
 46500K .......... .......... .......... .......... .......... 66%  134M 1s
 46550K .......... .......... .......... .......... .......... 66%  467K 1s
 46600K .......... .......... .......... .......... .......... 66% 4.70M 1s
 46650K .......... .......... .......... .......... .......... 66% 75.8M 1s
 46700K .......... .......... .......... .......... .......... 66%  115M 1s
 46750K .......... .......... .......... .......... .......... 66%  115M 1s
 46800K .......... .......... .......... .......... .......... 66%  116M 1s
 46850K .......... .......... .......... .......... .......... 66% 17.8M 1s
 46900K .......... .......... .......... .......... .......... 66% 28.6M 1s
 46950K .......... .......... .......... .......... .......... 66%  119M 1s
 47000K .......... .......... .......... .......... .......... 66% 37.3M 1s
 47050K .......... .......... .......... .......... .......... 66% 9.35M 1s
 47100K .......... .......... .......... .......... .......... 66% 84.6M 1s
 47150K .......... .......... .......... .......... .......... 66% 36.0M 1s
 47200K .......... .......... .......... .......... .......... 67% 93.7M 1s
 47250K .......... .......... .......... .......... .......... 67% 2.07M 1s
 47300K .......... .......... .......... .......... .......... 67% 9.15M 1s
 47350K .......... .......... .......... .......... .......... 67%  107M 1s
 47400K .......... .......... .......... .......... .......... 67%  125M 1s
 47450K .......... .......... .......... .......... .......... 67%  123M 1s
 47500K .......... .......... .......... .......... .......... 67% 12.5M 1s
 47550K .......... .......... .......... .......... .......... 67% 14.7M 1s
 47600K .......... .......... .......... .......... .......... 67% 12.9M 1s
 47650K .......... .......... .......... .......... .......... 67% 89.9M 1s
 47700K .......... .......... .......... .......... .......... 67% 20.8M 1s
 47750K .......... .......... .......... .......... .......... 67% 20.4M 1s
 47800K .......... .......... .......... .......... .......... 67% 20.7M 1s
 47850K .......... .......... .......... .......... .......... 67% 17.3M 1s
 47900K .......... .......... .......... .......... .......... 68%  100M 1s
 47950K .......... .......... .......... .......... .......... 68% 82.4M 1s
 48000K .......... .......... .......... .......... .......... 68% 33.7M 1s
 48050K .......... .......... .......... .......... .......... 68% 21.3M 1s
 48100K .......... .......... .......... .......... .......... 68%  109M 1s
 48150K .......... .......... .......... .......... .......... 68% 17.8M 1s
 48200K .......... .......... .......... .......... .......... 68% 8.32M 1s
 48250K .......... .......... .......... .......... .......... 68% 7.80M 1s
 48300K .......... .......... .......... .......... .......... 68% 17.9M 1s
 48350K .......... .......... .......... .......... .......... 68% 16.8M 1s
 48400K .......... .......... .......... .......... .......... 68% 27.8M 1s
 48450K .......... .......... .......... .......... .......... 68% 16.2M 1s
 48500K .......... .......... .......... .......... .......... 68% 17.1M 1s
 48550K .......... .......... .......... .......... .......... 68%  114M 1s
 48600K .......... .......... .......... .......... .......... 69% 14.9M 1s
 48650K .......... .......... .......... .......... .......... 69% 72.5M 1s
 48700K .......... .......... .......... .......... .......... 69% 25.0M 1s
 48750K .......... .......... .......... .......... .......... 69% 16.3M 1s
 48800K .......... .......... .......... .......... .......... 69% 97.8M 1s
 48850K .......... .......... .......... .......... .......... 69% 51.0M 1s
 48900K .......... .......... .......... .......... .......... 69% 28.2M 1s
 48950K .......... .......... .......... .......... .......... 69% 26.8M 1s
 49000K .......... .......... .......... .......... .......... 69%  104M 1s
 49050K .......... .......... .......... .......... .......... 69%  113M 1s
 49100K .......... .......... .......... .......... .......... 69% 18.5M 1s
 49150K .......... .......... .......... .......... .......... 69% 18.9M 1s
 49200K .......... .......... .......... .......... .......... 69% 28.1M 1s
 49250K .......... .......... .......... .......... .......... 69%  103M 1s
 49300K .......... .......... .......... .......... .......... 70% 46.4M 1s
 49350K .......... .......... .......... .......... .......... 70% 4.24M 1s
 49400K .......... .......... .......... .......... .......... 70% 6.69M 1s
 49450K .......... .......... .......... .......... .......... 70% 65.8M 1s
 49500K .......... .......... .......... .......... .......... 70% 95.9M 1s
 49550K .......... .......... .......... .......... .......... 70%  135M 1s
 49600K .......... .......... .......... .......... .......... 70% 13.0M 1s
 49650K .......... .......... .......... .......... .......... 70% 14.5M 1s
 49700K .......... .......... .......... .......... .......... 70%  111M 1s
 49750K .......... .......... .......... .......... .......... 70% 11.0M 1s
 49800K .......... .......... .......... .......... .......... 70% 2.12M 1s
 49850K .......... .......... .......... .......... .......... 70% 71.6M 1s
 49900K .......... .......... .......... .......... .......... 70%  109M 1s
 49950K .......... .......... .......... .......... .......... 70%  131M 1s
 50000K .......... .......... .......... .......... .......... 70%  134M 1s
 50050K .......... .......... .......... .......... .......... 71%  118M 1s
 50100K .......... .......... .......... .......... .......... 71%  132M 1s
 50150K .......... .......... .......... .......... .......... 71%  132M 1s
 50200K .......... .......... .......... .......... .......... 71% 89.2M 1s
 50250K .......... .......... .......... .......... .......... 71% 92.1M 1s
 50300K .......... .......... .......... .......... .......... 71% 27.2M 1s
 50350K .......... .......... .......... .......... .......... 71% 89.6M 1s
 50400K .......... .......... .......... .......... .......... 71%  111M 1s
 50450K .......... .......... .......... .......... .......... 71% 15.5M 1s
 50500K .......... .......... .......... .......... .......... 71%  116M 1s
 50550K .......... .......... .......... .......... .......... 71% 93.3M 1s
 50600K .......... .......... .......... .......... .......... 71%  105M 1s
 50650K .......... .......... .......... .......... .......... 71%  110M 1s
 50700K .......... .......... .......... .......... .......... 71%  104M 1s
 50750K .......... .......... .......... .......... .......... 72% 51.8M 1s
 50800K .......... .......... .......... .......... .......... 72%  117M 1s
 50850K .......... .......... .......... .......... .......... 72%  130M 1s
 50900K .......... .......... .......... .......... .......... 72%  130M 1s
 50950K .......... .......... .......... .......... .......... 72% 3.10M 1s
 51000K .......... .......... .......... .......... .......... 72% 14.2M 1s
 51050K .......... .......... .......... .......... .......... 72% 17.4M 1s
 51100K .......... .......... .......... .......... .......... 72% 95.8M 1s
 51150K .......... .......... .......... .......... .......... 72% 25.0M 1s
 51200K .......... .......... .......... .......... .......... 72% 72.8M 1s
 51250K .......... .......... .......... .......... .......... 72% 36.1M 1s
 51300K .......... .......... .......... .......... .......... 72% 97.6M 1s
 51350K .......... .......... .......... .......... .......... 72% 38.3M 1s
 51400K .......... .......... .......... .......... .......... 72% 21.6M 1s
 51450K .......... .......... .......... .......... .......... 73% 23.5M 1s
 51500K .......... .......... .......... .......... .......... 73% 98.7M 1s
 51550K .......... .......... .......... .......... .......... 73%  104M 1s
 51600K .......... .......... .......... .......... .......... 73% 22.2M 1s
 51650K .......... .......... .......... .......... .......... 73% 19.4M 1s
 51700K .......... .......... .......... .......... .......... 73% 20.1M 1s
 51750K .......... .......... .......... .......... .......... 73% 22.7M 1s
 51800K .......... .......... .......... .......... .......... 73%  110M 1s
 51850K .......... .......... .......... .......... .......... 73%  110M 1s
 51900K .......... .......... .......... .......... .......... 73% 28.3M 1s
 51950K .......... .......... .......... .......... .......... 73% 12.9M 1s
 52000K .......... .......... .......... .......... .......... 73%  114M 1s
 52050K .......... .......... .......... .......... .......... 73% 29.1M 1s
 52100K .......... .......... .......... .......... .......... 73% 25.5M 1s
 52150K .......... .......... .......... .......... .......... 74% 21.3M 1s
 52200K .......... .......... .......... .......... .......... 74% 16.2M 1s
 52250K .......... .......... .......... .......... .......... 74%  107M 1s
 52300K .......... .......... .......... .......... .......... 74% 16.7M 1s
 52350K .......... .......... .......... .......... .......... 74% 2.33M 1s
 52400K .......... .......... .......... .......... .......... 74% 10.8M 1s
 52450K .......... .......... .......... .......... .......... 74% 90.4M 1s
 52500K .......... .......... .......... .......... .......... 74%  106M 1s
 52550K .......... .......... .......... .......... .......... 74% 71.1M 1s
 52600K .......... .......... .......... .......... .......... 74% 14.9M 1s
 52650K .......... .......... .......... .......... .......... 74% 17.3M 1s
 52700K .......... .......... .......... .......... .......... 74%  110M 1s
 52750K .......... .......... .......... .......... .......... 74% 13.7M 1s
 52800K .......... .......... .......... .......... .......... 74% 15.9M 1s
 52850K .......... .......... .......... .......... .......... 75%  121M 1s
 52900K .......... .......... .......... .......... .......... 75%  134M 1s
 52950K .......... .......... .......... .......... .......... 75% 20.3M 1s
 53000K .......... .......... .......... .......... .......... 75% 29.2M 1s
 53050K .......... .......... .......... .......... .......... 75% 11.3M 1s
 53100K .......... .......... .......... .......... .......... 75% 99.6M 1s
 53150K .......... .......... .......... .......... .......... 75%  100M 1s
 53200K .......... .......... .......... .......... .......... 75%  123M 1s
 53250K .......... .......... .......... .......... .......... 75%  127M 1s
 53300K .......... .......... .......... .......... .......... 75% 11.7M 1s
 53350K .......... .......... .......... .......... .......... 75% 81.0M 1s
 53400K .......... .......... .......... .......... .......... 75% 96.5M 1s
 53450K .......... .......... .......... .......... .......... 75%  146M 1s
 53500K .......... .......... .......... .......... .......... 75% 24.2M 1s
 53550K .......... .......... .......... .......... .......... 76% 2.38M 1s
 53600K .......... .......... .......... .......... .......... 76%  114M 1s
 53650K .......... .......... .......... .......... .......... 76% 3.08M 1s
 53700K .......... .......... .......... .......... .......... 76% 11.1M 1s
 53750K .......... .......... .......... .......... .......... 76% 16.9M 1s
 53800K .......... .......... .......... .......... .......... 76% 71.2M 1s
 53850K .......... .......... .......... .......... .......... 76%  109M 1s
 53900K .......... .......... .......... .......... .......... 76%  101M 1s
 53950K .......... .......... .......... .......... .......... 76% 21.7M 1s
 54000K .......... .......... .......... .......... .......... 76% 47.3M 1s
 54050K .......... .......... .......... .......... .......... 76%  112M 1s
 54100K .......... .......... .......... .......... .......... 76% 20.6M 1s
 54150K .......... .......... .......... .......... .......... 76% 21.3M 1s
 54200K .......... .......... .......... .......... .......... 76% 51.1M 1s
 54250K .......... .......... .......... .......... .......... 77% 32.3M 1s
 54300K .......... .......... .......... .......... .......... 77%  105M 1s
 54350K .......... .......... .......... .......... .......... 77% 23.6M 1s
 54400K .......... .......... .......... .......... .......... 77% 28.4M 1s
 54450K .......... .......... .......... .......... .......... 77% 31.1M 1s
 54500K .......... .......... .......... .......... .......... 77%  117M 1s
 54550K .......... .......... .......... .......... .......... 77% 19.8M 1s
 54600K .......... .......... .......... .......... .......... 77% 18.0M 1s
 54650K .......... .......... .......... .......... .......... 77% 65.6M 1s
 54700K .......... .......... .......... .......... .......... 77% 30.8M 1s
 54750K .......... .......... .......... .......... .......... 77%  104M 1s
 54800K .......... .......... .......... .......... .......... 77% 18.9M 1s
 54850K .......... .......... .......... .......... .......... 77% 25.4M 1s
 54900K .......... .......... .......... .......... .......... 77% 72.6M 1s
 54950K .......... .......... .......... .......... .......... 78% 85.8M 1s
 55000K .......... .......... .......... .......... .......... 78%  121M 1s
 55050K .......... .......... .......... .......... .......... 78% 21.2M 1s
 55100K .......... .......... .......... .......... .......... 78% 3.83M 1s
 55150K .......... .......... .......... .......... .......... 78% 12.2M 1s
 55200K .......... .......... .......... .......... .......... 78% 74.4M 1s
 55250K .......... .......... .......... .......... .......... 78% 54.2M 1s
 55300K .......... .......... .......... .......... .......... 78% 21.6M 1s
 55350K .......... .......... .......... .......... .......... 78% 17.8M 1s
 55400K .......... .......... .......... .......... .......... 78% 18.0M 1s
 55450K .......... .......... .......... .......... .......... 78% 99.5M 1s
 55500K .......... .......... .......... .......... .......... 78%  119M 1s
 55550K .......... .......... .......... .......... .......... 78% 26.4M 1s
 55600K .......... .......... .......... .......... .......... 78% 20.3M 1s
 55650K .......... .......... .......... .......... .......... 79% 97.4M 1s
 55700K .......... .......... .......... .......... .......... 79% 17.8M 1s
 55750K .......... .......... .......... .......... .......... 79% 19.1M 1s
 55800K .......... .......... .......... .......... .......... 79% 23.7M 1s
 55850K .......... .......... .......... .......... .......... 79% 17.0M 1s
 55900K .......... .......... .......... .......... .......... 79%  116M 1s
 55950K .......... .......... .......... .......... .......... 79% 20.4M 1s
 56000K .......... .......... .......... .......... .......... 79% 30.5M 1s
 56050K .......... .......... .......... .......... .......... 79% 41.1M 1s
 56100K .......... .......... .......... .......... .......... 79%  105M 1s
 56150K .......... .......... .......... .......... .......... 79% 94.7M 1s
 56200K .......... .......... .......... .......... .......... 79% 30.1M 1s
 56250K .......... .......... .......... .......... .......... 79% 17.4M 1s
 56300K .......... .......... .......... .......... .......... 79% 21.7M 1s
 56350K .......... .......... .......... .......... .......... 80% 94.4M 1s
 56400K .......... .......... .......... .......... .......... 80% 74.7M 1s
 56450K .......... .......... .......... .......... .......... 80% 27.6M 1s
 56500K .......... .......... .......... .......... .......... 80% 29.8M 1s
 56550K .......... .......... .......... .......... .......... 80% 5.14M 1s
 56600K .......... .......... .......... .......... .......... 80%  107M 1s
 56650K .......... .......... .......... .......... .......... 80% 6.81M 1s
 56700K .......... .......... .......... .......... .......... 80% 41.5M 1s
 56750K .......... .......... .......... .......... .......... 80% 72.3M 1s
 56800K .......... .......... .......... .......... .......... 80%  122M 1s
 56850K .......... .......... .......... .......... .......... 80% 13.5M 1s
 56900K .......... .......... .......... .......... .......... 80% 90.5M 1s
 56950K .......... .......... .......... .......... .......... 80% 29.0M 1s
 57000K .......... .......... .......... .......... .......... 80% 22.9M 1s
 57050K .......... .......... .......... .......... .......... 80% 89.5M 1s
 57100K .......... .......... .......... .......... .......... 81% 18.8M 1s
 57150K .......... .......... .......... .......... .......... 81% 15.8M 1s
 57200K .......... .......... .......... .......... .......... 81% 25.0M 1s
 57250K .......... .......... .......... .......... .......... 81% 98.6M 1s
 57300K .......... .......... .......... .......... .......... 81% 28.6M 1s
 57350K .......... .......... .......... .......... .......... 81% 51.0M 1s
 57400K .......... .......... .......... .......... .......... 81% 10.1M 1s
 57450K .......... .......... .......... .......... .......... 81% 75.1M 1s
 57500K .......... .......... .......... .......... .......... 81% 93.1M 1s
 57550K .......... .......... .......... .......... .......... 81%  102M 1s
 57600K .......... .......... .......... .......... .......... 81%  123M 1s
 57650K .......... .......... .......... .......... .......... 81% 33.2M 1s
 57700K .......... .......... .......... .......... .......... 81%  102M 1s
 57750K .......... .......... .......... .......... .......... 81% 19.3M 1s
 57800K .......... .......... .......... .......... .......... 82% 9.78M 1s
 57850K .......... .......... .......... .......... .......... 82% 21.1M 1s
 57900K .......... .......... .......... .......... .......... 82% 79.6M 1s
 57950K .......... .......... .......... .......... .......... 82%  113M 1s
 58000K .......... .......... .......... .......... .......... 82% 22.3M 1s
 58050K .......... .......... .......... .......... .......... 82% 21.7M 1s
 58100K .......... .......... .......... .......... .......... 82% 24.3M 1s
 58150K .......... .......... .......... .......... .......... 82% 11.1M 1s
 58200K .......... .......... .......... .......... .......... 82% 73.0M 1s
 58250K .......... .......... .......... .......... .......... 82%  112M 1s
 58300K .......... .......... .......... .......... .......... 82%  112M 1s
 58350K .......... .......... .......... .......... .......... 82% 16.2M 1s
 58400K .......... .......... .......... .......... .......... 82%  103M 1s
 58450K .......... .......... .......... .......... .......... 82%  568K 1s
 58500K .......... .......... .......... .......... .......... 83% 13.1M 1s
 58550K .......... .......... .......... .......... .......... 83% 12.5M 1s
 58600K .......... .......... .......... .......... .......... 83% 15.2M 1s
 58650K .......... .......... .......... .......... .......... 83%  105M 1s
 58700K .......... .......... .......... .......... .......... 83% 8.24M 1s
 58750K .......... .......... .......... .......... .......... 83% 20.4M 1s
 58800K .......... .......... .......... .......... .......... 83% 17.7M 1s
 58850K .......... .......... .......... .......... .......... 83%  111M 1s
 58900K .......... .......... .......... .......... .......... 83% 26.3M 1s
 58950K .......... .......... .......... .......... .......... 83% 74.5M 1s
 59000K .......... .......... .......... .......... .......... 83% 40.0M 1s
 59050K .......... .......... .......... .......... .......... 83% 33.3M 0s
 59100K .......... .......... .......... .......... .......... 83% 81.6M 0s
 59150K .......... .......... .......... .......... .......... 83% 2.97M 0s
 59200K .......... .......... .......... .......... .......... 84% 1.93M 0s
 59250K .......... .......... .......... .......... .......... 84% 16.3M 0s
 59300K .......... .......... .......... .......... .......... 84%  117M 0s
 59350K .......... .......... .......... .......... .......... 84% 16.6M 0s
 59400K .......... .......... .......... .......... .......... 84%  104M 0s
 59450K .......... .......... .......... .......... .......... 84% 24.7M 0s
 59500K .......... .......... .......... .......... .......... 84% 16.5M 0s
 59550K .......... .......... .......... .......... .......... 84%  102M 0s
 59600K .......... .......... .......... .......... .......... 84% 19.6M 0s
 59650K .......... .......... .......... .......... .......... 84%  102M 0s
 59700K .......... .......... .......... .......... .......... 84% 16.6M 0s
 59750K .......... .......... .......... .......... .......... 84%  590K 0s
 59800K .......... .......... .......... .......... .......... 84% 82.9M 0s
 59850K .......... .......... .......... .......... .......... 84% 18.3M 0s
 59900K .......... .......... .......... .......... .......... 85% 57.2M 0s
 59950K .......... .......... .......... .......... .......... 85% 16.2M 0s
 60000K .......... .......... .......... .......... .......... 85%  105M 0s
 60050K .......... .......... .......... .......... .......... 85% 18.9M 0s
 60100K .......... .......... .......... .......... .......... 85% 26.9M 0s
 60150K .......... .......... .......... .......... .......... 85% 71.7M 0s
 60200K .......... .......... .......... .......... .......... 85% 10.8M 0s
 60250K .......... .......... .......... .......... .......... 85% 97.3M 0s
 60300K .......... .......... .......... .......... .......... 85% 18.4M 0s
 60350K .......... .......... .......... .......... .......... 85% 25.6M 0s
 60400K .......... .......... .......... .......... .......... 85%  115M 0s
 60450K .......... .......... .......... .......... .......... 85%  117M 0s
 60500K .......... .......... .......... .......... .......... 85% 19.8M 0s
 60550K .......... .......... .......... .......... .......... 85% 35.1M 0s
 60600K .......... .......... .......... .......... .......... 86% 19.4M 0s
 60650K .......... .......... .......... .......... .......... 86% 18.0M 0s
 60700K .......... .......... .......... .......... .......... 86%  103M 0s
 60750K .......... .......... .......... .......... .......... 86% 20.0M 0s
 60800K .......... .......... .......... .......... .......... 86% 3.74M 0s
 60850K .......... .......... .......... .......... .......... 86% 21.0M 0s
 60900K .......... .......... .......... .......... .......... 86%  101M 0s
 60950K .......... .......... .......... .......... .......... 86% 18.4M 0s
 61000K .......... .......... .......... .......... .......... 86% 26.4M 0s
 61050K .......... .......... .......... .......... .......... 86% 17.5M 0s
 61100K .......... .......... .......... .......... .......... 86% 42.4M 0s
 61150K .......... .......... .......... .......... .......... 86%  102M 0s
 61200K .......... .......... .......... .......... .......... 86% 23.9M 0s
 61250K .......... .......... .......... .......... .......... 86% 25.9M 0s
 61300K .......... .......... .......... .......... .......... 87%  114M 0s
 61350K .......... .......... .......... .......... .......... 87% 18.9M 0s
 61400K .......... .......... .......... .......... .......... 87%  102M 0s
 61450K .......... .......... .......... .......... .......... 87% 9.92M 0s
 61500K .......... .......... .......... .......... .......... 87% 16.9M 0s
 61550K .......... .......... .......... .......... .......... 87% 75.0M 0s
 61600K .......... .......... .......... .......... .......... 87%  142M 0s
 61650K .......... .......... .......... .......... .......... 87% 15.4M 0s
 61700K .......... .......... .......... .......... .......... 87% 37.5M 0s
 61750K .......... .......... .......... .......... .......... 87% 16.0M 0s
 61800K .......... .......... .......... .......... .......... 87% 12.9M 0s
 61850K .......... .......... .......... .......... .......... 87%  109M 0s
 61900K .......... .......... .......... .......... .......... 87% 29.6M 0s
 61950K .......... .......... .......... .......... .......... 87% 9.50M 0s
 62000K .......... .......... .......... .......... .......... 88% 13.4M 0s
 62050K .......... .......... .......... .......... .......... 88% 12.6M 0s
 62100K .......... .......... .......... .......... .......... 88% 1.55M 0s
 62150K .......... .......... .......... .......... .......... 88% 45.2M 0s
 62200K .......... .......... .......... .......... .......... 88%  103M 0s
 62250K .......... .......... .......... .......... .......... 88% 71.6M 0s
 62300K .......... .......... .......... .......... .......... 88%  103M 0s
 62350K .......... .......... .......... .......... .......... 88% 34.8M 0s
 62400K .......... .......... .......... .......... .......... 88% 18.5M 0s
 62450K .......... .......... .......... .......... .......... 88% 22.5M 0s
 62500K .......... .......... .......... .......... .......... 88%  108M 0s
 62550K .......... .......... .......... .......... .......... 88% 16.2M 0s
 62600K .......... .......... .......... .......... .......... 88% 12.1M 0s
 62650K .......... .......... .......... .......... .......... 88% 95.7M 0s
 62700K .......... .......... .......... .......... .......... 89% 89.8M 0s
 62750K .......... .......... .......... .......... .......... 89% 82.4M 0s
 62800K .......... .......... .......... .......... .......... 89%  138M 0s
 62850K .......... .......... .......... .......... .......... 89% 45.8M 0s
 62900K .......... .......... .......... .......... .......... 89% 19.7M 0s
 62950K .......... .......... .......... .......... .......... 89%  847K 0s
 63000K .......... .......... .......... .......... .......... 89%  115M 0s
 63050K .......... .......... .......... .......... .......... 89% 8.49M 0s
 63100K .......... .......... .......... .......... .......... 89% 17.9M 0s
 63150K .......... .......... .......... .......... .......... 89% 16.1M 0s
 63200K .......... .......... .......... .......... .......... 89% 68.4M 0s
 63250K .......... .......... .......... .......... .......... 89% 83.6M 0s
 63300K .......... .......... .......... .......... .......... 89% 33.7M 0s
 63350K .......... .......... .......... .......... .......... 89% 13.2M 0s
 63400K .......... .......... .......... .......... .......... 90% 18.6M 0s
 63450K .......... .......... .......... .......... .......... 90%  103M 0s
 63500K .......... .......... .......... .......... .......... 90% 33.9M 0s
 63550K .......... .......... .......... .......... .......... 90% 57.5M 0s
 63600K .......... .......... .......... .......... .......... 90% 11.9M 0s
 63650K .......... .......... .......... .......... .......... 90%  106M 0s
 63700K .......... .......... .......... .......... .......... 90%  139M 0s
 63750K .......... .......... .......... .......... .......... 90% 88.9M 0s
 63800K .......... .......... .......... .......... .......... 90% 76.3M 0s
 63850K .......... .......... .......... .......... .......... 90% 95.2M 0s
 63900K .......... .......... .......... .......... .......... 90%  118M 0s
 63950K .......... .......... .......... .......... .......... 90%  118M 0s
 64000K .......... .......... .......... .......... .......... 90%  109M 0s
 64050K .......... .......... .......... .......... .......... 90% 66.0M 0s
 64100K .......... .......... .......... .......... .......... 91%  116M 0s
 64150K .......... .......... .......... .......... .......... 91% 39.5M 0s
 64200K .......... .......... .......... .......... .......... 91%  118M 0s
 64250K .......... .......... .......... .......... .......... 91%  144M 0s
 64300K .......... .......... .......... .......... .......... 91% 98.9M 0s
 64350K .......... .......... .......... .......... .......... 91%  107M 0s
 64400K .......... .......... .......... .......... .......... 91%  107M 0s
 64450K .......... .......... .......... .......... .......... 91% 62.2M 0s
 64500K .......... .......... .......... .......... .......... 91%  113M 0s
 64550K .......... .......... .......... .......... .......... 91% 92.2M 0s
 64600K .......... .......... .......... .......... .......... 91% 98.5M 0s
 64650K .......... .......... .......... .......... .......... 91% 59.6M 0s
 64700K .......... .......... .......... .......... .......... 91% 69.1M 0s
 64750K .......... .......... .......... .......... .......... 91% 15.4M 0s
 64800K .......... .......... .......... .......... .......... 91%  112M 0s
 64850K .......... .......... .......... .......... .......... 92% 29.0M 0s
 64900K .......... .......... .......... .......... .......... 92% 73.9M 0s
 64950K .......... .......... .......... .......... .......... 92% 17.1M 0s
 65000K .......... .......... .......... .......... .......... 92% 20.9M 0s
 65050K .......... .......... .......... .......... .......... 92%  119M 0s
 65100K .......... .......... .......... .......... .......... 92% 19.2M 0s
 65150K .......... .......... .......... .......... .......... 92% 14.4M 0s
 65200K .......... .......... .......... .......... .......... 92% 12.7M 0s
 65250K .......... .......... .......... .......... .......... 92%  114M 0s
 65300K .......... .......... .......... .......... .......... 92%  212K 0s
 65350K .......... .......... .......... .......... .......... 92%  839K 0s
 65400K .......... .......... .......... .......... .......... 92% 3.28M 0s
 65450K .......... .......... .......... .......... .......... 92% 2.83M 0s
 65500K .......... .......... .......... .......... .......... 92% 94.2M 0s
 65550K .......... .......... .......... .......... .......... 93% 11.6M 0s
 65600K .......... .......... .......... .......... .......... 93% 13.2M 0s
 65650K .......... .......... .......... .......... .......... 93% 13.2M 0s
 65700K .......... .......... .......... .......... .......... 93% 93.9M 0s
 65750K .......... .......... .......... .......... .......... 93% 19.8M 0s
 65800K .......... .......... .......... .......... .......... 93% 13.8M 0s
 65850K .......... .......... .......... .......... .......... 93% 28.1M 0s
 65900K .......... .......... .......... .......... .......... 93% 4.02M 0s
 65950K .......... .......... .......... .......... .......... 93% 87.5M 0s
 66000K .......... .......... .......... .......... .......... 93% 30.2M 0s
 66050K .......... .......... .......... .......... .......... 93% 30.1M 0s
 66100K .......... .......... .......... .......... .......... 93% 12.4M 0s
 66150K .......... .......... .......... .......... .......... 93% 36.2M 0s
 66200K .......... .......... .......... .......... .......... 93% 86.0M 0s
 66250K .......... .......... .......... .......... .......... 94% 16.6M 0s
 66300K .......... .......... .......... .......... .......... 94% 7.64M 0s
 66350K .......... .......... .......... .......... .......... 94% 1.03M 0s
 66400K .......... .......... .......... .......... .......... 94%  109M 0s
 66450K .......... .......... .......... .......... .......... 94% 13.1M 0s
 66500K .......... .......... .......... .......... .......... 94% 14.5M 0s
 66550K .......... .......... .......... .......... .......... 94% 56.2M 0s
 66600K .......... .......... .......... .......... .......... 94% 14.4M 0s
 66650K .......... .......... .......... .......... .......... 94% 75.1M 0s
 66700K .......... .......... .......... .......... .......... 94% 3.17M 0s
 66750K .......... .......... .......... .......... .......... 94% 15.7M 0s
 66800K .......... .......... .......... .......... .......... 94% 13.8M 0s
 66850K .......... .......... .......... .......... .......... 94%  109M 0s
 66900K .......... .......... .......... .......... .......... 94%  116M 0s
 66950K .......... .......... .......... .......... .......... 95% 91.7M 0s
 67000K .......... .......... .......... .......... .......... 95% 1.26M 0s
 67050K .......... .......... .......... .......... .......... 95% 82.6M 0s
 67100K .......... .......... .......... .......... .......... 95%  119M 0s
 67150K .......... .......... .......... .......... .......... 95%  116M 0s
 67200K .......... .......... .......... .......... .......... 95% 13.5M 0s
 67250K .......... .......... .......... .......... .......... 95%  113M 0s
 67300K .......... .......... .......... .......... .......... 95% 7.34M 0s
 67350K .......... .......... .......... .......... .......... 95% 94.3M 0s
 67400K .......... .......... .......... .......... .......... 95%  132M 0s
 67450K .......... .......... .......... .......... .......... 95%  969K 0s
 67500K .......... .......... .......... .......... .......... 95% 99.9M 0s
 67550K .......... .......... .......... .......... .......... 95%  123M 0s
 67600K .......... .......... .......... .......... .......... 95% 11.2M 0s
 67650K .......... .......... .......... .......... .......... 96% 21.8M 0s
 67700K .......... .......... .......... .......... .......... 96% 15.0M 0s
 67750K .......... .......... .......... .......... .......... 96% 48.1M 0s
 67800K .......... .......... .......... .......... .......... 96%  105M 0s
 67850K .......... .......... .......... .......... .......... 96% 1.14M 0s
 67900K .......... .......... .......... .......... .......... 96% 22.4M 0s
 67950K .......... .......... .......... .......... .......... 96% 12.1M 0s
 68000K .......... .......... .......... .......... .......... 96% 88.8M 0s
 68050K .......... .......... .......... .......... .......... 96% 14.6M 0s
 68100K .......... .......... .......... .......... .......... 96% 9.81M 0s
 68150K .......... .......... .......... .......... .......... 96% 88.0M 0s
 68200K .......... .......... .......... .......... .......... 96% 38.6M 0s
 68250K .......... .......... .......... .......... .......... 96% 87.8M 0s
 68300K .......... .......... .......... .......... .......... 96% 78.8M 0s
 68350K .......... .......... .......... .......... .......... 97%  490K 0s
 68400K .......... .......... .......... .......... .......... 97% 5.82M 0s
 68450K .......... .......... .......... .......... .......... 97% 70.5M 0s
 68500K .......... .......... .......... .......... .......... 97%  101M 0s
 68550K .......... .......... .......... .......... .......... 97%  135M 0s
 68600K .......... .......... .......... .......... .......... 97% 14.7M 0s
 68650K .......... .......... .......... .......... .......... 97% 18.7M 0s
 68700K .......... .......... .......... .......... .......... 97% 78.0M 0s
 68750K .......... .......... .......... .......... .......... 97%  123M 0s
 68800K .......... .......... .......... .......... .......... 97% 15.6M 0s
 68850K .......... .......... .......... .......... .......... 97% 24.3M 0s
 68900K .......... .......... .......... .......... .......... 97% 15.0M 0s
 68950K .......... .......... .......... .......... .......... 97% 95.1M 0s
 69000K .......... .......... .......... .......... .......... 97% 14.1M 0s
 69050K .......... .......... .......... .......... .......... 98% 4.05M 0s
 69100K .......... .......... .......... .......... .......... 98% 15.9M 0s
 69150K .......... .......... .......... .......... .......... 98% 97.1M 0s
 69200K .......... .......... .......... .......... .......... 98%  104M 0s
 69250K .......... .......... .......... .......... .......... 98% 92.8M 0s
 69300K .......... .......... .......... .......... .......... 98% 9.40M 0s
 69350K .......... .......... .......... .......... .......... 98% 10.6M 0s
 69400K .......... .......... .......... .......... .......... 98% 89.0M 0s
 69450K .......... .......... .......... .......... .......... 98%  101M 0s
 69500K .......... .......... .......... .......... .......... 98%  123M 0s
 69550K .......... .......... .......... .......... .......... 98% 9.82M 0s
 69600K .......... .......... .......... .......... .......... 98%  113M 0s
 69650K .......... .......... .......... .......... .......... 98% 15.1M 0s
 69700K .......... .......... .......... .......... .......... 98% 13.4M 0s
 69750K .......... .......... .......... .......... .......... 99% 5.92M 0s
 69800K .......... .......... .......... .......... .......... 99%  103M 0s
 69850K .......... .......... .......... .......... .......... 99% 87.3M 0s
 69900K .......... .......... .......... .......... .......... 99% 91.7M 0s
 69950K .......... .......... .......... .......... .......... 99%  109M 0s
 70000K .......... .......... .......... .......... .......... 99% 28.3M 0s
 70050K .......... .......... .......... .......... .......... 99% 18.4M 0s
 70100K .......... .......... .......... .......... .......... 99% 88.0M 0s
 70150K .......... .......... .......... .......... .......... 99%  103M 0s
 70200K .......... .......... .......... .......... .......... 99% 20.0M 0s
 70250K .......... .......... .......... .......... .......... 99% 3.22M 0s
 70300K .......... .......... .......... .......... .......... 99%  104M 0s
 70350K .......... .......... .......... .......... .......... 99% 9.82M 0s
 70400K .......... .......... .......... .......... .......... 99% 20.7M 0s
 70450K .......... .......... .......... .......... ....      100% 9.66M=3.9s

2020-11-15 20:42:18 (17.8 MB/s) - â€˜/tmp/firefox-latest.tar.bz2â€™ saved [72186219/72186219]


travis_time:end:39d1e828:start=1605472934074705496,finish=1605472938226890774,duration=4152185278[0K$ export PATH=$HOME/firefox-latest/firefox:$PATH
travis_fold:end:install_firefox[0Ktravis_time:start:080fbbc0[0K$ source ~/virtualenv/python3.6/bin/activate

travis_time:end:080fbbc0:start=1605472948659220422,finish=1605472948676869416,duration=17648994[0Ktravis_fold:start:cache.1[0KSetting up build cache
$ export CASHER_DIR=$HOME/.casher
travis_time:start:13c8c51f[0K$ Installing caching utilities

travis_time:end:13c8c51f:start=1605472949360899493,finish=1605472949440417896,duration=79518403[0Ktravis_time:start:0dab98c1[0K
travis_time:end:0dab98c1:start=1605472949455992619,finish=1605472949465871824,duration=9879205[0Ktravis_time:start:0162e6bc[0K/home/travis/.casher/bin/casher:213:in `cache_archive_name': undefined method `[]' for nil:NilClass (NoMethodError)
	from /home/travis/.casher/bin/casher:65:in `block in fetch'
	from /home/travis/.casher/bin/casher:64:in `each'
	from /home/travis/.casher/bin/casher:64:in `fetch'
	from /home/travis/.casher/bin/casher:53:in `block in run'
	from /home/travis/.rvm/rubies/ruby-2.2.7/lib/ruby/2.2.0/timeout.rb:88:in `block in timeout'
	from /home/travis/.rvm/rubies/ruby-2.2.7/lib/ruby/2.2.0/timeout.rb:32:in `block in catch'
	from /home/travis/.rvm/rubies/ruby-2.2.7/lib/ruby/2.2.0/timeout.rb:32:in `catch'
	from /home/travis/.rvm/rubies/ruby-2.2.7/lib/ruby/2.2.0/timeout.rb:32:in `catch'
	from /home/travis/.rvm/rubies/ruby-2.2.7/lib/ruby/2.2.0/timeout.rb:103:in `timeout'
	from /home/travis/.casher/bin/casher:53:in `run'
	from /home/travis/.casher/bin/casher:263:in `<main>'
[32;1mattempting to download cache archive[0m

travis_time:end:0162e6bc:start=1605472949477367040,finish=1605472950384785077,duration=907418037[0Ktravis_time:start:2d6f899d[0K
travis_time:end:2d6f899d:start=1605472950398180154,finish=1605472950409482998,duration=11302844[0Ktravis_time:start:0bb72d46[0K[32;1madding /home/travis/.cache/pip to cache[0m

travis_time:end:0bb72d46:start=1605472950423686904,finish=1605472951343180292,duration=919493388[0Ktravis_fold:end:cache.1[0Ktravis_fold:start:cache.pip[0K
travis_time:start:21d23d69[0K
travis_time:end:21d23d69:start=1605472951355923945,finish=1605472951368350668,duration=12426723[0Ktravis_time:start:06054380[0K[32;1madding /home/travis/.cache/pip to cache[0m

travis_time:end:06054380:start=1605472951381048108,finish=1605472952302428002,duration=921379894[0Ktravis_fold:end:cache.pip[0K$ python --version
Python 3.6.3
$ pip --version
pip 9.0.1 from /home/travis/virtualenv/python3.6.3/lib/python3.6/site-packages (python 3.6)
travis_fold:start:before_install.1[0Ktravis_time:start:1e8db004[0K$ export DISPLAY=:99.0

travis_time:end:1e8db004:start=1605472952799590629,finish=1605472952812114580,duration=12523951[0Ktravis_fold:end:before_install.1[0Ktravis_fold:start:before_install.2[0Ktravis_time:start:0722d098[0K$ sh -e /etc/init.d/xvfb start
Starting virtual X frame buffer: Xvfb.

travis_time:end:0722d098:start=1605472952826067028,finish=1605472952840602670,duration=14535642[0Ktravis_fold:end:before_install.2[0Ktravis_fold:start:install.1[0Ktravis_time:start:1be96f40[0K$ ./manage.sh install_geckodriver ~/drivers
[!] Checking geckodriver
Installing /home/travis/drivers/geckodriver from
  https://github.com/mozilla/geckodriver/releases/download/v0.19.1/geckodriver-v0.19.1-linux64.tar.gz
travis_time:end:1be96f40:start=1605472952854783800,finish=1605472959438993363,duration=6584209563[0Ktravis_fold:end:install.1[0Ktravis_fold:start:install.2[0Ktravis_time:start:053541a5[0K$ export PATH=~/drivers:$PATH

travis_time:end:053541a5:start=1605472959452734178,finish=1605472959463842825,duration=11108647[0Ktravis_fold:end:install.2[0Ktravis_fold:start:install.3[0Ktravis_time:start:1fa4d1f0[0K$ ./manage.sh npm_packages
[!] install NPM packages
npm WARN notice [SECURITY] set-value has the following vulnerability: 1 high. Go here for more details: https://www.npmjs.com/advisories?search=set-value&version=2.0.1 - Run `npm i npm@latest -g` to upgrade your npm version, and then `npm audit` to get more info.
npm WARN deprecated resolve-url@0.2.1: https://github.com/lydell/resolve-url#deprecated
npm WARN deprecated urix@0.1.0: Please see https://github.com/lydell/urix#deprecated
npm WARN deprecated request@2.81.0: request has been deprecated, see https://github.com/request/request/issues/3142
npm WARN deprecated hawk@3.1.3: This module moved to @hapi/hawk. Please make sure to switch over as this distribution is no longer supported and may contain bugs and critical security issues.
npm WARN deprecated har-validator@4.2.1: this library is no longer supported
npm WARN deprecated boom@2.10.1: This version has been deprecated in accordance with the hapi support policy (hapi.im/support). Please upgrade to the latest version to get the best features, bug fixes, and security patches. If you are unable to upgrade at this time, paid support is available for older versions (hapi.im/commercial).
npm WARN notice [SECURITY] cryptiles has the following vulnerability: 1 high. Go here for more details: https://www.npmjs.com/advisories?search=cryptiles&version=2.0.5 - Run `npm i npm@latest -g` to upgrade your npm version, and then `npm audit` to get more info.
npm WARN deprecated sntp@1.0.9: This module moved to @hapi/sntp. Please make sure to switch over as this distribution is no longer supported and may contain bugs and critical security issues.
npm WARN deprecated cryptiles@2.0.5: This version has been deprecated in accordance with the hapi support policy (hapi.im/support). Please upgrade to the latest version to get the best features, bug fixes, and security patches. If you are unable to upgrade at this time, paid support is available for older versions (hapi.im/commercial).
npm WARN notice [SECURITY] hoek has the following vulnerability: 1 moderate. Go here for more details: https://www.npmjs.com/advisories?search=hoek&version=2.16.3 - Run `npm i npm@latest -g` to upgrade your npm version, and then `npm audit` to get more info.
npm WARN deprecated hoek@2.16.3: This version has been deprecated in accordance with the hapi support policy (hapi.im/support). Please upgrade to the latest version to get the best features, bug fixes, and security patches. If you are unable to upgrade at this time, paid support is available for older versions (hapi.im/commercial).
npm WARN notice [SECURITY] clean-css has the following vulnerability: 1 low. Go here for more details: https://www.npmjs.com/advisories?search=clean-css&version=3.4.28 - Run `npm i npm@latest -g` to upgrade your npm version, and then `npm audit` to get more info.
npm WARN saveError ENOENT: no such file or directory, open '/home/travis/build/passed/asciimoo/searx/package.json'
npm notice created a lockfile as package-lock.json. You should commit this file.
npm WARN enoent ENOENT: no such file or directory, open '/home/travis/build/passed/asciimoo/searx/package.json'
npm WARN searx No description
npm WARN searx No repository field.
npm WARN searx No README data
npm WARN searx No license field.

+ less-plugin-clean-css@1.5.1
+ less@2.7.3
+ grunt-cli@1.3.2
added 224 packages in 9.45s
[!] install NPM packages for oscar theme
npm WARN notice [SECURITY] lodash has the following vulnerabilities: 3 high, 2 low. Go here for more details: https://www.npmjs.com/advisories?search=lodash&version=2.4.2 - Run `npm i npm@latest -g` to upgrade your npm version, and then `npm audit` to get more info.
npm WARN deprecated coffee-script@1.3.3: CoffeeScript on NPM has moved to "coffeescript" (no hyphen)
npm WARN notice [SECURITY] lodash has the following vulnerabilities: 3 high, 2 low. Go here for more details: https://www.npmjs.com/advisories?search=lodash&version=0.9.2 - Run `npm i npm@latest -g` to upgrade your npm version, and then `npm audit` to get more info.
npm WARN notice [SECURITY] underscore.string has the following vulnerability: 1 moderate. Go here for more details: https://www.npmjs.com/advisories?search=underscore.string&version=2.2.1 - Run `npm i npm@latest -g` to upgrade your npm version, and then `npm audit` to get more info.
npm WARN notice [SECURITY] minimatch has the following vulnerability: 1 high. Go here for more details: https://www.npmjs.com/advisories?search=minimatch&version=0.2.14 - Run `npm i npm@latest -g` to upgrade your npm version, and then `npm audit` to get more info.
npm WARN notice [SECURITY] js-yaml has the following vulnerabilities: 1 high, 1 moderate. Go here for more details: https://www.npmjs.com/advisories?search=js-yaml&version=2.0.5 - Run `npm i npm@latest -g` to upgrade your npm version, and then `npm audit` to get more info.
npm WARN deprecated minimatch@0.2.14: Please update to minimatch 3.0.2 or higher to avoid a RegExp DoS issue
npm WARN notice [SECURITY] mime has the following vulnerability: 1 moderate. Go here for more details: https://www.npmjs.com/advisories?search=mime&version=1.2.11 - Run `npm i npm@latest -g` to upgrade your npm version, and then `npm audit` to get more info.
npm WARN notice [SECURITY] clean-css has the following vulnerability: 1 low. Go here for more details: https://www.npmjs.com/advisories?search=clean-css&version=2.2.23 - Run `npm i npm@latest -g` to upgrade your npm version, and then `npm audit` to get more info.
npm WARN notice [SECURITY] request has the following vulnerability: 1 moderate. Go here for more details: https://www.npmjs.com/advisories?search=request&version=2.40.0 - Run `npm i npm@latest -g` to upgrade your npm version, and then `npm audit` to get more info.
npm WARN deprecated request@2.40.0: request has been deprecated, see https://github.com/request/request/issues/3142
npm WARN notice [SECURITY] qs has the following vulnerabilities: 3 high. Go here for more details: https://www.npmjs.com/advisories?search=qs&version=0.5.6 - Run `npm i npm@latest -g` to upgrade your npm version, and then `npm audit` to get more info.
npm WARN notice [SECURITY] debug has the following vulnerability: 1 low. Go here for more details: https://www.npmjs.com/advisories?search=debug&version=0.7.4 - Run `npm i npm@latest -g` to upgrade your npm version, and then `npm audit` to get more info.
npm WARN deprecated graceful-fs@1.2.3: please upgrade to graceful-fs 4 for compatibility with current and future versions of Node.js
npm WARN notice [SECURITY] minimatch has the following vulnerability: 1 high. Go here for more details: https://www.npmjs.com/advisories?search=minimatch&version=1.0.0 - Run `npm i npm@latest -g` to upgrade your npm version, and then `npm audit` to get more info.
npm WARN notice [SECURITY] cli has the following vulnerability: 1 low. Go here for more details: https://www.npmjs.com/advisories?search=cli&version=0.6.6 - Run `npm i npm@latest -g` to upgrade your npm version, and then `npm audit` to get more info.
npm WARN deprecated minimatch@1.0.0: Please update to minimatch 3.0.2 or higher to avoid a RegExp DoS issue
npm WARN deprecated natives@1.1.6: This module relies on Node.js's internals and will break at some point. Do not use it, and update to graceful-fs@4.x.
npm WARN notice [SECURITY] qs has the following vulnerability: 1 high. Go here for more details: https://www.npmjs.com/advisories?search=qs&version=1.0.2 - Run `npm i npm@latest -g` to upgrade your npm version, and then `npm audit` to get more info.
npm WARN notice [SECURITY] lodash has the following vulnerabilities: 3 high, 2 low. Go here for more details: https://www.npmjs.com/advisories?search=lodash&version=1.0.2 - Run `npm i npm@latest -g` to upgrade your npm version, and then `npm audit` to get more info.
npm WARN notice [SECURITY] tunnel-agent has the following vulnerability: 1 moderate. Go here for more details: https://www.npmjs.com/advisories?search=tunnel-agent&version=0.4.3 - Run `npm i npm@latest -g` to upgrade your npm version, and then `npm audit` to get more info.
npm WARN deprecated node-uuid@1.4.8: Use uuid module instead
npm WARN notice [SECURITY] hawk has the following vulnerability: 1 moderate. Go here for more details: https://www.npmjs.com/advisories?search=hawk&version=1.1.1 - Run `npm i npm@latest -g` to upgrade your npm version, and then `npm audit` to get more info.
npm WARN notice [SECURITY] minimatch has the following vulnerability: 1 high. Go here for more details: https://www.npmjs.com/advisories?search=minimatch&version=0.3.0 - Run `npm i npm@latest -g` to upgrade your npm version, and then `npm audit` to get more info.
npm WARN deprecated hawk@1.1.1: This module moved to @hapi/hawk. Please make sure to switch over as this distribution is no longer supported and may contain bugs and critical security issues.
npm WARN deprecated minimatch@0.3.0: Please update to minimatch 3.0.2 or higher to avoid a RegExp DoS issue
npm WARN notice [SECURITY] hoek has the following vulnerability: 1 moderate. Go here for more details: https://www.npmjs.com/advisories?search=hoek&version=0.9.1 - Run `npm i npm@latest -g` to upgrade your npm version, and then `npm audit` to get more info.
npm WARN deprecated hoek@0.9.1: This version has been deprecated in accordance with the hapi support policy (hapi.im/support). Please upgrade to the latest version to get the best features, bug fixes, and security patches. If you are unable to upgrade at this time, paid support is available for older versions (hapi.im/commercial).
npm WARN notice [SECURITY] cryptiles has the following vulnerability: 1 high. Go here for more details: https://www.npmjs.com/advisories?search=cryptiles&version=0.2.2 - Run `npm i npm@latest -g` to upgrade your npm version, and then `npm audit` to get more info.
npm WARN deprecated sntp@0.2.4: This module moved to @hapi/sntp. Please make sure to switch over as this distribution is no longer supported and may contain bugs and critical security issues.
npm WARN deprecated cryptiles@0.2.2: This version has been deprecated in accordance with the hapi support policy (hapi.im/support). Please upgrade to the latest version to get the best features, bug fixes, and security patches. If you are unable to upgrade at this time, paid support is available for older versions (hapi.im/commercial).
npm WARN deprecated boom@0.4.2: This version has been deprecated in accordance with the hapi support policy (hapi.im/support). Please upgrade to the latest version to get the best features, bug fixes, and security patches. If you are unable to upgrade at this time, paid support is available for older versions (hapi.im/commercial).
npm notice created a lockfile as package-lock.json. You should commit this file.
npm WARN oscar No repository field.
npm WARN oscar No license field.

added 221 packages in 6.43s
[!] install NPM packages for simple theme
npm WARN notice [SECURITY] lodash has the following vulnerability: 1 high. Go here for more details: https://www.npmjs.com/advisories?search=lodash&version=4.17.20 - Run `npm i npm@latest -g` to upgrade your npm version, and then `npm audit` to get more info.
npm WARN notice [SECURITY] js-yaml has the following vulnerabilities: 1 high, 1 moderate. Go here for more details: https://www.npmjs.com/advisories?search=js-yaml&version=3.6.1 - Run `npm i npm@latest -g` to upgrade your npm version, and then `npm audit` to get more info.
npm WARN notice [SECURITY] lodash has the following vulnerabilities: 3 high, 2 low. Go here for more details: https://www.npmjs.com/advisories?search=lodash&version=3.10.1 - Run `npm i npm@latest -g` to upgrade your npm version, and then `npm audit` to get more info.
npm WARN notice [SECURITY] debug has the following vulnerability: 1 low. Go here for more details: https://www.npmjs.com/advisories?search=debug&version=2.2.0 - Run `npm i npm@latest -g` to upgrade your npm version, and then `npm audit` to get more info.
npm WARN notice [SECURITY] qs has the following vulnerability: 1 high. Go here for more details: https://www.npmjs.com/advisories?search=qs&version=5.1.0 - Run `npm i npm@latest -g` to upgrade your npm version, and then `npm audit` to get more info.
npm WARN deprecated request@2.81.0: request has been deprecated, see https://github.com/request/request/issues/3142
npm WARN notice [SECURITY] qs has the following vulnerability: 1 high. Go here for more details: https://www.npmjs.com/advisories?search=qs&version=5.2.0 - Run `npm i npm@latest -g` to upgrade your npm version, and then `npm audit` to get more info.
npm WARN deprecated request@2.88.2: request has been deprecated, see https://github.com/request/request/issues/3142
npm WARN deprecated hawk@3.1.3: This module moved to @hapi/hawk. Please make sure to switch over as this distribution is no longer supported and may contain bugs and critical security issues.
npm WARN deprecated har-validator@4.2.1: this library is no longer supported
npm WARN deprecated har-validator@5.1.5: this library is no longer supported
npm WARN deprecated boom@2.10.1: This version has been deprecated in accordance with the hapi support policy (hapi.im/support). Please upgrade to the latest version to get the best features, bug fixes, and security patches. If you are unable to upgrade at this time, paid support is available for older versions (hapi.im/commercial).
npm WARN deprecated hoek@2.16.3: This version has been deprecated in accordance with the hapi support policy (hapi.im/support). Please upgrade to the latest version to get the best features, bug fixes, and security patches. If you are unable to upgrade at this time, paid support is available for older versions (hapi.im/commercial).
npm WARN deprecated cryptiles@2.0.5: This version has been deprecated in accordance with the hapi support policy (hapi.im/support). Please upgrade to the latest version to get the best features, bug fixes, and security patches. If you are unable to upgrade at this time, paid support is available for older versions (hapi.im/commercial).
npm WARN deprecated sntp@1.0.9: This module moved to @hapi/sntp. Please make sure to switch over as this distribution is no longer supported and may contain bugs and critical security issues.

> ttf2woff2@2.0.3 install /home/travis/build/passed/asciimoo/searx/searx/static/themes/simple/node_modules/ttf2woff2
> (node-gyp rebuild > builderror.log) || (exit 0)

npm notice created a lockfile as package-lock.json. You should commit this file.
npm WARN simple No description
npm WARN simple No repository field.
npm WARN simple No license field.

added 366 packages in 26.787s

travis_time:end:1fa4d1f0:start=1605472959475514514,finish=1605473003896108236,duration=44420593722[0Ktravis_fold:end:install.3[0Ktravis_fold:start:install.4[0Ktravis_time:start:0c84ea17[0K$ ./manage.sh update_dev_packages
Collecting pip
  Downloading https://files.pythonhosted.org/packages/cb/28/91f26bd088ce8e22169032100d4260614fc3da435025ff389ef1d396a433/pip-20.2.4-py2.py3-none-any.whl (1.5MB)
Installing collected packages: pip
  Found existing installation: pip 9.0.1
    Uninstalling pip-9.0.1:
      Successfully uninstalled pip-9.0.1
Successfully installed pip-20.2.4
Collecting setuptools
  Downloading setuptools-50.3.2-py3-none-any.whl (785 kB)
Installing collected packages: setuptools
  Attempting uninstall: setuptools
    Found existing installation: setuptools 38.2.4
    Uninstalling setuptools-38.2.4:
      Successfully uninstalled setuptools-38.2.4
Successfully installed setuptools-50.3.2
Collecting certifi==2017.11.5
  Downloading certifi-2017.11.5-py2.py3-none-any.whl (330 kB)
Collecting flask==0.12.2
  Downloading Flask-0.12.2-py2.py3-none-any.whl (83 kB)
Collecting flask-babel==0.11.2
  Downloading Flask_Babel-0.11.2-py2.py3-none-any.whl (9.3 kB)
Collecting lxml==4.1.1
  Downloading lxml-4.1.1-cp36-cp36m-manylinux1_x86_64.whl (5.6 MB)
Collecting idna==2.5
  Downloading idna-2.5-py2.py3-none-any.whl (55 kB)
Collecting pygments==2.1.3
  Downloading Pygments-2.1.3-py2.py3-none-any.whl (755 kB)
Collecting pyopenssl==17.4.0
  Downloading pyOpenSSL-17.4.0-py2.py3-none-any.whl (52 kB)
Collecting python-dateutil==2.6.1
  Downloading python_dateutil-2.6.1-py2.py3-none-any.whl (194 kB)
Collecting pyyaml==3.12
  Downloading PyYAML-3.12.tar.gz (253 kB)
Collecting requests[socks]==2.18.4
  Downloading requests-2.18.4-py2.py3-none-any.whl (88 kB)
Collecting click>=2.0
  Downloading click-7.1.2-py2.py3-none-any.whl (82 kB)
Collecting itsdangerous>=0.21
  Downloading itsdangerous-1.1.0-py2.py3-none-any.whl (16 kB)
Collecting Werkzeug>=0.7
  Downloading Werkzeug-1.0.1-py2.py3-none-any.whl (298 kB)
Collecting Jinja2>=2.4
  Downloading Jinja2-2.11.2-py2.py3-none-any.whl (125 kB)
Collecting Babel>=2.3
  Downloading Babel-2.9.0-py2.py3-none-any.whl (8.8 MB)
Collecting cryptography>=1.9
  Downloading cryptography-3.2.1-cp35-abi3-manylinux2010_x86_64.whl (2.6 MB)
Requirement already satisfied: six>=1.5.2 in /home/travis/virtualenv/python3.6.3/lib/python3.6/site-packages (from pyopenssl==17.4.0->-r /home/travis/build/passed/asciimoo/searx/requirements.txt (line 7)) (1.11.0)
Collecting chardet<3.1.0,>=3.0.2
  Downloading chardet-3.0.4-py2.py3-none-any.whl (133 kB)
Collecting urllib3<1.23,>=1.21.1
  Downloading urllib3-1.22-py2.py3-none-any.whl (132 kB)
Collecting PySocks!=1.5.7,>=1.5.6; extra == "socks"
  Downloading PySocks-1.7.1-py3-none-any.whl (16 kB)
Collecting MarkupSafe>=0.23
  Downloading MarkupSafe-1.1.1-cp36-cp36m-manylinux1_x86_64.whl (27 kB)
Collecting pytz>=2015.7
  Downloading pytz-2020.4-py2.py3-none-any.whl (509 kB)
Collecting cffi!=1.11.3,>=1.8
  Downloading cffi-1.14.3-cp36-cp36m-manylinux1_x86_64.whl (400 kB)
Collecting pycparser
  Downloading pycparser-2.20-py2.py3-none-any.whl (112 kB)
Building wheels for collected packages: pyyaml
  Building wheel for pyyaml (setup.py): started
  Building wheel for pyyaml (setup.py): finished with status 'done'
  Created wheel for pyyaml: filename=PyYAML-3.12-cp36-cp36m-linux_x86_64.whl size=362332 sha256=36c59a28b6a5a9f58a86632cffefaa9f4e1ca0900e96b82191e5da1eea8a08c0
  Stored in directory: /home/travis/.cache/pip/wheels/40/06/c3/a48dc77c7d8f60b64eaf0fffd5ee5ab8abce5d13893b73109b
Successfully built pyyaml
Installing collected packages: certifi, click, itsdangerous, Werkzeug, MarkupSafe, Jinja2, flask, pytz, Babel, flask-babel, lxml, idna, pygments, pycparser, cffi, cryptography, pyopenssl, python-dateutil, pyyaml, chardet, urllib3, PySocks, requests
Successfully installed Babel-2.9.0 Jinja2-2.11.2 MarkupSafe-1.1.1 PySocks-1.7.1 Werkzeug-1.0.1 certifi-2017.11.5 cffi-1.14.3 chardet-3.0.4 click-7.1.2 cryptography-3.2.1 flask-0.12.2 flask-babel-0.11.2 idna-2.5 itsdangerous-1.1.0 lxml-4.1.1 pycparser-2.20 pygments-2.1.3 pyopenssl-17.4.0 python-dateutil-2.6.1 pytz-2020.4 pyyaml-3.12 requests-2.18.4 urllib3-1.22
Collecting babel==2.3.4
  Downloading Babel-2.3.4-py2.py3-none-any.whl (7.1 MB)
Requirement already satisfied: mock==2.0.0 in /home/travis/virtualenv/python3.6.3/lib/python3.6/site-packages (from -r /home/travis/build/passed/asciimoo/searx/requirements-dev.txt (line 2)) (2.0.0)
Collecting nose2[coverage-plugin]
  Downloading nose2-0.9.2-py2.py3-none-any.whl (137 kB)
  WARNING: nose2 0.9.2 does not provide the extra 'coverage-plugin'
Collecting cov-core==1.15.0
  Downloading cov-core-1.15.0.tar.gz (5.9 kB)
Collecting pep8==1.7.0
  Downloading pep8-1.7.0-py2.py3-none-any.whl (41 kB)
Collecting plone.testing==5.0.0
  Downloading plone.testing-5.0.0.tar.gz (148 kB)
Collecting splinter==0.7.5
  Downloading splinter-0.7.5.tar.gz (20 kB)
Collecting transifex-client==0.12.2
  Downloading transifex-client-0.12.2.tar.gz (177 kB)
Collecting unittest2==1.1.0
  Downloading unittest2-1.1.0-py2.py3-none-any.whl (96 kB)
Collecting zope.testrunner==4.5.1
  Downloading zope.testrunner-4.5.1.zip (268 kB)
Collecting selenium==3.5.0
  Downloading selenium-3.5.0-py2.py3-none-any.whl (921 kB)
Requirement already satisfied: pytz>=0a in /home/travis/virtualenv/python3.6.3/lib/python3.6/site-packages (from babel==2.3.4->-r /home/travis/build/passed/asciimoo/searx/requirements-dev.txt (line 1)) (2020.4)
Requirement already satisfied: six>=1.9 in /home/travis/virtualenv/python3.6.3/lib/python3.6/site-packages (from mock==2.0.0->-r /home/travis/build/passed/asciimoo/searx/requirements-dev.txt (line 2)) (1.11.0)
Requirement already satisfied: pbr>=0.11 in /home/travis/virtualenv/python3.6.3/lib/python3.6/site-packages (from mock==2.0.0->-r /home/travis/build/passed/asciimoo/searx/requirements-dev.txt (line 2)) (3.1.1)
Collecting coverage>=4.4.1
  Downloading coverage-5.3-cp36-cp36m-manylinux1_x86_64.whl (229 kB)
Requirement already satisfied: setuptools in /home/travis/virtualenv/python3.6.3/lib/python3.6/site-packages (from plone.testing==5.0.0->-r /home/travis/build/passed/asciimoo/searx/requirements-dev.txt (line 6)) (50.3.2)
Collecting zope.testing
  Downloading zope.testing-4.7-py2.py3-none-any.whl (64 kB)
Requirement already satisfied: urllib3 in /home/travis/virtualenv/python3.6.3/lib/python3.6/site-packages (from transifex-client==0.12.2->-r /home/travis/build/passed/asciimoo/searx/requirements-dev.txt (line 8)) (1.22)
Collecting argparse
  Downloading argparse-1.4.0-py2.py3-none-any.whl (23 kB)
Collecting traceback2
  Downloading traceback2-1.4.0-py2.py3-none-any.whl (16 kB)
Collecting zope.exceptions
  Downloading zope.exceptions-4.4-py2.py3-none-any.whl (18 kB)
Collecting zope.interface
  Downloading zope.interface-5.2.0-cp36-cp36m-manylinux2010_x86_64.whl (236 kB)
Collecting linecache2
  Downloading linecache2-1.0.0-py2.py3-none-any.whl (12 kB)
Building wheels for collected packages: cov-core, plone.testing, splinter, transifex-client, zope.testrunner
  Building wheel for cov-core (setup.py): started
  Building wheel for cov-core (setup.py): finished with status 'done'
  Created wheel for cov-core: filename=cov_core-1.15.0-py3-none-any.whl size=6235 sha256=404510099875de7c5d150d4e6714a88324e287724c3a22d98d734838e417dd89
  Stored in directory: /home/travis/.cache/pip/wheels/d8/d3/71/a31ed6ab6c8eb76dd85dc72fa5a7516c443eb59d79a1c97aec
  Building wheel for plone.testing (setup.py): started
  Building wheel for plone.testing (setup.py): finished with status 'done'
  Created wheel for plone.testing: filename=plone.testing-5.0.0-py3-none-any.whl size=152842 sha256=5ed2b3e157c1dba0ceabcb3777767ceee74c097338b8d84b20fdc7795ca603d6
  Stored in directory: /home/travis/.cache/pip/wheels/e3/33/bc/c2fb596f522f4c86aa805bd514ceeb272c8b8f9b080f65b102
  Building wheel for splinter (setup.py): started
  Building wheel for splinter (setup.py): finished with status 'done'
  Created wheel for splinter: filename=splinter-0.7.5-py3-none-any.whl size=30635 sha256=4191387dfbbe5c997c1e2151b41f91c7dd127eaa23e07d094772bcc5ccf612dd
  Stored in directory: /home/travis/.cache/pip/wheels/a0/ba/a2/a67b8f4fa10fc8c94d2fed22c3067bccc4be411b2fa6a74c13
  Building wheel for transifex-client (setup.py): started
  Building wheel for transifex-client (setup.py): finished with status 'done'
  Created wheel for transifex-client: filename=transifex_client-0.12.2-py3-none-any.whl size=169205 sha256=1a819267d2fbc0fe83c01fbab7f58d5efd4128a03adb5ba081f4e447a3a3a685
  Stored in directory: /home/travis/.cache/pip/wheels/8b/6a/8d/ed668f9c81b4779051f36e4a39a8a21876cac3e18a9721dbf3
  Building wheel for zope.testrunner (setup.py): started
  Building wheel for zope.testrunner (setup.py): finished with status 'done'
  Created wheel for zope.testrunner: filename=zope.testrunner-4.5.1-py3-none-any.whl size=248727 sha256=089d1337446bbc590979b2c20a9bf49eae2ba4718598b6cf3cccef2a228b0563
  Stored in directory: /home/travis/.cache/pip/wheels/ad/84/9a/26d09043cff111c927c16fd835be70d3deb342f050270ab08c
Successfully built cov-core plone.testing splinter transifex-client zope.testrunner
Installing collected packages: babel, coverage, nose2, cov-core, pep8, zope.testing, plone.testing, selenium, splinter, transifex-client, argparse, linecache2, traceback2, unittest2, zope.interface, zope.exceptions, zope.testrunner
  Attempting uninstall: babel
    Found existing installation: Babel 2.9.0
    Uninstalling Babel-2.9.0:
      Successfully uninstalled Babel-2.9.0
Successfully installed argparse-1.4.0 babel-2.3.4 cov-core-1.15.0 coverage-5.3 linecache2-1.0.0 nose2-0.9.2 pep8-1.7.0 plone.testing-5.0.0 selenium-3.5.0 splinter-0.7.5 traceback2-1.4.0 transifex-client-0.12.2 unittest2-1.1.0 zope.exceptions-4.4 zope.interface-5.2.0 zope.testing-4.7 zope.testrunner-4.5.1

travis_time:end:0c84ea17:start=1605473003909762785,finish=1605473038437463878,duration=34527701093[0Ktravis_fold:end:install.4[0Ktravis_fold:start:install.5[0Ktravis_time:start:2edf69d6[0K$ pip install codecov==2.0.15
Collecting codecov==2.0.15
  Downloading codecov-2.0.15-py2.py3-none-any.whl (11 kB)
Requirement already satisfied: requests>=2.7.9 in /home/travis/virtualenv/python3.6.3/lib/python3.6/site-packages (from codecov==2.0.15) (2.18.4)
Requirement already satisfied: coverage in /home/travis/virtualenv/python3.6.3/lib/python3.6/site-packages (from codecov==2.0.15) (5.3)
Requirement already satisfied: certifi>=2017.4.17 in /home/travis/virtualenv/python3.6.3/lib/python3.6/site-packages (from requests>=2.7.9->codecov==2.0.15) (2017.11.5)
Requirement already satisfied: chardet<3.1.0,>=3.0.2 in /home/travis/virtualenv/python3.6.3/lib/python3.6/site-packages (from requests>=2.7.9->codecov==2.0.15) (3.0.4)
Requirement already satisfied: idna<2.7,>=2.5 in /home/travis/virtualenv/python3.6.3/lib/python3.6/site-packages (from requests>=2.7.9->codecov==2.0.15) (2.5)
Requirement already satisfied: urllib3<1.23,>=1.21.1 in /home/travis/virtualenv/python3.6.3/lib/python3.6/site-packages (from requests>=2.7.9->codecov==2.0.15) (1.22)
Installing collected packages: codecov
Successfully installed codecov-2.0.15

travis_time:end:2edf69d6:start=1605473038451154469,finish=1605473039759575498,duration=1308421029[0Ktravis_fold:end:install.5[0Ktravis_time:start:024db4b9[0K$ ./manage.sh styles
[!] Building legacy style
[!] Building courgette style
[!] Building pix-art style
[!] Building bootstrap style

travis_time:end:024db4b9:start=1605473039771300749,finish=1605473046054709677,duration=6283408928[0K
[32;1mThe command "./manage.sh styles" exited with 0.[0m
travis_time:start:07e65c59[0K$ ./manage.sh grunt_build
[!] Grunt build : oscar theme
[4mRunning "jshint:files" (jshint) task[24m
[32m>> [39m5 files lint free.

[4mRunning "concat:dist" (concat) task[24m
File js/searx.js created.

[4mRunning "uglify:dist" (uglify) task[24m
[32m>> [39m1 file created.

[4mRunning "less:development" (less) task[24m
File css/pointhi.css created: 0 B â†’ 10.1 kB
File css/logicodev.css created: 0 B â†’ 17.6 kB
File css/logicodev-dark.css created: 0 B â†’ 13.39 kB

[4mRunning "less:production" (less) task[24m
File css/pointhi.min.css created: 10.1 kB â†’ 6.9 kB
File css/logicodev.min.css created: 13.39 kB â†’ 9.73 kB
File css/logicodev-dark.min.css created: 17.6 kB â†’ 13.14 kB

[32mDone, without errors.[39m
[!] Grunt build : simple theme
Running "jshint:files" (jshint) task
>> 6 files lint free.

Running "concat:dist" (concat) task

Running "uglify:dist" (uglify) task
>> 1 sourcemap created.
>> 1 file created 50.75 kB â†’ 22.56 kB

Running "less:development" (less) task
>> 2 stylesheets created.

Running "less:production" (less) task
>> 2 stylesheets created.

Done.

travis_time:end:07e65c59:start=1605473046068151878,finish=1605473050051963176,duration=3983811298[0K
[32;1mThe command "./manage.sh grunt_build" exited with 0.[0m
travis_time:start:29367f00[0K$ ./manage.sh tests
[!] Running pep8 check
[!] Running unit tests
WARNING:searx:You are using an old openssl version(OpenSSL 1.0.1f 6 Jan 2014), please upgrade above 1.0.2!
EEEEEEEEEEEEEEEEEEEEEEEEEEEEEEEEEEEEEEEEEEEEEEEEEEEEEEEEEEEEEEEEEEEEEEEEE...........E
======================================================================
ERROR: tests.unit.engines.test_archlinux (nose2.loader.ModuleImportFailure)
----------------------------------------------------------------------
ImportError: Failed to import test module: tests.unit.engines.test_archlinux
Traceback (most recent call last):
  File "/home/travis/virtualenv/python3.6.3/lib/python3.6/site-packages/nose2/plugins/loader/discovery.py", line 201, in _find_tests_in_file
    module = util.module_from_name(module_name)
  File "/home/travis/virtualenv/python3.6.3/lib/python3.6/site-packages/nose2/util.py", line 77, in module_from_name
    __import__(name)
  File "/home/travis/build/passed/asciimoo/searx/tests/unit/engines/test_archlinux.py", line 3, in <module>
    from searx.engines import archlinux
  File "/home/travis/build/passed/asciimoo/searx/searx/engines/__init__.py", line 23, in <module>
    from flask_babel import gettext
  File "/home/travis/virtualenv/python3.6.3/lib/python3.6/site-packages/flask_babel/__init__.py", line 19, in <module>
    from werkzeug import ImmutableDict
ImportError: cannot import name 'ImmutableDict'


======================================================================
ERROR: tests.unit.engines.test_arxiv (nose2.loader.ModuleImportFailure)
----------------------------------------------------------------------
ImportError: Failed to import test module: tests.unit.engines.test_arxiv
Traceback (most recent call last):
  File "/home/travis/virtualenv/python3.6.3/lib/python3.6/site-packages/nose2/plugins/loader/discovery.py", line 201, in _find_tests_in_file
    module = util.module_from_name(module_name)
  File "/home/travis/virtualenv/python3.6.3/lib/python3.6/site-packages/nose2/util.py", line 77, in module_from_name
    __import__(name)
  File "/home/travis/build/passed/asciimoo/searx/tests/unit/engines/test_arxiv.py", line 4, in <module>
    from searx.engines import arxiv
  File "/home/travis/build/passed/asciimoo/searx/searx/engines/__init__.py", line 23, in <module>
    from flask_babel import gettext
  File "/home/travis/virtualenv/python3.6.3/lib/python3.6/site-packages/flask_babel/__init__.py", line 19, in <module>
    from werkzeug import ImmutableDict
ImportError: cannot import name 'ImmutableDict'


======================================================================
ERROR: tests.unit.engines.test_base (nose2.loader.ModuleImportFailure)
----------------------------------------------------------------------
ImportError: Failed to import test module: tests.unit.engines.test_base
Traceback (most recent call last):
  File "/home/travis/virtualenv/python3.6.3/lib/python3.6/site-packages/nose2/plugins/loader/discovery.py", line 201, in _find_tests_in_file
    module = util.module_from_name(module_name)
  File "/home/travis/virtualenv/python3.6.3/lib/python3.6/site-packages/nose2/util.py", line 77, in module_from_name
    __import__(name)
  File "/home/travis/build/passed/asciimoo/searx/tests/unit/engines/test_base.py", line 4, in <module>
    from searx.engines import base
  File "/home/travis/build/passed/asciimoo/searx/searx/engines/__init__.py", line 23, in <module>
    from flask_babel import gettext
  File "/home/travis/virtualenv/python3.6.3/lib/python3.6/site-packages/flask_babel/__init__.py", line 19, in <module>
    from werkzeug import ImmutableDict
ImportError: cannot import name 'ImmutableDict'


======================================================================
ERROR: tests.unit.engines.test_bing (nose2.loader.ModuleImportFailure)
----------------------------------------------------------------------
ImportError: Failed to import test module: tests.unit.engines.test_bing
Traceback (most recent call last):
  File "/home/travis/virtualenv/python3.6.3/lib/python3.6/site-packages/nose2/plugins/loader/discovery.py", line 201, in _find_tests_in_file
    module = util.module_from_name(module_name)
  File "/home/travis/virtualenv/python3.6.3/lib/python3.6/site-packages/nose2/util.py", line 77, in module_from_name
    __import__(name)
  File "/home/travis/build/passed/asciimoo/searx/tests/unit/engines/test_bing.py", line 3, in <module>
    from searx.engines import bing
  File "/home/travis/build/passed/asciimoo/searx/searx/engines/__init__.py", line 23, in <module>
    from flask_babel import gettext
  File "/home/travis/virtualenv/python3.6.3/lib/python3.6/site-packages/flask_babel/__init__.py", line 19, in <module>
    from werkzeug import ImmutableDict
ImportError: cannot import name 'ImmutableDict'


======================================================================
ERROR: tests.unit.engines.test_bing_images (nose2.loader.ModuleImportFailure)
----------------------------------------------------------------------
ImportError: Failed to import test module: tests.unit.engines.test_bing_images
Traceback (most recent call last):
  File "/home/travis/virtualenv/python3.6.3/lib/python3.6/site-packages/nose2/plugins/loader/discovery.py", line 201, in _find_tests_in_file
    module = util.module_from_name(module_name)
  File "/home/travis/virtualenv/python3.6.3/lib/python3.6/site-packages/nose2/util.py", line 77, in module_from_name
    __import__(name)
  File "/home/travis/build/passed/asciimoo/searx/tests/unit/engines/test_bing_images.py", line 4, in <module>
    from searx.engines import bing_images
  File "/home/travis/build/passed/asciimoo/searx/searx/engines/__init__.py", line 23, in <module>
    from flask_babel import gettext
  File "/home/travis/virtualenv/python3.6.3/lib/python3.6/site-packages/flask_babel/__init__.py", line 19, in <module>
    from werkzeug import ImmutableDict
ImportError: cannot import name 'ImmutableDict'


======================================================================
ERROR: tests.unit.engines.test_bing_news (nose2.loader.ModuleImportFailure)
----------------------------------------------------------------------
ImportError: Failed to import test module: tests.unit.engines.test_bing_news
Traceback (most recent call last):
  File "/home/travis/virtualenv/python3.6.3/lib/python3.6/site-packages/nose2/plugins/loader/discovery.py", line 201, in _find_tests_in_file
    module = util.module_from_name(module_name)
  File "/home/travis/virtualenv/python3.6.3/lib/python3.6/site-packages/nose2/util.py", line 77, in module_from_name
    __import__(name)
  File "/home/travis/build/passed/asciimoo/searx/tests/unit/engines/test_bing_news.py", line 3, in <module>
    from searx.engines import bing_news
  File "/home/travis/build/passed/asciimoo/searx/searx/engines/__init__.py", line 23, in <module>
    from flask_babel import gettext
  File "/home/travis/virtualenv/python3.6.3/lib/python3.6/site-packages/flask_babel/__init__.py", line 19, in <module>
    from werkzeug import ImmutableDict
ImportError: cannot import name 'ImmutableDict'


======================================================================
ERROR: tests.unit.engines.test_bing_videos (nose2.loader.ModuleImportFailure)
----------------------------------------------------------------------
ImportError: Failed to import test module: tests.unit.engines.test_bing_videos
Traceback (most recent call last):
  File "/home/travis/virtualenv/python3.6.3/lib/python3.6/site-packages/nose2/plugins/loader/discovery.py", line 201, in _find_tests_in_file
    module = util.module_from_name(module_name)
  File "/home/travis/virtualenv/python3.6.3/lib/python3.6/site-packages/nose2/util.py", line 77, in module_from_name
    __import__(name)
  File "/home/travis/build/passed/asciimoo/searx/tests/unit/engines/test_bing_videos.py", line 4, in <module>
    from searx.engines import bing_videos
  File "/home/travis/build/passed/asciimoo/searx/searx/engines/__init__.py", line 23, in <module>
    from flask_babel import gettext
  File "/home/travis/virtualenv/python3.6.3/lib/python3.6/site-packages/flask_babel/__init__.py", line 19, in <module>
    from werkzeug import ImmutableDict
ImportError: cannot import name 'ImmutableDict'


======================================================================
ERROR: tests.unit.engines.test_btdigg (nose2.loader.ModuleImportFailure)
----------------------------------------------------------------------
ImportError: Failed to import test module: tests.unit.engines.test_btdigg
Traceback (most recent call last):
  File "/home/travis/virtualenv/python3.6.3/lib/python3.6/site-packages/nose2/plugins/loader/discovery.py", line 201, in _find_tests_in_file
    module = util.module_from_name(module_name)
  File "/home/travis/virtualenv/python3.6.3/lib/python3.6/site-packages/nose2/util.py", line 77, in module_from_name
    __import__(name)
  File "/home/travis/build/passed/asciimoo/searx/tests/unit/engines/test_btdigg.py", line 4, in <module>
    from searx.engines import btdigg
  File "/home/travis/build/passed/asciimoo/searx/searx/engines/__init__.py", line 23, in <module>
    from flask_babel import gettext
  File "/home/travis/virtualenv/python3.6.3/lib/python3.6/site-packages/flask_babel/__init__.py", line 19, in <module>
    from werkzeug import ImmutableDict
ImportError: cannot import name 'ImmutableDict'


======================================================================
ERROR: tests.unit.engines.test_currency_convert (nose2.loader.ModuleImportFailure)
----------------------------------------------------------------------
ImportError: Failed to import test module: tests.unit.engines.test_currency_convert
Traceback (most recent call last):
  File "/home/travis/virtualenv/python3.6.3/lib/python3.6/site-packages/nose2/plugins/loader/discovery.py", line 201, in _find_tests_in_file
    module = util.module_from_name(module_name)
  File "/home/travis/virtualenv/python3.6.3/lib/python3.6/site-packages/nose2/util.py", line 77, in module_from_name
    __import__(name)
  File "/home/travis/build/passed/asciimoo/searx/tests/unit/engines/test_currency_convert.py", line 4, in <module>
    from searx.engines import currency_convert
  File "/home/travis/build/passed/asciimoo/searx/searx/engines/__init__.py", line 23, in <module>
    from flask_babel import gettext
  File "/home/travis/virtualenv/python3.6.3/lib/python3.6/site-packages/flask_babel/__init__.py", line 19, in <module>
    from werkzeug import ImmutableDict
ImportError: cannot import name 'ImmutableDict'


======================================================================
ERROR: tests.unit.engines.test_dailymotion (nose2.loader.ModuleImportFailure)
----------------------------------------------------------------------
ImportError: Failed to import test module: tests.unit.engines.test_dailymotion
Traceback (most recent call last):
  File "/home/travis/virtualenv/python3.6.3/lib/python3.6/site-packages/nose2/plugins/loader/discovery.py", line 201, in _find_tests_in_file
    module = util.module_from_name(module_name)
  File "/home/travis/virtualenv/python3.6.3/lib/python3.6/site-packages/nose2/util.py", line 77, in module_from_name
    __import__(name)
  File "/home/travis/build/passed/asciimoo/searx/tests/unit/engines/test_dailymotion.py", line 4, in <module>
    from searx.engines import dailymotion
  File "/home/travis/build/passed/asciimoo/searx/searx/engines/__init__.py", line 23, in <module>
    from flask_babel import gettext
  File "/home/travis/virtualenv/python3.6.3/lib/python3.6/site-packages/flask_babel/__init__.py", line 19, in <module>
    from werkzeug import ImmutableDict
ImportError: cannot import name 'ImmutableDict'


======================================================================
ERROR: tests.unit.engines.test_deezer (nose2.loader.ModuleImportFailure)
----------------------------------------------------------------------
ImportError: Failed to import test module: tests.unit.engines.test_deezer
Traceback (most recent call last):
  File "/home/travis/virtualenv/python3.6.3/lib/python3.6/site-packages/nose2/plugins/loader/discovery.py", line 201, in _find_tests_in_file
    module = util.module_from_name(module_name)
  File "/home/travis/virtualenv/python3.6.3/lib/python3.6/site-packages/nose2/util.py", line 77, in module_from_name
    __import__(name)
  File "/home/travis/build/passed/asciimoo/searx/tests/unit/engines/test_deezer.py", line 3, in <module>
    from searx.engines import deezer
  File "/home/travis/build/passed/asciimoo/searx/searx/engines/__init__.py", line 23, in <module>
    from flask_babel import gettext
  File "/home/travis/virtualenv/python3.6.3/lib/python3.6/site-packages/flask_babel/__init__.py", line 19, in <module>
    from werkzeug import ImmutableDict
ImportError: cannot import name 'ImmutableDict'


======================================================================
ERROR: tests.unit.engines.test_deviantart (nose2.loader.ModuleImportFailure)
----------------------------------------------------------------------
ImportError: Failed to import test module: tests.unit.engines.test_deviantart
Traceback (most recent call last):
  File "/home/travis/virtualenv/python3.6.3/lib/python3.6/site-packages/nose2/plugins/loader/discovery.py", line 201, in _find_tests_in_file
    module = util.module_from_name(module_name)
  File "/home/travis/virtualenv/python3.6.3/lib/python3.6/site-packages/nose2/util.py", line 77, in module_from_name
    __import__(name)
  File "/home/travis/build/passed/asciimoo/searx/tests/unit/engines/test_deviantart.py", line 3, in <module>
    from searx.engines import deviantart
  File "/home/travis/build/passed/asciimoo/searx/searx/engines/__init__.py", line 23, in <module>
    from flask_babel import gettext
  File "/home/travis/virtualenv/python3.6.3/lib/python3.6/site-packages/flask_babel/__init__.py", line 19, in <module>
    from werkzeug import ImmutableDict
ImportError: cannot import name 'ImmutableDict'


======================================================================
ERROR: tests.unit.engines.test_digbt (nose2.loader.ModuleImportFailure)
----------------------------------------------------------------------
ImportError: Failed to import test module: tests.unit.engines.test_digbt
Traceback (most recent call last):
  File "/home/travis/virtualenv/python3.6.3/lib/python3.6/site-packages/nose2/plugins/loader/discovery.py", line 201, in _find_tests_in_file
    module = util.module_from_name(module_name)
  File "/home/travis/virtualenv/python3.6.3/lib/python3.6/site-packages/nose2/util.py", line 77, in module_from_name
    __import__(name)
  File "/home/travis/build/passed/asciimoo/searx/tests/unit/engines/test_digbt.py", line 3, in <module>
    from searx.engines import digbt
  File "/home/travis/build/passed/asciimoo/searx/searx/engines/__init__.py", line 23, in <module>
    from flask_babel import gettext
  File "/home/travis/virtualenv/python3.6.3/lib/python3.6/site-packages/flask_babel/__init__.py", line 19, in <module>
    from werkzeug import ImmutableDict
ImportError: cannot import name 'ImmutableDict'


======================================================================
ERROR: tests.unit.engines.test_digg (nose2.loader.ModuleImportFailure)
----------------------------------------------------------------------
ImportError: Failed to import test module: tests.unit.engines.test_digg
Traceback (most recent call last):
  File "/home/travis/virtualenv/python3.6.3/lib/python3.6/site-packages/nose2/plugins/loader/discovery.py", line 201, in _find_tests_in_file
    module = util.module_from_name(module_name)
  File "/home/travis/virtualenv/python3.6.3/lib/python3.6/site-packages/nose2/util.py", line 77, in module_from_name
    __import__(name)
  File "/home/travis/build/passed/asciimoo/searx/tests/unit/engines/test_digg.py", line 3, in <module>
    from searx.engines import digg
  File "/home/travis/build/passed/asciimoo/searx/searx/engines/__init__.py", line 23, in <module>
    from flask_babel import gettext
  File "/home/travis/virtualenv/python3.6.3/lib/python3.6/site-packages/flask_babel/__init__.py", line 19, in <module>
    from werkzeug import ImmutableDict
ImportError: cannot import name 'ImmutableDict'


======================================================================
ERROR: tests.unit.engines.test_doku (nose2.loader.ModuleImportFailure)
----------------------------------------------------------------------
ImportError: Failed to import test module: tests.unit.engines.test_doku
Traceback (most recent call last):
  File "/home/travis/virtualenv/python3.6.3/lib/python3.6/site-packages/nose2/plugins/loader/discovery.py", line 201, in _find_tests_in_file
    module = util.module_from_name(module_name)
  File "/home/travis/virtualenv/python3.6.3/lib/python3.6/site-packages/nose2/util.py", line 77, in module_from_name
    __import__(name)
  File "/home/travis/build/passed/asciimoo/searx/tests/unit/engines/test_doku.py", line 4, in <module>
    from searx.engines import doku
  File "/home/travis/build/passed/asciimoo/searx/searx/engines/__init__.py", line 23, in <module>
    from flask_babel import gettext
  File "/home/travis/virtualenv/python3.6.3/lib/python3.6/site-packages/flask_babel/__init__.py", line 19, in <module>
    from werkzeug import ImmutableDict
ImportError: cannot import name 'ImmutableDict'


======================================================================
ERROR: tests.unit.engines.test_duckduckgo (nose2.loader.ModuleImportFailure)
----------------------------------------------------------------------
ImportError: Failed to import test module: tests.unit.engines.test_duckduckgo
Traceback (most recent call last):
  File "/home/travis/virtualenv/python3.6.3/lib/python3.6/site-packages/nose2/plugins/loader/discovery.py", line 201, in _find_tests_in_file
    module = util.module_from_name(module_name)
  File "/home/travis/virtualenv/python3.6.3/lib/python3.6/site-packages/nose2/util.py", line 77, in module_from_name
    __import__(name)
  File "/home/travis/build/passed/asciimoo/searx/tests/unit/engines/test_duckduckgo.py", line 4, in <module>
    from searx.engines import duckduckgo
  File "/home/travis/build/passed/asciimoo/searx/searx/engines/__init__.py", line 23, in <module>
    from flask_babel import gettext
  File "/home/travis/virtualenv/python3.6.3/lib/python3.6/site-packages/flask_babel/__init__.py", line 19, in <module>
    from werkzeug import ImmutableDict
ImportError: cannot import name 'ImmutableDict'


======================================================================
ERROR: tests.unit.engines.test_duckduckgo_definitions (nose2.loader.ModuleImportFailure)
----------------------------------------------------------------------
ImportError: Failed to import test module: tests.unit.engines.test_duckduckgo_definitions
Traceback (most recent call last):
  File "/home/travis/virtualenv/python3.6.3/lib/python3.6/site-packages/nose2/plugins/loader/discovery.py", line 201, in _find_tests_in_file
    module = util.module_from_name(module_name)
  File "/home/travis/virtualenv/python3.6.3/lib/python3.6/site-packages/nose2/util.py", line 77, in module_from_name
    __import__(name)
  File "/home/travis/build/passed/asciimoo/searx/tests/unit/engines/test_duckduckgo_definitions.py", line 3, in <module>
    from searx.engines import duckduckgo_definitions
  File "/home/travis/build/passed/asciimoo/searx/searx/engines/__init__.py", line 23, in <module>
    from flask_babel import gettext
  File "/home/travis/virtualenv/python3.6.3/lib/python3.6/site-packages/flask_babel/__init__.py", line 19, in <module>
    from werkzeug import ImmutableDict
ImportError: cannot import name 'ImmutableDict'


======================================================================
ERROR: tests.unit.engines.test_duckduckgo_images (nose2.loader.ModuleImportFailure)
----------------------------------------------------------------------
ImportError: Failed to import test module: tests.unit.engines.test_duckduckgo_images
Traceback (most recent call last):
  File "/home/travis/virtualenv/python3.6.3/lib/python3.6/site-packages/nose2/plugins/loader/discovery.py", line 201, in _find_tests_in_file
    module = util.module_from_name(module_name)
  File "/home/travis/virtualenv/python3.6.3/lib/python3.6/site-packages/nose2/util.py", line 77, in module_from_name
    __import__(name)
  File "/home/travis/build/passed/asciimoo/searx/tests/unit/engines/test_duckduckgo_images.py", line 4, in <module>
    from searx.engines import duckduckgo_images
  File "/home/travis/build/passed/asciimoo/searx/searx/engines/__init__.py", line 23, in <module>
    from flask_babel import gettext
  File "/home/travis/virtualenv/python3.6.3/lib/python3.6/site-packages/flask_babel/__init__.py", line 19, in <module>
    from werkzeug import ImmutableDict
ImportError: cannot import name 'ImmutableDict'


======================================================================
ERROR: tests.unit.engines.test_dummy (nose2.loader.ModuleImportFailure)
----------------------------------------------------------------------
ImportError: Failed to import test module: tests.unit.engines.test_dummy
Traceback (most recent call last):
  File "/home/travis/virtualenv/python3.6.3/lib/python3.6/site-packages/nose2/plugins/loader/discovery.py", line 201, in _find_tests_in_file
    module = util.module_from_name(module_name)
  File "/home/travis/virtualenv/python3.6.3/lib/python3.6/site-packages/nose2/util.py", line 77, in module_from_name
    __import__(name)
  File "/home/travis/build/passed/asciimoo/searx/tests/unit/engines/test_dummy.py", line 1, in <module>
    from searx.engines import dummy
  File "/home/travis/build/passed/asciimoo/searx/searx/engines/__init__.py", line 23, in <module>
    from flask_babel import gettext
  File "/home/travis/virtualenv/python3.6.3/lib/python3.6/site-packages/flask_babel/__init__.py", line 19, in <module>
    from werkzeug import ImmutableDict
ImportError: cannot import name 'ImmutableDict'


======================================================================
ERROR: tests.unit.engines.test_faroo (nose2.loader.ModuleImportFailure)
----------------------------------------------------------------------
ImportError: Failed to import test module: tests.unit.engines.test_faroo
Traceback (most recent call last):
  File "/home/travis/virtualenv/python3.6.3/lib/python3.6/site-packages/nose2/plugins/loader/discovery.py", line 201, in _find_tests_in_file
    module = util.module_from_name(module_name)
  File "/home/travis/virtualenv/python3.6.3/lib/python3.6/site-packages/nose2/util.py", line 77, in module_from_name
    __import__(name)
  File "/home/travis/build/passed/asciimoo/searx/tests/unit/engines/test_faroo.py", line 4, in <module>
    from searx.engines import faroo
  File "/home/travis/build/passed/asciimoo/searx/searx/engines/__init__.py", line 23, in <module>
    from flask_babel import gettext
  File "/home/travis/virtualenv/python3.6.3/lib/python3.6/site-packages/flask_babel/__init__.py", line 19, in <module>
    from werkzeug import ImmutableDict
ImportError: cannot import name 'ImmutableDict'


======================================================================
ERROR: tests.unit.engines.test_fdroid (nose2.loader.ModuleImportFailure)
----------------------------------------------------------------------
ImportError: Failed to import test module: tests.unit.engines.test_fdroid
Traceback (most recent call last):
  File "/home/travis/virtualenv/python3.6.3/lib/python3.6/site-packages/nose2/plugins/loader/discovery.py", line 201, in _find_tests_in_file
    module = util.module_from_name(module_name)
  File "/home/travis/virtualenv/python3.6.3/lib/python3.6/site-packages/nose2/util.py", line 77, in module_from_name
    __import__(name)
  File "/home/travis/build/passed/asciimoo/searx/tests/unit/engines/test_fdroid.py", line 3, in <module>
    from searx.engines import fdroid
  File "/home/travis/build/passed/asciimoo/searx/searx/engines/__init__.py", line 23, in <module>
    from flask_babel import gettext
  File "/home/travis/virtualenv/python3.6.3/lib/python3.6/site-packages/flask_babel/__init__.py", line 19, in <module>
    from werkzeug import ImmutableDict
ImportError: cannot import name 'ImmutableDict'


======================================================================
ERROR: tests.unit.engines.test_flickr (nose2.loader.ModuleImportFailure)
----------------------------------------------------------------------
ImportError: Failed to import test module: tests.unit.engines.test_flickr
Traceback (most recent call last):
  File "/home/travis/virtualenv/python3.6.3/lib/python3.6/site-packages/nose2/plugins/loader/discovery.py", line 201, in _find_tests_in_file
    module = util.module_from_name(module_name)
  File "/home/travis/virtualenv/python3.6.3/lib/python3.6/site-packages/nose2/util.py", line 77, in module_from_name
    __import__(name)
  File "/home/travis/build/passed/asciimoo/searx/tests/unit/engines/test_flickr.py", line 3, in <module>
    from searx.engines import flickr
  File "/home/travis/build/passed/asciimoo/searx/searx/engines/__init__.py", line 23, in <module>
    from flask_babel import gettext
  File "/home/travis/virtualenv/python3.6.3/lib/python3.6/site-packages/flask_babel/__init__.py", line 19, in <module>
    from werkzeug import ImmutableDict
ImportError: cannot import name 'ImmutableDict'


======================================================================
ERROR: tests.unit.engines.test_flickr_noapi (nose2.loader.ModuleImportFailure)
----------------------------------------------------------------------
ImportError: Failed to import test module: tests.unit.engines.test_flickr_noapi
Traceback (most recent call last):
  File "/home/travis/virtualenv/python3.6.3/lib/python3.6/site-packages/nose2/plugins/loader/discovery.py", line 201, in _find_tests_in_file
    module = util.module_from_name(module_name)
  File "/home/travis/virtualenv/python3.6.3/lib/python3.6/site-packages/nose2/util.py", line 77, in module_from_name
    __import__(name)
  File "/home/travis/build/passed/asciimoo/searx/tests/unit/engines/test_flickr_noapi.py", line 3, in <module>
    from searx.engines import flickr_noapi
  File "/home/travis/build/passed/asciimoo/searx/searx/engines/__init__.py", line 23, in <module>
    from flask_babel import gettext
  File "/home/travis/virtualenv/python3.6.3/lib/python3.6/site-packages/flask_babel/__init__.py", line 19, in <module>
    from werkzeug import ImmutableDict
ImportError: cannot import name 'ImmutableDict'


======================================================================
ERROR: tests.unit.engines.test_framalibre (nose2.loader.ModuleImportFailure)
----------------------------------------------------------------------
ImportError: Failed to import test module: tests.unit.engines.test_framalibre
Traceback (most recent call last):
  File "/home/travis/virtualenv/python3.6.3/lib/python3.6/site-packages/nose2/plugins/loader/discovery.py", line 201, in _find_tests_in_file
    module = util.module_from_name(module_name)
  File "/home/travis/virtualenv/python3.6.3/lib/python3.6/site-packages/nose2/util.py", line 77, in module_from_name
    __import__(name)
  File "/home/travis/build/passed/asciimoo/searx/tests/unit/engines/test_framalibre.py", line 4, in <module>
    from searx.engines import framalibre
  File "/home/travis/build/passed/asciimoo/searx/searx/engines/__init__.py", line 23, in <module>
    from flask_babel import gettext
  File "/home/travis/virtualenv/python3.6.3/lib/python3.6/site-packages/flask_babel/__init__.py", line 19, in <module>
    from werkzeug import ImmutableDict
ImportError: cannot import name 'ImmutableDict'


======================================================================
ERROR: tests.unit.engines.test_frinkiac (nose2.loader.ModuleImportFailure)
----------------------------------------------------------------------
ImportError: Failed to import test module: tests.unit.engines.test_frinkiac
Traceback (most recent call last):
  File "/home/travis/virtualenv/python3.6.3/lib/python3.6/site-packages/nose2/plugins/loader/discovery.py", line 201, in _find_tests_in_file
    module = util.module_from_name(module_name)
  File "/home/travis/virtualenv/python3.6.3/lib/python3.6/site-packages/nose2/util.py", line 77, in module_from_name
    __import__(name)
  File "/home/travis/build/passed/asciimoo/searx/tests/unit/engines/test_frinkiac.py", line 4, in <module>
    from searx.engines import frinkiac
  File "/home/travis/build/passed/asciimoo/searx/searx/engines/__init__.py", line 23, in <module>
    from flask_babel import gettext
  File "/home/travis/virtualenv/python3.6.3/lib/python3.6/site-packages/flask_babel/__init__.py", line 19, in <module>
    from werkzeug import ImmutableDict
ImportError: cannot import name 'ImmutableDict'


======================================================================
ERROR: tests.unit.engines.test_genius (nose2.loader.ModuleImportFailure)
----------------------------------------------------------------------
ImportError: Failed to import test module: tests.unit.engines.test_genius
Traceback (most recent call last):
  File "/home/travis/virtualenv/python3.6.3/lib/python3.6/site-packages/nose2/plugins/loader/discovery.py", line 201, in _find_tests_in_file
    module = util.module_from_name(module_name)
  File "/home/travis/virtualenv/python3.6.3/lib/python3.6/site-packages/nose2/util.py", line 77, in module_from_name
    __import__(name)
  File "/home/travis/build/passed/asciimoo/searx/tests/unit/engines/test_genius.py", line 4, in <module>
    from searx.engines import genius
  File "/home/travis/build/passed/asciimoo/searx/searx/engines/__init__.py", line 23, in <module>
    from flask_babel import gettext
  File "/home/travis/virtualenv/python3.6.3/lib/python3.6/site-packages/flask_babel/__init__.py", line 19, in <module>
    from werkzeug import ImmutableDict
ImportError: cannot import name 'ImmutableDict'


======================================================================
ERROR: tests.unit.engines.test_gigablast (nose2.loader.ModuleImportFailure)
----------------------------------------------------------------------
ImportError: Failed to import test module: tests.unit.engines.test_gigablast
Traceback (most recent call last):
  File "/home/travis/virtualenv/python3.6.3/lib/python3.6/site-packages/nose2/plugins/loader/discovery.py", line 201, in _find_tests_in_file
    module = util.module_from_name(module_name)
  File "/home/travis/virtualenv/python3.6.3/lib/python3.6/site-packages/nose2/util.py", line 77, in module_from_name
    __import__(name)
  File "/home/travis/build/passed/asciimoo/searx/tests/unit/engines/test_gigablast.py", line 3, in <module>
    from searx.engines import gigablast
  File "/home/travis/build/passed/asciimoo/searx/searx/engines/__init__.py", line 23, in <module>
    from flask_babel import gettext
  File "/home/travis/virtualenv/python3.6.3/lib/python3.6/site-packages/flask_babel/__init__.py", line 19, in <module>
    from werkzeug import ImmutableDict
ImportError: cannot import name 'ImmutableDict'


======================================================================
ERROR: tests.unit.engines.test_github (nose2.loader.ModuleImportFailure)
----------------------------------------------------------------------
ImportError: Failed to import test module: tests.unit.engines.test_github
Traceback (most recent call last):
  File "/home/travis/virtualenv/python3.6.3/lib/python3.6/site-packages/nose2/plugins/loader/discovery.py", line 201, in _find_tests_in_file
    module = util.module_from_name(module_name)
  File "/home/travis/virtualenv/python3.6.3/lib/python3.6/site-packages/nose2/util.py", line 77, in module_from_name
    __import__(name)
  File "/home/travis/build/passed/asciimoo/searx/tests/unit/engines/test_github.py", line 3, in <module>
    from searx.engines import github
  File "/home/travis/build/passed/asciimoo/searx/searx/engines/__init__.py", line 23, in <module>
    from flask_babel import gettext
  File "/home/travis/virtualenv/python3.6.3/lib/python3.6/site-packages/flask_babel/__init__.py", line 19, in <module>
    from werkzeug import ImmutableDict
ImportError: cannot import name 'ImmutableDict'


======================================================================
ERROR: tests.unit.engines.test_google (nose2.loader.ModuleImportFailure)
----------------------------------------------------------------------
ImportError: Failed to import test module: tests.unit.engines.test_google
Traceback (most recent call last):
  File "/home/travis/virtualenv/python3.6.3/lib/python3.6/site-packages/nose2/plugins/loader/discovery.py", line 201, in _find_tests_in_file
    module = util.module_from_name(module_name)
  File "/home/travis/virtualenv/python3.6.3/lib/python3.6/site-packages/nose2/util.py", line 77, in module_from_name
    __import__(name)
  File "/home/travis/build/passed/asciimoo/searx/tests/unit/engines/test_google.py", line 5, in <module>
    from searx.engines import google
  File "/home/travis/build/passed/asciimoo/searx/searx/engines/__init__.py", line 23, in <module>
    from flask_babel import gettext
  File "/home/travis/virtualenv/python3.6.3/lib/python3.6/site-packages/flask_babel/__init__.py", line 19, in <module>
    from werkzeug import ImmutableDict
ImportError: cannot import name 'ImmutableDict'


======================================================================
ERROR: tests.unit.engines.test_google_images (nose2.loader.ModuleImportFailure)
----------------------------------------------------------------------
ImportError: Failed to import test module: tests.unit.engines.test_google_images
Traceback (most recent call last):
  File "/home/travis/virtualenv/python3.6.3/lib/python3.6/site-packages/nose2/plugins/loader/discovery.py", line 201, in _find_tests_in_file
    module = util.module_from_name(module_name)
  File "/home/travis/virtualenv/python3.6.3/lib/python3.6/site-packages/nose2/util.py", line 77, in module_from_name
    __import__(name)
  File "/home/travis/build/passed/asciimoo/searx/tests/unit/engines/test_google_images.py", line 3, in <module>
    from searx.engines import google_images
  File "/home/travis/build/passed/asciimoo/searx/searx/engines/__init__.py", line 23, in <module>
    from flask_babel import gettext
  File "/home/travis/virtualenv/python3.6.3/lib/python3.6/site-packages/flask_babel/__init__.py", line 19, in <module>
    from werkzeug import ImmutableDict
ImportError: cannot import name 'ImmutableDict'


======================================================================
ERROR: tests.unit.engines.test_google_news (nose2.loader.ModuleImportFailure)
----------------------------------------------------------------------
ImportError: Failed to import test module: tests.unit.engines.test_google_news
Traceback (most recent call last):
  File "/home/travis/virtualenv/python3.6.3/lib/python3.6/site-packages/nose2/plugins/loader/discovery.py", line 201, in _find_tests_in_file
    module = util.module_from_name(module_name)
  File "/home/travis/virtualenv/python3.6.3/lib/python3.6/site-packages/nose2/util.py", line 77, in module_from_name
    __import__(name)
  File "/home/travis/build/passed/asciimoo/searx/tests/unit/engines/test_google_news.py", line 5, in <module>
    from searx.engines import google_news
  File "/home/travis/build/passed/asciimoo/searx/searx/engines/__init__.py", line 23, in <module>
    from flask_babel import gettext
  File "/home/travis/virtualenv/python3.6.3/lib/python3.6/site-packages/flask_babel/__init__.py", line 19, in <module>
    from werkzeug import ImmutableDict
ImportError: cannot import name 'ImmutableDict'


======================================================================
ERROR: tests.unit.engines.test_google_videos (nose2.loader.ModuleImportFailure)
----------------------------------------------------------------------
ImportError: Failed to import test module: tests.unit.engines.test_google_videos
Traceback (most recent call last):
  File "/home/travis/virtualenv/python3.6.3/lib/python3.6/site-packages/nose2/plugins/loader/discovery.py", line 201, in _find_tests_in_file
    module = util.module_from_name(module_name)
  File "/home/travis/virtualenv/python3.6.3/lib/python3.6/site-packages/nose2/util.py", line 77, in module_from_name
    __import__(name)
  File "/home/travis/build/passed/asciimoo/searx/tests/unit/engines/test_google_videos.py", line 3, in <module>
    from searx.engines import google_videos
  File "/home/travis/build/passed/asciimoo/searx/searx/engines/__init__.py", line 23, in <module>
    from flask_babel import gettext
  File "/home/travis/virtualenv/python3.6.3/lib/python3.6/site-packages/flask_babel/__init__.py", line 19, in <module>
    from werkzeug import ImmutableDict
ImportError: cannot import name 'ImmutableDict'


======================================================================
ERROR: tests.unit.engines.test_ina (nose2.loader.ModuleImportFailure)
----------------------------------------------------------------------
ImportError: Failed to import test module: tests.unit.engines.test_ina
Traceback (most recent call last):
  File "/home/travis/virtualenv/python3.6.3/lib/python3.6/site-packages/nose2/plugins/loader/discovery.py", line 201, in _find_tests_in_file
    module = util.module_from_name(module_name)
  File "/home/travis/virtualenv/python3.6.3/lib/python3.6/site-packages/nose2/util.py", line 77, in module_from_name
    __import__(name)
  File "/home/travis/build/passed/asciimoo/searx/tests/unit/engines/test_ina.py", line 3, in <module>
    from searx.engines import ina
  File "/home/travis/build/passed/asciimoo/searx/searx/engines/__init__.py", line 23, in <module>
    from flask_babel import gettext
  File "/home/travis/virtualenv/python3.6.3/lib/python3.6/site-packages/flask_babel/__init__.py", line 19, in <module>
    from werkzeug import ImmutableDict
ImportError: cannot import name 'ImmutableDict'


======================================================================
ERROR: tests.unit.engines.test_kickass (nose2.loader.ModuleImportFailure)
----------------------------------------------------------------------
ImportError: Failed to import test module: tests.unit.engines.test_kickass
Traceback (most recent call last):
  File "/home/travis/virtualenv/python3.6.3/lib/python3.6/site-packages/nose2/plugins/loader/discovery.py", line 201, in _find_tests_in_file
    module = util.module_from_name(module_name)
  File "/home/travis/virtualenv/python3.6.3/lib/python3.6/site-packages/nose2/util.py", line 77, in module_from_name
    __import__(name)
  File "/home/travis/build/passed/asciimoo/searx/tests/unit/engines/test_kickass.py", line 4, in <module>
    from searx.engines import kickass
  File "/home/travis/build/passed/asciimoo/searx/searx/engines/__init__.py", line 23, in <module>
    from flask_babel import gettext
  File "/home/travis/virtualenv/python3.6.3/lib/python3.6/site-packages/flask_babel/__init__.py", line 19, in <module>
    from werkzeug import ImmutableDict
ImportError: cannot import name 'ImmutableDict'


======================================================================
ERROR: tests.unit.engines.test_mediawiki (nose2.loader.ModuleImportFailure)
----------------------------------------------------------------------
ImportError: Failed to import test module: tests.unit.engines.test_mediawiki
Traceback (most recent call last):
  File "/home/travis/virtualenv/python3.6.3/lib/python3.6/site-packages/nose2/plugins/loader/discovery.py", line 201, in _find_tests_in_file
    module = util.module_from_name(module_name)
  File "/home/travis/virtualenv/python3.6.3/lib/python3.6/site-packages/nose2/util.py", line 77, in module_from_name
    __import__(name)
  File "/home/travis/build/passed/asciimoo/searx/tests/unit/engines/test_mediawiki.py", line 4, in <module>
    from searx.engines import mediawiki
  File "/home/travis/build/passed/asciimoo/searx/searx/engines/__init__.py", line 23, in <module>
    from flask_babel import gettext
  File "/home/travis/virtualenv/python3.6.3/lib/python3.6/site-packages/flask_babel/__init__.py", line 19, in <module>
    from werkzeug import ImmutableDict
ImportError: cannot import name 'ImmutableDict'


======================================================================
ERROR: tests.unit.engines.test_mixcloud (nose2.loader.ModuleImportFailure)
----------------------------------------------------------------------
ImportError: Failed to import test module: tests.unit.engines.test_mixcloud
Traceback (most recent call last):
  File "/home/travis/virtualenv/python3.6.3/lib/python3.6/site-packages/nose2/plugins/loader/discovery.py", line 201, in _find_tests_in_file
    module = util.module_from_name(module_name)
  File "/home/travis/virtualenv/python3.6.3/lib/python3.6/site-packages/nose2/util.py", line 77, in module_from_name
    __import__(name)
  File "/home/travis/build/passed/asciimoo/searx/tests/unit/engines/test_mixcloud.py", line 3, in <module>
    from searx.engines import mixcloud
  File "/home/travis/build/passed/asciimoo/searx/searx/engines/__init__.py", line 23, in <module>
    from flask_babel import gettext
  File "/home/travis/virtualenv/python3.6.3/lib/python3.6/site-packages/flask_babel/__init__.py", line 19, in <module>
    from werkzeug import ImmutableDict
ImportError: cannot import name 'ImmutableDict'


======================================================================
ERROR: tests.unit.engines.test_nyaa (nose2.loader.ModuleImportFailure)
----------------------------------------------------------------------
ImportError: Failed to import test module: tests.unit.engines.test_nyaa
Traceback (most recent call last):
  File "/home/travis/virtualenv/python3.6.3/lib/python3.6/site-packages/nose2/plugins/loader/discovery.py", line 201, in _find_tests_in_file
    module = util.module_from_name(module_name)
  File "/home/travis/virtualenv/python3.6.3/lib/python3.6/site-packages/nose2/util.py", line 77, in module_from_name
    __import__(name)
  File "/home/travis/build/passed/asciimoo/searx/tests/unit/engines/test_nyaa.py", line 3, in <module>
    from searx.engines import nyaa
  File "/home/travis/build/passed/asciimoo/searx/searx/engines/__init__.py", line 23, in <module>
    from flask_babel import gettext
  File "/home/travis/virtualenv/python3.6.3/lib/python3.6/site-packages/flask_babel/__init__.py", line 19, in <module>
    from werkzeug import ImmutableDict
ImportError: cannot import name 'ImmutableDict'


======================================================================
ERROR: tests.unit.engines.test_openstreetmap (nose2.loader.ModuleImportFailure)
----------------------------------------------------------------------
ImportError: Failed to import test module: tests.unit.engines.test_openstreetmap
Traceback (most recent call last):
  File "/home/travis/virtualenv/python3.6.3/lib/python3.6/site-packages/nose2/plugins/loader/discovery.py", line 201, in _find_tests_in_file
    module = util.module_from_name(module_name)
  File "/home/travis/virtualenv/python3.6.3/lib/python3.6/site-packages/nose2/util.py", line 77, in module_from_name
    __import__(name)
  File "/home/travis/build/passed/asciimoo/searx/tests/unit/engines/test_openstreetmap.py", line 4, in <module>
    from searx.engines import openstreetmap
  File "/home/travis/build/passed/asciimoo/searx/searx/engines/__init__.py", line 23, in <module>
    from flask_babel import gettext
  File "/home/travis/virtualenv/python3.6.3/lib/python3.6/site-packages/flask_babel/__init__.py", line 19, in <module>
    from werkzeug import ImmutableDict
ImportError: cannot import name 'ImmutableDict'


======================================================================
ERROR: tests.unit.engines.test_pdbe (nose2.loader.ModuleImportFailure)
----------------------------------------------------------------------
ImportError: Failed to import test module: tests.unit.engines.test_pdbe
Traceback (most recent call last):
  File "/home/travis/virtualenv/python3.6.3/lib/python3.6/site-packages/nose2/plugins/loader/discovery.py", line 201, in _find_tests_in_file
    module = util.module_from_name(module_name)
  File "/home/travis/virtualenv/python3.6.3/lib/python3.6/site-packages/nose2/util.py", line 77, in module_from_name
    __import__(name)
  File "/home/travis/build/passed/asciimoo/searx/tests/unit/engines/test_pdbe.py", line 3, in <module>
    from searx.engines import pdbe
  File "/home/travis/build/passed/asciimoo/searx/searx/engines/__init__.py", line 23, in <module>
    from flask_babel import gettext
  File "/home/travis/virtualenv/python3.6.3/lib/python3.6/site-packages/flask_babel/__init__.py", line 19, in <module>
    from werkzeug import ImmutableDict
ImportError: cannot import name 'ImmutableDict'


======================================================================
ERROR: tests.unit.engines.test_photon (nose2.loader.ModuleImportFailure)
----------------------------------------------------------------------
ImportError: Failed to import test module: tests.unit.engines.test_photon
Traceback (most recent call last):
  File "/home/travis/virtualenv/python3.6.3/lib/python3.6/site-packages/nose2/plugins/loader/discovery.py", line 201, in _find_tests_in_file
    module = util.module_from_name(module_name)
  File "/home/travis/virtualenv/python3.6.3/lib/python3.6/site-packages/nose2/util.py", line 77, in module_from_name
    __import__(name)
  File "/home/travis/build/passed/asciimoo/searx/tests/unit/engines/test_photon.py", line 4, in <module>
    from searx.engines import photon
  File "/home/travis/build/passed/asciimoo/searx/searx/engines/__init__.py", line 23, in <module>
    from flask_babel import gettext
  File "/home/travis/virtualenv/python3.6.3/lib/python3.6/site-packages/flask_babel/__init__.py", line 19, in <module>
    from werkzeug import ImmutableDict
ImportError: cannot import name 'ImmutableDict'


======================================================================
ERROR: tests.unit.engines.test_piratebay (nose2.loader.ModuleImportFailure)
----------------------------------------------------------------------
ImportError: Failed to import test module: tests.unit.engines.test_piratebay
Traceback (most recent call last):
  File "/home/travis/virtualenv/python3.6.3/lib/python3.6/site-packages/nose2/plugins/loader/discovery.py", line 201, in _find_tests_in_file
    module = util.module_from_name(module_name)
  File "/home/travis/virtualenv/python3.6.3/lib/python3.6/site-packages/nose2/util.py", line 77, in module_from_name
    __import__(name)
  File "/home/travis/build/passed/asciimoo/searx/tests/unit/engines/test_piratebay.py", line 4, in <module>
    from searx.engines import piratebay
  File "/home/travis/build/passed/asciimoo/searx/searx/engines/__init__.py", line 23, in <module>
    from flask_babel import gettext
  File "/home/travis/virtualenv/python3.6.3/lib/python3.6/site-packages/flask_babel/__init__.py", line 19, in <module>
    from werkzeug import ImmutableDict
ImportError: cannot import name 'ImmutableDict'


======================================================================
ERROR: tests.unit.engines.test_qwant (nose2.loader.ModuleImportFailure)
----------------------------------------------------------------------
ImportError: Failed to import test module: tests.unit.engines.test_qwant
Traceback (most recent call last):
  File "/home/travis/virtualenv/python3.6.3/lib/python3.6/site-packages/nose2/plugins/loader/discovery.py", line 201, in _find_tests_in_file
    module = util.module_from_name(module_name)
  File "/home/travis/virtualenv/python3.6.3/lib/python3.6/site-packages/nose2/util.py", line 77, in module_from_name
    __import__(name)
  File "/home/travis/build/passed/asciimoo/searx/tests/unit/engines/test_qwant.py", line 3, in <module>
    from searx.engines import qwant
  File "/home/travis/build/passed/asciimoo/searx/searx/engines/__init__.py", line 23, in <module>
    from flask_babel import gettext
  File "/home/travis/virtualenv/python3.6.3/lib/python3.6/site-packages/flask_babel/__init__.py", line 19, in <module>
    from werkzeug import ImmutableDict
ImportError: cannot import name 'ImmutableDict'


======================================================================
ERROR: tests.unit.engines.test_reddit (nose2.loader.ModuleImportFailure)
----------------------------------------------------------------------
ImportError: Failed to import test module: tests.unit.engines.test_reddit
Traceback (most recent call last):
  File "/home/travis/virtualenv/python3.6.3/lib/python3.6/site-packages/nose2/plugins/loader/discovery.py", line 201, in _find_tests_in_file
    module = util.module_from_name(module_name)
  File "/home/travis/virtualenv/python3.6.3/lib/python3.6/site-packages/nose2/util.py", line 77, in module_from_name
    __import__(name)
  File "/home/travis/build/passed/asciimoo/searx/tests/unit/engines/test_reddit.py", line 3, in <module>
    from searx.engines import reddit
  File "/home/travis/build/passed/asciimoo/searx/searx/engines/__init__.py", line 23, in <module>
    from flask_babel import gettext
  File "/home/travis/virtualenv/python3.6.3/lib/python3.6/site-packages/flask_babel/__init__.py", line 19, in <module>
    from werkzeug import ImmutableDict
ImportError: cannot import name 'ImmutableDict'


======================================================================
ERROR: tests.unit.engines.test_scanr_structures (nose2.loader.ModuleImportFailure)
----------------------------------------------------------------------
ImportError: Failed to import test module: tests.unit.engines.test_scanr_structures
Traceback (most recent call last):
  File "/home/travis/virtualenv/python3.6.3/lib/python3.6/site-packages/nose2/plugins/loader/discovery.py", line 201, in _find_tests_in_file
    module = util.module_from_name(module_name)
  File "/home/travis/virtualenv/python3.6.3/lib/python3.6/site-packages/nose2/util.py", line 77, in module_from_name
    __import__(name)
  File "/home/travis/build/passed/asciimoo/searx/tests/unit/engines/test_scanr_structures.py", line 3, in <module>
    from searx.engines import scanr_structures
  File "/home/travis/build/passed/asciimoo/searx/searx/engines/__init__.py", line 23, in <module>
    from flask_babel import gettext
  File "/home/travis/virtualenv/python3.6.3/lib/python3.6/site-packages/flask_babel/__init__.py", line 19, in <module>
    from werkzeug import ImmutableDict
ImportError: cannot import name 'ImmutableDict'


======================================================================
ERROR: tests.unit.engines.test_searchcode_code (nose2.loader.ModuleImportFailure)
----------------------------------------------------------------------
ImportError: Failed to import test module: tests.unit.engines.test_searchcode_code
Traceback (most recent call last):
  File "/home/travis/virtualenv/python3.6.3/lib/python3.6/site-packages/nose2/plugins/loader/discovery.py", line 201, in _find_tests_in_file
    module = util.module_from_name(module_name)
  File "/home/travis/virtualenv/python3.6.3/lib/python3.6/site-packages/nose2/util.py", line 77, in module_from_name
    __import__(name)
  File "/home/travis/build/passed/asciimoo/searx/tests/unit/engines/test_searchcode_code.py", line 3, in <module>
    from searx.engines import searchcode_code
  File "/home/travis/build/passed/asciimoo/searx/searx/engines/__init__.py", line 23, in <module>
    from flask_babel import gettext
  File "/home/travis/virtualenv/python3.6.3/lib/python3.6/site-packages/flask_babel/__init__.py", line 19, in <module>
    from werkzeug import ImmutableDict
ImportError: cannot import name 'ImmutableDict'


======================================================================
ERROR: tests.unit.engines.test_searchcode_doc (nose2.loader.ModuleImportFailure)
----------------------------------------------------------------------
ImportError: Failed to import test module: tests.unit.engines.test_searchcode_doc
Traceback (most recent call last):
  File "/home/travis/virtualenv/python3.6.3/lib/python3.6/site-packages/nose2/plugins/loader/discovery.py", line 201, in _find_tests_in_file
    module = util.module_from_name(module_name)
  File "/home/travis/virtualenv/python3.6.3/lib/python3.6/site-packages/nose2/util.py", line 77, in module_from_name
    __import__(name)
  File "/home/travis/build/passed/asciimoo/searx/tests/unit/engines/test_searchcode_doc.py", line 3, in <module>
    from searx.engines import searchcode_doc
  File "/home/travis/build/passed/asciimoo/searx/searx/engines/__init__.py", line 23, in <module>
    from flask_babel import gettext
  File "/home/travis/virtualenv/python3.6.3/lib/python3.6/site-packages/flask_babel/__init__.py", line 19, in <module>
    from werkzeug import ImmutableDict
ImportError: cannot import name 'ImmutableDict'


======================================================================
ERROR: tests.unit.engines.test_seedpeer (nose2.loader.ModuleImportFailure)
----------------------------------------------------------------------
ImportError: Failed to import test module: tests.unit.engines.test_seedpeer
Traceback (most recent call last):
  File "/home/travis/virtualenv/python3.6.3/lib/python3.6/site-packages/nose2/plugins/loader/discovery.py", line 201, in _find_tests_in_file
    module = util.module_from_name(module_name)
  File "/home/travis/virtualenv/python3.6.3/lib/python3.6/site-packages/nose2/util.py", line 77, in module_from_name
    __import__(name)
  File "/home/travis/build/passed/asciimoo/searx/tests/unit/engines/test_seedpeer.py", line 3, in <module>
    from searx.engines import seedpeer
  File "/home/travis/build/passed/asciimoo/searx/searx/engines/__init__.py", line 23, in <module>
    from flask_babel import gettext
  File "/home/travis/virtualenv/python3.6.3/lib/python3.6/site-packages/flask_babel/__init__.py", line 19, in <module>
    from werkzeug import ImmutableDict
ImportError: cannot import name 'ImmutableDict'


======================================================================
ERROR: tests.unit.engines.test_soundcloud (nose2.loader.ModuleImportFailure)
----------------------------------------------------------------------
ImportError: Failed to import test module: tests.unit.engines.test_soundcloud
Traceback (most recent call last):
  File "/home/travis/virtualenv/python3.6.3/lib/python3.6/site-packages/nose2/plugins/loader/discovery.py", line 201, in _find_tests_in_file
    module = util.module_from_name(module_name)
  File "/home/travis/virtualenv/python3.6.3/lib/python3.6/site-packages/nose2/util.py", line 77, in module_from_name
    __import__(name)
  File "/home/travis/build/passed/asciimoo/searx/tests/unit/engines/test_soundcloud.py", line 3, in <module>
    from searx.engines import soundcloud
  File "/home/travis/build/passed/asciimoo/searx/searx/engines/__init__.py", line 23, in <module>
    from flask_babel import gettext
  File "/home/travis/virtualenv/python3.6.3/lib/python3.6/site-packages/flask_babel/__init__.py", line 19, in <module>
    from werkzeug import ImmutableDict
ImportError: cannot import name 'ImmutableDict'


======================================================================
ERROR: tests.unit.engines.test_spotify (nose2.loader.ModuleImportFailure)
----------------------------------------------------------------------
ImportError: Failed to import test module: tests.unit.engines.test_spotify
Traceback (most recent call last):
  File "/home/travis/virtualenv/python3.6.3/lib/python3.6/site-packages/nose2/plugins/loader/discovery.py", line 201, in _find_tests_in_file
    module = util.module_from_name(module_name)
  File "/home/travis/virtualenv/python3.6.3/lib/python3.6/site-packages/nose2/util.py", line 77, in module_from_name
    __import__(name)
  File "/home/travis/build/passed/asciimoo/searx/tests/unit/engines/test_spotify.py", line 3, in <module>
    from searx.engines import spotify
  File "/home/travis/build/passed/asciimoo/searx/searx/engines/__init__.py", line 23, in <module>
    from flask_babel import gettext
  File "/home/travis/virtualenv/python3.6.3/lib/python3.6/site-packages/flask_babel/__init__.py", line 19, in <module>
    from werkzeug import ImmutableDict
ImportError: cannot import name 'ImmutableDict'


======================================================================
ERROR: tests.unit.engines.test_stackoverflow (nose2.loader.ModuleImportFailure)
----------------------------------------------------------------------
ImportError: Failed to import test module: tests.unit.engines.test_stackoverflow
Traceback (most recent call last):
  File "/home/travis/virtualenv/python3.6.3/lib/python3.6/site-packages/nose2/plugins/loader/discovery.py", line 201, in _find_tests_in_file
    module = util.module_from_name(module_name)
  File "/home/travis/virtualenv/python3.6.3/lib/python3.6/site-packages/nose2/util.py", line 77, in module_from_name
    __import__(name)
  File "/home/travis/build/passed/asciimoo/searx/tests/unit/engines/test_stackoverflow.py", line 3, in <module>
    from searx.engines import stackoverflow
  File "/home/travis/build/passed/asciimoo/searx/searx/engines/__init__.py", line 23, in <module>
    from flask_babel import gettext
  File "/home/travis/virtualenv/python3.6.3/lib/python3.6/site-packages/flask_babel/__init__.py", line 19, in <module>
    from werkzeug import ImmutableDict
ImportError: cannot import name 'ImmutableDict'


======================================================================
ERROR: tests.unit.engines.test_startpage (nose2.loader.ModuleImportFailure)
----------------------------------------------------------------------
ImportError: Failed to import test module: tests.unit.engines.test_startpage
Traceback (most recent call last):
  File "/home/travis/virtualenv/python3.6.3/lib/python3.6/site-packages/nose2/plugins/loader/discovery.py", line 201, in _find_tests_in_file
    module = util.module_from_name(module_name)
  File "/home/travis/virtualenv/python3.6.3/lib/python3.6/site-packages/nose2/util.py", line 77, in module_from_name
    __import__(name)
  File "/home/travis/build/passed/asciimoo/searx/tests/unit/engines/test_startpage.py", line 4, in <module>
    from searx.engines import startpage
  File "/home/travis/build/passed/asciimoo/searx/searx/engines/__init__.py", line 23, in <module>
    from flask_babel import gettext
  File "/home/travis/virtualenv/python3.6.3/lib/python3.6/site-packages/flask_babel/__init__.py", line 19, in <module>
    from werkzeug import ImmutableDict
ImportError: cannot import name 'ImmutableDict'


======================================================================
ERROR: tests.unit.engines.test_subtitleseeker (nose2.loader.ModuleImportFailure)
----------------------------------------------------------------------
ImportError: Failed to import test module: tests.unit.engines.test_subtitleseeker
Traceback (most recent call last):
  File "/home/travis/virtualenv/python3.6.3/lib/python3.6/site-packages/nose2/plugins/loader/discovery.py", line 201, in _find_tests_in_file
    module = util.module_from_name(module_name)
  File "/home/travis/virtualenv/python3.6.3/lib/python3.6/site-packages/nose2/util.py", line 77, in module_from_name
    __import__(name)
  File "/home/travis/build/passed/asciimoo/searx/tests/unit/engines/test_subtitleseeker.py", line 3, in <module>
    from searx.engines import subtitleseeker
  File "/home/travis/build/passed/asciimoo/searx/searx/engines/__init__.py", line 23, in <module>
    from flask_babel import gettext
  File "/home/travis/virtualenv/python3.6.3/lib/python3.6/site-packages/flask_babel/__init__.py", line 19, in <module>
    from werkzeug import ImmutableDict
ImportError: cannot import name 'ImmutableDict'


======================================================================
ERROR: tests.unit.engines.test_swisscows (nose2.loader.ModuleImportFailure)
----------------------------------------------------------------------
ImportError: Failed to import test module: tests.unit.engines.test_swisscows
Traceback (most recent call last):
  File "/home/travis/virtualenv/python3.6.3/lib/python3.6/site-packages/nose2/plugins/loader/discovery.py", line 201, in _find_tests_in_file
    module = util.module_from_name(module_name)
  File "/home/travis/virtualenv/python3.6.3/lib/python3.6/site-packages/nose2/util.py", line 77, in module_from_name
    __import__(name)
  File "/home/travis/build/passed/asciimoo/searx/tests/unit/engines/test_swisscows.py", line 3, in <module>
    from searx.engines import swisscows
  File "/home/travis/build/passed/asciimoo/searx/searx/engines/__init__.py", line 23, in <module>
    from flask_babel import gettext
  File "/home/travis/virtualenv/python3.6.3/lib/python3.6/site-packages/flask_babel/__init__.py", line 19, in <module>
    from werkzeug import ImmutableDict
ImportError: cannot import name 'ImmutableDict'


======================================================================
ERROR: tests.unit.engines.test_tokyotoshokan (nose2.loader.ModuleImportFailure)
----------------------------------------------------------------------
ImportError: Failed to import test module: tests.unit.engines.test_tokyotoshokan
Traceback (most recent call last):
  File "/home/travis/virtualenv/python3.6.3/lib/python3.6/site-packages/nose2/plugins/loader/discovery.py", line 201, in _find_tests_in_file
    module = util.module_from_name(module_name)
  File "/home/travis/virtualenv/python3.6.3/lib/python3.6/site-packages/nose2/util.py", line 77, in module_from_name
    __import__(name)
  File "/home/travis/build/passed/asciimoo/searx/tests/unit/engines/test_tokyotoshokan.py", line 3, in <module>
    from searx.engines import tokyotoshokan
  File "/home/travis/build/passed/asciimoo/searx/searx/engines/__init__.py", line 23, in <module>
    from flask_babel import gettext
  File "/home/travis/virtualenv/python3.6.3/lib/python3.6/site-packages/flask_babel/__init__.py", line 19, in <module>
    from werkzeug import ImmutableDict
ImportError: cannot import name 'ImmutableDict'


======================================================================
ERROR: tests.unit.engines.test_torrentz (nose2.loader.ModuleImportFailure)
----------------------------------------------------------------------
ImportError: Failed to import test module: tests.unit.engines.test_torrentz
Traceback (most recent call last):
  File "/home/travis/virtualenv/python3.6.3/lib/python3.6/site-packages/nose2/plugins/loader/discovery.py", line 201, in _find_tests_in_file
    module = util.module_from_name(module_name)
  File "/home/travis/virtualenv/python3.6.3/lib/python3.6/site-packages/nose2/util.py", line 77, in module_from_name
    __import__(name)
  File "/home/travis/build/passed/asciimoo/searx/tests/unit/engines/test_torrentz.py", line 3, in <module>
    from searx.engines import torrentz
  File "/home/travis/build/passed/asciimoo/searx/searx/engines/__init__.py", line 23, in <module>
    from flask_babel import gettext
  File "/home/travis/virtualenv/python3.6.3/lib/python3.6/site-packages/flask_babel/__init__.py", line 19, in <module>
    from werkzeug import ImmutableDict
ImportError: cannot import name 'ImmutableDict'


======================================================================
ERROR: tests.unit.engines.test_twitter (nose2.loader.ModuleImportFailure)
----------------------------------------------------------------------
ImportError: Failed to import test module: tests.unit.engines.test_twitter
Traceback (most recent call last):
  File "/home/travis/virtualenv/python3.6.3/lib/python3.6/site-packages/nose2/plugins/loader/discovery.py", line 201, in _find_tests_in_file
    module = util.module_from_name(module_name)
  File "/home/travis/virtualenv/python3.6.3/lib/python3.6/site-packages/nose2/util.py", line 77, in module_from_name
    __import__(name)
  File "/home/travis/build/passed/asciimoo/searx/tests/unit/engines/test_twitter.py", line 4, in <module>
    from searx.engines import twitter
  File "/home/travis/build/passed/asciimoo/searx/searx/engines/__init__.py", line 23, in <module>
    from flask_babel import gettext
  File "/home/travis/virtualenv/python3.6.3/lib/python3.6/site-packages/flask_babel/__init__.py", line 19, in <module>
    from werkzeug import ImmutableDict
ImportError: cannot import name 'ImmutableDict'


======================================================================
ERROR: tests.unit.engines.test_vimeo (nose2.loader.ModuleImportFailure)
----------------------------------------------------------------------
ImportError: Failed to import test module: tests.unit.engines.test_vimeo
Traceback (most recent call last):
  File "/home/travis/virtualenv/python3.6.3/lib/python3.6/site-packages/nose2/plugins/loader/discovery.py", line 201, in _find_tests_in_file
    module = util.module_from_name(module_name)
  File "/home/travis/virtualenv/python3.6.3/lib/python3.6/site-packages/nose2/util.py", line 77, in module_from_name
    __import__(name)
  File "/home/travis/build/passed/asciimoo/searx/tests/unit/engines/test_vimeo.py", line 4, in <module>
    from searx.engines import vimeo
  File "/home/travis/build/passed/asciimoo/searx/searx/engines/__init__.py", line 23, in <module>
    from flask_babel import gettext
  File "/home/travis/virtualenv/python3.6.3/lib/python3.6/site-packages/flask_babel/__init__.py", line 19, in <module>
    from werkzeug import ImmutableDict
ImportError: cannot import name 'ImmutableDict'


======================================================================
ERROR: tests.unit.engines.test_wikidata (nose2.loader.ModuleImportFailure)
----------------------------------------------------------------------
ImportError: Failed to import test module: tests.unit.engines.test_wikidata
Traceback (most recent call last):
  File "/home/travis/virtualenv/python3.6.3/lib/python3.6/site-packages/nose2/plugins/loader/discovery.py", line 201, in _find_tests_in_file
    module = util.module_from_name(module_name)
  File "/home/travis/virtualenv/python3.6.3/lib/python3.6/site-packages/nose2/util.py", line 77, in module_from_name
    __import__(name)
  File "/home/travis/build/passed/asciimoo/searx/tests/unit/engines/test_wikidata.py", line 5, in <module>
    from searx.engines import wikidata
  File "/home/travis/build/passed/asciimoo/searx/searx/engines/__init__.py", line 23, in <module>
    from flask_babel import gettext
  File "/home/travis/virtualenv/python3.6.3/lib/python3.6/site-packages/flask_babel/__init__.py", line 19, in <module>
    from werkzeug import ImmutableDict
ImportError: cannot import name 'ImmutableDict'


======================================================================
ERROR: tests.unit.engines.test_wikipedia (nose2.loader.ModuleImportFailure)
----------------------------------------------------------------------
ImportError: Failed to import test module: tests.unit.engines.test_wikipedia
Traceback (most recent call last):
  File "/home/travis/virtualenv/python3.6.3/lib/python3.6/site-packages/nose2/plugins/loader/discovery.py", line 201, in _find_tests_in_file
    module = util.module_from_name(module_name)
  File "/home/travis/virtualenv/python3.6.3/lib/python3.6/site-packages/nose2/util.py", line 77, in module_from_name
    __import__(name)
  File "/home/travis/build/passed/asciimoo/searx/tests/unit/engines/test_wikipedia.py", line 4, in <module>
    from searx.engines import wikipedia
  File "/home/travis/build/passed/asciimoo/searx/searx/engines/__init__.py", line 23, in <module>
    from flask_babel import gettext
  File "/home/travis/virtualenv/python3.6.3/lib/python3.6/site-packages/flask_babel/__init__.py", line 19, in <module>
    from werkzeug import ImmutableDict
ImportError: cannot import name 'ImmutableDict'


======================================================================
ERROR: tests.unit.engines.test_wolframalpha_api (nose2.loader.ModuleImportFailure)
----------------------------------------------------------------------
ImportError: Failed to import test module: tests.unit.engines.test_wolframalpha_api
Traceback (most recent call last):
  File "/home/travis/virtualenv/python3.6.3/lib/python3.6/site-packages/nose2/plugins/loader/discovery.py", line 201, in _find_tests_in_file
    module = util.module_from_name(module_name)
  File "/home/travis/virtualenv/python3.6.3/lib/python3.6/site-packages/nose2/util.py", line 77, in module_from_name
    __import__(name)
  File "/home/travis/build/passed/asciimoo/searx/tests/unit/engines/test_wolframalpha_api.py", line 5, in <module>
    from searx.engines import wolframalpha_api
  File "/home/travis/build/passed/asciimoo/searx/searx/engines/__init__.py", line 23, in <module>
    from flask_babel import gettext
  File "/home/travis/virtualenv/python3.6.3/lib/python3.6/site-packages/flask_babel/__init__.py", line 19, in <module>
    from werkzeug import ImmutableDict
ImportError: cannot import name 'ImmutableDict'


======================================================================
ERROR: tests.unit.engines.test_wolframalpha_noapi (nose2.loader.ModuleImportFailure)
----------------------------------------------------------------------
ImportError: Failed to import test module: tests.unit.engines.test_wolframalpha_noapi
Traceback (most recent call last):
  File "/home/travis/virtualenv/python3.6.3/lib/python3.6/site-packages/nose2/plugins/loader/discovery.py", line 201, in _find_tests_in_file
    module = util.module_from_name(module_name)
  File "/home/travis/virtualenv/python3.6.3/lib/python3.6/site-packages/nose2/util.py", line 77, in module_from_name
    __import__(name)
  File "/home/travis/build/passed/asciimoo/searx/tests/unit/engines/test_wolframalpha_noapi.py", line 5, in <module>
    from searx.engines import wolframalpha_noapi
  File "/home/travis/build/passed/asciimoo/searx/searx/engines/__init__.py", line 23, in <module>
    from flask_babel import gettext
  File "/home/travis/virtualenv/python3.6.3/lib/python3.6/site-packages/flask_babel/__init__.py", line 19, in <module>
    from werkzeug import ImmutableDict
ImportError: cannot import name 'ImmutableDict'


======================================================================
ERROR: tests.unit.engines.test_www1x (nose2.loader.ModuleImportFailure)
----------------------------------------------------------------------
ImportError: Failed to import test module: tests.unit.engines.test_www1x
Traceback (most recent call last):
  File "/home/travis/virtualenv/python3.6.3/lib/python3.6/site-packages/nose2/plugins/loader/discovery.py", line 201, in _find_tests_in_file
    module = util.module_from_name(module_name)
  File "/home/travis/virtualenv/python3.6.3/lib/python3.6/site-packages/nose2/util.py", line 77, in module_from_name
    __import__(name)
  File "/home/travis/build/passed/asciimoo/searx/tests/unit/engines/test_www1x.py", line 3, in <module>
    from searx.engines import www1x
  File "/home/travis/build/passed/asciimoo/searx/searx/engines/__init__.py", line 23, in <module>
    from flask_babel import gettext
  File "/home/travis/virtualenv/python3.6.3/lib/python3.6/site-packages/flask_babel/__init__.py", line 19, in <module>
    from werkzeug import ImmutableDict
ImportError: cannot import name 'ImmutableDict'


======================================================================
ERROR: tests.unit.engines.test_www500px (nose2.loader.ModuleImportFailure)
----------------------------------------------------------------------
ImportError: Failed to import test module: tests.unit.engines.test_www500px
Traceback (most recent call last):
  File "/home/travis/virtualenv/python3.6.3/lib/python3.6/site-packages/nose2/plugins/loader/discovery.py", line 201, in _find_tests_in_file
    module = util.module_from_name(module_name)
  File "/home/travis/virtualenv/python3.6.3/lib/python3.6/site-packages/nose2/util.py", line 77, in module_from_name
    __import__(name)
  File "/home/travis/build/passed/asciimoo/searx/tests/unit/engines/test_www500px.py", line 4, in <module>
    from searx.engines import www500px
  File "/home/travis/build/passed/asciimoo/searx/searx/engines/__init__.py", line 23, in <module>
    from flask_babel import gettext
  File "/home/travis/virtualenv/python3.6.3/lib/python3.6/site-packages/flask_babel/__init__.py", line 19, in <module>
    from werkzeug import ImmutableDict
ImportError: cannot import name 'ImmutableDict'


======================================================================
ERROR: tests.unit.engines.test_yacy (nose2.loader.ModuleImportFailure)
----------------------------------------------------------------------
ImportError: Failed to import test module: tests.unit.engines.test_yacy
Traceback (most recent call last):
  File "/home/travis/virtualenv/python3.6.3/lib/python3.6/site-packages/nose2/plugins/loader/discovery.py", line 201, in _find_tests_in_file
    module = util.module_from_name(module_name)
  File "/home/travis/virtualenv/python3.6.3/lib/python3.6/site-packages/nose2/util.py", line 77, in module_from_name
    __import__(name)
  File "/home/travis/build/passed/asciimoo/searx/tests/unit/engines/test_yacy.py", line 3, in <module>
    from searx.engines import yacy
  File "/home/travis/build/passed/asciimoo/searx/searx/engines/__init__.py", line 23, in <module>
    from flask_babel import gettext
  File "/home/travis/virtualenv/python3.6.3/lib/python3.6/site-packages/flask_babel/__init__.py", line 19, in <module>
    from werkzeug import ImmutableDict
ImportError: cannot import name 'ImmutableDict'


======================================================================
ERROR: tests.unit.engines.test_yahoo (nose2.loader.ModuleImportFailure)
----------------------------------------------------------------------
ImportError: Failed to import test module: tests.unit.engines.test_yahoo
Traceback (most recent call last):
  File "/home/travis/virtualenv/python3.6.3/lib/python3.6/site-packages/nose2/plugins/loader/discovery.py", line 201, in _find_tests_in_file
    module = util.module_from_name(module_name)
  File "/home/travis/virtualenv/python3.6.3/lib/python3.6/site-packages/nose2/util.py", line 77, in module_from_name
    __import__(name)
  File "/home/travis/build/passed/asciimoo/searx/tests/unit/engines/test_yahoo.py", line 4, in <module>
    from searx.engines import yahoo
  File "/home/travis/build/passed/asciimoo/searx/searx/engines/__init__.py", line 23, in <module>
    from flask_babel import gettext
  File "/home/travis/virtualenv/python3.6.3/lib/python3.6/site-packages/flask_babel/__init__.py", line 19, in <module>
    from werkzeug import ImmutableDict
ImportError: cannot import name 'ImmutableDict'


======================================================================
ERROR: tests.unit.engines.test_yahoo_news (nose2.loader.ModuleImportFailure)
----------------------------------------------------------------------
ImportError: Failed to import test module: tests.unit.engines.test_yahoo_news
Traceback (most recent call last):
  File "/home/travis/virtualenv/python3.6.3/lib/python3.6/site-packages/nose2/plugins/loader/discovery.py", line 201, in _find_tests_in_file
    module = util.module_from_name(module_name)
  File "/home/travis/virtualenv/python3.6.3/lib/python3.6/site-packages/nose2/util.py", line 77, in module_from_name
    __import__(name)
  File "/home/travis/build/passed/asciimoo/searx/tests/unit/engines/test_yahoo_news.py", line 5, in <module>
    from searx.engines import yahoo_news
  File "/home/travis/build/passed/asciimoo/searx/searx/engines/__init__.py", line 23, in <module>
    from flask_babel import gettext
  File "/home/travis/virtualenv/python3.6.3/lib/python3.6/site-packages/flask_babel/__init__.py", line 19, in <module>
    from werkzeug import ImmutableDict
ImportError: cannot import name 'ImmutableDict'


======================================================================
ERROR: tests.unit.engines.test_youtube_api (nose2.loader.ModuleImportFailure)
----------------------------------------------------------------------
ImportError: Failed to import test module: tests.unit.engines.test_youtube_api
Traceback (most recent call last):
  File "/home/travis/virtualenv/python3.6.3/lib/python3.6/site-packages/nose2/plugins/loader/discovery.py", line 201, in _find_tests_in_file
    module = util.module_from_name(module_name)
  File "/home/travis/virtualenv/python3.6.3/lib/python3.6/site-packages/nose2/util.py", line 77, in module_from_name
    __import__(name)
  File "/home/travis/build/passed/asciimoo/searx/tests/unit/engines/test_youtube_api.py", line 3, in <module>
    from searx.engines import youtube_api
  File "/home/travis/build/passed/asciimoo/searx/searx/engines/__init__.py", line 23, in <module>
    from flask_babel import gettext
  File "/home/travis/virtualenv/python3.6.3/lib/python3.6/site-packages/flask_babel/__init__.py", line 19, in <module>
    from werkzeug import ImmutableDict
ImportError: cannot import name 'ImmutableDict'


======================================================================
ERROR: tests.unit.engines.test_youtube_noapi (nose2.loader.ModuleImportFailure)
----------------------------------------------------------------------
ImportError: Failed to import test module: tests.unit.engines.test_youtube_noapi
Traceback (most recent call last):
  File "/home/travis/virtualenv/python3.6.3/lib/python3.6/site-packages/nose2/plugins/loader/discovery.py", line 201, in _find_tests_in_file
    module = util.module_from_name(module_name)
  File "/home/travis/virtualenv/python3.6.3/lib/python3.6/site-packages/nose2/util.py", line 77, in module_from_name
    __import__(name)
  File "/home/travis/build/passed/asciimoo/searx/tests/unit/engines/test_youtube_noapi.py", line 4, in <module>
    from searx.engines import youtube_noapi
  File "/home/travis/build/passed/asciimoo/searx/searx/engines/__init__.py", line 23, in <module>
    from flask_babel import gettext
  File "/home/travis/virtualenv/python3.6.3/lib/python3.6/site-packages/flask_babel/__init__.py", line 19, in <module>
    from werkzeug import ImmutableDict
ImportError: cannot import name 'ImmutableDict'


======================================================================
ERROR: tests.unit.test_answerers (nose2.loader.ModuleImportFailure)
----------------------------------------------------------------------
ImportError: Failed to import test module: tests.unit.test_answerers
Traceback (most recent call last):
  File "/home/travis/virtualenv/python3.6.3/lib/python3.6/site-packages/nose2/plugins/loader/discovery.py", line 201, in _find_tests_in_file
    module = util.module_from_name(module_name)
  File "/home/travis/virtualenv/python3.6.3/lib/python3.6/site-packages/nose2/util.py", line 77, in module_from_name
    __import__(name)
  File "/home/travis/build/passed/asciimoo/searx/tests/unit/test_answerers.py", line 5, in <module>
    from searx.answerers import answerers
  File "/home/travis/build/passed/asciimoo/searx/searx/answerers/__init__.py", line 49, in <module>
    answerers = load_answerers()
  File "/home/travis/build/passed/asciimoo/searx/searx/answerers/__init__.py", line 19, in load_answerers
    module = load_module('answerer.py', join(answerers_dir, filename))
  File "/home/travis/build/passed/asciimoo/searx/searx/utils.py", line 330, in load_module
    module = load_source(modname, filepath)
  File "/home/travis/virtualenv/python3.6.3/lib/python3.6/imp.py", line 172, in load_source
    module = _load(spec)
  File "/home/travis/build/passed/asciimoo/searx/searx/answerers/random/answerer.py", line 4, in <module>
    from flask_babel import gettext
  File "/home/travis/virtualenv/python3.6.3/lib/python3.6/site-packages/flask_babel/__init__.py", line 19, in <module>
    from werkzeug import ImmutableDict
ImportError: cannot import name 'ImmutableDict'


======================================================================
ERROR: tests.unit.test_plugins (nose2.loader.ModuleImportFailure)
----------------------------------------------------------------------
ImportError: Failed to import test module: tests.unit.test_plugins
Traceback (most recent call last):
  File "/home/travis/virtualenv/python3.6.3/lib/python3.6/site-packages/nose2/plugins/loader/discovery.py", line 201, in _find_tests_in_file
    module = util.module_from_name(module_name)
  File "/home/travis/virtualenv/python3.6.3/lib/python3.6/site-packages/nose2/util.py", line 77, in module_from_name
    __import__(name)
  File "/home/travis/build/passed/asciimoo/searx/tests/unit/test_plugins.py", line 4, in <module>
    from searx import plugins
  File "/home/travis/build/passed/asciimoo/searx/searx/plugins/__init__.py", line 25, in <module>
    from searx.plugins import (oa_doi_rewrite,
  File "/home/travis/build/passed/asciimoo/searx/searx/plugins/oa_doi_rewrite.py", line 1, in <module>
    from flask_babel import gettext
  File "/home/travis/virtualenv/python3.6.3/lib/python3.6/site-packages/flask_babel/__init__.py", line 19, in <module>
    from werkzeug import ImmutableDict
ImportError: cannot import name 'ImmutableDict'


======================================================================
ERROR: tests.unit.test_preferences (nose2.loader.ModuleImportFailure)
----------------------------------------------------------------------
ImportError: Failed to import test module: tests.unit.test_preferences
Traceback (most recent call last):
  File "/home/travis/virtualenv/python3.6.3/lib/python3.6/site-packages/nose2/plugins/loader/discovery.py", line 201, in _find_tests_in_file
    module = util.module_from_name(module_name)
  File "/home/travis/virtualenv/python3.6.3/lib/python3.6/site-packages/nose2/util.py", line 77, in module_from_name
    __import__(name)
  File "/home/travis/build/passed/asciimoo/searx/tests/unit/test_preferences.py", line 1, in <module>
    from searx.preferences import (EnumStringSetting, MapSetting, MissingArgumentException, SearchLanguageSetting,
  File "/home/travis/build/passed/asciimoo/searx/searx/preferences.py", line 5, in <module>
    from searx import settings, autocomplete
  File "/home/travis/build/passed/asciimoo/searx/searx/autocomplete.py", line 23, in <module>
    from searx.engines import (
  File "/home/travis/build/passed/asciimoo/searx/searx/engines/__init__.py", line 23, in <module>
    from flask_babel import gettext
  File "/home/travis/virtualenv/python3.6.3/lib/python3.6/site-packages/flask_babel/__init__.py", line 19, in <module>
    from werkzeug import ImmutableDict
ImportError: cannot import name 'ImmutableDict'


======================================================================
ERROR: tests.unit.test_query (nose2.loader.ModuleImportFailure)
----------------------------------------------------------------------
ImportError: Failed to import test module: tests.unit.test_query
Traceback (most recent call last):
  File "/home/travis/virtualenv/python3.6.3/lib/python3.6/site-packages/nose2/plugins/loader/discovery.py", line 201, in _find_tests_in_file
    module = util.module_from_name(module_name)
  File "/home/travis/virtualenv/python3.6.3/lib/python3.6/site-packages/nose2/util.py", line 77, in module_from_name
    __import__(name)
  File "/home/travis/build/passed/asciimoo/searx/tests/unit/test_query.py", line 1, in <module>
    from searx.query import RawTextQuery
  File "/home/travis/build/passed/asciimoo/searx/searx/query.py", line 21, in <module>
    from searx.engines import (
  File "/home/travis/build/passed/asciimoo/searx/searx/engines/__init__.py", line 23, in <module>
    from flask_babel import gettext
  File "/home/travis/virtualenv/python3.6.3/lib/python3.6/site-packages/flask_babel/__init__.py", line 19, in <module>
    from werkzeug import ImmutableDict
ImportError: cannot import name 'ImmutableDict'


======================================================================
ERROR: tests.unit.test_results (nose2.loader.ModuleImportFailure)
----------------------------------------------------------------------
ImportError: Failed to import test module: tests.unit.test_results
Traceback (most recent call last):
  File "/home/travis/virtualenv/python3.6.3/lib/python3.6/site-packages/nose2/plugins/loader/discovery.py", line 201, in _find_tests_in_file
    module = util.module_from_name(module_name)
  File "/home/travis/virtualenv/python3.6.3/lib/python3.6/site-packages/nose2/util.py", line 77, in module_from_name
    __import__(name)
  File "/home/travis/build/passed/asciimoo/searx/tests/unit/test_results.py", line 3, in <module>
    from searx.results import ResultContainer
  File "/home/travis/build/passed/asciimoo/searx/searx/results.py", line 6, in <module>
    from searx.engines import engines
  File "/home/travis/build/passed/asciimoo/searx/searx/engines/__init__.py", line 23, in <module>
    from flask_babel import gettext
  File "/home/travis/virtualenv/python3.6.3/lib/python3.6/site-packages/flask_babel/__init__.py", line 19, in <module>
    from werkzeug import ImmutableDict
ImportError: cannot import name 'ImmutableDict'


======================================================================
ERROR: tests.unit.test_webapp (nose2.loader.ModuleImportFailure)
----------------------------------------------------------------------
ImportError: Failed to import test module: tests.unit.test_webapp
Traceback (most recent call last):
  File "/home/travis/virtualenv/python3.6.3/lib/python3.6/site-packages/nose2/plugins/loader/discovery.py", line 201, in _find_tests_in_file
    module = util.module_from_name(module_name)
  File "/home/travis/virtualenv/python3.6.3/lib/python3.6/site-packages/nose2/util.py", line 77, in module_from_name
    __import__(name)
  File "/home/travis/build/passed/asciimoo/searx/tests/unit/test_webapp.py", line 5, in <module>
    from searx import webapp
  File "/home/travis/build/passed/asciimoo/searx/searx/webapp.py", line 46, in <module>
    from werkzeug.contrib.fixers import ProxyFix
ModuleNotFoundError: No module named 'werkzeug.contrib'


----------------------------------------------------------------------
Ran 85 tests in 0.015s

FAILED (errors=74)

travis_time:end:29367f00:start=1605473050066754842,finish=1605473054626569064,duration=4559814222[0K
[31;1mThe command "./manage.sh tests" exited with 1.[0m
travis_fold:start:cache.2[0Kstore build cache
travis_time:start:0466c0b9[0K
travis_time:end:0466c0b9:start=1605473054640852353,finish=1605473054651554983,duration=10702630[0Ktravis_time:start:13fce1e0[0K/home/travis/.casher/bin/casher:190: warning: Insecure world writable dir /usr/local/clang-5.0.0/bin in PATH, mode 040777
[32;1mchanges detected, packing new archive[0m
/home/travis/.casher/bin/casher:213:in `cache_archive_name': undefined method `[]' for nil:NilClass (NoMethodError)
	from /home/travis/.casher/bin/casher:143:in `push'
	from /home/travis/.casher/bin/casher:53:in `block in run'
	from /home/travis/.rvm/rubies/ruby-2.2.7/lib/ruby/2.2.0/timeout.rb:88:in `block in timeout'
	from /home/travis/.rvm/rubies/ruby-2.2.7/lib/ruby/2.2.0/timeout.rb:32:in `block in catch'
	from /home/travis/.rvm/rubies/ruby-2.2.7/lib/ruby/2.2.0/timeout.rb:32:in `catch'
	from /home/travis/.rvm/rubies/ruby-2.2.7/lib/ruby/2.2.0/timeout.rb:32:in `catch'
	from /home/travis/.rvm/rubies/ruby-2.2.7/lib/ruby/2.2.0/timeout.rb:103:in `timeout'
	from /home/travis/.casher/bin/casher:53:in `run'
	from /home/travis/.casher/bin/casher:263:in `<main>'

travis_time:end:13fce1e0:start=1605473054663773503,finish=1605473057615560980,duration=2951787477[0Ktravis_fold:end:cache.2[0K
Done. Your build exited with 1.
