travis_fold:start:system_info[0K[33;1mBuild system information[0m
Build language: python
Build id: ''
Job id: ''
[34m[1mBuild image provisioning date and time[0m
Thu Feb  5 15:09:33 UTC 2015
[34m[1mOperating System Details[0m
Distributor ID:	Ubuntu
Description:	Ubuntu 12.04.5 LTS
Release:	12.04
Codename:	precise
[34m[1mLinux Version[0m
3.13.0-29-generic
[34m[1mCookbooks Version[0m
a68419e https://github.com/travis-ci/travis-cookbooks/tree/a68419e
[34m[1mGCC version[0m
gcc (Ubuntu/Linaro 4.6.3-1ubuntu5) 4.6.3
Copyright (C) 2011 Free Software Foundation, Inc.
This is free software; see the source for copying conditions.  There is NO
warranty; not even for MERCHANTABILITY or FITNESS FOR A PARTICULAR PURPOSE.

[34m[1mLLVM version[0m
clang version 3.4 (tags/RELEASE_34/final)
Target: x86_64-unknown-linux-gnu
Thread model: posix
[34m[1mPre-installed Ruby versions[0m
ruby-1.9.3-p551
[34m[1mPre-installed Node.js versions[0m
v0.10.36
[34m[1mPre-installed Go versions[0m
1.4.1
[34m[1mRedis version[0m
redis-server 2.8.19
[34m[1mriak version[0m
2.0.2
[34m[1mMongoDB version[0m
MongoDB 2.4.12
[34m[1mCouchDB version[0m
couchdb 1.6.1
[34m[1mNeo4j version[0m
1.9.4
[34m[1mRabbitMQ Version[0m
3.4.3
[34m[1mElasticSearch version[0m
1.4.0
[34m[1mInstalled Sphinx versions[0m
2.0.10
2.1.9
2.2.6
[34m[1mDefault Sphinx version[0m
2.2.6
[34m[1mInstalled Firefox version[0m
firefox 31.0esr
[34m[1mPhantomJS version[0m
1.9.8
[34m[1mant -version[0m
Apache Ant(TM) version 1.8.2 compiled on December 3 2011
[34m[1mmvn -version[0m
Apache Maven 3.2.5 (12a6b3acb947671f09b81f49094c53f426d8cea1; 2014-12-14T17:29:23+00:00)
Maven home: /usr/local/maven
Java version: 1.7.0_76, vendor: Oracle Corporation
Java home: /usr/lib/jvm/java-7-oracle/jre
Default locale: en_US, platform encoding: ANSI_X3.4-1968
OS name: "linux", version: "3.13.0-29-generic", arch: "amd64", family: "unix"
travis_fold:end:system_info[0K
W: GPG error: http://apt.postgresql.org precise-pgdg Release: The following signatures were invalid: KEYEXPIRED 1562078959
W: Failed to fetch http://ppa.launchpad.net/travis-ci/zero-mq/ubuntu/dists/precise/main/binary-amd64/Packages  403  Forbidden

W: Failed to fetch http://ppa.launchpad.net/travis-ci/zero-mq/ubuntu/dists/precise/main/binary-i386/Packages  403  Forbidden

W: Failed to fetch http://downloads-distro.mongodb.org/repo/debian-sysvinit/dists/dist/10gen/binary-amd64/Packages  Undetermined Error [IP: 54.175.147.155 80]

W: Failed to fetch http://downloads-distro.mongodb.org/repo/debian-sysvinit/dists/dist/10gen/binary-i386/Packages  Undetermined Error [IP: 54.175.147.155 80]

E: Some index files failed to download. They have been ignored, or old ones used instead.
sed: cannot rename /etc/hosts: Device or resource busy
sed: cannot rename /etc/hosts: Device or resource busy
$ cd failed/Cal-CS-61A-Staff/ok

[33;1mSetting environment variables from .travis.yml[0m
$ export CMD=server/apptest.py
$ export GAE_VERSION=1.9.23

travis_time:start:0276175a[0K$ source ~/virtualenv/python2.7/bin/activate

travis_time:end:0276175a:start=1605298345027920989,finish=1605298345038697866,duration=10776877[0Ktravis_fold:start:cache.1[0KSetting up build cache
$ export CASHER_DIR=$HOME/.casher
travis_time:start:001c494f[0K$ Installing caching utilities

travis_time:end:001c494f:start=1605298345486575395,finish=1605298345765436283,duration=278860888[0Ktravis_time:start:1a4438dc[0K
travis_time:end:1a4438dc:start=1605298345781306500,finish=1605298345792536020,duration=11229520[0Ktravis_time:start:139092ab[0K/home/travis/.casher/bin/casher:213:in `cache_archive_name': undefined method `[]' for nil:NilClass (NoMethodError)
	from /home/travis/.casher/bin/casher:65:in `block in fetch'
	from /home/travis/.casher/bin/casher:64:in `each'
	from /home/travis/.casher/bin/casher:64:in `fetch'
	from /home/travis/.casher/bin/casher:53:in `block in run'
	from /home/travis/.rvm/rubies/ruby-1.9.3-p551/lib/ruby/1.9.1/timeout.rb:69:in `timeout'
	from /home/travis/.casher/bin/casher:53:in `run'
	from /home/travis/.casher/bin/casher:263:in `<main>'
[32;1mattempting to download cache archive[0m

travis_time:end:139092ab:start=1605298345804527284,finish=1605298346648222907,duration=843695623[0Ktravis_time:start:0067f300[0K
travis_time:end:0067f300:start=1605298346660432373,finish=1605298346670237390,duration=9805017[0Ktravis_time:start:0bc09280[0K[32;1madding /home/travis/virtualenv/python2.7.9 to cache[0m

travis_time:end:0bc09280:start=1605298346681471612,finish=1605298347572919441,duration=891447829[0Ktravis_fold:end:cache.1[0K$ python --version
Python 2.7.9
$ pip --version
pip 6.0.7 from /home/travis/virtualenv/python2.7.9/lib/python2.7/site-packages (python 2.7)
travis_fold:start:install.1[0Ktravis_time:start:055d2320[0K$ pip install pip --upgrade
Collecting pip from https://files.pythonhosted.org/packages/cb/28/91f26bd088ce8e22169032100d4260614fc3da435025ff389ef1d396a433/pip-20.2.4-py2.py3-none-any.whl#sha256=51f1c7514530bd5c145d8f13ed936ad6b8bfcb8cf74e10403d0890bc986f0033
  Downloading https://files.pythonhosted.org/packages/cb/28/91f26bd088ce8e22169032100d4260614fc3da435025ff389ef1d396a433/pip-20.2.4-py2.py3-none-any.whl (1.5MB)
Installing collected packages: pip
  Found existing installation: pip 6.0.7
    Uninstalling pip-6.0.7:
      Successfully uninstalled pip-6.0.7

Successfully installed pip-20.2.4

travis_time:end:055d2320:start=1605298347880174584,finish=1605298350402237652,duration=2522063068[0Ktravis_fold:end:install.1[0Ktravis_fold:start:install.2[0Ktravis_time:start:2ce000b6[0K$ pip install -r server_requirements.txt
DEPRECATION: Python 2.7 reached the end of its life on January 1st, 2020. Please upgrade your Python as Python 2.7 is no longer maintained. pip 21.0 will drop support for Python 2.7 in January 2021. More details about Python 2 support in pip can be found at https://pip.pypa.io/en/latest/development/release-process/#python-2-support pip 21.0 will remove support for this functionality.
Collecting Flask==0.10.1
  Downloading Flask-0.10.1.tar.gz (544 kB)
Collecting Flask-Cache==0.13.1
  Downloading Flask-Cache-0.13.1.tar.gz (45 kB)
Collecting Jinja2==2.7.3
  Downloading Jinja2-2.7.3.tar.gz (378 kB)
Collecting MarkupSafe==0.23
  Downloading MarkupSafe-0.23.tar.gz (13 kB)
Collecting PyYAML==3.11
  Downloading PyYAML-3.11.tar.gz (248 kB)
Collecting Pygments==1.6
  Downloading Pygments-1.6.tar.gz (1.4 MB)
Collecting Sphinx==1.2.2
  Downloading Sphinx-1.2.2-py27-none-any.whl (1.1 MB)
Collecting Werkzeug==0.9.6
  Downloading Werkzeug-0.9.6.tar.gz (1.1 MB)
Collecting argparse==1.2.1
  Downloading argparse-1.2.1.tar.gz (69 kB)
Collecting astroid==1.1.1
  Downloading astroid-1.1.1.tar.gz (119 kB)
Collecting docutils==0.11
  Downloading docutils-0.11.tar.gz (1.6 MB)
Collecting git-pylint-commit-hook==2.0.5
  Downloading git-pylint-commit-hook-2.0.5.tar.gz (10 kB)
Collecting itsdangerous==0.24
  Downloading itsdangerous-0.24.tar.gz (46 kB)
Obtaining linkenv-master from git+git://github.com/ze-phyr-us/linkenv.git@ae463b3211cb8dcc8868e88176a1101733c83b6d#egg=linkenv-master (from -r server_requirements.txt (line 14))
  Cloning git://github.com/ze-phyr-us/linkenv.git (to revision ae463b3211cb8dcc8868e88176a1101733c83b6d) to /home/travis/virtualenv/python2.7.9/src/linkenv-master
  WARNING: Generating metadata for package linkenv-master produced metadata for project name linkenv. Fix your #egg=linkenv-master fragments.
Collecting logilab-common==0.61.0
  Downloading logilab-common-0.61.0.tar.gz (199 kB)
Collecting mimerender==0.5.4
  Downloading mimerender-0.5.4.tar.gz (6.4 kB)
Requirement already satisfied: nose==1.3.4 in /home/travis/virtualenv/python2.7.9/lib/python2.7/site-packages (from -r server_requirements.txt (line 17)) (1.3.4)
Collecting pylint==1.2.1
  Downloading pylint-1.2.1.tar.gz (404 kB)
Collecting python-dateutil==2.2
  Downloading python-dateutil-2.2.tar.gz (259 kB)
Collecting python-mimeparse==0.1.4
  Downloading python-mimeparse-0.1.4.tar.gz (5.2 kB)
Collecting requests==2.3.0
  Downloading requests-2.3.0-py2.py3-none-any.whl (452 kB)
Collecting six==1.6.1
  Downloading six-1.6.1-py2.py3-none-any.whl (8.6 kB)
Collecting sphinxcontrib-httpdomain==1.2.1
  Downloading sphinxcontrib_httpdomain-1.2.1-py27-none-any.whl (13 kB)
Collecting unittest2==0.5.1
  Downloading unittest2-0.5.1.tar.gz (62 kB)
Requirement already satisfied: wsgiref==0.1.2 in /opt/python/2.7.9/lib/python2.7 (from -r server_requirements.txt (line 25)) (0.1.2)
Collecting ddt==0.8.0
  Downloading ddt-0.8.0-py2.py3-none-any.whl (4.0 kB)
Collecting webargs==0.5.0
  Downloading webargs-0.5.0-py2.py3-none-any.whl (14 kB)
Collecting webob==1.1.1
  Downloading WebOb-1.1.1.zip (196 kB)
Collecting pytz==2014.10
  Downloading pytz-2014.10-py2.py3-none-any.whl (477 kB)
Collecting coverage==3.7.1
  Downloading coverage-3.7.1.tar.gz (284 kB)
Collecting coveralls==0.5
  Downloading coveralls-0.5.zip (18 kB)
Collecting docopt>=0.6.1
  Downloading docopt-0.6.2.tar.gz (25 kB)
Building wheels for collected packages: Flask, Flask-Cache, Jinja2, MarkupSafe, PyYAML, Pygments, Werkzeug, argparse, astroid, docutils, git-pylint-commit-hook, itsdangerous, logilab-common, mimerender, pylint, python-dateutil, python-mimeparse, unittest2, webob, coverage, coveralls, docopt
  Building wheel for Flask (setup.py): started
  Building wheel for Flask (setup.py): finished with status 'done'
  Created wheel for Flask: filename=Flask-0.10.1-py2-none-any.whl size=115939 sha256=a8d2347d2be75810c297353585062c7fb3488c71eb6c8f1016bf35741ab73e47
  Stored in directory: /home/travis/.cache/pip/wheels/98/b7/10/b97738f2470417b8d1ec57df42803b55fda8e7ce67b9d0aa74
  Building wheel for Flask-Cache (setup.py): started
  Building wheel for Flask-Cache (setup.py): finished with status 'done'
  Created wheel for Flask-Cache: filename=Flask_Cache-0.13.1-py2-none-any.whl size=12298 sha256=a4145115924488ea7b827dd5a11d8a94ae494840f7f8c25d0d0a73600f618a7e
  Stored in directory: /home/travis/.cache/pip/wheels/15/5d/01/165876743de18c1d5e112cdef00e5a0882534fabf68ace460f
  Building wheel for Jinja2 (setup.py): started
  Building wheel for Jinja2 (setup.py): finished with status 'done'
  Created wheel for Jinja2: filename=Jinja2-2.7.3-py2-none-any.whl size=297108 sha256=a3e37bd7e444e2c49656112456f2b5571fbfc2938082d6617a4afba521bb56a4
  Stored in directory: /home/travis/.cache/pip/wheels/6d/ae/90/d6afd0548c2d9267027e737a792e83dd8d20f20caeea694054
  Building wheel for MarkupSafe (setup.py): started
  Building wheel for MarkupSafe (setup.py): finished with status 'done'
  Created wheel for MarkupSafe: filename=MarkupSafe-0.23-cp27-none-linux_x86_64.whl size=25656 sha256=faa9b182289abfc000188d42a818a76c054bc9bac33569e0f5719142291df5aa
  Stored in directory: /home/travis/.cache/pip/wheels/0a/6b/fe/365b176df07f4c62e6a240f9cbc896c7b36d9faa439393a65a
  Building wheel for PyYAML (setup.py): started
  Building wheel for PyYAML (setup.py): finished with status 'done'
  Created wheel for PyYAML: filename=PyYAML-3.11-cp27-none-linux_x86_64.whl size=276296 sha256=4403ef9f61e050aacf528264cd5d3ae991c523ab7247915be11c41d26f1a0f91
  Stored in directory: /home/travis/.cache/pip/wheels/49/4a/a0/82418a772ad2d883345e7b8d84b41eef459defb9d7cb8cf87f
  Building wheel for Pygments (setup.py): started
  Building wheel for Pygments (setup.py): finished with status 'done'
  Created wheel for Pygments: filename=Pygments-1.6-py2-none-any.whl size=627143 sha256=6ef825f4f732ad0ade35efc33e10756753b415ab9bee040db849e053a5d11b30
  Stored in directory: /home/travis/.cache/pip/wheels/53/91/82/192c57c0d98b35ad60c7e9d5c55653a84d40010ade7014e378
  Building wheel for Werkzeug (setup.py): started
  Building wheel for Werkzeug (setup.py): finished with status 'done'
  Created wheel for Werkzeug: filename=Werkzeug-0.9.6-py2-none-any.whl size=374288 sha256=5b0aafbb056663019426f1487f50b206de7ce7964972ea092b12d003672a7c4f
  Stored in directory: /home/travis/.cache/pip/wheels/58/8b/a4/357605ee018811c09bf12e815ff841ccfe5b5269601c7f05f9
  Building wheel for argparse (setup.py): started
  Building wheel for argparse (setup.py): finished with status 'done'
  Created wheel for argparse: filename=argparse-1.2.1-py2-none-any.whl size=22382 sha256=85a2b0aa007052a2e8e0d11f1f16986c0dce2f0d6d0b3c98888802d359c74c02
  Stored in directory: /home/travis/.cache/pip/wheels/9f/79/7e/e3f33e05010185975b7ade632c68bad70fcf71d1ff1adc1a02
  Building wheel for astroid (setup.py): started
  Building wheel for astroid (setup.py): finished with status 'done'
  Created wheel for astroid: filename=astroid-1.1.1-py2-none-any.whl size=125586 sha256=d24e77de975a23f667d64a7524a6980e1f420acc3a6f5f448290204c3279a748
  Stored in directory: /home/travis/.cache/pip/wheels/2d/a9/0e/2280dcbf870a7e3a79b58bf3201955dd9eac89572954b7fb24
  Building wheel for docutils (setup.py): started
  Building wheel for docutils (setup.py): finished with status 'done'
  Created wheel for docutils: filename=docutils-0.11-py2-none-any.whl size=509144 sha256=6255469c201edc900f479f28c3d1f906c933cbb058f05ab60a50c7de43f7bba9
  Stored in directory: /home/travis/.cache/pip/wheels/e9/15/18/e3f3728aa556c5313c446b1229431513274adc02726502f134
  Building wheel for git-pylint-commit-hook (setup.py): started
  Building wheel for git-pylint-commit-hook (setup.py): finished with status 'done'
  Created wheel for git-pylint-commit-hook: filename=git_pylint_commit_hook-2.0.5-py2-none-any.whl size=8064 sha256=5ce2ab9bfa371114b8751e24128081e9a49ba58026dbaf773a4e7fcfcd97627c
  Stored in directory: /home/travis/.cache/pip/wheels/03/ef/cc/682575809cea5a57528a93adc05c1b2a20345c1bd3ab366833
  Building wheel for itsdangerous (setup.py): started
  Building wheel for itsdangerous (setup.py): finished with status 'done'
  Created wheel for itsdangerous: filename=itsdangerous-0.24-py2-none-any.whl size=10432 sha256=bc26abf2a2e914b7f15205e443ec7f96ed194770eaea703a3922eea1c80e3c04
  Stored in directory: /home/travis/.cache/pip/wheels/a1/51/f9/d3a5c89c941efb961e535b45c6d2cd2402c68972061f7d5847
  Building wheel for logilab-common (setup.py): started
  Building wheel for logilab-common (setup.py): finished with status 'done'
  Created wheel for logilab-common: filename=logilab_common-0.61.0-py2-none-any.whl size=239705 sha256=c5135d9cb573ff76b59d56174ee8d2f6365f5843419699280720efe37984c6ee
  Stored in directory: /home/travis/.cache/pip/wheels/1f/d8/1d/a303d3f4b70205e39a086f0665cd3775ce3bdfb857d764ec3c
  Building wheel for mimerender (setup.py): started
  Building wheel for mimerender (setup.py): finished with status 'done'
  Created wheel for mimerender: filename=mimerender-0.5.4-py2-none-any.whl size=7994 sha256=b12c4858a6c3e9ff7ff85dce658d7a139d645383aff7290c8690bbf721e6fd66
  Stored in directory: /home/travis/.cache/pip/wheels/7b/3b/d4/bc0712e00adc5111964dd33e9d0bfe67838d3393dfc10eb34b
  Building wheel for pylint (setup.py): started
  Building wheel for pylint (setup.py): finished with status 'done'
  Created wheel for pylint: filename=pylint-1.2.1-py2-none-any.whl size=353331 sha256=ae4747ce5c60e33e86df03474aee9de680a8949ff97f59246b3f20cfb490ea85
  Stored in directory: /home/travis/.cache/pip/wheels/ae/fa/fc/112e0116a7c8bc9fbc0c63baf6bec91ad88c3a032cff1db940
  Building wheel for python-dateutil (setup.py): started
  Building wheel for python-dateutil (setup.py): finished with status 'done'
  Created wheel for python-dateutil: filename=python_dateutil-2.2-py2-none-any.whl size=226626 sha256=8eca27556e29743ef3e75dc5810db833141c43ecebed753bd59ddae0b73a6c85
  Stored in directory: /home/travis/.cache/pip/wheels/37/b3/fb/975fea96327b4fc1110effeba16b5377816217170576398dea
  Building wheel for python-mimeparse (setup.py): started
  Building wheel for python-mimeparse (setup.py): finished with status 'done'
  Created wheel for python-mimeparse: filename=python_mimeparse-0.1.4-py2-none-any.whl size=5303 sha256=1fc0e35970841bee4e6b90b333ee1b78a209ec1fc2cd4bbd47348dc7bc054cfb
  Stored in directory: /home/travis/.cache/pip/wheels/29/cb/26/3b2fc33e1150179dba003056b939dd75fdfdf2fcc5dae19db9
  Building wheel for unittest2 (setup.py): started
  Building wheel for unittest2 (setup.py): finished with status 'done'
  Created wheel for unittest2: filename=unittest2-0.5.1-py2-none-any.whl size=73111 sha256=57c8046cbbbdf131d52965a0d1ec39548e3e8332a37df8ba57e1b522cd80b31b
  Stored in directory: /home/travis/.cache/pip/wheels/6c/b0/47/3587ffb15ba6b0a03e0a67bea79394cb74c7e56bcbee3ae68b
  Building wheel for webob (setup.py): started
  Building wheel for webob (setup.py): finished with status 'done'
  Created wheel for webob: filename=WebOb-1.1.1-py2-none-any.whl size=60839 sha256=d391f301c1cf0d986d5e58492a864599405c84c7a8bf0812e7f145be9d662d1b
  Stored in directory: /home/travis/.cache/pip/wheels/45/30/ac/5aa05ddce3079ad9b023d32d310f9fc0ca246a36c66656d782
  Building wheel for coverage (setup.py): started
  Building wheel for coverage (setup.py): finished with status 'done'
  Created wheel for coverage: filename=coverage-3.7.1-cp27-none-linux_x86_64.whl size=124054 sha256=2d8dadf2a0f458993a3441ef54bd967971530a0e67924c2221804ae23f69ca24
  Stored in directory: /home/travis/.cache/pip/wheels/a0/7c/11/ea29ce2c4f2d0c8e4d0f5f09ca6a333da532ae1e4641f29d04
  Building wheel for coveralls (setup.py): started
  Building wheel for coveralls (setup.py): finished with status 'done'
  Created wheel for coveralls: filename=coveralls-0.5-py2.py3-none-any.whl size=14230 sha256=6736b0d8ef3b99774ba358494c48983b1ed84c7d4791a59bdd7eb3092432292d
  Stored in directory: /home/travis/.cache/pip/wheels/f4/0d/ec/4ac45bf6e3b08c3ffca35b114c23424fe95bb78334c216c190
  Building wheel for docopt (setup.py): started
  Building wheel for docopt (setup.py): finished with status 'done'
  Created wheel for docopt: filename=docopt-0.6.2-py2.py3-none-any.whl size=19851 sha256=938603981f093ac18f631c5bc862a0e933dd43ba279cc02e649164edc8cfb95b
  Stored in directory: /home/travis/.cache/pip/wheels/1c/d7/2d/aefbee2bf20e0ed968d4ab943e03451db0f14c52b5f624fc7e
Successfully built Flask Flask-Cache Jinja2 MarkupSafe PyYAML Pygments Werkzeug argparse astroid docutils git-pylint-commit-hook itsdangerous logilab-common mimerender pylint python-dateutil python-mimeparse unittest2 webob coverage coveralls docopt
Installing collected packages: Werkzeug, MarkupSafe, Jinja2, itsdangerous, Flask, Flask-Cache, PyYAML, Pygments, docutils, Sphinx, argparse, logilab-common, astroid, pylint, git-pylint-commit-hook, linkenv, python-mimeparse, mimerender, six, python-dateutil, requests, sphinxcontrib-httpdomain, unittest2, ddt, webargs, webob, pytz, coverage, docopt, coveralls
  Running setup.py develop for linkenv
Successfully installed Flask-0.10.1 Flask-Cache-0.13.1 Jinja2-2.7.3 MarkupSafe-0.23 PyYAML-3.11 Pygments-1.6 Sphinx-1.2.2 Werkzeug-0.9.6 argparse-1.2.1 astroid-1.1.1 coverage-3.7.1 coveralls-0.5 ddt-0.8.0 docopt-0.6.2 docutils-0.11 git-pylint-commit-hook-2.0.5 itsdangerous-0.24 linkenv logilab-common-0.61.0 mimerender-0.5.4 pylint-1.2.1 python-dateutil-2.2 python-mimeparse-0.1.4 pytz-2014.10 requests-2.3.0 six-1.6.1 sphinxcontrib-httpdomain-1.2.1 unittest2-0.5.1 webargs-0.5.0 webob-1.1.1

travis_time:end:2ce000b6:start=1605298350414574282,finish=1605298376084199924,duration=25669625642[0Ktravis_fold:end:install.2[0Ktravis_fold:start:before_script.1[0Ktravis_time:start:2c3d2a12[0K$ wget https://storage.googleapis.com/appengine-sdks/featured/google_appengine_$GAE_VERSION.zip -o gae_sdk.zip

travis_time:end:2c3d2a12:start=1605298376096511856,finish=1605298376776837772,duration=680325916[0Ktravis_fold:end:before_script.1[0Ktravis_fold:start:before_script.2[0Ktravis_time:start:053522da[0K$ unzip -q google_appengine_$GAE_VERSION.zip

travis_time:end:053522da:start=1605298376789318736,finish=1605298379314814142,duration=2525495406[0Ktravis_fold:end:before_script.2[0Ktravis_fold:start:before_script.3[0Ktravis_time:start:23619760[0K$ mv google_appengine gae_sdk

travis_time:end:23619760:start=1605298379327283624,finish=1605298379339470838,duration=12187214[0Ktravis_fold:end:before_script.3[0Ktravis_fold:start:before_script.4[0Ktravis_time:start:0ddca6ab[0K$ export GAE_SDK=$PWD/gae_sdk

travis_time:end:0ddca6ab:start=1605298379350594547,finish=1605298379359075094,duration=8480547[0Ktravis_fold:end:before_script.4[0Ktravis_fold:start:before_script.5[0Ktravis_time:start:0ccddaf0[0K$ export PATH=$PATH:$GAE_SDK

travis_time:end:0ccddaf0:start=1605298379369247164,finish=1605298379377190734,duration=7943570[0Ktravis_fold:end:before_script.5[0Ktravis_fold:start:before_script.6[0Ktravis_time:start:1b3b12e7[0K$ export PYTHONPATH=$PYTHONPATH:$GAE_SDK

travis_time:end:1b3b12e7:start=1605298379387393776,finish=1605298379395758697,duration=8364921[0Ktravis_fold:end:before_script.6[0Ktravis_fold:start:before_script.7[0Ktravis_time:start:03afb17a[0K$ python server/app/generate_keys.py

travis_time:end:03afb17a:start=1605298379405551712,finish=1605298379462964646,duration=57412934[0Ktravis_fold:end:before_script.7[0Ktravis_time:start:0c11139c[0K$ FLASK_CONF=TEST coverage run $CMD --sdk_location $GAE_SDK --quiet
..................................................
----------------------------------------------------------------------
Ran 50 tests in 0.062s

OK
........................................................................................................................................................
----------------------------------------------------------------------
Ran 152 tests in 18.938s

OK
..............................................................................................................................................................EE.EE.............E.........E.............................................................................................
======================================================================
ERROR: test_data_for_zip_del_submit (test_api_submission.SubmissionAPITest)
Tests that submit entry is deleted
----------------------------------------------------------------------
Traceback (most recent call last):
  File "/home/travis/build/failed/Cal-CS-61A-Staff/ok/server/tests/integration/test_api_submission.py", line 62, in test_data_for_zip_del_submit
    get_messages=lambda: {'file_contents': {'submit': 'hello'}}))
  File "/home/travis/build/failed/Cal-CS-61A-Staff/ok/server/app/api.py", line 1047, in data_for_zip
    group_files = backup_group_file(obj, json_pretty)
  File "/home/travis/build/failed/Cal-CS-61A-Staff/ok/server/app/utils.py", line 536, in backup_group_file
    group = G.lookup(backup.submitter, backup.assignment)
AttributeError: Obj instance has no attribute 'assignment'

======================================================================
ERROR: test_data_for_zip_name (test_api_submission.SubmissionAPITest)
Test that the filename is valid
----------------------------------------------------------------------
Traceback (most recent call last):
  File "/home/travis/build/failed/Cal-CS-61A-Staff/ok/server/tests/integration/test_api_submission.py", line 78, in test_data_for_zip_name
    get_messages=lambda: {'file_contents': info}))
  File "/home/travis/build/failed/Cal-CS-61A-Staff/ok/server/app/api.py", line 1047, in data_for_zip
    group_files = backup_group_file(obj, json_pretty)
  File "/home/travis/build/failed/Cal-CS-61A-Staff/ok/server/app/utils.py", line 536, in backup_group_file
    group = G.lookup(backup.submitter, backup.assignment)
AttributeError: Obj instance has no attribute 'assignment'

======================================================================
ERROR: test_data_for_zip_unencodable (test_api_submission.SubmissionAPITest)
Tests that non-encodable keys are okay
----------------------------------------------------------------------
Traceback (most recent call last):
  File "/home/travis/build/failed/Cal-CS-61A-Staff/ok/server/tests/integration/test_api_submission.py", line 89, in test_data_for_zip_unencodable
    get_messages=lambda: {'file_contents': info}))
  File "/home/travis/build/failed/Cal-CS-61A-Staff/ok/server/app/api.py", line 1047, in data_for_zip
    group_files = backup_group_file(obj, json_pretty)
  File "/home/travis/build/failed/Cal-CS-61A-Staff/ok/server/app/utils.py", line 536, in backup_group_file
    group = G.lookup(backup.submitter, backup.assignment)
AttributeError: Obj instance has no attribute 'assignment'

======================================================================
ERROR: test_data_for_zip_without_email (test_api_submission.SubmissionAPITest)
Tests that user without email is okay
----------------------------------------------------------------------
Traceback (most recent call last):
  File "/home/travis/build/failed/Cal-CS-61A-Staff/ok/server/tests/integration/test_api_submission.py", line 70, in test_data_for_zip_without_email
    get_messages=lambda: {'file_contents': {'gup.py': 'import yo'}}))
  File "/home/travis/build/failed/Cal-CS-61A-Staff/ok/server/app/api.py", line 1047, in data_for_zip
    group_files = backup_group_file(obj, json_pretty)
  File "/home/travis/build/failed/Cal-CS-61A-Staff/ok/server/app/utils.py", line 536, in backup_group_file
    group = G.lookup(backup.submitter, backup.assignment)
AttributeError: Obj instance has no attribute 'assignment'

======================================================================
ERROR: test_download (test_api_submission.SubmissionAPITest)
Check that download completes successfully
----------------------------------------------------------------------
Traceback (most recent call last):
  File "/home/travis/build/failed/Cal-CS-61A-Staff/ok/server/tests/integration/test_api_submission.py", line 121, in test_download
    self.API().download(obj, user, {})
  File "/home/travis/build/failed/Cal-CS-61A-Staff/ok/server/app/api.py", line 1096, in download
    return self.make_zip_response(*self.zip(obj, user, data))
  File "/home/travis/build/failed/Cal-CS-61A-Staff/ok/server/app/api.py", line 1064, in zip
    return self.zip_files(*self.data_for_zip(obj))
  File "/home/travis/build/failed/Cal-CS-61A-Staff/ok/server/app/api.py", line 1047, in data_for_zip
    group_files = backup_group_file(obj, json_pretty)
  File "/home/travis/build/failed/Cal-CS-61A-Staff/ok/server/app/utils.py", line 536, in backup_group_file
    group = G.lookup(backup.submitter, backup.assignment)
AttributeError: Obj instance has no attribute 'assignment'

======================================================================
ERROR: test_zip (test_api_submission.SubmissionAPITest)
Tests that zip does not crash
----------------------------------------------------------------------
Traceback (most recent call last):
  File "/home/travis/build/failed/Cal-CS-61A-Staff/ok/server/tests/integration/test_api_submission.py", line 98, in test_zip
    self.API().zip(obj, self.accounts['dummy_admin'], {})
  File "/home/travis/build/failed/Cal-CS-61A-Staff/ok/server/app/api.py", line 1064, in zip
    return self.zip_files(*self.data_for_zip(obj))
  File "/home/travis/build/failed/Cal-CS-61A-Staff/ok/server/app/api.py", line 1047, in data_for_zip
    group_files = backup_group_file(obj, json_pretty)
  File "/home/travis/build/failed/Cal-CS-61A-Staff/ok/server/app/utils.py", line 536, in backup_group_file
    group = G.lookup(backup.submitter, backup.assignment)
AttributeError: Obj instance has no attribute 'assignment'

----------------------------------------------------------------------
Ran 280 tests in 16.277s

FAILED (errors=6)
============================================================
Doing regression testing
============================================================
============================================================
Doing permissions testing
============================================================
============================================================
Doing integration testing
============================================================
SOME TESTS FAILED

travis_time:end:0c11139c:start=1605298379474255976,finish=1605298419122559130,duration=39648303154[0K
[31;1mThe command "FLASK_CONF=TEST coverage run $CMD --sdk_location $GAE_SDK --quiet" exited with 1.[0m
travis_fold:start:cache.2[0Kstore build cache
travis_time:start:00a37b1d[0K
travis_time:end:00a37b1d:start=1605298419134758662,finish=1605298419144193638,duration=9434976[0Ktravis_time:start:17167f90[0K/home/travis/.casher/bin/casher:190: warning: Insecure world writable dir /home/travis/build/failed/Cal-CS-61A-Staff/ok/. in PATH, mode 040777
[32;1mchanges detected, packing new archive[0m
/home/travis/.casher/bin/casher:213:in `cache_archive_name': undefined method `[]' for nil:NilClass (NoMethodError)
	from /home/travis/.casher/bin/casher:143:in `push'
	from /home/travis/.casher/bin/casher:53:in `block in run'
	from /home/travis/.rvm/rubies/ruby-1.9.3-p551/lib/ruby/1.9.1/timeout.rb:69:in `timeout'
	from /home/travis/.casher/bin/casher:53:in `run'
	from /home/travis/.casher/bin/casher:263:in `<main>'

travis_time:end:17167f90:start=1605298419155311066,finish=1605298423968440173,duration=4813129107[0Ktravis_fold:end:cache.2[0K
Done. Your build exited with 1.
