travis_fold:start:system_info[0K[33;1mBuild system information[0m
Build language: java
Build id: ''
Job id: ''
[34m[1mBuild image provisioning date and time[0m
Thu Feb  5 15:09:33 UTC 2015
[34m[1mOperating System Details[0m
Distributor ID:	Ubuntu
Description:	Ubuntu 12.04.5 LTS
Release:	12.04
Codename:	precise
[34m[1mLinux Version[0m
3.13.0-29-generic
[34m[1mCookbooks Version[0m
a68419e https://github.com/travis-ci/travis-cookbooks/tree/a68419e
[34m[1mGCC version[0m
gcc (Ubuntu/Linaro 4.6.3-1ubuntu5) 4.6.3
Copyright (C) 2011 Free Software Foundation, Inc.
This is free software; see the source for copying conditions.  There is NO
warranty; not even for MERCHANTABILITY or FITNESS FOR A PARTICULAR PURPOSE.

[34m[1mLLVM version[0m
clang version 3.4 (tags/RELEASE_34/final)
Target: x86_64-unknown-linux-gnu
Thread model: posix
[34m[1mPre-installed Ruby versions[0m
ruby-1.9.3-p551
[34m[1mPre-installed Node.js versions[0m
v0.10.36
[34m[1mPre-installed Go versions[0m
1.4.1
[34m[1mRedis version[0m
redis-server 2.8.19
[34m[1mriak version[0m
2.0.2
[34m[1mMongoDB version[0m
MongoDB 2.4.12
[34m[1mCouchDB version[0m
couchdb 1.6.1
[34m[1mNeo4j version[0m
1.9.4
[34m[1mRabbitMQ Version[0m
3.4.3
[34m[1mElasticSearch version[0m
1.4.0
[34m[1mInstalled Sphinx versions[0m
2.0.10
2.1.9
2.2.6
[34m[1mDefault Sphinx version[0m
2.2.6
[34m[1mInstalled Firefox version[0m
firefox 31.0esr
[34m[1mPhantomJS version[0m
1.9.8
[34m[1mant -version[0m
Apache Ant(TM) version 1.8.2 compiled on December 3 2011
[34m[1mmvn -version[0m
Apache Maven 3.2.5 (12a6b3acb947671f09b81f49094c53f426d8cea1; 2014-12-14T17:29:23+00:00)
Maven home: /usr/local/maven
Java version: 1.7.0_76, vendor: Oracle Corporation
Java home: /usr/lib/jvm/java-7-oracle/jre
Default locale: en_US, platform encoding: ANSI_X3.4-1968
OS name: "linux", version: "3.13.0-29-generic", arch: "amd64", family: "unix"
travis_fold:end:system_info[0K
W: GPG error: http://apt.postgresql.org precise-pgdg Release: The following signatures were invalid: KEYEXPIRED 1562078959
W: Failed to fetch http://ppa.launchpad.net/travis-ci/zero-mq/ubuntu/dists/precise/main/binary-amd64/Packages  403  Forbidden

W: Failed to fetch http://ppa.launchpad.net/travis-ci/zero-mq/ubuntu/dists/precise/main/binary-i386/Packages  403  Forbidden

W: Failed to fetch http://downloads-distro.mongodb.org/repo/debian-sysvinit/dists/dist/10gen/binary-amd64/Packages  Undetermined Error [IP: 52.21.89.200 80]

W: Failed to fetch http://downloads-distro.mongodb.org/repo/debian-sysvinit/dists/dist/10gen/binary-i386/Packages  Undetermined Error [IP: 52.21.89.200 80]

E: Some index files failed to download. They have been ignored, or old ones used instead.
sed: cannot rename /etc/hosts: Device or resource busy
sed: cannot rename /etc/hosts: Device or resource busy
$ jdk_switcher use oraclejdk8
Switching to Oracle JDK8 (java-8-oracle), JAVA_HOME will be set to /usr/lib/jvm/java-8-oracle
$ cd failed/crate/crate-jdbc

[33;1mSetting environment variables from .travis.yml[0m
$ export _JAVA_OPTIONS="-Xmx1g -XX:MaxPermSize=256m"

$ export TERM=dumb
travis_fold:start:cache.1[0KSetting up build cache
$ export CASHER_DIR=$HOME/.casher
travis_time:start:1f30e38a[0K$ Installing caching utilities

travis_time:end:1f30e38a:start=1605395749782730590,finish=1605395750380812301,duration=598081711[0Ktravis_time:start:1b8583b4[0K
travis_time:end:1b8583b4:start=1605395750395136683,finish=1605395750404828355,duration=9691672[0Ktravis_time:start:0ef55790[0K/home/travis/.casher/bin/casher:213:in `cache_archive_name': undefined method `[]' for nil:NilClass (NoMethodError)
	from /home/travis/.casher/bin/casher:65:in `block in fetch'
	from /home/travis/.casher/bin/casher:64:in `each'
	from /home/travis/.casher/bin/casher:64:in `fetch'
	from /home/travis/.casher/bin/casher:53:in `block in run'
	from /home/travis/.rvm/rubies/ruby-1.9.3-p551/lib/ruby/1.9.1/timeout.rb:69:in `timeout'
	from /home/travis/.casher/bin/casher:53:in `run'
	from /home/travis/.casher/bin/casher:263:in `<main>'
[32;1mattempting to download cache archive[0m

travis_time:end:0ef55790:start=1605395750415451072,finish=1605395751184885622,duration=769434550[0Ktravis_time:start:00097efc[0K
travis_time:end:00097efc:start=1605395751195344708,finish=1605395751204327915,duration=8983207[0Ktravis_time:start:02e783fe[0K[32;1madding /home/travis/.m2 to cache[0m

travis_time:end:02e783fe:start=1605395751213961940,finish=1605395752039906814,duration=825944874[0Ktravis_fold:end:cache.1[0K$ java -Xmx32m -version
Picked up _JAVA_OPTIONS: -Xmx1g -XX:MaxPermSize=256m
Java HotSpot(TM) 64-Bit Server VM warning: ignoring option MaxPermSize=256m; support was removed in 8.0
java version "1.8.0_31"
Java(TM) SE Runtime Environment (build 1.8.0_31-b13)
Java HotSpot(TM) 64-Bit Server VM (build 25.31-b07, mixed mode)
$ javac -J-Xmx32m -version
Picked up _JAVA_OPTIONS: -Xmx1g -XX:MaxPermSize=256m
Java HotSpot(TM) 64-Bit Server VM warning: ignoring option MaxPermSize=256m; support was removed in 8.0
javac 1.8.0_31
travis_fold:start:install[0Ktravis_time:start:125337b8[0K$ ./gradlew assemble
Picked up _JAVA_OPTIONS: -Xmx1g -XX:MaxPermSize=256m
Java HotSpot(TM) 64-Bit Server VM warning: ignoring option MaxPermSize=256m; support was removed in 8.0
Downloading https://services.gradle.org/distributions/gradle-2.2.1-bin.zip
..................................................................................................................................................................................................................................................................................................................................................................................................................................................................................................................................................................................................................................................................................................................................................................................................................................................................................................................................................................................................................................................................................................................................................................................................................................................................................................................................................................................................................................................................................................................................................................................................................................................................................................................................................................................................................................................................................................................................................................................................................................................................................................................................................................
Unzipping /home/travis/.gradle/wrapper/dists/gradle-2.2.1-bin/3rn023ng4778ktj66tonmgpbv/gradle-2.2.1-bin.zip to /home/travis/.gradle/wrapper/dists/gradle-2.2.1-bin/3rn023ng4778ktj66tonmgpbv
Set executable permissions for: /home/travis/.gradle/wrapper/dists/gradle-2.2.1-bin/3rn023ng4778ktj66tonmgpbv/gradle-2.2.1/bin/gradle
Download https://jcenter.bintray.com/io/crate/crate-client/0.49.2/crate-client-0.49.2.pom
Download https://jcenter.bintray.com/io/crate/crate-client/0.49.2/crate-client-0.49.2.jar
:compileJavaNote: Some input files use or override a deprecated API.
Note: Recompile with -Xlint:deprecation for details.
Note: Some input files use unchecked or unsafe operations.
Note: Recompile with -Xlint:unchecked for details.

:processResources UP-TO-DATE
:classes
:getVersionPicked up _JAVA_OPTIONS: -Xmx1g -XX:MaxPermSize=256m
Java HotSpot(TM) 64-Bit Server VM warning: ignoring option MaxPermSize=256m; support was removed in 8.0

gitTag: 2.4.0-2-g479af42
version: 1.6.0-479af42
:jar
:jarStandalone
:myJavadocsPicked up _JAVA_OPTIONS: -Xmx1g -XX:MaxPermSize=256m
Java HotSpot(TM) 64-Bit Server VM warning: ignoring option MaxPermSize=256m; support was removed in 8.0
/home/travis/build/failed/crate/crate-jdbc/src/main/java/io/crate/client/jdbc/CrateConnection.java:137: warning: no description for @throws
     * @throws SQLException
       ^
/home/travis/build/failed/crate/crate-jdbc/src/main/java/io/crate/client/jdbc/CrateDriverVersion.java:61: warning: no @return
    public String number() {
                  ^

2 warnings
:javadocJar
:javadocJarStandalone
:sourceJar
:sourceJarStandalone
:assemble

BUILD SUCCESSFUL

Total time: 40.964 secs

travis_time:end:125337b8:start=1605395752331597873,finish=1605395793783259598,duration=41451661725[0Ktravis_fold:end:install[0Ktravis_time:start:126a59f0[0K$ ./gradlew test -s
Picked up _JAVA_OPTIONS: -Xmx1g -XX:MaxPermSize=256m
Java HotSpot(TM) 64-Bit Server VM warning: ignoring option MaxPermSize=256m; support was removed in 8.0
:compileJava UP-TO-DATE
:processResources UP-TO-DATE
:classes UP-TO-DATE
:downloadCrateRelease
:compileTestJava
Download https://repo1.maven.org/maven2/org/hamcrest/hamcrest-all/1.3/hamcrest-all-1.3.pom
Download https://repo1.maven.org/maven2/org/hamcrest/hamcrest-parent/1.3/hamcrest-parent-1.3.pom
Download https://repo1.maven.org/maven2/junit/junit/4.11/junit-4.11.pom
Download https://repo1.maven.org/maven2/com/carrotsearch/randomizedtesting/randomizedtesting-runner/2.1.11/randomizedtesting-runner-2.1.11.pom
Download https://repo1.maven.org/maven2/com/carrotsearch/randomizedtesting/randomizedtesting-parent/2.1.11/randomizedtesting-parent-2.1.11.pom
Download https://repo1.maven.org/maven2/org/sonatype/oss/oss-parent/9/oss-parent-9.pom
Download https://repo1.maven.org/maven2/org/mockito/mockito-core/1.10.8/mockito-core-1.10.8.pom
Download https://repo1.maven.org/maven2/org/hamcrest/hamcrest-core/1.3/hamcrest-core-1.3.pom
Download https://repo1.maven.org/maven2/org/objenesis/objenesis/2.1/objenesis-2.1.pom
Download https://repo1.maven.org/maven2/org/objenesis/objenesis-parent/2.1/objenesis-parent-2.1.pom
Download https://repo1.maven.org/maven2/org/hamcrest/hamcrest-all/1.3/hamcrest-all-1.3.jar
Download https://repo1.maven.org/maven2/junit/junit/4.11/junit-4.11.jar
Download https://repo1.maven.org/maven2/com/carrotsearch/randomizedtesting/randomizedtesting-runner/2.1.11/randomizedtesting-runner-2.1.11.jar
Download https://repo1.maven.org/maven2/org/mockito/mockito-core/1.10.8/mockito-core-1.10.8.jar
Download https://repo1.maven.org/maven2/org/hamcrest/hamcrest-core/1.3/hamcrest-core-1.3.jar
Download https://repo1.maven.org/maven2/org/objenesis/objenesis/2.1/objenesis-2.1.jar
:processTestResources UP-TO-DATE
:testClasses
:testPicked up _JAVA_OPTIONS: -Xmx1g -XX:MaxPermSize=256m
Java HotSpot(TM) 64-Bit Server VM warning: ignoring option MaxPermSize=256m; support was removed in 8.0


io.crate.client.jdbc.integrationtests.CrateDriverTest STANDARD_OUT
    Starting crate server process...

io.crate.client.jdbc.integrationtests.CrateDriverTest STANDARD_ERROR
    log4j:WARN No appenders could be found for logger (io.crate.shade.org.elasticsearch.common.compress.lzf).
    log4j:WARN Please initialize the log4j system properly.
    log4j:WARN See http://logging.apache.org/log4j/1.2/faq.html#noconfig for more info.

io.crate.client.jdbc.integrationtests.CrateDriverTest STANDARD_OUT
    Picked up _JAVA_OPTIONS: -Xmx1g -XX:MaxPermSize=256m
    Java HotSpot(TM) 64-Bit Server VM warning: ignoring option MaxPermSize=256m; support was removed in 8.0
    [2020-11-14 23:17:05,213][INFO ][node                     ] [Volcana] version[1.4.4], pid[1534], build[${build/NA]
    [2020-11-14 23:17:05,214][INFO ][node                     ] [Volcana] initializing ...
    [2020-11-14 23:17:05,307][INFO ][io.crate.plugin          ] [Volcana] plugins loaded: [] 
    [2020-11-14 23:17:05,309][INFO ][plugins                  ] [Volcana] loaded [crate-core], sites [crate-admin]
    [2020-11-14 23:17:05,329][INFO ][io.crate.plugin          ] [Volcana] plugins loaded: [] 
    [2020-11-14 23:17:05,537][INFO ][io.crate.module          ] [Volcana] configuring crate. version: 0.49.2
    [2020-11-14 23:17:08,084][INFO ][io.crate.rest            ] [Volcana] Elasticsearch HTTP REST API not enabled
    [2020-11-14 23:17:08,162][INFO ][node                     ] [Volcana] initialized
    [2020-11-14 23:17:08,162][INFO ][node                     ] [Volcana] starting ...
    [2020-11-14 23:17:08,163][INFO ][io.crate.blob.BlobService] [Volcana] BlobService.doStart() io.crate.blob.BlobService@74a820bf
    [2020-11-14 23:17:08,270][INFO ][http                     ] [Volcana] bound_address {inet[/127.0.0.1:43005]}, publish_address {inet[/127.0.0.1:43005]}
    [2020-11-14 23:17:08,369][INFO ][transport                ] [Volcana] bound_address {inet[/127.0.0.1:33913]}, publish_address {inet[/127.0.0.1:33913]}
    [2020-11-14 23:17:08,381][INFO ][discovery                ] [Volcana] driver/g-lJh1AUQt6eYDwO-OW6nQ
    [2020-11-14 23:17:11,426][INFO ][cluster.service          ] [Volcana] new_master [Volcana][g-lJh1AUQt6eYDwO-OW6nQ][048d82c944f8][inet[/127.0.0.1:33913]]{http_address=http://127.0.0.1:43005}, reason: zen-disco-join (elected_as_master)
    [2020-11-14 23:17:11,440][INFO ][node                     ] [Volcana] started

io.crate.client.jdbc.integrationtests.CrateDriverTest > testDriverRegistration STANDARD_OUT
    [2020-11-14 23:17:11,509][INFO ][gateway                  ] [Volcana] recovered [0] indices into cluster_state

io.crate.client.jdbc.integrationtests.CrateDriverTest STANDARD_OUT
    Stopping crate server process...

io.crate.client.jdbc.integrationtests.CrateJDBCIntegrationTest STANDARD_OUT
    Starting crate server process...
    Picked up _JAVA_OPTIONS: -Xmx1g -XX:MaxPermSize=256m
    Java HotSpot(TM) 64-Bit Server VM warning: ignoring option MaxPermSize=256m; support was removed in 8.0
    [2020-11-14 23:17:12,425][INFO ][node                     ] [In-Betweener] version[1.4.4], pid[2178], build[${build/NA]
    [2020-11-14 23:17:12,426][INFO ][node                     ] [In-Betweener] initializing ...
    [2020-11-14 23:17:12,525][INFO ][io.crate.plugin          ] [In-Betweener] plugins loaded: [] 
    [2020-11-14 23:17:12,526][INFO ][plugins                  ] [In-Betweener] loaded [crate-core], sites [crate-admin]
    [2020-11-14 23:17:12,548][INFO ][io.crate.plugin          ] [In-Betweener] plugins loaded: [] 
    [2020-11-14 23:17:12,807][INFO ][io.crate.module          ] [In-Betweener] configuring crate. version: 0.49.2
    [2020-11-14 23:17:15,373][INFO ][io.crate.rest            ] [In-Betweener] Elasticsearch HTTP REST API not enabled
    [2020-11-14 23:17:15,439][INFO ][node                     ] [In-Betweener] initialized
    [2020-11-14 23:17:15,439][INFO ][node                     ] [In-Betweener] starting ...
    [2020-11-14 23:17:15,440][INFO ][io.crate.blob.BlobService] [In-Betweener] BlobService.doStart() io.crate.blob.BlobService@74a820bf
    [2020-11-14 23:17:15,518][INFO ][http                     ] [In-Betweener] bound_address {inet[/127.0.0.1:36167]}, publish_address {inet[/127.0.0.1:36167]}
    [2020-11-14 23:17:15,605][INFO ][transport                ] [In-Betweener] bound_address {inet[/127.0.0.1:42795]}, publish_address {inet[/127.0.0.1:42795]}
    [2020-11-14 23:17:15,633][INFO ][discovery                ] [In-Betweener] jdbc/516QEs4NTVqkcs8KV-4efQ
    [2020-11-14 23:17:18,700][INFO ][cluster.service          ] [In-Betweener] new_master [In-Betweener][516QEs4NTVqkcs8KV-4efQ][048d82c944f8][inet[/127.0.0.1:42795]]{http_address=http://127.0.0.1:36167}, reason: zen-disco-join (elected_as_master)
    [2020-11-14 23:17:18,715][INFO ][node                     ] [In-Betweener] started
    [2020-11-14 23:17:18,765][INFO ][gateway                  ] [In-Betweener] recovered [0] indices into cluster_state

io.crate.client.jdbc.integrationtests.CrateJDBCIntegrationTest > testException STANDARD_OUT
    [2020-11-14 23:17:19,478][INFO ][cluster.metadata         ] [In-Betweener] [test] creating index, cause [api], shards [1]/[0], mappings [default]
    [2020-11-14 23:17:19,788][INFO ][cluster.metadata         ] [In-Betweener] [test] update_mapping [default] (dynamic)

io.crate.client.jdbc.integrationtests.CrateJDBCIntegrationTest > testGetSchemas STANDARD_OUT
    [2020-11-14 23:17:20,004][INFO ][cluster.metadata         ] [In-Betweener] [test] deleting index
    [2020-11-14 23:17:20,076][INFO ][cluster.metadata         ] [In-Betweener] [test] creating index, cause [api], shards [1]/[0], mappings [default]
    [2020-11-14 23:17:20,131][INFO ][cluster.metadata         ] [In-Betweener] [test] update_mapping [default] (dynamic)

io.crate.client.jdbc.integrationtests.CrateJDBCIntegrationTest > testExecuteBatchPreparedStatementFailSyntax STANDARD_OUT
    [2020-11-14 23:17:20,320][INFO ][cluster.metadata         ] [In-Betweener] [test] deleting index
    [2020-11-14 23:17:20,381][INFO ][cluster.metadata         ] [In-Betweener] [test] creating index, cause [api], shards [1]/[0], mappings [default]
    [2020-11-14 23:17:20,426][INFO ][cluster.metadata         ] [In-Betweener] [test] update_mapping [default] (dynamic)
    [2020-11-14 23:17:20,572][INFO ][cluster.metadata         ] [In-Betweener] [test] deleting index

io.crate.client.jdbc.integrationtests.CrateJDBCIntegrationTest > testSelectWhenNothingMatches STANDARD_OUT
    [2020-11-14 23:17:20,624][INFO ][cluster.metadata         ] [In-Betweener] [test] creating index, cause [api], shards [1]/[0], mappings [default]
    [2020-11-14 23:17:20,665][INFO ][cluster.metadata         ] [In-Betweener] [test] update_mapping [default] (dynamic)

io.crate.client.jdbc.integrationtests.CrateJDBCIntegrationTest > testExecuteUpdateWhenNothingMatches STANDARD_OUT
    [2020-11-14 23:17:20,828][INFO ][cluster.metadata         ] [In-Betweener] [test] deleting index
    [2020-11-14 23:17:20,873][INFO ][cluster.metadata         ] [In-Betweener] [test] creating index, cause [api], shards [1]/[0], mappings [default]
    [2020-11-14 23:17:20,908][INFO ][cluster.metadata         ] [In-Betweener] [test] update_mapping [default] (dynamic)

io.crate.client.jdbc.integrationtests.CrateJDBCIntegrationTest > testConnectionWithCustomSchema STANDARD_OUT
    [2020-11-14 23:17:21,034][INFO ][cluster.metadata         ] [In-Betweener] [test] deleting index
    [2020-11-14 23:17:21,081][INFO ][cluster.metadata         ] [In-Betweener] [test] creating index, cause [api], shards [1]/[0], mappings [default]
    [2020-11-14 23:17:21,125][INFO ][cluster.metadata         ] [In-Betweener] [test] update_mapping [default] (dynamic)
    [2020-11-14 23:17:21,210][INFO ][cluster.metadata         ] [In-Betweener] [foo.t] creating index, cause [api], shards [5]/[0], mappings [default]
    [2020-11-14 23:17:21,384][INFO ][cluster.metadata         ] [In-Betweener] [bar.t] creating index, cause [api], shards [5]/[0], mappings [default]
    [2020-11-14 23:17:21,558][INFO ][cluster.metadata         ] [In-Betweener] [test] deleting index
    [2020-11-14 23:17:21,577][INFO ][cluster.metadata         ] [In-Betweener] [foo.t] deleting index

io.crate.client.jdbc.integrationtests.CrateJDBCIntegrationTest > testExcludeNestedColumns STANDARD_OUT
    [2020-11-14 23:17:21,625][INFO ][cluster.metadata         ] [In-Betweener] [bar.t] deleting index
    [2020-11-14 23:17:21,699][INFO ][cluster.metadata         ] [In-Betweener] [test] creating index, cause [api], shards [1]/[0], mappings [default]
    [2020-11-14 23:17:21,742][INFO ][cluster.metadata         ] [In-Betweener] [test] update_mapping [default] (dynamic)

io.crate.client.jdbc.integrationtests.CrateJDBCIntegrationTest > testExcludeNestedColumns FAILED
    java.lang.AssertionError at CrateJDBCIntegrationTest.java:224

io.crate.client.jdbc.integrationtests.CrateJDBCIntegrationTest > testExecuteBatchPreparedStatementFailOne STANDARD_OUT
    [2020-11-14 23:17:21,837][INFO ][cluster.metadata         ] [In-Betweener] [test] deleting index
    [2020-11-14 23:17:21,898][INFO ][cluster.metadata         ] [In-Betweener] [test] creating index, cause [api], shards [1]/[0], mappings [default]
    [2020-11-14 23:17:21,936][INFO ][cluster.metadata         ] [In-Betweener] [test] update_mapping [default] (dynamic)

io.crate.client.jdbc.integrationtests.CrateJDBCIntegrationTest > testExecuteBatchStatement STANDARD_OUT
    [2020-11-14 23:17:22,052][INFO ][cluster.metadata         ] [In-Betweener] [test] deleting index
    [2020-11-14 23:17:22,106][INFO ][cluster.metadata         ] [In-Betweener] [test] creating index, cause [api], shards [1]/[0], mappings [default]
    [2020-11-14 23:17:22,138][INFO ][cluster.metadata         ] [In-Betweener] [test] update_mapping [default] (dynamic)

io.crate.client.jdbc.integrationtests.CrateJDBCIntegrationTest > testTypesResponseNoResult STANDARD_OUT
    [2020-11-14 23:17:22,240][INFO ][cluster.metadata         ] [In-Betweener] [test] deleting index
    [2020-11-14 23:17:22,284][INFO ][cluster.metadata         ] [In-Betweener] [test] creating index, cause [api], shards [1]/[0], mappings [default]
    [2020-11-14 23:17:22,329][INFO ][cluster.metadata         ] [In-Betweener] [test] update_mapping [default] (dynamic)
    [2020-11-14 23:17:22,394][INFO ][cluster.metadata         ] [In-Betweener] [test] deleting index

io.crate.client.jdbc.integrationtests.CrateJDBCIntegrationTest > testSelectUsingPreparedStatement STANDARD_OUT
    [2020-11-14 23:17:22,443][INFO ][cluster.metadata         ] [In-Betweener] [test] creating index, cause [api], shards [1]/[0], mappings [default]
    [2020-11-14 23:17:22,475][INFO ][cluster.metadata         ] [In-Betweener] [test] update_mapping [default] (dynamic)

io.crate.client.jdbc.integrationtests.CrateJDBCIntegrationTest > testSelectAllTypes STANDARD_OUT
    [2020-11-14 23:17:22,568][INFO ][cluster.metadata         ] [In-Betweener] [test] deleting index
    [2020-11-14 23:17:22,611][INFO ][cluster.metadata         ] [In-Betweener] [test] creating index, cause [api], shards [1]/[0], mappings [default]
    [2020-11-14 23:17:22,648][INFO ][cluster.metadata         ] [In-Betweener] [test] update_mapping [default] (dynamic)

io.crate.client.jdbc.integrationtests.CrateJDBCIntegrationTest > testExecuteBatchPreparedStatement STANDARD_OUT
    [2020-11-14 23:17:22,765][INFO ][cluster.metadata         ] [In-Betweener] [test] deleting index
    [2020-11-14 23:17:22,808][INFO ][cluster.metadata         ] [In-Betweener] [test] creating index, cause [api], shards [1]/[0], mappings [default]
    [2020-11-14 23:17:22,842][INFO ][cluster.metadata         ] [In-Betweener] [test] update_mapping [default] (dynamic)

io.crate.client.jdbc.integrationtests.CrateJDBCIntegrationTest STANDARD_OUT
    [2020-11-14 23:17:22,978][INFO ][cluster.metadata         ] [In-Betweener] [test] deleting index

io.crate.client.jdbc.integrationtests.CrateJDBCIntegrationTest > testExecuteBatchPreparedStatementFailBulkTypes STANDARD_OUT
    [2020-11-14 23:17:23,031][INFO ][cluster.metadata         ] [In-Betweener] [test] creating index, cause [api], shards [1]/[0], mappings [default]
    [2020-11-14 23:17:23,061][INFO ][cluster.metadata         ] [In-Betweener] [test] update_mapping [default] (dynamic)

io.crate.client.jdbc.integrationtests.CrateJDBCIntegrationTest > testExecuteBatchStatementFail STANDARD_OUT
    [2020-11-14 23:17:23,164][INFO ][cluster.metadata         ] [In-Betweener] [test] deleting index
    [2020-11-14 23:17:23,210][INFO ][cluster.metadata         ] [In-Betweener] [test] creating index, cause [api], shards [1]/[0], mappings [default]
    [2020-11-14 23:17:23,237][INFO ][cluster.metadata         ] [In-Betweener] [test] update_mapping [default] (dynamic)

io.crate.client.jdbc.integrationtests.CrateJDBCIntegrationTest STANDARD_OUT
    Stopping crate server process...

io.crate.client.jdbc.integrationtests.CrateJDBCMultiServerIntegrationTest STANDARD_OUT
    Starting crate server process...
    Picked up _JAVA_OPTIONS: -Xmx1g -XX:MaxPermSize=256m
    Java HotSpot(TM) 64-Bit Server VM warning: ignoring option MaxPermSize=256m; support was removed in 8.0
    [2020-11-14 23:17:24,085][INFO ][node                     ] [Speedo] version[1.4.4], pid[3992], build[${build/NA]
    [2020-11-14 23:17:24,085][INFO ][node                     ] [Speedo] initializing ...
    [2020-11-14 23:17:24,179][INFO ][io.crate.plugin          ] [Speedo] plugins loaded: [] 
    [2020-11-14 23:17:24,182][INFO ][plugins                  ] [Speedo] loaded [crate-core], sites [crate-admin]
    [2020-11-14 23:17:24,211][INFO ][io.crate.plugin          ] [Speedo] plugins loaded: [] 
    [2020-11-14 23:17:24,469][INFO ][io.crate.module          ] [Speedo] configuring crate. version: 0.49.2
    [2020-11-14 23:17:27,010][INFO ][io.crate.rest            ] [Speedo] Elasticsearch HTTP REST API not enabled
    [2020-11-14 23:17:27,107][INFO ][node                     ] [Speedo] initialized
    [2020-11-14 23:17:27,108][INFO ][node                     ] [Speedo] starting ...
    [2020-11-14 23:17:27,108][INFO ][io.crate.blob.BlobService] [Speedo] BlobService.doStart() io.crate.blob.BlobService@5a30722c
    [2020-11-14 23:17:27,199][INFO ][http                     ] [Speedo] bound_address {inet[/127.0.0.1:44107]}, publish_address {inet[/127.0.0.1:44107]}
    [2020-11-14 23:17:27,309][INFO ][transport                ] [Speedo] bound_address {inet[/127.0.0.1:45095]}, publish_address {inet[/127.0.0.1:45095]}
    [2020-11-14 23:17:27,340][INFO ][discovery                ] [Speedo] MultiServerJDBCTest/rpxXeYQPRwCQtwYr6Drn2g
    Starting crate server process...
    [2020-11-14 23:17:30,395][INFO ][cluster.service          ] [Speedo] new_master [Speedo][rpxXeYQPRwCQtwYr6Drn2g][048d82c944f8][inet[/127.0.0.1:45095]]{http_address=http://127.0.0.1:44107}, reason: zen-disco-join (elected_as_master)
    [2020-11-14 23:17:30,410][INFO ][node                     ] [Speedo] started
    [2020-11-14 23:17:30,525][INFO ][gateway                  ] [Speedo] recovered [0] indices into cluster_state
    Picked up _JAVA_OPTIONS: -Xmx1g -XX:MaxPermSize=256m
    Java HotSpot(TM) 64-Bit Server VM warning: ignoring option MaxPermSize=256m; support was removed in 8.0
    [2020-11-14 23:17:30,952][INFO ][node                     ] [Dmitri Bukharin] version[1.4.4], pid[4343], build[${build/NA]
    [2020-11-14 23:17:30,953][INFO ][node                     ] [Dmitri Bukharin] initializing ...
    [2020-11-14 23:17:31,046][INFO ][io.crate.plugin          ] [Dmitri Bukharin] plugins loaded: [] 
    [2020-11-14 23:17:31,047][INFO ][plugins                  ] [Dmitri Bukharin] loaded [crate-core], sites [crate-admin]
    [2020-11-14 23:17:31,069][INFO ][io.crate.plugin          ] [Dmitri Bukharin] plugins loaded: [] 
    [2020-11-14 23:17:31,299][INFO ][io.crate.module          ] [Dmitri Bukharin] configuring crate. version: 0.49.2
    [2020-11-14 23:17:33,694][INFO ][io.crate.rest            ] [Dmitri Bukharin] Elasticsearch HTTP REST API not enabled
    [2020-11-14 23:17:33,761][INFO ][node                     ] [Dmitri Bukharin] initialized
    [2020-11-14 23:17:33,762][INFO ][node                     ] [Dmitri Bukharin] starting ...
    [2020-11-14 23:17:33,762][INFO ][io.crate.blob.BlobService] [Dmitri Bukharin] BlobService.doStart() io.crate.blob.BlobService@5a30722c
    [2020-11-14 23:17:33,835][INFO ][http                     ] [Dmitri Bukharin] bound_address {inet[/127.0.0.1:35371]}, publish_address {inet[/127.0.0.1:35371]}
    [2020-11-14 23:17:33,915][INFO ][transport                ] [Dmitri Bukharin] bound_address {inet[/127.0.0.1:42031]}, publish_address {inet[/127.0.0.1:42031]}
    [2020-11-14 23:17:33,927][INFO ][discovery                ] [Dmitri Bukharin] MultiServerJDBCTest/p9IYXY-xSn2dWFdcC-9gCg
    [2020-11-14 23:17:37,094][INFO ][cluster.service          ] [Dmitri Bukharin] detected_master [Speedo][rpxXeYQPRwCQtwYr6Drn2g][048d82c944f8][inet[/127.0.0.1:45095]]{http_address=http://127.0.0.1:44107}, added {[Speedo][rpxXeYQPRwCQtwYr6Drn2g][048d82c944f8][inet[/127.0.0.1:45095]]{http_address=http://127.0.0.1:44107},}, reason: zen-disco-receive(from master [[Speedo][rpxXeYQPRwCQtwYr6Drn2g][048d82c944f8][inet[/127.0.0.1:45095]]{http_address=http://127.0.0.1:44107}])
    [2020-11-14 23:17:37,073][INFO ][cluster.service          ] [Speedo] added {[Dmitri Bukharin][p9IYXY-xSn2dWFdcC-9gCg][048d82c944f8][inet[/127.0.0.1:42031]]{http_address=http://127.0.0.1:35371},}, reason: zen-disco-receive(join from node[[Dmitri Bukharin][p9IYXY-xSn2dWFdcC-9gCg][048d82c944f8][inet[/127.0.0.1:42031]]{http_address=http://127.0.0.1:35371}])

io.crate.client.jdbc.integrationtests.CrateJDBCMultiServerIntegrationTest > testConnectToMultipleNodes STANDARD_OUT
    [2020-11-14 23:17:37,137][INFO ][node                     ] [Dmitri Bukharin] started

io.crate.client.jdbc.integrationtests.CrateJDBCMultiServerIntegrationTest STANDARD_OUT
    Stopping crate server process...
    [2020-11-14 23:17:37,356][INFO ][cluster.service          ] [Speedo] removed {[Dmitri Bukharin][p9IYXY-xSn2dWFdcC-9gCg][048d82c944f8][inet[/127.0.0.1:42031]]{http_address=http://127.0.0.1:35371},}, reason: zen-disco-node_left([Dmitri Bukharin][p9IYXY-xSn2dWFdcC-9gCg][048d82c944f8][inet[/127.0.0.1:42031]]{http_address=http://127.0.0.1:35371})
    Stopping crate server process...

67 tests completed, 1 failed
:test FAILED

FAILURE: Build failed with an exception.

* What went wrong:
Execution failed for task ':test'.
> There were failing tests. See the report at: file:///home/travis/build/failed/crate/crate-jdbc/build/reports/tests/index.html

* Try:
Run with --info or --debug option to get more log output.

* Exception is:
org.gradle.api.tasks.TaskExecutionException: Execution failed for task ':test'.
	at org.gradle.api.internal.tasks.execution.ExecuteActionsTaskExecuter.executeActions(ExecuteActionsTaskExecuter.java:69)
	at org.gradle.api.internal.tasks.execution.ExecuteActionsTaskExecuter.execute(ExecuteActionsTaskExecuter.java:46)
	at org.gradle.api.internal.tasks.execution.PostExecutionAnalysisTaskExecuter.execute(PostExecutionAnalysisTaskExecuter.java:35)
	at org.gradle.api.internal.tasks.execution.SkipUpToDateTaskExecuter.execute(SkipUpToDateTaskExecuter.java:64)
	at org.gradle.api.internal.tasks.execution.ValidatingTaskExecuter.execute(ValidatingTaskExecuter.java:58)
	at org.gradle.api.internal.tasks.execution.SkipEmptySourceFilesTaskExecuter.execute(SkipEmptySourceFilesTaskExecuter.java:42)
	at org.gradle.api.internal.tasks.execution.SkipTaskWithNoActionsExecuter.execute(SkipTaskWithNoActionsExecuter.java:52)
	at org.gradle.api.internal.tasks.execution.SkipOnlyIfTaskExecuter.execute(SkipOnlyIfTaskExecuter.java:53)
	at org.gradle.api.internal.tasks.execution.ExecuteAtMostOnceTaskExecuter.execute(ExecuteAtMostOnceTaskExecuter.java:43)
	at org.gradle.api.internal.AbstractTask.executeWithoutThrowingTaskFailure(AbstractTask.java:305)
	at org.gradle.execution.taskgraph.AbstractTaskPlanExecutor$TaskExecutorWorker.executeTask(AbstractTaskPlanExecutor.java:79)
	at org.gradle.execution.taskgraph.AbstractTaskPlanExecutor$TaskExecutorWorker.processTask(AbstractTaskPlanExecutor.java:63)
	at org.gradle.execution.taskgraph.AbstractTaskPlanExecutor$TaskExecutorWorker.run(AbstractTaskPlanExecutor.java:51)
	at org.gradle.execution.taskgraph.DefaultTaskPlanExecutor.process(DefaultTaskPlanExecutor.java:23)
	at org.gradle.execution.taskgraph.DefaultTaskGraphExecuter.execute(DefaultTaskGraphExecuter.java:88)
	at org.gradle.execution.SelectedTaskExecutionAction.execute(SelectedTaskExecutionAction.java:29)
	at org.gradle.execution.DefaultBuildExecuter.execute(DefaultBuildExecuter.java:62)
	at org.gradle.execution.DefaultBuildExecuter.access$200(DefaultBuildExecuter.java:23)
	at org.gradle.execution.DefaultBuildExecuter$2.proceed(DefaultBuildExecuter.java:68)
	at org.gradle.execution.DryRunBuildExecutionAction.execute(DryRunBuildExecutionAction.java:32)
	at org.gradle.execution.DefaultBuildExecuter.execute(DefaultBuildExecuter.java:62)
	at org.gradle.execution.DefaultBuildExecuter.execute(DefaultBuildExecuter.java:55)
	at org.gradle.initialization.DefaultGradleLauncher.doBuildStages(DefaultGradleLauncher.java:149)
	at org.gradle.initialization.DefaultGradleLauncher.doBuild(DefaultGradleLauncher.java:106)
	at org.gradle.initialization.DefaultGradleLauncher.run(DefaultGradleLauncher.java:86)
	at org.gradle.launcher.exec.InProcessBuildActionExecuter$DefaultBuildController.run(InProcessBuildActionExecuter.java:80)
	at org.gradle.launcher.cli.ExecuteBuildAction.run(ExecuteBuildAction.java:33)
	at org.gradle.launcher.cli.ExecuteBuildAction.run(ExecuteBuildAction.java:24)
	at org.gradle.launcher.exec.InProcessBuildActionExecuter.execute(InProcessBuildActionExecuter.java:36)
	at org.gradle.launcher.exec.InProcessBuildActionExecuter.execute(InProcessBuildActionExecuter.java:26)
	at org.gradle.launcher.cli.RunBuildAction.run(RunBuildAction.java:51)
	at org.gradle.internal.Actions$RunnableActionAdapter.execute(Actions.java:171)
	at org.gradle.launcher.cli.CommandLineActionFactory$ParseAndBuildAction.execute(CommandLineActionFactory.java:237)
	at org.gradle.launcher.cli.CommandLineActionFactory$ParseAndBuildAction.execute(CommandLineActionFactory.java:210)
	at org.gradle.launcher.cli.JavaRuntimeValidationAction.execute(JavaRuntimeValidationAction.java:35)
	at org.gradle.launcher.cli.JavaRuntimeValidationAction.execute(JavaRuntimeValidationAction.java:24)
	at org.gradle.launcher.cli.CommandLineActionFactory$WithLogging.execute(CommandLineActionFactory.java:206)
	at org.gradle.launcher.cli.CommandLineActionFactory$WithLogging.execute(CommandLineActionFactory.java:169)
	at org.gradle.launcher.cli.ExceptionReportingAction.execute(ExceptionReportingAction.java:33)
	at org.gradle.launcher.cli.ExceptionReportingAction.execute(ExceptionReportingAction.java:22)
	at org.gradle.launcher.Main.doAction(Main.java:33)
	at org.gradle.launcher.bootstrap.EntryPoint.run(EntryPoint.java:45)
	at org.gradle.launcher.bootstrap.ProcessBootstrap.runNoExit(ProcessBootstrap.java:54)
	at org.gradle.launcher.bootstrap.ProcessBootstrap.run(ProcessBootstrap.java:35)
	at org.gradle.launcher.GradleMain.main(GradleMain.java:23)
	at org.gradle.wrapper.BootstrapMainStarter.start(BootstrapMainStarter.java:30)
	at org.gradle.wrapper.WrapperExecutor.execute(WrapperExecutor.java:127)
	at org.gradle.wrapper.GradleWrapperMain.main(GradleWrapperMain.java:55)
Caused by: org.gradle.api.GradleException: There were failing tests. See the report at: file:///home/travis/build/failed/crate/crate-jdbc/build/reports/tests/index.html
	at org.gradle.api.tasks.testing.Test.handleTestFailures(Test.java:1111)
	at org.gradle.api.tasks.testing.Test.executeTests(Test.java:542)
	at org.gradle.internal.reflect.JavaMethod.invoke(JavaMethod.java:63)
	at org.gradle.api.internal.project.taskfactory.AnnotationProcessingTaskFactory$StandardTaskAction.doExecute(AnnotationProcessingTaskFactory.java:218)
	at org.gradle.api.internal.project.taskfactory.AnnotationProcessingTaskFactory$StandardTaskAction.execute(AnnotationProcessingTaskFactory.java:211)
	at org.gradle.api.internal.project.taskfactory.AnnotationProcessingTaskFactory$StandardTaskAction.execute(AnnotationProcessingTaskFactory.java:200)
	at org.gradle.api.internal.AbstractTask$TaskActionWrapper.execute(AbstractTask.java:579)
	at org.gradle.api.internal.AbstractTask$TaskActionWrapper.execute(AbstractTask.java:562)
	at org.gradle.api.internal.tasks.execution.ExecuteActionsTaskExecuter.executeAction(ExecuteActionsTaskExecuter.java:80)
	at org.gradle.api.internal.tasks.execution.ExecuteActionsTaskExecuter.executeActions(ExecuteActionsTaskExecuter.java:61)
	... 47 more


BUILD FAILED

Total time: 1 mins 4.359 secs

travis_time:end:126a59f0:start=1605395793796083998,finish=1605395858616282735,duration=64820198737[0K
[31;1mThe command "./gradlew test -s" exited with 1.[0m
travis_fold:start:cache.2[0Kstore build cache
travis_time:start:373647a0[0K
travis_time:end:373647a0:start=1605395858629324062,finish=1605395858640186416,duration=10862354[0Ktravis_time:start:03f8bb01[0K/home/travis/.casher/bin/casher:190: warning: Insecure world writable dir /home/travis/build/failed/crate/crate-jdbc/. in PATH, mode 040777
[32;1mchanges detected, packing new archive[0m
/home/travis/.casher/bin/casher:213:in `cache_archive_name': undefined method `[]' for nil:NilClass (NoMethodError)
	from /home/travis/.casher/bin/casher:143:in `push'
	from /home/travis/.casher/bin/casher:53:in `block in run'
	from /home/travis/.rvm/rubies/ruby-1.9.3-p551/lib/ruby/1.9.1/timeout.rb:69:in `timeout'
	from /home/travis/.casher/bin/casher:53:in `run'
	from /home/travis/.casher/bin/casher:263:in `<main>'

travis_time:end:03f8bb01:start=1605395858651891054,finish=1605395860550600982,duration=1898709928[0Ktravis_fold:end:cache.2[0K
Done. Your build exited with 1.
