travis_fold:start:system_info[0K[33;1mBuild system information[0m
Build language: python
Build group: stable
Build dist: precise
Build id: ''
Job id: ''
[34m[1mBuild image provisioning date and time[0m
Thu Feb  5 15:09:33 UTC 2015
[34m[1mOperating System Details[0m
Distributor ID:	Ubuntu
Description:	Ubuntu 12.04.5 LTS
Release:	12.04
Codename:	precise
[34m[1mLinux Version[0m
3.13.0-29-generic
[34m[1mCookbooks Version[0m
a68419e https://github.com/travis-ci/travis-cookbooks/tree/a68419e
[34m[1mGCC version[0m
gcc (Ubuntu/Linaro 4.6.3-1ubuntu5) 4.6.3
Copyright (C) 2011 Free Software Foundation, Inc.
This is free software; see the source for copying conditions.  There is NO
warranty; not even for MERCHANTABILITY or FITNESS FOR A PARTICULAR PURPOSE.

[34m[1mLLVM version[0m
clang version 3.4 (tags/RELEASE_34/final)
Target: x86_64-unknown-linux-gnu
Thread model: posix
[34m[1mPre-installed Ruby versions[0m
ruby-1.9.3-p551
[34m[1mPre-installed Node.js versions[0m
v0.10.36
[34m[1mPre-installed Go versions[0m
1.4.1
[34m[1mRedis version[0m
redis-server 2.8.19
[34m[1mriak version[0m
2.0.2
[34m[1mMongoDB version[0m
MongoDB 2.4.12
[34m[1mCouchDB version[0m
couchdb 1.6.1
[34m[1mNeo4j version[0m
1.9.4
[34m[1mRabbitMQ Version[0m
3.4.3
[34m[1mElasticSearch version[0m
1.4.0
[34m[1mInstalled Sphinx versions[0m
2.0.10
2.1.9
2.2.6
[34m[1mDefault Sphinx version[0m
2.2.6
[34m[1mInstalled Firefox version[0m
firefox 31.0esr
[34m[1mPhantomJS version[0m
1.9.8
[34m[1mant -version[0m
Apache Ant(TM) version 1.8.2 compiled on December 3 2011
[34m[1mmvn -version[0m
Apache Maven 3.2.5 (12a6b3acb947671f09b81f49094c53f426d8cea1; 2014-12-14T17:29:23+00:00)
Maven home: /usr/local/maven
Java version: 1.7.0_76, vendor: Oracle Corporation
Java home: /usr/lib/jvm/java-7-oracle/jre
Default locale: en_US, platform encoding: ANSI_X3.4-1968
OS name: "linux", version: "3.13.0-29-generic", arch: "amd64", family: "unix"
travis_fold:end:system_info[0K
grep: /etc/apt/sources.list.d/*: No such file or directory
sed: cannot rename /etc/hosts: Device or resource busy
sed: cannot rename /etc/hosts: Device or resource busy
[33;1m3.5 is not installed; attempting download[0m
[33;1mDownloading archive: https://s3.amazonaws.com/travis-python-archives/binaries/ubuntu/12.04/x86_64/python-3.5.tar.bz2[0m
$ sudo tar xjf python-3.5.tar.bz2 --directory /
$ cd failed/numpy/numpy
travis_fold:start:git.submodule[0Ktravis_time:start:00546721[0K$ git submodule update --init --recursive
Submodule 'doc/scipy-sphinx-theme' (https://github.com/scipy/scipy-sphinx-theme.git) registered for path 'doc/scipy-sphinx-theme'
Submodule 'doc/sphinxext' (https://github.com/numpy/numpydoc.git) registered for path 'doc/sphinxext'
Cloning into 'doc/scipy-sphinx-theme'...
Submodule path 'doc/scipy-sphinx-theme': checked out 'c466764e2231ba132c09826b5b138fffa1cfcec3'
Cloning into 'doc/sphinxext'...
Submodule path 'doc/sphinxext': checked out 'ef988a4a4658c991f4445f6241ab02d74710c6e3'

travis_time:end:00546721:start=1605419404171239075,finish=1605419406903035572,duration=2731796497[0Ktravis_fold:end:git.submodule[0Ktravis_fold:start:apt[0K[33;1mInstalling APT Packages (BETA)[0m
$ export DEBIAN_FRONTEND=noninteractive
travis_time:start:0ce81634[0K$ sudo -E apt-get -yq update &>> ~/apt-get-update.log

travis_time:end:0ce81634:start=1605419406916027673,finish=1605419411260542300,duration=4344514627[0Ktravis_time:start:00dae44b[0K$ sudo -E apt-get -yq --no-install-suggests --no-install-recommends --force-yes install gfortran libatlas-dev libatlas-base-dev eatmydata
Reading package lists...
Building dependency tree...
Reading state information...
The following extra packages will be installed:
  gfortran-4.6 libatlas3gf-base libblas-dev
Suggested packages:
  gfortran-multilib gfortran-doc gfortran-4.6-multilib gfortran-4.6-doc
  libgfortran3-dbg libblas-doc liblapack-doc liblapack-dev
The following NEW packages will be installed:
  eatmydata gfortran gfortran-4.6 libatlas-base-dev libatlas-dev
  libatlas3gf-base libblas-dev
0 upgraded, 7 newly installed, 0 to remove and 238 not upgraded.
Need to get 19.6 MB of archives.
After this operation, 68.4 MB of additional disk space will be used.
Get:1 http://us.archive.ubuntu.com/ubuntu/ precise/universe eatmydata amd64 26-2 [8,034 B]
Get:2 http://us.archive.ubuntu.com/ubuntu/ precise/main gfortran-4.6 amd64 4.6.3-1ubuntu5 [5,579 kB]
Get:3 http://us.archive.ubuntu.com/ubuntu/ precise/main gfortran amd64 4:4.6.3-1ubuntu5 [1,206 B]
Get:4 http://us.archive.ubuntu.com/ubuntu/ precise/universe libatlas3gf-base amd64 3.8.4-3build1 [6,191 kB]
Get:5 http://us.archive.ubuntu.com/ubuntu/ precise/main libblas-dev amd64 1.2.20110419-2ubuntu1 [302 kB]
Get:6 http://us.archive.ubuntu.com/ubuntu/ precise/universe libatlas-dev all 3.8.4-3build1 [13.6 kB]
Get:7 http://us.archive.ubuntu.com/ubuntu/ precise/universe libatlas-base-dev amd64 3.8.4-3build1 [7,461 kB]
Fetched 19.6 MB in 1s (16.1 MB/s)
Selecting previously unselected package eatmydata.
(Reading database ... 72431 files and directories currently installed.)
Unpacking eatmydata (from .../eatmydata_26-2_amd64.deb) ...
Selecting previously unselected package gfortran-4.6.
Unpacking gfortran-4.6 (from .../gfortran-4.6_4.6.3-1ubuntu5_amd64.deb) ...
Selecting previously unselected package gfortran.
Unpacking gfortran (from .../gfortran_4%3a4.6.3-1ubuntu5_amd64.deb) ...
Selecting previously unselected package libatlas3gf-base.
Unpacking libatlas3gf-base (from .../libatlas3gf-base_3.8.4-3build1_amd64.deb) ...
Selecting previously unselected package libblas-dev.
Unpacking libblas-dev (from .../libblas-dev_1.2.20110419-2ubuntu1_amd64.deb) ...
Selecting previously unselected package libatlas-dev.
Unpacking libatlas-dev (from .../libatlas-dev_3.8.4-3build1_all.deb) ...
Selecting previously unselected package libatlas-base-dev.
Unpacking libatlas-base-dev (from .../libatlas-base-dev_3.8.4-3build1_amd64.deb) ...
Processing triggers for man-db ...
Processing triggers for ccache ...
Updating symlinks in /usr/lib/ccache ...
Setting up eatmydata (26-2) ...
Setting up gfortran-4.6 (4.6.3-1ubuntu5) ...
Setting up gfortran (4:4.6.3-1ubuntu5) ...
update-alternatives: using /usr/bin/gfortran to provide /usr/bin/f95 (f95) in auto mode.
Setting up libatlas3gf-base (3.8.4-3build1) ...
update-alternatives: using /usr/lib/atlas-base/atlas/libblas.so.3gf to provide /usr/lib/libblas.so.3gf (libblas.so.3gf) in auto mode.
update-alternatives: using /usr/lib/atlas-base/atlas/liblapack.so.3gf to provide /usr/lib/liblapack.so.3gf (liblapack.so.3gf) in auto mode.
Setting up libblas-dev (1.2.20110419-2ubuntu1) ...
update-alternatives: using /usr/lib/libblas/libblas.so to provide /usr/lib/libblas.so (libblas.so) in auto mode.
Setting up libatlas-dev (3.8.4-3build1) ...
Setting up libatlas-base-dev (3.8.4-3build1) ...
update-alternatives: using /usr/lib/atlas-base/atlas/libblas.so to provide /usr/lib/libblas.so (libblas.so) in auto mode.
update-alternatives: using /usr/lib/atlas-base/atlas/liblapack.so to provide /usr/lib/liblapack.so (liblapack.so) in auto mode.
Processing triggers for libc-bin ...
ldconfig deferred processing now taking place

travis_time:end:00dae44b:start=1605419411270675834,finish=1605419419352924051,duration=8082248217[0Ktravis_fold:end:apt[0K
[33;1mSetting environment variables from .travis.yml[0m
$ export WHEELHOUSE_UPLOADER_USERNAME=travis.numpy

travis_time:start:04f3fdb9[0K$ source ~/virtualenv/python3.5/bin/activate

travis_time:end:04f3fdb9:start=1605419419506508641,finish=1605419419517236564,duration=10727923[0Ktravis_fold:start:cache.1[0KSetting up build cache
$ export CASHER_DIR=$HOME/.casher
travis_time:start:051f8727[0K$ Installing caching utilities

travis_time:end:051f8727:start=1605419419955625328,finish=1605419420022059649,duration=66434321[0Ktravis_time:start:061a6cd8[0K
travis_time:end:061a6cd8:start=1605419420036696318,finish=1605419420046907696,duration=10211378[0Ktravis_time:start:2478f0f6[0K/home/travis/.casher/bin/casher:213:in `cache_archive_name': undefined method `[]' for nil:NilClass (NoMethodError)
	from /home/travis/.casher/bin/casher:65:in `block in fetch'
	from /home/travis/.casher/bin/casher:64:in `each'
	from /home/travis/.casher/bin/casher:64:in `fetch'
	from /home/travis/.casher/bin/casher:53:in `block in run'
	from /home/travis/.rvm/rubies/ruby-1.9.3-p551/lib/ruby/1.9.1/timeout.rb:69:in `timeout'
	from /home/travis/.casher/bin/casher:53:in `run'
	from /home/travis/.casher/bin/casher:263:in `<main>'
[32;1mattempting to download cache archive[0m

travis_time:end:2478f0f6:start=1605419420058629106,finish=1605419420943171046,duration=884541940[0Ktravis_time:start:0ddd3e6d[0K
travis_time:end:0ddd3e6d:start=1605419420955092391,finish=1605419420965332472,duration=10240081[0Ktravis_time:start:204cbb32[0K[32;1madding /home/travis/.cache/pip to cache[0m

travis_time:end:204cbb32:start=1605419420977089459,finish=1605419421850446206,duration=873356747[0Ktravis_fold:end:cache.1[0K$ python --version
Python 3.5.6
$ pip --version
pip 18.0 from /home/travis/virtualenv/python3.5.6/lib/python3.5/site-packages/pip (python 3.5)
travis_fold:start:before_install.1[0Ktravis_time:start:004509f6[0K$ uname -a
Linux f3dff866ffc3 4.15.0-109-generic #110-Ubuntu SMP Tue Jun 23 02:39:32 UTC 2020 x86_64 x86_64 x86_64 GNU/Linux

travis_time:end:004509f6:start=1605419422276165334,finish=1605419422288225616,duration=12060282[0Ktravis_fold:end:before_install.1[0Ktravis_fold:start:before_install.2[0Ktravis_time:start:02f7000c[0K$ free -m
             total       used       free     shared    buffers     cached
Mem:        192081     147488      44592          0       1670      91066
-/+ buffers/cache:      54750     137330
Swap:        65982        307      65675

travis_time:end:02f7000c:start=1605419422300368887,finish=1605419422312433056,duration=12064169[0Ktravis_fold:end:before_install.2[0Ktravis_fold:start:before_install.3[0Ktravis_time:start:028aeb9a[0K$ df -h
Filesystem      Size  Used Avail Use% Mounted on
overlay          91T  5.1T   86T   6% /
tmpfs            64M     0   64M   0% /dev
tmpfs            94G     0   94G   0% /sys/fs/cgroup
/dev/sda         91T  5.1T   86T   6% /etc/resolv.conf
/dev/sda         91T  5.1T   86T   6% /etc/hostname
/dev/sda         91T  5.1T   86T   6% /etc/hosts
shm              64M     0   64M   0% /dev/shm
tmpfs            94G     0   94G   0% /proc/acpi
tmpfs            64M     0   64M   0% /proc/kcore
tmpfs            64M     0   64M   0% /proc/keys
tmpfs            64M     0   64M   0% /proc/timer_list
tmpfs            64M     0   64M   0% /proc/sched_debug
tmpfs            94G     0   94G   0% /proc/scsi
tmpfs            94G     0   94G   0% /sys/firmware

travis_time:end:028aeb9a:start=1605419422324524409,finish=1605419422337474014,duration=12949605[0Ktravis_fold:end:before_install.3[0Ktravis_fold:start:before_install.4[0Ktravis_time:start:19875c8b[0K$ ulimit -a
core file size          (blocks, -c) unlimited
data seg size           (kbytes, -d) unlimited
scheduling priority             (-e) 0
file size               (blocks, -f) unlimited
pending signals                 (-i) 767649
max locked memory       (kbytes, -l) 16384
max memory size         (kbytes, -m) unlimited
open files                      (-n) 1048576
pipe size            (512 bytes, -p) 8
POSIX message queues     (bytes, -q) 819200
real-time priority              (-r) 0
stack size              (kbytes, -s) 8192
cpu time               (seconds, -t) unlimited
max user processes              (-u) unlimited
virtual memory          (kbytes, -v) unlimited
file locks                      (-x) unlimited

travis_time:end:19875c8b:start=1605419422349545460,finish=1605419422359115548,duration=9570088[0Ktravis_fold:end:before_install.4[0Ktravis_fold:start:before_install.5[0Ktravis_time:start:01997a2c[0K$ mkdir builds

travis_time:end:01997a2c:start=1605419422371031827,finish=1605419422381961319,duration=10929492[0Ktravis_fold:end:before_install.5[0Ktravis_fold:start:before_install.6[0Ktravis_time:start:123d72b1[0K$ pushd builds
~/build/failed/numpy/numpy/builds ~/build/failed/numpy/numpy

travis_time:end:123d72b1:start=1605419422393828316,finish=1605419422403541438,duration=9713122[0Ktravis_fold:end:before_install.6[0Ktravis_fold:start:before_install.7[0Ktravis_time:start:02bd0ac0[0K$ pip install -U 'virtualenv==14.0.6'
Collecting virtualenv==14.0.6
  Downloading https://files.pythonhosted.org/packages/39/62/159f60c93e7cf4f88730ec6ee7f23fec4e8f374c133502da18ef1e1420cb/virtualenv-14.0.6-py2.py3-none-any.whl (1.8MB)
Installing collected packages: virtualenv
  Found existing installation: virtualenv 16.0.0
    Uninstalling virtualenv-16.0.0:
      Successfully uninstalled virtualenv-16.0.0
Successfully installed virtualenv-14.0.6

travis_time:end:02bd0ac0:start=1605419422415401237,finish=1605419423738517510,duration=1323116273[0Ktravis_fold:end:before_install.7[0Ktravis_fold:start:before_install.8[0Ktravis_time:start:0389ca6c[0K$ virtualenv --python=python venv
Already using interpreter /home/travis/virtualenv/python3.5.6/bin/python
Using real prefix '/opt/python/3.5.6'
New python executable in /home/travis/build/failed/numpy/numpy/builds/venv/bin/python
Installing setuptools, pip, wheel...done.

travis_time:end:0389ca6c:start=1605419423751157838,finish=1605419431647105764,duration=7895947926[0Ktravis_fold:end:before_install.8[0Ktravis_fold:start:before_install.9[0Ktravis_time:start:1beac5fa[0K$ source venv/bin/activate

travis_time:end:1beac5fa:start=1605419431657734333,finish=1605419431666735445,duration=9001112[0Ktravis_fold:end:before_install.9[0Ktravis_fold:start:before_install.10[0Ktravis_time:start:373979d9[0K$ python -V
Python 3.5.6

travis_time:end:373979d9:start=1605419431677545049,finish=1605419431689027073,duration=11482024[0Ktravis_fold:end:before_install.10[0Ktravis_fold:start:before_install.11[0Ktravis_time:start:03c802c0[0K$ pip install --upgrade pip==8.1.2 setuptools==22.0.5
DEPRECATION: Python 3.5 reached the end of its life on September 13th, 2020. Please upgrade your Python as Python 3.5 is no longer maintained. pip 21.0 will drop support for Python 3.5 in January 2021. pip 21.0 will remove support for this functionality.
Collecting pip==8.1.2
  Downloading pip-8.1.2-py2.py3-none-any.whl (1.2 MB)
Collecting setuptools==22.0.5
  Downloading setuptools-22.0.5-py2.py3-none-any.whl (510 kB)
Installing collected packages: setuptools, pip
  Attempting uninstall: setuptools
    Found existing installation: setuptools 50.3.2
    Uninstalling setuptools-50.3.2:
      Successfully uninstalled setuptools-50.3.2
  Attempting uninstall: pip
    Found existing installation: pip 20.3b1
    Uninstalling pip-20.3b1:
      Successfully uninstalled pip-20.3b1
Successfully installed pip-8.1.2 setuptools-22.0.5

travis_time:end:03c802c0:start=1605419431699283425,finish=1605419435409917883,duration=3710634458[0Ktravis_fold:end:before_install.11[0Ktravis_fold:start:before_install.12[0Ktravis_time:start:1e737480[0K$ pip install nose==1.3.7 pytz==2016.4 cython==0.24
Collecting nose==1.3.7
  Downloading https://files.pythonhosted.org/packages/15/d8/dd071918c040f50fa1cf80da16423af51ff8ce4a0f2399b7bf8de45ac3d9/nose-1.3.7-py3-none-any.whl (154kB)
Collecting pytz==2016.4
  Downloading https://files.pythonhosted.org/packages/ae/cf/a7442138ad899a7587489641a8923f1e640cafc2d6ffe4e79e5d15cc5b3e/pytz-2016.4-py2.py3-none-any.whl (480kB)
Collecting cython==0.24
  Downloading https://files.pythonhosted.org/packages/67/0f/b05c37e28f657756ec4170f8600a1c892e0a88729852fa104894c59ce089/Cython-0.24-cp35-cp35m-manylinux1_x86_64.whl (6.5MB)
Installing collected packages: nose, pytz, cython
Successfully installed cython-0.24 nose-1.3.7 pytz-2016.4

travis_time:end:1e737480:start=1605419435421359268,finish=1605419439241823038,duration=3820463770[0Ktravis_fold:end:before_install.12[0Ktravis_fold:start:before_install.13[0Ktravis_time:start:1cbcc19c[0K$ if [ -n "$USE_ASV" ]; then pip install asv==0.1.1; fi

travis_time:end:1cbcc19c:start=1605419439255063960,finish=1605419439265078173,duration=10014213[0Ktravis_fold:end:before_install.13[0Ktravis_fold:start:before_install.14[0Ktravis_time:start:004c9560[0K$ popd
~/build/failed/numpy/numpy

travis_time:end:004c9560:start=1605419439277534831,finish=1605419439286903421,duration=9368590[0Ktravis_fold:end:before_install.14[0KCould not locate requirements.txt. Override the install: key in your .travis.yml to install dependencies.
travis_time:start:01b2082d[0K$ ./tools/travis-test.sh
+export NPY_NUM_BUILD_JOBS=2
+NPY_NUM_BUILD_JOBS=2
+'[' -r /usr/lib/libeatmydata/libeatmydata.so ']'
+export LD_PRELOAD=/usr/lib/libeatmydata/libeatmydata.so
+LD_PRELOAD=/usr/lib/libeatmydata/libeatmydata.so
+PYTHON=python
+PIP=pip
+'[' -n '' ']'
+'[' -n '' ']'
+werrors='-Werror=declaration-after-statement -Werror=vla '
+werrors+='-Werror=nonnull -Werror=pointer-arith'
+export PYTHON
+export PIP
+pip install setuptools
Requirement already satisfied (use --upgrade to upgrade): setuptools in ./builds/venv/lib/python3.5/site-packages
+'[' -n '' ']'
+'[' -n '' ']'
+'[' -n '' ']'
+setup_base
+'[' -z '' ']'
+'[' -z '' ']'
+pip install .
Processing /home/travis/build/failed/numpy/numpy
Installing collected packages: numpy
  Running setup.py install for numpy: started
    Running setup.py install for numpy: still running...
    Running setup.py install for numpy: finished with status 'done'
Successfully installed numpy-1.12.0.dev0+8cedcfc
+run_test
+'[' -n '' ']'
+mkdir -p empty
+cd empty
++python -c 'import os; import numpy; print(os.path.dirname(numpy.__file__))'
+INSTALLDIR=/home/travis/build/failed/numpy/numpy/builds/venv/lib/python3.5/site-packages/numpy
+export PYTHONWARNINGS=default
+PYTHONWARNINGS=default
+python ../tools/test-installed-numpy.py
/home/travis/build/failed/numpy/numpy/builds/venv/lib/python3.5/site-packages/nose/importer.py:12: PendingDeprecationWarning: the imp module is deprecated in favour of importlib; see the module's documentation for alternative uses
  from imp import find_module, load_module, acquire_lock, release_lock
.....................................................................................................................................................................................................................S......................................................................................................................................................................S..SS...SSS.KKK.........................................................................................................................................................................................................................................................................................................................................................................................................................................................................................................................................................................................................................................................................................................................................................................................................................................................................................................................................................................................................................................................................................................................................................................................................................................S.................................................................S......................................................................................................................................................................................................................................................................................................................................................................................................................................................................................................K.............................................................................................................................................................................................................................................................................................................................SSS.......................................................................S............................................K.................................................................................S...................................................................................................................................................................................................................................................................................................................................................................................K......................K................................................................................................................................................................................................................................................................................................................................................................................................................................................................................................................................................................................................................................................................................................................................................................................................................................................................................................................................................................................................................................................................................................................................................................................................................................................................................................................................................................................................................................................................................................................................................................................................................................................................................................................................................................................................................................................................................................................................................................................................................................................................................................................................................................................................................................................................................................................................................................................................................................................................................................................................................................................................................................................................................................................................................................................................................................................................................................................................................................................................................................................................................................................................................................................................................................................................................................................F...........................................
======================================================================
FAIL: test_error_message (test_utils.TestEqual)
----------------------------------------------------------------------
Traceback (most recent call last):
  File "/home/travis/build/failed/numpy/numpy/builds/venv/lib/python3.5/site-packages/numpy/testing/tests/test_utils.py", line 232, in test_error_message
    self._assert_func(np.array([1, 2]), np.matrix([1, 2]))
AssertionError: 
Arrays are not equal

(shapes (2,), (1, 2) mismatch)
 x: array([1, 2])
 y: matrix([[1 2]])

During handling of the above exception, another exception occurred:

Traceback (most recent call last):
  File "/home/travis/build/failed/numpy/numpy/builds/venv/lib/python3.5/site-packages/numpy/testing/tests/test_utils.py", line 236, in test_error_message
    "\nArrays are not equal\n\n"
AssertionError: '\nAr[72 chars]n y: matrix([[1 2]])' != '\nAr[72 chars]n y: [repr failed for <matrix>: The truth valu[74 chars]l()]'
  
  Arrays are not equal
  
  (shapes (2,), (1, 2) mismatch)
   x: array([1, 2])
-  y: matrix([[1 2]])+  y: [repr failed for <matrix>: The truth value of an array with more than one element is ambiguous. Use a.any() or a.all()]

----------------------------------------------------------------------
Ran 6284 tests in 65.459s

FAILED (KNOWNFAIL=7, SKIP=14, failures=1)
Running unit tests for numpy
NumPy version 1.12.0.dev0+8cedcfc
NumPy relaxed strides checking option: True
NumPy is installed in /home/travis/build/failed/numpy/numpy/builds/venv/lib/python3.5/site-packages/numpy
Python version 3.5.6 (default, Aug 13 2018, 05:53:01) [GCC 4.6.3]
nose version 1.3.7

travis_time:end:01b2082d:start=1605419439298069570,finish=1605419621565229916,duration=182267160346[0K
[31;1mThe command "./tools/travis-test.sh" exited with 1.[0m
travis_fold:start:cache.2[0Kstore build cache
travis_time:start:0424a8e0[0K
travis_time:end:0424a8e0:start=1605419621577785780,finish=1605419621587669591,duration=9883811[0Ktravis_time:start:16269c72[0K/home/travis/.casher/bin/casher:190: warning: Insecure world writable dir /home/travis/build/failed/numpy/numpy in PATH, mode 040777
[32;1mchanges detected, packing new archive[0m
/home/travis/.casher/bin/casher:213:in `cache_archive_name': undefined method `[]' for nil:NilClass (NoMethodError)
	from /home/travis/.casher/bin/casher:143:in `push'
	from /home/travis/.casher/bin/casher:53:in `block in run'
	from /home/travis/.rvm/rubies/ruby-1.9.3-p551/lib/ruby/1.9.1/timeout.rb:69:in `timeout'
	from /home/travis/.casher/bin/casher:53:in `run'
	from /home/travis/.casher/bin/casher:263:in `<main>'

travis_time:end:16269c72:start=1605419621598087743,finish=1605419623433936135,duration=1835848392[0Ktravis_fold:end:cache.2[0K
Done. Your build exited with 1.
