travis_fold:start:system_info[0K[33;1mBuild system information[0m
Build language: java
Build id: ''
Job id: ''
[34m[1mBuild image provisioning date and time[0m
Thu Feb  5 15:09:33 UTC 2015
[34m[1mOperating System Details[0m
Distributor ID:	Ubuntu
Description:	Ubuntu 12.04.5 LTS
Release:	12.04
Codename:	precise
[34m[1mLinux Version[0m
3.13.0-29-generic
[34m[1mCookbooks Version[0m
a68419e https://github.com/travis-ci/travis-cookbooks/tree/a68419e
[34m[1mGCC version[0m
gcc (Ubuntu/Linaro 4.6.3-1ubuntu5) 4.6.3
Copyright (C) 2011 Free Software Foundation, Inc.
This is free software; see the source for copying conditions.  There is NO
warranty; not even for MERCHANTABILITY or FITNESS FOR A PARTICULAR PURPOSE.

[34m[1mLLVM version[0m
clang version 3.4 (tags/RELEASE_34/final)
Target: x86_64-unknown-linux-gnu
Thread model: posix
[34m[1mPre-installed Ruby versions[0m
ruby-1.9.3-p551
[34m[1mPre-installed Node.js versions[0m
v0.10.36
[34m[1mPre-installed Go versions[0m
1.4.1
[34m[1mRedis version[0m
redis-server 2.8.19
[34m[1mriak version[0m
2.0.2
[34m[1mMongoDB version[0m
MongoDB 2.4.12
[34m[1mCouchDB version[0m
couchdb 1.6.1
[34m[1mNeo4j version[0m
1.9.4
[34m[1mRabbitMQ Version[0m
3.4.3
[34m[1mElasticSearch version[0m
1.4.0
[34m[1mInstalled Sphinx versions[0m
2.0.10
2.1.9
2.2.6
[34m[1mDefault Sphinx version[0m
2.2.6
[34m[1mInstalled Firefox version[0m
firefox 31.0esr
[34m[1mPhantomJS version[0m
1.9.8
[34m[1mant -version[0m
Apache Ant(TM) version 1.8.2 compiled on December 3 2011
[34m[1mmvn -version[0m
Apache Maven 3.2.5 (12a6b3acb947671f09b81f49094c53f426d8cea1; 2014-12-14T17:29:23+00:00)
Maven home: /usr/local/maven
Java version: 1.7.0_76, vendor: Oracle Corporation
Java home: /usr/lib/jvm/java-7-oracle/jre
Default locale: en_US, platform encoding: ANSI_X3.4-1968
OS name: "linux", version: "3.13.0-29-generic", arch: "amd64", family: "unix"
travis_fold:end:system_info[0K
W: GPG error: http://apt.postgresql.org precise-pgdg Release: The following signatures were invalid: KEYEXPIRED 1562078959
W: Failed to fetch http://ppa.launchpad.net/travis-ci/zero-mq/ubuntu/dists/precise/main/binary-amd64/Packages  403  Forbidden

W: Failed to fetch http://ppa.launchpad.net/travis-ci/zero-mq/ubuntu/dists/precise/main/binary-i386/Packages  403  Forbidden

W: Failed to fetch http://downloads-distro.mongodb.org/repo/debian-sysvinit/dists/dist/10gen/binary-amd64/Packages  Undetermined Error [IP: 52.21.89.200 80]

W: Failed to fetch http://downloads-distro.mongodb.org/repo/debian-sysvinit/dists/dist/10gen/binary-i386/Packages  Undetermined Error [IP: 52.21.89.200 80]

E: Some index files failed to download. They have been ignored, or old ones used instead.
sed: cannot rename /etc/hosts: Device or resource busy
sed: cannot rename /etc/hosts: Device or resource busy
$ jdk_switcher use oraclejdk8
Switching to Oracle JDK8 (java-8-oracle), JAVA_HOME will be set to /usr/lib/jvm/java-8-oracle
$ cd failed/spring-projects/spring-data-jpa

[33;1mSetting environment variables from .travis.yml[0m
$ export PROFILE=hibernate-43

travis_fold:start:cache.1[0KSetting up build cache
$ export CASHER_DIR=$HOME/.casher
travis_time:start:004076da[0K$ Installing caching utilities

travis_time:end:004076da:start=1604765514732384905,finish=1604765514979424218,duration=247039313[0Ktravis_time:start:124f5c6f[0K
travis_time:end:124f5c6f:start=1604765514994366965,finish=1604765515003516873,duration=9149908[0Ktravis_time:start:04991f4c[0K/home/travis/.casher/bin/casher:213:in `cache_archive_name': undefined method `[]' for nil:NilClass (NoMethodError)
	from /home/travis/.casher/bin/casher:65:in `block in fetch'
	from /home/travis/.casher/bin/casher:64:in `each'
	from /home/travis/.casher/bin/casher:64:in `fetch'
	from /home/travis/.casher/bin/casher:53:in `block in run'
	from /home/travis/.rvm/rubies/ruby-1.9.3-p551/lib/ruby/1.9.1/timeout.rb:69:in `timeout'
	from /home/travis/.casher/bin/casher:53:in `run'
	from /home/travis/.casher/bin/casher:263:in `<main>'
[32;1mattempting to download cache archive[0m

travis_time:end:04991f4c:start=1604765515014034267,finish=1604765515825022853,duration=810988586[0Ktravis_time:start:224624a0[0K
travis_time:end:224624a0:start=1604765515838130306,finish=1604765515849335910,duration=11205604[0Ktravis_time:start:0a4291a4[0K[32;1madding /home/travis/.m2 to cache[0m

travis_time:end:0a4291a4:start=1604765515861919627,finish=1604765516703342200,duration=841422573[0Ktravis_fold:end:cache.1[0K$ java -Xmx32m -version
java version "1.8.0_31"
Java(TM) SE Runtime Environment (build 1.8.0_31-b13)
Java HotSpot(TM) 64-Bit Server VM (build 25.31-b07, mixed mode)
$ javac -J-Xmx32m -version
javac 1.8.0_31
travis_fold:start:install[0Ktravis_time:start:306a4ef8[0K$ true

travis_time:end:306a4ef8:start=1604765517008160592,finish=1604765517016426815,duration=8266223[0Ktravis_fold:end:install[0Ktravis_time:start:0e478650[0K$ mvn clean dependency:list test -P${PROFILE} -Dsort
Java HotSpot(TM) 64-Bit Server VM warning: ignoring option MaxPermSize=192m; support was removed in 8.0
[INFO] Scanning for projects...
Downloading: https://nexus.codehaus.org/snapshots/org/springframework/data/build/spring-data-parent/1.6.1.BUILD-SNAPSHOT/maven-metadata.xml
Downloading: https://repo.spring.io/libs-snapshot/org/springframework/data/build/spring-data-parent/1.6.1.BUILD-SNAPSHOT/maven-metadata.xml
Downloading: https://repository.apache.org/snapshots/org/springframework/data/build/spring-data-parent/1.6.1.BUILD-SNAPSHOT/maven-metadata.xml
Downloading: https://oss.sonatype.org/content/repositories/snapshots/org/springframework/data/build/spring-data-parent/1.6.1.BUILD-SNAPSHOT/maven-metadata.xml
[WARNING] Could not transfer metadata org.springframework.data.build:spring-data-parent:1.6.1.BUILD-SNAPSHOT/maven-metadata.xml from/to sonatype-snapshots (https://oss.sonatype.org/content/repositories/snapshots/): Access denied to: https://oss.sonatype.org/content/repositories/snapshots/org/springframework/data/build/spring-data-parent/1.6.1.BUILD-SNAPSHOT/maven-metadata.xml , ReasonPhrase:Forbidden.
[WARNING] Could not transfer metadata org.springframework.data.build:spring-data-parent:1.6.1.BUILD-SNAPSHOT/maven-metadata.xml from/to codehaus-snapshots (https://nexus.codehaus.org/snapshots/): nexus.codehaus.org: unknown error
Downloading: https://oss.sonatype.org/content/repositories/snapshots/org/springframework/data/build/spring-data-parent/1.6.1.BUILD-SNAPSHOT/spring-data-parent-1.6.1.BUILD-SNAPSHOT.pom
Downloading: https://repository.apache.org/snapshots/org/springframework/data/build/spring-data-parent/1.6.1.BUILD-SNAPSHOT/spring-data-parent-1.6.1.BUILD-SNAPSHOT.pom
Downloading: https://nexus.codehaus.org/snapshots/org/springframework/data/build/spring-data-parent/1.6.1.BUILD-SNAPSHOT/spring-data-parent-1.6.1.BUILD-SNAPSHOT.pom
Downloading: https://repo.spring.io/libs-snapshot/org/springframework/data/build/spring-data-parent/1.6.1.BUILD-SNAPSHOT/spring-data-parent-1.6.1.BUILD-SNAPSHOT.pom
[ERROR] The build could not read 1 project -> [Help 1]
[ERROR]   
[ERROR]   The project org.springframework.data:spring-data-jpa:1.8.1.BUILD-SNAPSHOT (/home/travis/build/failed/spring-projects/spring-data-jpa/pom.xml) has 1 error
[ERROR]     Non-resolvable parent POM: Could not transfer artifact org.springframework.data.build:spring-data-parent:pom:1.6.1.BUILD-SNAPSHOT from/to sonatype-snapshots (https://oss.sonatype.org/content/repositories/snapshots/): Access denied to: https://oss.sonatype.org/content/repositories/snapshots/org/springframework/data/build/spring-data-parent/1.6.1.BUILD-SNAPSHOT/spring-data-parent-1.6.1.BUILD-SNAPSHOT.pom , ReasonPhrase:Forbidden. and 'parent.relativePath' points at wrong local POM @ line 14, column 10 -> [Help 2]
[ERROR] 
[ERROR] To see the full stack trace of the errors, re-run Maven with the -e switch.
[ERROR] Re-run Maven using the -X switch to enable full debug logging.
[ERROR] 
[ERROR] For more information about the errors and possible solutions, please read the following articles:
[ERROR] [Help 1] http://cwiki.apache.org/confluence/display/MAVEN/ProjectBuildingException
[ERROR] [Help 2] http://cwiki.apache.org/confluence/display/MAVEN/UnresolvableModelException

travis_time:end:0e478650:start=1604765517027278976,finish=1604765520253078071,duration=3225799095[0K
[31;1mThe command "mvn clean dependency:list test -P${PROFILE} -Dsort" exited with 1.[0m
travis_fold:start:cache.2[0Kstore build cache
travis_time:start:1cde67ad[0K
travis_time:end:1cde67ad:start=1604765520266107640,finish=1604765520275248086,duration=9140446[0Ktravis_time:start:0fcb189d[0K/home/travis/.casher/bin/casher:190: warning: Insecure world writable dir /home/travis/build/failed/spring-projects/spring-data-jpa/. in PATH, mode 040777
[32;1mchanges detected, packing new archive[0m
/home/travis/.casher/bin/casher:213:in `cache_archive_name': undefined method `[]' for nil:NilClass (NoMethodError)
	from /home/travis/.casher/bin/casher:143:in `push'
	from /home/travis/.casher/bin/casher:53:in `block in run'
	from /home/travis/.rvm/rubies/ruby-1.9.3-p551/lib/ruby/1.9.1/timeout.rb:69:in `timeout'
	from /home/travis/.casher/bin/casher:53:in `run'
	from /home/travis/.casher/bin/casher:263:in `<main>'

travis_time:end:0fcb189d:start=1604765520286790786,finish=1604765522113217538,duration=1826426752[0Ktravis_fold:end:cache.2[0K
Done. Your build exited with 1.
