travis_fold:start:system_info[0K[33;1mBuild system information[0m
Build language: python
Build id: ''
Job id: ''
[34m[1mBuild image provisioning date and time[0m
Thu Feb  5 15:09:33 UTC 2015
[34m[1mOperating System Details[0m
Distributor ID:	Ubuntu
Description:	Ubuntu 12.04.5 LTS
Release:	12.04
Codename:	precise
[34m[1mLinux Version[0m
3.13.0-29-generic
[34m[1mCookbooks Version[0m
a68419e https://github.com/travis-ci/travis-cookbooks/tree/a68419e
[34m[1mGCC version[0m
gcc (Ubuntu/Linaro 4.6.3-1ubuntu5) 4.6.3
Copyright (C) 2011 Free Software Foundation, Inc.
This is free software; see the source for copying conditions.  There is NO
warranty; not even for MERCHANTABILITY or FITNESS FOR A PARTICULAR PURPOSE.

[34m[1mLLVM version[0m
clang version 3.4 (tags/RELEASE_34/final)
Target: x86_64-unknown-linux-gnu
Thread model: posix
[34m[1mPre-installed Ruby versions[0m
ruby-1.9.3-p551
[34m[1mPre-installed Node.js versions[0m
v0.10.36
[34m[1mPre-installed Go versions[0m
1.4.1
[34m[1mRedis version[0m
redis-server 2.8.19
[34m[1mriak version[0m
2.0.2
[34m[1mMongoDB version[0m
MongoDB 2.4.12
[34m[1mCouchDB version[0m
couchdb 1.6.1
[34m[1mNeo4j version[0m
1.9.4
[34m[1mRabbitMQ Version[0m
3.4.3
[34m[1mElasticSearch version[0m
1.4.0
[34m[1mInstalled Sphinx versions[0m
2.0.10
2.1.9
2.2.6
[34m[1mDefault Sphinx version[0m
2.2.6
[34m[1mInstalled Firefox version[0m
firefox 31.0esr
[34m[1mPhantomJS version[0m
1.9.8
[34m[1mant -version[0m
Apache Ant(TM) version 1.8.2 compiled on December 3 2011
[34m[1mmvn -version[0m
Apache Maven 3.2.5 (12a6b3acb947671f09b81f49094c53f426d8cea1; 2014-12-14T17:29:23+00:00)
Maven home: /usr/local/maven
Java version: 1.7.0_76, vendor: Oracle Corporation
Java home: /usr/lib/jvm/java-7-oracle/jre
Default locale: en_US, platform encoding: ANSI_X3.4-1968
OS name: "linux", version: "3.13.0-29-generic", arch: "amd64", family: "unix"
travis_fold:end:system_info[0K
grep: /etc/apt/sources.list.d/*: No such file or directory
sed: cannot rename /etc/hosts: Device or resource busy
sed: cannot rename /etc/hosts: Device or resource busy
$ cd passed/tornadoweb/tornado

[33;1mSetting environment variables from .travis.yml[0m
$ export DEPS=false

travis_time:start:0488f711[0K$ source ~/virtualenv/pypy/bin/activate

travis_time:end:0488f711:start=1604542211293481067,finish=1604542211304298930,duration=10817863[0K$ python --version
Python 2.7.8 (10f1b29a2bd2, Feb 02 2015, 21:22:43)
[PyPy 2.5.0 with GCC 4.6.3]
$ pip --version
pip 6.0.7 from /home/travis/virtualenv/pypy-2.5.0/site-packages (python 2.7)
travis_fold:start:install.1[0Ktravis_time:start:0b3d98ac[0K$ if [[ $TRAVIS_PYTHON_VERSION == '2.6' ]]; then travis_retry pip install unittest2==1.1.0; fi

travis_time:end:0b3d98ac:start=1604542211887786311,finish=1604542211896073607,duration=8287296[0Ktravis_fold:end:install.1[0Ktravis_fold:start:install.2[0Ktravis_time:start:1df16500[0K$ if [[ $TRAVIS_PYTHON_VERSION == 2* && $DEPS == true ]]; then travis_retry pip install futures==3.0.3 mock==1.3.0 Monotime==1.0 trollius==2.0; fi

travis_time:end:1df16500:start=1604542211906917000,finish=1604542211915782432,duration=8865432[0Ktravis_fold:end:install.2[0Ktravis_fold:start:install.3[0Ktravis_time:start:16745188[0K$ if [[ $TRAVIS_PYTHON_VERSION == 'pypy' && $DEPS == true ]]; then travis_retry pip install futures==3.0.3 mock==1.3.0; fi

travis_time:end:16745188:start=1604542211927036612,finish=1604542211935812118,duration=8775506[0Ktravis_fold:end:install.3[0Ktravis_fold:start:install.4[0Ktravis_time:start:0019cff8[0K$ if [[ $TRAVIS_PYTHON_VERSION != 'pypy'* && $DEPS == true ]]; then travis_retry pip install pycurl==7.19.5.1; fi

travis_time:end:0019cff8:start=1604542211946345626,finish=1604542211955380087,duration=9034461[0Ktravis_fold:end:install.4[0Ktravis_fold:start:install.5[0Ktravis_time:start:0f749760[0K$ if [[ $TRAVIS_PYTHON_VERSION == '3.2' && $DEPS == true ]]; then travis_retry pip install mock==1.3.0; fi

travis_time:end:0f749760:start=1604542211966068456,finish=1604542211975204368,duration=9135912[0Ktravis_fold:end:install.5[0Ktravis_fold:start:install.6[0Ktravis_time:start:098fd826[0K$ if [[ $TRAVIS_PYTHON_VERSION != '3.2' && $TRAVIS_PYTHON_VERSION != 'pypy'* && $DEPS == true ]]; then travis_retry pip install Twisted==15.4.0; fi

travis_time:end:098fd826:start=1604542211985865041,finish=1604542211994218237,duration=8353196[0Ktravis_fold:end:install.6[0Ktravis_fold:start:install.7[0Ktravis_time:start:21c081b4[0K$ if [[ $TRAVIS_PYTHON_VERSION == '2.7' && $DEPS == true ]]; then travis_retry pip install sphinx==1.3.1 sphinx_rtd_theme==0.1.9; fi

travis_time:end:21c081b4:start=1604542212005824233,finish=1604542212014927236,duration=9103003[0Ktravis_fold:end:install.7[0Ktravis_fold:start:install.8[0Ktravis_time:start:001dea16[0K$ if [[ $TRAVIS_PYTHON_VERSION == '3.5' && $DEPS == true ]]; then travis_retry pip install sphinx==1.3.1 sphinx_rtd_theme==0.1.9; fi

travis_time:end:001dea16:start=1604542212025911710,finish=1604542212034944695,duration=9032985[0Ktravis_fold:end:install.8[0Ktravis_fold:start:install.9[0Ktravis_time:start:02f305c0[0K$ if [[ $TRAVIS_PYTHON_VERSION != 'pypy'* ]]; then export TORNADO_EXTENSION=1; fi

travis_time:end:02f305c0:start=1604542212046855048,finish=1604542212056119027,duration=9263979[0Ktravis_fold:end:install.9[0Ktravis_fold:start:install.10[0Ktravis_time:start:264bac06[0K$ travis_retry python setup.py install
running install
Checking .pth file support in /home/travis/virtualenv/pypy-2.5.0/site-packages/
/home/travis/virtualenv/pypy-2.5.0/bin/python -E -c pass
TEST PASSED: /home/travis/virtualenv/pypy-2.5.0/site-packages/ appears to support .pth files
running bdist_egg
running egg_info
creating tornado.egg-info
writing tornado.egg-info/PKG-INFO
writing dependency_links to tornado.egg-info/dependency_links.txt
writing requirements to tornado.egg-info/requires.txt
writing top-level names to tornado.egg-info/top_level.txt
writing manifest file 'tornado.egg-info/SOURCES.txt'
reading manifest file 'tornado.egg-info/SOURCES.txt'
reading manifest template 'MANIFEST.in'
no previously-included directories found matching 'docs/build'
warning: no files found matching 'tornado/test/README'
writing manifest file 'tornado.egg-info/SOURCES.txt'
installing library code to build/bdist.linux-x86_64/egg
running install_lib
running build_py
creating build
creating build/lib
creating build/lib/tornado
copying tornado/__init__.py -> build/lib/tornado
copying tornado/_locale_data.py -> build/lib/tornado
copying tornado/auth.py -> build/lib/tornado
copying tornado/autoreload.py -> build/lib/tornado
copying tornado/concurrent.py -> build/lib/tornado
copying tornado/curl_httpclient.py -> build/lib/tornado
copying tornado/escape.py -> build/lib/tornado
copying tornado/gen.py -> build/lib/tornado
copying tornado/http1connection.py -> build/lib/tornado
copying tornado/httpclient.py -> build/lib/tornado
copying tornado/httpserver.py -> build/lib/tornado
copying tornado/httputil.py -> build/lib/tornado
copying tornado/ioloop.py -> build/lib/tornado
copying tornado/iostream.py -> build/lib/tornado
copying tornado/locale.py -> build/lib/tornado
copying tornado/locks.py -> build/lib/tornado
copying tornado/log.py -> build/lib/tornado
copying tornado/netutil.py -> build/lib/tornado
copying tornado/options.py -> build/lib/tornado
copying tornado/process.py -> build/lib/tornado
copying tornado/queues.py -> build/lib/tornado
copying tornado/simple_httpclient.py -> build/lib/tornado
copying tornado/stack_context.py -> build/lib/tornado
copying tornado/tcpclient.py -> build/lib/tornado
copying tornado/tcpserver.py -> build/lib/tornado
copying tornado/template.py -> build/lib/tornado
copying tornado/testing.py -> build/lib/tornado
copying tornado/util.py -> build/lib/tornado
copying tornado/web.py -> build/lib/tornado
copying tornado/websocket.py -> build/lib/tornado
copying tornado/wsgi.py -> build/lib/tornado
creating build/lib/tornado/test
copying tornado/test/__init__.py -> build/lib/tornado/test
copying tornado/test/__main__.py -> build/lib/tornado/test
copying tornado/test/asyncio_test.py -> build/lib/tornado/test
copying tornado/test/auth_test.py -> build/lib/tornado/test
copying tornado/test/concurrent_test.py -> build/lib/tornado/test
copying tornado/test/curl_httpclient_test.py -> build/lib/tornado/test
copying tornado/test/escape_test.py -> build/lib/tornado/test
copying tornado/test/gen_test.py -> build/lib/tornado/test
copying tornado/test/httpclient_test.py -> build/lib/tornado/test
copying tornado/test/httpserver_test.py -> build/lib/tornado/test
copying tornado/test/httputil_test.py -> build/lib/tornado/test
copying tornado/test/import_test.py -> build/lib/tornado/test
copying tornado/test/ioloop_test.py -> build/lib/tornado/test
copying tornado/test/iostream_test.py -> build/lib/tornado/test
copying tornado/test/locale_test.py -> build/lib/tornado/test
copying tornado/test/locks_test.py -> build/lib/tornado/test
copying tornado/test/log_test.py -> build/lib/tornado/test
copying tornado/test/netutil_test.py -> build/lib/tornado/test
copying tornado/test/options_test.py -> build/lib/tornado/test
copying tornado/test/process_test.py -> build/lib/tornado/test
copying tornado/test/queues_test.py -> build/lib/tornado/test
copying tornado/test/resolve_test_helper.py -> build/lib/tornado/test
copying tornado/test/runtests.py -> build/lib/tornado/test
copying tornado/test/simple_httpclient_test.py -> build/lib/tornado/test
copying tornado/test/stack_context_test.py -> build/lib/tornado/test
copying tornado/test/tcpclient_test.py -> build/lib/tornado/test
copying tornado/test/tcpserver_test.py -> build/lib/tornado/test
copying tornado/test/template_test.py -> build/lib/tornado/test
copying tornado/test/testing_test.py -> build/lib/tornado/test
copying tornado/test/twisted_test.py -> build/lib/tornado/test
copying tornado/test/util.py -> build/lib/tornado/test
copying tornado/test/util_test.py -> build/lib/tornado/test
copying tornado/test/web_test.py -> build/lib/tornado/test
copying tornado/test/websocket_test.py -> build/lib/tornado/test
copying tornado/test/wsgi_test.py -> build/lib/tornado/test
creating build/lib/tornado/platform
copying tornado/platform/__init__.py -> build/lib/tornado/platform
copying tornado/platform/asyncio.py -> build/lib/tornado/platform
copying tornado/platform/auto.py -> build/lib/tornado/platform
copying tornado/platform/caresresolver.py -> build/lib/tornado/platform
copying tornado/platform/common.py -> build/lib/tornado/platform
copying tornado/platform/epoll.py -> build/lib/tornado/platform
copying tornado/platform/interface.py -> build/lib/tornado/platform
copying tornado/platform/kqueue.py -> build/lib/tornado/platform
copying tornado/platform/posix.py -> build/lib/tornado/platform
copying tornado/platform/select.py -> build/lib/tornado/platform
copying tornado/platform/twisted.py -> build/lib/tornado/platform
copying tornado/platform/windows.py -> build/lib/tornado/platform
creating build/lib/tornado/test/csv_translations
copying tornado/test/csv_translations/fr_FR.csv -> build/lib/tornado/test/csv_translations
creating build/lib/tornado/test/gettext_translations
creating build/lib/tornado/test/gettext_translations/fr_FR
creating build/lib/tornado/test/gettext_translations/fr_FR/LC_MESSAGES
copying tornado/test/gettext_translations/fr_FR/LC_MESSAGES/tornado_test.mo -> build/lib/tornado/test/gettext_translations/fr_FR/LC_MESSAGES
copying tornado/test/gettext_translations/fr_FR/LC_MESSAGES/tornado_test.po -> build/lib/tornado/test/gettext_translations/fr_FR/LC_MESSAGES
copying tornado/test/options_test.cfg -> build/lib/tornado/test
creating build/lib/tornado/test/static
copying tornado/test/static/robots.txt -> build/lib/tornado/test/static
copying tornado/test/static/sample.xml -> build/lib/tornado/test/static
copying tornado/test/static/sample.xml.gz -> build/lib/tornado/test/static
copying tornado/test/static/sample.xml.bz2 -> build/lib/tornado/test/static
creating build/lib/tornado/test/static/dir
copying tornado/test/static/dir/index.html -> build/lib/tornado/test/static/dir
copying tornado/test/static_foo.txt -> build/lib/tornado/test
creating build/lib/tornado/test/templates
copying tornado/test/templates/utf8.html -> build/lib/tornado/test/templates
copying tornado/test/test.crt -> build/lib/tornado/test
copying tornado/test/test.key -> build/lib/tornado/test
creating build/bdist.linux-x86_64
creating build/bdist.linux-x86_64/egg
creating build/bdist.linux-x86_64/egg/tornado
copying build/lib/tornado/__init__.py -> build/bdist.linux-x86_64/egg/tornado
copying build/lib/tornado/_locale_data.py -> build/bdist.linux-x86_64/egg/tornado
copying build/lib/tornado/auth.py -> build/bdist.linux-x86_64/egg/tornado
copying build/lib/tornado/autoreload.py -> build/bdist.linux-x86_64/egg/tornado
copying build/lib/tornado/concurrent.py -> build/bdist.linux-x86_64/egg/tornado
copying build/lib/tornado/curl_httpclient.py -> build/bdist.linux-x86_64/egg/tornado
copying build/lib/tornado/escape.py -> build/bdist.linux-x86_64/egg/tornado
copying build/lib/tornado/gen.py -> build/bdist.linux-x86_64/egg/tornado
copying build/lib/tornado/http1connection.py -> build/bdist.linux-x86_64/egg/tornado
copying build/lib/tornado/httpclient.py -> build/bdist.linux-x86_64/egg/tornado
copying build/lib/tornado/httpserver.py -> build/bdist.linux-x86_64/egg/tornado
copying build/lib/tornado/httputil.py -> build/bdist.linux-x86_64/egg/tornado
copying build/lib/tornado/ioloop.py -> build/bdist.linux-x86_64/egg/tornado
copying build/lib/tornado/iostream.py -> build/bdist.linux-x86_64/egg/tornado
copying build/lib/tornado/locale.py -> build/bdist.linux-x86_64/egg/tornado
copying build/lib/tornado/locks.py -> build/bdist.linux-x86_64/egg/tornado
copying build/lib/tornado/log.py -> build/bdist.linux-x86_64/egg/tornado
copying build/lib/tornado/netutil.py -> build/bdist.linux-x86_64/egg/tornado
copying build/lib/tornado/options.py -> build/bdist.linux-x86_64/egg/tornado
copying build/lib/tornado/process.py -> build/bdist.linux-x86_64/egg/tornado
copying build/lib/tornado/queues.py -> build/bdist.linux-x86_64/egg/tornado
copying build/lib/tornado/simple_httpclient.py -> build/bdist.linux-x86_64/egg/tornado
copying build/lib/tornado/stack_context.py -> build/bdist.linux-x86_64/egg/tornado
copying build/lib/tornado/tcpclient.py -> build/bdist.linux-x86_64/egg/tornado
copying build/lib/tornado/tcpserver.py -> build/bdist.linux-x86_64/egg/tornado
copying build/lib/tornado/template.py -> build/bdist.linux-x86_64/egg/tornado
copying build/lib/tornado/testing.py -> build/bdist.linux-x86_64/egg/tornado
copying build/lib/tornado/util.py -> build/bdist.linux-x86_64/egg/tornado
copying build/lib/tornado/web.py -> build/bdist.linux-x86_64/egg/tornado
copying build/lib/tornado/websocket.py -> build/bdist.linux-x86_64/egg/tornado
copying build/lib/tornado/wsgi.py -> build/bdist.linux-x86_64/egg/tornado
creating build/bdist.linux-x86_64/egg/tornado/test
copying build/lib/tornado/test/__init__.py -> build/bdist.linux-x86_64/egg/tornado/test
copying build/lib/tornado/test/__main__.py -> build/bdist.linux-x86_64/egg/tornado/test
copying build/lib/tornado/test/asyncio_test.py -> build/bdist.linux-x86_64/egg/tornado/test
copying build/lib/tornado/test/auth_test.py -> build/bdist.linux-x86_64/egg/tornado/test
copying build/lib/tornado/test/concurrent_test.py -> build/bdist.linux-x86_64/egg/tornado/test
copying build/lib/tornado/test/curl_httpclient_test.py -> build/bdist.linux-x86_64/egg/tornado/test
copying build/lib/tornado/test/escape_test.py -> build/bdist.linux-x86_64/egg/tornado/test
copying build/lib/tornado/test/gen_test.py -> build/bdist.linux-x86_64/egg/tornado/test
copying build/lib/tornado/test/httpclient_test.py -> build/bdist.linux-x86_64/egg/tornado/test
copying build/lib/tornado/test/httpserver_test.py -> build/bdist.linux-x86_64/egg/tornado/test
copying build/lib/tornado/test/httputil_test.py -> build/bdist.linux-x86_64/egg/tornado/test
copying build/lib/tornado/test/import_test.py -> build/bdist.linux-x86_64/egg/tornado/test
copying build/lib/tornado/test/ioloop_test.py -> build/bdist.linux-x86_64/egg/tornado/test
copying build/lib/tornado/test/iostream_test.py -> build/bdist.linux-x86_64/egg/tornado/test
copying build/lib/tornado/test/locale_test.py -> build/bdist.linux-x86_64/egg/tornado/test
copying build/lib/tornado/test/locks_test.py -> build/bdist.linux-x86_64/egg/tornado/test
copying build/lib/tornado/test/log_test.py -> build/bdist.linux-x86_64/egg/tornado/test
copying build/lib/tornado/test/netutil_test.py -> build/bdist.linux-x86_64/egg/tornado/test
copying build/lib/tornado/test/options_test.py -> build/bdist.linux-x86_64/egg/tornado/test
copying build/lib/tornado/test/process_test.py -> build/bdist.linux-x86_64/egg/tornado/test
copying build/lib/tornado/test/queues_test.py -> build/bdist.linux-x86_64/egg/tornado/test
copying build/lib/tornado/test/resolve_test_helper.py -> build/bdist.linux-x86_64/egg/tornado/test
copying build/lib/tornado/test/runtests.py -> build/bdist.linux-x86_64/egg/tornado/test
copying build/lib/tornado/test/simple_httpclient_test.py -> build/bdist.linux-x86_64/egg/tornado/test
copying build/lib/tornado/test/stack_context_test.py -> build/bdist.linux-x86_64/egg/tornado/test
copying build/lib/tornado/test/tcpclient_test.py -> build/bdist.linux-x86_64/egg/tornado/test
copying build/lib/tornado/test/tcpserver_test.py -> build/bdist.linux-x86_64/egg/tornado/test
copying build/lib/tornado/test/template_test.py -> build/bdist.linux-x86_64/egg/tornado/test
copying build/lib/tornado/test/testing_test.py -> build/bdist.linux-x86_64/egg/tornado/test
copying build/lib/tornado/test/twisted_test.py -> build/bdist.linux-x86_64/egg/tornado/test
copying build/lib/tornado/test/util.py -> build/bdist.linux-x86_64/egg/tornado/test
copying build/lib/tornado/test/util_test.py -> build/bdist.linux-x86_64/egg/tornado/test
copying build/lib/tornado/test/web_test.py -> build/bdist.linux-x86_64/egg/tornado/test
copying build/lib/tornado/test/websocket_test.py -> build/bdist.linux-x86_64/egg/tornado/test
copying build/lib/tornado/test/wsgi_test.py -> build/bdist.linux-x86_64/egg/tornado/test
creating build/bdist.linux-x86_64/egg/tornado/test/csv_translations
copying build/lib/tornado/test/csv_translations/fr_FR.csv -> build/bdist.linux-x86_64/egg/tornado/test/csv_translations
creating build/bdist.linux-x86_64/egg/tornado/test/gettext_translations
creating build/bdist.linux-x86_64/egg/tornado/test/gettext_translations/fr_FR
creating build/bdist.linux-x86_64/egg/tornado/test/gettext_translations/fr_FR/LC_MESSAGES
copying build/lib/tornado/test/gettext_translations/fr_FR/LC_MESSAGES/tornado_test.mo -> build/bdist.linux-x86_64/egg/tornado/test/gettext_translations/fr_FR/LC_MESSAGES
copying build/lib/tornado/test/gettext_translations/fr_FR/LC_MESSAGES/tornado_test.po -> build/bdist.linux-x86_64/egg/tornado/test/gettext_translations/fr_FR/LC_MESSAGES
copying build/lib/tornado/test/options_test.cfg -> build/bdist.linux-x86_64/egg/tornado/test
creating build/bdist.linux-x86_64/egg/tornado/test/static
copying build/lib/tornado/test/static/robots.txt -> build/bdist.linux-x86_64/egg/tornado/test/static
copying build/lib/tornado/test/static/sample.xml -> build/bdist.linux-x86_64/egg/tornado/test/static
copying build/lib/tornado/test/static/sample.xml.gz -> build/bdist.linux-x86_64/egg/tornado/test/static
copying build/lib/tornado/test/static/sample.xml.bz2 -> build/bdist.linux-x86_64/egg/tornado/test/static
creating build/bdist.linux-x86_64/egg/tornado/test/static/dir
copying build/lib/tornado/test/static/dir/index.html -> build/bdist.linux-x86_64/egg/tornado/test/static/dir
copying build/lib/tornado/test/static_foo.txt -> build/bdist.linux-x86_64/egg/tornado/test
creating build/bdist.linux-x86_64/egg/tornado/test/templates
copying build/lib/tornado/test/templates/utf8.html -> build/bdist.linux-x86_64/egg/tornado/test/templates
copying build/lib/tornado/test/test.crt -> build/bdist.linux-x86_64/egg/tornado/test
copying build/lib/tornado/test/test.key -> build/bdist.linux-x86_64/egg/tornado/test
creating build/bdist.linux-x86_64/egg/tornado/platform
copying build/lib/tornado/platform/__init__.py -> build/bdist.linux-x86_64/egg/tornado/platform
copying build/lib/tornado/platform/asyncio.py -> build/bdist.linux-x86_64/egg/tornado/platform
copying build/lib/tornado/platform/auto.py -> build/bdist.linux-x86_64/egg/tornado/platform
copying build/lib/tornado/platform/caresresolver.py -> build/bdist.linux-x86_64/egg/tornado/platform
copying build/lib/tornado/platform/common.py -> build/bdist.linux-x86_64/egg/tornado/platform
copying build/lib/tornado/platform/epoll.py -> build/bdist.linux-x86_64/egg/tornado/platform
copying build/lib/tornado/platform/interface.py -> build/bdist.linux-x86_64/egg/tornado/platform
copying build/lib/tornado/platform/kqueue.py -> build/bdist.linux-x86_64/egg/tornado/platform
copying build/lib/tornado/platform/posix.py -> build/bdist.linux-x86_64/egg/tornado/platform
copying build/lib/tornado/platform/select.py -> build/bdist.linux-x86_64/egg/tornado/platform
copying build/lib/tornado/platform/twisted.py -> build/bdist.linux-x86_64/egg/tornado/platform
copying build/lib/tornado/platform/windows.py -> build/bdist.linux-x86_64/egg/tornado/platform
byte-compiling build/bdist.linux-x86_64/egg/tornado/__init__.py to __init__.pyc
byte-compiling build/bdist.linux-x86_64/egg/tornado/_locale_data.py to _locale_data.pyc
byte-compiling build/bdist.linux-x86_64/egg/tornado/auth.py to auth.pyc
byte-compiling build/bdist.linux-x86_64/egg/tornado/autoreload.py to autoreload.pyc
byte-compiling build/bdist.linux-x86_64/egg/tornado/concurrent.py to concurrent.pyc
byte-compiling build/bdist.linux-x86_64/egg/tornado/curl_httpclient.py to curl_httpclient.pyc
byte-compiling build/bdist.linux-x86_64/egg/tornado/escape.py to escape.pyc
byte-compiling build/bdist.linux-x86_64/egg/tornado/gen.py to gen.pyc
byte-compiling build/bdist.linux-x86_64/egg/tornado/http1connection.py to http1connection.pyc
byte-compiling build/bdist.linux-x86_64/egg/tornado/httpclient.py to httpclient.pyc
byte-compiling build/bdist.linux-x86_64/egg/tornado/httpserver.py to httpserver.pyc
byte-compiling build/bdist.linux-x86_64/egg/tornado/httputil.py to httputil.pyc
byte-compiling build/bdist.linux-x86_64/egg/tornado/ioloop.py to ioloop.pyc
byte-compiling build/bdist.linux-x86_64/egg/tornado/iostream.py to iostream.pyc
byte-compiling build/bdist.linux-x86_64/egg/tornado/locale.py to locale.pyc
byte-compiling build/bdist.linux-x86_64/egg/tornado/locks.py to locks.pyc
byte-compiling build/bdist.linux-x86_64/egg/tornado/log.py to log.pyc
byte-compiling build/bdist.linux-x86_64/egg/tornado/netutil.py to netutil.pyc
byte-compiling build/bdist.linux-x86_64/egg/tornado/options.py to options.pyc
byte-compiling build/bdist.linux-x86_64/egg/tornado/process.py to process.pyc
byte-compiling build/bdist.linux-x86_64/egg/tornado/queues.py to queues.pyc
byte-compiling build/bdist.linux-x86_64/egg/tornado/simple_httpclient.py to simple_httpclient.pyc
byte-compiling build/bdist.linux-x86_64/egg/tornado/stack_context.py to stack_context.pyc
byte-compiling build/bdist.linux-x86_64/egg/tornado/tcpclient.py to tcpclient.pyc
byte-compiling build/bdist.linux-x86_64/egg/tornado/tcpserver.py to tcpserver.pyc
byte-compiling build/bdist.linux-x86_64/egg/tornado/template.py to template.pyc
byte-compiling build/bdist.linux-x86_64/egg/tornado/testing.py to testing.pyc
byte-compiling build/bdist.linux-x86_64/egg/tornado/util.py to util.pyc
byte-compiling build/bdist.linux-x86_64/egg/tornado/web.py to web.pyc
byte-compiling build/bdist.linux-x86_64/egg/tornado/websocket.py to websocket.pyc
byte-compiling build/bdist.linux-x86_64/egg/tornado/wsgi.py to wsgi.pyc
byte-compiling build/bdist.linux-x86_64/egg/tornado/test/__init__.py to __init__.pyc
byte-compiling build/bdist.linux-x86_64/egg/tornado/test/__main__.py to __main__.pyc
byte-compiling build/bdist.linux-x86_64/egg/tornado/test/asyncio_test.py to asyncio_test.pyc
byte-compiling build/bdist.linux-x86_64/egg/tornado/test/auth_test.py to auth_test.pyc
byte-compiling build/bdist.linux-x86_64/egg/tornado/test/concurrent_test.py to concurrent_test.pyc
byte-compiling build/bdist.linux-x86_64/egg/tornado/test/curl_httpclient_test.py to curl_httpclient_test.pyc
byte-compiling build/bdist.linux-x86_64/egg/tornado/test/escape_test.py to escape_test.pyc
byte-compiling build/bdist.linux-x86_64/egg/tornado/test/gen_test.py to gen_test.pyc
byte-compiling build/bdist.linux-x86_64/egg/tornado/test/httpclient_test.py to httpclient_test.pyc
byte-compiling build/bdist.linux-x86_64/egg/tornado/test/httpserver_test.py to httpserver_test.pyc
byte-compiling build/bdist.linux-x86_64/egg/tornado/test/httputil_test.py to httputil_test.pyc
byte-compiling build/bdist.linux-x86_64/egg/tornado/test/import_test.py to import_test.pyc
byte-compiling build/bdist.linux-x86_64/egg/tornado/test/ioloop_test.py to ioloop_test.pyc
byte-compiling build/bdist.linux-x86_64/egg/tornado/test/iostream_test.py to iostream_test.pyc
byte-compiling build/bdist.linux-x86_64/egg/tornado/test/locale_test.py to locale_test.pyc
byte-compiling build/bdist.linux-x86_64/egg/tornado/test/locks_test.py to locks_test.pyc
byte-compiling build/bdist.linux-x86_64/egg/tornado/test/log_test.py to log_test.pyc
byte-compiling build/bdist.linux-x86_64/egg/tornado/test/netutil_test.py to netutil_test.pyc
byte-compiling build/bdist.linux-x86_64/egg/tornado/test/options_test.py to options_test.pyc
byte-compiling build/bdist.linux-x86_64/egg/tornado/test/process_test.py to process_test.pyc
byte-compiling build/bdist.linux-x86_64/egg/tornado/test/queues_test.py to queues_test.pyc
byte-compiling build/bdist.linux-x86_64/egg/tornado/test/resolve_test_helper.py to resolve_test_helper.pyc
byte-compiling build/bdist.linux-x86_64/egg/tornado/test/runtests.py to runtests.pyc
byte-compiling build/bdist.linux-x86_64/egg/tornado/test/simple_httpclient_test.py to simple_httpclient_test.pyc
byte-compiling build/bdist.linux-x86_64/egg/tornado/test/stack_context_test.py to stack_context_test.pyc
byte-compiling build/bdist.linux-x86_64/egg/tornado/test/tcpclient_test.py to tcpclient_test.pyc
byte-compiling build/bdist.linux-x86_64/egg/tornado/test/tcpserver_test.py to tcpserver_test.pyc
byte-compiling build/bdist.linux-x86_64/egg/tornado/test/template_test.py to template_test.pyc
byte-compiling build/bdist.linux-x86_64/egg/tornado/test/testing_test.py to testing_test.pyc
byte-compiling build/bdist.linux-x86_64/egg/tornado/test/twisted_test.py to twisted_test.pyc
byte-compiling build/bdist.linux-x86_64/egg/tornado/test/util.py to util.pyc
byte-compiling build/bdist.linux-x86_64/egg/tornado/test/util_test.py to util_test.pyc
byte-compiling build/bdist.linux-x86_64/egg/tornado/test/web_test.py to web_test.pyc
byte-compiling build/bdist.linux-x86_64/egg/tornado/test/websocket_test.py to websocket_test.pyc
byte-compiling build/bdist.linux-x86_64/egg/tornado/test/wsgi_test.py to wsgi_test.pyc
byte-compiling build/bdist.linux-x86_64/egg/tornado/platform/__init__.py to __init__.pyc
byte-compiling build/bdist.linux-x86_64/egg/tornado/platform/asyncio.py to asyncio.pyc
byte-compiling build/bdist.linux-x86_64/egg/tornado/platform/auto.py to auto.pyc
byte-compiling build/bdist.linux-x86_64/egg/tornado/platform/caresresolver.py to caresresolver.pyc
byte-compiling build/bdist.linux-x86_64/egg/tornado/platform/common.py to common.pyc
byte-compiling build/bdist.linux-x86_64/egg/tornado/platform/epoll.py to epoll.pyc
byte-compiling build/bdist.linux-x86_64/egg/tornado/platform/interface.py to interface.pyc
byte-compiling build/bdist.linux-x86_64/egg/tornado/platform/kqueue.py to kqueue.pyc
byte-compiling build/bdist.linux-x86_64/egg/tornado/platform/posix.py to posix.pyc
byte-compiling build/bdist.linux-x86_64/egg/tornado/platform/select.py to select.pyc
byte-compiling build/bdist.linux-x86_64/egg/tornado/platform/twisted.py to twisted.pyc
byte-compiling build/bdist.linux-x86_64/egg/tornado/platform/windows.py to windows.pyc
creating build/bdist.linux-x86_64/egg/EGG-INFO
copying tornado.egg-info/PKG-INFO -> build/bdist.linux-x86_64/egg/EGG-INFO
copying tornado.egg-info/SOURCES.txt -> build/bdist.linux-x86_64/egg/EGG-INFO
copying tornado.egg-info/dependency_links.txt -> build/bdist.linux-x86_64/egg/EGG-INFO
copying tornado.egg-info/requires.txt -> build/bdist.linux-x86_64/egg/EGG-INFO
copying tornado.egg-info/top_level.txt -> build/bdist.linux-x86_64/egg/EGG-INFO
zip_safe flag not set; analyzing archive contents...
tornado.autoreload: module references __file__
tornado.testing: module references __file__
tornado.test.httpserver_test: module references __file__
tornado.test.iostream_test: module references __file__
tornado.test.locale_test: module references __file__
tornado.test.options_test: module references __file__
tornado.test.template_test: module references __file__
tornado.test.web_test: module references __file__
creating dist
creating 'dist/tornado-4.3b1-py2.7.egg' and adding 'build/bdist.linux-x86_64/egg' to it
removing 'build/bdist.linux-x86_64/egg' (and everything under it)
Processing tornado-4.3b1-py2.7.egg
creating /home/travis/virtualenv/pypy-2.5.0/site-packages/tornado-4.3b1-py2.7.egg
Extracting tornado-4.3b1-py2.7.egg to /home/travis/virtualenv/pypy-2.5.0/site-packages
Adding tornado 4.3b1 to easy-install.pth file

Installed /home/travis/virtualenv/pypy-2.5.0/site-packages/tornado-4.3b1-py2.7.egg
Processing dependencies for tornado==4.3b1
Searching for backports-abc>=0.4
Reading https://pypi.python.org/simple/backports_abc/
Best match: backports-abc 0.5
Downloading https://files.pythonhosted.org/packages/68/3c/1317a9113c377d1e33711ca8de1e80afbaf4a3c950dd0edfaf61f9bfe6d8/backports_abc-0.5.tar.gz#sha256=033be54514a03e255df75c5aee8f9e672f663f93abb723444caec8fe43437bde
Processing backports_abc-0.5.tar.gz
Writing /tmp/easy_install-m6D9VF/backports_abc-0.5/setup.cfg
Running backports_abc-0.5/setup.py -q bdist_egg --dist-dir /tmp/easy_install-m6D9VF/backports_abc-0.5/egg-dist-tmp-oFZqv3
zip_safe flag not set; analyzing archive contents...
Moving backports_abc-0.5-py2.7.egg to /home/travis/virtualenv/pypy-2.5.0/site-packages
Adding backports-abc 0.5 to easy-install.pth file

Installed /home/travis/virtualenv/pypy-2.5.0/site-packages/backports_abc-0.5-py2.7.egg
Searching for certifi
Reading https://pypi.python.org/simple/certifi/
Best match: certifi 2020.6.20
Downloading https://files.pythonhosted.org/packages/40/a7/ded59fa294b85ca206082306bba75469a38ea1c7d44ea7e1d64f5443d67a/certifi-2020.6.20.tar.gz#sha256=5930595817496dd21bb8dc35dad090f1c2cd0adfaf21204bf6732ca5d8ee34d3
Processing certifi-2020.6.20.tar.gz
Writing /tmp/easy_install-8PELrm/certifi-2020.6.20/setup.cfg
Running certifi-2020.6.20/setup.py -q bdist_egg --dist-dir /tmp/easy_install-8PELrm/certifi-2020.6.20/egg-dist-tmp-gCuo3f
/opt/python/pypy-2.5.0/lib-python/2.7/distutils/dist.py:267: UserWarning: Unknown distribution option: 'project_urls'
  warnings.warn(msg)
/home/travis/virtualenv/pypy-2.5.0/site-packages/setuptools/dist.py:283: UserWarning: The version specified requires normalization, consider using '2020.6.20' instead of '2020.06.20'.
  self.metadata.version,
creating /home/travis/virtualenv/pypy-2.5.0/site-packages/certifi-2020.6.20-py2.7.egg
Extracting certifi-2020.6.20-py2.7.egg to /home/travis/virtualenv/pypy-2.5.0/site-packages
Adding certifi 2020.6.20 to easy-install.pth file

Installed /home/travis/virtualenv/pypy-2.5.0/site-packages/certifi-2020.6.20-py2.7.egg
Searching for singledispatch
Reading https://pypi.python.org/simple/singledispatch/
Best match: singledispatch 3.4.0.3
Downloading https://files.pythonhosted.org/packages/d9/e9/513ad8dc17210db12cb14f2d4d190d618fb87dd38814203ea71c87ba5b68/singledispatch-3.4.0.3.tar.gz#sha256=5b06af87df13818d14f08a028e42f566640aef80805c3b50c5056b086e3c2b9c
Processing singledispatch-3.4.0.3.tar.gz
Writing /tmp/easy_install-jC1sIT/singledispatch-3.4.0.3/setup.cfg
Running singledispatch-3.4.0.3/setup.py -q bdist_egg --dist-dir /tmp/easy_install-jC1sIT/singledispatch-3.4.0.3/egg-dist-tmp-avf1_h
Moving singledispatch-3.4.0.3-py2.7.egg to /home/travis/virtualenv/pypy-2.5.0/site-packages
Adding singledispatch 3.4.0.3 to easy-install.pth file

Installed /home/travis/virtualenv/pypy-2.5.0/site-packages/singledispatch-3.4.0.3-py2.7.egg
Searching for backports.ssl-match-hostname
Reading https://pypi.python.org/simple/backports.ssl_match_hostname/
Best match: backports.ssl-match-hostname 3.7.0.1
Downloading https://files.pythonhosted.org/packages/ff/2b/8265224812912bc5b7a607c44bf7b027554e1b9775e9ee0de8032e3de4b2/backports.ssl_match_hostname-3.7.0.1.tar.gz#sha256=bb82e60f9fbf4c080eabd957c39f0641f0fc247d9a16e31e26d594d8f42b9fd2
Processing backports.ssl_match_hostname-3.7.0.1.tar.gz
Writing /tmp/easy_install-zoyEvD/backports.ssl_match_hostname-3.7.0.1/setup.cfg
Running backports.ssl_match_hostname-3.7.0.1/setup.py -q bdist_egg --dist-dir /tmp/easy_install-zoyEvD/backports.ssl_match_hostname-3.7.0.1/egg-dist-tmp-oGd8kL
zip_safe flag not set; analyzing archive contents...
backports.__init__: module references __path__
creating /home/travis/virtualenv/pypy-2.5.0/site-packages/backports.ssl_match_hostname-3.7.0.1-py2.7.egg
Extracting backports.ssl_match_hostname-3.7.0.1-py2.7.egg to /home/travis/virtualenv/pypy-2.5.0/site-packages
Adding backports.ssl-match-hostname 3.7.0.1 to easy-install.pth file

Installed /home/travis/virtualenv/pypy-2.5.0/site-packages/backports.ssl_match_hostname-3.7.0.1-py2.7.egg
Searching for six
Reading https://pypi.python.org/simple/six/
Best match: six 1.15.0
Downloading https://files.pythonhosted.org/packages/6b/34/415834bfdafca3c5f451532e8a8d9ba89a21c9743a0c59fbd0205c7f9426/six-1.15.0.tar.gz#sha256=30639c035cdb23534cd4aa2dd52c3bf48f06e5f4a941509c8bafd8ce11080259
Processing six-1.15.0.tar.gz
Writing /tmp/easy_install-FZpij2/six-1.15.0/setup.cfg
Running six-1.15.0/setup.py -q bdist_egg --dist-dir /tmp/easy_install-FZpij2/six-1.15.0/egg-dist-tmp-cZffHa
/opt/python/pypy-2.5.0/lib-python/2.7/distutils/dist.py:267: UserWarning: Unknown distribution option: 'python_requires'
  warnings.warn(msg)
no previously-included directories found matching 'documentation/_build'
zip_safe flag not set; analyzing archive contents...
six: module references __path__
creating /home/travis/virtualenv/pypy-2.5.0/site-packages/six-1.15.0-py2.7.egg
Extracting six-1.15.0-py2.7.egg to /home/travis/virtualenv/pypy-2.5.0/site-packages
Adding six 1.15.0 to easy-install.pth file

Installed /home/travis/virtualenv/pypy-2.5.0/site-packages/six-1.15.0-py2.7.egg
Finished processing dependencies for tornado==4.3b1

travis_time:end:264bac06:start=1604542212066976937,finish=1604542217350878086,duration=5283901149[0Ktravis_fold:end:install.10[0Ktravis_fold:start:install.11[0Ktravis_time:start:0f9f5008[0K$ if [[ $TRAVIS_PYTHON_VERSION == '3.2' ]]; then travis_retry pip install 'coverage<4.0'; fi

travis_time:end:0f9f5008:start=1604542217361873292,finish=1604542217370253157,duration=8379865[0Ktravis_fold:end:install.11[0Ktravis_fold:start:install.12[0Ktravis_time:start:0356c458[0K$ travis_retry pip install codecov==1.5.1
Collecting codecov==1.5.1
  Downloading https://files.pythonhosted.org/packages/54/4a/e6458756857b4016d177d5b9d8d79714137751d27b49bcb28612a2f01d0c/codecov-1.5.1.tar.gz
Collecting requests>=2.0.0 (from codecov==1.5.1)
  Downloading https://files.pythonhosted.org/packages/45/1e/0c169c6a5381e241ba7404532c16a21d86ab872c9bed8bdcd4c423954103/requests-2.24.0-py2.py3-none-any.whl (61kB)
Collecting coverage (from codecov==1.5.1)
  Downloading https://files.pythonhosted.org/packages/da/50/4c0c93ea67c8b42aa700cfbdedd64ea5ac5e7108ba14e3e744f57309304b/coverage-5.3.tar.gz (693kB)
    /opt/python/pypy-2.5.0/lib-python/2.7/distutils/dist.py:267: UserWarning: Unknown distribution option: 'long_description_content_type'
      warnings.warn(msg)
    /opt/python/pypy-2.5.0/lib-python/2.7/distutils/dist.py:267: UserWarning: Unknown distribution option: 'project_urls'
      warnings.warn(msg)
    /opt/python/pypy-2.5.0/lib-python/2.7/distutils/dist.py:267: UserWarning: Unknown distribution option: 'python_requires'
      warnings.warn(msg)
Collecting chardet<4,>=3.0.2 (from requests>=2.0.0->codecov==1.5.1)
  Downloading https://files.pythonhosted.org/packages/bc/a9/01ffebfb562e4274b6487b4bb1ddec7ca55ec7510b22e4c51f14098443b8/chardet-3.0.4-py2.py3-none-any.whl (133kB)
Collecting idna<3,>=2.5 (from requests>=2.0.0->codecov==1.5.1)
  Downloading https://files.pythonhosted.org/packages/a2/38/928ddce2273eaa564f6f50de919327bf3a00f091b5baba8dfa9460f3a8a8/idna-2.10-py2.py3-none-any.whl (58kB)
Collecting urllib3!=1.25.0,!=1.25.1,<1.26,>=1.21.1 (from requests>=2.0.0->codecov==1.5.1)
  Downloading https://files.pythonhosted.org/packages/56/aa/4ef5aa67a9a62505db124a5cb5262332d1d4153462eb8fd89c9fa41e5d92/urllib3-1.25.11-py2.py3-none-any.whl (127kB)
Requirement already satisfied (use --upgrade to upgrade): certifi>=2017.4.17 in /home/travis/virtualenv/pypy-2.5.0/site-packages/certifi-2020.6.20-py2.7.egg (from requests>=2.0.0->codecov==1.5.1)
Installing collected packages: urllib3, idna, chardet, coverage, requests, codecov



  Running setup.py install for coverage
    /opt/python/pypy-2.5.0/lib-python/2.7/distutils/dist.py:267: UserWarning: Unknown distribution option: 'long_description_content_type'
      warnings.warn(msg)
    /opt/python/pypy-2.5.0/lib-python/2.7/distutils/dist.py:267: UserWarning: Unknown distribution option: 'project_urls'
      warnings.warn(msg)
    /opt/python/pypy-2.5.0/lib-python/2.7/distutils/dist.py:267: UserWarning: Unknown distribution option: 'python_requires'
      warnings.warn(msg)
    Installing coverage script to /home/travis/virtualenv/pypy-2.5.0/bin
    Installing coverage-2.7 script to /home/travis/virtualenv/pypy-2.5.0/bin
    Installing coverage2 script to /home/travis/virtualenv/pypy-2.5.0/bin

  Running setup.py install for codecov
    Installing codecov script to /home/travis/virtualenv/pypy-2.5.0/bin
Successfully installed chardet-3.0.4 codecov-1.5.1 coverage-5.3 idna-2.10 requests-2.24.0 urllib3-1.25.11

travis_time:end:0356c458:start=1604542217380206925,finish=1604542224401463203,duration=7021256278[0Ktravis_fold:end:install.12[0Ktravis_fold:start:install.13[0Ktravis_time:start:237dcfcb[0K$ curl-config --version; pip freeze
libcurl 7.22.0
backports-abc==0.5
backports.ssl-match-hostname==3.7.0.1
certifi==2020.6.20
cffi==0.8.6
chardet==3.0.4
codecov==1.5.1
coverage==5.3
greenlet==0.4.5
idna==2.10
mock==1.0.1
nose==1.3.4
py==1.4.26
pytest==2.6.4
readline==6.2.4.1
requests==2.24.0
singledispatch==3.4.0.3
six==1.15.0
tornado==4.3b1
urllib3==1.25.11
wheel==0.24.0

travis_time:end:237dcfcb:start=1604542224412446656,finish=1604542224961094002,duration=548647346[0Ktravis_fold:end:install.13[0Ktravis_time:start:2652dd02[0K$ cd maint

travis_time:end:2652dd02:start=1604542224972658950,finish=1604542224981704003,duration=9045053[0K
[32;1mThe command "cd maint" exited with 0.[0m
travis_time:start:137ac97f[0K$ cp ../.coveragerc .

travis_time:end:137ac97f:start=1604542224993393645,finish=1604542225056101422,duration=62707777[0K
[32;1mThe command "cp ../.coveragerc ." exited with 0.[0m
travis_time:start:24ab81cb[0K$ if [[ $TRAVIS_PYTHON_VERSION != 'pypy'* ]]; then export TORNADO_EXTENSION=1; fi

travis_time:end:24ab81cb:start=1604542225067190361,finish=1604542225076030702,duration=8840341[0K
[32;1mThe command "if [[ $TRAVIS_PYTHON_VERSION != 'pypy'* ]]; then export TORNADO_EXTENSION=1; fi" exited with 0.[0m
travis_time:start:01697cac[0K$ export TARGET="-m tornado.test.runtests"

travis_time:end:01697cac:start=1604542225087079715,finish=1604542225096288619,duration=9208904[0K
[32;1mThe command "export TARGET="-m tornado.test.runtests"" exited with 0.[0m
travis_time:start:0779512e[0K$ export ASYNC_TEST_TIMEOUT=15

travis_time:end:0779512e:start=1604542225107313344,finish=1604542225116839090,duration=9525746[0K
[32;1mThe command "export ASYNC_TEST_TIMEOUT=15" exited with 0.[0m
travis_time:start:07ab5718[0K$ if [[ $TRAVIS_PYTHON_VERSION != 2.6 && $TRAVIS_PYTHON_VERSION != nightly ]]; then export TARGET="-m coverage run $TARGET"; fi

travis_time:end:07ab5718:start=1604542225128098052,finish=1604542225137276796,duration=9178744[0K
[32;1mThe command "if [[ $TRAVIS_PYTHON_VERSION != 2.6 && $TRAVIS_PYTHON_VERSION != nightly ]]; then export TARGET="-m coverage run $TARGET"; fi" exited with 0.[0m
travis_time:start:15be2ffc[0K$ python $TARGET
.............ssss.....................................................sssssssssssssssssssssssssssssssssssss...........ssss..s...s........................................s................s..........s.......s..s...s..................s......................................................ss..............ssss.......................................................ss........s....................ss...s............................................s..................ssssssssssssssssssssssssssssss................................................s.......s.................ss.ss..sssssss.................................................................s......................................................s...................E.ss.....s................E.ss.....s..ss...........................EEsss...................................................s...ss........ssssssssssssss.................................................................s.............sss......................................................................................................s.........................................................s.....................................................................................................................s....................................................................................
======================================================================
ERROR: test_ipv6 (tornado.test.simple_httpclient_test.SimpleHTTPClientTestCase)
----------------------------------------------------------------------
Traceback (most recent call last):
  File "/home/travis/virtualenv/pypy-2.5.0/site-packages/tornado-4.3b1-py2.7.egg/tornado/testing.py", line 132, in __call__
    result = self.orig_method(*args, **kwargs)
  File "/home/travis/virtualenv/pypy-2.5.0/site-packages/tornado-4.3b1-py2.7.egg/tornado/test/simple_httpclient_test.py", line 259, in test_ipv6
    [sock] = bind_sockets(None, '::1', family=socket.AF_INET6)
  File "/home/travis/virtualenv/pypy-2.5.0/site-packages/tornado-4.3b1-py2.7.egg/tornado/netutil.py", line 196, in bind_sockets
    sock.bind(sockaddr)
  File "<string>", line 1, in bind
error: [Errno 99] Cannot assign requested address

======================================================================
ERROR: test_ipv6 (tornado.test.simple_httpclient_test.SimpleHTTPSClientTestCase)
----------------------------------------------------------------------
Traceback (most recent call last):
  File "/home/travis/virtualenv/pypy-2.5.0/site-packages/tornado-4.3b1-py2.7.egg/tornado/testing.py", line 132, in __call__
    result = self.orig_method(*args, **kwargs)
  File "/home/travis/virtualenv/pypy-2.5.0/site-packages/tornado-4.3b1-py2.7.egg/tornado/test/simple_httpclient_test.py", line 259, in test_ipv6
    [sock] = bind_sockets(None, '::1', family=socket.AF_INET6)
  File "/home/travis/virtualenv/pypy-2.5.0/site-packages/tornado-4.3b1-py2.7.egg/tornado/netutil.py", line 196, in bind_sockets
    sock.bind(sockaddr)
  File "<string>", line 1, in bind
error: [Errno 99] Cannot assign requested address

======================================================================
ERROR: test_connect_ipv6_dual (tornado.test.tcpclient_test.TCPClientTest)
----------------------------------------------------------------------
Traceback (most recent call last):
  File "/home/travis/virtualenv/pypy-2.5.0/site-packages/tornado-4.3b1-py2.7.egg/tornado/testing.py", line 132, in __call__
    result = self.orig_method(*args, **kwargs)
  File "/home/travis/virtualenv/pypy-2.5.0/site-packages/tornado-4.3b1-py2.7.egg/tornado/test/tcpclient_test.py", line 108, in test_connect_ipv6_dual
    self.do_test_connect(socket.AF_INET6, 'localhost')
  File "/home/travis/virtualenv/pypy-2.5.0/site-packages/tornado-4.3b1-py2.7.egg/tornado/testing.py", line 525, in post_coroutine
    timeout=timeout)
  File "/home/travis/virtualenv/pypy-2.5.0/site-packages/tornado-4.3b1-py2.7.egg/tornado/ioloop.py", line 453, in run_sync
    return future_cell[0].result()
  File "/home/travis/virtualenv/pypy-2.5.0/site-packages/tornado-4.3b1-py2.7.egg/tornado/concurrent.py", line 232, in result
    raise_exc_info(self._exc_info)
  File "/home/travis/virtualenv/pypy-2.5.0/site-packages/tornado-4.3b1-py2.7.egg/tornado/gen.py", line 282, in wrapper
    yielded = next(result)
  File "/home/travis/virtualenv/pypy-2.5.0/site-packages/tornado-4.3b1-py2.7.egg/tornado/test/tcpclient_test.py", line 85, in do_test_connect
    port = self.start_server(family)
  File "/home/travis/virtualenv/pypy-2.5.0/site-packages/tornado-4.3b1-py2.7.egg/tornado/test/tcpclient_test.py", line 61, in start_server
    self.server = TestTCPServer(family)
  File "/home/travis/virtualenv/pypy-2.5.0/site-packages/tornado-4.3b1-py2.7.egg/tornado/test/tcpclient_test.py", line 39, in __init__
    sockets = bind_sockets(None, 'localhost', family)
  File "/home/travis/virtualenv/pypy-2.5.0/site-packages/tornado-4.3b1-py2.7.egg/tornado/netutil.py", line 196, in bind_sockets
    sock.bind(sockaddr)
  File "<string>", line 1, in bind
error: [Errno 99] Cannot assign requested address

======================================================================
ERROR: test_connect_ipv6_ipv6 (tornado.test.tcpclient_test.TCPClientTest)
----------------------------------------------------------------------
Traceback (most recent call last):
  File "/home/travis/virtualenv/pypy-2.5.0/site-packages/tornado-4.3b1-py2.7.egg/tornado/testing.py", line 132, in __call__
    result = self.orig_method(*args, **kwargs)
  File "/home/travis/virtualenv/pypy-2.5.0/site-packages/tornado-4.3b1-py2.7.egg/tornado/test/tcpclient_test.py", line 101, in test_connect_ipv6_ipv6
    self.do_test_connect(socket.AF_INET6, '::1')
  File "/home/travis/virtualenv/pypy-2.5.0/site-packages/tornado-4.3b1-py2.7.egg/tornado/testing.py", line 525, in post_coroutine
    timeout=timeout)
  File "/home/travis/virtualenv/pypy-2.5.0/site-packages/tornado-4.3b1-py2.7.egg/tornado/ioloop.py", line 453, in run_sync
    return future_cell[0].result()
  File "/home/travis/virtualenv/pypy-2.5.0/site-packages/tornado-4.3b1-py2.7.egg/tornado/concurrent.py", line 232, in result
    raise_exc_info(self._exc_info)
  File "/home/travis/virtualenv/pypy-2.5.0/site-packages/tornado-4.3b1-py2.7.egg/tornado/gen.py", line 282, in wrapper
    yielded = next(result)
  File "/home/travis/virtualenv/pypy-2.5.0/site-packages/tornado-4.3b1-py2.7.egg/tornado/test/tcpclient_test.py", line 85, in do_test_connect
    port = self.start_server(family)
  File "/home/travis/virtualenv/pypy-2.5.0/site-packages/tornado-4.3b1-py2.7.egg/tornado/test/tcpclient_test.py", line 61, in start_server
    self.server = TestTCPServer(family)
  File "/home/travis/virtualenv/pypy-2.5.0/site-packages/tornado-4.3b1-py2.7.egg/tornado/test/tcpclient_test.py", line 39, in __init__
    sockets = bind_sockets(None, 'localhost', family)
  File "/home/travis/virtualenv/pypy-2.5.0/site-packages/tornado-4.3b1-py2.7.egg/tornado/netutil.py", line 196, in bind_sockets
    sock.bind(sockaddr)
  File "<string>", line 1, in bind
error: [Errno 99] Cannot assign requested address

----------------------------------------------------------------------
Ran 1315 tests in 46.486s

FAILED (errors=4, skipped=147)
Some tests were skipped because: Not CPython implementation, PEP 380
(yield from) not available, PEP 492 (async/await) not available,
SO_REUSEPORT is not supported, asyncio module not present,
concurrent.futures module not present, dual-stack servers often have
port conflicts on travis, futures module not present, needs fix,
pycares module not present, pycurl module not present, pypy gc causes
problems with openssl, ssl.SSLContext not present,
ssl.create_default_context not present, timing tests unreliable on
travis, tornado.speedups module not present, twisted module not
present
[E 201105 02:11:17 testing:731] FAIL
[E 201105 02:11:17 runtests:175] logged 0 warnings and 1 errors

travis_time:end:15be2ffc:start=1604542225148470998,finish=1604542277492772659,duration=52344301661[0K
[31;1mThe command "python $TARGET" exited with 1.[0m
travis_time:start:0df3c3d4[0K$ python $TARGET --ioloop=tornado.platform.select.SelectIOLoop
.............ssss.....................................................sssssssssssssssssssssssssssssssssssss...........ssss..s...s........................................s................s..........s.......s..s...s..................s......................................................ss..............ssss.......................................................ss........s....................ss...s............................................s..................ssssssssssssssssssssssssssssss................................................s.......s.................ss.ss..sssssss.................................................................s......................................................s...................E.ss.....s................E.ss.....s..ss...........................EEsss...................................................s...ss........ssssssssssssss.................................................................s.............sss......................................................................................................s.........................................................s.....................................................................................................................s....................................................................................
======================================================================
ERROR: test_ipv6 (tornado.test.simple_httpclient_test.SimpleHTTPClientTestCase)
----------------------------------------------------------------------
Traceback (most recent call last):
  File "/home/travis/virtualenv/pypy-2.5.0/site-packages/tornado-4.3b1-py2.7.egg/tornado/testing.py", line 132, in __call__
    result = self.orig_method(*args, **kwargs)
  File "/home/travis/virtualenv/pypy-2.5.0/site-packages/tornado-4.3b1-py2.7.egg/tornado/test/simple_httpclient_test.py", line 259, in test_ipv6
    [sock] = bind_sockets(None, '::1', family=socket.AF_INET6)
  File "/home/travis/virtualenv/pypy-2.5.0/site-packages/tornado-4.3b1-py2.7.egg/tornado/netutil.py", line 196, in bind_sockets
    sock.bind(sockaddr)
  File "<string>", line 1, in bind
error: [Errno 99] Cannot assign requested address

======================================================================
ERROR: test_ipv6 (tornado.test.simple_httpclient_test.SimpleHTTPSClientTestCase)
----------------------------------------------------------------------
Traceback (most recent call last):
  File "/home/travis/virtualenv/pypy-2.5.0/site-packages/tornado-4.3b1-py2.7.egg/tornado/testing.py", line 132, in __call__
    result = self.orig_method(*args, **kwargs)
  File "/home/travis/virtualenv/pypy-2.5.0/site-packages/tornado-4.3b1-py2.7.egg/tornado/test/simple_httpclient_test.py", line 259, in test_ipv6
    [sock] = bind_sockets(None, '::1', family=socket.AF_INET6)
  File "/home/travis/virtualenv/pypy-2.5.0/site-packages/tornado-4.3b1-py2.7.egg/tornado/netutil.py", line 196, in bind_sockets
    sock.bind(sockaddr)
  File "<string>", line 1, in bind
error: [Errno 99] Cannot assign requested address

======================================================================
ERROR: test_connect_ipv6_dual (tornado.test.tcpclient_test.TCPClientTest)
----------------------------------------------------------------------
Traceback (most recent call last):
  File "/home/travis/virtualenv/pypy-2.5.0/site-packages/tornado-4.3b1-py2.7.egg/tornado/testing.py", line 132, in __call__
    result = self.orig_method(*args, **kwargs)
  File "/home/travis/virtualenv/pypy-2.5.0/site-packages/tornado-4.3b1-py2.7.egg/tornado/test/tcpclient_test.py", line 108, in test_connect_ipv6_dual
    self.do_test_connect(socket.AF_INET6, 'localhost')
  File "/home/travis/virtualenv/pypy-2.5.0/site-packages/tornado-4.3b1-py2.7.egg/tornado/testing.py", line 525, in post_coroutine
    timeout=timeout)
  File "/home/travis/virtualenv/pypy-2.5.0/site-packages/tornado-4.3b1-py2.7.egg/tornado/ioloop.py", line 453, in run_sync
    return future_cell[0].result()
  File "/home/travis/virtualenv/pypy-2.5.0/site-packages/tornado-4.3b1-py2.7.egg/tornado/concurrent.py", line 232, in result
    raise_exc_info(self._exc_info)
  File "/home/travis/virtualenv/pypy-2.5.0/site-packages/tornado-4.3b1-py2.7.egg/tornado/gen.py", line 282, in wrapper
    yielded = next(result)
  File "/home/travis/virtualenv/pypy-2.5.0/site-packages/tornado-4.3b1-py2.7.egg/tornado/test/tcpclient_test.py", line 85, in do_test_connect
    port = self.start_server(family)
  File "/home/travis/virtualenv/pypy-2.5.0/site-packages/tornado-4.3b1-py2.7.egg/tornado/test/tcpclient_test.py", line 61, in start_server
    self.server = TestTCPServer(family)
  File "/home/travis/virtualenv/pypy-2.5.0/site-packages/tornado-4.3b1-py2.7.egg/tornado/test/tcpclient_test.py", line 39, in __init__
    sockets = bind_sockets(None, 'localhost', family)
  File "/home/travis/virtualenv/pypy-2.5.0/site-packages/tornado-4.3b1-py2.7.egg/tornado/netutil.py", line 196, in bind_sockets
    sock.bind(sockaddr)
  File "<string>", line 1, in bind
error: [Errno 99] Cannot assign requested address

======================================================================
ERROR: test_connect_ipv6_ipv6 (tornado.test.tcpclient_test.TCPClientTest)
----------------------------------------------------------------------
Traceback (most recent call last):
  File "/home/travis/virtualenv/pypy-2.5.0/site-packages/tornado-4.3b1-py2.7.egg/tornado/testing.py", line 132, in __call__
    result = self.orig_method(*args, **kwargs)
  File "/home/travis/virtualenv/pypy-2.5.0/site-packages/tornado-4.3b1-py2.7.egg/tornado/test/tcpclient_test.py", line 101, in test_connect_ipv6_ipv6
    self.do_test_connect(socket.AF_INET6, '::1')
  File "/home/travis/virtualenv/pypy-2.5.0/site-packages/tornado-4.3b1-py2.7.egg/tornado/testing.py", line 525, in post_coroutine
    timeout=timeout)
  File "/home/travis/virtualenv/pypy-2.5.0/site-packages/tornado-4.3b1-py2.7.egg/tornado/ioloop.py", line 453, in run_sync
    return future_cell[0].result()
  File "/home/travis/virtualenv/pypy-2.5.0/site-packages/tornado-4.3b1-py2.7.egg/tornado/concurrent.py", line 232, in result
    raise_exc_info(self._exc_info)
  File "/home/travis/virtualenv/pypy-2.5.0/site-packages/tornado-4.3b1-py2.7.egg/tornado/gen.py", line 282, in wrapper
    yielded = next(result)
  File "/home/travis/virtualenv/pypy-2.5.0/site-packages/tornado-4.3b1-py2.7.egg/tornado/test/tcpclient_test.py", line 85, in do_test_connect
    port = self.start_server(family)
  File "/home/travis/virtualenv/pypy-2.5.0/site-packages/tornado-4.3b1-py2.7.egg/tornado/test/tcpclient_test.py", line 61, in start_server
    self.server = TestTCPServer(family)
  File "/home/travis/virtualenv/pypy-2.5.0/site-packages/tornado-4.3b1-py2.7.egg/tornado/test/tcpclient_test.py", line 39, in __init__
    sockets = bind_sockets(None, 'localhost', family)
  File "/home/travis/virtualenv/pypy-2.5.0/site-packages/tornado-4.3b1-py2.7.egg/tornado/netutil.py", line 196, in bind_sockets
    sock.bind(sockaddr)
  File "<string>", line 1, in bind
error: [Errno 99] Cannot assign requested address

----------------------------------------------------------------------
Ran 1315 tests in 46.705s

FAILED (errors=4, skipped=147)
Some tests were skipped because: Not CPython implementation, PEP 380
(yield from) not available, PEP 492 (async/await) not available,
SO_REUSEPORT is not supported, asyncio module not present,
concurrent.futures module not present, dual-stack servers often have
port conflicts on travis, futures module not present, needs fix,
pycares module not present, pycurl module not present, pypy gc causes
problems with openssl, ssl.SSLContext not present,
ssl.create_default_context not present, timing tests unreliable on
travis, tornado.speedups module not present, twisted module not
present
[E 201105 02:12:09 testing:731] FAIL
[E 201105 02:12:09 runtests:175] logged 0 warnings and 1 errors

travis_time:end:0df3c3d4:start=1604542277504067740,finish=1604542329711317841,duration=52207250101[0K
[31;1mThe command "python $TARGET --ioloop=tornado.platform.select.SelectIOLoop" exited with 1.[0m
travis_time:start:11b9ba20[0K$ python -O $TARGET
.............ssss.....................................................sssssssssssssssssssssssssssssssssssss...........ssss..s...s........................................s................s..........s.......s..s...s..................s......................................................ss..............ssss.......................................................ss........s....................ss...s............................................s..................ssssssssssssssssssssssssssssss................................................s.......s.................ss.ss..sssssss.................................................................s......................................................s...................E.ss.....s................E.ss.....s..ss...........................EEsss...................................................s...ss........ssssssssssssss.................................................................s.............sss......................................................................................................s.........................................................s.....................................................................................................................s....................................................................................
======================================================================
ERROR: test_ipv6 (tornado.test.simple_httpclient_test.SimpleHTTPClientTestCase)
----------------------------------------------------------------------
Traceback (most recent call last):
  File "/home/travis/virtualenv/pypy-2.5.0/site-packages/tornado-4.3b1-py2.7.egg/tornado/testing.py", line 132, in __call__
    result = self.orig_method(*args, **kwargs)
  File "/home/travis/virtualenv/pypy-2.5.0/site-packages/tornado-4.3b1-py2.7.egg/tornado/test/simple_httpclient_test.py", line 259, in test_ipv6
    [sock] = bind_sockets(None, '::1', family=socket.AF_INET6)
  File "/home/travis/virtualenv/pypy-2.5.0/site-packages/tornado-4.3b1-py2.7.egg/tornado/netutil.py", line 196, in bind_sockets
    sock.bind(sockaddr)
  File "<string>", line 1, in bind
error: [Errno 99] Cannot assign requested address

======================================================================
ERROR: test_ipv6 (tornado.test.simple_httpclient_test.SimpleHTTPSClientTestCase)
----------------------------------------------------------------------
Traceback (most recent call last):
  File "/home/travis/virtualenv/pypy-2.5.0/site-packages/tornado-4.3b1-py2.7.egg/tornado/testing.py", line 132, in __call__
    result = self.orig_method(*args, **kwargs)
  File "/home/travis/virtualenv/pypy-2.5.0/site-packages/tornado-4.3b1-py2.7.egg/tornado/test/simple_httpclient_test.py", line 259, in test_ipv6
    [sock] = bind_sockets(None, '::1', family=socket.AF_INET6)
  File "/home/travis/virtualenv/pypy-2.5.0/site-packages/tornado-4.3b1-py2.7.egg/tornado/netutil.py", line 196, in bind_sockets
    sock.bind(sockaddr)
  File "<string>", line 1, in bind
error: [Errno 99] Cannot assign requested address

======================================================================
ERROR: test_connect_ipv6_dual (tornado.test.tcpclient_test.TCPClientTest)
----------------------------------------------------------------------
Traceback (most recent call last):
  File "/home/travis/virtualenv/pypy-2.5.0/site-packages/tornado-4.3b1-py2.7.egg/tornado/testing.py", line 132, in __call__
    result = self.orig_method(*args, **kwargs)
  File "/home/travis/virtualenv/pypy-2.5.0/site-packages/tornado-4.3b1-py2.7.egg/tornado/test/tcpclient_test.py", line 108, in test_connect_ipv6_dual
    self.do_test_connect(socket.AF_INET6, 'localhost')
  File "/home/travis/virtualenv/pypy-2.5.0/site-packages/tornado-4.3b1-py2.7.egg/tornado/testing.py", line 525, in post_coroutine
    timeout=timeout)
  File "/home/travis/virtualenv/pypy-2.5.0/site-packages/tornado-4.3b1-py2.7.egg/tornado/ioloop.py", line 453, in run_sync
    return future_cell[0].result()
  File "/home/travis/virtualenv/pypy-2.5.0/site-packages/tornado-4.3b1-py2.7.egg/tornado/concurrent.py", line 232, in result
    raise_exc_info(self._exc_info)
  File "/home/travis/virtualenv/pypy-2.5.0/site-packages/tornado-4.3b1-py2.7.egg/tornado/gen.py", line 282, in wrapper
    yielded = next(result)
  File "/home/travis/virtualenv/pypy-2.5.0/site-packages/tornado-4.3b1-py2.7.egg/tornado/test/tcpclient_test.py", line 85, in do_test_connect
    port = self.start_server(family)
  File "/home/travis/virtualenv/pypy-2.5.0/site-packages/tornado-4.3b1-py2.7.egg/tornado/test/tcpclient_test.py", line 61, in start_server
    self.server = TestTCPServer(family)
  File "/home/travis/virtualenv/pypy-2.5.0/site-packages/tornado-4.3b1-py2.7.egg/tornado/test/tcpclient_test.py", line 39, in __init__
    sockets = bind_sockets(None, 'localhost', family)
  File "/home/travis/virtualenv/pypy-2.5.0/site-packages/tornado-4.3b1-py2.7.egg/tornado/netutil.py", line 196, in bind_sockets
    sock.bind(sockaddr)
  File "<string>", line 1, in bind
error: [Errno 99] Cannot assign requested address

======================================================================
ERROR: test_connect_ipv6_ipv6 (tornado.test.tcpclient_test.TCPClientTest)
----------------------------------------------------------------------
Traceback (most recent call last):
  File "/home/travis/virtualenv/pypy-2.5.0/site-packages/tornado-4.3b1-py2.7.egg/tornado/testing.py", line 132, in __call__
    result = self.orig_method(*args, **kwargs)
  File "/home/travis/virtualenv/pypy-2.5.0/site-packages/tornado-4.3b1-py2.7.egg/tornado/test/tcpclient_test.py", line 101, in test_connect_ipv6_ipv6
    self.do_test_connect(socket.AF_INET6, '::1')
  File "/home/travis/virtualenv/pypy-2.5.0/site-packages/tornado-4.3b1-py2.7.egg/tornado/testing.py", line 525, in post_coroutine
    timeout=timeout)
  File "/home/travis/virtualenv/pypy-2.5.0/site-packages/tornado-4.3b1-py2.7.egg/tornado/ioloop.py", line 453, in run_sync
    return future_cell[0].result()
  File "/home/travis/virtualenv/pypy-2.5.0/site-packages/tornado-4.3b1-py2.7.egg/tornado/concurrent.py", line 232, in result
    raise_exc_info(self._exc_info)
  File "/home/travis/virtualenv/pypy-2.5.0/site-packages/tornado-4.3b1-py2.7.egg/tornado/gen.py", line 282, in wrapper
    yielded = next(result)
  File "/home/travis/virtualenv/pypy-2.5.0/site-packages/tornado-4.3b1-py2.7.egg/tornado/test/tcpclient_test.py", line 85, in do_test_connect
    port = self.start_server(family)
  File "/home/travis/virtualenv/pypy-2.5.0/site-packages/tornado-4.3b1-py2.7.egg/tornado/test/tcpclient_test.py", line 61, in start_server
    self.server = TestTCPServer(family)
  File "/home/travis/virtualenv/pypy-2.5.0/site-packages/tornado-4.3b1-py2.7.egg/tornado/test/tcpclient_test.py", line 39, in __init__
    sockets = bind_sockets(None, 'localhost', family)
  File "/home/travis/virtualenv/pypy-2.5.0/site-packages/tornado-4.3b1-py2.7.egg/tornado/netutil.py", line 196, in bind_sockets
    sock.bind(sockaddr)
  File "<string>", line 1, in bind
error: [Errno 99] Cannot assign requested address

----------------------------------------------------------------------
Ran 1315 tests in 46.229s

FAILED (errors=4, skipped=147)
Some tests were skipped because: Not CPython implementation, PEP 380
(yield from) not available, PEP 492 (async/await) not available,
SO_REUSEPORT is not supported, asyncio module not present,
concurrent.futures module not present, dual-stack servers often have
port conflicts on travis, futures module not present, needs fix,
pycares module not present, pycurl module not present, pypy gc causes
problems with openssl, ssl.SSLContext not present,
ssl.create_default_context not present, timing tests unreliable on
travis, tornado.speedups module not present, twisted module not
present
[E 201105 02:13:01 testing:731] FAIL
[E 201105 02:13:01 runtests:175] logged 0 warnings and 1 errors

travis_time:end:11b9ba20:start=1604542329722659154,finish=1604542382042664979,duration=52320005825[0K
[31;1mThe command "python -O $TARGET" exited with 1.[0m
travis_time:start:0c7d7bb8[0K$ LANG=C python $TARGET
.............ssss.....................................................sssssssssssssssssssssssssssssssssssss...........ssss..s...s........................................s................s..........s.......s..s...s..................s......................................................ss..............ssss.......................................................ss........s....................ss...s............................................s..................ssssssssssssssssssssssssssssss................................................s.......s.................ss.ss..sssssss.................................................................s......................................................s...................E.ss.....s................E.ss.....s..ss...........................EEsss...................................................s...ss........ssssssssssssss.................................................................s.............sss......................................................................................................s.........................................................s.....................................................................................................................s....................................................................................
======================================================================
ERROR: test_ipv6 (tornado.test.simple_httpclient_test.SimpleHTTPClientTestCase)
----------------------------------------------------------------------
Traceback (most recent call last):
  File "/home/travis/virtualenv/pypy-2.5.0/site-packages/tornado-4.3b1-py2.7.egg/tornado/testing.py", line 132, in __call__
    result = self.orig_method(*args, **kwargs)
  File "/home/travis/virtualenv/pypy-2.5.0/site-packages/tornado-4.3b1-py2.7.egg/tornado/test/simple_httpclient_test.py", line 259, in test_ipv6
    [sock] = bind_sockets(None, '::1', family=socket.AF_INET6)
  File "/home/travis/virtualenv/pypy-2.5.0/site-packages/tornado-4.3b1-py2.7.egg/tornado/netutil.py", line 196, in bind_sockets
    sock.bind(sockaddr)
  File "<string>", line 1, in bind
error: [Errno 99] Cannot assign requested address

======================================================================
ERROR: test_ipv6 (tornado.test.simple_httpclient_test.SimpleHTTPSClientTestCase)
----------------------------------------------------------------------
Traceback (most recent call last):
  File "/home/travis/virtualenv/pypy-2.5.0/site-packages/tornado-4.3b1-py2.7.egg/tornado/testing.py", line 132, in __call__
    result = self.orig_method(*args, **kwargs)
  File "/home/travis/virtualenv/pypy-2.5.0/site-packages/tornado-4.3b1-py2.7.egg/tornado/test/simple_httpclient_test.py", line 259, in test_ipv6
    [sock] = bind_sockets(None, '::1', family=socket.AF_INET6)
  File "/home/travis/virtualenv/pypy-2.5.0/site-packages/tornado-4.3b1-py2.7.egg/tornado/netutil.py", line 196, in bind_sockets
    sock.bind(sockaddr)
  File "<string>", line 1, in bind
error: [Errno 99] Cannot assign requested address

======================================================================
ERROR: test_connect_ipv6_dual (tornado.test.tcpclient_test.TCPClientTest)
----------------------------------------------------------------------
Traceback (most recent call last):
  File "/home/travis/virtualenv/pypy-2.5.0/site-packages/tornado-4.3b1-py2.7.egg/tornado/testing.py", line 132, in __call__
    result = self.orig_method(*args, **kwargs)
  File "/home/travis/virtualenv/pypy-2.5.0/site-packages/tornado-4.3b1-py2.7.egg/tornado/test/tcpclient_test.py", line 108, in test_connect_ipv6_dual
    self.do_test_connect(socket.AF_INET6, 'localhost')
  File "/home/travis/virtualenv/pypy-2.5.0/site-packages/tornado-4.3b1-py2.7.egg/tornado/testing.py", line 525, in post_coroutine
    timeout=timeout)
  File "/home/travis/virtualenv/pypy-2.5.0/site-packages/tornado-4.3b1-py2.7.egg/tornado/ioloop.py", line 453, in run_sync
    return future_cell[0].result()
  File "/home/travis/virtualenv/pypy-2.5.0/site-packages/tornado-4.3b1-py2.7.egg/tornado/concurrent.py", line 232, in result
    raise_exc_info(self._exc_info)
  File "/home/travis/virtualenv/pypy-2.5.0/site-packages/tornado-4.3b1-py2.7.egg/tornado/gen.py", line 282, in wrapper
    yielded = next(result)
  File "/home/travis/virtualenv/pypy-2.5.0/site-packages/tornado-4.3b1-py2.7.egg/tornado/test/tcpclient_test.py", line 85, in do_test_connect
    port = self.start_server(family)
  File "/home/travis/virtualenv/pypy-2.5.0/site-packages/tornado-4.3b1-py2.7.egg/tornado/test/tcpclient_test.py", line 61, in start_server
    self.server = TestTCPServer(family)
  File "/home/travis/virtualenv/pypy-2.5.0/site-packages/tornado-4.3b1-py2.7.egg/tornado/test/tcpclient_test.py", line 39, in __init__
    sockets = bind_sockets(None, 'localhost', family)
  File "/home/travis/virtualenv/pypy-2.5.0/site-packages/tornado-4.3b1-py2.7.egg/tornado/netutil.py", line 196, in bind_sockets
    sock.bind(sockaddr)
  File "<string>", line 1, in bind
error: [Errno 99] Cannot assign requested address

======================================================================
ERROR: test_connect_ipv6_ipv6 (tornado.test.tcpclient_test.TCPClientTest)
----------------------------------------------------------------------
Traceback (most recent call last):
  File "/home/travis/virtualenv/pypy-2.5.0/site-packages/tornado-4.3b1-py2.7.egg/tornado/testing.py", line 132, in __call__
    result = self.orig_method(*args, **kwargs)
  File "/home/travis/virtualenv/pypy-2.5.0/site-packages/tornado-4.3b1-py2.7.egg/tornado/test/tcpclient_test.py", line 101, in test_connect_ipv6_ipv6
    self.do_test_connect(socket.AF_INET6, '::1')
  File "/home/travis/virtualenv/pypy-2.5.0/site-packages/tornado-4.3b1-py2.7.egg/tornado/testing.py", line 525, in post_coroutine
    timeout=timeout)
  File "/home/travis/virtualenv/pypy-2.5.0/site-packages/tornado-4.3b1-py2.7.egg/tornado/ioloop.py", line 453, in run_sync
    return future_cell[0].result()
  File "/home/travis/virtualenv/pypy-2.5.0/site-packages/tornado-4.3b1-py2.7.egg/tornado/concurrent.py", line 232, in result
    raise_exc_info(self._exc_info)
  File "/home/travis/virtualenv/pypy-2.5.0/site-packages/tornado-4.3b1-py2.7.egg/tornado/gen.py", line 282, in wrapper
    yielded = next(result)
  File "/home/travis/virtualenv/pypy-2.5.0/site-packages/tornado-4.3b1-py2.7.egg/tornado/test/tcpclient_test.py", line 85, in do_test_connect
    port = self.start_server(family)
  File "/home/travis/virtualenv/pypy-2.5.0/site-packages/tornado-4.3b1-py2.7.egg/tornado/test/tcpclient_test.py", line 61, in start_server
    self.server = TestTCPServer(family)
  File "/home/travis/virtualenv/pypy-2.5.0/site-packages/tornado-4.3b1-py2.7.egg/tornado/test/tcpclient_test.py", line 39, in __init__
    sockets = bind_sockets(None, 'localhost', family)
  File "/home/travis/virtualenv/pypy-2.5.0/site-packages/tornado-4.3b1-py2.7.egg/tornado/netutil.py", line 196, in bind_sockets
    sock.bind(sockaddr)
  File "<string>", line 1, in bind
error: [Errno 99] Cannot assign requested address

----------------------------------------------------------------------
Ran 1315 tests in 45.262s

FAILED (errors=4, skipped=147)
Some tests were skipped because: Not CPython implementation, PEP 380
(yield from) not available, PEP 492 (async/await) not available,
SO_REUSEPORT is not supported, asyncio module not present,
concurrent.futures module not present, dual-stack servers often have
port conflicts on travis, futures module not present, needs fix,
pycares module not present, pycurl module not present, pypy gc causes
problems with openssl, ssl.SSLContext not present,
ssl.create_default_context not present, timing tests unreliable on
travis, tornado.speedups module not present, twisted module not
present
[E 201105 02:13:52 testing:731] FAIL
[E 201105 02:13:52 runtests:175] logged 0 warnings and 1 errors

travis_time:end:0c7d7bb8:start=1604542382054193287,finish=1604542432890600416,duration=50836407129[0K
[31;1mThe command "LANG=C python $TARGET" exited with 1.[0m
travis_time:start:27ee5756[0K$ LANG=en_US.utf-8 python $TARGET
.............ssss.....................................................sssssssssssssssssssssssssssssssssssss...........ssss..s...s........................................s................s..........s.......s..s...s..................s......................................................ss..............ssss.......................................................ss........s....................ss...s............................................s..................ssssssssssssssssssssssssssssss................................................s.......s.................ss.ss..sssssss.................................................................s......................................................s...................E.ss.....s................E.ss.....s..ss...........................EEsss...................................................s...ss........ssssssssssssss.................................................................s.............sss......................................................................................................s.........................................................s.....................................................................................................................s....................................................................................
======================================================================
ERROR: test_ipv6 (tornado.test.simple_httpclient_test.SimpleHTTPClientTestCase)
----------------------------------------------------------------------
Traceback (most recent call last):
  File "/home/travis/virtualenv/pypy-2.5.0/site-packages/tornado-4.3b1-py2.7.egg/tornado/testing.py", line 132, in __call__
    result = self.orig_method(*args, **kwargs)
  File "/home/travis/virtualenv/pypy-2.5.0/site-packages/tornado-4.3b1-py2.7.egg/tornado/test/simple_httpclient_test.py", line 259, in test_ipv6
    [sock] = bind_sockets(None, '::1', family=socket.AF_INET6)
  File "/home/travis/virtualenv/pypy-2.5.0/site-packages/tornado-4.3b1-py2.7.egg/tornado/netutil.py", line 196, in bind_sockets
    sock.bind(sockaddr)
  File "<string>", line 1, in bind
error: [Errno 99] Cannot assign requested address

======================================================================
ERROR: test_ipv6 (tornado.test.simple_httpclient_test.SimpleHTTPSClientTestCase)
----------------------------------------------------------------------
Traceback (most recent call last):
  File "/home/travis/virtualenv/pypy-2.5.0/site-packages/tornado-4.3b1-py2.7.egg/tornado/testing.py", line 132, in __call__
    result = self.orig_method(*args, **kwargs)
  File "/home/travis/virtualenv/pypy-2.5.0/site-packages/tornado-4.3b1-py2.7.egg/tornado/test/simple_httpclient_test.py", line 259, in test_ipv6
    [sock] = bind_sockets(None, '::1', family=socket.AF_INET6)
  File "/home/travis/virtualenv/pypy-2.5.0/site-packages/tornado-4.3b1-py2.7.egg/tornado/netutil.py", line 196, in bind_sockets
    sock.bind(sockaddr)
  File "<string>", line 1, in bind
error: [Errno 99] Cannot assign requested address

======================================================================
ERROR: test_connect_ipv6_dual (tornado.test.tcpclient_test.TCPClientTest)
----------------------------------------------------------------------
Traceback (most recent call last):
  File "/home/travis/virtualenv/pypy-2.5.0/site-packages/tornado-4.3b1-py2.7.egg/tornado/testing.py", line 132, in __call__
    result = self.orig_method(*args, **kwargs)
  File "/home/travis/virtualenv/pypy-2.5.0/site-packages/tornado-4.3b1-py2.7.egg/tornado/test/tcpclient_test.py", line 108, in test_connect_ipv6_dual
    self.do_test_connect(socket.AF_INET6, 'localhost')
  File "/home/travis/virtualenv/pypy-2.5.0/site-packages/tornado-4.3b1-py2.7.egg/tornado/testing.py", line 525, in post_coroutine
    timeout=timeout)
  File "/home/travis/virtualenv/pypy-2.5.0/site-packages/tornado-4.3b1-py2.7.egg/tornado/ioloop.py", line 453, in run_sync
    return future_cell[0].result()
  File "/home/travis/virtualenv/pypy-2.5.0/site-packages/tornado-4.3b1-py2.7.egg/tornado/concurrent.py", line 232, in result
    raise_exc_info(self._exc_info)
  File "/home/travis/virtualenv/pypy-2.5.0/site-packages/tornado-4.3b1-py2.7.egg/tornado/gen.py", line 282, in wrapper
    yielded = next(result)
  File "/home/travis/virtualenv/pypy-2.5.0/site-packages/tornado-4.3b1-py2.7.egg/tornado/test/tcpclient_test.py", line 85, in do_test_connect
    port = self.start_server(family)
  File "/home/travis/virtualenv/pypy-2.5.0/site-packages/tornado-4.3b1-py2.7.egg/tornado/test/tcpclient_test.py", line 61, in start_server
    self.server = TestTCPServer(family)
  File "/home/travis/virtualenv/pypy-2.5.0/site-packages/tornado-4.3b1-py2.7.egg/tornado/test/tcpclient_test.py", line 39, in __init__
    sockets = bind_sockets(None, 'localhost', family)
  File "/home/travis/virtualenv/pypy-2.5.0/site-packages/tornado-4.3b1-py2.7.egg/tornado/netutil.py", line 196, in bind_sockets
    sock.bind(sockaddr)
  File "<string>", line 1, in bind
error: [Errno 99] Cannot assign requested address

======================================================================
ERROR: test_connect_ipv6_ipv6 (tornado.test.tcpclient_test.TCPClientTest)
----------------------------------------------------------------------
Traceback (most recent call last):
  File "/home/travis/virtualenv/pypy-2.5.0/site-packages/tornado-4.3b1-py2.7.egg/tornado/testing.py", line 132, in __call__
    result = self.orig_method(*args, **kwargs)
  File "/home/travis/virtualenv/pypy-2.5.0/site-packages/tornado-4.3b1-py2.7.egg/tornado/test/tcpclient_test.py", line 101, in test_connect_ipv6_ipv6
    self.do_test_connect(socket.AF_INET6, '::1')
  File "/home/travis/virtualenv/pypy-2.5.0/site-packages/tornado-4.3b1-py2.7.egg/tornado/testing.py", line 525, in post_coroutine
    timeout=timeout)
  File "/home/travis/virtualenv/pypy-2.5.0/site-packages/tornado-4.3b1-py2.7.egg/tornado/ioloop.py", line 453, in run_sync
    return future_cell[0].result()
  File "/home/travis/virtualenv/pypy-2.5.0/site-packages/tornado-4.3b1-py2.7.egg/tornado/concurrent.py", line 232, in result
    raise_exc_info(self._exc_info)
  File "/home/travis/virtualenv/pypy-2.5.0/site-packages/tornado-4.3b1-py2.7.egg/tornado/gen.py", line 282, in wrapper
    yielded = next(result)
  File "/home/travis/virtualenv/pypy-2.5.0/site-packages/tornado-4.3b1-py2.7.egg/tornado/test/tcpclient_test.py", line 85, in do_test_connect
    port = self.start_server(family)
  File "/home/travis/virtualenv/pypy-2.5.0/site-packages/tornado-4.3b1-py2.7.egg/tornado/test/tcpclient_test.py", line 61, in start_server
    self.server = TestTCPServer(family)
  File "/home/travis/virtualenv/pypy-2.5.0/site-packages/tornado-4.3b1-py2.7.egg/tornado/test/tcpclient_test.py", line 39, in __init__
    sockets = bind_sockets(None, 'localhost', family)
  File "/home/travis/virtualenv/pypy-2.5.0/site-packages/tornado-4.3b1-py2.7.egg/tornado/netutil.py", line 196, in bind_sockets
    sock.bind(sockaddr)
  File "<string>", line 1, in bind
error: [Errno 99] Cannot assign requested address

----------------------------------------------------------------------
Ran 1315 tests in 45.531s

FAILED (errors=4, skipped=147)
Some tests were skipped because: Not CPython implementation, PEP 380
(yield from) not available, PEP 492 (async/await) not available,
SO_REUSEPORT is not supported, asyncio module not present,
concurrent.futures module not present, dual-stack servers often have
port conflicts on travis, futures module not present, needs fix,
pycares module not present, pycurl module not present, pypy gc causes
problems with openssl, ssl.SSLContext not present,
ssl.create_default_context not present, timing tests unreliable on
travis, tornado.speedups module not present, twisted module not
present
[E 201105 02:14:43 testing:731] FAIL
[E 201105 02:14:43 runtests:175] logged 0 warnings and 1 errors

travis_time:end:27ee5756:start=1604542432901275520,finish=1604542483924140924,duration=51022865404[0K
[31;1mThe command "LANG=en_US.utf-8 python $TARGET" exited with 1.[0m
travis_time:start:1f8fa00b[0K$ if [[ $TRAVIS_PYTHON_VERSION == 3* ]]; then python -bb $TARGET; fi

travis_time:end:1f8fa00b:start=1604542483935262892,finish=1604542483943989862,duration=8726970[0K
[32;1mThe command "if [[ $TRAVIS_PYTHON_VERSION == 3* ]]; then python -bb $TARGET; fi" exited with 0.[0m
travis_time:start:18417b61[0K$ if [[ $TRAVIS_PYTHON_VERSION != pypy* && $DEPS == true ]]; then python $TARGET --resolver=tornado.netutil.ThreadedResolver; fi

travis_time:end:18417b61:start=1604542483954758109,finish=1604542483962542496,duration=7784387[0K
[32;1mThe command "if [[ $TRAVIS_PYTHON_VERSION != pypy* && $DEPS == true ]]; then python $TARGET --resolver=tornado.netutil.ThreadedResolver; fi" exited with 0.[0m
travis_time:start:1dff3594[0K$ if [[ $TRAVIS_PYTHON_VERSION == 2* && $DEPS == true ]]; then python $TARGET --httpclient=tornado.curl_httpclient.CurlAsyncHTTPClient; fi

travis_time:end:1dff3594:start=1604542483972332166,finish=1604542483980019171,duration=7687005[0K
[32;1mThe command "if [[ $TRAVIS_PYTHON_VERSION == 2* && $DEPS == true ]]; then python $TARGET --httpclient=tornado.curl_httpclient.CurlAsyncHTTPClient; fi" exited with 0.[0m
travis_time:start:0a0c1540[0K$ if [[ $TRAVIS_PYTHON_VERSION == 2* && $DEPS == true ]]; then python $TARGET --ioloop_time_monotonic; fi

travis_time:end:0a0c1540:start=1604542483990680254,finish=1604542484000051327,duration=9371073[0K
[32;1mThe command "if [[ $TRAVIS_PYTHON_VERSION == 2* && $DEPS == true ]]; then python $TARGET --ioloop_time_monotonic; fi" exited with 0.[0m
travis_time:start:13b9fc90[0K$ if [[ $TRAVIS_PYTHON_VERSION != '3.2' && $TRAVIS_PYTHON_VERSION != 'pypy'* && $DEPS == true ]]; then python $TARGET --ioloop=tornado.platform.twisted.TwistedIOLoop; fi

travis_time:end:13b9fc90:start=1604542484011242713,finish=1604542484019749793,duration=8507080[0K
[32;1mThe command "if [[ $TRAVIS_PYTHON_VERSION != '3.2' && $TRAVIS_PYTHON_VERSION != 'pypy'* && $DEPS == true ]]; then python $TARGET --ioloop=tornado.platform.twisted.TwistedIOLoop; fi" exited with 0.[0m
travis_time:start:08904f50[0K$ if [[ $TRAVIS_PYTHON_VERSION == 3.4 || $TRAVIS_PYTHON_VERSION == 3.5 ]]; then python $TARGET --ioloop=tornado.platform.asyncio.AsyncIOLoop; fi

travis_time:end:08904f50:start=1604542484029754633,finish=1604542484038953943,duration=9199310[0K
[32;1mThe command "if [[ $TRAVIS_PYTHON_VERSION == 3.4 || $TRAVIS_PYTHON_VERSION == 3.5 ]]; then python $TARGET --ioloop=tornado.platform.asyncio.AsyncIOLoop; fi" exited with 0.[0m
travis_time:start:06b26da8[0K$ if [[ $TRAVIS_PYTHON_VERSION == 2* && $DEPS == true ]]; then python $TARGET --ioloop=tornado.platform.asyncio.AsyncIOLoop; fi

travis_time:end:06b26da8:start=1604542484050590537,finish=1604542484058680492,duration=8089955[0K
[32;1mThe command "if [[ $TRAVIS_PYTHON_VERSION == 2* && $DEPS == true ]]; then python $TARGET --ioloop=tornado.platform.asyncio.AsyncIOLoop; fi" exited with 0.[0m
travis_time:start:0e0431f8[0K$ if [[ $TRAVIS_PYTHON_VERSION == 2* && $DEPS == true ]]; then python $TARGET --resolver=tornado.platform.twisted.TwistedResolver; fi

travis_time:end:0e0431f8:start=1604542484069618828,finish=1604542484078570068,duration=8951240[0K
[32;1mThe command "if [[ $TRAVIS_PYTHON_VERSION == 2* && $DEPS == true ]]; then python $TARGET --resolver=tornado.platform.twisted.TwistedResolver; fi" exited with 0.[0m
travis_time:start:0a7955e7[0K$ if [[ $TRAVIS_PYTHON_VERSION == 3* && $TRAVIS_PYTHON_VERSION != '3.2' ]]; then python $TARGET --ioloop_time_monotonic; fi

travis_time:end:0a7955e7:start=1604542484089152353,finish=1604542484097558357,duration=8406004[0K
[32;1mThe command "if [[ $TRAVIS_PYTHON_VERSION == 3* && $TRAVIS_PYTHON_VERSION != '3.2' ]]; then python $TARGET --ioloop_time_monotonic; fi" exited with 0.[0m
travis_time:start:168a8396[0K$ if [[ $TRAVIS_PYTHON_VERSION != 2.6 && $TRAVIS_PYTHON_VERSION != nightly ]]; then coverage xml; fi

travis_time:end:168a8396:start=1604542484107780725,finish=1604542489579490200,duration=5471709475[0K
[32;1mThe command "if [[ $TRAVIS_PYTHON_VERSION != 2.6 && $TRAVIS_PYTHON_VERSION != nightly ]]; then coverage xml; fi" exited with 0.[0m
travis_time:start:062a5638[0K$ export TORNADO_EXTENSION=0

travis_time:end:062a5638:start=1604542489590672839,finish=1604542489598501003,duration=7828164[0K
[32;1mThe command "export TORNADO_EXTENSION=0" exited with 0.[0m
travis_time:start:0294b7a0[0K$ if [[ $TRAVIS_PYTHON_VERSION == '3.5' && $DEPS == true ]]; then cd ../docs && mkdir sphinx-out && sphinx-build -E -n -W -b html . sphinx-out; fi

travis_time:end:0294b7a0:start=1604542489608477168,finish=1604542489616583551,duration=8106383[0K
[32;1mThe command "if [[ $TRAVIS_PYTHON_VERSION == '3.5' && $DEPS == true ]]; then cd ../docs && mkdir sphinx-out && sphinx-build -E -n -W -b html . sphinx-out; fi" exited with 0.[0m
travis_time:start:0a70cf82[0K$ if [[ $TRAVIS_PYTHON_VERSION == '2.7' && $DEPS == true ]]; then cd ../docs && mkdir sphinx-doctest-out && sphinx-build -E -n -b doctest . sphinx-out; fi

travis_time:end:0a70cf82:start=1604542489626267483,finish=1604542489634164544,duration=7897061[0K
[32;1mThe command "if [[ $TRAVIS_PYTHON_VERSION == '2.7' && $DEPS == true ]]; then cd ../docs && mkdir sphinx-doctest-out && sphinx-build -E -n -b doctest . sphinx-out; fi" exited with 0.[0m
travis_time:start:05dfeabc[0K$ if [[ $TRAVIS_PYTHON_VERSION == '3.5' && $DEPS == true ]]; then cd ../docs && mkdir sphinx-doctest-out && sphinx-build -E -n -b doctest . sphinx-out; fi

travis_time:end:05dfeabc:start=1604542489643787634,finish=1604542489651596318,duration=7808684[0K
[32;1mThe command "if [[ $TRAVIS_PYTHON_VERSION == '3.5' && $DEPS == true ]]; then cd ../docs && mkdir sphinx-doctest-out && sphinx-build -E -n -b doctest . sphinx-out; fi" exited with 0.[0m

Done. Your build exited with 1.
