travis_fold:start:system_info[0K[33;1mBuild system information[0m
Build language: java
Build group: stable
Build dist: trusty
Build id: ''
Job id: ''
[34m[1mBuild image provisioning date and time[0m
Tue Dec  5 20:11:19 UTC 2017
[34m[1mOperating System Details[0m
Distributor ID:	Ubuntu
Description:	Ubuntu 14.04.5 LTS
Release:	14.04
Codename:	trusty
[34m[1mCookbooks Version[0m
7c2c6a6 https://github.com/travis-ci/travis-cookbooks/tree/7c2c6a6
[34m[1mgit version[0m
git version 2.15.1
[34m[1mbash version[0m
GNU bash, version 4.3.11(1)-release (x86_64-pc-linux-gnu)
[34m[1mgcc version[0m
gcc (Ubuntu 4.8.4-2ubuntu1~14.04.3) 4.8.4
Copyright (C) 2013 Free Software Foundation, Inc.
This is free software; see the source for copying conditions.  There is NO
warranty; not even for MERCHANTABILITY or FITNESS FOR A PARTICULAR PURPOSE.

[34m[1mdocker version[0m
Client:
 Version:      17.09.0-ce
 API version:  1.32
 Go version:   go1.8.3
 Git commit:   afdb6d4
 Built:        Tue Sep 26 22:39:28 2017
 OS/Arch:      linux/amd64
[34m[1mclang version[0m
clang version 5.0.0 (tags/RELEASE_500/final)
Target: x86_64-unknown-linux-gnu
Thread model: posix
InstalledDir: /usr/local/clang-5.0.0/bin
[34m[1mjq version[0m
jq-1.5
[34m[1mbats version[0m
Bats 0.4.0
[34m[1mshellcheck version[0m
0.4.6
[34m[1mshfmt version[0m
v2.0.0
[34m[1mccache version[0m
ccache version 3.1.9

Copyright (C) 2002-2007 Andrew Tridgell
Copyright (C) 2009-2011 Joel Rosdahl

This program is free software; you can redistribute it and/or modify it under
the terms of the GNU General Public License as published by the Free Software
Foundation; either version 3 of the License, or (at your option) any later
version.
[34m[1mcmake version[0m
cmake version 3.9.2

CMake suite maintained and supported by Kitware (kitware.com/cmake).
[34m[1mheroku version[0m
heroku-cli/6.14.39-addc925 (linux-x64) node-v9.2.0
[34m[1mimagemagick version[0m
Version: ImageMagick 6.7.7-10 2017-07-31 Q16 http://www.imagemagick.org
[34m[1mmd5deep version[0m
4.2
[34m[1mmercurial version[0m
Mercurial Distributed SCM (version 4.2.2)
(see https://mercurial-scm.org for more information)

Copyright (C) 2005-2017 Matt Mackall and others
This is free software; see the source for copying conditions. There is NO
warranty; not even for MERCHANTABILITY or FITNESS FOR A PARTICULAR PURPOSE.
[34m[1mmysql version[0m
mysql  Ver 14.14 Distrib 5.6.33, for debian-linux-gnu (x86_64) using  EditLine wrapper
[34m[1mopenssl version[0m
OpenSSL 1.0.1f 6 Jan 2014
[34m[1mpacker version[0m
Packer v1.0.2

Your version of Packer is out of date! The latest version
is 1.1.2. You can update by downloading from www.packer.io
[34m[1mpostgresql client version[0m
psql (PostgreSQL) 9.6.6
[34m[1mragel version[0m
Ragel State Machine Compiler version 6.8 Feb 2013
Copyright (c) 2001-2009 by Adrian Thurston
[34m[1msubversion version[0m
svn, version 1.8.8 (r1568071)
   compiled Aug 10 2017, 17:20:39 on x86_64-pc-linux-gnu

Copyright (C) 2013 The Apache Software Foundation.
This software consists of contributions made by many people;
see the NOTICE file for more information.
Subversion is open source software, see http://subversion.apache.org/

The following repository access (RA) modules are available:

* ra_svn : Module for accessing a repository using the svn network protocol.
  - with Cyrus SASL authentication
  - handles 'svn' scheme
* ra_local : Module for accessing a repository on local disk.
  - handles 'file' scheme
* ra_serf : Module for accessing a repository via WebDAV protocol using serf.
  - using serf 1.3.3
  - handles 'http' scheme
  - handles 'https' scheme

[34m[1msudo version[0m
Sudo version 1.8.9p5
Configure options: --prefix=/usr -v --with-all-insults --with-pam --with-fqdn --with-logging=syslog --with-logfac=authpriv --with-env-editor --with-editor=/usr/bin/editor --with-timeout=15 --with-password-timeout=0 --with-passprompt=[sudo] password for %p:  --without-lecture --with-tty-tickets --disable-root-mailer --enable-admin-flag --with-sendmail=/usr/sbin/sendmail --with-timedir=/var/lib/sudo --mandir=/usr/share/man --libexecdir=/usr/lib/sudo --with-sssd --with-sssd-lib=/usr/lib/x86_64-linux-gnu --with-selinux
Sudoers policy plugin version 1.8.9p5
Sudoers file grammar version 43

Sudoers path: /etc/sudoers
Authentication methods: 'pam'
Syslog facility if syslog is being used for logging: authpriv
Syslog priority to use when user authenticates successfully: notice
Syslog priority to use when user authenticates unsuccessfully: alert
Send mail if the user is not in sudoers
Use a separate timestamp for each user/tty combo
Lecture user the first time they run sudo
Root may run sudo
Allow some information gathering to give useful error messages
Require fully-qualified hostnames in the sudoers file
Visudo will honor the EDITOR environment variable
Set the LOGNAME and USER environment variables
Length at which to wrap log file lines (0 for no wrap): 80
Authentication timestamp timeout: 15.0 minutes
Password prompt timeout: 0.0 minutes
Number of tries to enter a password: 3
Umask to use or 0777 to use user's: 022
Path to mail program: /usr/sbin/sendmail
Flags for mail program: -t
Address to send mail to: root
Subject line for mail messages: *** SECURITY information for %h ***
Incorrect password message: Sorry, try again.
Path to authentication timestamp dir: /var/lib/sudo
Default password prompt: [sudo] password for %p: 
Default user to run commands as: root
Value to override user's $PATH with: /usr/local/sbin:/usr/local/bin:/usr/sbin:/usr/bin:/sbin:/bin:/snap/bin
Path to the editor for use by visudo: /usr/bin/editor
When to require a password for 'list' pseudocommand: any
When to require a password for 'verify' pseudocommand: all
File descriptors >= 3 will be closed before executing a command
Environment variables to check for sanity:
	TZ
	TERM
	LINGUAS
	LC_*
	LANGUAGE
	LANG
	COLORTERM
Environment variables to remove:
	RUBYOPT
	RUBYLIB
	PYTHONUSERBASE
	PYTHONINSPECT
	PYTHONPATH
	PYTHONHOME
	TMPPREFIX
	ZDOTDIR
	READNULLCMD
	NULLCMD
	FPATH
	PERL5DB
	PERL5OPT
	PERL5LIB
	PERLLIB
	PERLIO_DEBUG 
	JAVA_TOOL_OPTIONS
	SHELLOPTS
	GLOBIGNORE
	PS4
	BASH_ENV
	ENV
	TERMCAP
	TERMPATH
	TERMINFO_DIRS
	TERMINFO
	_RLD*
	LD_*
	PATH_LOCALE
	NLSPATH
	HOSTALIASES
	RES_OPTIONS
	LOCALDOMAIN
	CDPATH
	IFS
Environment variables to preserve:
	JAVA_HOME
	TRAVIS
	CI
	DEBIAN_FRONTEND
	XAUTHORIZATION
	XAUTHORITY
	PS2
	PS1
	PATH
	LS_COLORS
	KRB5CCNAME
	HOSTNAME
	HOME
	DISPLAY
	COLORS
Locale to use while parsing sudoers: C
Directory in which to store input/output logs: /var/log/sudo-io
File in which to store the input/output log: %{seq}
Add an entry to the utmp/utmpx file when allocating a pty
PAM service name to use
PAM service name to use for login shells
Create a new PAM session for the command to run in
Maximum I/O log sequence number: 0

Local IP address and netmask pairs:
	172.17.0.2/255.255.0.0

Sudoers I/O plugin version 1.8.9p5
[34m[1mgzip version[0m
gzip 1.6
Copyright (C) 2007, 2010, 2011 Free Software Foundation, Inc.
Copyright (C) 1993 Jean-loup Gailly.
This is free software.  You may redistribute copies of it under the terms of
the GNU General Public License <http://www.gnu.org/licenses/gpl.html>.
There is NO WARRANTY, to the extent permitted by law.

Written by Jean-loup Gailly.
[34m[1mzip version[0m
Copyright (c) 1990-2008 Info-ZIP - Type 'zip "-L"' for software license.
This is Zip 3.0 (July 5th 2008), by Info-ZIP.
Currently maintained by E. Gordon.  Please send bug reports to
the authors using the web page at www.info-zip.org; see README for details.

Latest sources and executables are at ftp://ftp.info-zip.org/pub/infozip,
as of above date; see http://www.info-zip.org/ for other sites.

Compiled with gcc 4.8.2 for Unix (Linux ELF) on Oct 21 2013.

Zip special compilation options:
	USE_EF_UT_TIME       (store Universal Time)
	BZIP2_SUPPORT        (bzip2 library version 1.0.6, 6-Sept-2010)
	    bzip2 code and library copyright (c) Julian R Seward
	    (See the bzip2 license for terms of use)
	SYMLINK_SUPPORT      (symbolic links supported)
	LARGE_FILE_SUPPORT   (can read and write large files on file system)
	ZIP64_SUPPORT        (use Zip64 to store large files in archives)
	UNICODE_SUPPORT      (store and read UTF-8 Unicode paths)
	STORE_UNIX_UIDs_GIDs (store UID/GID sizes/values using new extra field)
	UIDGID_NOT_16BIT     (old Unix 16-bit UID/GID extra field not used)
	[encryption, version 2.91 of 05 Jan 2007] (modified for Zip 3)

Encryption notice:
	The encryption code of this program is not copyrighted and is
	put in the public domain.  It was originally written in Europe
	and, to the best of our knowledge, can be freely distributed
	in both source and object forms from any country, including
	the USA under License Exception TSU of the U.S. Export
	Administration Regulations (section 740.13(e)) of 6 June 2002.

Zip environment options:
             ZIP:  [none]
          ZIPOPT:  [none]
[34m[1mvim version[0m
VIM - Vi IMproved 7.4 (2013 Aug 10, compiled Nov 24 2016 16:43:18)
Included patches: 1-52
Extra patches: 8.0.0056
Modified by pkg-vim-maintainers@lists.alioth.debian.org
Compiled by buildd@
Huge version without GUI.  Features included (+) or not (-):
+acl             +farsi           +mouse_netterm   +syntax
+arabic          +file_in_path    +mouse_sgr       +tag_binary
+autocmd         +find_in_path    -mouse_sysmouse  +tag_old_static
-balloon_eval    +float           +mouse_urxvt     -tag_any_white
-browse          +folding         +mouse_xterm     -tcl
++builtin_terms  -footer          +multi_byte      +terminfo
+byte_offset     +fork()          +multi_lang      +termresponse
+cindent         +gettext         -mzscheme        +textobjects
-clientserver    -hangul_input    +netbeans_intg   +title
-clipboard       +iconv           +path_extra      -toolbar
+cmdline_compl   +insert_expand   -perl            +user_commands
+cmdline_hist    +jumplist        +persistent_undo +vertsplit
+cmdline_info    +keymap          +postscript      +virtualedit
+comments        +langmap         +printer         +visual
+conceal         +libcall         +profile         +visualextra
+cryptv          +linebreak       +python          +viminfo
+cscope          +lispindent      -python3         +vreplace
+cursorbind      +listcmds        +quickfix        +wildignore
+cursorshape     +localmap        +reltime         +wildmenu
+dialog_con      -lua             +rightleft       +windows
+diff            +menu            -ruby            +writebackup
+digraphs        +mksession       +scrollbind      -X11
-dnd             +modify_fname    +signs           -xfontset
-ebcdic          +mouse           +smartindent     -xim
+emacs_tags      -mouseshape      -sniff           -xsmp
+eval            +mouse_dec       +startuptime     -xterm_clipboard
+ex_extra        +mouse_gpm       +statusline      -xterm_save
+extra_search    -mouse_jsbterm   -sun_workshop    -xpm
   system vimrc file: "$VIM/vimrc"
     user vimrc file: "$HOME/.vimrc"
 2nd user vimrc file: "~/.vim/vimrc"
      user exrc file: "$HOME/.exrc"
  fall-back for $VIM: "/usr/share/vim"
Compilation: gcc -c -I. -Iproto -DHAVE_CONFIG_H     -g -O2 -fstack-protector --param=ssp-buffer-size=4 -Wformat -Werror=format-security -U_FORTIFY_SOURCE -D_FORTIFY_SOURCE=1      
Linking: gcc   -Wl,-Bsymbolic-functions -Wl,-z,relro -Wl,--as-needed -o vim        -lm -ltinfo -lnsl  -lselinux  -lacl -lattr -lgpm -ldl    -L/usr/lib/python2.7/config-x86_64-linux-gnu -lpython2.7 -lpthread -ldl -lutil -lm -Xlinker -export-dynamic -Wl,-O1 -Wl,-Bsymbolic-functions      
[34m[1miptables version[0m
iptables v1.4.21
[34m[1mcurl version[0m
curl 7.35.0 (x86_64-pc-linux-gnu) libcurl/7.35.0 OpenSSL/1.0.1f zlib/1.2.8 libidn/1.28 librtmp/2.3
[34m[1mwget version[0m
GNU Wget 1.15 built on linux-gnu.
[34m[1mrsync version[0m
rsync  version 3.1.0  protocol version 31
[34m[1mgimme version[0m
v1.2.0
[34m[1mnvm version[0m
0.33.6
[34m[1mperlbrew version[0m
/home/travis/perl5/perlbrew/bin/perlbrew  - App::perlbrew/0.80
[34m[1mphpenv version[0m
rbenv 1.1.1-25-g6aa70b6
[34m[1mrvm version[0m
rvm 1.29.3 (latest) by Michal Papis, Piotr Kuczynski, Wayne E. Seguin [https://rvm.io]
[34m[1mdefault ruby version[0m
ruby 2.4.1p111 (2017-03-22 revision 58053) [x86_64-linux]
[34m[1mCouchDB version[0m
couchdb 1.6.1
[34m[1mElasticSearch version[0m
5.5.0
[34m[1mInstalled Firefox version[0m
firefox 56.0.2
[34m[1mMongoDB version[0m
MongoDB 3.4.10
[34m[1mPhantomJS version[0m
2.1.1
[34m[1mPre-installed PostgreSQL versions[0m
9.2.24
9.3.20
9.4.15
9.5.10
9.6.6
[34m[1mRabbitMQ Version[0m
3.6.14
[34m[1mRedis version[0m
redis-server 4.0.6
[34m[1mriak version[0m
2.2.3
[34m[1mPre-installed Go versions[0m
1.7.4
[34m[1mant version[0m
Apache Ant(TM) version 1.9.3 compiled on April 8 2014
[34m[1mmvn version[0m
Apache Maven 3.5.2 (138edd61fd100ec658bfa2d307c43b76940a5d7d; 2017-10-18T07:58:13Z)
Maven home: /usr/local/maven-3.5.2
Java version: 1.8.0_151, vendor: Oracle Corporation
Java home: /usr/lib/jvm/java-8-oracle/jre
Default locale: en_US, platform encoding: UTF-8
OS name: "linux", version: "4.4.0-101-generic", arch: "amd64", family: "unix"
[34m[1mgradle version[0m

------------------------------------------------------------
Gradle 4.0.1
------------------------------------------------------------

Build time:   2017-07-07 14:02:41 UTC
Revision:     38e5dc0f772daecca1d2681885d3d85414eb6826

Groovy:       2.4.11
Ant:          Apache Ant(TM) version 1.9.6 compiled on June 29 2015
JVM:          1.8.0_151 (Oracle Corporation 25.151-b12)
OS:           Linux 4.4.0-101-generic amd64

[34m[1mlein version[0m
Leiningen 2.8.1 on Java 1.8.0_151 Java HotSpot(TM) 64-Bit Server VM
[34m[1mPre-installed Node.js versions[0m
v4.8.6
v6.12.0
v6.12.1
v8.9
v8.9.1
[34m[1mphpenv versions[0m
  system
  5.6
* 5.6.32 (set by /home/travis/.phpenv/version)
  7.0
  7.0.25
  7.1
  7.1.11
  hhvm
  hhvm-stable
[34m[1mcomposer --version[0m
Composer version 1.5.2 2017-09-11 16:59:25
[34m[1mPre-installed Ruby versions[0m
ruby-2.2.7
ruby-2.3.4
ruby-2.4.1
travis_fold:end:system_info[0K
grep: /etc/apt/sources.list.d/*: No such file or directory
sed: cannot rename /etc/hosts: Device or resource busy
sed: cannot rename /etc/hosts: Device or resource busy
$ cd failed/SonarSource/sonar-java

[33;1mSetting environment variables from .travis.yml[0m
$ export TEST=CI

travis_fold:start:cache.1[0KSetting up build cache
$ export CASHER_DIR=$HOME/.casher
travis_time:start:0a43fd8b[0K
travis_time:end:0a43fd8b:start=1644110263932935236,finish=1644110263939511360,duration=6576124[0Ktravis_time:start:011a9090[0K/home/travis/.casher/bin/casher:213:in `cache_archive_name': undefined method `[]' for nil:NilClass (NoMethodError)
	from /home/travis/.casher/bin/casher:65:in `block in fetch'
	from /home/travis/.casher/bin/casher:64:in `each'
	from /home/travis/.casher/bin/casher:64:in `fetch'
	from /home/travis/.casher/bin/casher:53:in `block in run'
	from /home/travis/.rvm/rubies/ruby-2.2.7/lib/ruby/2.2.0/timeout.rb:88:in `block in timeout'
	from /home/travis/.rvm/rubies/ruby-2.2.7/lib/ruby/2.2.0/timeout.rb:32:in `block in catch'
	from /home/travis/.rvm/rubies/ruby-2.2.7/lib/ruby/2.2.0/timeout.rb:32:in `catch'
	from /home/travis/.rvm/rubies/ruby-2.2.7/lib/ruby/2.2.0/timeout.rb:32:in `catch'
	from /home/travis/.rvm/rubies/ruby-2.2.7/lib/ruby/2.2.0/timeout.rb:103:in `timeout'
	from /home/travis/.casher/bin/casher:53:in `run'
	from /home/travis/.casher/bin/casher:263:in `<main>'
[32;1mattempting to download cache archive[0m

travis_time:end:011a9090:start=1644110263947926891,finish=1644110264502888912,duration=554962021[0Ktravis_time:start:192c082e[0K
travis_time:end:192c082e:start=1644110264511233597,finish=1644110264519379743,duration=8146146[0Ktravis_time:start:368fa930[0K[32;1madding /home/travis/.m2/repository to cache[0m
[32;1madding /home/travis/.sonar to cache[0m
[32;1madding /home/travis/jvm to cache[0m
[32;1madding /home/travis/maven to cache[0m

travis_time:end:368fa930:start=1644110264527774458,finish=1644110265752529850,duration=1224755392[0Ktravis_fold:end:cache.1[0K$ java -Xmx32m -version
Picked up _JAVA_OPTIONS: -Xmx2048m -Xms512m
java version "1.8.0_151"
Java(TM) SE Runtime Environment (build 1.8.0_151-b12)
Java HotSpot(TM) 64-Bit Server VM (build 25.151-b12, mixed mode)
$ javac -J-Xmx32m -version
Picked up _JAVA_OPTIONS: -Xmx2048m -Xms512m
javac 1.8.0_151
travis_fold:start:install[0Ktravis_time:start:04974f6a[0K$ true

travis_time:end:04974f6a:start=1644110266272586699,finish=1644110266279149996,duration=6563297[0Ktravis_fold:end:install[0Ktravis_time:start:13b2eb22[0K$ ./travis.sh
Copy public Maven settings
Setting .npmrc
Setup Maven 3.5.2
Maven 3.5.2 installed
fatal: --unshallow on a complete repository does not make sense
======= Build, no analysis, no deploy
Picked up _JAVA_OPTIONS: -Xmx2048m -Xms512m
Apache Maven 3.5.2 (138edd61fd100ec658bfa2d307c43b76940a5d7d; 2017-10-18T07:58:13Z)
Maven home: /home/travis/maven/apache-maven-3.5.2
Java version: 1.8.0_151, vendor: Oracle Corporation
Java home: /usr/lib/jvm/java-8-oracle/jre
Default locale: en_US, platform encoding: UTF-8
OS name: "linux", version: "4.15.0-109-generic", arch: "amd64", family: "unix"
[INFO] Error stacktraces are turned on.
[INFO] Scanning for projects...
[INFO] ------------------------------------------------------------------------
[INFO] Reactor Build Order:
[INFO] 
[INFO] SonarJava
[INFO] SonarQube Java :: Maven model generator
[INFO] SonarQube Java :: Front-end
[INFO] SonarQube Java :: Check Test tool kit
[INFO] SonarQube Java :: Checks
[INFO] SonarQube Java :: Surefire
[INFO] java-jacoco-previous
[INFO] SonarQube Java :: JaCoCo
[INFO] SonarQube Java :: Plugin
[INFO] SonarQube Java :: JaCoCo Listeners
[INFO] SonarQube Java :: ITs
[INFO] SonarQube Java :: ITs :: Performancing
[INFO] SonarQube Java :: ITs :: Plugin
[INFO] SonarQube Java :: ITs :: Plugin :: Plugins
[INFO] SonarQube Java :: ITS :: Plugin :: Java Extension Plugin
[INFO] SonarQube Java :: ITs :: Plugin :: Tests
[INFO] SonarQube Java :: ITs :: Ruling
[INFO] SonarQube Java :: ITs :: Semantic
[INFO] SonarQube Java :: ITS :: Semantic :: Java Debugging Plugin
[INFO] SonarQube Java :: ITs :: Semantic :: Tests
[INFO] 
[INFO] ------------------------------------------------------------------------
[INFO] Building SonarJava 5.4.0-SNAPSHOT
[INFO] ------------------------------------------------------------------------
[INFO] 
[INFO] --- buildnumber-maven-plugin:1.4:create (default) @ java ---
[INFO] Executing: /bin/sh -c cd '/home/travis/build/failed/SonarSource/sonar-java' && 'git' 'rev-parse' '--verify' 'HEAD'
[INFO] Working directory: /home/travis/build/failed/SonarSource/sonar-java
[INFO] Storing buildNumber: d7b7c511974cf098fb5242bf049a6d41ba9a8266 at timestamp: 1644110345782
[INFO] Storing buildScmBranch: master
[INFO] 
[INFO] --- maven-enforcer-plugin:3.0.0-M1:enforce (enforce) @ java ---
[INFO] 
[INFO] --- license-maven-plugin:3.0:check (enforce-license-headers) @ java ---
[INFO] Checking licenses...
[INFO] 
[INFO] --- beanshell-maven-plugin:1.4:run (compute-artifact-display-version) @ java ---
[INFO] Executing Script
[INFO] file class java.lang.Object
[INFO] script class java.lang.String
[INFO] evaluating script if (! "5.4.0-SNAPSHOT".endsWith("-SNAPSHOT")) { [+ 14 omitted line(s)]
[INFO] 
[INFO] --- maven-source-plugin:3.0.1:jar-no-fork (attach-sources) @ java ---
[INFO] 
[INFO] ------------------------------------------------------------------------
[INFO] Building SonarQube Java :: Maven model generator 5.4.0-SNAPSHOT
[INFO] ------------------------------------------------------------------------
[INFO] 
[INFO] --- buildnumber-maven-plugin:1.4:create (default) @ java-maven-model ---
[INFO] 
[INFO] --- maven-enforcer-plugin:3.0.0-M1:enforce (enforce) @ java-maven-model ---
[INFO] 
[INFO] --- license-maven-plugin:3.0:check (enforce-license-headers) @ java-maven-model ---
[INFO] Checking licenses...
[INFO] 
[INFO] --- jaxb2-maven-plugin:2.2:xjc (xjc) @ java-maven-model ---
[INFO] No changes detected in schema or binding files - skipping JAXB generation.
[INFO] 
[INFO] --- build-helper-maven-plugin:1.10:add-source (default) @ java-maven-model ---
[INFO] Source directory: /home/travis/build/failed/SonarSource/sonar-java/java-maven-model/target/generated-sources added.
[INFO] 
[INFO] --- beanshell-maven-plugin:1.4:run (compute-artifact-display-version) @ java-maven-model ---
[INFO] Executing Script
[INFO] file class java.lang.Object
[INFO] script class java.lang.String
[INFO] evaluating script if (! "5.4.0-SNAPSHOT".endsWith("-SNAPSHOT")) { [+ 14 omitted line(s)]
[INFO] 
[INFO] --- maven-resources-plugin:3.0.2:resources (default-resources) @ java-maven-model ---
[INFO] Using 'UTF-8' encoding to copy filtered resources.
[INFO] Copying 1 resource
[INFO] 
[INFO] --- maven-compiler-plugin:3.7.0:compile (default-compile) @ java-maven-model ---
[INFO] Nothing to compile - all classes are up to date
[INFO] 
[INFO] --- maven-resources-plugin:3.0.2:testResources (default-testResources) @ java-maven-model ---
[INFO] Using 'UTF-8' encoding to copy filtered resources.
[INFO] skip non existing resourceDirectory /home/travis/build/failed/SonarSource/sonar-java/java-maven-model/src/test/resources
[INFO] 
[INFO] --- maven-compiler-plugin:3.7.0:testCompile (default-testCompile) @ java-maven-model ---
[INFO] Nothing to compile - all classes are up to date
[INFO] 
[INFO] --- maven-surefire-plugin:2.20.1:test (default-test) @ java-maven-model ---
[INFO] Surefire report directory: /home/travis/build/failed/SonarSource/sonar-java/java-maven-model/target/surefire-reports
[INFO] 
[INFO] -------------------------------------------------------
[INFO]  T E S T S
[INFO] -------------------------------------------------------
[INFO] Running org.sonar.maven.model.LocatedAttributeAdapterTest
[INFO] Tests run: 2, Failures: 0, Errors: 0, Skipped: 0, Time elapsed: 8.229 s - in org.sonar.maven.model.LocatedAttributeAdapterTest
[INFO] Running org.sonar.maven.model.XmlLocationTest
[INFO] Tests run: 9, Failures: 0, Errors: 0, Skipped: 0, Time elapsed: 0.952 s - in org.sonar.maven.model.XmlLocationTest
[INFO] 
[INFO] Results:
[INFO] 
[INFO] Tests run: 11, Failures: 0, Errors: 0, Skipped: 0
[INFO] 
[INFO] 
[INFO] --- maven-jar-plugin:3.0.2:jar (default-jar) @ java-maven-model ---
[INFO] 
[INFO] --- maven-source-plugin:3.0.1:jar-no-fork (attach-sources) @ java-maven-model ---
[INFO] Building jar: /home/travis/build/failed/SonarSource/sonar-java/java-maven-model/target/java-maven-model-5.4.0-SNAPSHOT-sources.jar
[INFO] 
[INFO] ------------------------------------------------------------------------
[INFO] Building SonarQube Java :: Front-end 5.4.0-SNAPSHOT
[INFO] ------------------------------------------------------------------------
[INFO] 
[INFO] --- buildnumber-maven-plugin:1.4:create (default) @ java-frontend ---
[INFO] 
[INFO] --- maven-enforcer-plugin:3.0.0-M1:enforce (enforce) @ java-frontend ---
[INFO] 
[INFO] --- license-maven-plugin:3.0:check (enforce-license-headers) @ java-frontend ---
[INFO] Checking licenses...
[INFO] 
[INFO] --- beanshell-maven-plugin:1.4:run (compute-artifact-display-version) @ java-frontend ---
[INFO] Executing Script
[INFO] file class java.lang.Object
[INFO] script class java.lang.String
[INFO] evaluating script if (! "5.4.0-SNAPSHOT".endsWith("-SNAPSHOT")) { [+ 14 omitted line(s)]
[INFO] 
[INFO] --- maven-resources-plugin:3.0.2:resources (default-resources) @ java-frontend ---
[INFO] Using 'UTF-8' encoding to copy filtered resources.
[INFO] skip non existing resourceDirectory /home/travis/build/failed/SonarSource/sonar-java/java-frontend/src/main/resources
[INFO] 
[INFO] --- maven-compiler-plugin:3.7.0:compile (default-compile) @ java-frontend ---
[INFO] Nothing to compile - all classes are up to date
[INFO] 
[INFO] --- maven-dependency-plugin:3.0.2:unpack (unpack-test-projects) @ java-frontend ---
[INFO] Configured Artifact: commons-collections:commons-collections:sources:3.2.1:jar
[INFO] Configured Artifact: commons-collections:commons-collections:3.2.1:jar
[INFO] Configured Artifact: org.apache.struts:struts-core:sources:1.3.9:jar
[INFO] Configured Artifact: org.apache.struts:struts-core:1.3.9:jar
[INFO] commons-collections-3.2.1-sources.jar already unpacked.
[INFO] commons-collections-3.2.1.jar already unpacked.
[INFO] struts-core-1.3.9-sources.jar already unpacked.
[INFO] struts-core-1.3.9.jar already unpacked.
[INFO] 
[INFO] --- maven-resources-plugin:3.0.2:testResources (default-testResources) @ java-frontend ---
[INFO] Using 'UTF-8' encoding to copy filtered resources.
[INFO] Copying 17 resources
[INFO] 
[INFO] --- maven-compiler-plugin:3.7.0:testCompile (default-testCompile) @ java-frontend ---
[INFO] Nothing to compile - all classes are up to date
[INFO] 
[INFO] --- maven-dependency-plugin:3.0.2:copy (copy) @ java-frontend ---
[INFO] Configured Artifact: org.hibernate.javax.persistence:hibernate-jpa-2.0-api:1.0.1.Final:jar
[INFO] Configured Artifact: com.google.code.findbugs:jsr305:1.3.9:jar
[INFO] Configured Artifact: com.google.code.findbugs:annotations:3.0.0:jar
[INFO] Configured Artifact: org.jetbrains:annotations:13.0:jar
[INFO] Configured Artifact: org.projectlombok:lombok:1.16.4:jar
[INFO] Configured Artifact: org.eclipse.jdt:org.eclipse.jdt.annotation:2.1.100:jar
[INFO] Configured Artifact: javax:javaee-api:7.0:jar
[INFO] Configured Artifact: org.apache.commons:commons-lang3:3.5:jar
[INFO] Configured Artifact: commons-lang:commons-lang:2.6:jar
[INFO] Configured Artifact: com.google.guava:guava:20.0:jar
[INFO] Configured Artifact: commons-collections:commons-collections:3.2.1:jar
[INFO] Configured Artifact: org.apache.commons:commons-collections4:4.1:jar
[INFO] Configured Artifact: org.apache.logging.log4j:log4j-core:2.3:jar
[INFO] Configured Artifact: org.springframework:spring-core:4.3.8.RELEASE:jar
[INFO] Configured Artifact: org.junit.jupiter:junit-jupiter-api:5.0.0-M4:jar
[INFO] Configured Artifact: org.aspectj:aspectjtools:1.8.10:jar
[INFO] Configured Artifact: javax:javaee-api:7.0:jar
[INFO] Configured Artifact: javax.servlet:javax.servlet-api:3.1.0:jar
[INFO] Configured Artifact: org.springframework:spring-web:5.0.4.RELEASE:jar
[INFO] Configured Artifact: org.springframework:spring-context:5.0.4.RELEASE:jar
[INFO] org.hibernate.javax.persistence:hibernate-jpa-2.0-api:1.0.1.Final:jar already exists in /home/travis/build/failed/SonarSource/sonar-java/java-frontend/target/test-jars
[INFO] com.google.code.findbugs:jsr305:1.3.9:jar already exists in /home/travis/build/failed/SonarSource/sonar-java/java-frontend/target/test-jars
[INFO] com.google.code.findbugs:annotations:3.0.0:jar already exists in /home/travis/build/failed/SonarSource/sonar-java/java-frontend/target/test-jars
[INFO] org.jetbrains:annotations:13.0:jar already exists in /home/travis/build/failed/SonarSource/sonar-java/java-frontend/target/test-jars
[INFO] org.projectlombok:lombok:1.16.4:jar already exists in /home/travis/build/failed/SonarSource/sonar-java/java-frontend/target/test-jars
[INFO] org.eclipse.jdt:org.eclipse.jdt.annotation:2.1.100:jar already exists in /home/travis/build/failed/SonarSource/sonar-java/java-frontend/target/test-jars
[INFO] javax:javaee-api:7.0:jar already exists in /home/travis/build/failed/SonarSource/sonar-java/java-frontend/target/test-jars
[INFO] org.apache.commons:commons-lang3:3.5:jar already exists in /home/travis/build/failed/SonarSource/sonar-java/java-frontend/target/test-jars
[INFO] commons-lang:commons-lang:2.6:jar already exists in /home/travis/build/failed/SonarSource/sonar-java/java-frontend/target/test-jars
[INFO] com.google.guava:guava:20.0:jar already exists in /home/travis/build/failed/SonarSource/sonar-java/java-frontend/target/test-jars
[INFO] commons-collections:commons-collections:3.2.1:jar already exists in /home/travis/build/failed/SonarSource/sonar-java/java-frontend/target/test-jars
[INFO] org.apache.commons:commons-collections4:4.1:jar already exists in /home/travis/build/failed/SonarSource/sonar-java/java-frontend/target/test-jars
[INFO] org.apache.logging.log4j:log4j-core:2.3:jar already exists in /home/travis/build/failed/SonarSource/sonar-java/java-frontend/target/test-jars
[INFO] org.springframework:spring-core:4.3.8.RELEASE:jar already exists in /home/travis/build/failed/SonarSource/sonar-java/java-frontend/target/test-jars
[INFO] org.junit.jupiter:junit-jupiter-api:5.0.0-M4:jar already exists in /home/travis/build/failed/SonarSource/sonar-java/java-frontend/target/test-jars
[INFO] org.aspectj:aspectjtools:1.8.10:jar already exists in /home/travis/build/failed/SonarSource/sonar-java/java-frontend/target/test-jars
[INFO] javax:javaee-api:7.0:jar already exists in /home/travis/build/failed/SonarSource/sonar-java/java-frontend/target/test-jars
[INFO] javax.servlet:javax.servlet-api:3.1.0:jar already exists in /home/travis/build/failed/SonarSource/sonar-java/java-frontend/target/test-jars
[INFO] org.springframework:spring-web:5.0.4.RELEASE:jar already exists in /home/travis/build/failed/SonarSource/sonar-java/java-frontend/target/test-jars
[INFO] org.springframework:spring-context:5.0.4.RELEASE:jar already exists in /home/travis/build/failed/SonarSource/sonar-java/java-frontend/target/test-jars
[INFO] 
[INFO] --- maven-surefire-plugin:2.20.1:test (default-test) @ java-frontend ---
[INFO] Surefire report directory: /home/travis/build/failed/SonarSource/sonar-java/java-frontend/target/surefire-reports
[INFO] 
[INFO] -------------------------------------------------------
[INFO]  T E S T S
[INFO] -------------------------------------------------------
[INFO] Running org.sonar.java.ast.parser.grammar.statements.WhileStatementTest
[INFO] Tests run: 1, Failures: 0, Errors: 0, Skipped: 0, Time elapsed: 7.498 s - in org.sonar.java.ast.parser.grammar.statements.WhileStatementTest
[INFO] Running org.sonar.java.ast.parser.grammar.types.TypeParametersTest
[INFO] Tests run: 1, Failures: 0, Errors: 0, Skipped: 0, Time elapsed: 0 s - in org.sonar.java.ast.parser.grammar.types.TypeParametersTest
[INFO] Running org.sonar.java.bytecode.loader.SquidClassLoaderTest
[INFO] Tests run: 13, Failures: 0, Errors: 0, Skipped: 0, Time elapsed: 2.754 s - in org.sonar.java.bytecode.loader.SquidClassLoaderTest
[INFO] Running org.sonar.java.ast.parser.grammar.types.TypeParameterTest
[INFO] Tests run: 1, Failures: 0, Errors: 0, Skipped: 0, Time elapsed: 0 s - in org.sonar.java.ast.parser.grammar.types.TypeParameterTest
[INFO] Running org.sonar.java.collections.SinglyLinkedListTest
[INFO] Tests run: 8, Failures: 0, Errors: 0, Skipped: 0, Time elapsed: 0.281 s - in org.sonar.java.collections.SinglyLinkedListTest
[INFO] Running org.sonar.java.resolve.ConstantTest
[INFO] Tests run: 1, Failures: 0, Errors: 0, Skipped: 0, Time elapsed: 3.007 s - in org.sonar.java.resolve.ConstantTest
[INFO] Running org.sonar.java.resolve.JavaTypeTest
[INFO] Tests run: 14, Failures: 0, Errors: 0, Skipped: 0, Time elapsed: 0.258 s - in org.sonar.java.resolve.JavaTypeTest
[INFO] Running org.sonar.java.model.VisitorsBridgeForTestsTest
[INFO] Tests run: 1, Failures: 0, Errors: 0, Skipped: 0, Time elapsed: 3.203 s - in org.sonar.java.model.VisitorsBridgeForTestsTest
[INFO] Running org.sonar.java.se.checks.debug.DebugInterruptedExecutionCheckTest
[INFO] Tests run: 1, Failures: 0, Errors: 0, Skipped: 0, Time elapsed: 8.443 s - in org.sonar.java.se.checks.debug.DebugInterruptedExecutionCheckTest
[INFO] Running org.sonar.java.ast.api.JavaRestrictedKeywordTest
[INFO] Tests run: 1, Failures: 0, Errors: 0, Skipped: 0, Time elapsed: 0 s - in org.sonar.java.ast.api.JavaRestrictedKeywordTest
[INFO] Running org.sonar.java.se.ExplodedGraphTest
[INFO] Tests run: 1, Failures: 0, Errors: 0, Skipped: 0, Time elapsed: 0.121 s - in org.sonar.java.se.ExplodedGraphTest
[INFO] Running org.sonar.java.model.VisitorsBridgeTest
01:22:22.870 WARN  org.sonar.java.model.VisitorsBridge - Classes not found during the analysis : [NotFound00, NotFound01, NotFound02, NotFound03, NotFound04, NotFound05, NotFound06, NotFound07, NotFound08, NotFound09, NotFound10, NotFound11, NotFound12, NotFound13, NotFound14, NotFound15, NotFound16, NotFound17, NotFound18, NotFound19, NotFound20, NotFound21, NotFound22, NotFound23, NotFound24, NotFound25, NotFound26, NotFound27, NotFound28, NotFound29, NotFound30, NotFound31, NotFound32, NotFound33, NotFound34, NotFound35, NotFound36, NotFound37, NotFound38, NotFound39, NotFound40, NotFound41, NotFound42, NotFound43, NotFound44, NotFound45, NotFound46, NotFound47, NotFound48, NotFound49, ...]
01:22:23.046 ERROR org.sonar.java.model.VisitorsBridge - Unable to run check class org.sonar.java.model.VisitorsBridgeTest$$Lambda$124/1079167170 -  on file , To help improve SonarJava, please report this problem to SonarSource : see https://www.sonarqube.org/community/
java.lang.NullPointerException: BimBadaboum
	at org.sonar.java.model.VisitorsBridgeTest.rethrow_exception_when_hidden_property_set_to_true(VisitorsBridgeTest.java:126) ~[test-classes/:na]
	at sun.reflect.NativeMethodAccessorImpl.invoke0(Native Method) ~[na:1.8.0_151]
	at sun.reflect.NativeMethodAccessorImpl.invoke(NativeMethodAccessorImpl.java:62) ~[na:1.8.0_151]
	at sun.reflect.DelegatingMethodAccessorImpl.invoke(DelegatingMethodAccessorImpl.java:43) ~[na:1.8.0_151]
	at java.lang.reflect.Method.invoke(Method.java:498) ~[na:1.8.0_151]
	at org.junit.runners.model.FrameworkMethod$1.runReflectiveCall(FrameworkMethod.java:50) ~[junit-4.12.jar:4.12]
	at org.junit.internal.runners.model.ReflectiveCallable.run(ReflectiveCallable.java:12) ~[junit-4.12.jar:4.12]
	at org.junit.runners.model.FrameworkMethod.invokeExplosively(FrameworkMethod.java:47) ~[junit-4.12.jar:4.12]
	at org.junit.internal.runners.statements.InvokeMethod.evaluate(InvokeMethod.java:17) ~[junit-4.12.jar:4.12]
	at org.junit.rules.ExternalResource$1.evaluate(ExternalResource.java:48) ~[junit-4.12.jar:4.12]
	at org.junit.rules.RunRules.evaluate(RunRules.java:20) ~[junit-4.12.jar:4.12]
	at org.junit.runners.ParentRunner.runLeaf(ParentRunner.java:325) ~[junit-4.12.jar:4.12]
	at org.junit.runners.BlockJUnit4ClassRunner.runChild(BlockJUnit4ClassRunner.java:78) ~[junit-4.12.jar:4.12]
	at org.junit.runners.BlockJUnit4ClassRunner.runChild(BlockJUnit4ClassRunner.java:57) ~[junit-4.12.jar:4.12]
	at org.junit.runners.ParentRunner$3.run(ParentRunner.java:290) ~[junit-4.12.jar:4.12]
	at org.junit.runners.ParentRunner$1.schedule(ParentRunner.java:71) ~[junit-4.12.jar:4.12]
	at org.junit.runners.ParentRunner.runChildren(ParentRunner.java:288) ~[junit-4.12.jar:4.12]
	at org.junit.runners.ParentRunner.access$000(ParentRunner.java:58) ~[junit-4.12.jar:4.12]
	at org.junit.runners.ParentRunner$2.evaluate(ParentRunner.java:268) ~[junit-4.12.jar:4.12]
	at org.junit.runners.ParentRunner.run(ParentRunner.java:363) ~[junit-4.12.jar:4.12]
	at org.apache.maven.surefire.junit4.JUnit4Provider.execute(JUnit4Provider.java:369) ~[surefire-junit4-2.20.1.jar:2.20.1]
	at org.apache.maven.surefire.junit4.JUnit4Provider.executeWithRerun(JUnit4Provider.java:275) ~[surefire-junit4-2.20.1.jar:2.20.1]
	at org.apache.maven.surefire.junit4.JUnit4Provider.executeTestSet(JUnit4Provider.java:239) ~[surefire-junit4-2.20.1.jar:2.20.1]
	at org.apache.maven.surefire.junit4.JUnit4Provider.invoke(JUnit4Provider.java:160) ~[surefire-junit4-2.20.1.jar:2.20.1]
	at org.apache.maven.surefire.booter.ForkedBooter.invokeProviderInSameClassLoader(ForkedBooter.java:373) ~[surefire-booter-2.20.1.jar:2.20.1]
	at org.apache.maven.surefire.booter.ForkedBooter.runSuitesInProcess(ForkedBooter.java:334) ~[surefire-booter-2.20.1.jar:2.20.1]
	at org.apache.maven.surefire.booter.ForkedBooter.execute(ForkedBooter.java:119) ~[surefire-booter-2.20.1.jar:2.20.1]
	at org.apache.maven.surefire.booter.ForkedBooter.main(ForkedBooter.java:407) ~[surefire-booter-2.20.1.jar:2.20.1]
[INFO] Tests run: 3, Failures: 0, Errors: 0, Skipped: 0, Time elapsed: 0.417 s - in org.sonar.java.model.VisitorsBridgeTest
[INFO] Running org.sonar.java.model.declaration.MethodTreeImplTest
[INFO] Tests run: 15, Failures: 0, Errors: 0, Skipped: 0, Time elapsed: 0.525 s - in org.sonar.java.model.declaration.MethodTreeImplTest
[INFO] Running org.sonar.java.ast.parser.grammar.statements.SwitchStatementTest
[INFO] Tests run: 1, Failures: 0, Errors: 0, Skipped: 0, Time elapsed: 0.005 s - in org.sonar.java.ast.parser.grammar.statements.SwitchStatementTest
[INFO] Running org.sonar.java.ast.parser.grammar.statements.VariableDeclaratorTest
[INFO] Tests run: 2, Failures: 0, Errors: 0, Skipped: 0, Time elapsed: 0.216 s - in org.sonar.java.ast.parser.grammar.statements.VariableDeclaratorTest
[INFO] Running org.sonar.java.ast.visitors.AccessorsUtilsTest
[INFO] Tests run: 15, Failures: 0, Errors: 0, Skipped: 0, Time elapsed: 0.528 s - in org.sonar.java.ast.visitors.AccessorsUtilsTest
[INFO] Running org.sonar.java.se.symbolicvalues.RelationalSymbolicValueTest
01:22:25.333 INFO  org.sonar.squidbridge.ProgressReport - 1 source files to be analyzed
01:22:27.020 INFO  org.sonar.squidbridge.ProgressReport - 1/1 source files have been analyzed
01:22:27.219 INFO  org.sonar.squidbridge.ProgressReport - 1 source files to be analyzed
01:22:27.776 INFO  org.sonar.squidbridge.ProgressReport - 1/1 source files have been analyzed
[INFO] Tests run: 24, Failures: 0, Errors: 0, Skipped: 0, Time elapsed: 6.364 s - in org.sonar.java.se.symbolicvalues.RelationalSymbolicValueTest
[INFO] Running org.sonar.java.bytecode.loader.AarLoaderTest
[INFO] Tests run: 6, Failures: 0, Errors: 0, Skipped: 0, Time elapsed: 0.196 s - in org.sonar.java.bytecode.loader.AarLoaderTest
[INFO] Running org.sonar.java.se.ExceptionUtilsTest
[INFO] Tests run: 1, Failures: 0, Errors: 0, Skipped: 0, Time elapsed: 0.131 s - in org.sonar.java.se.ExceptionUtilsTest
[INFO] Running org.sonar.java.bytecode.se.MethodLookupTest
[INFO] Tests run: 2, Failures: 0, Errors: 0, Skipped: 0, Time elapsed: 0.29 s - in org.sonar.java.bytecode.se.MethodLookupTest
[INFO] Running org.sonar.java.bytecode.cfg.InstructionTest
[INFO] Tests run: 5, Failures: 0, Errors: 0, Skipped: 0, Time elapsed: 0.158 s - in org.sonar.java.bytecode.cfg.InstructionTest
[INFO] Running org.sonar.java.resolve.TypeSubstitutionSolverTest
[INFO] Tests run: 19, Failures: 0, Errors: 0, Skipped: 0, Time elapsed: 1.869 s - in org.sonar.java.resolve.TypeSubstitutionSolverTest
[INFO] Running org.sonar.java.se.checks.OptionalGetBeforeIsPresentCheckTest
01:22:33.577 INFO  org.sonar.squidbridge.ProgressReport - 1 source files to be analyzed
01:22:34.737 INFO  org.sonar.squidbridge.ProgressReport - 1/1 source files have been analyzed
01:22:34.745 INFO  org.sonar.squidbridge.ProgressReport - 1 source files to be analyzed
01:22:35.735 INFO  org.sonar.squidbridge.ProgressReport - 1/1 source files have been analyzed
[INFO] Tests run: 2, Failures: 0, Errors: 0, Skipped: 0, Time elapsed: 2.166 s - in org.sonar.java.se.checks.OptionalGetBeforeIsPresentCheckTest
[INFO] Running org.sonar.java.model.ExpressionUtilsTest
[INFO] Tests run: 6, Failures: 0, Errors: 0, Skipped: 0, Time elapsed: 0.618 s - in org.sonar.java.model.ExpressionUtilsTest
[INFO] Running org.sonar.java.se.xproc.ExceptionalCheckBasedYieldTest
[INFO] Tests run: 5, Failures: 0, Errors: 0, Skipped: 0, Time elapsed: 0.317 s - in org.sonar.java.se.xproc.ExceptionalCheckBasedYieldTest
[INFO] Running org.sonar.java.se.ProgramPointTest
[INFO] Tests run: 2, Failures: 0, Errors: 0, Skipped: 0, Time elapsed: 0.184 s - in org.sonar.java.se.ProgramPointTest
[INFO] Running org.sonar.java.ast.parser.grammar.parameters.FormalParameterTest
[INFO] Tests run: 1, Failures: 0, Errors: 0, Skipped: 0, Time elapsed: 0.002 s - in org.sonar.java.ast.parser.grammar.parameters.FormalParameterTest
[INFO] Running org.sonar.java.ast.parser.grammar.statements.ResourceTest
[INFO] Tests run: 2, Failures: 0, Errors: 0, Skipped: 0, Time elapsed: 0.005 s - in org.sonar.java.ast.parser.grammar.statements.ResourceTest
[INFO] Running org.sonar.java.ast.parser.grammar.moduledirectives.ProvidesDirectiveTest
[INFO] Tests run: 1, Failures: 0, Errors: 0, Skipped: 0, Time elapsed: 0.28 s - in org.sonar.java.ast.parser.grammar.moduledirectives.ProvidesDirectiveTest
[INFO] Running org.sonar.java.xml.XPathXmlCheckTest
[INFO] Tests run: 4, Failures: 0, Errors: 0, Skipped: 0, Time elapsed: 0.591 s - in org.sonar.java.xml.XPathXmlCheckTest
[INFO] Running org.sonar.java.ast.parser.grammar.statements.FinallyTest
[INFO] Tests run: 1, Failures: 0, Errors: 0, Skipped: 0, Time elapsed: 0.001 s - in org.sonar.java.ast.parser.grammar.statements.FinallyTest
[INFO] Running org.sonar.java.model.DefaultJavaFileScannerContextTest
[INFO] Tests run: 5, Failures: 0, Errors: 0, Skipped: 0, Time elapsed: 0.294 s - in org.sonar.java.model.DefaultJavaFileScannerContextTest
[INFO] Running org.sonar.java.se.constraint.ConstraintsByDomainTest
[INFO] Tests run: 9, Failures: 0, Errors: 0, Skipped: 0, Time elapsed: 0.173 s - in org.sonar.java.se.constraint.ConstraintsByDomainTest
[INFO] Running org.sonar.java.model.LiteralUtilsTest
[INFO] Tests run: 13, Failures: 0, Errors: 0, Skipped: 0, Time elapsed: 0.163 s - in org.sonar.java.model.LiteralUtilsTest
[INFO] Running org.sonar.java.ast.visitors.SonarSymbolTableVisitorTest
01:22:39.001 INFO  org.sonar.squidbridge.ProgressReport - 1 source files to be analyzed
01:22:39.163 INFO  org.sonar.squidbridge.ProgressReport - 1/1 source files have been analyzed
[INFO] Tests run: 1, Failures: 0, Errors: 0, Skipped: 0, Time elapsed: 0.629 s - in org.sonar.java.ast.visitors.SonarSymbolTableVisitorTest
[INFO] Running org.sonar.java.ast.parser.grammar.statements.LocalVariableDeclarationStatementTest
[INFO] Tests run: 1, Failures: 0, Errors: 0, Skipped: 0, Time elapsed: 0.003 s - in org.sonar.java.ast.parser.grammar.statements.LocalVariableDeclarationStatementTest
[INFO] Running org.sonar.java.ast.parser.grammar.statements.IfStatementTest
[INFO] Tests run: 1, Failures: 0, Errors: 0, Skipped: 0, Time elapsed: 0.003 s - in org.sonar.java.ast.parser.grammar.statements.IfStatementTest
[INFO] Running org.sonar.plugins.java.api.LocationTest
[INFO] Tests run: 3, Failures: 0, Errors: 0, Skipped: 0, Time elapsed: 0.013 s - in org.sonar.plugins.java.api.LocationTest
[INFO] Running org.sonar.java.ast.parser.grammar.statements.BlockStatementTest
[INFO] Tests run: 1, Failures: 0, Errors: 0, Skipped: 0, Time elapsed: 0.002 s - in org.sonar.java.ast.parser.grammar.statements.BlockStatementTest
[INFO] Running org.sonar.java.model.KindMapsTest
[INFO] Tests run: 6, Failures: 0, Errors: 0, Skipped: 0, Time elapsed: 0.001 s - in org.sonar.java.model.KindMapsTest
[INFO] Running org.sonar.java.bytecode.se.BytecodeEGWalkerTest
[INFO] Tests run: 18, Failures: 0, Errors: 0, Skipped: 0, Time elapsed: 1.963 s - in org.sonar.java.bytecode.se.BytecodeEGWalkerTest
[INFO] Running org.sonar.java.resolve.MethodJavaTypeTest
[INFO] Tests run: 4, Failures: 0, Errors: 0, Skipped: 0, Time elapsed: 0.001 s - in org.sonar.java.resolve.MethodJavaTypeTest
[INFO] Running org.sonar.java.JavaTestClasspathTest
01:22:41.203 INFO  org.sonar.java.JavaTestClasspath - JavaTestClasspath initialization
01:22:41.206 WARN  org.sonar.java.JavaTestClasspath - Bytecode of dependencies was not provided for analysis of test files, you might end up with less precise results. Bytecode can be provided using sonar.java.test.libraries property
01:22:41.207 INFO  org.sonar.java.JavaTestClasspath - JavaTestClasspath initialization (done) | time=3ms
01:22:41.207 INFO  org.sonar.java.JavaTestClasspath - JavaTestClasspath initialization
01:22:41.596 INFO  org.sonar.java.JavaTestClasspath - JavaTestClasspath initialization (done) | time=389ms
01:22:41.597 INFO  org.sonar.java.JavaTestClasspath - JavaTestClasspath initialization
01:22:41.599 ERROR org.sonar.java.AbstractJavaClasspath - Invalid value for sonar.java.test.libraries
01:22:41.599 INFO  org.sonar.java.JavaTestClasspath - JavaTestClasspath initialization
01:22:41.599 INFO  org.sonar.java.JavaTestClasspath - JavaTestClasspath initialization (done) | time=0ms
[INFO] Tests run: 5, Failures: 0, Errors: 0, Skipped: 0, Time elapsed: 0.43 s - in org.sonar.java.JavaTestClasspathTest
[INFO] Running org.sonar.java.ast.parser.grammar.types.ModifiersTest
[INFO] Tests run: 1, Failures: 0, Errors: 0, Skipped: 0, Time elapsed: 0.001 s - in org.sonar.java.ast.parser.grammar.types.ModifiersTest
[INFO] Running org.sonar.java.ast.parser.JavaParserTest
[INFO] Tests run: 2, Failures: 0, Errors: 0, Skipped: 0, Time elapsed: 0.006 s - in org.sonar.java.ast.parser.JavaParserTest
[INFO] Running org.sonar.java.resolve.ScopeTest
[INFO] Tests run: 5, Failures: 0, Errors: 0, Skipped: 0, Time elapsed: 0.066 s - in org.sonar.java.resolve.ScopeTest
[INFO] Running org.sonar.java.xml.XmlCheckUtilsTest
[INFO] Tests run: 5, Failures: 0, Errors: 0, Skipped: 0, Time elapsed: 0.462 s - in org.sonar.java.xml.XmlCheckUtilsTest
[INFO] Running org.sonar.java.resolve.TypeSubstitutionTest
[INFO] Tests run: 10, Failures: 0, Errors: 0, Skipped: 0, Time elapsed: 0 s - in org.sonar.java.resolve.TypeSubstitutionTest
[INFO] Running org.sonar.java.ast.parser.grammar.statements.DoStatementTest
[INFO] Tests run: 1, Failures: 0, Errors: 0, Skipped: 0, Time elapsed: 0.002 s - in org.sonar.java.ast.parser.grammar.statements.DoStatementTest
[INFO] Running org.sonar.java.ast.parser.grammar.literals.StringLiteralTest
[INFO] Tests run: 2, Failures: 0, Errors: 0, Skipped: 0, Time elapsed: 0.004 s - in org.sonar.java.ast.parser.grammar.literals.StringLiteralTest
[INFO] Running org.sonar.java.se.CheckerDispatcherTest
[INFO] Tests run: 1, Failures: 0, Errors: 0, Skipped: 0, Time elapsed: 0.22 s - in org.sonar.java.se.CheckerDispatcherTest
[INFO] Running org.sonar.java.ast.api.JavaKeywordTest
[INFO] Tests run: 1, Failures: 0, Errors: 0, Skipped: 0, Time elapsed: 0 s - in org.sonar.java.ast.api.JavaKeywordTest
[INFO] Running org.sonar.java.se.constraint.TypedConstraintTest
[INFO] Tests run: 1, Failures: 0, Errors: 0, Skipped: 0, Time elapsed: 0 s - in org.sonar.java.se.constraint.TypedConstraintTest
[INFO] Running org.sonar.java.se.SymbolicValueFactoryTest
[INFO] Tests run: 1, Failures: 0, Errors: 0, Skipped: 0, Time elapsed: 0.27 s - in org.sonar.java.se.SymbolicValueFactoryTest
[INFO] Running org.sonar.java.se.BehaviorCacheTest
[INFO] Tests run: 16, Failures: 0, Errors: 0, Skipped: 0, Time elapsed: 5.691 s - in org.sonar.java.se.BehaviorCacheTest
[INFO] Running org.sonar.plugins.java.api.IssuableSubscriptionVisitorTest
01:22:48.552 INFO  org.sonar.squidbridge.ProgressReport - 1 source files to be analyzed
[INFO] Tests run: 1, Failures: 0, Errors: 0, Skipped: 0, Time elapsed: 0.344 s - in org.sonar.plugins.java.api.IssuableSubscriptionVisitorTest
01:22:48.695 INFO  org.sonar.squidbridge.ProgressReport - 1/1 source files have been analyzed
[INFO] Running org.sonar.java.matcher.MethodMatcherFactoryTest
01:22:48.851 INFO  org.sonar.squidbridge.ProgressReport - 1 source files to be analyzed
01:22:49.036 INFO  org.sonar.squidbridge.ProgressReport - 1/1 source files have been analyzed
01:22:49.039 INFO  org.sonar.squidbridge.ProgressReport - 1 source files to be analyzed
01:22:49.047 INFO  org.sonar.squidbridge.ProgressReport - 1/1 source files have been analyzed
01:22:49.051 INFO  org.sonar.squidbridge.ProgressReport - 1 source files to be analyzed
[INFO] Tests run: 4, Failures: 0, Errors: 0, Skipped: 0, Time elapsed: 0.362 s - in org.sonar.java.matcher.MethodMatcherFactoryTest
[INFO] Running org.sonar.java.AnalyzerMessageTest
01:22:49.059 INFO  org.sonar.squidbridge.ProgressReport - 1/1 source files have been analyzed
[INFO] Tests run: 9, Failures: 0, Errors: 0, Skipped: 0, Time elapsed: 0.008 s - in org.sonar.java.AnalyzerMessageTest
[INFO] Running org.sonar.java.se.checks.ConditionAlwaysTrueOrFalseCheckTest
01:22:49.387 INFO  org.sonar.squidbridge.ProgressReport - 1 source files to be analyzed
01:22:49.559 INFO  org.sonar.squidbridge.ProgressReport - 1/1 source files have been analyzed
01:22:49.562 INFO  org.sonar.squidbridge.ProgressReport - 1 source files to be analyzed
01:22:49.796 INFO  org.sonar.squidbridge.ProgressReport - 1/1 source files have been analyzed
01:22:49.801 INFO  org.sonar.squidbridge.ProgressReport - 1 source files to be analyzed
01:22:49.907 INFO  org.sonar.squidbridge.ProgressReport - 1/1 source files have been analyzed
01:22:49.911 INFO  org.sonar.squidbridge.ProgressReport - 1 source files to be analyzed
01:22:50.054 INFO  org.sonar.squidbridge.ProgressReport - 1/1 source files have been analyzed
01:22:50.061 INFO  org.sonar.squidbridge.ProgressReport - 1 source files to be analyzed
01:22:50.545 INFO  org.sonar.squidbridge.ProgressReport - 1/1 source files have been analyzed
01:22:50.629 INFO  org.sonar.squidbridge.ProgressReport - 1 source files to be analyzed
01:22:50.785 INFO  org.sonar.squidbridge.ProgressReport - 1/1 source files have been analyzed
01:22:50.790 INFO  org.sonar.squidbridge.ProgressReport - 1 source files to be analyzed
01:22:52.541 INFO  org.sonar.squidbridge.ProgressReport - 1/1 source files have been analyzed
01:22:52.549 INFO  org.sonar.squidbridge.ProgressReport - 1 source files to be analyzed
01:22:52.725 INFO  org.sonar.squidbridge.ProgressReport - 1/1 source files have been analyzed
01:22:52.730 INFO  org.sonar.squidbridge.ProgressReport - 1 source files to be analyzed
01:22:52.919 INFO  org.sonar.squidbridge.ProgressReport - 1/1 source files have been analyzed
01:22:52.924 INFO  org.sonar.squidbridge.ProgressReport - 1 source files to be analyzed
[INFO] Tests run: 10, Failures: 0, Errors: 0, Skipped: 0, Time elapsed: 4.03 s - in org.sonar.java.se.checks.ConditionAlwaysTrueOrFalseCheckTest
[INFO] Running org.sonar.java.bytecode.se.BytecodeEGWalkerExecuteTest
01:22:53.102 INFO  org.sonar.squidbridge.ProgressReport - 1/1 source files have been analyzed
[INFO] Tests run: 73, Failures: 0, Errors: 0, Skipped: 0, Time elapsed: 2.037 s - in org.sonar.java.bytecode.se.BytecodeEGWalkerExecuteTest
[INFO] Running org.sonar.java.resolve.ConvertTest
[INFO] Tests run: 8, Failures: 0, Errors: 0, Skipped: 0, Time elapsed: 0 s - in org.sonar.java.resolve.ConvertTest
[INFO] Running org.sonar.java.model.declaration.RequiresDirectiveTreeImplTest
[INFO] Tests run: 4, Failures: 0, Errors: 0, Skipped: 0, Time elapsed: 0.463 s - in org.sonar.java.model.declaration.RequiresDirectiveTreeImplTest
[INFO] Running org.sonar.java.se.ExpectationsParserTest
[INFO] Tests run: 19, Failures: 0, Errors: 0, Skipped: 0, Time elapsed: 0.007 s - in org.sonar.java.se.ExpectationsParserTest
[INFO] Running org.sonar.java.model.JavaVersionImplTest
01:22:55.620 WARN  org.sonar.java.model.JavaVersionImpl - Invalid java version (got "jdk1.6"). The version will be ignored. Accepted formats are "1.X", or simply "X" (for instance: "1.5" or "5", "1.6" or "6", "1.7" or "7", etc.)
[INFO] Tests run: 7, Failures: 0, Errors: 0, Skipped: 0, Time elapsed: 0 s - in org.sonar.java.model.JavaVersionImplTest
[INFO] Running org.sonar.java.se.ProgramStateTest
[INFO] Tests run: 14, Failures: 0, Errors: 0, Skipped: 0, Time elapsed: 0.047 s - in org.sonar.java.se.ProgramStateTest
[INFO] Running org.sonar.java.ast.parser.grammar.statements.BlockTest
[INFO] Tests run: 1, Failures: 0, Errors: 0, Skipped: 0, Time elapsed: 0 s - in org.sonar.java.ast.parser.grammar.statements.BlockTest
[INFO] Running org.sonar.java.model.ModifiersUtilsTest
[INFO] Tests run: 3, Failures: 0, Errors: 0, Skipped: 0, Time elapsed: 0.138 s - in org.sonar.java.model.ModifiersUtilsTest
[INFO] Running org.sonar.java.ast.parser.grammar.statements.ThrowStatementTest
[INFO] Tests run: 1, Failures: 0, Errors: 0, Skipped: 0, Time elapsed: 0.001 s - in org.sonar.java.ast.parser.grammar.statements.ThrowStatementTest
[INFO] Running org.sonar.java.DefaultJavaResourceLocatorTest
01:22:56.032 INFO  org.sonar.squidbridge.ProgressReport - 1 source files to be analyzed
01:22:56.195 INFO  org.sonar.squidbridge.ProgressReport - 1/1 source files have been analyzed
[INFO] Tests run: 5, Failures: 0, Errors: 0, Skipped: 0, Time elapsed: 0.389 s - in org.sonar.java.DefaultJavaResourceLocatorTest
[INFO] Running org.sonar.java.model.declaration.ProvidesDirectiveTreeImplTest
[INFO] Tests run: 2, Failures: 0, Errors: 0, Skipped: 0, Time elapsed: 0.376 s - in org.sonar.java.model.declaration.ProvidesDirectiveTreeImplTest
[INFO] Running org.sonar.java.model.TreeTokenCompletenessTest
01:22:56.698 INFO  org.sonar.squidbridge.ProgressReport - 1 source files to be analyzed
01:22:56.747 INFO  org.sonar.squidbridge.ProgressReport - 1/1 source files have been analyzed
[INFO] Tests run: 1, Failures: 0, Errors: 0, Skipped: 0, Time elapsed: 0.165 s - in org.sonar.java.model.TreeTokenCompletenessTest
[INFO] Running org.sonar.java.se.checks.CustomUnclosedResourcesCheckTest
01:22:56.979 INFO  org.sonar.squidbridge.ProgressReport - 1 source files to be analyzed
01:22:57.204 INFO  org.sonar.squidbridge.ProgressReport - 1/1 source files have been analyzed
01:22:57.237 INFO  org.sonar.squidbridge.ProgressReport - 1 source files to be analyzed
01:22:57.351 INFO  org.sonar.squidbridge.ProgressReport - 1/1 source files have been analyzed
01:22:57.359 INFO  org.sonar.squidbridge.ProgressReport - 1 source files to be analyzed
01:22:57.486 INFO  org.sonar.squidbridge.ProgressReport - 1/1 source files have been analyzed
01:22:57.519 INFO  org.sonar.squidbridge.ProgressReport - 1 source files to be analyzed
01:22:57.601 INFO  org.sonar.squidbridge.ProgressReport - 1/1 source files have been analyzed
01:22:57.614 INFO  org.sonar.squidbridge.ProgressReport - 1 source files to be analyzed
01:22:57.706 INFO  org.sonar.squidbridge.ProgressReport - 1 source files to be analyzed
01:22:57.701 INFO  org.sonar.squidbridge.ProgressReport - 1/1 source files have been analyzed
01:22:57.892 INFO  org.sonar.squidbridge.ProgressReport - 1/1 source files have been analyzed
01:22:57.899 INFO  org.sonar.squidbridge.ProgressReport - 1 source files to be analyzed
[INFO] Tests run: 7, Failures: 0, Errors: 0, Skipped: 0, Time elapsed: 1.168 s - in org.sonar.java.se.checks.CustomUnclosedResourcesCheckTest
01:22:57.918 INFO  org.sonar.squidbridge.ProgressReport - 1/1 source files have been analyzed
[INFO] Running org.sonar.java.se.checks.NonNullSetToNullCheckTest
01:22:57.924 INFO  org.sonar.squidbridge.ProgressReport - 1 source files to be analyzed
01:22:58.301 INFO  org.sonar.squidbridge.ProgressReport - 1/1 source files have been analyzed
[INFO] Tests run: 1, Failures: 0, Errors: 0, Skipped: 0, Time elapsed: 0.38 s - in org.sonar.java.se.checks.NonNullSetToNullCheckTest
[INFO] Running org.sonar.java.se.checks.NullDereferenceCheckTest
01:22:58.308 INFO  org.sonar.squidbridge.ProgressReport - 1 source files to be analyzed
01:22:58.451 INFO  org.sonar.squidbridge.ProgressReport - 1/1 source files have been analyzed
01:22:58.455 INFO  org.sonar.squidbridge.ProgressReport - 1 source files to be analyzed
01:22:58.552 INFO  org.sonar.squidbridge.ProgressReport - 1/1 source files have been analyzed
01:22:58.559 INFO  org.sonar.squidbridge.ProgressReport - 1 source files to be analyzed
01:22:58.747 INFO  org.sonar.squidbridge.ProgressReport - 1/1 source files have been analyzed
01:22:58.752 INFO  org.sonar.squidbridge.ProgressReport - 1 source files to be analyzed
01:22:58.936 INFO  org.sonar.squidbridge.ProgressReport - 1/1 source files have been analyzed
01:22:58.941 INFO  org.sonar.squidbridge.ProgressReport - 1 source files to be analyzed
01:22:59.434 INFO  org.sonar.squidbridge.ProgressReport - 1/1 source files have been analyzed
01:22:59.439 INFO  org.sonar.squidbridge.ProgressReport - 1 source files to be analyzed
01:22:59.619 INFO  org.sonar.squidbridge.ProgressReport - 1/1 source files have been analyzed
01:22:59.624 INFO  org.sonar.squidbridge.ProgressReport - 1 source files to be analyzed
01:22:59.786 INFO  org.sonar.squidbridge.ProgressReport - 1/1 source files have been analyzed
01:22:59.788 INFO  org.sonar.squidbridge.ProgressReport - 1 source files to be analyzed
01:22:59.894 INFO  org.sonar.squidbridge.ProgressReport - 1/1 source files have been analyzed
01:22:59.899 INFO  org.sonar.squidbridge.ProgressReport - 1 source files to be analyzed
01:23:00.053 INFO  org.sonar.squidbridge.ProgressReport - 1/1 source files have been analyzed
[INFO] Tests run: 9, Failures: 0, Errors: 0, Skipped: 0, Time elapsed: 1.749 s - in org.sonar.java.se.checks.NullDereferenceCheckTest
[INFO] Running org.sonar.java.se.FlowTest
[INFO] Tests run: 2, Failures: 0, Errors: 0, Skipped: 0, Time elapsed: 0 s - in org.sonar.java.se.FlowTest
[INFO] Running org.sonar.java.ast.parser.grammar.moduledirectives.ExportsDirectiveTest
[INFO] Tests run: 1, Failures: 0, Errors: 0, Skipped: 0, Time elapsed: 0.002 s - in org.sonar.java.ast.parser.grammar.moduledirectives.ExportsDirectiveTest
[INFO] Running org.sonar.java.ast.parser.grammar.statements.LabeledStatementTest
[INFO] Tests run: 1, Failures: 0, Errors: 0, Skipped: 0, Time elapsed: 0.002 s - in org.sonar.java.ast.parser.grammar.statements.LabeledStatementTest
[INFO] Running org.sonar.java.se.constraint.ConstraintTest
[INFO] Tests run: 2, Failures: 0, Errors: 0, Skipped: 0, Time elapsed: 0.084 s - in org.sonar.java.se.constraint.ConstraintTest
[INFO] Running org.sonar.java.ast.parser.grammar.statements.VariableDeclaratorsTest
[INFO] Tests run: 1, Failures: 0, Errors: 0, Skipped: 0, Time elapsed: 0.001 s - in org.sonar.java.ast.parser.grammar.statements.VariableDeclaratorsTest
[INFO] Running org.sonar.java.ast.parser.grammar.types.TypeArgumentsTest
[INFO] Tests run: 1, Failures: 0, Errors: 0, Skipped: 0, Time elapsed: 0.002 s - in org.sonar.java.ast.parser.grammar.types.TypeArgumentsTest
[INFO] Running org.sonar.java.ast.parser.grammar.types.TypeArgumentTest
[INFO] Tests run: 1, Failures: 0, Errors: 0, Skipped: 0, Time elapsed: 0.003 s - in org.sonar.java.ast.parser.grammar.types.TypeArgumentTest
[INFO] Running org.sonar.java.resolve.SymbolsTest
[INFO] Tests run: 4, Failures: 0, Errors: 0, Skipped: 0, Time elapsed: 0.003 s - in org.sonar.java.resolve.SymbolsTest
[INFO] Running org.sonar.java.model.declaration.ModuleDeclarationTreeImplTest
[INFO] Tests run: 3, Failures: 0, Errors: 0, Skipped: 0, Time elapsed: 0.072 s - in org.sonar.java.model.declaration.ModuleDeclarationTreeImplTest
[INFO] Running org.sonar.java.JavaFilesCacheTest
01:23:00.245 INFO  org.sonar.squidbridge.ProgressReport - 1 source files to be analyzed
[INFO] Tests run: 1, Failures: 0, Errors: 0, Skipped: 0, Time elapsed: 0.054 s - in org.sonar.java.JavaFilesCacheTest
[INFO] Running org.sonar.java.resolve.SymbolTableTest
01:23:00.298 INFO  org.sonar.squidbridge.ProgressReport - 1/1 source files have been analyzed
[INFO] Tests run: 71, Failures: 0, Errors: 0, Skipped: 0, Time elapsed: 6.69 s - in org.sonar.java.resolve.SymbolTableTest
[INFO] Running org.sonar.java.ast.parser.grammar.classes.MemberDeclTest
[INFO] Tests run: 1, Failures: 0, Errors: 0, Skipped: 0, Time elapsed: 0.001 s - in org.sonar.java.ast.parser.grammar.classes.MemberDeclTest
[INFO] Running org.sonar.java.ast.parser.grammar.literals.IdentifierTest
[INFO] Tests run: 1, Failures: 0, Errors: 0, Skipped: 0, Time elapsed: 0 s - in org.sonar.java.ast.parser.grammar.literals.IdentifierTest
[INFO] Running org.sonar.java.se.checks.RedundantAssignmentsCheckTest
01:23:07.005 INFO  org.sonar.squidbridge.ProgressReport - 1 source files to be analyzed
01:23:07.101 INFO  org.sonar.squidbridge.ProgressReport - 1/1 source files have been analyzed
[INFO] Tests run: 1, Failures: 0, Errors: 0, Skipped: 0, Time elapsed: 0.096 s - in org.sonar.java.se.checks.RedundantAssignmentsCheckTest
[INFO] Running org.sonar.java.se.checks.debug.DebugMethodYieldsOnInvocationsCheckTest
01:23:07.108 INFO  org.sonar.squidbridge.ProgressReport - 1 source files to be analyzed
01:23:07.201 INFO  org.sonar.squidbridge.ProgressReport - 1/1 source files have been analyzed
01:23:07.209 INFO  org.sonar.squidbridge.ProgressReport - 1 source files to be analyzed
[INFO] Tests run: 2, Failures: 0, Errors: 0, Skipped: 0, Time elapsed: 0.226 s - in org.sonar.java.se.checks.debug.DebugMethodYieldsOnInvocationsCheckTest
[INFO] Running org.sonar.java.resolve.Java10SemanticTest
01:23:07.329 INFO  org.sonar.squidbridge.ProgressReport - 1/1 source files have been analyzed
[INFO] Tests run: 14, Failures: 0, Errors: 0, Skipped: 0, Time elapsed: 0.36 s - in org.sonar.java.resolve.Java10SemanticTest
[INFO] Running org.sonar.java.se.checks.debug.DebugMethodYieldsCheckTest
01:23:07.697 INFO  org.sonar.squidbridge.ProgressReport - 1 source files to be analyzed
01:23:07.776 INFO  org.sonar.squidbridge.ProgressReport - 1/1 source files have been analyzed
01:23:07.780 INFO  org.sonar.squidbridge.ProgressReport - 1 source files to be analyzed
[INFO] Tests run: 2, Failures: 0, Errors: 0, Skipped: 0, Time elapsed: 0.155 s - in org.sonar.java.se.checks.debug.DebugMethodYieldsCheckTest
[INFO] Running org.sonar.java.se.checks.StreamConsumedCheckTest
01:23:07.848 INFO  org.sonar.squidbridge.ProgressReport - 1/1 source files have been analyzed
01:23:07.852 INFO  org.sonar.squidbridge.ProgressReport - 1 source files to be analyzed
01:23:08.048 INFO  org.sonar.squidbridge.ProgressReport - 1/1 source files have been analyzed
[INFO] Tests run: 1, Failures: 0, Errors: 0, Skipped: 0, Time elapsed: 0.199 s - in org.sonar.java.se.checks.StreamConsumedCheckTest
[INFO] Running org.sonar.java.ast.parser.grammar.types.BoundTest
[INFO] Tests run: 1, Failures: 0, Errors: 0, Skipped: 0, Time elapsed: 0.002 s - in org.sonar.java.ast.parser.grammar.types.BoundTest
[INFO] Running org.sonar.java.ast.parser.grammar.parameters.VariableDeclaratorIdTest
[INFO] Tests run: 1, Failures: 0, Errors: 0, Skipped: 0, Time elapsed: 0.003 s - in org.sonar.java.ast.parser.grammar.parameters.VariableDeclaratorIdTest
[INFO] Running org.sonar.java.ast.parser.grammar.parameters.FormalParametersTest
[INFO] Tests run: 1, Failures: 0, Errors: 0, Skipped: 0, Time elapsed: 0.002 s - in org.sonar.java.ast.parser.grammar.parameters.FormalParametersTest
[INFO] Running org.sonar.java.ast.parser.grammar.literals.IntegerLiteralTest
[INFO] Tests run: 2, Failures: 0, Errors: 0, Skipped: 0, Time elapsed: 0.032 s - in org.sonar.java.ast.parser.grammar.literals.IntegerLiteralTest
[INFO] Running org.sonar.plugins.java.api.tree.TreeTest
[INFO] Tests run: 1, Failures: 0, Errors: 0, Skipped: 0, Time elapsed: 0 s - in org.sonar.plugins.java.api.tree.TreeTest
[INFO] Running org.sonar.java.SonarComponentsTest
[INFO] Tests run: 14, Failures: 0, Errors: 0, Skipped: 0, Time elapsed: 1.477 s - in org.sonar.java.SonarComponentsTest
[INFO] Running org.sonar.java.model.JavaTreeModelTest
[INFO] Tests run: 77, Failures: 0, Errors: 0, Skipped: 0, Time elapsed: 0.237 s - in org.sonar.java.model.JavaTreeModelTest
[INFO] Running org.sonar.java.resolve.JavaSymbolTest
[INFO] Tests run: 11, Failures: 0, Errors: 0, Skipped: 0, Time elapsed: 0.063 s - in org.sonar.java.resolve.JavaSymbolTest
[INFO] Running org.sonar.java.xml.XmlParserTest
01:23:10.064 ERROR org.sonar.java.xml.XmlParser - Unable to parse xml file: src/test/files/xml/parsing-issue.xml
01:23:10.124 DEBUG org.sonar.java.xml.XmlParser - XML file parsing failed because of : org.xml.sax.SAXParseException; systemId: file:/home/travis/build/failed/SonarSource/sonar-java/java-frontend/src/test/files/xml/parsing-issue.xml; lineNumber: 2; columnNumber: 1; XML document structures must start and end within the same entity.
	at com.sun.org.apache.xerces.internal.util.ErrorHandlerWrapper.createSAXParseException(ErrorHandlerWrapper.java:203)
	at com.sun.org.apache.xerces.internal.util.ErrorHandlerWrapper.fatalError(ErrorHandlerWrapper.java:177)
	at com.sun.org.apache.xerces.internal.impl.XMLErrorReporter.reportError(XMLErrorReporter.java:400)
	at com.sun.org.apache.xerces.internal.impl.XMLErrorReporter.reportError(XMLErrorReporter.java:327)
	at com.sun.org.apache.xerces.internal.impl.XMLScanner.reportFatalError(XMLScanner.java:1472)
	at com.sun.org.apache.xerces.internal.impl.XMLDocumentFragmentScannerImpl.endEntity(XMLDocumentFragmentScannerImpl.java:899)
	at com.sun.org.apache.xerces.internal.impl.XMLDocumentScannerImpl.endEntity(XMLDocumentScannerImpl.java:559)
	at com.sun.org.apache.xerces.internal.impl.XMLEntityManager.endEntity(XMLEntityManager.java:1398)
	at com.sun.org.apache.xerces.internal.impl.XMLEntityScanner.load(XMLEntityScanner.java:1916)
	at com.sun.org.apache.xerces.internal.impl.XMLEntityScanner.skipChar(XMLEntityScanner.java:1551)
	at com.sun.org.apache.xerces.internal.impl.XMLDocumentFragmentScannerImpl$FragmentContentDriver.next(XMLDocumentFragmentScannerImpl.java:2821)
	at com.sun.org.apache.xerces.internal.impl.XMLDocumentScannerImpl.next(XMLDocumentScannerImpl.java:602)
	at com.sun.org.apache.xerces.internal.impl.XMLDocumentFragmentScannerImpl.scanDocument(XMLDocumentFragmentScannerImpl.java:505)
	at com.sun.org.apache.xerces.internal.parsers.XML11Configuration.parse(XML11Configuration.java:841)
	at com.sun.org.apache.xerces.internal.parsers.XML11Configuration.parse(XML11Configuration.java:770)
	at com.sun.org.apache.xerces.internal.parsers.XMLParser.parse(XMLParser.java:141)
	at com.sun.org.apache.xerces.internal.parsers.AbstractSAXParser.parse(AbstractSAXParser.java:1213)
	at com.sun.org.apache.xerces.internal.jaxp.SAXParserImpl$JAXPSAXParser.parse(SAXParserImpl.java:643)
	at com.sun.org.apache.xerces.internal.jaxp.SAXParserImpl.parse(SAXParserImpl.java:327)
	at javax.xml.parsers.SAXParser.parse(SAXParser.java:328)
	at org.sonar.java.xml.XmlParser.parseXML(XmlParser.java:64)
	at org.sonar.java.xml.XmlParserTest.should_return_null_when_encountering_parsing_issue(XmlParserTest.java:69)
	at sun.reflect.NativeMethodAccessorImpl.invoke0(Native Method)
	at sun.reflect.NativeMethodAccessorImpl.invoke(NativeMethodAccessorImpl.java:62)
	at sun.reflect.DelegatingMethodAccessorImpl.invoke(DelegatingMethodAccessorImpl.java:43)
	at java.lang.reflect.Method.invoke(Method.java:498)
	at org.junit.runners.model.FrameworkMethod$1.runReflectiveCall(FrameworkMethod.java:50)
	at org.junit.internal.runners.model.ReflectiveCallable.run(ReflectiveCallable.java:12)
	at org.junit.runners.model.FrameworkMethod.invokeExplosively(FrameworkMethod.java:47)
	at org.junit.internal.runners.statements.InvokeMethod.evaluate(InvokeMethod.java:17)
	at org.junit.internal.runners.statements.RunBefores.evaluate(RunBefores.java:26)
	at org.junit.rules.ExternalResource$1.evaluate(ExternalResource.java:48)
	at org.junit.rules.RunRules.evaluate(RunRules.java:20)
	at org.junit.runners.ParentRunner.runLeaf(ParentRunner.java:325)
	at org.junit.runners.BlockJUnit4ClassRunner.runChild(BlockJUnit4ClassRunner.java:78)
	at org.junit.runners.BlockJUnit4ClassRunner.runChild(BlockJUnit4ClassRunner.java:57)
	at org.junit.runners.ParentRunner$3.run(ParentRunner.java:290)
	at org.junit.runners.ParentRunner$1.schedule(ParentRunner.java:71)
	at org.junit.runners.ParentRunner.runChildren(ParentRunner.java:288)
	at org.junit.runners.ParentRunner.access$000(ParentRunner.java:58)
	at org.junit.runners.ParentRunner$2.evaluate(ParentRunner.java:268)
	at org.junit.runners.ParentRunner.run(ParentRunner.java:363)
	at org.apache.maven.surefire.junit4.JUnit4Provider.execute(JUnit4Provider.java:369)
	at org.apache.maven.surefire.junit4.JUnit4Provider.executeWithRerun(JUnit4Provider.java:275)
	at org.apache.maven.surefire.junit4.JUnit4Provider.executeTestSet(JUnit4Provider.java:239)
	at org.apache.maven.surefire.junit4.JUnit4Provider.invoke(JUnit4Provider.java:160)
	at org.apache.maven.surefire.booter.ForkedBooter.invokeProviderInSameClassLoader(ForkedBooter.java:373)
	at org.apache.maven.surefire.booter.ForkedBooter.runSuitesInProcess(ForkedBooter.java:334)
	at org.apache.maven.surefire.booter.ForkedBooter.execute(ForkedBooter.java:119)
	at org.apache.maven.surefire.booter.ForkedBooter.main(ForkedBooter.java:407)

01:23:10.195 ERROR org.sonar.java.xml.XmlParser - Unable to parse xml file: src/test/files/xml/parsing-issue.xml
01:23:10.203 WARN  org.sonar.java.xml.XmlParser - File src/test/files/xml/empty.xml is empty and won't be analyzed.
[INFO] Tests run: 8, Failures: 0, Errors: 0, Skipped: 0, Time elapsed: 0.319 s - in org.sonar.java.xml.XmlParserTest
[INFO] Running org.sonar.java.ast.parser.grammar.classes.ClassDeclarationTest
[INFO] Tests run: 2, Failures: 0, Errors: 0, Skipped: 0, Time elapsed: 0.001 s - in org.sonar.java.ast.parser.grammar.classes.ClassDeclarationTest
[INFO] Running org.sonar.java.AnalysisErrorTest
[INFO] Tests run: 1, Failures: 0, Errors: 0, Skipped: 0, Time elapsed: 0 s - in org.sonar.java.AnalysisErrorTest
[INFO] Running org.sonar.java.ast.parser.grammar.interfaces.InterfaceDeclarationTest
[INFO] Tests run: 2, Failures: 0, Errors: 0, Skipped: 0, Time elapsed: 0.003 s - in org.sonar.java.ast.parser.grammar.interfaces.InterfaceDeclarationTest
[INFO] Running org.sonar.java.ast.parser.grammar.statements.SwitchBlockStatementGroupTest
[INFO] Tests run: 1, Failures: 0, Errors: 0, Skipped: 0, Time elapsed: 0.001 s - in org.sonar.java.ast.parser.grammar.statements.SwitchBlockStatementGroupTest
[INFO] Running org.sonar.java.se.xproc.MethodYieldTest
[INFO] Tests run: 12, Failures: 0, Errors: 0, Skipped: 0, Time elapsed: 0.747 s - in org.sonar.java.se.xproc.MethodYieldTest
[INFO] Running org.sonar.java.resolve.MethodJavaSymbolTest
01:23:11.043 INFO  org.sonar.squidbridge.ProgressReport - 1 source files to be analyzed
01:23:11.079 INFO  org.sonar.squidbridge.ProgressReport - 1/1 source files have been analyzed
01:23:11.127 INFO  org.sonar.squidbridge.ProgressReport - 1 source files to be analyzed
01:23:11.224 INFO  org.sonar.squidbridge.ProgressReport - 1/1 source files have been analyzed
01:23:11.227 INFO  org.sonar.squidbridge.ProgressReport - 1 source files to be analyzed
01:23:11.592 INFO  org.sonar.squidbridge.ProgressReport - 1/1 source files have been analyzed
01:23:11.594 INFO  org.sonar.squidbridge.ProgressReport - 1 source files to be analyzed
01:23:11.602 INFO  org.sonar.squidbridge.ProgressReport - 1/1 source files have been analyzed
01:23:11.669 INFO  org.sonar.squidbridge.ProgressReport - 1 source files to be analyzed
[INFO] Tests run: 5, Failures: 0, Errors: 0, Skipped: 0, Time elapsed: 0.705 s - in org.sonar.java.resolve.MethodJavaSymbolTest
[INFO] Running org.sonar.java.ast.parser.ListTreeImplTest
01:23:11.676 INFO  org.sonar.squidbridge.ProgressReport - 1/1 source files have been analyzed
[INFO] Tests run: 2, Failures: 0, Errors: 0, Skipped: 0, Time elapsed: 0.001 s - in org.sonar.java.ast.parser.ListTreeImplTest
[INFO] Running org.sonar.java.se.checks.DivisionByZeroCheckTest
01:23:11.682 INFO  org.sonar.squidbridge.ProgressReport - 1 source files to be analyzed
01:23:11.769 INFO  org.sonar.squidbridge.ProgressReport - 1/1 source files have been analyzed
01:23:11.774 INFO  org.sonar.squidbridge.ProgressReport - 1 source files to be analyzed
01:23:11.994 INFO  org.sonar.squidbridge.ProgressReport - 1/1 source files have been analyzed
[INFO] Tests run: 3, Failures: 0, Errors: 0, Skipped: 0, Time elapsed: 0.316 s - in org.sonar.java.se.checks.DivisionByZeroCheckTest
[INFO] Running org.sonar.java.resolve.TypesTest
[INFO] Tests run: 2, Failures: 0, Errors: 0, Skipped: 0, Time elapsed: 0.001 s - in org.sonar.java.resolve.TypesTest
[INFO] Running org.sonar.java.matcher.MethodMatcherCollectionTest
[INFO] Tests run: 9, Failures: 0, Errors: 0, Skipped: 0, Time elapsed: 0.072 s - in org.sonar.java.matcher.MethodMatcherCollectionTest
[INFO] Running org.sonar.java.ast.parser.grammar.expressions.ExpressionTest
[INFO] Tests run: 3, Failures: 0, Errors: 0, Skipped: 0, Time elapsed: 0.015 s - in org.sonar.java.ast.parser.grammar.expressions.ExpressionTest
[INFO] Running org.sonar.java.cfg.CFGTest
[INFO] Tests run: 73, Failures: 0, Errors: 0, Skipped: 0, Time elapsed: 1.08 s - in org.sonar.java.cfg.CFGTest
[INFO] Running org.sonar.java.se.constraint.ConstraintManagerTest
[INFO] Tests run: 17, Failures: 0, Errors: 0, Skipped: 0, Time elapsed: 0.068 s - in org.sonar.java.se.constraint.ConstraintManagerTest
[INFO] Running org.sonar.java.ast.parser.grammar.statements.TryStatementTest
[INFO] Tests run: 4, Failures: 0, Errors: 0, Skipped: 0, Time elapsed: 0.019 s - in org.sonar.java.ast.parser.grammar.statements.TryStatementTest
[INFO] Running org.sonar.java.se.JavaCheckVerifierTest
01:23:13.268 INFO  org.sonar.squidbridge.ProgressReport - 1 source files to be analyzed
01:23:13.347 INFO  org.sonar.squidbridge.ProgressReport - 1 source files to be analyzed
01:23:13.411 INFO  org.sonar.squidbridge.ProgressReport - 1/1 source files have been analyzed
01:23:13.420 INFO  org.sonar.squidbridge.ProgressReport - 1 source files to be analyzed
01:23:13.571 INFO  org.sonar.squidbridge.ProgressReport - 1/1 source files have been analyzed
01:23:13.577 INFO  org.sonar.squidbridge.ProgressReport - 1 source files to be analyzed
01:23:13.759 INFO  org.sonar.squidbridge.ProgressReport - 1 source files to be analyzed
01:23:13.873 INFO  org.sonar.squidbridge.ProgressReport - 1 source files to be analyzed
01:23:13.966 INFO  org.sonar.squidbridge.ProgressReport - 1/1 source files have been analyzed
01:23:13.972 INFO  org.sonar.squidbridge.ProgressReport - 1 source files to be analyzed
01:23:14.109 INFO  org.sonar.squidbridge.ProgressReport - 1/1 source files have been analyzed
01:23:14.114 INFO  org.sonar.squidbridge.ProgressReport - 1 source files to be analyzed
01:23:14.183 INFO  org.sonar.squidbridge.ProgressReport - 1/1 source files have been analyzed
01:23:14.187 INFO  org.sonar.squidbridge.ProgressReport - 1 source files to be analyzed
01:23:14.221 INFO  org.sonar.squidbridge.ProgressReport - 1 source files to be analyzed
01:23:14.236 INFO  org.sonar.squidbridge.ProgressReport - 1/1 source files have been analyzed
01:23:14.242 INFO  org.sonar.squidbridge.ProgressReport - 1 source files to be analyzed
01:23:14.249 INFO  org.sonar.squidbridge.ProgressReport - 1/1 source files have been analyzed
01:23:14.291 INFO  org.sonar.squidbridge.ProgressReport - 1 source files to be analyzed
01:23:14.304 INFO  org.sonar.squidbridge.ProgressReport - 1/1 source files have been analyzed
01:23:14.310 INFO  org.sonar.squidbridge.ProgressReport - 1 source files to be analyzed
01:23:14.317 INFO  org.sonar.squidbridge.ProgressReport - 1/1 source files have been analyzed
01:23:14.322 INFO  org.sonar.squidbridge.ProgressReport - 1 source files to be analyzed
01:23:14.333 INFO  org.sonar.squidbridge.ProgressReport - 1/1 source files have been analyzed
01:23:14.338 INFO  org.sonar.squidbridge.ProgressReport - 1 source files to be analyzed
01:23:14.344 INFO  org.sonar.squidbridge.ProgressReport - 1/1 source files have been analyzed
01:23:14.348 INFO  org.sonar.squidbridge.ProgressReport - 1 source files to be analyzed
01:23:14.362 INFO  org.sonar.squidbridge.ProgressReport - 1/1 source files have been analyzed
01:23:14.373 INFO  org.sonar.squidbridge.ProgressReport - 1 source files to be analyzed
01:23:14.386 INFO  org.sonar.squidbridge.ProgressReport - 1/1 source files have been analyzed
01:23:14.393 INFO  org.sonar.squidbridge.ProgressReport - 1 source files to be analyzed
01:23:14.425 INFO  org.sonar.squidbridge.ProgressReport - 1/1 source files have been analyzed
01:23:14.434 INFO  org.sonar.squidbridge.ProgressReport - 1 source files to be analyzed
01:23:14.463 INFO  org.sonar.squidbridge.ProgressReport - 1/1 source files have been analyzed
01:23:14.468 INFO  org.sonar.squidbridge.ProgressReport - 1 source files to be analyzed
01:23:14.475 INFO  org.sonar.squidbridge.ProgressReport - 1/1 source files have been analyzed
01:23:14.480 INFO  org.sonar.squidbridge.ProgressReport - 1 source files to be analyzed
01:23:14.487 INFO  org.sonar.squidbridge.ProgressReport - 1/1 source files have been analyzed
01:23:14.491 INFO  org.sonar.squidbridge.ProgressReport - 1 source files to be analyzed
01:23:14.522 INFO  org.sonar.squidbridge.ProgressReport - 1/1 source files have been analyzed
01:23:14.526 INFO  org.sonar.squidbridge.ProgressReport - 1 source files to be analyzed
01:23:14.552 INFO  org.sonar.squidbridge.ProgressReport - 1/1 source files have been analyzed
01:23:14.555 INFO  org.sonar.squidbridge.ProgressReport - 1 source files to be analyzed
01:23:14.564 INFO  org.sonar.squidbridge.ProgressReport - 1/1 source files have been analyzed
01:23:14.568 INFO  org.sonar.squidbridge.ProgressReport - 1 source files to be analyzed
01:23:14.575 INFO  org.sonar.squidbridge.ProgressReport - 1/1 source files have been analyzed
01:23:14.580 INFO  org.sonar.squidbridge.ProgressReport - 1 source files to be analyzed
01:23:14.587 INFO  org.sonar.squidbridge.ProgressReport - 1/1 source files have been analyzed
01:23:14.592 INFO  org.sonar.squidbridge.ProgressReport - 1 source files to be analyzed
01:23:14.643 INFO  org.sonar.squidbridge.ProgressReport - 1 source files to be analyzed
01:23:14.652 INFO  org.sonar.squidbridge.ProgressReport - 1/1 source files have been analyzed
01:23:14.658 INFO  org.sonar.squidbridge.ProgressReport - 1 source files to be analyzed
[INFO] Tests run: 30, Failures: 0, Errors: 0, Skipped: 0, Time elapsed: 1.451 s - in org.sonar.java.se.JavaCheckVerifierTest
[INFO] Running org.sonar.java.collections.PCollectionsTest
[INFO] Tests run: 2, Failures: 0, Errors: 0, Skipped: 0, Time elapsed: 0.001 s - in org.sonar.java.collections.PCollectionsTest
[INFO] Running org.sonar.java.ast.parser.grammar.statements.StatementTest
[INFO] Tests run: 1, Failures: 0, Errors: 0, Skipped: 0, Time elapsed: 0.002 s - in org.sonar.java.ast.parser.grammar.statements.StatementTest
[INFO] Running org.sonar.java.ast.JavaAstScannerTest
01:23:14.983 INFO  org.sonar.squidbridge.ProgressReport - 1 source files to be analyzed
01:23:15.126 ERROR org.sonar.java.ast.JavaAstScanner - Unable to parse source file : /home/travis/build/failed/SonarSource/sonar-java/java-frontend/src/test/resources/AstScannerParseError.txt
01:23:15.126 ERROR org.sonar.java.ast.JavaAstScanner - Parse error at line 1 column 1:

1: {
   ^
2: 

01:23:15.127 INFO  org.sonar.squidbridge.ProgressReport - 1/1 source files have been analyzed
01:23:15.245 INFO  org.sonar.squidbridge.ProgressReport - 1 source files to be analyzed
01:23:15.260 INFO  org.sonar.squidbridge.ProgressReport - 1 source files to be analyzed
01:23:15.260 ERROR org.sonar.java.ast.JavaAstScanner - Unable to parse source file : /home/travis/build/failed/SonarSource/sonar-java/java-frontend/src/test/resources/AstScannerParseError.txt
01:23:15.260 ERROR org.sonar.java.ast.JavaAstScanner - Parse error at line 1 column 1:

1: {
   ^
2: 

01:23:15.261 INFO  org.sonar.squidbridge.ProgressReport - 1/1 source files have been analyzed
01:23:15.430 INFO  org.sonar.squidbridge.ProgressReport - 1 source files to be analyzed
01:23:15.695 INFO  org.sonar.squidbridge.ProgressReport - 1/1 source files have been analyzed
01:23:15.700 INFO  org.sonar.squidbridge.ProgressReport - 1 source files to be analyzed
01:23:15.708 INFO  org.sonar.squidbridge.ProgressReport - 1/1 source files have been analyzed
01:23:15.749 INFO  org.sonar.squidbridge.ProgressReport - 1 source files to be analyzed
01:23:15.755 ERROR org.sonar.java.model.VisitorsBridge - Unable to run check class org.sonar.java.se.SymbolicExecutionVisitor -  on file src/test/resources/se/MethodBehavior.java, To help improve SonarJava, please report this problem to SonarSource : see https://www.sonarqube.org/community/
java.lang.NullPointerException: nobody expect the spanish inquisition !
	at org.sonar.java.ast.JavaAstScannerTest$2.init(JavaAstScannerTest.java:204) ~[test-classes/:na]
	at org.sonar.java.se.CheckerDispatcher.init(CheckerDispatcher.java:147) ~[classes/:na]
	at org.sonar.java.se.ExplodedGraphWalker.execute(ExplodedGraphWalker.java:218) ~[classes/:na]
	at org.sonar.java.se.ExplodedGraphWalker.visitMethod(ExplodedGraphWalker.java:210) ~[classes/:na]
	at org.sonar.java.se.SymbolicExecutionVisitor.execute(SymbolicExecutionVisitor.java:74) ~[classes/:na]
	at org.sonar.java.se.SymbolicExecutionVisitor.visitNode(SymbolicExecutionVisitor.java:64) ~[classes/:na]
	at org.sonar.java.ast.visitors.SubscriptionVisitor.visit(SubscriptionVisitor.java:95) ~[classes/:na]
	at org.sonar.java.ast.visitors.SubscriptionVisitor.visitChildren(SubscriptionVisitor.java:120) ~[classes/:na]
	at org.sonar.java.ast.visitors.SubscriptionVisitor.visit(SubscriptionVisitor.java:97) ~[classes/:na]
	at org.sonar.java.ast.visitors.SubscriptionVisitor.visitChildren(SubscriptionVisitor.java:120) ~[classes/:na]
	at org.sonar.java.ast.visitors.SubscriptionVisitor.visit(SubscriptionVisitor.java:97) ~[classes/:na]
	at org.sonar.java.ast.visitors.SubscriptionVisitor.scanTree(SubscriptionVisitor.java:78) ~[classes/:na]
	at org.sonar.java.ast.visitors.SubscriptionVisitor.scanFile(SubscriptionVisitor.java:64) ~[classes/:na]
	at org.sonar.java.se.SymbolicExecutionVisitor.scanFile(SymbolicExecutionVisitor.java:54) ~[classes/:na]
	at org.sonar.java.model.VisitorsBridge.runScanner(VisitorsBridge.java:136) [classes/:na]
	at org.sonar.java.model.VisitorsBridge.visitFile(VisitorsBridge.java:125) [classes/:na]
	at org.sonar.java.ast.JavaAstScanner.simpleScan(JavaAstScanner.java:96) [classes/:na]
	at org.sonar.java.ast.JavaAstScanner.scan(JavaAstScanner.java:68) [classes/:na]
	at org.sonar.java.ast.JavaAstScannerTest.should_swallow_log_and_report_checks_exceptions_for_symbolic_execution(JavaAstScannerTest.java:207) [test-classes/:na]
	at sun.reflect.NativeMethodAccessorImpl.invoke0(Native Method) ~[na:1.8.0_151]
	at sun.reflect.NativeMethodAccessorImpl.invoke(NativeMethodAccessorImpl.java:62) ~[na:1.8.0_151]
	at sun.reflect.DelegatingMethodAccessorImpl.invoke(DelegatingMethodAccessorImpl.java:43) ~[na:1.8.0_151]
	at java.lang.reflect.Method.invoke(Method.java:498) ~[na:1.8.0_151]
	at org.junit.runners.model.FrameworkMethod$1.runReflectiveCall(FrameworkMethod.java:50) [junit-4.12.jar:4.12]
	at org.junit.internal.runners.model.ReflectiveCallable.run(ReflectiveCallable.java:12) [junit-4.12.jar:4.12]
	at org.junit.runners.model.FrameworkMethod.invokeExplosively(FrameworkMethod.java:47) [junit-4.12.jar:4.12]
	at org.junit.internal.runners.statements.InvokeMethod.evaluate(InvokeMethod.java:17) [junit-4.12.jar:4.12]
	at org.junit.internal.runners.statements.RunBefores.evaluate(RunBefores.java:26) [junit-4.12.jar:4.12]
	at org.junit.rules.ExternalResource$1.evaluate(ExternalResource.java:48) [junit-4.12.jar:4.12]
	at org.junit.rules.ExpectedException$ExpectedExceptionStatement.evaluate(ExpectedException.java:239) [junit-4.12.jar:4.12]
	at org.junit.rules.RunRules.evaluate(RunRules.java:20) [junit-4.12.jar:4.12]
	at org.junit.runners.ParentRunner.runLeaf(ParentRunner.java:325) [junit-4.12.jar:4.12]
	at org.junit.runners.BlockJUnit4ClassRunner.runChild(BlockJUnit4ClassRunner.java:78) [junit-4.12.jar:4.12]
	at org.junit.runners.BlockJUnit4ClassRunner.runChild(BlockJUnit4ClassRunner.java:57) [junit-4.12.jar:4.12]
	at org.junit.runners.ParentRunner$3.run(ParentRunner.java:290) [junit-4.12.jar:4.12]
	at org.junit.runners.ParentRunner$1.schedule(ParentRunner.java:71) [junit-4.12.jar:4.12]
	at org.junit.runners.ParentRunner.runChildren(ParentRunner.java:288) [junit-4.12.jar:4.12]
	at org.junit.runners.ParentRunner.access$000(ParentRunner.java:58) [junit-4.12.jar:4.12]
	at org.junit.runners.ParentRunner$2.evaluate(ParentRunner.java:268) [junit-4.12.jar:4.12]
	at org.junit.runners.ParentRunner.run(ParentRunner.java:363) [junit-4.12.jar:4.12]
	at org.apache.maven.surefire.junit4.JUnit4Provider.execute(JUnit4Provider.java:369) [surefire-junit4-2.20.1.jar:2.20.1]
	at org.apache.maven.surefire.junit4.JUnit4Provider.executeWithRerun(JUnit4Provider.java:275) [surefire-junit4-2.20.1.jar:2.20.1]
	at org.apache.maven.surefire.junit4.JUnit4Provider.executeTestSet(JUnit4Provider.java:239) [surefire-junit4-2.20.1.jar:2.20.1]
	at org.apache.maven.surefire.junit4.JUnit4Provider.invoke(JUnit4Provider.java:160) [surefire-junit4-2.20.1.jar:2.20.1]
	at org.apache.maven.surefire.booter.ForkedBooter.invokeProviderInSameClassLoader(ForkedBooter.java:373) [surefire-booter-2.20.1.jar:2.20.1]
	at org.apache.maven.surefire.booter.ForkedBooter.runSuitesInProcess(ForkedBooter.java:334) [surefire-booter-2.20.1.jar:2.20.1]
	at org.apache.maven.surefire.booter.ForkedBooter.execute(ForkedBooter.java:119) [surefire-booter-2.20.1.jar:2.20.1]
	at org.apache.maven.surefire.booter.ForkedBooter.main(ForkedBooter.java:407) [surefire-booter-2.20.1.jar:2.20.1]
01:23:15.756 INFO  org.sonar.squidbridge.ProgressReport - 1/1 source files have been analyzed
01:23:15.759 INFO  org.sonar.squidbridge.ProgressReport - 1 source files to be analyzed
01:23:15.886 INFO  org.sonar.squidbridge.ProgressReport - 1/1 source files have been analyzed
01:23:15.889 INFO  org.sonar.squidbridge.ProgressReport - 1 source files to be analyzed
01:23:15.904 INFO  org.sonar.squidbridge.ProgressReport - 1 source files to be analyzed
01:23:15.905 INFO  org.sonar.squidbridge.ProgressReport - 1 source files to be analyzed
01:23:16.002 ERROR org.sonar.java.model.VisitorsBridge - Unable to run check class org.sonar.java.ast.JavaAstScannerTest$CheckThrowingException -  on file src/test/resources/AstScannerNoParseError.txt, To help improve SonarJava, please report this problem to SonarSource : see https://www.sonarqube.org/community/
java.lang.NullPointerException: foo
	at org.sonar.java.ast.JavaAstScannerTest.should_swallow_log_and_report_checks_exceptions(JavaAstScannerTest.java:176) ~[test-classes/:na]
	at sun.reflect.NativeMethodAccessorImpl.invoke0(Native Method) ~[na:1.8.0_151]
	at sun.reflect.NativeMethodAccessorImpl.invoke(NativeMethodAccessorImpl.java:62) ~[na:1.8.0_151]
	at sun.reflect.DelegatingMethodAccessorImpl.invoke(DelegatingMethodAccessorImpl.java:43) ~[na:1.8.0_151]
	at java.lang.reflect.Method.invoke(Method.java:498) ~[na:1.8.0_151]
	at org.junit.runners.model.FrameworkMethod$1.runReflectiveCall(FrameworkMethod.java:50) ~[junit-4.12.jar:4.12]
	at org.junit.internal.runners.model.ReflectiveCallable.run(ReflectiveCallable.java:12) ~[junit-4.12.jar:4.12]
	at org.junit.runners.model.FrameworkMethod.invokeExplosively(FrameworkMethod.java:47) ~[junit-4.12.jar:4.12]
	at org.junit.internal.runners.statements.InvokeMethod.evaluate(InvokeMethod.java:17) ~[junit-4.12.jar:4.12]
	at org.junit.internal.runners.statements.RunBefores.evaluate(RunBefores.java:26) ~[junit-4.12.jar:4.12]
	at org.junit.rules.ExternalResource$1.evaluate(ExternalResource.java:48) ~[junit-4.12.jar:4.12]
	at org.junit.rules.ExpectedException$ExpectedExceptionStatement.evaluate(ExpectedException.java:239) ~[junit-4.12.jar:4.12]
	at org.junit.rules.RunRules.evaluate(RunRules.java:20) ~[junit-4.12.jar:4.12]
	at org.junit.runners.ParentRunner.runLeaf(ParentRunner.java:325) ~[junit-4.12.jar:4.12]
	at org.junit.runners.BlockJUnit4ClassRunner.runChild(BlockJUnit4ClassRunner.java:78) ~[junit-4.12.jar:4.12]
	at org.junit.runners.BlockJUnit4ClassRunner.runChild(BlockJUnit4ClassRunner.java:57) ~[junit-4.12.jar:4.12]
	at org.junit.runners.ParentRunner$3.run(ParentRunner.java:290) ~[junit-4.12.jar:4.12]
	at org.junit.runners.ParentRunner$1.schedule(ParentRunner.java:71) ~[junit-4.12.jar:4.12]
	at org.junit.runners.ParentRunner.runChildren(ParentRunner.java:288) ~[junit-4.12.jar:4.12]
	at org.junit.runners.ParentRunner.access$000(ParentRunner.java:58) ~[junit-4.12.jar:4.12]
	at org.junit.runners.ParentRunner$2.evaluate(ParentRunner.java:268) ~[junit-4.12.jar:4.12]
	at org.junit.runners.ParentRunner.run(ParentRunner.java:363) ~[junit-4.12.jar:4.12]
	at org.apache.maven.surefire.junit4.JUnit4Provider.execute(JUnit4Provider.java:369) ~[surefire-junit4-2.20.1.jar:2.20.1]
	at org.apache.maven.surefire.junit4.JUnit4Provider.executeWithRerun(JUnit4Provider.java:275) ~[surefire-junit4-2.20.1.jar:2.20.1]
	at org.apache.maven.surefire.junit4.JUnit4Provider.executeTestSet(JUnit4Provider.java:239) ~[surefire-junit4-2.20.1.jar:2.20.1]
	at org.apache.maven.surefire.junit4.JUnit4Provider.invoke(JUnit4Provider.java:160) ~[surefire-junit4-2.20.1.jar:2.20.1]
	at org.apache.maven.surefire.booter.ForkedBooter.invokeProviderInSameClassLoader(ForkedBooter.java:373) ~[surefire-booter-2.20.1.jar:2.20.1]
	at org.apache.maven.surefire.booter.ForkedBooter.runSuitesInProcess(ForkedBooter.java:334) ~[surefire-booter-2.20.1.jar:2.20.1]
	at org.apache.maven.surefire.booter.ForkedBooter.execute(ForkedBooter.java:119) ~[surefire-booter-2.20.1.jar:2.20.1]
	at org.apache.maven.surefire.booter.ForkedBooter.main(ForkedBooter.java:407) ~[surefire-booter-2.20.1.jar:2.20.1]
01:23:16.002 INFO  org.sonar.squidbridge.ProgressReport - 1/1 source files have been analyzed
01:23:16.003 INFO  org.sonar.squidbridge.ProgressReport - 1 source files to be analyzed
01:23:16.004 ERROR org.sonar.java.ast.JavaAstScanner - Unable to parse source file : /home/travis/build/failed/SonarSource/sonar-java/java-frontend/src/test/resources/AstScannerParseError.txt
01:23:16.004 ERROR org.sonar.java.ast.JavaAstScanner - Parse error at line 1 column 1:

1: {
   ^
2: 

01:23:16.007 ERROR org.sonar.java.model.VisitorsBridge - Unable to run check class org.sonar.java.ast.JavaAstScannerTest$AnnotatedCheck - AnnotatedCheck on file src/test/resources/AstScannerParseError.txt, To help improve SonarJava, please report this problem to SonarSource : see https://www.sonarqube.org/community/
java.lang.NullPointerException: foo
	at org.sonar.java.ast.JavaAstScannerTest.should_swallow_log_and_report_checks_exceptions(JavaAstScannerTest.java:186) ~[test-classes/:na]
	at sun.reflect.NativeMethodAccessorImpl.invoke0(Native Method) ~[na:1.8.0_151]
	at sun.reflect.NativeMethodAccessorImpl.invoke(NativeMethodAccessorImpl.java:62) ~[na:1.8.0_151]
	at sun.reflect.DelegatingMethodAccessorImpl.invoke(DelegatingMethodAccessorImpl.java:43) ~[na:1.8.0_151]
	at java.lang.reflect.Method.invoke(Method.java:498) ~[na:1.8.0_151]
	at org.junit.runners.model.FrameworkMethod$1.runReflectiveCall(FrameworkMethod.java:50) ~[junit-4.12.jar:4.12]
	at org.junit.internal.runners.model.ReflectiveCallable.run(ReflectiveCallable.java:12) ~[junit-4.12.jar:4.12]
	at org.junit.runners.model.FrameworkMethod.invokeExplosively(FrameworkMethod.java:47) ~[junit-4.12.jar:4.12]
	at org.junit.internal.runners.statements.InvokeMethod.evaluate(InvokeMethod.java:17) ~[junit-4.12.jar:4.12]
	at org.junit.internal.runners.statements.RunBefores.evaluate(RunBefores.java:26) ~[junit-4.12.jar:4.12]
	at org.junit.rules.ExternalResource$1.evaluate(ExternalResource.java:48) ~[junit-4.12.jar:4.12]
	at org.junit.rules.ExpectedException$ExpectedExceptionStatement.evaluate(ExpectedException.java:239) ~[junit-4.12.jar:4.12]
	at org.junit.rules.RunRules.evaluate(RunRules.java:20) ~[junit-4.12.jar:4.12]
	at org.junit.runners.ParentRunner.runLeaf(ParentRunner.java:325) ~[junit-4.12.jar:4.12]
	at org.junit.runners.BlockJUnit4ClassRunner.runChild(BlockJUnit4ClassRunner.java:78) ~[junit-4.12.jar:4.12]
	at org.junit.runners.BlockJUnit4ClassRunner.runChild(BlockJUnit4ClassRunner.java:57) ~[junit-4.12.jar:4.12]
	at org.junit.runners.ParentRunner$3.run(ParentRunner.java:290) ~[junit-4.12.jar:4.12]
	at org.junit.runners.ParentRunner$1.schedule(ParentRunner.java:71) ~[junit-4.12.jar:4.12]
	at org.junit.runners.ParentRunner.runChildren(ParentRunner.java:288) ~[junit-4.12.jar:4.12]
	at org.junit.runners.ParentRunner.access$000(ParentRunner.java:58) ~[junit-4.12.jar:4.12]
	at org.junit.runners.ParentRunner$2.evaluate(ParentRunner.java:268) ~[junit-4.12.jar:4.12]
	at org.junit.runners.ParentRunner.run(ParentRunner.java:363) ~[junit-4.12.jar:4.12]
	at org.apache.maven.surefire.junit4.JUnit4Provider.execute(JUnit4Provider.java:369) ~[surefire-junit4-2.20.1.jar:2.20.1]
	at org.apache.maven.surefire.junit4.JUnit4Provider.executeWithRerun(JUnit4Provider.java:275) ~[surefire-junit4-2.20.1.jar:2.20.1]
	at org.apache.maven.surefire.junit4.JUnit4Provider.executeTestSet(JUnit4Provider.java:239) ~[surefire-junit4-2.20.1.jar:2.20.1]
	at org.apache.maven.surefire.junit4.JUnit4Provider.invoke(JUnit4Provider.java:160) ~[surefire-junit4-2.20.1.jar:2.20.1]
	at org.apache.maven.surefire.booter.ForkedBooter.invokeProviderInSameClassLoader(ForkedBooter.java:373) ~[surefire-booter-2.20.1.jar:2.20.1]
	at org.apache.maven.surefire.booter.ForkedBooter.runSuitesInProcess(ForkedBooter.java:334) ~[surefire-booter-2.20.1.jar:2.20.1]
	at org.apache.maven.surefire.booter.ForkedBooter.execute(ForkedBooter.java:119) ~[surefire-booter-2.20.1.jar:2.20.1]
	at org.apache.maven.surefire.booter.ForkedBooter.main(ForkedBooter.java:407) ~[surefire-booter-2.20.1.jar:2.20.1]
01:23:16.007 INFO  org.sonar.squidbridge.ProgressReport - 1/1 source files have been analyzed
01:23:16.008 INFO  org.sonar.squidbridge.ProgressReport - 1 source files to be analyzed
01:23:16.009 ERROR org.sonar.java.ast.JavaAstScanner - A stack overflow error occured while analyzing file: /home/travis/build/failed/SonarSource/sonar-java/java-frontend/src/test/resources/AstScannerNoParseError.txt
[INFO] Tests run: 11, Failures: 0, Errors: 0, Skipped: 0, Time elapsed: 1.282 s - in org.sonar.java.ast.JavaAstScannerTest
[INFO] Running org.sonar.java.cfg.VariableReadExtractorTest
[INFO] Tests run: 6, Failures: 0, Errors: 0, Skipped: 0, Time elapsed: 0.025 s - in org.sonar.java.cfg.VariableReadExtractorTest
[INFO] Running org.sonar.java.ast.visitors.SyntaxHighlighterVisitorTest
01:23:16.088 INFO  org.sonar.java.JavaSquid - Java Main Files AST scan
01:23:16.088 INFO  org.sonar.squidbridge.ProgressReport - 1 source files to be analyzed
01:23:16.097 INFO  org.sonar.java.JavaSquid - Java Main Files AST scan (done) | time=9ms
01:23:16.097 INFO  org.sonar.squidbridge.ProgressReport - 1/1 source files have been analyzed
01:23:16.097 INFO  org.sonar.java.JavaSquid - Java Test Files AST scan
01:23:16.097 INFO  org.sonar.squidbridge.ProgressReport - 0 source files to be analyzed
01:23:16.097 INFO  org.sonar.java.JavaSquid - Java Test Files AST scan (done) | time=0ms
01:23:16.097 INFO  org.sonar.squidbridge.ProgressReport - 0/0 source files have been analyzed
01:23:16.102 INFO  org.sonar.java.JavaSquid - Java Main Files AST scan
01:23:16.102 INFO  org.sonar.squidbridge.ProgressReport - 1 source files to be analyzed
01:23:16.108 INFO  org.sonar.java.JavaSquid - Java Main Files AST scan (done) | time=7ms
01:23:16.108 INFO  org.sonar.squidbridge.ProgressReport - 1/1 source files have been analyzed
01:23:16.108 INFO  org.sonar.java.JavaSquid - Java Test Files AST scan
01:23:16.108 INFO  org.sonar.squidbridge.ProgressReport - 0 source files to be analyzed
01:23:16.108 INFO  org.sonar.java.JavaSquid - Java Test Files AST scan (done) | time=0ms
01:23:16.108 INFO  org.sonar.squidbridge.ProgressReport - 0/0 source files have been analyzed
01:23:16.112 INFO  org.sonar.java.JavaSquid - Java Main Files AST scan
01:23:16.112 INFO  org.sonar.squidbridge.ProgressReport - 1 source files to be analyzed
01:23:16.112 ERROR org.sonar.java.ast.JavaAstScanner - Unable to parse source file : /tmp/junit1504866732356489277/junit7623730477579012871.tmp
01:23:16.113 ERROR org.sonar.java.ast.JavaAstScanner - Parse error at line 1 column 1:

1: ParseError
   ^

01:23:16.113 INFO  org.sonar.java.JavaSquid - Java Main Files AST scan (done) | time=1ms
01:23:16.113 INFO  org.sonar.java.JavaSquid - Java Test Files AST scan
01:23:16.113 INFO  org.sonar.squidbridge.ProgressReport - 1/1 source files have been analyzed
01:23:16.113 INFO  org.sonar.squidbridge.ProgressReport - 0 source files to be analyzed
01:23:16.113 INFO  org.sonar.java.JavaSquid - Java Test Files AST scan (done) | time=0ms
01:23:16.113 INFO  org.sonar.squidbridge.ProgressReport - 0/0 source files have been analyzed
01:23:16.169 INFO  org.sonar.java.JavaSquid - Java Main Files AST scan
01:23:16.169 INFO  org.sonar.squidbridge.ProgressReport - 1 source files to be analyzed
01:23:16.175 INFO  org.sonar.java.JavaSquid - Java Main Files AST scan (done) | time=6ms
01:23:16.175 INFO  org.sonar.java.JavaSquid - Java Test Files AST scan
01:23:16.175 INFO  org.sonar.squidbridge.ProgressReport - 1/1 source files have been analyzed
01:23:16.175 INFO  org.sonar.squidbridge.ProgressReport - 0 source files to be analyzed
01:23:16.175 INFO  org.sonar.java.JavaSquid - Java Test Files AST scan (done) | time=0ms
01:23:16.175 INFO  org.sonar.squidbridge.ProgressReport - 0/0 source files have been analyzed
01:23:16.206 INFO  org.sonar.java.JavaSquid - Java Main Files AST scan
01:23:16.206 INFO  org.sonar.squidbridge.ProgressReport - 1 source files to be analyzed
01:23:16.217 INFO  org.sonar.java.JavaSquid - Java Main Files AST scan (done) | time=11ms
01:23:16.217 INFO  org.sonar.squidbridge.ProgressReport - 1/1 source files have been analyzed
01:23:16.217 INFO  org.sonar.java.JavaSquid - Java Test Files AST scan
01:23:16.218 INFO  org.sonar.squidbridge.ProgressReport - 0 source files to be analyzed
01:23:16.218 INFO  org.sonar.java.JavaSquid - Java Test Files AST scan (done) | time=1ms
01:23:16.218 INFO  org.sonar.squidbridge.ProgressReport - 0/0 source files have been analyzed
01:23:16.357 INFO  org.sonar.java.JavaSquid - Java Main Files AST scan
01:23:16.357 INFO  org.sonar.squidbridge.ProgressReport - 1 source files to be analyzed
01:23:16.513 INFO  org.sonar.java.JavaSquid - Java Main Files AST scan (done) | time=156ms
01:23:16.513 INFO  org.sonar.squidbridge.ProgressReport - 1/1 source files have been analyzed
01:23:16.513 INFO  org.sonar.java.JavaSquid - Java Test Files AST scan
01:23:16.513 INFO  org.sonar.squidbridge.ProgressReport - 0 source files to be analyzed
01:23:16.513 INFO  org.sonar.java.JavaSquid - Java Test Files AST scan (done) | time=0ms
01:23:16.513 INFO  org.sonar.squidbridge.ProgressReport - 0/0 source files have been analyzed
01:23:16.520 INFO  org.sonar.java.JavaSquid - Java Main Files AST scan
01:23:16.521 INFO  org.sonar.squidbridge.ProgressReport - 1 source files to be analyzed
01:23:16.528 INFO  org.sonar.java.JavaSquid - Java Main Files AST scan (done) | time=8ms
01:23:16.528 INFO  org.sonar.squidbridge.ProgressReport - 1/1 source files have been analyzed
01:23:16.528 INFO  org.sonar.java.JavaSquid - Java Test Files AST scan
01:23:16.528 INFO  org.sonar.squidbridge.ProgressReport - 0 source files to be analyzed
01:23:16.528 INFO  org.sonar.java.JavaSquid - Java Test Files AST scan (done) | time=0ms
01:23:16.528 INFO  org.sonar.squidbridge.ProgressReport - 0/0 source files have been analyzed
[INFO] Tests run: 7, Failures: 0, Errors: 0, Skipped: 0, Time elapsed: 0.489 s - in org.sonar.java.ast.visitors.SyntaxHighlighterVisitorTest
[INFO] Running org.sonar.java.ast.parser.grammar.statements.CatchClauseTest
[INFO] Tests run: 1, Failures: 0, Errors: 0, Skipped: 0, Time elapsed: 0 s - in org.sonar.java.ast.parser.grammar.statements.CatchClauseTest
[INFO] Running org.sonar.java.ast.parser.grammar.parameters.FormalParameterDeclsTest
[INFO] Tests run: 1, Failures: 0, Errors: 0, Skipped: 0, Time elapsed: 0 s - in org.sonar.java.ast.parser.grammar.parameters.FormalParameterDeclsTest
[INFO] Running org.sonar.java.ast.parser.grammar.units.ImportDeclarationTest
[INFO] Tests run: 1, Failures: 0, Errors: 0, Skipped: 0, Time elapsed: 0 s - in org.sonar.java.ast.parser.grammar.units.ImportDeclarationTest
[INFO] Running org.sonar.java.ast.parser.grammar.statements.ContinueStatementTest
[INFO] Tests run: 1, Failures: 0, Errors: 0, Skipped: 0, Time elapsed: 0 s - in org.sonar.java.ast.parser.grammar.statements.ContinueStatementTest
[INFO] Running org.sonar.java.xml.maven.PomCheckContextImplTest
[INFO] Tests run: 6, Failures: 0, Errors: 0, Skipped: 0, Time elapsed: 0.519 s - in org.sonar.java.xml.maven.PomCheckContextImplTest
[INFO] Running org.sonar.java.resolve.BytecodeCompleterTest
01:23:18.810 WARN  o.sonar.java.resolve.BytecodeVisitor - bridge method setSliderMinValue not marked as synthetic in class model42/PresentationModel42
01:23:18.810 WARN  o.sonar.java.resolve.BytecodeVisitor - bridge method setSliderMaxValue not marked as synthetic in class model42/PresentationModel42
01:23:18.810 WARN  o.sonar.java.resolve.BytecodeVisitor - bridge method setSliderValue not marked as synthetic in class model42/PresentationModel42
01:23:18.810 WARN  o.sonar.java.resolve.BytecodeVisitor - bridge method setSliderEnabled not marked as synthetic in class model42/PresentationModel42
01:23:18.810 WARN  o.sonar.java.resolve.BytecodeVisitor - bridge method setAutoSliderCheckboxSelected not marked as synthetic in class model42/PresentationModel42
01:23:18.810 WARN  o.sonar.java.resolve.BytecodeVisitor - bridge method setAutoSliderCheckboxEnabled not marked as synthetic in class model42/PresentationModel42
01:23:18.810 WARN  o.sonar.java.resolve.BytecodeVisitor - bridge method setAutoSliderLowerLimit not marked as synthetic in class model42/PresentationModel42
01:23:18.811 WARN  o.sonar.java.resolve.BytecodeVisitor - bridge method setAutoSliderUpperLimit not marked as synthetic in class model42/PresentationModel42
01:23:18.811 WARN  o.sonar.java.resolve.BytecodeVisitor - bridge method setDoPaintAutoSliderRange not marked as synthetic in class model42/PresentationModel42
01:23:18.811 WARN  o.sonar.java.resolve.BytecodeVisitor - bridge method setCpuLoadSetpointPercentage not marked as synthetic in class model42/PresentationModel42
01:23:18.811 WARN  o.sonar.java.resolve.BytecodeVisitor - bridge method setAdjustIntervalSeconds not marked as synthetic in class model42/PresentationModel42
01:23:18.811 WARN  o.sonar.java.resolve.BytecodeVisitor - bridge method setActualNumberOfWorkers not marked as synthetic in class model42/PresentationModel42
[INFO] Tests run: 41, Failures: 0, Errors: 0, Skipped: 0, Time elapsed: 3.094 s - in org.sonar.java.resolve.BytecodeCompleterTest
[INFO] Running org.sonar.java.bytecode.loader.JarLoaderTest
[INFO] Tests run: 5, Failures: 0, Errors: 0, Skipped: 0, Time elapsed: 0 s - in org.sonar.java.bytecode.loader.JarLoaderTest
[INFO] Running org.sonar.java.ast.parser.grammar.parameters.FormalParameterDeclsRestTest
[INFO] Tests run: 2, Failures: 0, Errors: 0, Skipped: 0, Time elapsed: 0.002 s - in org.sonar.java.ast.parser.grammar.parameters.FormalParameterDeclsRestTest
[INFO] Running org.sonar.java.ast.parser.grammar.expressions.RelationalExpressionTest
[INFO] Tests run: 1, Failures: 0, Errors: 0, Skipped: 0, Time elapsed: 0 s - in org.sonar.java.ast.parser.grammar.expressions.RelationalExpressionTest
[INFO] Running org.sonar.java.collections.AVLTreeTest
[INFO] Tests run: 9, Failures: 0, Errors: 0, Skipped: 0, Time elapsed: 0.107 s - in org.sonar.java.collections.AVLTreeTest
[INFO] Running org.sonar.java.ast.parser.grammar.types.TypeTest
[INFO] Tests run: 1, Failures: 0, Errors: 0, Skipped: 0, Time elapsed: 0.001 s - in org.sonar.java.ast.parser.grammar.types.TypeTest
[INFO] Running org.sonar.java.JavaConstantsTest
[INFO] Tests run: 1, Failures: 0, Errors: 0, Skipped: 0, Time elapsed: 0 s - in org.sonar.java.JavaConstantsTest
[INFO] Running org.sonar.java.model.TestDefaultJavaFileScannerContextWithSensorContextTester
[INFO] Tests run: 3, Failures: 0, Errors: 0, Skipped: 0, Time elapsed: 0.091 s - in org.sonar.java.model.TestDefaultJavaFileScannerContextWithSensorContextTester
[INFO] Running org.sonar.java.CommonsCollectionsTest
01:23:21.031 INFO  org.sonar.java.JavaSquid - Java Main Files AST scan
01:23:21.031 INFO  org.sonar.squidbridge.ProgressReport - 273 source files to be analyzed
01:23:31.032 INFO  org.sonar.squidbridge.ProgressReport - 67/273 files analyzed, current file: /home/travis/build/failed/SonarSource/sonar-java/java-frontend/target/test-projects/commons-collections-3.2.1/src/org/apache/commons/collections/bag/SynchronizedBag.java
01:23:41.032 INFO  org.sonar.squidbridge.ProgressReport - 116/273 files analyzed, current file: /home/travis/build/failed/SonarSource/sonar-java/java-frontend/target/test-projects/commons-collections-3.2.1/src/org/apache/commons/collections/functors/AnyPredicate.java
01:23:51.033 INFO  org.sonar.squidbridge.ProgressReport - 192/273 files analyzed, current file: /home/travis/build/failed/SonarSource/sonar-java/java-frontend/target/test-projects/commons-collections-3.2.1/src/org/apache/commons/collections/iterators/TransformIterator.java
01:24:01.033 INFO  org.sonar.squidbridge.ProgressReport - 236/273 files analyzed, current file: /home/travis/build/failed/SonarSource/sonar-java/java-frontend/target/test-projects/commons-collections-3.2.1/src/org/apache/commons/collections/map/LRUMap.java
01:24:06.368 INFO  org.sonar.java.JavaSquid - Java Main Files AST scan (done) | time=45337ms
01:24:06.368 INFO  org.sonar.squidbridge.ProgressReport - 273/273 source files have been analyzed
01:24:06.368 INFO  org.sonar.java.JavaSquid - Java Test Files AST scan
01:24:06.368 INFO  org.sonar.squidbridge.ProgressReport - 0 source files to be analyzed
01:24:06.369 INFO  org.sonar.squidbridge.ProgressReport - 0/0 source files have been analyzed
01:24:06.369 INFO  org.sonar.java.JavaSquid - Java Test Files AST scan (done) | time=0ms
[INFO] Tests run: 1, Failures: 0, Errors: 0, Skipped: 0, Time elapsed: 46.14 s - in org.sonar.java.CommonsCollectionsTest
[INFO] Running org.sonar.java.resolve.ResolveTest
[INFO] Tests run: 6, Failures: 0, Errors: 0, Skipped: 0, Time elapsed: 0.011 s - in org.sonar.java.resolve.ResolveTest
[INFO] Running org.sonar.java.ast.visitors.FileLinesVisitorTest
01:24:06.636 INFO  org.sonar.java.JavaSquid - Java Main Files AST scan
01:24:06.636 INFO  org.sonar.squidbridge.ProgressReport - 1 source files to be analyzed
01:24:06.742 INFO  org.sonar.java.JavaSquid - Java Main Files AST scan (done) | time=107ms
01:24:06.742 INFO  org.sonar.squidbridge.ProgressReport - 1/1 source files have been analyzed
01:24:06.742 INFO  org.sonar.java.JavaSquid - Java Test Files AST scan
01:24:06.742 INFO  org.sonar.squidbridge.ProgressReport - 0 source files to be analyzed
01:24:06.742 INFO  org.sonar.java.JavaSquid - Java Test Files AST scan (done) | time=0ms
01:24:06.743 INFO  org.sonar.squidbridge.ProgressReport - 0/0 source files have been analyzed
01:24:07.069 INFO  org.sonar.java.JavaSquid - Java Main Files AST scan
01:24:07.069 INFO  org.sonar.squidbridge.ProgressReport - 1 source files to be analyzed
01:24:07.503 INFO  org.sonar.java.JavaSquid - Java Main Files AST scan (done) | time=434ms
01:24:07.503 INFO  org.sonar.squidbridge.ProgressReport - 1/1 source files have been analyzed
01:24:07.503 INFO  org.sonar.java.JavaSquid - Java Test Files AST scan
01:24:07.503 INFO  org.sonar.squidbridge.ProgressReport - 0 source files to be analyzed
01:24:07.503 INFO  org.sonar.java.JavaSquid - Java Test Files AST scan (done) | time=0ms
01:24:07.503 INFO  org.sonar.squidbridge.ProgressReport - 0/0 source files have been analyzed
01:24:07.667 INFO  org.sonar.java.JavaSquid - Java Main Files AST scan
01:24:07.667 INFO  org.sonar.squidbridge.ProgressReport - 1 source files to be analyzed
01:24:07.721 INFO  org.sonar.java.JavaSquid - Java Main Files AST scan (done) | time=54ms
01:24:07.721 INFO  org.sonar.squidbridge.ProgressReport - 1/1 source files have been analyzed
01:24:07.722 INFO  org.sonar.java.JavaSquid - Java Test Files AST scan
01:24:07.722 INFO  org.sonar.squidbridge.ProgressReport - 0 source files to be analyzed
01:24:07.722 INFO  org.sonar.java.JavaSquid - Java Test Files AST scan (done) | time=0ms
01:24:07.722 INFO  org.sonar.squidbridge.ProgressReport - 0/0 source files have been analyzed
01:24:07.725 INFO  org.sonar.java.JavaSquid - Java Main Files AST scan
01:24:07.725 INFO  org.sonar.squidbridge.ProgressReport - 1 source files to be analyzed
01:24:07.825 INFO  org.sonar.java.JavaSquid - Java Main Files AST scan (done) | time=100ms
01:24:07.825 INFO  org.sonar.squidbridge.ProgressReport - 1/1 source files have been analyzed
01:24:07.825 INFO  org.sonar.java.JavaSquid - Java Test Files AST scan
01:24:07.825 INFO  org.sonar.squidbridge.ProgressReport - 0 source files to be analyzed
01:24:07.826 INFO  org.sonar.java.JavaSquid - Java Test Files AST scan (done) | time=1ms
01:24:07.826 INFO  org.sonar.squidbridge.ProgressReport - 0/0 source files have been analyzed
01:24:07.877 INFO  org.sonar.java.JavaSquid - Java Main Files AST scan
01:24:07.877 INFO  org.sonar.squidbridge.ProgressReport - 1 source files to be analyzed
01:24:08.070 INFO  org.sonar.java.JavaSquid - Java Main Files AST scan (done) | time=193ms
01:24:08.071 INFO  org.sonar.java.JavaSquid - Java Test Files AST scan
01:24:08.071 INFO  org.sonar.squidbridge.ProgressReport - 1/1 source files have been analyzed
01:24:08.071 INFO  org.sonar.squidbridge.ProgressReport - 0 source files to be analyzed
01:24:08.071 INFO  org.sonar.java.JavaSquid - Java Test Files AST scan (done) | time=0ms
01:24:08.071 INFO  org.sonar.squidbridge.ProgressReport - 0/0 source files have been analyzed
[INFO] Tests run: 4, Failures: 0, Errors: 0, Skipped: 0, Time elapsed: 1.546 s - in org.sonar.java.ast.visitors.FileLinesVisitorTest
[INFO] Running org.sonar.java.model.PackageUtilsTest
[INFO] Tests run: 4, Failures: 0, Errors: 0, Skipped: 0, Time elapsed: 0.002 s - in org.sonar.java.model.PackageUtilsTest
[INFO] Running org.sonar.java.se.ExplodedGraphWalkerTest
01:24:08.082 INFO  org.sonar.squidbridge.ProgressReport - 1 source files to be analyzed
01:24:08.389 INFO  org.sonar.squidbridge.ProgressReport - 1/1 source files have been analyzed
01:24:08.560 INFO  org.sonar.squidbridge.ProgressReport - 1 source files to be analyzed
01:24:08.765 INFO  org.sonar.squidbridge.ProgressReport - 1/1 source files have been analyzed
01:24:09.036 INFO  org.sonar.squidbridge.ProgressReport - 1 source files to be analyzed
01:24:09.044 INFO  org.sonar.squidbridge.ProgressReport - 1/1 source files have been analyzed
01:24:09.048 INFO  org.sonar.squidbridge.ProgressReport - 1 source files to be analyzed
01:24:09.187 INFO  org.sonar.squidbridge.ProgressReport - 1/1 source files have been analyzed
01:24:09.192 INFO  org.sonar.squidbridge.ProgressReport - 1 source files to be analyzed
01:24:09.415 INFO  org.sonar.squidbridge.ProgressReport - 1/1 source files have been analyzed
01:24:09.603 INFO  org.sonar.squidbridge.ProgressReport - 1 source files to be analyzed
01:24:09.771 INFO  org.sonar.squidbridge.ProgressReport - 1/1 source files have been analyzed
01:24:09.775 INFO  org.sonar.squidbridge.ProgressReport - 1 source files to be analyzed
01:24:09.914 INFO  org.sonar.squidbridge.ProgressReport - 1/1 source files have been analyzed
01:24:09.918 INFO  org.sonar.squidbridge.ProgressReport - 1 source files to be analyzed
01:24:10.103 INFO  org.sonar.squidbridge.ProgressReport - 1/1 source files have been analyzed
01:24:10.357 INFO  org.sonar.squidbridge.ProgressReport - 1 source files to be analyzed
01:24:10.722 INFO  org.sonar.squidbridge.ProgressReport - 1/1 source files have been analyzed
01:24:10.877 INFO  org.sonar.squidbridge.ProgressReport - 1 source files to be analyzed
01:24:11.493 INFO  org.sonar.squidbridge.ProgressReport - 1/1 source files have been analyzed
01:24:11.496 INFO  org.sonar.squidbridge.ProgressReport - 1 source files to be analyzed
01:24:11.888 INFO  org.sonar.squidbridge.ProgressReport - 1/1 source files have been analyzed
01:24:12.118 INFO  org.sonar.squidbridge.ProgressReport - 1 source files to be analyzed
01:24:12.371 INFO  org.sonar.squidbridge.ProgressReport - 1/1 source files have been analyzed
01:24:12.386 INFO  org.sonar.squidbridge.ProgressReport - 1 source files to be analyzed
01:24:12.569 INFO  org.sonar.squidbridge.ProgressReport - 1/1 source files have been analyzed
01:24:12.572 INFO  org.sonar.squidbridge.ProgressReport - 1 source files to be analyzed
01:24:12.925 INFO  org.sonar.squidbridge.ProgressReport - 1/1 source files have been analyzed
01:24:12.929 INFO  org.sonar.squidbridge.ProgressReport - 1 source files to be analyzed
01:24:13.123 INFO  org.sonar.squidbridge.ProgressReport - 1/1 source files have been analyzed
01:24:13.609 INFO  org.sonar.squidbridge.ProgressReport - 1 source files to be analyzed
01:24:13.853 INFO  org.sonar.squidbridge.ProgressReport - 1/1 source files have been analyzed
01:24:13.966 INFO  org.sonar.squidbridge.ProgressReport - 1 source files to be analyzed
01:24:14.408 INFO  org.sonar.squidbridge.ProgressReport - 1/1 source files have been analyzed
01:24:14.411 INFO  org.sonar.squidbridge.ProgressReport - 1 source files to be analyzed
01:24:14.530 INFO  org.sonar.squidbridge.ProgressReport - 1/1 source files have been analyzed
01:24:14.719 INFO  org.sonar.squidbridge.ProgressReport - 1 source files to be analyzed
01:24:14.870 INFO  org.sonar.squidbridge.ProgressReport - 1/1 source files have been analyzed
01:24:14.874 INFO  org.sonar.squidbridge.ProgressReport - 1 source files to be analyzed
01:24:15.005 INFO  org.sonar.squidbridge.ProgressReport - 1/1 source files have been analyzed
01:24:15.008 INFO  org.sonar.squidbridge.ProgressReport - 1 source files to be analyzed
01:24:19.077 INFO  org.sonar.squidbridge.ProgressReport - 1/1 source files have been analyzed
01:24:21.800 INFO  org.sonar.squidbridge.ProgressReport - 1 source files to be analyzed
01:24:22.098 INFO  org.sonar.squidbridge.ProgressReport - 1/1 source files have been analyzed
01:24:22.101 INFO  org.sonar.squidbridge.ProgressReport - 1 source files to be analyzed
01:24:22.703 INFO  org.sonar.squidbridge.ProgressReport - 1/1 source files have been analyzed
01:24:22.706 INFO  org.sonar.squidbridge.ProgressReport - 1 source files to be analyzed
01:24:23.285 INFO  org.sonar.squidbridge.ProgressReport - 1/1 source files have been analyzed
01:24:23.289 INFO  org.sonar.squidbridge.ProgressReport - 1 source files to be analyzed
01:24:23.603 INFO  org.sonar.squidbridge.ProgressReport - 1/1 source files have been analyzed
01:24:23.607 INFO  org.sonar.squidbridge.ProgressReport - 1 source files to be analyzed
01:24:23.910 INFO  org.sonar.squidbridge.ProgressReport - 1/1 source files have been analyzed
01:24:23.913 INFO  org.sonar.squidbridge.ProgressReport - 1 source files to be analyzed
01:24:24.323 INFO  org.sonar.squidbridge.ProgressReport - 1/1 source files have been analyzed
01:24:24.328 INFO  org.sonar.squidbridge.ProgressReport - 1 source files to be analyzed
01:24:24.561 INFO  org.sonar.squidbridge.ProgressReport - 1/1 source files have been analyzed
01:24:27.321 INFO  org.sonar.squidbridge.ProgressReport - 1 source files to be analyzed
01:24:27.736 INFO  org.sonar.squidbridge.ProgressReport - 1/1 source files have been analyzed
01:24:27.955 INFO  org.sonar.squidbridge.ProgressReport - 1 source files to be analyzed
01:24:27.981 INFO  org.sonar.squidbridge.ProgressReport - 1/1 source files have been analyzed
01:24:27.984 INFO  org.sonar.squidbridge.ProgressReport - 1 source files to be analyzed
01:24:28.448 INFO  org.sonar.squidbridge.ProgressReport - 1/1 source files have been analyzed
01:24:28.617 INFO  org.sonar.squidbridge.ProgressReport - 1 source files to be analyzed
01:24:28.837 INFO  org.sonar.squidbridge.ProgressReport - 1/1 source files have been analyzed
01:24:28.840 INFO  org.sonar.squidbridge.ProgressReport - 1 source files to be analyzed
01:24:30.546 INFO  org.sonar.squidbridge.ProgressReport - 1/1 source files have been analyzed
01:24:30.551 INFO  org.sonar.squidbridge.ProgressReport - 1 source files to be analyzed
01:24:30.687 INFO  org.sonar.squidbridge.ProgressReport - 1/1 source files have been analyzed
01:24:30.690 INFO  org.sonar.squidbridge.ProgressReport - 1 source files to be analyzed
01:24:30.824 INFO  org.sonar.squidbridge.ProgressReport - 1/1 source files have been analyzed
01:24:30.827 INFO  org.sonar.squidbridge.ProgressReport - 1 source files to be analyzed
01:24:30.969 INFO  org.sonar.squidbridge.ProgressReport - 1/1 source files have been analyzed
[INFO] Tests run: 31, Failures: 0, Errors: 0, Skipped: 0, Time elapsed: 22.891 s - in org.sonar.java.se.ExplodedGraphWalkerTest
[INFO] Running org.sonar.java.bytecode.cfg.BytecodeCFGConstructionTest
[INFO] Tests run: 156, Failures: 0, Errors: 0, Skipped: 0, Time elapsed: 0.208 s - in org.sonar.java.bytecode.cfg.BytecodeCFGConstructionTest
[INFO] Running org.sonar.java.ast.parser.grammar.annotations.AnnotationTypeDeclarationTest
[INFO] Tests run: 1, Failures: 0, Errors: 0, Skipped: 0, Time elapsed: 0 s - in org.sonar.java.ast.parser.grammar.annotations.AnnotationTypeDeclarationTest
[INFO] Running org.sonar.java.resolve.MethodReferenceResolutionTest
[INFO] Tests run: 9, Failures: 0, Errors: 0, Skipped: 0, Time elapsed: 1.451 s - in org.sonar.java.resolve.MethodReferenceResolutionTest
[INFO] Running org.sonar.java.resolve.LeastUpperBoundTest
[INFO] Tests run: 19, Failures: 0, Errors: 0, Skipped: 0, Time elapsed: 0.112 s - in org.sonar.java.resolve.LeastUpperBoundTest
[INFO] Running org.sonar.java.se.checks.FlowComputationTest
01:24:32.750 INFO  org.sonar.squidbridge.ProgressReport - 1 source files to be analyzed
01:24:33.072 INFO  org.sonar.squidbridge.ProgressReport - 1/1 source files have been analyzed
01:24:33.075 INFO  org.sonar.squidbridge.ProgressReport - 1 source files to be analyzed
01:24:33.299 INFO  org.sonar.squidbridge.ProgressReport - 1/1 source files have been analyzed
01:24:33.302 INFO  org.sonar.squidbridge.ProgressReport - 1 source files to be analyzed
01:24:33.481 INFO  org.sonar.squidbridge.ProgressReport - 1/1 source files have been analyzed
01:24:33.484 INFO  org.sonar.squidbridge.ProgressReport - 1 source files to be analyzed
01:24:33.666 INFO  org.sonar.squidbridge.ProgressReport - 1/1 source files have been analyzed
01:24:33.670 INFO  org.sonar.squidbridge.ProgressReport - 1 source files to be analyzed
01:24:33.781 INFO  org.sonar.squidbridge.ProgressReport - 1/1 source files have been analyzed
01:24:33.784 INFO  org.sonar.squidbridge.ProgressReport - 1 source files to be analyzed
01:24:33.932 INFO  org.sonar.squidbridge.ProgressReport - 1/1 source files have been analyzed
01:24:33.935 INFO  org.sonar.squidbridge.ProgressReport - 1 source files to be analyzed
01:24:34.080 INFO  org.sonar.squidbridge.ProgressReport - 1/1 source files have been analyzed
01:24:34.085 INFO  org.sonar.squidbridge.ProgressReport - 1 source files to be analyzed
01:24:34.292 INFO  org.sonar.squidbridge.ProgressReport - 1/1 source files have been analyzed
01:24:34.297 INFO  org.sonar.squidbridge.ProgressReport - 1 source files to be analyzed
01:24:34.395 INFO  org.sonar.squidbridge.ProgressReport - 1/1 source files have been analyzed
01:24:34.399 INFO  org.sonar.squidbridge.ProgressReport - 1 source files to be analyzed
01:24:34.506 INFO  org.sonar.squidbridge.ProgressReport - 1/1 source files have been analyzed
01:24:34.619 INFO  org.sonar.squidbridge.ProgressReport - 1 source files to be analyzed
01:24:34.683 INFO  org.sonar.squidbridge.ProgressReport - 1/1 source files have been analyzed
01:24:34.687 INFO  org.sonar.squidbridge.ProgressReport - 1 source files to be analyzed
01:24:34.839 INFO  org.sonar.squidbridge.ProgressReport - 1/1 source files have been analyzed
01:24:34.843 INFO  org.sonar.squidbridge.ProgressReport - 1 source files to be analyzed
01:24:34.992 INFO  org.sonar.squidbridge.ProgressReport - 1/1 source files have been analyzed
01:24:34.995 INFO  org.sonar.squidbridge.ProgressReport - 1 source files to be analyzed
01:24:35.184 INFO  org.sonar.squidbridge.ProgressReport - 1/1 source files have been analyzed
01:24:35.188 INFO  org.sonar.squidbridge.ProgressReport - 1 source files to be analyzed
01:24:35.511 INFO  org.sonar.squidbridge.ProgressReport - 1/1 source files have been analyzed
01:24:35.513 DEBUG o.s.java.bytecode.ClassLoaderBuilder - ----- Classpath analyzed by Squid:
01:24:35.513 DEBUG o.s.java.bytecode.ClassLoaderBuilder - /home/travis/build/failed/SonarSource/sonar-java/java-frontend/target/test-jars/annotations-13.0.jar
01:24:35.513 DEBUG o.s.java.bytecode.ClassLoaderBuilder - /home/travis/build/failed/SonarSource/sonar-java/java-frontend/target/test-jars/annotations-3.0.0.jar
01:24:35.513 DEBUG o.s.java.bytecode.ClassLoaderBuilder - /home/travis/build/failed/SonarSource/sonar-java/java-frontend/target/test-jars/aspectjtools-1.8.10.jar
01:24:35.513 DEBUG o.s.java.bytecode.ClassLoaderBuilder - /home/travis/build/failed/SonarSource/sonar-java/java-frontend/target/test-jars/commons-collections-3.2.1.jar
01:24:35.513 DEBUG o.s.java.bytecode.ClassLoaderBuilder - /home/travis/build/failed/SonarSource/sonar-java/java-frontend/target/test-jars/commons-collections4-4.1.jar
01:24:35.513 DEBUG o.s.java.bytecode.ClassLoaderBuilder - /home/travis/build/failed/SonarSource/sonar-java/java-frontend/target/test-jars/commons-lang-2.6.jar
01:24:35.513 DEBUG o.s.java.bytecode.ClassLoaderBuilder - /home/travis/build/failed/SonarSource/sonar-java/java-frontend/target/test-jars/commons-lang3-3.5.jar
01:24:35.513 DEBUG o.s.java.bytecode.ClassLoaderBuilder - /home/travis/build/failed/SonarSource/sonar-java/java-frontend/target/test-jars/guava-20.0.jar
01:24:35.513 DEBUG o.s.java.bytecode.ClassLoaderBuilder - /home/travis/build/failed/SonarSource/sonar-java/java-frontend/target/test-jars/hibernate-jpa-2.0-api-1.0.1.Final.jar
01:24:35.513 DEBUG o.s.java.bytecode.ClassLoaderBuilder - /home/travis/build/failed/SonarSource/sonar-java/java-frontend/target/test-jars/javaee-api-7.0.jar
01:24:35.513 DEBUG o.s.java.bytecode.ClassLoaderBuilder - /home/travis/build/failed/SonarSource/sonar-java/java-frontend/target/test-jars/javax.servlet-api-3.1.0.jar
01:24:35.513 DEBUG o.s.java.bytecode.ClassLoaderBuilder - /home/travis/build/failed/SonarSource/sonar-java/java-frontend/target/test-jars/jsr305-1.3.9.jar
01:24:35.513 DEBUG o.s.java.bytecode.ClassLoaderBuilder - /home/travis/build/failed/SonarSource/sonar-java/java-frontend/target/test-jars/junit-jupiter-api-5.0.0-M4.jar
01:24:35.513 DEBUG o.s.java.bytecode.ClassLoaderBuilder - /home/travis/build/failed/SonarSource/sonar-java/java-frontend/target/test-jars/log4j-core-2.3.jar
01:24:35.513 DEBUG o.s.java.bytecode.ClassLoaderBuilder - /home/travis/build/failed/SonarSource/sonar-java/java-frontend/target/test-jars/lombok-1.16.4.jar
01:24:35.513 DEBUG o.s.java.bytecode.ClassLoaderBuilder - /home/travis/build/failed/SonarSource/sonar-java/java-frontend/target/test-jars/org.eclipse.jdt.annotation-2.1.100.jar
01:24:35.513 DEBUG o.s.java.bytecode.ClassLoaderBuilder - /home/travis/build/failed/SonarSource/sonar-java/java-frontend/target/test-jars/spring-context-5.0.4.RELEASE.jar
01:24:35.513 DEBUG o.s.java.bytecode.ClassLoaderBuilder - /home/travis/build/failed/SonarSource/sonar-java/java-frontend/target/test-jars/spring-core-4.3.8.RELEASE.jar
01:24:35.513 DEBUG o.s.java.bytecode.ClassLoaderBuilder - /home/travis/build/failed/SonarSource/sonar-java/java-frontend/target/test-jars/spring-web-5.0.4.RELEASE.jar
01:24:35.513 DEBUG o.s.java.bytecode.ClassLoaderBuilder - /home/travis/build/failed/SonarSource/sonar-java/java-frontend/target/test-classes
01:24:35.513 DEBUG o.s.java.bytecode.ClassLoaderBuilder - -----
01:24:35.515 INFO  org.sonar.squidbridge.ProgressReport - 1 source files to be analyzed
01:24:35.701 DEBUG o.s.j.b.loader.SquidClassLoader - .class not found for Object
01:24:35.702 DEBUG o.s.j.b.loader.SquidClassLoader - .class not found for java.lang.package-info
01:24:35.702 DEBUG o.s.j.b.loader.SquidClassLoader - .class not found for java.lang.Synthetic$Object
01:24:35.702 DEBUG o.s.j.b.loader.SquidClassLoader - .class not found for Object
01:24:35.702 DEBUG o.s.j.b.loader.SquidClassLoader - .class not found for java.lang.Synthetic$Object
01:24:35.702 DEBUG o.s.j.b.loader.SquidClassLoader - .class not found for Object
01:24:35.702 DEBUG o.s.j.b.loader.SquidClassLoader - .class not found for java.lang.Synthetic$Object
01:24:35.702 DEBUG o.s.j.b.loader.SquidClassLoader - .class not found for System
01:24:35.702 DEBUG o.s.j.b.loader.SquidClassLoader - .class not found for java.lang.Synthetic$System
01:24:35.703 DEBUG o.s.j.b.loader.SquidClassLoader - .class not found for System
01:24:35.703 DEBUG o.s.j.b.loader.SquidClassLoader - .class not found for java.lang.Synthetic$System
01:24:35.703 DEBUG o.s.j.b.loader.SquidClassLoader - .class not found for System
01:24:35.703 DEBUG o.s.j.b.loader.SquidClassLoader - .class not found for java.lang.Synthetic$System
01:24:35.703 DEBUG o.s.j.b.loader.SquidClassLoader - .class not found for System
01:24:35.703 DEBUG o.s.j.b.loader.SquidClassLoader - .class not found for java.lang.Synthetic$System
01:24:35.703 DEBUG o.s.j.b.loader.SquidClassLoader - .class not found for System
01:24:35.703 DEBUG o.s.j.b.loader.SquidClassLoader - .class not found for java.lang.Synthetic$System
01:24:35.704 DEBUG o.s.j.b.loader.SquidClassLoader - .class not found for System
01:24:35.704 DEBUG o.s.j.b.loader.SquidClassLoader - .class not found for java.lang.Synthetic$System
01:24:35.704 DEBUG o.s.j.b.loader.SquidClassLoader - .class not found for System
01:24:35.704 DEBUG o.s.j.b.loader.SquidClassLoader - .class not found for java.lang.Synthetic$System
01:24:35.704 DEBUG o.s.j.b.loader.SquidClassLoader - .class not found for System
01:24:35.704 DEBUG o.s.j.b.loader.SquidClassLoader - .class not found for java.lang.Synthetic$System
01:24:35.704 DEBUG o.s.j.b.loader.SquidClassLoader - .class not found for System
01:24:35.704 DEBUG o.s.j.b.loader.SquidClassLoader - .class not found for java.lang.Synthetic$System
01:24:35.704 DEBUG o.s.j.b.loader.SquidClassLoader - .class not found for System
01:24:35.704 DEBUG o.s.j.b.loader.SquidClassLoader - .class not found for java.lang.Synthetic$System
01:24:35.704 DEBUG o.s.j.b.loader.SquidClassLoader - .class not found for System
01:24:35.704 DEBUG o.s.j.b.loader.SquidClassLoader - .class not found for java.lang.Synthetic$System
01:24:35.704 DEBUG o.s.j.b.loader.SquidClassLoader - .class not found for System
01:24:35.704 DEBUG o.s.j.b.loader.SquidClassLoader - .class not found for java.lang.Synthetic$System
01:24:35.705 DEBUG o.s.j.b.loader.SquidClassLoader - .class not found for System
01:24:35.705 DEBUG o.s.j.b.loader.SquidClassLoader - .class not found for java.lang.Synthetic$System
01:24:35.705 DEBUG o.s.j.b.loader.SquidClassLoader - .class not found for System
01:24:35.705 DEBUG o.s.j.b.loader.SquidClassLoader - .class not found for java.lang.Synthetic$System
01:24:35.705 DEBUG o.s.j.b.loader.SquidClassLoader - .class not found for System
01:24:35.705 DEBUG o.s.j.b.loader.SquidClassLoader - .class not found for java.lang.Synthetic$System
01:24:35.705 DEBUG o.s.j.b.loader.SquidClassLoader - .class not found for System
01:24:35.705 DEBUG o.s.j.b.loader.SquidClassLoader - .class not found for java.lang.Synthetic$System
01:24:35.705 DEBUG o.s.j.b.loader.SquidClassLoader - .class not found for System
01:24:35.705 DEBUG o.s.j.b.loader.SquidClassLoader - .class not found for java.lang.Synthetic$System
01:24:35.705 DEBUG o.s.j.b.loader.SquidClassLoader - .class not found for System
01:24:35.705 DEBUG o.s.j.b.loader.SquidClassLoader - .class not found for java.lang.Synthetic$System
01:24:35.705 DEBUG o.s.j.b.loader.SquidClassLoader - .class not found for System
01:24:35.705 DEBUG o.s.j.b.loader.SquidClassLoader - .class not found for java.lang.Synthetic$System
01:24:35.706 DEBUG o.s.j.b.loader.SquidClassLoader - .class not found for A
01:24:35.706 DEBUG o.s.j.bytecode.se.BytecodeEGWalker - Method body not found: %s
01:24:35.707 DEBUG o.s.j.b.loader.SquidClassLoader - .class not found for java.io.package-info
01:24:35.799 INFO  org.sonar.squidbridge.ProgressReport - 1/1 source files have been analyzed
01:24:35.803 INFO  org.sonar.squidbridge.ProgressReport - 1 source files to be analyzed
01:24:36.104 INFO  org.sonar.squidbridge.ProgressReport - 1/1 source files have been analyzed
[INFO] Tests run: 18, Failures: 0, Errors: 0, Skipped: 0, Time elapsed: 3.356 s - in org.sonar.java.se.checks.FlowComputationTest
[INFO] Running org.sonar.java.se.xproc.MethodBehaviorTest
[INFO] Tests run: 7, Failures: 0, Errors: 0, Skipped: 0, Time elapsed: 0.452 s - in org.sonar.java.se.xproc.MethodBehaviorTest
[INFO] Running org.sonar.java.resolve.TypeInferenceSolverTest
[INFO] Tests run: 5, Failures: 0, Errors: 0, Skipped: 0, Time elapsed: 0.14 s - in org.sonar.java.resolve.TypeInferenceSolverTest
[INFO] Running org.sonar.java.ast.visitors.ComplexityVisitorTest
[INFO] Tests run: 3, Failures: 0, Errors: 0, Skipped: 0, Time elapsed: 0.005 s - in org.sonar.java.ast.visitors.ComplexityVisitorTest
[INFO] Running org.sonar.java.se.checks.UnclosedResourcesCheckTest
01:24:36.709 INFO  org.sonar.squidbridge.ProgressReport - 1 source files to be analyzed
01:24:36.982 INFO  org.sonar.squidbridge.ProgressReport - 1/1 source files have been analyzed
01:24:36.986 INFO  org.sonar.squidbridge.ProgressReport - 1 source files to be analyzed
01:24:37.429 INFO  org.sonar.squidbridge.ProgressReport - 1/1 source files have been analyzed
01:24:37.431 INFO  org.sonar.squidbridge.ProgressReport - 1 source files to be analyzed
01:24:38.280 INFO  org.sonar.squidbridge.ProgressReport - 1/1 source files have been analyzed
01:24:38.284 INFO  org.sonar.squidbridge.ProgressReport - 1 source files to be analyzed
01:24:38.574 INFO  org.sonar.squidbridge.ProgressReport - 1/1 source files have been analyzed
01:24:38.577 INFO  org.sonar.squidbridge.ProgressReport - 1 source files to be analyzed
01:24:38.859 INFO  org.sonar.squidbridge.ProgressReport - 1/1 source files have been analyzed
01:24:38.862 INFO  org.sonar.squidbridge.ProgressReport - 1 source files to be analyzed
01:24:39.259 INFO  org.sonar.squidbridge.ProgressReport - 1/1 source files have been analyzed
01:24:39.262 INFO  org.sonar.squidbridge.ProgressReport - 1 source files to be analyzed
01:24:39.492 INFO  org.sonar.squidbridge.ProgressReport - 1/1 source files have been analyzed
01:24:39.495 INFO  org.sonar.squidbridge.ProgressReport - 1 source files to be analyzed
01:24:39.791 INFO  org.sonar.squidbridge.ProgressReport - 1/1 source files have been analyzed
[INFO] Tests run: 9, Failures: 0, Errors: 0, Skipped: 0, Time elapsed: 3.085 s - in org.sonar.java.se.checks.UnclosedResourcesCheckTest
[INFO] Running org.sonar.java.model.declaration.OpensDirectiveTreeImplTest
[INFO] Tests run: 3, Failures: 0, Errors: 0, Skipped: 0, Time elapsed: 0.248 s - in org.sonar.java.model.declaration.OpensDirectiveTreeImplTest
[INFO] Running org.sonar.java.ast.parser.grammar.units.PackageDeclarationTest
[INFO] Tests run: 1, Failures: 0, Errors: 0, Skipped: 0, Time elapsed: 0.001 s - in org.sonar.java.ast.parser.grammar.units.PackageDeclarationTest
[INFO] Running org.sonar.java.JavaClasspathTest
01:24:40.045 INFO  org.sonar.java.JavaClasspath - JavaClasspath initialization
01:24:40.046 ERROR org.sonar.java.AbstractJavaClasspath - Invalid value for sonar.java.libraries
01:24:40.046 INFO  org.sonar.java.JavaClasspath - JavaClasspath initialization
01:24:40.047 INFO  org.sonar.java.JavaClasspath - JavaClasspath initialization (done) | time=1ms
01:24:40.047 INFO  org.sonar.java.JavaClasspath - JavaClasspath initialization
01:24:40.062 INFO  org.sonar.java.JavaClasspath - JavaClasspath initialization (done) | time=15ms
01:24:40.063 INFO  org.sonar.java.JavaClasspath - JavaClasspath initialization
01:24:40.065 INFO  org.sonar.java.JavaClasspath - JavaClasspath initialization (done) | time=2ms
01:24:40.065 INFO  org.sonar.java.JavaClasspath - JavaClasspath initialization
01:24:40.065 WARN  org.sonar.java.JavaClasspath - Bytecode of dependencies was not provided for analysis of source files, you might end up with less precise results. Bytecode can be provided using sonar.java.libraries property
01:24:40.065 INFO  org.sonar.java.JavaClasspath - JavaClasspath initialization (done) | time=0ms
01:24:40.311 INFO  org.sonar.java.JavaClasspath - JavaClasspath initialization
01:24:40.312 INFO  org.sonar.java.JavaClasspath - JavaClasspath initialization (done) | time=1ms
01:24:40.312 INFO  org.sonar.java.JavaClasspath - JavaClasspath initialization
01:24:40.313 INFO  org.sonar.java.JavaClasspath - JavaClasspath initialization (done) | time=1ms
01:24:40.313 INFO  org.sonar.java.JavaClasspath - JavaClasspath initialization
01:24:40.314 INFO  org.sonar.java.JavaClasspath - JavaClasspath initialization (done) | time=1ms
01:24:40.315 INFO  org.sonar.java.JavaClasspath - JavaClasspath initialization
01:24:40.315 WARN  org.sonar.java.JavaClasspath - Bytecode of dependencies was not provided for analysis of source files, you might end up with less precise results. Bytecode can be provided using sonar.java.libraries property
01:24:40.315 INFO  org.sonar.java.JavaClasspath - JavaClasspath initialization (done) | time=0ms
01:24:40.315 INFO  org.sonar.java.JavaClasspath - JavaClasspath initialization
01:24:40.316 INFO  org.sonar.java.JavaClasspath - JavaClasspath initialization (done) | time=1ms
01:24:40.317 INFO  org.sonar.java.JavaClasspath - JavaClasspath initialization
01:24:40.317 INFO  org.sonar.java.JavaClasspath - JavaClasspath initialization (done) | time=0ms
01:24:40.317 INFO  org.sonar.java.JavaClasspath - JavaClasspath initialization
01:24:40.318 INFO  org.sonar.java.JavaClasspath - JavaClasspath initialization (done) | time=1ms
01:24:40.319 INFO  org.sonar.java.JavaClasspath - JavaClasspath initialization
01:24:40.320 INFO  org.sonar.java.JavaClasspath - JavaClasspath initialization (done) | time=1ms
01:24:40.320 INFO  org.sonar.java.JavaClasspath - JavaClasspath initialization
01:24:40.320 INFO  org.sonar.java.JavaClasspath - JavaClasspath initialization (done) | time=0ms
01:24:40.320 INFO  org.sonar.java.JavaClasspath - JavaClasspath initialization
01:24:40.321 ERROR org.sonar.java.AbstractJavaClasspath - Invalid value for sonar.java.libraries
01:24:40.321 INFO  org.sonar.java.JavaClasspath - JavaClasspath initialization
01:24:40.321 INFO  org.sonar.java.JavaClasspath - JavaClasspath initialization (done) | time=0ms
01:24:40.322 INFO  org.sonar.java.JavaClasspath - JavaClasspath initialization
01:24:40.322 INFO  org.sonar.java.JavaClasspath - JavaClasspath initialization (done) | time=0ms
01:24:40.322 INFO  org.sonar.java.JavaClasspath - JavaClasspath initialization
01:24:40.323 INFO  org.sonar.java.JavaClasspath - JavaClasspath initialization (done) | time=1ms
01:24:40.324 INFO  org.sonar.java.JavaClasspath - JavaClasspath initialization
01:24:40.324 ERROR org.sonar.java.AbstractJavaClasspath - Invalid value for sonar.java.binaries
01:24:40.324 INFO  org.sonar.java.JavaClasspath - JavaClasspath initialization
01:24:40.324 INFO  org.sonar.java.JavaClasspath - JavaClasspath initialization
01:24:40.325 INFO  org.sonar.java.JavaClasspath - JavaClasspath initialization (done) | time=1ms
01:24:40.325 INFO  org.sonar.java.JavaClasspath - JavaClasspath initialization
01:24:40.325 WARN  org.sonar.java.JavaClasspath - Bytecode of dependencies was not provided for analysis of source files, you might end up with less precise results. Bytecode can be provided using sonar.java.libraries property
01:24:40.326 INFO  org.sonar.java.JavaClasspath - JavaClasspath initialization (done) | time=1ms
01:24:40.326 INFO  org.sonar.java.JavaClasspath - JavaClasspath initialization
01:24:40.326 INFO  org.sonar.java.JavaClasspath - JavaClasspath initialization (done) | time=0ms
01:24:40.326 INFO  org.sonar.java.JavaClasspath - JavaClasspath initialization
01:24:40.326 INFO  org.sonar.java.JavaClasspath - JavaClasspath initialization
01:24:40.326 WARN  org.sonar.java.JavaClasspath - Bytecode of dependencies was not provided for analysis of source files, you might end up with less precise results. Bytecode can be provided using sonar.java.libraries property
01:24:40.326 INFO  org.sonar.java.JavaClasspath - JavaClasspath initialization (done) | time=0ms
01:24:40.327 INFO  org.sonar.java.JavaClasspath - JavaClasspath initialization
01:24:40.327 WARN  org.sonar.java.JavaClasspath - sonar.java.binaries is empty, please double check your configuration
01:24:40.327 WARN  org.sonar.java.JavaClasspath - Bytecode of dependencies was not provided for analysis of source files, you might end up with less precise results. Bytecode can be provided using sonar.java.libraries property
01:24:40.327 INFO  org.sonar.java.JavaClasspath - JavaClasspath initialization (done) | time=0ms
01:24:40.327 INFO  org.sonar.java.JavaClasspath - JavaClasspath initialization
01:24:40.327 INFO  org.sonar.java.JavaClasspath - JavaClasspath initialization (done) | time=0ms
01:24:40.327 INFO  org.sonar.java.JavaClasspath - JavaClasspath initialization
01:24:40.328 INFO  org.sonar.java.JavaClasspath - JavaClasspath initialization (done) | time=1ms
01:24:40.328 INFO  org.sonar.java.JavaClasspath - JavaClasspath initialization
01:24:40.328 INFO  org.sonar.java.JavaClasspath - JavaClasspath initialization
01:24:40.328 INFO  org.sonar.java.JavaClasspath - JavaClasspath initialization (done) | time=0ms
[INFO] Tests run: 29, Failures: 0, Errors: 0, Skipped: 0, Time elapsed: 0.283 s - in org.sonar.java.JavaClasspathTest
[INFO] Running org.sonar.java.se.NullableAnnotationUtilsTest
[INFO] Tests run: 4, Failures: 0, Errors: 0, Skipped: 0, Time elapsed: 2.188 s - in org.sonar.java.se.NullableAnnotationUtilsTest
[INFO] Running org.sonar.java.se.SECheckTest
[INFO] Tests run: 1, Failures: 0, Errors: 0, Skipped: 0, Time elapsed: 0.009 s - in org.sonar.java.se.SECheckTest
[INFO] Running org.sonar.java.se.symbolicvalues.SymbolicValueTest
[INFO] Tests run: 6, Failures: 0, Errors: 0, Skipped: 0, Time elapsed: 0 s - in org.sonar.java.se.symbolicvalues.SymbolicValueTest
[INFO] Running org.sonar.java.xml.XmlCheckContextImplTest
[INFO] Tests run: 17, Failures: 0, Errors: 0, Skipped: 0, Time elapsed: 1.707 s - in org.sonar.java.xml.XmlCheckContextImplTest
[INFO] Running org.sonar.java.ast.parser.grammar.statements.AssertStatementTest
[INFO] Tests run: 1, Failures: 0, Errors: 0, Skipped: 0, Time elapsed: 0.001 s - in org.sonar.java.ast.parser.grammar.statements.AssertStatementTest
[INFO] Running org.sonar.java.se.checks.NoWayOutLoopCheckTest
01:24:44.250 INFO  org.sonar.squidbridge.ProgressReport - 1 source files to be analyzed
01:24:44.519 INFO  org.sonar.squidbridge.ProgressReport - 1/1 source files have been analyzed
[INFO] Tests run: 1, Failures: 0, Errors: 0, Skipped: 0, Time elapsed: 0.273 s - in org.sonar.java.se.checks.NoWayOutLoopCheckTest
[INFO] Running org.sonar.java.se.checks.MapComputeIfAbsentOrPresentCheckTest
01:24:44.524 INFO  org.sonar.squidbridge.ProgressReport - 1 source files to be analyzed
01:24:45.049 INFO  org.sonar.squidbridge.ProgressReport - 1/1 source files have been analyzed
[INFO] Tests run: 1, Failures: 0, Errors: 0, Skipped: 0, Time elapsed: 0.528 s - in org.sonar.java.se.checks.MapComputeIfAbsentOrPresentCheckTest
[INFO] Running org.sonar.java.ast.api.JavaPunctuatorTest
[INFO] Tests run: 1, Failures: 0, Errors: 0, Skipped: 0, Time elapsed: 0 s - in org.sonar.java.ast.api.JavaPunctuatorTest
[INFO] Running org.sonar.java.model.declaration.ClassTreeImplTest
[INFO] Tests run: 2, Failures: 0, Errors: 0, Skipped: 0, Time elapsed: 0.006 s - in org.sonar.java.model.declaration.ClassTreeImplTest
[INFO] Running org.sonar.java.se.checks.SyntaxTreeNameFinderTest
[INFO] Tests run: 8, Failures: 0, Errors: 0, Skipped: 0, Time elapsed: 0.002 s - in org.sonar.java.se.checks.SyntaxTreeNameFinderTest
[INFO] Running org.sonar.java.ast.api.JavaTokenTypeTest
[INFO] Tests run: 1, Failures: 0, Errors: 0, Skipped: 0, Time elapsed: 0 s - in org.sonar.java.ast.api.JavaTokenTypeTest
[INFO] Running org.sonar.java.ast.parser.grammar.enums.EnumDeclarationTest
[INFO] Tests run: 2, Failures: 0, Errors: 0, Skipped: 0, Time elapsed: 0 s - in org.sonar.java.ast.parser.grammar.enums.EnumDeclarationTest
[INFO] Running org.sonar.java.ast.parser.grammar.statements.ReturnStatementTest
[INFO] Tests run: 1, Failures: 0, Errors: 0, Skipped: 0, Time elapsed: 0 s - in org.sonar.java.ast.parser.grammar.statements.ReturnStatementTest
[INFO] Running org.sonar.plugins.java.api.CheckRegistrarTest
[INFO] Tests run: 1, Failures: 0, Errors: 0, Skipped: 0, Time elapsed: 0 s - in org.sonar.plugins.java.api.CheckRegistrarTest
[INFO] Running org.sonar.java.ast.parser.grammar.moduledirectives.RequiresDirectiveTest
[INFO] Tests run: 3, Failures: 0, Errors: 0, Skipped: 0, Time elapsed: 0.001 s - in org.sonar.java.ast.parser.grammar.moduledirectives.RequiresDirectiveTest
[INFO] Running org.sonar.java.bytecode.loader.FileSystemLoaderTest
[INFO] Tests run: 4, Failures: 0, Errors: 0, Skipped: 0, Time elapsed: 0 s - in org.sonar.java.bytecode.loader.FileSystemLoaderTest
[INFO] Running org.sonar.java.model.statement.ContinueStatementTreeImplTest
[INFO] Tests run: 2, Failures: 0, Errors: 0, Skipped: 0, Time elapsed: 0 s - in org.sonar.java.model.statement.ContinueStatementTreeImplTest
[INFO] Running org.sonar.java.model.expression.MethodInvocationTreeImplTest
[INFO] Tests run: 3, Failures: 0, Errors: 0, Skipped: 0, Time elapsed: 0.013 s - in org.sonar.java.model.expression.MethodInvocationTreeImplTest
[INFO] Running org.sonar.java.resolve.FlagsTest
[INFO] Tests run: 2, Failures: 0, Errors: 0, Skipped: 0, Time elapsed: 0 s - in org.sonar.java.resolve.FlagsTest
[INFO] Running org.sonar.java.ast.parser.grammar.statements.BlockStatementsTest
[INFO] Tests run: 1, Failures: 0, Errors: 0, Skipped: 0, Time elapsed: 0 s - in org.sonar.java.ast.parser.grammar.statements.BlockStatementsTest
[INFO] Running org.sonar.java.resolve.ImportResolutionTest
[INFO] Tests run: 12, Failures: 0, Errors: 0, Skipped: 0, Time elapsed: 1.063 s - in org.sonar.java.resolve.ImportResolutionTest
[INFO] Running org.sonar.java.cfg.LiveVariablesTest
[INFO] Tests run: 10, Failures: 0, Errors: 0, Skipped: 0, Time elapsed: 0.11 s - in org.sonar.java.cfg.LiveVariablesTest
[INFO] Running org.sonar.java.resolve.GenericsTest
[INFO] Tests run: 27, Failures: 0, Errors: 0, Skipped: 0, Time elapsed: 1.747 s - in org.sonar.java.resolve.GenericsTest
[INFO] Running org.sonar.java.se.xproc.HappyPathYieldTest
[INFO] Tests run: 3, Failures: 0, Errors: 0, Skipped: 0, Time elapsed: 0.152 s - in org.sonar.java.se.xproc.HappyPathYieldTest
[INFO] Running org.sonar.java.ast.parser.grammar.statements.ForStatementTest
[INFO] Tests run: 1, Failures: 0, Errors: 0, Skipped: 0, Time elapsed: 0.003 s - in org.sonar.java.ast.parser.grammar.statements.ForStatementTest
[INFO] Running org.sonar.java.se.xproc.ExceptionalYieldTest
[INFO] Tests run: 5, Failures: 0, Errors: 0, Skipped: 0, Time elapsed: 0.306 s - in org.sonar.java.se.xproc.ExceptionalYieldTest
[INFO] Running org.sonar.java.matcher.MethodMatcherTest
01:24:48.657 INFO  org.sonar.squidbridge.ProgressReport - 1 source files to be analyzed
01:24:48.780 INFO  org.sonar.squidbridge.ProgressReport - 1/1 source files have been analyzed
01:24:49.762 INFO  org.sonar.squidbridge.ProgressReport - 1 source files to be analyzed
01:24:50.105 INFO  org.sonar.squidbridge.ProgressReport - 1/1 source files have been analyzed
[INFO] Tests run: 19, Failures: 0, Errors: 0, Skipped: 0, Time elapsed: 1.619 s - in org.sonar.java.matcher.MethodMatcherTest
[INFO] Running org.sonar.java.bytecode.cfg.BytecodeCFGBuilderTest
[INFO] Tests run: 12, Failures: 0, Errors: 0, Skipped: 0, Time elapsed: 1.991 s - in org.sonar.java.bytecode.cfg.BytecodeCFGBuilderTest
[INFO] Running org.sonar.java.ast.parser.grammar.CornerCasesTest
[INFO] Tests run: 1, Failures: 0, Errors: 0, Skipped: 0, Time elapsed: 0.04 s - in org.sonar.java.ast.parser.grammar.CornerCasesTest
[INFO] Running org.sonar.java.xml.XmlAnalyzerTest
01:24:53.450 WARN  org.sonar.java.xml.XmlAnalyzer - No 'xml' file have been indexed.
01:24:53.452 INFO  org.sonar.squidbridge.ProgressReport - 1 source files to be analyzed
01:24:58.203 INFO  org.sonar.squidbridge.ProgressReport - 1/1 source files have been analyzed
01:24:58.441 INFO  org.sonar.squidbridge.ProgressReport - 1 source files to be analyzed
01:24:58.444 INFO  org.sonar.squidbridge.ProgressReport - 1 source files to be analyzed
01:24:58.485 INFO  org.sonar.squidbridge.ProgressReport - 1/1 source files have been analyzed
01:24:58.486 INFO  org.sonar.squidbridge.ProgressReport - 1 source files to be analyzed
01:24:58.521 INFO  org.sonar.squidbridge.ProgressReport - 1/1 source files have been analyzed
01:24:58.522 INFO  org.sonar.squidbridge.ProgressReport - 1 source files to be analyzed
01:24:58.551 INFO  org.sonar.squidbridge.ProgressReport - 1/1 source files have been analyzed
01:24:58.552 INFO  org.sonar.squidbridge.ProgressReport - 1 source files to be analyzed
01:24:58.554 INFO  org.sonar.squidbridge.ProgressReport - 1/1 source files have been analyzed
01:24:58.554 INFO  org.sonar.squidbridge.ProgressReport - 0 source files to be analyzed
01:24:58.555 INFO  org.sonar.squidbridge.ProgressReport - 0/0 source files have been analyzed
01:24:58.555 INFO  org.sonar.squidbridge.ProgressReport - 1 source files to be analyzed
01:24:58.834 INFO  org.sonar.squidbridge.ProgressReport - 1/1 source files have been analyzed
01:24:58.835 INFO  org.sonar.squidbridge.ProgressReport - 1 source files to be analyzed
01:24:58.863 INFO  org.sonar.squidbridge.ProgressReport - 1/1 source files have been analyzed
01:24:58.863 INFO  org.sonar.squidbridge.ProgressReport - 1 source files to be analyzed
01:24:59.086 ERROR org.sonar.java.xml.XmlParser - Unable to parse xml file: src/test/files/xml/maven/parse-issue/pom.xml
01:24:59.086 INFO  org.sonar.squidbridge.ProgressReport - 1/1 source files have been analyzed
[INFO] Tests run: 11, Failures: 0, Errors: 0, Skipped: 0, Time elapsed: 6.935 s - in org.sonar.java.xml.XmlAnalyzerTest
[INFO] Running org.sonar.java.UCFGJavaVisitorTest
[INFO] Tests run: 19, Failures: 0, Errors: 0, Skipped: 0, Time elapsed: 2.211 s - in org.sonar.java.UCFGJavaVisitorTest
[INFO] Running org.sonar.java.bytecode.se.BytecodeSECheckTest
[INFO] Tests run: 6, Failures: 0, Errors: 0, Skipped: 0, Time elapsed: 0.01 s - in org.sonar.java.bytecode.se.BytecodeSECheckTest
[INFO] Running org.sonar.java.JavaIssueTest
[INFO] Tests run: 2, Failures: 0, Errors: 0, Skipped: 0, Time elapsed: 0.009 s - in org.sonar.java.JavaIssueTest
[INFO] Running org.sonar.java.model.declaration.UsesDirectiveTreeImplTest
[INFO] Tests run: 2, Failures: 0, Errors: 0, Skipped: 0, Time elapsed: 0.118 s - in org.sonar.java.model.declaration.UsesDirectiveTreeImplTest
[INFO] Running org.sonar.java.xml.maven.PomParserTest
01:25:01.480 ERROR org.sonar.java.xml.maven.PomParser - Unable to parse pom file src/test/files/xml/maven/parse-issue/pom.xml
javax.xml.bind.UnmarshalException: null
	at com.sun.xml.bind.v2.runtime.unmarshaller.UnmarshallerImpl.handleStreamException(UnmarshallerImpl.java:485) ~[jaxb-runtime-2.3.0.jar:2.3.0]
	at com.sun.xml.bind.v2.runtime.unmarshaller.UnmarshallerImpl.unmarshal0(UnmarshallerImpl.java:417) ~[jaxb-runtime-2.3.0.jar:2.3.0]
	at com.sun.xml.bind.v2.runtime.unmarshaller.UnmarshallerImpl.unmarshal(UnmarshallerImpl.java:394) ~[jaxb-runtime-2.3.0.jar:2.3.0]
	at org.sonar.java.xml.maven.PomParser.parseXML(PomParser.java:63) ~[classes/:na]
	at org.sonar.java.xml.maven.PomParserTest.should_fail_parsing(PomParserTest.java:76) [test-classes/:na]
	at sun.reflect.NativeMethodAccessorImpl.invoke0(Native Method) ~[na:1.8.0_151]
	at sun.reflect.NativeMethodAccessorImpl.invoke(NativeMethodAccessorImpl.java:62) ~[na:1.8.0_151]
	at sun.reflect.DelegatingMethodAccessorImpl.invoke(DelegatingMethodAccessorImpl.java:43) ~[na:1.8.0_151]
	at java.lang.reflect.Method.invoke(Method.java:498) ~[na:1.8.0_151]
	at org.junit.runners.model.FrameworkMethod$1.runReflectiveCall(FrameworkMethod.java:50) [junit-4.12.jar:4.12]
	at org.junit.internal.runners.model.ReflectiveCallable.run(ReflectiveCallable.java:12) [junit-4.12.jar:4.12]
	at org.junit.runners.model.FrameworkMethod.invokeExplosively(FrameworkMethod.java:47) [junit-4.12.jar:4.12]
	at org.junit.internal.runners.statements.InvokeMethod.evaluate(InvokeMethod.java:17) [junit-4.12.jar:4.12]
	at org.junit.runners.ParentRunner.runLeaf(ParentRunner.java:325) [junit-4.12.jar:4.12]
	at org.junit.runners.BlockJUnit4ClassRunner.runChild(BlockJUnit4ClassRunner.java:78) [junit-4.12.jar:4.12]
	at org.junit.runners.BlockJUnit4ClassRunner.runChild(BlockJUnit4ClassRunner.java:57) [junit-4.12.jar:4.12]
	at org.junit.runners.ParentRunner$3.run(ParentRunner.java:290) [junit-4.12.jar:4.12]
	at org.junit.runners.ParentRunner$1.schedule(ParentRunner.java:71) [junit-4.12.jar:4.12]
	at org.junit.runners.ParentRunner.runChildren(ParentRunner.java:288) [junit-4.12.jar:4.12]
	at org.junit.runners.ParentRunner.access$000(ParentRunner.java:58) [junit-4.12.jar:4.12]
	at org.junit.runners.ParentRunner$2.evaluate(ParentRunner.java:268) [junit-4.12.jar:4.12]
	at org.junit.runners.ParentRunner.run(ParentRunner.java:363) [junit-4.12.jar:4.12]
	at org.apache.maven.surefire.junit4.JUnit4Provider.execute(JUnit4Provider.java:369) [surefire-junit4-2.20.1.jar:2.20.1]
	at org.apache.maven.surefire.junit4.JUnit4Provider.executeWithRerun(JUnit4Provider.java:275) [surefire-junit4-2.20.1.jar:2.20.1]
	at org.apache.maven.surefire.junit4.JUnit4Provider.executeTestSet(JUnit4Provider.java:239) [surefire-junit4-2.20.1.jar:2.20.1]
	at org.apache.maven.surefire.junit4.JUnit4Provider.invoke(JUnit4Provider.java:160) [surefire-junit4-2.20.1.jar:2.20.1]
	at org.apache.maven.surefire.booter.ForkedBooter.invokeProviderInSameClassLoader(ForkedBooter.java:373) [surefire-booter-2.20.1.jar:2.20.1]
	at org.apache.maven.surefire.booter.ForkedBooter.runSuitesInProcess(ForkedBooter.java:334) [surefire-booter-2.20.1.jar:2.20.1]
	at org.apache.maven.surefire.booter.ForkedBooter.execute(ForkedBooter.java:119) [surefire-booter-2.20.1.jar:2.20.1]
	at org.apache.maven.surefire.booter.ForkedBooter.main(ForkedBooter.java:407) [surefire-booter-2.20.1.jar:2.20.1]
Caused by: com.ctc.wstx.exc.WstxParsingException: Unexpected close tag </build>; expected </dependency>.
 at [row,col {unknown-source}]: [27,9]
	at com.ctc.wstx.sr.StreamScanner.constructWfcException(StreamScanner.java:614) ~[woodstox-core-lgpl-4.4.0.jar:4.4.0]
	at com.ctc.wstx.sr.StreamScanner.throwParseError(StreamScanner.java:487) ~[woodstox-core-lgpl-4.4.0.jar:4.4.0]
	at com.ctc.wstx.sr.StreamScanner.throwParseError(StreamScanner.java:472) ~[woodstox-core-lgpl-4.4.0.jar:4.4.0]
	at com.ctc.wstx.sr.BasicStreamReader.reportWrongEndElem(BasicStreamReader.java:3285) ~[woodstox-core-lgpl-4.4.0.jar:4.4.0]
	at com.ctc.wstx.sr.BasicStreamReader.readEndElem(BasicStreamReader.java:3212) ~[woodstox-core-lgpl-4.4.0.jar:4.4.0]
	at com.ctc.wstx.sr.BasicStreamReader.nextFromTree(BasicStreamReader.java:2831) ~[woodstox-core-lgpl-4.4.0.jar:4.4.0]
	at com.ctc.wstx.sr.BasicStreamReader.next(BasicStreamReader.java:1073) ~[woodstox-core-lgpl-4.4.0.jar:4.4.0]
	at com.sun.xml.bind.v2.runtime.unmarshaller.StAXStreamConnector.bridge(StAXStreamConnector.java:196) ~[jaxb-runtime-2.3.0.jar:2.3.0]
	at com.sun.xml.bind.v2.runtime.unmarshaller.UnmarshallerImpl.unmarshal0(UnmarshallerImpl.java:415) ~[jaxb-runtime-2.3.0.jar:2.3.0]
	... 28 common frames omitted
01:25:01.854 ERROR org.sonar.java.xml.maven.PomParser - Unable to parse pom file .
java.io.FileNotFoundException: . (Is a directory)
	at java.io.FileInputStream.open0(Native Method) ~[na:1.8.0_151]
	at java.io.FileInputStream.open(FileInputStream.java:195) ~[na:1.8.0_151]
	at java.io.FileInputStream.<init>(FileInputStream.java:138) ~[na:1.8.0_151]
	at org.sonar.java.xml.maven.PomParser.parseXML(PomParser.java:52) ~[classes/:na]
	at org.sonar.java.xml.maven.PomParserTest.should_not_parse(PomParserTest.java:82) [test-classes/:na]
	at sun.reflect.NativeMethodAccessorImpl.invoke0(Native Method) ~[na:1.8.0_151]
	at sun.reflect.NativeMethodAccessorImpl.invoke(NativeMethodAccessorImpl.java:62) ~[na:1.8.0_151]
	at sun.reflect.DelegatingMethodAccessorImpl.invoke(DelegatingMethodAccessorImpl.java:43) ~[na:1.8.0_151]
	at java.lang.reflect.Method.invoke(Method.java:498) ~[na:1.8.0_151]
	at org.junit.runners.model.FrameworkMethod$1.runReflectiveCall(FrameworkMethod.java:50) [junit-4.12.jar:4.12]
	at org.junit.internal.runners.model.ReflectiveCallable.run(ReflectiveCallable.java:12) [junit-4.12.jar:4.12]
	at org.junit.runners.model.FrameworkMethod.invokeExplosively(FrameworkMethod.java:47) [junit-4.12.jar:4.12]
	at org.junit.internal.runners.statements.InvokeMethod.evaluate(InvokeMethod.java:17) [junit-4.12.jar:4.12]
	at org.junit.runners.ParentRunner.runLeaf(ParentRunner.java:325) [junit-4.12.jar:4.12]
	at org.junit.runners.BlockJUnit4ClassRunner.runChild(BlockJUnit4ClassRunner.java:78) [junit-4.12.jar:4.12]
	at org.junit.runners.BlockJUnit4ClassRunner.runChild(BlockJUnit4ClassRunner.java:57) [junit-4.12.jar:4.12]
	at org.junit.runners.ParentRunner$3.run(ParentRunner.java:290) [junit-4.12.jar:4.12]
	at org.junit.runners.ParentRunner$1.schedule(ParentRunner.java:71) [junit-4.12.jar:4.12]
	at org.junit.runners.ParentRunner.runChildren(ParentRunner.java:288) [junit-4.12.jar:4.12]
	at org.junit.runners.ParentRunner.access$000(ParentRunner.java:58) [junit-4.12.jar:4.12]
	at org.junit.runners.ParentRunner$2.evaluate(ParentRunner.java:268) [junit-4.12.jar:4.12]
	at org.junit.runners.ParentRunner.run(ParentRunner.java:363) [junit-4.12.jar:4.12]
	at org.apache.maven.surefire.junit4.JUnit4Provider.execute(JUnit4Provider.java:369) [surefire-junit4-2.20.1.jar:2.20.1]
	at org.apache.maven.surefire.junit4.JUnit4Provider.executeWithRerun(JUnit4Provider.java:275) [surefire-junit4-2.20.1.jar:2.20.1]
	at org.apache.maven.surefire.junit4.JUnit4Provider.executeTestSet(JUnit4Provider.java:239) [surefire-junit4-2.20.1.jar:2.20.1]
	at org.apache.maven.surefire.junit4.JUnit4Provider.invoke(JUnit4Provider.java:160) [surefire-junit4-2.20.1.jar:2.20.1]
	at org.apache.maven.surefire.booter.ForkedBooter.invokeProviderInSameClassLoader(ForkedBooter.java:373) [surefire-booter-2.20.1.jar:2.20.1]
	at org.apache.maven.surefire.booter.ForkedBooter.runSuitesInProcess(ForkedBooter.java:334) [surefire-booter-2.20.1.jar:2.20.1]
	at org.apache.maven.surefire.booter.ForkedBooter.execute(ForkedBooter.java:119) [surefire-booter-2.20.1.jar:2.20.1]
	at org.apache.maven.surefire.booter.ForkedBooter.main(ForkedBooter.java:407) [surefire-booter-2.20.1.jar:2.20.1]
[INFO] Tests run: 9, Failures: 0, Errors: 0, Skipped: 0, Time elapsed: 0.436 s - in org.sonar.java.xml.maven.PomParserTest
[INFO] Running org.sonar.java.model.declaration.ExportsDirectiveTreeImplTest
[INFO] Tests run: 3, Failures: 0, Errors: 0, Skipped: 0, Time elapsed: 0.152 s - in org.sonar.java.model.declaration.ExportsDirectiveTreeImplTest
[INFO] Running org.sonar.java.se.LearnedAssociationTest
[INFO] Tests run: 1, Failures: 0, Errors: 0, Skipped: 0, Time elapsed: 0 s - in org.sonar.java.se.LearnedAssociationTest
[INFO] Running org.sonar.java.model.SyntacticEquivalenceTest
[INFO] Tests run: 5, Failures: 0, Errors: 0, Skipped: 0, Time elapsed: 0.353 s - in org.sonar.java.model.SyntacticEquivalenceTest
[INFO] Running org.sonar.java.ast.parser.grammar.statements.SwitchLabelTest
[INFO] Tests run: 1, Failures: 0, Errors: 0, Skipped: 0, Time elapsed: 0 s - in org.sonar.java.ast.parser.grammar.statements.SwitchLabelTest
[INFO] Running org.sonar.java.resolve.LambdaBlockReturnVisitorTest
[INFO] Tests run: 1, Failures: 0, Errors: 0, Skipped: 0, Time elapsed: 0.009 s - in org.sonar.java.resolve.LambdaBlockReturnVisitorTest
[INFO] Running org.sonar.java.ast.parser.grammar.units.TypeDeclarationTest
[INFO] Tests run: 2, Failures: 0, Errors: 0, Skipped: 0, Time elapsed: 0.003 s - in org.sonar.java.ast.parser.grammar.units.TypeDeclarationTest
[INFO] Running org.sonar.java.se.LearnedConstraintTest
[INFO] Tests run: 1, Failures: 0, Errors: 0, Skipped: 0, Time elapsed: 0 s - in org.sonar.java.se.LearnedConstraintTest
[INFO] Running org.sonar.java.se.checks.LocksNotUnlockedCheckTest
01:25:02.417 INFO  org.sonar.squidbridge.ProgressReport - 1 source files to be analyzed
01:25:02.532 INFO  org.sonar.squidbridge.ProgressReport - 1/1 source files have been analyzed
01:25:02.536 INFO  org.sonar.squidbridge.ProgressReport - 1 source files to be analyzed
[INFO] Tests run: 3, Failures: 0, Errors: 0, Skipped: 0, Time elapsed: 0.504 s - in org.sonar.java.se.checks.LocksNotUnlockedCheckTest
[INFO] Running org.sonar.java.ast.parser.grammar.statements.BreakStatementTest
[INFO] Tests run: 1, Failures: 0, Errors: 0, Skipped: 0, Time elapsed: 0 s - in org.sonar.java.ast.parser.grammar.statements.BreakStatementTest
[INFO] Running org.sonar.java.ast.parser.grammar.statements.ExpressionStatementTest
01:25:02.923 INFO  org.sonar.squidbridge.ProgressReport - 1/1 source files have been analyzed
[INFO] Tests run: 1, Failures: 0, Errors: 0, Skipped: 0, Time elapsed: 0 s - in org.sonar.java.ast.parser.grammar.statements.ExpressionStatementTest
[INFO] Running org.sonar.java.ast.visitors.PublicApiCheckerTest
[INFO] Tests run: 2, Failures: 0, Errors: 0, Skipped: 0, Time elapsed: 0.489 s - in org.sonar.java.ast.visitors.PublicApiCheckerTest
[INFO] Running org.sonar.java.bytecode.cfg.BytecodeListingParserTest
[INFO] Tests run: 2, Failures: 0, Errors: 0, Skipped: 0, Time elapsed: 0.075 s - in org.sonar.java.bytecode.cfg.BytecodeListingParserTest
[INFO] Running org.sonar.java.ast.parser.grammar.literals.KeywordTest
[INFO] Tests run: 1, Failures: 0, Errors: 0, Skipped: 0, Time elapsed: 0 s - in org.sonar.java.ast.parser.grammar.literals.KeywordTest
[INFO] Running org.sonar.java.JavaVersionAwareVisitorTest
01:25:03.887 INFO  org.sonar.java.JavaSquid - Java Main Files AST scan
01:25:03.888 INFO  org.sonar.squidbridge.ProgressReport - 1 source files to be analyzed
01:25:03.900 INFO  org.sonar.java.JavaSquid - Java Main Files AST scan (done) | time=13ms
01:25:03.900 INFO  org.sonar.java.JavaSquid - Java Test Files AST scan
01:25:03.900 INFO  org.sonar.squidbridge.ProgressReport - 1/1 source files have been analyzed
01:25:03.900 INFO  org.sonar.squidbridge.ProgressReport - 0 source files to be analyzed
01:25:03.900 INFO  org.sonar.java.JavaSquid - Java Test Files AST scan (done) | time=0ms
01:25:03.900 INFO  org.sonar.squidbridge.ProgressReport - 0/0 source files have been analyzed
01:25:03.902 INFO  org.sonar.java.JavaSquid - Java Main Files AST scan
01:25:03.902 INFO  org.sonar.squidbridge.ProgressReport - 1 source files to be analyzed
01:25:03.903 INFO  org.sonar.java.JavaSquid - Java Main Files AST scan (done) | time=1ms
01:25:03.903 INFO  org.sonar.java.JavaSquid - Java Test Files AST scan
01:25:03.903 INFO  org.sonar.squidbridge.ProgressReport - 1/1 source files have been analyzed
01:25:03.903 INFO  org.sonar.squidbridge.ProgressReport - 0 source files to be analyzed
01:25:03.904 INFO  org.sonar.java.JavaSquid - Java Test Files AST scan (done) | time=1ms
01:25:03.904 INFO  org.sonar.squidbridge.ProgressReport - 0/0 source files have been analyzed
01:25:03.906 INFO  org.sonar.java.JavaSquid - Java Main Files AST scan
01:25:03.906 INFO  org.sonar.squidbridge.ProgressReport - 1 source files to be analyzed
01:25:03.907 INFO  org.sonar.java.JavaSquid - Java Main Files AST scan (done) | time=1ms
01:25:03.907 INFO  org.sonar.squidbridge.ProgressReport - 1/1 source files have been analyzed
01:25:03.907 INFO  org.sonar.java.JavaSquid - Java Test Files AST scan
01:25:03.907 INFO  org.sonar.squidbridge.ProgressReport - 0 source files to be analyzed
01:25:03.907 INFO  org.sonar.java.JavaSquid - Java Test Files AST scan (done) | time=0ms
01:25:03.907 INFO  org.sonar.squidbridge.ProgressReport - 0/0 source files have been analyzed
01:25:03.909 INFO  org.sonar.java.JavaSquid - Java Main Files AST scan
01:25:03.909 INFO  org.sonar.squidbridge.ProgressReport - 1 source files to be analyzed
01:25:03.910 INFO  org.sonar.java.JavaSquid - Java Main Files AST scan (done) | time=1ms
01:25:03.910 INFO  org.sonar.squidbridge.ProgressReport - 1/1 source files have been analyzed
01:25:03.910 INFO  org.sonar.java.JavaSquid - Java Test Files AST scan
01:25:03.910 INFO  org.sonar.squidbridge.ProgressReport - 0 source files to be analyzed
01:25:03.910 INFO  org.sonar.java.JavaSquid - Java Test Files AST scan (done) | time=0ms
01:25:03.910 INFO  org.sonar.squidbridge.ProgressReport - 0/0 source files have been analyzed
01:25:03.912 INFO  org.sonar.java.JavaSquid - Java Main Files AST scan
01:25:03.912 INFO  org.sonar.squidbridge.ProgressReport - 1 source files to be analyzed
01:25:03.912 INFO  org.sonar.java.JavaSquid - Java Main Files AST scan (done) | time=0ms
01:25:03.912 INFO  org.sonar.java.JavaSquid - Java Test Files AST scan
01:25:03.913 INFO  org.sonar.squidbridge.ProgressReport - 0 source files to be analyzed
01:25:03.913 INFO  org.sonar.squidbridge.ProgressReport - 1/1 source files have been analyzed
01:25:03.913 INFO  org.sonar.java.JavaSquid - Java Test Files AST scan (done) | time=1ms
[INFO] Tests run: 4, Failures: 0, Errors: 0, Skipped: 0, Time elapsed: 0.414 s - in org.sonar.java.JavaVersionAwareVisitorTest
01:25:03.913 INFO  org.sonar.squidbridge.ProgressReport - 0/0 source files have been analyzed
[INFO] Running org.sonar.java.ast.parser.grammar.units.ModuleDeclarationTest
[INFO] Tests run: 1, Failures: 0, Errors: 0, Skipped: 0, Time elapsed: 0 s - in org.sonar.java.ast.parser.grammar.units.ModuleDeclarationTest
[INFO] Running org.sonar.java.se.checks.ParameterNullnessCheckTest
01:25:03.918 INFO  org.sonar.squidbridge.ProgressReport - 1 source files to be analyzed
01:25:04.026 INFO  org.sonar.squidbridge.ProgressReport - 1/1 source files have been analyzed
[INFO] Tests run: 1, Failures: 0, Errors: 0, Skipped: 0, Time elapsed: 0.109 s - in org.sonar.java.se.checks.ParameterNullnessCheckTest
[INFO] Running org.sonar.java.ast.parser.grammar.statements.EmptyStatementTest
[INFO] Tests run: 1, Failures: 0, Errors: 0, Skipped: 0, Time elapsed: 0 s - in org.sonar.java.ast.parser.grammar.statements.EmptyStatementTest
[INFO] Running org.sonar.java.cfg.CFGLoopTest
[INFO] Tests run: 14, Failures: 0, Errors: 0, Skipped: 0, Time elapsed: 0.19 s - in org.sonar.java.cfg.CFGLoopTest
[INFO] Running org.sonar.java.ast.parser.grammar.moduledirectives.OpensDirectiveTest
[INFO] Tests run: 1, Failures: 0, Errors: 0, Skipped: 0, Time elapsed: 0.001 s - in org.sonar.java.ast.parser.grammar.moduledirectives.OpensDirectiveTest
[INFO] Running org.sonar.java.ast.parser.grammar.literals.LiteralTest
[INFO] Tests run: 1, Failures: 0, Errors: 0, Skipped: 0, Time elapsed: 0 s - in org.sonar.java.ast.parser.grammar.literals.LiteralTest
[INFO] Running org.sonar.java.JavaSquidTest
01:25:04.236 INFO  org.sonar.java.JavaSquid - Java Main Files AST scan
01:25:04.236 INFO  org.sonar.squidbridge.ProgressReport - 1 source files to be analyzed
01:25:04.238 ERROR org.sonar.java.model.VisitorsBridge - Unable to create symbol table for : /tmp/junit4086289434448672107/junit2038907365987110122.tmp
java.lang.IllegalStateException: Registering class 2 times : A
	at com.google.common.base.Preconditions.checkState(Preconditions.java:199) ~[guava-19.0.jar:na]
	at org.sonar.java.resolve.BytecodeCompleter.registerClass(BytecodeCompleter.java:66) ~[classes/:na]
	at org.sonar.java.resolve.Resolve.registerClass(Resolve.java:85) ~[classes/:na]
	at org.sonar.java.resolve.FirstPass.visitClass(FirstPass.java:234) ~[classes/:na]
	at org.sonar.java.model.declaration.ClassTreeImpl.accept(ClassTreeImpl.java:202) ~[classes/:na]
	at org.sonar.plugins.java.api.tree.BaseTreeVisitor.scan(BaseTreeVisitor.java:40) ~[classes/:na]
	at org.sonar.plugins.java.api.tree.BaseTreeVisitor.scan(BaseTreeVisitor.java:34) ~[classes/:na]
	at org.sonar.java.resolve.FirstPass.visitCompilationUnit(FirstPass.java:126) ~[classes/:na]
	at org.sonar.java.resolve.SemanticModel.createFor(SemanticModel.java:65) ~[classes/:na]
	at org.sonar.java.model.VisitorsBridge.visitFile(VisitorsBridge.java:110) ~[classes/:na]
	at org.sonar.java.ast.JavaAstScanner.simpleScan(JavaAstScanner.java:96) [classes/:na]
	at org.sonar.java.ast.JavaAstScanner.scan(JavaAstScanner.java:68) [classes/:na]
	at org.sonar.java.JavaSquid.scanSources(JavaSquid.java:116) [classes/:na]
	at org.sonar.java.JavaSquid.scan(JavaSquid.java:110) [classes/:na]
	at org.sonar.java.JavaSquidTest.setupAnalysisError(JavaSquidTest.java:177) [test-classes/:na]
	at org.sonar.java.JavaSquidTest.semantic_errors_should_be_reported_to_sonarlint(JavaSquidTest.java:152) [test-classes/:na]
	at sun.reflect.NativeMethodAccessorImpl.invoke0(Native Method) ~[na:1.8.0_151]
	at sun.reflect.NativeMethodAccessorImpl.invoke(NativeMethodAccessorImpl.java:62) ~[na:1.8.0_151]
	at sun.reflect.DelegatingMethodAccessorImpl.invoke(DelegatingMethodAccessorImpl.java:43) ~[na:1.8.0_151]
	at java.lang.reflect.Method.invoke(Method.java:498) ~[na:1.8.0_151]
	at org.junit.runners.model.FrameworkMethod$1.runReflectiveCall(FrameworkMethod.java:50) [junit-4.12.jar:4.12]
	at org.junit.internal.runners.model.ReflectiveCallable.run(ReflectiveCallable.java:12) [junit-4.12.jar:4.12]
	at org.junit.runners.model.FrameworkMethod.invokeExplosively(FrameworkMethod.java:47) [junit-4.12.jar:4.12]
	at org.junit.internal.runners.statements.InvokeMethod.evaluate(InvokeMethod.java:17) [junit-4.12.jar:4.12]
	at org.junit.rules.ExternalResource$1.evaluate(ExternalResource.java:48) [junit-4.12.jar:4.12]
	at org.junit.rules.RunRules.evaluate(RunRules.java:20) [junit-4.12.jar:4.12]
	at org.junit.runners.ParentRunner.runLeaf(ParentRunner.java:325) [junit-4.12.jar:4.12]
	at org.junit.runners.BlockJUnit4ClassRunner.runChild(BlockJUnit4ClassRunner.java:78) [junit-4.12.jar:4.12]
	at org.junit.runners.BlockJUnit4ClassRunner.runChild(BlockJUnit4ClassRunner.java:57) [junit-4.12.jar:4.12]
	at org.junit.runners.ParentRunner$3.run(ParentRunner.java:290) [junit-4.12.jar:4.12]
	at org.junit.runners.ParentRunner$1.schedule(ParentRunner.java:71) [junit-4.12.jar:4.12]
	at org.junit.runners.ParentRunner.runChildren(ParentRunner.java:288) [junit-4.12.jar:4.12]
	at org.junit.runners.ParentRunner.access$000(ParentRunner.java:58) [junit-4.12.jar:4.12]
	at org.junit.runners.ParentRunner$2.evaluate(ParentRunner.java:268) [junit-4.12.jar:4.12]
	at org.junit.runners.ParentRunner.run(ParentRunner.java:363) [junit-4.12.jar:4.12]
	at org.apache.maven.surefire.junit4.JUnit4Provider.execute(JUnit4Provider.java:369) [surefire-junit4-2.20.1.jar:2.20.1]
	at org.apache.maven.surefire.junit4.JUnit4Provider.executeWithRerun(JUnit4Provider.java:275) [surefire-junit4-2.20.1.jar:2.20.1]
	at org.apache.maven.surefire.junit4.JUnit4Provider.executeTestSet(JUnit4Provider.java:239) [surefire-junit4-2.20.1.jar:2.20.1]
	at org.apache.maven.surefire.junit4.JUnit4Provider.invoke(JUnit4Provider.java:160) [surefire-junit4-2.20.1.jar:2.20.1]
	at org.apache.maven.surefire.booter.ForkedBooter.invokeProviderInSameClassLoader(ForkedBooter.java:373) [surefire-booter-2.20.1.jar:2.20.1]
	at org.apache.maven.surefire.booter.ForkedBooter.runSuitesInProcess(ForkedBooter.java:334) [surefire-booter-2.20.1.jar:2.20.1]
	at org.apache.maven.surefire.booter.ForkedBooter.execute(ForkedBooter.java:119) [surefire-booter-2.20.1.jar:2.20.1]
	at org.apache.maven.surefire.booter.ForkedBooter.main(ForkedBooter.java:407) [surefire-booter-2.20.1.jar:2.20.1]
01:25:04.238 INFO  org.sonar.java.JavaSquid - Java Main Files AST scan (done) | time=2ms
01:25:04.238 INFO  org.sonar.java.JavaSquid - Java Test Files AST scan
01:25:04.239 INFO  org.sonar.squidbridge.ProgressReport - 0 source files to be analyzed
01:25:04.239 INFO  org.sonar.squidbridge.ProgressReport - 1/1 source files have been analyzed
01:25:04.239 INFO  org.sonar.java.JavaSquid - Java Test Files AST scan (done) | time=1ms
01:25:04.239 INFO  org.sonar.squidbridge.ProgressReport - 0/0 source files have been analyzed
01:25:04.243 INFO  org.sonar.java.JavaSquid - Java Main Files AST scan
01:25:04.243 INFO  org.sonar.squidbridge.ProgressReport - 1 source files to be analyzed
01:25:04.244 ERROR org.sonar.java.ast.JavaAstScanner - Unable to parse source file : /tmp/junit6242501500766955911/junit5229906815028114803.tmp
01:25:04.244 ERROR org.sonar.java.ast.JavaAstScanner - Parse error at line 1 column 10:

1: class A {
            ^

01:25:04.244 INFO  org.sonar.java.JavaSquid - Java Main Files AST scan (done) | time=1ms
01:25:04.244 INFO  org.sonar.java.JavaSquid - Java Test Files AST scan
01:25:04.244 INFO  org.sonar.squidbridge.ProgressReport - 1/1 source files have been analyzed
01:25:04.244 INFO  org.sonar.squidbridge.ProgressReport - 0 source files to be analyzed
01:25:04.244 INFO  org.sonar.java.JavaSquid - Java Test Files AST scan (done) | time=0ms
01:25:04.245 INFO  org.sonar.squidbridge.ProgressReport - 0/0 source files have been analyzed
01:25:04.249 INFO  org.sonar.java.JavaSquid - Java Main Files AST scan
01:25:04.250 INFO  org.sonar.squidbridge.ProgressReport - 1 source files to be analyzed
01:25:04.257 INFO  org.sonar.java.JavaSquid - Java Main Files AST scan (done) | time=8ms
01:25:04.257 INFO  org.sonar.java.JavaSquid - Java Test Files AST scan
01:25:04.257 INFO  org.sonar.squidbridge.ProgressReport - 1/1 source files have been analyzed
01:25:04.257 INFO  org.sonar.squidbridge.ProgressReport - 0 source files to be analyzed
01:25:04.258 INFO  org.sonar.java.JavaSquid - Java Test Files AST scan (done) | time=1ms
01:25:04.258 INFO  org.sonar.squidbridge.ProgressReport - 0/0 source files have been analyzed
01:25:04.265 INFO  org.sonar.java.JavaSquid - Java Main Files AST scan
01:25:04.265 INFO  org.sonar.squidbridge.ProgressReport - 1 source files to be analyzed
01:25:04.267 ERROR org.sonar.java.ast.JavaAstScanner - Unable to parse source file : /tmp/junit656107112718879229/junit8166424918055950054.tmp
01:25:04.267 ERROR org.sonar.java.ast.JavaAstScanner - Parse error at line 6 column 1:

1: /***/
2: class A {
3:  String foo() {
4:   return foo();
5:  }
6: 
   ^

01:25:04.267 INFO  org.sonar.java.JavaSquid - Java Main Files AST scan (done) | time=2ms
01:25:04.267 INFO  org.sonar.java.JavaSquid - Java Test Files AST scan
01:25:04.267 INFO  org.sonar.squidbridge.ProgressReport - 1/1 source files have been analyzed
01:25:04.267 INFO  org.sonar.squidbridge.ProgressReport - 0 source files to be analyzed
01:25:04.269 INFO  org.sonar.java.JavaSquid - Java Test Files AST scan (done) | time=2ms
01:25:04.269 INFO  org.sonar.squidbridge.ProgressReport - 0/0 source files have been analyzed
01:25:04.273 INFO  org.sonar.java.JavaSquid - Java Main Files AST scan
01:25:04.273 INFO  org.sonar.squidbridge.ProgressReport - 1 source files to be analyzed
01:25:04.276 ERROR org.sonar.java.model.VisitorsBridge - Unable to create symbol table for : /tmp/junit1307215711116434934/junit3465975596192692666.tmp
java.lang.IllegalStateException: Registering class 2 times : A
	at com.google.common.base.Preconditions.checkState(Preconditions.java:199) ~[guava-19.0.jar:na]
	at org.sonar.java.resolve.BytecodeCompleter.registerClass(BytecodeCompleter.java:66) ~[classes/:na]
	at org.sonar.java.resolve.Resolve.registerClass(Resolve.java:85) ~[classes/:na]
	at org.sonar.java.resolve.FirstPass.visitClass(FirstPass.java:234) ~[classes/:na]
	at org.sonar.java.model.declaration.ClassTreeImpl.accept(ClassTreeImpl.java:202) ~[classes/:na]
	at org.sonar.plugins.java.api.tree.BaseTreeVisitor.scan(BaseTreeVisitor.java:40) ~[classes/:na]
	at org.sonar.plugins.java.api.tree.BaseTreeVisitor.scan(BaseTreeVisitor.java:34) ~[classes/:na]
	at org.sonar.java.resolve.FirstPass.visitCompilationUnit(FirstPass.java:126) ~[classes/:na]
	at org.sonar.java.resolve.SemanticModel.createFor(SemanticModel.java:65) ~[classes/:na]
	at org.sonar.java.model.VisitorsBridge.visitFile(VisitorsBridge.java:110) ~[classes/:na]
	at org.sonar.java.ast.JavaAstScanner.simpleScan(JavaAstScanner.java:96) [classes/:na]
	at org.sonar.java.ast.JavaAstScanner.scan(JavaAstScanner.java:68) [classes/:na]
	at org.sonar.java.JavaSquid.scanSources(JavaSquid.java:116) [classes/:na]
	at org.sonar.java.JavaSquid.scan(JavaSquid.java:110) [classes/:na]
	at org.sonar.java.JavaSquidTest.collectAnalysisErrors(JavaSquidTest.java:138) [test-classes/:na]
	at org.sonar.java.JavaSquidTest.verify_analysis_errors_are_collected_on_semantic_error(JavaSquidTest.java:110) [test-classes/:na]
	at sun.reflect.NativeMethodAccessorImpl.invoke0(Native Method) ~[na:1.8.0_151]
	at sun.reflect.NativeMethodAccessorImpl.invoke(NativeMethodAccessorImpl.java:62) ~[na:1.8.0_151]
	at sun.reflect.DelegatingMethodAccessorImpl.invoke(DelegatingMethodAccessorImpl.java:43) ~[na:1.8.0_151]
	at java.lang.reflect.Method.invoke(Method.java:498) ~[na:1.8.0_151]
	at org.junit.runners.model.FrameworkMethod$1.runReflectiveCall(FrameworkMethod.java:50) [junit-4.12.jar:4.12]
	at org.junit.internal.runners.model.ReflectiveCallable.run(ReflectiveCallable.java:12) [junit-4.12.jar:4.12]
	at org.junit.runners.model.FrameworkMethod.invokeExplosively(FrameworkMethod.java:47) [junit-4.12.jar:4.12]
	at org.junit.internal.runners.statements.InvokeMethod.evaluate(InvokeMethod.java:17) [junit-4.12.jar:4.12]
	at org.junit.rules.ExternalResource$1.evaluate(ExternalResource.java:48) [junit-4.12.jar:4.12]
	at org.junit.rules.RunRules.evaluate(RunRules.java:20) [junit-4.12.jar:4.12]
	at org.junit.runners.ParentRunner.runLeaf(ParentRunner.java:325) [junit-4.12.jar:4.12]
	at org.junit.runners.BlockJUnit4ClassRunner.runChild(BlockJUnit4ClassRunner.java:78) [junit-4.12.jar:4.12]
	at org.junit.runners.BlockJUnit4ClassRunner.runChild(BlockJUnit4ClassRunner.java:57) [junit-4.12.jar:4.12]
	at org.junit.runners.ParentRunner$3.run(ParentRunner.java:290) [junit-4.12.jar:4.12]
	at org.junit.runners.ParentRunner$1.schedule(ParentRunner.java:71) [junit-4.12.jar:4.12]
	at org.junit.runners.ParentRunner.runChildren(ParentRunner.java:288) [junit-4.12.jar:4.12]
	at org.junit.runners.ParentRunner.access$000(ParentRunner.java:58) [junit-4.12.jar:4.12]
	at org.junit.runners.ParentRunner$2.evaluate(ParentRunner.java:268) [junit-4.12.jar:4.12]
	at org.junit.runners.ParentRunner.run(ParentRunner.java:363) [junit-4.12.jar:4.12]
	at org.apache.maven.surefire.junit4.JUnit4Provider.execute(JUnit4Provider.java:369) [surefire-junit4-2.20.1.jar:2.20.1]
	at org.apache.maven.surefire.junit4.JUnit4Provider.executeWithRerun(JUnit4Provider.java:275) [surefire-junit4-2.20.1.jar:2.20.1]
	at org.apache.maven.surefire.junit4.JUnit4Provider.executeTestSet(JUnit4Provider.java:239) [surefire-junit4-2.20.1.jar:2.20.1]
	at org.apache.maven.surefire.junit4.JUnit4Provider.invoke(JUnit4Provider.java:160) [surefire-junit4-2.20.1.jar:2.20.1]
	at org.apache.maven.surefire.booter.ForkedBooter.invokeProviderInSameClassLoader(ForkedBooter.java:373) [surefire-booter-2.20.1.jar:2.20.1]
	at org.apache.maven.surefire.booter.ForkedBooter.runSuitesInProcess(ForkedBooter.java:334) [surefire-booter-2.20.1.jar:2.20.1]
	at org.apache.maven.surefire.booter.ForkedBooter.execute(ForkedBooter.java:119) [surefire-booter-2.20.1.jar:2.20.1]
	at org.apache.maven.surefire.booter.ForkedBooter.main(ForkedBooter.java:407) [surefire-booter-2.20.1.jar:2.20.1]
01:25:04.276 INFO  org.sonar.java.JavaSquid - Java Main Files AST scan (done) | time=3ms
01:25:04.276 INFO  org.sonar.java.JavaSquid - Java Test Files AST scan
01:25:04.276 INFO  org.sonar.squidbridge.ProgressReport - 0 source files to be analyzed
01:25:04.276 INFO  org.sonar.squidbridge.ProgressReport - 1/1 source files have been analyzed
01:25:04.276 INFO  org.sonar.java.JavaSquid - Java Test Files AST scan (done) | time=0ms
01:25:04.277 INFO  org.sonar.squidbridge.ProgressReport - 0/0 source files have been analyzed
[INFO] Tests run: 5, Failures: 0, Errors: 0, Skipped: 0, Time elapsed: 0.048 s - in org.sonar.java.JavaSquidTest
[INFO] Running org.sonar.java.se.checks.InvariantReturnCheckTest
01:25:04.281 INFO  org.sonar.squidbridge.ProgressReport - 1 source files to be analyzed
01:25:04.625 INFO  org.sonar.squidbridge.ProgressReport - 1/1 source files have been analyzed
[INFO] Tests run: 1, Failures: 0, Errors: 0, Skipped: 0, Time elapsed: 0.347 s - in org.sonar.java.se.checks.InvariantReturnCheckTest
[INFO] Running org.sonar.java.matcher.NameCriteriaTest
[INFO] Tests run: 3, Failures: 0, Errors: 0, Skipped: 0, Time elapsed: 0 s - in org.sonar.java.matcher.NameCriteriaTest
[INFO] Running org.sonar.java.ast.parser.grammar.literals.CharacterLiteralTest
[INFO] Tests run: 1, Failures: 0, Errors: 0, Skipped: 0, Time elapsed: 0 s - in org.sonar.java.ast.parser.grammar.literals.CharacterLiteralTest
[INFO] Running org.sonar.java.StrutsTest
01:25:05.588 INFO  org.sonar.java.JavaSquid - Java Main Files AST scan
01:25:05.588 INFO  org.sonar.squidbridge.ProgressReport - 134 source files to be analyzed
01:25:15.589 INFO  org.sonar.squidbridge.ProgressReport - 76/134 files analyzed, current file: /home/travis/build/failed/SonarSource/sonar-java/java-frontend/target/test-projects/struts-core-1.3.9/src/org/apache/struts/config/ActionConfigMatcher.java
01:25:23.277 INFO  org.sonar.java.JavaSquid - Java Main Files AST scan (done) | time=17689ms
01:25:23.277 INFO  org.sonar.squidbridge.ProgressReport - 134/134 source files have been analyzed
01:25:23.277 INFO  org.sonar.java.JavaSquid - Java Test Files AST scan
01:25:23.277 INFO  org.sonar.squidbridge.ProgressReport - 0 source files to be analyzed
01:25:23.277 INFO  org.sonar.java.JavaSquid - Java Test Files AST scan (done) | time=0ms
01:25:23.277 INFO  org.sonar.squidbridge.ProgressReport - 0/0 source files have been analyzed
[INFO] Tests run: 1, Failures: 0, Errors: 0, Skipped: 0, Time elapsed: 18.649 s - in org.sonar.java.StrutsTest
[INFO] Running org.sonar.java.ast.parser.grammar.literals.FloatLiteralTest
[INFO] Tests run: 2, Failures: 0, Errors: 0, Skipped: 0, Time elapsed: 0.015 s - in org.sonar.java.ast.parser.grammar.literals.FloatLiteralTest
[INFO] Running org.sonar.java.ast.parser.grammar.units.CompilationUnitTest
[INFO] Tests run: 1, Failures: 0, Errors: 0, Skipped: 0, Time elapsed: 0.001 s - in org.sonar.java.ast.parser.grammar.units.CompilationUnitTest
[INFO] Running org.sonar.java.resolve.TypeAndReferenceSolverTest
[INFO] Tests run: 36, Failures: 0, Errors: 0, Skipped: 0, Time elapsed: 1.785 s - in org.sonar.java.resolve.TypeAndReferenceSolverTest
[INFO] Running org.sonar.java.ast.parser.grammar.statements.SynchronizedStatementTest
[INFO] Tests run: 1, Failures: 0, Errors: 0, Skipped: 0, Time elapsed: 0 s - in org.sonar.java.ast.parser.grammar.statements.SynchronizedStatementTest
[INFO] Running org.sonar.java.ast.parser.grammar.moduledirectives.UsesDirectiveTest
[INFO] Tests run: 1, Failures: 0, Errors: 0, Skipped: 0, Time elapsed: 0 s - in org.sonar.java.ast.parser.grammar.moduledirectives.UsesDirectiveTest
[INFO] Running org.sonar.java.ast.parser.grammar.literals.RestrictedKeywordTest
[INFO] Tests run: 1, Failures: 0, Errors: 0, Skipped: 0, Time elapsed: 0 s - in org.sonar.java.ast.parser.grammar.literals.RestrictedKeywordTest
[INFO] Running org.sonar.java.se.checks.StreamNotConsumedCheckTest
01:25:25.096 INFO  org.sonar.squidbridge.ProgressReport - 1 source files to be analyzed
01:25:25.360 INFO  org.sonar.squidbridge.ProgressReport - 1/1 source files have been analyzed
[INFO] Tests run: 1, Failures: 0, Errors: 0, Skipped: 0, Time elapsed: 0.262 s - in org.sonar.java.se.checks.StreamNotConsumedCheckTest
[INFO] Running org.sonar.java.MeasurerTest
01:25:25.363 INFO  org.sonar.java.JavaSquid - Java Main Files AST scan
01:25:25.363 INFO  org.sonar.squidbridge.ProgressReport - 1 source files to be analyzed
01:25:25.559 INFO  org.sonar.java.JavaSquid - Java Main Files AST scan (done) | time=196ms
01:25:25.560 INFO  org.sonar.squidbridge.ProgressReport - 1/1 source files have been analyzed
01:25:25.560 INFO  org.sonar.java.JavaSquid - Java Test Files AST scan
01:25:25.560 INFO  org.sonar.squidbridge.ProgressReport - 0 source files to be analyzed
01:25:25.560 INFO  org.sonar.java.JavaSquid - Java Test Files AST scan (done) | time=0ms
01:25:25.560 INFO  org.sonar.squidbridge.ProgressReport - 0/0 source files have been analyzed
01:25:25.563 INFO  org.sonar.java.JavaSquid - Java Main Files AST scan
01:25:25.563 INFO  org.sonar.squidbridge.ProgressReport - 1 source files to be analyzed
01:25:25.564 INFO  org.sonar.java.JavaSquid - Java Main Files AST scan (done) | time=1ms
01:25:25.564 INFO  org.sonar.squidbridge.ProgressReport - 1/1 source files have been analyzed
01:25:25.564 INFO  org.sonar.java.JavaSquid - Java Test Files AST scan
01:25:25.564 INFO  org.sonar.squidbridge.ProgressReport - 0 source files to be analyzed
01:25:25.564 INFO  org.sonar.java.JavaSquid - Java Test Files AST scan (done) | time=0ms
01:25:25.564 INFO  org.sonar.squidbridge.ProgressReport - 0/0 source files have been analyzed
01:25:25.566 INFO  org.sonar.java.JavaSquid - Java Main Files AST scan
01:25:25.566 INFO  org.sonar.squidbridge.ProgressReport - 1 source files to be analyzed
01:25:25.738 INFO  org.sonar.java.JavaSquid - Java Main Files AST scan (done) | time=172ms
01:25:25.738 INFO  org.sonar.squidbridge.ProgressReport - 1/1 source files have been analyzed
01:25:25.738 INFO  org.sonar.java.JavaSquid - Java Test Files AST scan
01:25:25.738 INFO  org.sonar.squidbridge.ProgressReport - 0 source files to be analyzed
01:25:25.739 INFO  org.sonar.java.JavaSquid - Java Test Files AST scan (done) | time=0ms
01:25:25.739 INFO  org.sonar.squidbridge.ProgressReport - 0/0 source files have been analyzed
01:25:25.741 INFO  org.sonar.java.JavaSquid - Java Main Files AST scan
01:25:25.741 INFO  org.sonar.squidbridge.ProgressReport - 1 source files to be analyzed
01:25:25.742 INFO  org.sonar.java.JavaSquid - Java Main Files AST scan (done) | time=1ms
01:25:25.742 INFO  org.sonar.squidbridge.ProgressReport - 1/1 source files have been analyzed
01:25:25.742 INFO  org.sonar.java.JavaSquid - Java Test Files AST scan
01:25:25.742 INFO  org.sonar.squidbridge.ProgressReport - 0 source files to be analyzed
01:25:25.743 INFO  org.sonar.java.JavaSquid - Java Test Files AST scan (done) | time=1ms
01:25:25.743 INFO  org.sonar.squidbridge.ProgressReport - 0/0 source files have been analyzed
01:25:25.745 INFO  org.sonar.java.JavaSquid - Java Main Files AST scan
01:25:25.745 INFO  org.sonar.squidbridge.ProgressReport - 1 source files to be analyzed
01:25:25.849 INFO  org.sonar.java.JavaSquid - Java Main Files AST scan (done) | time=104ms
01:25:25.849 INFO  org.sonar.squidbridge.ProgressReport - 1/1 source files have been analyzed
01:25:25.849 INFO  org.sonar.java.JavaSquid - Java Test Files AST scan
01:25:25.850 INFO  org.sonar.squidbridge.ProgressReport - 0 source files to be analyzed
01:25:25.850 INFO  org.sonar.java.JavaSquid - Java Test Files AST scan (done) | time=1ms
01:25:25.850 INFO  org.sonar.squidbridge.ProgressReport - 0/0 source files have been analyzed
01:25:25.852 INFO  org.sonar.java.JavaSquid - Java Main Files AST scan
01:25:25.852 INFO  org.sonar.squidbridge.ProgressReport - 1 source files to be analyzed
01:25:25.855 INFO  org.sonar.java.JavaSquid - Java Main Files AST scan (done) | time=3ms
01:25:25.855 INFO  org.sonar.java.JavaSquid - Java Test Files AST scan
01:25:25.855 INFO  org.sonar.squidbridge.ProgressReport - 0 source files to be analyzed
01:25:25.856 INFO  org.sonar.squidbridge.ProgressReport - 1/1 source files have been analyzed
01:25:25.856 INFO  org.sonar.java.JavaSquid - Java Test Files AST scan (done) | time=1ms
01:25:25.856 INFO  org.sonar.squidbridge.ProgressReport - 0/0 source files have been analyzed
01:25:25.858 INFO  org.sonar.java.JavaSquid - Java Main Files AST scan
01:25:25.858 INFO  org.sonar.squidbridge.ProgressReport - 1 source files to be analyzed
01:25:26.012 INFO  org.sonar.java.JavaSquid - Java Main Files AST scan (done) | time=154ms
01:25:26.012 INFO  org.sonar.java.JavaSquid - Java Test Files AST scan
01:25:26.012 INFO  org.sonar.squidbridge.ProgressReport - 1/1 source files have been analyzed
01:25:26.012 INFO  org.sonar.squidbridge.ProgressReport - 0 source files to be analyzed
01:25:26.012 INFO  org.sonar.java.JavaSquid - Java Test Files AST scan (done) | time=0ms
01:25:26.013 INFO  org.sonar.squidbridge.ProgressReport - 0/0 source files have been analyzed
01:25:26.015 INFO  org.sonar.java.JavaSquid - Java Main Files AST scan
01:25:26.015 INFO  org.sonar.squidbridge.ProgressReport - 1 source files to be analyzed
01:25:26.212 INFO  org.sonar.java.JavaSquid - Java Main Files AST scan (done) | time=197ms
01:25:26.212 INFO  org.sonar.java.JavaSquid - Java Test Files AST scan
01:25:26.212 INFO  org.sonar.squidbridge.ProgressReport - 1/1 source files have been analyzed
01:25:26.212 INFO  org.sonar.squidbridge.ProgressReport - 0 source files to be analyzed
01:25:26.212 INFO  org.sonar.java.JavaSquid - Java Test Files AST scan (done) | time=0ms
01:25:26.212 INFO  org.sonar.squidbridge.ProgressReport - 0/0 source files have been analyzed
01:25:26.214 INFO  org.sonar.java.JavaSquid - Java Main Files AST scan
01:25:26.214 INFO  org.sonar.squidbridge.ProgressReport - 1 source files to be analyzed
01:25:26.220 INFO  org.sonar.java.JavaSquid - Java Main Files AST scan (done) | time=6ms
01:25:26.220 INFO  org.sonar.java.JavaSquid - Java Test Files AST scan
01:25:26.220 INFO  org.sonar.squidbridge.ProgressReport - 0 source files to be analyzed
01:25:26.220 INFO  org.sonar.squidbridge.ProgressReport - 1/1 source files have been analyzed
01:25:26.220 INFO  org.sonar.java.JavaSquid - Java Test Files AST scan (done) | time=0ms
01:25:26.221 INFO  org.sonar.squidbridge.ProgressReport - 0/0 source files have been analyzed
01:25:26.222 INFO  org.sonar.java.JavaSquid - Java Main Files AST scan
01:25:26.222 INFO  org.sonar.squidbridge.ProgressReport - 1 source files to be analyzed
01:25:26.229 INFO  org.sonar.java.JavaSquid - Java Main Files AST scan (done) | time=7ms
01:25:26.229 INFO  org.sonar.java.JavaSquid - Java Test Files AST scan
01:25:26.229 INFO  org.sonar.squidbridge.ProgressReport - 0 source files to be analyzed
01:25:26.229 INFO  org.sonar.squidbridge.ProgressReport - 1/1 source files have been analyzed
01:25:26.229 INFO  org.sonar.java.JavaSquid - Java Test Files AST scan (done) | time=0ms
01:25:26.229 INFO  org.sonar.squidbridge.ProgressReport - 0/0 source files have been analyzed
01:25:26.231 INFO  org.sonar.java.JavaSquid - Java Main Files AST scan
01:25:26.231 INFO  org.sonar.squidbridge.ProgressReport - 1 source files to be analyzed
01:25:26.478 INFO  org.sonar.java.JavaSquid - Java Main Files AST scan (done) | time=247ms
01:25:26.478 INFO  org.sonar.squidbridge.ProgressReport - 1/1 source files have been analyzed
01:25:26.478 INFO  org.sonar.java.JavaSquid - Java Test Files AST scan
01:25:26.479 INFO  org.sonar.squidbridge.ProgressReport - 0 source files to be analyzed
01:25:26.479 INFO  org.sonar.java.JavaSquid - Java Test Files AST scan (done) | time=1ms
01:25:26.479 INFO  org.sonar.squidbridge.ProgressReport - 0/0 source files have been analyzed
[INFO] Tests run: 9, Failures: 0, Errors: 0, Skipped: 0, Time elapsed: 1.116 s - in org.sonar.java.MeasurerTest
[INFO] Running org.sonar.java.resolve.SafetyNetTest
[INFO] Tests run: 1, Failures: 0, Errors: 0, Skipped: 0, Time elapsed: 25.805 s - in org.sonar.java.resolve.SafetyNetTest
[INFO] Running org.sonar.java.bytecode.cfg.InstructionsTest
[INFO] Tests run: 1, Failures: 0, Errors: 0, Skipped: 0, Time elapsed: 0 s - in org.sonar.java.bytecode.cfg.InstructionsTest
[INFO] Running org.sonar.java.ast.parser.grammar.enums.EnumConstantTest
[INFO] Tests run: 2, Failures: 0, Errors: 0, Skipped: 0, Time elapsed: 0 s - in org.sonar.java.ast.parser.grammar.enums.EnumConstantTest
[INFO] 
[INFO] Results:
[INFO] 
[INFO] Tests run: 1565, Failures: 0, Errors: 0, Skipped: 0
[INFO] 
[INFO] 
[INFO] --- maven-jar-plugin:3.0.2:jar (default-jar) @ java-frontend ---
[INFO] 
[INFO] --- maven-source-plugin:3.0.1:jar-no-fork (attach-sources) @ java-frontend ---
[INFO] Building jar: /home/travis/build/failed/SonarSource/sonar-java/java-frontend/target/java-frontend-5.4.0-SNAPSHOT-sources.jar
[INFO] 
[INFO] ------------------------------------------------------------------------
[INFO] Building SonarQube Java :: Check Test tool kit 5.4.0-SNAPSHOT
[INFO] ------------------------------------------------------------------------
[INFO] 
[INFO] --- buildnumber-maven-plugin:1.4:create (default) @ java-checks-testkit ---
[INFO] 
[INFO] --- maven-enforcer-plugin:3.0.0-M1:enforce (enforce) @ java-checks-testkit ---
[INFO] 
[INFO] --- license-maven-plugin:3.0:check (enforce-license-headers) @ java-checks-testkit ---
[INFO] Checking licenses...
[INFO] 
[INFO] --- beanshell-maven-plugin:1.4:run (compute-artifact-display-version) @ java-checks-testkit ---
[INFO] Executing Script
[INFO] file class java.lang.Object
[INFO] script class java.lang.String
[INFO] evaluating script if (! "5.4.0-SNAPSHOT".endsWith("-SNAPSHOT")) { [+ 14 omitted line(s)]
[INFO] 
[INFO] --- maven-resources-plugin:3.0.2:resources (default-resources) @ java-checks-testkit ---
[INFO] Using 'UTF-8' encoding to copy filtered resources.
[INFO] skip non existing resourceDirectory /home/travis/build/failed/SonarSource/sonar-java/java-checks-testkit/src/main/resources
[INFO] 
[INFO] --- maven-compiler-plugin:3.7.0:compile (default-compile) @ java-checks-testkit ---
[INFO] Nothing to compile - all classes are up to date
[INFO] 
[INFO] --- maven-resources-plugin:3.0.2:testResources (default-testResources) @ java-checks-testkit ---
[INFO] Using 'UTF-8' encoding to copy filtered resources.
[INFO] Copying 5 resources
[INFO] 
[INFO] --- maven-compiler-plugin:3.7.0:testCompile (default-testCompile) @ java-checks-testkit ---
[INFO] Nothing to compile - all classes are up to date
[INFO] 
[INFO] --- maven-surefire-plugin:2.20.1:test (default-test) @ java-checks-testkit ---
[INFO] Surefire report directory: /home/travis/build/failed/SonarSource/sonar-java/java-checks-testkit/target/surefire-reports
[INFO] 
[INFO] -------------------------------------------------------
[INFO]  T E S T S
[INFO] -------------------------------------------------------
[INFO] Running org.sonar.java.checks.verifier.PomCheckVerifierTest
01:26:01.857 [main] ERROR org.sonar.java.xml.XmlParser - Unable to parse xml file: src/test/files/xml/PomCheckVerifierParseIssue.xml
01:26:01.864 [main] DEBUG org.sonar.java.xml.XmlParser - XML file parsing failed because of : org.xml.sax.SAXParseException; systemId: file:/home/travis/build/failed/SonarSource/sonar-java/java-checks-testkit/src/test/files/xml/PomCheckVerifierParseIssue.xml; lineNumber: 17; columnNumber: 11; The element type "description" must be terminated by the matching end-tag "</description>".
	at com.sun.org.apache.xerces.internal.util.ErrorHandlerWrapper.createSAXParseException(ErrorHandlerWrapper.java:203)
	at com.sun.org.apache.xerces.internal.util.ErrorHandlerWrapper.fatalError(ErrorHandlerWrapper.java:177)
	at com.sun.org.apache.xerces.internal.impl.XMLErrorReporter.reportError(XMLErrorReporter.java:400)
	at com.sun.org.apache.xerces.internal.impl.XMLErrorReporter.reportError(XMLErrorReporter.java:327)
	at com.sun.org.apache.xerces.internal.impl.XMLScanner.reportFatalError(XMLScanner.java:1472)
	at com.sun.org.apache.xerces.internal.impl.XMLDocumentFragmentScannerImpl.scanEndElement(XMLDocumentFragmentScannerImpl.java:1749)
	at com.sun.org.apache.xerces.internal.impl.XMLDocumentFragmentScannerImpl$FragmentContentDriver.next(XMLDocumentFragmentScannerImpl.java:2967)
	at com.sun.org.apache.xerces.internal.impl.XMLDocumentScannerImpl.next(XMLDocumentScannerImpl.java:602)
	at com.sun.org.apache.xerces.internal.impl.XMLDocumentFragmentScannerImpl.scanDocument(XMLDocumentFragmentScannerImpl.java:505)
	at com.sun.org.apache.xerces.internal.parsers.XML11Configuration.parse(XML11Configuration.java:841)
	at com.sun.org.apache.xerces.internal.parsers.XML11Configuration.parse(XML11Configuration.java:770)
	at com.sun.org.apache.xerces.internal.parsers.XMLParser.parse(XMLParser.java:141)
	at com.sun.org.apache.xerces.internal.parsers.AbstractSAXParser.parse(AbstractSAXParser.java:1213)
	at com.sun.org.apache.xerces.internal.jaxp.SAXParserImpl$JAXPSAXParser.parse(SAXParserImpl.java:643)
	at com.sun.org.apache.xerces.internal.jaxp.SAXParserImpl.parse(SAXParserImpl.java:327)
	at javax.xml.parsers.SAXParser.parse(SAXParser.java:328)
	at org.sonar.java.xml.XmlParser.parseXML(XmlParser.java:64)
	at org.sonar.java.checks.verifier.PomCheckVerifier.scanFile(PomCheckVerifier.java:69)
	at org.sonar.java.checks.verifier.PomCheckVerifier.verify(PomCheckVerifier.java:52)
	at org.sonar.java.checks.verifier.PomCheckVerifierTest.should_fail_when_cannot_parse(PomCheckVerifierTest.java:132)
	at sun.reflect.NativeMethodAccessorImpl.invoke0(Native Method)
	at sun.reflect.NativeMethodAccessorImpl.invoke(NativeMethodAccessorImpl.java:62)
	at sun.reflect.DelegatingMethodAccessorImpl.invoke(DelegatingMethodAccessorImpl.java:43)
	at java.lang.reflect.Method.invoke(Method.java:498)
	at org.junit.runners.model.FrameworkMethod$1.runReflectiveCall(FrameworkMethod.java:50)
	at org.junit.internal.runners.model.ReflectiveCallable.run(ReflectiveCallable.java:12)
	at org.junit.runners.model.FrameworkMethod.invokeExplosively(FrameworkMethod.java:47)
	at org.junit.internal.runners.statements.InvokeMethod.evaluate(InvokeMethod.java:17)
	at org.junit.internal.runners.statements.ExpectException.evaluate(ExpectException.java:19)
	at org.junit.runners.ParentRunner.runLeaf(ParentRunner.java:325)
	at org.junit.runners.BlockJUnit4ClassRunner.runChild(BlockJUnit4ClassRunner.java:78)
	at org.junit.runners.BlockJUnit4ClassRunner.runChild(BlockJUnit4ClassRunner.java:57)
	at org.junit.runners.ParentRunner$3.run(ParentRunner.java:290)
	at org.junit.runners.ParentRunner$1.schedule(ParentRunner.java:71)
	at org.junit.runners.ParentRunner.runChildren(ParentRunner.java:288)
	at org.junit.runners.ParentRunner.access$000(ParentRunner.java:58)
	at org.junit.runners.ParentRunner$2.evaluate(ParentRunner.java:268)
	at org.junit.runners.ParentRunner.run(ParentRunner.java:363)
	at org.apache.maven.surefire.junit4.JUnit4Provider.execute(JUnit4Provider.java:369)
	at org.apache.maven.surefire.junit4.JUnit4Provider.executeWithRerun(JUnit4Provider.java:275)
	at org.apache.maven.surefire.junit4.JUnit4Provider.executeTestSet(JUnit4Provider.java:239)
	at org.apache.maven.surefire.junit4.JUnit4Provider.invoke(JUnit4Provider.java:160)
	at org.apache.maven.surefire.booter.ForkedBooter.invokeProviderInSameClassLoader(ForkedBooter.java:373)
	at org.apache.maven.surefire.booter.ForkedBooter.runSuitesInProcess(ForkedBooter.java:334)
	at org.apache.maven.surefire.booter.ForkedBooter.execute(ForkedBooter.java:119)
	at org.apache.maven.surefire.booter.ForkedBooter.main(ForkedBooter.java:407)

01:26:03.031 [main] WARN  org.sonar.java.xml.XmlParser - File  is empty and won't be analyzed.
[INFO] Tests run: 14, Failures: 0, Errors: 0, Skipped: 0, Time elapsed: 9.252 s - in org.sonar.java.checks.verifier.PomCheckVerifierTest
[INFO] Running org.sonar.java.checks.verifier.XmlCheckVerifierTest
01:26:06.124 [main] ERROR org.sonar.java.xml.XmlParser - Unable to parse xml file: src/test/files/xml/XmlCheckVerifierParsingIssue.xml
01:26:06.125 [main] DEBUG org.sonar.java.xml.XmlParser - XML file parsing failed because of : org.xml.sax.SAXParseException; systemId: file:/home/travis/build/failed/SonarSource/sonar-java/java-checks-testkit/src/test/files/xml/XmlCheckVerifierParsingIssue.xml; lineNumber: 3; columnNumber: 3; The element type "test2" must be terminated by the matching end-tag "</test2>".
	at com.sun.org.apache.xerces.internal.util.ErrorHandlerWrapper.createSAXParseException(ErrorHandlerWrapper.java:203)
	at com.sun.org.apache.xerces.internal.util.ErrorHandlerWrapper.fatalError(ErrorHandlerWrapper.java:177)
	at com.sun.org.apache.xerces.internal.impl.XMLErrorReporter.reportError(XMLErrorReporter.java:400)
	at com.sun.org.apache.xerces.internal.impl.XMLErrorReporter.reportError(XMLErrorReporter.java:327)
	at com.sun.org.apache.xerces.internal.impl.XMLScanner.reportFatalError(XMLScanner.java:1472)
	at com.sun.org.apache.xerces.internal.impl.XMLDocumentFragmentScannerImpl.scanEndElement(XMLDocumentFragmentScannerImpl.java:1749)
	at com.sun.org.apache.xerces.internal.impl.XMLDocumentFragmentScannerImpl$FragmentContentDriver.next(XMLDocumentFragmentScannerImpl.java:2967)
	at com.sun.org.apache.xerces.internal.impl.XMLDocumentScannerImpl.next(XMLDocumentScannerImpl.java:602)
	at com.sun.org.apache.xerces.internal.impl.XMLDocumentFragmentScannerImpl.scanDocument(XMLDocumentFragmentScannerImpl.java:505)
	at com.sun.org.apache.xerces.internal.parsers.XML11Configuration.parse(XML11Configuration.java:841)
	at com.sun.org.apache.xerces.internal.parsers.XML11Configuration.parse(XML11Configuration.java:770)
	at com.sun.org.apache.xerces.internal.parsers.XMLParser.parse(XMLParser.java:141)
	at com.sun.org.apache.xerces.internal.parsers.AbstractSAXParser.parse(AbstractSAXParser.java:1213)
	at com.sun.org.apache.xerces.internal.jaxp.SAXParserImpl$JAXPSAXParser.parse(SAXParserImpl.java:643)
	at com.sun.org.apache.xerces.internal.jaxp.SAXParserImpl.parse(SAXParserImpl.java:327)
	at javax.xml.parsers.SAXParser.parse(SAXParser.java:328)
	at org.sonar.java.xml.XmlParser.parseXML(XmlParser.java:64)
	at org.sonar.java.checks.verifier.XmlCheckVerifier.scanFile(XmlCheckVerifier.java:75)
	at org.sonar.java.checks.verifier.XmlCheckVerifier.verifyNoIssue(XmlCheckVerifier.java:64)
	at org.sonar.java.checks.verifier.XmlCheckVerifierTest.should_fail_when_parsing_issue(XmlCheckVerifierTest.java:154)
	at sun.reflect.NativeMethodAccessorImpl.invoke0(Native Method)
	at sun.reflect.NativeMethodAccessorImpl.invoke(NativeMethodAccessorImpl.java:62)
	at sun.reflect.DelegatingMethodAccessorImpl.invoke(DelegatingMethodAccessorImpl.java:43)
	at java.lang.reflect.Method.invoke(Method.java:498)
	at org.junit.runners.model.FrameworkMethod$1.runReflectiveCall(FrameworkMethod.java:50)
	at org.junit.internal.runners.model.ReflectiveCallable.run(ReflectiveCallable.java:12)
	at org.junit.runners.model.FrameworkMethod.invokeExplosively(FrameworkMethod.java:47)
	at org.junit.internal.runners.statements.InvokeMethod.evaluate(InvokeMethod.java:17)
	at org.junit.internal.runners.statements.ExpectException.evaluate(ExpectException.java:19)
	at org.junit.runners.ParentRunner.runLeaf(ParentRunner.java:325)
	at org.junit.runners.BlockJUnit4ClassRunner.runChild(BlockJUnit4ClassRunner.java:78)
	at org.junit.runners.BlockJUnit4ClassRunner.runChild(BlockJUnit4ClassRunner.java:57)
	at org.junit.runners.ParentRunner$3.run(ParentRunner.java:290)
	at org.junit.runners.ParentRunner$1.schedule(ParentRunner.java:71)
	at org.junit.runners.ParentRunner.runChildren(ParentRunner.java:288)
	at org.junit.runners.ParentRunner.access$000(ParentRunner.java:58)
	at org.junit.runners.ParentRunner$2.evaluate(ParentRunner.java:268)
	at org.junit.runners.ParentRunner.run(ParentRunner.java:363)
	at org.apache.maven.surefire.junit4.JUnit4Provider.execute(JUnit4Provider.java:369)
	at org.apache.maven.surefire.junit4.JUnit4Provider.executeWithRerun(JUnit4Provider.java:275)
	at org.apache.maven.surefire.junit4.JUnit4Provider.executeTestSet(JUnit4Provider.java:239)
	at org.apache.maven.surefire.junit4.JUnit4Provider.invoke(JUnit4Provider.java:160)
	at org.apache.maven.surefire.booter.ForkedBooter.invokeProviderInSameClassLoader(ForkedBooter.java:373)
	at org.apache.maven.surefire.booter.ForkedBooter.runSuitesInProcess(ForkedBooter.java:334)
	at org.apache.maven.surefire.booter.ForkedBooter.execute(ForkedBooter.java:119)
	at org.apache.maven.surefire.booter.ForkedBooter.main(ForkedBooter.java:407)

[INFO] Tests run: 9, Failures: 0, Errors: 0, Skipped: 0, Time elapsed: 4.317 s - in org.sonar.java.checks.verifier.XmlCheckVerifierTest
[INFO] Running org.sonar.java.checks.verifier.JavaCheckVerifierTest
01:26:10.375 [main] DEBUG o.s.java.bytecode.ClassLoaderBuilder - ----- Classpath analyzed by Squid:
01:26:10.375 [main] DEBUG o.s.java.bytecode.ClassLoaderBuilder - /home/travis/build/failed/SonarSource/sonar-java/java-checks-testkit/target/test-classes
01:26:10.375 [main] DEBUG o.s.java.bytecode.ClassLoaderBuilder - -----
01:26:11.949 [main] INFO  org.sonar.squidbridge.ProgressReport - 1 source files to be analyzed
01:26:12.578 [Report about progress of Java AST analyzer] INFO  org.sonar.squidbridge.ProgressReport - 1/1 source files have been analyzed
01:26:12.781 [main] DEBUG o.s.java.bytecode.ClassLoaderBuilder - ----- Classpath analyzed by Squid:
01:26:12.781 [main] DEBUG o.s.java.bytecode.ClassLoaderBuilder - /home/travis/build/failed/SonarSource/sonar-java/java-checks-testkit/target/test-classes
01:26:12.781 [main] DEBUG o.s.java.bytecode.ClassLoaderBuilder - -----
01:26:12.787 [main] INFO  org.sonar.squidbridge.ProgressReport - 1 source files to be analyzed
01:26:12.792 [Report about progress of Java AST analyzer] INFO  org.sonar.squidbridge.ProgressReport - 1/1 source files have been analyzed
01:26:13.055 [main] DEBUG o.s.j.checks.verifier.CheckVerifier - Remediation function and cost not provided, "constant" is assumed.
01:26:13.057 [main] DEBUG o.s.java.bytecode.ClassLoaderBuilder - ----- Classpath analyzed by Squid:
01:26:13.057 [main] DEBUG o.s.java.bytecode.ClassLoaderBuilder - /home/travis/build/failed/SonarSource/sonar-java/java-checks-testkit/target/test-classes
01:26:13.057 [main] DEBUG o.s.java.bytecode.ClassLoaderBuilder - -----
01:26:13.064 [main] INFO  org.sonar.squidbridge.ProgressReport - 1 source files to be analyzed
01:26:13.723 [main] DEBUG o.s.java.bytecode.ClassLoaderBuilder - ----- Classpath analyzed by Squid:
01:26:13.723 [main] DEBUG o.s.java.bytecode.ClassLoaderBuilder - /home/travis/build/failed/SonarSource/sonar-java/java-checks-testkit/target/test-classes
01:26:13.723 [main] DEBUG o.s.java.bytecode.ClassLoaderBuilder - -----
01:26:13.727 [main] INFO  org.sonar.squidbridge.ProgressReport - 1 source files to be analyzed
01:26:13.950 [main] DEBUG o.s.j.b.loader.SquidClassLoader - .class not found for A
01:26:13.988 [Report about progress of Java AST analyzer] INFO  org.sonar.squidbridge.ProgressReport - 1/1 source files have been analyzed
01:26:13.999 [main] DEBUG o.s.java.bytecode.ClassLoaderBuilder - ----- Classpath analyzed by Squid:
01:26:13.999 [main] DEBUG o.s.java.bytecode.ClassLoaderBuilder - /home/travis/build/failed/SonarSource/sonar-java/java-checks-testkit/target/test-classes
01:26:13.999 [main] DEBUG o.s.java.bytecode.ClassLoaderBuilder - -----
01:26:14.003 [main] INFO  org.sonar.squidbridge.ProgressReport - 1 source files to be analyzed
01:26:14.162 [main] DEBUG o.s.j.b.loader.SquidClassLoader - .class not found for A
01:26:14.176 [main] DEBUG o.s.j.b.loader.SquidClassLoader - .class not found for System
01:26:14.176 [main] DEBUG o.s.j.b.loader.SquidClassLoader - .class not found for java.lang.package-info
01:26:14.176 [main] DEBUG o.s.j.b.loader.SquidClassLoader - .class not found for java.lang.Synthetic$System
01:26:14.183 [Report about progress of Java AST analyzer] INFO  org.sonar.squidbridge.ProgressReport - 1/1 source files have been analyzed
01:26:14.185 [main] DEBUG o.s.java.bytecode.ClassLoaderBuilder - ----- Classpath analyzed by Squid:
01:26:14.185 [main] DEBUG o.s.java.bytecode.ClassLoaderBuilder - /home/travis/build/failed/SonarSource/sonar-java/java-checks-testkit/target/test-classes
01:26:14.185 [main] DEBUG o.s.java.bytecode.ClassLoaderBuilder - -----
01:26:14.189 [main] INFO  org.sonar.squidbridge.ProgressReport - 1 source files to be analyzed
01:26:14.357 [main] DEBUG o.s.java.bytecode.ClassLoaderBuilder - ----- Classpath analyzed by Squid:
01:26:14.357 [main] DEBUG o.s.java.bytecode.ClassLoaderBuilder - /home/travis/build/failed/SonarSource/sonar-java/java-checks-testkit/target/test-classes
01:26:14.357 [main] DEBUG o.s.java.bytecode.ClassLoaderBuilder - -----
01:26:14.362 [main] INFO  org.sonar.squidbridge.ProgressReport - 1 source files to be analyzed
01:26:14.427 [main] DEBUG o.s.java.bytecode.ClassLoaderBuilder - ----- Classpath analyzed by Squid:
01:26:14.427 [main] DEBUG o.s.java.bytecode.ClassLoaderBuilder - -----
01:26:14.432 [main] INFO  org.sonar.squidbridge.ProgressReport - 1 source files to be analyzed
01:26:14.439 [main] DEBUG o.s.j.b.loader.SquidClassLoader - .class not found for A
01:26:14.453 [main] DEBUG o.s.j.b.loader.SquidClassLoader - .class not found for System
01:26:14.453 [main] DEBUG o.s.j.b.loader.SquidClassLoader - .class not found for java.lang.package-info
01:26:14.454 [main] DEBUG o.s.j.b.loader.SquidClassLoader - .class not found for java.lang.Synthetic$System
01:26:14.457 [Report about progress of Java AST analyzer] INFO  org.sonar.squidbridge.ProgressReport - 1/1 source files have been analyzed
01:26:14.458 [main] DEBUG o.s.java.bytecode.ClassLoaderBuilder - ----- Classpath analyzed by Squid:
01:26:14.458 [main] DEBUG o.s.java.bytecode.ClassLoaderBuilder - -----
01:26:14.463 [main] INFO  org.sonar.squidbridge.ProgressReport - 1 source files to be analyzed
01:26:14.466 [main] DEBUG o.s.j.b.loader.SquidClassLoader - .class not found for A
01:26:14.478 [Report about progress of Java AST analyzer] INFO  org.sonar.squidbridge.ProgressReport - 1/1 source files have been analyzed
01:26:14.480 [main] DEBUG o.s.java.bytecode.ClassLoaderBuilder - ----- Classpath analyzed by Squid:
01:26:14.480 [main] DEBUG o.s.java.bytecode.ClassLoaderBuilder - -----
01:26:14.486 [main] INFO  org.sonar.squidbridge.ProgressReport - 1 source files to be analyzed
01:26:14.491 [main] DEBUG o.s.j.b.loader.SquidClassLoader - .class not found for A
01:26:14.500 [main] DEBUG o.s.j.b.loader.SquidClassLoader - .class not found for System
01:26:14.500 [main] DEBUG o.s.j.b.loader.SquidClassLoader - .class not found for java.lang.package-info
01:26:14.500 [main] DEBUG o.s.j.b.loader.SquidClassLoader - .class not found for java.lang.Synthetic$System
01:26:14.502 [Report about progress of Java AST analyzer] INFO  org.sonar.squidbridge.ProgressReport - 1/1 source files have been analyzed
01:26:14.505 [main] DEBUG o.s.java.bytecode.ClassLoaderBuilder - ----- Classpath analyzed by Squid:
01:26:14.505 [main] DEBUG o.s.java.bytecode.ClassLoaderBuilder - /home/travis/build/failed/SonarSource/sonar-java/java-checks-testkit/target/test-classes
01:26:14.505 [main] DEBUG o.s.java.bytecode.ClassLoaderBuilder - -----
01:26:14.508 [main] INFO  org.sonar.squidbridge.ProgressReport - 1 source files to be analyzed
01:26:14.510 [Report about progress of Java AST analyzer] INFO  org.sonar.squidbridge.ProgressReport - 1/1 source files have been analyzed
01:26:14.690 [main] DEBUG o.s.java.bytecode.ClassLoaderBuilder - ----- Classpath analyzed by Squid:
01:26:14.690 [main] DEBUG o.s.java.bytecode.ClassLoaderBuilder - /home/travis/build/failed/SonarSource/sonar-java/java-checks-testkit/target/test-classes
01:26:14.690 [main] DEBUG o.s.java.bytecode.ClassLoaderBuilder - -----
01:26:14.693 [main] INFO  org.sonar.squidbridge.ProgressReport - 1 source files to be analyzed
01:26:14.697 [main] DEBUG o.s.j.b.loader.SquidClassLoader - .class not found for A
01:26:14.704 [main] DEBUG o.s.j.b.loader.SquidClassLoader - .class not found for System
01:26:14.704 [main] DEBUG o.s.j.b.loader.SquidClassLoader - .class not found for java.lang.package-info
01:26:14.705 [main] DEBUG o.s.j.b.loader.SquidClassLoader - .class not found for java.lang.Synthetic$System
01:26:14.707 [Report about progress of Java AST analyzer] INFO  org.sonar.squidbridge.ProgressReport - 1/1 source files have been analyzed
01:26:14.708 [main] DEBUG o.s.j.checks.verifier.CheckVerifier - Remediation function and cost not provided, "constant" is assumed.
01:26:15.014 [main] DEBUG o.s.java.bytecode.ClassLoaderBuilder - ----- Classpath analyzed by Squid:
01:26:15.015 [main] DEBUG o.s.java.bytecode.ClassLoaderBuilder - /home/travis/build/failed/SonarSource/sonar-java/java-checks-testkit/target/test-classes
01:26:15.015 [main] DEBUG o.s.java.bytecode.ClassLoaderBuilder - -----
01:26:15.018 [main] INFO  org.sonar.squidbridge.ProgressReport - 1 source files to be analyzed
01:26:15.020 [Report about progress of Java AST analyzer] INFO  org.sonar.squidbridge.ProgressReport - 1/1 source files have been analyzed
01:26:15.020 [main] DEBUG o.s.j.checks.verifier.CheckVerifier - Remediation function and cost not provided, "constant" is assumed.
01:26:15.021 [main] DEBUG o.s.java.bytecode.ClassLoaderBuilder - ----- Classpath analyzed by Squid:
01:26:15.022 [main] DEBUG o.s.java.bytecode.ClassLoaderBuilder - -----
01:26:15.024 [main] INFO  org.sonar.squidbridge.ProgressReport - 1 source files to be analyzed
01:26:15.027 [main] DEBUG o.s.j.b.loader.SquidClassLoader - .class not found for A
01:26:15.032 [main] DEBUG o.s.j.b.loader.SquidClassLoader - .class not found for System
01:26:15.032 [main] DEBUG o.s.j.b.loader.SquidClassLoader - .class not found for java.lang.package-info
01:26:15.032 [main] DEBUG o.s.j.b.loader.SquidClassLoader - .class not found for java.lang.Synthetic$System
01:26:15.034 [Report about progress of Java AST analyzer] INFO  org.sonar.squidbridge.ProgressReport - 1/1 source files have been analyzed
01:26:15.035 [main] DEBUG o.s.java.bytecode.ClassLoaderBuilder - ----- Classpath analyzed by Squid:
01:26:15.036 [main] DEBUG o.s.java.bytecode.ClassLoaderBuilder - /home/travis/build/failed/SonarSource/sonar-java/java-checks-testkit/target/test-classes
01:26:15.036 [main] DEBUG o.s.java.bytecode.ClassLoaderBuilder - -----
01:26:15.038 [main] INFO  org.sonar.squidbridge.ProgressReport - 1 source files to be analyzed
01:26:15.658 [main] DEBUG o.s.j.b.loader.SquidClassLoader - .class not found for A
01:26:15.664 [main] DEBUG o.s.j.b.loader.SquidClassLoader - .class not found for System
01:26:15.664 [main] DEBUG o.s.j.b.loader.SquidClassLoader - .class not found for java.lang.package-info
01:26:15.664 [main] DEBUG o.s.j.b.loader.SquidClassLoader - .class not found for java.lang.Synthetic$System
01:26:15.666 [Report about progress of Java AST analyzer] INFO  org.sonar.squidbridge.ProgressReport - 1/1 source files have been analyzed
01:26:15.669 [main] DEBUG o.s.java.bytecode.ClassLoaderBuilder - ----- Classpath analyzed by Squid:
01:26:15.669 [main] DEBUG o.s.java.bytecode.ClassLoaderBuilder - /home/travis/build/failed/SonarSource/sonar-java/java-checks-testkit/target/test-classes
01:26:15.669 [main] DEBUG o.s.java.bytecode.ClassLoaderBuilder - -----
01:26:15.687 [main] INFO  org.sonar.squidbridge.ProgressReport - 1 source files to be analyzed
01:26:16.506 [main] DEBUG o.s.java.bytecode.ClassLoaderBuilder - ----- Classpath analyzed by Squid:
01:26:16.506 [main] DEBUG o.s.java.bytecode.ClassLoaderBuilder - /home/travis/build/failed/SonarSource/sonar-java/java-checks-testkit/target/test-classes
01:26:16.506 [main] DEBUG o.s.java.bytecode.ClassLoaderBuilder - -----
01:26:16.510 [main] INFO  org.sonar.squidbridge.ProgressReport - 1 source files to be analyzed
01:26:16.512 [main] DEBUG o.s.j.b.loader.SquidClassLoader - .class not found for A
01:26:16.517 [main] DEBUG o.s.j.b.loader.SquidClassLoader - .class not found for System
01:26:16.517 [main] DEBUG o.s.j.b.loader.SquidClassLoader - .class not found for java.lang.package-info
01:26:16.518 [main] DEBUG o.s.j.b.loader.SquidClassLoader - .class not found for java.lang.Synthetic$System
01:26:16.520 [Report about progress of Java AST analyzer] INFO  org.sonar.squidbridge.ProgressReport - 1/1 source files have been analyzed
01:26:16.703 [main] DEBUG o.s.java.bytecode.ClassLoaderBuilder - ----- Classpath analyzed by Squid:
01:26:16.703 [main] DEBUG o.s.java.bytecode.ClassLoaderBuilder - /home/travis/build/failed/SonarSource/sonar-java/java-checks-testkit/target/test-classes
01:26:16.703 [main] DEBUG o.s.java.bytecode.ClassLoaderBuilder - -----
01:26:16.708 [main] INFO  org.sonar.squidbridge.ProgressReport - 1 source files to be analyzed
01:26:16.712 [main] DEBUG o.s.j.b.loader.SquidClassLoader - .class not found for A
01:26:16.725 [main] DEBUG o.s.j.b.loader.SquidClassLoader - .class not found for System
01:26:16.725 [main] DEBUG o.s.j.b.loader.SquidClassLoader - .class not found for java.lang.package-info
01:26:16.725 [main] DEBUG o.s.j.b.loader.SquidClassLoader - .class not found for java.lang.Synthetic$System
01:26:16.727 [Report about progress of Java AST analyzer] INFO  org.sonar.squidbridge.ProgressReport - 1/1 source files have been analyzed
01:26:16.730 [main] DEBUG o.s.java.bytecode.ClassLoaderBuilder - ----- Classpath analyzed by Squid:
01:26:16.731 [main] DEBUG o.s.java.bytecode.ClassLoaderBuilder - /home/travis/build/failed/SonarSource/sonar-java/java-checks-testkit/target/test-classes
01:26:16.731 [main] DEBUG o.s.java.bytecode.ClassLoaderBuilder - -----
01:26:16.735 [main] INFO  org.sonar.squidbridge.ProgressReport - 1 source files to be analyzed
01:26:16.738 [main] DEBUG o.s.j.b.loader.SquidClassLoader - .class not found for A
01:26:16.745 [Report about progress of Java AST analyzer] INFO  org.sonar.squidbridge.ProgressReport - 1/1 source files have been analyzed
01:26:16.747 [main] DEBUG o.s.java.bytecode.ClassLoaderBuilder - ----- Classpath analyzed by Squid:
01:26:16.747 [main] DEBUG o.s.java.bytecode.ClassLoaderBuilder - /home/travis/build/failed/SonarSource/sonar-java/java-checks-testkit/target/test-classes
01:26:16.747 [main] DEBUG o.s.java.bytecode.ClassLoaderBuilder - -----
01:26:16.752 [main] INFO  org.sonar.squidbridge.ProgressReport - 1 source files to be analyzed
01:26:16.755 [main] DEBUG o.s.j.b.loader.SquidClassLoader - .class not found for A
01:26:16.762 [main] DEBUG o.s.j.b.loader.SquidClassLoader - .class not found for System
01:26:16.763 [main] DEBUG o.s.j.b.loader.SquidClassLoader - .class not found for java.lang.package-info
01:26:16.763 [main] DEBUG o.s.j.b.loader.SquidClassLoader - .class not found for java.lang.Synthetic$System
01:26:16.765 [Report about progress of Java AST analyzer] INFO  org.sonar.squidbridge.ProgressReport - 1/1 source files have been analyzed
01:26:16.767 [main] DEBUG o.s.java.bytecode.ClassLoaderBuilder - ----- Classpath analyzed by Squid:
01:26:16.767 [main] DEBUG o.s.java.bytecode.ClassLoaderBuilder - /home/travis/build/failed/SonarSource/sonar-java/java-checks-testkit/target/test-classes
01:26:16.767 [main] DEBUG o.s.java.bytecode.ClassLoaderBuilder - -----
01:26:16.771 [main] INFO  org.sonar.squidbridge.ProgressReport - 1 source files to be analyzed
01:26:16.774 [main] DEBUG o.s.j.b.loader.SquidClassLoader - .class not found for A
01:26:16.780 [main] DEBUG o.s.j.b.loader.SquidClassLoader - .class not found for System
01:26:16.780 [main] DEBUG o.s.j.b.loader.SquidClassLoader - .class not found for java.lang.package-info
01:26:16.780 [main] DEBUG o.s.j.b.loader.SquidClassLoader - .class not found for java.lang.Synthetic$System
01:26:16.783 [Report about progress of Java AST analyzer] INFO  org.sonar.squidbridge.ProgressReport - 1/1 source files have been analyzed
01:26:16.786 [main] DEBUG o.s.java.bytecode.ClassLoaderBuilder - ----- Classpath analyzed by Squid:
01:26:16.786 [main] DEBUG o.s.java.bytecode.ClassLoaderBuilder - /home/travis/build/failed/SonarSource/sonar-java/java-checks-testkit/target/test-classes
01:26:16.786 [main] DEBUG o.s.java.bytecode.ClassLoaderBuilder - -----
01:26:16.790 [main] INFO  org.sonar.squidbridge.ProgressReport - 1 source files to be analyzed
01:26:16.792 [main] DEBUG o.s.j.b.loader.SquidClassLoader - .class not found for A
01:26:16.797 [Report about progress of Java AST analyzer] INFO  org.sonar.squidbridge.ProgressReport - 1/1 source files have been analyzed
01:26:16.992 [main] DEBUG o.s.java.bytecode.ClassLoaderBuilder - ----- Classpath analyzed by Squid:
01:26:16.992 [main] DEBUG o.s.java.bytecode.ClassLoaderBuilder - /home/travis/build/failed/SonarSource/sonar-java/java-checks-testkit/target/test-classes
01:26:16.992 [main] DEBUG o.s.java.bytecode.ClassLoaderBuilder - -----
01:26:16.996 [main] INFO  org.sonar.squidbridge.ProgressReport - 1 source files to be analyzed
01:26:16.999 [Report about progress of Java AST analyzer] INFO  org.sonar.squidbridge.ProgressReport - 1/1 source files have been analyzed
01:26:17.116 [main] DEBUG o.s.java.bytecode.ClassLoaderBuilder - ----- Classpath analyzed by Squid:
01:26:17.116 [main] DEBUG o.s.java.bytecode.ClassLoaderBuilder - /home/travis/build/failed/SonarSource/sonar-java/java-checks-testkit/target/test-classes
01:26:17.116 [main] DEBUG o.s.java.bytecode.ClassLoaderBuilder - -----
01:26:17.121 [main] INFO  org.sonar.squidbridge.ProgressReport - 1 source files to be analyzed
01:26:17.237 [main] DEBUG o.s.j.b.loader.SquidClassLoader - .class not found for A
01:26:17.242 [main] DEBUG o.s.j.b.loader.SquidClassLoader - .class not found for System
01:26:17.242 [main] DEBUG o.s.j.b.loader.SquidClassLoader - .class not found for java.lang.package-info
01:26:17.242 [main] DEBUG o.s.j.b.loader.SquidClassLoader - .class not found for java.lang.Synthetic$System
01:26:17.244 [Report about progress of Java AST analyzer] INFO  org.sonar.squidbridge.ProgressReport - 1/1 source files have been analyzed
01:26:17.246 [main] DEBUG o.s.java.bytecode.ClassLoaderBuilder - ----- Classpath analyzed by Squid:
01:26:17.246 [main] DEBUG o.s.java.bytecode.ClassLoaderBuilder - /home/travis/build/failed/SonarSource/sonar-java/java-checks-testkit/target/test-classes
01:26:17.246 [main] DEBUG o.s.java.bytecode.ClassLoaderBuilder - -----
01:26:17.249 [main] INFO  org.sonar.squidbridge.ProgressReport - 1 source files to be analyzed
01:26:17.252 [main] DEBUG o.s.j.b.loader.SquidClassLoader - .class not found for A
01:26:17.257 [main] DEBUG o.s.j.b.loader.SquidClassLoader - .class not found for System
01:26:17.257 [main] DEBUG o.s.j.b.loader.SquidClassLoader - .class not found for java.lang.package-info
01:26:17.257 [main] DEBUG o.s.j.b.loader.SquidClassLoader - .class not found for java.lang.Synthetic$System
01:26:17.258 [Report about progress of Java AST analyzer] INFO  org.sonar.squidbridge.ProgressReport - 1/1 source files have been analyzed
01:26:17.260 [main] DEBUG o.s.java.bytecode.ClassLoaderBuilder - ----- Classpath analyzed by Squid:
01:26:17.260 [main] DEBUG o.s.java.bytecode.ClassLoaderBuilder - /home/travis/build/failed/SonarSource/sonar-java/java-checks-testkit/target/test-classes
01:26:17.260 [main] DEBUG o.s.java.bytecode.ClassLoaderBuilder - -----
01:26:17.263 [main] INFO  org.sonar.squidbridge.ProgressReport - 1 source files to be analyzed
01:26:17.265 [main] DEBUG o.s.j.b.loader.SquidClassLoader - .class not found for A
01:26:17.270 [main] DEBUG o.s.j.b.loader.SquidClassLoader - .class not found for System
01:26:17.270 [main] DEBUG o.s.j.b.loader.SquidClassLoader - .class not found for java.lang.package-info
01:26:17.270 [main] DEBUG o.s.j.b.loader.SquidClassLoader - .class not found for java.lang.Synthetic$System
01:26:17.272 [Report about progress of Java AST analyzer] INFO  org.sonar.squidbridge.ProgressReport - 1/1 source files have been analyzed
01:26:17.275 [main] DEBUG o.s.java.bytecode.ClassLoaderBuilder - ----- Classpath analyzed by Squid:
01:26:17.275 [main] DEBUG o.s.java.bytecode.ClassLoaderBuilder - /home/travis/build/failed/SonarSource/sonar-java/java-checks-testkit/target/test-classes
01:26:17.275 [main] DEBUG o.s.java.bytecode.ClassLoaderBuilder - -----
01:26:17.277 [main] INFO  org.sonar.squidbridge.ProgressReport - 1 source files to be analyzed
01:26:17.279 [main] DEBUG o.s.j.b.loader.SquidClassLoader - .class not found for A
01:26:17.283 [Report about progress of Java AST analyzer] INFO  org.sonar.squidbridge.ProgressReport - 1/1 source files have been analyzed
01:26:17.285 [main] DEBUG o.s.java.bytecode.ClassLoaderBuilder - ----- Classpath analyzed by Squid:
01:26:17.285 [main] DEBUG o.s.java.bytecode.ClassLoaderBuilder - /home/travis/build/failed/SonarSource/sonar-java/java-checks-testkit/target/test-classes
01:26:17.285 [main] DEBUG o.s.java.bytecode.ClassLoaderBuilder - -----
01:26:17.287 [main] INFO  org.sonar.squidbridge.ProgressReport - 1 source files to be analyzed
01:26:17.289 [main] DEBUG o.s.j.b.loader.SquidClassLoader - .class not found for A
01:26:17.294 [main] DEBUG o.s.j.b.loader.SquidClassLoader - .class not found for System
01:26:17.294 [main] DEBUG o.s.j.b.loader.SquidClassLoader - .class not found for java.lang.package-info
01:26:17.294 [main] DEBUG o.s.j.b.loader.SquidClassLoader - .class not found for java.lang.Synthetic$System
01:26:17.295 [Report about progress of Java AST analyzer] INFO  org.sonar.squidbridge.ProgressReport - 1/1 source files have been analyzed
01:26:17.297 [main] DEBUG o.s.java.bytecode.ClassLoaderBuilder - ----- Classpath analyzed by Squid:
01:26:17.297 [main] DEBUG o.s.java.bytecode.ClassLoaderBuilder - /home/travis/build/failed/SonarSource/sonar-java/java-checks-testkit/target/test-classes
01:26:17.297 [main] DEBUG o.s.java.bytecode.ClassLoaderBuilder - -----
01:26:17.300 [main] INFO  org.sonar.squidbridge.ProgressReport - 1 source files to be analyzed
01:26:17.303 [main] DEBUG o.s.j.b.loader.SquidClassLoader - .class not found for A
01:26:17.307 [main] DEBUG o.s.j.b.loader.SquidClassLoader - .class not found for System
01:26:17.307 [main] DEBUG o.s.j.b.loader.SquidClassLoader - .class not found for java.lang.package-info
01:26:17.307 [main] DEBUG o.s.j.b.loader.SquidClassLoader - .class not found for java.lang.Synthetic$System
01:26:17.309 [Report about progress of Java AST analyzer] INFO  org.sonar.squidbridge.ProgressReport - 1/1 source files have been analyzed
01:26:17.311 [main] DEBUG o.s.java.bytecode.ClassLoaderBuilder - ----- Classpath analyzed by Squid:
01:26:17.311 [main] DEBUG o.s.java.bytecode.ClassLoaderBuilder - /home/travis/build/failed/SonarSource/sonar-java/java-checks-testkit/target/test-classes
01:26:17.311 [main] DEBUG o.s.java.bytecode.ClassLoaderBuilder - -----
01:26:17.315 [main] INFO  org.sonar.squidbridge.ProgressReport - 1 source files to be analyzed
01:26:17.319 [main] DEBUG o.s.j.b.loader.SquidClassLoader - .class not found for A
01:26:17.323 [main] DEBUG o.s.j.b.loader.SquidClassLoader - .class not found for System
01:26:17.323 [main] DEBUG o.s.j.b.loader.SquidClassLoader - .class not found for java.lang.package-info
01:26:17.324 [main] DEBUG o.s.j.b.loader.SquidClassLoader - .class not found for java.lang.Synthetic$System
01:26:17.325 [Report about progress of Java AST analyzer] INFO  org.sonar.squidbridge.ProgressReport - 1/1 source files have been analyzed
01:26:17.327 [main] DEBUG o.s.java.bytecode.ClassLoaderBuilder - ----- Classpath analyzed by Squid:
01:26:17.327 [main] DEBUG o.s.java.bytecode.ClassLoaderBuilder - -----
01:26:17.330 [main] INFO  org.sonar.squidbridge.ProgressReport - 1 source files to be analyzed
01:26:17.332 [main] DEBUG o.s.j.b.loader.SquidClassLoader - .class not found for A
01:26:17.336 [main] DEBUG o.s.j.b.loader.SquidClassLoader - .class not found for System
01:26:17.337 [main] DEBUG o.s.j.b.loader.SquidClassLoader - .class not found for java.lang.package-info
01:26:17.337 [main] DEBUG o.s.j.b.loader.SquidClassLoader - .class not found for java.lang.Synthetic$System
01:26:17.338 [Report about progress of Java AST analyzer] INFO  org.sonar.squidbridge.ProgressReport - 1/1 source files have been analyzed
01:26:17.339 [main] DEBUG o.s.java.bytecode.ClassLoaderBuilder - ----- Classpath analyzed by Squid:
01:26:17.339 [main] DEBUG o.s.java.bytecode.ClassLoaderBuilder - -----
01:26:17.341 [main] INFO  org.sonar.squidbridge.ProgressReport - 1 source files to be analyzed
01:26:17.343 [main] DEBUG o.s.j.b.loader.SquidClassLoader - .class not found for A
01:26:17.347 [Report about progress of Java AST analyzer] INFO  org.sonar.squidbridge.ProgressReport - 1/1 source files have been analyzed
01:26:17.348 [main] DEBUG o.s.java.bytecode.ClassLoaderBuilder - ----- Classpath analyzed by Squid:
01:26:17.348 [main] DEBUG o.s.java.bytecode.ClassLoaderBuilder - -----
01:26:17.350 [main] INFO  org.sonar.squidbridge.ProgressReport - 1 source files to be analyzed
01:26:17.352 [main] DEBUG o.s.j.b.loader.SquidClassLoader - .class not found for A
01:26:17.356 [main] DEBUG o.s.j.b.loader.SquidClassLoader - .class not found for System
01:26:17.356 [main] DEBUG o.s.j.b.loader.SquidClassLoader - .class not found for java.lang.package-info
01:26:17.357 [main] DEBUG o.s.j.b.loader.SquidClassLoader - .class not found for java.lang.Synthetic$System
01:26:17.358 [Report about progress of Java AST analyzer] INFO  org.sonar.squidbridge.ProgressReport - 1/1 source files have been analyzed
[INFO] Tests run: 31, Failures: 0, Errors: 0, Skipped: 0, Time elapsed: 7.807 s - in org.sonar.java.checks.verifier.JavaCheckVerifierTest
[INFO] 
[INFO] Results:
[INFO] 
[INFO] Tests run: 54, Failures: 0, Errors: 0, Skipped: 0
[INFO] 
[INFO] 
[INFO] --- maven-jar-plugin:3.0.2:jar (default-jar) @ java-checks-testkit ---
[INFO] 
[INFO] --- maven-source-plugin:3.0.1:jar-no-fork (attach-sources) @ java-checks-testkit ---
[INFO] Building jar: /home/travis/build/failed/SonarSource/sonar-java/java-checks-testkit/target/java-checks-testkit-5.4.0-SNAPSHOT-sources.jar
[INFO] 
[INFO] ------------------------------------------------------------------------
[INFO] Building SonarQube Java :: Checks 5.4.0-SNAPSHOT
[INFO] ------------------------------------------------------------------------
[INFO] 
[INFO] --- buildnumber-maven-plugin:1.4:create (default) @ java-checks ---
[INFO] 
[INFO] --- maven-enforcer-plugin:3.0.0-M1:enforce (enforce) @ java-checks ---
[INFO] 
[INFO] --- license-maven-plugin:3.0:check (enforce-license-headers) @ java-checks ---
[INFO] Checking licenses...
[WARNING] Missing header in: /home/travis/build/failed/SonarSource/sonar-java/java-checks/src/main/java/org/sonar/java/checks/security/SecureXmlTransformerCheck.java
[WARNING] Missing header in: /home/travis/build/failed/SonarSource/sonar-java/java-checks/src/test/java/org/sonar/java/checks/security/SecureXmlTransformerCheckTest.java
[INFO] ------------------------------------------------------------------------
[INFO] Reactor Summary:
[INFO] 
[INFO] SonarJava .......................................... SUCCESS [01:14 min]
[INFO] SonarQube Java :: Maven model generator ............ SUCCESS [ 41.956 s]
[INFO] SonarQube Java :: Front-end ........................ SUCCESS [05:18 min]
[INFO] SonarQube Java :: Check Test tool kit .............. SUCCESS [ 24.581 s]
[INFO] SonarQube Java :: Checks ........................... FAILURE [ 12.685 s]
[INFO] SonarQube Java :: Surefire ......................... SKIPPED
[INFO] java-jacoco-previous ............................... SKIPPED
[INFO] SonarQube Java :: JaCoCo ........................... SKIPPED
[INFO] SonarQube Java :: Plugin ........................... SKIPPED
[INFO] SonarQube Java :: JaCoCo Listeners ................. SKIPPED
[INFO] SonarQube Java :: ITs .............................. SKIPPED
[INFO] SonarQube Java :: ITs :: Performancing ............. SKIPPED
[INFO] SonarQube Java :: ITs :: Plugin .................... SKIPPED
[INFO] SonarQube Java :: ITs :: Plugin :: Plugins ......... SKIPPED
[INFO] SonarQube Java :: ITS :: Plugin :: Java Extension Plugin SKIPPED
[INFO] SonarQube Java :: ITs :: Plugin :: Tests ........... SKIPPED
[INFO] SonarQube Java :: ITs :: Ruling .................... SKIPPED
[INFO] SonarQube Java :: ITs :: Semantic .................. SKIPPED
[INFO] SonarQube Java :: ITS :: Semantic :: Java Debugging Plugin SKIPPED
[INFO] SonarQube Java :: ITs :: Semantic :: Tests ......... SKIPPED
[INFO] ------------------------------------------------------------------------
[INFO] BUILD FAILURE
[INFO] ------------------------------------------------------------------------
[INFO] Total time: 08:26 min
[INFO] Finished at: 2022-02-06T01:26:30Z
[INFO] Final Memory: 26M/493M
[INFO] ------------------------------------------------------------------------
[ERROR] Failed to execute goal com.mycila:license-maven-plugin:3.0:check (enforce-license-headers) on project java-checks: Some files do not have the expected license header -> [Help 1]
org.apache.maven.lifecycle.LifecycleExecutionException: Failed to execute goal com.mycila:license-maven-plugin:3.0:check (enforce-license-headers) on project java-checks: Some files do not have the expected license header
    at org.apache.maven.lifecycle.internal.MojoExecutor.execute (MojoExecutor.java:213)
    at org.apache.maven.lifecycle.internal.MojoExecutor.execute (MojoExecutor.java:154)
    at org.apache.maven.lifecycle.internal.MojoExecutor.execute (MojoExecutor.java:146)
    at org.apache.maven.lifecycle.internal.LifecycleModuleBuilder.buildProject (LifecycleModuleBuilder.java:117)
    at org.apache.maven.lifecycle.internal.LifecycleModuleBuilder.buildProject (LifecycleModuleBuilder.java:81)
    at org.apache.maven.lifecycle.internal.builder.singlethreaded.SingleThreadedBuilder.build (SingleThreadedBuilder.java:51)
    at org.apache.maven.lifecycle.internal.LifecycleStarter.execute (LifecycleStarter.java:128)
    at org.apache.maven.DefaultMaven.doExecute (DefaultMaven.java:309)
    at org.apache.maven.DefaultMaven.doExecute (DefaultMaven.java:194)
    at org.apache.maven.DefaultMaven.execute (DefaultMaven.java:107)
    at org.apache.maven.cli.MavenCli.execute (MavenCli.java:955)
    at org.apache.maven.cli.MavenCli.doMain (MavenCli.java:290)
    at org.apache.maven.cli.MavenCli.main (MavenCli.java:194)
    at sun.reflect.NativeMethodAccessorImpl.invoke0 (Native Method)
    at sun.reflect.NativeMethodAccessorImpl.invoke (NativeMethodAccessorImpl.java:62)
    at sun.reflect.DelegatingMethodAccessorImpl.invoke (DelegatingMethodAccessorImpl.java:43)
    at java.lang.reflect.Method.invoke (Method.java:498)
    at org.codehaus.plexus.classworlds.launcher.Launcher.launchEnhanced (Launcher.java:289)
    at org.codehaus.plexus.classworlds.launcher.Launcher.launch (Launcher.java:229)
    at org.codehaus.plexus.classworlds.launcher.Launcher.mainWithExitCode (Launcher.java:415)
    at org.codehaus.plexus.classworlds.launcher.Launcher.main (Launcher.java:356)
Caused by: org.apache.maven.plugin.MojoExecutionException: Some files do not have the expected license header
    at com.mycila.maven.plugin.license.LicenseCheckMojo.execute (LicenseCheckMojo.java:74)
    at org.apache.maven.plugin.DefaultBuildPluginManager.executeMojo (DefaultBuildPluginManager.java:134)
    at org.apache.maven.lifecycle.internal.MojoExecutor.execute (MojoExecutor.java:208)
    at org.apache.maven.lifecycle.internal.MojoExecutor.execute (MojoExecutor.java:154)
    at org.apache.maven.lifecycle.internal.MojoExecutor.execute (MojoExecutor.java:146)
    at org.apache.maven.lifecycle.internal.LifecycleModuleBuilder.buildProject (LifecycleModuleBuilder.java:117)
    at org.apache.maven.lifecycle.internal.LifecycleModuleBuilder.buildProject (LifecycleModuleBuilder.java:81)
    at org.apache.maven.lifecycle.internal.builder.singlethreaded.SingleThreadedBuilder.build (SingleThreadedBuilder.java:51)
    at org.apache.maven.lifecycle.internal.LifecycleStarter.execute (LifecycleStarter.java:128)
    at org.apache.maven.DefaultMaven.doExecute (DefaultMaven.java:309)
    at org.apache.maven.DefaultMaven.doExecute (DefaultMaven.java:194)
    at org.apache.maven.DefaultMaven.execute (DefaultMaven.java:107)
    at org.apache.maven.cli.MavenCli.execute (MavenCli.java:955)
    at org.apache.maven.cli.MavenCli.doMain (MavenCli.java:290)
    at org.apache.maven.cli.MavenCli.main (MavenCli.java:194)
    at sun.reflect.NativeMethodAccessorImpl.invoke0 (Native Method)
    at sun.reflect.NativeMethodAccessorImpl.invoke (NativeMethodAccessorImpl.java:62)
    at sun.reflect.DelegatingMethodAccessorImpl.invoke (DelegatingMethodAccessorImpl.java:43)
    at java.lang.reflect.Method.invoke (Method.java:498)
    at org.codehaus.plexus.classworlds.launcher.Launcher.launchEnhanced (Launcher.java:289)
    at org.codehaus.plexus.classworlds.launcher.Launcher.launch (Launcher.java:229)
    at org.codehaus.plexus.classworlds.launcher.Launcher.mainWithExitCode (Launcher.java:415)
    at org.codehaus.plexus.classworlds.launcher.Launcher.main (Launcher.java:356)
[ERROR] 
[ERROR] Re-run Maven using the -X switch to enable full debug logging.
[ERROR] 
[ERROR] For more information about the errors and possible solutions, please read the following articles:
[ERROR] [Help 1] http://cwiki.apache.org/confluence/display/MAVEN/MojoExecutionException
[ERROR] 
[ERROR] After correcting the problems, you can resume the build with the command
[ERROR]   mvn <goals> -rf :java-checks

travis_time:end:13b2eb22:start=1644110266288078496,finish=1644110790845527516,duration=524557449020[0K
[31;1mThe command "./travis.sh" exited with 1.[0m
travis_fold:start:before_cache.1[0Ktravis_time:start:1c6bd2b4[0K$ rm -rf $HOME/.m2/repository/org/sonarsource/java

travis_time:end:1c6bd2b4:start=1644110790855982292,finish=1644110790865061321,duration=9079029[0Ktravis_fold:end:before_cache.1[0Ktravis_fold:start:before_cache.2[0Ktravis_time:start:0ef7fe15[0K$ find $HOME/.m2 -name resolver-status.properties -exec rm {} \;

travis_time:end:0ef7fe15:start=1644110790876632368,finish=1644110791393424142,duration=516791774[0Ktravis_fold:end:before_cache.2[0Ktravis_fold:start:cache.2[0Kstore build cache
travis_time:start:09b64250[0K
travis_time:end:09b64250:start=1644110791404249809,finish=1644110791413502889,duration=9253080[0Ktravis_time:start:35eb6830[0K/home/travis/.casher/bin/casher:190: warning: Insecure world writable dir /usr/local/clang-5.0.0/bin in PATH, mode 040777
[32;1mchanges detected, packing new archive[0m
/home/travis/.casher/bin/casher:213:in `cache_archive_name': undefined method `[]' for nil:NilClass (NoMethodError)
	from /home/travis/.casher/bin/casher:143:in `push'
	from /home/travis/.casher/bin/casher:53:in `block in run'
	from /home/travis/.rvm/rubies/ruby-2.2.7/lib/ruby/2.2.0/timeout.rb:88:in `block in timeout'
	from /home/travis/.rvm/rubies/ruby-2.2.7/lib/ruby/2.2.0/timeout.rb:32:in `block in catch'
	from /home/travis/.rvm/rubies/ruby-2.2.7/lib/ruby/2.2.0/timeout.rb:32:in `catch'
	from /home/travis/.rvm/rubies/ruby-2.2.7/lib/ruby/2.2.0/timeout.rb:32:in `catch'
	from /home/travis/.rvm/rubies/ruby-2.2.7/lib/ruby/2.2.0/timeout.rb:103:in `timeout'
	from /home/travis/.casher/bin/casher:53:in `run'
	from /home/travis/.casher/bin/casher:263:in `<main>'
.
.
.
.
.
.
.
.
.
.
.
.
.
.
.
.
.
.
.
.
.
.
.
.
.
.
.

travis_time:end:35eb6830:start=1644110791425359200,finish=1644110931279278075,duration=139853918875[0Ktravis_fold:end:cache.2[0K
Done. Your build exited with 1.
