travis_fold:start:system_info[0K[33;1mBuild system information[0m
Build language: python
Build group: stable
Build dist: precise
Build id: ''
Job id: ''
[34m[1mBuild image provisioning date and time[0m
Thu Feb  5 15:09:33 UTC 2015
[34m[1mOperating System Details[0m
Distributor ID:	Ubuntu
Description:	Ubuntu 12.04.5 LTS
Release:	12.04
Codename:	precise
[34m[1mLinux Version[0m
3.13.0-29-generic
[34m[1mCookbooks Version[0m
a68419e https://github.com/travis-ci/travis-cookbooks/tree/a68419e
[34m[1mGCC version[0m
gcc (Ubuntu/Linaro 4.6.3-1ubuntu5) 4.6.3
Copyright (C) 2011 Free Software Foundation, Inc.
This is free software; see the source for copying conditions.  There is NO
warranty; not even for MERCHANTABILITY or FITNESS FOR A PARTICULAR PURPOSE.

[34m[1mLLVM version[0m
clang version 3.4 (tags/RELEASE_34/final)
Target: x86_64-unknown-linux-gnu
Thread model: posix
[34m[1mPre-installed Ruby versions[0m
ruby-1.9.3-p551
[34m[1mPre-installed Node.js versions[0m
v0.10.36
[34m[1mPre-installed Go versions[0m
1.4.1
[34m[1mRedis version[0m
redis-server 2.8.19
[34m[1mriak version[0m
2.0.2
[34m[1mMongoDB version[0m
MongoDB 2.4.12
[34m[1mCouchDB version[0m
couchdb 1.6.1
[34m[1mNeo4j version[0m
1.9.4
[34m[1mRabbitMQ Version[0m
3.4.3
[34m[1mElasticSearch version[0m
1.4.0
[34m[1mInstalled Sphinx versions[0m
2.0.10
2.1.9
2.2.6
[34m[1mDefault Sphinx version[0m
2.2.6
[34m[1mInstalled Firefox version[0m
firefox 31.0esr
[34m[1mPhantomJS version[0m
1.9.8
[34m[1mant -version[0m
Apache Ant(TM) version 1.8.2 compiled on December 3 2011
[34m[1mmvn -version[0m
Apache Maven 3.2.5 (12a6b3acb947671f09b81f49094c53f426d8cea1; 2014-12-14T17:29:23+00:00)
Maven home: /usr/local/maven
Java version: 1.7.0_76, vendor: Oracle Corporation
Java home: /usr/lib/jvm/java-7-oracle/jre
Default locale: en_US, platform encoding: ANSI_X3.4-1968
OS name: "linux", version: "3.13.0-29-generic", arch: "amd64", family: "unix"
travis_fold:end:system_info[0K
W: GPG error: http://apt.postgresql.org precise-pgdg Release: The following signatures were invalid: KEYEXPIRED 1562078959
W: Failed to fetch http://ppa.launchpad.net/travis-ci/zero-mq/ubuntu/dists/precise/main/binary-amd64/Packages  403  Forbidden

W: Failed to fetch http://ppa.launchpad.net/travis-ci/zero-mq/ubuntu/dists/precise/main/binary-i386/Packages  403  Forbidden

W: Failed to fetch http://downloads-distro.mongodb.org/repo/debian-sysvinit/dists/dist/10gen/binary-amd64/Packages  Undetermined Error [IP: 52.206.222.245 80]

W: Failed to fetch http://downloads-distro.mongodb.org/repo/debian-sysvinit/dists/dist/10gen/binary-i386/Packages  Undetermined Error [IP: 52.206.222.245 80]

E: Some index files failed to download. They have been ignored, or old ones used instead.
sed: cannot rename /etc/hosts: Device or resource busy
sed: cannot rename /etc/hosts: Device or resource busy
$ cd passed/biolab/orange3
travis_fold:start:apt[0Ktravis_fold:end:apt[0K
[33;1mSetting environment variables from .travis.yml[0m
$ export RUN_PYLINT=true

travis_time:start:0459f363[0K$ source ~/virtualenv/python3.4/bin/activate

travis_time:end:0459f363:start=1604115397182661492,finish=1604115397193014542,duration=10353050[0K$ python --version
Python 3.4.2
$ pip --version
pip 6.0.7 from /home/travis/virtualenv/python3.4.2/lib/python3.4/site-packages (python 3.4)
travis_fold:start:before_install.1[0Ktravis_time:start:00f159f0[0K$ set -e

travis_time:end:00f159f0:start=1604115397543282018,finish=1604115397550640802,duration=7358784[0Ktravis_fold:end:before_install.1[0Ktravis_fold:start:before_install.2[0Ktravis_time:start:09b6aed0[0K$ source $TRAVIS_BUILD_DIR/.travis/util.sh

travis_time:end:09b6aed0:start=1604115397560340921,finish=1604115397587606425,duration=27265504[0Ktravis_fold:end:before_install.2[0Ktravis_fold:start:install[0Ktravis_time:start:0246d182[0K$ source $TRAVIS_BUILD_DIR/.travis/stage_install.sh

travis_time:end:0246d182:start=1604115397597691681,finish=1604115397611342562,duration=13650881[0Ktravis_fold:end:install[0Ktravis_time:start:0d500485[0K$ source $TRAVIS_BUILD_DIR/.travis/stage_script.sh
travis_fold:start:283693171011926
pip install -r requirements-dev.txt
Collecting pylint (from -r requirements-dev.txt (line 1))
  Downloading https://files.pythonhosted.org/packages/fb/13/519c1264a134beab2be4bac8dd3e64948980a5ca7833b31cf0255b21f20a/pylint-2.6.0-py3-none-any.whl (325kB)
Collecting radon (from -r requirements-dev.txt (line 2))
  Downloading https://files.pythonhosted.org/packages/cf/f3/ad0e23a9fbe295830dd0972315a7c95ec1b691e5fc8ffe0bfc7ecbc600db/radon-4.3.2-py2.py3-none-any.whl (50kB)
Collecting toml>=0.7.1 (from pylint->-r requirements-dev.txt (line 1))
  Downloading https://files.pythonhosted.org/packages/9f/e1/1b40b80f2e1663a6b9f497123c11d7d988c0919abbf3c3f2688e448c5363/toml-0.10.1-py2.py3-none-any.whl
Collecting isort<6,>=4.2.5 (from pylint->-r requirements-dev.txt (line 1))
  Downloading https://files.pythonhosted.org/packages/ee/e3/75cacbe65a236934860880547fc612e8e3856b5cc3844a8beddae05e7b60/isort-5.6.4-py3-none-any.whl (98kB)
Collecting mccabe<0.7,>=0.6 (from pylint->-r requirements-dev.txt (line 1))
  Downloading https://files.pythonhosted.org/packages/87/89/479dc97e18549e21354893e4ee4ef36db1d237534982482c3681ee6e7b57/mccabe-0.6.1-py2.py3-none-any.whl
Collecting astroid<=2.5,>=2.4.0 (from pylint->-r requirements-dev.txt (line 1))
  Downloading https://files.pythonhosted.org/packages/24/a8/5133f51967fb21e46ee50831c3f5dda49e976b7f915408d670b1603d41d6/astroid-2.4.2-py3-none-any.whl (213kB)
  Exception:
  Traceback (most recent call last):
    File "/home/travis/virtualenv/python3.4.2/lib/python3.4/site-packages/pip/_vendor/pkg_resources/__init__.py", line 2695, in _dep_map
      return self.__dep_map
    File "/home/travis/virtualenv/python3.4.2/lib/python3.4/site-packages/pip/_vendor/pkg_resources/__init__.py", line 2552, in __getattr__
      raise AttributeError(attr)
  AttributeError: _DistInfoDistribution__dep_map
  
  During handling of the above exception, another exception occurred:
  
  Traceback (most recent call last):
    File "/home/travis/virtualenv/python3.4.2/lib/python3.4/site-packages/pip/basecommand.py", line 232, in main
      status = self.run(options, args)
    File "/home/travis/virtualenv/python3.4.2/lib/python3.4/site-packages/pip/commands/install.py", line 339, in run
      requirement_set.prepare_files(finder)
    File "/home/travis/virtualenv/python3.4.2/lib/python3.4/site-packages/pip/req/req_set.py", line 436, in prepare_files
      req_to_install.extras):
    File "/home/travis/virtualenv/python3.4.2/lib/python3.4/site-packages/pip/_vendor/pkg_resources/__init__.py", line 2496, in requires
      dm = self._dep_map
    File "/home/travis/virtualenv/python3.4.2/lib/python3.4/site-packages/pip/_vendor/pkg_resources/__init__.py", line 2697, in _dep_map
      self.__dep_map = self._compute_dependencies()
    File "/home/travis/virtualenv/python3.4.2/lib/python3.4/site-packages/pip/_vendor/pkg_resources/__init__.py", line 2730, in _compute_dependencies
      common = frozenset(reqs_for_extra(None))
    File "/home/travis/virtualenv/python3.4.2/lib/python3.4/site-packages/pip/_vendor/pkg_resources/__init__.py", line 2727, in reqs_for_extra
      if req.marker_fn(override={'extra':extra}):
    File "/home/travis/virtualenv/python3.4.2/lib/python3.4/site-packages/pip/_vendor/_markerlib/markers.py", line 113, in marker_fn
      return eval(compiled_marker, environment)
    File "<environment marker>", line 1, in <module>
  NameError: name 'implementation_name' is not defined

