travis_fold:start:system_info[0K[33;1mBuild system information[0m
Build language: python
Build group: stable
Build dist: precise
Build id: ''
Job id: ''
[34m[1mBuild image provisioning date and time[0m
Thu Feb  5 15:09:33 UTC 2015
[34m[1mOperating System Details[0m
Distributor ID:	Ubuntu
Description:	Ubuntu 12.04.5 LTS
Release:	12.04
Codename:	precise
[34m[1mLinux Version[0m
3.13.0-29-generic
[34m[1mCookbooks Version[0m
a68419e https://github.com/travis-ci/travis-cookbooks/tree/a68419e
[34m[1mGCC version[0m
gcc (Ubuntu/Linaro 4.6.3-1ubuntu5) 4.6.3
Copyright (C) 2011 Free Software Foundation, Inc.
This is free software; see the source for copying conditions.  There is NO
warranty; not even for MERCHANTABILITY or FITNESS FOR A PARTICULAR PURPOSE.

[34m[1mLLVM version[0m
clang version 3.4 (tags/RELEASE_34/final)
Target: x86_64-unknown-linux-gnu
Thread model: posix
[34m[1mPre-installed Ruby versions[0m
ruby-1.9.3-p551
[34m[1mPre-installed Node.js versions[0m
v0.10.36
[34m[1mPre-installed Go versions[0m
1.4.1
[34m[1mRedis version[0m
redis-server 2.8.19
[34m[1mriak version[0m
2.0.2
[34m[1mMongoDB version[0m
MongoDB 2.4.12
[34m[1mCouchDB version[0m
couchdb 1.6.1
[34m[1mNeo4j version[0m
1.9.4
[34m[1mRabbitMQ Version[0m
3.4.3
[34m[1mElasticSearch version[0m
1.4.0
[34m[1mInstalled Sphinx versions[0m
2.0.10
2.1.9
2.2.6
[34m[1mDefault Sphinx version[0m
2.2.6
[34m[1mInstalled Firefox version[0m
firefox 31.0esr
[34m[1mPhantomJS version[0m
1.9.8
[34m[1mant -version[0m
Apache Ant(TM) version 1.8.2 compiled on December 3 2011
[34m[1mmvn -version[0m
Apache Maven 3.2.5 (12a6b3acb947671f09b81f49094c53f426d8cea1; 2014-12-14T17:29:23+00:00)
Maven home: /usr/local/maven
Java version: 1.7.0_76, vendor: Oracle Corporation
Java home: /usr/lib/jvm/java-7-oracle/jre
Default locale: en_US, platform encoding: ANSI_X3.4-1968
OS name: "linux", version: "3.13.0-29-generic", arch: "amd64", family: "unix"
travis_fold:end:system_info[0K
grep: /etc/apt/sources.list.d/*: No such file or directory
sed: cannot rename /etc/hosts: Device or resource busy
sed: cannot rename /etc/hosts: Device or resource busy
[33;1m3.5 is not installed; attempting download[0m
[33;1mDownloading archive: https://s3.amazonaws.com/travis-python-archives/binaries/ubuntu/12.04/x86_64/python-3.5.tar.bz2[0m
$ sudo tar xjf python-3.5.tar.bz2 --directory /
$ cd failed/bwhmather/verktyg
travis_time:start:0a298cf4[0K$ source ~/virtualenv/python3.5/bin/activate

travis_time:end:0a298cf4:start=1604027509894818326,finish=1604027509905367846,duration=10549520[0K$ python --version
Python 3.5.6
$ pip --version
pip 18.0 from /home/travis/virtualenv/python3.5.6/lib/python3.5/site-packages/pip (python 3.5)
travis_fold:start:install.1[0Ktravis_time:start:041e7f42[0K$ pip install -e .
Obtaining file:///home/travis/build/failed/bwhmather/verktyg
Collecting werkzeug<0.11,>=0.10 (from verktyg==0.8.5)
  Downloading https://files.pythonhosted.org/packages/49/0c/e33c2caec86a7926186f7d454f6a901f45f05ad90337c6972d170b9ee806/Werkzeug-0.10.4-py2.py3-none-any.whl (293kB)
Installing collected packages: werkzeug, verktyg
  Running setup.py develop for verktyg
Successfully installed verktyg werkzeug-0.10.4

travis_time:end:041e7f42:start=1604027510306120819,finish=1604027512405800753,duration=2099679934[0Ktravis_fold:end:install.1[0Ktravis_fold:start:install.2[0Ktravis_time:start:01a2d388[0K$ pip install coveralls==1.1
Collecting coveralls==1.1
  Downloading https://files.pythonhosted.org/packages/81/f9/da2ad9334f60e418cb229c58724330be2635b369676d3eec8f61e1f85faa/coveralls-1.1-py2.py3-none-any.whl
Collecting docopt>=0.6.1 (from coveralls==1.1)
  Downloading https://files.pythonhosted.org/packages/a2/55/8f8cab2afd404cf578136ef2cc5dfb50baa1761b68c9da1fb1e4eed343c9/docopt-0.6.2.tar.gz
Collecting coverage>=3.6 (from coveralls==1.1)
  Downloading https://files.pythonhosted.org/packages/35/58/e38636e8233b49982efca6a69c9974f2575439f637dc3b0e8ac0e77c550c/coverage-5.3-cp35-cp35m-manylinux1_x86_64.whl (229kB)
Collecting requests>=1.0.0 (from coveralls==1.1)
  Downloading https://files.pythonhosted.org/packages/45/1e/0c169c6a5381e241ba7404532c16a21d86ab872c9bed8bdcd4c423954103/requests-2.24.0-py2.py3-none-any.whl (61kB)
Collecting urllib3!=1.25.0,!=1.25.1,<1.26,>=1.21.1 (from requests>=1.0.0->coveralls==1.1)
  Downloading https://files.pythonhosted.org/packages/56/aa/4ef5aa67a9a62505db124a5cb5262332d1d4153462eb8fd89c9fa41e5d92/urllib3-1.25.11-py2.py3-none-any.whl (127kB)
Collecting idna<3,>=2.5 (from requests>=1.0.0->coveralls==1.1)
  Downloading https://files.pythonhosted.org/packages/a2/38/928ddce2273eaa564f6f50de919327bf3a00f091b5baba8dfa9460f3a8a8/idna-2.10-py2.py3-none-any.whl (58kB)
Collecting chardet<4,>=3.0.2 (from requests>=1.0.0->coveralls==1.1)
  Downloading https://files.pythonhosted.org/packages/bc/a9/01ffebfb562e4274b6487b4bb1ddec7ca55ec7510b22e4c51f14098443b8/chardet-3.0.4-py2.py3-none-any.whl (133kB)
Requirement already satisfied: certifi>=2017.4.17 in /home/travis/virtualenv/python3.5.6/lib/python3.5/site-packages (from requests>=1.0.0->coveralls==1.1) (2018.4.16)
Building wheels for collected packages: docopt
  Running setup.py bdist_wheel for docopt: started
  Running setup.py bdist_wheel for docopt: finished with status 'done'
  Stored in directory: /home/travis/.cache/pip/wheels/9b/04/dd/7daf4150b6d9b12949298737de9431a324d4b797ffd63f526e
Successfully built docopt
Installing collected packages: docopt, coverage, urllib3, idna, chardet, requests, coveralls
Successfully installed chardet-3.0.4 coverage-5.3 coveralls-1.1 docopt-0.6.2 idna-2.10 requests-2.24.0 urllib3-1.25.11

travis_time:end:01a2d388:start=1604027512416305899,finish=1604027516206146508,duration=3789840609[0Ktravis_fold:end:install.2[0Ktravis_fold:start:install.3[0Ktravis_time:start:288628c8[0K$ pip install pyflakes==1.0.0
Collecting pyflakes==1.0.0
  Downloading https://files.pythonhosted.org/packages/6d/65/3272c6bb4dba7974175981d8b8e64b6a1d7022a7f9412417684563650e3a/pyflakes-1.0.0-py2.py3-none-any.whl (152kB)
Installing collected packages: pyflakes
Successfully installed pyflakes-1.0.0

travis_time:end:288628c8:start=1604027516215490668,finish=1604027517591150904,duration=1375660236[0Ktravis_fold:end:install.3[0Ktravis_fold:start:install.4[0Ktravis_time:start:064edc2a[0K$ pip install pep8==1.7.0
Collecting pep8==1.7.0
  Downloading https://files.pythonhosted.org/packages/8a/cb/7d0fdca7e03f997945fb1bd60a8ddfea5c51229b865c470b4f7a64619d20/pep8-1.7.0-py2.py3-none-any.whl (41kB)
Installing collected packages: pep8
Successfully installed pep8-1.7.0

travis_time:end:064edc2a:start=1604027517601956909,finish=1604027518809637055,duration=1207680146[0Ktravis_fold:end:install.4[0Ktravis_time:start:0c039ad4[0K$ coverage run --source=verktyg setup.py test
running test
running egg_info
writing requirements to verktyg.egg-info/requires.txt
writing top-level names to verktyg.egg-info/top_level.txt
writing dependency_links to verktyg.egg-info/dependency_links.txt
writing verktyg.egg-info/PKG-INFO
reading manifest file 'verktyg.egg-info/SOURCES.txt'
reading manifest template 'MANIFEST.in'
writing manifest file 'verktyg.egg-info/SOURCES.txt'
running build_ext
verktyg (unittest.loader._FailedTest) ... ERROR

======================================================================
ERROR: verktyg (unittest.loader._FailedTest)
----------------------------------------------------------------------
ImportError: Failed to import test module: verktyg
Traceback (most recent call last):
  File "/opt/python/3.5.6/lib/python3.5/unittest/loader.py", line 153, in loadTestsFromName
    module = __import__(module_name)
  File "/home/travis/build/failed/bwhmather/verktyg/verktyg/__init__.py", line 8, in <module>
    from verktyg.responses import BaseResponse, Response
  File "/home/travis/build/failed/bwhmather/verktyg/verktyg/responses.py", line 30, in <module>
    from verktyg.http import (
  File "/home/travis/build/failed/bwhmather/verktyg/verktyg/http/__init__.py", line 34, in <module>
    from verktyg.http.accept import (
ImportError: No module named 'verktyg.http.accept'


----------------------------------------------------------------------
Ran 1 test in 0.000s

FAILED (errors=1)
Test failed: <unittest.runner.TextTestResult run=1 errors=1 failures=0>
error: Test failed: <unittest.runner.TextTestResult run=1 errors=1 failures=0>

travis_time:end:0c039ad4:start=1604027518820688914,finish=1604027519606594926,duration=785906012[0K
[31;1mThe command "coverage run --source=verktyg setup.py test" exited with 1.[0m
travis_time:start:03413e32[0K$ pep8 verktyg setup.py

travis_time:end:03413e32:start=1604027519617265467,finish=1604027522126813334,duration=2509547867[0K
[32;1mThe command "pep8 verktyg setup.py" exited with 0.[0m
travis_time:start:07a6e840[0K$ pyflakes verktyg setup.py

travis_time:end:07a6e840:start=1604027522137912447,finish=1604027522623328382,duration=485415935[0K
[32;1mThe command "pyflakes verktyg setup.py" exited with 0.[0m

Done. Your build exited with 1.
