travis_fold:start:system_info[0K[33;1mBuild system information[0m
Build language: python
Build group: stable
Build dist: precise
Build id: ''
Job id: ''
[34m[1mBuild image provisioning date and time[0m
Thu Feb  5 15:09:33 UTC 2015
[34m[1mOperating System Details[0m
Distributor ID:	Ubuntu
Description:	Ubuntu 12.04.5 LTS
Release:	12.04
Codename:	precise
[34m[1mLinux Version[0m
3.13.0-29-generic
[34m[1mCookbooks Version[0m
a68419e https://github.com/travis-ci/travis-cookbooks/tree/a68419e
[34m[1mGCC version[0m
gcc (Ubuntu/Linaro 4.6.3-1ubuntu5) 4.6.3
Copyright (C) 2011 Free Software Foundation, Inc.
This is free software; see the source for copying conditions.  There is NO
warranty; not even for MERCHANTABILITY or FITNESS FOR A PARTICULAR PURPOSE.

[34m[1mLLVM version[0m
clang version 3.4 (tags/RELEASE_34/final)
Target: x86_64-unknown-linux-gnu
Thread model: posix
[34m[1mPre-installed Ruby versions[0m
ruby-1.9.3-p551
[34m[1mPre-installed Node.js versions[0m
v0.10.36
[34m[1mPre-installed Go versions[0m
1.4.1
[34m[1mRedis version[0m
redis-server 2.8.19
[34m[1mriak version[0m
2.0.2
[34m[1mMongoDB version[0m
MongoDB 2.4.12
[34m[1mCouchDB version[0m
couchdb 1.6.1
[34m[1mNeo4j version[0m
1.9.4
[34m[1mRabbitMQ Version[0m
3.4.3
[34m[1mElasticSearch version[0m
1.4.0
[34m[1mInstalled Sphinx versions[0m
2.0.10
2.1.9
2.2.6
[34m[1mDefault Sphinx version[0m
2.2.6
[34m[1mInstalled Firefox version[0m
firefox 31.0esr
[34m[1mPhantomJS version[0m
1.9.8
[34m[1mant -version[0m
Apache Ant(TM) version 1.8.2 compiled on December 3 2011
[34m[1mmvn -version[0m
Apache Maven 3.2.5 (12a6b3acb947671f09b81f49094c53f426d8cea1; 2014-12-14T17:29:23+00:00)
Maven home: /usr/local/maven
Java version: 1.7.0_76, vendor: Oracle Corporation
Java home: /usr/lib/jvm/java-7-oracle/jre
Default locale: en_US, platform encoding: ANSI_X3.4-1968
OS name: "linux", version: "3.13.0-29-generic", arch: "amd64", family: "unix"
travis_fold:end:system_info[0K
grep: /etc/apt/sources.list.d/*: No such file or directory
sed: cannot rename /etc/hosts: Device or resource busy
sed: cannot rename /etc/hosts: Device or resource busy
$ cd passed/marshallward/f90nml
travis_time:start:1ce3a330[0K$ source ~/virtualenv/python3.4/bin/activate

travis_time:end:1ce3a330:start=1604184390311043797,finish=1604184390321557618,duration=10513821[0K$ python --version
Python 3.4.2
$ pip --version
pip 6.0.7 from /home/travis/virtualenv/python3.4.2/lib/python3.4/site-packages (python 3.4)
travis_fold:start:install.1[0Ktravis_time:start:0322eb0c[0K$ if [[ $TRAVIS_PYTHON_VERSION == '2.6' ]]; then pip install ordereddict==1.1; fi

travis_time:end:0322eb0c:start=1604184390695686186,finish=1604184390704294232,duration=8608046[0Ktravis_fold:end:install.1[0Ktravis_fold:start:install.2[0Ktravis_time:start:03f345b4[0K$ pip install .
Processing /home/travis/build/passed/marshallward/f90nml
Installing collected packages: f90nml
  Running setup.py install for f90nml
Successfully installed f90nml-0.21

travis_time:end:03f345b4:start=1604184390716067161,finish=1604184393632325875,duration=2916258714[0Ktravis_fold:end:install.2[0Ktravis_fold:start:before_script.1[0Ktravis_time:start:18a9ceb6[0K$ cd test

travis_time:end:18a9ceb6:start=1604184393643467170,finish=1604184393652539718,duration=9072548[0Ktravis_fold:end:before_script.1[0Ktravis_fold:start:before_script.2[0Ktravis_time:start:0d49a27c[0K$ pip install -r requirements_test.txt
Collecting coverage (from -r requirements_test.txt (line 2))
  Downloading https://files.pythonhosted.org/packages/da/50/4c0c93ea67c8b42aa700cfbdedd64ea5ac5e7108ba14e3e744f57309304b/coverage-5.3.tar.gz (693kB)
    /opt/python/3.4.2/lib/python3.4/distutils/dist.py:260: UserWarning: Unknown distribution option: 'long_description_content_type'
      warnings.warn(msg)
    /opt/python/3.4.2/lib/python3.4/distutils/dist.py:260: UserWarning: Unknown distribution option: 'project_urls'
      warnings.warn(msg)
    /opt/python/3.4.2/lib/python3.4/distutils/dist.py:260: UserWarning: Unknown distribution option: 'python_requires'
      warnings.warn(msg)
Collecting coveralls (from -r requirements_test.txt (line 3))
  Downloading https://files.pythonhosted.org/packages/18/41/818c8fae7c6295fdbaab45e2627fddb460e9a999aa1aea503ca0d9bf59d9/coveralls-2.1.2-py2.py3-none-any.whl
Collecting docopt>=0.6.1 (from coveralls->-r requirements_test.txt (line 3))
  Downloading https://files.pythonhosted.org/packages/a2/55/8f8cab2afd404cf578136ef2cc5dfb50baa1761b68c9da1fb1e4eed343c9/docopt-0.6.2.tar.gz
Collecting requests>=1.0.0 (from coveralls->-r requirements_test.txt (line 3))
  Downloading https://files.pythonhosted.org/packages/45/1e/0c169c6a5381e241ba7404532c16a21d86ab872c9bed8bdcd4c423954103/requests-2.24.0-py2.py3-none-any.whl (61kB)
Collecting chardet<4,>=3.0.2 (from requests>=1.0.0->coveralls->-r requirements_test.txt (line 3))
  Downloading https://files.pythonhosted.org/packages/bc/a9/01ffebfb562e4274b6487b4bb1ddec7ca55ec7510b22e4c51f14098443b8/chardet-3.0.4-py2.py3-none-any.whl (133kB)
Collecting urllib3!=1.25.0,!=1.25.1,<1.26,>=1.21.1 (from requests>=1.0.0->coveralls->-r requirements_test.txt (line 3))
  Downloading https://files.pythonhosted.org/packages/56/aa/4ef5aa67a9a62505db124a5cb5262332d1d4153462eb8fd89c9fa41e5d92/urllib3-1.25.11-py2.py3-none-any.whl (127kB)
Collecting certifi>=2017.4.17 (from requests>=1.0.0->coveralls->-r requirements_test.txt (line 3))
  Downloading https://files.pythonhosted.org/packages/5e/c4/6c4fe722df5343c33226f0b4e0bb042e4dc13483228b4718baf286f86d87/certifi-2020.6.20-py2.py3-none-any.whl (156kB)
Collecting idna<3,>=2.5 (from requests>=1.0.0->coveralls->-r requirements_test.txt (line 3))
  Downloading https://files.pythonhosted.org/packages/a2/38/928ddce2273eaa564f6f50de919327bf3a00f091b5baba8dfa9460f3a8a8/idna-2.10-py2.py3-none-any.whl (58kB)
Installing collected packages: idna, certifi, urllib3, chardet, requests, docopt, coveralls, coverage





  Running setup.py install for docopt

  Running setup.py install for coverage
    building 'coverage.tracer' extension
    gcc -pthread -Wno-unused-result -DNDEBUG -g -fwrapv -O3 -Wall -Wstrict-prototypes -g -fstack-protector --param=ssp-buffer-size=4 -Wformat -Werror=format-security -fPIC -I/opt/python/3.4.2/include/python3.4m -c coverage/ctracer/datastack.c -o build/temp.linux-x86_64-3.4/coverage/ctracer/datastack.o
    gcc -pthread -Wno-unused-result -DNDEBUG -g -fwrapv -O3 -Wall -Wstrict-prototypes -g -fstack-protector --param=ssp-buffer-size=4 -Wformat -Werror=format-security -fPIC -I/opt/python/3.4.2/include/python3.4m -c coverage/ctracer/filedisp.c -o build/temp.linux-x86_64-3.4/coverage/ctracer/filedisp.o
    gcc -pthread -Wno-unused-result -DNDEBUG -g -fwrapv -O3 -Wall -Wstrict-prototypes -g -fstack-protector --param=ssp-buffer-size=4 -Wformat -Werror=format-security -fPIC -I/opt/python/3.4.2/include/python3.4m -c coverage/ctracer/module.c -o build/temp.linux-x86_64-3.4/coverage/ctracer/module.o
    gcc -pthread -Wno-unused-result -DNDEBUG -g -fwrapv -O3 -Wall -Wstrict-prototypes -g -fstack-protector --param=ssp-buffer-size=4 -Wformat -Werror=format-security -fPIC -I/opt/python/3.4.2/include/python3.4m -c coverage/ctracer/tracer.c -o build/temp.linux-x86_64-3.4/coverage/ctracer/tracer.o
    gcc -pthread -shared -L/opt/python/3.4.2/lib -Wl,-rpath=/opt/python/3.4.2/lib build/temp.linux-x86_64-3.4/coverage/ctracer/datastack.o build/temp.linux-x86_64-3.4/coverage/ctracer/filedisp.o build/temp.linux-x86_64-3.4/coverage/ctracer/module.o build/temp.linux-x86_64-3.4/coverage/ctracer/tracer.o -L/opt/python/3.4.2/lib -lpython3.4m -o build/lib.linux-x86_64-3.4/coverage/tracer.cpython-34m.so
    /opt/python/3.4.2/lib/python3.4/distutils/dist.py:260: UserWarning: Unknown distribution option: 'project_urls'
      warnings.warn(msg)
    /opt/python/3.4.2/lib/python3.4/distutils/dist.py:260: UserWarning: Unknown distribution option: 'python_requires'
      warnings.warn(msg)
    /opt/python/3.4.2/lib/python3.4/distutils/dist.py:260: UserWarning: Unknown distribution option: 'long_description_content_type'
      warnings.warn(msg)
    Installing coverage script to /home/travis/virtualenv/python3.4.2/bin
    Installing coverage3 script to /home/travis/virtualenv/python3.4.2/bin
    Installing coverage-3.4 script to /home/travis/virtualenv/python3.4.2/bin
Successfully installed certifi-2020.6.20 chardet-3.0.4 coverage-5.3 coveralls-2.1.2 docopt-0.6.2 idna-2.10 requests-2.24.0 urllib3-1.25.11

travis_time:end:0d49a27c:start=1604184393662561098,finish=1604184400321247128,duration=6658686030[0Ktravis_fold:end:before_script.2[0Ktravis_time:start:0336a534[0K$ coverage run --source f90nml test_f90nml.py
.................................................
----------------------------------------------------------------------
Ran 49 tests in 0.117s

OK

travis_time:end:0336a534:start=1604184400331414368,finish=1604184400795719527,duration=464305159[0K
[32;1mThe command "coverage run --source f90nml test_f90nml.py" exited with 0.[0m
travis_fold:start:after_success.1[0Ktravis_time:start:0046453c[0K$ coverage report -m
Name                                                                Stmts   Miss  Cover   Missing
-------------------------------------------------------------------------------------------------
/home/travis/build/passed/marshallward/f90nml/f90nml/__init__.py       18      0   100%
/home/travis/build/passed/marshallward/f90nml/f90nml/findex.py         23      1    96%   31
/home/travis/build/passed/marshallward/f90nml/f90nml/fpy.py            35      0   100%
/home/travis/build/passed/marshallward/f90nml/f90nml/namelist.py      219      3    99%   15-16, 374
/home/travis/build/passed/marshallward/f90nml/f90nml/parser.py        379      1    99%   458
/home/travis/build/passed/marshallward/f90nml/f90nml/tokenizer.py     122     20    84%   44-45, 65-66, 94, 99-100, 110-111, 120-125, 171-178
-------------------------------------------------------------------------------------------------
TOTAL                                                                 796     25    97%

travis_time:end:0046453c:start=1604184400807077902,finish=1604184401097661250,duration=290583348[0Ktravis_fold:end:after_success.1[0Ktravis_fold:start:after_success.2[0Ktravis_time:start:1e5e9d31[0K$ coveralls
Submitting coverage to coveralls.io...
Could not submit coverage: 422 Client Error: Unprocessable Entity for url: https://coveralls.io/api/v1/jobs
Traceback (most recent call last):
  File "/home/travis/virtualenv/python3.4.2/lib/python3.4/site-packages/coveralls/api.py", line 206, in wear
    response.raise_for_status()
  File "/home/travis/virtualenv/python3.4.2/lib/python3.4/site-packages/requests/models.py", line 941, in raise_for_status
    raise HTTPError(http_error_msg, response=self)
requests.exceptions.HTTPError: 422 Client Error: Unprocessable Entity for url: https://coveralls.io/api/v1/jobs

During handling of the above exception, another exception occurred:

Traceback (most recent call last):
  File "/home/travis/virtualenv/python3.4.2/lib/python3.4/site-packages/coveralls/cli.py", line 85, in main
    result = coverallz.wear()
  File "/home/travis/virtualenv/python3.4.2/lib/python3.4/site-packages/coveralls/api.py", line 209, in wear
    raise CoverallsException('Could not submit coverage: {}'.format(e))
coveralls.exception.CoverallsException: Could not submit coverage: 422 Client Error: Unprocessable Entity for url: https://coveralls.io/api/v1/jobs

travis_time:end:1e5e9d31:start=1604184401107801229,finish=1604184401751446130,duration=643644901[0Ktravis_fold:end:after_success.2[0K
Done. Your build exited with 0.
