travis_fold:start:system_info[0K[33;1mBuild system information[0m
Build language: python
Build group: stable
Build dist: precise
Build id: ''
Job id: ''
[34m[1mBuild image provisioning date and time[0m
Thu Feb  5 15:09:33 UTC 2015
[34m[1mOperating System Details[0m
Distributor ID:	Ubuntu
Description:	Ubuntu 12.04.5 LTS
Release:	12.04
Codename:	precise
[34m[1mLinux Version[0m
3.13.0-29-generic
[34m[1mCookbooks Version[0m
a68419e https://github.com/travis-ci/travis-cookbooks/tree/a68419e
[34m[1mGCC version[0m
gcc (Ubuntu/Linaro 4.6.3-1ubuntu5) 4.6.3
Copyright (C) 2011 Free Software Foundation, Inc.
This is free software; see the source for copying conditions.  There is NO
warranty; not even for MERCHANTABILITY or FITNESS FOR A PARTICULAR PURPOSE.

[34m[1mLLVM version[0m
clang version 3.4 (tags/RELEASE_34/final)
Target: x86_64-unknown-linux-gnu
Thread model: posix
[34m[1mPre-installed Ruby versions[0m
ruby-1.9.3-p551
[34m[1mPre-installed Node.js versions[0m
v0.10.36
[34m[1mPre-installed Go versions[0m
1.4.1
[34m[1mRedis version[0m
redis-server 2.8.19
[34m[1mriak version[0m
2.0.2
[34m[1mMongoDB version[0m
MongoDB 2.4.12
[34m[1mCouchDB version[0m
couchdb 1.6.1
[34m[1mNeo4j version[0m
1.9.4
[34m[1mRabbitMQ Version[0m
3.4.3
[34m[1mElasticSearch version[0m
1.4.0
[34m[1mInstalled Sphinx versions[0m
2.0.10
2.1.9
2.2.6
[34m[1mDefault Sphinx version[0m
2.2.6
[34m[1mInstalled Firefox version[0m
firefox 31.0esr
[34m[1mPhantomJS version[0m
1.9.8
[34m[1mant -version[0m
Apache Ant(TM) version 1.8.2 compiled on December 3 2011
[34m[1mmvn -version[0m
Apache Maven 3.2.5 (12a6b3acb947671f09b81f49094c53f426d8cea1; 2014-12-14T17:29:23+00:00)
Maven home: /usr/local/maven
Java version: 1.7.0_76, vendor: Oracle Corporation
Java home: /usr/lib/jvm/java-7-oracle/jre
Default locale: en_US, platform encoding: ANSI_X3.4-1968
OS name: "linux", version: "3.13.0-29-generic", arch: "amd64", family: "unix"
travis_fold:end:system_info[0K
grep: /etc/apt/sources.list.d/*: No such file or directory
sed: cannot rename /etc/hosts: Device or resource busy
sed: cannot rename /etc/hosts: Device or resource busy
$ cd failed/marshallward/f90nml
travis_time:start:00107850[0K$ source ~/virtualenv/pypy3/bin/activate

travis_time:end:00107850:start=1603996819519049414,finish=1603996819568032557,duration=48983143[0K$ python --version
Python 3.2.5 (b2091e973da6, Oct 19 2014, 18:29:55)
[PyPy 2.4.0 with GCC 4.6.3]
$ pip --version
pip 6.0.7 from /home/travis/virtualenv/pypy3-2.4.0/site-packages (python 3.2)
travis_fold:start:install.1[0Ktravis_time:start:24b2f1f0[0K$ if [[ $TRAVIS_PYTHON_VERSION == '2.6' ]]; then pip install ordereddict==1.1; fi

travis_time:end:24b2f1f0:start=1603996837296757711,finish=1603996837306665512,duration=9907801[0Ktravis_fold:end:install.1[0Ktravis_fold:start:install.2[0Ktravis_time:start:2155c144[0K$ pip install .
Processing /home/travis/build/failed/marshallward/f90nml
Installing collected packages: f90nml
  Running setup.py install for f90nml
Successfully installed f90nml-0.18

travis_time:end:2155c144:start=1603996837316792670,finish=1603996848427001438,duration=11110208768[0Ktravis_fold:end:install.2[0Ktravis_fold:start:before_script.1[0Ktravis_time:start:00c7d49a[0K$ cd test

travis_time:end:00c7d49a:start=1603996848437506573,finish=1603996848444717941,duration=7211368[0Ktravis_fold:end:before_script.1[0Ktravis_fold:start:before_script.2[0Ktravis_time:start:1a30d184[0K$ pip install -r requirements_test.txt
Collecting coverage==3.7.1 (from -r requirements_test.txt (line 1))
  Downloading https://files.pythonhosted.org/packages/09/4f/89b06c7fdc09687bca507dc411c342556ef9c5a3b26756137a4878ff19bf/coverage-3.7.1.tar.gz (284kB)
Collecting coveralls (from -r requirements_test.txt (line 3))
  Downloading https://files.pythonhosted.org/packages/18/41/818c8fae7c6295fdbaab45e2627fddb460e9a999aa1aea503ca0d9bf59d9/coveralls-2.1.2-py2.py3-none-any.whl
Collecting docopt>=0.6.1 (from coveralls->-r requirements_test.txt (line 3))
  Downloading https://files.pythonhosted.org/packages/a2/55/8f8cab2afd404cf578136ef2cc5dfb50baa1761b68c9da1fb1e4eed343c9/docopt-0.6.2.tar.gz
Collecting requests>=1.0.0 (from coveralls->-r requirements_test.txt (line 3))
  Downloading https://files.pythonhosted.org/packages/45/1e/0c169c6a5381e241ba7404532c16a21d86ab872c9bed8bdcd4c423954103/requests-2.24.0-py2.py3-none-any.whl (61kB)
Collecting idna<3,>=2.5 (from requests>=1.0.0->coveralls->-r requirements_test.txt (line 3))
  Downloading https://files.pythonhosted.org/packages/a2/38/928ddce2273eaa564f6f50de919327bf3a00f091b5baba8dfa9460f3a8a8/idna-2.10-py2.py3-none-any.whl (58kB)
Collecting certifi>=2017.4.17 (from requests>=1.0.0->coveralls->-r requirements_test.txt (line 3))
  Downloading https://files.pythonhosted.org/packages/5e/c4/6c4fe722df5343c33226f0b4e0bb042e4dc13483228b4718baf286f86d87/certifi-2020.6.20-py2.py3-none-any.whl (156kB)
Collecting urllib3!=1.25.0,!=1.25.1,<1.26,>=1.21.1 (from requests>=1.0.0->coveralls->-r requirements_test.txt (line 3))
  Downloading https://files.pythonhosted.org/packages/56/aa/4ef5aa67a9a62505db124a5cb5262332d1d4153462eb8fd89c9fa41e5d92/urllib3-1.25.11-py2.py3-none-any.whl (127kB)
Collecting chardet<4,>=3.0.2 (from requests>=1.0.0->coveralls->-r requirements_test.txt (line 3))
  Downloading https://files.pythonhosted.org/packages/bc/a9/01ffebfb562e4274b6487b4bb1ddec7ca55ec7510b22e4c51f14098443b8/chardet-3.0.4-py2.py3-none-any.whl (133kB)
Installing collected packages: chardet, urllib3, certifi, idna, requests, docopt, coveralls, coverage





  Running setup.py install for docopt

  Running setup.py install for coverage
    Installing coverage3 script to /home/travis/virtualenv/pypy3-2.4.0/bin
    Installing coverage-3.2 script to /home/travis/virtualenv/pypy3-2.4.0/bin
    Installing coverage script to /home/travis/virtualenv/pypy3-2.4.0/bin
Successfully installed certifi-2020.6.20 chardet-3.0.4 coverage-3.7.1 coveralls-2.1.2 docopt-0.6.2 idna-2.10 requests-2.24.0 urllib3-1.25.11

travis_time:end:1a30d184:start=1603996848453759751,finish=1603996857080813171,duration=8627053420[0Ktravis_fold:end:before_script.2[0Ktravis_time:start:0da0db92[0K$ coverage run --source f90nml test_f90nml.py
Coverage.py warning: Module f90nml was never imported.
Coverage.py warning: No data was collected.
Traceback (most recent call last):
  File "/home/travis/virtualenv/pypy3-2.4.0/site-packages/coverage/cmdline.py", line 721, in main
    status = CoverageScript().command_line(argv)
  File "/home/travis/virtualenv/pypy3-2.4.0/site-packages/coverage/cmdline.py", line 438, in command_line
    self.do_execute(options, args)
  File "/home/travis/virtualenv/pypy3-2.4.0/site-packages/coverage/cmdline.py", line 575, in do_execute
    self.run_python_file(filename, args)
  File "/home/travis/virtualenv/pypy3-2.4.0/site-packages/coverage/execfile.py", line 116, in run_python_file
    raise ExceptionDuringRun(typ, err, tb.tb_next.tb_next)
coverage.misc.ExceptionDuringRun: (<class 'ImportError'>, ImportError('No module named numpy',), <traceback object at 0x0000000006eb9d40>)

During handling of the above exception, another exception occurred:

Traceback (most recent call last):
  File "test_f90nml.py", line 9, in <module>
    import numpy
ImportError: No module named numpy

travis_time:end:0da0db92:start=1603996857090569491,finish=1603996857603765025,duration=513195534[0K
[31;1mThe command "coverage run --source f90nml test_f90nml.py" exited with 1.[0m

Done. Your build exited with 1.
