travis_time:start:12fe8f30[0Ktravis_time:end:12fe8f30:start=1604355792776688296,finish=1604355793088114653,duration=311426357,event=no_world_writable_dirs[0Ktravis_time:start:0d605727[0Ktravis_time:end:0d605727:start=1604355793095925976,finish=1604355793101348506,duration=5422530,event=check_unsupported[0Ktravis_time:start:02bd5f9d[0Ktravis_fold:start:system_info[0K[33;1mBuild system information[0m
Build language: node_js
Build group: stable
Build dist: xenial
Build id: ''
Job id: ''
Runtime kernel version: 4.15.0-109-generic
[34m[1mBuild image provisioning date and time[0m
Thu May 23 15:30:39 UTC 2019
[34m[1mOperating System Details[0m
Distributor ID:	Ubuntu
Description:	Ubuntu 16.04.6 LTS
Release:	16.04
Codename:	xenial
[34m[1mSystemd Version[0m
systemd 229
[34m[1mCookbooks Version[0m
5dab6d6 https://github.com/travis-ci/travis-cookbooks/tree/5dab6d6
[34m[1mgit version[0m
git version 2.21.0
[34m[1mbash version[0m
GNU bash, version 4.3.48(1)-release (x86_64-pc-linux-gnu)
[34m[1mgcc version[0m
gcc (Ubuntu 5.4.0-6ubuntu1~16.04.11) 5.4.0 20160609
[34m[1mdocker version[0m
Client:
 Version:           18.06.1-ce
 API version:       1.38
 Go version:        go1.10.3
 Git commit:        e68fc7a
 Built:             Tue Aug 21 17:20:43 2018
 OS/Arch:           linux/amd64
 Experimental:      false
[34m[1mclang version[0m
clang version 7.0.0 (tags/RELEASE_700/final)
[34m[1mjq version[0m
jq-1.5
[34m[1mbats version[0m
Bats 0.4.0
[34m[1mshellcheck version[0m
0.6.0
[34m[1mshfmt version[0m
v2.6.3
[34m[1mccache version[0m
3.2.4
[34m[1mcmake version[0m
cmake version 3.12.4
[34m[1mheroku version[0m
heroku/7.24.4 linux-x64 node-v11.14.0
[34m[1mimagemagick version[0m
Version: ImageMagick 6.8.9-9 Q16 x86_64 2018-09-28 http://www.imagemagick.org
[34m[1mmd5deep version[0m
4.4
[34m[1mmercurial version[0m
version 4.8
[34m[1mmysql version[0m
mysql  Ver 14.14 Distrib 5.7.26, for Linux (x86_64) using  EditLine wrapper
[34m[1mopenssl version[0m
OpenSSL 1.0.2g  1 Mar 2016
[34m[1mpacker version[0m
1.3.3
[34m[1mpostgresql client version[0m
psql (PostgreSQL) 10.8 (Ubuntu 10.8-1.pgdg16.04+1)
[34m[1mragel version[0m
Ragel State Machine Compiler version 6.8 Feb 2013
[34m[1msudo version[0m
1.8.16
[34m[1mgzip version[0m
gzip 1.6
[34m[1mzip version[0m
Zip 3.0
[34m[1mvim version[0m
VIM - Vi IMproved 7.4 (2013 Aug 10, compiled Nov 24 2016 16:44:48)
[34m[1miptables version[0m
iptables v1.6.0
[34m[1mcurl version[0m
curl 7.47.0 (x86_64-pc-linux-gnu) libcurl/7.47.0 GnuTLS/3.4.10 zlib/1.2.8 libidn/1.32 librtmp/2.3
[34m[1mwget version[0m
GNU Wget 1.17.1 built on linux-gnu.
[34m[1mrsync version[0m
rsync  version 3.1.1  protocol version 31
[34m[1mgimme version[0m
v1.5.3
[34m[1mnvm version[0m
0.34.0
[34m[1mperlbrew version[0m
/home/travis/perl5/perlbrew/bin/perlbrew  - App::perlbrew/0.86
[34m[1mphpenv version[0m
rbenv 1.1.2-2-g4e92322
[34m[1mrvm version[0m
rvm 1.29.8 (latest) by Michal Papis, Piotr Kuczynski, Wayne E. Seguin [https://rvm.io]
[34m[1mdefault ruby version[0m
ruby 2.5.3p105 (2018-10-18 revision 65156) [x86_64-linux]
[34m[1mCouchDB version[0m
couchdb 1.6.1
[34m[1mElasticSearch version[0m
5.5.0
[34m[1mInstalled Firefox version[0m
firefox 63.0.1
[34m[1mMongoDB version[0m
MongoDB 4.0.9
[34m[1mPhantomJS version[0m
2.1.1
[34m[1mPre-installed PostgreSQL versions[0m
9.4.22
9.5.17
9.6.13
[34m[1mRedis version[0m
redis-server 5.0.5
[34m[1mPre-installed Go versions[0m
1.11.1
[34m[1mmvn version[0m
Apache Maven 3.6.0 (97c98ec64a1fdfee7767ce5ffb20918da4f719f3; 2018-10-24T18:41:47Z)
[34m[1mgradle version[0m
Gradle 5.1.1!
[34m[1mlein version[0m
Leiningen 2.9.1 on Java 11.0.2 OpenJDK 64-Bit Server VM
[34m[1mPre-installed Node.js versions[0m
v10.15.3
v11.0.0
v4.9.1
v6.17.1
v8.12.0
v8.16.0
v8.9
[34m[1mphpenv versions[0m
  system
  5.6
  5.6.40
  7.1
  7.1.27
  7.2
* 7.2.15 (set by /home/travis/.phpenv/version)
  hhvm
  hhvm-stable
[34m[1mcomposer --version[0m
Composer version 1.8.4 2019-02-11 10:52:10
[34m[1mPre-installed Ruby versions[0m
ruby-2.3.8
ruby-2.4.5
ruby-2.5.3
travis_fold:end:system_info[0K
travis_time:end:02bd5f9d:start=1604355793108035232,finish=1604355793138421758,duration=30386526,event=show_system_info[0Ktravis_time:start:0453fb98[0Ktravis_time:end:0453fb98:start=1604355793144442452,finish=1604355793185283368,duration=40840916,event=rm_riak_source[0Ktravis_time:start:08b4ef12[0Ktravis_time:end:08b4ef12:start=1604355793191823651,finish=1604355793203236811,duration=11413160,event=fix_rwky_redis[0Ktravis_time:start:12d00b12[0K[31;1mTimeout waiting for network availability.[0m
travis_time:end:12d00b12:start=1604355793210043681,finish=1604355814849375106,duration=21639331425,event=wait_for_network[0Ktravis_time:start:0d4c1e28[0Ktravis_time:end:0d4c1e28:start=1604355814857799707,finish=1604355817936249254,duration=3078449547,event=update_apt_keys[0Ktravis_time:start:1d286896[0Ktravis_time:end:1d286896:start=1604355817943947638,finish=1604355818500777891,duration=556830253,event=fix_hhvm_source[0Ktravis_time:start:04431f3e[0Ktravis_time:end:04431f3e:start=1604355818508159938,finish=1604355818514003863,duration=5843925,event=update_mongo_arch[0Ktravis_time:start:0906e0f6[0Ktravis_time:end:0906e0f6:start=1604355818520777033,finish=1604355818589661910,duration=68884877,event=fix_sudo_enabled_trusty[0Ktravis_time:start:1a987c06[0Ktravis_time:end:1a987c06:start=1604355818598084636,finish=1604355819563306790,duration=965222154,event=clean_up_path[0Ktravis_time:start:0c7c655e[0Ktravis_time:end:0c7c655e:start=1604355819571213885,finish=1604355819588561609,duration=17347724,event=fix_resolv_conf[0Ktravis_time:start:0799e864[0Ktravis_time:end:0799e864:start=1604355819595482345,finish=1604355819653265242,duration=57782897,event=fix_etc_hosts[0Ktravis_time:start:15d8bdbc[0Ktravis_time:end:15d8bdbc:start=1604355819661031974,finish=1604355820083721375,duration=422689401,event=fix_mvn_settings_xml[0Ktravis_time:start:04814198[0Ktravis_time:end:04814198:start=1604355820091549879,finish=1604355820113209872,duration=21659993,event=no_ipv6_localhost[0Ktravis_time:start:25e2987a[0Ktravis_time:end:25e2987a:start=1604355820119624642,finish=1604355820124762798,duration=5138156,event=fix_etc_mavenrc[0Ktravis_time:start:07fe2cc6[0Ktravis_time:end:07fe2cc6:start=1604355820131177888,finish=1604355820138381017,duration=7203129,event=fix_wwdr_certificate[0Ktravis_time:start:124cea2c[0Ktravis_time:end:124cea2c:start=1604355820144735409,finish=1604355820188424720,duration=43689311,event=put_localhost_first[0Ktravis_time:start:1f0f6eea[0Ktravis_time:end:1f0f6eea:start=1604355820195303159,finish=1604355820200663613,duration=5360454,event=home_paths[0Ktravis_time:start:358c4784[0Ktravis_time:end:358c4784:start=1604355820207183177,finish=1604355822573821686,duration=2366638509,event=disable_initramfs[0Ktravis_time:start:27e8b740[0Ktravis_time:end:27e8b740:start=1604355822582171744,finish=1604355824470277424,duration=1888105680,event=disable_ssh_roaming[0Ktravis_time:start:157e990b[0Ktravis_time:end:157e990b:start=1604355824477817718,finish=1604355824484171898,duration=6354180,event=debug_tools[0Ktravis_time:start:15d8ad50[0Ktravis_time:end:15d8ad50:start=1604355824491461030,finish=1604355824499495421,duration=8034391,event=uninstall_oclint[0Ktravis_time:start:0237a200[0Ktravis_time:end:0237a200:start=1604355824507526685,finish=1604355824516105320,duration=8578635,event=rvm_use[0Ktravis_time:start:0ac43c52[0Ktravis_time:end:0ac43c52:start=1604355824523967761,finish=1604355824539131639,duration=15163878,event=rm_etc_boto_cfg[0Ktravis_time:start:0ec1a587[0Ktravis_time:end:0ec1a587:start=1604355824546448217,finish=1604355824551596181,duration=5147964,event=rm_oraclejdk8_symlink[0Ktravis_time:start:32f968a4[0Ktravis_time:end:32f968a4:start=1604355824559798937,finish=1604355825730325715,duration=1170526778,event=enable_i386[0Ktravis_time:start:010b72b3[0Ktravis_time:end:010b72b3:start=1604355825739117098,finish=1604355825753673571,duration=14556473,event=update_rubygems[0Ktravis_time:start:082598b6[0Ktravis_time:end:082598b6:start=1604355825761480795,finish=1604355827166876928,duration=1405396133,event=ensure_path_components[0Ktravis_time:start:01866e34[0Ktravis_time:end:01866e34:start=1604355827175295815,finish=1604355827181213685,duration=5917870,event=redefine_curl[0Ktravis_time:start:03874df4[0Ktravis_time:end:03874df4:start=1604355827189438130,finish=1604355827195484422,duration=6046292,event=nonblock_pipe[0Ktravis_time:start:1a42244c[0Ktravis_time:end:1a42244c:start=1604355827202952929,finish=1604355844124058703,duration=16921105774,event=apt_get_update[0Ktravis_time:start:152d3aaf[0Ktravis_time:end:152d3aaf:start=1604355844132437345,finish=1604355844138773311,duration=6335966,event=deprecate_xcode_64[0Ktravis_time:start:02e163e0[0Ktravis_time:end:02e163e0:start=1604355844147440032,finish=1604355857825169896,duration=13677729864,event=update_heroku[0Ktravis_time:start:01a04c78[0Ktravis_time:end:01a04c78:start=1604355857833357678,finish=1604355857839826010,duration=6468332,event=shell_session_update[0Ktravis_time:start:09723c3c[0Ktravis_fold:start:docker_mtu[0Ktee: /etc/docker/daemon.json: No such file or directory
docker: unrecognized service
travis_fold:end:docker_mtu[0Ktravis_time:end:09723c3c:start=1604355857848121999,finish=1604355858265261554,duration=417139555,event=set_docker_mtu[0Ktravis_time:start:21059bec[0Ktravis_time:end:21059bec:start=1604355858274583150,finish=1604355858295931482,duration=21348332,event=resolvconf[0Ktravis_time:start:272f3173[0Ktravis_time:end:272f3173:start=1604355858304972214,finish=1604355858311760854,duration=6788640,event=fix_ps4[0Ktravis_time:start:029918b2[0K
$ cd failed/nfriedly/express-rate-limit

travis_time:end:029918b2:start=1604355858320857433,finish=1604355858328306942,duration=7449509,event=checkout[0Ktravis_time:start:01f3e862[0Ktravis_time:end:01f3e862:start=1604355858336498498,finish=1604355858807740681,duration=471242183,event=env[0Ktravis_fold:start:nvm.install[0Ktravis_time:start:2c9d81f0[0K$ nvm install node
Downloading and installing node v15.0.1...
Downloading https://nodejs.org/dist/v15.0.1/node-v15.0.1-linux-x64.tar.xz...
Computing checksum with sha256sum
Checksums matched!
Now using node v15.0.1 (npm v7.0.3)
travis_time:end:2c9d81f0:start=1604355858824699712,finish=1604355866034097514,duration=7209397802,event=setup[0Ktravis_fold:end:nvm.install[0K
validBefore? true
validBefore? true
travis_fold:start:cache.1[0KSetting up build cache
$ export CASHER_DIR=${TRAVIS_HOME}/.casher
travis_time:start:05d19fc0[0K$ Installing caching utilities
curl: (6) Could not resolve host: https

[31;1mThe command "eval curl -sf  -o $CASHER_DIR/bin/casher https:///files/casher " failed. Retrying, 2 of 3.[0m

curl: (6) Could not resolve host: https

[31;1mThe command "eval curl -sf  -o $CASHER_DIR/bin/casher https:///files/casher " failed. Retrying, 3 of 3.[0m

curl: (6) Could not resolve host: https

[31;1mThe command "eval curl -sf  -o $CASHER_DIR/bin/casher https:///files/casher " failed 3 times.[0m

travis_time:end:05d19fc0:start=1604355871177377571,finish=1604355883444755015,duration=12267377444,event=setup_casher[0Ktravis_time:start:29be9000[0K$ Installing caching utilities from the Travis CI server (https:///files/casher) failed, failing over to using GitHub (https://raw.githubusercontent.com/travis-ci/casher/bash/bin/casher)
travis_time:end:29be9000:start=1604355883453655841,finish=1604355883652614598,duration=198958757,event=setup_casher[0Ktravis_time:start:1f6f04e4[0Ktravis_time:end:1f6f04e4:start=1604355883664723857,finish=1604355883670886193,duration=6162336,event=setup_casher[0Ktravis_time:start:0b270038[0Kattempting to download cache archive[0m
[31;1mcould not download cache[0m
travis_time:end:0b270038:start=1604355883679577499,finish=1604355887491190855,duration=3811613356,event=setup_casher[0Ktravis_fold:end:cache.1[0K
travis_fold:start:cache.npm[0K
travis_time:start:0d1e32d8[0Ktravis_time:end:0d1e32d8:start=1604355887825560298,finish=1604355887831401518,duration=5841220,event=setup_cache[0Ktravis_time:start:0e5c1e5f[0Kadding /home/travis/.npm to cache[0m
travis_time:end:0e5c1e5f:start=1604355887838902096,finish=1604355892359874819,duration=4520972723,event=setup_cache[0Ktravis_fold:end:cache.npm[0K$ node --version
v15.0.1
$ npm --version
7.0.3
$ nvm --version
0.34.0

travis_fold:start:install.npm[0Ktravis_time:start:02ff68bc[0K$ npm ci 
npm ERR! code ENOTFOUND
npm ERR! syscall getaddrinfo
npm ERR! errno ENOTFOUND
npm ERR! network request to https://artifactory.corp.tanium.com:443/api/npm/tanium-npm/yn/-/yn-3.1.0.tgz failed, reason: getaddrinfo ENOTFOUND artifactory.corp.tanium.com
npm ERR! network This is a problem related to network connectivity.
npm ERR! network In most cases you are behind a proxy or have bad network settings.
npm ERR! network 
npm ERR! network If you are behind a proxy, please make sure that the
npm ERR! network 'proxy' config is set properly.  See: 'npm help config'

npm ERR! A complete log of this run can be found in:
npm ERR!     /home/travis/.npm/_logs/2020-11-02T22_25_01_007Z-debug.log

[31;1mThe command "eval npm ci  " failed. Retrying, 2 of 3.[0m

npm ERR! code ENOTFOUND
npm ERR! syscall getaddrinfo
npm ERR! errno ENOTFOUND
npm ERR! network request to https://artifactory.corp.tanium.com:443/api/npm/tanium-npm/yn/-/yn-3.1.0.tgz failed, reason: getaddrinfo ENOTFOUND artifactory.corp.tanium.com
npm ERR! network This is a problem related to network connectivity.
npm ERR! network In most cases you are behind a proxy or have bad network settings.
npm ERR! network 
npm ERR! network If you are behind a proxy, please make sure that the
npm ERR! network 'proxy' config is set properly.  See: 'npm help config'

npm ERR! A complete log of this run can be found in:
npm ERR!     /home/travis/.npm/_logs/2020-11-02T22_25_05_900Z-debug.log

[31;1mThe command "eval npm ci  " failed. Retrying, 3 of 3.[0m

npm ERR! code ENOTFOUND
npm ERR! syscall getaddrinfo
npm ERR! errno ENOTFOUND
npm ERR! network request to https://artifactory.corp.tanium.com:443/api/npm/tanium-npm/yn/-/yn-3.1.0.tgz failed, reason: getaddrinfo ENOTFOUND artifactory.corp.tanium.com
npm ERR! network This is a problem related to network connectivity.
npm ERR! network In most cases you are behind a proxy or have bad network settings.
npm ERR! network 
npm ERR! network If you are behind a proxy, please make sure that the
npm ERR! network 'proxy' config is set properly.  See: 'npm help config'

npm ERR! A complete log of this run can be found in:
npm ERR!     /home/travis/.npm/_logs/2020-11-02T22_25_10_782Z-debug.log

[31;1mThe command "eval npm ci  " failed 3 times.[0m

travis_time:end:02ff68bc:start=1604355893057205382,finish=1604355911829304674,duration=18772099292,event=install[0K[31;1mThe command "npm ci " failed and exited with 1 during .[0m

Your build has been stopped.
