travis_fold:start:system_info[0K[33;1mBuild system information[0m
Build language: python
Build group: stable
Build dist: precise
Build id: ''
Job id: ''
[34m[1mBuild image provisioning date and time[0m
Thu Feb  5 15:09:33 UTC 2015
[34m[1mOperating System Details[0m
Distributor ID:	Ubuntu
Description:	Ubuntu 12.04.5 LTS
Release:	12.04
Codename:	precise
[34m[1mLinux Version[0m
3.13.0-29-generic
[34m[1mCookbooks Version[0m
a68419e https://github.com/travis-ci/travis-cookbooks/tree/a68419e
[34m[1mGCC version[0m
gcc (Ubuntu/Linaro 4.6.3-1ubuntu5) 4.6.3
Copyright (C) 2011 Free Software Foundation, Inc.
This is free software; see the source for copying conditions.  There is NO
warranty; not even for MERCHANTABILITY or FITNESS FOR A PARTICULAR PURPOSE.

[34m[1mLLVM version[0m
clang version 3.4 (tags/RELEASE_34/final)
Target: x86_64-unknown-linux-gnu
Thread model: posix
[34m[1mPre-installed Ruby versions[0m
ruby-1.9.3-p551
[34m[1mPre-installed Node.js versions[0m
v0.10.36
[34m[1mPre-installed Go versions[0m
1.4.1
[34m[1mRedis version[0m
redis-server 2.8.19
[34m[1mriak version[0m
2.0.2
[34m[1mMongoDB version[0m
MongoDB 2.4.12
[34m[1mCouchDB version[0m
couchdb 1.6.1
[34m[1mNeo4j version[0m
1.9.4
[34m[1mRabbitMQ Version[0m
3.4.3
[34m[1mElasticSearch version[0m
1.4.0
[34m[1mInstalled Sphinx versions[0m
2.0.10
2.1.9
2.2.6
[34m[1mDefault Sphinx version[0m
2.2.6
[34m[1mInstalled Firefox version[0m
firefox 31.0esr
[34m[1mPhantomJS version[0m
1.9.8
[34m[1mant -version[0m
Apache Ant(TM) version 1.8.2 compiled on December 3 2011
[34m[1mmvn -version[0m
Apache Maven 3.2.5 (12a6b3acb947671f09b81f49094c53f426d8cea1; 2014-12-14T17:29:23+00:00)
Maven home: /usr/local/maven
Java version: 1.7.0_76, vendor: Oracle Corporation
Java home: /usr/lib/jvm/java-7-oracle/jre
Default locale: en_US, platform encoding: ANSI_X3.4-1968
OS name: "linux", version: "3.13.0-29-generic", arch: "amd64", family: "unix"
travis_fold:end:system_info[0K
grep: /etc/apt/sources.list.d/*: No such file or directory
sed: cannot rename /etc/hosts: Device or resource busy
sed: cannot rename /etc/hosts: Device or resource busy
[33;1m3.5 is not installed; attempting download[0m
[33;1mDownloading archive: https://s3.amazonaws.com/travis-python-archives/binaries/ubuntu/12.04/x86_64/python-3.5.tar.bz2[0m
$ sudo tar xjf python-3.5.tar.bz2 --directory /
$ cd failed/numpy/numpy
travis_fold:start:git.submodule[0Ktravis_time:start:12d6d164[0K$ git submodule update --init --recursive
Submodule 'doc/scipy-sphinx-theme' (https://github.com/scipy/scipy-sphinx-theme.git) registered for path 'doc/scipy-sphinx-theme'
Submodule 'doc/sphinxext' (https://github.com/numpy/numpydoc.git) registered for path 'doc/sphinxext'
Cloning into 'doc/scipy-sphinx-theme'...
Submodule path 'doc/scipy-sphinx-theme': checked out 'c466764e2231ba132c09826b5b138fffa1cfcec3'
Cloning into 'doc/sphinxext'...
Submodule path 'doc/sphinxext': checked out 'ef988a4a4658c991f4445f6241ab02d74710c6e3'

travis_time:end:12d6d164:start=1604273637948302528,finish=1604273642761337856,duration=4813035328[0Ktravis_fold:end:git.submodule[0Ktravis_fold:start:apt[0K[33;1mInstalling APT Packages (BETA)[0m
$ export DEBIAN_FRONTEND=noninteractive
travis_time:start:00bd3297[0K$ sudo -E apt-get -yq update &>> ~/apt-get-update.log

travis_time:end:00bd3297:start=1604273642774316108,finish=1604273647360970809,duration=4586654701[0Ktravis_time:start:0ab3c243[0K$ sudo -E apt-get -yq --no-install-suggests --no-install-recommends --force-yes install gfortran libatlas-dev libatlas-base-dev eatmydata
Reading package lists...
Building dependency tree...
Reading state information...
The following extra packages will be installed:
  gfortran-4.6 libatlas3gf-base libblas-dev
Suggested packages:
  gfortran-multilib gfortran-doc gfortran-4.6-multilib gfortran-4.6-doc
  libgfortran3-dbg libblas-doc liblapack-doc liblapack-dev
The following NEW packages will be installed:
  eatmydata gfortran gfortran-4.6 libatlas-base-dev libatlas-dev
  libatlas3gf-base libblas-dev
0 upgraded, 7 newly installed, 0 to remove and 238 not upgraded.
Need to get 19.6 MB of archives.
After this operation, 68.4 MB of additional disk space will be used.
Get:1 http://us.archive.ubuntu.com/ubuntu/ precise/universe eatmydata amd64 26-2 [8,034 B]
Get:2 http://us.archive.ubuntu.com/ubuntu/ precise/main gfortran-4.6 amd64 4.6.3-1ubuntu5 [5,579 kB]
Get:3 http://us.archive.ubuntu.com/ubuntu/ precise/main gfortran amd64 4:4.6.3-1ubuntu5 [1,206 B]
Get:4 http://us.archive.ubuntu.com/ubuntu/ precise/universe libatlas3gf-base amd64 3.8.4-3build1 [6,191 kB]
Get:5 http://us.archive.ubuntu.com/ubuntu/ precise/main libblas-dev amd64 1.2.20110419-2ubuntu1 [302 kB]
Get:6 http://us.archive.ubuntu.com/ubuntu/ precise/universe libatlas-dev all 3.8.4-3build1 [13.6 kB]
Get:7 http://us.archive.ubuntu.com/ubuntu/ precise/universe libatlas-base-dev amd64 3.8.4-3build1 [7,461 kB]
Fetched 19.6 MB in 1s (15.9 MB/s)
Selecting previously unselected package eatmydata.
(Reading database ... 72431 files and directories currently installed.)
Unpacking eatmydata (from .../eatmydata_26-2_amd64.deb) ...
Selecting previously unselected package gfortran-4.6.
Unpacking gfortran-4.6 (from .../gfortran-4.6_4.6.3-1ubuntu5_amd64.deb) ...
Selecting previously unselected package gfortran.
Unpacking gfortran (from .../gfortran_4%3a4.6.3-1ubuntu5_amd64.deb) ...
Selecting previously unselected package libatlas3gf-base.
Unpacking libatlas3gf-base (from .../libatlas3gf-base_3.8.4-3build1_amd64.deb) ...
Selecting previously unselected package libblas-dev.
Unpacking libblas-dev (from .../libblas-dev_1.2.20110419-2ubuntu1_amd64.deb) ...
Selecting previously unselected package libatlas-dev.
Unpacking libatlas-dev (from .../libatlas-dev_3.8.4-3build1_all.deb) ...
Selecting previously unselected package libatlas-base-dev.
Unpacking libatlas-base-dev (from .../libatlas-base-dev_3.8.4-3build1_amd64.deb) ...
Processing triggers for man-db ...
Processing triggers for ccache ...
Updating symlinks in /usr/lib/ccache ...
Setting up eatmydata (26-2) ...
Setting up gfortran-4.6 (4.6.3-1ubuntu5) ...
Setting up gfortran (4:4.6.3-1ubuntu5) ...
update-alternatives: using /usr/bin/gfortran to provide /usr/bin/f95 (f95) in auto mode.
Setting up libatlas3gf-base (3.8.4-3build1) ...
update-alternatives: using /usr/lib/atlas-base/atlas/libblas.so.3gf to provide /usr/lib/libblas.so.3gf (libblas.so.3gf) in auto mode.
update-alternatives: using /usr/lib/atlas-base/atlas/liblapack.so.3gf to provide /usr/lib/liblapack.so.3gf (liblapack.so.3gf) in auto mode.
Setting up libblas-dev (1.2.20110419-2ubuntu1) ...
update-alternatives: using /usr/lib/libblas/libblas.so to provide /usr/lib/libblas.so (libblas.so) in auto mode.
Setting up libatlas-dev (3.8.4-3build1) ...
Setting up libatlas-base-dev (3.8.4-3build1) ...
update-alternatives: using /usr/lib/atlas-base/atlas/libblas.so to provide /usr/lib/libblas.so (libblas.so) in auto mode.
update-alternatives: using /usr/lib/atlas-base/atlas/liblapack.so to provide /usr/lib/liblapack.so (liblapack.so) in auto mode.
Processing triggers for libc-bin ...
ldconfig deferred processing now taking place

travis_time:end:0ab3c243:start=1604273647370414869,finish=1604273659997166102,duration=12626751233[0Ktravis_fold:end:apt[0K
[33;1mSetting environment variables from .travis.yml[0m
$ export WHEELHOUSE_UPLOADER_USERNAME=travis.numpy
$ export WHEELHOUSE_UPLOADER_SECRET=[secure]

travis_time:start:0c915c92[0K$ source ~/virtualenv/python3.5/bin/activate

travis_time:end:0c915c92:start=1604273660186558848,finish=1604273660196989676,duration=10430828[0Ktravis_fold:start:cache.1[0KSetting up build cache
$ export CASHER_DIR=$HOME/.casher
travis_time:start:1c253493[0K$ Installing caching utilities

travis_time:end:1c253493:start=1604273660580747297,finish=1604273660645805576,duration=65058279[0Ktravis_time:start:0508a036[0K
travis_time:end:0508a036:start=1604273660658918729,finish=1604273660667455193,duration=8536464[0Ktravis_time:start:199cd710[0K/home/travis/.casher/bin/casher:213:in `cache_archive_name': undefined method `[]' for nil:NilClass (NoMethodError)
	from /home/travis/.casher/bin/casher:65:in `block in fetch'
	from /home/travis/.casher/bin/casher:64:in `each'
	from /home/travis/.casher/bin/casher:64:in `fetch'
	from /home/travis/.casher/bin/casher:53:in `block in run'
	from /home/travis/.rvm/rubies/ruby-1.9.3-p551/lib/ruby/1.9.1/timeout.rb:69:in `timeout'
	from /home/travis/.casher/bin/casher:53:in `run'
	from /home/travis/.casher/bin/casher:263:in `<main>'
[32;1mattempting to download cache archive[0m

travis_time:end:199cd710:start=1604273660677360615,finish=1604273661459215759,duration=781855144[0Ktravis_time:start:03bb1ca0[0K
travis_time:end:03bb1ca0:start=1604273661468500738,finish=1604273661476041905,duration=7541167[0Ktravis_time:start:1d85f3e8[0K[32;1madding /home/travis/.cache/pip to cache[0m

travis_time:end:1d85f3e8:start=1604273661485584974,finish=1604273662314409070,duration=828824096[0Ktravis_fold:end:cache.1[0K$ python --version
Python 3.5.6
$ pip --version
pip 18.0 from /home/travis/virtualenv/python3.5.6/lib/python3.5/site-packages/pip (python 3.5)
travis_fold:start:before_install[0Ktravis_time:start:0558af70[0K$ ./tools/travis-before-install.sh
Linux d04a76f8c758 4.15.0-109-generic #110-Ubuntu SMP Tue Jun 23 02:39:32 UTC 2020 x86_64 x86_64 x86_64 GNU/Linux
             total       used       free     shared    buffers     cached
Mem:        192081     134584      57496          0        940      80211
-/+ buffers/cache:      53431     138649
Swap:        65982        928      65054
Filesystem      Size  Used Avail Use% Mounted on
overlay          91T  5.2T   86T   6% /
tmpfs            64M     0   64M   0% /dev
tmpfs            94G     0   94G   0% /sys/fs/cgroup
/dev/sda         91T  5.2T   86T   6% /etc/resolv.conf
/dev/sda         91T  5.2T   86T   6% /etc/hostname
/dev/sda         91T  5.2T   86T   6% /etc/hosts
shm              64M     0   64M   0% /dev/shm
tmpfs            94G     0   94G   0% /proc/acpi
tmpfs            64M     0   64M   0% /proc/kcore
tmpfs            64M     0   64M   0% /proc/keys
tmpfs            64M     0   64M   0% /proc/timer_list
tmpfs            64M     0   64M   0% /proc/sched_debug
tmpfs            94G     0   94G   0% /proc/scsi
tmpfs            94G     0   94G   0% /sys/firmware
core file size          (blocks, -c) unlimited
data seg size           (kbytes, -d) unlimited
scheduling priority             (-e) 0
file size               (blocks, -f) unlimited
pending signals                 (-i) 767649
max locked memory       (kbytes, -l) 16384
max memory size         (kbytes, -m) unlimited
open files                      (-n) 1048576
pipe size            (512 bytes, -p) 8
POSIX message queues     (bytes, -q) 819200
real-time priority              (-r) 0
stack size              (kbytes, -s) 8192
cpu time               (seconds, -t) unlimited
max user processes              (-u) unlimited
virtual memory          (kbytes, -v) unlimited
file locks                      (-x) unlimited
~/build/failed/numpy/numpy/builds ~/build/failed/numpy/numpy
Collecting virtualenv==14.0.6
  Downloading https://files.pythonhosted.org/packages/39/62/159f60c93e7cf4f88730ec6ee7f23fec4e8f374c133502da18ef1e1420cb/virtualenv-14.0.6-py2.py3-none-any.whl (1.8MB)
Installing collected packages: virtualenv
  Found existing installation: virtualenv 16.0.0
    Uninstalling virtualenv-16.0.0:
      Successfully uninstalled virtualenv-16.0.0
Successfully installed virtualenv-14.0.6
Already using interpreter /home/travis/virtualenv/python3.5.6/bin/python
Using real prefix '/opt/python/3.5.6'
New python executable in /home/travis/build/failed/numpy/numpy/builds/venv/bin/python
Installing setuptools, pip, wheel...done.
Python 3.5.6
DEPRECATION: Python 3.5 reached the end of its life on September 13th, 2020. Please upgrade your Python as Python 3.5 is no longer maintained. pip 21.0 will drop support for Python 3.5 in January 2021. pip 21.0 will remove support for this functionality.
Requirement already satisfied: pip in ./venv/lib/python3.5/site-packages (20.3b1)
Requirement already satisfied: setuptools in ./venv/lib/python3.5/site-packages (50.3.2)
DEPRECATION: Python 3.5 reached the end of its life on September 13th, 2020. Please upgrade your Python as Python 3.5 is no longer maintained. pip 21.0 will drop support for Python 3.5 in January 2021. pip 21.0 will remove support for this functionality.
Collecting pytz
  Downloading pytz-2020.1-py2.py3-none-any.whl (510 kB)
Collecting cython
  Downloading Cython-0.29.21-cp35-cp35m-manylinux1_x86_64.whl (1.9 MB)
Collecting nose
  Downloading nose-1.3.7-py3-none-any.whl (154 kB)
Installing collected packages: pytz, nose, cython
Successfully installed cython-0.29.21 nose-1.3.7 pytz-2020.1
~/build/failed/numpy/numpy

travis_time:end:0558af70:start=1604273662776774450,finish=1604273676329102233,duration=13552327783[0Ktravis_fold:end:before_install[0KCould not locate requirements.txt. Override the install: key in your .travis.yml to install dependencies.
travis_time:start:009388e0[0K$ ./tools/travis-test.sh
+export NPY_NUM_BUILD_JOBS=2
+NPY_NUM_BUILD_JOBS=2
+'[' -r /usr/lib/libeatmydata/libeatmydata.so ']'
+export LD_PRELOAD=/usr/lib/libeatmydata/libeatmydata.so
+LD_PRELOAD=/usr/lib/libeatmydata/libeatmydata.so
+source builds/venv/bin/activate
++deactivate nondestructive
++unset -f pydoc
++'[' -z '' ']'
++'[' -z '' ']'
++'[' -n /bin/bash ']'
++hash -r
++'[' -z '' ']'
++unset VIRTUAL_ENV
++'[' '!' nondestructive = nondestructive ']'
++VIRTUAL_ENV=/home/travis/build/failed/numpy/numpy/builds/venv
++export VIRTUAL_ENV
++_OLD_VIRTUAL_PATH=/home/travis/.rvm/gems/ruby-1.9.3-p551/bin:/home/travis/.rvm/gems/ruby-1.9.3-p551@global/bin:/home/travis/.rvm/rubies/ruby-1.9.3-p551/bin:/home/travis/.rvm/bin:/home/travis/virtualenv/python3.5.6/bin:/home/travis/bin:/home/travis/.local/bin:/opt/python/2.7.9/bin:/opt/python/2.6.9/bin:/opt/python/3.4.2/bin:/opt/python/3.3.5/bin:/opt/python/3.2.5/bin:/opt/python/pypy-2.5.0/bin:/opt/python/pypy3-2.4.0/bin:/usr/local/phantomjs/bin:/home/travis/.nvm/v0.10.36/bin:./node_modules/.bin:/usr/local/maven-3.2.5/bin:/usr/local/clang-3.4/bin:/home/travis/.gimme/versions/go1.4.1.linux.amd64/bin:/usr/local/sbin:/usr/local/bin:/usr/sbin:/usr/bin:/sbin:/bin
++PATH=/home/travis/build/failed/numpy/numpy/builds/venv/bin:/home/travis/.rvm/gems/ruby-1.9.3-p551/bin:/home/travis/.rvm/gems/ruby-1.9.3-p551@global/bin:/home/travis/.rvm/rubies/ruby-1.9.3-p551/bin:/home/travis/.rvm/bin:/home/travis/virtualenv/python3.5.6/bin:/home/travis/bin:/home/travis/.local/bin:/opt/python/2.7.9/bin:/opt/python/2.6.9/bin:/opt/python/3.4.2/bin:/opt/python/3.3.5/bin:/opt/python/3.2.5/bin:/opt/python/pypy-2.5.0/bin:/opt/python/pypy3-2.4.0/bin:/usr/local/phantomjs/bin:/home/travis/.nvm/v0.10.36/bin:./node_modules/.bin:/usr/local/maven-3.2.5/bin:/usr/local/clang-3.4/bin:/home/travis/.gimme/versions/go1.4.1.linux.amd64/bin:/usr/local/sbin:/usr/local/bin:/usr/sbin:/usr/bin:/sbin:/bin
++export PATH
++'[' -z '' ']'
++'[' -z true ']'
++alias pydoc
++'[' -n /bin/bash ']'
++hash -r
+PYTHON=python
+PIP=pip
+'[' -n '' ']'
+'[' -n '' ']'
+werrors='-Werror=declaration-after-statement -Werror=vla '
+werrors+='-Werror=nonnull -Werror=pointer-arith'
+export PYTHON
+export PIP
+pip install setuptools
DEPRECATION: Python 3.5 reached the end of its life on September 13th, 2020. Please upgrade your Python as Python 3.5 is no longer maintained. pip 21.0 will drop support for Python 3.5 in January 2021. pip 21.0 will remove support for this functionality.
Requirement already satisfied: setuptools in ./builds/venv/lib/python3.5/site-packages (50.3.2)
+'[' -n '' ']'
+'[' -n '' ']'
+'[' -n '' ']'
+setup_base
+'[' -z '' ']'
+'[' -z '' ']'
+pip install .
DEPRECATION: Python 3.5 reached the end of its life on September 13th, 2020. Please upgrade your Python as Python 3.5 is no longer maintained. pip 21.0 will drop support for Python 3.5 in January 2021. pip 21.0 will remove support for this functionality.
Processing /home/travis/build/failed/numpy/numpy
Building wheels for collected packages: numpy
  Building wheel for numpy (setup.py): started
  Building wheel for numpy (setup.py): still running...
  Building wheel for numpy (setup.py): finished with status 'done'
  Created wheel for numpy: filename=numpy-1.12.0.dev0+1718ee8-cp35-cp35m-linux_x86_64.whl size=6130496 sha256=83c2c97274f107d52ac4d52bca57407581d6c874cd7f419e5da2ec75b66e770d
  Stored in directory: /tmp/pip-ephem-wheel-cache-iykeoe8g/wheels/08/ac/ec/3b9d0bc5cbb7f421d54267220045c1e9408dab7c020fe8bf11
Successfully built numpy
Installing collected packages: numpy
Successfully installed numpy-1.12.0.dev0+1718ee8
+run_test
+'[' -n '' ']'
+mkdir -p empty
+cd empty
++python -c 'import os; import numpy; print(os.path.dirname(numpy.__file__))'
+INSTALLDIR=/home/travis/build/failed/numpy/numpy/builds/venv/lib/python3.5/site-packages/numpy
+export PYTHONWARNINGS=default
+PYTHONWARNINGS=default
+'[' -n '' ']'
+python ../tools/test-installed-numpy.py
/home/travis/build/failed/numpy/numpy/builds/venv/lib/python3.5/site.py:165: DeprecationWarning: 'U' mode is deprecated
  f = open(fullname, "rU")
/home/travis/build/failed/numpy/numpy/builds/venv/lib/python3.5/site-packages/nose/importer.py:12: PendingDeprecationWarning: the imp module is deprecated in favour of importlib; see the module's documentation for alternative uses
  from imp import find_module, load_module, acquire_lock, release_lock
...........................................................................................................................................................................................................................S...........................................................................................................................................................................................S..SS...SSS.KKK..........................................................................................................................................................................................................................................................................................................................................................................................................................................................................................................................................................................................................................................................................................................................................................................................................................................................................................................................................................................................................................................................................................................................................................................................................................................S..................................................................S..........................................................................................................................................................................................................................................................................................................................................................................................................................................................................................................K.................................................................................................................................................................................................................................................................................................................................SSS........................................................................S............................................K.................................................................................S.....................................................................................E..................................................................................................................................................................................................................................................................................................K......................K......................................................................................................................................................................................................................................................................................................................................................................................................................................................................................................................................................................................................................................................................................................................................................................................................................................................................................................................................................................................................................................................................................................................................................................................................................................................................................................................................................................................................................................................................................................................................................................................................................................................................................................................................................................................................................................................................................................................................................................................................................................................................................................................................................................................................................................................................................................................................................................................................................................................................................................................................................................................................................................................................................................................................................................................................................................................................................................................................................................................................................................................................................................................................................................................................................................................................................................................................................................................................................
======================================================================
ERROR: test_negative_power (test_scalarmath.TestPower)
----------------------------------------------------------------------
Traceback (most recent call last):
  File "/home/travis/build/failed/numpy/numpy/builds/venv/lib/python3.5/site-packages/numpy/core/tests/test_scalarmath.py", line 132, in test_negative_power
    result = a**b
ValueError: Integers to negative integer powers are not allowed.

----------------------------------------------------------------------
Ran 6385 tests in 76.375s

FAILED (KNOWNFAIL=7, SKIP=14, errors=1)
Running unit tests for numpy
NumPy version 1.12.0.dev0+1718ee8
NumPy relaxed strides checking option: True
NumPy is installed in /home/travis/build/failed/numpy/numpy/builds/venv/lib/python3.5/site-packages/numpy
Python version 3.5.6 (default, Aug 13 2018, 05:53:01) [GCC 4.6.3]
nose version 1.3.7

travis_time:end:009388e0:start=1604273676341976871,finish=1604273894997438858,duration=218655461987[0K
[31;1mThe command "./tools/travis-test.sh" exited with 1.[0m
travis_fold:start:cache.2[0Kstore build cache
travis_time:start:2990c265[0K
travis_time:end:2990c265:start=1604273895007959210,finish=1604273895015588334,duration=7629124[0Ktravis_time:start:16bab4bc[0K/home/travis/.casher/bin/casher:190: warning: Insecure world writable dir /home/travis/build/failed/numpy/numpy/. in PATH, mode 040777
[32;1mchanges detected, packing new archive[0m
/home/travis/.casher/bin/casher:213:in `cache_archive_name': undefined method `[]' for nil:NilClass (NoMethodError)
	from /home/travis/.casher/bin/casher:143:in `push'
	from /home/travis/.casher/bin/casher:53:in `block in run'
	from /home/travis/.rvm/rubies/ruby-1.9.3-p551/lib/ruby/1.9.1/timeout.rb:69:in `timeout'
	from /home/travis/.casher/bin/casher:53:in `run'
	from /home/travis/.casher/bin/casher:263:in `<main>'

travis_time:end:16bab4bc:start=1604273895024266501,finish=1604273896793320436,duration=1769053935[0Ktravis_fold:end:cache.2[0K
Done. Your build exited with 1.
