travis_time:start:019dca1a[0Ktravis_time:end:019dca1a:start=1604338428525824697,finish=1604338428690785650,duration=164960953,event=no_world_writable_dirs[0Ktravis_time:start:0d914f32[0Ktravis_time:end:0d914f32:start=1604338428698711339,finish=1604338428704305669,duration=5594330,event=check_unsupported[0Ktravis_time:start:1820fa90[0Ktravis_fold:start:system_info[0K[33;1mBuild system information[0m
Build language: java
Build group: stable
Build dist: precise
Build id: ''
Job id: ''
Runtime kernel version: 4.15.0-109-generic
[34m[1mBuild image provisioning date and time[0m
Thu Feb  5 15:09:33 UTC 2015
[34m[1mOperating System Details[0m
Distributor ID:	Ubuntu
Description:	Ubuntu 12.04.5 LTS
Release:	12.04
Codename:	precise
[34m[1mLinux Version[0m
3.13.0-29-generic
[34m[1mCookbooks Version[0m
a68419e https://github.com/travis-ci/travis-cookbooks/tree/a68419e
[34m[1mGCC version[0m
gcc (Ubuntu/Linaro 4.6.3-1ubuntu5) 4.6.3
Copyright (C) 2011 Free Software Foundation, Inc.
This is free software; see the source for copying conditions.  There is NO
warranty; not even for MERCHANTABILITY or FITNESS FOR A PARTICULAR PURPOSE.

[34m[1mLLVM version[0m
clang version 3.4 (tags/RELEASE_34/final)
Target: x86_64-unknown-linux-gnu
Thread model: posix
[34m[1mPre-installed Ruby versions[0m
ruby-1.9.3-p551
[34m[1mPre-installed Node.js versions[0m
v0.10.36
[34m[1mPre-installed Go versions[0m
1.4.1
[34m[1mRedis version[0m
redis-server 2.8.19
[34m[1mriak version[0m
2.0.2
[34m[1mMongoDB version[0m
MongoDB 2.4.12
[34m[1mCouchDB version[0m
couchdb 1.6.1
[34m[1mNeo4j version[0m
1.9.4
[34m[1mRabbitMQ Version[0m
3.4.3
[34m[1mElasticSearch version[0m
1.4.0
[34m[1mInstalled Sphinx versions[0m
2.0.10
2.1.9
2.2.6
[34m[1mDefault Sphinx version[0m
2.2.6
[34m[1mInstalled Firefox version[0m
firefox 31.0esr
[34m[1mPhantomJS version[0m
1.9.8
[34m[1mant -version[0m
Apache Ant(TM) version 1.8.2 compiled on December 3 2011
[34m[1mmvn -version[0m
Apache Maven 3.2.5 (12a6b3acb947671f09b81f49094c53f426d8cea1; 2014-12-14T17:29:23+00:00)
Maven home: /usr/local/maven
Java version: 1.7.0_76, vendor: Oracle Corporation
Java home: /usr/lib/jvm/java-7-oracle/jre
Default locale: en_US, platform encoding: ANSI_X3.4-1968
OS name: "linux", version: "3.13.0-29-generic", arch: "amd64", family: "unix"
travis_fold:end:system_info[0K
travis_time:end:1820fa90:start=1604338428711519986,finish=1604338428721828141,duration=10308155,event=show_system_info[0Ktravis_time:start:272ad731[0Ktravis_time:end:272ad731:start=1604338428728881611,finish=1604338428748354164,duration=19472553,event=rm_riak_source[0Ktravis_time:start:167086f2[0Ktravis_time:end:167086f2:start=1604338428755187658,finish=1604338428766764703,duration=11577045,event=fix_rwky_redis[0Ktravis_time:start:03a92948[0K[31;1mTimeout waiting for network availability.[0m
travis_time:end:03a92948:start=1604338428773138758,finish=1604338449481776696,duration=20708637938,event=wait_for_network[0Ktravis_time:start:06fec58c[0Ktravis_time:end:06fec58c:start=1604338449488780037,finish=1604338449916253758,duration=427473721,event=update_apt_keys[0Ktravis_time:start:017ba280[0Ktravis_time:end:017ba280:start=1604338449922527694,finish=1604338449986542642,duration=64014948,event=fix_hhvm_source[0Ktravis_time:start:0bf883be[0Ktravis_time:end:0bf883be:start=1604338449993210865,finish=1604338449998848559,duration=5637694,event=update_mongo_arch[0Ktravis_time:start:04c2859a[0Ktravis_time:end:04c2859a:start=1604338450004736235,finish=1604338450050215790,duration=45479555,event=fix_sudo_enabled_trusty[0Ktravis_time:start:15bdc472[0Ktravis_time:end:15bdc472:start=1604338450057408233,finish=1604338450074927992,duration=17519759,event=clean_up_path[0Ktravis_time:start:097d6820[0Ktravis_time:end:097d6820:start=1604338450081802180,finish=1604338450097784733,duration=15982553,event=fix_resolv_conf[0Ktravis_time:start:00fac17a[0Ktravis_time:end:00fac17a:start=1604338450104681315,finish=1604338450123672850,duration=18991535,event=fix_etc_hosts[0Ktravis_time:start:13cea06b[0Ktravis_time:end:13cea06b:start=1604338450130418136,finish=1604338450156269445,duration=25851309,event=fix_mvn_settings_xml[0Ktravis_time:start:09ad70ae[0Ktravis_time:end:09ad70ae:start=1604338450161978551,finish=1604338450177147642,duration=15169091,event=no_ipv6_localhost[0Ktravis_time:start:2764de80[0Ktravis_time:end:2764de80:start=1604338450183197113,finish=1604338450198844608,duration=15647495,event=fix_etc_mavenrc[0Ktravis_time:start:1215d105[0Ktravis_time:end:1215d105:start=1604338450204984250,finish=1604338450211560802,duration=6576552,event=fix_wwdr_certificate[0Ktravis_time:start:0c473088[0Ktravis_time:end:0c473088:start=1604338450217826783,finish=1604338450257478334,duration=39651551,event=put_localhost_first[0Ktravis_time:start:0653a1e6[0Ktravis_time:end:0653a1e6:start=1604338450264305033,finish=1604338450269544842,duration=5239809,event=home_paths[0Ktravis_time:start:0067a280[0Ktravis_time:end:0067a280:start=1604338450276671748,finish=1604338450306938706,duration=30266958,event=disable_initramfs[0Ktravis_time:start:036bb90b[0Ktravis_time:end:036bb90b:start=1604338450314348831,finish=1604338450336791085,duration=22442254,event=disable_ssh_roaming[0Ktravis_time:start:0e79ffd2[0Ktravis_time:end:0e79ffd2:start=1604338450343498190,finish=1604338450347901592,duration=4403402,event=debug_tools[0Ktravis_time:start:1546c449[0Ktravis_time:end:1546c449:start=1604338450354846942,finish=1604338450361338564,duration=6491622,event=uninstall_oclint[0Ktravis_time:start:0ea7e34a[0Ktravis_time:end:0ea7e34a:start=1604338450368476763,finish=1604338450376058906,duration=7582143,event=rvm_use[0Ktravis_time:start:061be442[0Ktravis_time:end:061be442:start=1604338450382938443,finish=1604338450398389053,duration=15450610,event=rm_etc_boto_cfg[0Ktravis_time:start:0299cc2e[0Ktravis_time:end:0299cc2e:start=1604338450404416002,finish=1604338450409548170,duration=5132168,event=rm_oraclejdk8_symlink[0Ktravis_time:start:10087c5c[0Ktravis_time:end:10087c5c:start=1604338450416343221,finish=1604338450461431124,duration=45087903,event=enable_i386[0Ktravis_time:start:00422c82[0Ktravis_time:end:00422c82:start=1604338450468209082,finish=1604338450475737766,duration=7528684,event=update_rubygems[0Ktravis_time:start:1ec1c4b0[0Ktravis_time:end:1ec1c4b0:start=1604338450482745529,finish=1604338450492787774,duration=10042245,event=ensure_path_components[0Ktravis_time:start:10336c38[0Ktravis_time:end:10336c38:start=1604338450499513656,finish=1604338450504311365,duration=4797709,event=redefine_curl[0Ktravis_time:start:1dcb5c48[0Ktravis_time:end:1dcb5c48:start=1604338450510654579,finish=1604338450516045279,duration=5390700,event=nonblock_pipe[0Ktravis_time:start:06af9e4c[0Ktravis_time:end:06af9e4c:start=1604338450522582123,finish=1604338455703888008,duration=5181305885,event=apt_get_update[0Ktravis_time:start:0bacdda6[0Ktravis_time:end:0bacdda6:start=1604338455709902700,finish=1604338455714613662,duration=4710962,event=deprecate_xcode_64[0Ktravis_time:start:258a5b40[0Ktravis_time:end:258a5b40:start=1604338455720920344,finish=1604338455728421259,duration=7500915,event=update_heroku[0Ktravis_time:start:38fa3bb2[0Ktravis_time:end:38fa3bb2:start=1604338455734182813,finish=1604338455738916090,duration=4733277,event=shell_session_update[0Ktravis_time:start:01c142ca[0Ktravis_fold:start:docker_mtu[0Ktee: /etc/docker/daemon.json: No such file or directory
docker: unrecognized service
travis_fold:end:docker_mtu[0Ktravis_time:end:01c142ca:start=1604338455745848806,finish=1604338455781864463,duration=36015657,event=set_docker_mtu[0Ktravis_time:start:0ab3dd86[0Ktravis_time:end:0ab3dd86:start=1604338455788195290,finish=1604338455805132719,duration=16937429,event=resolvconf[0K
travis_fold:start:install_jdk[0K[33;1mInstalling openjdk6[0m
$ jdk_switcher use "openjdk6"
Switching to OpenJDK6 (java-1.6.0-openjdk-amd64), JAVA_HOME will be set to /usr/lib/jvm/java-6-openjdk-amd64
travis_fold:end:install_jdk[0Ktravis_time:start:11b55874[0Ktravis_time:end:11b55874:start=1604338455827971264,finish=1604338455832879521,duration=4908257,event=fix_ps4[0Ktravis_time:start:0d0a0952[0K
$ cd passed/Scout24/deadcode4j

travis_time:end:0d0a0952:start=1604338455839242625,finish=1604338455843855400,duration=4612775,event=checkout[0Ktravis_time:start:09dc0c4d[0K
[33;1mSetting environment variables from .travis.yml[0m
$ export MVN_VERSION=3.2.5

travis_time:end:09dc0c4d:start=1604338455850263967,finish=1604338456177045342,duration=326781375,event=env[0Ktravis_fold:start:cache.1[0KSetting up build cache
$ export CASHER_DIR=${TRAVIS_HOME}/.casher
travis_time:start:01313f2f[0K$ Installing caching utilities

[31;1mThe command "eval curl -sf  -o $CASHER_DIR/bin/casher https:///files/casher " failed. Retrying, 2 of 3.[0m


[31;1mThe command "eval curl -sf  -o $CASHER_DIR/bin/casher https:///files/casher " failed. Retrying, 3 of 3.[0m


[31;1mThe command "eval curl -sf  -o $CASHER_DIR/bin/casher https:///files/casher " failed 3 times.[0m

travis_time:end:01313f2f:start=1604338463288006478,finish=1604338466404515051,duration=3116508573,event=setup_casher[0Ktravis_time:start:01cafbce[0K$ Installing caching utilities from the Travis CI server (https:///files/casher) failed, failing over to using GitHub (https://raw.githubusercontent.com/travis-ci/casher/bash/bin/casher)
travis_time:end:01cafbce:start=1604338466413697561,finish=1604338466472531087,duration=58833526,event=setup_casher[0Ktravis_time:start:004df067[0Ktravis_time:end:004df067:start=1604338466483849605,finish=1604338466490609706,duration=6760101,event=setup_casher[0Ktravis_time:start:20b71738[0KYAML safe loading is not available. Please upgrade psych to a version that supports safe loading (>= 2.0).
attempting to download cache archive[0m
[31;1mcould not download cache[0m
travis_time:end:20b71738:start=1604338466499797327,finish=1604338467975311213,duration=1475513886,event=setup_casher[0Ktravis_time:start:02e30e3e[0Ktravis_time:end:02e30e3e:start=1604338467983242996,finish=1604338467989493696,duration=6250700,event=setup_casher[0Ktravis_time:start:00bc39b4[0KYAML safe loading is not available. Please upgrade psych to a version that supports safe loading (>= 2.0).
adding /home/travis/.m2/repository to cache[0m
travis_time:end:00bc39b4:start=1604338467998579120,finish=1604338469429676203,duration=1431097083,event=setup_casher[0Ktravis_fold:end:cache.1[0K
$ java -Xmx32m -version
java version "1.6.0_34"
OpenJDK Runtime Environment (IcedTea6 1.13.6) (6b34-1.13.6-1ubuntu0.12.04.1)
OpenJDK 64-Bit Server VM (build 23.25-b01, mixed mode)
$ javac -J-Xmx32m -version
javac 1.6.0_34
travis_fold:start:before_install.1[0Ktravis_time:start:048dc2d5[0K$ MVN_URL=https://archive.apache.org/dist/maven/maven-3/$MVN_VERSION/binaries/apache-maven-$MVN_VERSION-bin.tar.gz
travis_time:end:048dc2d5:start=1604338469687528260,finish=1604338469694016527,duration=6488267,event=before_install[0Ktravis_fold:end:before_install.1[0Ktravis_fold:start:before_install.2[0Ktravis_time:start:072ccd14[0K$ wget -q -O /tmp/maven.tar.gz $MVN_URL
travis_time:end:072ccd14:start=1604338469703098170,finish=1604338487738738135,duration=18035639965,event=before_install[0Ktravis_fold:end:before_install.2[0Ktravis_fold:start:before_install.3[0Ktravis_time:start:21d6cf1a[0K$ tar xzf /tmp/maven.tar.gz
travis_time:end:21d6cf1a:start=1604338487747076769,finish=1604338487862434004,duration=115357235,event=before_install[0Ktravis_fold:end:before_install.3[0Ktravis_fold:start:before_install.4[0Ktravis_time:start:139e8866[0K$ export M2_HOME=`pwd`/apache-maven-$MVN_VERSION
travis_time:end:139e8866:start=1604338487871773473,finish=1604338487880121346,duration=8347873,event=before_install[0Ktravis_fold:end:before_install.4[0Ktravis_fold:start:before_install.5[0Ktravis_time:start:1feb155b[0K$ export PATH=$M2_HOME/bin:$PATH
travis_time:end:1feb155b:start=1604338487888418534,finish=1604338487894290735,duration=5872201,event=before_install[0Ktravis_fold:end:before_install.5[0Ktravis_fold:start:before_install.6[0Ktravis_time:start:0fde9d14[0K$ export MAVEN_SKIP_RC=true
travis_time:end:0fde9d14:start=1604338487903687032,finish=1604338487909751697,duration=6064665,event=before_install[0Ktravis_fold:end:before_install.6[0Ktravis_fold:start:install.1[0Ktravis_time:start:165db9c8[0K$ mvn -B -U clean verify org.apache.maven.plugins:maven-war-plugin:2.4:help -Dinvoker.skip=true -Dmaven.main.skip=true -Dmaven.plugin.skip=true -Dmaven.test.skip=true -PenableCoverage,travis
[INFO] Scanning for projects...
[INFO] Downloading: https://repo.maven.apache.org/maven2/org/apache/maven/plugins/maven-war-plugin/2.4/maven-war-plugin-2.4.pom
[INFO] ------------------------------------------------------------------------
[INFO] BUILD FAILURE
[INFO] ------------------------------------------------------------------------
[INFO] Total time: 0.573 s
[INFO] Finished at: 2020-11-02T17:34:49+00:00
[INFO] Final Memory: 15M/1962M
[INFO] ------------------------------------------------------------------------
[ERROR] Plugin org.apache.maven.plugins:maven-war-plugin:2.4 or one of its dependencies could not be resolved: Failed to read artifact descriptor for org.apache.maven.plugins:maven-war-plugin:jar:2.4: Could not transfer artifact org.apache.maven.plugins:maven-war-plugin:pom:2.4 from/to central (https://repo.maven.apache.org/maven2): Received fatal alert: protocol_version -> [Help 1]
[ERROR] 
[ERROR] To see the full stack trace of the errors, re-run Maven with the -e switch.
[ERROR] Re-run Maven using the -X switch to enable full debug logging.
[ERROR] 
[ERROR] For more information about the errors and possible solutions, please read the following articles:
[ERROR] [Help 1] http://cwiki.apache.org/confluence/display/MAVEN/PluginResolutionException
travis_time:end:165db9c8:start=1604338487917964201,finish=1604338489891274953,duration=1973310752,event=install[0K[31;1mThe command "mvn -B -U clean verify org.apache.maven.plugins:maven-war-plugin:2.4:help -Dinvoker.skip=true -Dmaven.main.skip=true -Dmaven.plugin.skip=true -Dmaven.test.skip=true -PenableCoverage,travis" failed and exited with 1 during .[0m

Your build has been stopped.
