travis_fold:start:system_info[0K[33;1mBuild system information[0m
Build language: python
Build group: stable
Build dist: precise
Build id: ''
Job id: ''
[34m[1mBuild image provisioning date and time[0m
Thu Feb  5 15:09:33 UTC 2015
[34m[1mOperating System Details[0m
Distributor ID:	Ubuntu
Description:	Ubuntu 12.04.5 LTS
Release:	12.04
Codename:	precise
[34m[1mLinux Version[0m
3.13.0-29-generic
[34m[1mCookbooks Version[0m
a68419e https://github.com/travis-ci/travis-cookbooks/tree/a68419e
[34m[1mGCC version[0m
gcc (Ubuntu/Linaro 4.6.3-1ubuntu5) 4.6.3
Copyright (C) 2011 Free Software Foundation, Inc.
This is free software; see the source for copying conditions.  There is NO
warranty; not even for MERCHANTABILITY or FITNESS FOR A PARTICULAR PURPOSE.

[34m[1mLLVM version[0m
clang version 3.4 (tags/RELEASE_34/final)
Target: x86_64-unknown-linux-gnu
Thread model: posix
[34m[1mPre-installed Ruby versions[0m
ruby-1.9.3-p551
[34m[1mPre-installed Node.js versions[0m
v0.10.36
[34m[1mPre-installed Go versions[0m
1.4.1
[34m[1mRedis version[0m
redis-server 2.8.19
[34m[1mriak version[0m
2.0.2
[34m[1mMongoDB version[0m
MongoDB 2.4.12
[34m[1mCouchDB version[0m
couchdb 1.6.1
[34m[1mNeo4j version[0m
1.9.4
[34m[1mRabbitMQ Version[0m
3.4.3
[34m[1mElasticSearch version[0m
1.4.0
[34m[1mInstalled Sphinx versions[0m
2.0.10
2.1.9
2.2.6
[34m[1mDefault Sphinx version[0m
2.2.6
[34m[1mInstalled Firefox version[0m
firefox 31.0esr
[34m[1mPhantomJS version[0m
1.9.8
[34m[1mant -version[0m
Apache Ant(TM) version 1.8.2 compiled on December 3 2011
[34m[1mmvn -version[0m
Apache Maven 3.2.5 (12a6b3acb947671f09b81f49094c53f426d8cea1; 2014-12-14T17:29:23+00:00)
Maven home: /usr/local/maven
Java version: 1.7.0_76, vendor: Oracle Corporation
Java home: /usr/lib/jvm/java-7-oracle/jre
Default locale: en_US, platform encoding: ANSI_X3.4-1968
OS name: "linux", version: "3.13.0-29-generic", arch: "amd64", family: "unix"
travis_fold:end:system_info[0K
grep: /etc/apt/sources.list.d/*: No such file or directory
sed: cannot rename /etc/hosts: Device or resource busy
sed: cannot rename /etc/hosts: Device or resource busy
[33;1m3.6 is not installed; attempting download[0m
[33;1mDownloading archive: https://s3.amazonaws.com/travis-python-archives/binaries/ubuntu/12.04/x86_64/python-3.6.tar.bz2[0m
$ sudo tar xjf python-3.6.tar.bz2 --directory /
$ cd failed/Unidata/netcdf4-python
travis_fold:start:apt[0K[33;1mInstalling APT Packages (BETA)[0m
$ export DEBIAN_FRONTEND=noninteractive
travis_time:start:09cc1daf[0K$ sudo -E apt-get -yq update &>> ~/apt-get-update.log

travis_time:end:09cc1daf:start=1604245104001826668,finish=1604245109055681218,duration=5053854550[0Ktravis_time:start:02b740d8[0K$ sudo -E apt-get -yq --no-install-suggests --no-install-recommends --force-yes install libhdf5-serial-dev netcdf-bin libnetcdf-dev
Reading package lists...
Building dependency tree...
Reading state information...
Suggested packages:
  libhdf5-doc netcdf-doc
The following NEW packages will be installed:
  libhdf5-serial-dev libnetcdf-dev netcdf-bin
0 upgraded, 3 newly installed, 0 to remove and 238 not upgraded.
Need to get 3,107 kB of archives.
After this operation, 20.4 MB of additional disk space will be used.
Get:1 http://us.archive.ubuntu.com/ubuntu/ precise/universe libhdf5-serial-dev amd64 1.8.4-patch1-3ubuntu2 [2,278 kB]
Get:2 http://us.archive.ubuntu.com/ubuntu/ precise/universe libnetcdf-dev amd64 1:4.1.1-6 [644 kB]
Get:3 http://us.archive.ubuntu.com/ubuntu/ precise/universe netcdf-bin amd64 1:4.1.1-6 [185 kB]
Fetched 3,107 kB in 0s (3,938 kB/s)
Selecting previously unselected package libhdf5-serial-dev.
(Reading database ... 72431 files and directories currently installed.)
Unpacking libhdf5-serial-dev (from .../libhdf5-serial-dev_1.8.4-patch1-3ubuntu2_amd64.deb) ...
Selecting previously unselected package libnetcdf-dev.
Unpacking libnetcdf-dev (from .../libnetcdf-dev_1%3a4.1.1-6_amd64.deb) ...
Selecting previously unselected package netcdf-bin.
Unpacking netcdf-bin (from .../netcdf-bin_1%3a4.1.1-6_amd64.deb) ...
Processing triggers for man-db ...
Setting up libhdf5-serial-dev (1.8.4-patch1-3ubuntu2) ...
Setting up libnetcdf-dev (1:4.1.1-6) ...
Setting up netcdf-bin (1:4.1.1-6) ...

travis_time:end:02b740d8:start=1604245109065209048,finish=1604245117949759897,duration=8884550849[0Ktravis_fold:end:apt[0K
[33;1mSetting environment variables from .travis.yml[0m
$ export DEPENDS="numpy cython setuptools==18.0.1"
$ export NO_NET=1

travis_time:start:02541319[0K$ source ~/virtualenv/python3.6/bin/activate

travis_time:end:02541319:start=1604245118033778915,finish=1604245118043466678,duration=9687763[0K$ python --version
Python 3.6.7
$ pip --version
pip 18.1 from /home/travis/virtualenv/python3.6.7/lib/python3.6/site-packages/pip (python 3.6)
travis_fold:start:before_install[0Ktravis_time:start:045d643a[0K$ pip install $DEPENDS
Requirement already satisfied: numpy in /home/travis/virtualenv/python3.6.7/lib/python3.6/site-packages (1.15.2)
Collecting cython
  Downloading https://files.pythonhosted.org/packages/19/49/91ebe4a00bf894d08dd9680cd9dfb05936eb2848eebd9402b43885aa74cf/Cython-0.29.21-cp36-cp36m-manylinux1_x86_64.whl (2.0MB)
Collecting setuptools==18.0.1
  Downloading https://files.pythonhosted.org/packages/00/d5/1233f051f7ce669a2009301aa75f1efbd97ccde6b60236997fd9111d5297/setuptools-18.0.1-py2.py3-none-any.whl (461kB)
pipenv 2018.10.13 has requirement setuptools>=36.2.1, but you'll have setuptools 18.0.1 which is incompatible.
Installing collected packages: cython, setuptools
  Found existing installation: setuptools 40.4.3
    Uninstalling setuptools-40.4.3:
      Successfully uninstalled setuptools-40.4.3
Successfully installed cython-0.29.21 setuptools-18.0.1

travis_time:end:045d643a:start=1604245118566045389,finish=1604245122104879392,duration=3538834003[0Ktravis_fold:end:before_install[0Ktravis_fold:start:install.1[0Ktravis_time:start:0dbf74f0[0K$ python setup.py build
Package hdf5 was not found in the pkg-config search path.
Perhaps you should add the directory containing `hdf5.pc'
to the PKG_CONFIG_PATH environment variable
No package 'hdf5' found
reading from setup.cfg...
using nc-config ...

    HDF5_DIR environment variable not set, checking some standard locations ..
checking /home/travis ...
checking /usr/local ...
checking /sw ...
checking /opt ...
checking /opt/local ...
checking /usr ...
HDF5 library version: 1.8.4-patch1 found in /usr
using netcdf library version b'4.1.1'
using Cython to compile netCDF4.pyx...
netcdf lib does not have group rename capability
netcdf lib does not have nc_inq_path function
netcdf lib does not have nc_inq_format_extended function
netcdf lib does not have nc_open_mem function
netcdf lib does not have cdf-5 format capability
running build
running build_py
creating build
creating build/lib.linux-x86_64-3.6
creating build/lib.linux-x86_64-3.6/netcdftime
copying netcdftime/__init__.py -> build/lib.linux-x86_64-3.6/netcdftime
creating build/lib.linux-x86_64-3.6/netCDF4
copying netCDF4/__init__.py -> build/lib.linux-x86_64-3.6/netCDF4
copying netCDF4/utils.py -> build/lib.linux-x86_64-3.6/netCDF4
running build_ext
cythoning netCDF4/_netCDF4.pyx to netCDF4/_netCDF4.c
cythoning netcdftime/_netcdftime.pyx to netcdftime/_netcdftime.c
building 'netCDF4._netCDF4' extension
creating build/temp.linux-x86_64-3.6
creating build/temp.linux-x86_64-3.6/netCDF4
gcc -pthread -Wno-unused-result -Wsign-compare -DNDEBUG -g -fwrapv -O3 -Wall -g -fstack-protector --param=ssp-buffer-size=4 -Wformat -Werror=format-security -fPIC -I/usr/include -I/usr/include -I/home/travis/virtualenv/python3.6.7/lib/python3.6/site-packages/numpy/core/include -Iinclude -I/opt/python/3.6.7/include/python3.6m -c netCDF4/_netCDF4.c -o build/temp.linux-x86_64-3.6/netCDF4/_netCDF4.o
In file included from /home/travis/virtualenv/python3.6.7/lib/python3.6/site-packages/numpy/core/include/numpy/ndarraytypes.h:1821:0,
                 from /home/travis/virtualenv/python3.6.7/lib/python3.6/site-packages/numpy/core/include/numpy/ndarrayobject.h:18,
                 from /home/travis/virtualenv/python3.6.7/lib/python3.6/site-packages/numpy/core/include/numpy/arrayobject.h:4,
                 from netCDF4/_netCDF4.c:613:
/home/travis/virtualenv/python3.6.7/lib/python3.6/site-packages/numpy/core/include/numpy/npy_1_7_deprecated_api.h:15:2: warning: #warning "Using deprecated NumPy API, disable it by " "#defining NPY_NO_DEPRECATED_API NPY_1_7_API_VERSION" [-Wcpp]
netCDF4/_netCDF4.c: In function â€˜__pyx_f_7netCDF4_8_netCDF4__set_attâ€™:
netCDF4/_netCDF4.c:7206:9: warning: passing argument 5 of â€˜nc_put_att_stringâ€™ from incompatible pointer type [enabled by default]
/usr/include/netcdf.h:956:1: note: expected â€˜const char **â€™ but argument is of type â€˜char **â€™
netCDF4/_netCDF4.c:7595:13: warning: passing argument 5 of â€˜nc_put_att_stringâ€™ from incompatible pointer type [enabled by default]
/usr/include/netcdf.h:956:1: note: expected â€˜const char **â€™ but argument is of type â€˜char **â€™
netCDF4/_netCDF4.c: In function â€˜__pyx_f_7netCDF4_8_netCDF4__read_compoundâ€™:
netCDF4/_netCDF4.c:54278:35: warning: comparison between signed and unsigned integer expressions [-Wsign-compare]
netCDF4/_netCDF4.c: In function â€˜__pyx_f_7netCDF4_8_netCDF4__read_enumâ€™:
netCDF4/_netCDF4.c:58151:39: warning: comparison between signed and unsigned integer expressions [-Wsign-compare]
netCDF4/_netCDF4.c: In function â€˜__pyx_pymod_exec__netCDF4â€™:
netCDF4/_netCDF4.c:79449:3: warning: return makes integer from pointer without a cast [enabled by default]
netCDF4/_netCDF4.c: In function â€˜__pyx_f_7netCDF4_8_netCDF4__get_typesâ€™:
netCDF4/_netCDF4.c:8214:21: warning: â€˜__pyx_v_typeidsâ€™ may be used uninitialized in this function [-Wuninitialized]
netCDF4/_netCDF4.c: In function â€˜__pyx_pw_7netCDF4_8_netCDF4_8Variable_1__init__â€™:
netCDF4/_netCDF4.c:28524:20: warning: â€˜__pyx_v_dimidsâ€™ may be used uninitialized in this function [-Wuninitialized]
netCDF4/_netCDF4.c:27149:8: note: â€˜__pyx_v_dimidsâ€™ was declared here
gcc -pthread -shared -L/opt/python/3.6.7/lib -Wl,-rpath=/opt/python/3.6.7/lib -L/opt/python/3.6.7/lib -Wl,-rpath=/opt/python/3.6.7/lib build/temp.linux-x86_64-3.6/netCDF4/_netCDF4.o -L/usr/lib -L/usr/lib -L/opt/python/3.6.7/lib -Wl,--enable-new-dtags,-R/usr/lib -Wl,--enable-new-dtags,-R/usr/lib -lnetcdf -lhdf5_hl -lhdf5 -lpython3.6m -o build/lib.linux-x86_64-3.6/netCDF4/_netCDF4.cpython-36m-x86_64-linux-gnu.so
building 'netcdftime._netcdftime' extension
creating build/temp.linux-x86_64-3.6/netcdftime
gcc -pthread -Wno-unused-result -Wsign-compare -DNDEBUG -g -fwrapv -O3 -Wall -g -fstack-protector --param=ssp-buffer-size=4 -Wformat -Werror=format-security -fPIC -I/opt/python/3.6.7/include/python3.6m -c netcdftime/_netcdftime.c -o build/temp.linux-x86_64-3.6/netcdftime/_netcdftime.o
gcc -pthread -shared -L/opt/python/3.6.7/lib -Wl,-rpath=/opt/python/3.6.7/lib -L/opt/python/3.6.7/lib -Wl,-rpath=/opt/python/3.6.7/lib build/temp.linux-x86_64-3.6/netcdftime/_netcdftime.o -L/opt/python/3.6.7/lib -lpython3.6m -o build/lib.linux-x86_64-3.6/netcdftime/_netcdftime.cpython-36m-x86_64-linux-gnu.so
/home/travis/virtualenv/python3.6.7/lib/python3.6/site-packages/Cython/Compiler/Main.py:369: FutureWarning: Cython directive 'language_level' not set, using 2 for now (Py2). This will change in a later release! File: /home/travis/build/failed/Unidata/netcdf4-python/netCDF4/_netCDF4.pyx
  tree = Parsing.p_module(s, pxd, full_module_name)
/home/travis/virtualenv/python3.6.7/lib/python3.6/site-packages/Cython/Compiler/Main.py:369: FutureWarning: Cython directive 'language_level' not set, using 2 for now (Py2). This will change in a later release! File: /home/travis/build/failed/Unidata/netcdf4-python/netcdftime/_netcdftime.pyx
  tree = Parsing.p_module(s, pxd, full_module_name)

travis_time:end:0dbf74f0:start=1604245122115664596,finish=1604245181624893778,duration=59509229182[0Ktravis_fold:end:install.1[0Ktravis_fold:start:install.2[0Ktravis_time:start:0917ee18[0K$ python setup.py install
Package hdf5 was not found in the pkg-config search path.
Perhaps you should add the directory containing `hdf5.pc'
to the PKG_CONFIG_PATH environment variable
No package 'hdf5' found
reading from setup.cfg...
using nc-config ...

    HDF5_DIR environment variable not set, checking some standard locations ..
checking /home/travis ...
checking /usr/local ...
checking /sw ...
checking /opt ...
checking /opt/local ...
checking /usr ...
HDF5 library version: 1.8.4-patch1 found in /usr
using netcdf library version b'4.1.1'
using Cython to compile netCDF4.pyx...
netcdf lib does not have group rename capability
netcdf lib does not have nc_inq_path function
netcdf lib does not have nc_inq_format_extended function
netcdf lib does not have nc_open_mem function
netcdf lib does not have cdf-5 format capability
running install
running bdist_egg
running egg_info
creating netCDF4.egg-info
writing netCDF4.egg-info/PKG-INFO
writing dependency_links to netCDF4.egg-info/dependency_links.txt
writing entry points to netCDF4.egg-info/entry_points.txt
writing requirements to netCDF4.egg-info/requires.txt
writing top-level names to netCDF4.egg-info/top_level.txt
writing manifest file 'netCDF4.egg-info/SOURCES.txt'
reading manifest file 'netCDF4.egg-info/SOURCES.txt'
reading manifest template 'MANIFEST.in'
warning: no files found matching 'setup.cfg.template'
writing manifest file 'netCDF4.egg-info/SOURCES.txt'
installing library code to build/bdist.linux-x86_64/egg
running install_lib
running build_py
running build_ext
cythoning netCDF4/_netCDF4.pyx to netCDF4/_netCDF4.c
skipping 'netcdftime/_netcdftime.c' Cython extension (up-to-date)
building 'netCDF4._netCDF4' extension
gcc -pthread -Wno-unused-result -Wsign-compare -DNDEBUG -g -fwrapv -O3 -Wall -g -fstack-protector --param=ssp-buffer-size=4 -Wformat -Werror=format-security -fPIC -I/usr/include -I/usr/include -I/home/travis/virtualenv/python3.6.7/lib/python3.6/site-packages/numpy/core/include -Iinclude -I/opt/python/3.6.7/include/python3.6m -c netCDF4/_netCDF4.c -o build/temp.linux-x86_64-3.6/netCDF4/_netCDF4.o
In file included from /home/travis/virtualenv/python3.6.7/lib/python3.6/site-packages/numpy/core/include/numpy/ndarraytypes.h:1821:0,
                 from /home/travis/virtualenv/python3.6.7/lib/python3.6/site-packages/numpy/core/include/numpy/ndarrayobject.h:18,
                 from /home/travis/virtualenv/python3.6.7/lib/python3.6/site-packages/numpy/core/include/numpy/arrayobject.h:4,
                 from netCDF4/_netCDF4.c:613:
/home/travis/virtualenv/python3.6.7/lib/python3.6/site-packages/numpy/core/include/numpy/npy_1_7_deprecated_api.h:15:2: warning: #warning "Using deprecated NumPy API, disable it by " "#defining NPY_NO_DEPRECATED_API NPY_1_7_API_VERSION" [-Wcpp]
netCDF4/_netCDF4.c: In function â€˜__pyx_f_7netCDF4_8_netCDF4__set_attâ€™:
netCDF4/_netCDF4.c:7206:9: warning: passing argument 5 of â€˜nc_put_att_stringâ€™ from incompatible pointer type [enabled by default]
/usr/include/netcdf.h:956:1: note: expected â€˜const char **â€™ but argument is of type â€˜char **â€™
netCDF4/_netCDF4.c:7595:13: warning: passing argument 5 of â€˜nc_put_att_stringâ€™ from incompatible pointer type [enabled by default]
/usr/include/netcdf.h:956:1: note: expected â€˜const char **â€™ but argument is of type â€˜char **â€™
netCDF4/_netCDF4.c: In function â€˜__pyx_f_7netCDF4_8_netCDF4__read_compoundâ€™:
netCDF4/_netCDF4.c:54278:35: warning: comparison between signed and unsigned integer expressions [-Wsign-compare]
netCDF4/_netCDF4.c: In function â€˜__pyx_f_7netCDF4_8_netCDF4__read_enumâ€™:
netCDF4/_netCDF4.c:58151:39: warning: comparison between signed and unsigned integer expressions [-Wsign-compare]
netCDF4/_netCDF4.c: In function â€˜__pyx_pymod_exec__netCDF4â€™:
netCDF4/_netCDF4.c:79449:3: warning: return makes integer from pointer without a cast [enabled by default]
netCDF4/_netCDF4.c: In function â€˜__pyx_f_7netCDF4_8_netCDF4__get_typesâ€™:
netCDF4/_netCDF4.c:8214:21: warning: â€˜__pyx_v_typeidsâ€™ may be used uninitialized in this function [-Wuninitialized]
netCDF4/_netCDF4.c: In function â€˜__pyx_pw_7netCDF4_8_netCDF4_8Variable_1__init__â€™:
netCDF4/_netCDF4.c:28524:20: warning: â€˜__pyx_v_dimidsâ€™ may be used uninitialized in this function [-Wuninitialized]
netCDF4/_netCDF4.c:27149:8: note: â€˜__pyx_v_dimidsâ€™ was declared here
gcc -pthread -shared -L/opt/python/3.6.7/lib -Wl,-rpath=/opt/python/3.6.7/lib -L/opt/python/3.6.7/lib -Wl,-rpath=/opt/python/3.6.7/lib build/temp.linux-x86_64-3.6/netCDF4/_netCDF4.o -L/usr/lib -L/usr/lib -L/opt/python/3.6.7/lib -Wl,--enable-new-dtags,-R/usr/lib -Wl,--enable-new-dtags,-R/usr/lib -lnetcdf -lhdf5_hl -lhdf5 -lpython3.6m -o build/lib.linux-x86_64-3.6/netCDF4/_netCDF4.cpython-36m-x86_64-linux-gnu.so
creating build/bdist.linux-x86_64
creating build/bdist.linux-x86_64/egg
creating build/bdist.linux-x86_64/egg/netcdftime
copying build/lib.linux-x86_64-3.6/netcdftime/__init__.py -> build/bdist.linux-x86_64/egg/netcdftime
copying build/lib.linux-x86_64-3.6/netcdftime/_netcdftime.cpython-36m-x86_64-linux-gnu.so -> build/bdist.linux-x86_64/egg/netcdftime
creating build/bdist.linux-x86_64/egg/netCDF4
copying build/lib.linux-x86_64-3.6/netCDF4/__init__.py -> build/bdist.linux-x86_64/egg/netCDF4
copying build/lib.linux-x86_64-3.6/netCDF4/utils.py -> build/bdist.linux-x86_64/egg/netCDF4
copying build/lib.linux-x86_64-3.6/netCDF4/_netCDF4.cpython-36m-x86_64-linux-gnu.so -> build/bdist.linux-x86_64/egg/netCDF4
byte-compiling build/bdist.linux-x86_64/egg/netcdftime/__init__.py to __init__.cpython-36.pyc
byte-compiling build/bdist.linux-x86_64/egg/netCDF4/__init__.py to __init__.cpython-36.pyc
byte-compiling build/bdist.linux-x86_64/egg/netCDF4/utils.py to utils.cpython-36.pyc
creating stub loader for netCDF4/_netCDF4.cpython-36m-x86_64-linux-gnu.so
creating stub loader for netcdftime/_netcdftime.cpython-36m-x86_64-linux-gnu.so
byte-compiling build/bdist.linux-x86_64/egg/netCDF4/_netCDF4.py to _netCDF4.cpython-36.pyc
byte-compiling build/bdist.linux-x86_64/egg/netcdftime/_netcdftime.py to _netcdftime.cpython-36.pyc
creating build/bdist.linux-x86_64/egg/EGG-INFO
copying netCDF4.egg-info/PKG-INFO -> build/bdist.linux-x86_64/egg/EGG-INFO
copying netCDF4.egg-info/SOURCES.txt -> build/bdist.linux-x86_64/egg/EGG-INFO
copying netCDF4.egg-info/dependency_links.txt -> build/bdist.linux-x86_64/egg/EGG-INFO
copying netCDF4.egg-info/entry_points.txt -> build/bdist.linux-x86_64/egg/EGG-INFO
copying netCDF4.egg-info/requires.txt -> build/bdist.linux-x86_64/egg/EGG-INFO
copying netCDF4.egg-info/top_level.txt -> build/bdist.linux-x86_64/egg/EGG-INFO
writing build/bdist.linux-x86_64/egg/EGG-INFO/native_libs.txt
/home/travis/virtualenv/python3.6.7/lib/python3.6/site-packages/Cython/Compiler/Main.py:369: FutureWarning: Cython directive 'language_level' not set, using 2 for now (Py2). This will change in a later release! File: /home/travis/build/failed/Unidata/netcdf4-python/netCDF4/_netCDF4.pyx
  tree = Parsing.p_module(s, pxd, full_module_name)
zip_safe flag not set; analyzing archive contents...
netcdftime.__pycache__._netcdftime.cpython-36: module references __file__
netCDF4.__pycache__._netCDF4.cpython-36: module references __file__
creating dist
creating 'dist/netCDF4-1.3.0-py3.6-linux-x86_64.egg' and adding 'build/bdist.linux-x86_64/egg' to it
removing 'build/bdist.linux-x86_64/egg' (and everything under it)
Processing netCDF4-1.3.0-py3.6-linux-x86_64.egg
creating /home/travis/virtualenv/python3.6.7/lib/python3.6/site-packages/netCDF4-1.3.0-py3.6-linux-x86_64.egg
Extracting netCDF4-1.3.0-py3.6-linux-x86_64.egg to /home/travis/virtualenv/python3.6.7/lib/python3.6/site-packages
Adding netCDF4 1.3.0 to easy-install.pth file
Installing nc3tonc4 script to /home/travis/virtualenv/python3.6.7/bin
Installing nc4tonc3 script to /home/travis/virtualenv/python3.6.7/bin
Installing ncinfo script to /home/travis/virtualenv/python3.6.7/bin

Installed /home/travis/virtualenv/python3.6.7/lib/python3.6/site-packages/netCDF4-1.3.0-py3.6-linux-x86_64.egg
Processing dependencies for netCDF4==1.3.0
Searching for numpy==1.15.2
Best match: numpy 1.15.2
Adding numpy 1.15.2 to easy-install.pth file

Using /home/travis/virtualenv/python3.6.7/lib/python3.6/site-packages
Finished processing dependencies for netCDF4==1.3.0

travis_time:end:0917ee18:start=1604245181635931734,finish=1604245224182121795,duration=42546190061[0Ktravis_fold:end:install.2[0Ktravis_time:start:19b71854[0K$ cd test

travis_time:end:19b71854:start=1604245224191191760,finish=1604245224200033431,duration=8841671[0K
[32;1mThe command "cd test" exited with 0.[0m
travis_time:start:1c8371bc[0K$ python run_all.py
.E....................................................................EE.................s
======================================================================
ERROR: runTest (tst_atts.VariablesTestCase)
testing attributes
----------------------------------------------------------------------
Traceback (most recent call last):
  File "/home/travis/build/failed/Unidata/netcdf4-python/test/tst_atts.py", line 54, in setUp
    f.setncattr_string('stringseqatt_array',STRINGSEQATT) # array of NC_STRING
  File "netCDF4/_netCDF4.pyx", line 2365, in netCDF4._netCDF4.Dataset.setncattr_string
  File "netCDF4/_netCDF4.pyx", line 1265, in netCDF4._netCDF4._set_att
  File "netCDF4/_netCDF4.pyx", line 1225, in netCDF4._netCDF4.issue485_workaround
  File "netCDF4/_netCDF4.pyx", line 1554, in netCDF4._netCDF4._ensure_nc_success
RuntimeError: NetCDF: Attribute not found

======================================================================
ERROR: runTest (tst_unicode3.UnicodeTestCase)
testing unicode
----------------------------------------------------------------------
Traceback (most recent call last):
  File "netCDF4/_netCDF4.pyx", line 1285, in netCDF4._netCDF4._set_att
  File "netCDF4/_netCDF4.pyx", line 5218, in netCDF4._netCDF4._to_ascii
UnicodeDecodeError: 'ascii' codec can't decode byte 0xce in position 0: ordinal not in range(128)

During handling of the above exception, another exception occurred:

Traceback (most recent call last):
  File "/home/travis/build/failed/Unidata/netcdf4-python/test/tst_unicode3.py", line 17, in setUp
    f.attribute1 = ATT1
  File "netCDF4/_netCDF4.pyx", line 2420, in netCDF4._netCDF4.Dataset.__setattr__
  File "netCDF4/_netCDF4.pyx", line 2349, in netCDF4._netCDF4.Dataset.setncattr
  File "netCDF4/_netCDF4.pyx", line 1288, in netCDF4._netCDF4._set_att
  File "netCDF4/_netCDF4.pyx", line 1225, in netCDF4._netCDF4.issue485_workaround
  File "netCDF4/_netCDF4.pyx", line 1554, in netCDF4._netCDF4._ensure_nc_success
RuntimeError: NetCDF: Attribute not found

======================================================================
ERROR: runTest (tst_unicodeatt.UnicodeAttTestCase)
testing unicode attributes
----------------------------------------------------------------------
Traceback (most recent call last):
  File "netCDF4/_netCDF4.pyx", line 1285, in netCDF4._netCDF4._set_att
  File "netCDF4/_netCDF4.pyx", line 5218, in netCDF4._netCDF4._to_ascii
UnicodeDecodeError: 'ascii' codec can't decode byte 0xe6 in position 0: ordinal not in range(128)

During handling of the above exception, another exception occurred:

Traceback (most recent call last):
  File "/home/travis/build/failed/Unidata/netcdf4-python/test/tst_unicodeatt.py", line 12, in setUp
    nc.stratt = b'\xe6\xb7\xb1\xe5\x85\xa5 Python'.decode('utf-8')
  File "netCDF4/_netCDF4.pyx", line 2420, in netCDF4._netCDF4.Dataset.__setattr__
  File "netCDF4/_netCDF4.pyx", line 2349, in netCDF4._netCDF4.Dataset.setncattr
  File "netCDF4/_netCDF4.pyx", line 1288, in netCDF4._netCDF4._set_att
  File "netCDF4/_netCDF4.pyx", line 1225, in netCDF4._netCDF4.issue485_workaround
  File "netCDF4/_netCDF4.pyx", line 1554, in netCDF4._netCDF4._ensure_nc_success
RuntimeError: NetCDF: Attribute not found

----------------------------------------------------------------------
Ran 90 tests in 24.650s

FAILED (errors=3, skipped=1)
not running tst_unicode.py ...
not running tst_diskless.py ...
not running tst_filepath.py ...
not running tst_cdf5.py ...
not running tst_dap.py ...

netcdf4-python version: 1.3.0
HDF5 lib version:       1.8.4
netcdf lib version:     4.1.1
numpy version           1.15.2

travis_time:end:1c8371bc:start=1604245224210258134,finish=1604245249568965885,duration=25358707751[0K
[31;1mThe command "python run_all.py" exited with 1.[0m

Done. Your build exited with 1.
