travis_fold:start:system_info[0K[33;1mBuild system information[0m
Build language: python
Build group: stable
Build dist: precise
Build id: ''
Job id: ''
[34m[1mBuild image provisioning date and time[0m
Thu Feb  5 15:09:33 UTC 2015
[34m[1mOperating System Details[0m
Distributor ID:	Ubuntu
Description:	Ubuntu 12.04.5 LTS
Release:	12.04
Codename:	precise
[34m[1mLinux Version[0m
3.13.0-29-generic
[34m[1mCookbooks Version[0m
a68419e https://github.com/travis-ci/travis-cookbooks/tree/a68419e
[34m[1mGCC version[0m
gcc (Ubuntu/Linaro 4.6.3-1ubuntu5) 4.6.3
Copyright (C) 2011 Free Software Foundation, Inc.
This is free software; see the source for copying conditions.  There is NO
warranty; not even for MERCHANTABILITY or FITNESS FOR A PARTICULAR PURPOSE.

[34m[1mLLVM version[0m
clang version 3.4 (tags/RELEASE_34/final)
Target: x86_64-unknown-linux-gnu
Thread model: posix
[34m[1mPre-installed Ruby versions[0m
ruby-1.9.3-p551
[34m[1mPre-installed Node.js versions[0m
v0.10.36
[34m[1mPre-installed Go versions[0m
1.4.1
[34m[1mRedis version[0m
redis-server 2.8.19
[34m[1mriak version[0m
2.0.2
[34m[1mMongoDB version[0m
MongoDB 2.4.12
[34m[1mCouchDB version[0m
couchdb 1.6.1
[34m[1mNeo4j version[0m
1.9.4
[34m[1mRabbitMQ Version[0m
3.4.3
[34m[1mElasticSearch version[0m
1.4.0
[34m[1mInstalled Sphinx versions[0m
2.0.10
2.1.9
2.2.6
[34m[1mDefault Sphinx version[0m
2.2.6
[34m[1mInstalled Firefox version[0m
firefox 31.0esr
[34m[1mPhantomJS version[0m
1.9.8
[34m[1mant -version[0m
Apache Ant(TM) version 1.8.2 compiled on December 3 2011
[34m[1mmvn -version[0m
Apache Maven 3.2.5 (12a6b3acb947671f09b81f49094c53f426d8cea1; 2014-12-14T17:29:23+00:00)
Maven home: /usr/local/maven
Java version: 1.7.0_76, vendor: Oracle Corporation
Java home: /usr/lib/jvm/java-7-oracle/jre
Default locale: en_US, platform encoding: ANSI_X3.4-1968
OS name: "linux", version: "3.13.0-29-generic", arch: "amd64", family: "unix"
travis_fold:end:system_info[0K
W: GPG error: http://apt.postgresql.org precise-pgdg Release: The following signatures were invalid: KEYEXPIRED 1562078959
W: Failed to fetch http://ppa.launchpad.net/travis-ci/zero-mq/ubuntu/dists/precise/main/binary-amd64/Packages  403  Forbidden

W: Failed to fetch http://ppa.launchpad.net/travis-ci/zero-mq/ubuntu/dists/precise/main/binary-i386/Packages  403  Forbidden

W: Failed to fetch http://downloads-distro.mongodb.org/repo/debian-sysvinit/dists/dist/10gen/binary-amd64/Packages  Undetermined Error [IP: 54.175.147.155 80]

W: Failed to fetch http://downloads-distro.mongodb.org/repo/debian-sysvinit/dists/dist/10gen/binary-i386/Packages  Undetermined Error [IP: 54.175.147.155 80]

E: Some index files failed to download. They have been ignored, or old ones used instead.
sed: cannot rename /etc/hosts: Device or resource busy
sed: cannot rename /etc/hosts: Device or resource busy
$ cd passed/zopefoundation/ZODB
travis_time:start:01fb537c[0K$ source ~/virtualenv/pypy3/bin/activate

travis_time:end:01fb537c:start=1603997160875869659,finish=1603997160886630267,duration=10760608[0Ktravis_fold:start:cache.1[0KSetting up build cache
$ export CASHER_DIR=$HOME/.casher
travis_time:start:046cc122[0K$ Installing caching utilities

travis_time:end:046cc122:start=1603997161281811498,finish=1603997161342285251,duration=60473753[0Ktravis_time:start:0ec12040[0K
travis_time:end:0ec12040:start=1603997161356811164,finish=1603997161366884381,duration=10073217[0Ktravis_time:start:13e81a64[0K/home/travis/.casher/bin/casher:213:in `cache_archive_name': undefined method `[]' for nil:NilClass (NoMethodError)
	from /home/travis/.casher/bin/casher:65:in `block in fetch'
	from /home/travis/.casher/bin/casher:64:in `each'
	from /home/travis/.casher/bin/casher:64:in `fetch'
	from /home/travis/.casher/bin/casher:53:in `block in run'
	from /home/travis/.rvm/rubies/ruby-1.9.3-p551/lib/ruby/1.9.1/timeout.rb:69:in `timeout'
	from /home/travis/.casher/bin/casher:53:in `run'
	from /home/travis/.casher/bin/casher:263:in `<main>'
[32;1mattempting to download cache archive[0m

travis_time:end:13e81a64:start=1603997161378888990,finish=1603997162180791809,duration=801902819[0Ktravis_time:start:037f3d13[0K
travis_time:end:037f3d13:start=1603997162191478740,finish=1603997162200275083,duration=8796343[0Ktravis_time:start:14b17e28[0K[32;1madding /home/travis/build/passed/zopefoundation/ZODB/eggs to cache[0m
[32;1mcreating directory /home/travis/build/passed/zopefoundation/ZODB/eggs[0m

travis_time:end:14b17e28:start=1603997162210445150,finish=1603997162973887288,duration=763442138[0Ktravis_fold:end:cache.1[0K$ python --version
Python 3.2.5 (b2091e973da6, Oct 19 2014, 18:29:55)
[PyPy 2.4.0 with GCC 4.6.3]
$ pip --version
pip 6.0.7 from /home/travis/virtualenv/pypy3-2.4.0/site-packages (python 3.2)
travis_fold:start:install.1[0Ktravis_time:start:04b66040[0K$ pip install zc.buildout
Collecting zc.buildout
  Downloading https://files.pythonhosted.org/packages/23/63/feb8f7a73c8974f4764f5bb75a6c06079e962f107db3f7050586638cea80/zc.buildout-2.13.3-py2.py3-none-any.whl (153kB)
Requirement already satisfied (use --upgrade to upgrade): setuptools>=8.0 in /home/travis/virtualenv/pypy3-2.4.0/site-packages (from zc.buildout)
Installing collected packages: zc.buildout

Successfully installed zc.buildout-2.13.3

travis_time:end:04b66040:start=1603997163577566768,finish=1603997165567189148,duration=1989622380[0Ktravis_fold:end:install.1[0Ktravis_fold:start:install.2[0Ktravis_time:start:2c8a8866[0K$ buildout
Traceback (most recent call last):
  File "/home/travis/virtualenv/pypy3-2.4.0/site-packages/zc/buildout/buildout.py", line 26, in <module>
    from collections.abc import MutableMapping as DictMixin
ImportError: No module named collections.abc

During handling of the above exception, another exception occurred:

Traceback (most recent call last):
  File "/home/travis/virtualenv/pypy3-2.4.0/bin/buildout", line 7, in <module>
    from zc.buildout.buildout import main
  File "/home/travis/virtualenv/pypy3-2.4.0/site-packages/zc/buildout/buildout.py", line 28, in <module>
    from UserDict import DictMixin
ImportError: No module named UserDict

travis_time:end:2c8a8866:start=1603997165578560452,finish=1603997166070764040,duration=492203588[0K
[31;1mThe command "buildout" failed and exited with 1 during .[0m

Your build has been stopped.
