travis_fold:start:system_info[0K[33;1mBuild system information[0m
Build language: java
Build group: stable
Build dist: trusty
Build id: ''
Job id: ''
[34m[1mBuild image provisioning date and time[0m
Tue Dec  5 20:11:19 UTC 2017
[34m[1mOperating System Details[0m
Distributor ID:	Ubuntu
Description:	Ubuntu 14.04.5 LTS
Release:	14.04
Codename:	trusty
[34m[1mCookbooks Version[0m
7c2c6a6 https://github.com/travis-ci/travis-cookbooks/tree/7c2c6a6
[34m[1mgit version[0m
git version 2.15.1
[34m[1mbash version[0m
GNU bash, version 4.3.11(1)-release (x86_64-pc-linux-gnu)
[34m[1mgcc version[0m
gcc (Ubuntu 4.8.4-2ubuntu1~14.04.3) 4.8.4
Copyright (C) 2013 Free Software Foundation, Inc.
This is free software; see the source for copying conditions.  There is NO
warranty; not even for MERCHANTABILITY or FITNESS FOR A PARTICULAR PURPOSE.

[34m[1mdocker version[0m
Client:
 Version:      17.09.0-ce
 API version:  1.32
 Go version:   go1.8.3
 Git commit:   afdb6d4
 Built:        Tue Sep 26 22:39:28 2017
 OS/Arch:      linux/amd64
[34m[1mclang version[0m
clang version 5.0.0 (tags/RELEASE_500/final)
Target: x86_64-unknown-linux-gnu
Thread model: posix
InstalledDir: /usr/local/clang-5.0.0/bin
[34m[1mjq version[0m
jq-1.5
[34m[1mbats version[0m
Bats 0.4.0
[34m[1mshellcheck version[0m
0.4.6
[34m[1mshfmt version[0m
v2.0.0
[34m[1mccache version[0m
ccache version 3.1.9

Copyright (C) 2002-2007 Andrew Tridgell
Copyright (C) 2009-2011 Joel Rosdahl

This program is free software; you can redistribute it and/or modify it under
the terms of the GNU General Public License as published by the Free Software
Foundation; either version 3 of the License, or (at your option) any later
version.
[34m[1mcmake version[0m
cmake version 3.9.2

CMake suite maintained and supported by Kitware (kitware.com/cmake).
[34m[1mheroku version[0m
heroku-cli/6.14.39-addc925 (linux-x64) node-v9.2.0
[34m[1mimagemagick version[0m
Version: ImageMagick 6.7.7-10 2017-07-31 Q16 http://www.imagemagick.org
[34m[1mmd5deep version[0m
4.2
[34m[1mmercurial version[0m
Mercurial Distributed SCM (version 4.2.2)
(see https://mercurial-scm.org for more information)

Copyright (C) 2005-2017 Matt Mackall and others
This is free software; see the source for copying conditions. There is NO
warranty; not even for MERCHANTABILITY or FITNESS FOR A PARTICULAR PURPOSE.
[34m[1mmysql version[0m
mysql  Ver 14.14 Distrib 5.6.33, for debian-linux-gnu (x86_64) using  EditLine wrapper
[34m[1mopenssl version[0m
OpenSSL 1.0.1f 6 Jan 2014
[34m[1mpacker version[0m
Packer v1.0.2

Your version of Packer is out of date! The latest version
is 1.1.2. You can update by downloading from www.packer.io
[34m[1mpostgresql client version[0m
psql (PostgreSQL) 9.6.6
[34m[1mragel version[0m
Ragel State Machine Compiler version 6.8 Feb 2013
Copyright (c) 2001-2009 by Adrian Thurston
[34m[1msubversion version[0m
svn, version 1.8.8 (r1568071)
   compiled Aug 10 2017, 17:20:39 on x86_64-pc-linux-gnu

Copyright (C) 2013 The Apache Software Foundation.
This software consists of contributions made by many people;
see the NOTICE file for more information.
Subversion is open source software, see http://subversion.apache.org/

The following repository access (RA) modules are available:

* ra_svn : Module for accessing a repository using the svn network protocol.
  - with Cyrus SASL authentication
  - handles 'svn' scheme
* ra_local : Module for accessing a repository on local disk.
  - handles 'file' scheme
* ra_serf : Module for accessing a repository via WebDAV protocol using serf.
  - using serf 1.3.3
  - handles 'http' scheme
  - handles 'https' scheme

[34m[1msudo version[0m
Sudo version 1.8.9p5
Configure options: --prefix=/usr -v --with-all-insults --with-pam --with-fqdn --with-logging=syslog --with-logfac=authpriv --with-env-editor --with-editor=/usr/bin/editor --with-timeout=15 --with-password-timeout=0 --with-passprompt=[sudo] password for %p:  --without-lecture --with-tty-tickets --disable-root-mailer --enable-admin-flag --with-sendmail=/usr/sbin/sendmail --with-timedir=/var/lib/sudo --mandir=/usr/share/man --libexecdir=/usr/lib/sudo --with-sssd --with-sssd-lib=/usr/lib/x86_64-linux-gnu --with-selinux
Sudoers policy plugin version 1.8.9p5
Sudoers file grammar version 43

Sudoers path: /etc/sudoers
Authentication methods: 'pam'
Syslog facility if syslog is being used for logging: authpriv
Syslog priority to use when user authenticates successfully: notice
Syslog priority to use when user authenticates unsuccessfully: alert
Send mail if the user is not in sudoers
Use a separate timestamp for each user/tty combo
Lecture user the first time they run sudo
Root may run sudo
Allow some information gathering to give useful error messages
Require fully-qualified hostnames in the sudoers file
Visudo will honor the EDITOR environment variable
Set the LOGNAME and USER environment variables
Length at which to wrap log file lines (0 for no wrap): 80
Authentication timestamp timeout: 15.0 minutes
Password prompt timeout: 0.0 minutes
Number of tries to enter a password: 3
Umask to use or 0777 to use user's: 022
Path to mail program: /usr/sbin/sendmail
Flags for mail program: -t
Address to send mail to: root
Subject line for mail messages: *** SECURITY information for %h ***
Incorrect password message: Sorry, try again.
Path to authentication timestamp dir: /var/lib/sudo
Default password prompt: [sudo] password for %p: 
Default user to run commands as: root
Value to override user's $PATH with: /usr/local/sbin:/usr/local/bin:/usr/sbin:/usr/bin:/sbin:/bin:/snap/bin
Path to the editor for use by visudo: /usr/bin/editor
When to require a password for 'list' pseudocommand: any
When to require a password for 'verify' pseudocommand: all
File descriptors >= 3 will be closed before executing a command
Environment variables to check for sanity:
	TZ
	TERM
	LINGUAS
	LC_*
	LANGUAGE
	LANG
	COLORTERM
Environment variables to remove:
	RUBYOPT
	RUBYLIB
	PYTHONUSERBASE
	PYTHONINSPECT
	PYTHONPATH
	PYTHONHOME
	TMPPREFIX
	ZDOTDIR
	READNULLCMD
	NULLCMD
	FPATH
	PERL5DB
	PERL5OPT
	PERL5LIB
	PERLLIB
	PERLIO_DEBUG 
	JAVA_TOOL_OPTIONS
	SHELLOPTS
	GLOBIGNORE
	PS4
	BASH_ENV
	ENV
	TERMCAP
	TERMPATH
	TERMINFO_DIRS
	TERMINFO
	_RLD*
	LD_*
	PATH_LOCALE
	NLSPATH
	HOSTALIASES
	RES_OPTIONS
	LOCALDOMAIN
	CDPATH
	IFS
Environment variables to preserve:
	JAVA_HOME
	TRAVIS
	CI
	DEBIAN_FRONTEND
	XAUTHORIZATION
	XAUTHORITY
	PS2
	PS1
	PATH
	LS_COLORS
	KRB5CCNAME
	HOSTNAME
	HOME
	DISPLAY
	COLORS
Locale to use while parsing sudoers: C
Directory in which to store input/output logs: /var/log/sudo-io
File in which to store the input/output log: %{seq}
Add an entry to the utmp/utmpx file when allocating a pty
PAM service name to use
PAM service name to use for login shells
Create a new PAM session for the command to run in
Maximum I/O log sequence number: 0

Local IP address and netmask pairs:
	172.17.0.2/255.255.0.0

Sudoers I/O plugin version 1.8.9p5
[34m[1mgzip version[0m
gzip 1.6
Copyright (C) 2007, 2010, 2011 Free Software Foundation, Inc.
Copyright (C) 1993 Jean-loup Gailly.
This is free software.  You may redistribute copies of it under the terms of
the GNU General Public License <http://www.gnu.org/licenses/gpl.html>.
There is NO WARRANTY, to the extent permitted by law.

Written by Jean-loup Gailly.
[34m[1mzip version[0m
Copyright (c) 1990-2008 Info-ZIP - Type 'zip "-L"' for software license.
This is Zip 3.0 (July 5th 2008), by Info-ZIP.
Currently maintained by E. Gordon.  Please send bug reports to
the authors using the web page at www.info-zip.org; see README for details.

Latest sources and executables are at ftp://ftp.info-zip.org/pub/infozip,
as of above date; see http://www.info-zip.org/ for other sites.

Compiled with gcc 4.8.2 for Unix (Linux ELF) on Oct 21 2013.

Zip special compilation options:
	USE_EF_UT_TIME       (store Universal Time)
	BZIP2_SUPPORT        (bzip2 library version 1.0.6, 6-Sept-2010)
	    bzip2 code and library copyright (c) Julian R Seward
	    (See the bzip2 license for terms of use)
	SYMLINK_SUPPORT      (symbolic links supported)
	LARGE_FILE_SUPPORT   (can read and write large files on file system)
	ZIP64_SUPPORT        (use Zip64 to store large files in archives)
	UNICODE_SUPPORT      (store and read UTF-8 Unicode paths)
	STORE_UNIX_UIDs_GIDs (store UID/GID sizes/values using new extra field)
	UIDGID_NOT_16BIT     (old Unix 16-bit UID/GID extra field not used)
	[encryption, version 2.91 of 05 Jan 2007] (modified for Zip 3)

Encryption notice:
	The encryption code of this program is not copyrighted and is
	put in the public domain.  It was originally written in Europe
	and, to the best of our knowledge, can be freely distributed
	in both source and object forms from any country, including
	the USA under License Exception TSU of the U.S. Export
	Administration Regulations (section 740.13(e)) of 6 June 2002.

Zip environment options:
             ZIP:  [none]
          ZIPOPT:  [none]
[34m[1mvim version[0m
VIM - Vi IMproved 7.4 (2013 Aug 10, compiled Nov 24 2016 16:43:18)
Included patches: 1-52
Extra patches: 8.0.0056
Modified by pkg-vim-maintainers@lists.alioth.debian.org
Compiled by buildd@
Huge version without GUI.  Features included (+) or not (-):
+acl             +farsi           +mouse_netterm   +syntax
+arabic          +file_in_path    +mouse_sgr       +tag_binary
+autocmd         +find_in_path    -mouse_sysmouse  +tag_old_static
-balloon_eval    +float           +mouse_urxvt     -tag_any_white
-browse          +folding         +mouse_xterm     -tcl
++builtin_terms  -footer          +multi_byte      +terminfo
+byte_offset     +fork()          +multi_lang      +termresponse
+cindent         +gettext         -mzscheme        +textobjects
-clientserver    -hangul_input    +netbeans_intg   +title
-clipboard       +iconv           +path_extra      -toolbar
+cmdline_compl   +insert_expand   -perl            +user_commands
+cmdline_hist    +jumplist        +persistent_undo +vertsplit
+cmdline_info    +keymap          +postscript      +virtualedit
+comments        +langmap         +printer         +visual
+conceal         +libcall         +profile         +visualextra
+cryptv          +linebreak       +python          +viminfo
+cscope          +lispindent      -python3         +vreplace
+cursorbind      +listcmds        +quickfix        +wildignore
+cursorshape     +localmap        +reltime         +wildmenu
+dialog_con      -lua             +rightleft       +windows
+diff            +menu            -ruby            +writebackup
+digraphs        +mksession       +scrollbind      -X11
-dnd             +modify_fname    +signs           -xfontset
-ebcdic          +mouse           +smartindent     -xim
+emacs_tags      -mouseshape      -sniff           -xsmp
+eval            +mouse_dec       +startuptime     -xterm_clipboard
+ex_extra        +mouse_gpm       +statusline      -xterm_save
+extra_search    -mouse_jsbterm   -sun_workshop    -xpm
   system vimrc file: "$VIM/vimrc"
     user vimrc file: "$HOME/.vimrc"
 2nd user vimrc file: "~/.vim/vimrc"
      user exrc file: "$HOME/.exrc"
  fall-back for $VIM: "/usr/share/vim"
Compilation: gcc -c -I. -Iproto -DHAVE_CONFIG_H     -g -O2 -fstack-protector --param=ssp-buffer-size=4 -Wformat -Werror=format-security -U_FORTIFY_SOURCE -D_FORTIFY_SOURCE=1      
Linking: gcc   -Wl,-Bsymbolic-functions -Wl,-z,relro -Wl,--as-needed -o vim        -lm -ltinfo -lnsl  -lselinux  -lacl -lattr -lgpm -ldl    -L/usr/lib/python2.7/config-x86_64-linux-gnu -lpython2.7 -lpthread -ldl -lutil -lm -Xlinker -export-dynamic -Wl,-O1 -Wl,-Bsymbolic-functions      
[34m[1miptables version[0m
iptables v1.4.21
[34m[1mcurl version[0m
curl 7.35.0 (x86_64-pc-linux-gnu) libcurl/7.35.0 OpenSSL/1.0.1f zlib/1.2.8 libidn/1.28 librtmp/2.3
[34m[1mwget version[0m
GNU Wget 1.15 built on linux-gnu.
[34m[1mrsync version[0m
rsync  version 3.1.0  protocol version 31
[34m[1mgimme version[0m
v1.2.0
[34m[1mnvm version[0m
0.33.6
[34m[1mperlbrew version[0m
/home/travis/perl5/perlbrew/bin/perlbrew  - App::perlbrew/0.80
[34m[1mphpenv version[0m
rbenv 1.1.1-25-g6aa70b6
[34m[1mrvm version[0m
rvm 1.29.3 (latest) by Michal Papis, Piotr Kuczynski, Wayne E. Seguin [https://rvm.io]
[34m[1mdefault ruby version[0m
ruby 2.4.1p111 (2017-03-22 revision 58053) [x86_64-linux]
[34m[1mCouchDB version[0m
couchdb 1.6.1
[34m[1mElasticSearch version[0m
5.5.0
[34m[1mInstalled Firefox version[0m
firefox 56.0.2
[34m[1mMongoDB version[0m
MongoDB 3.4.10
[34m[1mPhantomJS version[0m
2.1.1
[34m[1mPre-installed PostgreSQL versions[0m
9.2.24
9.3.20
9.4.15
9.5.10
9.6.6
[34m[1mRabbitMQ Version[0m
3.6.14
[34m[1mRedis version[0m
redis-server 4.0.6
[34m[1mriak version[0m
2.2.3
[34m[1mPre-installed Go versions[0m
1.7.4
[34m[1mant version[0m
Apache Ant(TM) version 1.9.3 compiled on April 8 2014
[34m[1mmvn version[0m
Apache Maven 3.5.2 (138edd61fd100ec658bfa2d307c43b76940a5d7d; 2017-10-18T07:58:13Z)
Maven home: /usr/local/maven-3.5.2
Java version: 1.8.0_151, vendor: Oracle Corporation
Java home: /usr/lib/jvm/java-8-oracle/jre
Default locale: en_US, platform encoding: UTF-8
OS name: "linux", version: "4.4.0-101-generic", arch: "amd64", family: "unix"
[34m[1mgradle version[0m

------------------------------------------------------------
Gradle 4.0.1
------------------------------------------------------------

Build time:   2017-07-07 14:02:41 UTC
Revision:     38e5dc0f772daecca1d2681885d3d85414eb6826

Groovy:       2.4.11
Ant:          Apache Ant(TM) version 1.9.6 compiled on June 29 2015
JVM:          1.8.0_151 (Oracle Corporation 25.151-b12)
OS:           Linux 4.4.0-101-generic amd64

[34m[1mlein version[0m
Leiningen 2.8.1 on Java 1.8.0_151 Java HotSpot(TM) 64-Bit Server VM
[34m[1mPre-installed Node.js versions[0m
v4.8.6
v6.12.0
v6.12.1
v8.9
v8.9.1
[34m[1mphpenv versions[0m
  system
  5.6
* 5.6.32 (set by /home/travis/.phpenv/version)
  7.0
  7.0.25
  7.1
  7.1.11
  hhvm
  hhvm-stable
[34m[1mcomposer --version[0m
Composer version 1.5.2 2017-09-11 16:59:25
[34m[1mPre-installed Ruby versions[0m
ruby-2.2.7
ruby-2.3.4
ruby-2.4.1
travis_fold:end:system_info[0K
W: GPG error: http://dl.google.com/linux/chrome/deb stable InRelease: The following signatures couldn't be verified because the public key is not available: NO_PUBKEY 78BD65473CB3BD13
W: The repository 'http://dl.google.com/linux/chrome/deb stable InRelease' is not signed.
W: There is no public key available for the following key IDs:
78BD65473CB3BD13  
W: GPG error: http://repo.mongodb.org/apt/ubuntu trusty/mongodb-org/3.4 Release: The following signatures were invalid: KEYEXPIRED 1515625755
W: The repository 'http://repo.mongodb.org/apt/ubuntu trusty/mongodb-org/3.4 Release' is not signed.
W: GPG error: https://packagecloud.io/basho/riak/ubuntu trusty InRelease: The following signatures couldn't be verified because the public key is not available: NO_PUBKEY 960B2B2623A0BD5D
W: The repository 'https://packagecloud.io/basho/riak/ubuntu trusty InRelease' is not signed.
W: There is no public key available for the following key IDs:
960B2B2623A0BD5D  
W: GPG error: https://packagecloud.io/github/git-lfs/ubuntu trusty InRelease: The following signatures couldn't be verified because the public key is not available: NO_PUBKEY 6B05F25D762E3157
W: The repository 'https://packagecloud.io/github/git-lfs/ubuntu trusty InRelease' is not signed.
W: There is no public key available for the following key IDs:
6B05F25D762E3157  
W: GPG error: https://packagecloud.io/rabbitmq/rabbitmq-server/ubuntu trusty InRelease: The following signatures couldn't be verified because the public key is not available: NO_PUBKEY F6609E60DC62814E
W: The repository 'https://packagecloud.io/rabbitmq/rabbitmq-server/ubuntu trusty InRelease' is not signed.
W: There is no public key available for the following key IDs:
F6609E60DC62814E  
W: http://ppa.launchpad.net/couchdb/stable/ubuntu/dists/trusty/Release.gpg: Signature by key 15866BAFD9BCC4F3C1E0DFC7D69548E1C17EAB57 uses weak digest algorithm (SHA1)
$ jdk_switcher use oraclejdk8
Switching to Oracle JDK8 (java-8-oracle), JAVA_HOME will be set to /usr/lib/jvm/java-8-oracle
$ cd failed/crate/crate-jdbc
travis_fold:start:git.submodule[0Ktravis_time:start:05024460[0K$ git submodule update --init --recursive
Submodule path 'pg/upstream': checked out '1a64249d0e959b0a4083007ce36df1c3625be668'

travis_time:end:05024460:start=1591473641038703504,finish=1591473644849421886,duration=3810718382[0Ktravis_fold:end:git.submodule[0K
[33;1mSetting environment variables from .travis.yml[0m
$ export CRATE_VERSION=0.56.4

$ export TERM=dumb
travis_fold:start:cache.1[0KSetting up build cache
$ export CASHER_DIR=$HOME/.casher
travis_time:start:03801063[0K$ Installing caching utilities

travis_time:end:03801063:start=1591473646571624446,finish=1591473646800947327,duration=229322881[0Ktravis_time:start:0241bebb[0K
travis_time:end:0241bebb:start=1591473646814602965,finish=1591473646825072191,duration=10469226[0Ktravis_time:start:1c0735c7[0K[32;1mattempting to download cache archive[0m

travis_time:end:1c0735c7:start=1591473646837464364,finish=1591473647759934133,duration=922469769[0Ktravis_time:start:1fe02bee[0K
travis_time:end:1fe02bee:start=1591473647774896405,finish=1591473647788298793,duration=13402388[0Ktravis_time:start:00607179[0K[32;1madding /home/travis/.m2 to cache[0m

travis_time:end:00607179:start=1591473647803025480,finish=1591473648763512483,duration=960487003[0Ktravis_fold:end:cache.1[0K$ java -Xmx32m -version
$ javac -J-Xmx32m -version
travis_fold:start:install[0Ktravis_time:start:00c89b5f[0K$ JAVA_HOME=$(jdk_switcher home openjdk8) ./gradlew classes testClasses
Downloading https://services.gradle.org/distributions/gradle-4.0.2-bin.zip
................................................................
Unzipping /home/travis/.gradle/wrapper/dists/gradle-4.0.2-bin/be99721vbppnjuga6pbz1stgj/gradle-4.0.2-bin.zip to /home/travis/.gradle/wrapper/dists/gradle-4.0.2-bin/be99721vbppnjuga6pbz1stgj
Set executable permissions for: /home/travis/.gradle/wrapper/dists/gradle-4.0.2-bin/be99721vbppnjuga6pbz1stgj/gradle-4.0.2/bin/gradle
Starting a Gradle Daemon (subsequent builds will be faster)
Download https://jcenter.bintray.com/com/github/jengelman/gradle/plugins/shadow/1.2.3/shadow-1.2.3.pom
Download https://jcenter.bintray.com/org/jdom/jdom2/2.0.5/jdom2-2.0.5.pom
Download https://jcenter.bintray.com/org/codehaus/plexus/plexus-utils/2.0.6/plexus-utils-2.0.6.pom
Download https://jcenter.bintray.com/org/apache/ant/ant/1.9.4/ant-1.9.4.pom
Download https://jcenter.bintray.com/commons-io/commons-io/2.4/commons-io-2.4.pom
Download https://jcenter.bintray.com/org/ow2/asm/asm-commons/5.0.3/asm-commons-5.0.3.pom
Download https://jcenter.bintray.com/org/codehaus/groovy/groovy-backports-compat23/2.4.4/groovy-backports-compat23-2.4.4.pom
Download https://jcenter.bintray.com/org/ow2/asm/asm/5.0.3/asm-5.0.3.pom
Download https://jcenter.bintray.com/org/apache/commons/commons-parent/25/commons-parent-25.pom
Download https://jcenter.bintray.com/org/ow2/asm/asm-parent/5.0.3/asm-parent-5.0.3.pom
Download https://jcenter.bintray.com/org/apache/ant/ant-parent/1.9.4/ant-parent-1.9.4.pom
Download https://jcenter.bintray.com/org/codehaus/plexus/plexus/2.0.7/plexus-2.0.7.pom
Download https://jcenter.bintray.com/org/ow2/ow2/1.3/ow2-1.3.pom
Download https://jcenter.bintray.com/org/apache/apache/9/apache-9.pom
Download https://jcenter.bintray.com/org/ow2/asm/asm-tree/5.0.3/asm-tree-5.0.3.pom
Download https://jcenter.bintray.com/org/apache/ant/ant-launcher/1.9.4/ant-launcher-1.9.4.pom
Download https://jcenter.bintray.com/commons-io/commons-io/2.4/commons-io-2.4.jar
Download https://jcenter.bintray.com/org/ow2/asm/asm-commons/5.0.3/asm-commons-5.0.3.jar
Download https://jcenter.bintray.com/org/ow2/asm/asm/5.0.3/asm-5.0.3.jar
Download https://jcenter.bintray.com/org/ow2/asm/asm-tree/5.0.3/asm-tree-5.0.3.jar
Download https://jcenter.bintray.com/org/codehaus/groovy/groovy-backports-compat23/2.4.4/groovy-backports-compat23-2.4.4.jar
Download https://jcenter.bintray.com/org/apache/ant/ant-launcher/1.9.4/ant-launcher-1.9.4.jar
Download https://jcenter.bintray.com/org/jdom/jdom2/2.0.5/jdom2-2.0.5.jar
Download https://jcenter.bintray.com/org/codehaus/plexus/plexus-utils/2.0.6/plexus-utils-2.0.6.jar
Download https://jcenter.bintray.com/org/apache/ant/ant/1.9.4/ant-1.9.4.jar
Download https://jcenter.bintray.com/com/github/jengelman/gradle/plugins/shadow/1.2.3/shadow-1.2.3.jar
:pg:preprocessJava
Download https://repo1.maven.org/maven2/com/igormaznitsa/jcp/6.0.1/jcp-6.0.1.pom
Download https://repo1.maven.org/maven2/org/apache/maven/shared/file-management/1.2.1/file-management-1.2.1.pom
Download https://repo1.maven.org/maven2/org/apache/ant/ant/1.8.2/ant-1.8.2.pom
Download https://repo1.maven.org/maven2/org/apache/maven/maven-core/3.0.3/maven-core-3.0.3.pom
Download https://repo1.maven.org/maven2/org/apache/maven/maven-plugin-api/3.0.3/maven-plugin-api-3.0.3.pom
Download https://repo1.maven.org/maven2/org/apache/maven/maven/3.0.3/maven-3.0.3.pom
Download https://repo1.maven.org/maven2/org/apache/maven/shared/maven-shared-components/10/maven-shared-components-10.pom
Download https://repo1.maven.org/maven2/org/apache/ant/ant-parent/1.8.2/ant-parent-1.8.2.pom
Download https://repo1.maven.org/maven2/org/apache/maven/maven-parent/9/maven-parent-9.pom
Download https://repo1.maven.org/maven2/org/apache/maven/maven-parent/15/maven-parent-15.pom
Download https://repo1.maven.org/maven2/org/apache/apache/6/apache-6.pom
Download https://repo1.maven.org/maven2/org/apache/apache/4/apache-4.pom
Download https://repo1.maven.org/maven2/org/sonatype/sisu/sisu-inject-plexus/2.1.1/sisu-inject-plexus-2.1.1.pom
Download https://repo1.maven.org/maven2/org/apache/maven/maven-artifact/3.0.3/maven-artifact-3.0.3.pom
Download https://repo1.maven.org/maven2/org/apache/maven/maven-model/3.0.3/maven-model-3.0.3.pom
Download https://repo1.maven.org/maven2/org/sonatype/sisu/inject/guice-plexus/2.1.1/guice-plexus-2.1.1.pom
Download https://repo1.maven.org/maven2/org/sonatype/sisu/inject/guice-bean/2.1.1/guice-bean-2.1.1.pom
Download https://repo1.maven.org/maven2/org/sonatype/sisu/sisu-inject/2.1.1/sisu-inject-2.1.1.pom
Download https://repo1.maven.org/maven2/org/sonatype/sisu/sisu-parent/2.1.1/sisu-parent-2.1.1.pom
Download https://repo1.maven.org/maven2/org/sonatype/forge/forge-parent/7/forge-parent-7.pom
Download https://repo1.maven.org/maven2/org/apache/maven/maven-settings/3.0.3/maven-settings-3.0.3.pom
Download https://repo1.maven.org/maven2/org/apache/maven/maven-aether-provider/3.0.3/maven-aether-provider-3.0.3.pom
Download https://repo1.maven.org/maven2/org/apache/maven/maven-settings-builder/3.0.3/maven-settings-builder-3.0.3.pom
Download https://repo1.maven.org/maven2/org/codehaus/plexus/plexus-component-annotations/1.5.5/plexus-component-annotations-1.5.5.pom
Download https://repo1.maven.org/maven2/org/codehaus/plexus/plexus-containers/1.5.5/plexus-containers-1.5.5.pom
Download https://repo1.maven.org/maven2/org/sonatype/plexus/plexus-sec-dispatcher/1.3/plexus-sec-dispatcher-1.3.pom
Download https://repo1.maven.org/maven2/org/sonatype/aether/aether-util/1.11/aether-util-1.11.pom
Download https://repo1.maven.org/maven2/org/apache/maven/maven-repository-metadata/3.0.3/maven-repository-metadata-3.0.3.pom
Download https://repo1.maven.org/maven2/org/codehaus/plexus/plexus-classworlds/2.4/plexus-classworlds-2.4.pom
Download https://repo1.maven.org/maven2/org/sonatype/aether/aether-impl/1.11/aether-impl-1.11.pom
Download https://repo1.maven.org/maven2/org/sonatype/aether/aether-api/1.11/aether-api-1.11.pom
Download https://repo1.maven.org/maven2/org/apache/maven/maven-model-builder/3.0.3/maven-model-builder-3.0.3.pom
Download https://repo1.maven.org/maven2/org/codehaus/plexus/plexus-interpolation/1.14/plexus-interpolation-1.14.pom
Download https://repo1.maven.org/maven2/org/sonatype/spice/spice-parent/12/spice-parent-12.pom
Download https://repo1.maven.org/maven2/org/sonatype/aether/aether-parent/1.11/aether-parent-1.11.pom
Download https://repo1.maven.org/maven2/org/codehaus/plexus/plexus-components/1.1.18/plexus-components-1.1.18.pom
Download https://repo1.maven.org/maven2/org/sonatype/forge/forge-parent/6/forge-parent-6.pom
Download https://repo1.maven.org/maven2/org/sonatype/forge/forge-parent/4/forge-parent-4.pom
Download https://repo1.maven.org/maven2/org/apache/ant/ant-launcher/1.8.2/ant-launcher-1.8.2.pom
Download https://repo1.maven.org/maven2/org/apache/maven/shared/maven-shared-io/1.1/maven-shared-io-1.1.pom
Download https://repo1.maven.org/maven2/org/codehaus/plexus/plexus-container-default/1.0-alpha-9/plexus-container-default-1.0-alpha-9.pom
Download https://repo1.maven.org/maven2/org/codehaus/plexus/plexus-containers/1.0.3/plexus-containers-1.0.3.pom
Download https://repo1.maven.org/maven2/org/apache/maven/shared/maven-shared-components/8/maven-shared-components-8.pom
Download https://repo1.maven.org/maven2/org/codehaus/plexus/plexus/1.0.4/plexus-1.0.4.pom
Download https://repo1.maven.org/maven2/org/apache/maven/maven-parent/7/maven-parent-7.pom
Download https://repo1.maven.org/maven2/org/sonatype/sisu/sisu-inject-bean/2.1.1/sisu-inject-bean-2.1.1.pom
Download https://repo1.maven.org/maven2/org/sonatype/aether/aether-spi/1.11/aether-spi-1.11.pom
Download https://repo1.maven.org/maven2/org/sonatype/plexus/plexus-cipher/1.4/plexus-cipher-1.4.pom
Download https://repo1.maven.org/maven2/org/apache/maven/wagon/wagon-provider-api/1.0-alpha-6/wagon-provider-api-1.0-alpha-6.pom
Download https://repo1.maven.org/maven2/org/apache/maven/maven-artifact-manager/2.0.2/maven-artifact-manager-2.0.2.pom
Download https://repo1.maven.org/maven2/org/apache/maven/wagon/wagon/1.0-alpha-6/wagon-1.0-alpha-6.pom
Download https://repo1.maven.org/maven2/org/apache/maven/maven/2.0.2/maven-2.0.2.pom
Download https://repo1.maven.org/maven2/classworlds/classworlds/1.1-alpha-2/classworlds-1.1-alpha-2.pom
Download https://repo1.maven.org/maven2/junit/junit/3.8.1/junit-3.8.1.pom
Download https://repo1.maven.org/maven2/org/sonatype/sisu/sisu-guice/2.9.4/sisu-guice-2.9.4.pom
Download https://repo1.maven.org/maven2/org/sonatype/sisu/inject/guice-parent/2.9.4/guice-parent-2.9.4.pom
Download https://repo1.maven.org/maven2/org/apache/maven/shared/file-management/1.2.1/file-management-1.2.1.jar
Download https://repo1.maven.org/maven2/org/apache/maven/maven-plugin-api/3.0.3/maven-plugin-api-3.0.3.jar
Download https://repo1.maven.org/maven2/org/apache/maven/maven-model-builder/3.0.3/maven-model-builder-3.0.3.jar
Download https://repo1.maven.org/maven2/org/apache/maven/maven-aether-provider/3.0.3/maven-aether-provider-3.0.3.jar
Download https://repo1.maven.org/maven2/org/apache/maven/maven-model/3.0.3/maven-model-3.0.3.jar
Download https://repo1.maven.org/maven2/org/apache/maven/maven-core/3.0.3/maven-core-3.0.3.jar
Download https://repo1.maven.org/maven2/org/apache/maven/maven-artifact-manager/2.0.2/maven-artifact-manager-2.0.2.jar
Download https://repo1.maven.org/maven2/org/apache/maven/shared/maven-shared-io/1.1/maven-shared-io-1.1.jar
Download https://repo1.maven.org/maven2/org/apache/ant/ant-launcher/1.8.2/ant-launcher-1.8.2.jar
Download https://repo1.maven.org/maven2/org/apache/maven/maven-artifact/3.0.3/maven-artifact-3.0.3.jar
Download https://repo1.maven.org/maven2/com/igormaznitsa/jcp/6.0.1/jcp-6.0.1.jar
Download https://repo1.maven.org/maven2/org/apache/ant/ant/1.8.2/ant-1.8.2.jar
Download https://repo1.maven.org/maven2/org/sonatype/sisu/sisu-inject-plexus/2.1.1/sisu-inject-plexus-2.1.1.jar
Download https://repo1.maven.org/maven2/org/sonatype/aether/aether-util/1.11/aether-util-1.11.jar
Download https://repo1.maven.org/maven2/org/sonatype/plexus/plexus-cipher/1.4/plexus-cipher-1.4.jar
Download https://repo1.maven.org/maven2/org/codehaus/plexus/plexus-classworlds/2.4/plexus-classworlds-2.4.jar
Download https://repo1.maven.org/maven2/org/codehaus/plexus/plexus-component-annotations/1.5.5/plexus-component-annotations-1.5.5.jar
Download https://repo1.maven.org/maven2/org/sonatype/plexus/plexus-sec-dispatcher/1.3/plexus-sec-dispatcher-1.3.jar
Download https://repo1.maven.org/maven2/org/apache/maven/maven-settings/3.0.3/maven-settings-3.0.3.jar
Download https://repo1.maven.org/maven2/org/sonatype/sisu/sisu-inject-bean/2.1.1/sisu-inject-bean-2.1.1.jar
Download https://repo1.maven.org/maven2/org/sonatype/aether/aether-impl/1.11/aether-impl-1.11.jar
Download https://repo1.maven.org/maven2/org/codehaus/plexus/plexus-interpolation/1.14/plexus-interpolation-1.14.jar
Download https://repo1.maven.org/maven2/org/apache/maven/wagon/wagon-provider-api/1.0-alpha-6/wagon-provider-api-1.0-alpha-6.jar
Download https://repo1.maven.org/maven2/org/apache/maven/maven-repository-metadata/3.0.3/maven-repository-metadata-3.0.3.jar
Download https://repo1.maven.org/maven2/org/sonatype/aether/aether-api/1.11/aether-api-1.11.jar
Download https://repo1.maven.org/maven2/classworlds/classworlds/1.1-alpha-2/classworlds-1.1-alpha-2.jar
Download https://repo1.maven.org/maven2/org/sonatype/aether/aether-spi/1.11/aether-spi-1.11.jar
Download https://repo1.maven.org/maven2/junit/junit/3.8.1/junit-3.8.1.jar
Download https://repo1.maven.org/maven2/org/codehaus/plexus/plexus-container-default/1.0-alpha-9/plexus-container-default-1.0-alpha-9.jar
Download https://repo1.maven.org/maven2/org/sonatype/sisu/sisu-guice/2.9.4/sisu-guice-2.9.4-no_aop.jar
Download https://repo1.maven.org/maven2/org/apache/maven/maven-settings-builder/3.0.3/maven-settings-builder-3.0.3.jar
Preproces: upstream/pgjdbc/src/main/java -> /home/travis/build/failed/crate/crate-jdbc/pg/build/jcp/main/java
Preproces: upstream/pgjdbc/src/main/resources -> /home/travis/build/failed/crate/crate-jdbc/pg/build/jcp/main/resources
:pg:compileJava
Download https://repo1.maven.org/maven2/org/osgi/org.osgi.core/4.3.1/org.osgi.core-4.3.1.pom
Download https://repo1.maven.org/maven2/net/java/dev/jna/jna-platform/4.2.1/jna-platform-4.2.1.pom
Download https://repo1.maven.org/maven2/com/github/dblock/waffle/waffle-jna/1.7.5/waffle-jna-1.7.5.pom
Download https://repo1.maven.org/maven2/org/osgi/org.osgi.enterprise/4.2.0/org.osgi.enterprise-4.2.0.pom
Download https://repo1.maven.org/maven2/com/fasterxml/jackson/core/jackson-databind/2.5.3/jackson-databind-2.5.3.pom
Download https://repo1.maven.org/maven2/net/java/dev/jna/jna/4.2.1/jna-4.2.1.pom
Download https://repo1.maven.org/maven2/org/slf4j/jcl-over-slf4j/1.7.12/jcl-over-slf4j-1.7.12.pom
Download https://repo1.maven.org/maven2/org/slf4j/slf4j-parent/1.7.12/slf4j-parent-1.7.12.pom
Download https://repo1.maven.org/maven2/com/fasterxml/jackson/jackson-parent/2.5.1/jackson-parent-2.5.1.pom
Download https://repo1.maven.org/maven2/com/github/dblock/waffle/waffle-parent/1.7.5/waffle-parent-1.7.5.pom
Download https://repo1.maven.org/maven2/com/fasterxml/oss-parent/19/oss-parent-19.pom
Download https://repo1.maven.org/maven2/com/google/guava/guava/18.0/guava-18.0.pom
Download https://repo1.maven.org/maven2/org/slf4j/slf4j-api/1.7.12/slf4j-api-1.7.12.pom
Download https://repo1.maven.org/maven2/com/google/guava/guava-parent/18.0/guava-parent-18.0.pom
Download https://repo1.maven.org/maven2/org/sonatype/oss/oss-parent/7/oss-parent-7.pom
Download https://repo1.maven.org/maven2/com/fasterxml/jackson/core/jackson-annotations/2.5.0/jackson-annotations-2.5.0.pom
Download https://repo1.maven.org/maven2/com/fasterxml/jackson/core/jackson-core/2.5.3/jackson-core-2.5.3.pom
Download https://repo1.maven.org/maven2/com/fasterxml/jackson/jackson-parent/2.5/jackson-parent-2.5.pom
Download https://repo1.maven.org/maven2/com/fasterxml/oss-parent/18/oss-parent-18.pom
Download https://repo1.maven.org/maven2/com/github/dblock/waffle/waffle-jna/1.7.5/waffle-jna-1.7.5.jar
Download https://repo1.maven.org/maven2/org/slf4j/slf4j-api/1.7.12/slf4j-api-1.7.12.jar
Download https://repo1.maven.org/maven2/org/slf4j/jcl-over-slf4j/1.7.12/jcl-over-slf4j-1.7.12.jar
Download https://repo1.maven.org/maven2/org/osgi/org.osgi.core/4.3.1/org.osgi.core-4.3.1.jar
Download https://repo1.maven.org/maven2/net/java/dev/jna/jna/4.2.1/jna-4.2.1.jar
Download https://repo1.maven.org/maven2/net/java/dev/jna/jna-platform/4.2.1/jna-platform-4.2.1.jar
Download https://repo1.maven.org/maven2/com/fasterxml/jackson/core/jackson-databind/2.5.3/jackson-databind-2.5.3.jar
Download https://repo1.maven.org/maven2/com/fasterxml/jackson/core/jackson-annotations/2.5.0/jackson-annotations-2.5.0.jar
Download https://repo1.maven.org/maven2/org/osgi/org.osgi.enterprise/4.2.0/org.osgi.enterprise-4.2.0.jar
Download https://repo1.maven.org/maven2/com/fasterxml/jackson/core/jackson-core/2.5.3/jackson-core-2.5.3.jar
Download https://repo1.maven.org/maven2/com/google/guava/guava/18.0/guava-18.0.jar
:pg:processResources
:pg:classes
:pg:jar
:compileJava
:processResources
:classes
:compileTestJava
Download https://repo1.maven.org/maven2/org/mockito/mockito-core/2.2.3/mockito-core-2.2.3.pom
Download https://repo1.maven.org/maven2/junit/junit/4.12/junit-4.12.pom
Download https://repo1.maven.org/maven2/org/hamcrest/hamcrest-all/1.3/hamcrest-all-1.3.pom
Download https://repo1.maven.org/maven2/com/carrotsearch/randomizedtesting/randomizedtesting-runner/2.1.11/randomizedtesting-runner-2.1.11.pom
Download https://repo1.maven.org/maven2/org/hamcrest/hamcrest-parent/1.3/hamcrest-parent-1.3.pom
Download https://repo1.maven.org/maven2/com/carrotsearch/randomizedtesting/randomizedtesting-parent/2.1.11/randomizedtesting-parent-2.1.11.pom
Download https://repo1.maven.org/maven2/org/sonatype/oss/oss-parent/9/oss-parent-9.pom
Download https://jcenter.bintray.com/io/crate/crate-testing/0.6.1/crate-testing-0.6.1.pom
Download https://repo1.maven.org/maven2/org/apache/commons/commons-compress/1.2/commons-compress-1.2.pom
Download https://repo1.maven.org/maven2/com/google/code/gson/gson/1.7.2/gson-1.7.2.pom
Download https://repo1.maven.org/maven2/org/apache/commons/commons-parent/20/commons-parent-20.pom
Download https://repo1.maven.org/maven2/org/sonatype/oss/oss-parent/5/oss-parent-5.pom
Download https://repo1.maven.org/maven2/org/objenesis/objenesis/2.4/objenesis-2.4.pom
Download https://repo1.maven.org/maven2/net/bytebuddy/byte-buddy-agent/1.4.26/byte-buddy-agent-1.4.26.pom
Download https://repo1.maven.org/maven2/net/bytebuddy/byte-buddy/1.4.26/byte-buddy-1.4.26.pom
Download https://repo1.maven.org/maven2/net/bytebuddy/byte-buddy-parent/1.4.26/byte-buddy-parent-1.4.26.pom
Download https://repo1.maven.org/maven2/org/objenesis/objenesis-parent/2.4/objenesis-parent-2.4.pom
Download https://repo1.maven.org/maven2/org/hamcrest/hamcrest-core/1.3/hamcrest-core-1.3.pom
Download https://repo1.maven.org/maven2/junit/junit/4.12/junit-4.12.jar
Download https://repo1.maven.org/maven2/org/hamcrest/hamcrest-all/1.3/hamcrest-all-1.3.jar
Download https://repo1.maven.org/maven2/com/carrotsearch/randomizedtesting/randomizedtesting-runner/2.1.11/randomizedtesting-runner-2.1.11.jar
Download https://repo1.maven.org/maven2/org/mockito/mockito-core/2.2.3/mockito-core-2.2.3.jar
Download https://jcenter.bintray.com/io/crate/crate-testing/0.6.1/crate-testing-0.6.1.jar
Download https://repo1.maven.org/maven2/net/bytebuddy/byte-buddy/1.4.26/byte-buddy-1.4.26.jar
Download https://repo1.maven.org/maven2/org/hamcrest/hamcrest-core/1.3/hamcrest-core-1.3.jar
Download https://repo1.maven.org/maven2/net/bytebuddy/byte-buddy-agent/1.4.26/byte-buddy-agent-1.4.26.jar
Download https://repo1.maven.org/maven2/org/objenesis/objenesis/2.4/objenesis-2.4.jar
Download https://repo1.maven.org/maven2/org/apache/commons/commons-compress/1.2/commons-compress-1.2.jar
Download https://repo1.maven.org/maven2/com/google/code/gson/gson/1.7.2/gson-1.7.2.jar
:processTestResources NO-SOURCE
:testClasses
:pg:compileTestJava NO-SOURCE
:pg:processTestResources NO-SOURCE
:pg:testClasses UP-TO-DATE

BUILD SUCCESSFUL in 21s
7 actionable tasks: 7 executed

travis_time:end:00c89b5f:start=1591473649050153092,finish=1591473671359495926,duration=22309342834[0Ktravis_fold:end:install[0Ktravis_time:start:0890afaa[0K$ ./gradlew test -s
Starting a Gradle Daemon, 1 incompatible Daemon could not be reused, use --status for details
:pg:preprocessJava
Preproces: upstream/pgjdbc/src/main/java -> /home/travis/build/failed/crate/crate-jdbc/pg/build/jcp/main/java
Preproces: upstream/pgjdbc/src/main/resources -> /home/travis/build/failed/crate/crate-jdbc/pg/build/jcp/main/resources
:pg:compileJava UP-TO-DATE
:pg:processResources UP-TO-DATE
:pg:classes UP-TO-DATE
:pg:jar UP-TO-DATE
:compileJava UP-TO-DATE
:processResources UP-TO-DATE
:classes UP-TO-DATE
:compileTestJava UP-TO-DATE
:processTestResources NO-SOURCE
:testClasses UP-TO-DATE
:test

io.crate.client.jdbc.integrationtests.CrateJDBCByPassSpecSettingTest STANDARD_OUT
    Downloading Crate VERSION[0.56.4] to: /tmp/crate.testing/downloads/crate-0.56.4.tar.gz.part-68ffaf54-e7b3-48fb-8521-2f92cfdfca52
    Starting crate server process...
[2020-06-06 20:01:26,532][WARN ][bootstrap                ] unable to install syscall filter: seccomp unavailable: your kernel is buggy and you should upgrade
[2020-06-06 20:01:26,677][INFO ][node                     ] [Pointe de Bellevue] version[2.3.4], pid[2992], build[${build/NA]
[2020-06-06 20:01:26,677][INFO ][node                     ] [Pointe de Bellevue] initializing ...
[2020-06-06 20:01:26,949][INFO ][io.crate.plugin          ] [Pointe de Bellevue] plugins loaded: [crate-sigar] 
[2020-06-06 20:01:28,056][INFO ][plugins                  ] [Pointe de Bellevue] modules [], plugins [cloud-aws, blob, discovery-multicast, udc, crate-admin-ui, repository-hdfs, discovery-srv, admin-ui, crate, crate-core, crate-azure-discovery], sites [crate-admin-ui]
[2020-06-06 20:01:28,080][INFO ][env                      ] [Pointe de Bellevue] using [1] data paths, mounts [[/ (overlay)]], net usable_space [86.2tb], net total_space [90.9tb], spins? [possibly], types [overlay]
[2020-06-06 20:01:28,081][INFO ][env                      ] [Pointe de Bellevue] heap size [1.9gb], compressed ordinary object pointers [true]
[2020-06-06 20:01:28,081][WARN ][env                      ] [Pointe de Bellevue] max file descriptors [30000] for elasticsearch process likely too low, consider increasing to at least [65536]
[2020-06-06 20:01:28,330][INFO ][http                     ] [Pointe de Bellevue] Using [io.crate.http.netty.CrateNettyHttpServerTransport] as http transport, overridden by [crate]
[2020-06-06 20:01:28,343][INFO ][plugin.hadoop.hdfs       ] Loaded Hadoop [Unknown] libraries from file:/tmp/crate.testing/working/crate-0.56.4_68ffaf54-e7b3-48fb-8521-2f92cfdfca52/plugins/elasticsearch-repository-hdfs/
[2020-06-06 20:01:28,398][INFO ][io.crate.module          ] [Pointe de Bellevue] configuring crate. version: 0.56.4
[2020-06-06 20:01:28,558][INFO ][io.crate.module          ] [Pointe de Bellevue] configuring crate. version: 0.56.4
[2020-06-06 20:01:29,698][INFO ][io.crate.operation.reference.sys.cluster.ClusterSettingsExpression$ApplySettings] updating [psql.port] from [5432-5532] to [5456]
[2020-06-06 20:01:29,698][INFO ][io.crate.operation.reference.sys.cluster.ClusterSettingsExpression$ApplySettings] updating [psql.enabled] from [false] to [true]
[2020-06-06 20:01:30,945][INFO ][io.crate.rest            ] [Pointe de Bellevue] Elasticsearch HTTP REST API not enabled
[2020-06-06 20:01:30,989][INFO ][node                     ] [Pointe de Bellevue] initialized
[2020-06-06 20:01:30,990][INFO ][node                     ] [Pointe de Bellevue] starting ...
[2020-06-06 20:01:31,229][INFO ][io.crate.blob.BlobService] [Pointe de Bellevue] BlobService.doStart() io.crate.blob.BlobService@eebc0db
[2020-06-06 20:01:31,299][INFO ][http                     ] [Pointe de Bellevue] publish_address {127.0.0.1:4548}, bound_addresses {127.0.0.1:4548}
[2020-06-06 20:01:31,426][INFO ][transport                ] [Pointe de Bellevue] publish_address {127.0.0.1:4332}, bound_addresses {127.0.0.1:4332}
[2020-06-06 20:01:31,432][INFO ][discovery                ] [Pointe de Bellevue] TestingCluster/YBz3u_iJQ1ew9b61FT2rOQ
    Stopping crate server process...
[2020-06-06 20:01:32,034][INFO ][node                     ] [Pointe de Bellevue] stopping ...
[2020-06-06 20:01:32,085][INFO ][node                     ] [Pointe de Bellevue] stopped
[2020-06-06 20:01:32,085][INFO ][node                     ] [Pointe de Bellevue] closing ...
[2020-06-06 20:01:32,092][INFO ][node                     ] [Pointe de Bellevue] closed

io.crate.client.jdbc.integrationtests.CrateJDBCConnectionTest STANDARD_OUT
    No need to download crate. Already downloaded VERSION[0.56.4] to: /tmp/crate.testing/downloads/crate-0.56.4.tar.gz
    Starting crate server process...
[2020-06-06 20:01:33,331][WARN ][bootstrap                ] unable to install syscall filter: seccomp unavailable: your kernel is buggy and you should upgrade
[2020-06-06 20:01:33,472][INFO ][node                     ] [Punta Tempesta] version[2.3.4], pid[3350], build[${build/NA]
[2020-06-06 20:01:33,472][INFO ][node                     ] [Punta Tempesta] initializing ...
[2020-06-06 20:01:33,737][INFO ][io.crate.plugin          ] [Punta Tempesta] plugins loaded: [crate-sigar] 
[2020-06-06 20:01:34,769][INFO ][plugins                  ] [Punta Tempesta] modules [], plugins [cloud-aws, blob, discovery-multicast, udc, crate-admin-ui, repository-hdfs, discovery-srv, admin-ui, crate, crate-core, crate-azure-discovery], sites [crate-admin-ui]
[2020-06-06 20:01:34,789][INFO ][env                      ] [Punta Tempesta] using [1] data paths, mounts [[/ (overlay)]], net usable_space [86.2tb], net total_space [90.9tb], spins? [possibly], types [overlay]
[2020-06-06 20:01:34,789][INFO ][env                      ] [Punta Tempesta] heap size [1.9gb], compressed ordinary object pointers [true]
[2020-06-06 20:01:34,789][WARN ][env                      ] [Punta Tempesta] max file descriptors [30000] for elasticsearch process likely too low, consider increasing to at least [65536]
[2020-06-06 20:01:34,950][INFO ][http                     ] [Punta Tempesta] Using [io.crate.http.netty.CrateNettyHttpServerTransport] as http transport, overridden by [crate]
[2020-06-06 20:01:34,957][INFO ][plugin.hadoop.hdfs       ] Loaded Hadoop [Unknown] libraries from file:/tmp/crate.testing/working/crate-0.56.4_2d652118-3a3a-41dc-af24-64c9bbd17063/plugins/elasticsearch-repository-hdfs/
[2020-06-06 20:01:34,999][INFO ][io.crate.module          ] [Punta Tempesta] configuring crate. version: 0.56.4
[2020-06-06 20:01:35,145][INFO ][io.crate.module          ] [Punta Tempesta] configuring crate. version: 0.56.4
[2020-06-06 20:01:36,265][INFO ][io.crate.operation.reference.sys.cluster.ClusterSettingsExpression$ApplySettings] updating [psql.port] from [5432-5532] to [5531]
[2020-06-06 20:01:36,266][INFO ][io.crate.operation.reference.sys.cluster.ClusterSettingsExpression$ApplySettings] updating [psql.enabled] from [false] to [true]
[2020-06-06 20:01:37,487][INFO ][io.crate.rest            ] [Punta Tempesta] Elasticsearch HTTP REST API not enabled
[2020-06-06 20:01:37,559][INFO ][node                     ] [Punta Tempesta] initialized
[2020-06-06 20:01:37,559][INFO ][node                     ] [Punta Tempesta] starting ...
[2020-06-06 20:01:37,692][INFO ][io.crate.blob.BlobService] [Punta Tempesta] BlobService.doStart() io.crate.blob.BlobService@eebc0db
[2020-06-06 20:01:37,810][INFO ][http                     ] [Punta Tempesta] publish_address {127.0.0.1:4598}, bound_addresses {127.0.0.1:4598}
[2020-06-06 20:01:37,915][INFO ][transport                ] [Punta Tempesta] publish_address {127.0.0.1:4379}, bound_addresses {127.0.0.1:4379}
[2020-06-06 20:01:37,921][INFO ][discovery                ] [Punta Tempesta] TestingCluster/K2_OG5FYRrKS7ctrTG0yEQ
[2020-06-06 20:01:38,614][DEBUG][action.admin.indices.create] [Punta Tempesta] no known master node, scheduling a retry
[2020-06-06 20:01:40,959][INFO ][cluster.service          ] [Punta Tempesta] new_master {Punta Tempesta}{K2_OG5FYRrKS7ctrTG0yEQ}{127.0.0.1}{127.0.0.1:4379}{info.extended.type=sigar, http_address=127.0.0.1:4598}, reason: zen-disco-join(elected_as_master, [0] joins received)
[2020-06-06 20:01:40,964][INFO ][node                     ] [Punta Tempesta] started
[2020-06-06 20:01:41,022][INFO ][gateway                  ] [Punta Tempesta] recovered [0] indices into cluster_state
[2020-06-06 20:01:41,230][INFO ][cluster.metadata         ] [Punta Tempesta] [test] creating index, cause [api], templates [], shards [1]/[0], mappings [default]
[2020-06-06 20:01:41,483][INFO ][cluster.routing.allocation] [Punta Tempesta] Cluster health status changed from [RED] to [GREEN] (reason: [shards started [[test][0]] ...]).

io.crate.client.jdbc.integrationtests.CrateJDBCConnectionTest > testExecuteBatchPreparedStatementFailBulkTypes FAILED
    java.lang.AssertionError at CrateJDBCConnectionTest.java:284
[2020-06-06 20:01:42,063][DEBUG][action.bulk              ] create new coordinator for node K2_OG5FYRrKS7ctrTG0yEQ and shard [test][0]

io.crate.client.jdbc.integrationtests.CrateJDBCConnectionTest STANDARD_OUT
    Stopping crate server process...
[2020-06-06 20:01:42,657][INFO ][node                     ] [Punta Tempesta] stopping ...
[2020-06-06 20:01:42,754][INFO ][node                     ] [Punta Tempesta] stopped
[2020-06-06 20:01:42,754][INFO ][node                     ] [Punta Tempesta] closing ...
[2020-06-06 20:01:42,762][INFO ][node                     ] [Punta Tempesta] closed

io.crate.client.jdbc.integrationtests.CrateJDBCDriverTest STANDARD_OUT
    No need to download crate. Already downloaded VERSION[0.56.4] to: /tmp/crate.testing/downloads/crate-0.56.4.tar.gz
    Starting crate server process...
[2020-06-06 20:01:44,189][WARN ][bootstrap                ] unable to install syscall filter: seccomp unavailable: your kernel is buggy and you should upgrade
[2020-06-06 20:01:44,342][INFO ][node                     ] [St√ºbele] version[2.3.4], pid[3739], build[${build/NA]
[2020-06-06 20:01:44,342][INFO ][node                     ] [St√ºbele] initializing ...
[2020-06-06 20:01:44,625][INFO ][io.crate.plugin          ] [St√ºbele] plugins loaded: [crate-sigar] 
[2020-06-06 20:01:45,702][INFO ][plugins                  ] [St√ºbele] modules [], plugins [cloud-aws, blob, discovery-multicast, udc, crate-admin-ui, repository-hdfs, discovery-srv, admin-ui, crate, crate-core, crate-azure-discovery], sites [crate-admin-ui]
[2020-06-06 20:01:45,732][INFO ][env                      ] [St√ºbele] using [1] data paths, mounts [[/ (overlay)]], net usable_space [86.2tb], net total_space [90.9tb], spins? [possibly], types [overlay]
[2020-06-06 20:01:45,732][INFO ][env                      ] [St√ºbele] heap size [1.9gb], compressed ordinary object pointers [true]
[2020-06-06 20:01:45,732][WARN ][env                      ] [St√ºbele] max file descriptors [30000] for elasticsearch process likely too low, consider increasing to at least [65536]
[2020-06-06 20:01:45,972][INFO ][http                     ] [St√ºbele] Using [io.crate.http.netty.CrateNettyHttpServerTransport] as http transport, overridden by [crate]
[2020-06-06 20:01:45,989][INFO ][plugin.hadoop.hdfs       ] Loaded Hadoop [Unknown] libraries from file:/tmp/crate.testing/working/crate-0.56.4_8191b7d2-7961-4ead-b38b-11c7931ba6e9/plugins/elasticsearch-repository-hdfs/
[2020-06-06 20:01:46,057][INFO ][io.crate.module          ] [St√ºbele] configuring crate. version: 0.56.4
[2020-06-06 20:01:46,224][INFO ][io.crate.module          ] [St√ºbele] configuring crate. version: 0.56.4
[2020-06-06 20:01:47,455][INFO ][io.crate.operation.reference.sys.cluster.ClusterSettingsExpression$ApplySettings] updating [psql.port] from [5432-5532] to [5525]
[2020-06-06 20:01:47,455][INFO ][io.crate.operation.reference.sys.cluster.ClusterSettingsExpression$ApplySettings] updating [psql.enabled] from [false] to [true]
[2020-06-06 20:01:48,584][INFO ][io.crate.rest            ] [St√ºbele] Elasticsearch HTTP REST API not enabled
[2020-06-06 20:01:48,629][INFO ][node                     ] [St√ºbele] initialized
[2020-06-06 20:01:48,629][INFO ][node                     ] [St√ºbele] starting ...
[2020-06-06 20:01:48,814][INFO ][io.crate.blob.BlobService] [St√ºbele] BlobService.doStart() io.crate.blob.BlobService@eebc0db
[2020-06-06 20:01:48,865][INFO ][http                     ] [St√ºbele] publish_address {127.0.0.1:4595}, bound_addresses {127.0.0.1:4595}
[2020-06-06 20:01:48,941][INFO ][transport                ] [St√ºbele] publish_address {127.0.0.1:4245}, bound_addresses {127.0.0.1:4245}
[2020-06-06 20:01:48,950][INFO ][discovery                ] [St√ºbele] TestingCluster/nqauByUVTrmNbHLPzdVCAg
    Stopping crate server process...
[2020-06-06 20:01:49,438][INFO ][node                     ] [St√ºbele] stopping ...
[2020-06-06 20:01:49,497][INFO ][node                     ] [St√ºbele] stopped
[2020-06-06 20:01:49,497][INFO ][node                     ] [St√ºbele] closing ...
[2020-06-06 20:01:49,504][INFO ][node                     ] [St√ºbele] closed

io.crate.client.jdbc.integrationtests.CrateJDBCFetchSizeIntegrationTest STANDARD_OUT
    No need to download crate. Already downloaded VERSION[0.56.4] to: /tmp/crate.testing/downloads/crate-0.56.4.tar.gz
    Starting crate server process...
[2020-06-06 20:01:50,698][WARN ][bootstrap                ] unable to install syscall filter: seccomp unavailable: your kernel is buggy and you should upgrade
[2020-06-06 20:01:50,841][INFO ][node                     ] [Le Pouzenc] version[2.3.4], pid[4096], build[${build/NA]
[2020-06-06 20:01:50,841][INFO ][node                     ] [Le Pouzenc] initializing ...
[2020-06-06 20:01:51,069][INFO ][io.crate.plugin          ] [Le Pouzenc] plugins loaded: [crate-sigar] 
[2020-06-06 20:01:51,932][INFO ][plugins                  ] [Le Pouzenc] modules [], plugins [cloud-aws, blob, discovery-multicast, udc, crate-admin-ui, repository-hdfs, discovery-srv, admin-ui, crate, crate-core, crate-azure-discovery], sites [crate-admin-ui]
[2020-06-06 20:01:51,952][INFO ][env                      ] [Le Pouzenc] using [1] data paths, mounts [[/ (overlay)]], net usable_space [86.2tb], net total_space [90.9tb], spins? [possibly], types [overlay]
[2020-06-06 20:01:51,952][INFO ][env                      ] [Le Pouzenc] heap size [1.9gb], compressed ordinary object pointers [true]
[2020-06-06 20:01:51,952][WARN ][env                      ] [Le Pouzenc] max file descriptors [30000] for elasticsearch process likely too low, consider increasing to at least [65536]
[2020-06-06 20:01:52,157][INFO ][http                     ] [Le Pouzenc] Using [io.crate.http.netty.CrateNettyHttpServerTransport] as http transport, overridden by [crate]
[2020-06-06 20:01:52,167][INFO ][plugin.hadoop.hdfs       ] Loaded Hadoop [Unknown] libraries from file:/tmp/crate.testing/working/crate-0.56.4_09a74ca2-a666-48da-8312-cc6204a89864/plugins/elasticsearch-repository-hdfs/
[2020-06-06 20:01:52,221][INFO ][io.crate.module          ] [Le Pouzenc] configuring crate. version: 0.56.4
[2020-06-06 20:01:52,408][INFO ][io.crate.module          ] [Le Pouzenc] configuring crate. version: 0.56.4
[2020-06-06 20:01:53,518][INFO ][io.crate.operation.reference.sys.cluster.ClusterSettingsExpression$ApplySettings] updating [psql.port] from [5432-5532] to [5486]
[2020-06-06 20:01:53,518][INFO ][io.crate.operation.reference.sys.cluster.ClusterSettingsExpression$ApplySettings] updating [psql.enabled] from [false] to [true]
[2020-06-06 20:01:54,678][INFO ][io.crate.rest            ] [Le Pouzenc] Elasticsearch HTTP REST API not enabled
[2020-06-06 20:01:54,730][INFO ][node                     ] [Le Pouzenc] initialized
[2020-06-06 20:01:54,730][INFO ][node                     ] [Le Pouzenc] starting ...
[2020-06-06 20:01:54,882][INFO ][io.crate.blob.BlobService] [Le Pouzenc] BlobService.doStart() io.crate.blob.BlobService@eebc0db
[2020-06-06 20:01:55,010][INFO ][http                     ] [Le Pouzenc] publish_address {127.0.0.1:4505}, bound_addresses {127.0.0.1:4505}
[2020-06-06 20:01:55,092][INFO ][transport                ] [Le Pouzenc] publish_address {127.0.0.1:4345}, bound_addresses {127.0.0.1:4345}
[2020-06-06 20:01:55,097][INFO ][discovery                ] [Le Pouzenc] TestingCluster/5Tn6-A0iRnGFvzZmITw1_w
    Stopping crate server process...
[2020-06-06 20:01:55,994][INFO ][node                     ] [Le Pouzenc] stopping ...
[2020-06-06 20:01:56,673][WARN ][discovery.zen.ping.unicast] [Le Pouzenc] failed to send ping to [{#zen_unicast_1#}{127.0.0.1}{127.0.0.1:4345}]
SendRequestTransportException[[Le Pouzenc][127.0.0.1:4345][internal:discovery/zen/unicast]]; nested: TransportException[TransportService is closed stopped can't send request];
	at org.elasticsearch.transport.TransportService.sendRequest(TransportService.java:336)
	at org.elasticsearch.discovery.zen.ping.unicast.UnicastZenPing.sendPingRequestToNode(UnicastZenPing.java:440)
	at org.elasticsearch.discovery.zen.ping.unicast.UnicastZenPing.sendPings(UnicastZenPing.java:426)
	at org.elasticsearch.discovery.zen.ping.unicast.UnicastZenPing$2.doRun(UnicastZenPing.java:249)
	at org.elasticsearch.common.util.concurrent.AbstractRunnable.run(AbstractRunnable.java:37)
	at java.util.concurrent.ThreadPoolExecutor.runWorker(ThreadPoolExecutor.java:1149)
	at java.util.concurrent.ThreadPoolExecutor$Worker.run(ThreadPoolExecutor.java:624)
	at java.lang.Thread.run(Thread.java:748)
Caused by: TransportException[TransportService is closed stopped can't send request]
	at org.elasticsearch.transport.TransportService.sendRequest(TransportService.java:316)
	... 7 more
[2020-06-06 20:01:56,673][WARN ][discovery.zen.ping.unicast] [Le Pouzenc] failed to send ping to [{Le Pouzenc}{5Tn6-A0iRnGFvzZmITw1_w}{127.0.0.1}{127.0.0.1:4345}{info.extended.type=sigar, http_address=127.0.0.1:4505}]
SendRequestTransportException[[Le Pouzenc][127.0.0.1:4345][internal:discovery/zen/unicast]]; nested: TransportException[TransportService is closed stopped can't send request];
	at org.elasticsearch.transport.TransportService.sendRequest(TransportService.java:336)
	at org.elasticsearch.discovery.zen.ping.unicast.UnicastZenPing.sendPingRequestToNode(UnicastZenPing.java:440)
	at org.elasticsearch.discovery.zen.ping.unicast.UnicastZenPing.sendPings(UnicastZenPing.java:426)
	at org.elasticsearch.discovery.zen.ping.unicast.UnicastZenPing$2.doRun(UnicastZenPing.java:249)
	at org.elasticsearch.common.util.concurrent.AbstractRunnable.run(AbstractRunnable.java:37)
	at java.util.concurrent.ThreadPoolExecutor.runWorker(ThreadPoolExecutor.java:1149)
	at java.util.concurrent.ThreadPoolExecutor$Worker.run(ThreadPoolExecutor.java:624)
	at java.lang.Thread.run(Thread.java:748)
Caused by: TransportException[TransportService is closed stopped can't send request]
	at org.elasticsearch.transport.TransportService.sendRequest(TransportService.java:316)
	... 7 more
[2020-06-06 20:01:57,608][WARN ][netty.channel.DefaultChannelPipeline] An exception was thrown by an exception handler.
java.util.concurrent.RejectedExecutionException: Worker has already been shutdown
	at org.jboss.netty.channel.socket.nio.AbstractNioSelector.registerTask(AbstractNioSelector.java:120)
	at org.jboss.netty.channel.socket.nio.AbstractNioWorker.executeInIoThread(AbstractNioWorker.java:72)
	at org.jboss.netty.channel.socket.nio.NioWorker.executeInIoThread(NioWorker.java:36)
	at org.jboss.netty.channel.socket.nio.AbstractNioWorker.executeInIoThread(AbstractNioWorker.java:56)
	at org.jboss.netty.channel.socket.nio.NioWorker.executeInIoThread(NioWorker.java:36)
	at org.jboss.netty.channel.socket.nio.AbstractNioChannelSink.execute(AbstractNioChannelSink.java:34)
	at org.jboss.netty.channel.DefaultChannelPipeline.execute(DefaultChannelPipeline.java:636)
	at org.jboss.netty.channel.Channels.fireExceptionCaughtLater(Channels.java:496)
	at org.jboss.netty.channel.AbstractChannelSink.exceptionCaught(AbstractChannelSink.java:46)
	at org.jboss.netty.channel.DefaultChannelPipeline.notifyHandlerException(DefaultChannelPipeline.java:658)
	at org.jboss.netty.channel.DefaultChannelPipeline.sendDownstream(DefaultChannelPipeline.java:577)
	at org.jboss.netty.channel.Channels.write(Channels.java:704)
	at org.jboss.netty.channel.Channels.write(Channels.java:671)
	at org.jboss.netty.channel.AbstractChannel.write(AbstractChannel.java:348)
	at io.crate.protocols.postgres.Messages.sendErrorResponse(Messages.java:231)
	at io.crate.protocols.postgres.ResultSetReceiver.fail(ResultSetReceiver.java:79)
	at io.crate.protocols.postgres.SimplePortal$ResultReceiverRetryWrapper.fail(SimplePortal.java:273)
	at io.crate.action.sql.RowReceiverToResultReceiver.fail(RowReceiverToResultReceiver.java:67)
	at io.crate.executor.transport.executionphases.InterceptingRowReceiver$1.onFailure(InterceptingRowReceiver.java:133)
	at io.crate.executor.MultiActionListener.countdown(MultiActionListener.java:68)
	at io.crate.executor.MultiActionListener.onFailure(MultiActionListener.java:59)
	at io.crate.executor.transport.DefaultTransportResponseHandler.handleException(DefaultTransportResponseHandler.java:62)
	at org.elasticsearch.transport.TransportService$3.doRun(TransportService.java:349)
	at org.elasticsearch.common.util.concurrent.AbstractRunnable.run(AbstractRunnable.java:37)
	at java.util.concurrent.ThreadPoolExecutor.runWorker(ThreadPoolExecutor.java:1149)
	at java.util.concurrent.ThreadPoolExecutor$Worker.run(ThreadPoolExecutor.java:624)
	at java.lang.Thread.run(Thread.java:748)
[2020-06-06 20:01:57,608][INFO ][node                     ] [Le Pouzenc] stopped
[2020-06-06 20:01:57,610][WARN ][netty.channel.DefaultChannelPipeline] An exception was thrown by an exception handler.
java.util.concurrent.RejectedExecutionException: Worker has already been shutdown
	at org.jboss.netty.channel.socket.nio.AbstractNioSelector.registerTask(AbstractNioSelector.java:120)
	at org.jboss.netty.channel.socket.nio.AbstractNioWorker.executeInIoThread(AbstractNioWorker.java:72)
	at org.jboss.netty.channel.socket.nio.NioWorker.executeInIoThread(NioWorker.java:36)
	at org.jboss.netty.channel.socket.nio.AbstractNioWorker.executeInIoThread(AbstractNioWorker.java:56)
	at org.jboss.netty.channel.socket.nio.NioWorker.executeInIoThread(NioWorker.java:36)
	at org.jboss.netty.channel.socket.nio.AbstractNioChannelSink.execute(AbstractNioChannelSink.java:34)
	at org.jboss.netty.channel.DefaultChannelPipeline.execute(DefaultChannelPipeline.java:636)
	at org.jboss.netty.channel.Channels.fireExceptionCaughtLater(Channels.java:496)
	at org.jboss.netty.channel.AbstractChannelSink.exceptionCaught(AbstractChannelSink.java:46)
	at org.jboss.netty.channel.DefaultChannelPipeline.notifyHandlerException(DefaultChannelPipeline.java:658)
	at org.jboss.netty.channel.DefaultChannelPipeline.sendDownstream(DefaultChannelPipeline.java:577)
	at org.jboss.netty.channel.Channels.write(Channels.java:704)
	at org.jboss.netty.channel.Channels.write(Channels.java:671)
	at org.jboss.netty.channel.AbstractChannel.write(AbstractChannel.java:348)
	at io.crate.protocols.postgres.Messages.sendReadyForQuery(Messages.java:140)
	at io.crate.protocols.postgres.ConnectionContext$ReadyForQueryListener.onFailure(ConnectionContext.java:222)
	at io.crate.concurrent.CompletionMultiListener.onFailure(CompletionMultiListener.java:63)
	at io.crate.protocols.postgres.ResultSetReceiver.fail(ResultSetReceiver.java:80)
	at io.crate.protocols.postgres.SimplePortal$ResultReceiverRetryWrapper.fail(SimplePortal.java:273)
	at io.crate.action.sql.RowReceiverToResultReceiver.fail(RowReceiverToResultReceiver.java:67)
	at io.crate.executor.transport.executionphases.InterceptingRowReceiver$1.onFailure(InterceptingRowReceiver.java:133)
	at io.crate.executor.MultiActionListener.countdown(MultiActionListener.java:68)
	at io.crate.executor.MultiActionListener.onFailure(MultiActionListener.java:59)
	at io.crate.executor.transport.DefaultTransportResponseHandler.handleException(DefaultTransportResponseHandler.java:62)
	at org.elasticsearch.transport.TransportService$3.doRun(TransportService.java:349)
	at org.elasticsearch.common.util.concurrent.AbstractRunnable.run(AbstractRunnable.java:37)
	at java.util.concurrent.ThreadPoolExecutor.runWorker(ThreadPoolExecutor.java:1149)
	at java.util.concurrent.ThreadPoolExecutor$Worker.run(ThreadPoolExecutor.java:624)
	at java.lang.Thread.run(Thread.java:748)
[2020-06-06 20:01:57,610][INFO ][node                     ] [Le Pouzenc] closing ...
[2020-06-06 20:01:57,618][INFO ][node                     ] [Le Pouzenc] closed

io.crate.client.jdbc.integrationtests.CrateJDBCMetaDataIntegrationTest STANDARD_OUT
    No need to download crate. Already downloaded VERSION[0.56.4] to: /tmp/crate.testing/downloads/crate-0.56.4.tar.gz
    Starting crate server process...
[2020-06-06 20:01:58,675][WARN ][bootstrap                ] unable to install syscall filter: seccomp unavailable: your kernel is buggy and you should upgrade
[2020-06-06 20:01:58,808][INFO ][node                     ] [Zeiritzkampel] version[2.3.4], pid[4456], build[${build/NA]
[2020-06-06 20:01:58,808][INFO ][node                     ] [Zeiritzkampel] initializing ...
[2020-06-06 20:01:59,104][INFO ][io.crate.plugin          ] [Zeiritzkampel] plugins loaded: [crate-sigar] 
[2020-06-06 20:02:00,067][INFO ][plugins                  ] [Zeiritzkampel] modules [], plugins [cloud-aws, blob, discovery-multicast, udc, crate-admin-ui, repository-hdfs, discovery-srv, admin-ui, crate, crate-core, crate-azure-discovery], sites [crate-admin-ui]
[2020-06-06 20:02:00,088][INFO ][env                      ] [Zeiritzkampel] using [1] data paths, mounts [[/ (overlay)]], net usable_space [86.2tb], net total_space [90.9tb], spins? [possibly], types [overlay]
[2020-06-06 20:02:00,089][INFO ][env                      ] [Zeiritzkampel] heap size [1.9gb], compressed ordinary object pointers [true]
[2020-06-06 20:02:00,089][WARN ][env                      ] [Zeiritzkampel] max file descriptors [30000] for elasticsearch process likely too low, consider increasing to at least [65536]
[2020-06-06 20:02:00,327][INFO ][http                     ] [Zeiritzkampel] Using [io.crate.http.netty.CrateNettyHttpServerTransport] as http transport, overridden by [crate]
[2020-06-06 20:02:00,342][INFO ][plugin.hadoop.hdfs       ] Loaded Hadoop [Unknown] libraries from file:/tmp/crate.testing/working/crate-0.56.4_c9be066d-d281-4a26-b211-76de043aff26/plugins/elasticsearch-repository-hdfs/
[2020-06-06 20:02:00,404][INFO ][io.crate.module          ] [Zeiritzkampel] configuring crate. version: 0.56.4
[2020-06-06 20:02:00,571][INFO ][io.crate.module          ] [Zeiritzkampel] configuring crate. version: 0.56.4
[2020-06-06 20:02:01,720][INFO ][io.crate.operation.reference.sys.cluster.ClusterSettingsExpression$ApplySettings] updating [psql.port] from [5432-5532] to [5489]
[2020-06-06 20:02:01,720][INFO ][io.crate.operation.reference.sys.cluster.ClusterSettingsExpression$ApplySettings] updating [psql.enabled] from [false] to [true]
[2020-06-06 20:02:02,914][INFO ][io.crate.rest            ] [Zeiritzkampel] Elasticsearch HTTP REST API not enabled
[2020-06-06 20:02:02,965][INFO ][node                     ] [Zeiritzkampel] initialized
[2020-06-06 20:02:02,965][INFO ][node                     ] [Zeiritzkampel] starting ...
[2020-06-06 20:02:03,135][INFO ][io.crate.blob.BlobService] [Zeiritzkampel] BlobService.doStart() io.crate.blob.BlobService@eebc0db
[2020-06-06 20:02:03,269][INFO ][http                     ] [Zeiritzkampel] publish_address {127.0.0.1:4552}, bound_addresses {127.0.0.1:4552}
[2020-06-06 20:02:03,388][INFO ][transport                ] [Zeiritzkampel] publish_address {127.0.0.1:4296}, bound_addresses {127.0.0.1:4296}
[2020-06-06 20:02:03,398][INFO ][discovery                ] [Zeiritzkampel] TestingCluster/E7VjCWoEQLSQHHFnz9mRCQ
[2020-06-06 20:02:03,898][DEBUG][action.admin.indices.create] [Zeiritzkampel] no known master node, scheduling a retry
[2020-06-06 20:02:06,435][INFO ][cluster.service          ] [Zeiritzkampel] new_master {Zeiritzkampel}{E7VjCWoEQLSQHHFnz9mRCQ}{127.0.0.1}{127.0.0.1:4296}{info.extended.type=sigar, http_address=127.0.0.1:4552}, reason: zen-disco-join(elected_as_master, [0] joins received)
[2020-06-06 20:02:06,440][INFO ][node                     ] [Zeiritzkampel] started
[2020-06-06 20:02:06,489][INFO ][gateway                  ] [Zeiritzkampel] recovered [0] indices into cluster_state
[2020-06-06 20:02:06,668][INFO ][cluster.metadata         ] [Zeiritzkampel] [test.cluster] creating index, cause [api], templates [], shards [4]/[1], mappings [default]
[2020-06-06 20:02:07,020][INFO ][cluster.routing.allocation] [Zeiritzkampel] Cluster health status changed from [RED] to [YELLOW] (reason: [shards started [[test.cluster][2], [test.cluster][0], [test.cluster][3], [test.cluster][1]] ...]).
[2020-06-06 20:02:07,048][INFO ][cluster.metadata         ] [Zeiritzkampel] [names] creating index, cause [api], templates [], shards [4]/[1], mappings [default]
[2020-06-06 20:02:07,116][INFO ][cluster.routing.allocation] [Zeiritzkampel] Cluster health status changed from [RED] to [YELLOW] (reason: [shards started [[names][1], [names][0], [names][3], [names][2]] ...]).
[2020-06-06 20:02:07,141][INFO ][cluster.metadata         ] [Zeiritzkampel] [my_schema.names] creating index, cause [api], templates [], shards [4]/[1], mappings [default]
[2020-06-06 20:02:07,223][INFO ][cluster.routing.allocation] [Zeiritzkampel] Cluster health status changed from [RED] to [YELLOW] (reason: [shards started [[my_schema.names][0], [my_schema.names][0]] ...]).
[2020-06-06 20:02:07,448][INFO ][cluster.metadata         ] [Zeiritzkampel] [t_multi_pks] creating index, cause [api], templates [], shards [4]/[1], mappings [default]
[2020-06-06 20:02:07,518][INFO ][cluster.routing.allocation] [Zeiritzkampel] Cluster health status changed from [RED] to [YELLOW] (reason: [shards started [[t_multi_pks][0], [t_multi_pks][0]] ...]).
    Stopping crate server process...
[2020-06-06 20:02:07,746][INFO ][node                     ] [Zeiritzkampel] stopping ...
[2020-06-06 20:02:07,842][INFO ][node                     ] [Zeiritzkampel] stopped
[2020-06-06 20:02:07,842][INFO ][node                     ] [Zeiritzkampel] closing ...
[2020-06-06 20:02:07,851][INFO ][node                     ] [Zeiritzkampel] closed

io.crate.client.jdbc.integrationtests.CrateJDBCTypesTest STANDARD_OUT
    No need to download crate. Already downloaded VERSION[0.56.4] to: /tmp/crate.testing/downloads/crate-0.56.4.tar.gz
    Starting crate server process...
[2020-06-06 20:02:09,045][WARN ][bootstrap                ] unable to install syscall filter: seccomp unavailable: your kernel is buggy and you should upgrade
[2020-06-06 20:02:09,179][INFO ][node                     ] [Dent de Morcles] version[2.3.4], pid[4859], build[${build/NA]
[2020-06-06 20:02:09,179][INFO ][node                     ] [Dent de Morcles] initializing ...
[2020-06-06 20:02:09,425][INFO ][io.crate.plugin          ] [Dent de Morcles] plugins loaded: [crate-sigar] 
[2020-06-06 20:02:10,273][INFO ][plugins                  ] [Dent de Morcles] modules [], plugins [cloud-aws, blob, discovery-multicast, udc, crate-admin-ui, repository-hdfs, discovery-srv, admin-ui, crate, crate-core, crate-azure-discovery], sites [crate-admin-ui]
[2020-06-06 20:02:10,293][INFO ][env                      ] [Dent de Morcles] using [1] data paths, mounts [[/ (overlay)]], net usable_space [86.2tb], net total_space [90.9tb], spins? [possibly], types [overlay]
[2020-06-06 20:02:10,293][INFO ][env                      ] [Dent de Morcles] heap size [1.9gb], compressed ordinary object pointers [true]
[2020-06-06 20:02:10,293][WARN ][env                      ] [Dent de Morcles] max file descriptors [30000] for elasticsearch process likely too low, consider increasing to at least [65536]
[2020-06-06 20:02:10,474][INFO ][http                     ] [Dent de Morcles] Using [io.crate.http.netty.CrateNettyHttpServerTransport] as http transport, overridden by [crate]
[2020-06-06 20:02:10,484][INFO ][plugin.hadoop.hdfs       ] Loaded Hadoop [Unknown] libraries from file:/tmp/crate.testing/working/crate-0.56.4_2e68e99b-1e2e-45a4-88ba-ae918f6c3e1c/plugins/elasticsearch-repository-hdfs/
[2020-06-06 20:02:10,540][INFO ][io.crate.module          ] [Dent de Morcles] configuring crate. version: 0.56.4
[2020-06-06 20:02:10,746][INFO ][io.crate.module          ] [Dent de Morcles] configuring crate. version: 0.56.4
[2020-06-06 20:02:12,046][INFO ][io.crate.operation.reference.sys.cluster.ClusterSettingsExpression$ApplySettings] updating [psql.port] from [5432-5532] to [5457]
[2020-06-06 20:02:12,046][INFO ][io.crate.operation.reference.sys.cluster.ClusterSettingsExpression$ApplySettings] updating [psql.enabled] from [false] to [true]
[2020-06-06 20:02:13,299][INFO ][io.crate.rest            ] [Dent de Morcles] Elasticsearch HTTP REST API not enabled
[2020-06-06 20:02:13,358][INFO ][node                     ] [Dent de Morcles] initialized
[2020-06-06 20:02:13,358][INFO ][node                     ] [Dent de Morcles] starting ...
[2020-06-06 20:02:13,530][INFO ][io.crate.blob.BlobService] [Dent de Morcles] BlobService.doStart() io.crate.blob.BlobService@eebc0db
[2020-06-06 20:02:13,637][INFO ][http                     ] [Dent de Morcles] publish_address {127.0.0.1:4571}, bound_addresses {127.0.0.1:4571}
[2020-06-06 20:02:13,741][INFO ][transport                ] [Dent de Morcles] publish_address {127.0.0.1:4374}, bound_addresses {127.0.0.1:4374}
[2020-06-06 20:02:13,747][INFO ][discovery                ] [Dent de Morcles] TestingCluster/fvUH0CHrRCi_2lOYlGLXcA
[2020-06-06 20:02:14,296][DEBUG][action.admin.indices.create] [Dent de Morcles] no known master node, scheduling a retry
[2020-06-06 20:02:16,783][INFO ][cluster.service          ] [Dent de Morcles] new_master {Dent de Morcles}{fvUH0CHrRCi_2lOYlGLXcA}{127.0.0.1}{127.0.0.1:4374}{info.extended.type=sigar, http_address=127.0.0.1:4571}, reason: zen-disco-join(elected_as_master, [0] joins received)
[2020-06-06 20:02:16,789][INFO ][node                     ] [Dent de Morcles] started
[2020-06-06 20:02:16,830][INFO ][gateway                  ] [Dent de Morcles] recovered [0] indices into cluster_state
[2020-06-06 20:02:17,017][INFO ][cluster.metadata         ] [Dent de Morcles] [test] creating index, cause [api], templates [], shards [1]/[0], mappings [default]
[2020-06-06 20:02:17,257][INFO ][cluster.routing.allocation] [Dent de Morcles] Cluster health status changed from [RED] to [GREEN] (reason: [shards started [[test][0]] ...]).
[2020-06-06 20:02:17,790][INFO ][cluster.metadata         ] [Dent de Morcles] [arraytest] creating index, cause [api], templates [], shards [1]/[0], mappings [default]
[2020-06-06 20:02:17,837][INFO ][cluster.routing.allocation] [Dent de Morcles] Cluster health status changed from [RED] to [GREEN] (reason: [shards started [[arraytest][0]] ...]).
[2020-06-06 20:02:17,884][INFO ][cluster.metadata         ] [Dent de Morcles] [arraytest] update_mapping [default]
[2020-06-06 20:02:18,165][INFO ][cluster.metadata         ] [Dent de Morcles] [test_obj] creating index, cause [api], templates [], shards [4]/[1], mappings [default]
[2020-06-06 20:02:18,242][INFO ][cluster.routing.allocation] [Dent de Morcles] Cluster health status changed from [RED] to [YELLOW] (reason: [shards started [[test_obj][1], [test_obj][2], [test_obj][0], [test_obj][3]] ...]).
    Stopping crate server process...
[2020-06-06 20:02:18,535][INFO ][node                     ] [Dent de Morcles] stopping ...
[2020-06-06 20:02:18,661][INFO ][node                     ] [Dent de Morcles] stopped
[2020-06-06 20:02:18,661][INFO ][node                     ] [Dent de Morcles] closing ...
[2020-06-06 20:02:18,674][INFO ][node                     ] [Dent de Morcles] closed

io.crate.client.jdbc.integrationtests.CrateJDBCUnsupportedFeaturesTest STANDARD_OUT
    No need to download crate. Already downloaded VERSION[0.56.4] to: /tmp/crate.testing/downloads/crate-0.56.4.tar.gz
    Starting crate server process...
[2020-06-06 20:02:19,757][WARN ][bootstrap                ] unable to install syscall filter: seccomp unavailable: your kernel is buggy and you should upgrade
[2020-06-06 20:02:19,872][INFO ][node                     ] [Pic des Houerts] version[2.3.4], pid[5308], build[${build/NA]
[2020-06-06 20:02:19,872][INFO ][node                     ] [Pic des Houerts] initializing ...
[2020-06-06 20:02:20,103][INFO ][io.crate.plugin          ] [Pic des Houerts] plugins loaded: [crate-sigar] 
[2020-06-06 20:02:20,872][INFO ][plugins                  ] [Pic des Houerts] modules [], plugins [cloud-aws, blob, discovery-multicast, udc, crate-admin-ui, repository-hdfs, discovery-srv, admin-ui, crate, crate-core, crate-azure-discovery], sites [crate-admin-ui]
[2020-06-06 20:02:20,891][INFO ][env                      ] [Pic des Houerts] using [1] data paths, mounts [[/ (overlay)]], net usable_space [86.2tb], net total_space [90.9tb], spins? [possibly], types [overlay]
[2020-06-06 20:02:20,891][INFO ][env                      ] [Pic des Houerts] heap size [1.9gb], compressed ordinary object pointers [true]
[2020-06-06 20:02:20,891][WARN ][env                      ] [Pic des Houerts] max file descriptors [30000] for elasticsearch process likely too low, consider increasing to at least [65536]
[2020-06-06 20:02:21,083][INFO ][http                     ] [Pic des Houerts] Using [io.crate.http.netty.CrateNettyHttpServerTransport] as http transport, overridden by [crate]
[2020-06-06 20:02:21,092][INFO ][plugin.hadoop.hdfs       ] Loaded Hadoop [Unknown] libraries from file:/tmp/crate.testing/working/crate-0.56.4_ea49d493-3552-40a8-899c-923e444bfdac/plugins/elasticsearch-repository-hdfs/
[2020-06-06 20:02:21,145][INFO ][io.crate.module          ] [Pic des Houerts] configuring crate. version: 0.56.4
[2020-06-06 20:02:21,298][INFO ][io.crate.module          ] [Pic des Houerts] configuring crate. version: 0.56.4
[2020-06-06 20:02:22,339][INFO ][io.crate.operation.reference.sys.cluster.ClusterSettingsExpression$ApplySettings] updating [psql.port] from [5432-5532] to [5477]
[2020-06-06 20:02:22,339][INFO ][io.crate.operation.reference.sys.cluster.ClusterSettingsExpression$ApplySettings] updating [psql.enabled] from [false] to [true]
[2020-06-06 20:02:23,444][INFO ][io.crate.rest            ] [Pic des Houerts] Elasticsearch HTTP REST API not enabled
[2020-06-06 20:02:23,506][INFO ][node                     ] [Pic des Houerts] initialized
[2020-06-06 20:02:23,506][INFO ][node                     ] [Pic des Houerts] starting ...
[2020-06-06 20:02:23,676][INFO ][io.crate.blob.BlobService] [Pic des Houerts] BlobService.doStart() io.crate.blob.BlobService@eebc0db
[2020-06-06 20:02:23,888][INFO ][http                     ] [Pic des Houerts] publish_address {127.0.0.1:4573}, bound_addresses {127.0.0.1:4573}
[2020-06-06 20:02:24,048][INFO ][transport                ] [Pic des Houerts] publish_address {127.0.0.1:4267}, bound_addresses {127.0.0.1:4267}
[2020-06-06 20:02:24,053][INFO ][discovery                ] [Pic des Houerts] TestingCluster/Wdx0oYNbSpW2O4fOp2LDGA
    Stopping crate server process...
[2020-06-06 20:02:25,002][INFO ][node                     ] [Pic des Houerts] stopping ...
[2020-06-06 20:02:25,073][INFO ][node                     ] [Pic des Houerts] stopped
[2020-06-06 20:02:25,073][INFO ][node                     ] [Pic des Houerts] closing ...
[2020-06-06 20:02:25,079][INFO ][node                     ] [Pic des Houerts] closed
:test FAILED
8 actionable tasks: 2 executed, 6 up-to-date

travis_time:end:0890afaa:start=1591473671373612405,finish=1591473745745257650,duration=74371645245[0K
[31;1mThe command "./gradlew test -s" exited with 1.[0m
travis_fold:start:cache.2[0Kstore build cache
travis_time:start:2201a2a0[0K
travis_time:end:2201a2a0:start=1591473745758577384,finish=1591473745768662534,duration=10085150[0Ktravis_time:start:25e976dd[0K[32;1mchanges detected, packing new archive[0m

travis_time:end:25e976dd:start=1591473745779939559,finish=1591473747727905452,duration=1947965893[0Ktravis_fold:end:cache.2[0K
Done. Your build exited with 1.
