travis_fold:start:system_info[0K[33;1mBuild system information[0m
Build language: java
Build id: ''
Job id: ''
[34m[1mBuild image provisioning date and time[0m
Thu Feb  5 15:09:33 UTC 2015
[34m[1mOperating System Details[0m
Distributor ID:	Ubuntu
Description:	Ubuntu 12.04.5 LTS
Release:	12.04
Codename:	precise
[34m[1mLinux Version[0m
3.13.0-29-generic
[34m[1mCookbooks Version[0m
a68419e https://github.com/travis-ci/travis-cookbooks/tree/a68419e
[34m[1mGCC version[0m
gcc (Ubuntu/Linaro 4.6.3-1ubuntu5) 4.6.3
Copyright (C) 2011 Free Software Foundation, Inc.
This is free software; see the source for copying conditions.  There is NO
warranty; not even for MERCHANTABILITY or FITNESS FOR A PARTICULAR PURPOSE.

[34m[1mLLVM version[0m
clang version 3.4 (tags/RELEASE_34/final)
Target: x86_64-unknown-linux-gnu
Thread model: posix
[34m[1mPre-installed Ruby versions[0m
ruby-1.9.3-p551
[34m[1mPre-installed Node.js versions[0m
v0.10.36
[34m[1mPre-installed Go versions[0m
1.4.1
[34m[1mRedis version[0m
redis-server 2.8.19
[34m[1mriak version[0m
2.0.2
[34m[1mMongoDB version[0m
MongoDB 2.4.12
[34m[1mCouchDB version[0m
couchdb 1.6.1
[34m[1mNeo4j version[0m
1.9.4
[34m[1mRabbitMQ Version[0m
3.4.3
[34m[1mElasticSearch version[0m
1.4.0
[34m[1mInstalled Sphinx versions[0m
2.0.10
2.1.9
2.2.6
[34m[1mDefault Sphinx version[0m
2.2.6
[34m[1mInstalled Firefox version[0m
firefox 31.0esr
[34m[1mPhantomJS version[0m
1.9.8
[34m[1mant -version[0m
Apache Ant(TM) version 1.8.2 compiled on December 3 2011
[34m[1mmvn -version[0m
Apache Maven 3.2.5 (12a6b3acb947671f09b81f49094c53f426d8cea1; 2014-12-14T17:29:23+00:00)
Maven home: /usr/local/maven
Java version: 1.7.0_76, vendor: Oracle Corporation
Java home: /usr/lib/jvm/java-7-oracle/jre
Default locale: en_US, platform encoding: ANSI_X3.4-1968
OS name: "linux", version: "3.13.0-29-generic", arch: "amd64", family: "unix"
travis_fold:end:system_info[0K
W: GPG error: http://apt.postgresql.org precise-pgdg Release: The following signatures were invalid: KEYEXPIRED 1562078959
W: Failed to fetch http://ppa.launchpad.net/travis-ci/zero-mq/ubuntu/dists/precise/main/binary-amd64/Packages  403  Forbidden

W: Failed to fetch http://ppa.launchpad.net/travis-ci/zero-mq/ubuntu/dists/precise/main/binary-i386/Packages  403  Forbidden

W: Failed to fetch http://downloads-distro.mongodb.org/repo/debian-sysvinit/dists/dist/10gen/binary-amd64/Packages  Undetermined Error [IP: 52.206.222.245 80]

W: Failed to fetch http://downloads-distro.mongodb.org/repo/debian-sysvinit/dists/dist/10gen/binary-i386/Packages  Undetermined Error [IP: 52.206.222.245 80]

E: Some index files failed to download. They have been ignored, or old ones used instead.
$ jdk_switcher use oraclejdk8
Switching to Oracle JDK8 (java-8-oracle), JAVA_HOME will be set to /usr/lib/jvm/java-8-oracle
$ cd failed/crate/crate-jdbc

[33;1mSetting environment variables from .travis.yml[0m
$ export _JAVA_OPTIONS="-Xmx1g -XX:MaxPermSize=256m"

$ export TERM=dumb
travis_fold:start:cache.1[0KSetting up build cache
$ export CASHER_DIR=$HOME/.casher
travis_time:start:212db583[0K$ Installing caching utilities

travis_time:end:212db583:start=1591473713796208537,finish=1591473714308453210,duration=512244673[0Ktravis_time:start:215af94e[0K
travis_time:end:215af94e:start=1591473714323029792,finish=1591473714332967244,duration=9937452[0Ktravis_time:start:235c9a7c[0K[32;1mattempting to download cache archive[0m

travis_time:end:235c9a7c:start=1591473714344901450,finish=1591473715135810502,duration=790909052[0Ktravis_time:start:026f942c[0K
travis_time:end:026f942c:start=1591473715146229756,finish=1591473715153439064,duration=7209308[0Ktravis_time:start:2d8430f0[0K[32;1madding /home/travis/.m2 to cache[0m

travis_time:end:2d8430f0:start=1591473715163055067,finish=1591473715983454320,duration=820399253[0Ktravis_fold:end:cache.1[0K$ java -Xmx32m -version
$ javac -J-Xmx32m -version
travis_fold:start:install[0Ktravis_time:start:08c5c8ab[0K$ ./gradlew assemble
Downloading https://services.gradle.org/distributions/gradle-2.2.1-bin.zip
..................................................................................................................................................................................................................................................................................................................................................................................................................................................................................................................................................................................................................................................................................................................................................................................................................................................................................................................................................................................................................................................................................................................................................................................................................................................................................................................................................................................................................................................................................................................................................................................................................................................................................................................................................................................................................................................................................................................................................................................................................................................................................................................................................................
Unzipping /home/travis/.gradle/wrapper/dists/gradle-2.2.1-bin/3rn023ng4778ktj66tonmgpbv/gradle-2.2.1-bin.zip to /home/travis/.gradle/wrapper/dists/gradle-2.2.1-bin/3rn023ng4778ktj66tonmgpbv
Set executable permissions for: /home/travis/.gradle/wrapper/dists/gradle-2.2.1-bin/3rn023ng4778ktj66tonmgpbv/gradle-2.2.1/bin/gradle
Download https://jcenter.bintray.com/io/crate/crate-client/0.49.2/crate-client-0.49.2.pom
Download https://jcenter.bintray.com/io/crate/crate-client/0.49.2/crate-client-0.49.2.jar
:compileJava
:processResources UP-TO-DATE
:classes
:getVersion
gitTag: 2.4.0-2-g479af42
version: 1.6.0-479af42
:jar
:jarStandalone
:myJavadocs
2 warnings
:javadocJar
:javadocJarStandalone
:sourceJar
:sourceJarStandalone
:assemble

BUILD SUCCESSFUL

Total time: 40.421 secs

travis_time:end:08c5c8ab:start=1591473716282817879,finish=1591473757873661461,duration=41590843582[0Ktravis_fold:end:install[0Ktravis_time:start:01136d83[0K$ ./gradlew test -s
:compileJava UP-TO-DATE
:processResources UP-TO-DATE
:classes UP-TO-DATE
:downloadCrateRelease
:compileTestJava
Download https://repo1.maven.org/maven2/org/hamcrest/hamcrest-all/1.3/hamcrest-all-1.3.pom
Download https://repo1.maven.org/maven2/org/hamcrest/hamcrest-parent/1.3/hamcrest-parent-1.3.pom
Download https://repo1.maven.org/maven2/junit/junit/4.11/junit-4.11.pom
Download https://repo1.maven.org/maven2/com/carrotsearch/randomizedtesting/randomizedtesting-runner/2.1.11/randomizedtesting-runner-2.1.11.pom
Download https://repo1.maven.org/maven2/com/carrotsearch/randomizedtesting/randomizedtesting-parent/2.1.11/randomizedtesting-parent-2.1.11.pom
Download https://repo1.maven.org/maven2/org/sonatype/oss/oss-parent/9/oss-parent-9.pom
Download https://repo1.maven.org/maven2/org/mockito/mockito-core/1.10.8/mockito-core-1.10.8.pom
Download https://repo1.maven.org/maven2/org/hamcrest/hamcrest-core/1.3/hamcrest-core-1.3.pom
Download https://repo1.maven.org/maven2/org/objenesis/objenesis/2.1/objenesis-2.1.pom
Download https://repo1.maven.org/maven2/org/objenesis/objenesis-parent/2.1/objenesis-parent-2.1.pom
Download https://repo1.maven.org/maven2/org/hamcrest/hamcrest-all/1.3/hamcrest-all-1.3.jar
Download https://repo1.maven.org/maven2/junit/junit/4.11/junit-4.11.jar
Download https://repo1.maven.org/maven2/com/carrotsearch/randomizedtesting/randomizedtesting-runner/2.1.11/randomizedtesting-runner-2.1.11.jar
Download https://repo1.maven.org/maven2/org/mockito/mockito-core/1.10.8/mockito-core-1.10.8.jar
Download https://repo1.maven.org/maven2/org/hamcrest/hamcrest-core/1.3/hamcrest-core-1.3.jar
Download https://repo1.maven.org/maven2/org/objenesis/objenesis/2.1/objenesis-2.1.jar
:processTestResources UP-TO-DATE
:testClasses
:test

io.crate.client.jdbc.integrationtests.CrateDriverTest STANDARD_OUT
    Starting crate server process...

io.crate.client.jdbc.integrationtests.CrateDriverTest STANDARD_ERROR
    log4j:WARN No appenders could be found for logger (io.crate.shade.org.elasticsearch.common.compress.lzf).
    log4j:WARN Please initialize the log4j system properly.
    log4j:WARN See http://logging.apache.org/log4j/1.2/faq.html#noconfig for more info.

io.crate.client.jdbc.integrationtests.CrateDriverTest STANDARD_OUT
    Picked up _JAVA_OPTIONS: -Xmx1g -XX:MaxPermSize=256m
    Java HotSpot(TM) 64-Bit Server VM warning: ignoring option MaxPermSize=256m; support was removed in 8.0
    [2020-06-06 20:03:10,452][INFO ][node                     ] [Veritas] version[1.4.4], pid[1534], build[${build/NA]
    [2020-06-06 20:03:10,453][INFO ][node                     ] [Veritas] initializing ...
    [2020-06-06 20:03:10,553][INFO ][io.crate.plugin          ] [Veritas] plugins loaded: [] 
    [2020-06-06 20:03:10,555][INFO ][plugins                  ] [Veritas] loaded [crate-core], sites [crate-admin]
    [2020-06-06 20:03:10,582][INFO ][io.crate.plugin          ] [Veritas] plugins loaded: [] 
    [2020-06-06 20:03:10,843][INFO ][io.crate.module          ] [Veritas] configuring crate. version: 0.49.2
    [2020-06-06 20:03:13,497][INFO ][io.crate.rest            ] [Veritas] Elasticsearch HTTP REST API not enabled
    [2020-06-06 20:03:13,571][INFO ][node                     ] [Veritas] initialized
    [2020-06-06 20:03:13,572][INFO ][node                     ] [Veritas] starting ...
    [2020-06-06 20:03:13,573][INFO ][io.crate.blob.BlobService] [Veritas] BlobService.doStart() io.crate.blob.BlobService@74a820bf
    [2020-06-06 20:03:13,697][INFO ][http                     ] [Veritas] bound_address {inet[/127.0.0.1:42345]}, publish_address {inet[/127.0.0.1:42345]}
    [2020-06-06 20:03:13,820][INFO ][transport                ] [Veritas] bound_address {inet[/127.0.0.1:43645]}, publish_address {inet[/127.0.0.1:43645]}
    [2020-06-06 20:03:13,834][INFO ][discovery                ] [Veritas] driver/IGExhqV9RuGy2qoMJ3CvTw
    [2020-06-06 20:03:16,883][INFO ][cluster.service          ] [Veritas] new_master [Veritas][IGExhqV9RuGy2qoMJ3CvTw][9ac8f29583df][inet[/127.0.0.1:43645]]{http_address=http://127.0.0.1:42345}, reason: zen-disco-join (elected_as_master)
    [2020-06-06 20:03:16,898][INFO ][node                     ] [Veritas] started

io.crate.client.jdbc.integrationtests.CrateDriverTest > testDriverRegistration STANDARD_OUT
    [2020-06-06 20:03:16,954][INFO ][gateway                  ] [Veritas] recovered [0] indices into cluster_state

io.crate.client.jdbc.integrationtests.CrateDriverTest STANDARD_OUT
    Stopping crate server process...

io.crate.client.jdbc.integrationtests.CrateJDBCIntegrationTest STANDARD_OUT
    Starting crate server process...
    Picked up _JAVA_OPTIONS: -Xmx1g -XX:MaxPermSize=256m
    Java HotSpot(TM) 64-Bit Server VM warning: ignoring option MaxPermSize=256m; support was removed in 8.0
    [2020-06-06 20:03:17,951][INFO ][node                     ] [Masked Marvel] version[1.4.4], pid[2177], build[${build/NA]
    [2020-06-06 20:03:17,951][INFO ][node                     ] [Masked Marvel] initializing ...
    [2020-06-06 20:03:18,057][INFO ][io.crate.plugin          ] [Masked Marvel] plugins loaded: [] 
    [2020-06-06 20:03:18,059][INFO ][plugins                  ] [Masked Marvel] loaded [crate-core], sites [crate-admin]
    [2020-06-06 20:03:18,085][INFO ][io.crate.plugin          ] [Masked Marvel] plugins loaded: [] 
    [2020-06-06 20:03:18,370][INFO ][io.crate.module          ] [Masked Marvel] configuring crate. version: 0.49.2
    [2020-06-06 20:03:21,061][INFO ][io.crate.rest            ] [Masked Marvel] Elasticsearch HTTP REST API not enabled
    [2020-06-06 20:03:21,133][INFO ][node                     ] [Masked Marvel] initialized
    [2020-06-06 20:03:21,134][INFO ][node                     ] [Masked Marvel] starting ...
    [2020-06-06 20:03:21,135][INFO ][io.crate.blob.BlobService] [Masked Marvel] BlobService.doStart() io.crate.blob.BlobService@74a820bf
    [2020-06-06 20:03:21,215][INFO ][http                     ] [Masked Marvel] bound_address {inet[/127.0.0.1:37391]}, publish_address {inet[/127.0.0.1:37391]}
    [2020-06-06 20:03:21,285][INFO ][transport                ] [Masked Marvel] bound_address {inet[/127.0.0.1:40013]}, publish_address {inet[/127.0.0.1:40013]}
    [2020-06-06 20:03:21,298][INFO ][discovery                ] [Masked Marvel] jdbc/D9VCWDrWSPuLc-kw7I6m9g
    [2020-06-06 20:03:24,349][INFO ][cluster.service          ] [Masked Marvel] new_master [Masked Marvel][D9VCWDrWSPuLc-kw7I6m9g][9ac8f29583df][inet[/127.0.0.1:40013]]{http_address=http://127.0.0.1:37391}, reason: zen-disco-join (elected_as_master)
    [2020-06-06 20:03:24,364][INFO ][node                     ] [Masked Marvel] started

io.crate.client.jdbc.integrationtests.CrateJDBCIntegrationTest > testException STANDARD_OUT
    [2020-06-06 20:03:24,716][INFO ][gateway                  ] [Masked Marvel] recovered [0] indices into cluster_state
    [2020-06-06 20:03:25,087][INFO ][cluster.metadata         ] [Masked Marvel] [test] creating index, cause [api], shards [1]/[0], mappings [default]
    [2020-06-06 20:03:25,521][INFO ][cluster.metadata         ] [Masked Marvel] [test] update_mapping [default] (dynamic)
    [2020-06-06 20:03:25,693][INFO ][cluster.metadata         ] [Masked Marvel] [test] deleting index

io.crate.client.jdbc.integrationtests.CrateJDBCIntegrationTest > testGetSchemas STANDARD_OUT
    [2020-06-06 20:03:25,834][INFO ][cluster.metadata         ] [Masked Marvel] [test] creating index, cause [api], shards [1]/[0], mappings [default]
    [2020-06-06 20:03:25,994][INFO ][cluster.metadata         ] [Masked Marvel] [test] update_mapping [default] (dynamic)
    [2020-06-06 20:03:26,165][INFO ][cluster.metadata         ] [Masked Marvel] [test] deleting index

io.crate.client.jdbc.integrationtests.CrateJDBCIntegrationTest > testExecuteBatchPreparedStatementFailSyntax STANDARD_OUT
    [2020-06-06 20:03:26,223][INFO ][cluster.metadata         ] [Masked Marvel] [test] creating index, cause [api], shards [1]/[0], mappings [default]
    [2020-06-06 20:03:26,292][INFO ][cluster.metadata         ] [Masked Marvel] [test] update_mapping [default] (dynamic)

io.crate.client.jdbc.integrationtests.CrateJDBCIntegrationTest > testSelectWhenNothingMatches STANDARD_OUT
    [2020-06-06 20:03:26,422][INFO ][cluster.metadata         ] [Masked Marvel] [test] deleting index
    [2020-06-06 20:03:26,471][INFO ][cluster.metadata         ] [Masked Marvel] [test] creating index, cause [api], shards [1]/[0], mappings [default]
    [2020-06-06 20:03:26,506][INFO ][cluster.metadata         ] [Masked Marvel] [test] update_mapping [default] (dynamic)

io.crate.client.jdbc.integrationtests.CrateJDBCIntegrationTest > testExecuteUpdateWhenNothingMatches STANDARD_OUT
    [2020-06-06 20:03:26,713][INFO ][cluster.metadata         ] [Masked Marvel] [test] deleting index
    [2020-06-06 20:03:26,758][INFO ][cluster.metadata         ] [Masked Marvel] [test] creating index, cause [api], shards [1]/[0], mappings [default]
    [2020-06-06 20:03:26,790][INFO ][cluster.metadata         ] [Masked Marvel] [test] update_mapping [default] (dynamic)

io.crate.client.jdbc.integrationtests.CrateJDBCIntegrationTest > testConnectionWithCustomSchema STANDARD_OUT
    [2020-06-06 20:03:26,906][INFO ][cluster.metadata         ] [Masked Marvel] [test] deleting index
    [2020-06-06 20:03:26,959][INFO ][cluster.metadata         ] [Masked Marvel] [test] creating index, cause [api], shards [1]/[0], mappings [default]
    [2020-06-06 20:03:27,016][INFO ][cluster.metadata         ] [Masked Marvel] [test] update_mapping [default] (dynamic)
    [2020-06-06 20:03:27,111][INFO ][cluster.metadata         ] [Masked Marvel] [foo.t] creating index, cause [api], shards [5]/[0], mappings [default]
    [2020-06-06 20:03:27,308][INFO ][cluster.metadata         ] [Masked Marvel] [bar.t] creating index, cause [api], shards [5]/[0], mappings [default]
    [2020-06-06 20:03:27,493][INFO ][cluster.metadata         ] [Masked Marvel] [test] deleting index
    [2020-06-06 20:03:27,507][INFO ][cluster.metadata         ] [Masked Marvel] [foo.t] deleting index
    [2020-06-06 20:03:27,545][INFO ][cluster.metadata         ] [Masked Marvel] [bar.t] deleting index

io.crate.client.jdbc.integrationtests.CrateJDBCIntegrationTest > testExcludeNestedColumns STANDARD_OUT
    [2020-06-06 20:03:27,624][INFO ][cluster.metadata         ] [Masked Marvel] [test] creating index, cause [api], shards [1]/[0], mappings [default]
    [2020-06-06 20:03:27,659][INFO ][cluster.metadata         ] [Masked Marvel] [test] update_mapping [default] (dynamic)

io.crate.client.jdbc.integrationtests.CrateJDBCIntegrationTest > testExcludeNestedColumns FAILED
    java.lang.AssertionError at CrateJDBCIntegrationTest.java:224

io.crate.client.jdbc.integrationtests.CrateJDBCIntegrationTest > testExecuteBatchPreparedStatementFailOne STANDARD_OUT
    [2020-06-06 20:03:27,752][INFO ][cluster.metadata         ] [Masked Marvel] [test] deleting index
    [2020-06-06 20:03:27,804][INFO ][cluster.metadata         ] [Masked Marvel] [test] creating index, cause [api], shards [1]/[0], mappings [default]
    [2020-06-06 20:03:27,840][INFO ][cluster.metadata         ] [Masked Marvel] [test] update_mapping [default] (dynamic)

io.crate.client.jdbc.integrationtests.CrateJDBCIntegrationTest > testExecuteBatchStatement STANDARD_OUT
    [2020-06-06 20:03:27,963][INFO ][cluster.metadata         ] [Masked Marvel] [test] deleting index
    [2020-06-06 20:03:28,003][INFO ][cluster.metadata         ] [Masked Marvel] [test] creating index, cause [api], shards [1]/[0], mappings [default]
    [2020-06-06 20:03:28,034][INFO ][cluster.metadata         ] [Masked Marvel] [test] update_mapping [default] (dynamic)

io.crate.client.jdbc.integrationtests.CrateJDBCIntegrationTest > testTypesResponseNoResult STANDARD_OUT
    [2020-06-06 20:03:28,148][INFO ][cluster.metadata         ] [Masked Marvel] [test] deleting index
    [2020-06-06 20:03:28,192][INFO ][cluster.metadata         ] [Masked Marvel] [test] creating index, cause [api], shards [1]/[0], mappings [default]
    [2020-06-06 20:03:28,229][INFO ][cluster.metadata         ] [Masked Marvel] [test] update_mapping [default] (dynamic)

io.crate.client.jdbc.integrationtests.CrateJDBCIntegrationTest > testSelectUsingPreparedStatement STANDARD_OUT
    [2020-06-06 20:03:28,305][INFO ][cluster.metadata         ] [Masked Marvel] [test] deleting index
    [2020-06-06 20:03:28,348][INFO ][cluster.metadata         ] [Masked Marvel] [test] creating index, cause [api], shards [1]/[0], mappings [default]
    [2020-06-06 20:03:28,388][INFO ][cluster.metadata         ] [Masked Marvel] [test] update_mapping [default] (dynamic)
    [2020-06-06 20:03:28,484][INFO ][cluster.metadata         ] [Masked Marvel] [test] deleting index

io.crate.client.jdbc.integrationtests.CrateJDBCIntegrationTest > testSelectAllTypes STANDARD_OUT
    [2020-06-06 20:03:28,537][INFO ][cluster.metadata         ] [Masked Marvel] [test] creating index, cause [api], shards [1]/[0], mappings [default]
    [2020-06-06 20:03:28,593][INFO ][cluster.metadata         ] [Masked Marvel] [test] update_mapping [default] (dynamic)

io.crate.client.jdbc.integrationtests.CrateJDBCIntegrationTest > testExecuteBatchPreparedStatement STANDARD_OUT
    [2020-06-06 20:03:28,721][INFO ][cluster.metadata         ] [Masked Marvel] [test] deleting index
    [2020-06-06 20:03:28,777][INFO ][cluster.metadata         ] [Masked Marvel] [test] creating index, cause [api], shards [1]/[0], mappings [default]
    [2020-06-06 20:03:28,817][INFO ][cluster.metadata         ] [Masked Marvel] [test] update_mapping [default] (dynamic)

io.crate.client.jdbc.integrationtests.CrateJDBCIntegrationTest > testExecuteBatchPreparedStatementFailBulkTypes STANDARD_OUT
    [2020-06-06 20:03:28,932][INFO ][cluster.metadata         ] [Masked Marvel] [test] deleting index
    [2020-06-06 20:03:28,976][INFO ][cluster.metadata         ] [Masked Marvel] [test] creating index, cause [api], shards [1]/[0], mappings [default]
    [2020-06-06 20:03:29,012][INFO ][cluster.metadata         ] [Masked Marvel] [test] update_mapping [default] (dynamic)

io.crate.client.jdbc.integrationtests.CrateJDBCIntegrationTest > testExecuteBatchStatementFail STANDARD_OUT
    [2020-06-06 20:03:29,119][INFO ][cluster.metadata         ] [Masked Marvel] [test] deleting index
    [2020-06-06 20:03:29,177][INFO ][cluster.metadata         ] [Masked Marvel] [test] creating index, cause [api], shards [1]/[0], mappings [default]
    [2020-06-06 20:03:29,233][INFO ][cluster.metadata         ] [Masked Marvel] [test] update_mapping [default] (dynamic)
    [2020-06-06 20:03:29,373][INFO ][cluster.metadata         ] [Masked Marvel] [test] deleting index

io.crate.client.jdbc.integrationtests.CrateJDBCIntegrationTest STANDARD_OUT
    Stopping crate server process...

io.crate.client.jdbc.integrationtests.CrateJDBCMultiServerIntegrationTest STANDARD_OUT
    Starting crate server process...
    Picked up _JAVA_OPTIONS: -Xmx1g -XX:MaxPermSize=256m
    Java HotSpot(TM) 64-Bit Server VM warning: ignoring option MaxPermSize=256m; support was removed in 8.0
    [2020-06-06 20:03:30,136][INFO ][node                     ] [Tarantula] version[1.4.4], pid[3966], build[${build/NA]
    [2020-06-06 20:03:30,136][INFO ][node                     ] [Tarantula] initializing ...
    [2020-06-06 20:03:30,240][INFO ][io.crate.plugin          ] [Tarantula] plugins loaded: [] 
    [2020-06-06 20:03:30,241][INFO ][plugins                  ] [Tarantula] loaded [crate-core], sites [crate-admin]
    [2020-06-06 20:03:30,264][INFO ][io.crate.plugin          ] [Tarantula] plugins loaded: [] 
    [2020-06-06 20:03:30,498][INFO ][io.crate.module          ] [Tarantula] configuring crate. version: 0.49.2
    [2020-06-06 20:03:33,359][INFO ][io.crate.rest            ] [Tarantula] Elasticsearch HTTP REST API not enabled
    [2020-06-06 20:03:33,430][INFO ][node                     ] [Tarantula] initialized
    [2020-06-06 20:03:33,431][INFO ][node                     ] [Tarantula] starting ...
    [2020-06-06 20:03:33,431][INFO ][io.crate.blob.BlobService] [Tarantula] BlobService.doStart() io.crate.blob.BlobService@5a30722c
    [2020-06-06 20:03:33,504][INFO ][http                     ] [Tarantula] bound_address {inet[/127.0.0.1:38449]}, publish_address {inet[/127.0.0.1:38449]}
    [2020-06-06 20:03:33,572][INFO ][transport                ] [Tarantula] bound_address {inet[/127.0.0.1:35193]}, publish_address {inet[/127.0.0.1:35193]}
    [2020-06-06 20:03:33,586][INFO ][discovery                ] [Tarantula] MultiServerJDBCTest/McxcLdWhTT-ei64c3yn5Gw
    Starting crate server process...
    [2020-06-06 20:03:36,647][INFO ][cluster.service          ] [Tarantula] new_master [Tarantula][McxcLdWhTT-ei64c3yn5Gw][9ac8f29583df][inet[/127.0.0.1:35193]]{http_address=http://127.0.0.1:38449}, reason: zen-disco-join (elected_as_master)
    [2020-06-06 20:03:36,660][INFO ][node                     ] [Tarantula] started
    Picked up _JAVA_OPTIONS: -Xmx1g -XX:MaxPermSize=256m
    Java HotSpot(TM) 64-Bit Server VM warning: ignoring option MaxPermSize=256m; support was removed in 8.0
    [2020-06-06 20:03:37,192][INFO ][node                     ] [Steel Serpent] version[1.4.4], pid[4324], build[${build/NA]
    [2020-06-06 20:03:37,193][INFO ][node                     ] [Steel Serpent] initializing ...
    [2020-06-06 20:03:37,287][INFO ][io.crate.plugin          ] [Steel Serpent] plugins loaded: [] 
    [2020-06-06 20:03:37,288][INFO ][plugins                  ] [Steel Serpent] loaded [crate-core], sites [crate-admin]
    [2020-06-06 20:03:37,310][INFO ][io.crate.plugin          ] [Steel Serpent] plugins loaded: [] 
    [2020-06-06 20:03:37,560][INFO ][io.crate.module          ] [Steel Serpent] configuring crate. version: 0.49.2
    [2020-06-06 20:03:38,008][INFO ][gateway                  ] [Tarantula] recovered [0] indices into cluster_state
    [2020-06-06 20:03:40,306][INFO ][io.crate.rest            ] [Steel Serpent] Elasticsearch HTTP REST API not enabled
    [2020-06-06 20:03:40,376][INFO ][node                     ] [Steel Serpent] initialized
    [2020-06-06 20:03:40,376][INFO ][node                     ] [Steel Serpent] starting ...
    [2020-06-06 20:03:40,377][INFO ][io.crate.blob.BlobService] [Steel Serpent] BlobService.doStart() io.crate.blob.BlobService@5a30722c
    [2020-06-06 20:03:40,473][INFO ][http                     ] [Steel Serpent] bound_address {inet[/127.0.0.1:35351]}, publish_address {inet[/127.0.0.1:35351]}
    [2020-06-06 20:03:40,543][INFO ][transport                ] [Steel Serpent] bound_address {inet[/127.0.0.1:39315]}, publish_address {inet[/127.0.0.1:39315]}
    [2020-06-06 20:03:40,554][INFO ][discovery                ] [Steel Serpent] MultiServerJDBCTest/wOsvKofURq6jEuxBjPevFA
    [2020-06-06 20:03:43,697][INFO ][cluster.service          ] [Steel Serpent] detected_master [Tarantula][McxcLdWhTT-ei64c3yn5Gw][9ac8f29583df][inet[/127.0.0.1:35193]]{http_address=http://127.0.0.1:38449}, added {[Tarantula][McxcLdWhTT-ei64c3yn5Gw][9ac8f29583df][inet[/127.0.0.1:35193]]{http_address=http://127.0.0.1:38449},}, reason: zen-disco-receive(from master [[Tarantula][McxcLdWhTT-ei64c3yn5Gw][9ac8f29583df][inet[/127.0.0.1:35193]]{http_address=http://127.0.0.1:38449}])
    [2020-06-06 20:03:43,726][INFO ][node                     ] [Steel Serpent] started

io.crate.client.jdbc.integrationtests.CrateJDBCMultiServerIntegrationTest > testConnectToMultipleNodes STANDARD_OUT
    [2020-06-06 20:03:43,676][INFO ][cluster.service          ] [Tarantula] added {[Steel Serpent][wOsvKofURq6jEuxBjPevFA][9ac8f29583df][inet[/127.0.0.1:39315]]{http_address=http://127.0.0.1:35351},}, reason: zen-disco-receive(join from node[[Steel Serpent][wOsvKofURq6jEuxBjPevFA][9ac8f29583df][inet[/127.0.0.1:39315]]{http_address=http://127.0.0.1:35351}])

io.crate.client.jdbc.integrationtests.CrateJDBCMultiServerIntegrationTest STANDARD_OUT
    Stopping crate server process...
    [2020-06-06 20:03:43,967][INFO ][cluster.service          ] [Tarantula] removed {[Steel Serpent][wOsvKofURq6jEuxBjPevFA][9ac8f29583df][inet[/127.0.0.1:39315]]{http_address=http://127.0.0.1:35351},}, reason: zen-disco-node_left([Steel Serpent][wOsvKofURq6jEuxBjPevFA][9ac8f29583df][inet[/127.0.0.1:39315]]{http_address=http://127.0.0.1:35351})
    Stopping crate server process...
:test FAILED

BUILD FAILED

Total time: 1 mins 6.844 secs

travis_time:end:01136d83:start=1591473757884307216,finish=1591473825173517127,duration=67289209911[0K
[31;1mThe command "./gradlew test -s" exited with 1.[0m
travis_fold:start:cache.2[0Kstore build cache
travis_time:start:001e127c[0K
travis_time:end:001e127c:start=1591473825184368049,finish=1591473825193653470,duration=9285421[0Ktravis_time:start:0eec5320[0K[32;1mchanges detected, packing new archive[0m

travis_time:end:0eec5320:start=1591473825203684434,finish=1591473827027055635,duration=1823371201[0Ktravis_fold:end:cache.2[0K
Done. Your build exited with 1.
