travis_time:start:1d011b17[0Ktravis_time:end:1d011b17:start=1591488570144428467,finish=1591488570298171864,duration=153743397,event=no_world_writable_dirs[0Ktravis_time:start:0977c2f8[0Ktravis_time:end:0977c2f8:start=1591488570304952362,finish=1591488570309668983,duration=4716621,event=check_unsupported[0Ktravis_time:start:15dd24c4[0Ktravis_fold:start:system_info[0K[33;1mBuild system information[0m
Build language: java
Build group: stable
Build dist: precise
Build id: ''
Job id: ''
Runtime kernel version: 4.15.0-91-generic
[34m[1mBuild image provisioning date and time[0m
Thu Feb  5 15:09:33 UTC 2015
[34m[1mOperating System Details[0m
Distributor ID:	Ubuntu
Description:	Ubuntu 12.04.5 LTS
Release:	12.04
Codename:	precise
[34m[1mLinux Version[0m
3.13.0-29-generic
[34m[1mCookbooks Version[0m
a68419e https://github.com/travis-ci/travis-cookbooks/tree/a68419e
[34m[1mGCC version[0m
gcc (Ubuntu/Linaro 4.6.3-1ubuntu5) 4.6.3
Copyright (C) 2011 Free Software Foundation, Inc.
This is free software; see the source for copying conditions.  There is NO
warranty; not even for MERCHANTABILITY or FITNESS FOR A PARTICULAR PURPOSE.

[34m[1mLLVM version[0m
clang version 3.4 (tags/RELEASE_34/final)
Target: x86_64-unknown-linux-gnu
Thread model: posix
[34m[1mPre-installed Ruby versions[0m
ruby-1.9.3-p551
[34m[1mPre-installed Node.js versions[0m
v0.10.36
[34m[1mPre-installed Go versions[0m
1.4.1
[34m[1mRedis version[0m
redis-server 2.8.19
[34m[1mriak version[0m
2.0.2
[34m[1mMongoDB version[0m
MongoDB 2.4.12
[34m[1mCouchDB version[0m
couchdb 1.6.1
[34m[1mNeo4j version[0m
1.9.4
[34m[1mRabbitMQ Version[0m
3.4.3
[34m[1mElasticSearch version[0m
1.4.0
[34m[1mInstalled Sphinx versions[0m
2.0.10
2.1.9
2.2.6
[34m[1mDefault Sphinx version[0m
2.2.6
[34m[1mInstalled Firefox version[0m
firefox 31.0esr
[34m[1mPhantomJS version[0m
1.9.8
[34m[1mant -version[0m
Apache Ant(TM) version 1.8.2 compiled on December 3 2011
[34m[1mmvn -version[0m
Apache Maven 3.2.5 (12a6b3acb947671f09b81f49094c53f426d8cea1; 2014-12-14T17:29:23+00:00)
Maven home: /usr/local/maven
Java version: 1.7.0_76, vendor: Oracle Corporation
Java home: /usr/lib/jvm/java-7-oracle/jre
Default locale: en_US, platform encoding: ANSI_X3.4-1968
OS name: "linux", version: "3.13.0-29-generic", arch: "amd64", family: "unix"
travis_fold:end:system_info[0K
travis_time:end:15dd24c4:start=1591488570316360484,finish=1591488570326520557,duration=10160073,event=show_system_info[0Ktravis_time:start:007aaf21[0Ktravis_time:end:007aaf21:start=1591488570333097059,finish=1591488570420438110,duration=87341051,event=rm_riak_source[0Ktravis_time:start:03c2945f[0Ktravis_time:end:03c2945f:start=1591488570427075047,finish=1591488570437891465,duration=10816418,event=fix_rwky_redis[0Ktravis_time:start:26289694[0K[31;1mTimeout waiting for network availability.[0m
travis_time:end:26289694:start=1591488570443845984,finish=1591488591224504204,duration=20780658220,event=wait_for_network[0Ktravis_time:start:30d7535b[0Ktravis_time:end:30d7535b:start=1591488591232210256,finish=1591488593602839396,duration=2370629140,event=update_apt_keys[0Ktravis_time:start:10aed070[0Ktravis_time:end:10aed070:start=1591488593610574677,finish=1591488593679898824,duration=69324147,event=fix_hhvm_source[0Ktravis_time:start:0f2b79e2[0Ktravis_time:end:0f2b79e2:start=1591488593687376112,finish=1591488593693840687,duration=6464575,event=update_mongo_arch[0Ktravis_time:start:09618dbf[0Ktravis_time:end:09618dbf:start=1591488593701086271,finish=1591488593747962681,duration=46876410,event=fix_sudo_enabled_trusty[0Ktravis_time:start:0017a5a9[0Ktravis_time:end:0017a5a9:start=1591488593755253850,finish=1591488593773404936,duration=18151086,event=clean_up_path[0Ktravis_time:start:0f2b0d64[0Ktravis_time:end:0f2b0d64:start=1591488593780964202,finish=1591488593798208607,duration=17244405,event=fix_resolv_conf[0Ktravis_time:start:09b39631[0Ktravis_time:end:09b39631:start=1591488593805232714,finish=1591488593823545616,duration=18312902,event=fix_etc_hosts[0Ktravis_time:start:08fb3f32[0Ktravis_time:start:145c0ca1[0Ktravis_time:end:145c0ca1:start=1591488593886484921,finish=1591488593906228837,duration=19743916,event=no_ipv6_localhost[0Ktravis_time:start:080a9989[0Ktravis_time:end:080a9989:start=1591488593913968568,finish=1591488593931469138,duration=17500570,event=fix_etc_mavenrc[0Ktravis_time:start:0c0274a0[0Ktravis_time:end:0c0274a0:start=1591488593938469234,finish=1591488593946477081,duration=8007847,event=fix_wwdr_certificate[0Ktravis_time:start:00196590[0Ktravis_time:end:00196590:start=1591488593953718808,finish=1591488593997711260,duration=43992452,event=put_localhost_first[0Ktravis_time:start:09790479[0Ktravis_time:end:09790479:start=1591488594004882195,finish=1591488594011114304,duration=6232109,event=home_paths[0Ktravis_time:start:0fdebf04[0Ktravis_time:end:0fdebf04:start=1591488594018637786,finish=1591488594111542736,duration=92904950,event=disable_initramfs[0Ktravis_time:start:1152b5fa[0Ktravis_time:end:1152b5fa:start=1591488594118496318,finish=1591488594143223464,duration=24727146,event=disable_ssh_roaming[0Ktravis_time:start:0547cdf4[0Ktravis_time:end:0547cdf4:start=1591488594149916667,finish=1591488594154743189,duration=4826522,event=debug_tools[0Ktravis_time:start:04beda94[0Ktravis_time:end:04beda94:start=1591488594161512088,finish=1591488594168455792,duration=6943704,event=uninstall_oclint[0Ktravis_time:start:273ec448[0Ktravis_time:end:273ec448:start=1591488594175859278,finish=1591488594183314027,duration=7454749,event=rvm_use[0Ktravis_time:start:306242fd[0Ktravis_time:end:306242fd:start=1591488594190596734,finish=1591488594206320031,duration=15723297,event=rm_etc_boto_cfg[0Ktravis_time:start:0e4762ea[0Ktravis_time:end:0e4762ea:start=1591488594213411250,finish=1591488594218884602,duration=5473352,event=rm_oraclejdk8_symlink[0Ktravis_time:start:10068e28[0Ktravis_time:end:10068e28:start=1591488594226354314,finish=1591488594274328406,duration=47974092,event=enable_i386[0Ktravis_time:start:24d57828[0Ktravis_time:end:24d57828:start=1591488594282236871,finish=1591488594290903483,duration=8666612,event=update_rubygems[0Ktravis_time:start:2116e2e0[0Ktravis_time:end:2116e2e0:start=1591488594297360941,finish=1591488594307598754,duration=10237813,event=ensure_path_components[0Ktravis_time:start:02670618[0Ktravis_time:end:02670618:start=1591488594314747459,finish=1591488594320037968,duration=5290509,event=redefine_curl[0Ktravis_time:start:0db1b234[0Ktravis_time:end:0db1b234:start=1591488594326941273,finish=1591488594332718167,duration=5776894,event=nonblock_pipe[0Ktravis_time:start:3cce4e70[0Ktravis_time:end:3cce4e70:start=1591488594340708887,finish=1591488599859537049,duration=5518828162,event=apt_get_update[0Ktravis_time:start:0c67db44[0Ktravis_time:end:0c67db44:start=1591488599867713440,finish=1591488599872656688,duration=4943248,event=deprecate_xcode_64[0Ktravis_time:start:127191f0[0Ktravis_time:end:127191f0:start=1591488599879755522,finish=1591488599888614690,duration=8859168,event=update_heroku[0Ktravis_time:start:06be7241[0Ktravis_time:end:06be7241:start=1591488599896259103,finish=1591488599902153085,duration=5893982,event=shell_session_update[0Ktravis_time:start:13df8e9a[0Ktravis_fold:start:docker_mtu[0Ktravis_fold:end:docker_mtu[0Ktravis_time:end:13df8e9a:start=1591488599909156200,finish=1591488599955192824,duration=46036624,event=set_docker_mtu[0Ktravis_time:start:1f45f901[0Ktravis_time:end:1f45f901:start=1591488599961696027,finish=1591488599978466820,duration=16770793,event=resolvconf[0K
travis_fold:start:install_jdk[0K[33;1mInstalling oraclejdk8[0m
$ jdk_switcher use "oraclejdk8"
Switching to Oracle JDK8 (java-8-oracle), JAVA_HOME will be set to /usr/lib/jvm/java-8-oracle
travis_fold:end:install_jdk[0Ktravis_time:start:04198926[0Ktravis_time:end:04198926:start=1591488599999950735,finish=1591488600004380511,duration=4429776,event=fix_ps4[0Ktravis_time:start:00ba8600[0K
$ cd failed/jprante/elasticsearch-jdbc

travis_time:end:00ba8600:start=1591488600010916581,finish=1591488600057203716,duration=46287135,event=checkout[0Ktravis_time:start:05218637[0Ktravis_time:end:05218637:start=1591488600064006300,finish=1591488600428565935,duration=364559635,event=env[0K$ export TERM=dumb
$ java -Xmx32m -version
$ javac -J-Xmx32m -version
travis_fold:start:install[0Ktravis_time:start:1357ebd8[0K$ gradle assemble
:compileJava
Download https://repo1.maven.org/maven2/org/elasticsearch/elasticsearch/2.2.0/elasticsearch-2.2.0.pom
Download https://repo1.maven.org/maven2/org/elasticsearch/parent/2.2.0/parent-2.2.0.pom
Download https://repo1.maven.org/maven2/org/sonatype/oss/oss-parent/7/oss-parent-7.pom
Download https://repo1.maven.org/maven2/org/apache/logging/log4j/log4j-slf4j-impl/2.5/log4j-slf4j-impl-2.5.pom
Download https://repo1.maven.org/maven2/org/apache/logging/log4j/log4j/2.5/log4j-2.5.pom
Download https://repo1.maven.org/maven2/org/apache/apache/9/apache-9.pom
Download https://repo1.maven.org/maven2/org/apache/logging/log4j/log4j-core/2.5/log4j-core-2.5.pom
Download https://repo1.maven.org/maven2/com/vividsolutions/jts/1.13/jts-1.13.pom
Download https://repo1.maven.org/maven2/org/apache/lucene/lucene-core/5.4.1/lucene-core-5.4.1.pom
Download https://repo1.maven.org/maven2/org/apache/lucene/lucene-parent/5.4.1/lucene-parent-5.4.1.pom
Download https://repo1.maven.org/maven2/org/apache/lucene/lucene-solr-grandparent/5.4.1/lucene-solr-grandparent-5.4.1.pom
Download https://repo1.maven.org/maven2/org/apache/apache/13/apache-13.pom
Download https://repo1.maven.org/maven2/org/apache/lucene/lucene-backward-codecs/5.4.1/lucene-backward-codecs-5.4.1.pom
Download https://repo1.maven.org/maven2/org/apache/lucene/lucene-analyzers-common/5.4.1/lucene-analyzers-common-5.4.1.pom
Download https://repo1.maven.org/maven2/org/apache/lucene/lucene-queries/5.4.1/lucene-queries-5.4.1.pom
Download https://repo1.maven.org/maven2/org/apache/lucene/lucene-memory/5.4.1/lucene-memory-5.4.1.pom
Download https://repo1.maven.org/maven2/org/apache/lucene/lucene-highlighter/5.4.1/lucene-highlighter-5.4.1.pom
Download https://repo1.maven.org/maven2/org/apache/lucene/lucene-queryparser/5.4.1/lucene-queryparser-5.4.1.pom
Download https://repo1.maven.org/maven2/org/apache/lucene/lucene-suggest/5.4.1/lucene-suggest-5.4.1.pom
Download https://repo1.maven.org/maven2/org/apache/lucene/lucene-join/5.4.1/lucene-join-5.4.1.pom
Download https://repo1.maven.org/maven2/org/apache/lucene/lucene-spatial/5.4.1/lucene-spatial-5.4.1.pom
Download https://repo1.maven.org/maven2/com/google/guava/guava/18.0/guava-18.0.pom
Download https://repo1.maven.org/maven2/com/google/guava/guava-parent/18.0/guava-parent-18.0.pom
Download https://repo1.maven.org/maven2/org/elasticsearch/securesm/1.0/securesm-1.0.pom
Download https://repo1.maven.org/maven2/com/carrotsearch/hppc/0.7.1/hppc-0.7.1.pom
Download https://repo1.maven.org/maven2/com/carrotsearch/hppc-parent/0.7.1/hppc-parent-0.7.1.pom
Download https://repo1.maven.org/maven2/org/sonatype/oss/oss-parent/9/oss-parent-9.pom
Download https://repo1.maven.org/maven2/joda-time/joda-time/2.8.2/joda-time-2.8.2.pom
Download https://repo1.maven.org/maven2/org/joda/joda-convert/1.2/joda-convert-1.2.pom
Download https://repo1.maven.org/maven2/com/fasterxml/jackson/core/jackson-core/2.6.2/jackson-core-2.6.2.pom
Download https://repo1.maven.org/maven2/com/fasterxml/jackson/jackson-parent/2.6.1/jackson-parent-2.6.1.pom
Download https://repo1.maven.org/maven2/com/fasterxml/oss-parent/23/oss-parent-23.pom
Download https://repo1.maven.org/maven2/com/fasterxml/jackson/dataformat/jackson-dataformat-smile/2.6.2/jackson-dataformat-smile-2.6.2.pom
Download https://repo1.maven.org/maven2/com/fasterxml/jackson/dataformat/jackson-dataformat-yaml/2.6.2/jackson-dataformat-yaml-2.6.2.pom
Download https://repo1.maven.org/maven2/com/fasterxml/jackson/dataformat/jackson-dataformat-cbor/2.6.2/jackson-dataformat-cbor-2.6.2.pom
Download https://repo1.maven.org/maven2/io/netty/netty/3.10.5.Final/netty-3.10.5.Final.pom
Download https://repo1.maven.org/maven2/com/ning/compress-lzf/1.0.2/compress-lzf-1.0.2.pom
Download https://repo1.maven.org/maven2/com/tdunning/t-digest/3.0/t-digest-3.0.pom
Download https://repo1.maven.org/maven2/org/hdrhistogram/HdrHistogram/2.1.6/HdrHistogram-2.1.6.pom
Download https://repo1.maven.org/maven2/commons-cli/commons-cli/1.3.1/commons-cli-1.3.1.pom
Download https://repo1.maven.org/maven2/org/apache/commons/commons-parent/37/commons-parent-37.pom
Download https://repo1.maven.org/maven2/org/apache/apache/16/apache-16.pom
Download https://repo1.maven.org/maven2/com/twitter/jsr166e/1.1.0/jsr166e-1.1.0.pom
Download https://repo1.maven.org/maven2/org/slf4j/slf4j-api/1.7.12/slf4j-api-1.7.12.pom
Download https://repo1.maven.org/maven2/org/slf4j/slf4j-parent/1.7.12/slf4j-parent-1.7.12.pom
Download https://repo1.maven.org/maven2/org/apache/logging/log4j/log4j-api/2.5/log4j-api-2.5.pom
Download https://repo1.maven.org/maven2/org/apache/lucene/lucene-sandbox/5.4.1/lucene-sandbox-5.4.1.pom
Download https://repo1.maven.org/maven2/org/apache/lucene/lucene-misc/5.4.1/lucene-misc-5.4.1.pom
Download https://repo1.maven.org/maven2/org/apache/lucene/lucene-grouping/5.4.1/lucene-grouping-5.4.1.pom
Download https://repo1.maven.org/maven2/org/apache/lucene/lucene-spatial3d/5.4.1/lucene-spatial3d-5.4.1.pom
Download https://repo1.maven.org/maven2/com/spatial4j/spatial4j/0.5/spatial4j-0.5.pom
Download https://repo1.maven.org/maven2/org/yaml/snakeyaml/1.15/snakeyaml-1.15.pom

BUILD FAILED

Total time: 14.992 secs
:compileJava

BUILD FAILED

Total time: 7.145 secs
:compileJava

BUILD FAILED

Total time: 6.534 secs
travis_time:end:1357ebd8:start=1591488600769144237,finish=1591488634059993764,duration=33290849527,event=install[0K[31;1mThe command "gradle assemble" failed and exited with 1 during .[0m

Your build has been stopped.
