travis_fold:start:system_info[0K[33;1mBuild system information[0m
Build language: java
Build id: ''
Job id: ''
[34m[1mBuild image provisioning date and time[0m
Thu Feb  5 15:09:33 UTC 2015
[34m[1mOperating System Details[0m
Distributor ID:	Ubuntu
Description:	Ubuntu 12.04.5 LTS
Release:	12.04
Codename:	precise
[34m[1mLinux Version[0m
3.13.0-29-generic
[34m[1mCookbooks Version[0m
a68419e https://github.com/travis-ci/travis-cookbooks/tree/a68419e
[34m[1mGCC version[0m
gcc (Ubuntu/Linaro 4.6.3-1ubuntu5) 4.6.3
Copyright (C) 2011 Free Software Foundation, Inc.
This is free software; see the source for copying conditions.  There is NO
warranty; not even for MERCHANTABILITY or FITNESS FOR A PARTICULAR PURPOSE.

[34m[1mLLVM version[0m
clang version 3.4 (tags/RELEASE_34/final)
Target: x86_64-unknown-linux-gnu
Thread model: posix
[34m[1mPre-installed Ruby versions[0m
ruby-1.9.3-p551
[34m[1mPre-installed Node.js versions[0m
v0.10.36
[34m[1mPre-installed Go versions[0m
1.4.1
[34m[1mRedis version[0m
redis-server 2.8.19
[34m[1mriak version[0m
2.0.2
[34m[1mMongoDB version[0m
MongoDB 2.4.12
[34m[1mCouchDB version[0m
couchdb 1.6.1
[34m[1mNeo4j version[0m
1.9.4
[34m[1mRabbitMQ Version[0m
3.4.3
[34m[1mElasticSearch version[0m
1.4.0
[34m[1mInstalled Sphinx versions[0m
2.0.10
2.1.9
2.2.6
[34m[1mDefault Sphinx version[0m
2.2.6
[34m[1mInstalled Firefox version[0m
firefox 31.0esr
[34m[1mPhantomJS version[0m
1.9.8
[34m[1mant -version[0m
Apache Ant(TM) version 1.8.2 compiled on December 3 2011
[34m[1mmvn -version[0m
Apache Maven 3.2.5 (12a6b3acb947671f09b81f49094c53f426d8cea1; 2014-12-14T17:29:23+00:00)
Maven home: /usr/local/maven
Java version: 1.7.0_76, vendor: Oracle Corporation
Java home: /usr/lib/jvm/java-7-oracle/jre
Default locale: en_US, platform encoding: ANSI_X3.4-1968
OS name: "linux", version: "3.13.0-29-generic", arch: "amd64", family: "unix"
travis_fold:end:system_info[0K
W: GPG error: http://apt.postgresql.org precise-pgdg Release: The following signatures were invalid: KEYEXPIRED 1562078959
W: Failed to fetch http://ppa.launchpad.net/travis-ci/zero-mq/ubuntu/dists/precise/main/binary-amd64/Packages  403  Forbidden

W: Failed to fetch http://ppa.launchpad.net/travis-ci/zero-mq/ubuntu/dists/precise/main/binary-i386/Packages  403  Forbidden

W: Failed to fetch http://downloads-distro.mongodb.org/repo/debian-sysvinit/dists/dist/10gen/binary-amd64/Packages  Undetermined Error [IP: 52.206.222.245 80]

W: Failed to fetch http://downloads-distro.mongodb.org/repo/debian-sysvinit/dists/dist/10gen/binary-i386/Packages  Undetermined Error [IP: 52.206.222.245 80]

E: Some index files failed to download. They have been ignored, or old ones used instead.
sed: cannot rename /etc/hosts: Device or resource busy
sed: cannot rename /etc/hosts: Device or resource busy
$ jdk_switcher use oraclejdk8
Switching to Oracle JDK8 (java-8-oracle), JAVA_HOME will be set to /usr/lib/jvm/java-8-oracle
$ cd failed/crate/crate-jdbc

[33;1mSetting environment variables from .travis.yml[0m
$ export _JAVA_OPTIONS="-Xmx1g -XX:MaxPermSize=256m"

$ export TERM=dumb
travis_fold:start:cache.1[0KSetting up build cache
$ export CASHER_DIR=$HOME/.casher
travis_time:start:05bf3e0a[0K$ Installing caching utilities

travis_time:end:05bf3e0a:start=1618085933910689084,finish=1618085934305034429,duration=394345345[0Ktravis_time:start:104925de[0K
travis_time:end:104925de:start=1618085934314565348,finish=1618085934321644582,duration=7079234[0Ktravis_time:start:05be0a50[0K/home/travis/.casher/bin/casher:213:in `cache_archive_name': undefined method `[]' for nil:NilClass (NoMethodError)
	from /home/travis/.casher/bin/casher:65:in `block in fetch'
	from /home/travis/.casher/bin/casher:64:in `each'
	from /home/travis/.casher/bin/casher:64:in `fetch'
	from /home/travis/.casher/bin/casher:53:in `block in run'
	from /home/travis/.rvm/rubies/ruby-1.9.3-p551/lib/ruby/1.9.1/timeout.rb:69:in `timeout'
	from /home/travis/.casher/bin/casher:53:in `run'
	from /home/travis/.casher/bin/casher:263:in `<main>'
[32;1mattempting to download cache archive[0m

travis_time:end:05be0a50:start=1618085934330106324,finish=1618085935177371058,duration=847264734[0Ktravis_time:start:000691ce[0K
travis_time:end:000691ce:start=1618085935187203802,finish=1618085935195576670,duration=8372868[0Ktravis_time:start:05635b00[0K[32;1madding /home/travis/.m2 to cache[0m

travis_time:end:05635b00:start=1618085935205345571,finish=1618085935954432397,duration=749086826[0Ktravis_fold:end:cache.1[0K$ java -Xmx32m -version
Picked up _JAVA_OPTIONS: -Xmx1g -XX:MaxPermSize=256m
Java HotSpot(TM) 64-Bit Server VM warning: ignoring option MaxPermSize=256m; support was removed in 8.0
java version "1.8.0_31"
Java(TM) SE Runtime Environment (build 1.8.0_31-b13)
Java HotSpot(TM) 64-Bit Server VM (build 25.31-b07, mixed mode)
$ javac -J-Xmx32m -version
Picked up _JAVA_OPTIONS: -Xmx1g -XX:MaxPermSize=256m
Java HotSpot(TM) 64-Bit Server VM warning: ignoring option MaxPermSize=256m; support was removed in 8.0
javac 1.8.0_31
travis_fold:start:install[0Ktravis_time:start:200bd0ef[0K$ ./gradlew assemble
Picked up _JAVA_OPTIONS: -Xmx1g -XX:MaxPermSize=256m
Java HotSpot(TM) 64-Bit Server VM warning: ignoring option MaxPermSize=256m; support was removed in 8.0
Downloading https://services.gradle.org/distributions/gradle-2.2.1-bin.zip
..................................................................................................................................................................................................................................................................................................................................................................................................................................................................................................................................................................................................................................................................................................................................................................................................................................................................................................................................................................................................................................................................................................................................................................................................................................................................................................................................................................................................................................................................................................................................................................................................................................................................................................................................................................................................................................................................................................................................................................................................................................................................................................................................................................
Unzipping /home/travis/.gradle/wrapper/dists/gradle-2.2.1-bin/3rn023ng4778ktj66tonmgpbv/gradle-2.2.1-bin.zip to /home/travis/.gradle/wrapper/dists/gradle-2.2.1-bin/3rn023ng4778ktj66tonmgpbv
Set executable permissions for: /home/travis/.gradle/wrapper/dists/gradle-2.2.1-bin/3rn023ng4778ktj66tonmgpbv/gradle-2.2.1/bin/gradle
Download https://jcenter.bintray.com/io/crate/crate-client/0.49.2/crate-client-0.49.2.pom
Download https://jcenter.bintray.com/io/crate/crate-client/0.49.2/crate-client-0.49.2.jar
:compileJavaNote: Some input files use or override a deprecated API.
Note: Recompile with -Xlint:deprecation for details.
Note: Some input files use unchecked or unsafe operations.
Note: Recompile with -Xlint:unchecked for details.

:processResources UP-TO-DATE
:classes
:getVersionPicked up _JAVA_OPTIONS: -Xmx1g -XX:MaxPermSize=256m
Java HotSpot(TM) 64-Bit Server VM warning: ignoring option MaxPermSize=256m; support was removed in 8.0

gitTag: 2.4.0-2-g479af42
version: 1.6.0-479af42
:jar
:jarStandalone
:myJavadocsPicked up _JAVA_OPTIONS: -Xmx1g -XX:MaxPermSize=256m
Java HotSpot(TM) 64-Bit Server VM warning: ignoring option MaxPermSize=256m; support was removed in 8.0
/home/travis/build/failed/crate/crate-jdbc/src/main/java/io/crate/client/jdbc/CrateConnection.java:137: warning: no description for @throws
     * @throws SQLException
       ^
/home/travis/build/failed/crate/crate-jdbc/src/main/java/io/crate/client/jdbc/CrateDriverVersion.java:61: warning: no @return
    public String number() {
                  ^

2 warnings
:javadocJar
:javadocJarStandalone
:sourceJar
:sourceJarStandalone
:assemble

BUILD SUCCESSFUL

Total time: 42.976 secs

travis_time:end:200bd0ef:start=1618085936255971970,finish=1618085979783032141,duration=43527060171[0Ktravis_fold:end:install[0Ktravis_time:start:1563d4bc[0K$ ./gradlew test -s
Picked up _JAVA_OPTIONS: -Xmx1g -XX:MaxPermSize=256m
Java HotSpot(TM) 64-Bit Server VM warning: ignoring option MaxPermSize=256m; support was removed in 8.0
:compileJava UP-TO-DATE
:processResources UP-TO-DATE
:classes UP-TO-DATE
:downloadCrateRelease
:compileTestJava
Download https://repo1.maven.org/maven2/org/hamcrest/hamcrest-all/1.3/hamcrest-all-1.3.pom
Download https://repo1.maven.org/maven2/org/hamcrest/hamcrest-parent/1.3/hamcrest-parent-1.3.pom
Download https://repo1.maven.org/maven2/junit/junit/4.11/junit-4.11.pom
Download https://repo1.maven.org/maven2/com/carrotsearch/randomizedtesting/randomizedtesting-runner/2.1.11/randomizedtesting-runner-2.1.11.pom
Download https://repo1.maven.org/maven2/com/carrotsearch/randomizedtesting/randomizedtesting-parent/2.1.11/randomizedtesting-parent-2.1.11.pom
Download https://repo1.maven.org/maven2/org/sonatype/oss/oss-parent/9/oss-parent-9.pom
Download https://repo1.maven.org/maven2/org/mockito/mockito-core/1.10.8/mockito-core-1.10.8.pom
Download https://repo1.maven.org/maven2/org/hamcrest/hamcrest-core/1.3/hamcrest-core-1.3.pom
Download https://repo1.maven.org/maven2/org/objenesis/objenesis/2.1/objenesis-2.1.pom
Download https://repo1.maven.org/maven2/org/objenesis/objenesis-parent/2.1/objenesis-parent-2.1.pom
Download https://repo1.maven.org/maven2/org/hamcrest/hamcrest-all/1.3/hamcrest-all-1.3.jar
Download https://repo1.maven.org/maven2/junit/junit/4.11/junit-4.11.jar
Download https://repo1.maven.org/maven2/com/carrotsearch/randomizedtesting/randomizedtesting-runner/2.1.11/randomizedtesting-runner-2.1.11.jar
Download https://repo1.maven.org/maven2/org/mockito/mockito-core/1.10.8/mockito-core-1.10.8.jar
Download https://repo1.maven.org/maven2/org/hamcrest/hamcrest-core/1.3/hamcrest-core-1.3.jar
Download https://repo1.maven.org/maven2/org/objenesis/objenesis/2.1/objenesis-2.1.jar
:processTestResources UP-TO-DATE
:testClasses
:testPicked up _JAVA_OPTIONS: -Xmx1g -XX:MaxPermSize=256m
Java HotSpot(TM) 64-Bit Server VM warning: ignoring option MaxPermSize=256m; support was removed in 8.0


io.crate.client.jdbc.integrationtests.CrateDriverTest STANDARD_OUT
    Starting crate server process...

io.crate.client.jdbc.integrationtests.CrateDriverTest STANDARD_ERROR
    log4j:WARN No appenders could be found for logger (io.crate.shade.org.elasticsearch.common.compress.lzf).
    log4j:WARN Please initialize the log4j system properly.
    log4j:WARN See http://logging.apache.org/log4j/1.2/faq.html#noconfig for more info.

io.crate.client.jdbc.integrationtests.CrateDriverTest STANDARD_OUT
    Picked up _JAVA_OPTIONS: -Xmx1g -XX:MaxPermSize=256m
    Java HotSpot(TM) 64-Bit Server VM warning: ignoring option MaxPermSize=256m; support was removed in 8.0
    [2021-04-10 20:20:13,408][INFO ][node                     ] [Spyder] version[1.4.4], pid[1537], build[${build/NA]
    [2021-04-10 20:20:13,408][INFO ][node                     ] [Spyder] initializing ...
    [2021-04-10 20:20:13,519][INFO ][io.crate.plugin          ] [Spyder] plugins loaded: [] 
    [2021-04-10 20:20:13,521][INFO ][plugins                  ] [Spyder] loaded [crate-core], sites [crate-admin]
    [2021-04-10 20:20:13,551][INFO ][io.crate.plugin          ] [Spyder] plugins loaded: [] 
    [2021-04-10 20:20:13,842][INFO ][io.crate.module          ] [Spyder] configuring crate. version: 0.49.2
    [2021-04-10 20:20:16,837][INFO ][io.crate.rest            ] [Spyder] Elasticsearch HTTP REST API not enabled
    [2021-04-10 20:20:16,912][INFO ][node                     ] [Spyder] initialized
    [2021-04-10 20:20:16,913][INFO ][node                     ] [Spyder] starting ...
    [2021-04-10 20:20:16,914][INFO ][io.crate.blob.BlobService] [Spyder] BlobService.doStart() io.crate.blob.BlobService@74a820bf
    [2021-04-10 20:20:17,063][INFO ][http                     ] [Spyder] bound_address {inet[/127.0.0.1:34891]}, publish_address {inet[/127.0.0.1:34891]}
    [2021-04-10 20:20:17,161][INFO ][transport                ] [Spyder] bound_address {inet[/127.0.0.1:46599]}, publish_address {inet[/127.0.0.1:46599]}
    [2021-04-10 20:20:17,175][INFO ][discovery                ] [Spyder] driver/z_TusAadT0SvS8UAkEa0ZA

io.crate.client.jdbc.integrationtests.CrateDriverTest > testDriverRegistration STANDARD_OUT
    [2021-04-10 20:20:20,213][INFO ][cluster.service          ] [Spyder] new_master [Spyder][z_TusAadT0SvS8UAkEa0ZA][97c4e6d794bc][inet[/127.0.0.1:46599]]{http_address=http://127.0.0.1:34891}, reason: zen-disco-join (elected_as_master)
    [2021-04-10 20:20:20,228][INFO ][node                     ] [Spyder] started
    [2021-04-10 20:20:20,285][INFO ][gateway                  ] [Spyder] recovered [0] indices into cluster_state

io.crate.client.jdbc.integrationtests.CrateDriverTest STANDARD_OUT
    Stopping crate server process...

io.crate.client.jdbc.integrationtests.CrateJDBCIntegrationTest STANDARD_OUT
    Starting crate server process...
    Picked up _JAVA_OPTIONS: -Xmx1g -XX:MaxPermSize=256m
    Java HotSpot(TM) 64-Bit Server VM warning: ignoring option MaxPermSize=256m; support was removed in 8.0
    [2021-04-10 20:20:21,270][INFO ][node                     ] [Crossbones] version[1.4.4], pid[2186], build[${build/NA]
    [2021-04-10 20:20:21,270][INFO ][node                     ] [Crossbones] initializing ...
    [2021-04-10 20:20:21,362][INFO ][io.crate.plugin          ] [Crossbones] plugins loaded: [] 
    [2021-04-10 20:20:21,364][INFO ][plugins                  ] [Crossbones] loaded [crate-core], sites [crate-admin]
    [2021-04-10 20:20:21,397][INFO ][io.crate.plugin          ] [Crossbones] plugins loaded: [] 
    [2021-04-10 20:20:21,709][INFO ][io.crate.module          ] [Crossbones] configuring crate. version: 0.49.2
    [2021-04-10 20:20:24,718][INFO ][io.crate.rest            ] [Crossbones] Elasticsearch HTTP REST API not enabled
    [2021-04-10 20:20:24,804][INFO ][node                     ] [Crossbones] initialized
    [2021-04-10 20:20:24,806][INFO ][node                     ] [Crossbones] starting ...
    [2021-04-10 20:20:24,807][INFO ][io.crate.blob.BlobService] [Crossbones] BlobService.doStart() io.crate.blob.BlobService@74a820bf
    [2021-04-10 20:20:24,924][INFO ][http                     ] [Crossbones] bound_address {inet[/127.0.0.1:42191]}, publish_address {inet[/127.0.0.1:42191]}
    [2021-04-10 20:20:25,025][INFO ][transport                ] [Crossbones] bound_address {inet[/127.0.0.1:35997]}, publish_address {inet[/127.0.0.1:35997]}
    [2021-04-10 20:20:25,039][INFO ][discovery                ] [Crossbones] jdbc/UemGKLTcQWOX6GUVqdzDCQ
    [2021-04-10 20:20:28,093][INFO ][cluster.service          ] [Crossbones] new_master [Crossbones][UemGKLTcQWOX6GUVqdzDCQ][97c4e6d794bc][inet[/127.0.0.1:35997]]{http_address=http://127.0.0.1:42191}, reason: zen-disco-join (elected_as_master)
    [2021-04-10 20:20:28,106][INFO ][node                     ] [Crossbones] started
    [2021-04-10 20:20:28,145][INFO ][gateway                  ] [Crossbones] recovered [0] indices into cluster_state

io.crate.client.jdbc.integrationtests.CrateJDBCIntegrationTest > testException STANDARD_OUT
    [2021-04-10 20:20:28,862][INFO ][cluster.metadata         ] [Crossbones] [test] creating index, cause [api], shards [1]/[0], mappings [default]
    [2021-04-10 20:20:29,182][INFO ][cluster.metadata         ] [Crossbones] [test] update_mapping [default] (dynamic)

io.crate.client.jdbc.integrationtests.CrateJDBCIntegrationTest > testGetSchemas STANDARD_OUT
    [2021-04-10 20:20:29,390][INFO ][cluster.metadata         ] [Crossbones] [test] deleting index
    [2021-04-10 20:20:29,459][INFO ][cluster.metadata         ] [Crossbones] [test] creating index, cause [api], shards [1]/[0], mappings [default]
    [2021-04-10 20:20:29,537][INFO ][cluster.metadata         ] [Crossbones] [test] update_mapping [default] (dynamic)

io.crate.client.jdbc.integrationtests.CrateJDBCIntegrationTest > testExecuteBatchPreparedStatementFailSyntax STANDARD_OUT
    [2021-04-10 20:20:29,730][INFO ][cluster.metadata         ] [Crossbones] [test] deleting index
    [2021-04-10 20:20:29,793][INFO ][cluster.metadata         ] [Crossbones] [test] creating index, cause [api], shards [1]/[0], mappings [default]
    [2021-04-10 20:20:29,862][INFO ][cluster.metadata         ] [Crossbones] [test] update_mapping [default] (dynamic)

io.crate.client.jdbc.integrationtests.CrateJDBCIntegrationTest > testSelectWhenNothingMatches STANDARD_OUT
    [2021-04-10 20:20:29,999][INFO ][cluster.metadata         ] [Crossbones] [test] deleting index
    [2021-04-10 20:20:30,054][INFO ][cluster.metadata         ] [Crossbones] [test] creating index, cause [api], shards [1]/[0], mappings [default]
    [2021-04-10 20:20:30,102][INFO ][cluster.metadata         ] [Crossbones] [test] update_mapping [default] (dynamic)

io.crate.client.jdbc.integrationtests.CrateJDBCIntegrationTest > testExecuteUpdateWhenNothingMatches STANDARD_OUT
    [2021-04-10 20:20:30,281][INFO ][cluster.metadata         ] [Crossbones] [test] deleting index
    [2021-04-10 20:20:30,343][INFO ][cluster.metadata         ] [Crossbones] [test] creating index, cause [api], shards [1]/[0], mappings [default]
    [2021-04-10 20:20:30,731][INFO ][cluster.metadata         ] [Crossbones] [test] update_mapping [default] (dynamic)
    [2021-04-10 20:20:30,848][INFO ][cluster.metadata         ] [Crossbones] [test] deleting index

io.crate.client.jdbc.integrationtests.CrateJDBCIntegrationTest > testConnectionWithCustomSchema STANDARD_OUT
    [2021-04-10 20:20:30,894][INFO ][cluster.metadata         ] [Crossbones] [test] creating index, cause [api], shards [1]/[0], mappings [default]
    [2021-04-10 20:20:30,931][INFO ][cluster.metadata         ] [Crossbones] [test] update_mapping [default] (dynamic)
    [2021-04-10 20:20:31,019][INFO ][cluster.metadata         ] [Crossbones] [foo.t] creating index, cause [api], shards [5]/[0], mappings [default]
    [2021-04-10 20:20:31,206][INFO ][cluster.metadata         ] [Crossbones] [bar.t] creating index, cause [api], shards [5]/[0], mappings [default]
    [2021-04-10 20:20:31,394][INFO ][cluster.metadata         ] [Crossbones] [test] deleting index
    [2021-04-10 20:20:31,413][INFO ][cluster.metadata         ] [Crossbones] [foo.t] deleting index
    [2021-04-10 20:20:31,460][INFO ][cluster.metadata         ] [Crossbones] [bar.t] deleting index

io.crate.client.jdbc.integrationtests.CrateJDBCIntegrationTest > testExcludeNestedColumns STANDARD_OUT
    [2021-04-10 20:20:31,529][INFO ][cluster.metadata         ] [Crossbones] [test] creating index, cause [api], shards [1]/[0], mappings [default]
    [2021-04-10 20:20:31,570][INFO ][cluster.metadata         ] [Crossbones] [test] update_mapping [default] (dynamic)

io.crate.client.jdbc.integrationtests.CrateJDBCIntegrationTest > testExcludeNestedColumns FAILED
    java.lang.AssertionError at CrateJDBCIntegrationTest.java:224

io.crate.client.jdbc.integrationtests.CrateJDBCIntegrationTest > testExecuteBatchPreparedStatementFailOne STANDARD_OUT
    [2021-04-10 20:20:31,694][INFO ][cluster.metadata         ] [Crossbones] [test] deleting index
    [2021-04-10 20:20:31,750][INFO ][cluster.metadata         ] [Crossbones] [test] creating index, cause [api], shards [1]/[0], mappings [default]
    [2021-04-10 20:20:31,782][INFO ][cluster.metadata         ] [Crossbones] [test] update_mapping [default] (dynamic)

io.crate.client.jdbc.integrationtests.CrateJDBCIntegrationTest > testExecuteBatchStatement STANDARD_OUT
    [2021-04-10 20:20:31,889][INFO ][cluster.metadata         ] [Crossbones] [test] deleting index
    [2021-04-10 20:20:31,935][INFO ][cluster.metadata         ] [Crossbones] [test] creating index, cause [api], shards [1]/[0], mappings [default]
    [2021-04-10 20:20:31,971][INFO ][cluster.metadata         ] [Crossbones] [test] update_mapping [default] (dynamic)

io.crate.client.jdbc.integrationtests.CrateJDBCIntegrationTest > testTypesResponseNoResult STANDARD_OUT
    [2021-04-10 20:20:32,079][INFO ][cluster.metadata         ] [Crossbones] [test] deleting index
    [2021-04-10 20:20:32,121][INFO ][cluster.metadata         ] [Crossbones] [test] creating index, cause [api], shards [1]/[0], mappings [default]

io.crate.client.jdbc.integrationtests.CrateJDBCIntegrationTest > testSelectUsingPreparedStatement STANDARD_OUT
    [2021-04-10 20:20:32,173][INFO ][cluster.metadata         ] [Crossbones] [test] update_mapping [default] (dynamic)
    [2021-04-10 20:20:32,233][INFO ][cluster.metadata         ] [Crossbones] [test] deleting index
    [2021-04-10 20:20:32,284][INFO ][cluster.metadata         ] [Crossbones] [test] creating index, cause [api], shards [1]/[0], mappings [default]
    [2021-04-10 20:20:32,312][INFO ][cluster.metadata         ] [Crossbones] [test] update_mapping [default] (dynamic)

io.crate.client.jdbc.integrationtests.CrateJDBCIntegrationTest > testSelectAllTypes STANDARD_OUT
    [2021-04-10 20:20:32,400][INFO ][cluster.metadata         ] [Crossbones] [test] deleting index
    [2021-04-10 20:20:32,443][INFO ][cluster.metadata         ] [Crossbones] [test] creating index, cause [api], shards [1]/[0], mappings [default]
    [2021-04-10 20:20:32,480][INFO ][cluster.metadata         ] [Crossbones] [test] update_mapping [default] (dynamic)

io.crate.client.jdbc.integrationtests.CrateJDBCIntegrationTest > testExecuteBatchPreparedStatement STANDARD_OUT
    [2021-04-10 20:20:32,607][INFO ][cluster.metadata         ] [Crossbones] [test] deleting index
    [2021-04-10 20:20:32,658][INFO ][cluster.metadata         ] [Crossbones] [test] creating index, cause [api], shards [1]/[0], mappings [default]
    [2021-04-10 20:20:32,690][INFO ][cluster.metadata         ] [Crossbones] [test] update_mapping [default] (dynamic)

io.crate.client.jdbc.integrationtests.CrateJDBCIntegrationTest > testExecuteBatchPreparedStatementFailBulkTypes STANDARD_OUT
    [2021-04-10 20:20:32,804][INFO ][cluster.metadata         ] [Crossbones] [test] deleting index
    [2021-04-10 20:20:32,850][INFO ][cluster.metadata         ] [Crossbones] [test] creating index, cause [api], shards [1]/[0], mappings [default]
    [2021-04-10 20:20:32,880][INFO ][cluster.metadata         ] [Crossbones] [test] update_mapping [default] (dynamic)

io.crate.client.jdbc.integrationtests.CrateJDBCIntegrationTest > testExecuteBatchStatementFail STANDARD_OUT
    [2021-04-10 20:20:32,972][INFO ][cluster.metadata         ] [Crossbones] [test] deleting index
    [2021-04-10 20:20:33,013][INFO ][cluster.metadata         ] [Crossbones] [test] creating index, cause [api], shards [1]/[0], mappings [default]
    [2021-04-10 20:20:33,058][INFO ][cluster.metadata         ] [Crossbones] [test] update_mapping [default] (dynamic)

io.crate.client.jdbc.integrationtests.CrateJDBCIntegrationTest STANDARD_OUT
    Stopping crate server process...

io.crate.client.jdbc.integrationtests.CrateJDBCMultiServerIntegrationTest STANDARD_OUT
    Starting crate server process...
    Picked up _JAVA_OPTIONS: -Xmx1g -XX:MaxPermSize=256m
    Java HotSpot(TM) 64-Bit Server VM warning: ignoring option MaxPermSize=256m; support was removed in 8.0
    [2021-04-10 20:20:34,188][INFO ][node                     ] [Coachwhip] version[1.4.4], pid[3985], build[${build/NA]
    [2021-04-10 20:20:34,188][INFO ][node                     ] [Coachwhip] initializing ...
    [2021-04-10 20:20:34,321][INFO ][io.crate.plugin          ] [Coachwhip] plugins loaded: [] 
    [2021-04-10 20:20:34,322][INFO ][plugins                  ] [Coachwhip] loaded [crate-core], sites [crate-admin]
    [2021-04-10 20:20:34,347][INFO ][io.crate.plugin          ] [Coachwhip] plugins loaded: [] 
    [2021-04-10 20:20:34,626][INFO ][io.crate.module          ] [Coachwhip] configuring crate. version: 0.49.2
    [2021-04-10 20:20:37,356][INFO ][io.crate.rest            ] [Coachwhip] Elasticsearch HTTP REST API not enabled
    [2021-04-10 20:20:37,410][INFO ][node                     ] [Coachwhip] initialized
    [2021-04-10 20:20:37,411][INFO ][node                     ] [Coachwhip] starting ...
    [2021-04-10 20:20:37,412][INFO ][io.crate.blob.BlobService] [Coachwhip] BlobService.doStart() io.crate.blob.BlobService@5a30722c
    [2021-04-10 20:20:37,510][INFO ][http                     ] [Coachwhip] bound_address {inet[/127.0.0.1:41841]}, publish_address {inet[/127.0.0.1:41841]}
    [2021-04-10 20:20:37,624][INFO ][transport                ] [Coachwhip] bound_address {inet[/127.0.0.1:43889]}, publish_address {inet[/127.0.0.1:43889]}
    [2021-04-10 20:20:37,639][INFO ][discovery                ] [Coachwhip] MultiServerJDBCTest/KVUzeDfyTiGeRfNOAuSWug
    Starting crate server process...
    [2021-04-10 20:20:40,679][INFO ][cluster.service          ] [Coachwhip] new_master [Coachwhip][KVUzeDfyTiGeRfNOAuSWug][97c4e6d794bc][inet[/127.0.0.1:43889]]{http_address=http://127.0.0.1:41841}, reason: zen-disco-join (elected_as_master)
    [2021-04-10 20:20:40,694][INFO ][node                     ] [Coachwhip] started
    [2021-04-10 20:20:40,749][INFO ][gateway                  ] [Coachwhip] recovered [0] indices into cluster_state
    Picked up _JAVA_OPTIONS: -Xmx1g -XX:MaxPermSize=256m
    Java HotSpot(TM) 64-Bit Server VM warning: ignoring option MaxPermSize=256m; support was removed in 8.0
    [2021-04-10 20:20:41,291][INFO ][node                     ] [Smasher] version[1.4.4], pid[4335], build[${build/NA]
    [2021-04-10 20:20:41,292][INFO ][node                     ] [Smasher] initializing ...
    [2021-04-10 20:20:41,402][INFO ][io.crate.plugin          ] [Smasher] plugins loaded: [] 
    [2021-04-10 20:20:41,404][INFO ][plugins                  ] [Smasher] loaded [crate-core], sites [crate-admin]
    [2021-04-10 20:20:41,430][INFO ][io.crate.plugin          ] [Smasher] plugins loaded: [] 
    [2021-04-10 20:20:41,727][INFO ][io.crate.module          ] [Smasher] configuring crate. version: 0.49.2
    [2021-04-10 20:20:44,539][INFO ][io.crate.rest            ] [Smasher] Elasticsearch HTTP REST API not enabled
    [2021-04-10 20:20:44,659][INFO ][node                     ] [Smasher] initialized
    [2021-04-10 20:20:44,660][INFO ][node                     ] [Smasher] starting ...
    [2021-04-10 20:20:44,662][INFO ][io.crate.blob.BlobService] [Smasher] BlobService.doStart() io.crate.blob.BlobService@5a30722c
    [2021-04-10 20:20:44,788][INFO ][http                     ] [Smasher] bound_address {inet[/127.0.0.1:40167]}, publish_address {inet[/127.0.0.1:40167]}
    [2021-04-10 20:20:44,906][INFO ][transport                ] [Smasher] bound_address {inet[/127.0.0.1:41569]}, publish_address {inet[/127.0.0.1:41569]}
    [2021-04-10 20:20:44,928][INFO ][discovery                ] [Smasher] MultiServerJDBCTest/MX2aSMBlQJCqx7BPQF4b_w
    [2021-04-10 20:20:48,029][INFO ][cluster.service          ] [Smasher] detected_master [Coachwhip][KVUzeDfyTiGeRfNOAuSWug][97c4e6d794bc][inet[/127.0.0.1:43889]]{http_address=http://127.0.0.1:41841}, added {[Coachwhip][KVUzeDfyTiGeRfNOAuSWug][97c4e6d794bc][inet[/127.0.0.1:43889]]{http_address=http://127.0.0.1:41841},}, reason: zen-disco-receive(from master [[Coachwhip][KVUzeDfyTiGeRfNOAuSWug][97c4e6d794bc][inet[/127.0.0.1:43889]]{http_address=http://127.0.0.1:41841}])
    [2021-04-10 20:20:48,008][INFO ][cluster.service          ] [Coachwhip] added {[Smasher][MX2aSMBlQJCqx7BPQF4b_w][97c4e6d794bc][inet[/127.0.0.1:41569]]{http_address=http://127.0.0.1:40167},}, reason: zen-disco-receive(join from node[[Smasher][MX2aSMBlQJCqx7BPQF4b_w][97c4e6d794bc][inet[/127.0.0.1:41569]]{http_address=http://127.0.0.1:40167}])
    [2021-04-10 20:20:48,071][INFO ][node                     ] [Smasher] started
    Stopping crate server process...
    [2021-04-10 20:20:48,291][INFO ][cluster.service          ] [Coachwhip] removed {[Smasher][MX2aSMBlQJCqx7BPQF4b_w][97c4e6d794bc][inet[/127.0.0.1:41569]]{http_address=http://127.0.0.1:40167},}, reason: zen-disco-node_left([Smasher][MX2aSMBlQJCqx7BPQF4b_w][97c4e6d794bc][inet[/127.0.0.1:41569]]{http_address=http://127.0.0.1:40167})
    Stopping crate server process...

67 tests completed, 1 failed
:test FAILED

FAILURE: Build failed with an exception.

* What went wrong:
Execution failed for task ':test'.
> There were failing tests. See the report at: file:///home/travis/build/failed/crate/crate-jdbc/build/reports/tests/index.html

* Try:
Run with --info or --debug option to get more log output.

* Exception is:
org.gradle.api.tasks.TaskExecutionException: Execution failed for task ':test'.
	at org.gradle.api.internal.tasks.execution.ExecuteActionsTaskExecuter.executeActions(ExecuteActionsTaskExecuter.java:69)
	at org.gradle.api.internal.tasks.execution.ExecuteActionsTaskExecuter.execute(ExecuteActionsTaskExecuter.java:46)
	at org.gradle.api.internal.tasks.execution.PostExecutionAnalysisTaskExecuter.execute(PostExecutionAnalysisTaskExecuter.java:35)
	at org.gradle.api.internal.tasks.execution.SkipUpToDateTaskExecuter.execute(SkipUpToDateTaskExecuter.java:64)
	at org.gradle.api.internal.tasks.execution.ValidatingTaskExecuter.execute(ValidatingTaskExecuter.java:58)
	at org.gradle.api.internal.tasks.execution.SkipEmptySourceFilesTaskExecuter.execute(SkipEmptySourceFilesTaskExecuter.java:42)
	at org.gradle.api.internal.tasks.execution.SkipTaskWithNoActionsExecuter.execute(SkipTaskWithNoActionsExecuter.java:52)
	at org.gradle.api.internal.tasks.execution.SkipOnlyIfTaskExecuter.execute(SkipOnlyIfTaskExecuter.java:53)
	at org.gradle.api.internal.tasks.execution.ExecuteAtMostOnceTaskExecuter.execute(ExecuteAtMostOnceTaskExecuter.java:43)
	at org.gradle.api.internal.AbstractTask.executeWithoutThrowingTaskFailure(AbstractTask.java:305)
	at org.gradle.execution.taskgraph.AbstractTaskPlanExecutor$TaskExecutorWorker.executeTask(AbstractTaskPlanExecutor.java:79)
	at org.gradle.execution.taskgraph.AbstractTaskPlanExecutor$TaskExecutorWorker.processTask(AbstractTaskPlanExecutor.java:63)
	at org.gradle.execution.taskgraph.AbstractTaskPlanExecutor$TaskExecutorWorker.run(AbstractTaskPlanExecutor.java:51)
	at org.gradle.execution.taskgraph.DefaultTaskPlanExecutor.process(DefaultTaskPlanExecutor.java:23)
	at org.gradle.execution.taskgraph.DefaultTaskGraphExecuter.execute(DefaultTaskGraphExecuter.java:88)
	at org.gradle.execution.SelectedTaskExecutionAction.execute(SelectedTaskExecutionAction.java:29)
	at org.gradle.execution.DefaultBuildExecuter.execute(DefaultBuildExecuter.java:62)
	at org.gradle.execution.DefaultBuildExecuter.access$200(DefaultBuildExecuter.java:23)
	at org.gradle.execution.DefaultBuildExecuter$2.proceed(DefaultBuildExecuter.java:68)
	at org.gradle.execution.DryRunBuildExecutionAction.execute(DryRunBuildExecutionAction.java:32)
	at org.gradle.execution.DefaultBuildExecuter.execute(DefaultBuildExecuter.java:62)
	at org.gradle.execution.DefaultBuildExecuter.execute(DefaultBuildExecuter.java:55)
	at org.gradle.initialization.DefaultGradleLauncher.doBuildStages(DefaultGradleLauncher.java:149)
	at org.gradle.initialization.DefaultGradleLauncher.doBuild(DefaultGradleLauncher.java:106)
	at org.gradle.initialization.DefaultGradleLauncher.run(DefaultGradleLauncher.java:86)
	at org.gradle.launcher.exec.InProcessBuildActionExecuter$DefaultBuildController.run(InProcessBuildActionExecuter.java:80)
	at org.gradle.launcher.cli.ExecuteBuildAction.run(ExecuteBuildAction.java:33)
	at org.gradle.launcher.cli.ExecuteBuildAction.run(ExecuteBuildAction.java:24)
	at org.gradle.launcher.exec.InProcessBuildActionExecuter.execute(InProcessBuildActionExecuter.java:36)
	at org.gradle.launcher.exec.InProcessBuildActionExecuter.execute(InProcessBuildActionExecuter.java:26)
	at org.gradle.launcher.cli.RunBuildAction.run(RunBuildAction.java:51)
	at org.gradle.internal.Actions$RunnableActionAdapter.execute(Actions.java:171)
	at org.gradle.launcher.cli.CommandLineActionFactory$ParseAndBuildAction.execute(CommandLineActionFactory.java:237)
	at org.gradle.launcher.cli.CommandLineActionFactory$ParseAndBuildAction.execute(CommandLineActionFactory.java:210)
	at org.gradle.launcher.cli.JavaRuntimeValidationAction.execute(JavaRuntimeValidationAction.java:35)
	at org.gradle.launcher.cli.JavaRuntimeValidationAction.execute(JavaRuntimeValidationAction.java:24)
	at org.gradle.launcher.cli.CommandLineActionFactory$WithLogging.execute(CommandLineActionFactory.java:206)
	at org.gradle.launcher.cli.CommandLineActionFactory$WithLogging.execute(CommandLineActionFactory.java:169)
	at org.gradle.launcher.cli.ExceptionReportingAction.execute(ExceptionReportingAction.java:33)
	at org.gradle.launcher.cli.ExceptionReportingAction.execute(ExceptionReportingAction.java:22)
	at org.gradle.launcher.Main.doAction(Main.java:33)
	at org.gradle.launcher.bootstrap.EntryPoint.run(EntryPoint.java:45)
	at org.gradle.launcher.bootstrap.ProcessBootstrap.runNoExit(ProcessBootstrap.java:54)
	at org.gradle.launcher.bootstrap.ProcessBootstrap.run(ProcessBootstrap.java:35)
	at org.gradle.launcher.GradleMain.main(GradleMain.java:23)
	at org.gradle.wrapper.BootstrapMainStarter.start(BootstrapMainStarter.java:30)
	at org.gradle.wrapper.WrapperExecutor.execute(WrapperExecutor.java:127)
	at org.gradle.wrapper.GradleWrapperMain.main(GradleWrapperMain.java:55)
Caused by: org.gradle.api.GradleException: There were failing tests. See the report at: file:///home/travis/build/failed/crate/crate-jdbc/build/reports/tests/index.html
	at org.gradle.api.tasks.testing.Test.handleTestFailures(Test.java:1111)
	at org.gradle.api.tasks.testing.Test.executeTests(Test.java:542)
	at org.gradle.internal.reflect.JavaMethod.invoke(JavaMethod.java:63)
	at org.gradle.api.internal.project.taskfactory.AnnotationProcessingTaskFactory$StandardTaskAction.doExecute(AnnotationProcessingTaskFactory.java:218)
	at org.gradle.api.internal.project.taskfactory.AnnotationProcessingTaskFactory$StandardTaskAction.execute(AnnotationProcessingTaskFactory.java:211)
	at org.gradle.api.internal.project.taskfactory.AnnotationProcessingTaskFactory$StandardTaskAction.execute(AnnotationProcessingTaskFactory.java:200)
	at org.gradle.api.internal.AbstractTask$TaskActionWrapper.execute(AbstractTask.java:579)
	at org.gradle.api.internal.AbstractTask$TaskActionWrapper.execute(AbstractTask.java:562)
	at org.gradle.api.internal.tasks.execution.ExecuteActionsTaskExecuter.executeAction(ExecuteActionsTaskExecuter.java:80)
	at org.gradle.api.internal.tasks.execution.ExecuteActionsTaskExecuter.executeActions(ExecuteActionsTaskExecuter.java:61)
	... 47 more


BUILD FAILED

Total time: 1 mins 9.25 secs

travis_time:end:1563d4bc:start=1618085979794521234,finish=1618086049516856576,duration=69722335342[0K
[31;1mThe command "./gradlew test -s" exited with 1.[0m
travis_fold:start:cache.2[0Kstore build cache
travis_time:start:04430e8e[0K
travis_time:end:04430e8e:start=1618086049526423115,finish=1618086049534807917,duration=8384802[0Ktravis_time:start:0b1ae360[0K/home/travis/.casher/bin/casher:190: warning: Insecure world writable dir /home/travis/build/failed/crate/crate-jdbc/. in PATH, mode 040777
[32;1mchanges detected, packing new archive[0m
/home/travis/.casher/bin/casher:213:in `cache_archive_name': undefined method `[]' for nil:NilClass (NoMethodError)
	from /home/travis/.casher/bin/casher:143:in `push'
	from /home/travis/.casher/bin/casher:53:in `block in run'
	from /home/travis/.rvm/rubies/ruby-1.9.3-p551/lib/ruby/1.9.1/timeout.rb:69:in `timeout'
	from /home/travis/.casher/bin/casher:53:in `run'
	from /home/travis/.casher/bin/casher:263:in `<main>'

travis_time:end:0b1ae360:start=1618086049544817613,finish=1618086051366586718,duration=1821769105[0Ktravis_fold:end:cache.2[0K
Done. Your build exited with 1.
