travis_fold:start:system_info[0K[33;1mBuild system information[0m
Build language: python
Build group: stable
Build dist: precise
Build id: ''
Job id: ''
[34m[1mBuild image provisioning date and time[0m
Thu Feb  5 15:09:33 UTC 2015
[34m[1mOperating System Details[0m
Distributor ID:	Ubuntu
Description:	Ubuntu 12.04.5 LTS
Release:	12.04
Codename:	precise
[34m[1mLinux Version[0m
3.13.0-29-generic
[34m[1mCookbooks Version[0m
a68419e https://github.com/travis-ci/travis-cookbooks/tree/a68419e
[34m[1mGCC version[0m
gcc (Ubuntu/Linaro 4.6.3-1ubuntu5) 4.6.3
Copyright (C) 2011 Free Software Foundation, Inc.
This is free software; see the source for copying conditions.  There is NO
warranty; not even for MERCHANTABILITY or FITNESS FOR A PARTICULAR PURPOSE.

[34m[1mLLVM version[0m
clang version 3.4 (tags/RELEASE_34/final)
Target: x86_64-unknown-linux-gnu
Thread model: posix
[34m[1mPre-installed Ruby versions[0m
ruby-1.9.3-p551
[34m[1mPre-installed Node.js versions[0m
v0.10.36
[34m[1mPre-installed Go versions[0m
1.4.1
[34m[1mRedis version[0m
redis-server 2.8.19
[34m[1mriak version[0m
2.0.2
[34m[1mMongoDB version[0m
MongoDB 2.4.12
[34m[1mCouchDB version[0m
couchdb 1.6.1
[34m[1mNeo4j version[0m
1.9.4
[34m[1mRabbitMQ Version[0m
3.4.3
[34m[1mElasticSearch version[0m
1.4.0
[34m[1mInstalled Sphinx versions[0m
2.0.10
2.1.9
2.2.6
[34m[1mDefault Sphinx version[0m
2.2.6
[34m[1mInstalled Firefox version[0m
firefox 31.0esr
[34m[1mPhantomJS version[0m
1.9.8
[34m[1mant -version[0m
Apache Ant(TM) version 1.8.2 compiled on December 3 2011
[34m[1mmvn -version[0m
Apache Maven 3.2.5 (12a6b3acb947671f09b81f49094c53f426d8cea1; 2014-12-14T17:29:23+00:00)
Maven home: /usr/local/maven
Java version: 1.7.0_76, vendor: Oracle Corporation
Java home: /usr/lib/jvm/java-7-oracle/jre
Default locale: en_US, platform encoding: ANSI_X3.4-1968
OS name: "linux", version: "3.13.0-29-generic", arch: "amd64", family: "unix"
travis_fold:end:system_info[0K
[33;1m3.6 is not installed; attempting download[0m
[33;1mDownloading archive: https://s3.amazonaws.com/travis-python-archives/binaries/ubuntu/12.04/x86_64/python-3.6.tar.bz2[0m
$ sudo tar xjf python-3.6.tar.bz2 --directory /
$ cd failed/glennmatthews/cot
travis_fold:start:apt[0K[33;1mInstalling APT Packages (BETA)[0m
$ export DEBIAN_FRONTEND=noninteractive
travis_time:start:054048f0[0K$ sudo -E apt-get -yq update &>> ~/apt-get-update.log

travis_time:end:054048f0:start=1597526100915765396,finish=1597526105546600022,duration=4630834626[0Ktravis_time:start:2198ece3[0K$ sudo -E apt-get -yq --no-install-suggests --no-install-recommends --force-yes install make gcc qemu-utils xorriso zlib1g-dev
Reading package lists...
Building dependency tree...
Reading state information...
gcc is already the newest version.
gcc set to manually installed.
zlib1g-dev is already the newest version.
zlib1g-dev set to manually installed.
make is already the newest version.
make set to manually installed.
The following extra packages will be installed:
  libaio1 libburn4 libisoburn1 libisofs6 libjte1 librados2 librbd1
Suggested packages:
  jigit cdck
The following NEW packages will be installed:
  libaio1 libburn4 libisoburn1 libisofs6 libjte1 librados2 librbd1 qemu-utils
  xorriso
0 upgraded, 9 newly installed, 0 to remove and 238 not upgraded.
Need to get 1,939 kB of archives.
After this operation, 4,723 kB of additional disk space will be used.
Get:1 http://us.archive.ubuntu.com/ubuntu/ precise/main libaio1 amd64 0.3.109-2ubuntu1 [6,396 B]
Get:2 http://us.archive.ubuntu.com/ubuntu/ precise/main libburn4 amd64 1.1.8-1 [129 kB]
Get:3 http://us.archive.ubuntu.com/ubuntu/ precise/main libjte1 amd64 1.19-1 [28.0 kB]
Get:4 http://us.archive.ubuntu.com/ubuntu/ precise/main libisofs6 amd64 1.1.6-1ubuntu1 [148 kB]
Get:5 http://us.archive.ubuntu.com/ubuntu/ precise/main libisoburn1 amd64 1.1.8-1 [337 kB]
Get:6 http://us.archive.ubuntu.com/ubuntu/ precise-updates/main librados2 amd64 0.41-1ubuntu2.1 [784 kB]
Get:7 http://us.archive.ubuntu.com/ubuntu/ precise-updates/main librbd1 amd64 0.41-1ubuntu2.1 [49.8 kB]
Get:8 http://us.archive.ubuntu.com/ubuntu/ precise-updates/main qemu-utils amd64 1.0+noroms-0ubuntu14.31 [357 kB]
Get:9 http://us.archive.ubuntu.com/ubuntu/ precise/main xorriso amd64 1.1.8-1 [100 kB]
Fetched 1,939 kB in 0s (2,672 kB/s)
Selecting previously unselected package libaio1.
(Reading database ... 72431 files and directories currently installed.)
Unpacking libaio1 (from .../libaio1_0.3.109-2ubuntu1_amd64.deb) ...
Selecting previously unselected package libburn4.
Unpacking libburn4 (from .../libburn4_1.1.8-1_amd64.deb) ...
Selecting previously unselected package libjte1.
Unpacking libjte1 (from .../libjte1_1.19-1_amd64.deb) ...
Selecting previously unselected package libisofs6.
Unpacking libisofs6 (from .../libisofs6_1.1.6-1ubuntu1_amd64.deb) ...
Selecting previously unselected package libisoburn1.
Unpacking libisoburn1 (from .../libisoburn1_1.1.8-1_amd64.deb) ...
Selecting previously unselected package librados2.
Unpacking librados2 (from .../librados2_0.41-1ubuntu2.1_amd64.deb) ...
Selecting previously unselected package librbd1.
Unpacking librbd1 (from .../librbd1_0.41-1ubuntu2.1_amd64.deb) ...
Selecting previously unselected package qemu-utils.
Unpacking qemu-utils (from .../qemu-utils_1.0+noroms-0ubuntu14.31_amd64.deb) ...
Selecting previously unselected package xorriso.
Unpacking xorriso (from .../xorriso_1.1.8-1_amd64.deb) ...
Processing triggers for man-db ...
Setting up libaio1 (0.3.109-2ubuntu1) ...
Setting up libburn4 (1.1.8-1) ...
Setting up libjte1 (1.19-1) ...
Setting up libisofs6 (1.1.6-1ubuntu1) ...
Setting up libisoburn1 (1.1.8-1) ...
Setting up librados2 (0.41-1ubuntu2.1) ...
Setting up librbd1 (0.41-1ubuntu2.1) ...
Setting up qemu-utils (1.0+noroms-0ubuntu14.31) ...
Setting up xorriso (1.1.8-1) ...
Processing triggers for libc-bin ...
ldconfig deferred processing now taking place

travis_time:end:2198ece3:start=1597526105556868434,finish=1597526113113010813,duration=7556142379[0Ktravis_fold:end:apt[0Ktravis_time:start:0b5e5d8c[0K$ source ~/virtualenv/python3.6/bin/activate

travis_time:end:0b5e5d8c:start=1597526113271854863,finish=1597526113282051769,duration=10196906[0Ktravis_fold:start:cache.1[0KSetting up build cache
$ export CASHER_DIR=$HOME/.casher
travis_time:start:1619b890[0K$ Installing caching utilities

travis_time:end:1619b890:start=1597526113671766849,finish=1597526113728474566,duration=56707717[0Ktravis_time:start:156ec11e[0K
travis_time:end:156ec11e:start=1597526113742466098,finish=1597526113752310786,duration=9844688[0Ktravis_time:start:1666a18c[0K[32;1mattempting to download cache archive[0m

travis_time:end:1666a18c:start=1597526113763278548,finish=1597526114553294100,duration=790015552[0Ktravis_time:start:0a2382ac[0K
travis_time:end:0a2382ac:start=1597526114562474327,finish=1597526114570750663,duration=8276336[0Ktravis_time:start:14d310cc[0K[32;1madding /home/travis/.cache/pip to cache[0m

travis_time:end:14d310cc:start=1597526114579162634,finish=1597526115337968619,duration=758805985[0Ktravis_fold:end:cache.1[0K$ python --version
Python 3.6.7
$ pip --version
pip 18.1 from /home/travis/virtualenv/python3.6.7/lib/python3.6/site-packages/pip (python 3.6)
travis_fold:start:install.1[0Ktravis_time:start:0004edba[0K$ pip install --upgrade pip==9.0.1 setuptools==34.3.2
Collecting pip==9.0.1
  Downloading https://files.pythonhosted.org/packages/b6/ac/7015eb97dc749283ffdec1c3a88ddb8ae03b8fad0f0e611408f196358da3/pip-9.0.1-py2.py3-none-any.whl (1.3MB)
Collecting setuptools==34.3.2
  Downloading https://files.pythonhosted.org/packages/de/b2/b63accae9aa1a4cf02e03c7522102f686a1bd9b8b1b847716198152d2c63/setuptools-34.3.2-py2.py3-none-any.whl (389kB)
Requirement already satisfied, skipping upgrade: six>=1.6.0 in /home/travis/virtualenv/python3.6.7/lib/python3.6/site-packages (from setuptools==34.3.2) (1.11.0)
Collecting packaging>=16.8 (from setuptools==34.3.2)
  Downloading https://files.pythonhosted.org/packages/46/19/c5ab91b1b05cfe63cccd5cfc971db9214c6dd6ced54e33c30d5af1d2bc43/packaging-20.4-py2.py3-none-any.whl
Collecting appdirs>=1.4.0 (from setuptools==34.3.2)
  Downloading https://files.pythonhosted.org/packages/3b/00/2344469e2084fb287c2e0b57b72910309874c3245463acd6cf5e3db69324/appdirs-1.4.4-py2.py3-none-any.whl
Collecting pyparsing>=2.0.2 (from packaging>=16.8->setuptools==34.3.2)
  Downloading https://files.pythonhosted.org/packages/8a/bb/488841f56197b13700afd5658fc279a2025a39e22449b7cf29864669b15d/pyparsing-2.4.7-py2.py3-none-any.whl (67kB)
Installing collected packages: pip, pyparsing, packaging, appdirs, setuptools
  Found existing installation: pip 18.1
    Uninstalling pip-18.1:
      Successfully uninstalled pip-18.1
  Found existing installation: setuptools 40.4.3
    Uninstalling setuptools-40.4.3:
      Successfully uninstalled setuptools-40.4.3
Successfully installed appdirs-1.4.4 packaging-20.4 pip-9.0.1 pyparsing-2.4.7 setuptools-34.3.2

travis_time:end:0004edba:start=1597526116804942850,finish=1597526120607381455,duration=3802438605[0Ktravis_fold:end:install.1[0Ktravis_fold:start:install.2[0Ktravis_time:start:14737dfd[0K$ pip install tox-travis==0.8
Collecting tox-travis==0.8
  Downloading https://files.pythonhosted.org/packages/1f/b5/030fcb9c925c5096bb5dad662789167b496bf19cb8449eb7ecc454cc9206/tox_travis-0.8-py2.py3-none-any.whl
Collecting tox>=2.0 (from tox-travis==0.8)
  Downloading https://files.pythonhosted.org/packages/a4/eb/09b02408f46cd18cc8345849dbf42a7d823ebe1cc8522517dc7b1a924ce5/tox-3.19.0-py2.py3-none-any.whl (83kB)
Requirement already satisfied: py>=1.4.17 in /home/travis/virtualenv/python3.6.7/lib/python3.6/site-packages (from tox>=2.0->tox-travis==0.8)
Requirement already satisfied: packaging>=14 in /home/travis/virtualenv/python3.6.7/lib/python3.6/site-packages (from tox>=2.0->tox-travis==0.8)
Collecting toml>=0.9.4 (from tox>=2.0->tox-travis==0.8)
  Downloading https://files.pythonhosted.org/packages/9f/e1/1b40b80f2e1663a6b9f497123c11d7d988c0919abbf3c3f2688e448c5363/toml-0.10.1-py2.py3-none-any.whl
Collecting filelock>=3.0.0 (from tox>=2.0->tox-travis==0.8)
  Downloading https://files.pythonhosted.org/packages/93/83/71a2ee6158bb9f39a90c0dea1637f81d5eef866e188e1971a1b1ab01a35a/filelock-3.0.12-py3-none-any.whl
Requirement already satisfied: virtualenv!=20.0.0,!=20.0.1,!=20.0.2,!=20.0.3,!=20.0.4,!=20.0.5,!=20.0.6,!=20.0.7,>=16.0.0 in /home/travis/virtualenv/python3.6.7/lib/python3.6/site-packages (from tox>=2.0->tox-travis==0.8)
Collecting importlib-metadata<2,>=0.12; python_version < "3.8" (from tox>=2.0->tox-travis==0.8)
  Downloading https://files.pythonhosted.org/packages/8e/58/cdea07eb51fc2b906db0968a94700866fc46249bdc75cac23f9d13168929/importlib_metadata-1.7.0-py2.py3-none-any.whl
Collecting pluggy>=0.12.0 (from tox>=2.0->tox-travis==0.8)
  Downloading https://files.pythonhosted.org/packages/a0/28/85c7aa31b80d150b772fbe4a229487bc6644da9ccb7e427dd8cc60cb8a62/pluggy-0.13.1-py2.py3-none-any.whl
Collecting six>=1.14.0 (from tox>=2.0->tox-travis==0.8)
  Downloading https://files.pythonhosted.org/packages/ee/ff/48bde5c0f013094d729fe4b0316ba2a24774b3ff1c52d924a8a4cb04078a/six-1.15.0-py2.py3-none-any.whl
Requirement already satisfied: pyparsing>=2.0.2 in /home/travis/virtualenv/python3.6.7/lib/python3.6/site-packages (from packaging>=14->tox>=2.0->tox-travis==0.8)
Collecting zipp>=0.5 (from importlib-metadata<2,>=0.12; python_version < "3.8"->tox>=2.0->tox-travis==0.8)
  Downloading https://files.pythonhosted.org/packages/b2/34/bfcb43cc0ba81f527bc4f40ef41ba2ff4080e047acb0586b56b3d017ace4/zipp-3.1.0-py3-none-any.whl
Installing collected packages: toml, filelock, zipp, importlib-metadata, pluggy, six, tox, tox-travis
  Found existing installation: pluggy 0.8.0
    Uninstalling pluggy-0.8.0:
      Successfully uninstalled pluggy-0.8.0
  Found existing installation: six 1.11.0
    Uninstalling six-1.11.0:
      Successfully uninstalled six-1.11.0
Successfully installed filelock-3.0.12 importlib-metadata-1.7.0 pluggy-0.13.1 six-1.15.0 toml-0.10.1 tox-3.19.0 tox-travis-0.8 zipp-3.1.0

travis_time:end:14737dfd:start=1597526120618044237,finish=1597526123473207399,duration=2855163162[0Ktravis_fold:end:install.2[0Ktravis_fold:start:install.3[0Ktravis_time:start:00bcb40d[0K$ pip install codecov==2.0.5
Collecting codecov==2.0.5
  Downloading https://files.pythonhosted.org/packages/f4/d3/c060620c5e6532378df91406c2e0ab6764887c60d16d1508587073fe8135/codecov-2.0.5-py2.py3-none-any.whl
Collecting coverage (from codecov==2.0.5)
  Downloading https://files.pythonhosted.org/packages/43/36/6bad97e1d647fcb131ba898fc07dad9dd07ab9e3a963bfc097559ad938d5/coverage-5.2.1-cp36-cp36m-manylinux1_x86_64.whl (229kB)
Collecting requests>=2.0.0 (from codecov==2.0.5)
  Downloading https://files.pythonhosted.org/packages/45/1e/0c169c6a5381e241ba7404532c16a21d86ab872c9bed8bdcd4c423954103/requests-2.24.0-py2.py3-none-any.whl (61kB)
Collecting argparse (from codecov==2.0.5)
  Downloading https://files.pythonhosted.org/packages/f2/94/3af39d34be01a24a6e65433d19e107099374224905f1e0cc6bbe1fd22a2f/argparse-1.4.0-py2.py3-none-any.whl
Collecting chardet<4,>=3.0.2 (from requests>=2.0.0->codecov==2.0.5)
  Downloading https://files.pythonhosted.org/packages/bc/a9/01ffebfb562e4274b6487b4bb1ddec7ca55ec7510b22e4c51f14098443b8/chardet-3.0.4-py2.py3-none-any.whl (133kB)
Collecting idna<3,>=2.5 (from requests>=2.0.0->codecov==2.0.5)
  Downloading https://files.pythonhosted.org/packages/a2/38/928ddce2273eaa564f6f50de919327bf3a00f091b5baba8dfa9460f3a8a8/idna-2.10-py2.py3-none-any.whl (58kB)
Requirement already satisfied: certifi>=2017.4.17 in /home/travis/virtualenv/python3.6.7/lib/python3.6/site-packages (from requests>=2.0.0->codecov==2.0.5)
Collecting urllib3!=1.25.0,!=1.25.1,<1.26,>=1.21.1 (from requests>=2.0.0->codecov==2.0.5)
  Downloading https://files.pythonhosted.org/packages/9f/f0/a391d1463ebb1b233795cabfc0ef38d3db4442339de68f847026199e69d7/urllib3-1.25.10-py2.py3-none-any.whl (127kB)
Installing collected packages: coverage, chardet, idna, urllib3, requests, argparse, codecov
Successfully installed argparse-1.4.0 chardet-3.0.4 codecov-2.0.5 coverage-5.2.1 idna-2.10 requests-2.24.0 urllib3-1.25.10

travis_time:end:00bcb40d:start=1597526123484174251,finish=1597526127303749810,duration=3819575559[0Ktravis_fold:end:install.3[0Ktravis_fold:start:before_script.1[0Ktravis_time:start:03e13fce[0K$ export PATH=$PATH:$PWD/bin

travis_time:end:03e13fce:start=1597526127314326999,finish=1597526127322219991,duration=7892992[0Ktravis_fold:end:before_script.1[0Ktravis_fold:start:before_script.2[0Ktravis_time:start:058993a6[0K$ export PREFIX=$PWD

travis_time:end:058993a6:start=1597526127331706219,finish=1597526127339146756,duration=7440537[0Ktravis_fold:end:before_script.2[0Ktravis_time:start:2126f241[0K$ tox
GLOB sdist-make: /home/travis/build/failed/glennmatthews/cot/setup.py
ERROR: invocation failed (exit code 1), logfile: /home/travis/build/failed/glennmatthews/cot/.tox/log/GLOB-0.log
================================== log start ===================================
no previously-included directories found matching 'build'

Installed /home/travis/build/failed/glennmatthews/cot/.eggs/sphinx_rtd_theme-0.5.0-py3.6.egg
Searching for sphinx>=1.3.1
Reading https://pypi.python.org/simple/sphinx/
Downloading https://files.pythonhosted.org/packages/57/58/48268b16bf3e6e8288c4c6f3d500e4dd1ca0210289a5be8366bd6d2e6088/Sphinx-3.2.1.tar.gz#sha256=321d6d9b16fa381a5306e5a0b76cd48ffbc588e6340059a729c6fdd66087e0e8
Best match: Sphinx 3.2.1
Processing Sphinx-3.2.1.tar.gz
Writing /tmp/easy_install-fgb3fkic/Sphinx-3.2.1/setup.cfg
Running Sphinx-3.2.1/setup.py -q bdist_egg --dist-dir /tmp/easy_install-fgb3fkic/Sphinx-3.2.1/egg-dist-tmp-hu6g_v2s
/opt/python/3.6.7/lib/python3.6/distutils/dist.py:261: UserWarning: Unknown distribution option: 'long_description_content_type'
  warnings.warn(msg)
/opt/python/3.6.7/lib/python3.6/distutils/dist.py:261: UserWarning: Unknown distribution option: 'project_urls'
  warnings.warn(msg)
warning: no files found matching 'sphinx-autogen.py'
warning: no files found matching 'sphinx-build.py'
warning: no files found matching 'sphinx-quickstart.py'
warning: no files found matching 'sphinx-apidoc.py'
warning: no files found matching 'sphinx/locale/.tx/config'
no previously-included directories found matching 'doc/_build'
no previously-included directories found matching 'sphinx/locale/.tx'
creating /home/travis/build/failed/glennmatthews/cot/.eggs/Sphinx-3.2.1-py3.6.egg
Extracting Sphinx-3.2.1-py3.6.egg to /home/travis/build/failed/glennmatthews/cot/.eggs

Installed /home/travis/build/failed/glennmatthews/cot/.eggs/Sphinx-3.2.1-py3.6.egg
Searching for verboselogs>=1.6
Reading https://pypi.python.org/simple/verboselogs/
Downloading https://files.pythonhosted.org/packages/29/15/90ffe9bdfdd1e102bc6c21b1eea755d34e69772074b6e706cab741b9b698/verboselogs-1.7.tar.gz#sha256=e33ddedcdfdafcb3a174701150430b11b46ceb64c2a9a26198c76a156568e427
Best match: verboselogs 1.7
Processing verboselogs-1.7.tar.gz
Writing /tmp/easy_install-wj1wzmkr/verboselogs-1.7/setup.cfg
Running verboselogs-1.7/setup.py -q bdist_egg --dist-dir /tmp/easy_install-wj1wzmkr/verboselogs-1.7/egg-dist-tmp-t3z2dxx9
zip_safe flag not set; analyzing archive contents...
Moving verboselogs-1.7-py3.6.egg to /home/travis/build/failed/glennmatthews/cot/.eggs

Installed /home/travis/build/failed/glennmatthews/cot/.eggs/verboselogs-1.7-py3.6.egg
Searching for pyvmomi>=5.5.0.2014.1
Reading https://pypi.python.org/simple/pyvmomi/
Downloading https://files.pythonhosted.org/packages/5e/86/38c3031db023672b4d16557e44017c80ee3889dd0a66c5526c4cf7dccbad/pyvmomi-7.0.tar.gz#sha256=4e1802494a6bbc4c3be36afd11f730e4a85094b2074e9d5806a47131cf788232
Best match: pyvmomi 7.0
Processing pyvmomi-7.0.tar.gz
Writing /tmp/easy_install-y4upgpam/pyvmomi-7.0/setup.cfg
Running pyvmomi-7.0/setup.py -q bdist_egg --dist-dir /tmp/easy_install-y4upgpam/pyvmomi-7.0/egg-dist-tmp-wxr9vw_v
Moving pyvmomi-7.0-py3.6.egg to /home/travis/build/failed/glennmatthews/cot/.eggs

Installed /home/travis/build/failed/glennmatthews/cot/.eggs/pyvmomi-7.0-py3.6.egg
Searching for colorlog>=2.5.0
Reading https://pypi.python.org/simple/colorlog/
Downloading https://files.pythonhosted.org/packages/8b/fc/3eb32cc3c4a85d7bf5f5974abd02b3d62d1db72e3cb6704e361cce2c944a/colorlog-4.2.1.tar.gz#sha256=75e55822c3a3387d721579241e776de2cf089c9ef9528b1f09e8b04d403ad118
Best match: colorlog 4.2.1
Processing colorlog-4.2.1.tar.gz
Writing /tmp/easy_install-5hjs79h2/colorlog-4.2.1/setup.cfg
Running colorlog-4.2.1/setup.py -q bdist_egg --dist-dir /tmp/easy_install-5hjs79h2/colorlog-4.2.1/egg-dist-tmp-_y233kje
file e.py (for module e) not found
file a.py (for module a) not found
file s.py (for module s) not found
file y.py (for module y) not found
file _.py (for module _) not found
file i.py (for module i) not found
file n.py (for module n) not found
file s.py (for module s) not found
file t.py (for module t) not found
file a.py (for module a) not found
file l.py (for module l) not found
file l.py (for module l) not found
warning: no files found matching '*.py' under directory 'tests'
warning: no previously-included files found matching 'pyproject.toml'
file e.py (for module e) not found
file a.py (for module a) not found
file s.py (for module s) not found
file y.py (for module y) not found
file _.py (for module _) not found
file i.py (for module i) not found
file n.py (for module n) not found
file s.py (for module s) not found
file t.py (for module t) not found
file a.py (for module a) not found
file l.py (for module l) not found
file l.py (for module l) not found
file e.py (for module e) not found
file a.py (for module a) not found
file s.py (for module s) not found
file y.py (for module y) not found
file _.py (for module _) not found
file i.py (for module i) not found
file n.py (for module n) not found
file s.py (for module s) not found
file t.py (for module t) not found
file a.py (for module a) not found
file l.py (for module l) not found
file l.py (for module l) not found

Installed /tmp/easy_install-5hjs79h2/colorlog-4.2.1/.eggs/setuptools-49.6.0-py3.6.egg
/opt/python/3.6.7/lib/python3.6/distutils/dist.py:261: UserWarning: Unknown distribution option: 'long_description_content_type'
  warnings.warn(msg)
package init file 'colorlog/tests/__init__.py' not found (or not a regular file)
zip_safe flag not set; analyzing archive contents...
colorlog.tests.__pycache__.conftest.cpython-36: module MAY be using inspect.stack
colorlog.tests.__pycache__.test_config.cpython-36: module references __file__
creating /home/travis/build/failed/glennmatthews/cot/.eggs/colorlog-4.2.1-py3.6.egg
Extracting colorlog-4.2.1-py3.6.egg to /home/travis/build/failed/glennmatthews/cot/.eggs

Installed /home/travis/build/failed/glennmatthews/cot/.eggs/colorlog-4.2.1-py3.6.egg
Searching for imagesize
Reading https://pypi.python.org/simple/imagesize/
Downloading https://files.pythonhosted.org/packages/e4/9f/0452b459c8ba97e07c3cd2bd243783936a992006cf4cd1353c314a927028/imagesize-1.2.0.tar.gz#sha256=b1f6b5a4eab1f73479a50fb79fcf729514a900c341d8503d62a62dbc4127a2b1
Best match: imagesize 1.2.0
Processing imagesize-1.2.0.tar.gz
Writing /tmp/easy_install-p6mwp4ee/imagesize-1.2.0/setup.cfg
Running imagesize-1.2.0/setup.py -q bdist_egg --dist-dir /tmp/easy_install-p6mwp4ee/imagesize-1.2.0/egg-dist-tmp-du42aw7_
zip_safe flag not set; analyzing archive contents...
Moving imagesize-1.2.0-py3.6.egg to /home/travis/build/failed/glennmatthews/cot/.eggs

Installed /home/travis/build/failed/glennmatthews/cot/.eggs/imagesize-1.2.0-py3.6.egg
Searching for alabaster<0.8,>=0.7
Reading https://pypi.python.org/simple/alabaster/
Downloading https://files.pythonhosted.org/packages/cc/b4/ed8dcb0d67d5cfb7f83c4d5463a7614cb1d078ad7ae890c9143edebbf072/alabaster-0.7.12.tar.gz#sha256=a661d72d58e6ea8a57f7a86e37d86716863ee5e92788398526d58b26a4e4dc02
Best match: alabaster 0.7.12
Processing alabaster-0.7.12.tar.gz
Writing /tmp/easy_install-540g7ygl/alabaster-0.7.12/setup.cfg
Running alabaster-0.7.12/setup.py -q bdist_egg --dist-dir /tmp/easy_install-540g7ygl/alabaster-0.7.12/egg-dist-tmp-f8hjt0w8
warning: no files found matching 'README.md'
warning: no previously-included files matching '.*.swp' found under directory 'alabaster'
zip_safe flag not set; analyzing archive contents...
alabaster.__pycache__.__init__.cpython-36: module references __file__
creating /home/travis/build/failed/glennmatthews/cot/.eggs/alabaster-0.7.12-py3.6.egg
Extracting alabaster-0.7.12-py3.6.egg to /home/travis/build/failed/glennmatthews/cot/.eggs

Installed /home/travis/build/failed/glennmatthews/cot/.eggs/alabaster-0.7.12-py3.6.egg
Searching for babel>=1.3
Reading https://pypi.python.org/simple/babel/
Downloading https://files.pythonhosted.org/packages/34/18/8706cfa5b2c73f5a549fdc0ef2e24db71812a2685959cff31cbdfc010136/Babel-2.8.0.tar.gz#sha256=1aac2ae2d0d8ea368fa90906567f5c08463d98ade155c0c4bfedd6a0f7160e38
Best match: Babel 2.8.0
Processing Babel-2.8.0.tar.gz
Writing /tmp/easy_install-es_31tip/Babel-2.8.0/setup.cfg
Running Babel-2.8.0/setup.py -q bdist_egg --dist-dir /tmp/easy_install-es_31tip/Babel-2.8.0/egg-dist-tmp-xy_apqsv
warning: no previously-included files matching '*' found under directory 'docs/_build'
warning: no previously-included files matching '*.pyc' found under directory 'tests'
warning: no previously-included files matching '*.pyo' found under directory 'tests'
creating /home/travis/build/failed/glennmatthews/cot/.eggs/Babel-2.8.0-py3.6.egg
Extracting Babel-2.8.0-py3.6.egg to /home/travis/build/failed/glennmatthews/cot/.eggs

Installed /home/travis/build/failed/glennmatthews/cot/.eggs/Babel-2.8.0-py3.6.egg
Searching for snowballstemmer>=1.1
Reading https://pypi.python.org/simple/snowballstemmer/
Downloading https://files.pythonhosted.org/packages/21/1b/6b8bbee253195c61aeaa61181bb41d646363bdaa691d0b94b304d4901193/snowballstemmer-2.0.0.tar.gz#sha256=df3bac3df4c2c01363f3dd2cfa78cce2840a79b9f1c2d2de9ce8d31683992f52
Best match: snowballstemmer 2.0.0
Processing snowballstemmer-2.0.0.tar.gz
Writing /tmp/easy_install-0b2lmh87/snowballstemmer-2.0.0/setup.cfg
Running snowballstemmer-2.0.0/setup.py -q bdist_egg --dist-dir /tmp/easy_install-0b2lmh87/snowballstemmer-2.0.0/egg-dist-tmp-0516s20t
zip_safe flag not set; analyzing archive contents...
Moving snowballstemmer-2.0.0-py3.6.egg to /home/travis/build/failed/glennmatthews/cot/.eggs

Installed /home/travis/build/failed/glennmatthews/cot/.eggs/snowballstemmer-2.0.0-py3.6.egg
Searching for docutils>=0.12
Reading https://pypi.python.org/simple/docutils/
Downloading https://files.pythonhosted.org/packages/2f/e0/3d435b34abd2d62e8206171892f174b180cd37b09d57b924ca5c2ef2219d/docutils-0.16.tar.gz#sha256=c2de3a60e9e7d07be26b7f2b00ca0309c207e06c100f9cc2a94931fc75a478fc
Best match: docutils 0.16
Processing docutils-0.16.tar.gz
Writing /tmp/easy_install-b20fbvpa/docutils-0.16/setup.cfg
Running docutils-0.16/setup.py -q bdist_egg --dist-dir /tmp/easy_install-b20fbvpa/docutils-0.16/egg-dist-tmp-9tyugrwd
warning: no previously-included files matching '*.pyc' found under directory '*'
warning: no previously-included files matching '*~' found under directory '*'
warning: no previously-included files matching '.DS_Store' found under directory '*'
zip_safe flag not set; analyzing archive contents...
docutils.parsers.rst.directives.__pycache__.misc.cpython-36: module references __file__
docutils.writers.html4css1.__pycache__.__init__.cpython-36: module references __file__
docutils.writers.html5_polyglot.__pycache__.__init__.cpython-36: module references __file__
docutils.writers.pep_html.__pycache__.__init__.cpython-36: module references __file__
docutils.writers.s5_html.__pycache__.__init__.cpython-36: module references __file__
docutils.writers.latex2e.__pycache__.__init__.cpython-36: module references __file__
docutils.writers.odf_odt.__pycache__.__init__.cpython-36: module references __file__
creating /home/travis/build/failed/glennmatthews/cot/.eggs/docutils-0.16-py3.6.egg
Extracting docutils-0.16-py3.6.egg to /home/travis/build/failed/glennmatthews/cot/.eggs

Installed /home/travis/build/failed/glennmatthews/cot/.eggs/docutils-0.16-py3.6.egg
Searching for Pygments>=2.0
Reading https://pypi.python.org/simple/Pygments/
Downloading https://files.pythonhosted.org/packages/6e/4d/4d2fe93a35dfba417311a4ff627489a947b01dc0cc377a3673c00cf7e4b2/Pygments-2.6.1.tar.gz#sha256=647344a061c249a3b74e230c739f434d7ea4d8b1d5f3721bc0f3558049b38f44
Best match: Pygments 2.6.1
Processing Pygments-2.6.1.tar.gz
Writing /tmp/easy_install-6p25a7px/Pygments-2.6.1/setup.cfg
Running Pygments-2.6.1/setup.py -q bdist_egg --dist-dir /tmp/easy_install-6p25a7px/Pygments-2.6.1/egg-dist-tmp-zeivs3d8
creating /home/travis/build/failed/glennmatthews/cot/.eggs/Pygments-2.6.1-py3.6.egg
Extracting Pygments-2.6.1-py3.6.egg to /home/travis/build/failed/glennmatthews/cot/.eggs

Installed /home/travis/build/failed/glennmatthews/cot/.eggs/Pygments-2.6.1-py3.6.egg
Searching for Jinja2>=2.3
Reading https://pypi.python.org/simple/Jinja2/
Downloading https://files.pythonhosted.org/packages/36/cc/5cd404a00f1b93bc830505c7a78553d9f49f7152c336466fc206790cc26c/Jinja2-3.0.0a1.tar.gz#sha256=c922560ac46888d47384de1dbdc3daaa2ea993af4b26a436dec31fa2c19ec668
Best match: Jinja2 3.0.0a1
Processing Jinja2-3.0.0a1.tar.gz
Writing /tmp/easy_install-iij0jlqb/Jinja2-3.0.0a1/setup.cfg
Running Jinja2-3.0.0a1/setup.py -q bdist_egg --dist-dir /tmp/easy_install-iij0jlqb/Jinja2-3.0.0a1/egg-dist-tmp-hgiyn_x4
/opt/python/3.6.7/lib/python3.6/distutils/dist.py:261: UserWarning: Unknown distribution option: 'project_urls'
  warnings.warn(msg)
no previously-included directories found matching 'docs/_build'
warning: no previously-included files matching '*.pyc' found anywhere in distribution
zip_safe flag not set; analyzing archive contents...
jinja2.__pycache__.environment.cpython-36: module references __file__
jinja2.__pycache__.loaders.cpython-36: module references __path__
creating /home/travis/build/failed/glennmatthews/cot/.eggs/Jinja2-3.0.0a1-py3.6.egg
Extracting Jinja2-3.0.0a1-py3.6.egg to /home/travis/build/failed/glennmatthews/cot/.eggs

Installed /home/travis/build/failed/glennmatthews/cot/.eggs/Jinja2-3.0.0a1-py3.6.egg
Searching for sphinxcontrib-qthelp
Reading https://pypi.python.org/simple/sphinxcontrib-qthelp/
Downloading https://files.pythonhosted.org/packages/b1/8e/c4846e59f38a5f2b4a0e3b27af38f2fcf904d4bfd82095bf92de0b114ebd/sphinxcontrib-qthelp-1.0.3.tar.gz#sha256=4c33767ee058b70dba89a6fc5c1892c0d57a54be67ddd3e7875a18d14cba5a72
Best match: sphinxcontrib-qthelp 1.0.3
Processing sphinxcontrib-qthelp-1.0.3.tar.gz
Writing /tmp/easy_install-ux1ezmz6/sphinxcontrib-qthelp-1.0.3/setup.cfg
Running sphinxcontrib-qthelp-1.0.3/setup.py -q bdist_egg --dist-dir /tmp/easy_install-ux1ezmz6/sphinxcontrib-qthelp-1.0.3/egg-dist-tmp-p6po3pu5
creating /home/travis/build/failed/glennmatthews/cot/.eggs/sphinxcontrib_qthelp-1.0.3-py3.6.egg
Extracting sphinxcontrib_qthelp-1.0.3-py3.6.egg to /home/travis/build/failed/glennmatthews/cot/.eggs

Installed /home/travis/build/failed/glennmatthews/cot/.eggs/sphinxcontrib_qthelp-1.0.3-py3.6.egg
Searching for sphinxcontrib-serializinghtml
Reading https://pypi.python.org/simple/sphinxcontrib-serializinghtml/
Downloading https://files.pythonhosted.org/packages/ac/86/021876a9dd4eac9dae0b1d454d848acbd56d5574d350d0f835043b5ac2cd/sphinxcontrib-serializinghtml-1.1.4.tar.gz#sha256=eaa0eccc86e982a9b939b2b82d12cc5d013385ba5eadcc7e4fed23f4405f77bc
Best match: sphinxcontrib-serializinghtml 1.1.4
Processing sphinxcontrib-serializinghtml-1.1.4.tar.gz
Writing /tmp/easy_install-zkx3tpp5/sphinxcontrib-serializinghtml-1.1.4/setup.cfg
Running sphinxcontrib-serializinghtml-1.1.4/setup.py -q bdist_egg --dist-dir /tmp/easy_install-zkx3tpp5/sphinxcontrib-serializinghtml-1.1.4/egg-dist-tmp-5pfay6zi
creating /home/travis/build/failed/glennmatthews/cot/.eggs/sphinxcontrib_serializinghtml-1.1.4-py3.6.egg
Extracting sphinxcontrib_serializinghtml-1.1.4-py3.6.egg to /home/travis/build/failed/glennmatthews/cot/.eggs

Installed /home/travis/build/failed/glennmatthews/cot/.eggs/sphinxcontrib_serializinghtml-1.1.4-py3.6.egg
Searching for sphinxcontrib-htmlhelp
Reading https://pypi.python.org/simple/sphinxcontrib-htmlhelp/
Downloading https://files.pythonhosted.org/packages/c9/2e/a7a5fef38327b7f643ed13646321d19903a2f54b0a05868e4bc34d729e1f/sphinxcontrib-htmlhelp-1.0.3.tar.gz#sha256=e8f5bb7e31b2dbb25b9cc435c8ab7a79787ebf7f906155729338f3156d93659b
Best match: sphinxcontrib-htmlhelp 1.0.3
Processing sphinxcontrib-htmlhelp-1.0.3.tar.gz
Writing /tmp/easy_install-6aivajuk/sphinxcontrib-htmlhelp-1.0.3/setup.cfg
Running sphinxcontrib-htmlhelp-1.0.3/setup.py -q bdist_egg --dist-dir /tmp/easy_install-6aivajuk/sphinxcontrib-htmlhelp-1.0.3/egg-dist-tmp-6rj72ot_
creating /home/travis/build/failed/glennmatthews/cot/.eggs/sphinxcontrib_htmlhelp-1.0.3-py3.6.egg
Extracting sphinxcontrib_htmlhelp-1.0.3-py3.6.egg to /home/travis/build/failed/glennmatthews/cot/.eggs

Installed /home/travis/build/failed/glennmatthews/cot/.eggs/sphinxcontrib_htmlhelp-1.0.3-py3.6.egg
Searching for sphinxcontrib-jsmath
Reading https://pypi.python.org/simple/sphinxcontrib-jsmath/
Downloading https://files.pythonhosted.org/packages/b2/e8/9ed3830aeed71f17c026a07a5097edcf44b692850ef215b161b8ad875729/sphinxcontrib-jsmath-1.0.1.tar.gz#sha256=a9925e4a4587247ed2191a22df5f6970656cb8ca2bd6284309578f2153e0c4b8
Best match: sphinxcontrib-jsmath 1.0.1
Processing sphinxcontrib-jsmath-1.0.1.tar.gz
Writing /tmp/easy_install-a0pec5cn/sphinxcontrib-jsmath-1.0.1/setup.cfg
Running sphinxcontrib-jsmath-1.0.1/setup.py -q bdist_egg --dist-dir /tmp/easy_install-a0pec5cn/sphinxcontrib-jsmath-1.0.1/egg-dist-tmp-ohe1skly
creating /home/travis/build/failed/glennmatthews/cot/.eggs/sphinxcontrib_jsmath-1.0.1-py3.6.egg
Extracting sphinxcontrib_jsmath-1.0.1-py3.6.egg to /home/travis/build/failed/glennmatthews/cot/.eggs

Installed /home/travis/build/failed/glennmatthews/cot/.eggs/sphinxcontrib_jsmath-1.0.1-py3.6.egg
Searching for sphinxcontrib-devhelp
Reading https://pypi.python.org/simple/sphinxcontrib-devhelp/
Downloading https://files.pythonhosted.org/packages/98/33/dc28393f16385f722c893cb55539c641c9aaec8d1bc1c15b69ce0ac2dbb3/sphinxcontrib-devhelp-1.0.2.tar.gz#sha256=ff7f1afa7b9642e7060379360a67e9c41e8f3121f2ce9164266f61b9f4b338e4
Best match: sphinxcontrib-devhelp 1.0.2
Processing sphinxcontrib-devhelp-1.0.2.tar.gz
Writing /tmp/easy_install-29kg0vrt/sphinxcontrib-devhelp-1.0.2/setup.cfg
Running sphinxcontrib-devhelp-1.0.2/setup.py -q bdist_egg --dist-dir /tmp/easy_install-29kg0vrt/sphinxcontrib-devhelp-1.0.2/egg-dist-tmp-gx26anb7
creating /home/travis/build/failed/glennmatthews/cot/.eggs/sphinxcontrib_devhelp-1.0.2-py3.6.egg
Extracting sphinxcontrib_devhelp-1.0.2-py3.6.egg to /home/travis/build/failed/glennmatthews/cot/.eggs

Installed /home/travis/build/failed/glennmatthews/cot/.eggs/sphinxcontrib_devhelp-1.0.2-py3.6.egg
Searching for sphinxcontrib-applehelp
Reading https://pypi.python.org/simple/sphinxcontrib-applehelp/
Downloading https://files.pythonhosted.org/packages/9f/01/ad9d4ebbceddbed9979ab4a89ddb78c9760e74e6757b1880f1b2760e8295/sphinxcontrib-applehelp-1.0.2.tar.gz#sha256=a072735ec80e7675e3f432fcae8610ecf509c5f1869d17e2eecff44389cdbc58
Best match: sphinxcontrib-applehelp 1.0.2
Processing sphinxcontrib-applehelp-1.0.2.tar.gz
Writing /tmp/easy_install-sca4yh_1/sphinxcontrib-applehelp-1.0.2/setup.cfg
Running sphinxcontrib-applehelp-1.0.2/setup.py -q bdist_egg --dist-dir /tmp/easy_install-sca4yh_1/sphinxcontrib-applehelp-1.0.2/egg-dist-tmp-5g266e8q
creating /home/travis/build/failed/glennmatthews/cot/.eggs/sphinxcontrib_applehelp-1.0.2-py3.6.egg
Extracting sphinxcontrib_applehelp-1.0.2-py3.6.egg to /home/travis/build/failed/glennmatthews/cot/.eggs

Installed /home/travis/build/failed/glennmatthews/cot/.eggs/sphinxcontrib_applehelp-1.0.2-py3.6.egg
Searching for pytz>=2015.7
Reading https://pypi.python.org/simple/pytz/
Downloading https://files.pythonhosted.org/packages/f4/f6/94fee50f4d54f58637d4b9987a1b862aeb6cd969e73623e02c5c00755577/pytz-2020.1.tar.gz#sha256=c35965d010ce31b23eeb663ed3cc8c906275d6be1a34393a1d73a41febf4a048
Best match: pytz 2020.1
Processing pytz-2020.1.tar.gz
Writing /tmp/easy_install-xz7_a161/pytz-2020.1/setup.cfg
Running pytz-2020.1/setup.py -q bdist_egg --dist-dir /tmp/easy_install-xz7_a161/pytz-2020.1/egg-dist-tmp-olkszf3u
Moving pytz-2020.1-py3.6.egg to /home/travis/build/failed/glennmatthews/cot/.eggs

Installed /home/travis/build/failed/glennmatthews/cot/.eggs/pytz-2020.1-py3.6.egg
Searching for MarkupSafe>=1.1
Reading https://pypi.python.org/simple/MarkupSafe/
Downloading https://files.pythonhosted.org/packages/e0/bf/acc45baeb2d7333ed724c30af188640d9cb0be4b28533edfc3e2ae5aad72/MarkupSafe-2.0.0a1.tar.gz#sha256=beac28ed60c8e838301226a7a85841d0af2068eba2dcb1a58c2d32d6c05e440e
Best match: MarkupSafe 2.0.0a1
Processing MarkupSafe-2.0.0a1.tar.gz
Writing /tmp/easy_install-ut5opqha/MarkupSafe-2.0.0a1/setup.cfg
Running MarkupSafe-2.0.0a1/setup.py -q bdist_egg --dist-dir /tmp/easy_install-ut5opqha/MarkupSafe-2.0.0a1/egg-dist-tmp-9wrj2n25
/opt/python/3.6.7/lib/python3.6/distutils/dist.py:261: UserWarning: Unknown distribution option: 'long_description_content_type'
  warnings.warn(msg)
Traceback (most recent call last):
  File "/home/travis/virtualenv/python3.6.7/lib/python3.6/site-packages/setuptools/sandbox.py", line 157, in save_modules
    yield saved
  File "/home/travis/virtualenv/python3.6.7/lib/python3.6/site-packages/setuptools/sandbox.py", line 198, in setup_context
    yield
  File "/home/travis/virtualenv/python3.6.7/lib/python3.6/site-packages/setuptools/sandbox.py", line 255, in run_setup
    DirectorySandbox(setup_dir).run(runner)
  File "/home/travis/virtualenv/python3.6.7/lib/python3.6/site-packages/setuptools/sandbox.py", line 285, in run
    return func()
  File "/home/travis/virtualenv/python3.6.7/lib/python3.6/site-packages/setuptools/sandbox.py", line 253, in runner
    _execfile(setup_script, ns)
  File "/home/travis/virtualenv/python3.6.7/lib/python3.6/site-packages/setuptools/sandbox.py", line 47, in _execfile
    exec(code, globals, locals)
  File "/tmp/easy_install-ut5opqha/MarkupSafe-2.0.0a1/setup.py", line 56, in <module>
    install_requires.append('pyOpenSSL')
  File "/tmp/easy_install-ut5opqha/MarkupSafe-2.0.0a1/setup.py", line 43, in run_setup
    'verboselogs>=1.6',
  File "/opt/python/3.6.7/lib/python3.6/distutils/core.py", line 121, in setup
    dist.parse_config_files()
  File "/home/travis/virtualenv/python3.6.7/lib/python3.6/site-packages/setuptools/dist.py", line 354, in parse_config_files
    parse_configuration(self, self.command_options)
  File "/home/travis/virtualenv/python3.6.7/lib/python3.6/site-packages/setuptools/config.py", line 106, in parse_configuration
    meta.parse()
  File "/home/travis/virtualenv/python3.6.7/lib/python3.6/site-packages/setuptools/config.py", line 376, in parse
    section_parser_method(section_options)
  File "/home/travis/virtualenv/python3.6.7/lib/python3.6/site-packages/setuptools/config.py", line 349, in parse_section
    self[name] = value
  File "/home/travis/virtualenv/python3.6.7/lib/python3.6/site-packages/setuptools/config.py", line 173, in __setitem__
    value = parser(value)
  File "/home/travis/virtualenv/python3.6.7/lib/python3.6/site-packages/setuptools/config.py", line 422, in _parse_version
    version = self._parse_attr(value)
  File "/home/travis/virtualenv/python3.6.7/lib/python3.6/site-packages/setuptools/config.py", line 299, in _parse_attr
    module = import_module(module_name)
  File "/home/travis/virtualenv/python3.6.7/lib/python3.6/importlib/__init__.py", line 126, in import_module
    return _bootstrap._gcd_import(name[level:], package, level)
  File "<frozen importlib._bootstrap>", line 994, in _gcd_import
  File "<frozen importlib._bootstrap>", line 971, in _find_and_load
  File "<frozen importlib._bootstrap>", line 953, in _find_and_load_unlocked
ModuleNotFoundError: No module named 'markupsafe'

During handling of the above exception, another exception occurred:

Traceback (most recent call last):
  File "setup.py", line 184, in <module>
    keywords='virtualization ovf ova esxi vmware vcenter',
  File "/opt/python/3.6.7/lib/python3.6/distutils/core.py", line 108, in setup
    _setup_distribution = dist = klass(attrs)
  File "/home/travis/virtualenv/python3.6.7/lib/python3.6/site-packages/setuptools/dist.py", line 317, in __init__
    self.fetch_build_eggs(attrs['setup_requires'])
  File "/home/travis/virtualenv/python3.6.7/lib/python3.6/site-packages/setuptools/dist.py", line 372, in fetch_build_eggs
    replace_conflicting=True,
  File "/home/travis/virtualenv/python3.6.7/lib/python3.6/site-packages/pkg_resources/__init__.py", line 851, in resolve
    dist = best[req.key] = env.best_match(req, ws, installer)
  File "/home/travis/virtualenv/python3.6.7/lib/python3.6/site-packages/pkg_resources/__init__.py", line 1123, in best_match
    return self.obtain(req, installer)
  File "/home/travis/virtualenv/python3.6.7/lib/python3.6/site-packages/pkg_resources/__init__.py", line 1135, in obtain
    return installer(requirement)
  File "/home/travis/virtualenv/python3.6.7/lib/python3.6/site-packages/setuptools/dist.py", line 440, in fetch_build_egg
    return cmd.easy_install(req)
  File "/home/travis/virtualenv/python3.6.7/lib/python3.6/site-packages/setuptools/command/easy_install.py", line 674, in easy_install
    return self.install_item(spec, dist.location, tmpdir, deps)
  File "/home/travis/virtualenv/python3.6.7/lib/python3.6/site-packages/setuptools/command/easy_install.py", line 700, in install_item
    dists = self.install_eggs(spec, download, tmpdir)
  File "/home/travis/virtualenv/python3.6.7/lib/python3.6/site-packages/setuptools/command/easy_install.py", line 881, in install_eggs
    return self.build_and_install(setup_script, setup_base)
  File "/home/travis/virtualenv/python3.6.7/lib/python3.6/site-packages/setuptools/command/easy_install.py", line 1120, in build_and_install
    self.run_setup(setup_script, setup_base, args)
  File "/home/travis/virtualenv/python3.6.7/lib/python3.6/site-packages/setuptools/command/easy_install.py", line 1106, in run_setup
    run_setup(setup_script, args)
  File "/home/travis/virtualenv/python3.6.7/lib/python3.6/site-packages/setuptools/sandbox.py", line 258, in run_setup
    raise
  File "/opt/python/3.6.7/lib/python3.6/contextlib.py", line 99, in __exit__
    self.gen.throw(type, value, traceback)
  File "/home/travis/virtualenv/python3.6.7/lib/python3.6/site-packages/setuptools/sandbox.py", line 198, in setup_context
    yield
  File "/opt/python/3.6.7/lib/python3.6/contextlib.py", line 99, in __exit__
    self.gen.throw(type, value, traceback)
  File "/home/travis/virtualenv/python3.6.7/lib/python3.6/site-packages/setuptools/sandbox.py", line 169, in save_modules
    saved_exc.resume()
  File "/home/travis/virtualenv/python3.6.7/lib/python3.6/site-packages/setuptools/sandbox.py", line 144, in resume
    six.reraise(type, exc, self._tb)
  File "/home/travis/virtualenv/python3.6.7/lib/python3.6/site-packages/six.py", line 702, in reraise
    raise value.with_traceback(tb)
  File "/home/travis/virtualenv/python3.6.7/lib/python3.6/site-packages/setuptools/sandbox.py", line 157, in save_modules
    yield saved
  File "/home/travis/virtualenv/python3.6.7/lib/python3.6/site-packages/setuptools/sandbox.py", line 198, in setup_context
    yield
  File "/home/travis/virtualenv/python3.6.7/lib/python3.6/site-packages/setuptools/sandbox.py", line 255, in run_setup
    DirectorySandbox(setup_dir).run(runner)
  File "/home/travis/virtualenv/python3.6.7/lib/python3.6/site-packages/setuptools/sandbox.py", line 285, in run
    return func()
  File "/home/travis/virtualenv/python3.6.7/lib/python3.6/site-packages/setuptools/sandbox.py", line 253, in runner
    _execfile(setup_script, ns)
  File "/home/travis/virtualenv/python3.6.7/lib/python3.6/site-packages/setuptools/sandbox.py", line 47, in _execfile
    exec(code, globals, locals)
  File "/tmp/easy_install-ut5opqha/MarkupSafe-2.0.0a1/setup.py", line 56, in <module>
    install_requires.append('pyOpenSSL')
  File "/tmp/easy_install-ut5opqha/MarkupSafe-2.0.0a1/setup.py", line 43, in run_setup
    'verboselogs>=1.6',
  File "/opt/python/3.6.7/lib/python3.6/distutils/core.py", line 121, in setup
    dist.parse_config_files()
  File "/home/travis/virtualenv/python3.6.7/lib/python3.6/site-packages/setuptools/dist.py", line 354, in parse_config_files
    parse_configuration(self, self.command_options)
  File "/home/travis/virtualenv/python3.6.7/lib/python3.6/site-packages/setuptools/config.py", line 106, in parse_configuration
    meta.parse()
  File "/home/travis/virtualenv/python3.6.7/lib/python3.6/site-packages/setuptools/config.py", line 376, in parse
    section_parser_method(section_options)
  File "/home/travis/virtualenv/python3.6.7/lib/python3.6/site-packages/setuptools/config.py", line 349, in parse_section
    self[name] = value
  File "/home/travis/virtualenv/python3.6.7/lib/python3.6/site-packages/setuptools/config.py", line 173, in __setitem__
    value = parser(value)
  File "/home/travis/virtualenv/python3.6.7/lib/python3.6/site-packages/setuptools/config.py", line 422, in _parse_version
    version = self._parse_attr(value)
  File "/home/travis/virtualenv/python3.6.7/lib/python3.6/site-packages/setuptools/config.py", line 299, in _parse_attr
    module = import_module(module_name)
  File "/home/travis/virtualenv/python3.6.7/lib/python3.6/importlib/__init__.py", line 126, in import_module
    return _bootstrap._gcd_import(name[level:], package, level)
  File "<frozen importlib._bootstrap>", line 994, in _gcd_import
  File "<frozen importlib._bootstrap>", line 971, in _find_and_load
  File "<frozen importlib._bootstrap>", line 953, in _find_and_load_unlocked
ModuleNotFoundError: No module named 'markupsafe'

=================================== log end ====================================
ERROR: FAIL could not package project - v = InvocationError('/home/travis/virtualenv/python3.6.7/bin/python setup.py sdist --formats=zip --dist-dir /home/travis/build/failed/glennmatthews/cot/.tox/dist', 1)

travis_time:end:2126f241:start=1597526127350317715,finish=1597526167709746734,duration=40359429019[0K
[31;1mThe command "tox" exited with 2.[0m
travis_fold:start:cache.2[0Kstore build cache
travis_time:start:2d275eb1[0K
travis_time:end:2d275eb1:start=1597526167721669126,finish=1597526167730473006,duration=8803880[0Ktravis_time:start:198e942f[0K[32;1mchanges detected, packing new archive[0m

travis_time:end:198e942f:start=1597526167741347863,finish=1597526169516935987,duration=1775588124[0Ktravis_fold:end:cache.2[0K
Done. Your build exited with 1.
