travis_fold:start:system_info[0K[33;1mBuild system information[0m
Build language: java
Build id: ''
Job id: ''
[34m[1mBuild image provisioning date and time[0m
Thu Feb  5 15:09:33 UTC 2015
[34m[1mOperating System Details[0m
Distributor ID:	Ubuntu
Description:	Ubuntu 12.04.5 LTS
Release:	12.04
Codename:	precise
[34m[1mLinux Version[0m
3.13.0-29-generic
[34m[1mCookbooks Version[0m
a68419e https://github.com/travis-ci/travis-cookbooks/tree/a68419e
[34m[1mGCC version[0m
gcc (Ubuntu/Linaro 4.6.3-1ubuntu5) 4.6.3
Copyright (C) 2011 Free Software Foundation, Inc.
This is free software; see the source for copying conditions.  There is NO
warranty; not even for MERCHANTABILITY or FITNESS FOR A PARTICULAR PURPOSE.

[34m[1mLLVM version[0m
clang version 3.4 (tags/RELEASE_34/final)
Target: x86_64-unknown-linux-gnu
Thread model: posix
[34m[1mPre-installed Ruby versions[0m
ruby-1.9.3-p551
[34m[1mPre-installed Node.js versions[0m
v0.10.36
[34m[1mPre-installed Go versions[0m
1.4.1
[34m[1mRedis version[0m
redis-server 2.8.19
[34m[1mriak version[0m
2.0.2
[34m[1mMongoDB version[0m
MongoDB 2.4.12
[34m[1mCouchDB version[0m
couchdb 1.6.1
[34m[1mNeo4j version[0m
1.9.4
[34m[1mRabbitMQ Version[0m
3.4.3
[34m[1mElasticSearch version[0m
1.4.0
[34m[1mInstalled Sphinx versions[0m
2.0.10
2.1.9
2.2.6
[34m[1mDefault Sphinx version[0m
2.2.6
[34m[1mInstalled Firefox version[0m
firefox 31.0esr
[34m[1mPhantomJS version[0m
1.9.8
[34m[1mant -version[0m
Apache Ant(TM) version 1.8.2 compiled on December 3 2011
[34m[1mmvn -version[0m
Apache Maven 3.2.5 (12a6b3acb947671f09b81f49094c53f426d8cea1; 2014-12-14T17:29:23+00:00)
Maven home: /usr/local/maven
Java version: 1.7.0_76, vendor: Oracle Corporation
Java home: /usr/lib/jvm/java-7-oracle/jre
Default locale: en_US, platform encoding: ANSI_X3.4-1968
OS name: "linux", version: "3.13.0-29-generic", arch: "amd64", family: "unix"
travis_fold:end:system_info[0K
W: GPG error: http://apt.postgresql.org precise-pgdg Release: The following signatures were invalid: KEYEXPIRED 1562078959
W: Failed to fetch http://ppa.launchpad.net/travis-ci/zero-mq/ubuntu/dists/precise/main/binary-amd64/Packages  403  Forbidden

W: Failed to fetch http://ppa.launchpad.net/travis-ci/zero-mq/ubuntu/dists/precise/main/binary-i386/Packages  403  Forbidden

W: Failed to fetch http://downloads-distro.mongodb.org/repo/debian-sysvinit/dists/dist/10gen/binary-amd64/Packages  Undetermined Error [IP: 52.206.222.245 80]

W: Failed to fetch http://downloads-distro.mongodb.org/repo/debian-sysvinit/dists/dist/10gen/binary-i386/Packages  Undetermined Error [IP: 52.206.222.245 80]

E: Some index files failed to download. They have been ignored, or old ones used instead.
$ jdk_switcher use oraclejdk8
Switching to Oracle JDK8 (java-8-oracle), JAVA_HOME will be set to /usr/lib/jvm/java-8-oracle
$ cd failed/HubSpot/Singularity
travis_fold:start:cache.1[0KSetting up build cache
$ export CASHER_DIR=$HOME/.casher
travis_time:start:2e2c34b4[0K$ Installing caching utilities

travis_time:end:2e2c34b4:start=1597471688946252244,finish=1597471689259207176,duration=312954932[0Ktravis_time:start:2674cdf0[0K
travis_time:end:2674cdf0:start=1597471689273476688,finish=1597471689284748454,duration=11271766[0Ktravis_time:start:08d85d46[0K[32;1mattempting to download cache archive[0m

travis_time:end:08d85d46:start=1597471689294228169,finish=1597471690042052235,duration=747824066[0Ktravis_time:start:1d05e18c[0K
travis_time:end:1d05e18c:start=1597471690051956514,finish=1597471690060987745,duration=9031231[0Ktravis_time:start:03efe764[0K[32;1madding /home/travis/.m2 to cache[0m
[32;1madding /home/travis/build/failed/HubSpot/Singularity/SingularityUI/bower_components to cache[0m
[32;1mcreating directory /home/travis/build/failed/HubSpot/Singularity/SingularityUI/bower_components[0m
[32;1madding /home/travis/build/failed/HubSpot/Singularity/SingularityUI/node_modules to cache[0m
[32;1mcreating directory /home/travis/build/failed/HubSpot/Singularity/SingularityUI/node_modules[0m

travis_time:end:03efe764:start=1597471690070434572,finish=1597471690862228327,duration=791793755[0Ktravis_fold:end:cache.1[0K$ java -Xmx32m -version
$ javac -J-Xmx32m -version
travis_fold:start:install[0Ktravis_time:start:0c39ce04[0K$ mvn -Dhttps.protocols=TLSv1.2 -Pbuild-swagger-documentation -DskipTests=true -B -q -fae install
[ERROR] COMPILATION ERROR : 
[ERROR] /home/travis/build/failed/HubSpot/Singularity/SingularityBase/src/main/java/com/hubspot/mesos/json/MesosTaskStatisticsObject.java:[60,12] incompatible types: possible lossy conversion from double to float
[ERROR] /home/travis/build/failed/HubSpot/Singularity/SingularityBase/src/main/java/com/hubspot/mesos/json/MesosTaskStatisticsObject.java:[64,12] incompatible types: possible lossy conversion from double to float
[ERROR] /home/travis/build/failed/HubSpot/Singularity/SingularityBase/src/main/java/com/hubspot/mesos/json/MesosTaskStatisticsObject.java:[68,12] incompatible types: possible lossy conversion from double to float
     [java] Aug 15, 2020 6:09:10 AM java.util.prefs.FileSystemPreferences$1 run
     [java] INFO: Created user preferences directory.
[ERROR] Failed to execute goal org.apache.maven.plugins:maven-compiler-plugin:3.3:compile (default-compile) on project SingularityBase: Compilation failure: Compilation failure:
[ERROR] /home/travis/build/failed/HubSpot/Singularity/SingularityBase/src/main/java/com/hubspot/mesos/json/MesosTaskStatisticsObject.java:[60,12] incompatible types: possible lossy conversion from double to float
[ERROR] /home/travis/build/failed/HubSpot/Singularity/SingularityBase/src/main/java/com/hubspot/mesos/json/MesosTaskStatisticsObject.java:[64,12] incompatible types: possible lossy conversion from double to float
[ERROR] /home/travis/build/failed/HubSpot/Singularity/SingularityBase/src/main/java/com/hubspot/mesos/json/MesosTaskStatisticsObject.java:[68,12] incompatible types: possible lossy conversion from double to float
[ERROR] -> [Help 1]
[ERROR] 
[ERROR] To see the full stack trace of the errors, re-run Maven with the -e switch.
[ERROR] Re-run Maven using the -X switch to enable full debug logging.
[ERROR] 
[ERROR] For more information about the errors and possible solutions, please read the following articles:
[ERROR] [Help 1] http://cwiki.apache.org/confluence/display/MAVEN/MojoFailureException
[ERROR] 
[ERROR] After correcting the problems, you can resume the build with the command
[ERROR]   mvn <goals> -rf :SingularityBase

travis_time:end:0c39ce04:start=1597471691139129982,finish=1597471753729064624,duration=62589934642[0K
[31;1mThe command "mvn -Dhttps.protocols=TLSv1.2 -Pbuild-swagger-documentation -DskipTests=true -B -q -fae install" failed and exited with 1 during .[0m

Your build has been stopped.
