travis_fold:start:system_info[0K[33;1mBuild system information[0m
Build language: java
Build id: ''
Job id: ''
[34m[1mBuild image provisioning date and time[0m
Thu Feb  5 15:09:33 UTC 2015
[34m[1mOperating System Details[0m
Distributor ID:	Ubuntu
Description:	Ubuntu 12.04.5 LTS
Release:	12.04
Codename:	precise
[34m[1mLinux Version[0m
3.13.0-29-generic
[34m[1mCookbooks Version[0m
a68419e https://github.com/travis-ci/travis-cookbooks/tree/a68419e
[34m[1mGCC version[0m
gcc (Ubuntu/Linaro 4.6.3-1ubuntu5) 4.6.3
Copyright (C) 2011 Free Software Foundation, Inc.
This is free software; see the source for copying conditions.  There is NO
warranty; not even for MERCHANTABILITY or FITNESS FOR A PARTICULAR PURPOSE.

[34m[1mLLVM version[0m
clang version 3.4 (tags/RELEASE_34/final)
Target: x86_64-unknown-linux-gnu
Thread model: posix
[34m[1mPre-installed Ruby versions[0m
ruby-1.9.3-p551
[34m[1mPre-installed Node.js versions[0m
v0.10.36
[34m[1mPre-installed Go versions[0m
1.4.1
[34m[1mRedis version[0m
redis-server 2.8.19
[34m[1mriak version[0m
2.0.2
[34m[1mMongoDB version[0m
MongoDB 2.4.12
[34m[1mCouchDB version[0m
couchdb 1.6.1
[34m[1mNeo4j version[0m
1.9.4
[34m[1mRabbitMQ Version[0m
3.4.3
[34m[1mElasticSearch version[0m
1.4.0
[34m[1mInstalled Sphinx versions[0m
2.0.10
2.1.9
2.2.6
[34m[1mDefault Sphinx version[0m
2.2.6
[34m[1mInstalled Firefox version[0m
firefox 31.0esr
[34m[1mPhantomJS version[0m
1.9.8
[34m[1mant -version[0m
Apache Ant(TM) version 1.8.2 compiled on December 3 2011
[34m[1mmvn -version[0m
Apache Maven 3.2.5 (12a6b3acb947671f09b81f49094c53f426d8cea1; 2014-12-14T17:29:23+00:00)
Maven home: /usr/local/maven
Java version: 1.7.0_76, vendor: Oracle Corporation
Java home: /usr/lib/jvm/java-7-oracle/jre
Default locale: en_US, platform encoding: ANSI_X3.4-1968
OS name: "linux", version: "3.13.0-29-generic", arch: "amd64", family: "unix"
travis_fold:end:system_info[0K
W: GPG error: http://apt.postgresql.org precise-pgdg Release: The following signatures were invalid: KEYEXPIRED 1562078959
W: Failed to fetch http://ppa.launchpad.net/travis-ci/zero-mq/ubuntu/dists/precise/main/binary-amd64/Packages  403  Forbidden

W: Failed to fetch http://ppa.launchpad.net/travis-ci/zero-mq/ubuntu/dists/precise/main/binary-i386/Packages  403  Forbidden

W: Failed to fetch http://downloads-distro.mongodb.org/repo/debian-sysvinit/dists/dist/10gen/binary-amd64/Packages  Undetermined Error [IP: 54.175.147.155 80]

W: Failed to fetch http://downloads-distro.mongodb.org/repo/debian-sysvinit/dists/dist/10gen/binary-i386/Packages  Undetermined Error [IP: 54.175.147.155 80]

E: Some index files failed to download. They have been ignored, or old ones used instead.
$ jdk_switcher use oraclejdk8
Switching to Oracle JDK8 (java-8-oracle), JAVA_HOME will be set to /usr/lib/jvm/java-8-oracle
$ cd passed/HubTurbo/HubTurbo

[33;1mSetting environment variables from .travis.yml[0m
$ export TERM=dumb

$ export TERM=dumb
$ java -Xmx32m -version
$ javac -J-Xmx32m -version
travis_fold:start:before_install.1[0Ktravis_time:start:172d27fb[0K$ export DISPLAY=:99.0

travis_time:end:172d27fb:start=1597472768379109052,finish=1597472768389716954,duration=10607902[0Ktravis_fold:end:before_install.1[0Ktravis_fold:start:before_install.2[0Ktravis_time:start:034afb10[0K$ sh -e /etc/init.d/xvfb start
Starting virtual X frame buffer: Xvfb.

travis_time:end:034afb10:start=1597472768399200905,finish=1597472768409797589,duration=10596684[0Ktravis_fold:end:before_install.2[0Ktravis_fold:start:install[0Ktravis_time:start:01e02e7c[0K$ ./gradlew assemble
Downloading https://services.gradle.org/distributions/gradle-2.3-all.zip
............................................................................................................................................................................................................................................................................................................................................................................................................................................................................................................................................................................................................................................................................................................................................................................................................................................................................................................................................................................................................................................................................................................................................................................................................................................................................................................................................................................................................................................................................................................................................................................................................................................................................................................................................................................................................................................................................................................................................................................................................................................................................................................................................................................................................................................................................................................................................................................................................................................................................................................................................................................................................................................................................................................................................................................................................................................................................................................................................................................................................................................................................................................................
Unzipping /home/travis/.gradle/wrapper/dists/gradle-2.3-all/w01pvxy5gty3tegjrai84pm3/gradle-2.3-all.zip to /home/travis/.gradle/wrapper/dists/gradle-2.3-all/w01pvxy5gty3tegjrai84pm3
Set executable permissions for: /home/travis/.gradle/wrapper/dists/gradle-2.3-all/w01pvxy5gty3tegjrai84pm3/gradle-2.3/bin/gradle
Download https://plugins.gradle.org/m2/org/kt3k/gradle/plugin/coveralls-gradle-plugin/2.3.1/coveralls-gradle-plugin-2.3.1.pom
Download https://plugins.gradle.org/m2/com/github/jengelman/gradle/plugins/shadow/1.2.1/shadow-1.2.1.pom
Download https://plugins.gradle.org/m2/org/apache/httpcomponents/httpmime/4.3/httpmime-4.3.pom
Download https://plugins.gradle.org/m2/org/apache/httpcomponents/httpcomponents-client/4.3/httpcomponents-client-4.3.pom
Download https://plugins.gradle.org/m2/org/apache/httpcomponents/project/7/project-7.pom
Download https://plugins.gradle.org/m2/org/apache/apache/13/apache-13.pom
Download https://plugins.gradle.org/m2/org/eclipse/jgit/org.eclipse.jgit/3.6.0.201412230720-r/org.eclipse.jgit-3.6.0.201412230720-r.pom
Download https://plugins.gradle.org/m2/org/eclipse/jgit/org.eclipse.jgit-parent/3.6.0.201412230720-r/org.eclipse.jgit-parent-3.6.0.201412230720-r.pom
Download https://plugins.gradle.org/m2/org/codehaus/groovy/modules/http-builder/http-builder/0.7.1/http-builder-0.7.1.pom
Download https://plugins.gradle.org/m2/org/jdom/jdom2/2.0.5/jdom2-2.0.5.pom
Download https://plugins.gradle.org/m2/org/ow2/asm/asm/5.0.3/asm-5.0.3.pom
Download https://plugins.gradle.org/m2/org/ow2/asm/asm-parent/5.0.3/asm-parent-5.0.3.pom
Download https://plugins.gradle.org/m2/org/ow2/ow2/1.3/ow2-1.3.pom
Download https://plugins.gradle.org/m2/org/ow2/asm/asm-commons/5.0.3/asm-commons-5.0.3.pom
Download https://plugins.gradle.org/m2/commons-io/commons-io/2.4/commons-io-2.4.pom
Download https://plugins.gradle.org/m2/org/apache/commons/commons-parent/25/commons-parent-25.pom
Download https://plugins.gradle.org/m2/org/apache/apache/9/apache-9.pom
Download https://plugins.gradle.org/m2/org/apache/ant/ant/1.9.4/ant-1.9.4.pom
Download https://plugins.gradle.org/m2/org/apache/ant/ant-parent/1.9.4/ant-parent-1.9.4.pom
Download https://plugins.gradle.org/m2/org/apache/httpcomponents/httpclient/4.3/httpclient-4.3.pom
Download https://plugins.gradle.org/m2/com/jcraft/jsch/0.1.50/jsch-0.1.50.pom
Download https://plugins.gradle.org/m2/org/sonatype/oss/oss-parent/6/oss-parent-6.pom
Download https://plugins.gradle.org/m2/com/googlecode/javaewah/JavaEWAH/0.7.9/JavaEWAH-0.7.9.pom
Download https://plugins.gradle.org/m2/org/sonatype/oss/oss-parent/5/oss-parent-5.pom
Download https://plugins.gradle.org/m2/net/sf/json-lib/json-lib/2.3/json-lib-2.3.pom
Download https://plugins.gradle.org/m2/net/sourceforge/nekohtml/nekohtml/1.9.16/nekohtml-1.9.16.pom
Download https://plugins.gradle.org/m2/xml-resolver/xml-resolver/1.2/xml-resolver-1.2.pom
Download https://plugins.gradle.org/m2/org/apache/apache/3/apache-3.pom
Download https://plugins.gradle.org/m2/org/ow2/asm/asm-tree/5.0.3/asm-tree-5.0.3.pom
Download https://plugins.gradle.org/m2/org/apache/ant/ant-launcher/1.9.4/ant-launcher-1.9.4.pom
Download https://plugins.gradle.org/m2/commons-beanutils/commons-beanutils/1.8.0/commons-beanutils-1.8.0.pom
Download https://plugins.gradle.org/m2/org/apache/commons/commons-parent/11/commons-parent-11.pom
Download https://plugins.gradle.org/m2/org/apache/apache/4/apache-4.pom
Download https://plugins.gradle.org/m2/commons-collections/commons-collections/3.2.1/commons-collections-3.2.1.pom
Download https://plugins.gradle.org/m2/org/apache/commons/commons-parent/9/commons-parent-9.pom
Download https://plugins.gradle.org/m2/commons-lang/commons-lang/2.4/commons-lang-2.4.pom
Download https://plugins.gradle.org/m2/commons-logging/commons-logging/1.1.1/commons-logging-1.1.1.pom
Download https://plugins.gradle.org/m2/org/apache/commons/commons-parent/5/commons-parent-5.pom
Download https://plugins.gradle.org/m2/net/sf/ezmorph/ezmorph/1.0.6/ezmorph-1.0.6.pom
Download https://plugins.gradle.org/m2/xerces/xercesImpl/2.9.1/xercesImpl-2.9.1.pom
Download https://plugins.gradle.org/m2/org/apache/httpcomponents/httpcore/4.3/httpcore-4.3.pom
Download https://plugins.gradle.org/m2/org/apache/httpcomponents/httpcomponents-core/4.3/httpcomponents-core-4.3.pom
Download https://plugins.gradle.org/m2/commons-codec/commons-codec/1.6/commons-codec-1.6.pom
Download https://plugins.gradle.org/m2/org/apache/commons/commons-parent/22/commons-parent-22.pom
Download https://plugins.gradle.org/m2/commons-logging/commons-logging/1.1.3/commons-logging-1.1.3.pom
Download https://plugins.gradle.org/m2/org/apache/commons/commons-parent/28/commons-parent-28.pom
Download https://plugins.gradle.org/m2/org/kt3k/gradle/plugin/coveralls-gradle-plugin/2.3.1/coveralls-gradle-plugin-2.3.1.jar
Download https://plugins.gradle.org/m2/com/github/jengelman/gradle/plugins/shadow/1.2.1/shadow-1.2.1.jar
Download https://plugins.gradle.org/m2/org/apache/httpcomponents/httpmime/4.3/httpmime-4.3.jar
Download https://plugins.gradle.org/m2/org/eclipse/jgit/org.eclipse.jgit/3.6.0.201412230720-r/org.eclipse.jgit-3.6.0.201412230720-r.jar
Download https://plugins.gradle.org/m2/org/codehaus/groovy/modules/http-builder/http-builder/0.7.1/http-builder-0.7.1.jar
Download https://plugins.gradle.org/m2/org/jdom/jdom2/2.0.5/jdom2-2.0.5.jar
Download https://plugins.gradle.org/m2/org/ow2/asm/asm/5.0.3/asm-5.0.3.jar
Download https://plugins.gradle.org/m2/org/ow2/asm/asm-commons/5.0.3/asm-commons-5.0.3.jar
Download https://plugins.gradle.org/m2/commons-io/commons-io/2.4/commons-io-2.4.jar
Download https://plugins.gradle.org/m2/org/apache/ant/ant/1.9.4/ant-1.9.4.jar
Download https://plugins.gradle.org/m2/org/apache/httpcomponents/httpclient/4.3/httpclient-4.3.jar
Download https://plugins.gradle.org/m2/com/jcraft/jsch/0.1.50/jsch-0.1.50.jar
Download https://plugins.gradle.org/m2/com/googlecode/javaewah/JavaEWAH/0.7.9/JavaEWAH-0.7.9.jar
Download https://plugins.gradle.org/m2/net/sf/json-lib/json-lib/2.3/json-lib-2.3-jdk15.jar
Download https://plugins.gradle.org/m2/net/sourceforge/nekohtml/nekohtml/1.9.16/nekohtml-1.9.16.jar
Download https://plugins.gradle.org/m2/xml-resolver/xml-resolver/1.2/xml-resolver-1.2.jar
Download https://plugins.gradle.org/m2/org/ow2/asm/asm-tree/5.0.3/asm-tree-5.0.3.jar
Download https://plugins.gradle.org/m2/org/apache/ant/ant-launcher/1.9.4/ant-launcher-1.9.4.jar
Download https://plugins.gradle.org/m2/commons-beanutils/commons-beanutils/1.8.0/commons-beanutils-1.8.0.jar
Download https://plugins.gradle.org/m2/commons-collections/commons-collections/3.2.1/commons-collections-3.2.1.jar
Download https://plugins.gradle.org/m2/commons-lang/commons-lang/2.4/commons-lang-2.4.jar
Download https://plugins.gradle.org/m2/net/sf/ezmorph/ezmorph/1.0.6/ezmorph-1.0.6.jar
Download https://plugins.gradle.org/m2/xerces/xercesImpl/2.9.1/xercesImpl-2.9.1.jar
Download https://plugins.gradle.org/m2/org/apache/httpcomponents/httpcore/4.3/httpcore-4.3.jar
Download https://plugins.gradle.org/m2/commons-codec/commons-codec/1.6/commons-codec-1.6.jar
Download https://plugins.gradle.org/m2/commons-logging/commons-logging/1.1.3/commons-logging-1.1.3.jar
Download https://jcenter.bintray.com/org/apache/logging/log4j/log4j-api/2.2/log4j-api-2.2.pom
Download https://jcenter.bintray.com/org/apache/logging/log4j/log4j/2.2/log4j-2.2.pom
Download https://jcenter.bintray.com/org/apache/logging/log4j/log4j-core/2.2/log4j-core-2.2.pom
Download https://jcenter.bintray.com/org/controlsfx/controlsfx/8.20.8/controlsfx-8.20.8.pom
Download https://jcenter.bintray.com/com/google/code/gson/gson/2.3.1/gson-2.3.1.pom
Download https://jcenter.bintray.com/org/sonatype/oss/oss-parent/9/oss-parent-9.pom
Download https://jcenter.bintray.com/com/google/guava/guava/18.0/guava-18.0.pom
Download https://jcenter.bintray.com/com/google/guava/guava-parent/18.0/guava-parent-18.0.pom
Download https://jcenter.bintray.com/org/sonatype/oss/oss-parent/7/oss-parent-7.pom
Download https://jcenter.bintray.com/net/java/dev/jna/jna/4.1.0/jna-4.1.0.pom
Download https://jcenter.bintray.com/org/commonjava/googlecode/markdown4j/markdown4j/2.2-cj-1.0/markdown4j-2.2-cj-1.0.pom
Download https://jcenter.bintray.com/org/commonjava/commonjava/2/commonjava-2.pom
Download https://jcenter.bintray.com/org/controlsfx/openjfx-dialogs/1.0.2/openjfx-dialogs-1.0.2.pom
Download https://jcenter.bintray.com/org/apache/servicemix/bundles/org.apache.servicemix.bundles.egit.github.core/2.1.5_1/org.apache.servicemix.bundles.egit.github.core-2.1.5_1.pom
Download https://jcenter.bintray.com/org/apache/servicemix/bundles/bundles-pom/11/bundles-pom-11.pom
Download https://jcenter.bintray.com/org/apache/servicemix/servicemix-pom/5/servicemix-pom-5.pom
Download https://jcenter.bintray.com/org/apache/apache/7/apache-7.pom
Download https://jcenter.bintray.com/org/ocpsoft/prettytime/prettytime/3.2.7.Final/prettytime-3.2.7.Final.pom
Download https://jcenter.bintray.com/org/ocpsoft/prettytime/prettytime-parent/3.2.7.Final/prettytime-parent-3.2.7.Final.pom
Download https://jcenter.bintray.com/org/ocpsoft/ocpsoft-parent/10/ocpsoft-parent-10.pom
Download https://jcenter.bintray.com/org/seleniumhq/selenium/selenium-java/2.45.0/selenium-java-2.45.0.pom
Download https://jcenter.bintray.com/org/seleniumhq/selenium/selenium-parent/2.45.0/selenium-parent-2.45.0.pom
Download https://jcenter.bintray.com/org/seleniumhq/selenium/selenium-server/2.45.0/selenium-server-2.45.0.pom
Download https://jcenter.bintray.com/org/seleniumhq/selenium/selenium-chrome-driver/2.45.0/selenium-chrome-driver-2.45.0.pom
Download https://jcenter.bintray.com/org/seleniumhq/selenium/selenium-htmlunit-driver/2.45.0/selenium-htmlunit-driver-2.45.0.pom
Download https://jcenter.bintray.com/org/seleniumhq/selenium/selenium-firefox-driver/2.45.0/selenium-firefox-driver-2.45.0.pom
Download https://jcenter.bintray.com/org/seleniumhq/selenium/selenium-ie-driver/2.45.0/selenium-ie-driver-2.45.0.pom
Download https://jcenter.bintray.com/org/seleniumhq/selenium/selenium-safari-driver/2.45.0/selenium-safari-driver-2.45.0.pom
Download https://jcenter.bintray.com/org/seleniumhq/selenium/selenium-support/2.45.0/selenium-support-2.45.0.pom
Download https://jcenter.bintray.com/org/webbitserver/webbit/0.4.14/webbit-0.4.14.pom
Download https://jcenter.bintray.com/org/seleniumhq/selenium/selenium-leg-rc/2.45.0/selenium-leg-rc-2.45.0.pom
Download https://jcenter.bintray.com/org/bouncycastle/bcprov-jdk15on/1.48/bcprov-jdk15on-1.48.pom
Download https://jcenter.bintray.com/org/bouncycastle/bcpkix-jdk15on/1.48/bcpkix-jdk15on-1.48.pom
Download https://jcenter.bintray.com/mx4j/mx4j-tools/3.0.1/mx4j-tools-3.0.1.pom
Download https://jcenter.bintray.com/org/mortbay/jetty/servlet-api-2.5/6.1.9/servlet-api-2.5-6.1.9.pom
Download https://jcenter.bintray.com/org/mortbay/jetty/project/6.1.9/project-6.1.9.pom
Download https://jcenter.bintray.com/org/seleniumhq/selenium/jetty-repacked/7.6.1/jetty-repacked-7.6.1.pom
Download https://jcenter.bintray.com/org/seleniumhq/selenium/jetty-rc-repacked/5/jetty-rc-repacked-5.pom
Download https://jcenter.bintray.com/net/jcip/jcip-annotations/1.0/jcip-annotations-1.0.pom
Download https://jcenter.bintray.com/org/yaml/snakeyaml/1.8/snakeyaml-1.8.pom
Download https://jcenter.bintray.com/commons-codec/commons-codec/1.9/commons-codec-1.9.pom
Download https://jcenter.bintray.com/org/apache/commons/commons-parent/32/commons-parent-32.pom
Download https://jcenter.bintray.com/org/seleniumhq/selenium/selenium-remote-driver/2.45.0/selenium-remote-driver-2.45.0.pom
Download https://jcenter.bintray.com/net/sourceforge/htmlunit/htmlunit/2.15/htmlunit-2.15.pom
Download https://jcenter.bintray.com/org/apache/httpcomponents/httpclient/4.3.6/httpclient-4.3.6.pom
Download https://jcenter.bintray.com/org/apache/httpcomponents/httpcomponents-client/4.3.6/httpcomponents-client-4.3.6.pom
Download https://jcenter.bintray.com/org/apache/commons/commons-exec/1.1/commons-exec-1.1.pom
Download https://jcenter.bintray.com/org/apache/commons/commons-parent/17/commons-parent-17.pom
Download https://jcenter.bintray.com/net/java/dev/jna/platform/3.4.0/platform-3.4.0.pom
Download https://jcenter.bintray.com/io/netty/netty/3.5.2.Final/netty-3.5.2.Final.pom
Download https://jcenter.bintray.com/cglib/cglib-nodep/2.1_3/cglib-nodep-2.1_3.pom
Download https://jcenter.bintray.com/org/seleniumhq/selenium/selenium-api/2.45.0/selenium-api-2.45.0.pom
Download https://jcenter.bintray.com/xalan/xalan/2.7.1/xalan-2.7.1.pom
Download https://jcenter.bintray.com/org/apache/commons/commons-lang3/3.3.2/commons-lang3-3.3.2.pom
Download https://jcenter.bintray.com/org/apache/commons/commons-parent/33/commons-parent-33.pom
Download https://jcenter.bintray.com/org/apache/httpcomponents/httpmime/4.3.3/httpmime-4.3.3.pom
Download https://jcenter.bintray.com/org/apache/httpcomponents/httpcomponents-client/4.3.3/httpcomponents-client-4.3.3.pom
Download https://jcenter.bintray.com/net/sourceforge/htmlunit/htmlunit-core-js/2.15/htmlunit-core-js-2.15.pom
Download https://jcenter.bintray.com/xerces/xercesImpl/2.11.0/xercesImpl-2.11.0.pom
Download https://jcenter.bintray.com/net/sourceforge/nekohtml/nekohtml/1.9.21/nekohtml-1.9.21.pom
Download https://jcenter.bintray.com/net/sourceforge/cssparser/cssparser/0.9.14/cssparser-0.9.14.pom
Download https://jcenter.bintray.com/org/eclipse/jetty/jetty-websocket/8.1.15.v20140411/jetty-websocket-8.1.15.v20140411.pom
Download https://jcenter.bintray.com/org/eclipse/jetty/jetty-project/8.1.15.v20140411/jetty-project-8.1.15.v20140411.pom
Download https://jcenter.bintray.com/org/eclipse/jetty/jetty-parent/20/jetty-parent-20.pom
Download https://jcenter.bintray.com/xalan/serializer/2.7.1/serializer-2.7.1.pom
Download https://jcenter.bintray.com/xml-apis/xml-apis/1.4.01/xml-apis-1.4.01.pom
Download https://jcenter.bintray.com/org/w3c/css/sac/1.3/sac-1.3.pom
Download https://jcenter.bintray.com/org/eclipse/jetty/jetty-util/8.1.15.v20140411/jetty-util-8.1.15.v20140411.pom
Download https://jcenter.bintray.com/org/eclipse/jetty/jetty-io/8.1.15.v20140411/jetty-io-8.1.15.v20140411.pom
Download https://jcenter.bintray.com/org/eclipse/jetty/jetty-http/8.1.15.v20140411/jetty-http-8.1.15.v20140411.pom
Download https://jcenter.bintray.com/org/apache/httpcomponents/httpcore/4.3.3/httpcore-4.3.3.pom
Download https://jcenter.bintray.com/org/apache/httpcomponents/httpcomponents-core/4.3.3/httpcomponents-core-4.3.3.pom
Download https://jcenter.bintray.com/org/apache/logging/log4j/log4j-api/2.2/log4j-api-2.2.jar
Download https://jcenter.bintray.com/org/apache/logging/log4j/log4j-core/2.2/log4j-core-2.2.jar
Download https://jcenter.bintray.com/org/controlsfx/controlsfx/8.20.8/controlsfx-8.20.8.jar
Download https://jcenter.bintray.com/com/google/code/gson/gson/2.3.1/gson-2.3.1.jar
Download https://jcenter.bintray.com/com/google/guava/guava/18.0/guava-18.0.jar
Download https://jcenter.bintray.com/net/java/dev/jna/jna/4.1.0/jna-4.1.0.jar
Download https://jcenter.bintray.com/org/commonjava/googlecode/markdown4j/markdown4j/2.2-cj-1.0/markdown4j-2.2-cj-1.0.jar
Download https://jcenter.bintray.com/org/controlsfx/openjfx-dialogs/1.0.2/openjfx-dialogs-1.0.2.jar
Download https://jcenter.bintray.com/org/apache/servicemix/bundles/org.apache.servicemix.bundles.egit.github.core/2.1.5_1/org.apache.servicemix.bundles.egit.github.core-2.1.5_1.jar
Download https://jcenter.bintray.com/org/ocpsoft/prettytime/prettytime/3.2.7.Final/prettytime-3.2.7.Final.jar
Download https://jcenter.bintray.com/org/seleniumhq/selenium/selenium-java/2.45.0/selenium-java-2.45.0.jar
Download https://jcenter.bintray.com/org/seleniumhq/selenium/selenium-server/2.45.0/selenium-server-2.45.0.jar
Download https://jcenter.bintray.com/org/seleniumhq/selenium/selenium-chrome-driver/2.45.0/selenium-chrome-driver-2.45.0.jar
Download https://jcenter.bintray.com/org/seleniumhq/selenium/selenium-htmlunit-driver/2.45.0/selenium-htmlunit-driver-2.45.0.jar
Download https://jcenter.bintray.com/org/seleniumhq/selenium/selenium-firefox-driver/2.45.0/selenium-firefox-driver-2.45.0.jar
Download https://jcenter.bintray.com/org/seleniumhq/selenium/selenium-ie-driver/2.45.0/selenium-ie-driver-2.45.0.jar
Download https://jcenter.bintray.com/org/seleniumhq/selenium/selenium-safari-driver/2.45.0/selenium-safari-driver-2.45.0.jar
Download https://jcenter.bintray.com/org/seleniumhq/selenium/selenium-support/2.45.0/selenium-support-2.45.0.jar
Download https://jcenter.bintray.com/org/webbitserver/webbit/0.4.14/webbit-0.4.14.jar
Download https://jcenter.bintray.com/org/seleniumhq/selenium/selenium-leg-rc/2.45.0/selenium-leg-rc-2.45.0.jar
Download https://jcenter.bintray.com/org/bouncycastle/bcprov-jdk15on/1.48/bcprov-jdk15on-1.48.jar
Download https://jcenter.bintray.com/org/bouncycastle/bcpkix-jdk15on/1.48/bcpkix-jdk15on-1.48.jar
Download https://jcenter.bintray.com/mx4j/mx4j-tools/3.0.1/mx4j-tools-3.0.1.jar
Download https://jcenter.bintray.com/org/mortbay/jetty/servlet-api-2.5/6.1.9/servlet-api-2.5-6.1.9.jar
Download https://jcenter.bintray.com/org/seleniumhq/selenium/jetty-repacked/7.6.1/jetty-repacked-7.6.1.jar
Download https://jcenter.bintray.com/org/seleniumhq/selenium/jetty-rc-repacked/5/jetty-rc-repacked-5.jar
Download https://jcenter.bintray.com/net/jcip/jcip-annotations/1.0/jcip-annotations-1.0.jar
Download https://jcenter.bintray.com/org/yaml/snakeyaml/1.8/snakeyaml-1.8.jar
Download https://jcenter.bintray.com/commons-codec/commons-codec/1.9/commons-codec-1.9.jar
Download https://jcenter.bintray.com/org/seleniumhq/selenium/selenium-remote-driver/2.45.0/selenium-remote-driver-2.45.0.jar
Download https://jcenter.bintray.com/net/sourceforge/htmlunit/htmlunit/2.15/htmlunit-2.15.jar
Download https://jcenter.bintray.com/org/apache/httpcomponents/httpclient/4.3.6/httpclient-4.3.6.jar
Download https://jcenter.bintray.com/org/apache/commons/commons-exec/1.1/commons-exec-1.1.jar
Download https://jcenter.bintray.com/net/java/dev/jna/platform/3.4.0/platform-3.4.0.jar
Download https://jcenter.bintray.com/io/netty/netty/3.5.2.Final/netty-3.5.2.Final.jar
Download https://jcenter.bintray.com/cglib/cglib-nodep/2.1_3/cglib-nodep-2.1_3.jar
Download https://jcenter.bintray.com/org/seleniumhq/selenium/selenium-api/2.45.0/selenium-api-2.45.0.jar
Download https://jcenter.bintray.com/xalan/xalan/2.7.1/xalan-2.7.1.jar
Download https://jcenter.bintray.com/org/apache/commons/commons-lang3/3.3.2/commons-lang3-3.3.2.jar
Download https://jcenter.bintray.com/org/apache/httpcomponents/httpmime/4.3.3/httpmime-4.3.3.jar
Download https://jcenter.bintray.com/net/sourceforge/htmlunit/htmlunit-core-js/2.15/htmlunit-core-js-2.15.jar
Download https://jcenter.bintray.com/xerces/xercesImpl/2.11.0/xercesImpl-2.11.0.jar
Download https://jcenter.bintray.com/net/sourceforge/nekohtml/nekohtml/1.9.21/nekohtml-1.9.21.jar
Download https://jcenter.bintray.com/net/sourceforge/cssparser/cssparser/0.9.14/cssparser-0.9.14.jar
Download https://jcenter.bintray.com/org/eclipse/jetty/jetty-websocket/8.1.15.v20140411/jetty-websocket-8.1.15.v20140411.jar
Download https://jcenter.bintray.com/xalan/serializer/2.7.1/serializer-2.7.1.jar
Download https://jcenter.bintray.com/xml-apis/xml-apis/1.4.01/xml-apis-1.4.01.jar
Download https://jcenter.bintray.com/org/w3c/css/sac/1.3/sac-1.3.jar
Download https://jcenter.bintray.com/org/eclipse/jetty/jetty-util/8.1.15.v20140411/jetty-util-8.1.15.v20140411.jar
Download https://jcenter.bintray.com/org/eclipse/jetty/jetty-io/8.1.15.v20140411/jetty-io-8.1.15.v20140411.jar
Download https://jcenter.bintray.com/org/eclipse/jetty/jetty-http/8.1.15.v20140411/jetty-http-8.1.15.v20140411.jar
Download https://jcenter.bintray.com/org/apache/httpcomponents/httpcore/4.3.3/httpcore-4.3.3.jar
:compileJava
:processResources
:classes
:jar
:shadowJar
:assemble

BUILD SUCCESSFUL

Total time: 1 mins 27.242 secs

travis_time:end:01e02e7c:start=1597472768417300863,finish=1597472856574091254,duration=88156790391[0Ktravis_fold:end:install[0Ktravis_time:start:1ecba6a2[0K$ ./gradlew clean check -i
Connected to daemon DaemonInfo{pid=621, address=[1f8eb3ce-eaa2-4208-95a5-3af737956754 port:37519, addresses:[/127.0.0.1]], idle=true, context=DefaultDaemonContext[uid=6321c65d-974a-4cb1-a05a-ecf3ba981396,javaHome=/usr/lib/jvm/java-8-oracle,daemonRegistryDir=/home/travis/.gradle/daemon,pid=621,idleTimeout=10800000,daemonOpts=-XX:MaxPermSize=512m,-XX:+CMSClassUnloadingEnabled,-XX:+CMSPermGenSweepingEnabled,-XX:+HeapDumpOnOutOfMemoryError,-Xmx1024m,-Dfile.encoding=utf-8,-Duser.country=US,-Duser.language=en,-Duser.variant]}. Dispatching request Build{id=9ea1ee39-036c-4227-a70c-78b6ffaf7bbe.1, currentDir=/home/travis/build/passed/HubTurbo/HubTurbo}.
The client will now receive all logging from the daemon (pid: 621). The daemon log file: /home/travis/.gradle/daemon/2.3/daemon-621.out.log
Starting 2nd build in daemon [uptime: 1 mins 7.32 secs, performance: 100%, memory: 85% of 1.0 GB]
Executing build with daemon context: DefaultDaemonContext[uid=6321c65d-974a-4cb1-a05a-ecf3ba981396,javaHome=/usr/lib/jvm/java-8-oracle,daemonRegistryDir=/home/travis/.gradle/daemon,pid=621,idleTimeout=10800000,daemonOpts=-XX:MaxPermSize=512m,-XX:+CMSClassUnloadingEnabled,-XX:+CMSPermGenSweepingEnabled,-XX:+HeapDumpOnOutOfMemoryError,-Xmx1024m,-Dfile.encoding=utf-8,-Duser.country=US,-Duser.language=en,-Duser.variant]
Starting Build
Closing daemon's stdin at end of input.
The daemon will no longer process any standard input.
Settings evaluated using settings file '/home/travis/build/passed/HubTurbo/HubTurbo/settings.gradle'.
Projects loaded. Root project using build file '/home/travis/build/passed/HubTurbo/HubTurbo/build.gradle'.
Included projects: [root project 'HubTurbo']
Evaluating root project 'HubTurbo' using build file '/home/travis/build/passed/HubTurbo/HubTurbo/build.gradle'.
All projects evaluated.
Selected primary task 'clean' from project :
Selected primary task 'check' from project :
Tasks to be executed: [task ':clean', task ':compileJava', task ':processResources', task ':classes', task ':compileTestJava', task ':processTestResources', task ':testClasses', task ':test', task ':check']
:clean (Thread[Daemon worker,5,main]) started.
:clean
In-memory cache of /home/travis/build/passed/HubTurbo/HubTurbo/.gradle/2.3/taskArtifacts/fileHashes.bin: Size{406}, CacheStats{hitCount=0, missCount=0, loadSuccessCount=0, loadExceptionCount=0, totalLoadTime=0, evictionCount=0}
In-memory cache of /home/travis/build/passed/HubTurbo/HubTurbo/.gradle/2.3/taskArtifacts/outputFileStates.bin: Size{5}, CacheStats{hitCount=0, missCount=0, loadSuccessCount=0, loadExceptionCount=0, totalLoadTime=0, evictionCount=0}
In-memory cache of /home/travis/build/passed/HubTurbo/HubTurbo/.gradle/2.3/taskArtifacts/fileSnapshots.bin: Size{8}, CacheStats{hitCount=0, missCount=0, loadSuccessCount=0, loadExceptionCount=0, totalLoadTime=0, evictionCount=0}
In-memory cache of /home/travis/build/passed/HubTurbo/HubTurbo/.gradle/2.3/taskArtifacts/taskArtifacts.bin: Size{4}, CacheStats{hitCount=0, missCount=0, loadSuccessCount=0, loadExceptionCount=0, totalLoadTime=0, evictionCount=0}
Executing task ':clean' (up-to-date check took 0.001 secs) due to:
  Task has not declared any outputs.
:clean (Thread[Daemon worker,5,main]) completed. Took 0.031 secs.
:compileJava (Thread[Daemon worker,5,main]) started.
:compileJava
Executing task ':compileJava' (up-to-date check took 0.098 secs) due to:
  Output file /home/travis/build/passed/HubTurbo/HubTurbo/build/dependency-cache has changed.
  Output file /home/travis/build/passed/HubTurbo/HubTurbo/build/classes/main has changed.
  Output file /home/travis/build/passed/HubTurbo/HubTurbo/build/classes/main/github/update/IssueUpdateService$2.class has been removed.
All input files are considered out-of-date for incremental task ':compileJava'.
Compiling with JDK Java compiler API.
:compileJava (Thread[Daemon worker,5,main]) completed. Took 1.229 secs.
:processResources (Thread[Daemon worker,5,main]) started.
:processResources
Executing task ':processResources' (up-to-date check took 0.003 secs) due to:
  Output file /home/travis/build/passed/HubTurbo/HubTurbo/build/resources/main has changed.
  Output file /home/travis/build/passed/HubTurbo/HubTurbo/build/resources/main/log4j2.xml has been removed.
  Output file /home/travis/build/passed/HubTurbo/HubTurbo/build/resources/main/ui/hubturbo.css has been removed.
:processResources (Thread[Daemon worker,5,main]) completed. Took 0.144 secs.
:classes (Thread[Daemon worker,5,main]) started.
:classes
Skipping task ':classes' as it has no actions.
:classes (Thread[Daemon worker,5,main]) completed. Took 0.001 secs.
:compileTestJava (Thread[Daemon worker,5,main]) started.
:compileTestJava
Download https://jcenter.bintray.com/junit/junit/4.12/junit-4.12.pom
Download https://jcenter.bintray.com/org/loadui/testFx/3.1.0/testFx-3.1.0.pom
Download https://jcenter.bintray.com/org/hamcrest/hamcrest-core/1.3/hamcrest-core-1.3.pom
Download https://jcenter.bintray.com/org/hamcrest/hamcrest-parent/1.3/hamcrest-parent-1.3.pom
Download https://jcenter.bintray.com/org/hamcrest/hamcrest-all/1.3/hamcrest-all-1.3.pom
Download https://jcenter.bintray.com/junit/junit/4.12/junit-4.12.jar
Download https://jcenter.bintray.com/org/loadui/testFx/3.1.0/testFx-3.1.0.jar
Download https://jcenter.bintray.com/org/hamcrest/hamcrest-core/1.3/hamcrest-core-1.3.jar
Download https://jcenter.bintray.com/org/hamcrest/hamcrest-all/1.3/hamcrest-all-1.3.jar
Executing task ':compileTestJava' (up-to-date check took 1.377 secs) due to:
  No history is available.
All input files are considered out-of-date for incremental task ':compileTestJava'.
Compiling with JDK Java compiler API.
:compileTestJava (Thread[Daemon worker,5,main]) completed. Took 1.586 secs.
:processTestResources (Thread[Daemon worker,5,main]) started.
:processTestResources
Executing task ':processTestResources' (up-to-date check took 0.004 secs) due to:
  No history is available.
:processTestResources (Thread[Daemon worker,5,main]) completed. Took 0.013 secs.
:testClasses (Thread[Daemon worker,5,main]) started.
:testClasses
Skipping task ':testClasses' as it has no actions.
:testClasses (Thread[Daemon worker,5,main]) completed. Took 0.001 secs.
:test (Thread[Daemon worker,5,main]) started.
:test
Executing task ':test' (up-to-date check took 0.029 secs) due to:
  No history is available.
Download https://jcenter.bintray.com/org/jacoco/org.jacoco.agent/0.7.4.201502262128/org.jacoco.agent-0.7.4.201502262128.pom
Download https://jcenter.bintray.com/org/jacoco/org.jacoco.build/0.7.4.201502262128/org.jacoco.build-0.7.4.201502262128.pom
Download https://jcenter.bintray.com/org/jacoco/org.jacoco.agent/0.7.4.201502262128/org.jacoco.agent-0.7.4.201502262128.jar
[ant:null] Building jar: /home/travis/.gradle/caches/2.3/workerMain/gradle-worker.jar
Starting process 'Gradle Test Executor 1'. Working directory: /home/travis/build/passed/HubTurbo/HubTurbo Command: /usr/lib/jvm/java-8-oracle/bin/java -Djava.security.manager=jarjar.org.gradle.process.internal.child.BootstrapSecurityManager -javaagent:build/tmp/expandedArchives/org.jacoco.agent-0.7.4.201502262128.jar_dnibj84r518qfgg9zfvgoi1cd/jacocoagent.jar=destfile=build/jacoco/test.exec,append=true,dumponexit=true,output=file,jmx=false -Dfile.encoding=UTF-8 -Duser.country=US -Duser.language=en -Duser.variant -ea -cp /home/travis/.gradle/caches/2.3/workerMain/gradle-worker.jar jarjar.org.gradle.process.internal.launcher.GradleWorkerMain 'Gradle Test Executor 1'
Successfully started process 'Gradle Test Executor 1'
Gradle Test Executor 1 started executing tests.

guitests.ChromeDriverTest > chromeDriverStubTest STANDARD_OUT
    2020-08-15 06:27:44,027 INFO Log4j appears to be running in a Servlet environment, but there's no log4j-web module available. If you want better web container support, please add the log4j-web JAR to your web archive or server lib directory.
    2494 15 Aug 2020 06:27:44 INFO UI [JavaFX Application Thread] - Registered event handler RepoOpenedEventHandler
    2638 15 Aug 2020 06:27:44 INFO UI [JavaFX Application Thread] - Registered event handler UpdateProgressEventHandler
    2701 15 Aug 2020 06:27:44 INFO TickingTimer [JavaFX Application Thread] - Started TickingTimer Browser Request Delay Timer
    2702 15 Aug 2020 06:27:44 INFO UI [JavaFX Application Thread] - Registered event handler IssueSelectedEventHandler
    2704 15 Aug 2020 06:27:44 INFO UI [JavaFX Application Thread] - Registered event handler IssueCreatedEventHandler
    2705 15 Aug 2020 06:27:44 INFO UI [JavaFX Application Thread] - Registered event handler LabelCreatedEventHandler
    2706 15 Aug 2020 06:27:44 INFO UI [JavaFX Application Thread] - Registered event handler MilestoneCreatedEventHandler
    2707 15 Aug 2020 06:27:44 INFO UI [JavaFX Application Thread] - Registered event handler ModelUpdatedEventHandler
    2708 15 Aug 2020 06:27:44 INFO UI [JavaFX Application Thread] - Registered event handler IssueSelectedEventHandler
    2710 15 Aug 2020 06:27:44 INFO UI [JavaFX Application Thread] - Registered event handler ColumnClickedEventHandler
    2742 15 Aug 2020 06:27:44 INFO UI [JavaFX Application Thread] - Registered event handler BoardSavedEventHandler
    3530 15 Aug 2020 06:27:45 INFO UI [JavaFX Application Thread] - Registered event handler UpdateDummyRepoEventHandler
    3533 15 Aug 2020 06:27:45 INFO UI [JavaFX Application Thread] - Registered event handler ClearLogicModelEventHandler
    3534 15 Aug 2020 06:27:45 INFO UI [JavaFX Application Thread] - About to trigger event ModelUpdatedEvent
    3537 15 Aug 2020 06:27:45 INFO UI [JavaFX Application Thread] - Triggered event ModelUpdatedEvent
    3539 15 Aug 2020 06:27:45 INFO TickingTimer [JavaFX Application Thread] - Started TickingTimer Refresh Timer
    3561 15 Aug 2020 06:27:45 INFO Logic [JavaFX Application Thread] - Opening dummy/dummy
    3571 15 Aug 2020 06:27:45 INFO UI [JavaFX Application Thread] - About to trigger event BoardSavedEvent
    3571 15 Aug 2020 06:27:45 INFO UI [JavaFX Application Thread] - Triggered event BoardSavedEvent
    3578 15 Aug 2020 06:27:45 INFO DownloadRepoTask [pool-5-thread-1] - dummy/dummy | Downloaded 10 issue(s), 10 label(s), 10 milestone(s), 10 user(s)
    3589 15 Aug 2020 06:27:45 INFO UpdateIssuesTask [pool-5-thread-1] - dummy/dummy | 10 issue(s)) changed: [#1 Issue 1, #2 Issue 2, #3 Issue 3, #4 Issue 4, #5 Issue 5, #6 Issue 6, #7 Issue 7, #8 Issue 8, #9 Issue 9, #10 Issue 10]
    3590 15 Aug 2020 06:27:45 INFO UpdateUsersTask [pool-5-thread-5] - dummy/dummy | 10 user(s)) changed: [User 1, User 2, User 3, User 4, User 5, User 6, User 7, User 8, User 9, User 10]
    3590 15 Aug 2020 06:27:45 INFO UpdateMilestonesTask [pool-5-thread-4] - dummy/dummy | 10 milestone(s)) changed: [Milestone 1, Milestone 2, Milestone 3, Milestone 4, Milestone 5, Milestone 6, Milestone 7, Milestone 8, Milestone 9, Milestone 10]
    3590 15 Aug 2020 06:27:45 INFO UpdateLabelsTask [pool-5-thread-3] - dummy/dummy | 10 label(s)) changed: [Label 1, Label 2, Label 3, Label 4, Label 5, Label 6, Label 7, Label 8, Label 9, Label 10]
    3592 15 Aug 2020 06:27:45 INFO UpdateModelTask [pool-5-thread-2] - dummy/dummy | Updated model with 10 issue(s), 10 label(s), 10 milestone(s), 10 user(s)
    3606 15 Aug 2020 06:27:45 INFO BrowserComponent [JavaFX Application Thread] - Could not find chromedriver_linux; extracted it from jar
    3607 15 Aug 2020 06:27:45 INFO BrowserComponent [JavaFX Application Thread] - Logging in on GitHub...
    3610 15 Aug 2020 06:27:45 INFO UI [pool-5-thread-2] - About to trigger event RepoOpenedEvent
    3613 15 Aug 2020 06:27:45 INFO UI [JavaFX Application Thread] - Registered event handler UILogicRefreshEventHandler
    3613 15 Aug 2020 06:27:45 INFO UI [pool-5-thread-2] - Triggered event RepoOpenedEvent
    3825 15 Aug 2020 06:27:45 INFO UI [JavaFX Application Thread] - Registered event handler ModelUpdatedEventHandler
    3934 15 Aug 2020 06:27:45 INFO UI [JavaFX Application Thread] - About to trigger event ModelUpdatedEvent
    3937 15 Aug 2020 06:27:45 INFO UI [JavaFX Application Thread] - Triggered event ModelUpdatedEvent

guitests.ChromeDriverTest > chromeDriverStubTest STANDARD_ERROR
    Starting ChromeDriver 2.14.313457 (3d645c400edf2e2c500566c9aa096063e707c9cf) on port 23047
    Only local connections are allowed.
    [0.164][WARNING]: PAC support disabled because there is no system implementation

guitests.ChromeDriverTest > chromeDriverStubTest STANDARD_OUT
    4269 15 Aug 2020 06:27:46 INFO BrowserComponent [JavaFX Application Thread] - Initializing ChromeDriver
    4534 15 Aug 2020 06:27:46 INFO BrowserComponent [JavaFX Application Thread] - Initializing ChromeDriver
    4571 15 Aug 2020 06:27:46 INFO UI [Test worker] - About to trigger event IssueSelectedEvent

guitests.ChromeDriverTest > chromeDriverStubTest STANDARD_ERROR
    Exception in thread "Test worker" java.lang.IllegalStateException: Not on FX application thread; currentThread = Test worker
    	at com.sun.javafx.tk.Toolkit.checkFxUserThread(Toolkit.java:204)
    	at com.sun.javafx.tk.quantum.QuantumToolkit.checkFxUserThread(QuantumToolkit.java:364)
    	at javafx.scene.Scene.addToDirtyList(Scene.java:485)
    	at javafx.scene.Node.addToSceneDirtyList(Node.java:424)
    	at javafx.scene.Node.impl_markDirty(Node.java:415)
    	at javafx.scene.Node.impl_geomChanged(Node.java:3784)
    	at javafx.scene.layout.Region.access$700(Region.java:141)
    	at javafx.scene.layout.Region$3.invalidated(Region.java:581)
    	at javafx.beans.property.ObjectPropertyBase.markInvalid(ObjectPropertyBase.java:111)
    	at javafx.beans.property.ObjectPropertyBase.set(ObjectPropertyBase.java:145)
    	at javafx.css.StyleableObjectProperty.set(StyleableObjectProperty.java:82)
    	at javafx.css.StyleableObjectProperty.applyStyle(StyleableObjectProperty.java:68)
    	at javafx.scene.CssStyleHelper.resetToInitialValues(CssStyleHelper.java:452)
    	at javafx.scene.CssStyleHelper.createStyleHelper(CssStyleHelper.java:180)
    	at javafx.scene.Node.reapplyCss(Node.java:8785)
    	at javafx.scene.Node.impl_reapplyCSS(Node.java:8748)
    	at javafx.scene.Node$3.onChanged(Node.java:998)
    	at com.sun.javafx.collections.TrackableObservableList.lambda$new$20(TrackableObservableList.java:45)
    	at com.sun.javafx.collections.TrackableObservableList$$Lambda$62/1496133407.onChanged(Unknown Source)
    	at com.sun.javafx.collections.ListListenerHelper$SingleChange.fireValueChangedEvent(ListListenerHelper.java:164)
    	at com.sun.javafx.collections.ListListenerHelper.fireValueChangedEvent(ListListenerHelper.java:73)
    	at javafx.collections.ObservableListBase.fireChange(ObservableListBase.java:233)
    	at javafx.collections.ListChangeBuilder.commit(ListChangeBuilder.java:482)
    	at javafx.collections.ListChangeBuilder.endChange(ListChangeBuilder.java:541)
    	at javafx.collections.ObservableListBase.endChange(ObservableListBase.java:205)
    	at javafx.collections.ModifiableObservableListBase.remove(ModifiableObservableListBase.java:183)
    	at javafx.collections.ModifiableObservableListBase.remove(ModifiableObservableListBase.java:171)
    	at ui.issuecolumn.ColumnControl.updateCSSforColumns(ColumnControl.java:147)
    	at ui.issuecolumn.ColumnControl.setCurrentlySelectedColumn(ColumnControl.java:141)
    	at ui.issuecolumn.ColumnControl.lambda$new$37(ColumnControl.java:52)
    	at ui.issuecolumn.ColumnControl$$Lambda$100/1857118717.handle(Unknown Source)
    	at sun.reflect.NativeMethodAccessorImpl.invoke0(Native Method)
    	at sun.reflect.NativeMethodAccessorImpl.invoke(NativeMethodAccessorImpl.java:62)
    	at sun.reflect.DelegatingMethodAccessorImpl.invoke(DelegatingMethodAccessorImpl.java:43)
    	at java.lang.reflect.Method.invoke(Method.java:483)
    	at com.google.common.eventbus.EventSubscriber.handleEvent(EventSubscriber.java:74)
    	at com.google.common.eventbus.SynchronizedEventSubscriber.handleEvent(SynchronizedEventSubscriber.java:47)
    	at com.google.common.eventbus.EventBus.dispatch(EventBus.java:322)
    	at com.google.common.eventbus.EventBus.dispatchQueuedEvents(EventBus.java:304)
    	at com.google.common.eventbus.EventBus.post(EventBus.java:275)
    	at ui.UI.triggerEvent(UI.java:324)
    	at guitests.ChromeDriverTest.chromeDriverStubTest(ChromeDriverTest.java:21)
    	at sun.reflect.NativeMethodAccessorImpl.invoke0(Native Method)
    	at sun.reflect.NativeMethodAccessorImpl.invoke(NativeMethodAccessorImpl.java:62)
    	at sun.reflect.DelegatingMethodAccessorImpl.invoke(DelegatingMethodAccessorImpl.java:43)
    	at java.lang.reflect.Method.invoke(Method.java:483)
    	at org.junit.runners.model.FrameworkMethod$1.runReflectiveCall(FrameworkMethod.java:50)
    	at org.junit.internal.runners.model.ReflectiveCallable.run(ReflectiveCallable.java:12)
    	at org.junit.runners.model.FrameworkMethod.invokeExplosively(FrameworkMethod.java:47)
    	at org.junit.internal.runners.statements.InvokeMethod.evaluate(InvokeMethod.java:17)
    	at org.junit.internal.runners.statements.RunBefores.evaluate(RunBefores.java:26)
    	at org.junit.runners.ParentRunner.runLeaf(ParentRunner.java:325)
    	at org.junit.runners.BlockJUnit4ClassRunner.runChild(BlockJUnit4ClassRunner.java:78)
    	at org.junit.runners.BlockJUnit4ClassRunner.runChild(BlockJUnit4ClassRunner.java:57)
    	at org.junit.runners.ParentRunner$3.run(ParentRunner.java:290)
    	at org.junit.runners.ParentRunner$1.schedule(ParentRunner.java:71)
    	at org.junit.runners.ParentRunner.runChildren(ParentRunner.java:288)
    	at org.junit.runners.ParentRunner.access$000(ParentRunner.java:58)
    	at org.junit.runners.ParentRunner$2.evaluate(ParentRunner.java:268)
    	at org.junit.runners.ParentRunner.run(ParentRunner.java:363)
    	at org.gradle.api.internal.tasks.testing.junit.JUnitTestClassExecuter.runTestClass(JUnitTestClassExecuter.java:86)
    	at org.gradle.api.internal.tasks.testing.junit.JUnitTestClassExecuter.execute(JUnitTestClassExecuter.java:49)
    	at org.gradle.api.internal.tasks.testing.junit.JUnitTestClassProcessor.processTestClass(JUnitTestClassProcessor.java:64)
    	at org.gradle.api.internal.tasks.testing.SuiteTestClassProcessor.processTestClass(SuiteTestClassProcessor.java:50)
    	at sun.reflect.NativeMethodAccessorImpl.invoke0(Native Method)
    	at sun.reflect.NativeMethodAccessorImpl.invoke(NativeMethodAccessorImpl.java:62)
    	at sun.reflect.DelegatingMethodAccessorImpl.invoke(DelegatingMethodAccessorImpl.java:43)
    	at java.lang.reflect.Method.invoke(Method.java:483)
    	at org.gradle.messaging.dispatch.ReflectionDispatch.dispatch(ReflectionDispatch.java:35)
    	at org.gradle.messaging.dispatch.ReflectionDispatch.dispatch(ReflectionDispatch.java:24)
    	at org.gradle.messaging.dispatch.ContextClassLoaderDispatch.dispatch(ContextClassLoaderDispatch.java:32)
    	at org.gradle.messaging.dispatch.ProxyDispatchAdapter$DispatchingInvocationHandler.invoke(ProxyDispatchAdapter.java:93)
    	at com.sun.proxy.$Proxy2.processTestClass(Unknown Source)
    	at org.gradle.api.internal.tasks.testing.worker.TestWorker.processTestClass(TestWorker.java:106)
    	at sun.reflect.NativeMethodAccessorImpl.invoke0(Native Method)
    	at sun.reflect.NativeMethodAccessorImpl.invoke(NativeMethodAccessorImpl.java:62)
    	at sun.reflect.DelegatingMethodAccessorImpl.invoke(DelegatingMethodAccessorImpl.java:43)
    	at java.lang.reflect.Method.invoke(Method.java:483)
    	at org.gradle.messaging.dispatch.ReflectionDispatch.dispatch(ReflectionDispatch.java:35)
    	at org.gradle.messaging.dispatch.ReflectionDispatch.dispatch(ReflectionDispatch.java:24)
    	at org.gradle.messaging.remote.internal.hub.MessageHub$Handler.run(MessageHub.java:360)
    	at org.gradle.internal.concurrent.DefaultExecutorFactory$StoppableExecutorImpl$1.run(DefaultExecutorFactory.java:64)
    	at java.util.concurrent.ThreadPoolExecutor.runWorker(ThreadPoolExecutor.java:1142)
    	at java.util.concurrent.ThreadPoolExecutor$Worker.run(ThreadPoolExecutor.java:617)
    	at java.lang.Thread.run(Thread.java:745)

guitests.ChromeDriverTest > chromeDriverStubTest STANDARD_OUT
    4579 15 Aug 2020 06:27:46 INFO UI [Test worker] - Triggered event IssueSelectedEvent
    4998 15 Aug 2020 06:27:46 INFO BrowserComponent [JavaFX Application Thread] - Showing issue #1
    5580 15 Aug 2020 06:27:47 INFO UI [Test worker] - About to trigger event IssueCreatedEvent
    5583 15 Aug 2020 06:27:47 INFO BrowserComponent [Test worker] - Navigating to New Issue page
    5584 15 Aug 2020 06:27:47 INFO UI [Test worker] - Triggered event IssueCreatedEvent
    5585 15 Aug 2020 06:27:47 INFO UI [Test worker] - About to trigger event LabelCreatedEvent
    5586 15 Aug 2020 06:27:47 INFO BrowserComponent [Test worker] - Navigating to New Label page
    5586 15 Aug 2020 06:27:47 INFO UI [Test worker] - Triggered event LabelCreatedEvent
    5587 15 Aug 2020 06:27:47 INFO UI [Test worker] - About to trigger event MilestoneCreatedEvent
    5587 15 Aug 2020 06:27:47 INFO BrowserComponent [Test worker] - Navigating to New Milestone page
    5588 15 Aug 2020 06:27:47 INFO UI [Test worker] - Triggered event MilestoneCreatedEvent
    6266 15 Aug 2020 06:27:48 INFO MenuControl [JavaFX Application Thread] - Menu: View > Documentation
    6268 15 Aug 2020 06:27:48 INFO BrowserComponent [JavaFX Application Thread] - Showing documentation page
Gradle Test Executor 1 finished executing tests.
Starting process 'Gradle Test Executor 2'. Working directory: /home/travis/build/passed/HubTurbo/HubTurbo Command: /usr/lib/jvm/java-8-oracle/bin/java -Djava.security.manager=jarjar.org.gradle.process.internal.child.BootstrapSecurityManager -javaagent:build/tmp/expandedArchives/org.jacoco.agent-0.7.4.201502262128.jar_dnibj84r518qfgg9zfvgoi1cd/jacocoagent.jar=destfile=build/jacoco/test.exec,append=true,dumponexit=true,output=file,jmx=false -Dfile.encoding=UTF-8 -Duser.country=US -Duser.language=en -Duser.variant -ea -cp /home/travis/.gradle/caches/2.3/workerMain/gradle-worker.jar jarjar.org.gradle.process.internal.launcher.GradleWorkerMain 'Gradle Test Executor 2'
Successfully started process 'Gradle Test Executor 2'
Gradle Test Executor 2 started executing tests.

guitests.InvalidLoginTest > invalidLoginTest STANDARD_OUT
    2020-08-15 06:27:50,995 INFO Log4j appears to be running in a Servlet environment, but there's no log4j-web module available. If you want better web container support, please add the log4j-web JAR to your web archive or server lib directory.
    2569 15 Aug 2020 06:27:51 INFO UI [JavaFX Application Thread] - Registered event handler RepoOpenedEventHandler
    2731 15 Aug 2020 06:27:51 INFO UI [JavaFX Application Thread] - Registered event handler UpdateProgressEventHandler
    2781 15 Aug 2020 06:27:51 INFO TickingTimer [JavaFX Application Thread] - Started TickingTimer Browser Request Delay Timer
    2783 15 Aug 2020 06:27:51 INFO UI [JavaFX Application Thread] - Registered event handler IssueSelectedEventHandler
    2784 15 Aug 2020 06:27:51 INFO UI [JavaFX Application Thread] - Registered event handler IssueCreatedEventHandler
    2786 15 Aug 2020 06:27:51 INFO UI [JavaFX Application Thread] - Registered event handler LabelCreatedEventHandler
    2787 15 Aug 2020 06:27:51 INFO UI [JavaFX Application Thread] - Registered event handler MilestoneCreatedEventHandler
    2788 15 Aug 2020 06:27:51 INFO UI [JavaFX Application Thread] - Registered event handler ModelUpdatedEventHandler
    2789 15 Aug 2020 06:27:51 INFO UI [JavaFX Application Thread] - Registered event handler IssueSelectedEventHandler
    2791 15 Aug 2020 06:27:51 INFO UI [JavaFX Application Thread] - Registered event handler ColumnClickedEventHandler
    2820 15 Aug 2020 06:27:51 INFO UI [JavaFX Application Thread] - Registered event handler BoardSavedEventHandler
    3689 15 Aug 2020 06:27:52 INFO UI [JavaFX Application Thread] - Registered event handler UpdateDummyRepoEventHandler
    3691 15 Aug 2020 06:27:52 INFO UI [JavaFX Application Thread] - Registered event handler ClearLogicModelEventHandler
    3692 15 Aug 2020 06:27:52 INFO UI [JavaFX Application Thread] - About to trigger event ModelUpdatedEvent
    3695 15 Aug 2020 06:27:52 INFO UI [JavaFX Application Thread] - Triggered event ModelUpdatedEvent
    3697 15 Aug 2020 06:27:52 INFO TickingTimer [JavaFX Application Thread] - Started TickingTimer Refresh Timer
    10828 15 Aug 2020 06:27:59 INFO Logic [pool-7-thread-1] - Logging in as HubTurbo
Gradle Test Executor 2 finished executing tests.
Starting process 'Gradle Test Executor 3'. Working directory: /home/travis/build/passed/HubTurbo/HubTurbo Command: /usr/lib/jvm/java-8-oracle/bin/java -Djava.security.manager=jarjar.org.gradle.process.internal.child.BootstrapSecurityManager -javaagent:build/tmp/expandedArchives/org.jacoco.agent-0.7.4.201502262128.jar_dnibj84r518qfgg9zfvgoi1cd/jacocoagent.jar=destfile=build/jacoco/test.exec,append=true,dumponexit=true,output=file,jmx=false -Dfile.encoding=UTF-8 -Duser.country=US -Duser.language=en -Duser.variant -ea -cp /home/travis/.gradle/caches/2.3/workerMain/gradle-worker.jar jarjar.org.gradle.process.internal.launcher.GradleWorkerMain 'Gradle Test Executor 3'
Successfully started process 'Gradle Test Executor 3'
Gradle Test Executor 3 started executing tests.

guitests.ModelUpdateUITest > addIssueTest STANDARD_OUT
    2020-08-15 06:28:02,438 INFO Log4j appears to be running in a Servlet environment, but there's no log4j-web module available. If you want better web container support, please add the log4j-web JAR to your web archive or server lib directory.
    2424 15 Aug 2020 06:28:02 INFO UI [JavaFX Application Thread] - Registered event handler RepoOpenedEventHandler
    2597 15 Aug 2020 06:28:03 INFO UI [JavaFX Application Thread] - Registered event handler UpdateProgressEventHandler
    2670 15 Aug 2020 06:28:03 INFO TickingTimer [JavaFX Application Thread] - Started TickingTimer Browser Request Delay Timer
    2672 15 Aug 2020 06:28:03 INFO UI [JavaFX Application Thread] - Registered event handler IssueSelectedEventHandler
    2675 15 Aug 2020 06:28:03 INFO UI [JavaFX Application Thread] - Registered event handler IssueCreatedEventHandler
    2677 15 Aug 2020 06:28:03 INFO UI [JavaFX Application Thread] - Registered event handler LabelCreatedEventHandler
    2679 15 Aug 2020 06:28:03 INFO UI [JavaFX Application Thread] - Registered event handler MilestoneCreatedEventHandler
    2680 15 Aug 2020 06:28:03 INFO UI [JavaFX Application Thread] - Registered event handler ModelUpdatedEventHandler
    2682 15 Aug 2020 06:28:03 INFO UI [JavaFX Application Thread] - Registered event handler IssueSelectedEventHandler
    2684 15 Aug 2020 06:28:03 INFO UI [JavaFX Application Thread] - Registered event handler ColumnClickedEventHandler
    2723 15 Aug 2020 06:28:03 INFO UI [JavaFX Application Thread] - Registered event handler BoardSavedEventHandler
    3588 15 Aug 2020 06:28:04 INFO UI [JavaFX Application Thread] - Registered event handler UpdateDummyRepoEventHandler
    3591 15 Aug 2020 06:28:04 INFO UI [JavaFX Application Thread] - Registered event handler ClearLogicModelEventHandler
    3592 15 Aug 2020 06:28:04 INFO UI [JavaFX Application Thread] - About to trigger event ModelUpdatedEvent
    3596 15 Aug 2020 06:28:04 INFO UI [JavaFX Application Thread] - Triggered event ModelUpdatedEvent
    3597 15 Aug 2020 06:28:04 INFO TickingTimer [JavaFX Application Thread] - Started TickingTimer Refresh Timer
    3620 15 Aug 2020 06:28:04 INFO Logic [JavaFX Application Thread] - Opening dummy/dummy
    3629 15 Aug 2020 06:28:04 INFO UI [JavaFX Application Thread] - About to trigger event BoardSavedEvent
    3630 15 Aug 2020 06:28:04 INFO UI [JavaFX Application Thread] - Triggered event BoardSavedEvent
    3637 15 Aug 2020 06:28:04 INFO DownloadRepoTask [pool-5-thread-1] - dummy/dummy | Downloaded 10 issue(s), 10 label(s), 10 milestone(s), 10 user(s)
    3643 15 Aug 2020 06:28:04 INFO BrowserComponent [JavaFX Application Thread] - Located chromedriver_linux
    3645 15 Aug 2020 06:28:04 INFO UI [JavaFX Application Thread] - Registered event handler UILogicRefreshEventHandler
    3647 15 Aug 2020 06:28:04 INFO UpdateIssuesTask [pool-5-thread-1] - dummy/dummy | 10 issue(s)) changed: [#1 Issue 1, #2 Issue 2, #3 Issue 3, #4 Issue 4, #5 Issue 5, #6 Issue 6, #7 Issue 7, #8 Issue 8, #9 Issue 9, #10 Issue 10]
    3647 15 Aug 2020 06:28:04 INFO UpdateLabelsTask [pool-5-thread-3] - dummy/dummy | 10 label(s)) changed: [Label 1, Label 2, Label 3, Label 4, Label 5, Label 6, Label 7, Label 8, Label 9, Label 10]
    3647 15 Aug 2020 06:28:04 INFO UpdateUsersTask [pool-5-thread-5] - dummy/dummy | 10 user(s)) changed: [User 1, User 2, User 3, User 4, User 5, User 6, User 7, User 8, User 9, User 10]
    3647 15 Aug 2020 06:28:04 INFO UpdateMilestonesTask [pool-5-thread-4] - dummy/dummy | 10 milestone(s)) changed: [Milestone 1, Milestone 2, Milestone 3, Milestone 4, Milestone 5, Milestone 6, Milestone 7, Milestone 8, Milestone 9, Milestone 10]
    3648 15 Aug 2020 06:28:04 INFO UpdateModelTask [pool-5-thread-2] - dummy/dummy | Updated model with 10 issue(s), 10 label(s), 10 milestone(s), 10 user(s)
    3666 15 Aug 2020 06:28:04 INFO UI [pool-5-thread-2] - About to trigger event RepoOpenedEvent
    3669 15 Aug 2020 06:28:04 INFO UI [pool-5-thread-2] - Triggered event RepoOpenedEvent
    3771 15 Aug 2020 06:28:04 INFO UI [JavaFX Application Thread] - Registered event handler ModelUpdatedEventHandler
    3852 15 Aug 2020 06:28:04 INFO UI [JavaFX Application Thread] - About to trigger event ModelUpdatedEvent
    3856 15 Aug 2020 06:28:04 INFO UI [JavaFX Application Thread] - Triggered event ModelUpdatedEvent
    4536 15 Aug 2020 06:28:05 INFO UI [Test worker] - About to trigger event UpdateDummyRepoEvent
    4538 15 Aug 2020 06:28:05 INFO UI [Test worker] - About to trigger event ClearLogicModelEvent
    4539 15 Aug 2020 06:28:05 INFO UI [Test worker] - Triggered event ClearLogicModelEvent
    4539 15 Aug 2020 06:28:05 INFO Logic [Test worker] - Attempting to reset dummy/dummy
    4540 15 Aug 2020 06:28:05 INFO Logic [Test worker] - Clearing dummy/dummy successful.
    4540 15 Aug 2020 06:28:05 INFO UI [Test worker] - Triggered event UpdateDummyRepoEvent
    4541 15 Aug 2020 06:28:05 INFO UI [Test worker] - About to trigger event UILogicRefreshEvent
    4541 15 Aug 2020 06:28:05 INFO Logic [pool-7-thread-1] - Opening dummy/dummy
    4542 15 Aug 2020 06:28:05 INFO UI [Test worker] - Triggered event UILogicRefreshEvent
    4542 15 Aug 2020 06:28:05 INFO DownloadRepoTask [pool-5-thread-2] - dummy/dummy | Downloaded 10 issue(s), 10 label(s), 10 milestone(s), 10 user(s)
    4543 15 Aug 2020 06:28:05 INFO UpdateIssuesTask [pool-5-thread-2] - dummy/dummy | 10 issue(s)) changed: [#1 Issue 1, #2 Issue 2, #3 Issue 3, #4 Issue 4, #5 Issue 5, #6 Issue 6, #7 Issue 7, #8 Issue 8, #9 Issue 9, #10 Issue 10]
    4543 15 Aug 2020 06:28:05 INFO UpdateLabelsTask [pool-5-thread-5] - dummy/dummy | 10 label(s)) changed: [Label 1, Label 2, Label 3, Label 4, Label 5, Label 6, Label 7, Label 8, Label 9, Label 10]
    4543 15 Aug 2020 06:28:05 INFO UpdateMilestonesTask [pool-5-thread-1] - dummy/dummy | 10 milestone(s)) changed: [Milestone 1, Milestone 2, Milestone 3, Milestone 4, Milestone 5, Milestone 6, Milestone 7, Milestone 8, Milestone 9, Milestone 10]
    4543 15 Aug 2020 06:28:05 INFO UpdateUsersTask [pool-5-thread-3] - dummy/dummy | 10 user(s)) changed: [User 1, User 2, User 3, User 4, User 5, User 6, User 7, User 8, User 9, User 10]
    4544 15 Aug 2020 06:28:05 INFO UpdateModelTask [pool-5-thread-4] - dummy/dummy | Updated model with 10 issue(s), 10 label(s), 10 milestone(s), 10 user(s)
    4544 15 Aug 2020 06:28:05 INFO Logic [JavaFX Application Thread] - Refreshing 
    4545 15 Aug 2020 06:28:05 INFO UI [pool-5-thread-4] - About to trigger event RepoOpenedEvent

guitests.ModelUpdateUITest > addIssueTest STANDARD_ERROR
    Exception in thread "pool-5-thread-4" java.lang.IllegalStateException: Not on FX application thread; currentThread = pool-5-thread-4

guitests.ModelUpdateUITest > addIssueTest STANDARD_OUT
    4548 15 Aug 2020 06:28:05 INFO UI [JavaFX Application Thread] - About to trigger event ModelUpdatedEvent

guitests.ModelUpdateUITest > addIssueTest STANDARD_ERROR
    	at com.sun.javafx.tk.Toolkit.checkFxUserThread(Toolkit.java:204)
    	at com.sun.javafx.tk.quantum.QuantumToolkit.checkFxUserThread(QuantumToolkit.java:364)
    	at javafx.scene.Scene.addToDirtyList(Scene.java:485)
    	at javafx.scene.Node.addToSceneDirtyList(Node.java:424)
    	at javafx.scene.Node.impl_markDirty(Node.java:415)
    	at javafx.scene.shape.Shape.impl_markDirty(Shape.java:942)
    	at javafx.scene.Node.impl_geomChanged(Node.java:3784)
    	at javafx.scene.text.Text.impl_geomChanged(Text.java:763)
    	at javafx.scene.text.Text.needsTextLayout(Text.java:194)
    	at javafx.scene.text.Text.needsFullTextLayout(Text.java:189)
    	at javafx.scene.text.Text.access$200(Text.java:96)
    	at javafx.scene.text.Text$2.invalidated(Text.java:386)
    	at javafx.beans.property.StringPropertyBase.markInvalid(StringPropertyBase.java:109)
    	at javafx.beans.property.StringPropertyBase.access$000(StringPropertyBase.java:49)
    	at javafx.beans.property.StringPropertyBase$Listener.invalidated(StringPropertyBase.java:229)
    	at com.sun.javafx.binding.ExpressionHelper$SingleInvalidation.fireValueChangedEvent(ExpressionHelper.java:137)

guitests.ModelUpdateUITest > addIssueTest STANDARD_OUT
    4549 15 Aug 2020 06:28:05 INFO UI [JavaFX Application Thread] - Triggered event ModelUpdatedEvent

guitests.ModelUpdateUITest > addIssueTest STANDARD_ERROR
    	at com.sun.javafx.binding.ExpressionHelper.fireValueChangedEvent(ExpressionHelper.java:81)
    	at javafx.beans.binding.StringBinding.invalidate(StringBinding.java:171)
    	at com.sun.javafx.binding.BindingHelperObserver.invalidated(BindingHelperObserver.java:51)
    	at com.sun.javafx.binding.ExpressionHelper$Generic.fireValueChangedEvent(ExpressionHelper.java:349)
    	at com.sun.javafx.binding.ExpressionHelper.fireValueChangedEvent(ExpressionHelper.java:81)
    	at javafx.scene.control.TextInputControl$TextProperty.fireValueChangedEvent(TextInputControl.java:1123)

guitests.ModelUpdateUITest > addIssueTest STANDARD_OUT
    4550 15 Aug 2020 06:28:05 INFO UI [JavaFX Application Thread] - About to trigger event ModelUpdatedEvent

guitests.ModelUpdateUITest > addIssueTest STANDARD_ERROR
    	at javafx.scene.control.TextInputControl$TextProperty.markInvalid(TextInputControl.java:1127)
    	at javafx.scene.control.TextInputControl$TextProperty.invalidate(TextInputControl.java:1066)
    	at javafx.scene.control.TextInputControl$TextProperty.access$1300(TextInputControl.java:1038)
    	at javafx.scene.control.TextInputControl.lambda$new$163(TextInputControl.java:134)
    	at javafx.scene.control.TextInputControl$$Lambda$183/495011825.invalidated(Unknown Source)
    	at com.sun.javafx.binding.ExpressionHelper$SingleInvalidation.fireValueChangedEvent(ExpressionHelper.java:137)
    	at com.sun.javafx.binding.ExpressionHelper.fireValueChangedEvent(ExpressionHelper.java:81)
    	at javafx.scene.control.TextField$TextFieldContent.delete(TextField.java:97)
    	at javafx.scene.control.TextInputControl$TextProperty.doSet(TextInputControl.java:1135)
    	at javafx.scene.control.TextInputControl$TextProperty.set(TextInputControl.java:1061)
    	at javafx.scene.control.TextInputControl.setText(TextInputControl.java:282)
    	at com.sun.javafx.scene.control.skin.ComboBoxListViewSkin.updateDisplayNode(ComboBoxListViewSkin.java:494)
    	at com.sun.javafx.scene.control.skin.ComboBoxListViewSkin.getDisplayNode(ComboBoxListViewSkin.java:288)

guitests.ModelUpdateUITest > addIssueTest STANDARD_OUT
    4552 15 Aug 2020 06:28:05 INFO UI [JavaFX Application Thread] - Triggered event ModelUpdatedEvent

guitests.ModelUpdateUITest > addIssueTest STANDARD_ERROR
    	at com.sun.javafx.scene.control.skin.ComboBoxBaseSkin.updateDisplayArea(ComboBoxBaseSkin.java:141)
    	at com.sun.javafx.scene.control.skin.ComboBoxBaseSkin.handleControlPropertyChanged(ComboBoxBaseSkin.java:134)
    	at com.sun.javafx.scene.control.skin.ComboBoxListViewSkin.handleControlPropertyChanged(ComboBoxListViewSkin.java:231)
    	at com.sun.javafx.scene.control.skin.BehaviorSkinBase.lambda$registerChangeListener$60(BehaviorSkinBase.java:197)
    	at com.sun.javafx.scene.control.skin.BehaviorSkinBase$$Lambda$168/1489823417.call(Unknown Source)
    	at com.sun.javafx.scene.control.MultiplePropertyChangeListenerHandler$1.changed(MultiplePropertyChangeListenerHandler.java:55)
    	at javafx.beans.value.WeakChangeListener.changed(WeakChangeListener.java:89)
    	at com.sun.javafx.binding.ExpressionHelper$Generic.fireValueChangedEvent(ExpressionHelper.java:361)
    	at com.sun.javafx.binding.ExpressionHelper.fireValueChangedEvent(ExpressionHelper.java:81)
    	at javafx.beans.property.ObjectPropertyBase.fireValueChangedEvent(ObjectPropertyBase.java:105)
    	at javafx.beans.property.ObjectPropertyBase.markInvalid(ObjectPropertyBase.java:112)
    	at javafx.beans.property.ObjectPropertyBase.set(ObjectPropertyBase.java:145)
    	at javafx.scene.control.ComboBoxBase.setValue(ComboBoxBase.java:167)
    	at javafx.scene.control.ComboBox.updateValue(ComboBox.java:468)
    	at javafx.scene.control.ComboBox.access$300(ComboBox.java:187)
    	at javafx.scene.control.ComboBox$4.changed(ComboBox.java:453)
    	at com.sun.javafx.binding.ExpressionHelper$Generic.fireValueChangedEvent(ExpressionHelper.java:361)
    	at com.sun.javafx.binding.ExpressionHelper.fireValueChangedEvent(ExpressionHelper.java:81)
    	at javafx.beans.property.ReadOnlyObjectWrapper$ReadOnlyPropertyImpl.fireValueChangedEvent(ReadOnlyObjectWrapper.java:176)
    	at javafx.beans.property.ReadOnlyObjectWrapper.fireValueChangedEvent(ReadOnlyObjectWrapper.java:142)
    	at javafx.beans.property.ObjectPropertyBase.markInvalid(ObjectPropertyBase.java:112)
    	at javafx.beans.property.ObjectPropertyBase.set(ObjectPropertyBase.java:145)
    	at javafx.scene.control.SelectionModel.setSelectedItem(SelectionModel.java:102)
    	at javafx.scene.control.ComboBox$ComboBoxSelectionModel.lambda$new$152(ComboBox.java:499)
    	at javafx.scene.control.ComboBox$ComboBoxSelectionModel$$Lambda$84/1066616578.invalidated(Unknown Source)
    	at com.sun.javafx.binding.ExpressionHelper$SingleInvalidation.fireValueChangedEvent(ExpressionHelper.java:137)
    	at com.sun.javafx.binding.ExpressionHelper.fireValueChangedEvent(ExpressionHelper.java:81)
    	at javafx.beans.property.ReadOnlyIntegerWrapper$ReadOnlyPropertyImpl.fireValueChangedEvent(ReadOnlyIntegerWrapper.java:176)
    	at javafx.beans.property.ReadOnlyIntegerWrapper.fireValueChangedEvent(ReadOnlyIntegerWrapper.java:142)
    	at javafx.beans.property.IntegerPropertyBase.markInvalid(IntegerPropertyBase.java:113)
    	at javafx.beans.property.IntegerPropertyBase.set(IntegerPropertyBase.java:146)
    	at javafx.scene.control.SelectionModel.setSelectedIndex(SelectionModel.java:68)
    	at javafx.scene.control.ComboBox$ComboBoxSelectionModel$1.onChanged(ComboBox.java:521)
    	at javafx.collections.WeakListChangeListener.onChanged(WeakListChangeListener.java:88)
    	at com.sun.javafx.collections.ListListenerHelper$Generic.fireValueChangedEvent(ListListenerHelper.java:329)
    	at com.sun.javafx.collections.ListListenerHelper.fireValueChangedEvent(ListListenerHelper.java:73)
    	at javafx.collections.ObservableListBase.fireChange(ObservableListBase.java:233)
    	at javafx.collections.ListChangeBuilder.commit(ListChangeBuilder.java:482)
    	at javafx.collections.ListChangeBuilder.endChange(ListChangeBuilder.java:541)
    	at javafx.collections.ObservableListBase.endChange(ObservableListBase.java:205)
    	at com.sun.javafx.collections.ObservableListWrapper.clear(ObservableListWrapper.java:157)
    	at ui.RepositorySelector.refreshContents(RepositorySelector.java:65)
    	at ui.UI.onRepoOpened(UI.java:207)
    	at ui.UI.lambda$initPreApplicationState$28(UI.java:147)
    	at ui.UI$$Lambda$66/470289273.handle(Unknown Source)
    	at sun.reflect.NativeMethodAccessorImpl.invoke0(Native Method)
    	at sun.reflect.NativeMethodAccessorImpl.invoke(NativeMethodAccessorImpl.java:62)
    	at sun.reflect.DelegatingMethodAccessorImpl.invoke(DelegatingMethodAccessorImpl.java:43)
    	at java.lang.reflect.Method.invoke(Method.java:483)
    	at com.google.common.eventbus.EventSubscriber.handleEvent(EventSubscriber.java:74)
    	at com.google.common.eventbus.SynchronizedEventSubscriber.handleEvent(SynchronizedEventSubscriber.java:47)
    	at com.google.common.eventbus.EventBus.dispatch(EventBus.java:322)
    	at com.google.common.eventbus.EventBus.dispatchQueuedEvents(EventBus.java:304)
    	at com.google.common.eventbus.EventBus.post(EventBus.java:275)
    	at ui.UI.triggerEvent(UI.java:324)
    	at backend.Logic.lambda$null$5(Logic.java:112)
    	at backend.Logic$$Lambda$311/87547192.run(Unknown Source)
    	at java.util.concurrent.CompletableFuture$ThenRun.run(CompletableFuture.java:810)
    	at java.util.concurrent.CompletableFuture.postComplete(CompletableFuture.java:193)
    	at java.util.concurrent.CompletableFuture.internalComplete(CompletableFuture.java:210)
    	at java.util.concurrent.CompletableFuture$ThenRun.run(CompletableFuture.java:816)
    	at java.util.concurrent.CompletableFuture.postComplete(CompletableFuture.java:193)
    	at java.util.concurrent.CompletableFuture.internalComplete(CompletableFuture.java:210)
    	at java.util.concurrent.CompletableFuture$ThenApply.run(CompletableFuture.java:723)
    	at java.util.concurrent.CompletableFuture.postComplete(CompletableFuture.java:193)
    	at java.util.concurrent.CompletableFuture.internalComplete(CompletableFuture.java:210)
    	at java.util.concurrent.CompletableFuture$ExceptionCompletion.run(CompletableFuture.java:1255)
    	at java.util.concurrent.CompletableFuture.postComplete(CompletableFuture.java:193)
    	at java.util.concurrent.CompletableFuture.internalComplete(CompletableFuture.java:210)
    	at java.util.concurrent.CompletableFuture$ThenCopy.run(CompletableFuture.java:1333)
    	at java.util.concurrent.CompletableFuture.postComplete(CompletableFuture.java:193)
    	at java.util.concurrent.CompletableFuture.internalComplete(CompletableFuture.java:210)
    	at java.util.concurrent.CompletableFuture$ExceptionCompletion.run(CompletableFuture.java:1255)
    	at java.util.concurrent.CompletableFuture.postComplete(CompletableFuture.java:193)
    	at java.util.concurrent.CompletableFuture.internalComplete(CompletableFuture.java:210)
    	at java.util.concurrent.CompletableFuture$ThenApply.run(CompletableFuture.java:723)
    	at java.util.concurrent.CompletableFuture.postComplete(CompletableFuture.java:193)
    	at java.util.concurrent.CompletableFuture.complete(CompletableFuture.java:2345)
    	at backend.github.UpdateModelTask.run(UpdateModelTask.java:49)
    	at java.util.concurrent.ThreadPoolExecutor.runWorker(ThreadPoolExecutor.java:1142)
    	at java.util.concurrent.ThreadPoolExecutor$Worker.run(ThreadPoolExecutor.java:617)
    	at java.lang.Thread.run(Thread.java:745)
    Exception in thread "pool-5-thread-4" java.lang.IllegalStateException: Not on FX application thread; currentThread = pool-5-thread-4
    	at com.sun.javafx.tk.Toolkit.checkFxUserThread(Toolkit.java:204)
    	at com.sun.javafx.tk.quantum.QuantumToolkit.checkFxUserThread(QuantumToolkit.java:364)
    	at javafx.scene.Scene.addToDirtyList(Scene.java:485)
    	at javafx.scene.Node.addToSceneDirtyList(Node.java:424)
    	at javafx.scene.Node.impl_markDirty(Node.java:415)
    	at javafx.scene.shape.Shape.impl_markDirty(Shape.java:942)
    	at javafx.scene.Node.transformedBoundsChanged(Node.java:3815)
    	at javafx.scene.Node.impl_geomChanged(Node.java:3779)
    	at javafx.scene.text.Text.impl_geomChanged(Text.java:763)
    	at javafx.scene.text.Text.needsTextLayout(Text.java:194)
    	at javafx.scene.text.Text.needsFullTextLayout(Text.java:189)
    	at javafx.scene.text.Text.access$200(Text.java:96)
    	at javafx.scene.text.Text$2.invalidated(Text.java:386)
    	at javafx.beans.property.StringPropertyBase.markInvalid(StringPropertyBase.java:109)
    	at javafx.beans.property.StringPropertyBase.access$000(StringPropertyBase.java:49)
    	at javafx.beans.property.StringPropertyBase$Listener.invalidated(StringPropertyBase.java:229)
    	at com.sun.javafx.binding.ExpressionHelper$SingleInvalidation.fireValueChangedEvent(ExpressionHelper.java:137)
    	at com.sun.javafx.binding.ExpressionHelper.fireValueChangedEvent(ExpressionHelper.java:81)
    	at javafx.beans.binding.StringBinding.invalidate(StringBinding.java:171)
    	at com.sun.javafx.binding.BindingHelperObserver.invalidated(BindingHelperObserver.java:51)
    	at com.sun.javafx.binding.ExpressionHelper$Generic.fireValueChangedEvent(ExpressionHelper.java:349)
    	at com.sun.javafx.binding.ExpressionHelper.fireValueChangedEvent(ExpressionHelper.java:81)
    	at javafx.scene.control.TextInputControl$TextProperty.fireValueChangedEvent(TextInputControl.java:1123)
    	at javafx.scene.control.TextInputControl$TextProperty.markInvalid(TextInputControl.java:1127)
    	at javafx.scene.control.TextInputControl$TextProperty.set(TextInputControl.java:1062)
    	at javafx.scene.control.TextInputControl.setText(TextInputControl.java:282)
    	at com.sun.javafx.scene.control.skin.ComboBoxListViewSkin.updateDisplayNode(ComboBoxListViewSkin.java:494)
    	at com.sun.javafx.scene.control.skin.ComboBoxListViewSkin.getDisplayNode(ComboBoxListViewSkin.java:288)
    	at com.sun.javafx.scene.control.skin.ComboBoxBaseSkin.updateDisplayArea(ComboBoxBaseSkin.java:141)
    	at com.sun.javafx.scene.control.skin.ComboBoxBaseSkin.handleControlPropertyChanged(ComboBoxBaseSkin.java:134)
    	at com.sun.javafx.scene.control.skin.ComboBoxListViewSkin.handleControlPropertyChanged(ComboBoxListViewSkin.java:231)
    	at com.sun.javafx.scene.control.skin.BehaviorSkinBase.lambda$registerChangeListener$60(BehaviorSkinBase.java:197)
    	at com.sun.javafx.scene.control.skin.BehaviorSkinBase$$Lambda$168/1489823417.call(Unknown Source)
    	at com.sun.javafx.scene.control.MultiplePropertyChangeListenerHandler$1.changed(MultiplePropertyChangeListenerHandler.java:55)
    	at javafx.beans.value.WeakChangeListener.changed(WeakChangeListener.java:89)
    	at com.sun.javafx.binding.ExpressionHelper$Generic.fireValueChangedEvent(ExpressionHelper.java:361)
    	at com.sun.javafx.binding.ExpressionHelper.fireValueChangedEvent(ExpressionHelper.java:81)
    	at javafx.beans.property.ObjectPropertyBase.fireValueChangedEvent(ObjectPropertyBase.java:105)
    	at javafx.beans.property.ObjectPropertyBase.markInvalid(ObjectPropertyBase.java:112)
    	at javafx.beans.property.ObjectPropertyBase.set(ObjectPropertyBase.java:145)
    	at javafx.scene.control.ComboBoxBase.setValue(ComboBoxBase.java:167)
    	at javafx.scene.control.ComboBox.updateValue(ComboBox.java:468)
    	at javafx.scene.control.ComboBox.access$300(ComboBox.java:187)
    	at javafx.scene.control.ComboBox$4.changed(ComboBox.java:453)
    	at com.sun.javafx.binding.ExpressionHelper$Generic.fireValueChangedEvent(ExpressionHelper.java:361)
    	at com.sun.javafx.binding.ExpressionHelper.fireValueChangedEvent(ExpressionHelper.java:81)
    	at javafx.beans.property.ReadOnlyObjectWrapper$ReadOnlyPropertyImpl.fireValueChangedEvent(ReadOnlyObjectWrapper.java:176)
    	at javafx.beans.property.ReadOnlyObjectWrapper.fireValueChangedEvent(ReadOnlyObjectWrapper.java:142)
    	at javafx.beans.property.ObjectPropertyBase.markInvalid(ObjectPropertyBase.java:112)
    	at javafx.beans.property.ObjectPropertyBase.set(ObjectPropertyBase.java:145)
    	at javafx.scene.control.SelectionModel.setSelectedItem(SelectionModel.java:102)
    	at javafx.scene.control.ComboBox$ComboBoxSelectionModel.lambda$new$152(ComboBox.java:499)
    	at javafx.scene.control.ComboBox$ComboBoxSelectionModel$$Lambda$84/1066616578.invalidated(Unknown Source)
    	at com.sun.javafx.binding.ExpressionHelper$SingleInvalidation.fireValueChangedEvent(ExpressionHelper.java:137)
    	at com.sun.javafx.binding.ExpressionHelper.fireValueChangedEvent(ExpressionHelper.java:81)
    	at javafx.beans.property.ReadOnlyIntegerWrapper$ReadOnlyPropertyImpl.fireValueChangedEvent(ReadOnlyIntegerWrapper.java:176)
    	at javafx.beans.property.ReadOnlyIntegerWrapper.fireValueChangedEvent(ReadOnlyIntegerWrapper.java:142)
    	at javafx.beans.property.IntegerPropertyBase.markInvalid(IntegerPropertyBase.java:113)
    	at javafx.beans.property.IntegerPropertyBase.set(IntegerPropertyBase.java:146)
    	at javafx.scene.control.SelectionModel.setSelectedIndex(SelectionModel.java:68)
    	at javafx.scene.control.ComboBox$ComboBoxSelectionModel$1.onChanged(ComboBox.java:521)
    	at javafx.collections.WeakListChangeListener.onChanged(WeakListChangeListener.java:88)
    	at com.sun.javafx.collections.ListListenerHelper$Generic.fireValueChangedEvent(ListListenerHelper.java:329)
    	at com.sun.javafx.collections.ListListenerHelper.fireValueChangedEvent(ListListenerHelper.java:73)
    	at javafx.collections.ObservableListBase.fireChange(ObservableListBase.java:233)
    	at javafx.collections.ListChangeBuilder.commit(ListChangeBuilder.java:482)
    	at javafx.collections.ListChangeBuilder.endChange(ListChangeBuilder.java:541)
    	at javafx.collections.ObservableListBase.endChange(ObservableListBase.java:205)
    	at com.sun.javafx.collections.ObservableListWrapper.clear(ObservableListWrapper.java:157)
    	at ui.RepositorySelector.refreshContents(RepositorySelector.java:65)
    	at ui.UI.onRepoOpened(UI.java:207)
    	at ui.UI.lambda$initPreApplicationState$28(UI.java:147)
    	at ui.UI$$Lambda$66/470289273.handle(Unknown Source)
    	at sun.reflect.NativeMethodAccessorImpl.invoke0(Native Method)
    	at sun.reflect.NativeMethodAccessorImpl.invoke(NativeMethodAccessorImpl.java:62)
    	at sun.reflect.DelegatingMethodAccessorImpl.invoke(DelegatingMethodAccessorImpl.java:43)
    	at java.lang.reflect.Method.invoke(Method.java:483)
    	at com.google.common.eventbus.EventSubscriber.handleEvent(EventSubscriber.java:74)
    	at com.google.common.eventbus.SynchronizedEventSubscriber.handleEvent(SynchronizedEventSubscriber.java:47)
    	at com.google.common.eventbus.EventBus.dispatch(EventBus.java:322)
    	at com.google.common.eventbus.EventBus.dispatchQueuedEvents(EventBus.java:304)
    	at com.google.common.eventbus.EventBus.post(EventBus.java:275)
    	at ui.UI.triggerEvent(UI.java:324)
    	at backend.Logic.lambda$null$5(Logic.java:112)
    	at backend.Logic$$Lambda$311/87547192.run(Unknown Source)
    	at java.util.concurrent.CompletableFuture$ThenRun.run(CompletableFuture.java:810)
    	at java.util.concurrent.CompletableFuture.postComplete(CompletableFuture.java:193)
    	at java.util.concurrent.CompletableFuture.internalComplete(CompletableFuture.java:210)
    	at java.util.concurrent.CompletableFuture$ThenRun.run(CompletableFuture.java:816)
    	at java.util.concurrent.CompletableFuture.postComplete(CompletableFuture.java:193)
    	at java.util.concurrent.CompletableFuture.internalComplete(CompletableFuture.java:210)
    	at java.util.concurrent.CompletableFuture$ThenApply.run(CompletableFuture.java:723)
    	at java.util.concurrent.CompletableFuture.postComplete(CompletableFuture.java:193)
    	at java.util.concurrent.CompletableFuture.internalComplete(CompletableFuture.java:210)
    	at java.util.concurrent.CompletableFuture$ExceptionCompletion.run(CompletableFuture.java:1255)
    	at java.util.concurrent.CompletableFuture.postComplete(CompletableFuture.java:193)
    	at java.util.concurrent.CompletableFuture.internalComplete(CompletableFuture.java:210)
    	at java.util.concurrent.CompletableFuture$ThenCopy.run(CompletableFuture.java:1333)
    	at java.util.concurrent.CompletableFuture.postComplete(CompletableFuture.java:193)
    	at java.util.concurrent.CompletableFuture.internalComplete(CompletableFuture.java:210)
    	at java.util.concurrent.CompletableFuture$ExceptionCompletion.run(CompletableFuture.java:1255)
    	at java.util.concurrent.CompletableFuture.postComplete(CompletableFuture.java:193)
    	at java.util.concurrent.CompletableFuture.internalComplete(CompletableFuture.java:210)
    	at java.util.concurrent.CompletableFuture$ThenApply.run(CompletableFuture.java:723)
    	at java.util.concurrent.CompletableFuture.postComplete(CompletableFuture.java:193)
    	at java.util.concurrent.CompletableFuture.complete(CompletableFuture.java:2345)
    	at backend.github.UpdateModelTask.run(UpdateModelTask.java:49)
    	at java.util.concurrent.ThreadPoolExecutor.runWorker(ThreadPoolExecutor.java:1142)
    	at java.util.concurrent.ThreadPoolExecutor$Worker.run(ThreadPoolExecutor.java:617)
    	at java.lang.Thread.run(Thread.java:745)
    Exception in thread "pool-5-thread-4" java.lang.IllegalStateException: Not on FX application thread; currentThread = pool-5-thread-4
    	at com.sun.javafx.tk.Toolkit.checkFxUserThread(Toolkit.java:204)
    	at com.sun.javafx.tk.quantum.QuantumToolkit.checkFxUserThread(QuantumToolkit.java:364)
    	at javafx.scene.Scene.addToDirtyList(Scene.java:485)
    	at javafx.scene.Node.addToSceneDirtyList(Node.java:424)
    	at javafx.scene.Node.impl_markDirty(Node.java:415)
    	at javafx.scene.Node.impl_geomChanged(Node.java:3784)
    	at javafx.scene.Parent.childBoundsChanged(Parent.java:1728)
    	at javafx.scene.Node.notifyParentOfBoundsChange(Node.java:3856)
    	at javafx.scene.Node.transformedBoundsChanged(Node.java:3818)
    	at javafx.scene.Node.impl_geomChanged(Node.java:3779)
    	at javafx.scene.text.Text.impl_geomChanged(Text.java:763)
    	at javafx.scene.text.Text.needsTextLayout(Text.java:194)
    	at javafx.scene.text.Text.needsFullTextLayout(Text.java:189)
    	at javafx.scene.text.Text.access$200(Text.java:96)
    	at javafx.scene.text.Text$2.invalidated(Text.java:386)
    	at javafx.beans.property.StringPropertyBase.markInvalid(StringPropertyBase.java:109)
    	at javafx.beans.property.StringPropertyBase.access$000(StringPropertyBase.java:49)
    	at javafx.beans.property.StringPropertyBase$Listener.invalidated(StringPropertyBase.java:229)
    	at com.sun.javafx.binding.ExpressionHelper$SingleInvalidation.fireValueChangedEvent(ExpressionHelper.java:137)
    	at com.sun.javafx.binding.ExpressionHelper.fireValueChangedEvent(ExpressionHelper.java:81)
    	at javafx.beans.binding.StringBinding.invalidate(StringBinding.java:171)
    	at com.sun.javafx.binding.BindingHelperObserver.invalidated(BindingHelperObserver.java:51)
    	at com.sun.javafx.binding.ExpressionHelper$Generic.fireValueChangedEvent(ExpressionHelper.java:349)
    	at com.sun.javafx.binding.ExpressionHelper.fireValueChangedEvent(ExpressionHelper.java:81)
    	at javafx.scene.control.TextInputControl$TextProperty.fireValueChangedEvent(TextInputControl.java:1123)
    	at javafx.scene.control.TextInputControl$TextProperty.markInvalid(TextInputControl.java:1127)
    	at javafx.scene.control.TextInputControl$TextProperty.invalidate(TextInputControl.java:1066)
    	at javafx.scene.control.TextInputControl$TextProperty.access$1300(TextInputControl.java:1038)
    	at javafx.scene.control.TextInputControl.lambda$new$163(TextInputControl.java:134)
    	at javafx.scene.control.TextInputControl$$Lambda$183/495011825.invalidated(Unknown Source)
    	at com.sun.javafx.binding.ExpressionHelper$SingleInvalidation.fireValueChangedEvent(ExpressionHelper.java:137)
    	at com.sun.javafx.binding.ExpressionHelper.fireValueChangedEvent(ExpressionHelper.java:81)
    	at javafx.scene.control.TextField$TextFieldContent.insert(TextField.java:88)
    	at javafx.scene.control.TextInputControl$TextProperty.doSet(TextInputControl.java:1136)
    	at javafx.scene.control.TextInputControl$TextProperty.set(TextInputControl.java:1061)
    	at javafx.scene.control.TextInputControl.setText(TextInputControl.java:282)
    	at com.sun.javafx.scene.control.skin.ComboBoxListViewSkin.updateDisplayNode(ComboBoxListViewSkin.java:496)
    	at com.sun.javafx.scene.control.skin.ComboBoxListViewSkin.getDisplayNode(ComboBoxListViewSkin.java:288)
    	at com.sun.javafx.scene.control.skin.ComboBoxBaseSkin.updateDisplayArea(ComboBoxBaseSkin.java:141)
    	at com.sun.javafx.scene.control.skin.ComboBoxBaseSkin.handleControlPropertyChanged(ComboBoxBaseSkin.java:134)
    	at com.sun.javafx.scene.control.skin.ComboBoxListViewSkin.handleControlPropertyChanged(ComboBoxListViewSkin.java:231)
    	at com.sun.javafx.scene.control.skin.BehaviorSkinBase.lambda$registerChangeListener$60(BehaviorSkinBase.java:197)
    	at com.sun.javafx.scene.control.skin.BehaviorSkinBase$$Lambda$168/1489823417.call(Unknown Source)
    	at com.sun.javafx.scene.control.MultiplePropertyChangeListenerHandler$1.changed(MultiplePropertyChangeListenerHandler.java:55)
    	at javafx.beans.value.WeakChangeListener.changed(WeakChangeListener.java:89)
    	at com.sun.javafx.binding.ExpressionHelper$Generic.fireValueChangedEvent(ExpressionHelper.java:361)
    	at com.sun.javafx.binding.ExpressionHelper.fireValueChangedEvent(ExpressionHelper.java:81)
    	at javafx.beans.property.ObjectPropertyBase.fireValueChangedEvent(ObjectPropertyBase.java:105)
    	at javafx.beans.property.ObjectPropertyBase.markInvalid(ObjectPropertyBase.java:112)
    	at javafx.beans.property.ObjectPropertyBase.set(ObjectPropertyBase.java:145)
    	at javafx.scene.control.ComboBoxBase.setValue(ComboBoxBase.java:167)
    	at ui.RepositorySelector.setText(RepositorySelector.java:58)
    	at ui.RepositorySelector.refreshContents(RepositorySelector.java:68)
    	at ui.UI.onRepoOpened(UI.java:207)
    	at ui.UI.lambda$initPreApplicationState$28(UI.java:147)
    	at ui.UI$$Lambda$66/470289273.handle(Unknown Source)
    	at sun.reflect.NativeMethodAccessorImpl.invoke0(Native Method)
    	at sun.reflect.NativeMethodAccessorImpl.invoke(NativeMethodAccessorImpl.java:62)
    	at sun.reflect.DelegatingMethodAccessorImpl.invoke(DelegatingMethodAccessorImpl.java:43)
    	at java.lang.reflect.Method.invoke(Method.java:483)
    	at com.google.common.eventbus.EventSubscriber.handleEvent(EventSubscriber.java:74)
    	at com.google.common.eventbus.SynchronizedEventSubscriber.handleEvent(SynchronizedEventSubscriber.java:47)
    	at com.google.common.eventbus.EventBus.dispatch(EventBus.java:322)
    	at com.google.common.eventbus.EventBus.dispatchQueuedEvents(EventBus.java:304)
    	at com.google.common.eventbus.EventBus.post(EventBus.java:275)
    	at ui.UI.triggerEvent(UI.java:324)
    	at backend.Logic.lambda$null$5(Logic.java:112)
    	at backend.Logic$$Lambda$311/87547192.run(Unknown Source)
    	at java.util.concurrent.CompletableFuture$ThenRun.run(CompletableFuture.java:810)
    	at java.util.concurrent.CompletableFuture.postComplete(CompletableFuture.java:193)
    	at java.util.concurrent.CompletableFuture.internalComplete(CompletableFuture.java:210)
    	at java.util.concurrent.CompletableFuture$ThenRun.run(CompletableFuture.java:816)
    	at java.util.concurrent.CompletableFuture.postComplete(CompletableFuture.java:193)
    	at java.util.concurrent.CompletableFuture.internalComplete(CompletableFuture.java:210)
    	at java.util.concurrent.CompletableFuture$ThenApply.run(CompletableFuture.java:723)
    	at java.util.concurrent.CompletableFuture.postComplete(CompletableFuture.java:193)
    	at java.util.concurrent.CompletableFuture.internalComplete(CompletableFuture.java:210)
    	at java.util.concurrent.CompletableFuture$ExceptionCompletion.run(CompletableFuture.java:1255)
    	at java.util.concurrent.CompletableFuture.postComplete(CompletableFuture.java:193)
    	at java.util.concurrent.CompletableFuture.internalComplete(CompletableFuture.java:210)
    	at java.util.concurrent.CompletableFuture$ThenCopy.run(CompletableFuture.java:1333)
    	at java.util.concurrent.CompletableFuture.postComplete(CompletableFuture.java:193)
    	at java.util.concurrent.CompletableFuture.internalComplete(CompletableFuture.java:210)
    	at java.util.concurrent.CompletableFuture$ExceptionCompletion.run(CompletableFuture.java:1255)
    	at java.util.concurrent.CompletableFuture.postComplete(CompletableFuture.java:193)
    	at java.util.concurrent.CompletableFuture.internalComplete(CompletableFuture.java:210)
    	at java.util.concurrent.CompletableFuture$ThenApply.run(CompletableFuture.java:723)
    	at java.util.concurrent.CompletableFuture.postComplete(CompletableFuture.java:193)
    	at java.util.concurrent.CompletableFuture.complete(CompletableFuture.java:2345)
    	at backend.github.UpdateModelTask.run(UpdateModelTask.java:49)
    	at java.util.concurrent.ThreadPoolExecutor.runWorker(ThreadPoolExecutor.java:1142)
    	at java.util.concurrent.ThreadPoolExecutor$Worker.run(ThreadPoolExecutor.java:617)
    	at java.lang.Thread.run(Thread.java:745)
    Exception in thread "pool-5-thread-4" java.lang.IllegalStateException: Not on FX application thread; currentThread = pool-5-thread-4
    	at com.sun.javafx.tk.Toolkit.checkFxUserThread(Toolkit.java:204)
    	at com.sun.javafx.tk.quantum.QuantumToolkit.checkFxUserThread(QuantumToolkit.java:364)
    	at javafx.scene.Scene.addToDirtyList(Scene.java:485)
    	at javafx.scene.Node.addToSceneDirtyList(Node.java:424)
    	at javafx.scene.Node.impl_markDirty(Node.java:415)
    	at javafx.scene.Node.transformedBoundsChanged(Node.java:3815)
    	at javafx.scene.Node.impl_geomChanged(Node.java:3779)
    	at javafx.scene.Parent.childBoundsChanged(Parent.java:1728)
    	at javafx.scene.Node.notifyParentOfBoundsChange(Node.java:3856)
    	at javafx.scene.Node.transformedBoundsChanged(Node.java:3818)
    	at javafx.scene.Node.impl_geomChanged(Node.java:3779)
    	at javafx.scene.text.Text.impl_geomChanged(Text.java:763)
    	at javafx.scene.text.Text.needsTextLayout(Text.java:194)
    	at javafx.scene.text.Text.needsFullTextLayout(Text.java:189)
    	at javafx.scene.text.Text.access$200(Text.java:96)
    	at javafx.scene.text.Text$2.invalidated(Text.java:386)
    	at javafx.beans.property.StringPropertyBase.markInvalid(StringPropertyBase.java:109)
    	at javafx.beans.property.StringPropertyBase.access$000(StringPropertyBase.java:49)
    	at javafx.beans.property.StringPropertyBase$Listener.invalidated(StringPropertyBase.java:229)
    	at com.sun.javafx.binding.ExpressionHelper$SingleInvalidation.fireValueChangedEvent(ExpressionHelper.java:137)
    	at com.sun.javafx.binding.ExpressionHelper.fireValueChangedEvent(ExpressionHelper.java:81)
    	at javafx.beans.binding.StringBinding.invalidate(StringBinding.java:171)
    	at com.sun.javafx.binding.BindingHelperObserver.invalidated(BindingHelperObserver.java:51)
    	at com.sun.javafx.binding.ExpressionHelper$Generic.fireValueChangedEvent(ExpressionHelper.java:349)
    	at com.sun.javafx.binding.ExpressionHelper.fireValueChangedEvent(ExpressionHelper.java:81)
    	at javafx.scene.control.TextInputControl$TextProperty.fireValueChangedEvent(TextInputControl.java:1123)
    	at javafx.scene.control.TextInputControl$TextProperty.markInvalid(TextInputControl.java:1127)
    	at javafx.scene.control.TextInputControl$TextProperty.set(TextInputControl.java:1062)
    	at javafx.scene.control.TextInputControl.setText(TextInputControl.java:282)
    	at com.sun.javafx.scene.control.skin.ComboBoxListViewSkin.updateDisplayNode(ComboBoxListViewSkin.java:496)
    	at com.sun.javafx.scene.control.skin.ComboBoxListViewSkin.getDisplayNode(ComboBoxListViewSkin.java:288)
    	at com.sun.javafx.scene.control.skin.ComboBoxBaseSkin.updateDisplayArea(ComboBoxBaseSkin.java:141)
    	at com.sun.javafx.scene.control.skin.ComboBoxBaseSkin.handleControlPropertyChanged(ComboBoxBaseSkin.java:134)
    	at com.sun.javafx.scene.control.skin.ComboBoxListViewSkin.handleControlPropertyChanged(ComboBoxListViewSkin.java:231)
    	at com.sun.javafx.scene.control.skin.BehaviorSkinBase.lambda$registerChangeListener$60(BehaviorSkinBase.java:197)
    	at com.sun.javafx.scene.control.skin.BehaviorSkinBase$$Lambda$168/1489823417.call(Unknown Source)
    	at com.sun.javafx.scene.control.MultiplePropertyChangeListenerHandler$1.changed(MultiplePropertyChangeListenerHandler.java:55)
    	at javafx.beans.value.WeakChangeListener.changed(WeakChangeListener.java:89)
    	at com.sun.javafx.binding.ExpressionHelper$Generic.fireValueChangedEvent(ExpressionHelper.java:361)
    	at com.sun.javafx.binding.ExpressionHelper.fireValueChangedEvent(ExpressionHelper.java:81)
    	at javafx.beans.property.ObjectPropertyBase.fireValueChangedEvent(ObjectPropertyBase.java:105)
    	at javafx.beans.property.ObjectPropertyBase.markInvalid(ObjectPropertyBase.java:112)
    	at javafx.beans.property.ObjectPropertyBase.set(ObjectPropertyBase.java:145)
    	at javafx.scene.control.ComboBoxBase.setValue(ComboBoxBase.java:167)
    	at ui.RepositorySelector.setText(RepositorySelector.java:58)
    	at ui.RepositorySelector.refreshContents(RepositorySelector.java:68)
    	at ui.UI.onRepoOpened(UI.java:207)
    	at ui.UI.lambda$initPreApplicationState$28(UI.java:147)
    	at ui.UI$$Lambda$66/470289273.handle(Unknown Source)
    	at sun.reflect.NativeMethodAccessorImpl.invoke0(Native Method)
    	at sun.reflect.NativeMethodAccessorImpl.invoke(NativeMethodAccessorImpl.java:62)
    	at sun.reflect.DelegatingMethodAccessorImpl.invoke(DelegatingMethodAccessorImpl.java:43)
    	at java.lang.reflect.Method.invoke(Method.java:483)
    	at com.google.common.eventbus.EventSubscriber.handleEvent(EventSubscriber.java:74)
    	at com.google.common.eventbus.SynchronizedEventSubscriber.handleEvent(SynchronizedEventSubscriber.java:47)
    	at com.google.common.eventbus.EventBus.dispatch(EventBus.java:322)
    	at com.google.common.eventbus.EventBus.dispatchQueuedEvents(EventBus.java:304)
    	at com.google.common.eventbus.EventBus.post(EventBus.java:275)
    	at ui.UI.triggerEvent(UI.java:324)
    	at backend.Logic.lambda$null$5(Logic.java:112)
    	at backend.Logic$$Lambda$311/87547192.run(Unknown Source)
    	at java.util.concurrent.CompletableFuture$ThenRun.run(CompletableFuture.java:810)
    	at java.util.concurrent.CompletableFuture.postComplete(CompletableFuture.java:193)
    	at java.util.concurrent.CompletableFuture.internalComplete(CompletableFuture.java:210)
    	at java.util.concurrent.CompletableFuture$ThenRun.run(CompletableFuture.java:816)
    	at java.util.concurrent.CompletableFuture.postComplete(CompletableFuture.java:193)
    	at java.util.concurrent.CompletableFuture.internalComplete(CompletableFuture.java:210)
    	at java.util.concurrent.CompletableFuture$ThenApply.run(CompletableFuture.java:723)
    	at java.util.concurrent.CompletableFuture.postComplete(CompletableFuture.java:193)
    	at java.util.concurrent.CompletableFuture.internalComplete(CompletableFuture.java:210)
    	at java.util.concurrent.CompletableFuture$ExceptionCompletion.run(CompletableFuture.java:1255)
    	at java.util.concurrent.CompletableFuture.postComplete(CompletableFuture.java:193)
    	at java.util.concurrent.CompletableFuture.internalComplete(CompletableFuture.java:210)
    	at java.util.concurrent.CompletableFuture$ThenCopy.run(CompletableFuture.java:1333)
    	at java.util.concurrent.CompletableFuture.postComplete(CompletableFuture.java:193)
    	at java.util.concurrent.CompletableFuture.internalComplete(CompletableFuture.java:210)
    	at java.util.concurrent.CompletableFuture$ExceptionCompletion.run(CompletableFuture.java:1255)
    	at java.util.concurrent.CompletableFuture.postComplete(CompletableFuture.java:193)
    	at java.util.concurrent.CompletableFuture.internalComplete(CompletableFuture.java:210)
    	at java.util.concurrent.CompletableFuture$ThenApply.run(CompletableFuture.java:723)
    	at java.util.concurrent.CompletableFuture.postComplete(CompletableFuture.java:193)
    	at java.util.concurrent.CompletableFuture.complete(CompletableFuture.java:2345)
    	at backend.github.UpdateModelTask.run(UpdateModelTask.java:49)
    	at java.util.concurrent.ThreadPoolExecutor.runWorker(ThreadPoolExecutor.java:1142)
    	at java.util.concurrent.ThreadPoolExecutor$Worker.run(ThreadPoolExecutor.java:617)
    	at java.lang.Thread.run(Thread.java:745)

guitests.ModelUpdateUITest > addIssueTest STANDARD_OUT
    4565 15 Aug 2020 06:28:05 INFO UI [pool-5-thread-4] - Triggered event RepoOpenedEvent
    5542 15 Aug 2020 06:28:06 INFO UI [Test worker] - About to trigger event UpdateDummyRepoEvent
    5543 15 Aug 2020 06:28:06 INFO UI [Test worker] - Triggered event UpdateDummyRepoEvent
    5543 15 Aug 2020 06:28:06 INFO UI [Test worker] - About to trigger event UILogicRefreshEvent
    5544 15 Aug 2020 06:28:06 INFO UI [Test worker] - Triggered event UILogicRefreshEvent
    5544 15 Aug 2020 06:28:06 INFO Logic [JavaFX Application Thread] - Refreshing 
    5545 15 Aug 2020 06:28:06 INFO UI [JavaFX Application Thread] - About to trigger event ModelUpdatedEvent
    5547 15 Aug 2020 06:28:06 INFO UI [JavaFX Application Thread] - Triggered event ModelUpdatedEvent

guitests.ModelUpdateUITest > addIssueTest FAILED
    java.lang.AssertionError: expected:<11> but was:<0>
        at org.junit.Assert.fail(Assert.java:88)
        at org.junit.Assert.failNotEquals(Assert.java:834)
        at org.junit.Assert.assertEquals(Assert.java:118)
        at org.junit.Assert.assertEquals(Assert.java:144)
        at guitests.ModelUpdateUITest.addIssueTest(ModelUpdateUITest.java:26)

guitests.ModelUpdateUITest > addMultipleIssuesTest STANDARD_OUT
    6878 15 Aug 2020 06:28:07 INFO UI [Test worker] - About to trigger event UpdateDummyRepoEvent
    6880 15 Aug 2020 06:28:07 INFO UI [Test worker] - About to trigger event ClearLogicModelEvent
    6881 15 Aug 2020 06:28:07 INFO UI [Test worker] - Triggered event ClearLogicModelEvent
    6882 15 Aug 2020 06:28:07 INFO Logic [Test worker] - Attempting to reset dummy/dummy
    6883 15 Aug 2020 06:28:07 INFO Logic [Test worker] - dummy/dummy not currently in model.
    6884 15 Aug 2020 06:28:07 INFO UI [Test worker] - Triggered event UpdateDummyRepoEvent
    6884 15 Aug 2020 06:28:07 INFO Logic [pool-7-thread-1] - Opening dummy/dummy
    6884 15 Aug 2020 06:28:07 INFO UI [Test worker] - About to trigger event UILogicRefreshEvent
    6885 15 Aug 2020 06:28:07 INFO DownloadRepoTask [pool-5-thread-4] - dummy/dummy | Downloaded 10 issue(s), 10 label(s), 10 milestone(s), 10 user(s)
    6885 15 Aug 2020 06:28:07 INFO UI [Test worker] - Triggered event UILogicRefreshEvent
    6885 15 Aug 2020 06:28:07 INFO Logic [JavaFX Application Thread] - Refreshing 
    6885 15 Aug 2020 06:28:07 INFO UpdateMilestonesTask [pool-5-thread-5] - dummy/dummy | 10 milestone(s)) changed: [Milestone 1, Milestone 2, Milestone 3, Milestone 4, Milestone 5, Milestone 6, Milestone 7, Milestone 8, Milestone 9, Milestone 10]
    6885 15 Aug 2020 06:28:07 INFO UpdateUsersTask [pool-5-thread-2] - dummy/dummy | 10 user(s)) changed: [User 1, User 2, User 3, User 4, User 5, User 6, User 7, User 8, User 9, User 10]
    6885 15 Aug 2020 06:28:07 INFO UpdateLabelsTask [pool-5-thread-1] - dummy/dummy | 10 label(s)) changed: [Label 1, Label 2, Label 3, Label 4, Label 5, Label 6, Label 7, Label 8, Label 9, Label 10]
    6885 15 Aug 2020 06:28:07 INFO UpdateIssuesTask [pool-5-thread-4] - dummy/dummy | 10 issue(s)) changed: [#1 Issue 1, #2 Issue 2, #3 Issue 3, #4 Issue 4, #5 Issue 5, #6 Issue 6, #7 Issue 7, #8 Issue 8, #9 Issue 9, #10 Issue 10]
    6886 15 Aug 2020 06:28:07 INFO UI [JavaFX Application Thread] - About to trigger event ModelUpdatedEvent
    6886 15 Aug 2020 06:28:07 INFO UpdateModelTask [pool-5-thread-3] - dummy/dummy | Updated model with 10 issue(s), 10 label(s), 10 milestone(s), 10 user(s)
    6887 15 Aug 2020 06:28:07 INFO UI [pool-5-thread-3] - About to trigger event RepoOpenedEvent
    6887 15 Aug 2020 06:28:07 INFO UI [JavaFX Application Thread] - Triggered event ModelUpdatedEvent
    6888 15 Aug 2020 06:28:07 INFO UI [JavaFX Application Thread] - About to trigger event ModelUpdatedEvent
    6888 15 Aug 2020 06:28:07 INFO UI [pool-5-thread-3] - Triggered event RepoOpenedEvent
    6908 15 Aug 2020 06:28:07 INFO UI [JavaFX Application Thread] - Triggered event ModelUpdatedEvent
    7885 15 Aug 2020 06:28:08 INFO UI [Test worker] - About to trigger event UpdateDummyRepoEvent
    7886 15 Aug 2020 06:28:08 INFO UI [Test worker] - Triggered event UpdateDummyRepoEvent
    7887 15 Aug 2020 06:28:08 INFO UI [Test worker] - About to trigger event UILogicRefreshEvent
    7888 15 Aug 2020 06:28:08 INFO UI [Test worker] - Triggered event UILogicRefreshEvent
    7888 15 Aug 2020 06:28:08 INFO Logic [JavaFX Application Thread] - Refreshing dummy/dummy
    7889 15 Aug 2020 06:28:08 INFO UpdateMilestonesTask [pool-5-thread-2] - dummy/dummy | 0 milestone(s)) changed
    7889 15 Aug 2020 06:28:08 INFO UpdateIssuesTask [pool-5-thread-4] - dummy/dummy | 1 issue(s)) changed: [#11 Issue 11]
    7889 15 Aug 2020 06:28:08 INFO UpdateLabelsTask [pool-5-thread-1] - dummy/dummy | 0 label(s)) changed
    7889 15 Aug 2020 06:28:08 INFO UpdateUsersTask [pool-5-thread-5] - dummy/dummy | 0 user(s)) changed
    7889 15 Aug 2020 06:28:08 INFO UpdateModelTask [pool-5-thread-3] - dummy/dummy | Updated model with 11 issue(s), 10 label(s), 10 milestone(s), 10 user(s)
    7891 15 Aug 2020 06:28:08 INFO UI [JavaFX Application Thread] - About to trigger event ModelUpdatedEvent
    7904 15 Aug 2020 06:28:08 INFO UI [JavaFX Application Thread] - Triggered event ModelUpdatedEvent
    8888 15 Aug 2020 06:28:09 INFO UI [Test worker] - About to trigger event UpdateDummyRepoEvent
    8889 15 Aug 2020 06:28:09 INFO UI [Test worker] - Triggered event UpdateDummyRepoEvent
    8890 15 Aug 2020 06:28:09 INFO UI [Test worker] - About to trigger event UILogicRefreshEvent
    8890 15 Aug 2020 06:28:09 INFO UI [Test worker] - Triggered event UILogicRefreshEvent
    8890 15 Aug 2020 06:28:09 INFO Logic [JavaFX Application Thread] - Refreshing dummy/dummy
    8891 15 Aug 2020 06:28:09 INFO UpdateLabelsTask [pool-5-thread-4] - dummy/dummy | 0 label(s)) changed
    8891 15 Aug 2020 06:28:09 INFO UpdateUsersTask [pool-5-thread-2] - dummy/dummy | 0 user(s)) changed
    8891 15 Aug 2020 06:28:09 INFO UpdateMilestonesTask [pool-5-thread-1] - dummy/dummy | 0 milestone(s)) changed
    8891 15 Aug 2020 06:28:09 INFO UpdateIssuesTask [pool-5-thread-5] - dummy/dummy | 1 issue(s)) changed: [#12 Issue 12]
    8892 15 Aug 2020 06:28:09 INFO UpdateModelTask [pool-5-thread-3] - dummy/dummy | Updated model with 12 issue(s), 10 label(s), 10 milestone(s), 10 user(s)
    8893 15 Aug 2020 06:28:09 INFO UI [JavaFX Application Thread] - About to trigger event ModelUpdatedEvent
    8909 15 Aug 2020 06:28:09 INFO UI [JavaFX Application Thread] - Triggered event ModelUpdatedEvent
    9890 15 Aug 2020 06:28:10 INFO UI [Test worker] - About to trigger event UpdateDummyRepoEvent
    9891 15 Aug 2020 06:28:10 INFO UI [Test worker] - Triggered event UpdateDummyRepoEvent
    9892 15 Aug 2020 06:28:10 INFO UI [Test worker] - About to trigger event UILogicRefreshEvent
    9892 15 Aug 2020 06:28:10 INFO UI [Test worker] - Triggered event UILogicRefreshEvent
    9893 15 Aug 2020 06:28:10 INFO Logic [JavaFX Application Thread] - Refreshing dummy/dummy
    9893 15 Aug 2020 06:28:10 INFO UpdateUsersTask [pool-5-thread-4] - dummy/dummy | 0 user(s)) changed
    9893 15 Aug 2020 06:28:10 INFO UpdateIssuesTask [pool-5-thread-5] - dummy/dummy | 1 issue(s)) changed: [#13 Issue 13]
    9893 15 Aug 2020 06:28:10 INFO UpdateLabelsTask [pool-5-thread-1] - dummy/dummy | 0 label(s)) changed
    9893 15 Aug 2020 06:28:10 INFO UpdateMilestonesTask [pool-5-thread-2] - dummy/dummy | 0 milestone(s)) changed
    9894 15 Aug 2020 06:28:10 INFO UpdateModelTask [pool-5-thread-3] - dummy/dummy | Updated model with 13 issue(s), 10 label(s), 10 milestone(s), 10 user(s)
    9895 15 Aug 2020 06:28:10 INFO UI [JavaFX Application Thread] - About to trigger event ModelUpdatedEvent
    9918 15 Aug 2020 06:28:10 INFO UI [JavaFX Application Thread] - Triggered event ModelUpdatedEvent

guitests.ModelUpdateUITest > countIssuesTest STANDARD_OUT
    11201 15 Aug 2020 06:28:11 INFO UI [Test worker] - About to trigger event UpdateDummyRepoEvent
    11202 15 Aug 2020 06:28:11 INFO UI [Test worker] - Triggered event UpdateDummyRepoEvent
    11202 15 Aug 2020 06:28:11 INFO UI [Test worker] - About to trigger event UILogicRefreshEvent
    11203 15 Aug 2020 06:28:11 INFO UI [Test worker] - Triggered event UILogicRefreshEvent
    11203 15 Aug 2020 06:28:11 INFO Logic [JavaFX Application Thread] - Refreshing dummy/dummy
    11204 15 Aug 2020 06:28:11 INFO UpdateIssuesTask [pool-5-thread-1] - dummy/dummy | 1 issue(s)) changed: [#14 Issue 14]
    11204 15 Aug 2020 06:28:11 INFO UpdateMilestonesTask [pool-5-thread-5] - dummy/dummy | 0 milestone(s)) changed
    11204 15 Aug 2020 06:28:11 INFO UpdateUsersTask [pool-5-thread-4] - dummy/dummy | 0 user(s)) changed
    11204 15 Aug 2020 06:28:11 INFO UpdateLabelsTask [pool-5-thread-2] - dummy/dummy | 0 label(s)) changed
    11205 15 Aug 2020 06:28:11 INFO UpdateModelTask [pool-5-thread-3] - dummy/dummy | Updated model with 14 issue(s), 10 label(s), 10 milestone(s), 10 user(s)
    11208 15 Aug 2020 06:28:11 INFO UI [JavaFX Application Thread] - About to trigger event ModelUpdatedEvent
    11218 15 Aug 2020 06:28:11 INFO UI [JavaFX Application Thread] - Triggered event ModelUpdatedEvent
    12203 15 Aug 2020 06:28:12 INFO UI [Test worker] - About to trigger event UpdateDummyRepoEvent
    12204 15 Aug 2020 06:28:12 INFO UI [Test worker] - About to trigger event ClearLogicModelEvent
    12205 15 Aug 2020 06:28:12 INFO UI [Test worker] - Triggered event ClearLogicModelEvent
    12205 15 Aug 2020 06:28:12 INFO Logic [Test worker] - Attempting to reset dummy/dummy
    12206 15 Aug 2020 06:28:12 INFO Logic [Test worker] - Clearing dummy/dummy successful.
    12206 15 Aug 2020 06:28:12 INFO UI [Test worker] - Triggered event UpdateDummyRepoEvent
    12206 15 Aug 2020 06:28:12 INFO UI [Test worker] - About to trigger event UILogicRefreshEvent
    12206 15 Aug 2020 06:28:12 INFO Logic [pool-7-thread-1] - Opening dummy/dummy
    12207 15 Aug 2020 06:28:12 INFO UI [Test worker] - Triggered event UILogicRefreshEvent
    12207 15 Aug 2020 06:28:12 INFO Logic [JavaFX Application Thread] - Refreshing 
    12208 15 Aug 2020 06:28:12 INFO DownloadRepoTask [pool-5-thread-3] - dummy/dummy | Downloaded 10 issue(s), 10 label(s), 10 milestone(s), 10 user(s)
    12208 15 Aug 2020 06:28:12 INFO UI [JavaFX Application Thread] - About to trigger event ModelUpdatedEvent
    12208 15 Aug 2020 06:28:12 INFO UpdateLabelsTask [pool-5-thread-3] - dummy/dummy | 10 label(s)) changed: [Label 1, Label 2, Label 3, Label 4, Label 5, Label 6, Label 7, Label 8, Label 9, Label 10]
    12208 15 Aug 2020 06:28:12 INFO UpdateMilestonesTask [pool-5-thread-4] - dummy/dummy | 10 milestone(s)) changed: [Milestone 1, Milestone 2, Milestone 3, Milestone 4, Milestone 5, Milestone 6, Milestone 7, Milestone 8, Milestone 9, Milestone 10]
    12208 15 Aug 2020 06:28:12 INFO UpdateUsersTask [pool-5-thread-5] - dummy/dummy | 10 user(s)) changed: [User 1, User 2, User 3, User 4, User 5, User 6, User 7, User 8, User 9, User 10]
    12208 15 Aug 2020 06:28:12 INFO UpdateIssuesTask [pool-5-thread-1] - dummy/dummy | 10 issue(s)) changed: [#1 Issue 1, #2 Issue 2, #3 Issue 3, #4 Issue 4, #5 Issue 5, #6 Issue 6, #7 Issue 7, #8 Issue 8, #9 Issue 9, #10 Issue 10]
    12209 15 Aug 2020 06:28:12 INFO UpdateModelTask [pool-5-thread-2] - dummy/dummy | Updated model with 10 issue(s), 10 label(s), 10 milestone(s), 10 user(s)
    12209 15 Aug 2020 06:28:12 INFO UI [JavaFX Application Thread] - Triggered event ModelUpdatedEvent
    12211 15 Aug 2020 06:28:12 INFO UI [pool-5-thread-2] - About to trigger event RepoOpenedEvent
    12211 15 Aug 2020 06:28:12 INFO UI [JavaFX Application Thread] - About to trigger event ModelUpdatedEvent
    12212 15 Aug 2020 06:28:12 INFO UI [pool-5-thread-2] - Triggered event RepoOpenedEvent
    12222 15 Aug 2020 06:28:12 INFO UI [JavaFX Application Thread] - Triggered event ModelUpdatedEvent
Gradle Test Executor 3 finished executing tests.
Starting process 'Gradle Test Executor 4'. Working directory: /home/travis/build/passed/HubTurbo/HubTurbo Command: /usr/lib/jvm/java-8-oracle/bin/java -Djava.security.manager=jarjar.org.gradle.process.internal.child.BootstrapSecurityManager -javaagent:build/tmp/expandedArchives/org.jacoco.agent-0.7.4.201502262128.jar_dnibj84r518qfgg9zfvgoi1cd/jacocoagent.jar=destfile=build/jacoco/test.exec,append=true,dumponexit=true,output=file,jmx=false -Dfile.encoding=UTF-8 -Duser.country=US -Duser.language=en -Duser.variant -ea -cp /home/travis/.gradle/caches/2.3/workerMain/gradle-worker.jar jarjar.org.gradle.process.internal.launcher.GradleWorkerMain 'Gradle Test Executor 4'
Successfully started process 'Gradle Test Executor 4'
Gradle Test Executor 4 started executing tests.

guitests.UIEventTests > createLabelTest STANDARD_OUT
    2020-08-15 06:28:16,292 INFO Log4j appears to be running in a Servlet environment, but there's no log4j-web module available. If you want better web container support, please add the log4j-web JAR to your web archive or server lib directory.
    2617 15 Aug 2020 06:28:16 INFO UI [JavaFX Application Thread] - Registered event handler RepoOpenedEventHandler
    2823 15 Aug 2020 06:28:17 INFO UI [JavaFX Application Thread] - Registered event handler UpdateProgressEventHandler
    2892 15 Aug 2020 06:28:17 INFO TickingTimer [JavaFX Application Thread] - Started TickingTimer Browser Request Delay Timer
    2894 15 Aug 2020 06:28:17 INFO UI [JavaFX Application Thread] - Registered event handler IssueSelectedEventHandler
    2895 15 Aug 2020 06:28:17 INFO UI [JavaFX Application Thread] - Registered event handler IssueCreatedEventHandler
    2896 15 Aug 2020 06:28:17 INFO UI [JavaFX Application Thread] - Registered event handler LabelCreatedEventHandler
    2898 15 Aug 2020 06:28:17 INFO UI [JavaFX Application Thread] - Registered event handler MilestoneCreatedEventHandler
    2899 15 Aug 2020 06:28:17 INFO UI [JavaFX Application Thread] - Registered event handler ModelUpdatedEventHandler
    2900 15 Aug 2020 06:28:17 INFO UI [JavaFX Application Thread] - Registered event handler IssueSelectedEventHandler
    2901 15 Aug 2020 06:28:17 INFO UI [JavaFX Application Thread] - Registered event handler ColumnClickedEventHandler
    2940 15 Aug 2020 06:28:17 INFO UI [JavaFX Application Thread] - Registered event handler BoardSavedEventHandler
    3808 15 Aug 2020 06:28:18 INFO UI [JavaFX Application Thread] - Registered event handler UpdateDummyRepoEventHandler
    3810 15 Aug 2020 06:28:18 INFO UI [JavaFX Application Thread] - Registered event handler ClearLogicModelEventHandler
    3811 15 Aug 2020 06:28:18 INFO UI [JavaFX Application Thread] - About to trigger event ModelUpdatedEvent
    3814 15 Aug 2020 06:28:18 INFO UI [JavaFX Application Thread] - Triggered event ModelUpdatedEvent
    3816 15 Aug 2020 06:28:18 INFO TickingTimer [JavaFX Application Thread] - Started TickingTimer Refresh Timer
    3840 15 Aug 2020 06:28:18 INFO Logic [JavaFX Application Thread] - Opening dummy/dummy
    3852 15 Aug 2020 06:28:18 INFO UI [JavaFX Application Thread] - About to trigger event BoardSavedEvent
    3853 15 Aug 2020 06:28:18 INFO UI [JavaFX Application Thread] - Triggered event BoardSavedEvent
    3854 15 Aug 2020 06:28:18 INFO DownloadRepoTask [pool-5-thread-1] - dummy/dummy | Downloaded 10 issue(s), 10 label(s), 10 milestone(s), 10 user(s)
    3864 15 Aug 2020 06:28:18 INFO UpdateIssuesTask [pool-5-thread-1] - dummy/dummy | 10 issue(s)) changed: [#1 Issue 1, #2 Issue 2, #3 Issue 3, #4 Issue 4, #5 Issue 5, #6 Issue 6, #7 Issue 7, #8 Issue 8, #9 Issue 9, #10 Issue 10]
    3864 15 Aug 2020 06:28:18 INFO UpdateUsersTask [pool-5-thread-5] - dummy/dummy | 10 user(s)) changed: [User 1, User 2, User 3, User 4, User 5, User 6, User 7, User 8, User 9, User 10]
    3864 15 Aug 2020 06:28:18 INFO UpdateLabelsTask [pool-5-thread-3] - dummy/dummy | 10 label(s)) changed: [Label 1, Label 2, Label 3, Label 4, Label 5, Label 6, Label 7, Label 8, Label 9, Label 10]
    3864 15 Aug 2020 06:28:18 INFO UpdateMilestonesTask [pool-5-thread-4] - dummy/dummy | 10 milestone(s)) changed: [Milestone 1, Milestone 2, Milestone 3, Milestone 4, Milestone 5, Milestone 6, Milestone 7, Milestone 8, Milestone 9, Milestone 10]
    3868 15 Aug 2020 06:28:18 INFO UpdateModelTask [pool-5-thread-2] - dummy/dummy | Updated model with 10 issue(s), 10 label(s), 10 milestone(s), 10 user(s)
    3869 15 Aug 2020 06:28:18 INFO BrowserComponent [JavaFX Application Thread] - Located chromedriver_linux
    3873 15 Aug 2020 06:28:18 INFO UI [JavaFX Application Thread] - Registered event handler UILogicRefreshEventHandler
    3889 15 Aug 2020 06:28:18 INFO UI [pool-5-thread-2] - About to trigger event RepoOpenedEvent
    3893 15 Aug 2020 06:28:18 INFO UI [pool-5-thread-2] - Triggered event RepoOpenedEvent
    3999 15 Aug 2020 06:28:18 INFO UI [JavaFX Application Thread] - Registered event handler ModelUpdatedEventHandler
    4083 15 Aug 2020 06:28:18 INFO UI [JavaFX Application Thread] - About to trigger event ModelUpdatedEvent
    4087 15 Aug 2020 06:28:18 INFO UI [JavaFX Application Thread] - Triggered event ModelUpdatedEvent
    4816 15 Aug 2020 06:28:19 INFO UI [Test worker] - Registered event handler LabelCreatedEventHandler
    5450 15 Aug 2020 06:28:19 INFO MenuControl [JavaFX Application Thread] - Menu: New > Label
    5451 15 Aug 2020 06:28:19 INFO UI [JavaFX Application Thread] - About to trigger event LabelCreatedEvent
    5453 15 Aug 2020 06:28:19 INFO UI [JavaFX Application Thread] - Triggered event LabelCreatedEvent

guitests.UIEventTests > createMilestoneTest STANDARD_OUT
    5813 15 Aug 2020 06:28:20 INFO UI [Test worker] - Registered event handler MilestoneCreatedEventHandler
    6264 15 Aug 2020 06:28:20 INFO MenuControl [JavaFX Application Thread] - Menu: New > Milestone
    6265 15 Aug 2020 06:28:20 INFO UI [JavaFX Application Thread] - About to trigger event MilestoneCreatedEvent
    6266 15 Aug 2020 06:28:20 INFO UI [JavaFX Application Thread] - Triggered event MilestoneCreatedEvent

guitests.UIEventTests > createIssueTest STANDARD_OUT
    6626 15 Aug 2020 06:28:20 INFO UI [Test worker] - Registered event handler IssueCreatedEventHandler
    7049 15 Aug 2020 06:28:21 INFO MenuControl [JavaFX Application Thread] - Menu: New > Issue
    7050 15 Aug 2020 06:28:21 INFO UI [JavaFX Application Thread] - About to trigger event IssueCreatedEvent
    7051 15 Aug 2020 06:28:21 INFO UI [JavaFX Application Thread] - Triggered event IssueCreatedEvent

guitests.UIEventTests > columnClickedTest STANDARD_OUT
    7412 15 Aug 2020 06:28:21 INFO UI [Test worker] - Registered event handler ColumnClickedEventHandler
    7720 15 Aug 2020 06:28:21 INFO UI [JavaFX Application Thread] - About to trigger event ColumnClickedEvent
    7732 15 Aug 2020 06:28:21 INFO UI [JavaFX Application Thread] - Triggered event ColumnClickedEvent
Gradle Test Executor 4 finished executing tests.
Starting process 'Gradle Test Executor 5'. Working directory: /home/travis/build/passed/HubTurbo/HubTurbo Command: /usr/lib/jvm/java-8-oracle/bin/java -Djava.security.manager=jarjar.org.gradle.process.internal.child.BootstrapSecurityManager -javaagent:build/tmp/expandedArchives/org.jacoco.agent-0.7.4.201502262128.jar_dnibj84r518qfgg9zfvgoi1cd/jacocoagent.jar=destfile=build/jacoco/test.exec,append=true,dumponexit=true,output=file,jmx=false -Dfile.encoding=UTF-8 -Duser.country=US -Duser.language=en -Duser.variant -ea -cp /home/travis/.gradle/caches/2.3/workerMain/gradle-worker.jar jarjar.org.gradle.process.internal.launcher.GradleWorkerMain 'Gradle Test Executor 5'
Successfully started process 'Gradle Test Executor 5'
Gradle Test Executor 5 started executing tests.

guitests.ValidLoginTest > validLoginTest STANDARD_OUT
    2020-08-15 06:28:24,611 INFO Log4j appears to be running in a Servlet environment, but there's no log4j-web module available. If you want better web container support, please add the log4j-web JAR to your web archive or server lib directory.
    2560 15 Aug 2020 06:28:25 INFO UI [JavaFX Application Thread] - Registered event handler RepoOpenedEventHandler
    2738 15 Aug 2020 06:28:25 INFO UI [JavaFX Application Thread] - Registered event handler UpdateProgressEventHandler
    2822 15 Aug 2020 06:28:25 INFO TickingTimer [JavaFX Application Thread] - Started TickingTimer Browser Request Delay Timer
    2825 15 Aug 2020 06:28:25 INFO UI [JavaFX Application Thread] - Registered event handler IssueSelectedEventHandler
    2828 15 Aug 2020 06:28:25 INFO UI [JavaFX Application Thread] - Registered event handler IssueCreatedEventHandler
    2831 15 Aug 2020 06:28:25 INFO UI [JavaFX Application Thread] - Registered event handler LabelCreatedEventHandler
    2834 15 Aug 2020 06:28:25 INFO UI [JavaFX Application Thread] - Registered event handler MilestoneCreatedEventHandler
    2836 15 Aug 2020 06:28:25 INFO UI [JavaFX Application Thread] - Registered event handler ModelUpdatedEventHandler
    2838 15 Aug 2020 06:28:25 INFO UI [JavaFX Application Thread] - Registered event handler IssueSelectedEventHandler
    2841 15 Aug 2020 06:28:25 INFO UI [JavaFX Application Thread] - Registered event handler ColumnClickedEventHandler
    2886 15 Aug 2020 06:28:25 INFO UI [JavaFX Application Thread] - Registered event handler BoardSavedEventHandler
    3807 15 Aug 2020 06:28:26 INFO UI [JavaFX Application Thread] - Registered event handler UpdateDummyRepoEventHandler
    3810 15 Aug 2020 06:28:26 INFO UI [JavaFX Application Thread] - Registered event handler ClearLogicModelEventHandler
    3810 15 Aug 2020 06:28:26 INFO UI [JavaFX Application Thread] - About to trigger event ModelUpdatedEvent
    3814 15 Aug 2020 06:28:26 INFO UI [JavaFX Application Thread] - Triggered event ModelUpdatedEvent
    3815 15 Aug 2020 06:28:26 INFO TickingTimer [JavaFX Application Thread] - Started TickingTimer Refresh Timer
    9479 15 Aug 2020 06:28:32 INFO Logic [pool-7-thread-1] - Logging in as test
    9795 15 Aug 2020 06:28:32 INFO Logic [JavaFX Application Thread] - Opening HubTurbo/HubTurbo
    9802 15 Aug 2020 06:28:32 INFO UI [JavaFX Application Thread] - About to trigger event BoardSavedEvent
    9803 15 Aug 2020 06:28:32 INFO UI [JavaFX Application Thread] - Triggered event BoardSavedEvent
    9808 15 Aug 2020 06:28:32 INFO DownloadRepoTask [pool-5-thread-1] - HubTurbo/HubTurbo | Downloaded 10 issue(s), 10 label(s), 10 milestone(s), 10 user(s)
    9814 15 Aug 2020 06:28:32 INFO BrowserComponent [JavaFX Application Thread] - Located chromedriver_linux
    9827 15 Aug 2020 06:28:32 INFO UI [JavaFX Application Thread] - Registered event handler UILogicRefreshEventHandler
    9829 15 Aug 2020 06:28:32 INFO UpdateIssuesTask [pool-5-thread-1] - HubTurbo/HubTurbo | 10 issue(s)) changed: [#1 Issue 1, #2 Issue 2, #3 Issue 3, #4 Issue 4, #5 Issue 5, #6 Issue 6, #7 Issue 7, #8 Issue 8, #9 Issue 9, #10 Issue 10]
    9829 15 Aug 2020 06:28:32 INFO UpdateUsersTask [pool-5-thread-5] - HubTurbo/HubTurbo | 10 user(s)) changed: [User 1, User 2, User 3, User 4, User 5, User 6, User 7, User 8, User 9, User 10]
    9829 15 Aug 2020 06:28:32 INFO UpdateLabelsTask [pool-5-thread-3] - HubTurbo/HubTurbo | 10 label(s)) changed: [Label 1, Label 2, Label 3, Label 4, Label 5, Label 6, Label 7, Label 8, Label 9, Label 10]
    9829 15 Aug 2020 06:28:32 INFO UpdateMilestonesTask [pool-5-thread-4] - HubTurbo/HubTurbo | 10 milestone(s)) changed: [Milestone 1, Milestone 2, Milestone 3, Milestone 4, Milestone 5, Milestone 6, Milestone 7, Milestone 8, Milestone 9, Milestone 10]
    9832 15 Aug 2020 06:28:32 INFO UpdateModelTask [pool-5-thread-2] - HubTurbo/HubTurbo | Updated model with 10 issue(s), 10 label(s), 10 milestone(s), 10 user(s)
    9842 15 Aug 2020 06:28:32 INFO UI [pool-5-thread-2] - About to trigger event RepoOpenedEvent
    9846 15 Aug 2020 06:28:32 INFO UI [pool-5-thread-2] - Triggered event RepoOpenedEvent
    9937 15 Aug 2020 06:28:32 INFO UI [JavaFX Application Thread] - Registered event handler ModelUpdatedEventHandler
    9961 15 Aug 2020 06:28:32 INFO UI [JavaFX Application Thread] - About to trigger event ModelUpdatedEvent
    9965 15 Aug 2020 06:28:32 INFO UI [JavaFX Application Thread] - Triggered event ModelUpdatedEvent
Gradle Test Executor 5 finished executing tests.
Starting process 'Gradle Test Executor 6'. Working directory: /home/travis/build/passed/HubTurbo/HubTurbo Command: /usr/lib/jvm/java-8-oracle/bin/java -Djava.security.manager=jarjar.org.gradle.process.internal.child.BootstrapSecurityManager -javaagent:build/tmp/expandedArchives/org.jacoco.agent-0.7.4.201502262128.jar_dnibj84r518qfgg9zfvgoi1cd/jacocoagent.jar=destfile=build/jacoco/test.exec,append=true,dumponexit=true,output=file,jmx=false -Dfile.encoding=UTF-8 -Duser.country=US -Duser.language=en -Duser.variant -ea -cp /home/travis/.gradle/caches/2.3/workerMain/gradle-worker.jar jarjar.org.gradle.process.internal.launcher.GradleWorkerMain 'Gradle Test Executor 6'
Successfully started process 'Gradle Test Executor 6'
Gradle Test Executor 6 started executing tests.
Gradle Test Executor 6 finished executing tests.
Starting process 'Gradle Test Executor 7'. Working directory: /home/travis/build/passed/HubTurbo/HubTurbo Command: /usr/lib/jvm/java-8-oracle/bin/java -Djava.security.manager=jarjar.org.gradle.process.internal.child.BootstrapSecurityManager -javaagent:build/tmp/expandedArchives/org.jacoco.agent-0.7.4.201502262128.jar_dnibj84r518qfgg9zfvgoi1cd/jacocoagent.jar=destfile=build/jacoco/test.exec,append=true,dumponexit=true,output=file,jmx=false -Dfile.encoding=UTF-8 -Duser.country=US -Duser.language=en -Duser.variant -ea -cp /home/travis/.gradle/caches/2.3/workerMain/gradle-worker.jar jarjar.org.gradle.process.internal.launcher.GradleWorkerMain 'Gradle Test Executor 7'
Successfully started process 'Gradle Test Executor 7'
Gradle Test Executor 7 started executing tests.

tests.FilterEvalTests STANDARD_OUT
    2020-08-15 06:28:37,912 INFO Log4j appears to be running in a Servlet environment, but there's no log4j-web module available. If you want better web container support, please add the log4j-web JAR to your web archive or server lib directory.
Gradle Test Executor 7 finished executing tests.
Starting process 'Gradle Test Executor 8'. Working directory: /home/travis/build/passed/HubTurbo/HubTurbo Command: /usr/lib/jvm/java-8-oracle/bin/java -Djava.security.manager=jarjar.org.gradle.process.internal.child.BootstrapSecurityManager -javaagent:build/tmp/expandedArchives/org.jacoco.agent-0.7.4.201502262128.jar_dnibj84r518qfgg9zfvgoi1cd/jacocoagent.jar=destfile=build/jacoco/test.exec,append=true,dumponexit=true,output=file,jmx=false -Dfile.encoding=UTF-8 -Duser.country=US -Duser.language=en -Duser.variant -ea -cp /home/travis/.gradle/caches/2.3/workerMain/gradle-worker.jar jarjar.org.gradle.process.internal.launcher.GradleWorkerMain 'Gradle Test Executor 8'
Successfully started process 'Gradle Test Executor 8'
Gradle Test Executor 8 started executing tests.
Gradle Test Executor 8 finished executing tests.
Starting process 'Gradle Test Executor 9'. Working directory: /home/travis/build/passed/HubTurbo/HubTurbo Command: /usr/lib/jvm/java-8-oracle/bin/java -Djava.security.manager=jarjar.org.gradle.process.internal.child.BootstrapSecurityManager -javaagent:build/tmp/expandedArchives/org.jacoco.agent-0.7.4.201502262128.jar_dnibj84r518qfgg9zfvgoi1cd/jacocoagent.jar=destfile=build/jacoco/test.exec,append=true,dumponexit=true,output=file,jmx=false -Dfile.encoding=UTF-8 -Duser.country=US -Duser.language=en -Duser.variant -ea -cp /home/travis/.gradle/caches/2.3/workerMain/gradle-worker.jar jarjar.org.gradle.process.internal.launcher.GradleWorkerMain 'Gradle Test Executor 9'
Successfully started process 'Gradle Test Executor 9'
Gradle Test Executor 9 started executing tests.
Gradle Test Executor 9 finished executing tests.
Starting process 'Gradle Test Executor 10'. Working directory: /home/travis/build/passed/HubTurbo/HubTurbo Command: /usr/lib/jvm/java-8-oracle/bin/java -Djava.security.manager=jarjar.org.gradle.process.internal.child.BootstrapSecurityManager -javaagent:build/tmp/expandedArchives/org.jacoco.agent-0.7.4.201502262128.jar_dnibj84r518qfgg9zfvgoi1cd/jacocoagent.jar=destfile=build/jacoco/test.exec,append=true,dumponexit=true,output=file,jmx=false -Dfile.encoding=UTF-8 -Duser.country=US -Duser.language=en -Duser.variant -ea -cp /home/travis/.gradle/caches/2.3/workerMain/gradle-worker.jar jarjar.org.gradle.process.internal.launcher.GradleWorkerMain 'Gradle Test Executor 10'
Successfully started process 'Gradle Test Executor 10'
Gradle Test Executor 10 started executing tests.

tests.StoreTests STANDARD_OUT
    2020-08-15 06:28:42,441 INFO Log4j appears to be running in a Servlet environment, but there's no log4j-web module available. If you want better web container support, please add the log4j-web JAR to your web archive or server lib directory.

tests.StoreTests > testStoreStub STANDARD_OUT
    2069 15 Aug 2020 06:28:42 INFO DownloadRepoTask [pool-3-thread-1] - dummy1/dummy1 | Downloaded 10 issue(s), 10 label(s), 10 milestone(s), 10 user(s)
    2080 15 Aug 2020 06:28:42 INFO UpdateIssuesTask [pool-3-thread-1] - dummy1/dummy1 | 10 issue(s)) changed: [#1 Issue 1, #2 Issue 2, #3 Issue 3, #4 Issue 4, #5 Issue 5, #6 Issue 6, #7 Issue 7, #8 Issue 8, #9 Issue 9, #10 Issue 10]
    2081 15 Aug 2020 06:28:42 INFO UpdateLabelsTask [pool-3-thread-3] - dummy1/dummy1 | 10 label(s)) changed: [Label 1, Label 2, Label 3, Label 4, Label 5, Label 6, Label 7, Label 8, Label 9, Label 10]
    2081 15 Aug 2020 06:28:42 INFO UpdateUsersTask [pool-3-thread-5] - dummy1/dummy1 | 10 user(s)) changed: [User 1, User 2, User 3, User 4, User 5, User 6, User 7, User 8, User 9, User 10]
    2081 15 Aug 2020 06:28:42 INFO UpdateMilestonesTask [pool-3-thread-4] - dummy1/dummy1 | 10 milestone(s)) changed: [Milestone 1, Milestone 2, Milestone 3, Milestone 4, Milestone 5, Milestone 6, Milestone 7, Milestone 8, Milestone 9, Milestone 10]
    2082 15 Aug 2020 06:28:42 INFO UpdateModelTask [pool-3-thread-2] - dummy1/dummy1 | Updated model with 10 issue(s), 10 label(s), 10 milestone(s), 10 user(s)
    2107 15 Aug 2020 06:28:42 INFO DownloadRepoTask [pool-3-thread-2] - dummy1/dummy1 | Downloaded 11 issue(s), 10 label(s), 10 milestone(s), 10 user(s)
    2108 15 Aug 2020 06:28:42 INFO UpdateIssuesTask [pool-3-thread-2] - dummy1/dummy1 | 1 issue(s)) changed: [#11 Issue 11]
    2108 15 Aug 2020 06:28:42 INFO UpdateMilestonesTask [pool-3-thread-3] - dummy1/dummy1 | 0 milestone(s)) changed
    2108 15 Aug 2020 06:28:42 INFO UpdateLabelsTask [pool-3-thread-5] - dummy1/dummy1 | 0 label(s)) changed
    2108 15 Aug 2020 06:28:42 INFO UpdateUsersTask [pool-3-thread-1] - dummy1/dummy1 | 0 user(s)) changed
    2108 15 Aug 2020 06:28:42 INFO UpdateModelTask [pool-3-thread-4] - dummy1/dummy1 | Updated model with 11 issue(s), 10 label(s), 10 milestone(s), 10 user(s)

tests.StoreTests > testStore STANDARD_OUT
    2120 15 Aug 2020 06:28:42 INFO DownloadRepoTask [pool-6-thread-1] - dummy1/dummy1 | Downloaded 10 issue(s), 10 label(s), 10 milestone(s), 10 user(s)
    2121 15 Aug 2020 06:28:42 INFO UpdateIssuesTask [pool-6-thread-1] - dummy1/dummy1 | 10 issue(s)) changed: [#1 Issue 1, #2 Issue 2, #3 Issue 3, #4 Issue 4, #5 Issue 5, #6 Issue 6, #7 Issue 7, #8 Issue 8, #9 Issue 9, #10 Issue 10]
    2121 15 Aug 2020 06:28:42 INFO UpdateLabelsTask [pool-6-thread-3] - dummy1/dummy1 | 10 label(s)) changed: [Label 1, Label 2, Label 3, Label 4, Label 5, Label 6, Label 7, Label 8, Label 9, Label 10]
    2122 15 Aug 2020 06:28:42 INFO UpdateMilestonesTask [pool-6-thread-4] - dummy1/dummy1 | 10 milestone(s)) changed: [Milestone 1, Milestone 2, Milestone 3, Milestone 4, Milestone 5, Milestone 6, Milestone 7, Milestone 8, Milestone 9, Milestone 10]
    2122 15 Aug 2020 06:28:42 INFO UpdateUsersTask [pool-6-thread-5] - dummy1/dummy1 | 10 user(s)) changed: [User 1, User 2, User 3, User 4, User 5, User 6, User 7, User 8, User 9, User 10]
    2123 15 Aug 2020 06:28:42 INFO UpdateModelTask [pool-6-thread-2] - dummy1/dummy1 | Updated model with 10 issue(s), 10 label(s), 10 milestone(s), 10 user(s)
    2125 15 Aug 2020 06:28:42 INFO UpdateLabelsTask [pool-6-thread-4] - dummy1/dummy1 | 0 label(s)) changed
    2125 15 Aug 2020 06:28:42 INFO UpdateMilestonesTask [pool-6-thread-1] - dummy1/dummy1 | 0 milestone(s)) changed
    2125 15 Aug 2020 06:28:42 INFO UpdateUsersTask [pool-6-thread-3] - dummy1/dummy1 | 0 user(s)) changed
    2125 15 Aug 2020 06:28:42 INFO UpdateIssuesTask [pool-6-thread-5] - dummy1/dummy1 | 1 issue(s)) changed: [#11 Issue 11]
    2126 15 Aug 2020 06:28:42 INFO UpdateModelTask [pool-6-thread-2] - dummy1/dummy1 | Updated model with 11 issue(s), 10 label(s), 10 milestone(s), 10 user(s)
    2198 15 Aug 2020 06:28:42 INFO WriteTask [pool-5-thread-1] - dummy1/dummy1 | Written to JSON store
    2203 15 Aug 2020 06:28:42 INFO WriteTask [pool-5-thread-1] - dummy1/dummy1 | Written to JSON store
    4133 15 Aug 2020 06:28:44 INFO ReadTask [pool-7-thread-1] - dummy1/dummy1 | Loaded from JSON cache
    4150 15 Aug 2020 06:28:44 INFO UpdateMilestonesTask [pool-8-thread-4] - dummy1/dummy1 | 10 milestone(s)) changed: [Milestone 1, Milestone 2, Milestone 3, Milestone 4, Milestone 5, Milestone 6, Milestone 7, Milestone 8, Milestone 9, Milestone 10]
    4151 15 Aug 2020 06:28:44 INFO UpdateLabelsTask [pool-8-thread-3] - dummy1/dummy1 | 10 label(s)) changed: [Label 1, Label 2, Label 3, Label 4, Label 5, Label 6, Label 7, Label 8, Label 9, Label 10]
    4151 15 Aug 2020 06:28:44 INFO UpdateUsersTask [pool-8-thread-5] - dummy1/dummy1 | 10 user(s)) changed: [User 1, User 2, User 3, User 4, User 5, User 6, User 7, User 8, User 9, User 10]
    4150 15 Aug 2020 06:28:44 INFO UpdateIssuesTask [pool-8-thread-2] - dummy1/dummy1 | 10 issue(s)) changed: [#1 Issue 1, #2 Issue 2, #3 Issue 3, #4 Issue 4, #5 Issue 5, #6 Issue 6, #7 Issue 7, #8 Issue 8, #9 Issue 9, #10 Issue 10]
    4152 15 Aug 2020 06:28:44 INFO UpdateModelTask [pool-8-thread-1] - dummy1/dummy1 | Updated model with 11 issue(s), 10 label(s), 10 milestone(s), 10 user(s)
Gradle Test Executor 10 finished executing tests.
Starting process 'Gradle Test Executor 11'. Working directory: /home/travis/build/passed/HubTurbo/HubTurbo Command: /usr/lib/jvm/java-8-oracle/bin/java -Djava.security.manager=jarjar.org.gradle.process.internal.child.BootstrapSecurityManager -javaagent:build/tmp/expandedArchives/org.jacoco.agent-0.7.4.201502262128.jar_dnibj84r518qfgg9zfvgoi1cd/jacocoagent.jar=destfile=build/jacoco/test.exec,append=true,dumponexit=true,output=file,jmx=false -Dfile.encoding=UTF-8 -Duser.country=US -Duser.language=en -Duser.variant -ea -cp /home/travis/.gradle/caches/2.3/workerMain/gradle-worker.jar jarjar.org.gradle.process.internal.launcher.GradleWorkerMain 'Gradle Test Executor 11'
Successfully started process 'Gradle Test Executor 11'
Gradle Test Executor 11 started executing tests.

tests.TickingTimerTests > doublePauseTest STANDARD_OUT
    2020-08-15 06:28:46,470 INFO Log4j appears to be running in a Servlet environment, but there's no log4j-web module available. If you want better web container support, please add the log4j-web JAR to your web archive or server lib directory.
    1692 15 Aug 2020 06:28:46 INFO TickingTimer [Test worker] - Started TickingTimer test

tests.TickingTimerTests > triggerTest STANDARD_OUT
    1697 15 Aug 2020 06:28:46 INFO TickingTimer [Test worker] - Started TickingTimer test2
    12698 15 Aug 2020 06:28:57 INFO TickingTimer [Test worker] - Stopping TickingTimer test2
    12700 15 Aug 2020 06:28:57 INFO TickingTimer [Test worker] - Successfully stopped TickingTimer test2

tests.TickingTimerTests > threadingTest STANDARD_OUT
    12702 15 Aug 2020 06:28:57 INFO TickingTimer [Test worker] - Started TickingTimer test
Gradle Test Executor 11 finished executing tests.
Finished generating test XML results (0.025 secs) into: /home/travis/build/passed/HubTurbo/HubTurbo/build/test-results
Generating HTML test report...
Finished generating test html results (0.057 secs) into: /home/travis/build/passed/HubTurbo/HubTurbo/build/reports/tests
:test FAILED
:test (Thread[Daemon worker,5,main]) completed. Took 1 mins 24.485 secs.

BUILD FAILED

Total time: 1 mins 28.648 secs
Stopped 0 compiler daemon(s).
Received result DaemonCommandResult[type=CommandFailure, value=org.gradle.launcher.exec.ReportedException: org.gradle.internal.exceptions.LocationAwareException: Execution failed for task ':test'.] from daemon DaemonInfo{pid=621, address=[1f8eb3ce-eaa2-4208-95a5-3af737956754 port:37519, addresses:[/127.0.0.1]], idle=true, context=DefaultDaemonContext[uid=6321c65d-974a-4cb1-a05a-ecf3ba981396,javaHome=/usr/lib/jvm/java-8-oracle,daemonRegistryDir=/home/travis/.gradle/daemon,pid=621,idleTimeout=10800000,daemonOpts=-XX:MaxPermSize=512m,-XX:+CMSClassUnloadingEnabled,-XX:+CMSPermGenSweepingEnabled,-XX:+HeapDumpOnOutOfMemoryError,-Xmx1024m,-Dfile.encoding=utf-8,-Duser.country=US,-Duser.language=en,-Duser.variant]}.

travis_time:end:1ecba6a2:start=1597472856582476253,finish=1597472945413618398,duration=88831142145[0K
[31;1mThe command "./gradlew clean check -i" exited with 1.[0m

Done. Your build exited with 1.
