travis_time:start:1b08602c[0Ktravis_time:end:1b08602c:start=1597480561493433385,finish=1597480561661668462,duration=168235077,event=no_world_writable_dirs[0Ktravis_time:start:0fd1b4b8[0Ktravis_time:end:0fd1b4b8:start=1597480561668504504,finish=1597480561672379173,duration=3874669,event=check_unsupported[0Ktravis_time:start:01646688[0Ktravis_fold:start:system_info[0K[33;1mBuild system information[0m
Build language: java
Build group: stable
Build dist: precise
Build id: ''
Job id: ''
Runtime kernel version: 4.15.0-109-generic
[34m[1mBuild image provisioning date and time[0m
Thu Feb  5 15:09:33 UTC 2015
[34m[1mOperating System Details[0m
Distributor ID:	Ubuntu
Description:	Ubuntu 12.04.5 LTS
Release:	12.04
Codename:	precise
[34m[1mLinux Version[0m
3.13.0-29-generic
[34m[1mCookbooks Version[0m
a68419e https://github.com/travis-ci/travis-cookbooks/tree/a68419e
[34m[1mGCC version[0m
gcc (Ubuntu/Linaro 4.6.3-1ubuntu5) 4.6.3
Copyright (C) 2011 Free Software Foundation, Inc.
This is free software; see the source for copying conditions.  There is NO
warranty; not even for MERCHANTABILITY or FITNESS FOR A PARTICULAR PURPOSE.

[34m[1mLLVM version[0m
clang version 3.4 (tags/RELEASE_34/final)
Target: x86_64-unknown-linux-gnu
Thread model: posix
[34m[1mPre-installed Ruby versions[0m
ruby-1.9.3-p551
[34m[1mPre-installed Node.js versions[0m
v0.10.36
[34m[1mPre-installed Go versions[0m
1.4.1
[34m[1mRedis version[0m
redis-server 2.8.19
[34m[1mriak version[0m
2.0.2
[34m[1mMongoDB version[0m
MongoDB 2.4.12
[34m[1mCouchDB version[0m
couchdb 1.6.1
[34m[1mNeo4j version[0m
1.9.4
[34m[1mRabbitMQ Version[0m
3.4.3
[34m[1mElasticSearch version[0m
1.4.0
[34m[1mInstalled Sphinx versions[0m
2.0.10
2.1.9
2.2.6
[34m[1mDefault Sphinx version[0m
2.2.6
[34m[1mInstalled Firefox version[0m
firefox 31.0esr
[34m[1mPhantomJS version[0m
1.9.8
[34m[1mant -version[0m
Apache Ant(TM) version 1.8.2 compiled on December 3 2011
[34m[1mmvn -version[0m
Apache Maven 3.2.5 (12a6b3acb947671f09b81f49094c53f426d8cea1; 2014-12-14T17:29:23+00:00)
Maven home: /usr/local/maven
Java version: 1.7.0_76, vendor: Oracle Corporation
Java home: /usr/lib/jvm/java-7-oracle/jre
Default locale: en_US, platform encoding: ANSI_X3.4-1968
OS name: "linux", version: "3.13.0-29-generic", arch: "amd64", family: "unix"
travis_fold:end:system_info[0K
travis_time:end:01646688:start=1597480561678103442,finish=1597480561687007319,duration=8903877,event=show_system_info[0Ktravis_time:start:00d76289[0Ktravis_time:end:00d76289:start=1597480561692261638,finish=1597480561710085537,duration=17823899,event=rm_riak_source[0Ktravis_time:start:35db8c6a[0Ktravis_time:end:35db8c6a:start=1597480561714810479,finish=1597480561724761954,duration=9951475,event=fix_rwky_redis[0Ktravis_time:start:06dc2c8a[0K[31;1mTimeout waiting for network availability.[0m
travis_time:end:06dc2c8a:start=1597480561730622207,finish=1597480582454619778,duration=20723997571,event=wait_for_network[0Ktravis_time:start:08f0c640[0Ktravis_time:end:08f0c640:start=1597480582460779229,finish=1597480584843575778,duration=2382796549,event=update_apt_keys[0Ktravis_time:start:23465e91[0Ktravis_time:end:23465e91:start=1597480584849466427,finish=1597480584911288162,duration=61821735,event=fix_hhvm_source[0Ktravis_time:start:09af0727[0Ktravis_time:end:09af0727:start=1597480584917644568,finish=1597480584923512979,duration=5868411,event=update_mongo_arch[0Ktravis_time:start:18f5aab0[0Ktravis_time:end:18f5aab0:start=1597480584928697790,finish=1597480584972796795,duration=44099005,event=fix_sudo_enabled_trusty[0Ktravis_time:start:013a3528[0Ktravis_time:end:013a3528:start=1597480584978540300,finish=1597480584992431781,duration=13891481,event=clean_up_path[0Ktravis_time:start:244287e7[0Ktravis_time:end:244287e7:start=1597480584998073244,finish=1597480585011239353,duration=13166109,event=fix_resolv_conf[0Ktravis_time:start:0cef4abc[0Ktravis_time:end:0cef4abc:start=1597480585016488105,finish=1597480585032647189,duration=16159084,event=fix_etc_hosts[0Ktravis_time:start:0313eaf2[0Ktravis_time:end:0313eaf2:start=1597480585038376421,finish=1597480585129949258,duration=91572837,event=fix_mvn_settings_xml[0Ktravis_time:start:121e36ed[0Ktravis_time:end:121e36ed:start=1597480585135520414,finish=1597480585152317897,duration=16797483,event=no_ipv6_localhost[0Ktravis_time:start:06968028[0Ktravis_time:end:06968028:start=1597480585158934345,finish=1597480585194412158,duration=35477813,event=fix_etc_mavenrc[0Ktravis_time:start:1518bfb8[0Ktravis_time:end:1518bfb8:start=1597480585200292843,finish=1597480585206908523,duration=6615680,event=fix_wwdr_certificate[0Ktravis_time:start:098c78f6[0Ktravis_time:end:098c78f6:start=1597480585212894591,finish=1597480585254084251,duration=41189660,event=put_localhost_first[0Ktravis_time:start:002103e2[0Ktravis_time:end:002103e2:start=1597480585260038871,finish=1597480585264764148,duration=4725277,event=home_paths[0Ktravis_time:start:0188efb1[0Ktravis_time:end:0188efb1:start=1597480585270077455,finish=1597480585293913230,duration=23835775,event=disable_initramfs[0Ktravis_time:start:0617c16c[0Ktravis_time:end:0617c16c:start=1597480585300283825,finish=1597480585320568216,duration=20284391,event=disable_ssh_roaming[0Ktravis_time:start:013b0248[0Ktravis_time:end:013b0248:start=1597480585326138245,finish=1597480585330577499,duration=4439254,event=debug_tools[0Ktravis_time:start:24bd2c47[0Ktravis_time:end:24bd2c47:start=1597480585335939602,finish=1597480585341188654,duration=5249052,event=uninstall_oclint[0Ktravis_time:start:1eb6cac8[0Ktravis_time:end:1eb6cac8:start=1597480585346620964,finish=1597480585352332694,duration=5711730,event=rvm_use[0Ktravis_time:start:3147ad00[0Ktravis_time:end:3147ad00:start=1597480585358353169,finish=1597480585372075336,duration=13722167,event=rm_etc_boto_cfg[0Ktravis_time:start:113070f8[0Ktravis_time:end:113070f8:start=1597480585378023817,finish=1597480585382383586,duration=4359769,event=rm_oraclejdk8_symlink[0Ktravis_time:start:12ab1474[0Ktravis_time:end:12ab1474:start=1597480585387904504,finish=1597480585431753365,duration=43848861,event=enable_i386[0Ktravis_time:start:0f5f91f4[0Ktravis_time:end:0f5f91f4:start=1597480585437966366,finish=1597480585444543803,duration=6577437,event=update_rubygems[0Ktravis_time:start:0c60af2b[0Ktravis_time:end:0c60af2b:start=1597480585450705038,finish=1597480585459136423,duration=8431385,event=ensure_path_components[0Ktravis_time:start:0027146a[0Ktravis_time:end:0027146a:start=1597480585465326032,finish=1597480585469550961,duration=4224929,event=redefine_curl[0Ktravis_time:start:08bcccdc[0Ktravis_time:end:08bcccdc:start=1597480585475685491,finish=1597480585479802767,duration=4117276,event=nonblock_pipe[0Ktravis_time:start:07c9b38a[0Ktravis_time:end:07c9b38a:start=1597480585485504366,finish=1597480590692939716,duration=5207435350,event=apt_get_update[0Ktravis_time:start:003b11d0[0Ktravis_time:end:003b11d0:start=1597480590698687295,finish=1597480590702438001,duration=3750706,event=deprecate_xcode_64[0Ktravis_time:start:045805aa[0Ktravis_time:end:045805aa:start=1597480590708033069,finish=1597480590715048562,duration=7015493,event=update_heroku[0Ktravis_time:start:250b4de4[0Ktravis_time:end:250b4de4:start=1597480590720535754,finish=1597480590724195942,duration=3660188,event=shell_session_update[0Ktravis_time:start:105b1948[0Ktravis_fold:start:docker_mtu[0Ktravis_fold:end:docker_mtu[0Ktravis_time:end:105b1948:start=1597480590729036315,finish=1597480590761864726,duration=32828411,event=set_docker_mtu[0Ktravis_time:start:02c94b7c[0Ktravis_time:end:02c94b7c:start=1597480590767439014,finish=1597480590780824756,duration=13385742,event=resolvconf[0K
travis_fold:start:install_jdk[0K[33;1mInstalling openjdk6[0m
$ jdk_switcher use "openjdk6"
Switching to OpenJDK6 (java-1.6.0-openjdk-amd64), JAVA_HOME will be set to /usr/lib/jvm/java-6-openjdk-amd64
travis_fold:end:install_jdk[0Ktravis_time:start:019ebbe0[0Ktravis_time:end:019ebbe0:start=1597480590801068715,finish=1597480590805218470,duration=4149755,event=fix_ps4[0Ktravis_time:start:05e7facc[0K
$ cd passed/Scout24/deadcode4j

travis_time:end:05e7facc:start=1597480590810348275,finish=1597480590814630702,duration=4282427,event=checkout[0Ktravis_time:start:33e85a6b[0K
[33;1mSetting environment variables from .travis.yml[0m
$ export MVN_VERSION=3.2.5

travis_time:end:33e85a6b:start=1597480590820162492,finish=1597480590946871481,duration=126708989,event=env[0Ktravis_fold:start:cache.1[0KSetting up build cache
$ export CASHER_DIR=${TRAVIS_HOME}/.casher
travis_time:start:00330297[0K$ Installing caching utilities
travis_time:end:00330297:start=1597480598157286042,finish=1597480601249967359,duration=3092681317,event=setup_casher[0Ktravis_time:start:2692c5cc[0K$ Installing caching utilities from the Travis CI server (https:///files/casher) failed, failing over to using GitHub (https://raw.githubusercontent.com/travis-ci/casher/bash/bin/casher)
travis_time:end:2692c5cc:start=1597480601258435811,finish=1597480601322927798,duration=64491987,event=setup_casher[0Ktravis_time:start:04f9925a[0Ktravis_time:end:04f9925a:start=1597480601333991860,finish=1597480601338955731,duration=4963871,event=setup_casher[0Ktravis_time:start:0705e3b8[0Kattempting to download cache archive[0m
[31;1mcould not download cache[0m
travis_time:end:0705e3b8:start=1597480601346266700,finish=1597480602711103780,duration=1364837080,event=setup_casher[0Ktravis_time:start:00350700[0Ktravis_time:end:00350700:start=1597480602718565597,finish=1597480602724111772,duration=5546175,event=setup_casher[0Ktravis_time:start:0da83730[0Kadding /home/travis/.m2/repository to cache[0m
travis_time:end:0da83730:start=1597480602732372344,finish=1597480604218298534,duration=1485926190,event=setup_casher[0Ktravis_fold:end:cache.1[0K
$ java -Xmx32m -version
$ javac -J-Xmx32m -version
travis_fold:start:before_install.1[0Ktravis_time:start:0e778c9a[0K$ MVN_URL=https://archive.apache.org/dist/maven/maven-3/$MVN_VERSION/binaries/apache-maven-$MVN_VERSION-bin.tar.gz
travis_time:end:0e778c9a:start=1597480604475571246,finish=1597480604480822602,duration=5251356,event=before_install[0Ktravis_fold:end:before_install.1[0Ktravis_fold:start:before_install.2[0Ktravis_time:start:0a38aea2[0K$ wget -q -O /tmp/maven.tar.gz $MVN_URL
travis_time:end:0a38aea2:start=1597480604488124508,finish=1597480606621438867,duration=2133314359,event=before_install[0Ktravis_fold:end:before_install.2[0Ktravis_fold:start:before_install.3[0Ktravis_time:start:02da88d1[0K$ tar xzf /tmp/maven.tar.gz
travis_time:end:02da88d1:start=1597480606629182552,finish=1597480606744381816,duration=115199264,event=before_install[0Ktravis_fold:end:before_install.3[0Ktravis_fold:start:before_install.4[0Ktravis_time:start:08ef7ad4[0K$ export M2_HOME=`pwd`/apache-maven-$MVN_VERSION
travis_time:end:08ef7ad4:start=1597480606752267208,finish=1597480606758723484,duration=6456276,event=before_install[0Ktravis_fold:end:before_install.4[0Ktravis_fold:start:before_install.5[0Ktravis_time:start:0f962f6a[0K$ export PATH=$M2_HOME/bin:$PATH
travis_time:end:0f962f6a:start=1597480606766064716,finish=1597480606770961366,duration=4896650,event=before_install[0Ktravis_fold:end:before_install.5[0Ktravis_fold:start:before_install.6[0Ktravis_time:start:0fb5c476[0K$ export MAVEN_SKIP_RC=true
travis_time:end:0fb5c476:start=1597480606778105389,finish=1597480606783048140,duration=4942751,event=before_install[0Ktravis_fold:end:before_install.6[0Ktravis_fold:start:install.1[0Ktravis_time:start:031f1440[0K$ mvn -B -U clean verify org.apache.maven.plugins:maven-war-plugin:2.4:help -Dinvoker.skip=true -Dmaven.main.skip=true -Dmaven.plugin.skip=true -Dmaven.test.skip=true -PenableCoverage,travis
[INFO] Scanning for projects...
[INFO] Downloading: https://repo.maven.apache.org/maven2/org/apache/maven/plugins/maven-war-plugin/2.4/maven-war-plugin-2.4.pom
[INFO] ------------------------------------------------------------------------
[INFO] BUILD FAILURE
[INFO] ------------------------------------------------------------------------
[INFO] Total time: 0.529 s
[INFO] Finished at: 2020-08-15T08:36:48+00:00
[INFO] Final Memory: 15M/1962M
[INFO] ------------------------------------------------------------------------
[ERROR] Plugin org.apache.maven.plugins:maven-war-plugin:2.4 or one of its dependencies could not be resolved: Failed to read artifact descriptor for org.apache.maven.plugins:maven-war-plugin:jar:2.4: Could not transfer artifact org.apache.maven.plugins:maven-war-plugin:pom:2.4 from/to central (https://repo.maven.apache.org/maven2): Received fatal alert: protocol_version -> [Help 1]
[ERROR] 
[ERROR] To see the full stack trace of the errors, re-run Maven with the -e switch.
[ERROR] Re-run Maven using the -X switch to enable full debug logging.
[ERROR] 
[ERROR] For more information about the errors and possible solutions, please read the following articles:
[ERROR] [Help 1] http://cwiki.apache.org/confluence/display/MAVEN/PluginResolutionException
travis_time:end:031f1440:start=1597480606790715330,finish=1597480608499669582,duration=1708954252,event=install[0K[31;1mThe command "mvn -B -U clean verify org.apache.maven.plugins:maven-war-plugin:2.4:help -Dinvoker.skip=true -Dmaven.main.skip=true -Dmaven.plugin.skip=true -Dmaven.test.skip=true -PenableCoverage,travis" failed and exited with 1 during .[0m

Your build has been stopped.
