travis_fold:start:system_info[0K[33;1mBuild system information[0m
Build language: python
Build group: stable
Build dist: precise
Build id: ''
Job id: ''
[34m[1mBuild image provisioning date and time[0m
Thu Feb  5 15:09:33 UTC 2015
[34m[1mOperating System Details[0m
Distributor ID:	Ubuntu
Description:	Ubuntu 12.04.5 LTS
Release:	12.04
Codename:	precise
[34m[1mLinux Version[0m
3.13.0-29-generic
[34m[1mCookbooks Version[0m
a68419e https://github.com/travis-ci/travis-cookbooks/tree/a68419e
[34m[1mGCC version[0m
gcc (Ubuntu/Linaro 4.6.3-1ubuntu5) 4.6.3
Copyright (C) 2011 Free Software Foundation, Inc.
This is free software; see the source for copying conditions.  There is NO
warranty; not even for MERCHANTABILITY or FITNESS FOR A PARTICULAR PURPOSE.

[34m[1mLLVM version[0m
clang version 3.4 (tags/RELEASE_34/final)
Target: x86_64-unknown-linux-gnu
Thread model: posix
[34m[1mPre-installed Ruby versions[0m
ruby-1.9.3-p551
[34m[1mPre-installed Node.js versions[0m
v0.10.36
[34m[1mPre-installed Go versions[0m
1.4.1
[34m[1mRedis version[0m
redis-server 2.8.19
[34m[1mriak version[0m
2.0.2
[34m[1mMongoDB version[0m
MongoDB 2.4.12
[34m[1mCouchDB version[0m
couchdb 1.6.1
[34m[1mNeo4j version[0m
1.9.4
[34m[1mRabbitMQ Version[0m
3.4.3
[34m[1mElasticSearch version[0m
1.4.0
[34m[1mInstalled Sphinx versions[0m
2.0.10
2.1.9
2.2.6
[34m[1mDefault Sphinx version[0m
2.2.6
[34m[1mInstalled Firefox version[0m
firefox 31.0esr
[34m[1mPhantomJS version[0m
1.9.8
[34m[1mant -version[0m
Apache Ant(TM) version 1.8.2 compiled on December 3 2011
[34m[1mmvn -version[0m
Apache Maven 3.2.5 (12a6b3acb947671f09b81f49094c53f426d8cea1; 2014-12-14T17:29:23+00:00)
Maven home: /usr/local/maven
Java version: 1.7.0_76, vendor: Oracle Corporation
Java home: /usr/lib/jvm/java-7-oracle/jre
Default locale: en_US, platform encoding: ANSI_X3.4-1968
OS name: "linux", version: "3.13.0-29-generic", arch: "amd64", family: "unix"
travis_fold:end:system_info[0K
grep: /etc/apt/sources.list.d/*: No such file or directory
sed: cannot rename /etc/hosts: Device or resource busy
sed: cannot rename /etc/hosts: Device or resource busy
$ cd passed/marshallward/f90nml
travis_time:start:15ccb700[0K$ source ~/virtualenv/python3.4/bin/activate

travis_time:end:15ccb700:start=1616898899106690037,finish=1616898899116423952,duration=9733915[0K$ python --version
Python 3.4.2
$ pip --version
pip 6.0.7 from /home/travis/virtualenv/python3.4.2/lib/python3.4/site-packages (python 3.4)
travis_fold:start:install.1[0Ktravis_time:start:2ddfb229[0K$ if [[ $TRAVIS_PYTHON_VERSION == '2.6' ]]; then pip install ordereddict==1.1; fi

travis_time:end:2ddfb229:start=1616898899439438803,finish=1616898899446295252,duration=6856449[0Ktravis_fold:end:install.1[0Ktravis_fold:start:install.2[0Ktravis_time:start:33c9dfa0[0K$ pip install .
Processing /home/travis/build/passed/marshallward/f90nml
Installing collected packages: f90nml
  Running setup.py install for f90nml
Successfully installed f90nml-0.19

travis_time:end:33c9dfa0:start=1616898899455721601,finish=1616898903021809537,duration=3566087936[0Ktravis_fold:end:install.2[0Ktravis_fold:start:before_script.1[0Ktravis_time:start:012f1c58[0K$ cd test

travis_time:end:012f1c58:start=1616898903032278747,finish=1616898903040784959,duration=8506212[0Ktravis_fold:end:before_script.1[0Ktravis_fold:start:before_script.2[0Ktravis_time:start:10774d7c[0K$ pip install -r requirements_test.txt
Collecting coverage (from -r requirements_test.txt (line 2))
  Downloading https://files.pythonhosted.org/packages/38/df/d5e67851e83948def768d7fb1a0fd373665b20f56ff63ed220c6cd16cb11/coverage-5.5.tar.gz (691kB)
    /opt/python/3.4.2/lib/python3.4/distutils/dist.py:260: UserWarning: Unknown distribution option: 'python_requires'
      warnings.warn(msg)
    /opt/python/3.4.2/lib/python3.4/distutils/dist.py:260: UserWarning: Unknown distribution option: 'project_urls'
      warnings.warn(msg)
    /opt/python/3.4.2/lib/python3.4/distutils/dist.py:260: UserWarning: Unknown distribution option: 'long_description_content_type'
      warnings.warn(msg)
Collecting coveralls (from -r requirements_test.txt (line 3))
  Downloading https://files.pythonhosted.org/packages/54/f5/a6431412a456267b43b03ebd3670d8e196754f5280a2409a4c9ceaccf192/coveralls-3.0.1-py2.py3-none-any.whl
Collecting docopt>=0.6.1 (from coveralls->-r requirements_test.txt (line 3))
  Downloading https://files.pythonhosted.org/packages/a2/55/8f8cab2afd404cf578136ef2cc5dfb50baa1761b68c9da1fb1e4eed343c9/docopt-0.6.2.tar.gz
Collecting requests>=1.0.0 (from coveralls->-r requirements_test.txt (line 3))
  Downloading https://files.pythonhosted.org/packages/29/c1/24814557f1d22c56d50280771a17307e6bf87b70727d975fd6b2ce6b014a/requests-2.25.1-py2.py3-none-any.whl (61kB)
Collecting urllib3<1.27,>=1.21.1 (from requests>=1.0.0->coveralls->-r requirements_test.txt (line 3))
  Downloading https://files.pythonhosted.org/packages/09/c6/d3e3abe5b4f4f16cf0dfc9240ab7ce10c2baa0e268989a4e3ec19e90c84e/urllib3-1.26.4-py2.py3-none-any.whl (153kB)
Collecting chardet<5,>=3.0.2 (from requests>=1.0.0->coveralls->-r requirements_test.txt (line 3))
  Downloading https://files.pythonhosted.org/packages/19/c7/fa589626997dd07bd87d9269342ccb74b1720384a4d739a1872bd84fbe68/chardet-4.0.0-py2.py3-none-any.whl (178kB)
Collecting certifi>=2017.4.17 (from requests>=1.0.0->coveralls->-r requirements_test.txt (line 3))
  Downloading https://files.pythonhosted.org/packages/5e/a0/5f06e1e1d463903cf0c0eebeb751791119ed7a4b3737fdc9a77f1cdfb51f/certifi-2020.12.5-py2.py3-none-any.whl (147kB)
Collecting idna<3,>=2.5 (from requests>=1.0.0->coveralls->-r requirements_test.txt (line 3))
  Downloading https://files.pythonhosted.org/packages/a2/38/928ddce2273eaa564f6f50de919327bf3a00f091b5baba8dfa9460f3a8a8/idna-2.10-py2.py3-none-any.whl (58kB)
Installing collected packages: idna, certifi, chardet, urllib3, requests, docopt, coveralls, coverage





  Running setup.py install for docopt

  Running setup.py install for coverage
    building 'coverage.tracer' extension
    gcc -pthread -Wno-unused-result -DNDEBUG -g -fwrapv -O3 -Wall -Wstrict-prototypes -g -fstack-protector --param=ssp-buffer-size=4 -Wformat -Werror=format-security -fPIC -I/opt/python/3.4.2/include/python3.4m -c coverage/ctracer/datastack.c -o build/temp.linux-x86_64-3.4/coverage/ctracer/datastack.o
    gcc -pthread -Wno-unused-result -DNDEBUG -g -fwrapv -O3 -Wall -Wstrict-prototypes -g -fstack-protector --param=ssp-buffer-size=4 -Wformat -Werror=format-security -fPIC -I/opt/python/3.4.2/include/python3.4m -c coverage/ctracer/filedisp.c -o build/temp.linux-x86_64-3.4/coverage/ctracer/filedisp.o
    gcc -pthread -Wno-unused-result -DNDEBUG -g -fwrapv -O3 -Wall -Wstrict-prototypes -g -fstack-protector --param=ssp-buffer-size=4 -Wformat -Werror=format-security -fPIC -I/opt/python/3.4.2/include/python3.4m -c coverage/ctracer/module.c -o build/temp.linux-x86_64-3.4/coverage/ctracer/module.o
    gcc -pthread -Wno-unused-result -DNDEBUG -g -fwrapv -O3 -Wall -Wstrict-prototypes -g -fstack-protector --param=ssp-buffer-size=4 -Wformat -Werror=format-security -fPIC -I/opt/python/3.4.2/include/python3.4m -c coverage/ctracer/tracer.c -o build/temp.linux-x86_64-3.4/coverage/ctracer/tracer.o
    gcc -pthread -shared -L/opt/python/3.4.2/lib -Wl,-rpath=/opt/python/3.4.2/lib build/temp.linux-x86_64-3.4/coverage/ctracer/datastack.o build/temp.linux-x86_64-3.4/coverage/ctracer/filedisp.o build/temp.linux-x86_64-3.4/coverage/ctracer/module.o build/temp.linux-x86_64-3.4/coverage/ctracer/tracer.o -L/opt/python/3.4.2/lib -lpython3.4m -o build/lib.linux-x86_64-3.4/coverage/tracer.cpython-34m.so
    /opt/python/3.4.2/lib/python3.4/distutils/dist.py:260: UserWarning: Unknown distribution option: 'project_urls'
      warnings.warn(msg)
    /opt/python/3.4.2/lib/python3.4/distutils/dist.py:260: UserWarning: Unknown distribution option: 'python_requires'
      warnings.warn(msg)
    /opt/python/3.4.2/lib/python3.4/distutils/dist.py:260: UserWarning: Unknown distribution option: 'long_description_content_type'
      warnings.warn(msg)
    Installing coverage3 script to /home/travis/virtualenv/python3.4.2/bin
    Installing coverage script to /home/travis/virtualenv/python3.4.2/bin
    Installing coverage-3.4 script to /home/travis/virtualenv/python3.4.2/bin
Successfully installed certifi-2020.12.5 chardet-4.0.0 coverage-5.5 coveralls-3.0.1 docopt-0.6.2 idna-2.10 requests-2.25.1 urllib3-1.26.4

travis_time:end:10774d7c:start=1616898903050991373,finish=1616898908973251106,duration=5922259733[0Ktravis_fold:end:before_script.2[0Ktravis_time:start:26bb8d7b[0K$ coverage run --source f90nml test_f90nml.py
...........................................
----------------------------------------------------------------------
Ran 43 tests in 0.121s

OK

travis_time:end:26bb8d7b:start=1616898908982541620,finish=1616898909485739299,duration=503197679[0K
[32;1mThe command "coverage run --source f90nml test_f90nml.py" exited with 0.[0m
travis_fold:start:after_success.1[0Ktravis_time:start:14e47258[0K$ coverage report -m
Name                                                               Stmts   Miss  Cover   Missing
------------------------------------------------------------------------------------------------
/home/travis/build/passed/marshallward/f90nml/f90nml/__init__.py      18      0   100%
/home/travis/build/passed/marshallward/f90nml/f90nml/findex.py        23      1    96%   31
/home/travis/build/passed/marshallward/f90nml/f90nml/fpy.py           30      0   100%
/home/travis/build/passed/marshallward/f90nml/f90nml/namelist.py     211      4    98%   15-16, 304, 332
/home/travis/build/passed/marshallward/f90nml/f90nml/parser.py       343      0   100%
------------------------------------------------------------------------------------------------
TOTAL                                                                625      5    99%

travis_time:end:14e47258:start=1616898909497697331,finish=1616898909785626952,duration=287929621[0Ktravis_fold:end:after_success.1[0Ktravis_fold:start:after_success.2[0Ktravis_time:start:1b1a8a61[0K$ coveralls
Submitting coverage to coveralls.io...
Could not submit coverage: 422 Client Error: Unprocessable Entity for url: https://coveralls.io/api/v1/jobs
Traceback (most recent call last):
  File "/home/travis/virtualenv/python3.4.2/lib/python3.4/site-packages/coveralls/api.py", line 257, in wear
    response.raise_for_status()
  File "/home/travis/virtualenv/python3.4.2/lib/python3.4/site-packages/requests/models.py", line 943, in raise_for_status
    raise HTTPError(http_error_msg, response=self)
requests.exceptions.HTTPError: 422 Client Error: Unprocessable Entity for url: https://coveralls.io/api/v1/jobs

The above exception was the direct cause of the following exception:

Traceback (most recent call last):
  File "/home/travis/virtualenv/python3.4.2/lib/python3.4/site-packages/coveralls/cli.py", line 85, in main
    result = coverallz.wear()
  File "/home/travis/virtualenv/python3.4.2/lib/python3.4/site-packages/coveralls/api.py", line 261, in wear
    'Could not submit coverage: {}'.format(e)) from e
coveralls.exception.CoverallsException: Could not submit coverage: 422 Client Error: Unprocessable Entity for url: https://coveralls.io/api/v1/jobs
resubmitting with id 42-2173653723073583412

travis_time:end:1b1a8a61:start=1616898909795705440,finish=1616898911986573428,duration=2190867988[0Ktravis_fold:end:after_success.2[0K
Done. Your build exited with 0.
