travis_fold:start:system_info[0K[33;1mBuild system information[0m
Build language: python
Build group: stable
Build dist: precise
Build id: ''
Job id: ''
[34m[1mBuild image provisioning date and time[0m
Thu Feb  5 15:09:33 UTC 2015
[34m[1mOperating System Details[0m
Distributor ID:	Ubuntu
Description:	Ubuntu 12.04.5 LTS
Release:	12.04
Codename:	precise
[34m[1mLinux Version[0m
3.13.0-29-generic
[34m[1mCookbooks Version[0m
a68419e https://github.com/travis-ci/travis-cookbooks/tree/a68419e
[34m[1mGCC version[0m
gcc (Ubuntu/Linaro 4.6.3-1ubuntu5) 4.6.3
Copyright (C) 2011 Free Software Foundation, Inc.
This is free software; see the source for copying conditions.  There is NO
warranty; not even for MERCHANTABILITY or FITNESS FOR A PARTICULAR PURPOSE.

[34m[1mLLVM version[0m
clang version 3.4 (tags/RELEASE_34/final)
Target: x86_64-unknown-linux-gnu
Thread model: posix
[34m[1mPre-installed Ruby versions[0m
ruby-1.9.3-p551
[34m[1mPre-installed Node.js versions[0m
v0.10.36
[34m[1mPre-installed Go versions[0m
1.4.1
[34m[1mRedis version[0m
redis-server 2.8.19
[34m[1mriak version[0m
2.0.2
[34m[1mMongoDB version[0m
MongoDB 2.4.12
[34m[1mCouchDB version[0m
couchdb 1.6.1
[34m[1mNeo4j version[0m
1.9.4
[34m[1mRabbitMQ Version[0m
3.4.3
[34m[1mElasticSearch version[0m
1.4.0
[34m[1mInstalled Sphinx versions[0m
2.0.10
2.1.9
2.2.6
[34m[1mDefault Sphinx version[0m
2.2.6
[34m[1mInstalled Firefox version[0m
firefox 31.0esr
[34m[1mPhantomJS version[0m
1.9.8
[34m[1mant -version[0m
Apache Ant(TM) version 1.8.2 compiled on December 3 2011
[34m[1mmvn -version[0m
Apache Maven 3.2.5 (12a6b3acb947671f09b81f49094c53f426d8cea1; 2014-12-14T17:29:23+00:00)
Maven home: /usr/local/maven
Java version: 1.7.0_76, vendor: Oracle Corporation
Java home: /usr/lib/jvm/java-7-oracle/jre
Default locale: en_US, platform encoding: ANSI_X3.4-1968
OS name: "linux", version: "3.13.0-29-generic", arch: "amd64", family: "unix"
travis_fold:end:system_info[0K
grep: /etc/apt/sources.list.d/*: No such file or directory
sed: cannot rename /etc/hosts: Device or resource busy
sed: cannot rename /etc/hosts: Device or resource busy
[33;1m3.5 is not installed; attempting download[0m
[33;1mDownloading archive: https://s3.amazonaws.com/travis-python-archives/binaries/ubuntu/12.04/x86_64/python-3.5.tar.bz2[0m
$ sudo tar xjf python-3.5.tar.bz2 --directory /
$ cd passed/marshallward/f90nml
travis_time:start:0afc8b40[0K$ source ~/virtualenv/python3.5/bin/activate

travis_time:end:0afc8b40:start=1616899241127811182,finish=1616899241137888834,duration=10077652[0K$ python --version
Python 3.5.6
$ pip --version
pip 18.0 from /home/travis/virtualenv/python3.5.6/lib/python3.5/site-packages/pip (python 3.5)
travis_fold:start:install.1[0Ktravis_time:start:06c6f5d7[0K$ if [[ $TRAVIS_PYTHON_VERSION == '2.6' ]]; then pip install ordereddict==1.1; fi

travis_time:end:06c6f5d7:start=1616899241603082837,finish=1616899241610847035,duration=7764198[0Ktravis_fold:end:install.1[0Ktravis_fold:start:install.2[0Ktravis_time:start:09cdc5f8[0K$ pip install .
Processing /home/travis/build/passed/marshallward/f90nml
Building wheels for collected packages: f90nml
  Running setup.py bdist_wheel for f90nml: started
  Running setup.py bdist_wheel for f90nml: finished with status 'done'
  Stored in directory: /tmp/pip-ephem-wheel-cache-zslfl_sa/wheels/8c/87/44/65d24c0c815b664802dcc07af68d39c0096fa6f57eb39ae3b6
Successfully built f90nml
Installing collected packages: f90nml
Successfully installed f90nml-0.21

travis_time:end:09cdc5f8:start=1616899241619942246,finish=1616899244269237175,duration=2649294929[0Ktravis_fold:end:install.2[0Ktravis_fold:start:before_script.1[0Ktravis_time:start:0c52f0ec[0K$ cd test

travis_time:end:0c52f0ec:start=1616899244279779992,finish=1616899244287418853,duration=7638861[0Ktravis_fold:end:before_script.1[0Ktravis_fold:start:before_script.2[0Ktravis_time:start:08bd32b8[0K$ pip install -r requirements_test.txt
Ignoring coverage: markers 'python_version == "3.2"' don't match your environment
Collecting coverage (from -r requirements_test.txt (line 2))
  Downloading https://files.pythonhosted.org/packages/18/97/fda94f1e78b508dd1a493106c236076c4c82a9925c9347211afc4d6bd4e0/coverage-5.5-cp35-cp35m-manylinux1_x86_64.whl (240kB)
Collecting coveralls (from -r requirements_test.txt (line 3))
  Downloading https://files.pythonhosted.org/packages/54/f5/a6431412a456267b43b03ebd3670d8e196754f5280a2409a4c9ceaccf192/coveralls-3.0.1-py2.py3-none-any.whl
Collecting requests>=1.0.0 (from coveralls->-r requirements_test.txt (line 3))
  Downloading https://files.pythonhosted.org/packages/29/c1/24814557f1d22c56d50280771a17307e6bf87b70727d975fd6b2ce6b014a/requests-2.25.1-py2.py3-none-any.whl (61kB)
Collecting docopt>=0.6.1 (from coveralls->-r requirements_test.txt (line 3))
  Downloading https://files.pythonhosted.org/packages/a2/55/8f8cab2afd404cf578136ef2cc5dfb50baa1761b68c9da1fb1e4eed343c9/docopt-0.6.2.tar.gz
Collecting idna<3,>=2.5 (from requests>=1.0.0->coveralls->-r requirements_test.txt (line 3))
  Downloading https://files.pythonhosted.org/packages/a2/38/928ddce2273eaa564f6f50de919327bf3a00f091b5baba8dfa9460f3a8a8/idna-2.10-py2.py3-none-any.whl (58kB)
Collecting urllib3<1.27,>=1.21.1 (from requests>=1.0.0->coveralls->-r requirements_test.txt (line 3))
  Downloading https://files.pythonhosted.org/packages/09/c6/d3e3abe5b4f4f16cf0dfc9240ab7ce10c2baa0e268989a4e3ec19e90c84e/urllib3-1.26.4-py2.py3-none-any.whl (153kB)
Collecting chardet<5,>=3.0.2 (from requests>=1.0.0->coveralls->-r requirements_test.txt (line 3))
  Downloading https://files.pythonhosted.org/packages/19/c7/fa589626997dd07bd87d9269342ccb74b1720384a4d739a1872bd84fbe68/chardet-4.0.0-py2.py3-none-any.whl (178kB)
Requirement already satisfied: certifi>=2017.4.17 in /home/travis/virtualenv/python3.5.6/lib/python3.5/site-packages (from requests>=1.0.0->coveralls->-r requirements_test.txt (line 3)) (2018.4.16)
Building wheels for collected packages: docopt
  Running setup.py bdist_wheel for docopt: started
  Running setup.py bdist_wheel for docopt: finished with status 'done'
  Stored in directory: /home/travis/.cache/pip/wheels/9b/04/dd/7daf4150b6d9b12949298737de9431a324d4b797ffd63f526e
Successfully built docopt
Installing collected packages: coverage, idna, urllib3, chardet, requests, docopt, coveralls
Successfully installed chardet-4.0.0 coverage-5.5 coveralls-3.0.1 docopt-0.6.2 idna-2.10 requests-2.25.1 urllib3-1.26.4

travis_time:end:08bd32b8:start=1616899244297058675,finish=1616899248756881743,duration=4459823068[0Ktravis_fold:end:before_script.2[0Ktravis_time:start:10cd37e4[0K$ coverage run --source f90nml test_f90nml.py
.................................................
----------------------------------------------------------------------
Ran 49 tests in 0.105s

OK

travis_time:end:10cd37e4:start=1616899248767267122,finish=1616899249280276034,duration=513008912[0K
[32;1mThe command "coverage run --source f90nml test_f90nml.py" exited with 0.[0m
travis_fold:start:after_success.1[0Ktravis_time:start:12f40549[0K$ coverage report -m
Name                                                                Stmts   Miss  Cover   Missing
-------------------------------------------------------------------------------------------------
/home/travis/build/passed/marshallward/f90nml/f90nml/__init__.py       18      0   100%
/home/travis/build/passed/marshallward/f90nml/f90nml/findex.py         23      1    96%   31
/home/travis/build/passed/marshallward/f90nml/f90nml/fpy.py            35      0   100%
/home/travis/build/passed/marshallward/f90nml/f90nml/namelist.py      219      3    99%   15-16, 374
/home/travis/build/passed/marshallward/f90nml/f90nml/parser.py        379      1    99%   458
/home/travis/build/passed/marshallward/f90nml/f90nml/tokenizer.py     122     20    84%   44-45, 65-66, 94, 99-100, 110-111, 120-125, 171-178
-------------------------------------------------------------------------------------------------
TOTAL                                                                 796     25    97%

travis_time:end:12f40549:start=1616899249288448022,finish=1616899249549770707,duration=261322685[0Ktravis_fold:end:after_success.1[0Ktravis_fold:start:after_success.2[0Ktravis_time:start:00470ac4[0K$ coveralls
Submitting coverage to coveralls.io...
Could not submit coverage: 422 Client Error: Unprocessable Entity for url: https://coveralls.io/api/v1/jobs
Traceback (most recent call last):
  File "/home/travis/virtualenv/python3.5.6/lib/python3.5/site-packages/coveralls/api.py", line 257, in wear
    response.raise_for_status()
  File "/home/travis/virtualenv/python3.5.6/lib/python3.5/site-packages/requests/models.py", line 943, in raise_for_status
    raise HTTPError(http_error_msg, response=self)
requests.exceptions.HTTPError: 422 Client Error: Unprocessable Entity for url: https://coveralls.io/api/v1/jobs

The above exception was the direct cause of the following exception:

Traceback (most recent call last):
  File "/home/travis/virtualenv/python3.5.6/lib/python3.5/site-packages/coveralls/cli.py", line 85, in main
    result = coverallz.wear()
  File "/home/travis/virtualenv/python3.5.6/lib/python3.5/site-packages/coveralls/api.py", line 261, in wear
    'Could not submit coverage: {}'.format(e)) from e
coveralls.exception.CoverallsException: Could not submit coverage: 422 Client Error: Unprocessable Entity for url: https://coveralls.io/api/v1/jobs
resubmitting with id 42-7917823192679564054

travis_time:end:00470ac4:start=1616899249560189469,finish=1616899251716522547,duration=2156333078[0Ktravis_fold:end:after_success.2[0K
Done. Your build exited with 0.
