travis_fold:start:system_info[0K[33;1mBuild system information[0m
Build language: python
Build group: stable
Build dist: precise
Build id: ''
Job id: ''
[34m[1mBuild image provisioning date and time[0m
Thu Feb  5 15:09:33 UTC 2015
[34m[1mOperating System Details[0m
Distributor ID:	Ubuntu
Description:	Ubuntu 12.04.5 LTS
Release:	12.04
Codename:	precise
[34m[1mLinux Version[0m
3.13.0-29-generic
[34m[1mCookbooks Version[0m
a68419e https://github.com/travis-ci/travis-cookbooks/tree/a68419e
[34m[1mGCC version[0m
gcc (Ubuntu/Linaro 4.6.3-1ubuntu5) 4.6.3
Copyright (C) 2011 Free Software Foundation, Inc.
This is free software; see the source for copying conditions.  There is NO
warranty; not even for MERCHANTABILITY or FITNESS FOR A PARTICULAR PURPOSE.

[34m[1mLLVM version[0m
clang version 3.4 (tags/RELEASE_34/final)
Target: x86_64-unknown-linux-gnu
Thread model: posix
[34m[1mPre-installed Ruby versions[0m
ruby-1.9.3-p551
[34m[1mPre-installed Node.js versions[0m
v0.10.36
[34m[1mPre-installed Go versions[0m
1.4.1
[34m[1mRedis version[0m
redis-server 2.8.19
[34m[1mriak version[0m
2.0.2
[34m[1mMongoDB version[0m
MongoDB 2.4.12
[34m[1mCouchDB version[0m
couchdb 1.6.1
[34m[1mNeo4j version[0m
1.9.4
[34m[1mRabbitMQ Version[0m
3.4.3
[34m[1mElasticSearch version[0m
1.4.0
[34m[1mInstalled Sphinx versions[0m
2.0.10
2.1.9
2.2.6
[34m[1mDefault Sphinx version[0m
2.2.6
[34m[1mInstalled Firefox version[0m
firefox 31.0esr
[34m[1mPhantomJS version[0m
1.9.8
[34m[1mant -version[0m
Apache Ant(TM) version 1.8.2 compiled on December 3 2011
[34m[1mmvn -version[0m
Apache Maven 3.2.5 (12a6b3acb947671f09b81f49094c53f426d8cea1; 2014-12-14T17:29:23+00:00)
Maven home: /usr/local/maven
Java version: 1.7.0_76, vendor: Oracle Corporation
Java home: /usr/lib/jvm/java-7-oracle/jre
Default locale: en_US, platform encoding: ANSI_X3.4-1968
OS name: "linux", version: "3.13.0-29-generic", arch: "amd64", family: "unix"
travis_fold:end:system_info[0K
grep: /etc/apt/sources.list.d/*: No such file or directory
sed: cannot rename /etc/hosts: Device or resource busy
sed: cannot rename /etc/hosts: Device or resource busy
[33;1mpypy-5.4.1 is not installed; attempting download[0m
[33;1mDownloading archive: https://s3.amazonaws.com/travis-python-archives/binaries/ubuntu/12.04/x86_64/pypy-5.4.1.tar.bz2[0m
$ sudo tar xjf pypy-5.4.1.tar.bz2 --directory /
$ cd passed/paramiko/paramiko
travis_time:start:2c681f10[0K$ source ~/virtualenv/pypy-5.4.1/bin/activate

travis_time:end:2c681f10:start=1616926359559647803,finish=1616926359569233076,duration=9585273[0Ktravis_fold:start:cache.1[0KSetting up build cache
$ export CASHER_DIR=$HOME/.casher
travis_time:start:00a96faa[0K$ Installing caching utilities

travis_time:end:00a96faa:start=1616926359968504290,finish=1616926360035159978,duration=66655688[0Ktravis_time:start:17ac1149[0K
travis_time:end:17ac1149:start=1616926360048002448,finish=1616926360056457730,duration=8455282[0Ktravis_time:start:064ac79c[0K/home/travis/.casher/bin/casher:213:in `cache_archive_name': undefined method `[]' for nil:NilClass (NoMethodError)
	from /home/travis/.casher/bin/casher:65:in `block in fetch'
	from /home/travis/.casher/bin/casher:64:in `each'
	from /home/travis/.casher/bin/casher:64:in `fetch'
	from /home/travis/.casher/bin/casher:53:in `block in run'
	from /home/travis/.rvm/rubies/ruby-1.9.3-p551/lib/ruby/1.9.1/timeout.rb:69:in `timeout'
	from /home/travis/.casher/bin/casher:53:in `run'
	from /home/travis/.casher/bin/casher:263:in `<main>'
[32;1mattempting to download cache archive[0m

travis_time:end:064ac79c:start=1616926360066725919,finish=1616926360871480570,duration=804754651[0Ktravis_time:start:06737649[0K
travis_time:end:06737649:start=1616926360883445728,finish=1616926360893175334,duration=9729606[0Ktravis_time:start:05319850[0K[32;1madding /home/travis/.cache/pip to cache[0m

travis_time:end:05319850:start=1616926360904487116,finish=1616926361697242251,duration=792755135[0Ktravis_fold:end:cache.1[0K$ python --version
Python 2.7.10 (c95650101a99, Sep 06 2016, 11:10:29)
[PyPy 5.4.1 with GCC 4.8.2]
$ pip --version
pip 9.0.1 from /home/travis/virtualenv/pypy-5.4.1/site-packages (python 2.7)
travis_fold:start:install.1[0Ktravis_time:start:04e5a15c[0K$ pip install -e .
Obtaining file:///home/travis/build/passed/paramiko/paramiko
Collecting bcrypt>=3.0.0 (from paramiko==2.1.2)
  Downloading https://files.pythonhosted.org/packages/fa/aa/025a3ab62469b5167bc397837c9ffc486c42a97ef12ceaa6699d8f5a5416/bcrypt-3.1.7.tar.gz (42kB)
Collecting cryptography>=1.1 (from paramiko==2.1.2)
  Downloading https://files.pythonhosted.org/packages/d4/85/38715448253404186029c575d559879912eb8a1c5d16ad9f25d35f7c4f4c/cryptography-3.3.2.tar.gz (539kB)
Collecting pynacl>=1.0.1 (from paramiko==2.1.2)
  Downloading https://files.pythonhosted.org/packages/cf/5a/25aeb636baeceab15c8e57e66b8aa930c011ec1c035f284170cacb05025e/PyNaCl-1.4.0.tar.gz (3.4MB)
Collecting pyasn1>=0.1.7 (from paramiko==2.1.2)
  Downloading https://files.pythonhosted.org/packages/62/1e/a94a8d635fa3ce4cfc7f506003548d0a2447ae76fd5ca53932970fe3053f/pyasn1-0.4.8-py2.py3-none-any.whl (77kB)
Requirement already satisfied: cffi>=1.1 in /opt/python/pypy-5.4.1/lib_pypy (from bcrypt>=3.0.0->paramiko==2.1.2)
Requirement already satisfied: six>=1.4.1 in /home/travis/virtualenv/pypy-5.4.1/site-packages (from bcrypt>=3.0.0->paramiko==2.1.2)
Collecting enum34 (from cryptography>=1.1->paramiko==2.1.2)
  Downloading https://files.pythonhosted.org/packages/6f/2c/a9386903ece2ea85e9807e0e062174dc26fdce8b05f216d00491be29fad5/enum34-1.1.10-py2-none-any.whl
Collecting ipaddress (from cryptography>=1.1->paramiko==2.1.2)
  Downloading https://files.pythonhosted.org/packages/c2/f8/49697181b1651d8347d24c095ce46c7346c37335ddc7d255833e7cde674d/ipaddress-1.0.23-py2.py3-none-any.whl
Building wheels for collected packages: bcrypt, cryptography, pynacl
  Running setup.py bdist_wheel for bcrypt: started
  Running setup.py bdist_wheel for bcrypt: finished with status 'done'
  Stored in directory: /home/travis/.cache/pip/wheels/ae/b1/2c/dc178774d435228aff4679c4837de4d5ee1dd5568a370fc79c
  Running setup.py bdist_wheel for cryptography: started
  Running setup.py bdist_wheel for cryptography: finished with status 'error'
  Complete output from command /home/travis/virtualenv/pypy-5.4.1/bin/python -u -c "import setuptools, tokenize;__file__='/tmp/pip-build-AzxqBb/cryptography/setup.py';f=getattr(tokenize, 'open', open)(__file__);code=f.read().replace('\r\n', '\n');f.close();exec(compile(code, __file__, 'exec'))" bdist_wheel -d /tmp/tmpTa2Dp8pip-wheel- --python-tag pp254:
  /opt/python/pypy-5.4.1/lib-python/2.7/distutils/dist.py:267: UserWarning: Unknown distribution option: 'long_description_content_type'
    warnings.warn(msg)
  running bdist_wheel
  running build
  running build_py
  creating build
  creating build/lib.linux-x86_64-2.7
  creating build/lib.linux-x86_64-2.7/cryptography
  copying src/cryptography/__about__.py -> build/lib.linux-x86_64-2.7/cryptography
  copying src/cryptography/__init__.py -> build/lib.linux-x86_64-2.7/cryptography
  copying src/cryptography/exceptions.py -> build/lib.linux-x86_64-2.7/cryptography
  copying src/cryptography/fernet.py -> build/lib.linux-x86_64-2.7/cryptography
  copying src/cryptography/utils.py -> build/lib.linux-x86_64-2.7/cryptography
  creating build/lib.linux-x86_64-2.7/cryptography/hazmat
  copying src/cryptography/hazmat/__init__.py -> build/lib.linux-x86_64-2.7/cryptography/hazmat
  copying src/cryptography/hazmat/_der.py -> build/lib.linux-x86_64-2.7/cryptography/hazmat
  copying src/cryptography/hazmat/_oid.py -> build/lib.linux-x86_64-2.7/cryptography/hazmat
  creating build/lib.linux-x86_64-2.7/cryptography/x509
  copying src/cryptography/x509/__init__.py -> build/lib.linux-x86_64-2.7/cryptography/x509
  copying src/cryptography/x509/base.py -> build/lib.linux-x86_64-2.7/cryptography/x509
  copying src/cryptography/x509/certificate_transparency.py -> build/lib.linux-x86_64-2.7/cryptography/x509
  copying src/cryptography/x509/extensions.py -> build/lib.linux-x86_64-2.7/cryptography/x509
  copying src/cryptography/x509/general_name.py -> build/lib.linux-x86_64-2.7/cryptography/x509
  copying src/cryptography/x509/name.py -> build/lib.linux-x86_64-2.7/cryptography/x509
  copying src/cryptography/x509/ocsp.py -> build/lib.linux-x86_64-2.7/cryptography/x509
  copying src/cryptography/x509/oid.py -> build/lib.linux-x86_64-2.7/cryptography/x509
  creating build/lib.linux-x86_64-2.7/cryptography/hazmat/backends
  copying src/cryptography/hazmat/backends/__init__.py -> build/lib.linux-x86_64-2.7/cryptography/hazmat/backends
  copying src/cryptography/hazmat/backends/interfaces.py -> build/lib.linux-x86_64-2.7/cryptography/hazmat/backends
  creating build/lib.linux-x86_64-2.7/cryptography/hazmat/bindings
  copying src/cryptography/hazmat/bindings/__init__.py -> build/lib.linux-x86_64-2.7/cryptography/hazmat/bindings
  creating build/lib.linux-x86_64-2.7/cryptography/hazmat/primitives
  copying src/cryptography/hazmat/primitives/__init__.py -> build/lib.linux-x86_64-2.7/cryptography/hazmat/primitives
  copying src/cryptography/hazmat/primitives/cmac.py -> build/lib.linux-x86_64-2.7/cryptography/hazmat/primitives
  copying src/cryptography/hazmat/primitives/constant_time.py -> build/lib.linux-x86_64-2.7/cryptography/hazmat/primitives
  copying src/cryptography/hazmat/primitives/hashes.py -> build/lib.linux-x86_64-2.7/cryptography/hazmat/primitives
  copying src/cryptography/hazmat/primitives/hmac.py -> build/lib.linux-x86_64-2.7/cryptography/hazmat/primitives
  copying src/cryptography/hazmat/primitives/keywrap.py -> build/lib.linux-x86_64-2.7/cryptography/hazmat/primitives
  copying src/cryptography/hazmat/primitives/padding.py -> build/lib.linux-x86_64-2.7/cryptography/hazmat/primitives
  copying src/cryptography/hazmat/primitives/poly1305.py -> build/lib.linux-x86_64-2.7/cryptography/hazmat/primitives
  creating build/lib.linux-x86_64-2.7/cryptography/hazmat/backends/openssl
  copying src/cryptography/hazmat/backends/openssl/__init__.py -> build/lib.linux-x86_64-2.7/cryptography/hazmat/backends/openssl
  copying src/cryptography/hazmat/backends/openssl/aead.py -> build/lib.linux-x86_64-2.7/cryptography/hazmat/backends/openssl
  copying src/cryptography/hazmat/backends/openssl/backend.py -> build/lib.linux-x86_64-2.7/cryptography/hazmat/backends/openssl
  copying src/cryptography/hazmat/backends/openssl/ciphers.py -> build/lib.linux-x86_64-2.7/cryptography/hazmat/backends/openssl
  copying src/cryptography/hazmat/backends/openssl/cmac.py -> build/lib.linux-x86_64-2.7/cryptography/hazmat/backends/openssl
  copying src/cryptography/hazmat/backends/openssl/decode_asn1.py -> build/lib.linux-x86_64-2.7/cryptography/hazmat/backends/openssl
  copying src/cryptography/hazmat/backends/openssl/dh.py -> build/lib.linux-x86_64-2.7/cryptography/hazmat/backends/openssl
  copying src/cryptography/hazmat/backends/openssl/dsa.py -> build/lib.linux-x86_64-2.7/cryptography/hazmat/backends/openssl
  copying src/cryptography/hazmat/backends/openssl/ec.py -> build/lib.linux-x86_64-2.7/cryptography/hazmat/backends/openssl
  copying src/cryptography/hazmat/backends/openssl/ed25519.py -> build/lib.linux-x86_64-2.7/cryptography/hazmat/backends/openssl
  copying src/cryptography/hazmat/backends/openssl/ed448.py -> build/lib.linux-x86_64-2.7/cryptography/hazmat/backends/openssl
  copying src/cryptography/hazmat/backends/openssl/encode_asn1.py -> build/lib.linux-x86_64-2.7/cryptography/hazmat/backends/openssl
  copying src/cryptography/hazmat/backends/openssl/hashes.py -> build/lib.linux-x86_64-2.7/cryptography/hazmat/backends/openssl
  copying src/cryptography/hazmat/backends/openssl/hmac.py -> build/lib.linux-x86_64-2.7/cryptography/hazmat/backends/openssl
  copying src/cryptography/hazmat/backends/openssl/ocsp.py -> build/lib.linux-x86_64-2.7/cryptography/hazmat/backends/openssl
  copying src/cryptography/hazmat/backends/openssl/poly1305.py -> build/lib.linux-x86_64-2.7/cryptography/hazmat/backends/openssl
  copying src/cryptography/hazmat/backends/openssl/rsa.py -> build/lib.linux-x86_64-2.7/cryptography/hazmat/backends/openssl
  copying src/cryptography/hazmat/backends/openssl/utils.py -> build/lib.linux-x86_64-2.7/cryptography/hazmat/backends/openssl
  copying src/cryptography/hazmat/backends/openssl/x25519.py -> build/lib.linux-x86_64-2.7/cryptography/hazmat/backends/openssl
  copying src/cryptography/hazmat/backends/openssl/x448.py -> build/lib.linux-x86_64-2.7/cryptography/hazmat/backends/openssl
  copying src/cryptography/hazmat/backends/openssl/x509.py -> build/lib.linux-x86_64-2.7/cryptography/hazmat/backends/openssl
  creating build/lib.linux-x86_64-2.7/cryptography/hazmat/bindings/openssl
  copying src/cryptography/hazmat/bindings/openssl/__init__.py -> build/lib.linux-x86_64-2.7/cryptography/hazmat/bindings/openssl
  copying src/cryptography/hazmat/bindings/openssl/_conditional.py -> build/lib.linux-x86_64-2.7/cryptography/hazmat/bindings/openssl
  copying src/cryptography/hazmat/bindings/openssl/binding.py -> build/lib.linux-x86_64-2.7/cryptography/hazmat/bindings/openssl
  creating build/lib.linux-x86_64-2.7/cryptography/hazmat/primitives/asymmetric
  copying src/cryptography/hazmat/primitives/asymmetric/__init__.py -> build/lib.linux-x86_64-2.7/cryptography/hazmat/primitives/asymmetric
  copying src/cryptography/hazmat/primitives/asymmetric/dh.py -> build/lib.linux-x86_64-2.7/cryptography/hazmat/primitives/asymmetric
  copying src/cryptography/hazmat/primitives/asymmetric/dsa.py -> build/lib.linux-x86_64-2.7/cryptography/hazmat/primitives/asymmetric
  copying src/cryptography/hazmat/primitives/asymmetric/ec.py -> build/lib.linux-x86_64-2.7/cryptography/hazmat/primitives/asymmetric
  copying src/cryptography/hazmat/primitives/asymmetric/ed25519.py -> build/lib.linux-x86_64-2.7/cryptography/hazmat/primitives/asymmetric
  copying src/cryptography/hazmat/primitives/asymmetric/ed448.py -> build/lib.linux-x86_64-2.7/cryptography/hazmat/primitives/asymmetric
  copying src/cryptography/hazmat/primitives/asymmetric/padding.py -> build/lib.linux-x86_64-2.7/cryptography/hazmat/primitives/asymmetric
  copying src/cryptography/hazmat/primitives/asymmetric/rsa.py -> build/lib.linux-x86_64-2.7/cryptography/hazmat/primitives/asymmetric
  copying src/cryptography/hazmat/primitives/asymmetric/utils.py -> build/lib.linux-x86_64-2.7/cryptography/hazmat/primitives/asymmetric
  copying src/cryptography/hazmat/primitives/asymmetric/x25519.py -> build/lib.linux-x86_64-2.7/cryptography/hazmat/primitives/asymmetric
  copying src/cryptography/hazmat/primitives/asymmetric/x448.py -> build/lib.linux-x86_64-2.7/cryptography/hazmat/primitives/asymmetric
  creating build/lib.linux-x86_64-2.7/cryptography/hazmat/primitives/ciphers
  copying src/cryptography/hazmat/primitives/ciphers/__init__.py -> build/lib.linux-x86_64-2.7/cryptography/hazmat/primitives/ciphers
  copying src/cryptography/hazmat/primitives/ciphers/aead.py -> build/lib.linux-x86_64-2.7/cryptography/hazmat/primitives/ciphers
  copying src/cryptography/hazmat/primitives/ciphers/algorithms.py -> build/lib.linux-x86_64-2.7/cryptography/hazmat/primitives/ciphers
  copying src/cryptography/hazmat/primitives/ciphers/base.py -> build/lib.linux-x86_64-2.7/cryptography/hazmat/primitives/ciphers
  copying src/cryptography/hazmat/primitives/ciphers/modes.py -> build/lib.linux-x86_64-2.7/cryptography/hazmat/primitives/ciphers
  creating build/lib.linux-x86_64-2.7/cryptography/hazmat/primitives/kdf
  copying src/cryptography/hazmat/primitives/kdf/__init__.py -> build/lib.linux-x86_64-2.7/cryptography/hazmat/primitives/kdf
  copying src/cryptography/hazmat/primitives/kdf/concatkdf.py -> build/lib.linux-x86_64-2.7/cryptography/hazmat/primitives/kdf
  copying src/cryptography/hazmat/primitives/kdf/hkdf.py -> build/lib.linux-x86_64-2.7/cryptography/hazmat/primitives/kdf
  copying src/cryptography/hazmat/primitives/kdf/kbkdf.py -> build/lib.linux-x86_64-2.7/cryptography/hazmat/primitives/kdf
  copying src/cryptography/hazmat/primitives/kdf/pbkdf2.py -> build/lib.linux-x86_64-2.7/cryptography/hazmat/primitives/kdf
  copying src/cryptography/hazmat/primitives/kdf/scrypt.py -> build/lib.linux-x86_64-2.7/cryptography/hazmat/primitives/kdf
  copying src/cryptography/hazmat/primitives/kdf/x963kdf.py -> build/lib.linux-x86_64-2.7/cryptography/hazmat/primitives/kdf
  creating build/lib.linux-x86_64-2.7/cryptography/hazmat/primitives/serialization
  copying src/cryptography/hazmat/primitives/serialization/__init__.py -> build/lib.linux-x86_64-2.7/cryptography/hazmat/primitives/serialization
  copying src/cryptography/hazmat/primitives/serialization/base.py -> build/lib.linux-x86_64-2.7/cryptography/hazmat/primitives/serialization
  copying src/cryptography/hazmat/primitives/serialization/pkcs12.py -> build/lib.linux-x86_64-2.7/cryptography/hazmat/primitives/serialization
  copying src/cryptography/hazmat/primitives/serialization/pkcs7.py -> build/lib.linux-x86_64-2.7/cryptography/hazmat/primitives/serialization
  copying src/cryptography/hazmat/primitives/serialization/ssh.py -> build/lib.linux-x86_64-2.7/cryptography/hazmat/primitives/serialization
  creating build/lib.linux-x86_64-2.7/cryptography/hazmat/primitives/twofactor
  copying src/cryptography/hazmat/primitives/twofactor/__init__.py -> build/lib.linux-x86_64-2.7/cryptography/hazmat/primitives/twofactor
  copying src/cryptography/hazmat/primitives/twofactor/hotp.py -> build/lib.linux-x86_64-2.7/cryptography/hazmat/primitives/twofactor
  copying src/cryptography/hazmat/primitives/twofactor/totp.py -> build/lib.linux-x86_64-2.7/cryptography/hazmat/primitives/twofactor
  copying src/cryptography/hazmat/primitives/twofactor/utils.py -> build/lib.linux-x86_64-2.7/cryptography/hazmat/primitives/twofactor
  running egg_info
  writing src/cryptography.egg-info/PKG-INFO
  writing dependency_links to src/cryptography.egg-info/dependency_links.txt
  writing requirements to src/cryptography.egg-info/requires.txt
  writing top-level names to src/cryptography.egg-info/top_level.txt
  warning: manifest_maker: standard file '-c' not found
  
  reading manifest file 'src/cryptography.egg-info/SOURCES.txt'
  reading manifest template 'MANIFEST.in'
  no previously-included directories found matching 'docs/_build'
  warning: no previously-included files found matching 'vectors'
  warning: no previously-included files matching '*' found under directory 'vectors'
  warning: no previously-included files matching '*' found under directory '.github'
  warning: no previously-included files found matching 'release.py'
  warning: no previously-included files found matching '.coveragerc'
  warning: no previously-included files found matching 'codecov.yml'
  warning: no previously-included files found matching '.readthedocs.yml'
  warning: no previously-included files found matching 'dev-requirements.txt'
  warning: no previously-included files found matching 'rtd-requirements.txt'
  warning: no previously-included files found matching 'tox.ini'
  warning: no previously-included files matching '*' found under directory '.zuul.d'
  warning: no previously-included files matching '*' found under directory '.zuul.playbooks'
  writing manifest file 'src/cryptography.egg-info/SOURCES.txt'
  running build_ext
  generating cffi module 'build/temp.linux-x86_64-2.7/_padding.c'
  creating build/temp.linux-x86_64-2.7
  generating cffi module 'build/temp.linux-x86_64-2.7/_openssl.c'
  building '_openssl' extension
  creating build/temp.linux-x86_64-2.7/build
  creating build/temp.linux-x86_64-2.7/build/temp.linux-x86_64-2.7
  cc -O2 -fPIC -Wimplicit -O2 -fPIC -Wimplicit -I/home/travis/virtualenv/pypy-5.4.1/include -c build/temp.linux-x86_64-2.7/_openssl.c -o build/temp.linux-x86_64-2.7/build/temp.linux-x86_64-2.7/_openssl.o -Wconversion -Wno-error=sign-conversion
  build/temp.linux-x86_64-2.7/_openssl.c: In function â€˜Cryptography_CRYPTO_set_mem_functionsâ€™:
  build/temp.linux-x86_64-2.7/_openssl.c:805:5: warning: passing argument 1 of â€˜CRYPTO_set_mem_functionsâ€™ from incompatible pointer type [enabled by default]
  /usr/include/openssl/crypto.h:465:5: note: expected â€˜void * (*)(size_t)â€™ but argument is of type â€˜void * (*)(size_t,  const char *, int)â€™
  build/temp.linux-x86_64-2.7/_openssl.c:805:5: warning: passing argument 2 of â€˜CRYPTO_set_mem_functionsâ€™ from incompatible pointer type [enabled by default]
  /usr/include/openssl/crypto.h:465:5: note: expected â€˜void * (*)(void *, size_t)â€™ but argument is of type â€˜void * (*)(void *, size_t,  const char *, int)â€™
  build/temp.linux-x86_64-2.7/_openssl.c:805:5: warning: passing argument 3 of â€˜CRYPTO_set_mem_functionsâ€™ from incompatible pointer type [enabled by default]
  /usr/include/openssl/crypto.h:465:5: note: expected â€˜void (*)(void *)â€™ but argument is of type â€˜void (*)(void *, const char *, int)â€™
  build/temp.linux-x86_64-2.7/_openssl.c: In function â€˜Cryptography_EVP_MD_CTX_newâ€™:
  build/temp.linux-x86_64-2.7/_openssl.c:1065:5: warning: implicit declaration of function â€˜EVP_MD_CTX_newâ€™ [-Wimplicit-function-declaration]
  build/temp.linux-x86_64-2.7/_openssl.c:1065:5: warning: return makes pointer from integer without a cast [enabled by default]
  build/temp.linux-x86_64-2.7/_openssl.c: In function â€˜Cryptography_EVP_MD_CTX_freeâ€™:
  build/temp.linux-x86_64-2.7/_openssl.c:1068:5: warning: implicit declaration of function â€˜EVP_MD_CTX_freeâ€™ [-Wimplicit-function-declaration]
  build/temp.linux-x86_64-2.7/_openssl.c: At top level:
  build/temp.linux-x86_64-2.7/_openssl.c:1193:8: error: redefinition of â€˜struct ocsp_responder_id_stâ€™
  /usr/include/openssl/ossl_typ.h:200:16: note: originally defined here
  build/temp.linux-x86_64-2.7/_openssl.c:1200:8: error: redefinition of â€˜struct ocsp_response_data_stâ€™
  /usr/include/openssl/ocsp.h:272:16: note: originally defined here
  build/temp.linux-x86_64-2.7/_openssl.c:1207:8: error: redefinition of â€˜struct ocsp_basic_response_stâ€™
  /usr/include/openssl/ocsp.h:303:16: note: originally defined here
  build/temp.linux-x86_64-2.7/_openssl.c: In function â€˜OCSP_resp_get0_tbs_sigalgâ€™:
  build/temp.linux-x86_64-2.7/_openssl.c:1260:5: warning: return from incompatible pointer type [enabled by default]
  build/temp.linux-x86_64-2.7/_openssl.c: In function â€˜OCSP_resp_get0_respdataâ€™:
  build/temp.linux-x86_64-2.7/_openssl.c:1269:5: warning: return from incompatible pointer type [enabled by default]
  build/temp.linux-x86_64-2.7/_openssl.c: At top level:
  build/temp.linux-x86_64-2.7/_openssl.c:2021:19: error: expected identifier or â€˜(â€™ before numeric constant
  build/temp.linux-x86_64-2.7/_openssl.c:2022:19: error: expected identifier or â€˜(â€™ before numeric constant
  build/temp.linux-x86_64-2.7/_openssl.c:2023:19: error: expected identifier or â€˜(â€™ before numeric constant
  build/temp.linux-x86_64-2.7/_openssl.c:2024:19: error: expected identifier or â€˜(â€™ before numeric constant
  build/temp.linux-x86_64-2.7/_openssl.c: In function â€˜Cryptography_X509_REVOKED_dupâ€™:
  build/temp.linux-x86_64-2.7/_openssl.c:2172:5: warning: implicit declaration of function â€˜X509_REVOKED_dupâ€™ [-Wimplicit-function-declaration]
  build/temp.linux-x86_64-2.7/_openssl.c:2172:5: warning: return makes pointer from integer without a cast [enabled by default]
  build/temp.linux-x86_64-2.7/_openssl.c: In function â€˜Cryptography_pem_password_cbâ€™:
  build/temp.linux-x86_64-2.7/_openssl.c:2248:37: warning: conversion to â€˜size_tâ€™ from â€˜intâ€™ may change the sign of the result [-Wsign-conversion]
  build/temp.linux-x86_64-2.7/_openssl.c: In function â€˜_cffi_const_EVP_PKEY_X25519â€™:
  build/temp.linux-x86_64-2.7/_openssl.c:6248:12: error: â€˜NID_X25519â€™ undeclared (first use in this function)
  build/temp.linux-x86_64-2.7/_openssl.c:6248:12: note: each undeclared identifier is reported only once for each function it appears in
  build/temp.linux-x86_64-2.7/_openssl.c: In function â€˜_cffi_const_EVP_PKEY_X448â€™:
  build/temp.linux-x86_64-2.7/_openssl.c:6255:12: error: â€˜NID_X448â€™ undeclared (first use in this function)
  build/temp.linux-x86_64-2.7/_openssl.c: In function â€˜_cffi_const_NID_X25519â€™:
  build/temp.linux-x86_64-2.7/_openssl.c:6374:12: error: â€˜NID_X25519â€™ undeclared (first use in this function)
  build/temp.linux-x86_64-2.7/_openssl.c: In function â€˜_cffi_const_NID_X448â€™:
  build/temp.linux-x86_64-2.7/_openssl.c:6381:12: error: â€˜NID_X448â€™ undeclared (first use in this function)
  build/temp.linux-x86_64-2.7/_openssl.c: In function â€˜_cffi_const_SSL_OP_NO_DTLSv1â€™:
  build/temp.linux-x86_64-2.7/_openssl.c:6974:12: error: â€˜SSL_OP_NO_DTLSv1â€™ undeclared (first use in this function)
  build/temp.linux-x86_64-2.7/_openssl.c: In function â€˜_cffi_const_SSL_OP_NO_DTLSv1_2â€™:
  build/temp.linux-x86_64-2.7/_openssl.c:6981:12: error: â€˜SSL_OP_NO_DTLSv1_2â€™ undeclared (first use in this function)
  build/temp.linux-x86_64-2.7/_openssl.c: In function â€˜_cffi_const_TLS_ST_BEFOREâ€™:
  build/temp.linux-x86_64-2.7/_openssl.c:7296:12: error: â€˜TLS_ST_BEFOREâ€™ undeclared (first use in this function)
  build/temp.linux-x86_64-2.7/_openssl.c: In function â€˜_cffi_const_TLS_ST_OKâ€™:
  build/temp.linux-x86_64-2.7/_openssl.c:7303:12: error: â€˜TLS_ST_OKâ€™ undeclared (first use in this function)
  build/temp.linux-x86_64-2.7/_openssl.c: In function â€˜_cffi_const_X509_CHECK_FLAG_ALWAYS_CHECK_SUBJECTâ€™:
  build/temp.linux-x86_64-2.7/_openssl.c:7317:12: error: â€˜X509_CHECK_FLAG_ALWAYS_CHECK_SUBJECTâ€™ undeclared (first use in this function)
  build/temp.linux-x86_64-2.7/_openssl.c: In function â€˜_cffi_const_X509_CHECK_FLAG_MULTI_LABEL_WILDCARDSâ€™:
  build/temp.linux-x86_64-2.7/_openssl.c:7324:12: error: â€˜X509_CHECK_FLAG_MULTI_LABEL_WILDCARDSâ€™ undeclared (first use in this function)
  build/temp.linux-x86_64-2.7/_openssl.c: In function â€˜_cffi_const_X509_CHECK_FLAG_NEVER_CHECK_SUBJECTâ€™:
  build/temp.linux-x86_64-2.7/_openssl.c:7331:12: error: â€˜X509_CHECK_FLAG_NEVER_CHECK_SUBJECTâ€™ undeclared (first use in this function)
  build/temp.linux-x86_64-2.7/_openssl.c: In function â€˜_cffi_const_X509_CHECK_FLAG_NO_PARTIAL_WILDCARDSâ€™:
  build/temp.linux-x86_64-2.7/_openssl.c:7338:12: error: â€˜X509_CHECK_FLAG_NO_PARTIAL_WILDCARDSâ€™ undeclared (first use in this function)
  build/temp.linux-x86_64-2.7/_openssl.c: In function â€˜_cffi_const_X509_CHECK_FLAG_NO_WILDCARDSâ€™:
  build/temp.linux-x86_64-2.7/_openssl.c:7345:12: error: â€˜X509_CHECK_FLAG_NO_WILDCARDSâ€™ undeclared (first use in this function)
  build/temp.linux-x86_64-2.7/_openssl.c: In function â€˜_cffi_const_X509_CHECK_FLAG_SINGLE_LABEL_SUBDOMAINSâ€™:
  build/temp.linux-x86_64-2.7/_openssl.c:7352:12: error: â€˜X509_CHECK_FLAG_SINGLE_LABEL_SUBDOMAINSâ€™ undeclared (first use in this function)
  build/temp.linux-x86_64-2.7/_openssl.c: In function â€˜_cffi_const_X509_V_ERR_EMAIL_MISMATCHâ€™:
  build/temp.linux-x86_64-2.7/_openssl.c:7492:12: error: â€˜X509_V_ERR_EMAIL_MISMATCHâ€™ undeclared (first use in this function)
  build/temp.linux-x86_64-2.7/_openssl.c: In function â€˜_cffi_const_X509_V_ERR_HOSTNAME_MISMATCHâ€™:
  build/temp.linux-x86_64-2.7/_openssl.c:7534:12: error: â€˜X509_V_ERR_HOSTNAME_MISMATCHâ€™ undeclared (first use in this function)
  build/temp.linux-x86_64-2.7/_openssl.c: In function â€˜_cffi_const_X509_V_ERR_IP_ADDRESS_MISMATCHâ€™:
  build/temp.linux-x86_64-2.7/_openssl.c:7576:12: error: â€˜X509_V_ERR_IP_ADDRESS_MISMATCHâ€™ undeclared (first use in this function)
  build/temp.linux-x86_64-2.7/_openssl.c: In function â€˜_cffi_const_X509_V_ERR_SUITE_B_CANNOT_SIGN_P_384_WITH_P_256â€™:
  build/temp.linux-x86_64-2.7/_openssl.c:7667:12: error: â€˜X509_V_ERR_SUITE_B_CANNOT_SIGN_P_384_WITH_P_256â€™ undeclared (first use in this function)
  build/temp.linux-x86_64-2.7/_openssl.c: In function â€˜_cffi_const_X509_V_ERR_SUITE_B_INVALID_ALGORITHMâ€™:
  build/temp.linux-x86_64-2.7/_openssl.c:7674:12: error: â€˜X509_V_ERR_SUITE_B_INVALID_ALGORITHMâ€™ undeclared (first use in this function)
  build/temp.linux-x86_64-2.7/_openssl.c: In function â€˜_cffi_const_X509_V_ERR_SUITE_B_INVALID_CURVEâ€™:
  build/temp.linux-x86_64-2.7/_openssl.c:7681:12: error: â€˜X509_V_ERR_SUITE_B_INVALID_CURVEâ€™ undeclared (first use in this function)
  build/temp.linux-x86_64-2.7/_openssl.c: In function â€˜_cffi_const_X509_V_ERR_SUITE_B_INVALID_SIGNATURE_ALGORITHMâ€™:
  build/temp.linux-x86_64-2.7/_openssl.c:7688:12: error: â€˜X509_V_ERR_SUITE_B_INVALID_SIGNATURE_ALGORITHMâ€™ undeclared (first use in this function)
  build/temp.linux-x86_64-2.7/_openssl.c: In function â€˜_cffi_const_X509_V_ERR_SUITE_B_INVALID_VERSIONâ€™:
  build/temp.linux-x86_64-2.7/_openssl.c:7695:12: error: â€˜X509_V_ERR_SUITE_B_INVALID_VERSIONâ€™ undeclared (first use in this function)
  build/temp.linux-x86_64-2.7/_openssl.c: In function â€˜_cffi_const_X509_V_ERR_SUITE_B_LOS_NOT_ALLOWEDâ€™:
  build/temp.linux-x86_64-2.7/_openssl.c:7702:12: error: â€˜X509_V_ERR_SUITE_B_LOS_NOT_ALLOWEDâ€™ undeclared (first use in this function)
  build/temp.linux-x86_64-2.7/_openssl.c: In function â€˜_cffi_const_X509_V_FLAG_PARTIAL_CHAINâ€™:
  build/temp.linux-x86_64-2.7/_openssl.c:7891:12: error: â€˜X509_V_FLAG_PARTIAL_CHAINâ€™ undeclared (first use in this function)
  build/temp.linux-x86_64-2.7/_openssl.c: In function â€˜_cffi_const_X509_V_FLAG_SUITEB_128_LOSâ€™:
  build/temp.linux-x86_64-2.7/_openssl.c:7905:12: error: â€˜X509_V_FLAG_SUITEB_128_LOSâ€™ undeclared (first use in this function)
  build/temp.linux-x86_64-2.7/_openssl.c: In function â€˜_cffi_const_X509_V_FLAG_SUITEB_128_LOS_ONLYâ€™:
  build/temp.linux-x86_64-2.7/_openssl.c:7912:12: error: â€˜X509_V_FLAG_SUITEB_128_LOS_ONLYâ€™ undeclared (first use in this function)
  build/temp.linux-x86_64-2.7/_openssl.c: In function â€˜_cffi_const_X509_V_FLAG_SUITEB_192_LOSâ€™:
  build/temp.linux-x86_64-2.7/_openssl.c:7919:12: error: â€˜X509_V_FLAG_SUITEB_192_LOSâ€™ undeclared (first use in this function)
  build/temp.linux-x86_64-2.7/_openssl.c: In function â€˜_cffi_const_X509_V_FLAG_TRUSTED_FIRSTâ€™:
  build/temp.linux-x86_64-2.7/_openssl.c:7926:12: error: â€˜X509_V_FLAG_TRUSTED_FIRSTâ€™ undeclared (first use in this function)
  build/temp.linux-x86_64-2.7/_openssl.c: In function â€˜_cffi_d_BIO_new_mem_bufâ€™:
  build/temp.linux-x86_64-2.7/_openssl.c:9896:3: warning: passing argument 1 of â€˜BIO_new_mem_bufâ€™ discards â€˜constâ€™ qualifier from pointer target type [enabled by default]
  /usr/include/openssl/bio.h:668:6: note: expected â€˜void *â€™ but argument is of type â€˜const void *â€™
  build/temp.linux-x86_64-2.7/_openssl.c: In function â€˜_cffi_d_BIO_up_refâ€™:
  build/temp.linux-x86_64-2.7/_openssl.c:10311:3: warning: implicit declaration of function â€˜BIO_up_refâ€™ [-Wimplicit-function-declaration]
  build/temp.linux-x86_64-2.7/_openssl.c: In function â€˜_cffi_d_DH_get0_keyâ€™:
  build/temp.linux-x86_64-2.7/_openssl.c:13818:3: warning: implicit declaration of function â€˜DH_get0_keyâ€™ [-Wimplicit-function-declaration]
  build/temp.linux-x86_64-2.7/_openssl.c: In function â€˜_cffi_d_DH_get0_pqgâ€™:
  build/temp.linux-x86_64-2.7/_openssl.c:13884:3: warning: implicit declaration of function â€˜DH_get0_pqgâ€™ [-Wimplicit-function-declaration]
  build/temp.linux-x86_64-2.7/_openssl.c: In function â€˜_cffi_d_DH_set0_keyâ€™:
  build/temp.linux-x86_64-2.7/_openssl.c:13987:3: warning: implicit declaration of function â€˜DH_set0_keyâ€™ [-Wimplicit-function-declaration]
  build/temp.linux-x86_64-2.7/_openssl.c: In function â€˜_cffi_d_DH_set0_pqgâ€™:
  build/temp.linux-x86_64-2.7/_openssl.c:14053:3: warning: implicit declaration of function â€˜DH_set0_pqgâ€™ [-Wimplicit-function-declaration]
  build/temp.linux-x86_64-2.7/_openssl.c: In function â€˜_cffi_d_DSA_get0_keyâ€™:
  build/temp.linux-x86_64-2.7/_openssl.c:14500:3: warning: implicit declaration of function â€˜DSA_get0_keyâ€™ [-Wimplicit-function-declaration]
  build/temp.linux-x86_64-2.7/_openssl.c: In function â€˜_cffi_d_DSA_get0_pqgâ€™:
  build/temp.linux-x86_64-2.7/_openssl.c:14566:3: warning: implicit declaration of function â€˜DSA_get0_pqgâ€™ [-Wimplicit-function-declaration]
  build/temp.linux-x86_64-2.7/_openssl.c: In function â€˜_cffi_d_DSA_set0_keyâ€™:
  build/temp.linux-x86_64-2.7/_openssl.c:14669:3: warning: implicit declaration of function â€˜DSA_set0_keyâ€™ [-Wimplicit-function-declaration]
  build/temp.linux-x86_64-2.7/_openssl.c: In function â€˜_cffi_d_DSA_set0_pqgâ€™:
  build/temp.linux-x86_64-2.7/_openssl.c:14735:3: warning: implicit declaration of function â€˜DSA_set0_pqgâ€™ [-Wimplicit-function-declaration]
  build/temp.linux-x86_64-2.7/_openssl.c: In function â€˜_cffi_d_DTLS_client_methodâ€™:
  build/temp.linux-x86_64-2.7/_openssl.c:15061:3: warning: implicit declaration of function â€˜DTLS_client_methodâ€™ [-Wimplicit-function-declaration]
  build/temp.linux-x86_64-2.7/_openssl.c:15061:3: warning: return makes pointer from integer without a cast [enabled by default]
  build/temp.linux-x86_64-2.7/_openssl.c: In function â€˜_cffi_d_DTLS_get_link_min_mtuâ€™:
  build/temp.linux-x86_64-2.7/_openssl.c:15085:3: warning: implicit declaration of function â€˜DTLS_get_link_min_mtuâ€™ [-Wimplicit-function-declaration]
  build/temp.linux-x86_64-2.7/_openssl.c: In function â€˜_cffi_d_DTLS_methodâ€™:
  build/temp.linux-x86_64-2.7/_openssl.c:15121:3: warning: implicit declaration of function â€˜DTLS_methodâ€™ [-Wimplicit-function-declaration]
  build/temp.linux-x86_64-2.7/_openssl.c:15121:3: warning: return makes pointer from integer without a cast [enabled by default]
  build/temp.linux-x86_64-2.7/_openssl.c: In function â€˜_cffi_d_DTLS_server_methodâ€™:
  build/temp.linux-x86_64-2.7/_openssl.c:15145:3: warning: implicit declaration of function â€˜DTLS_server_methodâ€™ [-Wimplicit-function-declaration]
  build/temp.linux-x86_64-2.7/_openssl.c:15145:3: warning: return makes pointer from integer without a cast [enabled by default]
  build/temp.linux-x86_64-2.7/_openssl.c: In function â€˜_cffi_d_DTLS_set_link_mtuâ€™:
  build/temp.linux-x86_64-2.7/_openssl.c:15169:3: warning: implicit declaration of function â€˜DTLS_set_link_mtuâ€™ [-Wimplicit-function-declaration]
  build/temp.linux-x86_64-2.7/_openssl.c: In function â€˜_cffi_d_EC_curve_nid2nistâ€™:
  build/temp.linux-x86_64-2.7/_openssl.c:17875:3: warning: implicit declaration of function â€˜EC_curve_nid2nistâ€™ [-Wimplicit-function-declaration]
  build/temp.linux-x86_64-2.7/_openssl.c:17875:3: warning: return makes pointer from integer without a cast [enabled by default]
  build/temp.linux-x86_64-2.7/_openssl.c: In function â€˜_cffi_d_EVP_MD_CTX_newâ€™:
  build/temp.linux-x86_64-2.7/_openssl.c:20292:3: warning: return makes pointer from integer without a cast [enabled by default]
  build/temp.linux-x86_64-2.7/_openssl.c: In function â€˜_cffi_d_EVP_PBE_scryptâ€™:
  build/temp.linux-x86_64-2.7/_openssl.c:20316:3: warning: implicit declaration of function â€˜EVP_PBE_scryptâ€™ [-Wimplicit-function-declaration]
  build/temp.linux-x86_64-2.7/_openssl.c: In function â€˜_cffi_d_EVP_PKEY_CTX_set0_rsa_oaep_labelâ€™:
  build/temp.linux-x86_64-2.7/_openssl.c:20595:3: warning: implicit declaration of function â€˜EVP_PKEY_CTX_set0_rsa_oaep_labelâ€™ [-Wimplicit-function-declaration]
  build/temp.linux-x86_64-2.7/_openssl.c: In function â€˜_cffi_d_EVP_PKEY_CTX_set_rsa_oaep_mdâ€™:
  build/temp.linux-x86_64-2.7/_openssl.c:20707:3: warning: implicit declaration of function â€˜EVP_PKEY_CTX_set_rsa_oaep_mdâ€™ [-Wimplicit-function-declaration]
  build/temp.linux-x86_64-2.7/_openssl.c: In function â€˜_cffi_d_EVP_PKEY_get1_tls_encodedpointâ€™:
  build/temp.linux-x86_64-2.7/_openssl.c:21624:3: warning: implicit declaration of function â€˜EVP_PKEY_get1_tls_encodedpointâ€™ [-Wimplicit-function-declaration]
  build/temp.linux-x86_64-2.7/_openssl.c:21624:40: warning: conversion to â€˜size_tâ€™ from â€˜intâ€™ may change the sign of the result [-Wsign-conversion]
  build/temp.linux-x86_64-2.7/_openssl.c: In function â€˜_cffi_d_EVP_PKEY_set1_tls_encodedpointâ€™:
  build/temp.linux-x86_64-2.7/_openssl.c:22300:3: warning: implicit declaration of function â€˜EVP_PKEY_set1_tls_encodedpointâ€™ [-Wimplicit-function-declaration]
  build/temp.linux-x86_64-2.7/_openssl.c: In function â€˜_cffi_d_HMAC_CTX_freeâ€™:
  build/temp.linux-x86_64-2.7/_openssl.c:23574:3: warning: implicit declaration of function â€˜HMAC_CTX_freeâ€™ [-Wimplicit-function-declaration]
  build/temp.linux-x86_64-2.7/_openssl.c: In function â€˜_cffi_d_HMAC_CTX_newâ€™:
  build/temp.linux-x86_64-2.7/_openssl.c:23610:3: warning: implicit declaration of function â€˜HMAC_CTX_newâ€™ [-Wimplicit-function-declaration]
  build/temp.linux-x86_64-2.7/_openssl.c:23610:3: warning: return makes pointer from integer without a cast [enabled by default]
  build/temp.linux-x86_64-2.7/_openssl.c: In function â€˜_cffi_d_OCSP_SINGLERESP_get0_idâ€™:
  build/temp.linux-x86_64-2.7/_openssl.c:25123:3: warning: implicit declaration of function â€˜OCSP_SINGLERESP_get0_idâ€™ [-Wimplicit-function-declaration]
  build/temp.linux-x86_64-2.7/_openssl.c:25123:3: warning: return makes pointer from integer without a cast [enabled by default]
  build/temp.linux-x86_64-2.7/_openssl.c: In function â€˜_cffi_d_OCSP_cert_to_idâ€™:
  build/temp.linux-x86_64-2.7/_openssl.c:25496:3: warning: passing argument 2 of â€˜OCSP_cert_to_idâ€™ discards â€˜constâ€™ qualifier from pointer target type [enabled by default]
  /usr/include/openssl/ocsp.h:413:14: note: expected â€˜struct X509 *â€™ but argument is of type â€˜const struct X509 *â€™
  build/temp.linux-x86_64-2.7/_openssl.c:25496:3: warning: passing argument 3 of â€˜OCSP_cert_to_idâ€™ discards â€˜constâ€™ qualifier from pointer target type [enabled by default]
  /usr/include/openssl/ocsp.h:413:14: note: expected â€˜struct X509 *â€™ but argument is of type â€˜const struct X509 *â€™
  build/temp.linux-x86_64-2.7/_openssl.c: In function â€˜_cffi_d_OCSP_resp_get0_certsâ€™:
  build/temp.linux-x86_64-2.7/_openssl.c:25907:3: warning: implicit declaration of function â€˜OCSP_resp_get0_certsâ€™ [-Wimplicit-function-declaration]
  build/temp.linux-x86_64-2.7/_openssl.c:25907:3: warning: return makes pointer from integer without a cast [enabled by default]
  build/temp.linux-x86_64-2.7/_openssl.c: In function â€˜_cffi_d_OCSP_resp_get0_idâ€™:
  build/temp.linux-x86_64-2.7/_openssl.c:25943:3: warning: implicit declaration of function â€˜OCSP_resp_get0_idâ€™ [-Wimplicit-function-declaration]
  build/temp.linux-x86_64-2.7/_openssl.c: In function â€˜_cffi_d_OCSP_resp_get0_produced_atâ€™:
  build/temp.linux-x86_64-2.7/_openssl.c:26009:3: warning: implicit declaration of function â€˜OCSP_resp_get0_produced_atâ€™ [-Wimplicit-function-declaration]
  build/temp.linux-x86_64-2.7/_openssl.c:26009:3: warning: return makes pointer from integer without a cast [enabled by default]
  build/temp.linux-x86_64-2.7/_openssl.c: In function â€˜_cffi_d_OCSP_resp_get0_signatureâ€™:
  build/temp.linux-x86_64-2.7/_openssl.c:26081:3: warning: implicit declaration of function â€˜OCSP_resp_get0_signatureâ€™ [-Wimplicit-function-declaration]
  build/temp.linux-x86_64-2.7/_openssl.c:26081:3: warning: return makes pointer from integer without a cast [enabled by default]
  build/temp.linux-x86_64-2.7/_openssl.c: In function â€˜_cffi_d_OPENSSL_cleanupâ€™:
  build/temp.linux-x86_64-2.7/_openssl.c:26363:3: warning: implicit declaration of function â€˜OPENSSL_cleanupâ€™ [-Wimplicit-function-declaration]
  build/temp.linux-x86_64-2.7/_openssl.c: In function â€˜_cffi_d_RSA_get0_crt_paramsâ€™:
  build/temp.linux-x86_64-2.7/_openssl.c:29670:3: warning: implicit declaration of function â€˜RSA_get0_crt_paramsâ€™ [-Wimplicit-function-declaration]
  build/temp.linux-x86_64-2.7/_openssl.c: In function â€˜_cffi_d_RSA_get0_factorsâ€™:
  build/temp.linux-x86_64-2.7/_openssl.c:29749:3: warning: implicit declaration of function â€˜RSA_get0_factorsâ€™ [-Wimplicit-function-declaration]
  build/temp.linux-x86_64-2.7/_openssl.c: In function â€˜_cffi_d_RSA_get0_keyâ€™:
  build/temp.linux-x86_64-2.7/_openssl.c:29815:3: warning: implicit declaration of function â€˜RSA_get0_keyâ€™ [-Wimplicit-function-declaration]
  build/temp.linux-x86_64-2.7/_openssl.c: In function â€˜_cffi_d_RSA_set0_crt_paramsâ€™:
  build/temp.linux-x86_64-2.7/_openssl.c:29977:3: warning: implicit declaration of function â€˜RSA_set0_crt_paramsâ€™ [-Wimplicit-function-declaration]
  build/temp.linux-x86_64-2.7/_openssl.c: In function â€˜_cffi_d_RSA_set0_factorsâ€™:
  build/temp.linux-x86_64-2.7/_openssl.c:30056:3: warning: implicit declaration of function â€˜RSA_set0_factorsâ€™ [-Wimplicit-function-declaration]
  build/temp.linux-x86_64-2.7/_openssl.c: In function â€˜_cffi_d_RSA_set0_keyâ€™:
  build/temp.linux-x86_64-2.7/_openssl.c:30122:3: warning: implicit declaration of function â€˜RSA_set0_keyâ€™ [-Wimplicit-function-declaration]
  build/temp.linux-x86_64-2.7/_openssl.c: In function â€˜_cffi_d_SSL_CIPHER_get_auth_nidâ€™:
  build/temp.linux-x86_64-2.7/_openssl.c:30840:3: warning: implicit declaration of function â€˜SSL_CIPHER_get_auth_nidâ€™ [-Wimplicit-function-declaration]
  build/temp.linux-x86_64-2.7/_openssl.c: In function â€˜_cffi_d_SSL_CIPHER_get_cipher_nidâ€™:
  build/temp.linux-x86_64-2.7/_openssl.c:30929:3: warning: implicit declaration of function â€˜SSL_CIPHER_get_cipher_nidâ€™ [-Wimplicit-function-declaration]
  build/temp.linux-x86_64-2.7/_openssl.c: In function â€˜_cffi_d_SSL_CIPHER_get_digest_nidâ€™:
  build/temp.linux-x86_64-2.7/_openssl.c:30965:3: warning: implicit declaration of function â€˜SSL_CIPHER_get_digest_nidâ€™ [-Wimplicit-function-declaration]
  build/temp.linux-x86_64-2.7/_openssl.c: In function â€˜_cffi_d_SSL_CIPHER_get_kx_nidâ€™:
  build/temp.linux-x86_64-2.7/_openssl.c:31037:3: warning: implicit declaration of function â€˜SSL_CIPHER_get_kx_nidâ€™ [-Wimplicit-function-declaration]
  build/temp.linux-x86_64-2.7/_openssl.c: In function â€˜_cffi_d_SSL_CIPHER_is_aeadâ€™:
  build/temp.linux-x86_64-2.7/_openssl.c:31145:3: warning: implicit declaration of function â€˜SSL_CIPHER_is_aeadâ€™ [-Wimplicit-function-declaration]
  build/temp.linux-x86_64-2.7/_openssl.c: In function â€˜_cffi_d_SSL_CTX_add_client_custom_extâ€™:
  build/temp.linux-x86_64-2.7/_openssl.c:31234:3: warning: implicit declaration of function â€˜SSL_CTX_add_client_custom_extâ€™ [-Wimplicit-function-declaration]
  build/temp.linux-x86_64-2.7/_openssl.c: In function â€˜_cffi_d_SSL_CTX_add_extra_chain_certâ€™:
  build/temp.linux-x86_64-2.7/_openssl.c:31324:10: warning: conversion to â€˜long unsigned intâ€™ from â€˜long intâ€™ may change the sign of the result [-Wsign-conversion]
  build/temp.linux-x86_64-2.7/_openssl.c: In function â€˜_cffi_d_SSL_CTX_add_server_custom_extâ€™:
  build/temp.linux-x86_64-2.7/_openssl.c:31377:3: warning: implicit declaration of function â€˜SSL_CTX_add_server_custom_extâ€™ [-Wimplicit-function-declaration]
  build/temp.linux-x86_64-2.7/_openssl.c: In function â€˜_cffi_d_SSL_CTX_clear_modeâ€™:
  build/temp.linux-x86_64-2.7/_openssl.c:31503:3: warning: conversion to â€˜long intâ€™ from â€˜long unsigned intâ€™ may change the sign of the result [-Wsign-conversion]
  build/temp.linux-x86_64-2.7/_openssl.c:31503:10: warning: conversion to â€˜long unsigned intâ€™ from â€˜long intâ€™ may change the sign of the result [-Wsign-conversion]
  build/temp.linux-x86_64-2.7/_openssl.c: In function â€˜_cffi_d_SSL_CTX_clear_optionsâ€™:
  build/temp.linux-x86_64-2.7/_openssl.c:31549:3: warning: conversion to â€˜long intâ€™ from â€˜long unsigned intâ€™ may change the sign of the result [-Wsign-conversion]
  build/temp.linux-x86_64-2.7/_openssl.c:31549:10: warning: conversion to â€˜long unsigned intâ€™ from â€˜long intâ€™ may change the sign of the result [-Wsign-conversion]
  build/temp.linux-x86_64-2.7/_openssl.c: In function â€˜_cffi_d_SSL_CTX_get0_paramâ€™:
  build/temp.linux-x86_64-2.7/_openssl.c:31631:3: warning: implicit declaration of function â€˜SSL_CTX_get0_paramâ€™ [-Wimplicit-function-declaration]
  build/temp.linux-x86_64-2.7/_openssl.c:31631:3: warning: return makes pointer from integer without a cast [enabled by default]
  build/temp.linux-x86_64-2.7/_openssl.c: In function â€˜_cffi_d_SSL_CTX_get_modeâ€™:
  build/temp.linux-x86_64-2.7/_openssl.c:31978:10: warning: conversion to â€˜long unsigned intâ€™ from â€˜long intâ€™ may change the sign of the result [-Wsign-conversion]
  build/temp.linux-x86_64-2.7/_openssl.c: In function â€˜_cffi_d_SSL_CTX_get_optionsâ€™:
  build/temp.linux-x86_64-2.7/_openssl.c:32014:10: warning: conversion to â€˜long unsigned intâ€™ from â€˜long intâ€™ may change the sign of the result [-Wsign-conversion]
  build/temp.linux-x86_64-2.7/_openssl.c: In function â€˜_cffi_d_SSL_CTX_get_session_cache_modeâ€™:
  build/temp.linux-x86_64-2.7/_openssl.c:32086:10: warning: conversion to â€˜long unsigned intâ€™ from â€˜long intâ€™ may change the sign of the result [-Wsign-conversion]
  build/temp.linux-x86_64-2.7/_openssl.c: In function â€˜_cffi_d_SSL_CTX_set1_sigalgs_listâ€™:
  build/temp.linux-x86_64-2.7/_openssl.c:32764:3: warning: implicit declaration of function â€˜SSL_CTX_set1_sigalgs_listâ€™ [-Wimplicit-function-declaration]
  build/temp.linux-x86_64-2.7/_openssl.c: In function â€˜_cffi_d_SSL_CTX_set_alpn_protosâ€™:
  build/temp.linux-x86_64-2.7/_openssl.c:32817:3: warning: implicit declaration of function â€˜SSL_CTX_set_alpn_protosâ€™ [-Wimplicit-function-declaration]
  build/temp.linux-x86_64-2.7/_openssl.c: In function â€˜_cffi_d_SSL_CTX_set_alpn_select_cbâ€™:
  build/temp.linux-x86_64-2.7/_openssl.c:32876:3: warning: implicit declaration of function â€˜SSL_CTX_set_alpn_select_cbâ€™ [-Wimplicit-function-declaration]
  build/temp.linux-x86_64-2.7/_openssl.c: In function â€˜_cffi_d_SSL_CTX_set_cert_cbâ€™:
  build/temp.linux-x86_64-2.7/_openssl.c:32935:3: warning: implicit declaration of function â€˜SSL_CTX_set_cert_cbâ€™ [-Wimplicit-function-declaration]
  build/temp.linux-x86_64-2.7/_openssl.c: In function â€˜_cffi_d_SSL_CTX_set_ecdh_autoâ€™:
  build/temp.linux-x86_64-2.7/_openssl.c:33446:3: warning: implicit declaration of function â€˜SSL_CTX_set_ecdh_autoâ€™ [-Wimplicit-function-declaration]
  build/temp.linux-x86_64-2.7/_openssl.c: In function â€˜_cffi_d_SSL_CTX_set_max_proto_versionâ€™:
  build/temp.linux-x86_64-2.7/_openssl.c:33689:3: warning: implicit declaration of function â€˜SSL_CTX_set_max_proto_versionâ€™ [-Wimplicit-function-declaration]
  build/temp.linux-x86_64-2.7/_openssl.c: In function â€˜_cffi_d_SSL_CTX_set_min_proto_versionâ€™:
  build/temp.linux-x86_64-2.7/_openssl.c:33735:3: warning: implicit declaration of function â€˜SSL_CTX_set_min_proto_versionâ€™ [-Wimplicit-function-declaration]
  build/temp.linux-x86_64-2.7/_openssl.c: In function â€˜_cffi_d_SSL_CTX_set_modeâ€™:
  build/temp.linux-x86_64-2.7/_openssl.c:33781:3: warning: conversion to â€˜long intâ€™ from â€˜long unsigned intâ€™ may change the sign of the result [-Wsign-conversion]
  build/temp.linux-x86_64-2.7/_openssl.c:33781:10: warning: conversion to â€˜long unsigned intâ€™ from â€˜long intâ€™ may change the sign of the result [-Wsign-conversion]
  build/temp.linux-x86_64-2.7/_openssl.c: In function â€˜_cffi_d_SSL_CTX_set_optionsâ€™:
  build/temp.linux-x86_64-2.7/_openssl.c:33827:3: warning: conversion to â€˜long intâ€™ from â€˜long unsigned intâ€™ may change the sign of the result [-Wsign-conversion]
  build/temp.linux-x86_64-2.7/_openssl.c:33827:10: warning: conversion to â€˜long unsigned intâ€™ from â€˜long intâ€™ may change the sign of the result [-Wsign-conversion]
  build/temp.linux-x86_64-2.7/_openssl.c: In function â€˜_cffi_d_SSL_CTX_set_session_cache_modeâ€™:
  build/temp.linux-x86_64-2.7/_openssl.c:34057:3: warning: conversion to â€˜long intâ€™ from â€˜long unsigned intâ€™ may change the sign of the result [-Wsign-conversion]
  build/temp.linux-x86_64-2.7/_openssl.c:34057:10: warning: conversion to â€˜long unsigned intâ€™ from â€˜long intâ€™ may change the sign of the result [-Wsign-conversion]
  build/temp.linux-x86_64-2.7/_openssl.c: In function â€˜_cffi_d_SSL_CTX_set_tmp_dhâ€™:
  build/temp.linux-x86_64-2.7/_openssl.c:34459:10: warning: conversion to â€˜long unsigned intâ€™ from â€˜long intâ€™ may change the sign of the result [-Wsign-conversion]
  build/temp.linux-x86_64-2.7/_openssl.c: In function â€˜_cffi_d_SSL_CTX_set_tmp_ecdhâ€™:
  build/temp.linux-x86_64-2.7/_openssl.c:34512:10: warning: conversion to â€˜long unsigned intâ€™ from â€˜long intâ€™ may change the sign of the result [-Wsign-conversion]
  build/temp.linux-x86_64-2.7/_openssl.c: In function â€˜_cffi_d_SSL_SESSION_get_master_keyâ€™:
  build/temp.linux-x86_64-2.7/_openssl.c:35082:3: warning: implicit declaration of function â€˜SSL_SESSION_get_master_keyâ€™ [-Wimplicit-function-declaration]
  build/temp.linux-x86_64-2.7/_openssl.c:35082:36: warning: conversion to â€˜size_tâ€™ from â€˜intâ€™ may change the sign of the result [-Wsign-conversion]
  build/temp.linux-x86_64-2.7/_openssl.c: In function â€˜_cffi_d_SSL_SESSION_get_ticket_lifetime_hintâ€™:
  build/temp.linux-x86_64-2.7/_openssl.c:35177:3: warning: implicit declaration of function â€˜SSL_SESSION_get_ticket_lifetime_hintâ€™ [-Wimplicit-function-declaration]
  build/temp.linux-x86_64-2.7/_openssl.c: In function â€˜_cffi_d_SSL_SESSION_has_ticketâ€™:
  build/temp.linux-x86_64-2.7/_openssl.c:35285:3: warning: implicit declaration of function â€˜SSL_SESSION_has_ticketâ€™ [-Wimplicit-function-declaration]
  build/temp.linux-x86_64-2.7/_openssl.c: In function â€˜_cffi_d_SSL_clear_modeâ€™:
  build/temp.linux-x86_64-2.7/_openssl.c:35380:3: warning: conversion to â€˜long intâ€™ from â€˜long unsigned intâ€™ may change the sign of the result [-Wsign-conversion]
  build/temp.linux-x86_64-2.7/_openssl.c:35380:10: warning: conversion to â€˜long unsigned intâ€™ from â€˜long intâ€™ may change the sign of the result [-Wsign-conversion]
  build/temp.linux-x86_64-2.7/_openssl.c: In function â€˜_cffi_d_SSL_extension_supportedâ€™:
  build/temp.linux-x86_64-2.7/_openssl.c:35565:3: warning: implicit declaration of function â€˜SSL_extension_supportedâ€™ [-Wimplicit-function-declaration]
  build/temp.linux-x86_64-2.7/_openssl.c: In function â€˜_cffi_d_SSL_get0_alpn_selectedâ€™:
  build/temp.linux-x86_64-2.7/_openssl.c:35629:3: warning: implicit declaration of function â€˜SSL_get0_alpn_selectedâ€™ [-Wimplicit-function-declaration]
  build/temp.linux-x86_64-2.7/_openssl.c: In function â€˜_cffi_d_SSL_get0_paramâ€™:
  build/temp.linux-x86_64-2.7/_openssl.c:35695:3: warning: implicit declaration of function â€˜SSL_get0_paramâ€™ [-Wimplicit-function-declaration]
  build/temp.linux-x86_64-2.7/_openssl.c:35695:3: warning: return makes pointer from integer without a cast [enabled by default]
  build/temp.linux-x86_64-2.7/_openssl.c: In function â€˜_cffi_d_SSL_get0_verified_chainâ€™:
  build/temp.linux-x86_64-2.7/_openssl.c:35731:3: warning: implicit declaration of function â€˜SSL_get0_verified_chainâ€™ [-Wimplicit-function-declaration]
  build/temp.linux-x86_64-2.7/_openssl.c:35731:3: warning: return makes pointer from integer without a cast [enabled by default]
  build/temp.linux-x86_64-2.7/_openssl.c: In function â€˜_cffi_d_SSL_get_client_randomâ€™:
  build/temp.linux-x86_64-2.7/_openssl.c:35921:3: warning: implicit declaration of function â€˜SSL_get_client_randomâ€™ [-Wimplicit-function-declaration]
  build/temp.linux-x86_64-2.7/_openssl.c:35921:31: warning: conversion to â€˜size_tâ€™ from â€˜intâ€™ may change the sign of the result [-Wsign-conversion]
  build/temp.linux-x86_64-2.7/_openssl.c: In function â€˜_cffi_d_SSL_get_modeâ€™:
  build/temp.linux-x86_64-2.7/_openssl.c:36348:10: warning: conversion to â€˜long unsigned intâ€™ from â€˜long intâ€™ may change the sign of the result [-Wsign-conversion]
  build/temp.linux-x86_64-2.7/_openssl.c: In function â€˜_cffi_d_SSL_get_optionsâ€™:
  build/temp.linux-x86_64-2.7/_openssl.c:36384:10: warning: conversion to â€˜long unsigned intâ€™ from â€˜long intâ€™ may change the sign of the result [-Wsign-conversion]
  build/temp.linux-x86_64-2.7/_openssl.c: In function â€˜_cffi_d_SSL_get_server_randomâ€™:
  build/temp.linux-x86_64-2.7/_openssl.c:36623:3: warning: implicit declaration of function â€˜SSL_get_server_randomâ€™ [-Wimplicit-function-declaration]
  build/temp.linux-x86_64-2.7/_openssl.c:36623:31: warning: conversion to â€˜size_tâ€™ from â€˜intâ€™ may change the sign of the result [-Wsign-conversion]
  build/temp.linux-x86_64-2.7/_openssl.c: In function â€˜_cffi_d_SSL_get_server_tmp_keyâ€™:
  build/temp.linux-x86_64-2.7/_openssl.c:36682:3: warning: implicit declaration of function â€˜SSL_get_server_tmp_keyâ€™ [-Wimplicit-function-declaration]
  build/temp.linux-x86_64-2.7/_openssl.c: In function â€˜_cffi_d_SSL_get_sigalgsâ€™:
  build/temp.linux-x86_64-2.7/_openssl.c:36853:3: warning: implicit declaration of function â€˜SSL_get_sigalgsâ€™ [-Wimplicit-function-declaration]
  build/temp.linux-x86_64-2.7/_openssl.c: In function â€˜_cffi_d_SSL_set_alpn_protosâ€™:
  build/temp.linux-x86_64-2.7/_openssl.c:37723:3: warning: implicit declaration of function â€˜SSL_set_alpn_protosâ€™ [-Wimplicit-function-declaration]
  build/temp.linux-x86_64-2.7/_openssl.c: In function â€˜_cffi_d_SSL_set_cert_cbâ€™:
  build/temp.linux-x86_64-2.7/_openssl.c:37848:3: warning: implicit declaration of function â€˜SSL_set_cert_cbâ€™ [-Wimplicit-function-declaration]
  build/temp.linux-x86_64-2.7/_openssl.c: In function â€˜_cffi_d_SSL_set_max_proto_versionâ€™:
  build/temp.linux-x86_64-2.7/_openssl.c:38048:3: warning: implicit declaration of function â€˜SSL_set_max_proto_versionâ€™ [-Wimplicit-function-declaration]
  build/temp.linux-x86_64-2.7/_openssl.c: In function â€˜_cffi_d_SSL_set_min_proto_versionâ€™:
  build/temp.linux-x86_64-2.7/_openssl.c:38094:3: warning: implicit declaration of function â€˜SSL_set_min_proto_versionâ€™ [-Wimplicit-function-declaration]
  build/temp.linux-x86_64-2.7/_openssl.c: In function â€˜_cffi_d_SSL_set_modeâ€™:
  build/temp.linux-x86_64-2.7/_openssl.c:38140:3: warning: conversion to â€˜long intâ€™ from â€˜long unsigned intâ€™ may change the sign of the result [-Wsign-conversion]
  build/temp.linux-x86_64-2.7/_openssl.c:38140:10: warning: conversion to â€˜long unsigned intâ€™ from â€˜long intâ€™ may change the sign of the result [-Wsign-conversion]
  build/temp.linux-x86_64-2.7/_openssl.c: In function â€˜_cffi_d_SSL_set_optionsâ€™:
  build/temp.linux-x86_64-2.7/_openssl.c:38186:3: warning: conversion to â€˜long intâ€™ from â€˜long unsigned intâ€™ may change the sign of the result [-Wsign-conversion]
  build/temp.linux-x86_64-2.7/_openssl.c:38186:10: warning: conversion to â€˜long unsigned intâ€™ from â€˜long intâ€™ may change the sign of the result [-Wsign-conversion]
  build/temp.linux-x86_64-2.7/_openssl.c: In function â€˜_cffi_d_TLS_client_methodâ€™:
  build/temp.linux-x86_64-2.7/_openssl.c:39167:3: warning: implicit declaration of function â€˜TLS_client_methodâ€™ [-Wimplicit-function-declaration]
  build/temp.linux-x86_64-2.7/_openssl.c:39167:3: warning: return makes pointer from integer without a cast [enabled by default]
  build/temp.linux-x86_64-2.7/_openssl.c: In function â€˜_cffi_d_TLS_methodâ€™:
  build/temp.linux-x86_64-2.7/_openssl.c:39191:3: warning: implicit declaration of function â€˜TLS_methodâ€™ [-Wimplicit-function-declaration]
  build/temp.linux-x86_64-2.7/_openssl.c:39191:3: warning: return makes pointer from integer without a cast [enabled by default]
  build/temp.linux-x86_64-2.7/_openssl.c: In function â€˜_cffi_d_TLS_server_methodâ€™:
  build/temp.linux-x86_64-2.7/_openssl.c:39215:3: warning: implicit declaration of function â€˜TLS_server_methodâ€™ [-Wimplicit-function-declaration]
  build/temp.linux-x86_64-2.7/_openssl.c:39215:3: warning: return makes pointer from integer without a cast [enabled by default]
  build/temp.linux-x86_64-2.7/_openssl.c: In function â€˜_cffi_d_X509_ATTRIBUTE_countâ€™:
  build/temp.linux-x86_64-2.7/_openssl.c:39991:3: warning: passing argument 1 of â€˜X509_ATTRIBUTE_countâ€™ discards â€˜constâ€™ qualifier from pointer target type [enabled by default]
  /usr/include/openssl/x509.h:1129:5: note: expected â€˜struct X509_ATTRIBUTE *â€™ but argument is of type â€˜const struct X509_ATTRIBUTE *â€™
  build/temp.linux-x86_64-2.7/_openssl.c: In function â€˜_cffi_d_X509_CRL_get0_signatureâ€™:
  build/temp.linux-x86_64-2.7/_openssl.c:40441:3: warning: implicit declaration of function â€˜X509_CRL_get0_signatureâ€™ [-Wimplicit-function-declaration]
  build/temp.linux-x86_64-2.7/_openssl.c: In function â€˜_cffi_d_X509_NAME_ENTRY_setâ€™:
  build/temp.linux-x86_64-2.7/_openssl.c:41644:3: warning: implicit declaration of function â€˜X509_NAME_ENTRY_setâ€™ [-Wimplicit-function-declaration]
  build/temp.linux-x86_64-2.7/_openssl.c: In function â€˜_cffi_d_X509_OBJECT_get0_X509â€™:
  build/temp.linux-x86_64-2.7/_openssl.c:42497:3: warning: implicit declaration of function â€˜X509_OBJECT_get0_X509â€™ [-Wimplicit-function-declaration]
  build/temp.linux-x86_64-2.7/_openssl.c:42497:3: warning: return makes pointer from integer without a cast [enabled by default]
  build/temp.linux-x86_64-2.7/_openssl.c: In function â€˜_cffi_d_X509_OBJECT_get_typeâ€™:
  build/temp.linux-x86_64-2.7/_openssl.c:42533:3: warning: implicit declaration of function â€˜X509_OBJECT_get_typeâ€™ [-Wimplicit-function-declaration]
  build/temp.linux-x86_64-2.7/_openssl.c: In function â€˜_cffi_d_X509_REQ_get0_signatureâ€™:
  build/temp.linux-x86_64-2.7/_openssl.c:42736:3: warning: implicit declaration of function â€˜X509_REQ_get0_signatureâ€™ [-Wimplicit-function-declaration]
  build/temp.linux-x86_64-2.7/_openssl.c: In function â€˜_cffi_d_X509_REQ_get_attr_by_OBJâ€™:
  build/temp.linux-x86_64-2.7/_openssl.c:42848:3: warning: passing argument 2 of â€˜X509_REQ_get_attr_by_OBJâ€™ discards â€˜constâ€™ qualifier from pointer target type [enabled by default]
  /usr/include/openssl/x509.h:938:5: note: expected â€˜struct ASN1_OBJECT *â€™ but argument is of type â€˜const struct ASN1_OBJECT *â€™
  build/temp.linux-x86_64-2.7/_openssl.c: In function â€˜_cffi_d_X509_REVOKED_dupâ€™:
  build/temp.linux-x86_64-2.7/_openssl.c:43587:3: warning: return makes pointer from integer without a cast [enabled by default]
  build/temp.linux-x86_64-2.7/_openssl.c: In function â€˜_cffi_d_X509_REVOKED_get0_revocationDateâ€™:
  build/temp.linux-x86_64-2.7/_openssl.c:43659:3: warning: implicit declaration of function â€˜X509_REVOKED_get0_revocationDateâ€™ [-Wimplicit-function-declaration]
  build/temp.linux-x86_64-2.7/_openssl.c:43659:3: warning: return makes pointer from integer without a cast [enabled by default]
  build/temp.linux-x86_64-2.7/_openssl.c: In function â€˜_cffi_d_X509_REVOKED_get0_serialNumberâ€™:
  build/temp.linux-x86_64-2.7/_openssl.c:43695:3: warning: implicit declaration of function â€˜X509_REVOKED_get0_serialNumberâ€™ [-Wimplicit-function-declaration]
  build/temp.linux-x86_64-2.7/_openssl.c:43695:3: warning: return makes pointer from integer without a cast [enabled by default]
  build/temp.linux-x86_64-2.7/_openssl.c: In function â€˜_cffi_d_X509_STORE_CTX_get0_certâ€™:
  build/temp.linux-x86_64-2.7/_openssl.c:44015:3: warning: implicit declaration of function â€˜X509_STORE_CTX_get0_certâ€™ [-Wimplicit-function-declaration]
  build/temp.linux-x86_64-2.7/_openssl.c:44015:3: warning: return makes pointer from integer without a cast [enabled by default]
  build/temp.linux-x86_64-2.7/_openssl.c: In function â€˜_cffi_d_X509_STORE_get0_objectsâ€™:
  build/temp.linux-x86_64-2.7/_openssl.c:45178:3: warning: implicit declaration of function â€˜X509_STORE_get0_objectsâ€™ [-Wimplicit-function-declaration]
  build/temp.linux-x86_64-2.7/_openssl.c:45178:3: warning: return makes pointer from integer without a cast [enabled by default]
  build/temp.linux-x86_64-2.7/_openssl.c: In function â€˜_cffi_d_X509_STORE_get0_paramâ€™:
  build/temp.linux-x86_64-2.7/_openssl.c:45214:3: warning: implicit declaration of function â€˜X509_STORE_get0_paramâ€™ [-Wimplicit-function-declaration]
  build/temp.linux-x86_64-2.7/_openssl.c:45214:3: warning: return makes pointer from integer without a cast [enabled by default]
  build/temp.linux-x86_64-2.7/_openssl.c: In function â€˜_cffi_d_X509_STORE_get_get_issuerâ€™:
  build/temp.linux-x86_64-2.7/_openssl.c:45250:3: warning: implicit declaration of function â€˜X509_STORE_get_get_issuerâ€™ [-Wimplicit-function-declaration]
  build/temp.linux-x86_64-2.7/_openssl.c:45250:3: warning: return makes pointer from integer without a cast [enabled by default]
  build/temp.linux-x86_64-2.7/_openssl.c: In function â€˜_cffi_d_X509_STORE_set_get_issuerâ€™:
  build/temp.linux-x86_64-2.7/_openssl.c:45511:3: warning: implicit declaration of function â€˜X509_STORE_set_get_issuerâ€™ [-Wimplicit-function-declaration]
  build/temp.linux-x86_64-2.7/_openssl.c: In function â€˜_cffi_d_X509_VERIFY_PARAM_set1_emailâ€™:
  build/temp.linux-x86_64-2.7/_openssl.c:45788:3: warning: implicit declaration of function â€˜X509_VERIFY_PARAM_set1_emailâ€™ [-Wimplicit-function-declaration]
  build/temp.linux-x86_64-2.7/_openssl.c: In function â€˜_cffi_d_X509_VERIFY_PARAM_set1_hostâ€™:
  build/temp.linux-x86_64-2.7/_openssl.c:45847:3: warning: implicit declaration of function â€˜X509_VERIFY_PARAM_set1_hostâ€™ [-Wimplicit-function-declaration]
  build/temp.linux-x86_64-2.7/_openssl.c: In function â€˜_cffi_d_X509_VERIFY_PARAM_set1_ipâ€™:
  build/temp.linux-x86_64-2.7/_openssl.c:45906:3: warning: implicit declaration of function â€˜X509_VERIFY_PARAM_set1_ipâ€™ [-Wimplicit-function-declaration]
  build/temp.linux-x86_64-2.7/_openssl.c: In function â€˜_cffi_d_X509_VERIFY_PARAM_set1_ip_ascâ€™:
  build/temp.linux-x86_64-2.7/_openssl.c:45965:3: warning: implicit declaration of function â€˜X509_VERIFY_PARAM_set1_ip_ascâ€™ [-Wimplicit-function-declaration]
  build/temp.linux-x86_64-2.7/_openssl.c: In function â€˜_cffi_d_X509_VERIFY_PARAM_set_hostflagsâ€™:
  build/temp.linux-x86_64-2.7/_openssl.c:46163:3: warning: implicit declaration of function â€˜X509_VERIFY_PARAM_set_hostflagsâ€™ [-Wimplicit-function-declaration]
  build/temp.linux-x86_64-2.7/_openssl.c: In function â€˜_cffi_d_X509_get0_signatureâ€™:
  build/temp.linux-x86_64-2.7/_openssl.c:46699:3: warning: implicit declaration of function â€˜X509_get0_signatureâ€™ [-Wimplicit-function-declaration]
  build/temp.linux-x86_64-2.7/_openssl.c: In function â€˜_cffi_d_X509_get0_tbs_sigalgâ€™:
  build/temp.linux-x86_64-2.7/_openssl.c:46765:3: warning: implicit declaration of function â€˜X509_get0_tbs_sigalgâ€™ [-Wimplicit-function-declaration]
  build/temp.linux-x86_64-2.7/_openssl.c:46765:3: warning: return makes pointer from integer without a cast [enabled by default]
  build/temp.linux-x86_64-2.7/_openssl.c: In function â€˜_cffi_d_X509_get_signature_nidâ€™:
  build/temp.linux-x86_64-2.7/_openssl.c:47231:3: warning: implicit declaration of function â€˜X509_get_signature_nidâ€™ [-Wimplicit-function-declaration]
  build/temp.linux-x86_64-2.7/_openssl.c: In function â€˜_cffi_d_X509_getm_notAfterâ€™:
  build/temp.linux-x86_64-2.7/_openssl.c:47339:3: warning: implicit declaration of function â€˜X509_getm_notAfterâ€™ [-Wimplicit-function-declaration]
  build/temp.linux-x86_64-2.7/_openssl.c:47339:3: warning: return makes pointer from integer without a cast [enabled by default]
  build/temp.linux-x86_64-2.7/_openssl.c: In function â€˜_cffi_d_X509_getm_notBeforeâ€™:
  build/temp.linux-x86_64-2.7/_openssl.c:47375:3: warning: implicit declaration of function â€˜X509_getm_notBeforeâ€™ [-Wimplicit-function-declaration]
  build/temp.linux-x86_64-2.7/_openssl.c:47375:3: warning: return makes pointer from integer without a cast [enabled by default]
  build/temp.linux-x86_64-2.7/_openssl.c: In function â€˜_cffi_d_X509_set1_notAfterâ€™:
  build/temp.linux-x86_64-2.7/_openssl.c:47546:3: warning: implicit declaration of function â€˜X509_set1_notAfterâ€™ [-Wimplicit-function-declaration]
  build/temp.linux-x86_64-2.7/_openssl.c: In function â€˜_cffi_d_X509_set1_notBeforeâ€™:
  build/temp.linux-x86_64-2.7/_openssl.c:47599:3: warning: implicit declaration of function â€˜X509_set1_notBeforeâ€™ [-Wimplicit-function-declaration]
  build/temp.linux-x86_64-2.7/_openssl.c: In function â€˜_cffi_d_X509_up_refâ€™:
  build/temp.linux-x86_64-2.7/_openssl.c:48118:3: warning: implicit declaration of function â€˜X509_up_refâ€™ [-Wimplicit-function-declaration]
  build/temp.linux-x86_64-2.7/_openssl.c: In function â€˜_cffi_d_i2d_re_X509_CRL_tbsâ€™:
  build/temp.linux-x86_64-2.7/_openssl.c:50261:3: warning: implicit declaration of function â€˜i2d_re_X509_CRL_tbsâ€™ [-Wimplicit-function-declaration]
  build/temp.linux-x86_64-2.7/_openssl.c: In function â€˜_cffi_d_i2d_re_X509_REQ_tbsâ€™:
  build/temp.linux-x86_64-2.7/_openssl.c:50314:3: warning: implicit declaration of function â€˜i2d_re_X509_REQ_tbsâ€™ [-Wimplicit-function-declaration]
  build/temp.linux-x86_64-2.7/_openssl.c: In function â€˜_cffi_d_i2d_re_X509_tbsâ€™:
  build/temp.linux-x86_64-2.7/_openssl.c:50367:3: warning: implicit declaration of function â€˜i2d_re_X509_tbsâ€™ [-Wimplicit-function-declaration]
  
      =============================DEBUG ASSISTANCE=============================
      If you are seeing a compilation error please try the following steps to
      successfully install cryptography:
      1) Upgrade to the latest pip and try again. This will fix errors for most
         users. See: https://pip.pypa.io/en/stable/installing/#upgrading-pip
      2) Read https://cryptography.io/en/latest/installation.html for specific
         instructions for your platform.
      3) Check our frequently asked questions for more information:
         https://cryptography.io/en/latest/faq.html
      =============================DEBUG ASSISTANCE=============================
  
  error: command 'cc' failed with exit status 1
  
  ----------------------------------------
  Failed building wheel for cryptography
  Running setup.py clean for cryptography
  Running setup.py bdist_wheel for pynacl: started
  Running setup.py bdist_wheel for pynacl: still running...
  Running setup.py bdist_wheel for pynacl: still running...
  Running setup.py bdist_wheel for pynacl: finished with status 'done'
  Stored in directory: /home/travis/.cache/pip/wheels/c2/d9/ca/81e002fb0cee770c198715dace9edab919daba3ae49bd287a0
Successfully built bcrypt pynacl
Failed to build cryptography
Installing collected packages: bcrypt, enum34, ipaddress, cryptography, pynacl, pyasn1, paramiko
  Running setup.py install for cryptography: started
    Running setup.py install for cryptography: finished with status 'error'
    Complete output from command /home/travis/virtualenv/pypy-5.4.1/bin/python -u -c "import setuptools, tokenize;__file__='/tmp/pip-build-AzxqBb/cryptography/setup.py';f=getattr(tokenize, 'open', open)(__file__);code=f.read().replace('\r\n', '\n');f.close();exec(compile(code, __file__, 'exec'))" install --record /tmp/pip-q40bsE-record/install-record.txt --single-version-externally-managed --compile --install-headers /home/travis/virtualenv/pypy-5.4.1/include/site/python2.7/cryptography:
    /opt/python/pypy-5.4.1/lib-python/2.7/distutils/dist.py:267: UserWarning: Unknown distribution option: 'long_description_content_type'
      warnings.warn(msg)
    running install
    running build
    running build_py
    creating build
    creating build/lib.linux-x86_64-2.7
    creating build/lib.linux-x86_64-2.7/cryptography
    copying src/cryptography/__about__.py -> build/lib.linux-x86_64-2.7/cryptography
    copying src/cryptography/__init__.py -> build/lib.linux-x86_64-2.7/cryptography
    copying src/cryptography/exceptions.py -> build/lib.linux-x86_64-2.7/cryptography
    copying src/cryptography/fernet.py -> build/lib.linux-x86_64-2.7/cryptography
    copying src/cryptography/utils.py -> build/lib.linux-x86_64-2.7/cryptography
    creating build/lib.linux-x86_64-2.7/cryptography/hazmat
    copying src/cryptography/hazmat/__init__.py -> build/lib.linux-x86_64-2.7/cryptography/hazmat
    copying src/cryptography/hazmat/_der.py -> build/lib.linux-x86_64-2.7/cryptography/hazmat
    copying src/cryptography/hazmat/_oid.py -> build/lib.linux-x86_64-2.7/cryptography/hazmat
    creating build/lib.linux-x86_64-2.7/cryptography/x509
    copying src/cryptography/x509/__init__.py -> build/lib.linux-x86_64-2.7/cryptography/x509
    copying src/cryptography/x509/base.py -> build/lib.linux-x86_64-2.7/cryptography/x509
    copying src/cryptography/x509/certificate_transparency.py -> build/lib.linux-x86_64-2.7/cryptography/x509
    copying src/cryptography/x509/extensions.py -> build/lib.linux-x86_64-2.7/cryptography/x509
    copying src/cryptography/x509/general_name.py -> build/lib.linux-x86_64-2.7/cryptography/x509
    copying src/cryptography/x509/name.py -> build/lib.linux-x86_64-2.7/cryptography/x509
    copying src/cryptography/x509/ocsp.py -> build/lib.linux-x86_64-2.7/cryptography/x509
    copying src/cryptography/x509/oid.py -> build/lib.linux-x86_64-2.7/cryptography/x509
    creating build/lib.linux-x86_64-2.7/cryptography/hazmat/backends
    copying src/cryptography/hazmat/backends/__init__.py -> build/lib.linux-x86_64-2.7/cryptography/hazmat/backends
    copying src/cryptography/hazmat/backends/interfaces.py -> build/lib.linux-x86_64-2.7/cryptography/hazmat/backends
    creating build/lib.linux-x86_64-2.7/cryptography/hazmat/bindings
    copying src/cryptography/hazmat/bindings/__init__.py -> build/lib.linux-x86_64-2.7/cryptography/hazmat/bindings
    creating build/lib.linux-x86_64-2.7/cryptography/hazmat/primitives
    copying src/cryptography/hazmat/primitives/__init__.py -> build/lib.linux-x86_64-2.7/cryptography/hazmat/primitives
    copying src/cryptography/hazmat/primitives/cmac.py -> build/lib.linux-x86_64-2.7/cryptography/hazmat/primitives
    copying src/cryptography/hazmat/primitives/constant_time.py -> build/lib.linux-x86_64-2.7/cryptography/hazmat/primitives
    copying src/cryptography/hazmat/primitives/hashes.py -> build/lib.linux-x86_64-2.7/cryptography/hazmat/primitives
    copying src/cryptography/hazmat/primitives/hmac.py -> build/lib.linux-x86_64-2.7/cryptography/hazmat/primitives
    copying src/cryptography/hazmat/primitives/keywrap.py -> build/lib.linux-x86_64-2.7/cryptography/hazmat/primitives
    copying src/cryptography/hazmat/primitives/padding.py -> build/lib.linux-x86_64-2.7/cryptography/hazmat/primitives
    copying src/cryptography/hazmat/primitives/poly1305.py -> build/lib.linux-x86_64-2.7/cryptography/hazmat/primitives
    creating build/lib.linux-x86_64-2.7/cryptography/hazmat/backends/openssl
    copying src/cryptography/hazmat/backends/openssl/__init__.py -> build/lib.linux-x86_64-2.7/cryptography/hazmat/backends/openssl
    copying src/cryptography/hazmat/backends/openssl/aead.py -> build/lib.linux-x86_64-2.7/cryptography/hazmat/backends/openssl
    copying src/cryptography/hazmat/backends/openssl/backend.py -> build/lib.linux-x86_64-2.7/cryptography/hazmat/backends/openssl
    copying src/cryptography/hazmat/backends/openssl/ciphers.py -> build/lib.linux-x86_64-2.7/cryptography/hazmat/backends/openssl
    copying src/cryptography/hazmat/backends/openssl/cmac.py -> build/lib.linux-x86_64-2.7/cryptography/hazmat/backends/openssl
    copying src/cryptography/hazmat/backends/openssl/decode_asn1.py -> build/lib.linux-x86_64-2.7/cryptography/hazmat/backends/openssl
    copying src/cryptography/hazmat/backends/openssl/dh.py -> build/lib.linux-x86_64-2.7/cryptography/hazmat/backends/openssl
    copying src/cryptography/hazmat/backends/openssl/dsa.py -> build/lib.linux-x86_64-2.7/cryptography/hazmat/backends/openssl
    copying src/cryptography/hazmat/backends/openssl/ec.py -> build/lib.linux-x86_64-2.7/cryptography/hazmat/backends/openssl
    copying src/cryptography/hazmat/backends/openssl/ed25519.py -> build/lib.linux-x86_64-2.7/cryptography/hazmat/backends/openssl
    copying src/cryptography/hazmat/backends/openssl/ed448.py -> build/lib.linux-x86_64-2.7/cryptography/hazmat/backends/openssl
    copying src/cryptography/hazmat/backends/openssl/encode_asn1.py -> build/lib.linux-x86_64-2.7/cryptography/hazmat/backends/openssl
    copying src/cryptography/hazmat/backends/openssl/hashes.py -> build/lib.linux-x86_64-2.7/cryptography/hazmat/backends/openssl
    copying src/cryptography/hazmat/backends/openssl/hmac.py -> build/lib.linux-x86_64-2.7/cryptography/hazmat/backends/openssl
    copying src/cryptography/hazmat/backends/openssl/ocsp.py -> build/lib.linux-x86_64-2.7/cryptography/hazmat/backends/openssl
    copying src/cryptography/hazmat/backends/openssl/poly1305.py -> build/lib.linux-x86_64-2.7/cryptography/hazmat/backends/openssl
    copying src/cryptography/hazmat/backends/openssl/rsa.py -> build/lib.linux-x86_64-2.7/cryptography/hazmat/backends/openssl
    copying src/cryptography/hazmat/backends/openssl/utils.py -> build/lib.linux-x86_64-2.7/cryptography/hazmat/backends/openssl
    copying src/cryptography/hazmat/backends/openssl/x25519.py -> build/lib.linux-x86_64-2.7/cryptography/hazmat/backends/openssl
    copying src/cryptography/hazmat/backends/openssl/x448.py -> build/lib.linux-x86_64-2.7/cryptography/hazmat/backends/openssl
    copying src/cryptography/hazmat/backends/openssl/x509.py -> build/lib.linux-x86_64-2.7/cryptography/hazmat/backends/openssl
    creating build/lib.linux-x86_64-2.7/cryptography/hazmat/bindings/openssl
    copying src/cryptography/hazmat/bindings/openssl/__init__.py -> build/lib.linux-x86_64-2.7/cryptography/hazmat/bindings/openssl
    copying src/cryptography/hazmat/bindings/openssl/_conditional.py -> build/lib.linux-x86_64-2.7/cryptography/hazmat/bindings/openssl
    copying src/cryptography/hazmat/bindings/openssl/binding.py -> build/lib.linux-x86_64-2.7/cryptography/hazmat/bindings/openssl
    creating build/lib.linux-x86_64-2.7/cryptography/hazmat/primitives/asymmetric
    copying src/cryptography/hazmat/primitives/asymmetric/__init__.py -> build/lib.linux-x86_64-2.7/cryptography/hazmat/primitives/asymmetric
    copying src/cryptography/hazmat/primitives/asymmetric/dh.py -> build/lib.linux-x86_64-2.7/cryptography/hazmat/primitives/asymmetric
    copying src/cryptography/hazmat/primitives/asymmetric/dsa.py -> build/lib.linux-x86_64-2.7/cryptography/hazmat/primitives/asymmetric
    copying src/cryptography/hazmat/primitives/asymmetric/ec.py -> build/lib.linux-x86_64-2.7/cryptography/hazmat/primitives/asymmetric
    copying src/cryptography/hazmat/primitives/asymmetric/ed25519.py -> build/lib.linux-x86_64-2.7/cryptography/hazmat/primitives/asymmetric
    copying src/cryptography/hazmat/primitives/asymmetric/ed448.py -> build/lib.linux-x86_64-2.7/cryptography/hazmat/primitives/asymmetric
    copying src/cryptography/hazmat/primitives/asymmetric/padding.py -> build/lib.linux-x86_64-2.7/cryptography/hazmat/primitives/asymmetric
    copying src/cryptography/hazmat/primitives/asymmetric/rsa.py -> build/lib.linux-x86_64-2.7/cryptography/hazmat/primitives/asymmetric
    copying src/cryptography/hazmat/primitives/asymmetric/utils.py -> build/lib.linux-x86_64-2.7/cryptography/hazmat/primitives/asymmetric
    copying src/cryptography/hazmat/primitives/asymmetric/x25519.py -> build/lib.linux-x86_64-2.7/cryptography/hazmat/primitives/asymmetric
    copying src/cryptography/hazmat/primitives/asymmetric/x448.py -> build/lib.linux-x86_64-2.7/cryptography/hazmat/primitives/asymmetric
    creating build/lib.linux-x86_64-2.7/cryptography/hazmat/primitives/ciphers
    copying src/cryptography/hazmat/primitives/ciphers/__init__.py -> build/lib.linux-x86_64-2.7/cryptography/hazmat/primitives/ciphers
    copying src/cryptography/hazmat/primitives/ciphers/aead.py -> build/lib.linux-x86_64-2.7/cryptography/hazmat/primitives/ciphers
    copying src/cryptography/hazmat/primitives/ciphers/algorithms.py -> build/lib.linux-x86_64-2.7/cryptography/hazmat/primitives/ciphers
    copying src/cryptography/hazmat/primitives/ciphers/base.py -> build/lib.linux-x86_64-2.7/cryptography/hazmat/primitives/ciphers
    copying src/cryptography/hazmat/primitives/ciphers/modes.py -> build/lib.linux-x86_64-2.7/cryptography/hazmat/primitives/ciphers
    creating build/lib.linux-x86_64-2.7/cryptography/hazmat/primitives/kdf
    copying src/cryptography/hazmat/primitives/kdf/__init__.py -> build/lib.linux-x86_64-2.7/cryptography/hazmat/primitives/kdf
    copying src/cryptography/hazmat/primitives/kdf/concatkdf.py -> build/lib.linux-x86_64-2.7/cryptography/hazmat/primitives/kdf
    copying src/cryptography/hazmat/primitives/kdf/hkdf.py -> build/lib.linux-x86_64-2.7/cryptography/hazmat/primitives/kdf
    copying src/cryptography/hazmat/primitives/kdf/kbkdf.py -> build/lib.linux-x86_64-2.7/cryptography/hazmat/primitives/kdf
    copying src/cryptography/hazmat/primitives/kdf/pbkdf2.py -> build/lib.linux-x86_64-2.7/cryptography/hazmat/primitives/kdf
    copying src/cryptography/hazmat/primitives/kdf/scrypt.py -> build/lib.linux-x86_64-2.7/cryptography/hazmat/primitives/kdf
    copying src/cryptography/hazmat/primitives/kdf/x963kdf.py -> build/lib.linux-x86_64-2.7/cryptography/hazmat/primitives/kdf
    creating build/lib.linux-x86_64-2.7/cryptography/hazmat/primitives/serialization
    copying src/cryptography/hazmat/primitives/serialization/__init__.py -> build/lib.linux-x86_64-2.7/cryptography/hazmat/primitives/serialization
    copying src/cryptography/hazmat/primitives/serialization/base.py -> build/lib.linux-x86_64-2.7/cryptography/hazmat/primitives/serialization
    copying src/cryptography/hazmat/primitives/serialization/pkcs12.py -> build/lib.linux-x86_64-2.7/cryptography/hazmat/primitives/serialization
    copying src/cryptography/hazmat/primitives/serialization/pkcs7.py -> build/lib.linux-x86_64-2.7/cryptography/hazmat/primitives/serialization
    copying src/cryptography/hazmat/primitives/serialization/ssh.py -> build/lib.linux-x86_64-2.7/cryptography/hazmat/primitives/serialization
    creating build/lib.linux-x86_64-2.7/cryptography/hazmat/primitives/twofactor
    copying src/cryptography/hazmat/primitives/twofactor/__init__.py -> build/lib.linux-x86_64-2.7/cryptography/hazmat/primitives/twofactor
    copying src/cryptography/hazmat/primitives/twofactor/hotp.py -> build/lib.linux-x86_64-2.7/cryptography/hazmat/primitives/twofactor
    copying src/cryptography/hazmat/primitives/twofactor/totp.py -> build/lib.linux-x86_64-2.7/cryptography/hazmat/primitives/twofactor
    copying src/cryptography/hazmat/primitives/twofactor/utils.py -> build/lib.linux-x86_64-2.7/cryptography/hazmat/primitives/twofactor
    running egg_info
    writing src/cryptography.egg-info/PKG-INFO
    writing dependency_links to src/cryptography.egg-info/dependency_links.txt
    writing requirements to src/cryptography.egg-info/requires.txt
    writing top-level names to src/cryptography.egg-info/top_level.txt
    warning: manifest_maker: standard file '-c' not found
    
    reading manifest file 'src/cryptography.egg-info/SOURCES.txt'
    reading manifest template 'MANIFEST.in'
    no previously-included directories found matching 'docs/_build'
    warning: no previously-included files found matching 'vectors'
    warning: no previously-included files matching '*' found under directory 'vectors'
    warning: no previously-included files matching '*' found under directory '.github'
    warning: no previously-included files found matching 'release.py'
    warning: no previously-included files found matching '.coveragerc'
    warning: no previously-included files found matching 'codecov.yml'
    warning: no previously-included files found matching '.readthedocs.yml'
    warning: no previously-included files found matching 'dev-requirements.txt'
    warning: no previously-included files found matching 'rtd-requirements.txt'
    warning: no previously-included files found matching 'tox.ini'
    warning: no previously-included files matching '*' found under directory '.zuul.d'
    warning: no previously-included files matching '*' found under directory '.zuul.playbooks'
    writing manifest file 'src/cryptography.egg-info/SOURCES.txt'
    running build_ext
    generating cffi module 'build/temp.linux-x86_64-2.7/_padding.c'
    creating build/temp.linux-x86_64-2.7
    generating cffi module 'build/temp.linux-x86_64-2.7/_openssl.c'
    building '_openssl' extension
    creating build/temp.linux-x86_64-2.7/build
    creating build/temp.linux-x86_64-2.7/build/temp.linux-x86_64-2.7
    cc -O2 -fPIC -Wimplicit -O2 -fPIC -Wimplicit -I/home/travis/virtualenv/pypy-5.4.1/include -c build/temp.linux-x86_64-2.7/_openssl.c -o build/temp.linux-x86_64-2.7/build/temp.linux-x86_64-2.7/_openssl.o -Wconversion -Wno-error=sign-conversion
    build/temp.linux-x86_64-2.7/_openssl.c: In function â€˜Cryptography_CRYPTO_set_mem_functionsâ€™:
    build/temp.linux-x86_64-2.7/_openssl.c:805:5: warning: passing argument 1 of â€˜CRYPTO_set_mem_functionsâ€™ from incompatible pointer type [enabled by default]
    /usr/include/openssl/crypto.h:465:5: note: expected â€˜void * (*)(size_t)â€™ but argument is of type â€˜void * (*)(size_t,  const char *, int)â€™
    build/temp.linux-x86_64-2.7/_openssl.c:805:5: warning: passing argument 2 of â€˜CRYPTO_set_mem_functionsâ€™ from incompatible pointer type [enabled by default]
    /usr/include/openssl/crypto.h:465:5: note: expected â€˜void * (*)(void *, size_t)â€™ but argument is of type â€˜void * (*)(void *, size_t,  const char *, int)â€™
    build/temp.linux-x86_64-2.7/_openssl.c:805:5: warning: passing argument 3 of â€˜CRYPTO_set_mem_functionsâ€™ from incompatible pointer type [enabled by default]
    /usr/include/openssl/crypto.h:465:5: note: expected â€˜void (*)(void *)â€™ but argument is of type â€˜void (*)(void *, const char *, int)â€™
    build/temp.linux-x86_64-2.7/_openssl.c: In function â€˜Cryptography_EVP_MD_CTX_newâ€™:
    build/temp.linux-x86_64-2.7/_openssl.c:1065:5: warning: implicit declaration of function â€˜EVP_MD_CTX_newâ€™ [-Wimplicit-function-declaration]
    build/temp.linux-x86_64-2.7/_openssl.c:1065:5: warning: return makes pointer from integer without a cast [enabled by default]
    build/temp.linux-x86_64-2.7/_openssl.c: In function â€˜Cryptography_EVP_MD_CTX_freeâ€™:
    build/temp.linux-x86_64-2.7/_openssl.c:1068:5: warning: implicit declaration of function â€˜EVP_MD_CTX_freeâ€™ [-Wimplicit-function-declaration]
    build/temp.linux-x86_64-2.7/_openssl.c: At top level:
    build/temp.linux-x86_64-2.7/_openssl.c:1193:8: error: redefinition of â€˜struct ocsp_responder_id_stâ€™
    /usr/include/openssl/ossl_typ.h:200:16: note: originally defined here
    build/temp.linux-x86_64-2.7/_openssl.c:1200:8: error: redefinition of â€˜struct ocsp_response_data_stâ€™
    /usr/include/openssl/ocsp.h:272:16: note: originally defined here
    build/temp.linux-x86_64-2.7/_openssl.c:1207:8: error: redefinition of â€˜struct ocsp_basic_response_stâ€™
    /usr/include/openssl/ocsp.h:303:16: note: originally defined here
    build/temp.linux-x86_64-2.7/_openssl.c: In function â€˜OCSP_resp_get0_tbs_sigalgâ€™:
    build/temp.linux-x86_64-2.7/_openssl.c:1260:5: warning: return from incompatible pointer type [enabled by default]
    build/temp.linux-x86_64-2.7/_openssl.c: In function â€˜OCSP_resp_get0_respdataâ€™:
    build/temp.linux-x86_64-2.7/_openssl.c:1269:5: warning: return from incompatible pointer type [enabled by default]
    build/temp.linux-x86_64-2.7/_openssl.c: At top level:
    build/temp.linux-x86_64-2.7/_openssl.c:2021:19: error: expected identifier or â€˜(â€™ before numeric constant
    build/temp.linux-x86_64-2.7/_openssl.c:2022:19: error: expected identifier or â€˜(â€™ before numeric constant
    build/temp.linux-x86_64-2.7/_openssl.c:2023:19: error: expected identifier or â€˜(â€™ before numeric constant
    build/temp.linux-x86_64-2.7/_openssl.c:2024:19: error: expected identifier or â€˜(â€™ before numeric constant
    build/temp.linux-x86_64-2.7/_openssl.c: In function â€˜Cryptography_X509_REVOKED_dupâ€™:
    build/temp.linux-x86_64-2.7/_openssl.c:2172:5: warning: implicit declaration of function â€˜X509_REVOKED_dupâ€™ [-Wimplicit-function-declaration]
    build/temp.linux-x86_64-2.7/_openssl.c:2172:5: warning: return makes pointer from integer without a cast [enabled by default]
    build/temp.linux-x86_64-2.7/_openssl.c: In function â€˜Cryptography_pem_password_cbâ€™:
    build/temp.linux-x86_64-2.7/_openssl.c:2248:37: warning: conversion to â€˜size_tâ€™ from â€˜intâ€™ may change the sign of the result [-Wsign-conversion]
    build/temp.linux-x86_64-2.7/_openssl.c: In function â€˜_cffi_const_EVP_PKEY_X25519â€™:
    build/temp.linux-x86_64-2.7/_openssl.c:6248:12: error: â€˜NID_X25519â€™ undeclared (first use in this function)
    build/temp.linux-x86_64-2.7/_openssl.c:6248:12: note: each undeclared identifier is reported only once for each function it appears in
    build/temp.linux-x86_64-2.7/_openssl.c: In function â€˜_cffi_const_EVP_PKEY_X448â€™:
    build/temp.linux-x86_64-2.7/_openssl.c:6255:12: error: â€˜NID_X448â€™ undeclared (first use in this function)
    build/temp.linux-x86_64-2.7/_openssl.c: In function â€˜_cffi_const_NID_X25519â€™:
    build/temp.linux-x86_64-2.7/_openssl.c:6374:12: error: â€˜NID_X25519â€™ undeclared (first use in this function)
    build/temp.linux-x86_64-2.7/_openssl.c: In function â€˜_cffi_const_NID_X448â€™:
    build/temp.linux-x86_64-2.7/_openssl.c:6381:12: error: â€˜NID_X448â€™ undeclared (first use in this function)
    build/temp.linux-x86_64-2.7/_openssl.c: In function â€˜_cffi_const_SSL_OP_NO_DTLSv1â€™:
    build/temp.linux-x86_64-2.7/_openssl.c:6974:12: error: â€˜SSL_OP_NO_DTLSv1â€™ undeclared (first use in this function)
    build/temp.linux-x86_64-2.7/_openssl.c: In function â€˜_cffi_const_SSL_OP_NO_DTLSv1_2â€™:
    build/temp.linux-x86_64-2.7/_openssl.c:6981:12: error: â€˜SSL_OP_NO_DTLSv1_2â€™ undeclared (first use in this function)
    build/temp.linux-x86_64-2.7/_openssl.c: In function â€˜_cffi_const_TLS_ST_BEFOREâ€™:
    build/temp.linux-x86_64-2.7/_openssl.c:7296:12: error: â€˜TLS_ST_BEFOREâ€™ undeclared (first use in this function)
    build/temp.linux-x86_64-2.7/_openssl.c: In function â€˜_cffi_const_TLS_ST_OKâ€™:
    build/temp.linux-x86_64-2.7/_openssl.c:7303:12: error: â€˜TLS_ST_OKâ€™ undeclared (first use in this function)
    build/temp.linux-x86_64-2.7/_openssl.c: In function â€˜_cffi_const_X509_CHECK_FLAG_ALWAYS_CHECK_SUBJECTâ€™:
    build/temp.linux-x86_64-2.7/_openssl.c:7317:12: error: â€˜X509_CHECK_FLAG_ALWAYS_CHECK_SUBJECTâ€™ undeclared (first use in this function)
    build/temp.linux-x86_64-2.7/_openssl.c: In function â€˜_cffi_const_X509_CHECK_FLAG_MULTI_LABEL_WILDCARDSâ€™:
    build/temp.linux-x86_64-2.7/_openssl.c:7324:12: error: â€˜X509_CHECK_FLAG_MULTI_LABEL_WILDCARDSâ€™ undeclared (first use in this function)
    build/temp.linux-x86_64-2.7/_openssl.c: In function â€˜_cffi_const_X509_CHECK_FLAG_NEVER_CHECK_SUBJECTâ€™:
    build/temp.linux-x86_64-2.7/_openssl.c:7331:12: error: â€˜X509_CHECK_FLAG_NEVER_CHECK_SUBJECTâ€™ undeclared (first use in this function)
    build/temp.linux-x86_64-2.7/_openssl.c: In function â€˜_cffi_const_X509_CHECK_FLAG_NO_PARTIAL_WILDCARDSâ€™:
    build/temp.linux-x86_64-2.7/_openssl.c:7338:12: error: â€˜X509_CHECK_FLAG_NO_PARTIAL_WILDCARDSâ€™ undeclared (first use in this function)
    build/temp.linux-x86_64-2.7/_openssl.c: In function â€˜_cffi_const_X509_CHECK_FLAG_NO_WILDCARDSâ€™:
    build/temp.linux-x86_64-2.7/_openssl.c:7345:12: error: â€˜X509_CHECK_FLAG_NO_WILDCARDSâ€™ undeclared (first use in this function)
    build/temp.linux-x86_64-2.7/_openssl.c: In function â€˜_cffi_const_X509_CHECK_FLAG_SINGLE_LABEL_SUBDOMAINSâ€™:
    build/temp.linux-x86_64-2.7/_openssl.c:7352:12: error: â€˜X509_CHECK_FLAG_SINGLE_LABEL_SUBDOMAINSâ€™ undeclared (first use in this function)
    build/temp.linux-x86_64-2.7/_openssl.c: In function â€˜_cffi_const_X509_V_ERR_EMAIL_MISMATCHâ€™:
    build/temp.linux-x86_64-2.7/_openssl.c:7492:12: error: â€˜X509_V_ERR_EMAIL_MISMATCHâ€™ undeclared (first use in this function)
    build/temp.linux-x86_64-2.7/_openssl.c: In function â€˜_cffi_const_X509_V_ERR_HOSTNAME_MISMATCHâ€™:
    build/temp.linux-x86_64-2.7/_openssl.c:7534:12: error: â€˜X509_V_ERR_HOSTNAME_MISMATCHâ€™ undeclared (first use in this function)
    build/temp.linux-x86_64-2.7/_openssl.c: In function â€˜_cffi_const_X509_V_ERR_IP_ADDRESS_MISMATCHâ€™:
    build/temp.linux-x86_64-2.7/_openssl.c:7576:12: error: â€˜X509_V_ERR_IP_ADDRESS_MISMATCHâ€™ undeclared (first use in this function)
    build/temp.linux-x86_64-2.7/_openssl.c: In function â€˜_cffi_const_X509_V_ERR_SUITE_B_CANNOT_SIGN_P_384_WITH_P_256â€™:
    build/temp.linux-x86_64-2.7/_openssl.c:7667:12: error: â€˜X509_V_ERR_SUITE_B_CANNOT_SIGN_P_384_WITH_P_256â€™ undeclared (first use in this function)
    build/temp.linux-x86_64-2.7/_openssl.c: In function â€˜_cffi_const_X509_V_ERR_SUITE_B_INVALID_ALGORITHMâ€™:
    build/temp.linux-x86_64-2.7/_openssl.c:7674:12: error: â€˜X509_V_ERR_SUITE_B_INVALID_ALGORITHMâ€™ undeclared (first use in this function)
    build/temp.linux-x86_64-2.7/_openssl.c: In function â€˜_cffi_const_X509_V_ERR_SUITE_B_INVALID_CURVEâ€™:
    build/temp.linux-x86_64-2.7/_openssl.c:7681:12: error: â€˜X509_V_ERR_SUITE_B_INVALID_CURVEâ€™ undeclared (first use in this function)
    build/temp.linux-x86_64-2.7/_openssl.c: In function â€˜_cffi_const_X509_V_ERR_SUITE_B_INVALID_SIGNATURE_ALGORITHMâ€™:
    build/temp.linux-x86_64-2.7/_openssl.c:7688:12: error: â€˜X509_V_ERR_SUITE_B_INVALID_SIGNATURE_ALGORITHMâ€™ undeclared (first use in this function)
    build/temp.linux-x86_64-2.7/_openssl.c: In function â€˜_cffi_const_X509_V_ERR_SUITE_B_INVALID_VERSIONâ€™:
    build/temp.linux-x86_64-2.7/_openssl.c:7695:12: error: â€˜X509_V_ERR_SUITE_B_INVALID_VERSIONâ€™ undeclared (first use in this function)
    build/temp.linux-x86_64-2.7/_openssl.c: In function â€˜_cffi_const_X509_V_ERR_SUITE_B_LOS_NOT_ALLOWEDâ€™:
    build/temp.linux-x86_64-2.7/_openssl.c:7702:12: error: â€˜X509_V_ERR_SUITE_B_LOS_NOT_ALLOWEDâ€™ undeclared (first use in this function)
    build/temp.linux-x86_64-2.7/_openssl.c: In function â€˜_cffi_const_X509_V_FLAG_PARTIAL_CHAINâ€™:
    build/temp.linux-x86_64-2.7/_openssl.c:7891:12: error: â€˜X509_V_FLAG_PARTIAL_CHAINâ€™ undeclared (first use in this function)
    build/temp.linux-x86_64-2.7/_openssl.c: In function â€˜_cffi_const_X509_V_FLAG_SUITEB_128_LOSâ€™:
    build/temp.linux-x86_64-2.7/_openssl.c:7905:12: error: â€˜X509_V_FLAG_SUITEB_128_LOSâ€™ undeclared (first use in this function)
    build/temp.linux-x86_64-2.7/_openssl.c: In function â€˜_cffi_const_X509_V_FLAG_SUITEB_128_LOS_ONLYâ€™:
    build/temp.linux-x86_64-2.7/_openssl.c:7912:12: error: â€˜X509_V_FLAG_SUITEB_128_LOS_ONLYâ€™ undeclared (first use in this function)
    build/temp.linux-x86_64-2.7/_openssl.c: In function â€˜_cffi_const_X509_V_FLAG_SUITEB_192_LOSâ€™:
    build/temp.linux-x86_64-2.7/_openssl.c:7919:12: error: â€˜X509_V_FLAG_SUITEB_192_LOSâ€™ undeclared (first use in this function)
    build/temp.linux-x86_64-2.7/_openssl.c: In function â€˜_cffi_const_X509_V_FLAG_TRUSTED_FIRSTâ€™:
    build/temp.linux-x86_64-2.7/_openssl.c:7926:12: error: â€˜X509_V_FLAG_TRUSTED_FIRSTâ€™ undeclared (first use in this function)
    build/temp.linux-x86_64-2.7/_openssl.c: In function â€˜_cffi_d_BIO_new_mem_bufâ€™:
    build/temp.linux-x86_64-2.7/_openssl.c:9896:3: warning: passing argument 1 of â€˜BIO_new_mem_bufâ€™ discards â€˜constâ€™ qualifier from pointer target type [enabled by default]
    /usr/include/openssl/bio.h:668:6: note: expected â€˜void *â€™ but argument is of type â€˜const void *â€™
    build/temp.linux-x86_64-2.7/_openssl.c: In function â€˜_cffi_d_BIO_up_refâ€™:
    build/temp.linux-x86_64-2.7/_openssl.c:10311:3: warning: implicit declaration of function â€˜BIO_up_refâ€™ [-Wimplicit-function-declaration]
    build/temp.linux-x86_64-2.7/_openssl.c: In function â€˜_cffi_d_DH_get0_keyâ€™:
    build/temp.linux-x86_64-2.7/_openssl.c:13818:3: warning: implicit declaration of function â€˜DH_get0_keyâ€™ [-Wimplicit-function-declaration]
    build/temp.linux-x86_64-2.7/_openssl.c: In function â€˜_cffi_d_DH_get0_pqgâ€™:
    build/temp.linux-x86_64-2.7/_openssl.c:13884:3: warning: implicit declaration of function â€˜DH_get0_pqgâ€™ [-Wimplicit-function-declaration]
    build/temp.linux-x86_64-2.7/_openssl.c: In function â€˜_cffi_d_DH_set0_keyâ€™:
    build/temp.linux-x86_64-2.7/_openssl.c:13987:3: warning: implicit declaration of function â€˜DH_set0_keyâ€™ [-Wimplicit-function-declaration]
    build/temp.linux-x86_64-2.7/_openssl.c: In function â€˜_cffi_d_DH_set0_pqgâ€™:
    build/temp.linux-x86_64-2.7/_openssl.c:14053:3: warning: implicit declaration of function â€˜DH_set0_pqgâ€™ [-Wimplicit-function-declaration]
    build/temp.linux-x86_64-2.7/_openssl.c: In function â€˜_cffi_d_DSA_get0_keyâ€™:
    build/temp.linux-x86_64-2.7/_openssl.c:14500:3: warning: implicit declaration of function â€˜DSA_get0_keyâ€™ [-Wimplicit-function-declaration]
    build/temp.linux-x86_64-2.7/_openssl.c: In function â€˜_cffi_d_DSA_get0_pqgâ€™:
    build/temp.linux-x86_64-2.7/_openssl.c:14566:3: warning: implicit declaration of function â€˜DSA_get0_pqgâ€™ [-Wimplicit-function-declaration]
    build/temp.linux-x86_64-2.7/_openssl.c: In function â€˜_cffi_d_DSA_set0_keyâ€™:
    build/temp.linux-x86_64-2.7/_openssl.c:14669:3: warning: implicit declaration of function â€˜DSA_set0_keyâ€™ [-Wimplicit-function-declaration]
    build/temp.linux-x86_64-2.7/_openssl.c: In function â€˜_cffi_d_DSA_set0_pqgâ€™:
    build/temp.linux-x86_64-2.7/_openssl.c:14735:3: warning: implicit declaration of function â€˜DSA_set0_pqgâ€™ [-Wimplicit-function-declaration]
    build/temp.linux-x86_64-2.7/_openssl.c: In function â€˜_cffi_d_DTLS_client_methodâ€™:
    build/temp.linux-x86_64-2.7/_openssl.c:15061:3: warning: implicit declaration of function â€˜DTLS_client_methodâ€™ [-Wimplicit-function-declaration]
    build/temp.linux-x86_64-2.7/_openssl.c:15061:3: warning: return makes pointer from integer without a cast [enabled by default]
    build/temp.linux-x86_64-2.7/_openssl.c: In function â€˜_cffi_d_DTLS_get_link_min_mtuâ€™:
    build/temp.linux-x86_64-2.7/_openssl.c:15085:3: warning: implicit declaration of function â€˜DTLS_get_link_min_mtuâ€™ [-Wimplicit-function-declaration]
    build/temp.linux-x86_64-2.7/_openssl.c: In function â€˜_cffi_d_DTLS_methodâ€™:
    build/temp.linux-x86_64-2.7/_openssl.c:15121:3: warning: implicit declaration of function â€˜DTLS_methodâ€™ [-Wimplicit-function-declaration]
    build/temp.linux-x86_64-2.7/_openssl.c:15121:3: warning: return makes pointer from integer without a cast [enabled by default]
    build/temp.linux-x86_64-2.7/_openssl.c: In function â€˜_cffi_d_DTLS_server_methodâ€™:
    build/temp.linux-x86_64-2.7/_openssl.c:15145:3: warning: implicit declaration of function â€˜DTLS_server_methodâ€™ [-Wimplicit-function-declaration]
    build/temp.linux-x86_64-2.7/_openssl.c:15145:3: warning: return makes pointer from integer without a cast [enabled by default]
    build/temp.linux-x86_64-2.7/_openssl.c: In function â€˜_cffi_d_DTLS_set_link_mtuâ€™:
    build/temp.linux-x86_64-2.7/_openssl.c:15169:3: warning: implicit declaration of function â€˜DTLS_set_link_mtuâ€™ [-Wimplicit-function-declaration]
    build/temp.linux-x86_64-2.7/_openssl.c: In function â€˜_cffi_d_EC_curve_nid2nistâ€™:
    build/temp.linux-x86_64-2.7/_openssl.c:17875:3: warning: implicit declaration of function â€˜EC_curve_nid2nistâ€™ [-Wimplicit-function-declaration]
    build/temp.linux-x86_64-2.7/_openssl.c:17875:3: warning: return makes pointer from integer without a cast [enabled by default]
    build/temp.linux-x86_64-2.7/_openssl.c: In function â€˜_cffi_d_EVP_MD_CTX_newâ€™:
    build/temp.linux-x86_64-2.7/_openssl.c:20292:3: warning: return makes pointer from integer without a cast [enabled by default]
    build/temp.linux-x86_64-2.7/_openssl.c: In function â€˜_cffi_d_EVP_PBE_scryptâ€™:
    build/temp.linux-x86_64-2.7/_openssl.c:20316:3: warning: implicit declaration of function â€˜EVP_PBE_scryptâ€™ [-Wimplicit-function-declaration]
    build/temp.linux-x86_64-2.7/_openssl.c: In function â€˜_cffi_d_EVP_PKEY_CTX_set0_rsa_oaep_labelâ€™:
    build/temp.linux-x86_64-2.7/_openssl.c:20595:3: warning: implicit declaration of function â€˜EVP_PKEY_CTX_set0_rsa_oaep_labelâ€™ [-Wimplicit-function-declaration]
    build/temp.linux-x86_64-2.7/_openssl.c: In function â€˜_cffi_d_EVP_PKEY_CTX_set_rsa_oaep_mdâ€™:
    build/temp.linux-x86_64-2.7/_openssl.c:20707:3: warning: implicit declaration of function â€˜EVP_PKEY_CTX_set_rsa_oaep_mdâ€™ [-Wimplicit-function-declaration]
    build/temp.linux-x86_64-2.7/_openssl.c: In function â€˜_cffi_d_EVP_PKEY_get1_tls_encodedpointâ€™:
    build/temp.linux-x86_64-2.7/_openssl.c:21624:3: warning: implicit declaration of function â€˜EVP_PKEY_get1_tls_encodedpointâ€™ [-Wimplicit-function-declaration]
    build/temp.linux-x86_64-2.7/_openssl.c:21624:40: warning: conversion to â€˜size_tâ€™ from â€˜intâ€™ may change the sign of the result [-Wsign-conversion]
    build/temp.linux-x86_64-2.7/_openssl.c: In function â€˜_cffi_d_EVP_PKEY_set1_tls_encodedpointâ€™:
    build/temp.linux-x86_64-2.7/_openssl.c:22300:3: warning: implicit declaration of function â€˜EVP_PKEY_set1_tls_encodedpointâ€™ [-Wimplicit-function-declaration]
    build/temp.linux-x86_64-2.7/_openssl.c: In function â€˜_cffi_d_HMAC_CTX_freeâ€™:
    build/temp.linux-x86_64-2.7/_openssl.c:23574:3: warning: implicit declaration of function â€˜HMAC_CTX_freeâ€™ [-Wimplicit-function-declaration]
    build/temp.linux-x86_64-2.7/_openssl.c: In function â€˜_cffi_d_HMAC_CTX_newâ€™:
    build/temp.linux-x86_64-2.7/_openssl.c:23610:3: warning: implicit declaration of function â€˜HMAC_CTX_newâ€™ [-Wimplicit-function-declaration]
    build/temp.linux-x86_64-2.7/_openssl.c:23610:3: warning: return makes pointer from integer without a cast [enabled by default]
    build/temp.linux-x86_64-2.7/_openssl.c: In function â€˜_cffi_d_OCSP_SINGLERESP_get0_idâ€™:
    build/temp.linux-x86_64-2.7/_openssl.c:25123:3: warning: implicit declaration of function â€˜OCSP_SINGLERESP_get0_idâ€™ [-Wimplicit-function-declaration]
    build/temp.linux-x86_64-2.7/_openssl.c:25123:3: warning: return makes pointer from integer without a cast [enabled by default]
    build/temp.linux-x86_64-2.7/_openssl.c: In function â€˜_cffi_d_OCSP_cert_to_idâ€™:
    build/temp.linux-x86_64-2.7/_openssl.c:25496:3: warning: passing argument 2 of â€˜OCSP_cert_to_idâ€™ discards â€˜constâ€™ qualifier from pointer target type [enabled by default]
    /usr/include/openssl/ocsp.h:413:14: note: expected â€˜struct X509 *â€™ but argument is of type â€˜const struct X509 *â€™
    build/temp.linux-x86_64-2.7/_openssl.c:25496:3: warning: passing argument 3 of â€˜OCSP_cert_to_idâ€™ discards â€˜constâ€™ qualifier from pointer target type [enabled by default]
    /usr/include/openssl/ocsp.h:413:14: note: expected â€˜struct X509 *â€™ but argument is of type â€˜const struct X509 *â€™
    build/temp.linux-x86_64-2.7/_openssl.c: In function â€˜_cffi_d_OCSP_resp_get0_certsâ€™:
    build/temp.linux-x86_64-2.7/_openssl.c:25907:3: warning: implicit declaration of function â€˜OCSP_resp_get0_certsâ€™ [-Wimplicit-function-declaration]
    build/temp.linux-x86_64-2.7/_openssl.c:25907:3: warning: return makes pointer from integer without a cast [enabled by default]
    build/temp.linux-x86_64-2.7/_openssl.c: In function â€˜_cffi_d_OCSP_resp_get0_idâ€™:
    build/temp.linux-x86_64-2.7/_openssl.c:25943:3: warning: implicit declaration of function â€˜OCSP_resp_get0_idâ€™ [-Wimplicit-function-declaration]
    build/temp.linux-x86_64-2.7/_openssl.c: In function â€˜_cffi_d_OCSP_resp_get0_produced_atâ€™:
    build/temp.linux-x86_64-2.7/_openssl.c:26009:3: warning: implicit declaration of function â€˜OCSP_resp_get0_produced_atâ€™ [-Wimplicit-function-declaration]
    build/temp.linux-x86_64-2.7/_openssl.c:26009:3: warning: return makes pointer from integer without a cast [enabled by default]
    build/temp.linux-x86_64-2.7/_openssl.c: In function â€˜_cffi_d_OCSP_resp_get0_signatureâ€™:
    build/temp.linux-x86_64-2.7/_openssl.c:26081:3: warning: implicit declaration of function â€˜OCSP_resp_get0_signatureâ€™ [-Wimplicit-function-declaration]
    build/temp.linux-x86_64-2.7/_openssl.c:26081:3: warning: return makes pointer from integer without a cast [enabled by default]
    build/temp.linux-x86_64-2.7/_openssl.c: In function â€˜_cffi_d_OPENSSL_cleanupâ€™:
    build/temp.linux-x86_64-2.7/_openssl.c:26363:3: warning: implicit declaration of function â€˜OPENSSL_cleanupâ€™ [-Wimplicit-function-declaration]
    build/temp.linux-x86_64-2.7/_openssl.c: In function â€˜_cffi_d_RSA_get0_crt_paramsâ€™:
    build/temp.linux-x86_64-2.7/_openssl.c:29670:3: warning: implicit declaration of function â€˜RSA_get0_crt_paramsâ€™ [-Wimplicit-function-declaration]
    build/temp.linux-x86_64-2.7/_openssl.c: In function â€˜_cffi_d_RSA_get0_factorsâ€™:
    build/temp.linux-x86_64-2.7/_openssl.c:29749:3: warning: implicit declaration of function â€˜RSA_get0_factorsâ€™ [-Wimplicit-function-declaration]
    build/temp.linux-x86_64-2.7/_openssl.c: In function â€˜_cffi_d_RSA_get0_keyâ€™:
    build/temp.linux-x86_64-2.7/_openssl.c:29815:3: warning: implicit declaration of function â€˜RSA_get0_keyâ€™ [-Wimplicit-function-declaration]
    build/temp.linux-x86_64-2.7/_openssl.c: In function â€˜_cffi_d_RSA_set0_crt_paramsâ€™:
    build/temp.linux-x86_64-2.7/_openssl.c:29977:3: warning: implicit declaration of function â€˜RSA_set0_crt_paramsâ€™ [-Wimplicit-function-declaration]
    build/temp.linux-x86_64-2.7/_openssl.c: In function â€˜_cffi_d_RSA_set0_factorsâ€™:
    build/temp.linux-x86_64-2.7/_openssl.c:30056:3: warning: implicit declaration of function â€˜RSA_set0_factorsâ€™ [-Wimplicit-function-declaration]
    build/temp.linux-x86_64-2.7/_openssl.c: In function â€˜_cffi_d_RSA_set0_keyâ€™:
    build/temp.linux-x86_64-2.7/_openssl.c:30122:3: warning: implicit declaration of function â€˜RSA_set0_keyâ€™ [-Wimplicit-function-declaration]
    build/temp.linux-x86_64-2.7/_openssl.c: In function â€˜_cffi_d_SSL_CIPHER_get_auth_nidâ€™:
    build/temp.linux-x86_64-2.7/_openssl.c:30840:3: warning: implicit declaration of function â€˜SSL_CIPHER_get_auth_nidâ€™ [-Wimplicit-function-declaration]
    build/temp.linux-x86_64-2.7/_openssl.c: In function â€˜_cffi_d_SSL_CIPHER_get_cipher_nidâ€™:
    build/temp.linux-x86_64-2.7/_openssl.c:30929:3: warning: implicit declaration of function â€˜SSL_CIPHER_get_cipher_nidâ€™ [-Wimplicit-function-declaration]
    build/temp.linux-x86_64-2.7/_openssl.c: In function â€˜_cffi_d_SSL_CIPHER_get_digest_nidâ€™:
    build/temp.linux-x86_64-2.7/_openssl.c:30965:3: warning: implicit declaration of function â€˜SSL_CIPHER_get_digest_nidâ€™ [-Wimplicit-function-declaration]
    build/temp.linux-x86_64-2.7/_openssl.c: In function â€˜_cffi_d_SSL_CIPHER_get_kx_nidâ€™:
    build/temp.linux-x86_64-2.7/_openssl.c:31037:3: warning: implicit declaration of function â€˜SSL_CIPHER_get_kx_nidâ€™ [-Wimplicit-function-declaration]
    build/temp.linux-x86_64-2.7/_openssl.c: In function â€˜_cffi_d_SSL_CIPHER_is_aeadâ€™:
    build/temp.linux-x86_64-2.7/_openssl.c:31145:3: warning: implicit declaration of function â€˜SSL_CIPHER_is_aeadâ€™ [-Wimplicit-function-declaration]
    build/temp.linux-x86_64-2.7/_openssl.c: In function â€˜_cffi_d_SSL_CTX_add_client_custom_extâ€™:
    build/temp.linux-x86_64-2.7/_openssl.c:31234:3: warning: implicit declaration of function â€˜SSL_CTX_add_client_custom_extâ€™ [-Wimplicit-function-declaration]
    build/temp.linux-x86_64-2.7/_openssl.c: In function â€˜_cffi_d_SSL_CTX_add_extra_chain_certâ€™:
    build/temp.linux-x86_64-2.7/_openssl.c:31324:10: warning: conversion to â€˜long unsigned intâ€™ from â€˜long intâ€™ may change the sign of the result [-Wsign-conversion]
    build/temp.linux-x86_64-2.7/_openssl.c: In function â€˜_cffi_d_SSL_CTX_add_server_custom_extâ€™:
    build/temp.linux-x86_64-2.7/_openssl.c:31377:3: warning: implicit declaration of function â€˜SSL_CTX_add_server_custom_extâ€™ [-Wimplicit-function-declaration]
    build/temp.linux-x86_64-2.7/_openssl.c: In function â€˜_cffi_d_SSL_CTX_clear_modeâ€™:
    build/temp.linux-x86_64-2.7/_openssl.c:31503:3: warning: conversion to â€˜long intâ€™ from â€˜long unsigned intâ€™ may change the sign of the result [-Wsign-conversion]
    build/temp.linux-x86_64-2.7/_openssl.c:31503:10: warning: conversion to â€˜long unsigned intâ€™ from â€˜long intâ€™ may change the sign of the result [-Wsign-conversion]
    build/temp.linux-x86_64-2.7/_openssl.c: In function â€˜_cffi_d_SSL_CTX_clear_optionsâ€™:
    build/temp.linux-x86_64-2.7/_openssl.c:31549:3: warning: conversion to â€˜long intâ€™ from â€˜long unsigned intâ€™ may change the sign of the result [-Wsign-conversion]
    build/temp.linux-x86_64-2.7/_openssl.c:31549:10: warning: conversion to â€˜long unsigned intâ€™ from â€˜long intâ€™ may change the sign of the result [-Wsign-conversion]
    build/temp.linux-x86_64-2.7/_openssl.c: In function â€˜_cffi_d_SSL_CTX_get0_paramâ€™:
    build/temp.linux-x86_64-2.7/_openssl.c:31631:3: warning: implicit declaration of function â€˜SSL_CTX_get0_paramâ€™ [-Wimplicit-function-declaration]
    build/temp.linux-x86_64-2.7/_openssl.c:31631:3: warning: return makes pointer from integer without a cast [enabled by default]
    build/temp.linux-x86_64-2.7/_openssl.c: In function â€˜_cffi_d_SSL_CTX_get_modeâ€™:
    build/temp.linux-x86_64-2.7/_openssl.c:31978:10: warning: conversion to â€˜long unsigned intâ€™ from â€˜long intâ€™ may change the sign of the result [-Wsign-conversion]
    build/temp.linux-x86_64-2.7/_openssl.c: In function â€˜_cffi_d_SSL_CTX_get_optionsâ€™:
    build/temp.linux-x86_64-2.7/_openssl.c:32014:10: warning: conversion to â€˜long unsigned intâ€™ from â€˜long intâ€™ may change the sign of the result [-Wsign-conversion]
    build/temp.linux-x86_64-2.7/_openssl.c: In function â€˜_cffi_d_SSL_CTX_get_session_cache_modeâ€™:
    build/temp.linux-x86_64-2.7/_openssl.c:32086:10: warning: conversion to â€˜long unsigned intâ€™ from â€˜long intâ€™ may change the sign of the result [-Wsign-conversion]
    build/temp.linux-x86_64-2.7/_openssl.c: In function â€˜_cffi_d_SSL_CTX_set1_sigalgs_listâ€™:
    build/temp.linux-x86_64-2.7/_openssl.c:32764:3: warning: implicit declaration of function â€˜SSL_CTX_set1_sigalgs_listâ€™ [-Wimplicit-function-declaration]
    build/temp.linux-x86_64-2.7/_openssl.c: In function â€˜_cffi_d_SSL_CTX_set_alpn_protosâ€™:
    build/temp.linux-x86_64-2.7/_openssl.c:32817:3: warning: implicit declaration of function â€˜SSL_CTX_set_alpn_protosâ€™ [-Wimplicit-function-declaration]
    build/temp.linux-x86_64-2.7/_openssl.c: In function â€˜_cffi_d_SSL_CTX_set_alpn_select_cbâ€™:
    build/temp.linux-x86_64-2.7/_openssl.c:32876:3: warning: implicit declaration of function â€˜SSL_CTX_set_alpn_select_cbâ€™ [-Wimplicit-function-declaration]
    build/temp.linux-x86_64-2.7/_openssl.c: In function â€˜_cffi_d_SSL_CTX_set_cert_cbâ€™:
    build/temp.linux-x86_64-2.7/_openssl.c:32935:3: warning: implicit declaration of function â€˜SSL_CTX_set_cert_cbâ€™ [-Wimplicit-function-declaration]
    build/temp.linux-x86_64-2.7/_openssl.c: In function â€˜_cffi_d_SSL_CTX_set_ecdh_autoâ€™:
    build/temp.linux-x86_64-2.7/_openssl.c:33446:3: warning: implicit declaration of function â€˜SSL_CTX_set_ecdh_autoâ€™ [-Wimplicit-function-declaration]
    build/temp.linux-x86_64-2.7/_openssl.c: In function â€˜_cffi_d_SSL_CTX_set_max_proto_versionâ€™:
    build/temp.linux-x86_64-2.7/_openssl.c:33689:3: warning: implicit declaration of function â€˜SSL_CTX_set_max_proto_versionâ€™ [-Wimplicit-function-declaration]
    build/temp.linux-x86_64-2.7/_openssl.c: In function â€˜_cffi_d_SSL_CTX_set_min_proto_versionâ€™:
    build/temp.linux-x86_64-2.7/_openssl.c:33735:3: warning: implicit declaration of function â€˜SSL_CTX_set_min_proto_versionâ€™ [-Wimplicit-function-declaration]
    build/temp.linux-x86_64-2.7/_openssl.c: In function â€˜_cffi_d_SSL_CTX_set_modeâ€™:
    build/temp.linux-x86_64-2.7/_openssl.c:33781:3: warning: conversion to â€˜long intâ€™ from â€˜long unsigned intâ€™ may change the sign of the result [-Wsign-conversion]
    build/temp.linux-x86_64-2.7/_openssl.c:33781:10: warning: conversion to â€˜long unsigned intâ€™ from â€˜long intâ€™ may change the sign of the result [-Wsign-conversion]
    build/temp.linux-x86_64-2.7/_openssl.c: In function â€˜_cffi_d_SSL_CTX_set_optionsâ€™:
    build/temp.linux-x86_64-2.7/_openssl.c:33827:3: warning: conversion to â€˜long intâ€™ from â€˜long unsigned intâ€™ may change the sign of the result [-Wsign-conversion]
    build/temp.linux-x86_64-2.7/_openssl.c:33827:10: warning: conversion to â€˜long unsigned intâ€™ from â€˜long intâ€™ may change the sign of the result [-Wsign-conversion]
    build/temp.linux-x86_64-2.7/_openssl.c: In function â€˜_cffi_d_SSL_CTX_set_session_cache_modeâ€™:
    build/temp.linux-x86_64-2.7/_openssl.c:34057:3: warning: conversion to â€˜long intâ€™ from â€˜long unsigned intâ€™ may change the sign of the result [-Wsign-conversion]
    build/temp.linux-x86_64-2.7/_openssl.c:34057:10: warning: conversion to â€˜long unsigned intâ€™ from â€˜long intâ€™ may change the sign of the result [-Wsign-conversion]
    build/temp.linux-x86_64-2.7/_openssl.c: In function â€˜_cffi_d_SSL_CTX_set_tmp_dhâ€™:
    build/temp.linux-x86_64-2.7/_openssl.c:34459:10: warning: conversion to â€˜long unsigned intâ€™ from â€˜long intâ€™ may change the sign of the result [-Wsign-conversion]
    build/temp.linux-x86_64-2.7/_openssl.c: In function â€˜_cffi_d_SSL_CTX_set_tmp_ecdhâ€™:
    build/temp.linux-x86_64-2.7/_openssl.c:34512:10: warning: conversion to â€˜long unsigned intâ€™ from â€˜long intâ€™ may change the sign of the result [-Wsign-conversion]
    build/temp.linux-x86_64-2.7/_openssl.c: In function â€˜_cffi_d_SSL_SESSION_get_master_keyâ€™:
    build/temp.linux-x86_64-2.7/_openssl.c:35082:3: warning: implicit declaration of function â€˜SSL_SESSION_get_master_keyâ€™ [-Wimplicit-function-declaration]
    build/temp.linux-x86_64-2.7/_openssl.c:35082:36: warning: conversion to â€˜size_tâ€™ from â€˜intâ€™ may change the sign of the result [-Wsign-conversion]
    build/temp.linux-x86_64-2.7/_openssl.c: In function â€˜_cffi_d_SSL_SESSION_get_ticket_lifetime_hintâ€™:
    build/temp.linux-x86_64-2.7/_openssl.c:35177:3: warning: implicit declaration of function â€˜SSL_SESSION_get_ticket_lifetime_hintâ€™ [-Wimplicit-function-declaration]
    build/temp.linux-x86_64-2.7/_openssl.c: In function â€˜_cffi_d_SSL_SESSION_has_ticketâ€™:
    build/temp.linux-x86_64-2.7/_openssl.c:35285:3: warning: implicit declaration of function â€˜SSL_SESSION_has_ticketâ€™ [-Wimplicit-function-declaration]
    build/temp.linux-x86_64-2.7/_openssl.c: In function â€˜_cffi_d_SSL_clear_modeâ€™:
    build/temp.linux-x86_64-2.7/_openssl.c:35380:3: warning: conversion to â€˜long intâ€™ from â€˜long unsigned intâ€™ may change the sign of the result [-Wsign-conversion]
    build/temp.linux-x86_64-2.7/_openssl.c:35380:10: warning: conversion to â€˜long unsigned intâ€™ from â€˜long intâ€™ may change the sign of the result [-Wsign-conversion]
    build/temp.linux-x86_64-2.7/_openssl.c: In function â€˜_cffi_d_SSL_extension_supportedâ€™:
    build/temp.linux-x86_64-2.7/_openssl.c:35565:3: warning: implicit declaration of function â€˜SSL_extension_supportedâ€™ [-Wimplicit-function-declaration]
    build/temp.linux-x86_64-2.7/_openssl.c: In function â€˜_cffi_d_SSL_get0_alpn_selectedâ€™:
    build/temp.linux-x86_64-2.7/_openssl.c:35629:3: warning: implicit declaration of function â€˜SSL_get0_alpn_selectedâ€™ [-Wimplicit-function-declaration]
    build/temp.linux-x86_64-2.7/_openssl.c: In function â€˜_cffi_d_SSL_get0_paramâ€™:
    build/temp.linux-x86_64-2.7/_openssl.c:35695:3: warning: implicit declaration of function â€˜SSL_get0_paramâ€™ [-Wimplicit-function-declaration]
    build/temp.linux-x86_64-2.7/_openssl.c:35695:3: warning: return makes pointer from integer without a cast [enabled by default]
    build/temp.linux-x86_64-2.7/_openssl.c: In function â€˜_cffi_d_SSL_get0_verified_chainâ€™:
    build/temp.linux-x86_64-2.7/_openssl.c:35731:3: warning: implicit declaration of function â€˜SSL_get0_verified_chainâ€™ [-Wimplicit-function-declaration]
    build/temp.linux-x86_64-2.7/_openssl.c:35731:3: warning: return makes pointer from integer without a cast [enabled by default]
    build/temp.linux-x86_64-2.7/_openssl.c: In function â€˜_cffi_d_SSL_get_client_randomâ€™:
    build/temp.linux-x86_64-2.7/_openssl.c:35921:3: warning: implicit declaration of function â€˜SSL_get_client_randomâ€™ [-Wimplicit-function-declaration]
    build/temp.linux-x86_64-2.7/_openssl.c:35921:31: warning: conversion to â€˜size_tâ€™ from â€˜intâ€™ may change the sign of the result [-Wsign-conversion]
    build/temp.linux-x86_64-2.7/_openssl.c: In function â€˜_cffi_d_SSL_get_modeâ€™:
    build/temp.linux-x86_64-2.7/_openssl.c:36348:10: warning: conversion to â€˜long unsigned intâ€™ from â€˜long intâ€™ may change the sign of the result [-Wsign-conversion]
    build/temp.linux-x86_64-2.7/_openssl.c: In function â€˜_cffi_d_SSL_get_optionsâ€™:
    build/temp.linux-x86_64-2.7/_openssl.c:36384:10: warning: conversion to â€˜long unsigned intâ€™ from â€˜long intâ€™ may change the sign of the result [-Wsign-conversion]
    build/temp.linux-x86_64-2.7/_openssl.c: In function â€˜_cffi_d_SSL_get_server_randomâ€™:
    build/temp.linux-x86_64-2.7/_openssl.c:36623:3: warning: implicit declaration of function â€˜SSL_get_server_randomâ€™ [-Wimplicit-function-declaration]
    build/temp.linux-x86_64-2.7/_openssl.c:36623:31: warning: conversion to â€˜size_tâ€™ from â€˜intâ€™ may change the sign of the result [-Wsign-conversion]
    build/temp.linux-x86_64-2.7/_openssl.c: In function â€˜_cffi_d_SSL_get_server_tmp_keyâ€™:
    build/temp.linux-x86_64-2.7/_openssl.c:36682:3: warning: implicit declaration of function â€˜SSL_get_server_tmp_keyâ€™ [-Wimplicit-function-declaration]
    build/temp.linux-x86_64-2.7/_openssl.c: In function â€˜_cffi_d_SSL_get_sigalgsâ€™:
    build/temp.linux-x86_64-2.7/_openssl.c:36853:3: warning: implicit declaration of function â€˜SSL_get_sigalgsâ€™ [-Wimplicit-function-declaration]
    build/temp.linux-x86_64-2.7/_openssl.c: In function â€˜_cffi_d_SSL_set_alpn_protosâ€™:
    build/temp.linux-x86_64-2.7/_openssl.c:37723:3: warning: implicit declaration of function â€˜SSL_set_alpn_protosâ€™ [-Wimplicit-function-declaration]
    build/temp.linux-x86_64-2.7/_openssl.c: In function â€˜_cffi_d_SSL_set_cert_cbâ€™:
    build/temp.linux-x86_64-2.7/_openssl.c:37848:3: warning: implicit declaration of function â€˜SSL_set_cert_cbâ€™ [-Wimplicit-function-declaration]
    build/temp.linux-x86_64-2.7/_openssl.c: In function â€˜_cffi_d_SSL_set_max_proto_versionâ€™:
    build/temp.linux-x86_64-2.7/_openssl.c:38048:3: warning: implicit declaration of function â€˜SSL_set_max_proto_versionâ€™ [-Wimplicit-function-declaration]
    build/temp.linux-x86_64-2.7/_openssl.c: In function â€˜_cffi_d_SSL_set_min_proto_versionâ€™:
    build/temp.linux-x86_64-2.7/_openssl.c:38094:3: warning: implicit declaration of function â€˜SSL_set_min_proto_versionâ€™ [-Wimplicit-function-declaration]
    build/temp.linux-x86_64-2.7/_openssl.c: In function â€˜_cffi_d_SSL_set_modeâ€™:
    build/temp.linux-x86_64-2.7/_openssl.c:38140:3: warning: conversion to â€˜long intâ€™ from â€˜long unsigned intâ€™ may change the sign of the result [-Wsign-conversion]
    build/temp.linux-x86_64-2.7/_openssl.c:38140:10: warning: conversion to â€˜long unsigned intâ€™ from â€˜long intâ€™ may change the sign of the result [-Wsign-conversion]
    build/temp.linux-x86_64-2.7/_openssl.c: In function â€˜_cffi_d_SSL_set_optionsâ€™:
    build/temp.linux-x86_64-2.7/_openssl.c:38186:3: warning: conversion to â€˜long intâ€™ from â€˜long unsigned intâ€™ may change the sign of the result [-Wsign-conversion]
    build/temp.linux-x86_64-2.7/_openssl.c:38186:10: warning: conversion to â€˜long unsigned intâ€™ from â€˜long intâ€™ may change the sign of the result [-Wsign-conversion]
    build/temp.linux-x86_64-2.7/_openssl.c: In function â€˜_cffi_d_TLS_client_methodâ€™:
    build/temp.linux-x86_64-2.7/_openssl.c:39167:3: warning: implicit declaration of function â€˜TLS_client_methodâ€™ [-Wimplicit-function-declaration]
    build/temp.linux-x86_64-2.7/_openssl.c:39167:3: warning: return makes pointer from integer without a cast [enabled by default]
    build/temp.linux-x86_64-2.7/_openssl.c: In function â€˜_cffi_d_TLS_methodâ€™:
    build/temp.linux-x86_64-2.7/_openssl.c:39191:3: warning: implicit declaration of function â€˜TLS_methodâ€™ [-Wimplicit-function-declaration]
    build/temp.linux-x86_64-2.7/_openssl.c:39191:3: warning: return makes pointer from integer without a cast [enabled by default]
    build/temp.linux-x86_64-2.7/_openssl.c: In function â€˜_cffi_d_TLS_server_methodâ€™:
    build/temp.linux-x86_64-2.7/_openssl.c:39215:3: warning: implicit declaration of function â€˜TLS_server_methodâ€™ [-Wimplicit-function-declaration]
    build/temp.linux-x86_64-2.7/_openssl.c:39215:3: warning: return makes pointer from integer without a cast [enabled by default]
    build/temp.linux-x86_64-2.7/_openssl.c: In function â€˜_cffi_d_X509_ATTRIBUTE_countâ€™:
    build/temp.linux-x86_64-2.7/_openssl.c:39991:3: warning: passing argument 1 of â€˜X509_ATTRIBUTE_countâ€™ discards â€˜constâ€™ qualifier from pointer target type [enabled by default]
    /usr/include/openssl/x509.h:1129:5: note: expected â€˜struct X509_ATTRIBUTE *â€™ but argument is of type â€˜const struct X509_ATTRIBUTE *â€™
    build/temp.linux-x86_64-2.7/_openssl.c: In function â€˜_cffi_d_X509_CRL_get0_signatureâ€™:
    build/temp.linux-x86_64-2.7/_openssl.c:40441:3: warning: implicit declaration of function â€˜X509_CRL_get0_signatureâ€™ [-Wimplicit-function-declaration]
    build/temp.linux-x86_64-2.7/_openssl.c: In function â€˜_cffi_d_X509_NAME_ENTRY_setâ€™:
    build/temp.linux-x86_64-2.7/_openssl.c:41644:3: warning: implicit declaration of function â€˜X509_NAME_ENTRY_setâ€™ [-Wimplicit-function-declaration]
    build/temp.linux-x86_64-2.7/_openssl.c: In function â€˜_cffi_d_X509_OBJECT_get0_X509â€™:
    build/temp.linux-x86_64-2.7/_openssl.c:42497:3: warning: implicit declaration of function â€˜X509_OBJECT_get0_X509â€™ [-Wimplicit-function-declaration]
    build/temp.linux-x86_64-2.7/_openssl.c:42497:3: warning: return makes pointer from integer without a cast [enabled by default]
    build/temp.linux-x86_64-2.7/_openssl.c: In function â€˜_cffi_d_X509_OBJECT_get_typeâ€™:
    build/temp.linux-x86_64-2.7/_openssl.c:42533:3: warning: implicit declaration of function â€˜X509_OBJECT_get_typeâ€™ [-Wimplicit-function-declaration]
    build/temp.linux-x86_64-2.7/_openssl.c: In function â€˜_cffi_d_X509_REQ_get0_signatureâ€™:
    build/temp.linux-x86_64-2.7/_openssl.c:42736:3: warning: implicit declaration of function â€˜X509_REQ_get0_signatureâ€™ [-Wimplicit-function-declaration]
    build/temp.linux-x86_64-2.7/_openssl.c: In function â€˜_cffi_d_X509_REQ_get_attr_by_OBJâ€™:
    build/temp.linux-x86_64-2.7/_openssl.c:42848:3: warning: passing argument 2 of â€˜X509_REQ_get_attr_by_OBJâ€™ discards â€˜constâ€™ qualifier from pointer target type [enabled by default]
    /usr/include/openssl/x509.h:938:5: note: expected â€˜struct ASN1_OBJECT *â€™ but argument is of type â€˜const struct ASN1_OBJECT *â€™
    build/temp.linux-x86_64-2.7/_openssl.c: In function â€˜_cffi_d_X509_REVOKED_dupâ€™:
    build/temp.linux-x86_64-2.7/_openssl.c:43587:3: warning: return makes pointer from integer without a cast [enabled by default]
    build/temp.linux-x86_64-2.7/_openssl.c: In function â€˜_cffi_d_X509_REVOKED_get0_revocationDateâ€™:
    build/temp.linux-x86_64-2.7/_openssl.c:43659:3: warning: implicit declaration of function â€˜X509_REVOKED_get0_revocationDateâ€™ [-Wimplicit-function-declaration]
    build/temp.linux-x86_64-2.7/_openssl.c:43659:3: warning: return makes pointer from integer without a cast [enabled by default]
    build/temp.linux-x86_64-2.7/_openssl.c: In function â€˜_cffi_d_X509_REVOKED_get0_serialNumberâ€™:
    build/temp.linux-x86_64-2.7/_openssl.c:43695:3: warning: implicit declaration of function â€˜X509_REVOKED_get0_serialNumberâ€™ [-Wimplicit-function-declaration]
    build/temp.linux-x86_64-2.7/_openssl.c:43695:3: warning: return makes pointer from integer without a cast [enabled by default]
    build/temp.linux-x86_64-2.7/_openssl.c: In function â€˜_cffi_d_X509_STORE_CTX_get0_certâ€™:
    build/temp.linux-x86_64-2.7/_openssl.c:44015:3: warning: implicit declaration of function â€˜X509_STORE_CTX_get0_certâ€™ [-Wimplicit-function-declaration]
    build/temp.linux-x86_64-2.7/_openssl.c:44015:3: warning: return makes pointer from integer without a cast [enabled by default]
    build/temp.linux-x86_64-2.7/_openssl.c: In function â€˜_cffi_d_X509_STORE_get0_objectsâ€™:
    build/temp.linux-x86_64-2.7/_openssl.c:45178:3: warning: implicit declaration of function â€˜X509_STORE_get0_objectsâ€™ [-Wimplicit-function-declaration]
    build/temp.linux-x86_64-2.7/_openssl.c:45178:3: warning: return makes pointer from integer without a cast [enabled by default]
    build/temp.linux-x86_64-2.7/_openssl.c: In function â€˜_cffi_d_X509_STORE_get0_paramâ€™:
    build/temp.linux-x86_64-2.7/_openssl.c:45214:3: warning: implicit declaration of function â€˜X509_STORE_get0_paramâ€™ [-Wimplicit-function-declaration]
    build/temp.linux-x86_64-2.7/_openssl.c:45214:3: warning: return makes pointer from integer without a cast [enabled by default]
    build/temp.linux-x86_64-2.7/_openssl.c: In function â€˜_cffi_d_X509_STORE_get_get_issuerâ€™:
    build/temp.linux-x86_64-2.7/_openssl.c:45250:3: warning: implicit declaration of function â€˜X509_STORE_get_get_issuerâ€™ [-Wimplicit-function-declaration]
    build/temp.linux-x86_64-2.7/_openssl.c:45250:3: warning: return makes pointer from integer without a cast [enabled by default]
    build/temp.linux-x86_64-2.7/_openssl.c: In function â€˜_cffi_d_X509_STORE_set_get_issuerâ€™:
    build/temp.linux-x86_64-2.7/_openssl.c:45511:3: warning: implicit declaration of function â€˜X509_STORE_set_get_issuerâ€™ [-Wimplicit-function-declaration]
    build/temp.linux-x86_64-2.7/_openssl.c: In function â€˜_cffi_d_X509_VERIFY_PARAM_set1_emailâ€™:
    build/temp.linux-x86_64-2.7/_openssl.c:45788:3: warning: implicit declaration of function â€˜X509_VERIFY_PARAM_set1_emailâ€™ [-Wimplicit-function-declaration]
    build/temp.linux-x86_64-2.7/_openssl.c: In function â€˜_cffi_d_X509_VERIFY_PARAM_set1_hostâ€™:
    build/temp.linux-x86_64-2.7/_openssl.c:45847:3: warning: implicit declaration of function â€˜X509_VERIFY_PARAM_set1_hostâ€™ [-Wimplicit-function-declaration]
    build/temp.linux-x86_64-2.7/_openssl.c: In function â€˜_cffi_d_X509_VERIFY_PARAM_set1_ipâ€™:
    build/temp.linux-x86_64-2.7/_openssl.c:45906:3: warning: implicit declaration of function â€˜X509_VERIFY_PARAM_set1_ipâ€™ [-Wimplicit-function-declaration]
    build/temp.linux-x86_64-2.7/_openssl.c: In function â€˜_cffi_d_X509_VERIFY_PARAM_set1_ip_ascâ€™:
    build/temp.linux-x86_64-2.7/_openssl.c:45965:3: warning: implicit declaration of function â€˜X509_VERIFY_PARAM_set1_ip_ascâ€™ [-Wimplicit-function-declaration]
    build/temp.linux-x86_64-2.7/_openssl.c: In function â€˜_cffi_d_X509_VERIFY_PARAM_set_hostflagsâ€™:
    build/temp.linux-x86_64-2.7/_openssl.c:46163:3: warning: implicit declaration of function â€˜X509_VERIFY_PARAM_set_hostflagsâ€™ [-Wimplicit-function-declaration]
    build/temp.linux-x86_64-2.7/_openssl.c: In function â€˜_cffi_d_X509_get0_signatureâ€™:
    build/temp.linux-x86_64-2.7/_openssl.c:46699:3: warning: implicit declaration of function â€˜X509_get0_signatureâ€™ [-Wimplicit-function-declaration]
    build/temp.linux-x86_64-2.7/_openssl.c: In function â€˜_cffi_d_X509_get0_tbs_sigalgâ€™:
    build/temp.linux-x86_64-2.7/_openssl.c:46765:3: warning: implicit declaration of function â€˜X509_get0_tbs_sigalgâ€™ [-Wimplicit-function-declaration]
    build/temp.linux-x86_64-2.7/_openssl.c:46765:3: warning: return makes pointer from integer without a cast [enabled by default]
    build/temp.linux-x86_64-2.7/_openssl.c: In function â€˜_cffi_d_X509_get_signature_nidâ€™:
    build/temp.linux-x86_64-2.7/_openssl.c:47231:3: warning: implicit declaration of function â€˜X509_get_signature_nidâ€™ [-Wimplicit-function-declaration]
    build/temp.linux-x86_64-2.7/_openssl.c: In function â€˜_cffi_d_X509_getm_notAfterâ€™:
    build/temp.linux-x86_64-2.7/_openssl.c:47339:3: warning: implicit declaration of function â€˜X509_getm_notAfterâ€™ [-Wimplicit-function-declaration]
    build/temp.linux-x86_64-2.7/_openssl.c:47339:3: warning: return makes pointer from integer without a cast [enabled by default]
    build/temp.linux-x86_64-2.7/_openssl.c: In function â€˜_cffi_d_X509_getm_notBeforeâ€™:
    build/temp.linux-x86_64-2.7/_openssl.c:47375:3: warning: implicit declaration of function â€˜X509_getm_notBeforeâ€™ [-Wimplicit-function-declaration]
    build/temp.linux-x86_64-2.7/_openssl.c:47375:3: warning: return makes pointer from integer without a cast [enabled by default]
    build/temp.linux-x86_64-2.7/_openssl.c: In function â€˜_cffi_d_X509_set1_notAfterâ€™:
    build/temp.linux-x86_64-2.7/_openssl.c:47546:3: warning: implicit declaration of function â€˜X509_set1_notAfterâ€™ [-Wimplicit-function-declaration]
    build/temp.linux-x86_64-2.7/_openssl.c: In function â€˜_cffi_d_X509_set1_notBeforeâ€™:
    build/temp.linux-x86_64-2.7/_openssl.c:47599:3: warning: implicit declaration of function â€˜X509_set1_notBeforeâ€™ [-Wimplicit-function-declaration]
    build/temp.linux-x86_64-2.7/_openssl.c: In function â€˜_cffi_d_X509_up_refâ€™:
    build/temp.linux-x86_64-2.7/_openssl.c:48118:3: warning: implicit declaration of function â€˜X509_up_refâ€™ [-Wimplicit-function-declaration]
    build/temp.linux-x86_64-2.7/_openssl.c: In function â€˜_cffi_d_i2d_re_X509_CRL_tbsâ€™:
    build/temp.linux-x86_64-2.7/_openssl.c:50261:3: warning: implicit declaration of function â€˜i2d_re_X509_CRL_tbsâ€™ [-Wimplicit-function-declaration]
    build/temp.linux-x86_64-2.7/_openssl.c: In function â€˜_cffi_d_i2d_re_X509_REQ_tbsâ€™:
    build/temp.linux-x86_64-2.7/_openssl.c:50314:3: warning: implicit declaration of function â€˜i2d_re_X509_REQ_tbsâ€™ [-Wimplicit-function-declaration]
    build/temp.linux-x86_64-2.7/_openssl.c: In function â€˜_cffi_d_i2d_re_X509_tbsâ€™:
    build/temp.linux-x86_64-2.7/_openssl.c:50367:3: warning: implicit declaration of function â€˜i2d_re_X509_tbsâ€™ [-Wimplicit-function-declaration]
    
        =============================DEBUG ASSISTANCE=============================
        If you are seeing a compilation error please try the following steps to
        successfully install cryptography:
        1) Upgrade to the latest pip and try again. This will fix errors for most
           users. See: https://pip.pypa.io/en/stable/installing/#upgrading-pip
        2) Read https://cryptography.io/en/latest/installation.html for specific
           instructions for your platform.
        3) Check our frequently asked questions for more information:
           https://cryptography.io/en/latest/faq.html
        =============================DEBUG ASSISTANCE=============================
    
    error: command 'cc' failed with exit status 1
    
    ----------------------------------------
Command "/home/travis/virtualenv/pypy-5.4.1/bin/python -u -c "import setuptools, tokenize;__file__='/tmp/pip-build-AzxqBb/cryptography/setup.py';f=getattr(tokenize, 'open', open)(__file__);code=f.read().replace('\r\n', '\n');f.close();exec(compile(code, __file__, 'exec'))" install --record /tmp/pip-q40bsE-record/install-record.txt --single-version-externally-managed --compile --install-headers /home/travis/virtualenv/pypy-5.4.1/include/site/python2.7/cryptography" failed with error code 1 in /tmp/pip-build-AzxqBb/cryptography/

travis_time:end:04e5a15c:start=1616926362352555126,finish=1616926528604863057,duration=166252307931[0K
[31;1mThe command "pip install -e ." failed and exited with 1 during .[0m

Your build has been stopped.
