travis_fold:start:system_info[0K[33;1mBuild system information[0m
Build language: python
Build group: stable
Build dist: precise
Build id: ''
Job id: ''
[34m[1mBuild image provisioning date and time[0m
Thu Feb  5 15:09:33 UTC 2015
[34m[1mOperating System Details[0m
Distributor ID:	Ubuntu
Description:	Ubuntu 12.04.5 LTS
Release:	12.04
Codename:	precise
[34m[1mLinux Version[0m
3.13.0-29-generic
[34m[1mCookbooks Version[0m
a68419e https://github.com/travis-ci/travis-cookbooks/tree/a68419e
[34m[1mGCC version[0m
gcc (Ubuntu/Linaro 4.6.3-1ubuntu5) 4.6.3
Copyright (C) 2011 Free Software Foundation, Inc.
This is free software; see the source for copying conditions.  There is NO
warranty; not even for MERCHANTABILITY or FITNESS FOR A PARTICULAR PURPOSE.

[34m[1mLLVM version[0m
clang version 3.4 (tags/RELEASE_34/final)
Target: x86_64-unknown-linux-gnu
Thread model: posix
[34m[1mPre-installed Ruby versions[0m
ruby-1.9.3-p551
[34m[1mPre-installed Node.js versions[0m
v0.10.36
[34m[1mPre-installed Go versions[0m
1.4.1
[34m[1mRedis version[0m
redis-server 2.8.19
[34m[1mriak version[0m
2.0.2
[34m[1mMongoDB version[0m
MongoDB 2.4.12
[34m[1mCouchDB version[0m
couchdb 1.6.1
[34m[1mNeo4j version[0m
1.9.4
[34m[1mRabbitMQ Version[0m
3.4.3
[34m[1mElasticSearch version[0m
1.4.0
[34m[1mInstalled Sphinx versions[0m
2.0.10
2.1.9
2.2.6
[34m[1mDefault Sphinx version[0m
2.2.6
[34m[1mInstalled Firefox version[0m
firefox 31.0esr
[34m[1mPhantomJS version[0m
1.9.8
[34m[1mant -version[0m
Apache Ant(TM) version 1.8.2 compiled on December 3 2011
[34m[1mmvn -version[0m
Apache Maven 3.2.5 (12a6b3acb947671f09b81f49094c53f426d8cea1; 2014-12-14T17:29:23+00:00)
Maven home: /usr/local/maven
Java version: 1.7.0_76, vendor: Oracle Corporation
Java home: /usr/lib/jvm/java-7-oracle/jre
Default locale: en_US, platform encoding: ANSI_X3.4-1968
OS name: "linux", version: "3.13.0-29-generic", arch: "amd64", family: "unix"
travis_fold:end:system_info[0K
grep: /etc/apt/sources.list.d/*: No such file or directory
sed: cannot rename /etc/hosts: Device or resource busy
sed: cannot rename /etc/hosts: Device or resource busy
$ cd failed/paramiko/paramiko
travis_time:start:057de17f[0K$ source ~/virtualenv/python3.4/bin/activate

travis_time:end:057de17f:start=1616926007640782713,finish=1616926007650525793,duration=9743080[0Ktravis_fold:start:cache.1[0KSetting up build cache
$ export CASHER_DIR=$HOME/.casher
travis_time:start:00c81f94[0K$ Installing caching utilities

travis_time:end:00c81f94:start=1616926008055098853,finish=1616926008222434786,duration=167335933[0Ktravis_time:start:0f40607a[0K
travis_time:end:0f40607a:start=1616926008236061122,finish=1616926008245237201,duration=9176079[0Ktravis_time:start:07c76138[0K/home/travis/.casher/bin/casher:213:in `cache_archive_name': undefined method `[]' for nil:NilClass (NoMethodError)
	from /home/travis/.casher/bin/casher:65:in `block in fetch'
	from /home/travis/.casher/bin/casher:64:in `each'
	from /home/travis/.casher/bin/casher:64:in `fetch'
	from /home/travis/.casher/bin/casher:53:in `block in run'
	from /home/travis/.rvm/rubies/ruby-1.9.3-p551/lib/ruby/1.9.1/timeout.rb:69:in `timeout'
	from /home/travis/.casher/bin/casher:53:in `run'
	from /home/travis/.casher/bin/casher:263:in `<main>'
[32;1mattempting to download cache archive[0m

travis_time:end:07c76138:start=1616926008255388971,finish=1616926009012774905,duration=757385934[0Ktravis_time:start:2f8e569a[0K
travis_time:end:2f8e569a:start=1616926009023825636,finish=1616926009033034419,duration=9208783[0Ktravis_time:start:18b547f0[0K[32;1madding /home/travis/.cache/pip to cache[0m

travis_time:end:18b547f0:start=1616926009042347381,finish=1616926009840582561,duration=798235180[0Ktravis_fold:end:cache.1[0K$ python --version
Python 3.4.2
$ pip --version
pip 6.0.7 from /home/travis/virtualenv/python3.4.2/lib/python3.4/site-packages (python 3.4)
travis_fold:start:install.1[0Ktravis_time:start:290a4c76[0K$ pip install -e .
Obtaining file:///home/travis/build/failed/paramiko/paramiko
Collecting pycrypto!=2.4,<3.0,>=2.1 (from paramiko==1.15.5)
  Downloading https://files.pythonhosted.org/packages/60/db/645aa9af249f059cc3a368b118de33889219e0362141e75d4eaf6f80f163/pycrypto-2.6.1.tar.gz (446kB)
Collecting ecdsa<2.0,>=0.11 (from paramiko==1.15.5)
  Downloading https://files.pythonhosted.org/packages/98/16/70be2716e24eaf5d81074bb3c05429d60292c2a96613a78ac3d69526ad2a/ecdsa-0.16.1-py2.py3-none-any.whl (104kB)
Collecting six>=1.9.0 (from ecdsa<2.0,>=0.11->paramiko==1.15.5)
  Downloading https://files.pythonhosted.org/packages/ee/ff/48bde5c0f013094d729fe4b0316ba2a24774b3ff1c52d924a8a4cb04078a/six-1.15.0-py2.py3-none-any.whl
Installing collected packages: six, paramiko, ecdsa, pycrypto

  Running setup.py develop for paramiko
    Creating /home/travis/virtualenv/python3.4.2/lib/python3.4/site-packages/paramiko.egg-link (link to .)
    Adding paramiko 1.15.5 to easy-install.pth file
    Installed /home/travis/build/failed/paramiko/paramiko

  Running setup.py install for pycrypto
    checking for gcc... gcc
    checking whether the C compiler works... yes
    checking for C compiler default output file name... a.out
    checking for suffix of executables...
    checking whether we are cross compiling... no
    checking for suffix of object files... o
    checking whether we are using the GNU C compiler... yes
    checking whether gcc accepts -g... yes
    checking for gcc option to accept ISO C89... none needed
    checking for __gmpz_init in -lgmp... no
    checking for __gmpz_init in -lmpir... no
    checking whether mpz_powm is declared... no
    checking whether mpz_powm_sec is declared... no
    checking how to run the C preprocessor... gcc -E
    checking for grep that handles long lines and -e... /bin/grep
    checking for egrep... /bin/grep -E
    checking for ANSI C header files... yes
    checking for sys/types.h... yes
    checking for sys/stat.h... yes
    checking for stdlib.h... yes
    checking for string.h... yes
    checking for memory.h... yes
    checking for strings.h... yes
    checking for inttypes.h... yes
    checking for stdint.h... yes
    checking for unistd.h... yes
    checking for inttypes.h... (cached) yes
    checking limits.h usability... yes
    checking limits.h presence... yes
    checking for limits.h... yes
    checking stddef.h usability... yes
    checking stddef.h presence... yes
    checking for stddef.h... yes
    checking for stdint.h... (cached) yes
    checking for stdlib.h... (cached) yes
    checking for string.h... (cached) yes
    checking wchar.h usability... yes
    checking wchar.h presence... yes
    checking for wchar.h... yes
    checking for inline... inline
    checking for int16_t... yes
    checking for int32_t... yes
    checking for int64_t... yes
    checking for int8_t... yes
    checking for size_t... yes
    checking for uint16_t... yes
    checking for uint32_t... yes
    checking for uint64_t... yes
    checking for uint8_t... yes
    checking for stdlib.h... (cached) yes
    checking for GNU libc compatible malloc... yes
    checking for memmove... yes
    checking for memset... yes
    configure: creating ./config.status
    config.status: creating src/config.h
    building 'Crypto.Hash._MD2' extension
    gcc -pthread -Wno-unused-result -fwrapv -Wall -Wstrict-prototypes -fstack-protector --param=ssp-buffer-size=4 -Wformat -Werror=format-security -fPIC -std=c99 -O3 -fomit-frame-pointer -Isrc/ -I/opt/python/3.4.2/include/python3.4m -c src/MD2.c -o build/temp.linux-x86_64-3.4/src/MD2.o
    gcc -pthread -shared -L/opt/python/3.4.2/lib -Wl,-rpath=/opt/python/3.4.2/lib build/temp.linux-x86_64-3.4/src/MD2.o -L/opt/python/3.4.2/lib -lpython3.4m -o build/lib.linux-x86_64-3.4/Crypto/Hash/_MD2.cpython-34m.so
    building 'Crypto.Hash._MD4' extension
    gcc -pthread -Wno-unused-result -fwrapv -Wall -Wstrict-prototypes -fstack-protector --param=ssp-buffer-size=4 -Wformat -Werror=format-security -fPIC -std=c99 -O3 -fomit-frame-pointer -Isrc/ -I/opt/python/3.4.2/include/python3.4m -c src/MD4.c -o build/temp.linux-x86_64-3.4/src/MD4.o
    gcc -pthread -shared -L/opt/python/3.4.2/lib -Wl,-rpath=/opt/python/3.4.2/lib build/temp.linux-x86_64-3.4/src/MD4.o -L/opt/python/3.4.2/lib -lpython3.4m -o build/lib.linux-x86_64-3.4/Crypto/Hash/_MD4.cpython-34m.so
    building 'Crypto.Hash._SHA256' extension
    gcc -pthread -Wno-unused-result -fwrapv -Wall -Wstrict-prototypes -fstack-protector --param=ssp-buffer-size=4 -Wformat -Werror=format-security -fPIC -std=c99 -O3 -fomit-frame-pointer -Isrc/ -I/opt/python/3.4.2/include/python3.4m -c src/SHA256.c -o build/temp.linux-x86_64-3.4/src/SHA256.o
    gcc -pthread -shared -L/opt/python/3.4.2/lib -Wl,-rpath=/opt/python/3.4.2/lib build/temp.linux-x86_64-3.4/src/SHA256.o -L/opt/python/3.4.2/lib -lpython3.4m -o build/lib.linux-x86_64-3.4/Crypto/Hash/_SHA256.cpython-34m.so
    building 'Crypto.Hash._SHA224' extension
    gcc -pthread -Wno-unused-result -fwrapv -Wall -Wstrict-prototypes -fstack-protector --param=ssp-buffer-size=4 -Wformat -Werror=format-security -fPIC -std=c99 -O3 -fomit-frame-pointer -Isrc/ -I/opt/python/3.4.2/include/python3.4m -c src/SHA224.c -o build/temp.linux-x86_64-3.4/src/SHA224.o
    gcc -pthread -shared -L/opt/python/3.4.2/lib -Wl,-rpath=/opt/python/3.4.2/lib build/temp.linux-x86_64-3.4/src/SHA224.o -L/opt/python/3.4.2/lib -lpython3.4m -o build/lib.linux-x86_64-3.4/Crypto/Hash/_SHA224.cpython-34m.so
    building 'Crypto.Hash._SHA384' extension
    gcc -pthread -Wno-unused-result -fwrapv -Wall -Wstrict-prototypes -fstack-protector --param=ssp-buffer-size=4 -Wformat -Werror=format-security -fPIC -std=c99 -O3 -fomit-frame-pointer -Isrc/ -I/opt/python/3.4.2/include/python3.4m -c src/SHA384.c -o build/temp.linux-x86_64-3.4/src/SHA384.o
    gcc -pthread -shared -L/opt/python/3.4.2/lib -Wl,-rpath=/opt/python/3.4.2/lib build/temp.linux-x86_64-3.4/src/SHA384.o -L/opt/python/3.4.2/lib -lpython3.4m -o build/lib.linux-x86_64-3.4/Crypto/Hash/_SHA384.cpython-34m.so
    building 'Crypto.Hash._SHA512' extension
    gcc -pthread -Wno-unused-result -fwrapv -Wall -Wstrict-prototypes -fstack-protector --param=ssp-buffer-size=4 -Wformat -Werror=format-security -fPIC -std=c99 -O3 -fomit-frame-pointer -Isrc/ -I/opt/python/3.4.2/include/python3.4m -c src/SHA512.c -o build/temp.linux-x86_64-3.4/src/SHA512.o
    gcc -pthread -shared -L/opt/python/3.4.2/lib -Wl,-rpath=/opt/python/3.4.2/lib build/temp.linux-x86_64-3.4/src/SHA512.o -L/opt/python/3.4.2/lib -lpython3.4m -o build/lib.linux-x86_64-3.4/Crypto/Hash/_SHA512.cpython-34m.so
    building 'Crypto.Hash._RIPEMD160' extension
    gcc -pthread -Wno-unused-result -fwrapv -Wall -Wstrict-prototypes -fstack-protector --param=ssp-buffer-size=4 -Wformat -Werror=format-security -fPIC -std=c99 -O3 -fomit-frame-pointer -DPCT_LITTLE_ENDIAN=1 -Isrc/ -I/opt/python/3.4.2/include/python3.4m -c src/RIPEMD160.c -o build/temp.linux-x86_64-3.4/src/RIPEMD160.o
    gcc -pthread -shared -L/opt/python/3.4.2/lib -Wl,-rpath=/opt/python/3.4.2/lib build/temp.linux-x86_64-3.4/src/RIPEMD160.o -L/opt/python/3.4.2/lib -lpython3.4m -o build/lib.linux-x86_64-3.4/Crypto/Hash/_RIPEMD160.cpython-34m.so
    building 'Crypto.Cipher._AES' extension
    gcc -pthread -Wno-unused-result -fwrapv -Wall -Wstrict-prototypes -fstack-protector --param=ssp-buffer-size=4 -Wformat -Werror=format-security -fPIC -std=c99 -O3 -fomit-frame-pointer -Isrc/ -I/opt/python/3.4.2/include/python3.4m -c src/AES.c -o build/temp.linux-x86_64-3.4/src/AES.o
    gcc -pthread -shared -L/opt/python/3.4.2/lib -Wl,-rpath=/opt/python/3.4.2/lib build/temp.linux-x86_64-3.4/src/AES.o -L/opt/python/3.4.2/lib -lpython3.4m -o build/lib.linux-x86_64-3.4/Crypto/Cipher/_AES.cpython-34m.so
    building 'Crypto.Cipher._ARC2' extension
    gcc -pthread -Wno-unused-result -fwrapv -Wall -Wstrict-prototypes -fstack-protector --param=ssp-buffer-size=4 -Wformat -Werror=format-security -fPIC -std=c99 -O3 -fomit-frame-pointer -Isrc/ -I/opt/python/3.4.2/include/python3.4m -c src/ARC2.c -o build/temp.linux-x86_64-3.4/src/ARC2.o
    gcc -pthread -shared -L/opt/python/3.4.2/lib -Wl,-rpath=/opt/python/3.4.2/lib build/temp.linux-x86_64-3.4/src/ARC2.o -L/opt/python/3.4.2/lib -lpython3.4m -o build/lib.linux-x86_64-3.4/Crypto/Cipher/_ARC2.cpython-34m.so
    building 'Crypto.Cipher._Blowfish' extension
    gcc -pthread -Wno-unused-result -fwrapv -Wall -Wstrict-prototypes -fstack-protector --param=ssp-buffer-size=4 -Wformat -Werror=format-security -fPIC -std=c99 -O3 -fomit-frame-pointer -Isrc/ -I/opt/python/3.4.2/include/python3.4m -c src/Blowfish.c -o build/temp.linux-x86_64-3.4/src/Blowfish.o
    gcc -pthread -shared -L/opt/python/3.4.2/lib -Wl,-rpath=/opt/python/3.4.2/lib build/temp.linux-x86_64-3.4/src/Blowfish.o -L/opt/python/3.4.2/lib -lpython3.4m -o build/lib.linux-x86_64-3.4/Crypto/Cipher/_Blowfish.cpython-34m.so
    building 'Crypto.Cipher._CAST' extension
    gcc -pthread -Wno-unused-result -fwrapv -Wall -Wstrict-prototypes -fstack-protector --param=ssp-buffer-size=4 -Wformat -Werror=format-security -fPIC -std=c99 -O3 -fomit-frame-pointer -Isrc/ -I/opt/python/3.4.2/include/python3.4m -c src/CAST.c -o build/temp.linux-x86_64-3.4/src/CAST.o
    gcc -pthread -shared -L/opt/python/3.4.2/lib -Wl,-rpath=/opt/python/3.4.2/lib build/temp.linux-x86_64-3.4/src/CAST.o -L/opt/python/3.4.2/lib -lpython3.4m -o build/lib.linux-x86_64-3.4/Crypto/Cipher/_CAST.cpython-34m.so
    building 'Crypto.Cipher._DES' extension
    gcc -pthread -Wno-unused-result -fwrapv -Wall -Wstrict-prototypes -fstack-protector --param=ssp-buffer-size=4 -Wformat -Werror=format-security -fPIC -std=c99 -O3 -fomit-frame-pointer -Isrc/ -Isrc/libtom/ -I/opt/python/3.4.2/include/python3.4m -c src/DES.c -o build/temp.linux-x86_64-3.4/src/DES.o
    gcc -pthread -shared -L/opt/python/3.4.2/lib -Wl,-rpath=/opt/python/3.4.2/lib build/temp.linux-x86_64-3.4/src/DES.o -L/opt/python/3.4.2/lib -lpython3.4m -o build/lib.linux-x86_64-3.4/Crypto/Cipher/_DES.cpython-34m.so
    building 'Crypto.Cipher._DES3' extension
    gcc -pthread -Wno-unused-result -fwrapv -Wall -Wstrict-prototypes -fstack-protector --param=ssp-buffer-size=4 -Wformat -Werror=format-security -fPIC -std=c99 -O3 -fomit-frame-pointer -Isrc/ -Isrc/libtom/ -I/opt/python/3.4.2/include/python3.4m -c src/DES3.c -o build/temp.linux-x86_64-3.4/src/DES3.o
    gcc -pthread -shared -L/opt/python/3.4.2/lib -Wl,-rpath=/opt/python/3.4.2/lib build/temp.linux-x86_64-3.4/src/DES3.o -L/opt/python/3.4.2/lib -lpython3.4m -o build/lib.linux-x86_64-3.4/Crypto/Cipher/_DES3.cpython-34m.so
    building 'Crypto.Cipher._ARC4' extension
    gcc -pthread -Wno-unused-result -fwrapv -Wall -Wstrict-prototypes -fstack-protector --param=ssp-buffer-size=4 -Wformat -Werror=format-security -fPIC -std=c99 -O3 -fomit-frame-pointer -Isrc/ -I/opt/python/3.4.2/include/python3.4m -c src/ARC4.c -o build/temp.linux-x86_64-3.4/src/ARC4.o
    gcc -pthread -shared -L/opt/python/3.4.2/lib -Wl,-rpath=/opt/python/3.4.2/lib build/temp.linux-x86_64-3.4/src/ARC4.o -L/opt/python/3.4.2/lib -lpython3.4m -o build/lib.linux-x86_64-3.4/Crypto/Cipher/_ARC4.cpython-34m.so
    building 'Crypto.Cipher._XOR' extension
    gcc -pthread -Wno-unused-result -fwrapv -Wall -Wstrict-prototypes -fstack-protector --param=ssp-buffer-size=4 -Wformat -Werror=format-security -fPIC -std=c99 -O3 -fomit-frame-pointer -Isrc/ -I/opt/python/3.4.2/include/python3.4m -c src/XOR.c -o build/temp.linux-x86_64-3.4/src/XOR.o
    gcc -pthread -shared -L/opt/python/3.4.2/lib -Wl,-rpath=/opt/python/3.4.2/lib build/temp.linux-x86_64-3.4/src/XOR.o -L/opt/python/3.4.2/lib -lpython3.4m -o build/lib.linux-x86_64-3.4/Crypto/Cipher/_XOR.cpython-34m.so
    building 'Crypto.Util.strxor' extension
    gcc -pthread -Wno-unused-result -fwrapv -Wall -Wstrict-prototypes -fstack-protector --param=ssp-buffer-size=4 -Wformat -Werror=format-security -fPIC -std=c99 -O3 -fomit-frame-pointer -Isrc/ -I/opt/python/3.4.2/include/python3.4m -c src/strxor.c -o build/temp.linux-x86_64-3.4/src/strxor.o
    gcc -pthread -shared -L/opt/python/3.4.2/lib -Wl,-rpath=/opt/python/3.4.2/lib build/temp.linux-x86_64-3.4/src/strxor.o -L/opt/python/3.4.2/lib -lpython3.4m -o build/lib.linux-x86_64-3.4/Crypto/Util/strxor.cpython-34m.so
    building 'Crypto.Util._counter' extension
    gcc -pthread -Wno-unused-result -fwrapv -Wall -Wstrict-prototypes -fstack-protector --param=ssp-buffer-size=4 -Wformat -Werror=format-security -fPIC -std=c99 -O3 -fomit-frame-pointer -Isrc/ -I/opt/python/3.4.2/include/python3.4m -c src/_counter.c -o build/temp.linux-x86_64-3.4/src/_counter.o
    gcc -pthread -shared -L/opt/python/3.4.2/lib -Wl,-rpath=/opt/python/3.4.2/lib build/temp.linux-x86_64-3.4/src/_counter.o -L/opt/python/3.4.2/lib -lpython3.4m -o build/lib.linux-x86_64-3.4/Crypto/Util/_counter.cpython-34m.so
    warning: GMP or MPIR library not found; Not building Crypto.PublicKey._fastmath.
Successfully installed ecdsa-0.16.1 paramiko pycrypto-2.6.1 six-1.15.0

travis_time:end:290a4c76:start=1616926010204748635,finish=1616926032131716319,duration=21926967684[0Ktravis_fold:end:install.1[0Ktravis_fold:start:install.2[0Ktravis_time:start:0e80e7a4[0K$ pip install coveralls==1.1
Collecting coveralls==1.1
  Downloading https://files.pythonhosted.org/packages/81/f9/da2ad9334f60e418cb229c58724330be2635b369676d3eec8f61e1f85faa/coveralls-1.1-py2.py3-none-any.whl
Collecting coverage>=3.6 (from coveralls==1.1)
  Downloading https://files.pythonhosted.org/packages/38/df/d5e67851e83948def768d7fb1a0fd373665b20f56ff63ed220c6cd16cb11/coverage-5.5.tar.gz (691kB)
    /opt/python/3.4.2/lib/python3.4/distutils/dist.py:260: UserWarning: Unknown distribution option: 'project_urls'
      warnings.warn(msg)
    /opt/python/3.4.2/lib/python3.4/distutils/dist.py:260: UserWarning: Unknown distribution option: 'long_description_content_type'
      warnings.warn(msg)
    /opt/python/3.4.2/lib/python3.4/distutils/dist.py:260: UserWarning: Unknown distribution option: 'python_requires'
      warnings.warn(msg)
Collecting docopt>=0.6.1 (from coveralls==1.1)
  Downloading https://files.pythonhosted.org/packages/a2/55/8f8cab2afd404cf578136ef2cc5dfb50baa1761b68c9da1fb1e4eed343c9/docopt-0.6.2.tar.gz
Collecting requests>=1.0.0 (from coveralls==1.1)
  Downloading https://files.pythonhosted.org/packages/29/c1/24814557f1d22c56d50280771a17307e6bf87b70727d975fd6b2ce6b014a/requests-2.25.1-py2.py3-none-any.whl (61kB)
Collecting chardet<5,>=3.0.2 (from requests>=1.0.0->coveralls==1.1)
  Downloading https://files.pythonhosted.org/packages/19/c7/fa589626997dd07bd87d9269342ccb74b1720384a4d739a1872bd84fbe68/chardet-4.0.0-py2.py3-none-any.whl (178kB)
Collecting idna<3,>=2.5 (from requests>=1.0.0->coveralls==1.1)
  Downloading https://files.pythonhosted.org/packages/a2/38/928ddce2273eaa564f6f50de919327bf3a00f091b5baba8dfa9460f3a8a8/idna-2.10-py2.py3-none-any.whl (58kB)
Collecting urllib3<1.27,>=1.21.1 (from requests>=1.0.0->coveralls==1.1)
  Downloading https://files.pythonhosted.org/packages/09/c6/d3e3abe5b4f4f16cf0dfc9240ab7ce10c2baa0e268989a4e3ec19e90c84e/urllib3-1.26.4-py2.py3-none-any.whl (153kB)
Collecting certifi>=2017.4.17 (from requests>=1.0.0->coveralls==1.1)
  Downloading https://files.pythonhosted.org/packages/5e/a0/5f06e1e1d463903cf0c0eebeb751791119ed7a4b3737fdc9a77f1cdfb51f/certifi-2020.12.5-py2.py3-none-any.whl (147kB)
Installing collected packages: certifi, urllib3, idna, chardet, requests, docopt, coverage, coveralls





  Running setup.py install for docopt
  Running setup.py install for coverage
    building 'coverage.tracer' extension
    gcc -pthread -Wno-unused-result -DNDEBUG -g -fwrapv -O3 -Wall -Wstrict-prototypes -g -fstack-protector --param=ssp-buffer-size=4 -Wformat -Werror=format-security -fPIC -I/opt/python/3.4.2/include/python3.4m -c coverage/ctracer/datastack.c -o build/temp.linux-x86_64-3.4/coverage/ctracer/datastack.o
    gcc -pthread -Wno-unused-result -DNDEBUG -g -fwrapv -O3 -Wall -Wstrict-prototypes -g -fstack-protector --param=ssp-buffer-size=4 -Wformat -Werror=format-security -fPIC -I/opt/python/3.4.2/include/python3.4m -c coverage/ctracer/filedisp.c -o build/temp.linux-x86_64-3.4/coverage/ctracer/filedisp.o
    gcc -pthread -Wno-unused-result -DNDEBUG -g -fwrapv -O3 -Wall -Wstrict-prototypes -g -fstack-protector --param=ssp-buffer-size=4 -Wformat -Werror=format-security -fPIC -I/opt/python/3.4.2/include/python3.4m -c coverage/ctracer/module.c -o build/temp.linux-x86_64-3.4/coverage/ctracer/module.o
    gcc -pthread -Wno-unused-result -DNDEBUG -g -fwrapv -O3 -Wall -Wstrict-prototypes -g -fstack-protector --param=ssp-buffer-size=4 -Wformat -Werror=format-security -fPIC -I/opt/python/3.4.2/include/python3.4m -c coverage/ctracer/tracer.c -o build/temp.linux-x86_64-3.4/coverage/ctracer/tracer.o
    gcc -pthread -shared -L/opt/python/3.4.2/lib -Wl,-rpath=/opt/python/3.4.2/lib build/temp.linux-x86_64-3.4/coverage/ctracer/datastack.o build/temp.linux-x86_64-3.4/coverage/ctracer/filedisp.o build/temp.linux-x86_64-3.4/coverage/ctracer/module.o build/temp.linux-x86_64-3.4/coverage/ctracer/tracer.o -L/opt/python/3.4.2/lib -lpython3.4m -o build/lib.linux-x86_64-3.4/coverage/tracer.cpython-34m.so
    /opt/python/3.4.2/lib/python3.4/distutils/dist.py:260: UserWarning: Unknown distribution option: 'python_requires'
      warnings.warn(msg)
    /opt/python/3.4.2/lib/python3.4/distutils/dist.py:260: UserWarning: Unknown distribution option: 'long_description_content_type'
      warnings.warn(msg)
    /opt/python/3.4.2/lib/python3.4/distutils/dist.py:260: UserWarning: Unknown distribution option: 'project_urls'
      warnings.warn(msg)
    Installing coverage3 script to /home/travis/virtualenv/python3.4.2/bin
    Installing coverage script to /home/travis/virtualenv/python3.4.2/bin
    Installing coverage-3.4 script to /home/travis/virtualenv/python3.4.2/bin

Successfully installed certifi-2020.12.5 chardet-4.0.0 coverage-5.5 coveralls-1.1 docopt-0.6.2 idna-2.10 requests-2.25.1 urllib3-1.26.4

travis_time:end:0e80e7a4:start=1616926032144361434,finish=1616926037841565537,duration=5697204103[0Ktravis_fold:end:install.2[0Ktravis_fold:start:install.3[0Ktravis_time:start:0909579c[0K$ pip install -r dev-requirements.txt
Collecting tox==2.3.1 (from -r dev-requirements.txt (line 2))
  Downloading https://files.pythonhosted.org/packages/7d/8c/58d0e478afe366fc1c5ca5994558adf9375d7e60ac866d8fdb6046e0e776/tox-2.3.1-py2.py3-none-any.whl (40kB)
Collecting invoke==0.13.0 (from -r dev-requirements.txt (line 4))
  Downloading https://files.pythonhosted.org/packages/06/22/6e9884b4600c1017d0b2d12b9dc7962bc323b9541793cbb1291367e917f7/invoke-0.13.0-py3-none-any.whl (122kB)
Collecting invocations==0.13.0 (from -r dev-requirements.txt (line 5))
  Downloading https://files.pythonhosted.org/packages/68/5f/6ab93f8426bb872d02eb7a97ed60536374d05f553d928820d3717a4242b8/invocations-0.13.0-py2.py3-none-any.whl
Collecting sphinx==1.4.5 (from -r dev-requirements.txt (line 6))
  Downloading https://files.pythonhosted.org/packages/d1/ad/9fe56e099e0bd288f1fdc037c2146b0698e2cba1d9a48636660f39a0e791/Sphinx-1.4.5-py2.py3-none-any.whl (1.6MB)
Collecting alabaster==0.7.8 (from -r dev-requirements.txt (line 7))
  Downloading https://files.pythonhosted.org/packages/a4/c6/dd6bd26e13ae655e70f6f79acd46e86a3abd4e308083c4daae5a80ccb122/alabaster-0.7.8-py2.py3-none-any.whl
Collecting releases==1.2.0 (from -r dev-requirements.txt (line 8))
  Downloading https://files.pythonhosted.org/packages/49/8b/c14ac8b116675d37dd73d9754e78792700e58851cfa4d62ab7b7f985f5f5/releases-1.2.0.tar.gz
Collecting semantic-version==2.5.0 (from -r dev-requirements.txt (line 9))
  Downloading https://files.pythonhosted.org/packages/bd/8d/49a968bafda84c2f1c39a9ed429e37cb75cc03896e8d6b873001e6456fad/semantic_version-2.5.0-py3-none-any.whl
Requirement already satisfied (use --upgrade to upgrade): wheel==0.24 in /home/travis/virtualenv/python3.4.2/lib/python3.4/site-packages (from -r dev-requirements.txt (line 10))
Collecting twine==1.5 (from -r dev-requirements.txt (line 11))
  Downloading https://files.pythonhosted.org/packages/b6/57/a4148d05bd0098c1d6d8cc4e14e766dbe93c3a5ab6723b969da27a87bac0/twine-1.5.0-py2.py3-none-any.whl
Collecting virtualenv>=1.11.2 (from tox==2.3.1->-r dev-requirements.txt (line 2))
  Downloading https://files.pythonhosted.org/packages/91/fb/ca6c071f4231e06a9f0c3bd81c15c233bbacd4a7d9dbb7438d95fece8a1e/virtualenv-20.4.3-py2.py3-none-any.whl (7.2MB)
Requirement already satisfied (use --upgrade to upgrade): py>=1.4.17 in /home/travis/virtualenv/python3.4.2/lib/python3.4/site-packages (from tox==2.3.1->-r dev-requirements.txt (line 2))
Collecting pluggy<0.4.0,>=0.3.0 (from tox==2.3.1->-r dev-requirements.txt (line 2))
  Downloading https://files.pythonhosted.org/packages/d3/ff/d63342af76d20f9b94c2138aef8739df23311e3ce8a8ae7e4b0733ab0827/pluggy-0.3.1-py2.py3-none-any.whl
Collecting Jinja2>=2.3 (from sphinx==1.4.5->-r dev-requirements.txt (line 6))
  Downloading https://files.pythonhosted.org/packages/7e/c2/1eece8c95ddbc9b1aeb64f5783a9e07a286de42191b7204d67b7496ddf35/Jinja2-2.11.3-py2.py3-none-any.whl (125kB)
Collecting snowballstemmer>=1.1 (from sphinx==1.4.5->-r dev-requirements.txt (line 6))
  Downloading https://files.pythonhosted.org/packages/f6/6e/7e07970c90a57c21da92013c5ba47f8e9598c17e88cc35b008ca61225ed3/snowballstemmer-2.1.0-py2.py3-none-any.whl (93kB)
Collecting babel!=2.0,>=1.3 (from sphinx==1.4.5->-r dev-requirements.txt (line 6))
  Downloading https://files.pythonhosted.org/packages/dd/a5/81076e10b5ef74493cf08a8e419e61b64324c9c55db4aa7f89c0240c4873/Babel-2.9.0-py2.py3-none-any.whl (8.8MB)
Collecting Pygments>=2.0 (from sphinx==1.4.5->-r dev-requirements.txt (line 6))
  Downloading https://files.pythonhosted.org/packages/3a/80/a52c0a7c5939737c6dca75a831e89658ecb6f590fb7752ac777d221937b9/Pygments-2.8.1-py3-none-any.whl (983kB)
Requirement already satisfied (use --upgrade to upgrade): six>=1.4 in /home/travis/virtualenv/python3.4.2/lib/python3.4/site-packages (from sphinx==1.4.5->-r dev-requirements.txt (line 6))
Collecting docutils>=0.11 (from sphinx==1.4.5->-r dev-requirements.txt (line 6))
  Downloading https://files.pythonhosted.org/packages/81/44/8a15e45ffa96e6cf82956dd8d7af9e666357e16b0d93b253903475ee947f/docutils-0.16-py2.py3-none-any.whl (548kB)
Collecting imagesize (from sphinx==1.4.5->-r dev-requirements.txt (line 6))
  Downloading https://files.pythonhosted.org/packages/31/b2/b5522a0c8d11e4aff83f8342f3f0dea68c2fb25aa44403e420587f0ce204/imagesize-1.2.0-py2.py3-none-any.whl
Requirement already satisfied (use --upgrade to upgrade): requests in /home/travis/virtualenv/python3.4.2/lib/python3.4/site-packages (from twine==1.5->-r dev-requirements.txt (line 11))
Collecting pkginfo (from twine==1.5->-r dev-requirements.txt (line 11))
  Downloading https://files.pythonhosted.org/packages/b0/9a/d78e7c299eb5659bc3a036e5a968a399c62bfe0b2aa18baf7d13f43373ba/pkginfo-1.7.0-py2.py3-none-any.whl
Collecting importlib-resources>=1.0 (from virtualenv>=1.11.2->tox==2.3.1->-r dev-requirements.txt (line 2))
  Downloading https://files.pythonhosted.org/packages/f0/5e/69e6a0602c1f18d390952177de648468c4a380252858b0022affc3ce7811/importlib_resources-5.1.2-py3-none-any.whl
Collecting filelock<4,>=3.0.0 (from virtualenv>=1.11.2->tox==2.3.1->-r dev-requirements.txt (line 2))
  Downloading https://files.pythonhosted.org/packages/93/83/71a2ee6158bb9f39a90c0dea1637f81d5eef866e188e1971a1b1ab01a35a/filelock-3.0.12-py3-none-any.whl
Collecting distlib<1,>=0.3.1 (from virtualenv>=1.11.2->tox==2.3.1->-r dev-requirements.txt (line 2))
  Downloading https://files.pythonhosted.org/packages/f5/0a/490fa011d699bb5a5f3a0cf57de82237f52a6db9d40f33c53b2736c9a1f9/distlib-0.3.1-py2.py3-none-any.whl (335kB)
Collecting appdirs<2,>=1.4.3 (from virtualenv>=1.11.2->tox==2.3.1->-r dev-requirements.txt (line 2))
  Downloading https://files.pythonhosted.org/packages/3b/00/2344469e2084fb287c2e0b57b72910309874c3245463acd6cf5e3db69324/appdirs-1.4.4-py2.py3-none-any.whl
Collecting importlib-metadata>=0.12 (from virtualenv>=1.11.2->tox==2.3.1->-r dev-requirements.txt (line 2))
  Downloading https://files.pythonhosted.org/packages/d9/10/191b97506cd4cceb4b860fb5c75b26feeefbca5a8f7f4687bca71e215cc6/importlib_metadata-3.9.0-py3-none-any.whl
Collecting MarkupSafe>=0.23 (from Jinja2>=2.3->sphinx==1.4.5->-r dev-requirements.txt (line 6))
  Downloading https://files.pythonhosted.org/packages/b9/2e/64db92e53b86efccfaea71321f597fa2e1b2bd3853d8ce658568f7a13094/MarkupSafe-1.1.1.tar.gz
    /opt/python/3.4.2/lib/python3.4/distutils/dist.py:260: UserWarning: Unknown distribution option: 'python_requires'
      warnings.warn(msg)
    /opt/python/3.4.2/lib/python3.4/distutils/dist.py:260: UserWarning: Unknown distribution option: 'project_urls'
      warnings.warn(msg)
Collecting pytz>=2015.7 (from babel!=2.0,>=1.3->sphinx==1.4.5->-r dev-requirements.txt (line 6))
  Downloading https://files.pythonhosted.org/packages/70/94/784178ca5dd892a98f113cdd923372024dc04b8d40abe77ca76b5fb90ca6/pytz-2021.1-py2.py3-none-any.whl (510kB)
Requirement already satisfied (use --upgrade to upgrade): certifi>=2017.4.17 in /home/travis/virtualenv/python3.4.2/lib/python3.4/site-packages (from requests->twine==1.5->-r dev-requirements.txt (line 11))
Requirement already satisfied (use --upgrade to upgrade): idna<3,>=2.5 in /home/travis/virtualenv/python3.4.2/lib/python3.4/site-packages (from requests->twine==1.5->-r dev-requirements.txt (line 11))
Requirement already satisfied (use --upgrade to upgrade): urllib3<1.27,>=1.21.1 in /home/travis/virtualenv/python3.4.2/lib/python3.4/site-packages (from requests->twine==1.5->-r dev-requirements.txt (line 11))
Requirement already satisfied (use --upgrade to upgrade): chardet<5,>=3.0.2 in /home/travis/virtualenv/python3.4.2/lib/python3.4/site-packages (from requests->twine==1.5->-r dev-requirements.txt (line 11))
Collecting zipp>=0.4 (from importlib-resources>=1.0->virtualenv>=1.11.2->tox==2.3.1->-r dev-requirements.txt (line 2))
  Downloading https://files.pythonhosted.org/packages/0f/8c/715c54e9e34c0c4820f616a913a7de3337d0cd79074dd1bed4dd840f16ae/zipp-3.4.1-py3-none-any.whl
Collecting typing-extensions>=3.6.4 (from importlib-metadata>=0.12->virtualenv>=1.11.2->tox==2.3.1->-r dev-requirements.txt (line 2))
  Downloading https://files.pythonhosted.org/packages/60/7a/e881b5abb54db0e6e671ab088d079c57ce54e8a01a3ca443f561ccadb37e/typing_extensions-3.7.4.3-py3-none-any.whl
Collecting typing>=3.7.4 (from typing-extensions>=3.6.4->importlib-metadata>=0.12->virtualenv>=1.11.2->tox==2.3.1->-r dev-requirements.txt (line 2))
  Downloading https://files.pythonhosted.org/packages/05/d9/6eebe19d46bd05360c9a9aae822e67a80f9242aabbfc58b641b957546607/typing-3.7.4.3.tar.gz (78kB)
    /opt/python/3.4.2/lib/python3.4/distutils/dist.py:260: UserWarning: Unknown distribution option: 'python_requires'
      warnings.warn(msg)
    /opt/python/3.4.2/lib/python3.4/distutils/dist.py:260: UserWarning: Unknown distribution option: 'project_urls'
      warnings.warn(msg)
Installing collected packages: typing, typing-extensions, zipp, pytz, MarkupSafe, importlib-metadata, appdirs, distlib, filelock, importlib-resources, pkginfo, imagesize, docutils, Pygments, babel, snowballstemmer, Jinja2, pluggy, virtualenv, twine, semantic-version, releases, alabaster, sphinx, invocations, invoke, tox
  Running setup.py install for typing
    /opt/python/3.4.2/lib/python3.4/distutils/dist.py:260: UserWarning: Unknown distribution option: 'project_urls'
      warnings.warn(msg)
    /opt/python/3.4.2/lib/python3.4/distutils/dist.py:260: UserWarning: Unknown distribution option: 'python_requires'
      warnings.warn(msg)



  Running setup.py install for MarkupSafe
    /opt/python/3.4.2/lib/python3.4/distutils/dist.py:260: UserWarning: Unknown distribution option: 'project_urls'
      warnings.warn(msg)
    /opt/python/3.4.2/lib/python3.4/distutils/dist.py:260: UserWarning: Unknown distribution option: 'python_requires'
      warnings.warn(msg)
    building 'markupsafe._speedups' extension
    gcc -pthread -Wno-unused-result -DNDEBUG -g -fwrapv -O3 -Wall -Wstrict-prototypes -g -fstack-protector --param=ssp-buffer-size=4 -Wformat -Werror=format-security -fPIC -I/opt/python/3.4.2/include/python3.4m -c src/markupsafe/_speedups.c -o build/temp.linux-x86_64-3.4/src/markupsafe/_speedups.o
    gcc -pthread -shared -L/opt/python/3.4.2/lib -Wl,-rpath=/opt/python/3.4.2/lib build/temp.linux-x86_64-3.4/src/markupsafe/_speedups.o -L/opt/python/3.4.2/lib -lpython3.4m -o build/lib.linux-x86_64-3.4/markupsafe/_speedups.cpython-34m.so
  
  




  
  
  
  







  
  
  
  





  Running setup.py install for releases





Successfully installed Jinja2-2.11.3 MarkupSafe-1.1.1 Pygments-2.8.1 alabaster-0.7.8 appdirs-1.4.4 babel-2.9.0 distlib-0.3.1 docutils-0.16 filelock-3.0.12 imagesize-1.2.0 importlib-metadata-3.9.0 importlib-resources-5.1.2 invocations-0.13.0 invoke-0.13.0 pkginfo-1.7.0 pluggy-0.3.1 pytz-2021.1 releases-1.2.0 semantic-version-2.5.0 snowballstemmer-2.1.0 sphinx-1.4.5 tox-2.3.1 twine-1.5.0 typing-3.7.4.3 typing-extensions-3.7.4.3 virtualenv-20.4.3 zipp-3.4.1

travis_time:end:0909579c:start=1616926037852832281,finish=1616926054339853449,duration=16487021168[0Ktravis_fold:end:install.3[0Ktravis_time:start:09a3152c[0K$ inv test --coverage
Traceback (most recent call last):
  File "/home/travis/virtualenv/python3.4.2/bin/inv", line 11, in <module>
    sys.exit(program.run())
  File "/home/travis/virtualenv/python3.4.2/lib/python3.4/site-packages/invoke/program.py", line 269, in run
    self._parse(argv)
  File "/home/travis/virtualenv/python3.4.2/lib/python3.4/site-packages/invoke/program.py", line 325, in _parse
    self.load_collection()
  File "/home/travis/virtualenv/python3.4.2/lib/python3.4/site-packages/invoke/program.py", line 473, in load_collection
    coll = loader.load(coll_name) if coll_name else loader.load()
  File "/home/travis/virtualenv/python3.4.2/lib/python3.4/site-packages/invoke/loader.py", line 53, in load
    module = imp.load_module(name, fd, path, desc)
  File "/home/travis/virtualenv/python3.4.2/lib/python3.4/imp.py", line 235, in load_module
    return load_source(name, filename, file)
  File "/home/travis/virtualenv/python3.4.2/lib/python3.4/imp.py", line 171, in load_source
    module = methods.load()
  File "<frozen importlib._bootstrap>", line 1220, in load
  File "<frozen importlib._bootstrap>", line 1200, in _load_unlocked
  File "<frozen importlib._bootstrap>", line 1129, in _exec
  File "<frozen importlib._bootstrap>", line 1471, in exec_module
  File "<frozen importlib._bootstrap>", line 321, in _call_with_frames_removed
  File "/home/travis/build/failed/paramiko/paramiko/tasks.py", line 5, in <module>
    from invoke import Collection, ctask as task
ImportError: cannot import name 'ctask'

travis_time:end:09a3152c:start=1616926054351519653,finish=1616926054585556237,duration=234036584[0K
[31;1mThe command "inv test --coverage" exited with 1.[0m
travis_time:start:1e1ea7a6[0K$ invoke docs -o -W www -o -W
Traceback (most recent call last):
  File "/home/travis/virtualenv/python3.4.2/bin/invoke", line 11, in <module>
    sys.exit(program.run())
  File "/home/travis/virtualenv/python3.4.2/lib/python3.4/site-packages/invoke/program.py", line 269, in run
    self._parse(argv)
  File "/home/travis/virtualenv/python3.4.2/lib/python3.4/site-packages/invoke/program.py", line 325, in _parse
    self.load_collection()
  File "/home/travis/virtualenv/python3.4.2/lib/python3.4/site-packages/invoke/program.py", line 473, in load_collection
    coll = loader.load(coll_name) if coll_name else loader.load()
  File "/home/travis/virtualenv/python3.4.2/lib/python3.4/site-packages/invoke/loader.py", line 53, in load
    module = imp.load_module(name, fd, path, desc)
  File "/home/travis/virtualenv/python3.4.2/lib/python3.4/imp.py", line 235, in load_module
    return load_source(name, filename, file)
  File "/home/travis/virtualenv/python3.4.2/lib/python3.4/imp.py", line 171, in load_source
    module = methods.load()
  File "<frozen importlib._bootstrap>", line 1220, in load
  File "<frozen importlib._bootstrap>", line 1200, in _load_unlocked
  File "<frozen importlib._bootstrap>", line 1129, in _exec
  File "<frozen importlib._bootstrap>", line 1471, in exec_module
  File "<frozen importlib._bootstrap>", line 321, in _call_with_frames_removed
  File "/home/travis/build/failed/paramiko/paramiko/tasks.py", line 5, in <module>
    from invoke import Collection, ctask as task
ImportError: cannot import name 'ctask'

travis_time:end:1e1ea7a6:start=1616926054597408046,finish=1616926054733604628,duration=136196582[0K
[31;1mThe command "invoke docs -o -W www -o -W" exited with 1.[0m
travis_fold:start:cache.2[0Kstore build cache
travis_time:start:0a0b7d49[0K
travis_time:end:0a0b7d49:start=1616926054747225385,finish=1616926054757039598,duration=9814213[0Ktravis_time:start:2f5b59be[0K/home/travis/.casher/bin/casher:190: warning: Insecure world writable dir /home/travis/build/failed/paramiko/paramiko/. in PATH, mode 040777
[32;1mchanges detected, packing new archive[0m
/home/travis/.casher/bin/casher:213:in `cache_archive_name': undefined method `[]' for nil:NilClass (NoMethodError)
	from /home/travis/.casher/bin/casher:143:in `push'
	from /home/travis/.casher/bin/casher:53:in `block in run'
	from /home/travis/.rvm/rubies/ruby-1.9.3-p551/lib/ruby/1.9.1/timeout.rb:69:in `timeout'
	from /home/travis/.casher/bin/casher:53:in `run'
	from /home/travis/.casher/bin/casher:263:in `<main>'

travis_time:end:2f5b59be:start=1616926054768236785,finish=1616926057581772621,duration=2813535836[0Ktravis_fold:end:cache.2[0K
Done. Your build exited with 1.
