travis_fold:start:system_info[0K[33;1mBuild system information[0m
Build language: java
Build group: stable
Build dist: precise
Build id: ''
Job id: ''
[34m[1mBuild image provisioning date and time[0m
Thu Feb  5 15:09:33 UTC 2015
[34m[1mOperating System Details[0m
Distributor ID:	Ubuntu
Description:	Ubuntu 12.04.5 LTS
Release:	12.04
Codename:	precise
[34m[1mLinux Version[0m
3.13.0-29-generic
[34m[1mCookbooks Version[0m
a68419e https://github.com/travis-ci/travis-cookbooks/tree/a68419e
[34m[1mGCC version[0m
gcc (Ubuntu/Linaro 4.6.3-1ubuntu5) 4.6.3
Copyright (C) 2011 Free Software Foundation, Inc.
This is free software; see the source for copying conditions.  There is NO
warranty; not even for MERCHANTABILITY or FITNESS FOR A PARTICULAR PURPOSE.

[34m[1mLLVM version[0m
clang version 3.4 (tags/RELEASE_34/final)
Target: x86_64-unknown-linux-gnu
Thread model: posix
[34m[1mPre-installed Ruby versions[0m
ruby-1.9.3-p551
[34m[1mPre-installed Node.js versions[0m
v0.10.36
[34m[1mPre-installed Go versions[0m
1.4.1
[34m[1mRedis version[0m
redis-server 2.8.19
[34m[1mriak version[0m
2.0.2
[34m[1mMongoDB version[0m
MongoDB 2.4.12
[34m[1mCouchDB version[0m
couchdb 1.6.1
[34m[1mNeo4j version[0m
1.9.4
[34m[1mRabbitMQ Version[0m
3.4.3
[34m[1mElasticSearch version[0m
1.4.0
[34m[1mInstalled Sphinx versions[0m
2.0.10
2.1.9
2.2.6
[34m[1mDefault Sphinx version[0m
2.2.6
[34m[1mInstalled Firefox version[0m
firefox 31.0esr
[34m[1mPhantomJS version[0m
1.9.8
[34m[1mant -version[0m
Apache Ant(TM) version 1.8.2 compiled on December 3 2011
[34m[1mmvn -version[0m
Apache Maven 3.2.5 (12a6b3acb947671f09b81f49094c53f426d8cea1; 2014-12-14T17:29:23+00:00)
Maven home: /usr/local/maven
Java version: 1.7.0_76, vendor: Oracle Corporation
Java home: /usr/lib/jvm/java-7-oracle/jre
Default locale: en_US, platform encoding: ANSI_X3.4-1968
OS name: "linux", version: "3.13.0-29-generic", arch: "amd64", family: "unix"
travis_fold:end:system_info[0K
W: GPG error: http://apt.postgresql.org precise-pgdg Release: The following signatures were invalid: KEYEXPIRED 1562078959
W: Failed to fetch http://ppa.launchpad.net/travis-ci/zero-mq/ubuntu/dists/precise/main/binary-amd64/Packages  403  Forbidden

W: Failed to fetch http://ppa.launchpad.net/travis-ci/zero-mq/ubuntu/dists/precise/main/binary-i386/Packages  403  Forbidden

W: Failed to fetch http://downloads-distro.mongodb.org/repo/debian-sysvinit/dists/dist/10gen/binary-amd64/Packages  Undetermined Error [IP: 52.21.89.200 80]

W: Failed to fetch http://downloads-distro.mongodb.org/repo/debian-sysvinit/dists/dist/10gen/binary-i386/Packages  Undetermined Error [IP: 52.21.89.200 80]

E: Some index files failed to download. They have been ignored, or old ones used instead.
sed: cannot rename /etc/hosts: Device or resource busy
sed: cannot rename /etc/hosts: Device or resource busy
$ jdk_switcher use oraclejdk7
Switching to Oracle JDK7 (java-7-oracle), JAVA_HOME will be set to /usr/lib/jvm/java-7-oracle
$ cd failed/ProjectKorra/ProjectKorra
$ java -Xmx32m -version
java version "1.7.0_76"
Java(TM) SE Runtime Environment (build 1.7.0_76-b13)
Java HotSpot(TM) 64-Bit Server VM (build 24.76-b04, mixed mode)
$ javac -J-Xmx32m -version
javac 1.7.0_76
travis_fold:start:install[0Ktravis_time:start:055dabe2[0K$ mvn install -Dhttps.protocols=TLSv1.2 -Dhttps.protocols=TLSv1.2 -Dhttps.protocols=TLSv1.2 -DskipTests=true -Dmaven.javadoc.skip=true -B -V
Apache Maven 3.2.5 (12a6b3acb947671f09b81f49094c53f426d8cea1; 2014-12-14T17:29:23+00:00)
Maven home: /usr/local/maven
Java version: 1.7.0_76, vendor: Oracle Corporation
Java home: /usr/lib/jvm/java-7-oracle/jre
Default locale: en_US, platform encoding: UTF-8
OS name: "linux", version: "4.15.0-109-generic", arch: "amd64", family: "unix"
[INFO] Scanning for projects...
[WARNING] 
[WARNING] Some problems were encountered while building the effective model for com.projectkorra:projectkorra:jar:don't matter
[WARNING] 'dependencies.dependency.systemPath' for me.ryanhamshire:GriefPrevention:jar should not point at files within the project directory, ${basedir}/lib/GriefPrevention 10.5.3.jar will be unresolvable by dependent projects @ line 142, column 16
[WARNING] 'dependencies.dependency.systemPath' for com.griefcraft:lwc:jar should not point at files within the project directory, ${basedir}/lib/LWC.jar will be unresolvable by dependent projects @ line 159, column 16
[WARNING] 'dependencies.dependency.systemPath' for com.massivecraft:massivecore:jar should not point at files within the project directory, ${basedir}/lib/MassiveCore 2.7.5.jar will be unresolvable by dependent projects @ line 176, column 16
[WARNING] 'dependencies.dependency.systemPath' for fr.neatmonster:nocheatplus:jar should not point at files within the project directory, ${basedir}/lib/NoCheatPlus.jar will be unresolvable by dependent projects @ line 193, column 16
[WARNING] 'dependencies.dependency.systemPath' for com.palmergames.bukkit:towny:jar should not point at files within the project directory, ${basedir}/lib/Towny.jar will be unresolvable by dependent projects @ line 210, column 16
[WARNING] 'dependencies.dependency.systemPath' for com.bekvon.bukkit:residence:jar should not point at files within the project directory, ${basedir}/lib/Residence4.0.0.4.jar will be unresolvable by dependent projects @ line 227, column 16
[WARNING] 'dependencies.dependency.systemPath' for com.projectkorra:spirits:jar should not point at files within the project directory, ${basedir}/lib/ProjectKorraSpirits.jar will be unresolvable by dependent projects @ line 244, column 16
[WARNING] 'dependencies.dependency.systemPath' for com.projectkorra:rpg:jar should not point at files within the project directory, ${basedir}/lib/ProjectKorraRPG.jar will be unresolvable by dependent projects @ line 261, column 16
[WARNING] 'dependencies.dependency.systemPath' for com.projectkorra:items:jar should not point at files within the project directory, ${basedir}/lib/ProjectKorraItems.jar will be unresolvable by dependent projects @ line 278, column 16
[WARNING] 'dependencies.dependency.systemPath' for net.sacredlabyrinth.Phaed:PreciousStones:jar should not point at files within the project directory, ${basedir}/lib/PreciousStones 9.7.1.jar will be unresolvable by dependent projects @ line 295, column 16
[WARNING] 'dependencies.dependency.systemPath' for com.massivecraft:factions:jar should not point at files within the project directory, ${basedir}/lib/Factions 2.7.5.jar will be unresolvable by dependent projects @ line 312, column 16
[WARNING] 
[WARNING] It is highly recommended to fix these problems because they threaten the stability of your build.
[WARNING] 
[WARNING] For this reason, future Maven versions might no longer support building such malformed projects.
[WARNING] 
[INFO]                                                                         
[INFO] ------------------------------------------------------------------------
[INFO] Building projectkorra don't matter
[INFO] ------------------------------------------------------------------------
[INFO] Downloading: https://repo.maven.apache.org/maven2/org/apache/maven/plugins/maven-resources-plugin/2.6/maven-resources-plugin-2.6.pom
[INFO] Downloaded: https://repo.maven.apache.org/maven2/org/apache/maven/plugins/maven-resources-plugin/2.6/maven-resources-plugin-2.6.pom (8 KB at 18.9 KB/sec)
[INFO] Downloading: https://repo.maven.apache.org/maven2/org/apache/maven/plugins/maven-plugins/23/maven-plugins-23.pom
[INFO] Downloaded: https://repo.maven.apache.org/maven2/org/apache/maven/plugins/maven-plugins/23/maven-plugins-23.pom (9 KB at 359.3 KB/sec)
[INFO] Downloading: https://repo.maven.apache.org/maven2/org/apache/maven/maven-parent/22/maven-parent-22.pom
[INFO] Downloaded: https://repo.maven.apache.org/maven2/org/apache/maven/maven-parent/22/maven-parent-22.pom (30 KB at 854.3 KB/sec)
[INFO] Downloading: https://repo.maven.apache.org/maven2/org/apache/apache/11/apache-11.pom
[INFO] Downloaded: https://repo.maven.apache.org/maven2/org/apache/apache/11/apache-11.pom (15 KB at 657.4 KB/sec)
[INFO] Downloading: https://repo.maven.apache.org/maven2/org/apache/maven/plugins/maven-resources-plugin/2.6/maven-resources-plugin-2.6.jar
[INFO] Downloaded: https://repo.maven.apache.org/maven2/org/apache/maven/plugins/maven-resources-plugin/2.6/maven-resources-plugin-2.6.jar (29 KB at 800.8 KB/sec)
[INFO] Downloading: https://repo.maven.apache.org/maven2/org/apache/maven/plugins/maven-compiler-plugin/3.1/maven-compiler-plugin-3.1.pom
[INFO] Downloaded: https://repo.maven.apache.org/maven2/org/apache/maven/plugins/maven-compiler-plugin/3.1/maven-compiler-plugin-3.1.pom (10 KB at 453.2 KB/sec)
[INFO] Downloading: https://repo.maven.apache.org/maven2/org/apache/maven/plugins/maven-plugins/24/maven-plugins-24.pom
[INFO] Downloaded: https://repo.maven.apache.org/maven2/org/apache/maven/plugins/maven-plugins/24/maven-plugins-24.pom (11 KB at 479.7 KB/sec)
[INFO] Downloading: https://repo.maven.apache.org/maven2/org/apache/maven/maven-parent/23/maven-parent-23.pom
[INFO] Downloaded: https://repo.maven.apache.org/maven2/org/apache/maven/maven-parent/23/maven-parent-23.pom (32 KB at 1178.6 KB/sec)
[INFO] Downloading: https://repo.maven.apache.org/maven2/org/apache/apache/13/apache-13.pom
[INFO] Downloaded: https://repo.maven.apache.org/maven2/org/apache/apache/13/apache-13.pom (14 KB at 568.6 KB/sec)
[INFO] Downloading: https://repo.maven.apache.org/maven2/org/apache/maven/plugins/maven-compiler-plugin/3.1/maven-compiler-plugin-3.1.jar
[INFO] Downloaded: https://repo.maven.apache.org/maven2/org/apache/maven/plugins/maven-compiler-plugin/3.1/maven-compiler-plugin-3.1.jar (42 KB at 1103.7 KB/sec)
[INFO] Downloading: https://repo.maven.apache.org/maven2/org/apache/maven/plugins/maven-surefire-plugin/2.12.4/maven-surefire-plugin-2.12.4.pom
[INFO] Downloaded: https://repo.maven.apache.org/maven2/org/apache/maven/plugins/maven-surefire-plugin/2.12.4/maven-surefire-plugin-2.12.4.pom (11 KB at 538.4 KB/sec)
[INFO] Downloading: https://repo.maven.apache.org/maven2/org/apache/maven/surefire/surefire/2.12.4/surefire-2.12.4.pom
[INFO] Downloaded: https://repo.maven.apache.org/maven2/org/apache/maven/surefire/surefire/2.12.4/surefire-2.12.4.pom (14 KB at 673.3 KB/sec)
[INFO] Downloading: https://repo.maven.apache.org/maven2/org/apache/maven/plugins/maven-surefire-plugin/2.12.4/maven-surefire-plugin-2.12.4.jar
[INFO] Downloaded: https://repo.maven.apache.org/maven2/org/apache/maven/plugins/maven-surefire-plugin/2.12.4/maven-surefire-plugin-2.12.4.jar (30 KB at 929.6 KB/sec)
[INFO] Downloading: https://repo.maven.apache.org/maven2/org/apache/maven/plugins/maven-jar-plugin/2.4/maven-jar-plugin-2.4.pom
[INFO] Downloaded: https://repo.maven.apache.org/maven2/org/apache/maven/plugins/maven-jar-plugin/2.4/maven-jar-plugin-2.4.pom (6 KB at 299.9 KB/sec)
[INFO] Downloading: https://repo.maven.apache.org/maven2/org/apache/maven/plugins/maven-plugins/22/maven-plugins-22.pom
[INFO] Downloaded: https://repo.maven.apache.org/maven2/org/apache/maven/plugins/maven-plugins/22/maven-plugins-22.pom (13 KB at 606.4 KB/sec)
[INFO] Downloading: https://repo.maven.apache.org/maven2/org/apache/maven/maven-parent/21/maven-parent-21.pom
[INFO] Downloaded: https://repo.maven.apache.org/maven2/org/apache/maven/maven-parent/21/maven-parent-21.pom (26 KB at 1029.6 KB/sec)
[INFO] Downloading: https://repo.maven.apache.org/maven2/org/apache/apache/10/apache-10.pom
[INFO] Downloaded: https://repo.maven.apache.org/maven2/org/apache/apache/10/apache-10.pom (15 KB at 688.2 KB/sec)
[INFO] Downloading: https://repo.maven.apache.org/maven2/org/apache/maven/plugins/maven-jar-plugin/2.4/maven-jar-plugin-2.4.jar
[INFO] Downloaded: https://repo.maven.apache.org/maven2/org/apache/maven/plugins/maven-jar-plugin/2.4/maven-jar-plugin-2.4.jar (34 KB at 1329.0 KB/sec)
[INFO] Downloading: https://repo.maven.apache.org/maven2/org/apache/maven/plugins/maven-install-plugin/2.4/maven-install-plugin-2.4.pom
[INFO] Downloaded: https://repo.maven.apache.org/maven2/org/apache/maven/plugins/maven-install-plugin/2.4/maven-install-plugin-2.4.pom (7 KB at 328.0 KB/sec)
[INFO] Downloading: https://repo.maven.apache.org/maven2/org/apache/maven/plugins/maven-install-plugin/2.4/maven-install-plugin-2.4.jar
[INFO] Downloaded: https://repo.maven.apache.org/maven2/org/apache/maven/plugins/maven-install-plugin/2.4/maven-install-plugin-2.4.jar (27 KB at 940.0 KB/sec)
[INFO] Downloading: https://hub.spigotmc.org/nexus/content/repositories/snapshots/org/spigotmc/spigot-api/1.10.2-R0.1-SNAPSHOT/maven-metadata.xml
[INFO] Downloading: https://nexus.codehaus.org/snapshots/org/spigotmc/spigot-api/1.10.2-R0.1-SNAPSHOT/maven-metadata.xml
[INFO] Downloading: https://oss.sonatype.org/content/repositories/snapshots/org/spigotmc/spigot-api/1.10.2-R0.1-SNAPSHOT/maven-metadata.xml
[INFO] Downloading: https://repository.apache.org/snapshots/org/spigotmc/spigot-api/1.10.2-R0.1-SNAPSHOT/maven-metadata.xml
[INFO] Downloading: http://maven.sk89q.com/repo/org/spigotmc/spigot-api/1.10.2-R0.1-SNAPSHOT/maven-metadata.xml
[INFO] Downloaded: https://hub.spigotmc.org/nexus/content/repositories/snapshots/org/spigotmc/spigot-api/1.10.2-R0.1-SNAPSHOT/maven-metadata.xml (2 KB at 3.2 KB/sec)
[WARNING] Could not transfer metadata org.spigotmc:spigot-api:1.10.2-R0.1-SNAPSHOT/maven-metadata.xml from/to codehaus-snapshots (https://nexus.codehaus.org/snapshots/): nexus.codehaus.org
[WARNING] Failure to transfer org.spigotmc:spigot-api:1.10.2-R0.1-SNAPSHOT/maven-metadata.xml from https://nexus.codehaus.org/snapshots/ was cached in the local repository, resolution will not be reattempted until the update interval of codehaus-snapshots has elapsed or updates are forced. Original error: Could not transfer metadata org.spigotmc:spigot-api:1.10.2-R0.1-SNAPSHOT/maven-metadata.xml from/to codehaus-snapshots (https://nexus.codehaus.org/snapshots/): nexus.codehaus.org
[INFO] Downloading: https://oss.sonatype.org/content/repositories/snapshots/org/spigotmc/spigot-api/1.10.2-R0.1-SNAPSHOT/spigot-api-1.10.2-R0.1-20161106.012206-93.pom
[INFO] Downloading: https://repository.apache.org/snapshots/org/spigotmc/spigot-api/1.10.2-R0.1-SNAPSHOT/spigot-api-1.10.2-R0.1-20161106.012206-93.pom
[INFO] Downloading: https://nexus.codehaus.org/snapshots/org/spigotmc/spigot-api/1.10.2-R0.1-SNAPSHOT/spigot-api-1.10.2-R0.1-20161106.012206-93.pom
[INFO] Downloading: https://hub.spigotmc.org/nexus/content/repositories/snapshots/org/spigotmc/spigot-api/1.10.2-R0.1-SNAPSHOT/spigot-api-1.10.2-R0.1-20161106.012206-93.pom
[INFO] Downloaded: https://hub.spigotmc.org/nexus/content/repositories/snapshots/org/spigotmc/spigot-api/1.10.2-R0.1-SNAPSHOT/spigot-api-1.10.2-R0.1-20161106.012206-93.pom (7 KB at 22.8 KB/sec)
[INFO] Downloading: http://insecure.repo1.maven.org/maven2/org/sonatype/oss/oss-parent/9/oss-parent-9.pom
[INFO] Downloaded: http://insecure.repo1.maven.org/maven2/org/sonatype/oss/oss-parent/9/oss-parent-9.pom (7 KB at 183.3 KB/sec)
[INFO] Downloading: http://insecure.repo1.maven.org/maven2/commons-lang/commons-lang/2.6/commons-lang-2.6.pom
[INFO] Downloaded: http://insecure.repo1.maven.org/maven2/commons-lang/commons-lang/2.6/commons-lang-2.6.pom (18 KB at 610.1 KB/sec)
[INFO] Downloading: http://insecure.repo1.maven.org/maven2/org/apache/commons/commons-parent/17/commons-parent-17.pom
[INFO] Downloaded: http://insecure.repo1.maven.org/maven2/org/apache/commons/commons-parent/17/commons-parent-17.pom (31 KB at 895.7 KB/sec)
[INFO] Downloading: http://insecure.repo1.maven.org/maven2/org/apache/apache/7/apache-7.pom
[INFO] Downloaded: http://insecure.repo1.maven.org/maven2/org/apache/apache/7/apache-7.pom (15 KB at 542.0 KB/sec)
[INFO] Downloading: http://insecure.repo1.maven.org/maven2/com/googlecode/json-simple/json-simple/1.1.1/json-simple-1.1.1.pom
[INFO] Downloaded: http://insecure.repo1.maven.org/maven2/com/googlecode/json-simple/json-simple/1.1.1/json-simple-1.1.1.pom (4 KB at 153.8 KB/sec)
[INFO] Downloading: http://insecure.repo1.maven.org/maven2/junit/junit/4.10/junit-4.10.pom
[INFO] Downloaded: http://insecure.repo1.maven.org/maven2/junit/junit/4.10/junit-4.10.pom (3 KB at 104.1 KB/sec)
[INFO] Downloading: http://insecure.repo1.maven.org/maven2/org/hamcrest/hamcrest-core/1.1/hamcrest-core-1.1.pom
[INFO] Downloaded: http://insecure.repo1.maven.org/maven2/org/hamcrest/hamcrest-core/1.1/hamcrest-core-1.1.pom (481 B at 21.4 KB/sec)
[INFO] Downloading: http://insecure.repo1.maven.org/maven2/org/hamcrest/hamcrest-parent/1.1/hamcrest-parent-1.1.pom
[INFO] Downloaded: http://insecure.repo1.maven.org/maven2/org/hamcrest/hamcrest-parent/1.1/hamcrest-parent-1.1.pom (6 KB at 239.1 KB/sec)
[INFO] Downloading: http://insecure.repo1.maven.org/maven2/com/google/guava/guava/17.0/guava-17.0.pom
[INFO] Downloaded: http://insecure.repo1.maven.org/maven2/com/google/guava/guava/17.0/guava-17.0.pom (6 KB at 229.2 KB/sec)
[INFO] Downloading: http://insecure.repo1.maven.org/maven2/com/google/guava/guava-parent/17.0/guava-parent-17.0.pom
[INFO] Downloaded: http://insecure.repo1.maven.org/maven2/com/google/guava/guava-parent/17.0/guava-parent-17.0.pom (8 KB at 306.0 KB/sec)
[INFO] Downloading: http://insecure.repo1.maven.org/maven2/org/sonatype/oss/oss-parent/7/oss-parent-7.pom
[INFO] Downloaded: http://insecure.repo1.maven.org/maven2/org/sonatype/oss/oss-parent/7/oss-parent-7.pom (5 KB at 224.3 KB/sec)
[INFO] Downloading: http://insecure.repo1.maven.org/maven2/com/google/code/gson/gson/2.2.4/gson-2.2.4.pom
[INFO] Downloaded: http://insecure.repo1.maven.org/maven2/com/google/code/gson/gson/2.2.4/gson-2.2.4.pom (8 KB at 327.1 KB/sec)
[INFO] Downloading: http://insecure.repo1.maven.org/maven2/org/avaje/ebean/2.8.1/ebean-2.8.1.pom
[INFO] Downloaded: http://insecure.repo1.maven.org/maven2/org/avaje/ebean/2.8.1/ebean-2.8.1.pom (18 KB at 588.9 KB/sec)
[INFO] Downloading: http://insecure.repo1.maven.org/maven2/org/sonatype/oss/oss-parent/5/oss-parent-5.pom
[INFO] Downloaded: http://insecure.repo1.maven.org/maven2/org/sonatype/oss/oss-parent/5/oss-parent-5.pom (4 KB at 173.3 KB/sec)
[INFO] Downloading: http://insecure.repo1.maven.org/maven2/javax/persistence/persistence-api/1.0/persistence-api-1.0.pom
[INFO] Downloaded: http://insecure.repo1.maven.org/maven2/javax/persistence/persistence-api/1.0/persistence-api-1.0.pom (2 KB at 60.8 KB/sec)
[INFO] Downloading: http://insecure.repo1.maven.org/maven2/org/yaml/snakeyaml/1.15/snakeyaml-1.15.pom
[INFO] Downloaded: http://insecure.repo1.maven.org/maven2/org/yaml/snakeyaml/1.15/snakeyaml-1.15.pom (26 KB at 802.1 KB/sec)
[INFO] Downloading: https://repository.apache.org/snapshots/net/md-5/bungeecord-chat/1.10-SNAPSHOT/maven-metadata.xml
[INFO] Downloading: https://oss.sonatype.org/content/repositories/snapshots/net/md-5/bungeecord-chat/1.10-SNAPSHOT/maven-metadata.xml
[INFO] Downloading: https://nexus.codehaus.org/snapshots/net/md-5/bungeecord-chat/1.10-SNAPSHOT/maven-metadata.xml
[INFO] Downloading: https://hub.spigotmc.org/nexus/content/repositories/snapshots/net/md-5/bungeecord-chat/1.10-SNAPSHOT/maven-metadata.xml
[INFO] Downloading: http://maven.sk89q.com/repo/net/md-5/bungeecord-chat/1.10-SNAPSHOT/maven-metadata.xml
[INFO] Downloading: https://oss.sonatype.org/content/repositories/snapshots/net/md-5/bungeecord-chat/1.10-SNAPSHOT/maven-metadata.xml
[INFO] Downloaded: https://oss.sonatype.org/content/repositories/snapshots/net/md-5/bungeecord-chat/1.10-SNAPSHOT/maven-metadata.xml (2 KB at 3.1 KB/sec)
[INFO] Downloaded: https://oss.sonatype.org/content/repositories/snapshots/net/md-5/bungeecord-chat/1.10-SNAPSHOT/maven-metadata.xml (2 KB at 3.2 KB/sec)
[WARNING] Could not transfer metadata net.md-5:bungeecord-chat:1.10-SNAPSHOT/maven-metadata.xml from/to codehaus-snapshots (https://nexus.codehaus.org/snapshots/): nexus.codehaus.org
[WARNING] Failure to transfer net.md-5:bungeecord-chat:1.10-SNAPSHOT/maven-metadata.xml from https://nexus.codehaus.org/snapshots/ was cached in the local repository, resolution will not be reattempted until the update interval of codehaus-snapshots has elapsed or updates are forced. Original error: Could not transfer metadata net.md-5:bungeecord-chat:1.10-SNAPSHOT/maven-metadata.xml from/to codehaus-snapshots (https://nexus.codehaus.org/snapshots/): nexus.codehaus.org
[INFO] Downloading: https://oss.sonatype.org/content/repositories/snapshots/net/md-5/bungeecord-chat/1.10-SNAPSHOT/bungeecord-chat-1.10-20161106.005337-42.pom
[INFO] Downloaded: https://oss.sonatype.org/content/repositories/snapshots/net/md-5/bungeecord-chat/1.10-SNAPSHOT/bungeecord-chat-1.10-20161106.005337-42.pom (2 KB at 5.8 KB/sec)
[INFO] Downloading: https://oss.sonatype.org/content/repositories/snapshots/net/md-5/bungeecord-parent/1.10-SNAPSHOT/maven-metadata.xml
[INFO] Downloading: https://repository.apache.org/snapshots/net/md-5/bungeecord-parent/1.10-SNAPSHOT/maven-metadata.xml
[INFO] Downloading: https://nexus.codehaus.org/snapshots/net/md-5/bungeecord-parent/1.10-SNAPSHOT/maven-metadata.xml
[INFO] Downloading: https://hub.spigotmc.org/nexus/content/repositories/snapshots/net/md-5/bungeecord-parent/1.10-SNAPSHOT/maven-metadata.xml
[INFO] Downloading: http://maven.sk89q.com/repo/net/md-5/bungeecord-parent/1.10-SNAPSHOT/maven-metadata.xml
[INFO] Downloaded: https://oss.sonatype.org/content/repositories/snapshots/net/md-5/bungeecord-parent/1.10-SNAPSHOT/maven-metadata.xml (602 B at 3.0 KB/sec)
[INFO] Downloading: https://oss.sonatype.org/content/repositories/snapshots/net/md-5/bungeecord-parent/1.10-SNAPSHOT/maven-metadata.xml
[INFO] Downloaded: https://oss.sonatype.org/content/repositories/snapshots/net/md-5/bungeecord-parent/1.10-SNAPSHOT/maven-metadata.xml (602 B at 3.1 KB/sec)
[WARNING] Could not transfer metadata net.md-5:bungeecord-parent:1.10-SNAPSHOT/maven-metadata.xml from/to codehaus-snapshots (https://nexus.codehaus.org/snapshots/): nexus.codehaus.org
[INFO] Downloading: https://oss.sonatype.org/content/repositories/snapshots/net/md-5/bungeecord-parent/1.10-SNAPSHOT/bungeecord-parent-1.10-20161106.005327-42.pom
[INFO] Downloaded: https://oss.sonatype.org/content/repositories/snapshots/net/md-5/bungeecord-parent/1.10-SNAPSHOT/bungeecord-parent-1.10-20161106.005327-42.pom (7 KB at 26.9 KB/sec)
[INFO] Downloading: http://insecure.repo1.maven.org/maven2/com/google/code/gson/gson/2.3.1/gson-2.3.1.pom
[INFO] Downloaded: http://insecure.repo1.maven.org/maven2/com/google/code/gson/gson/2.3.1/gson-2.3.1.pom (9 KB at 326.2 KB/sec)
[INFO] Downloading: http://insecure.repo1.maven.org/maven2/com/google/guava/guava/18.0/guava-18.0.pom
[INFO] Downloaded: http://insecure.repo1.maven.org/maven2/com/google/guava/guava/18.0/guava-18.0.pom (6 KB at 240.6 KB/sec)
[INFO] Downloading: http://insecure.repo1.maven.org/maven2/com/google/guava/guava-parent/18.0/guava-parent-18.0.pom
[INFO] Downloaded: http://insecure.repo1.maven.org/maven2/com/google/guava/guava-parent/18.0/guava-parent-18.0.pom (8 KB at 312.7 KB/sec)
[INFO] Downloading: https://oss.sonatype.org/content/repositories/snapshots/com/sk89q/worldguard/6.1.1-SNAPSHOT/maven-metadata.xml
[INFO] Downloading: https://nexus.codehaus.org/snapshots/com/sk89q/worldguard/6.1.1-SNAPSHOT/maven-metadata.xml
[INFO] Downloading: https://repository.apache.org/snapshots/com/sk89q/worldguard/6.1.1-SNAPSHOT/maven-metadata.xml
[INFO] Downloading: https://hub.spigotmc.org/nexus/content/repositories/snapshots/com/sk89q/worldguard/6.1.1-SNAPSHOT/maven-metadata.xml
[INFO] Downloading: http://maven.sk89q.com/repo/com/sk89q/worldguard/6.1.1-SNAPSHOT/maven-metadata.xml
[INFO] Downloaded: http://maven.sk89q.com/repo/com/sk89q/worldguard/6.1.1-SNAPSHOT/maven-metadata.xml (2 KB at 4.6 KB/sec)
[WARNING] Could not transfer metadata com.sk89q:worldguard:6.1.1-SNAPSHOT/maven-metadata.xml from/to codehaus-snapshots (https://nexus.codehaus.org/snapshots/): nexus.codehaus.org
[WARNING] Failure to transfer com.sk89q:worldguard:6.1.1-SNAPSHOT/maven-metadata.xml from https://nexus.codehaus.org/snapshots/ was cached in the local repository, resolution will not be reattempted until the update interval of codehaus-snapshots has elapsed or updates are forced. Original error: Could not transfer metadata com.sk89q:worldguard:6.1.1-SNAPSHOT/maven-metadata.xml from/to codehaus-snapshots (https://nexus.codehaus.org/snapshots/): nexus.codehaus.org
[INFO] Downloading: https://oss.sonatype.org/content/repositories/snapshots/com/sk89q/worldguard/6.1.1-SNAPSHOT/worldguard-6.1.1-20150928.003559-16.pom
[INFO] Downloading: https://repository.apache.org/snapshots/com/sk89q/worldguard/6.1.1-SNAPSHOT/worldguard-6.1.1-20150928.003559-16.pom
[INFO] Downloading: https://nexus.codehaus.org/snapshots/com/sk89q/worldguard/6.1.1-SNAPSHOT/worldguard-6.1.1-20150928.003559-16.pom
[INFO] Downloading: https://hub.spigotmc.org/nexus/content/repositories/snapshots/com/sk89q/worldguard/6.1.1-SNAPSHOT/worldguard-6.1.1-20150928.003559-16.pom
[INFO] Downloading: http://maven.sk89q.com/repo/com/sk89q/worldguard/6.1.1-SNAPSHOT/worldguard-6.1.1-20150928.003559-16.pom
[INFO] Downloaded: http://maven.sk89q.com/repo/com/sk89q/worldguard/6.1.1-SNAPSHOT/worldguard-6.1.1-20150928.003559-16.pom (14 KB at 43.1 KB/sec)
[INFO] Downloading: http://insecure.repo1.maven.org/maven2/com/sk89q/worldedit/5.5.8/worldedit-5.5.8.pom
[INFO] Downloading: https://oss.sonatype.org/content/repositories/releases/com/sk89q/worldedit/5.5.8/worldedit-5.5.8.pom
[INFO] Downloading: https://repository.apache.org/releases/com/sk89q/worldedit/5.5.8/worldedit-5.5.8.pom
[INFO] Downloading: https://hub.spigotmc.org/nexus/content/repositories/snapshots/com/sk89q/worldedit/5.5.8/worldedit-5.5.8.pom
[INFO] Downloading: http://maven.sk89q.com/repo/com/sk89q/worldedit/5.5.8/worldedit-5.5.8.pom
[INFO] Downloaded: http://maven.sk89q.com/repo/com/sk89q/worldedit/5.5.8/worldedit-5.5.8.pom (13 KB at 46.5 KB/sec)
[INFO] Downloading: http://insecure.repo1.maven.org/maven2/de/schlichtherle/truezip/6.8.3/truezip-6.8.3.pom
[INFO] Downloaded: http://insecure.repo1.maven.org/maven2/de/schlichtherle/truezip/6.8.3/truezip-6.8.3.pom (5 KB at 182.9 KB/sec)
[INFO] Downloading: http://insecure.repo1.maven.org/maven2/de/schlichtherle/asl20-oss-parent/13/asl20-oss-parent-13.pom
[INFO] Downloaded: http://insecure.repo1.maven.org/maven2/de/schlichtherle/asl20-oss-parent/13/asl20-oss-parent-13.pom (10 KB at 37.4 KB/sec)
[INFO] Downloading: http://insecure.repo1.maven.org/maven2/rhino/js/1.7R2/js-1.7R2.pom
[INFO] Downloaded: http://insecure.repo1.maven.org/maven2/rhino/js/1.7R2/js-1.7R2.pom (832 B at 38.7 KB/sec)
[INFO] Downloading: http://insecure.repo1.maven.org/maven2/com/sk89q/jchronic/0.2.4a/jchronic-0.2.4a.pom
[INFO] Downloading: https://oss.sonatype.org/content/repositories/releases/com/sk89q/jchronic/0.2.4a/jchronic-0.2.4a.pom
[INFO] Downloading: https://repository.apache.org/releases/com/sk89q/jchronic/0.2.4a/jchronic-0.2.4a.pom
[INFO] Downloading: https://hub.spigotmc.org/nexus/content/repositories/snapshots/com/sk89q/jchronic/0.2.4a/jchronic-0.2.4a.pom
[INFO] Downloading: http://maven.sk89q.com/repo/com/sk89q/jchronic/0.2.4a/jchronic-0.2.4a.pom
[WARNING] Could not validate integrity of download from http://maven.sk89q.com/repo/com/sk89q/jchronic/0.2.4a/jchronic-0.2.4a.pom: Checksum validation failed, no checksums available
[WARNING] Checksum validation failed, no checksums available for http://maven.sk89q.com/repo/com/sk89q/jchronic/0.2.4a/jchronic-0.2.4a.pom
[INFO] Downloaded: http://maven.sk89q.com/repo/com/sk89q/jchronic/0.2.4a/jchronic-0.2.4a.pom (2 KB at 3.5 KB/sec)
[INFO] Downloading: http://insecure.repo1.maven.org/maven2/junit/junit/4.8.1/junit-4.8.1.pom
[INFO] Downloaded: http://insecure.repo1.maven.org/maven2/junit/junit/4.8.1/junit-4.8.1.pom (949 B at 32.0 KB/sec)
[INFO] Downloading: https://oss.sonatype.org/content/repositories/snapshots/com/sk89q/spigot/bukkit-classloader-check/1.8-R0.1-SNAPSHOT/maven-metadata.xml
[INFO] Downloading: https://repository.apache.org/snapshots/com/sk89q/spigot/bukkit-classloader-check/1.8-R0.1-SNAPSHOT/maven-metadata.xml
[INFO] Downloading: https://nexus.codehaus.org/snapshots/com/sk89q/spigot/bukkit-classloader-check/1.8-R0.1-SNAPSHOT/maven-metadata.xml
[INFO] Downloading: https://hub.spigotmc.org/nexus/content/repositories/snapshots/com/sk89q/spigot/bukkit-classloader-check/1.8-R0.1-SNAPSHOT/maven-metadata.xml
[INFO] Downloading: http://maven.sk89q.com/repo/com/sk89q/spigot/bukkit-classloader-check/1.8-R0.1-SNAPSHOT/maven-metadata.xml
[INFO] Downloaded: http://maven.sk89q.com/repo/com/sk89q/spigot/bukkit-classloader-check/1.8-R0.1-SNAPSHOT/maven-metadata.xml (794 B at 2.2 KB/sec)
[WARNING] Could not transfer metadata com.sk89q.spigot:bukkit-classloader-check:1.8-R0.1-SNAPSHOT/maven-metadata.xml from/to codehaus-snapshots (https://nexus.codehaus.org/snapshots/): nexus.codehaus.org
[WARNING] Failure to transfer com.sk89q.spigot:bukkit-classloader-check:1.8-R0.1-SNAPSHOT/maven-metadata.xml from https://nexus.codehaus.org/snapshots/ was cached in the local repository, resolution will not be reattempted until the update interval of codehaus-snapshots has elapsed or updates are forced. Original error: Could not transfer metadata com.sk89q.spigot:bukkit-classloader-check:1.8-R0.1-SNAPSHOT/maven-metadata.xml from/to codehaus-snapshots (https://nexus.codehaus.org/snapshots/): nexus.codehaus.org
[INFO] Downloading: https://oss.sonatype.org/content/repositories/snapshots/com/sk89q/spigot/bukkit-classloader-check/1.8-R0.1-SNAPSHOT/bukkit-classloader-check-1.8-R0.1-20150203.002820-2.pom
[INFO] Downloading: https://repository.apache.org/snapshots/com/sk89q/spigot/bukkit-classloader-check/1.8-R0.1-SNAPSHOT/bukkit-classloader-check-1.8-R0.1-20150203.002820-2.pom
[INFO] Downloading: https://nexus.codehaus.org/snapshots/com/sk89q/spigot/bukkit-classloader-check/1.8-R0.1-SNAPSHOT/bukkit-classloader-check-1.8-R0.1-20150203.002820-2.pom
[INFO] Downloading: https://hub.spigotmc.org/nexus/content/repositories/snapshots/com/sk89q/spigot/bukkit-classloader-check/1.8-R0.1-SNAPSHOT/bukkit-classloader-check-1.8-R0.1-20150203.002820-2.pom
[INFO] Downloading: http://maven.sk89q.com/repo/com/sk89q/spigot/bukkit-classloader-check/1.8-R0.1-SNAPSHOT/bukkit-classloader-check-1.8-R0.1-20150203.002820-2.pom
[INFO] Downloaded: http://maven.sk89q.com/repo/com/sk89q/spigot/bukkit-classloader-check/1.8-R0.1-SNAPSHOT/bukkit-classloader-check-1.8-R0.1-20150203.002820-2.pom (6 KB at 25.3 KB/sec)
[INFO] Downloading: http://insecure.repo1.maven.org/maven2/org/yaml/snakeyaml/1.14/snakeyaml-1.14.pom
[INFO] Downloaded: http://insecure.repo1.maven.org/maven2/org/yaml/snakeyaml/1.14/snakeyaml-1.14.pom (24 KB at 749.3 KB/sec)
[INFO] Downloading: https://oss.sonatype.org/content/repositories/snapshots/org/bukkit/bukkit/1.8.6-R0.1-SNAPSHOT/maven-metadata.xml
[INFO] Downloading: https://repository.apache.org/snapshots/org/bukkit/bukkit/1.8.6-R0.1-SNAPSHOT/maven-metadata.xml
[INFO] Downloading: https://nexus.codehaus.org/snapshots/org/bukkit/bukkit/1.8.6-R0.1-SNAPSHOT/maven-metadata.xml
[INFO] Downloading: https://hub.spigotmc.org/nexus/content/repositories/snapshots/org/bukkit/bukkit/1.8.6-R0.1-SNAPSHOT/maven-metadata.xml
[INFO] Downloading: http://maven.sk89q.com/repo/org/bukkit/bukkit/1.8.6-R0.1-SNAPSHOT/maven-metadata.xml
[INFO] Downloaded: https://hub.spigotmc.org/nexus/content/repositories/snapshots/org/bukkit/bukkit/1.8.6-R0.1-SNAPSHOT/maven-metadata.xml (2 KB at 3.4 KB/sec)
[WARNING] Could not transfer metadata org.bukkit:bukkit:1.8.6-R0.1-SNAPSHOT/maven-metadata.xml from/to codehaus-snapshots (https://nexus.codehaus.org/snapshots/): nexus.codehaus.org
[WARNING] Failure to transfer org.bukkit:bukkit:1.8.6-R0.1-SNAPSHOT/maven-metadata.xml from https://nexus.codehaus.org/snapshots/ was cached in the local repository, resolution will not be reattempted until the update interval of codehaus-snapshots has elapsed or updates are forced. Original error: Could not transfer metadata org.bukkit:bukkit:1.8.6-R0.1-SNAPSHOT/maven-metadata.xml from/to codehaus-snapshots (https://nexus.codehaus.org/snapshots/): nexus.codehaus.org
[INFO] Downloading: https://oss.sonatype.org/content/repositories/snapshots/org/bukkit/bukkit/1.8.6-R0.1-SNAPSHOT/bukkit-1.8.6-R0.1-20150605.095643-24.pom
[INFO] Downloading: https://repository.apache.org/snapshots/org/bukkit/bukkit/1.8.6-R0.1-SNAPSHOT/bukkit-1.8.6-R0.1-20150605.095643-24.pom
[INFO] Downloading: https://nexus.codehaus.org/snapshots/org/bukkit/bukkit/1.8.6-R0.1-SNAPSHOT/bukkit-1.8.6-R0.1-20150605.095643-24.pom
[INFO] Downloading: https://hub.spigotmc.org/nexus/content/repositories/snapshots/org/bukkit/bukkit/1.8.6-R0.1-SNAPSHOT/bukkit-1.8.6-R0.1-20150605.095643-24.pom
[INFO] Downloaded: https://hub.spigotmc.org/nexus/content/repositories/snapshots/org/bukkit/bukkit/1.8.6-R0.1-SNAPSHOT/bukkit-1.8.6-R0.1-20150605.095643-24.pom (7 KB at 16.5 KB/sec)
[INFO] Downloading: http://insecure.repo1.maven.org/maven2/com/sk89q/commandbook/2.3/commandbook-2.3.pom
[INFO] Downloading: https://oss.sonatype.org/content/repositories/releases/com/sk89q/commandbook/2.3/commandbook-2.3.pom
[INFO] Downloading: https://repository.apache.org/releases/com/sk89q/commandbook/2.3/commandbook-2.3.pom
[INFO] Downloading: https://hub.spigotmc.org/nexus/content/repositories/snapshots/com/sk89q/commandbook/2.3/commandbook-2.3.pom
[INFO] Downloading: http://maven.sk89q.com/repo/com/sk89q/commandbook/2.3/commandbook-2.3.pom
[INFO] Downloaded: http://maven.sk89q.com/repo/com/sk89q/commandbook/2.3/commandbook-2.3.pom (7 KB at 17.9 KB/sec)
[INFO] Downloading: http://insecure.repo1.maven.org/maven2/com/sk89q/worldedit/5.5.6/worldedit-5.5.6.pom
[INFO] Downloading: https://oss.sonatype.org/content/repositories/releases/com/sk89q/worldedit/5.5.6/worldedit-5.5.6.pom
[INFO] Downloading: https://repository.apache.org/releases/com/sk89q/worldedit/5.5.6/worldedit-5.5.6.pom
[INFO] Downloading: https://hub.spigotmc.org/nexus/content/repositories/snapshots/com/sk89q/worldedit/5.5.6/worldedit-5.5.6.pom
[INFO] Downloading: http://maven.sk89q.com/repo/com/sk89q/worldedit/5.5.6/worldedit-5.5.6.pom
[INFO] Downloaded: http://maven.sk89q.com/repo/com/sk89q/worldedit/5.5.6/worldedit-5.5.6.pom (13 KB at 41.9 KB/sec)
[INFO] Downloading: http://insecure.repo1.maven.org/maven2/net/sf/opencsv/opencsv/2.0/opencsv-2.0.pom
[INFO] Downloaded: http://insecure.repo1.maven.org/maven2/net/sf/opencsv/opencsv/2.0/opencsv-2.0.pom (6 KB at 199.2 KB/sec)
[INFO] Downloading: http://insecure.repo1.maven.org/maven2/com/google/code/findbugs/jsr305/1.3.9/jsr305-1.3.9.pom
[INFO] Downloaded: http://insecure.repo1.maven.org/maven2/com/google/code/findbugs/jsr305/1.3.9/jsr305-1.3.9.pom (965 B at 44.9 KB/sec)
[INFO] Downloading: https://repository.apache.org/snapshots/com/sk89q/worldedit/worldedit-bukkit/6.1.4-SNAPSHOT/maven-metadata.xml
[INFO] Downloading: https://oss.sonatype.org/content/repositories/snapshots/com/sk89q/worldedit/worldedit-bukkit/6.1.4-SNAPSHOT/maven-metadata.xml
[INFO] Downloading: https://nexus.codehaus.org/snapshots/com/sk89q/worldedit/worldedit-bukkit/6.1.4-SNAPSHOT/maven-metadata.xml
[INFO] Downloading: https://hub.spigotmc.org/nexus/content/repositories/snapshots/com/sk89q/worldedit/worldedit-bukkit/6.1.4-SNAPSHOT/maven-metadata.xml
[INFO] Downloading: http://maven.sk89q.com/repo/com/sk89q/worldedit/worldedit-bukkit/6.1.4-SNAPSHOT/maven-metadata.xml
[INFO] Downloaded: http://maven.sk89q.com/repo/com/sk89q/worldedit/worldedit-bukkit/6.1.4-SNAPSHOT/maven-metadata.xml (2 KB at 3.9 KB/sec)
[WARNING] Could not transfer metadata com.sk89q.worldedit:worldedit-bukkit:6.1.4-SNAPSHOT/maven-metadata.xml from/to codehaus-snapshots (https://nexus.codehaus.org/snapshots/): nexus.codehaus.org
[WARNING] Failure to transfer com.sk89q.worldedit:worldedit-bukkit:6.1.4-SNAPSHOT/maven-metadata.xml from https://nexus.codehaus.org/snapshots/ was cached in the local repository, resolution will not be reattempted until the update interval of codehaus-snapshots has elapsed or updates are forced. Original error: Could not transfer metadata com.sk89q.worldedit:worldedit-bukkit:6.1.4-SNAPSHOT/maven-metadata.xml from/to codehaus-snapshots (https://nexus.codehaus.org/snapshots/): nexus.codehaus.org
[INFO] Downloading: https://oss.sonatype.org/content/repositories/snapshots/com/sk89q/worldedit/worldedit-bukkit/6.1.4-SNAPSHOT/worldedit-bukkit-6.1.4-20160806.113546-4.pom
[INFO] Downloading: https://repository.apache.org/snapshots/com/sk89q/worldedit/worldedit-bukkit/6.1.4-SNAPSHOT/worldedit-bukkit-6.1.4-20160806.113546-4.pom
[INFO] Downloading: https://nexus.codehaus.org/snapshots/com/sk89q/worldedit/worldedit-bukkit/6.1.4-SNAPSHOT/worldedit-bukkit-6.1.4-20160806.113546-4.pom
[INFO] Downloading: https://hub.spigotmc.org/nexus/content/repositories/snapshots/com/sk89q/worldedit/worldedit-bukkit/6.1.4-SNAPSHOT/worldedit-bukkit-6.1.4-20160806.113546-4.pom
[INFO] Downloading: http://maven.sk89q.com/repo/com/sk89q/worldedit/worldedit-bukkit/6.1.4-SNAPSHOT/worldedit-bukkit-6.1.4-20160806.113546-4.pom
[INFO] Downloaded: http://maven.sk89q.com/repo/com/sk89q/worldedit/worldedit-bukkit/6.1.4-SNAPSHOT/worldedit-bukkit-6.1.4-20160806.113546-4.pom (2 KB at 0.9 KB/sec)
[INFO] Downloading: https://oss.sonatype.org/content/repositories/snapshots/org/bukkit/bukkit/1.9.4-R0.1-SNAPSHOT/maven-metadata.xml
[INFO] Downloading: https://nexus.codehaus.org/snapshots/org/bukkit/bukkit/1.9.4-R0.1-SNAPSHOT/maven-metadata.xml
[INFO] Downloading: https://repository.apache.org/snapshots/org/bukkit/bukkit/1.9.4-R0.1-SNAPSHOT/maven-metadata.xml
[INFO] Downloading: https://hub.spigotmc.org/nexus/content/repositories/snapshots/org/bukkit/bukkit/1.9.4-R0.1-SNAPSHOT/maven-metadata.xml
[INFO] Downloading: http://maven.sk89q.com/repo/org/bukkit/bukkit/1.9.4-R0.1-SNAPSHOT/maven-metadata.xml
[INFO] Downloaded: https://hub.spigotmc.org/nexus/content/repositories/snapshots/org/bukkit/bukkit/1.9.4-R0.1-SNAPSHOT/maven-metadata.xml (2 KB at 4.4 KB/sec)
[WARNING] Could not transfer metadata org.bukkit:bukkit:1.9.4-R0.1-SNAPSHOT/maven-metadata.xml from/to codehaus-snapshots (https://nexus.codehaus.org/snapshots/): nexus.codehaus.org
[WARNING] Failure to transfer org.bukkit:bukkit:1.9.4-R0.1-SNAPSHOT/maven-metadata.xml from https://nexus.codehaus.org/snapshots/ was cached in the local repository, resolution will not be reattempted until the update interval of codehaus-snapshots has elapsed or updates are forced. Original error: Could not transfer metadata org.bukkit:bukkit:1.9.4-R0.1-SNAPSHOT/maven-metadata.xml from/to codehaus-snapshots (https://nexus.codehaus.org/snapshots/): nexus.codehaus.org
[INFO] Downloading: https://oss.sonatype.org/content/repositories/snapshots/org/bukkit/bukkit/1.9.4-R0.1-SNAPSHOT/bukkit-1.9.4-R0.1-20160603.113520-25.pom
[INFO] Downloading: https://repository.apache.org/snapshots/org/bukkit/bukkit/1.9.4-R0.1-SNAPSHOT/bukkit-1.9.4-R0.1-20160603.113520-25.pom
[INFO] Downloading: https://nexus.codehaus.org/snapshots/org/bukkit/bukkit/1.9.4-R0.1-SNAPSHOT/bukkit-1.9.4-R0.1-20160603.113520-25.pom
[INFO] Downloading: https://hub.spigotmc.org/nexus/content/repositories/snapshots/org/bukkit/bukkit/1.9.4-R0.1-SNAPSHOT/bukkit-1.9.4-R0.1-20160603.113520-25.pom
[INFO] Downloaded: https://hub.spigotmc.org/nexus/content/repositories/snapshots/org/bukkit/bukkit/1.9.4-R0.1-SNAPSHOT/bukkit-1.9.4-R0.1-20160603.113520-25.pom (7 KB at 16.4 KB/sec)
[INFO] Downloading: http://insecure.repo1.maven.org/maven2/com/sk89q/dummypermscompat/1.8/dummypermscompat-1.8.pom
[INFO] Downloading: https://oss.sonatype.org/content/repositories/releases/com/sk89q/dummypermscompat/1.8/dummypermscompat-1.8.pom
[INFO] Downloading: https://repository.apache.org/releases/com/sk89q/dummypermscompat/1.8/dummypermscompat-1.8.pom
[INFO] Downloading: https://hub.spigotmc.org/nexus/content/repositories/snapshots/com/sk89q/dummypermscompat/1.8/dummypermscompat-1.8.pom
[INFO] Downloading: http://maven.sk89q.com/repo/com/sk89q/dummypermscompat/1.8/dummypermscompat-1.8.pom
[INFO] Downloaded: http://maven.sk89q.com/repo/com/sk89q/dummypermscompat/1.8/dummypermscompat-1.8.pom (2 KB at 4.6 KB/sec)
[INFO] Downloading: https://repository.apache.org/snapshots/com/sk89q/worldedit/worldedit-core/6.1.4-SNAPSHOT/maven-metadata.xml
[INFO] Downloading: https://oss.sonatype.org/content/repositories/snapshots/com/sk89q/worldedit/worldedit-core/6.1.4-SNAPSHOT/maven-metadata.xml
[INFO] Downloading: https://hub.spigotmc.org/nexus/content/repositories/snapshots/com/sk89q/worldedit/worldedit-core/6.1.4-SNAPSHOT/maven-metadata.xml
[INFO] Downloading: https://nexus.codehaus.org/snapshots/com/sk89q/worldedit/worldedit-core/6.1.4-SNAPSHOT/maven-metadata.xml
[INFO] Downloading: http://maven.sk89q.com/repo/com/sk89q/worldedit/worldedit-core/6.1.4-SNAPSHOT/maven-metadata.xml
[INFO] Downloaded: http://maven.sk89q.com/repo/com/sk89q/worldedit/worldedit-core/6.1.4-SNAPSHOT/maven-metadata.xml (2 KB at 4.1 KB/sec)
[WARNING] Could not transfer metadata com.sk89q.worldedit:worldedit-core:6.1.4-SNAPSHOT/maven-metadata.xml from/to codehaus-snapshots (https://nexus.codehaus.org/snapshots/): nexus.codehaus.org
[WARNING] Failure to transfer com.sk89q.worldedit:worldedit-core:6.1.4-SNAPSHOT/maven-metadata.xml from https://nexus.codehaus.org/snapshots/ was cached in the local repository, resolution will not be reattempted until the update interval of codehaus-snapshots has elapsed or updates are forced. Original error: Could not transfer metadata com.sk89q.worldedit:worldedit-core:6.1.4-SNAPSHOT/maven-metadata.xml from/to codehaus-snapshots (https://nexus.codehaus.org/snapshots/): nexus.codehaus.org
[INFO] Downloading: https://oss.sonatype.org/content/repositories/snapshots/com/sk89q/worldedit/worldedit-core/6.1.4-SNAPSHOT/worldedit-core-6.1.4-20160806.113546-4.pom
[INFO] Downloading: https://repository.apache.org/snapshots/com/sk89q/worldedit/worldedit-core/6.1.4-SNAPSHOT/worldedit-core-6.1.4-20160806.113546-4.pom
[INFO] Downloading: https://nexus.codehaus.org/snapshots/com/sk89q/worldedit/worldedit-core/6.1.4-SNAPSHOT/worldedit-core-6.1.4-20160806.113546-4.pom
[INFO] Downloading: https://hub.spigotmc.org/nexus/content/repositories/snapshots/com/sk89q/worldedit/worldedit-core/6.1.4-SNAPSHOT/worldedit-core-6.1.4-20160806.113546-4.pom
[INFO] Downloading: http://maven.sk89q.com/repo/com/sk89q/worldedit/worldedit-core/6.1.4-SNAPSHOT/worldedit-core-6.1.4-20160806.113546-4.pom
[INFO] Downloaded: http://maven.sk89q.com/repo/com/sk89q/worldedit/worldedit-core/6.1.4-SNAPSHOT/worldedit-core-6.1.4-20160806.113546-4.pom (3 KB at 8.7 KB/sec)
[INFO] Downloading: http://insecure.repo1.maven.org/maven2/org/yaml/snakeyaml/1.9/snakeyaml-1.9.pom
[INFO] Downloaded: http://insecure.repo1.maven.org/maven2/org/yaml/snakeyaml/1.9/snakeyaml-1.9.pom (15 KB at 45.6 KB/sec)
[INFO] Downloading: http://insecure.repo1.maven.org/maven2/com/thoughtworks/paranamer/paranamer/2.6/paranamer-2.6.pom
[INFO] Downloaded: http://insecure.repo1.maven.org/maven2/com/thoughtworks/paranamer/paranamer/2.6/paranamer-2.6.pom (5 KB at 194.7 KB/sec)
[INFO] Downloading: http://insecure.repo1.maven.org/maven2/com/thoughtworks/paranamer/paranamer-parent/2.6/paranamer-parent-2.6.pom
[INFO] Downloaded: http://insecure.repo1.maven.org/maven2/com/thoughtworks/paranamer/paranamer-parent/2.6/paranamer-parent-2.6.pom (11 KB at 407.3 KB/sec)
[INFO] Downloading: http://insecure.repo1.maven.org/maven2/org/codehaus/codehaus-parent/4/codehaus-parent-4.pom
[INFO] Downloaded: http://insecure.repo1.maven.org/maven2/org/codehaus/codehaus-parent/4/codehaus-parent-4.pom (5 KB at 196.2 KB/sec)
[INFO] Downloading: http://insecure.repo1.maven.org/maven2/com/sk89q/lib/jlibnoise/1.0.0/jlibnoise-1.0.0.pom
[INFO] Downloading: https://oss.sonatype.org/content/repositories/releases/com/sk89q/lib/jlibnoise/1.0.0/jlibnoise-1.0.0.pom
[INFO] Downloading: https://repository.apache.org/releases/com/sk89q/lib/jlibnoise/1.0.0/jlibnoise-1.0.0.pom
[INFO] Downloading: https://hub.spigotmc.org/nexus/content/repositories/snapshots/com/sk89q/lib/jlibnoise/1.0.0/jlibnoise-1.0.0.pom
[INFO] Downloading: http://maven.sk89q.com/repo/com/sk89q/lib/jlibnoise/1.0.0/jlibnoise-1.0.0.pom
[INFO] Downloaded: http://maven.sk89q.com/repo/com/sk89q/lib/jlibnoise/1.0.0/jlibnoise-1.0.0.pom (3 KB at 8.3 KB/sec)
[INFO] Downloading: http://insecure.repo1.maven.org/maven2/com/google/guava/guava/19.0/guava-19.0.pom
[INFO] Downloaded: http://insecure.repo1.maven.org/maven2/com/google/guava/guava/19.0/guava-19.0.pom (7 KB at 236.9 KB/sec)
[INFO] Downloading: http://insecure.repo1.maven.org/maven2/com/google/guava/guava-parent/19.0/guava-parent-19.0.pom
[INFO] Downloaded: http://insecure.repo1.maven.org/maven2/com/google/guava/guava-parent/19.0/guava-parent-19.0.pom (10 KB at 371.0 KB/sec)
[INFO] Downloading: https://hub.spigotmc.org/nexus/content/repositories/snapshots/org/spigotmc/spigot-api/1.10.2-R0.1-SNAPSHOT/spigot-api-1.10.2-R0.1-20161106.012206-93.jar
[INFO] Downloading: https://hub.spigotmc.org/nexus/content/repositories/snapshots/org/bukkit/bukkit/1.8.6-R0.1-SNAPSHOT/bukkit-1.8.6-R0.1-20150605.095643-24.jar
[INFO] Downloaded: https://hub.spigotmc.org/nexus/content/repositories/snapshots/org/bukkit/bukkit/1.8.6-R0.1-SNAPSHOT/bukkit-1.8.6-R0.1-20150605.095643-24.jar (814 KB at 1024.0 KB/sec)
[INFO] Downloaded: https://hub.spigotmc.org/nexus/content/repositories/snapshots/org/spigotmc/spigot-api/1.10.2-R0.1-SNAPSHOT/spigot-api-1.10.2-R0.1-20161106.012206-93.jar (923 KB at 1083.9 KB/sec)
[INFO] Downloading: http://insecure.repo1.maven.org/maven2/commons-lang/commons-lang/2.6/commons-lang-2.6.jar
[INFO] Downloading: http://insecure.repo1.maven.org/maven2/com/google/code/gson/gson/2.2.4/gson-2.2.4.jar
[INFO] Downloading: http://insecure.repo1.maven.org/maven2/org/avaje/ebean/2.8.1/ebean-2.8.1.jar
[INFO] Downloading: http://insecure.repo1.maven.org/maven2/javax/persistence/persistence-api/1.0/persistence-api-1.0.jar
[INFO] Downloading: http://insecure.repo1.maven.org/maven2/org/yaml/snakeyaml/1.15/snakeyaml-1.15.jar
[INFO] Downloaded: http://insecure.repo1.maven.org/maven2/javax/persistence/persistence-api/1.0/persistence-api-1.0.jar (51 KB at 369.0 KB/sec)
[INFO] Downloading: http://insecure.repo1.maven.org/maven2/com/sk89q/worldedit/5.5.8/worldedit-5.5.8.jar
[INFO] Downloading: http://insecure.repo1.maven.org/maven2/de/schlichtherle/truezip/6.8.3/truezip-6.8.3.jar
[INFO] Downloaded: http://insecure.repo1.maven.org/maven2/com/google/code/gson/gson/2.2.4/gson-2.2.4.jar (186 KB at 525.3 KB/sec)
[INFO] Downloading: http://insecure.repo1.maven.org/maven2/rhino/js/1.7R2/js-1.7R2.jar
[INFO] Downloaded: http://insecure.repo1.maven.org/maven2/commons-lang/commons-lang/2.6/commons-lang-2.6.jar (278 KB at 644.0 KB/sec)
[INFO] Downloading: http://insecure.repo1.maven.org/maven2/com/sk89q/jchronic/0.2.4a/jchronic-0.2.4a.jar
[INFO] Downloaded: http://insecure.repo1.maven.org/maven2/org/yaml/snakeyaml/1.15/snakeyaml-1.15.jar (263 KB at 494.3 KB/sec)
[INFO] Downloading: http://insecure.repo1.maven.org/maven2/com/sk89q/commandbook/2.3/commandbook-2.3.jar
[INFO] Downloading: http://insecure.repo1.maven.org/maven2/net/sf/opencsv/opencsv/2.0/opencsv-2.0.jar
[INFO] Downloading: http://insecure.repo1.maven.org/maven2/com/google/code/findbugs/jsr305/1.3.9/jsr305-1.3.9.jar
[INFO] Downloaded: http://insecure.repo1.maven.org/maven2/net/sf/opencsv/opencsv/2.0/opencsv-2.0.jar (15 KB at 25.4 KB/sec)
[INFO] Downloading: http://insecure.repo1.maven.org/maven2/com/sk89q/dummypermscompat/1.8/dummypermscompat-1.8.jar
[INFO] Downloading: http://insecure.repo1.maven.org/maven2/com/thoughtworks/paranamer/paranamer/2.6/paranamer-2.6.jar
[INFO] Downloaded: http://insecure.repo1.maven.org/maven2/com/google/code/findbugs/jsr305/1.3.9/jsr305-1.3.9.jar (33 KB at 50.5 KB/sec)
[INFO] Downloading: http://insecure.repo1.maven.org/maven2/com/sk89q/lib/jlibnoise/1.0.0/jlibnoise-1.0.0.jar
[INFO] Downloading: http://insecure.repo1.maven.org/maven2/com/google/guava/guava/19.0/guava-19.0.jar
[INFO] Downloaded: http://insecure.repo1.maven.org/maven2/com/thoughtworks/paranamer/paranamer/2.6/paranamer-2.6.jar (33 KB at 47.5 KB/sec)
[INFO] Downloading: http://insecure.repo1.maven.org/maven2/com/googlecode/json-simple/json-simple/1.1.1/json-simple-1.1.1.jar
[INFO] Downloaded: http://insecure.repo1.maven.org/maven2/com/googlecode/json-simple/json-simple/1.1.1/json-simple-1.1.1.jar (24 KB at 31.8 KB/sec)
[INFO] Downloading: http://insecure.repo1.maven.org/maven2/junit/junit/4.10/junit-4.10.jar
[INFO] Downloaded: http://insecure.repo1.maven.org/maven2/org/avaje/ebean/2.8.1/ebean-2.8.1.jar (1821 KB at 2225.4 KB/sec)
[INFO] Downloading: http://insecure.repo1.maven.org/maven2/org/hamcrest/hamcrest-core/1.1/hamcrest-core-1.1.jar
[INFO] Downloaded: http://insecure.repo1.maven.org/maven2/org/hamcrest/hamcrest-core/1.1/hamcrest-core-1.1.jar (75 KB at 89.9 KB/sec)
[INFO] Downloaded: http://insecure.repo1.maven.org/maven2/junit/junit/4.10/junit-4.10.jar (248 KB at 205.5 KB/sec)
[INFO] Downloaded: http://insecure.repo1.maven.org/maven2/de/schlichtherle/truezip/6.8.3/truezip-6.8.3.jar (469 KB at 296.9 KB/sec)
[INFO] Downloaded: http://insecure.repo1.maven.org/maven2/rhino/js/1.7R2/js-1.7R2.jar (851 KB at 422.5 KB/sec)
[INFO] Downloaded: http://insecure.repo1.maven.org/maven2/com/google/guava/guava/19.0/guava-19.0.jar (2255 KB at 838.4 KB/sec)
[INFO] Downloading: https://oss.sonatype.org/content/repositories/releases/com/sk89q/worldedit/5.5.8/worldedit-5.5.8.jar
[INFO] Downloading: https://oss.sonatype.org/content/repositories/releases/com/sk89q/jchronic/0.2.4a/jchronic-0.2.4a.jar
[INFO] Downloading: https://oss.sonatype.org/content/repositories/releases/com/sk89q/commandbook/2.3/commandbook-2.3.jar
[INFO] Downloading: https://oss.sonatype.org/content/repositories/releases/com/sk89q/dummypermscompat/1.8/dummypermscompat-1.8.jar
[INFO] Downloading: https://oss.sonatype.org/content/repositories/releases/com/sk89q/lib/jlibnoise/1.0.0/jlibnoise-1.0.0.jar
[INFO] Downloading: https://repository.apache.org/releases/com/sk89q/worldedit/5.5.8/worldedit-5.5.8.jar
[INFO] Downloading: https://repository.apache.org/releases/com/sk89q/jchronic/0.2.4a/jchronic-0.2.4a.jar
[INFO] Downloading: https://repository.apache.org/releases/com/sk89q/commandbook/2.3/commandbook-2.3.jar
[INFO] Downloading: https://repository.apache.org/releases/com/sk89q/dummypermscompat/1.8/dummypermscompat-1.8.jar
[INFO] Downloading: https://repository.apache.org/releases/com/sk89q/lib/jlibnoise/1.0.0/jlibnoise-1.0.0.jar
[INFO] Downloading: https://hub.spigotmc.org/nexus/content/repositories/snapshots/com/sk89q/worldedit/5.5.8/worldedit-5.5.8.jar
[INFO] Downloading: https://hub.spigotmc.org/nexus/content/repositories/snapshots/com/sk89q/jchronic/0.2.4a/jchronic-0.2.4a.jar
[INFO] Downloading: https://hub.spigotmc.org/nexus/content/repositories/snapshots/com/sk89q/commandbook/2.3/commandbook-2.3.jar
[INFO] Downloading: https://hub.spigotmc.org/nexus/content/repositories/snapshots/com/sk89q/dummypermscompat/1.8/dummypermscompat-1.8.jar
[INFO] Downloading: https://hub.spigotmc.org/nexus/content/repositories/snapshots/com/sk89q/lib/jlibnoise/1.0.0/jlibnoise-1.0.0.jar
[INFO] Downloading: http://maven.sk89q.com/repo/com/sk89q/worldguard/6.1.1-SNAPSHOT/worldguard-6.1.1-20150928.003559-16.jar
[INFO] Downloading: http://maven.sk89q.com/repo/com/sk89q/worldedit/5.5.8/worldedit-5.5.8.jar
[INFO] Downloading: http://maven.sk89q.com/repo/com/sk89q/jchronic/0.2.4a/jchronic-0.2.4a.jar
[INFO] Downloading: http://maven.sk89q.com/repo/com/sk89q/spigot/bukkit-classloader-check/1.8-R0.1-SNAPSHOT/bukkit-classloader-check-1.8-R0.1-20150203.002820-2.jar
[INFO] Downloading: http://maven.sk89q.com/repo/com/sk89q/commandbook/2.3/commandbook-2.3.jar
[INFO] Downloaded: http://maven.sk89q.com/repo/com/sk89q/spigot/bukkit-classloader-check/1.8-R0.1-SNAPSHOT/bukkit-classloader-check-1.8-R0.1-20150203.002820-2.jar (13 KB at 31.9 KB/sec)
[INFO] Downloading: http://maven.sk89q.com/repo/com/sk89q/worldedit/worldedit-bukkit/6.1.4-SNAPSHOT/worldedit-bukkit-6.1.4-20160806.113546-4.jar
[WARNING] Could not validate integrity of download from http://maven.sk89q.com/repo/com/sk89q/jchronic/0.2.4a/jchronic-0.2.4a.jar: Checksum validation failed, no checksums available
[WARNING] Checksum validation failed, no checksums available for http://maven.sk89q.com/repo/com/sk89q/jchronic/0.2.4a/jchronic-0.2.4a.jar
[INFO] Downloaded: http://maven.sk89q.com/repo/com/sk89q/jchronic/0.2.4a/jchronic-0.2.4a.jar (103 KB at 109.1 KB/sec)
[INFO] Downloading: http://maven.sk89q.com/repo/com/sk89q/dummypermscompat/1.8/dummypermscompat-1.8.jar
[INFO] Downloaded: http://maven.sk89q.com/repo/com/sk89q/worldedit/worldedit-bukkit/6.1.4-SNAPSHOT/worldedit-bukkit-6.1.4-20160806.113546-4.jar (174 KB at 147.5 KB/sec)
[INFO] Downloading: http://maven.sk89q.com/repo/com/sk89q/worldedit/worldedit-core/6.1.4-SNAPSHOT/worldedit-core-6.1.4-20160806.113546-4.jar
[INFO] Downloaded: http://maven.sk89q.com/repo/com/sk89q/commandbook/2.3/commandbook-2.3.jar (333 KB at 279.3 KB/sec)
[INFO] Downloading: http://maven.sk89q.com/repo/com/sk89q/lib/jlibnoise/1.0.0/jlibnoise-1.0.0.jar
[INFO] Downloaded: http://maven.sk89q.com/repo/com/sk89q/dummypermscompat/1.8/dummypermscompat-1.8.jar (11 KB at 8.0 KB/sec)
[INFO] Downloaded: http://maven.sk89q.com/repo/com/sk89q/lib/jlibnoise/1.0.0/jlibnoise-1.0.0.jar (59 KB at 38.2 KB/sec)
[INFO] Downloaded: http://maven.sk89q.com/repo/com/sk89q/worldedit/5.5.8/worldedit-5.5.8.jar (841 KB at 501.7 KB/sec)
[INFO] Downloaded: http://maven.sk89q.com/repo/com/sk89q/worldguard/6.1.1-SNAPSHOT/worldguard-6.1.1-20150928.003559-16.jar (1288 KB at 322.4 KB/sec)
[INFO] Downloaded: http://maven.sk89q.com/repo/com/sk89q/worldedit/worldedit-core/6.1.4-SNAPSHOT/worldedit-core-6.1.4-20160806.113546-4.jar (1093 KB at 264.8 KB/sec)
[INFO] Downloading: https://oss.sonatype.org/content/repositories/snapshots/net/md-5/bungeecord-chat/1.10-SNAPSHOT/bungeecord-chat-1.10-20161106.005337-42.jar
[INFO] Downloaded: https://oss.sonatype.org/content/repositories/snapshots/net/md-5/bungeecord-chat/1.10-SNAPSHOT/bungeecord-chat-1.10-20161106.005337-42.jar (59 KB at 159.0 KB/sec)
[INFO] 
[INFO] --- maven-resources-plugin:2.6:resources (default-resources) @ projectkorra ---
[INFO] Downloading: https://repo.maven.apache.org/maven2/org/apache/maven/maven-plugin-api/2.0.6/maven-plugin-api-2.0.6.pom
[INFO] Downloaded: https://repo.maven.apache.org/maven2/org/apache/maven/maven-plugin-api/2.0.6/maven-plugin-api-2.0.6.pom (2 KB at 74.8 KB/sec)
[INFO] Downloading: https://repo.maven.apache.org/maven2/org/apache/maven/maven/2.0.6/maven-2.0.6.pom
[INFO] Downloaded: https://repo.maven.apache.org/maven2/org/apache/maven/maven/2.0.6/maven-2.0.6.pom (9 KB at 245.4 KB/sec)
[INFO] Downloading: https://repo.maven.apache.org/maven2/org/apache/maven/maven-parent/5/maven-parent-5.pom
[INFO] Downloaded: https://repo.maven.apache.org/maven2/org/apache/maven/maven-parent/5/maven-parent-5.pom (15 KB at 826.7 KB/sec)
[INFO] Downloading: https://repo.maven.apache.org/maven2/org/apache/apache/3/apache-3.pom
[INFO] Downloaded: https://repo.maven.apache.org/maven2/org/apache/apache/3/apache-3.pom (4 KB at 197.0 KB/sec)
[INFO] Downloading: https://repo.maven.apache.org/maven2/org/apache/maven/maven-project/2.0.6/maven-project-2.0.6.pom
[INFO] Downloaded: https://repo.maven.apache.org/maven2/org/apache/maven/maven-project/2.0.6/maven-project-2.0.6.pom (3 KB at 135.5 KB/sec)
[INFO] Downloading: https://repo.maven.apache.org/maven2/org/apache/maven/maven-settings/2.0.6/maven-settings-2.0.6.pom
[INFO] Downloaded: https://repo.maven.apache.org/maven2/org/apache/maven/maven-settings/2.0.6/maven-settings-2.0.6.pom (2 KB at 97.7 KB/sec)
[INFO] Downloading: https://repo.maven.apache.org/maven2/org/apache/maven/maven-model/2.0.6/maven-model-2.0.6.pom
[INFO] Downloaded: https://repo.maven.apache.org/maven2/org/apache/maven/maven-model/2.0.6/maven-model-2.0.6.pom (3 KB at 175.0 KB/sec)
[INFO] Downloading: https://repo.maven.apache.org/maven2/org/codehaus/plexus/plexus-utils/1.4.1/plexus-utils-1.4.1.pom
[INFO] Downloaded: https://repo.maven.apache.org/maven2/org/codehaus/plexus/plexus-utils/1.4.1/plexus-utils-1.4.1.pom (2 KB at 98.1 KB/sec)
[INFO] Downloading: https://repo.maven.apache.org/maven2/org/codehaus/plexus/plexus/1.0.11/plexus-1.0.11.pom
[INFO] Downloaded: https://repo.maven.apache.org/maven2/org/codehaus/plexus/plexus/1.0.11/plexus-1.0.11.pom (9 KB at 461.0 KB/sec)
[INFO] Downloading: https://repo.maven.apache.org/maven2/org/codehaus/plexus/plexus-container-default/1.0-alpha-9-stable-1/plexus-container-default-1.0-alpha-9-stable-1.pom
[INFO] Downloaded: https://repo.maven.apache.org/maven2/org/codehaus/plexus/plexus-container-default/1.0-alpha-9-stable-1/plexus-container-default-1.0-alpha-9-stable-1.pom (4 KB at 241.0 KB/sec)
[INFO] Downloading: https://repo.maven.apache.org/maven2/org/codehaus/plexus/plexus-containers/1.0.3/plexus-containers-1.0.3.pom
[INFO] Downloaded: https://repo.maven.apache.org/maven2/org/codehaus/plexus/plexus-containers/1.0.3/plexus-containers-1.0.3.pom (492 B at 26.7 KB/sec)
[INFO] Downloading: https://repo.maven.apache.org/maven2/org/codehaus/plexus/plexus/1.0.4/plexus-1.0.4.pom
[INFO] Downloaded: https://repo.maven.apache.org/maven2/org/codehaus/plexus/plexus/1.0.4/plexus-1.0.4.pom (6 KB at 311.3 KB/sec)
[INFO] Downloading: https://repo.maven.apache.org/maven2/junit/junit/3.8.1/junit-3.8.1.pom
[INFO] Downloaded: https://repo.maven.apache.org/maven2/junit/junit/3.8.1/junit-3.8.1.pom (998 B at 57.3 KB/sec)
[INFO] Downloading: https://repo.maven.apache.org/maven2/org/codehaus/plexus/plexus-utils/1.0.4/plexus-utils-1.0.4.pom
[INFO] Downloaded: https://repo.maven.apache.org/maven2/org/codehaus/plexus/plexus-utils/1.0.4/plexus-utils-1.0.4.pom (7 KB at 372.0 KB/sec)
[INFO] Downloading: https://repo.maven.apache.org/maven2/classworlds/classworlds/1.1-alpha-2/classworlds-1.1-alpha-2.pom
[INFO] Downloaded: https://repo.maven.apache.org/maven2/classworlds/classworlds/1.1-alpha-2/classworlds-1.1-alpha-2.pom (4 KB at 169.7 KB/sec)
[INFO] Downloading: https://repo.maven.apache.org/maven2/org/apache/maven/maven-profile/2.0.6/maven-profile-2.0.6.pom
[INFO] Downloaded: https://repo.maven.apache.org/maven2/org/apache/maven/maven-profile/2.0.6/maven-profile-2.0.6.pom (2 KB at 107.4 KB/sec)
[INFO] Downloading: https://repo.maven.apache.org/maven2/org/apache/maven/maven-artifact-manager/2.0.6/maven-artifact-manager-2.0.6.pom
[INFO] Downloaded: https://repo.maven.apache.org/maven2/org/apache/maven/maven-artifact-manager/2.0.6/maven-artifact-manager-2.0.6.pom (3 KB at 160.0 KB/sec)
[INFO] Downloading: https://repo.maven.apache.org/maven2/org/apache/maven/maven-repository-metadata/2.0.6/maven-repository-metadata-2.0.6.pom
[INFO] Downloaded: https://repo.maven.apache.org/maven2/org/apache/maven/maven-repository-metadata/2.0.6/maven-repository-metadata-2.0.6.pom (2 KB at 106.3 KB/sec)
[INFO] Downloading: https://repo.maven.apache.org/maven2/org/apache/maven/maven-artifact/2.0.6/maven-artifact-2.0.6.pom
[INFO] Downloaded: https://repo.maven.apache.org/maven2/org/apache/maven/maven-artifact/2.0.6/maven-artifact-2.0.6.pom (2 KB at 90.6 KB/sec)
[INFO] Downloading: https://repo.maven.apache.org/maven2/org/apache/maven/maven-plugin-registry/2.0.6/maven-plugin-registry-2.0.6.pom
[INFO] Downloaded: https://repo.maven.apache.org/maven2/org/apache/maven/maven-plugin-registry/2.0.6/maven-plugin-registry-2.0.6.pom (2 KB at 111.8 KB/sec)
[INFO] Downloading: https://repo.maven.apache.org/maven2/org/apache/maven/maven-core/2.0.6/maven-core-2.0.6.pom
[INFO] Downloaded: https://repo.maven.apache.org/maven2/org/apache/maven/maven-core/2.0.6/maven-core-2.0.6.pom (7 KB at 385.5 KB/sec)
[INFO] Downloading: https://repo.maven.apache.org/maven2/org/apache/maven/maven-plugin-parameter-documenter/2.0.6/maven-plugin-parameter-documenter-2.0.6.pom
[INFO] Downloaded: https://repo.maven.apache.org/maven2/org/apache/maven/maven-plugin-parameter-documenter/2.0.6/maven-plugin-parameter-documenter-2.0.6.pom (2 KB at 98.2 KB/sec)
[INFO] Downloading: https://repo.maven.apache.org/maven2/org/apache/maven/reporting/maven-reporting-api/2.0.6/maven-reporting-api-2.0.6.pom
[INFO] Downloaded: https://repo.maven.apache.org/maven2/org/apache/maven/reporting/maven-reporting-api/2.0.6/maven-reporting-api-2.0.6.pom (2 KB at 85.5 KB/sec)
[INFO] Downloading: https://repo.maven.apache.org/maven2/org/apache/maven/reporting/maven-reporting/2.0.6/maven-reporting-2.0.6.pom
[INFO] Downloaded: https://repo.maven.apache.org/maven2/org/apache/maven/reporting/maven-reporting/2.0.6/maven-reporting-2.0.6.pom (2 KB at 78.1 KB/sec)
[INFO] Downloading: https://repo.maven.apache.org/maven2/org/apache/maven/doxia/doxia-sink-api/1.0-alpha-7/doxia-sink-api-1.0-alpha-7.pom
[INFO] Downloaded: https://repo.maven.apache.org/maven2/org/apache/maven/doxia/doxia-sink-api/1.0-alpha-7/doxia-sink-api-1.0-alpha-7.pom (424 B at 24.4 KB/sec)
[INFO] Downloading: https://repo.maven.apache.org/maven2/org/apache/maven/doxia/doxia/1.0-alpha-7/doxia-1.0-alpha-7.pom
[INFO] Downloaded: https://repo.maven.apache.org/maven2/org/apache/maven/doxia/doxia/1.0-alpha-7/doxia-1.0-alpha-7.pom (4 KB at 224.8 KB/sec)
[INFO] Downloading: https://repo.maven.apache.org/maven2/org/apache/maven/maven-error-diagnostics/2.0.6/maven-error-diagnostics-2.0.6.pom
[INFO] Downloaded: https://repo.maven.apache.org/maven2/org/apache/maven/maven-error-diagnostics/2.0.6/maven-error-diagnostics-2.0.6.pom (2 KB at 87.6 KB/sec)
[INFO] Downloading: https://repo.maven.apache.org/maven2/commons-cli/commons-cli/1.0/commons-cli-1.0.pom
[INFO] Downloaded: https://repo.maven.apache.org/maven2/commons-cli/commons-cli/1.0/commons-cli-1.0.pom (3 KB at 70.9 KB/sec)
[INFO] Downloading: https://repo.maven.apache.org/maven2/org/apache/maven/maven-plugin-descriptor/2.0.6/maven-plugin-descriptor-2.0.6.pom
[INFO] Downloaded: https://repo.maven.apache.org/maven2/org/apache/maven/maven-plugin-descriptor/2.0.6/maven-plugin-descriptor-2.0.6.pom (2 KB at 109.5 KB/sec)
[INFO] Downloading: https://repo.maven.apache.org/maven2/org/codehaus/plexus/plexus-interactivity-api/1.0-alpha-4/plexus-interactivity-api-1.0-alpha-4.pom
[INFO] Downloaded: https://repo.maven.apache.org/maven2/org/codehaus/plexus/plexus-interactivity-api/1.0-alpha-4/plexus-interactivity-api-1.0-alpha-4.pom (7 KB at 384.7 KB/sec)
[INFO] Downloading: https://repo.maven.apache.org/maven2/org/apache/maven/maven-monitor/2.0.6/maven-monitor-2.0.6.pom
[INFO] Downloaded: https://repo.maven.apache.org/maven2/org/apache/maven/maven-monitor/2.0.6/maven-monitor-2.0.6.pom (2 KB at 61.2 KB/sec)
[INFO] Downloading: https://repo.maven.apache.org/maven2/classworlds/classworlds/1.1/classworlds-1.1.pom
[INFO] Downloaded: https://repo.maven.apache.org/maven2/classworlds/classworlds/1.1/classworlds-1.1.pom (4 KB at 180.3 KB/sec)
[INFO] Downloading: https://repo.maven.apache.org/maven2/org/codehaus/plexus/plexus-utils/2.0.5/plexus-utils-2.0.5.pom
[INFO] Downloaded: https://repo.maven.apache.org/maven2/org/codehaus/plexus/plexus-utils/2.0.5/plexus-utils-2.0.5.pom (4 KB at 180.9 KB/sec)
[INFO] Downloading: https://repo.maven.apache.org/maven2/org/codehaus/plexus/plexus/2.0.6/plexus-2.0.6.pom
[INFO] Downloaded: https://repo.maven.apache.org/maven2/org/codehaus/plexus/plexus/2.0.6/plexus-2.0.6.pom (17 KB at 779.5 KB/sec)
[INFO] Downloading: https://repo.maven.apache.org/maven2/org/apache/maven/shared/maven-filtering/1.1/maven-filtering-1.1.pom
[INFO] Downloaded: https://repo.maven.apache.org/maven2/org/apache/maven/shared/maven-filtering/1.1/maven-filtering-1.1.pom (6 KB at 297.5 KB/sec)
[INFO] Downloading: https://repo.maven.apache.org/maven2/org/apache/maven/shared/maven-shared-components/17/maven-shared-components-17.pom
[INFO] Downloaded: https://repo.maven.apache.org/maven2/org/apache/maven/shared/maven-shared-components/17/maven-shared-components-17.pom (9 KB at 447.3 KB/sec)
[INFO] Downloading: https://repo.maven.apache.org/maven2/org/codehaus/plexus/plexus-utils/1.5.15/plexus-utils-1.5.15.pom
[INFO] Downloaded: https://repo.maven.apache.org/maven2/org/codehaus/plexus/plexus-utils/1.5.15/plexus-utils-1.5.15.pom (7 KB at 393.4 KB/sec)
[INFO] Downloading: https://repo.maven.apache.org/maven2/org/codehaus/plexus/plexus/2.0.2/plexus-2.0.2.pom
[INFO] Downloaded: https://repo.maven.apache.org/maven2/org/codehaus/plexus/plexus/2.0.2/plexus-2.0.2.pom (12 KB at 596.7 KB/sec)
[INFO] Downloading: https://repo.maven.apache.org/maven2/org/codehaus/plexus/plexus-interpolation/1.12/plexus-interpolation-1.12.pom
[INFO] Downloaded: https://repo.maven.apache.org/maven2/org/codehaus/plexus/plexus-interpolation/1.12/plexus-interpolation-1.12.pom (889 B at 48.2 KB/sec)
[INFO] Downloading: https://repo.maven.apache.org/maven2/org/codehaus/plexus/plexus-components/1.1.14/plexus-components-1.1.14.pom
[INFO] Downloaded: https://repo.maven.apache.org/maven2/org/codehaus/plexus/plexus-components/1.1.14/plexus-components-1.1.14.pom (6 KB at 316.9 KB/sec)
[INFO] Downloading: https://repo.maven.apache.org/maven2/org/sonatype/plexus/plexus-build-api/0.0.4/plexus-build-api-0.0.4.pom
[INFO] Downloaded: https://repo.maven.apache.org/maven2/org/sonatype/plexus/plexus-build-api/0.0.4/plexus-build-api-0.0.4.pom (3 KB at 155.3 KB/sec)
[INFO] Downloading: https://repo.maven.apache.org/maven2/org/sonatype/spice/spice-parent/10/spice-parent-10.pom
[INFO] Downloaded: https://repo.maven.apache.org/maven2/org/sonatype/spice/spice-parent/10/spice-parent-10.pom (3 KB at 155.0 KB/sec)
[INFO] Downloading: https://repo.maven.apache.org/maven2/org/sonatype/forge/forge-parent/3/forge-parent-3.pom
[INFO] Downloaded: https://repo.maven.apache.org/maven2/org/sonatype/forge/forge-parent/3/forge-parent-3.pom (5 KB at 234.0 KB/sec)
[INFO] Downloading: https://repo.maven.apache.org/maven2/org/codehaus/plexus/plexus-utils/1.5.8/plexus-utils-1.5.8.pom
[INFO] Downloaded: https://repo.maven.apache.org/maven2/org/codehaus/plexus/plexus-utils/1.5.8/plexus-utils-1.5.8.pom (8 KB at 414.4 KB/sec)
[INFO] Downloading: https://repo.maven.apache.org/maven2/org/codehaus/plexus/plexus-interpolation/1.13/plexus-interpolation-1.13.pom
[INFO] Downloaded: https://repo.maven.apache.org/maven2/org/codehaus/plexus/plexus-interpolation/1.13/plexus-interpolation-1.13.pom (890 B at 51.1 KB/sec)
[INFO] Downloading: https://repo.maven.apache.org/maven2/org/codehaus/plexus/plexus-components/1.1.15/plexus-components-1.1.15.pom
[INFO] Downloaded: https://repo.maven.apache.org/maven2/org/codehaus/plexus/plexus-components/1.1.15/plexus-components-1.1.15.pom (3 KB at 146.4 KB/sec)
[INFO] Downloading: https://repo.maven.apache.org/maven2/org/codehaus/plexus/plexus/2.0.3/plexus-2.0.3.pom
[INFO] Downloaded: https://repo.maven.apache.org/maven2/org/codehaus/plexus/plexus/2.0.3/plexus-2.0.3.pom (16 KB at 794.7 KB/sec)
[INFO] Downloading: https://repo.maven.apache.org/maven2/org/apache/maven/reporting/maven-reporting-api/2.0.6/maven-reporting-api-2.0.6.jar
[INFO] Downloading: https://repo.maven.apache.org/maven2/org/apache/maven/doxia/doxia-sink-api/1.0-alpha-7/doxia-sink-api-1.0-alpha-7.jar
[INFO] Downloading: https://repo.maven.apache.org/maven2/commons-cli/commons-cli/1.0/commons-cli-1.0.jar
[INFO] Downloading: https://repo.maven.apache.org/maven2/org/codehaus/plexus/plexus-interactivity-api/1.0-alpha-4/plexus-interactivity-api-1.0-alpha-4.jar
[INFO] Downloading: https://repo.maven.apache.org/maven2/junit/junit/3.8.1/junit-3.8.1.jar
[INFO] Downloaded: https://repo.maven.apache.org/maven2/org/apache/maven/reporting/maven-reporting-api/2.0.6/maven-reporting-api-2.0.6.jar (10 KB at 313.2 KB/sec)
[INFO] Downloading: https://repo.maven.apache.org/maven2/org/codehaus/plexus/plexus-utils/2.0.5/plexus-utils-2.0.5.jar
[INFO] Downloaded: https://repo.maven.apache.org/maven2/commons-cli/commons-cli/1.0/commons-cli-1.0.jar (30 KB at 588.2 KB/sec)
[INFO] Downloading: https://repo.maven.apache.org/maven2/org/apache/maven/shared/maven-filtering/1.1/maven-filtering-1.1.jar
[INFO] Downloaded: https://repo.maven.apache.org/maven2/org/codehaus/plexus/plexus-interactivity-api/1.0-alpha-4/plexus-interactivity-api-1.0-alpha-4.jar (14 KB at 247.0 KB/sec)
[INFO] Downloading: https://repo.maven.apache.org/maven2/org/sonatype/plexus/plexus-build-api/0.0.4/plexus-build-api-0.0.4.jar
[INFO] Downloaded: https://repo.maven.apache.org/maven2/org/apache/maven/doxia/doxia-sink-api/1.0-alpha-7/doxia-sink-api-1.0-alpha-7.jar (6 KB at 98.3 KB/sec)
[INFO] Downloading: https://repo.maven.apache.org/maven2/org/codehaus/plexus/plexus-interpolation/1.13/plexus-interpolation-1.13.jar
[INFO] Downloaded: https://repo.maven.apache.org/maven2/junit/junit/3.8.1/junit-3.8.1.jar (119 KB at 1907.0 KB/sec)
[INFO] Downloaded: https://repo.maven.apache.org/maven2/org/codehaus/plexus/plexus-utils/2.0.5/plexus-utils-2.0.5.jar (218 KB at 3158.6 KB/sec)
[INFO] Downloaded: https://repo.maven.apache.org/maven2/org/sonatype/plexus/plexus-build-api/0.0.4/plexus-build-api-0.0.4.jar (7 KB at 93.7 KB/sec)
[INFO] Downloaded: https://repo.maven.apache.org/maven2/org/apache/maven/shared/maven-filtering/1.1/maven-filtering-1.1.jar (43 KB at 561.3 KB/sec)
[INFO] Downloaded: https://repo.maven.apache.org/maven2/org/codehaus/plexus/plexus-interpolation/1.13/plexus-interpolation-1.13.jar (60 KB at 701.5 KB/sec)
[WARNING] File encoding has not been set, using platform encoding UTF-8, i.e. build is platform dependent!
[WARNING] Using platform encoding (UTF-8 actually) to copy filtered resources, i.e. build is platform dependent!
[INFO] Copying 1 resource
[INFO] 
[INFO] --- maven-compiler-plugin:3.1:compile (default-compile) @ projectkorra ---
[INFO] Downloading: https://repo.maven.apache.org/maven2/org/apache/maven/maven-plugin-api/2.0.9/maven-plugin-api-2.0.9.pom
[INFO] Downloaded: https://repo.maven.apache.org/maven2/org/apache/maven/maven-plugin-api/2.0.9/maven-plugin-api-2.0.9.pom (2 KB at 97.3 KB/sec)
[INFO] Downloading: https://repo.maven.apache.org/maven2/org/apache/maven/maven/2.0.9/maven-2.0.9.pom
[INFO] Downloaded: https://repo.maven.apache.org/maven2/org/apache/maven/maven/2.0.9/maven-2.0.9.pom (19 KB at 879.2 KB/sec)
[INFO] Downloading: https://repo.maven.apache.org/maven2/org/apache/maven/maven-parent/8/maven-parent-8.pom
[INFO] Downloaded: https://repo.maven.apache.org/maven2/org/apache/maven/maven-parent/8/maven-parent-8.pom (24 KB at 1178.4 KB/sec)
[INFO] Downloading: https://repo.maven.apache.org/maven2/org/apache/apache/4/apache-4.pom
[INFO] Downloaded: https://repo.maven.apache.org/maven2/org/apache/apache/4/apache-4.pom (5 KB at 274.4 KB/sec)
[INFO] Downloading: https://repo.maven.apache.org/maven2/org/apache/maven/maven-artifact/2.0.9/maven-artifact-2.0.9.pom
[INFO] Downloaded: https://repo.maven.apache.org/maven2/org/apache/maven/maven-artifact/2.0.9/maven-artifact-2.0.9.pom (2 KB at 98.8 KB/sec)
[INFO] Downloading: https://repo.maven.apache.org/maven2/org/codehaus/plexus/plexus-utils/1.5.1/plexus-utils-1.5.1.pom
[INFO] Downloaded: https://repo.maven.apache.org/maven2/org/codehaus/plexus/plexus-utils/1.5.1/plexus-utils-1.5.1.pom (3 KB at 124.6 KB/sec)
[INFO] Downloading: https://repo.maven.apache.org/maven2/org/apache/maven/maven-core/2.0.9/maven-core-2.0.9.pom
[INFO] Downloaded: https://repo.maven.apache.org/maven2/org/apache/maven/maven-core/2.0.9/maven-core-2.0.9.pom (8 KB at 447.2 KB/sec)
[INFO] Downloading: https://repo.maven.apache.org/maven2/org/apache/maven/maven-settings/2.0.9/maven-settings-2.0.9.pom
[INFO] Downloaded: https://repo.maven.apache.org/maven2/org/apache/maven/maven-settings/2.0.9/maven-settings-2.0.9.pom (3 KB at 125.6 KB/sec)
[INFO] Downloading: https://repo.maven.apache.org/maven2/org/apache/maven/maven-model/2.0.9/maven-model-2.0.9.pom
[INFO] Downloaded: https://repo.maven.apache.org/maven2/org/apache/maven/maven-model/2.0.9/maven-model-2.0.9.pom (4 KB at 180.4 KB/sec)
[INFO] Downloading: https://repo.maven.apache.org/maven2/org/apache/maven/maven-plugin-parameter-documenter/2.0.9/maven-plugin-parameter-documenter-2.0.9.pom
[INFO] Downloaded: https://repo.maven.apache.org/maven2/org/apache/maven/maven-plugin-parameter-documenter/2.0.9/maven-plugin-parameter-documenter-2.0.9.pom (2 KB at 100.9 KB/sec)
[INFO] Downloading: https://repo.maven.apache.org/maven2/org/apache/maven/maven-profile/2.0.9/maven-profile-2.0.9.pom
[INFO] Downloaded: https://repo.maven.apache.org/maven2/org/apache/maven/maven-profile/2.0.9/maven-profile-2.0.9.pom (3 KB at 117.8 KB/sec)
[INFO] Downloading: https://repo.maven.apache.org/maven2/org/apache/maven/maven-repository-metadata/2.0.9/maven-repository-metadata-2.0.9.pom
[INFO] Downloaded: https://repo.maven.apache.org/maven2/org/apache/maven/maven-repository-metadata/2.0.9/maven-repository-metadata-2.0.9.pom (2 KB at 109.2 KB/sec)
[INFO] Downloading: https://repo.maven.apache.org/maven2/org/apache/maven/maven-error-diagnostics/2.0.9/maven-error-diagnostics-2.0.9.pom
[INFO] Downloaded: https://repo.maven.apache.org/maven2/org/apache/maven/maven-error-diagnostics/2.0.9/maven-error-diagnostics-2.0.9.pom (2 KB at 100.2 KB/sec)
[INFO] Downloading: https://repo.maven.apache.org/maven2/org/apache/maven/maven-project/2.0.9/maven-project-2.0.9.pom
[INFO] Downloaded: https://repo.maven.apache.org/maven2/org/apache/maven/maven-project/2.0.9/maven-project-2.0.9.pom (3 KB at 155.7 KB/sec)
[INFO] Downloading: https://repo.maven.apache.org/maven2/org/apache/maven/maven-artifact-manager/2.0.9/maven-artifact-manager-2.0.9.pom
[INFO] Downloaded: https://repo.maven.apache.org/maven2/org/apache/maven/maven-artifact-manager/2.0.9/maven-artifact-manager-2.0.9.pom (3 KB at 155.1 KB/sec)
[INFO] Downloading: https://repo.maven.apache.org/maven2/org/apache/maven/maven-plugin-registry/2.0.9/maven-plugin-registry-2.0.9.pom
[INFO] Downloaded: https://repo.maven.apache.org/maven2/org/apache/maven/maven-plugin-registry/2.0.9/maven-plugin-registry-2.0.9.pom (2 KB at 120.3 KB/sec)
[INFO] Downloading: https://repo.maven.apache.org/maven2/org/apache/maven/maven-plugin-descriptor/2.0.9/maven-plugin-descriptor-2.0.9.pom
[INFO] Downloaded: https://repo.maven.apache.org/maven2/org/apache/maven/maven-plugin-descriptor/2.0.9/maven-plugin-descriptor-2.0.9.pom (3 KB at 63.3 KB/sec)
[INFO] Downloading: https://repo.maven.apache.org/maven2/org/apache/maven/maven-monitor/2.0.9/maven-monitor-2.0.9.pom
[INFO] Downloaded: https://repo.maven.apache.org/maven2/org/apache/maven/maven-monitor/2.0.9/maven-monitor-2.0.9.pom (2 KB at 78.4 KB/sec)
[INFO] Downloading: https://repo.maven.apache.org/maven2/org/apache/maven/maven-toolchain/1.0/maven-toolchain-1.0.pom
[INFO] Downloaded: https://repo.maven.apache.org/maven2/org/apache/maven/maven-toolchain/1.0/maven-toolchain-1.0.pom (4 KB at 185.2 KB/sec)
[INFO] Downloading: https://repo.maven.apache.org/maven2/org/apache/maven/shared/maven-shared-utils/0.1/maven-shared-utils-0.1.pom
[INFO] Downloaded: https://repo.maven.apache.org/maven2/org/apache/maven/shared/maven-shared-utils/0.1/maven-shared-utils-0.1.pom (4 KB at 208.0 KB/sec)
[INFO] Downloading: https://repo.maven.apache.org/maven2/org/apache/maven/shared/maven-shared-components/18/maven-shared-components-18.pom
[INFO] Downloaded: https://repo.maven.apache.org/maven2/org/apache/maven/shared/maven-shared-components/18/maven-shared-components-18.pom (5 KB at 253.6 KB/sec)
[INFO] Downloading: https://repo.maven.apache.org/maven2/com/google/code/findbugs/jsr305/2.0.1/jsr305-2.0.1.pom
[INFO] Downloaded: https://repo.maven.apache.org/maven2/com/google/code/findbugs/jsr305/2.0.1/jsr305-2.0.1.pom (965 B at 55.4 KB/sec)
[INFO] Downloading: https://repo.maven.apache.org/maven2/org/apache/maven/shared/maven-shared-incremental/1.1/maven-shared-incremental-1.1.pom
[INFO] Downloaded: https://repo.maven.apache.org/maven2/org/apache/maven/shared/maven-shared-incremental/1.1/maven-shared-incremental-1.1.pom (5 KB at 257.3 KB/sec)
[INFO] Downloading: https://repo.maven.apache.org/maven2/org/apache/maven/shared/maven-shared-components/19/maven-shared-components-19.pom
[INFO] Downloaded: https://repo.maven.apache.org/maven2/org/apache/maven/shared/maven-shared-components/19/maven-shared-components-19.pom (7 KB at 310.5 KB/sec)
[INFO] Downloading: https://repo.maven.apache.org/maven2/org/apache/maven/maven-plugin-api/2.2.1/maven-plugin-api-2.2.1.pom
[INFO] Downloaded: https://repo.maven.apache.org/maven2/org/apache/maven/maven-plugin-api/2.2.1/maven-plugin-api-2.2.1.pom (2 KB at 83.8 KB/sec)
[INFO] Downloading: https://repo.maven.apache.org/maven2/org/apache/maven/maven/2.2.1/maven-2.2.1.pom
[INFO] Downloaded: https://repo.maven.apache.org/maven2/org/apache/maven/maven/2.2.1/maven-2.2.1.pom (22 KB at 1151.8 KB/sec)
[INFO] Downloading: https://repo.maven.apache.org/maven2/org/apache/maven/maven-parent/11/maven-parent-11.pom
[INFO] Downloaded: https://repo.maven.apache.org/maven2/org/apache/maven/maven-parent/11/maven-parent-11.pom (32 KB at 1665.8 KB/sec)
[INFO] Downloading: https://repo.maven.apache.org/maven2/org/apache/apache/5/apache-5.pom
[INFO] Downloaded: https://repo.maven.apache.org/maven2/org/apache/apache/5/apache-5.pom (5 KB at 235.4 KB/sec)
[INFO] Downloading: https://repo.maven.apache.org/maven2/org/apache/maven/maven-core/2.2.1/maven-core-2.2.1.pom
[INFO] Downloaded: https://repo.maven.apache.org/maven2/org/apache/maven/maven-core/2.2.1/maven-core-2.2.1.pom (12 KB at 568.0 KB/sec)
[INFO] Downloading: https://repo.maven.apache.org/maven2/org/apache/maven/maven-settings/2.2.1/maven-settings-2.2.1.pom
[INFO] Downloaded: https://repo.maven.apache.org/maven2/org/apache/maven/maven-settings/2.2.1/maven-settings-2.2.1.pom (3 KB at 118.2 KB/sec)
[INFO] Downloading: https://repo.maven.apache.org/maven2/org/apache/maven/maven-model/2.2.1/maven-model-2.2.1.pom
[INFO] Downloaded: https://repo.maven.apache.org/maven2/org/apache/maven/maven-model/2.2.1/maven-model-2.2.1.pom (4 KB at 137.6 KB/sec)
[INFO] Downloading: https://repo.maven.apache.org/maven2/org/codehaus/plexus/plexus-interpolation/1.11/plexus-interpolation-1.11.pom
[INFO] Downloaded: https://repo.maven.apache.org/maven2/org/codehaus/plexus/plexus-interpolation/1.11/plexus-interpolation-1.11.pom (889 B at 45.7 KB/sec)
[INFO] Downloading: https://repo.maven.apache.org/maven2/org/apache/maven/maven-plugin-parameter-documenter/2.2.1/maven-plugin-parameter-documenter-2.2.1.pom
[INFO] Downloaded: https://repo.maven.apache.org/maven2/org/apache/maven/maven-plugin-parameter-documenter/2.2.1/maven-plugin-parameter-documenter-2.2.1.pom (2 KB at 106.2 KB/sec)
[INFO] Downloading: https://repo.maven.apache.org/maven2/org/slf4j/slf4j-jdk14/1.5.6/slf4j-jdk14-1.5.6.pom
[INFO] Downloaded: https://repo.maven.apache.org/maven2/org/slf4j/slf4j-jdk14/1.5.6/slf4j-jdk14-1.5.6.pom (2 KB at 109.0 KB/sec)
[INFO] Downloading: https://repo.maven.apache.org/maven2/org/slf4j/slf4j-parent/1.5.6/slf4j-parent-1.5.6.pom
[INFO] Downloaded: https://repo.maven.apache.org/maven2/org/slf4j/slf4j-parent/1.5.6/slf4j-parent-1.5.6.pom (8 KB at 455.0 KB/sec)
[INFO] Downloading: https://repo.maven.apache.org/maven2/org/slf4j/slf4j-api/1.5.6/slf4j-api-1.5.6.pom
[INFO] Downloaded: https://repo.maven.apache.org/maven2/org/slf4j/slf4j-api/1.5.6/slf4j-api-1.5.6.pom (3 KB at 145.7 KB/sec)
[INFO] Downloading: https://repo.maven.apache.org/maven2/org/slf4j/jcl-over-slf4j/1.5.6/jcl-over-slf4j-1.5.6.pom
[INFO] Downloaded: https://repo.maven.apache.org/maven2/org/slf4j/jcl-over-slf4j/1.5.6/jcl-over-slf4j-1.5.6.pom (3 KB at 111.5 KB/sec)
[INFO] Downloading: https://repo.maven.apache.org/maven2/org/apache/maven/maven-profile/2.2.1/maven-profile-2.2.1.pom
[INFO] Downloaded: https://repo.maven.apache.org/maven2/org/apache/maven/maven-profile/2.2.1/maven-profile-2.2.1.pom (3 KB at 132.5 KB/sec)
[INFO] Downloading: https://repo.maven.apache.org/maven2/org/apache/maven/maven-artifact/2.2.1/maven-artifact-2.2.1.pom
[INFO] Downloaded: https://repo.maven.apache.org/maven2/org/apache/maven/maven-artifact/2.2.1/maven-artifact-2.2.1.pom (2 KB at 85.8 KB/sec)
[INFO] Downloading: https://repo.maven.apache.org/maven2/org/apache/maven/maven-repository-metadata/2.2.1/maven-repository-metadata-2.2.1.pom
[INFO] Downloaded: https://repo.maven.apache.org/maven2/org/apache/maven/maven-repository-metadata/2.2.1/maven-repository-metadata-2.2.1.pom (2 KB at 107.5 KB/sec)
[INFO] Downloading: https://repo.maven.apache.org/maven2/org/apache/maven/maven-error-diagnostics/2.2.1/maven-error-diagnostics-2.2.1.pom
[INFO] Downloaded: https://repo.maven.apache.org/maven2/org/apache/maven/maven-error-diagnostics/2.2.1/maven-error-diagnostics-2.2.1.pom (2 KB at 98.1 KB/sec)
[INFO] Downloading: https://repo.maven.apache.org/maven2/org/apache/maven/maven-project/2.2.1/maven-project-2.2.1.pom
[INFO] Downloaded: https://repo.maven.apache.org/maven2/org/apache/maven/maven-project/2.2.1/maven-project-2.2.1.pom (3 KB at 142.5 KB/sec)
[INFO] Downloading: https://repo.maven.apache.org/maven2/org/apache/maven/maven-artifact-manager/2.2.1/maven-artifact-manager-2.2.1.pom
[INFO] Downloaded: https://repo.maven.apache.org/maven2/org/apache/maven/maven-artifact-manager/2.2.1/maven-artifact-manager-2.2.1.pom (4 KB at 178.3 KB/sec)
[INFO] Downloading: https://repo.maven.apache.org/maven2/backport-util-concurrent/backport-util-concurrent/3.1/backport-util-concurrent-3.1.pom
[INFO] Downloaded: https://repo.maven.apache.org/maven2/backport-util-concurrent/backport-util-concurrent/3.1/backport-util-concurrent-3.1.pom (880 B at 53.7 KB/sec)
[INFO] Downloading: https://repo.maven.apache.org/maven2/org/apache/maven/maven-plugin-registry/2.2.1/maven-plugin-registry-2.2.1.pom
[INFO] Downloaded: https://repo.maven.apache.org/maven2/org/apache/maven/maven-plugin-registry/2.2.1/maven-plugin-registry-2.2.1.pom (2 KB at 99.1 KB/sec)
[INFO] Downloading: https://repo.maven.apache.org/maven2/org/apache/maven/maven-plugin-descriptor/2.2.1/maven-plugin-descriptor-2.2.1.pom
[INFO] Downloaded: https://repo.maven.apache.org/maven2/org/apache/maven/maven-plugin-descriptor/2.2.1/maven-plugin-descriptor-2.2.1.pom (3 KB at 118.6 KB/sec)
[INFO] Downloading: https://repo.maven.apache.org/maven2/org/apache/maven/maven-monitor/2.2.1/maven-monitor-2.2.1.pom
[INFO] Downloaded: https://repo.maven.apache.org/maven2/org/apache/maven/maven-monitor/2.2.1/maven-monitor-2.2.1.pom (2 KB at 68.2 KB/sec)
[INFO] Downloading: https://repo.maven.apache.org/maven2/org/sonatype/plexus/plexus-sec-dispatcher/1.3/plexus-sec-dispatcher-1.3.pom
[INFO] Downloaded: https://repo.maven.apache.org/maven2/org/sonatype/plexus/plexus-sec-dispatcher/1.3/plexus-sec-dispatcher-1.3.pom (3 KB at 180.7 KB/sec)
[INFO] Downloading: https://repo.maven.apache.org/maven2/org/sonatype/spice/spice-parent/12/spice-parent-12.pom
[INFO] Downloaded: https://repo.maven.apache.org/maven2/org/sonatype/spice/spice-parent/12/spice-parent-12.pom (7 KB at 349.4 KB/sec)
[INFO] Downloading: https://repo.maven.apache.org/maven2/org/sonatype/forge/forge-parent/4/forge-parent-4.pom
[INFO] Downloaded: https://repo.maven.apache.org/maven2/org/sonatype/forge/forge-parent/4/forge-parent-4.pom (9 KB at 455.6 KB/sec)
[INFO] Downloading: https://repo.maven.apache.org/maven2/org/codehaus/plexus/plexus-utils/1.5.5/plexus-utils-1.5.5.pom
[INFO] Downloaded: https://repo.maven.apache.org/maven2/org/codehaus/plexus/plexus-utils/1.5.5/plexus-utils-1.5.5.pom (6 KB at 264.5 KB/sec)
[INFO] Downloading: https://repo.maven.apache.org/maven2/org/sonatype/plexus/plexus-cipher/1.4/plexus-cipher-1.4.pom
[INFO] Downloaded: https://repo.maven.apache.org/maven2/org/sonatype/plexus/plexus-cipher/1.4/plexus-cipher-1.4.pom (3 KB at 112.0 KB/sec)
[INFO] Downloading: https://repo.maven.apache.org/maven2/org/codehaus/plexus/plexus-component-annotations/1.5.5/plexus-component-annotations-1.5.5.pom
[INFO] Downloaded: https://repo.maven.apache.org/maven2/org/codehaus/plexus/plexus-component-annotations/1.5.5/plexus-component-annotations-1.5.5.pom (815 B at 46.8 KB/sec)
[INFO] Downloading: https://repo.maven.apache.org/maven2/org/codehaus/plexus/plexus-containers/1.5.5/plexus-containers-1.5.5.pom
[INFO] Downloaded: https://repo.maven.apache.org/maven2/org/codehaus/plexus/plexus-containers/1.5.5/plexus-containers-1.5.5.pom (5 KB at 172.5 KB/sec)
[INFO] Downloading: https://repo.maven.apache.org/maven2/org/codehaus/plexus/plexus/2.0.7/plexus-2.0.7.pom
[INFO] Downloaded: https://repo.maven.apache.org/maven2/org/codehaus/plexus/plexus/2.0.7/plexus-2.0.7.pom (17 KB at 993.5 KB/sec)
[INFO] Downloading: https://repo.maven.apache.org/maven2/org/codehaus/plexus/plexus-compiler-api/2.2/plexus-compiler-api-2.2.pom
[INFO] Downloaded: https://repo.maven.apache.org/maven2/org/codehaus/plexus/plexus-compiler-api/2.2/plexus-compiler-api-2.2.pom (865 B at 46.9 KB/sec)
[INFO] Downloading: https://repo.maven.apache.org/maven2/org/codehaus/plexus/plexus-compiler/2.2/plexus-compiler-2.2.pom
[INFO] Downloaded: https://repo.maven.apache.org/maven2/org/codehaus/plexus/plexus-compiler/2.2/plexus-compiler-2.2.pom (4 KB at 220.6 KB/sec)
[INFO] Downloading: https://repo.maven.apache.org/maven2/org/codehaus/plexus/plexus-components/1.3.1/plexus-components-1.3.1.pom
[INFO] Downloaded: https://repo.maven.apache.org/maven2/org/codehaus/plexus/plexus-components/1.3.1/plexus-components-1.3.1.pom (3 KB at 199.5 KB/sec)
[INFO] Downloading: https://repo.maven.apache.org/maven2/org/codehaus/plexus/plexus/3.3.1/plexus-3.3.1.pom
[INFO] Downloaded: https://repo.maven.apache.org/maven2/org/codehaus/plexus/plexus/3.3.1/plexus-3.3.1.pom (20 KB at 1109.3 KB/sec)
[INFO] Downloading: https://repo.maven.apache.org/maven2/org/sonatype/spice/spice-parent/17/spice-parent-17.pom
[INFO] Downloaded: https://repo.maven.apache.org/maven2/org/sonatype/spice/spice-parent/17/spice-parent-17.pom (7 KB at 388.3 KB/sec)
[INFO] Downloading: https://repo.maven.apache.org/maven2/org/sonatype/forge/forge-parent/10/forge-parent-10.pom
[INFO] Downloaded: https://repo.maven.apache.org/maven2/org/sonatype/forge/forge-parent/10/forge-parent-10.pom (14 KB at 779.0 KB/sec)
[INFO] Downloading: https://repo.maven.apache.org/maven2/org/codehaus/plexus/plexus-utils/3.0.8/plexus-utils-3.0.8.pom
[INFO] Downloaded: https://repo.maven.apache.org/maven2/org/codehaus/plexus/plexus-utils/3.0.8/plexus-utils-3.0.8.pom (4 KB at 191.8 KB/sec)
[INFO] Downloading: https://repo.maven.apache.org/maven2/org/codehaus/plexus/plexus/3.2/plexus-3.2.pom
[INFO] Downloaded: https://repo.maven.apache.org/maven2/org/codehaus/plexus/plexus/3.2/plexus-3.2.pom (19 KB at 1017.0 KB/sec)
[INFO] Downloading: https://repo.maven.apache.org/maven2/org/codehaus/plexus/plexus-compiler-manager/2.2/plexus-compiler-manager-2.2.pom
[INFO] Downloaded: https://repo.maven.apache.org/maven2/org/codehaus/plexus/plexus-compiler-manager/2.2/plexus-compiler-manager-2.2.pom (690 B at 37.4 KB/sec)
[INFO] Downloading: https://repo.maven.apache.org/maven2/org/codehaus/plexus/plexus-compiler-javac/2.2/plexus-compiler-javac-2.2.pom
[INFO] Downloaded: https://repo.maven.apache.org/maven2/org/codehaus/plexus/plexus-compiler-javac/2.2/plexus-compiler-javac-2.2.pom (769 B at 44.2 KB/sec)
[INFO] Downloading: https://repo.maven.apache.org/maven2/org/codehaus/plexus/plexus-compilers/2.2/plexus-compilers-2.2.pom
[INFO] Downloaded: https://repo.maven.apache.org/maven2/org/codehaus/plexus/plexus-compilers/2.2/plexus-compilers-2.2.pom (2 KB at 75.7 KB/sec)
[INFO] Downloading: https://repo.maven.apache.org/maven2/org/codehaus/plexus/plexus-container-default/1.5.5/plexus-container-default-1.5.5.pom
[INFO] Downloaded: https://repo.maven.apache.org/maven2/org/codehaus/plexus/plexus-container-default/1.5.5/plexus-container-default-1.5.5.pom (3 KB at 168.2 KB/sec)
[INFO] Downloading: https://repo.maven.apache.org/maven2/org/codehaus/plexus/plexus-utils/1.4.5/plexus-utils-1.4.5.pom
[INFO] Downloaded: https://repo.maven.apache.org/maven2/org/codehaus/plexus/plexus-utils/1.4.5/plexus-utils-1.4.5.pom (3 KB at 116.4 KB/sec)
[INFO] Downloading: https://repo.maven.apache.org/maven2/org/codehaus/plexus/plexus-classworlds/2.2.2/plexus-classworlds-2.2.2.pom
[INFO] Downloaded: https://repo.maven.apache.org/maven2/org/codehaus/plexus/plexus-classworlds/2.2.2/plexus-classworlds-2.2.2.pom (4 KB at 231.7 KB/sec)
[INFO] Downloading: https://repo.maven.apache.org/maven2/org/apache/xbean/xbean-reflect/3.4/xbean-reflect-3.4.pom
[INFO] Downloaded: https://repo.maven.apache.org/maven2/org/apache/xbean/xbean-reflect/3.4/xbean-reflect-3.4.pom (3 KB at 152.4 KB/sec)
[INFO] Downloading: https://repo.maven.apache.org/maven2/org/apache/xbean/xbean/3.4/xbean-3.4.pom
[INFO] Downloaded: https://repo.maven.apache.org/maven2/org/apache/xbean/xbean/3.4/xbean-3.4.pom (19 KB at 904.9 KB/sec)
[INFO] Downloading: https://repo.maven.apache.org/maven2/log4j/log4j/1.2.12/log4j-1.2.12.pom
[INFO] Downloaded: https://repo.maven.apache.org/maven2/log4j/log4j/1.2.12/log4j-1.2.12.pom (145 B at 8.3 KB/sec)
[INFO] Downloading: https://repo.maven.apache.org/maven2/commons-logging/commons-logging-api/1.1/commons-logging-api-1.1.pom
[INFO] Downloaded: https://repo.maven.apache.org/maven2/commons-logging/commons-logging-api/1.1/commons-logging-api-1.1.pom (6 KB at 168.4 KB/sec)
[INFO] Downloading: https://repo.maven.apache.org/maven2/com/google/collections/google-collections/1.0/google-collections-1.0.pom
[INFO] Downloaded: https://repo.maven.apache.org/maven2/com/google/collections/google-collections/1.0/google-collections-1.0.pom (3 KB at 121.0 KB/sec)
[INFO] Downloading: https://repo.maven.apache.org/maven2/com/google/google/1/google-1.pom
[INFO] Downloaded: https://repo.maven.apache.org/maven2/com/google/google/1/google-1.pom (2 KB at 84.3 KB/sec)
[INFO] Downloading: https://repo.maven.apache.org/maven2/junit/junit/3.8.2/junit-3.8.2.pom
[INFO] Downloaded: https://repo.maven.apache.org/maven2/junit/junit/3.8.2/junit-3.8.2.pom (747 B at 40.5 KB/sec)
[INFO] Downloading: https://repo.maven.apache.org/maven2/org/codehaus/plexus/plexus-utils/1.5.1/plexus-utils-1.5.1.jar
[INFO] Downloading: https://repo.maven.apache.org/maven2/org/apache/maven/shared/maven-shared-utils/0.1/maven-shared-utils-0.1.jar
[INFO] Downloading: https://repo.maven.apache.org/maven2/com/google/code/findbugs/jsr305/2.0.1/jsr305-2.0.1.jar
[INFO] Downloading: https://repo.maven.apache.org/maven2/org/apache/maven/shared/maven-shared-incremental/1.1/maven-shared-incremental-1.1.jar
[INFO] Downloading: https://repo.maven.apache.org/maven2/org/codehaus/plexus/plexus-component-annotations/1.5.5/plexus-component-annotations-1.5.5.jar
[INFO] Downloaded: https://repo.maven.apache.org/maven2/org/codehaus/plexus/plexus-component-annotations/1.5.5/plexus-component-annotations-1.5.5.jar (5 KB at 228.5 KB/sec)
[INFO] Downloading: https://repo.maven.apache.org/maven2/org/codehaus/plexus/plexus-compiler-api/2.2/plexus-compiler-api-2.2.jar
[INFO] Downloaded: https://repo.maven.apache.org/maven2/org/apache/maven/shared/maven-shared-incremental/1.1/maven-shared-incremental-1.1.jar (14 KB at 600.9 KB/sec)
[INFO] Downloading: https://repo.maven.apache.org/maven2/org/codehaus/plexus/plexus-compiler-manager/2.2/plexus-compiler-manager-2.2.jar
[INFO] Downloaded: https://repo.maven.apache.org/maven2/com/google/code/findbugs/jsr305/2.0.1/jsr305-2.0.1.jar (32 KB at 1244.8 KB/sec)
[INFO] Downloading: https://repo.maven.apache.org/maven2/org/codehaus/plexus/plexus-compiler-javac/2.2/plexus-compiler-javac-2.2.jar
[INFO] Downloaded: https://repo.maven.apache.org/maven2/org/apache/maven/shared/maven-shared-utils/0.1/maven-shared-utils-0.1.jar (151 KB at 4191.6 KB/sec)
[INFO] Downloading: https://repo.maven.apache.org/maven2/org/apache/xbean/xbean-reflect/3.4/xbean-reflect-3.4.jar
[INFO] Downloaded: https://repo.maven.apache.org/maven2/org/codehaus/plexus/plexus-compiler-api/2.2/plexus-compiler-api-2.2.jar (25 KB at 677.9 KB/sec)
[INFO] Downloading: https://repo.maven.apache.org/maven2/log4j/log4j/1.2.12/log4j-1.2.12.jar
[INFO] Downloaded: https://repo.maven.apache.org/maven2/org/codehaus/plexus/plexus-utils/1.5.1/plexus-utils-1.5.1.jar (206 KB at 5018.1 KB/sec)
[INFO] Downloading: https://repo.maven.apache.org/maven2/commons-logging/commons-logging-api/1.1/commons-logging-api-1.1.jar
[INFO] Downloaded: https://repo.maven.apache.org/maven2/org/codehaus/plexus/plexus-compiler-manager/2.2/plexus-compiler-manager-2.2.jar (5 KB at 94.8 KB/sec)
[INFO] Downloading: https://repo.maven.apache.org/maven2/com/google/collections/google-collections/1.0/google-collections-1.0.jar
[INFO] Downloaded: https://repo.maven.apache.org/maven2/commons-logging/commons-logging-api/1.1/commons-logging-api-1.1.jar (44 KB at 777.7 KB/sec)
[INFO] Downloading: https://repo.maven.apache.org/maven2/junit/junit/3.8.2/junit-3.8.2.jar
[INFO] Downloaded: https://repo.maven.apache.org/maven2/org/codehaus/plexus/plexus-compiler-javac/2.2/plexus-compiler-javac-2.2.jar (19 KB at 325.0 KB/sec)
[INFO] Downloaded: https://repo.maven.apache.org/maven2/org/apache/xbean/xbean-reflect/3.4/xbean-reflect-3.4.jar (131 KB at 1980.1 KB/sec)
[INFO] Downloaded: https://repo.maven.apache.org/maven2/log4j/log4j/1.2.12/log4j-1.2.12.jar (350 KB at 4725.6 KB/sec)
[INFO] Downloaded: https://repo.maven.apache.org/maven2/junit/junit/3.8.2/junit-3.8.2.jar (118 KB at 1472.7 KB/sec)
[INFO] Downloaded: https://repo.maven.apache.org/maven2/com/google/collections/google-collections/1.0/google-collections-1.0.jar (625 KB at 6005.8 KB/sec)
[INFO] Changes detected - recompiling the module!
[WARNING] File encoding has not been set, using platform encoding UTF-8, i.e. build is platform dependent!
[INFO] Compiling 195 source files to /home/travis/build/failed/ProjectKorra/ProjectKorra/target/classes
[INFO] -------------------------------------------------------------
[WARNING] COMPILATION WARNING : 
[INFO] -------------------------------------------------------------
[WARNING] /home/travis/build/failed/ProjectKorra/ProjectKorra/src/com/projectkorra/projectkorra/ability/CoreAbility.java:[40,19] sun.reflect.ReflectionFactory is internal proprietary API and may be removed in a future release
[WARNING] /home/travis/build/failed/ProjectKorra/ProjectKorra/src/com/projectkorra/projectkorra/ability/util/AbilityLoader.java:[3,19] sun.reflect.ReflectionFactory is internal proprietary API and may be removed in a future release
[WARNING] /home/travis/build/failed/ProjectKorra/ProjectKorra/src/com/projectkorra/projectkorra/ability/CoreAbility.java:[367,17] sun.reflect.ReflectionFactory is internal proprietary API and may be removed in a future release
[WARNING] /home/travis/build/failed/ProjectKorra/ProjectKorra/src/com/projectkorra/projectkorra/ability/CoreAbility.java:[367,40] sun.reflect.ReflectionFactory is internal proprietary API and may be removed in a future release
[WARNING] /home/travis/build/failed/ProjectKorra/ProjectKorra/src/com/projectkorra/projectkorra/ability/util/AbilityLoader.java:[90,41] sun.reflect.ReflectionFactory is internal proprietary API and may be removed in a future release
[WARNING] /home/travis/build/failed/ProjectKorra/ProjectKorra/src/com/projectkorra/projectkorra/ability/util/AbilityLoader.java:[90,64] sun.reflect.ReflectionFactory is internal proprietary API and may be removed in a future release
[WARNING] /home/travis/build/failed/ProjectKorra/ProjectKorra/src/com/projectkorra/projectkorra/GeneralMethods.java: Some input files use or override a deprecated API.
[WARNING] /home/travis/build/failed/ProjectKorra/ProjectKorra/src/com/projectkorra/projectkorra/GeneralMethods.java: Recompile with -Xlint:deprecation for details.
[INFO] 8 warnings 
[INFO] -------------------------------------------------------------
[INFO] -------------------------------------------------------------
[ERROR] COMPILATION ERROR : 
[INFO] -------------------------------------------------------------
[ERROR] /home/travis/build/failed/ProjectKorra/ProjectKorra/src/com/projectkorra/projectkorra/ability/WaterAbility.java:[287,60] cannot find symbol
  symbol:   variable FIRE_IGNITE
  location: class org.bukkit.Sound
[ERROR] /home/travis/build/failed/ProjectKorra/ProjectKorra/src/com/projectkorra/projectkorra/ability/WaterAbility.java:[293,60] cannot find symbol
  symbol:   variable STEP_GRASS
  location: class org.bukkit.Sound
[ERROR] /home/travis/build/failed/ProjectKorra/ProjectKorra/src/com/projectkorra/projectkorra/ability/WaterAbility.java:[299,60] cannot find symbol
  symbol:   variable WATER
  location: class org.bukkit.Sound
[ERROR] /home/travis/build/failed/ProjectKorra/ProjectKorra/src/com/projectkorra/projectkorra/ability/FireAbility.java:[155,60] cannot find symbol
  symbol:   variable FIREWORK_BLAST
  location: class org.bukkit.Sound
[ERROR] /home/travis/build/failed/ProjectKorra/ProjectKorra/src/com/projectkorra/projectkorra/ability/FireAbility.java:[165,60] cannot find symbol
  symbol:   variable FIRE
  location: class org.bukkit.Sound
[ERROR] /home/travis/build/failed/ProjectKorra/ProjectKorra/src/com/projectkorra/projectkorra/ability/EarthAbility.java:[500,60] cannot find symbol
  symbol:   variable IRONGOLEM_HIT
  location: class org.bukkit.Sound
[ERROR] /home/travis/build/failed/ProjectKorra/ProjectKorra/src/com/projectkorra/projectkorra/ability/EarthAbility.java:[506,60] cannot find symbol
  symbol:   variable DIG_SAND
  location: class org.bukkit.Sound
[ERROR] /home/travis/build/failed/ProjectKorra/ProjectKorra/src/com/projectkorra/projectkorra/firebending/Lightning.java:[125,68] cannot find symbol
  symbol:   variable CREEPER_HISS
  location: class org.bukkit.Sound
[ERROR] /home/travis/build/failed/ProjectKorra/ProjectKorra/src/com/projectkorra/projectkorra/firebending/Lightning.java:[126,72] cannot find symbol
  symbol:   variable CREEPER_HISS
  location: class org.bukkit.Sound
[ERROR] /home/travis/build/failed/ProjectKorra/ProjectKorra/src/com/projectkorra/projectkorra/firebending/Lightning.java:[535,108] cannot find symbol
  symbol:   variable CREEPER_HISS
  location: class org.bukkit.Sound
[ERROR] /home/travis/build/failed/ProjectKorra/ProjectKorra/src/com/projectkorra/projectkorra/firebending/Lightning.java:[536,112] cannot find symbol
  symbol:   variable CREEPER_HISS
  location: class org.bukkit.Sound
[ERROR] /home/travis/build/failed/ProjectKorra/ProjectKorra/src/com/projectkorra/projectkorra/ability/AirAbility.java:[122,60] cannot find symbol
  symbol:   variable CREEPER_HISS
  location: class org.bukkit.Sound
[ERROR] /home/travis/build/failed/ProjectKorra/ProjectKorra/src/com/projectkorra/projectkorra/firebending/FireCombo.java:[179,86] cannot find symbol
  symbol:   variable VILLAGER_HIT
  location: class org.bukkit.Sound
[ERROR] /home/travis/build/failed/ProjectKorra/ProjectKorra/src/com/projectkorra/projectkorra/firebending/FireCombo.java:[247,88] cannot find symbol
  symbol:   variable HORSE_JUMP
  location: class org.bukkit.Sound
[ERROR] /home/travis/build/failed/ProjectKorra/ProjectKorra/src/com/projectkorra/projectkorra/firebending/FireCombo.java:[248,88] cannot find symbol
  symbol:   variable FIZZ
  location: class org.bukkit.Sound
[ERROR] /home/travis/build/failed/ProjectKorra/ProjectKorra/src/com/projectkorra/projectkorra/firebending/FireCombo.java:[262,96] cannot find symbol
  symbol:   variable FIRE_IGNITE
  location: class org.bukkit.Sound
[ERROR] /home/travis/build/failed/ProjectKorra/ProjectKorra/src/com/projectkorra/projectkorra/firebending/FireCombo.java:[284,88] cannot find symbol
  symbol:   variable FIZZ
  location: class org.bukkit.Sound
[ERROR] /home/travis/build/failed/ProjectKorra/ProjectKorra/src/com/projectkorra/projectkorra/firebending/FireCombo.java:[331,96] cannot find symbol
  symbol:   variable EXPLODE
  location: class org.bukkit.Sound
[ERROR] /home/travis/build/failed/ProjectKorra/ProjectKorra/src/com/projectkorra/projectkorra/firebending/FireCombo.java:[373,96] cannot find symbol
  symbol:   variable FIZZ
  location: class org.bukkit.Sound
[ERROR] /home/travis/build/failed/ProjectKorra/ProjectKorra/src/com/projectkorra/projectkorra/firebending/FireCombo.java:[424,70] cannot find symbol
  symbol:   variable FIRE
  location: class org.bukkit.Sound
[ERROR] /home/travis/build/failed/ProjectKorra/ProjectKorra/src/com/projectkorra/projectkorra/ability/AvatarAbility.java:[31,52] cannot find symbol
  symbol:   variable ANVIL_LAND
  location: class org.bukkit.Sound
[ERROR] /home/travis/build/failed/ProjectKorra/ProjectKorra/src/com/projectkorra/projectkorra/airbending/AirBlast.java:[302,94] cannot find symbol
  symbol:   variable DOOR_CLOSE
  location: class org.bukkit.Sound
[ERROR] /home/travis/build/failed/ProjectKorra/ProjectKorra/src/com/projectkorra/projectkorra/airbending/AirBlast.java:[305,94] cannot find symbol
  symbol:   variable DOOR_OPEN
  location: class org.bukkit.Sound
[ERROR] /home/travis/build/failed/ProjectKorra/ProjectKorra/src/com/projectkorra/projectkorra/firebending/FireBlastCharged.java:[183,78] cannot find symbol
  symbol:   variable EXPLODE
  location: class org.bukkit.Sound
[ERROR] /home/travis/build/failed/ProjectKorra/ProjectKorra/src/com/projectkorra/projectkorra/earthbending/EarthPassive.java:[121,110] cannot find symbol
  symbol:   variable DOOR_CLOSE
  location: class org.bukkit.Sound
[ERROR] /home/travis/build/failed/ProjectKorra/ProjectKorra/src/com/projectkorra/projectkorra/earthbending/EarthPassive.java:[124,110] cannot find symbol
  symbol:   variable DOOR_OPEN
  location: class org.bukkit.Sound
[ERROR] /home/travis/build/failed/ProjectKorra/ProjectKorra/src/com/projectkorra/projectkorra/waterbending/IceBlast.java:[309,62] cannot find symbol
  symbol:   variable GLASS
  location: class org.bukkit.Sound
[INFO] 27 errors 
[INFO] -------------------------------------------------------------
[INFO] ------------------------------------------------------------------------
[INFO] BUILD FAILURE
[INFO] ------------------------------------------------------------------------
[INFO] Total time: 44.414 s
[INFO] Finished at: 2021-03-26T19:49:38+00:00
[INFO] Final Memory: 19M/491M
[INFO] ------------------------------------------------------------------------
[ERROR] Failed to execute goal org.apache.maven.plugins:maven-compiler-plugin:3.1:compile (default-compile) on project projectkorra: Compilation failure: Compilation failure:
[ERROR] /home/travis/build/failed/ProjectKorra/ProjectKorra/src/com/projectkorra/projectkorra/ability/WaterAbility.java:[287,60] cannot find symbol
[ERROR] symbol:   variable FIRE_IGNITE
[ERROR] location: class org.bukkit.Sound
[ERROR] /home/travis/build/failed/ProjectKorra/ProjectKorra/src/com/projectkorra/projectkorra/ability/WaterAbility.java:[293,60] cannot find symbol
[ERROR] symbol:   variable STEP_GRASS
[ERROR] location: class org.bukkit.Sound
[ERROR] /home/travis/build/failed/ProjectKorra/ProjectKorra/src/com/projectkorra/projectkorra/ability/WaterAbility.java:[299,60] cannot find symbol
[ERROR] symbol:   variable WATER
[ERROR] location: class org.bukkit.Sound
[ERROR] /home/travis/build/failed/ProjectKorra/ProjectKorra/src/com/projectkorra/projectkorra/ability/FireAbility.java:[155,60] cannot find symbol
[ERROR] symbol:   variable FIREWORK_BLAST
[ERROR] location: class org.bukkit.Sound
[ERROR] /home/travis/build/failed/ProjectKorra/ProjectKorra/src/com/projectkorra/projectkorra/ability/FireAbility.java:[165,60] cannot find symbol
[ERROR] symbol:   variable FIRE
[ERROR] location: class org.bukkit.Sound
[ERROR] /home/travis/build/failed/ProjectKorra/ProjectKorra/src/com/projectkorra/projectkorra/ability/EarthAbility.java:[500,60] cannot find symbol
[ERROR] symbol:   variable IRONGOLEM_HIT
[ERROR] location: class org.bukkit.Sound
[ERROR] /home/travis/build/failed/ProjectKorra/ProjectKorra/src/com/projectkorra/projectkorra/ability/EarthAbility.java:[506,60] cannot find symbol
[ERROR] symbol:   variable DIG_SAND
[ERROR] location: class org.bukkit.Sound
[ERROR] /home/travis/build/failed/ProjectKorra/ProjectKorra/src/com/projectkorra/projectkorra/firebending/Lightning.java:[125,68] cannot find symbol
[ERROR] symbol:   variable CREEPER_HISS
[ERROR] location: class org.bukkit.Sound
[ERROR] /home/travis/build/failed/ProjectKorra/ProjectKorra/src/com/projectkorra/projectkorra/firebending/Lightning.java:[126,72] cannot find symbol
[ERROR] symbol:   variable CREEPER_HISS
[ERROR] location: class org.bukkit.Sound
[ERROR] /home/travis/build/failed/ProjectKorra/ProjectKorra/src/com/projectkorra/projectkorra/firebending/Lightning.java:[535,108] cannot find symbol
[ERROR] symbol:   variable CREEPER_HISS
[ERROR] location: class org.bukkit.Sound
[ERROR] /home/travis/build/failed/ProjectKorra/ProjectKorra/src/com/projectkorra/projectkorra/firebending/Lightning.java:[536,112] cannot find symbol
[ERROR] symbol:   variable CREEPER_HISS
[ERROR] location: class org.bukkit.Sound
[ERROR] /home/travis/build/failed/ProjectKorra/ProjectKorra/src/com/projectkorra/projectkorra/ability/AirAbility.java:[122,60] cannot find symbol
[ERROR] symbol:   variable CREEPER_HISS
[ERROR] location: class org.bukkit.Sound
[ERROR] /home/travis/build/failed/ProjectKorra/ProjectKorra/src/com/projectkorra/projectkorra/firebending/FireCombo.java:[179,86] cannot find symbol
[ERROR] symbol:   variable VILLAGER_HIT
[ERROR] location: class org.bukkit.Sound
[ERROR] /home/travis/build/failed/ProjectKorra/ProjectKorra/src/com/projectkorra/projectkorra/firebending/FireCombo.java:[247,88] cannot find symbol
[ERROR] symbol:   variable HORSE_JUMP
[ERROR] location: class org.bukkit.Sound
[ERROR] /home/travis/build/failed/ProjectKorra/ProjectKorra/src/com/projectkorra/projectkorra/firebending/FireCombo.java:[248,88] cannot find symbol
[ERROR] symbol:   variable FIZZ
[ERROR] location: class org.bukkit.Sound
[ERROR] /home/travis/build/failed/ProjectKorra/ProjectKorra/src/com/projectkorra/projectkorra/firebending/FireCombo.java:[262,96] cannot find symbol
[ERROR] symbol:   variable FIRE_IGNITE
[ERROR] location: class org.bukkit.Sound
[ERROR] /home/travis/build/failed/ProjectKorra/ProjectKorra/src/com/projectkorra/projectkorra/firebending/FireCombo.java:[284,88] cannot find symbol
[ERROR] symbol:   variable FIZZ
[ERROR] location: class org.bukkit.Sound
[ERROR] /home/travis/build/failed/ProjectKorra/ProjectKorra/src/com/projectkorra/projectkorra/firebending/FireCombo.java:[331,96] cannot find symbol
[ERROR] symbol:   variable EXPLODE
[ERROR] location: class org.bukkit.Sound
[ERROR] /home/travis/build/failed/ProjectKorra/ProjectKorra/src/com/projectkorra/projectkorra/firebending/FireCombo.java:[373,96] cannot find symbol
[ERROR] symbol:   variable FIZZ
[ERROR] location: class org.bukkit.Sound
[ERROR] /home/travis/build/failed/ProjectKorra/ProjectKorra/src/com/projectkorra/projectkorra/firebending/FireCombo.java:[424,70] cannot find symbol
[ERROR] symbol:   variable FIRE
[ERROR] location: class org.bukkit.Sound
[ERROR] /home/travis/build/failed/ProjectKorra/ProjectKorra/src/com/projectkorra/projectkorra/ability/AvatarAbility.java:[31,52] cannot find symbol
[ERROR] symbol:   variable ANVIL_LAND
[ERROR] location: class org.bukkit.Sound
[ERROR] /home/travis/build/failed/ProjectKorra/ProjectKorra/src/com/projectkorra/projectkorra/airbending/AirBlast.java:[302,94] cannot find symbol
[ERROR] symbol:   variable DOOR_CLOSE
[ERROR] location: class org.bukkit.Sound
[ERROR] /home/travis/build/failed/ProjectKorra/ProjectKorra/src/com/projectkorra/projectkorra/airbending/AirBlast.java:[305,94] cannot find symbol
[ERROR] symbol:   variable DOOR_OPEN
[ERROR] location: class org.bukkit.Sound
[ERROR] /home/travis/build/failed/ProjectKorra/ProjectKorra/src/com/projectkorra/projectkorra/firebending/FireBlastCharged.java:[183,78] cannot find symbol
[ERROR] symbol:   variable EXPLODE
[ERROR] location: class org.bukkit.Sound
[ERROR] /home/travis/build/failed/ProjectKorra/ProjectKorra/src/com/projectkorra/projectkorra/earthbending/EarthPassive.java:[121,110] cannot find symbol
[ERROR] symbol:   variable DOOR_CLOSE
[ERROR] location: class org.bukkit.Sound
[ERROR] /home/travis/build/failed/ProjectKorra/ProjectKorra/src/com/projectkorra/projectkorra/earthbending/EarthPassive.java:[124,110] cannot find symbol
[ERROR] symbol:   variable DOOR_OPEN
[ERROR] location: class org.bukkit.Sound
[ERROR] /home/travis/build/failed/ProjectKorra/ProjectKorra/src/com/projectkorra/projectkorra/waterbending/IceBlast.java:[309,62] cannot find symbol
[ERROR] symbol:   variable GLASS
[ERROR] location: class org.bukkit.Sound
[ERROR] -> [Help 1]
[ERROR] 
[ERROR] To see the full stack trace of the errors, re-run Maven with the -e switch.
[ERROR] Re-run Maven using the -X switch to enable full debug logging.
[ERROR] 
[ERROR] For more information about the errors and possible solutions, please read the following articles:
[ERROR] [Help 1] http://cwiki.apache.org/confluence/display/MAVEN/MojoFailureException

[31;1mThe command "eval mvn install -Dhttps.protocols=TLSv1.2 -Dhttps.protocols=TLSv1.2 -Dhttps.protocols=TLSv1.2 -DskipTests=true -Dmaven.javadoc.skip=true -B -V " failed. Retrying, 2 of 3.[0m

Apache Maven 3.2.5 (12a6b3acb947671f09b81f49094c53f426d8cea1; 2014-12-14T17:29:23+00:00)
Maven home: /usr/local/maven
Java version: 1.7.0_76, vendor: Oracle Corporation
Java home: /usr/lib/jvm/java-7-oracle/jre
Default locale: en_US, platform encoding: UTF-8
OS name: "linux", version: "4.15.0-109-generic", arch: "amd64", family: "unix"
[INFO] Scanning for projects...
[WARNING] 
[WARNING] Some problems were encountered while building the effective model for com.projectkorra:projectkorra:jar:don't matter
[WARNING] 'dependencies.dependency.systemPath' for me.ryanhamshire:GriefPrevention:jar should not point at files within the project directory, ${basedir}/lib/GriefPrevention 10.5.3.jar will be unresolvable by dependent projects @ line 142, column 16
[WARNING] 'dependencies.dependency.systemPath' for com.griefcraft:lwc:jar should not point at files within the project directory, ${basedir}/lib/LWC.jar will be unresolvable by dependent projects @ line 159, column 16
[WARNING] 'dependencies.dependency.systemPath' for com.massivecraft:massivecore:jar should not point at files within the project directory, ${basedir}/lib/MassiveCore 2.7.5.jar will be unresolvable by dependent projects @ line 176, column 16
[WARNING] 'dependencies.dependency.systemPath' for fr.neatmonster:nocheatplus:jar should not point at files within the project directory, ${basedir}/lib/NoCheatPlus.jar will be unresolvable by dependent projects @ line 193, column 16
[WARNING] 'dependencies.dependency.systemPath' for com.palmergames.bukkit:towny:jar should not point at files within the project directory, ${basedir}/lib/Towny.jar will be unresolvable by dependent projects @ line 210, column 16
[WARNING] 'dependencies.dependency.systemPath' for com.bekvon.bukkit:residence:jar should not point at files within the project directory, ${basedir}/lib/Residence4.0.0.4.jar will be unresolvable by dependent projects @ line 227, column 16
[WARNING] 'dependencies.dependency.systemPath' for com.projectkorra:spirits:jar should not point at files within the project directory, ${basedir}/lib/ProjectKorraSpirits.jar will be unresolvable by dependent projects @ line 244, column 16
[WARNING] 'dependencies.dependency.systemPath' for com.projectkorra:rpg:jar should not point at files within the project directory, ${basedir}/lib/ProjectKorraRPG.jar will be unresolvable by dependent projects @ line 261, column 16
[WARNING] 'dependencies.dependency.systemPath' for com.projectkorra:items:jar should not point at files within the project directory, ${basedir}/lib/ProjectKorraItems.jar will be unresolvable by dependent projects @ line 278, column 16
[WARNING] 'dependencies.dependency.systemPath' for net.sacredlabyrinth.Phaed:PreciousStones:jar should not point at files within the project directory, ${basedir}/lib/PreciousStones 9.7.1.jar will be unresolvable by dependent projects @ line 295, column 16
[WARNING] 'dependencies.dependency.systemPath' for com.massivecraft:factions:jar should not point at files within the project directory, ${basedir}/lib/Factions 2.7.5.jar will be unresolvable by dependent projects @ line 312, column 16
[WARNING] 
[WARNING] It is highly recommended to fix these problems because they threaten the stability of your build.
[WARNING] 
[WARNING] For this reason, future Maven versions might no longer support building such malformed projects.
[WARNING] 
[INFO]                                                                         
[INFO] ------------------------------------------------------------------------
[INFO] Building projectkorra don't matter
[INFO] ------------------------------------------------------------------------
[INFO] Downloading: https://nexus.codehaus.org/snapshots/org/spigotmc/spigot-api/1.10.2-R0.1-SNAPSHOT/maven-metadata.xml
[INFO] Downloading: https://repository.apache.org/snapshots/org/spigotmc/spigot-api/1.10.2-R0.1-SNAPSHOT/maven-metadata.xml
[WARNING] Could not transfer metadata org.spigotmc:spigot-api:1.10.2-R0.1-SNAPSHOT/maven-metadata.xml from/to codehaus-snapshots (https://nexus.codehaus.org/snapshots/): nexus.codehaus.org
[WARNING] Failure to transfer org.spigotmc:spigot-api:1.10.2-R0.1-SNAPSHOT/maven-metadata.xml from https://nexus.codehaus.org/snapshots/ was cached in the local repository, resolution will not be reattempted until the update interval of codehaus-snapshots has elapsed or updates are forced. Original error: Could not transfer metadata org.spigotmc:spigot-api:1.10.2-R0.1-SNAPSHOT/maven-metadata.xml from/to codehaus-snapshots (https://nexus.codehaus.org/snapshots/): nexus.codehaus.org
[INFO] Downloading: https://repository.apache.org/snapshots/net/md-5/bungeecord-chat/1.10-SNAPSHOT/maven-metadata.xml
[INFO] Downloading: https://nexus.codehaus.org/snapshots/net/md-5/bungeecord-chat/1.10-SNAPSHOT/maven-metadata.xml
[WARNING] Could not transfer metadata net.md-5:bungeecord-chat:1.10-SNAPSHOT/maven-metadata.xml from/to codehaus-snapshots (https://nexus.codehaus.org/snapshots/): nexus.codehaus.org
[WARNING] Failure to transfer net.md-5:bungeecord-chat:1.10-SNAPSHOT/maven-metadata.xml from https://nexus.codehaus.org/snapshots/ was cached in the local repository, resolution will not be reattempted until the update interval of codehaus-snapshots has elapsed or updates are forced. Original error: Could not transfer metadata net.md-5:bungeecord-chat:1.10-SNAPSHOT/maven-metadata.xml from/to codehaus-snapshots (https://nexus.codehaus.org/snapshots/): nexus.codehaus.org
[INFO] Downloading: https://nexus.codehaus.org/snapshots/net/md-5/bungeecord-parent/1.10-SNAPSHOT/maven-metadata.xml
[INFO] Downloading: https://repository.apache.org/snapshots/net/md-5/bungeecord-parent/1.10-SNAPSHOT/maven-metadata.xml
[WARNING] Could not transfer metadata net.md-5:bungeecord-parent:1.10-SNAPSHOT/maven-metadata.xml from/to codehaus-snapshots (https://nexus.codehaus.org/snapshots/): nexus.codehaus.org
[INFO] Downloading: https://nexus.codehaus.org/snapshots/com/sk89q/worldguard/6.1.1-SNAPSHOT/maven-metadata.xml
[INFO] Downloading: https://repository.apache.org/snapshots/com/sk89q/worldguard/6.1.1-SNAPSHOT/maven-metadata.xml
[WARNING] Could not transfer metadata com.sk89q:worldguard:6.1.1-SNAPSHOT/maven-metadata.xml from/to codehaus-snapshots (https://nexus.codehaus.org/snapshots/): nexus.codehaus.org
[WARNING] Failure to transfer com.sk89q:worldguard:6.1.1-SNAPSHOT/maven-metadata.xml from https://nexus.codehaus.org/snapshots/ was cached in the local repository, resolution will not be reattempted until the update interval of codehaus-snapshots has elapsed or updates are forced. Original error: Could not transfer metadata com.sk89q:worldguard:6.1.1-SNAPSHOT/maven-metadata.xml from/to codehaus-snapshots (https://nexus.codehaus.org/snapshots/): nexus.codehaus.org
[INFO] Downloading: https://nexus.codehaus.org/snapshots/com/sk89q/spigot/bukkit-classloader-check/1.8-R0.1-SNAPSHOT/maven-metadata.xml
[INFO] Downloading: https://repository.apache.org/snapshots/com/sk89q/spigot/bukkit-classloader-check/1.8-R0.1-SNAPSHOT/maven-metadata.xml
[WARNING] Could not transfer metadata com.sk89q.spigot:bukkit-classloader-check:1.8-R0.1-SNAPSHOT/maven-metadata.xml from/to codehaus-snapshots (https://nexus.codehaus.org/snapshots/): nexus.codehaus.org
[WARNING] Failure to transfer com.sk89q.spigot:bukkit-classloader-check:1.8-R0.1-SNAPSHOT/maven-metadata.xml from https://nexus.codehaus.org/snapshots/ was cached in the local repository, resolution will not be reattempted until the update interval of codehaus-snapshots has elapsed or updates are forced. Original error: Could not transfer metadata com.sk89q.spigot:bukkit-classloader-check:1.8-R0.1-SNAPSHOT/maven-metadata.xml from/to codehaus-snapshots (https://nexus.codehaus.org/snapshots/): nexus.codehaus.org
[INFO] Downloading: https://repository.apache.org/snapshots/org/bukkit/bukkit/1.8.6-R0.1-SNAPSHOT/maven-metadata.xml
[INFO] Downloading: https://nexus.codehaus.org/snapshots/org/bukkit/bukkit/1.8.6-R0.1-SNAPSHOT/maven-metadata.xml
[WARNING] Could not transfer metadata org.bukkit:bukkit:1.8.6-R0.1-SNAPSHOT/maven-metadata.xml from/to codehaus-snapshots (https://nexus.codehaus.org/snapshots/): nexus.codehaus.org
[WARNING] Failure to transfer org.bukkit:bukkit:1.8.6-R0.1-SNAPSHOT/maven-metadata.xml from https://nexus.codehaus.org/snapshots/ was cached in the local repository, resolution will not be reattempted until the update interval of codehaus-snapshots has elapsed or updates are forced. Original error: Could not transfer metadata org.bukkit:bukkit:1.8.6-R0.1-SNAPSHOT/maven-metadata.xml from/to codehaus-snapshots (https://nexus.codehaus.org/snapshots/): nexus.codehaus.org
[INFO] Downloading: https://nexus.codehaus.org/snapshots/com/sk89q/worldedit/worldedit-bukkit/6.1.4-SNAPSHOT/maven-metadata.xml
[INFO] Downloading: https://repository.apache.org/snapshots/com/sk89q/worldedit/worldedit-bukkit/6.1.4-SNAPSHOT/maven-metadata.xml
[WARNING] Could not transfer metadata com.sk89q.worldedit:worldedit-bukkit:6.1.4-SNAPSHOT/maven-metadata.xml from/to codehaus-snapshots (https://nexus.codehaus.org/snapshots/): nexus.codehaus.org
[WARNING] Failure to transfer com.sk89q.worldedit:worldedit-bukkit:6.1.4-SNAPSHOT/maven-metadata.xml from https://nexus.codehaus.org/snapshots/ was cached in the local repository, resolution will not be reattempted until the update interval of codehaus-snapshots has elapsed or updates are forced. Original error: Could not transfer metadata com.sk89q.worldedit:worldedit-bukkit:6.1.4-SNAPSHOT/maven-metadata.xml from/to codehaus-snapshots (https://nexus.codehaus.org/snapshots/): nexus.codehaus.org
[INFO] Downloading: https://repository.apache.org/snapshots/org/bukkit/bukkit/1.9.4-R0.1-SNAPSHOT/maven-metadata.xml
[INFO] Downloading: https://nexus.codehaus.org/snapshots/org/bukkit/bukkit/1.9.4-R0.1-SNAPSHOT/maven-metadata.xml
[WARNING] Could not transfer metadata org.bukkit:bukkit:1.9.4-R0.1-SNAPSHOT/maven-metadata.xml from/to codehaus-snapshots (https://nexus.codehaus.org/snapshots/): nexus.codehaus.org
[WARNING] Failure to transfer org.bukkit:bukkit:1.9.4-R0.1-SNAPSHOT/maven-metadata.xml from https://nexus.codehaus.org/snapshots/ was cached in the local repository, resolution will not be reattempted until the update interval of codehaus-snapshots has elapsed or updates are forced. Original error: Could not transfer metadata org.bukkit:bukkit:1.9.4-R0.1-SNAPSHOT/maven-metadata.xml from/to codehaus-snapshots (https://nexus.codehaus.org/snapshots/): nexus.codehaus.org
[INFO] Downloading: https://nexus.codehaus.org/snapshots/com/sk89q/worldedit/worldedit-core/6.1.4-SNAPSHOT/maven-metadata.xml
[INFO] Downloading: https://repository.apache.org/snapshots/com/sk89q/worldedit/worldedit-core/6.1.4-SNAPSHOT/maven-metadata.xml
[WARNING] Could not transfer metadata com.sk89q.worldedit:worldedit-core:6.1.4-SNAPSHOT/maven-metadata.xml from/to codehaus-snapshots (https://nexus.codehaus.org/snapshots/): nexus.codehaus.org
[WARNING] Failure to transfer com.sk89q.worldedit:worldedit-core:6.1.4-SNAPSHOT/maven-metadata.xml from https://nexus.codehaus.org/snapshots/ was cached in the local repository, resolution will not be reattempted until the update interval of codehaus-snapshots has elapsed or updates are forced. Original error: Could not transfer metadata com.sk89q.worldedit:worldedit-core:6.1.4-SNAPSHOT/maven-metadata.xml from/to codehaus-snapshots (https://nexus.codehaus.org/snapshots/): nexus.codehaus.org
[INFO] 
[INFO] --- maven-resources-plugin:2.6:resources (default-resources) @ projectkorra ---
[WARNING] File encoding has not been set, using platform encoding UTF-8, i.e. build is platform dependent!
[WARNING] Using platform encoding (UTF-8 actually) to copy filtered resources, i.e. build is platform dependent!
[INFO] Copying 1 resource
[INFO] 
[INFO] --- maven-compiler-plugin:3.1:compile (default-compile) @ projectkorra ---
[INFO] Changes detected - recompiling the module!
[WARNING] File encoding has not been set, using platform encoding UTF-8, i.e. build is platform dependent!
[INFO] Compiling 195 source files to /home/travis/build/failed/ProjectKorra/ProjectKorra/target/classes
[INFO] -------------------------------------------------------------
[WARNING] COMPILATION WARNING : 
[INFO] -------------------------------------------------------------
[WARNING] /home/travis/build/failed/ProjectKorra/ProjectKorra/src/com/projectkorra/projectkorra/ability/CoreAbility.java:[40,19] sun.reflect.ReflectionFactory is internal proprietary API and may be removed in a future release
[WARNING] /home/travis/build/failed/ProjectKorra/ProjectKorra/src/com/projectkorra/projectkorra/ability/util/AbilityLoader.java:[3,19] sun.reflect.ReflectionFactory is internal proprietary API and may be removed in a future release
[WARNING] /home/travis/build/failed/ProjectKorra/ProjectKorra/src/com/projectkorra/projectkorra/ability/CoreAbility.java:[367,17] sun.reflect.ReflectionFactory is internal proprietary API and may be removed in a future release
[WARNING] /home/travis/build/failed/ProjectKorra/ProjectKorra/src/com/projectkorra/projectkorra/ability/CoreAbility.java:[367,40] sun.reflect.ReflectionFactory is internal proprietary API and may be removed in a future release
[WARNING] /home/travis/build/failed/ProjectKorra/ProjectKorra/src/com/projectkorra/projectkorra/ability/util/AbilityLoader.java:[90,41] sun.reflect.ReflectionFactory is internal proprietary API and may be removed in a future release
[WARNING] /home/travis/build/failed/ProjectKorra/ProjectKorra/src/com/projectkorra/projectkorra/ability/util/AbilityLoader.java:[90,64] sun.reflect.ReflectionFactory is internal proprietary API and may be removed in a future release
[WARNING] /home/travis/build/failed/ProjectKorra/ProjectKorra/src/com/projectkorra/projectkorra/GeneralMethods.java: Some input files use or override a deprecated API.
[WARNING] /home/travis/build/failed/ProjectKorra/ProjectKorra/src/com/projectkorra/projectkorra/GeneralMethods.java: Recompile with -Xlint:deprecation for details.
[INFO] 8 warnings 
[INFO] -------------------------------------------------------------
[INFO] -------------------------------------------------------------
[ERROR] COMPILATION ERROR : 
[INFO] -------------------------------------------------------------
[ERROR] /home/travis/build/failed/ProjectKorra/ProjectKorra/src/com/projectkorra/projectkorra/ability/WaterAbility.java:[287,60] cannot find symbol
  symbol:   variable FIRE_IGNITE
  location: class org.bukkit.Sound
[ERROR] /home/travis/build/failed/ProjectKorra/ProjectKorra/src/com/projectkorra/projectkorra/ability/WaterAbility.java:[293,60] cannot find symbol
  symbol:   variable STEP_GRASS
  location: class org.bukkit.Sound
[ERROR] /home/travis/build/failed/ProjectKorra/ProjectKorra/src/com/projectkorra/projectkorra/ability/WaterAbility.java:[299,60] cannot find symbol
  symbol:   variable WATER
  location: class org.bukkit.Sound
[ERROR] /home/travis/build/failed/ProjectKorra/ProjectKorra/src/com/projectkorra/projectkorra/ability/FireAbility.java:[155,60] cannot find symbol
  symbol:   variable FIREWORK_BLAST
  location: class org.bukkit.Sound
[ERROR] /home/travis/build/failed/ProjectKorra/ProjectKorra/src/com/projectkorra/projectkorra/ability/FireAbility.java:[165,60] cannot find symbol
  symbol:   variable FIRE
  location: class org.bukkit.Sound
[ERROR] /home/travis/build/failed/ProjectKorra/ProjectKorra/src/com/projectkorra/projectkorra/ability/EarthAbility.java:[500,60] cannot find symbol
  symbol:   variable IRONGOLEM_HIT
  location: class org.bukkit.Sound
[ERROR] /home/travis/build/failed/ProjectKorra/ProjectKorra/src/com/projectkorra/projectkorra/ability/EarthAbility.java:[506,60] cannot find symbol
  symbol:   variable DIG_SAND
  location: class org.bukkit.Sound
[ERROR] /home/travis/build/failed/ProjectKorra/ProjectKorra/src/com/projectkorra/projectkorra/firebending/Lightning.java:[125,68] cannot find symbol
  symbol:   variable CREEPER_HISS
  location: class org.bukkit.Sound
[ERROR] /home/travis/build/failed/ProjectKorra/ProjectKorra/src/com/projectkorra/projectkorra/firebending/Lightning.java:[126,72] cannot find symbol
  symbol:   variable CREEPER_HISS
  location: class org.bukkit.Sound
[ERROR] /home/travis/build/failed/ProjectKorra/ProjectKorra/src/com/projectkorra/projectkorra/firebending/Lightning.java:[535,108] cannot find symbol
  symbol:   variable CREEPER_HISS
  location: class org.bukkit.Sound
[ERROR] /home/travis/build/failed/ProjectKorra/ProjectKorra/src/com/projectkorra/projectkorra/firebending/Lightning.java:[536,112] cannot find symbol
  symbol:   variable CREEPER_HISS
  location: class org.bukkit.Sound
[ERROR] /home/travis/build/failed/ProjectKorra/ProjectKorra/src/com/projectkorra/projectkorra/ability/AirAbility.java:[122,60] cannot find symbol
  symbol:   variable CREEPER_HISS
  location: class org.bukkit.Sound
[ERROR] /home/travis/build/failed/ProjectKorra/ProjectKorra/src/com/projectkorra/projectkorra/firebending/FireCombo.java:[179,86] cannot find symbol
  symbol:   variable VILLAGER_HIT
  location: class org.bukkit.Sound
[ERROR] /home/travis/build/failed/ProjectKorra/ProjectKorra/src/com/projectkorra/projectkorra/firebending/FireCombo.java:[247,88] cannot find symbol
  symbol:   variable HORSE_JUMP
  location: class org.bukkit.Sound
[ERROR] /home/travis/build/failed/ProjectKorra/ProjectKorra/src/com/projectkorra/projectkorra/firebending/FireCombo.java:[248,88] cannot find symbol
  symbol:   variable FIZZ
  location: class org.bukkit.Sound
[ERROR] /home/travis/build/failed/ProjectKorra/ProjectKorra/src/com/projectkorra/projectkorra/firebending/FireCombo.java:[262,96] cannot find symbol
  symbol:   variable FIRE_IGNITE
  location: class org.bukkit.Sound
[ERROR] /home/travis/build/failed/ProjectKorra/ProjectKorra/src/com/projectkorra/projectkorra/firebending/FireCombo.java:[284,88] cannot find symbol
  symbol:   variable FIZZ
  location: class org.bukkit.Sound
[ERROR] /home/travis/build/failed/ProjectKorra/ProjectKorra/src/com/projectkorra/projectkorra/firebending/FireCombo.java:[331,96] cannot find symbol
  symbol:   variable EXPLODE
  location: class org.bukkit.Sound
[ERROR] /home/travis/build/failed/ProjectKorra/ProjectKorra/src/com/projectkorra/projectkorra/firebending/FireCombo.java:[373,96] cannot find symbol
  symbol:   variable FIZZ
  location: class org.bukkit.Sound
[ERROR] /home/travis/build/failed/ProjectKorra/ProjectKorra/src/com/projectkorra/projectkorra/firebending/FireCombo.java:[424,70] cannot find symbol
  symbol:   variable FIRE
  location: class org.bukkit.Sound
[ERROR] /home/travis/build/failed/ProjectKorra/ProjectKorra/src/com/projectkorra/projectkorra/ability/AvatarAbility.java:[31,52] cannot find symbol
  symbol:   variable ANVIL_LAND
  location: class org.bukkit.Sound
[ERROR] /home/travis/build/failed/ProjectKorra/ProjectKorra/src/com/projectkorra/projectkorra/airbending/AirBlast.java:[302,94] cannot find symbol
  symbol:   variable DOOR_CLOSE
  location: class org.bukkit.Sound
[ERROR] /home/travis/build/failed/ProjectKorra/ProjectKorra/src/com/projectkorra/projectkorra/airbending/AirBlast.java:[305,94] cannot find symbol
  symbol:   variable DOOR_OPEN
  location: class org.bukkit.Sound
[ERROR] /home/travis/build/failed/ProjectKorra/ProjectKorra/src/com/projectkorra/projectkorra/firebending/FireBlastCharged.java:[183,78] cannot find symbol
  symbol:   variable EXPLODE
  location: class org.bukkit.Sound
[ERROR] /home/travis/build/failed/ProjectKorra/ProjectKorra/src/com/projectkorra/projectkorra/earthbending/EarthPassive.java:[121,110] cannot find symbol
  symbol:   variable DOOR_CLOSE
  location: class org.bukkit.Sound
[ERROR] /home/travis/build/failed/ProjectKorra/ProjectKorra/src/com/projectkorra/projectkorra/earthbending/EarthPassive.java:[124,110] cannot find symbol
  symbol:   variable DOOR_OPEN
  location: class org.bukkit.Sound
[ERROR] /home/travis/build/failed/ProjectKorra/ProjectKorra/src/com/projectkorra/projectkorra/waterbending/IceBlast.java:[309,62] cannot find symbol
  symbol:   variable GLASS
  location: class org.bukkit.Sound
[INFO] 27 errors 
[INFO] -------------------------------------------------------------
[INFO] ------------------------------------------------------------------------
[INFO] BUILD FAILURE
[INFO] ------------------------------------------------------------------------
[INFO] Total time: 9.686 s
[INFO] Finished at: 2021-03-26T19:49:50+00:00
[INFO] Final Memory: 18M/491M
[INFO] ------------------------------------------------------------------------
[ERROR] Failed to execute goal org.apache.maven.plugins:maven-compiler-plugin:3.1:compile (default-compile) on project projectkorra: Compilation failure: Compilation failure:
[ERROR] /home/travis/build/failed/ProjectKorra/ProjectKorra/src/com/projectkorra/projectkorra/ability/WaterAbility.java:[287,60] cannot find symbol
[ERROR] symbol:   variable FIRE_IGNITE
[ERROR] location: class org.bukkit.Sound
[ERROR] /home/travis/build/failed/ProjectKorra/ProjectKorra/src/com/projectkorra/projectkorra/ability/WaterAbility.java:[293,60] cannot find symbol
[ERROR] symbol:   variable STEP_GRASS
[ERROR] location: class org.bukkit.Sound
[ERROR] /home/travis/build/failed/ProjectKorra/ProjectKorra/src/com/projectkorra/projectkorra/ability/WaterAbility.java:[299,60] cannot find symbol
[ERROR] symbol:   variable WATER
[ERROR] location: class org.bukkit.Sound
[ERROR] /home/travis/build/failed/ProjectKorra/ProjectKorra/src/com/projectkorra/projectkorra/ability/FireAbility.java:[155,60] cannot find symbol
[ERROR] symbol:   variable FIREWORK_BLAST
[ERROR] location: class org.bukkit.Sound
[ERROR] /home/travis/build/failed/ProjectKorra/ProjectKorra/src/com/projectkorra/projectkorra/ability/FireAbility.java:[165,60] cannot find symbol
[ERROR] symbol:   variable FIRE
[ERROR] location: class org.bukkit.Sound
[ERROR] /home/travis/build/failed/ProjectKorra/ProjectKorra/src/com/projectkorra/projectkorra/ability/EarthAbility.java:[500,60] cannot find symbol
[ERROR] symbol:   variable IRONGOLEM_HIT
[ERROR] location: class org.bukkit.Sound
[ERROR] /home/travis/build/failed/ProjectKorra/ProjectKorra/src/com/projectkorra/projectkorra/ability/EarthAbility.java:[506,60] cannot find symbol
[ERROR] symbol:   variable DIG_SAND
[ERROR] location: class org.bukkit.Sound
[ERROR] /home/travis/build/failed/ProjectKorra/ProjectKorra/src/com/projectkorra/projectkorra/firebending/Lightning.java:[125,68] cannot find symbol
[ERROR] symbol:   variable CREEPER_HISS
[ERROR] location: class org.bukkit.Sound
[ERROR] /home/travis/build/failed/ProjectKorra/ProjectKorra/src/com/projectkorra/projectkorra/firebending/Lightning.java:[126,72] cannot find symbol
[ERROR] symbol:   variable CREEPER_HISS
[ERROR] location: class org.bukkit.Sound
[ERROR] /home/travis/build/failed/ProjectKorra/ProjectKorra/src/com/projectkorra/projectkorra/firebending/Lightning.java:[535,108] cannot find symbol
[ERROR] symbol:   variable CREEPER_HISS
[ERROR] location: class org.bukkit.Sound
[ERROR] /home/travis/build/failed/ProjectKorra/ProjectKorra/src/com/projectkorra/projectkorra/firebending/Lightning.java:[536,112] cannot find symbol
[ERROR] symbol:   variable CREEPER_HISS
[ERROR] location: class org.bukkit.Sound
[ERROR] /home/travis/build/failed/ProjectKorra/ProjectKorra/src/com/projectkorra/projectkorra/ability/AirAbility.java:[122,60] cannot find symbol
[ERROR] symbol:   variable CREEPER_HISS
[ERROR] location: class org.bukkit.Sound
[ERROR] /home/travis/build/failed/ProjectKorra/ProjectKorra/src/com/projectkorra/projectkorra/firebending/FireCombo.java:[179,86] cannot find symbol
[ERROR] symbol:   variable VILLAGER_HIT
[ERROR] location: class org.bukkit.Sound
[ERROR] /home/travis/build/failed/ProjectKorra/ProjectKorra/src/com/projectkorra/projectkorra/firebending/FireCombo.java:[247,88] cannot find symbol
[ERROR] symbol:   variable HORSE_JUMP
[ERROR] location: class org.bukkit.Sound
[ERROR] /home/travis/build/failed/ProjectKorra/ProjectKorra/src/com/projectkorra/projectkorra/firebending/FireCombo.java:[248,88] cannot find symbol
[ERROR] symbol:   variable FIZZ
[ERROR] location: class org.bukkit.Sound
[ERROR] /home/travis/build/failed/ProjectKorra/ProjectKorra/src/com/projectkorra/projectkorra/firebending/FireCombo.java:[262,96] cannot find symbol
[ERROR] symbol:   variable FIRE_IGNITE
[ERROR] location: class org.bukkit.Sound
[ERROR] /home/travis/build/failed/ProjectKorra/ProjectKorra/src/com/projectkorra/projectkorra/firebending/FireCombo.java:[284,88] cannot find symbol
[ERROR] symbol:   variable FIZZ
[ERROR] location: class org.bukkit.Sound
[ERROR] /home/travis/build/failed/ProjectKorra/ProjectKorra/src/com/projectkorra/projectkorra/firebending/FireCombo.java:[331,96] cannot find symbol
[ERROR] symbol:   variable EXPLODE
[ERROR] location: class org.bukkit.Sound
[ERROR] /home/travis/build/failed/ProjectKorra/ProjectKorra/src/com/projectkorra/projectkorra/firebending/FireCombo.java:[373,96] cannot find symbol
[ERROR] symbol:   variable FIZZ
[ERROR] location: class org.bukkit.Sound
[ERROR] /home/travis/build/failed/ProjectKorra/ProjectKorra/src/com/projectkorra/projectkorra/firebending/FireCombo.java:[424,70] cannot find symbol
[ERROR] symbol:   variable FIRE
[ERROR] location: class org.bukkit.Sound
[ERROR] /home/travis/build/failed/ProjectKorra/ProjectKorra/src/com/projectkorra/projectkorra/ability/AvatarAbility.java:[31,52] cannot find symbol
[ERROR] symbol:   variable ANVIL_LAND
[ERROR] location: class org.bukkit.Sound
[ERROR] /home/travis/build/failed/ProjectKorra/ProjectKorra/src/com/projectkorra/projectkorra/airbending/AirBlast.java:[302,94] cannot find symbol
[ERROR] symbol:   variable DOOR_CLOSE
[ERROR] location: class org.bukkit.Sound
[ERROR] /home/travis/build/failed/ProjectKorra/ProjectKorra/src/com/projectkorra/projectkorra/airbending/AirBlast.java:[305,94] cannot find symbol
[ERROR] symbol:   variable DOOR_OPEN
[ERROR] location: class org.bukkit.Sound
[ERROR] /home/travis/build/failed/ProjectKorra/ProjectKorra/src/com/projectkorra/projectkorra/firebending/FireBlastCharged.java:[183,78] cannot find symbol
[ERROR] symbol:   variable EXPLODE
[ERROR] location: class org.bukkit.Sound
[ERROR] /home/travis/build/failed/ProjectKorra/ProjectKorra/src/com/projectkorra/projectkorra/earthbending/EarthPassive.java:[121,110] cannot find symbol
[ERROR] symbol:   variable DOOR_CLOSE
[ERROR] location: class org.bukkit.Sound
[ERROR] /home/travis/build/failed/ProjectKorra/ProjectKorra/src/com/projectkorra/projectkorra/earthbending/EarthPassive.java:[124,110] cannot find symbol
[ERROR] symbol:   variable DOOR_OPEN
[ERROR] location: class org.bukkit.Sound
[ERROR] /home/travis/build/failed/ProjectKorra/ProjectKorra/src/com/projectkorra/projectkorra/waterbending/IceBlast.java:[309,62] cannot find symbol
[ERROR] symbol:   variable GLASS
[ERROR] location: class org.bukkit.Sound
[ERROR] -> [Help 1]
[ERROR] 
[ERROR] To see the full stack trace of the errors, re-run Maven with the -e switch.
[ERROR] Re-run Maven using the -X switch to enable full debug logging.
[ERROR] 
[ERROR] For more information about the errors and possible solutions, please read the following articles:
[ERROR] [Help 1] http://cwiki.apache.org/confluence/display/MAVEN/MojoFailureException

[31;1mThe command "eval mvn install -Dhttps.protocols=TLSv1.2 -Dhttps.protocols=TLSv1.2 -Dhttps.protocols=TLSv1.2 -DskipTests=true -Dmaven.javadoc.skip=true -B -V " failed. Retrying, 3 of 3.[0m

Apache Maven 3.2.5 (12a6b3acb947671f09b81f49094c53f426d8cea1; 2014-12-14T17:29:23+00:00)
Maven home: /usr/local/maven
Java version: 1.7.0_76, vendor: Oracle Corporation
Java home: /usr/lib/jvm/java-7-oracle/jre
Default locale: en_US, platform encoding: UTF-8
OS name: "linux", version: "4.15.0-109-generic", arch: "amd64", family: "unix"
[INFO] Scanning for projects...
[WARNING] 
[WARNING] Some problems were encountered while building the effective model for com.projectkorra:projectkorra:jar:don't matter
[WARNING] 'dependencies.dependency.systemPath' for me.ryanhamshire:GriefPrevention:jar should not point at files within the project directory, ${basedir}/lib/GriefPrevention 10.5.3.jar will be unresolvable by dependent projects @ line 142, column 16
[WARNING] 'dependencies.dependency.systemPath' for com.griefcraft:lwc:jar should not point at files within the project directory, ${basedir}/lib/LWC.jar will be unresolvable by dependent projects @ line 159, column 16
[WARNING] 'dependencies.dependency.systemPath' for com.massivecraft:massivecore:jar should not point at files within the project directory, ${basedir}/lib/MassiveCore 2.7.5.jar will be unresolvable by dependent projects @ line 176, column 16
[WARNING] 'dependencies.dependency.systemPath' for fr.neatmonster:nocheatplus:jar should not point at files within the project directory, ${basedir}/lib/NoCheatPlus.jar will be unresolvable by dependent projects @ line 193, column 16
[WARNING] 'dependencies.dependency.systemPath' for com.palmergames.bukkit:towny:jar should not point at files within the project directory, ${basedir}/lib/Towny.jar will be unresolvable by dependent projects @ line 210, column 16
[WARNING] 'dependencies.dependency.systemPath' for com.bekvon.bukkit:residence:jar should not point at files within the project directory, ${basedir}/lib/Residence4.0.0.4.jar will be unresolvable by dependent projects @ line 227, column 16
[WARNING] 'dependencies.dependency.systemPath' for com.projectkorra:spirits:jar should not point at files within the project directory, ${basedir}/lib/ProjectKorraSpirits.jar will be unresolvable by dependent projects @ line 244, column 16
[WARNING] 'dependencies.dependency.systemPath' for com.projectkorra:rpg:jar should not point at files within the project directory, ${basedir}/lib/ProjectKorraRPG.jar will be unresolvable by dependent projects @ line 261, column 16
[WARNING] 'dependencies.dependency.systemPath' for com.projectkorra:items:jar should not point at files within the project directory, ${basedir}/lib/ProjectKorraItems.jar will be unresolvable by dependent projects @ line 278, column 16
[WARNING] 'dependencies.dependency.systemPath' for net.sacredlabyrinth.Phaed:PreciousStones:jar should not point at files within the project directory, ${basedir}/lib/PreciousStones 9.7.1.jar will be unresolvable by dependent projects @ line 295, column 16
[WARNING] 'dependencies.dependency.systemPath' for com.massivecraft:factions:jar should not point at files within the project directory, ${basedir}/lib/Factions 2.7.5.jar will be unresolvable by dependent projects @ line 312, column 16
[WARNING] 
[WARNING] It is highly recommended to fix these problems because they threaten the stability of your build.
[WARNING] 
[WARNING] For this reason, future Maven versions might no longer support building such malformed projects.
[WARNING] 
[INFO]                                                                         
[INFO] ------------------------------------------------------------------------
[INFO] Building projectkorra don't matter
[INFO] ------------------------------------------------------------------------
[INFO] Downloading: https://repository.apache.org/snapshots/org/spigotmc/spigot-api/1.10.2-R0.1-SNAPSHOT/maven-metadata.xml
[INFO] Downloading: https://nexus.codehaus.org/snapshots/org/spigotmc/spigot-api/1.10.2-R0.1-SNAPSHOT/maven-metadata.xml
[WARNING] Could not transfer metadata org.spigotmc:spigot-api:1.10.2-R0.1-SNAPSHOT/maven-metadata.xml from/to codehaus-snapshots (https://nexus.codehaus.org/snapshots/): nexus.codehaus.org
[WARNING] Failure to transfer org.spigotmc:spigot-api:1.10.2-R0.1-SNAPSHOT/maven-metadata.xml from https://nexus.codehaus.org/snapshots/ was cached in the local repository, resolution will not be reattempted until the update interval of codehaus-snapshots has elapsed or updates are forced. Original error: Could not transfer metadata org.spigotmc:spigot-api:1.10.2-R0.1-SNAPSHOT/maven-metadata.xml from/to codehaus-snapshots (https://nexus.codehaus.org/snapshots/): nexus.codehaus.org
[INFO] Downloading: https://nexus.codehaus.org/snapshots/net/md-5/bungeecord-chat/1.10-SNAPSHOT/maven-metadata.xml
[INFO] Downloading: https://repository.apache.org/snapshots/net/md-5/bungeecord-chat/1.10-SNAPSHOT/maven-metadata.xml
[WARNING] Could not transfer metadata net.md-5:bungeecord-chat:1.10-SNAPSHOT/maven-metadata.xml from/to codehaus-snapshots (https://nexus.codehaus.org/snapshots/): nexus.codehaus.org
[WARNING] Failure to transfer net.md-5:bungeecord-chat:1.10-SNAPSHOT/maven-metadata.xml from https://nexus.codehaus.org/snapshots/ was cached in the local repository, resolution will not be reattempted until the update interval of codehaus-snapshots has elapsed or updates are forced. Original error: Could not transfer metadata net.md-5:bungeecord-chat:1.10-SNAPSHOT/maven-metadata.xml from/to codehaus-snapshots (https://nexus.codehaus.org/snapshots/): nexus.codehaus.org
[INFO] Downloading: https://repository.apache.org/snapshots/net/md-5/bungeecord-parent/1.10-SNAPSHOT/maven-metadata.xml
[INFO] Downloading: https://nexus.codehaus.org/snapshots/net/md-5/bungeecord-parent/1.10-SNAPSHOT/maven-metadata.xml
[WARNING] Could not transfer metadata net.md-5:bungeecord-parent:1.10-SNAPSHOT/maven-metadata.xml from/to codehaus-snapshots (https://nexus.codehaus.org/snapshots/): nexus.codehaus.org
[INFO] Downloading: https://nexus.codehaus.org/snapshots/com/sk89q/worldguard/6.1.1-SNAPSHOT/maven-metadata.xml
[INFO] Downloading: https://repository.apache.org/snapshots/com/sk89q/worldguard/6.1.1-SNAPSHOT/maven-metadata.xml
[WARNING] Could not transfer metadata com.sk89q:worldguard:6.1.1-SNAPSHOT/maven-metadata.xml from/to codehaus-snapshots (https://nexus.codehaus.org/snapshots/): nexus.codehaus.org
[WARNING] Failure to transfer com.sk89q:worldguard:6.1.1-SNAPSHOT/maven-metadata.xml from https://nexus.codehaus.org/snapshots/ was cached in the local repository, resolution will not be reattempted until the update interval of codehaus-snapshots has elapsed or updates are forced. Original error: Could not transfer metadata com.sk89q:worldguard:6.1.1-SNAPSHOT/maven-metadata.xml from/to codehaus-snapshots (https://nexus.codehaus.org/snapshots/): nexus.codehaus.org
[INFO] Downloading: https://nexus.codehaus.org/snapshots/com/sk89q/spigot/bukkit-classloader-check/1.8-R0.1-SNAPSHOT/maven-metadata.xml
[INFO] Downloading: https://repository.apache.org/snapshots/com/sk89q/spigot/bukkit-classloader-check/1.8-R0.1-SNAPSHOT/maven-metadata.xml
[WARNING] Could not transfer metadata com.sk89q.spigot:bukkit-classloader-check:1.8-R0.1-SNAPSHOT/maven-metadata.xml from/to codehaus-snapshots (https://nexus.codehaus.org/snapshots/): nexus.codehaus.org
[WARNING] Failure to transfer com.sk89q.spigot:bukkit-classloader-check:1.8-R0.1-SNAPSHOT/maven-metadata.xml from https://nexus.codehaus.org/snapshots/ was cached in the local repository, resolution will not be reattempted until the update interval of codehaus-snapshots has elapsed or updates are forced. Original error: Could not transfer metadata com.sk89q.spigot:bukkit-classloader-check:1.8-R0.1-SNAPSHOT/maven-metadata.xml from/to codehaus-snapshots (https://nexus.codehaus.org/snapshots/): nexus.codehaus.org
[INFO] Downloading: https://nexus.codehaus.org/snapshots/org/bukkit/bukkit/1.8.6-R0.1-SNAPSHOT/maven-metadata.xml
[INFO] Downloading: https://repository.apache.org/snapshots/org/bukkit/bukkit/1.8.6-R0.1-SNAPSHOT/maven-metadata.xml
[WARNING] Could not transfer metadata org.bukkit:bukkit:1.8.6-R0.1-SNAPSHOT/maven-metadata.xml from/to codehaus-snapshots (https://nexus.codehaus.org/snapshots/): nexus.codehaus.org
[WARNING] Failure to transfer org.bukkit:bukkit:1.8.6-R0.1-SNAPSHOT/maven-metadata.xml from https://nexus.codehaus.org/snapshots/ was cached in the local repository, resolution will not be reattempted until the update interval of codehaus-snapshots has elapsed or updates are forced. Original error: Could not transfer metadata org.bukkit:bukkit:1.8.6-R0.1-SNAPSHOT/maven-metadata.xml from/to codehaus-snapshots (https://nexus.codehaus.org/snapshots/): nexus.codehaus.org
[INFO] Downloading: https://repository.apache.org/snapshots/com/sk89q/worldedit/worldedit-bukkit/6.1.4-SNAPSHOT/maven-metadata.xml
[INFO] Downloading: https://nexus.codehaus.org/snapshots/com/sk89q/worldedit/worldedit-bukkit/6.1.4-SNAPSHOT/maven-metadata.xml
[WARNING] Could not transfer metadata com.sk89q.worldedit:worldedit-bukkit:6.1.4-SNAPSHOT/maven-metadata.xml from/to codehaus-snapshots (https://nexus.codehaus.org/snapshots/): nexus.codehaus.org
[WARNING] Failure to transfer com.sk89q.worldedit:worldedit-bukkit:6.1.4-SNAPSHOT/maven-metadata.xml from https://nexus.codehaus.org/snapshots/ was cached in the local repository, resolution will not be reattempted until the update interval of codehaus-snapshots has elapsed or updates are forced. Original error: Could not transfer metadata com.sk89q.worldedit:worldedit-bukkit:6.1.4-SNAPSHOT/maven-metadata.xml from/to codehaus-snapshots (https://nexus.codehaus.org/snapshots/): nexus.codehaus.org
[INFO] Downloading: https://repository.apache.org/snapshots/org/bukkit/bukkit/1.9.4-R0.1-SNAPSHOT/maven-metadata.xml
[INFO] Downloading: https://nexus.codehaus.org/snapshots/org/bukkit/bukkit/1.9.4-R0.1-SNAPSHOT/maven-metadata.xml
[WARNING] Could not transfer metadata org.bukkit:bukkit:1.9.4-R0.1-SNAPSHOT/maven-metadata.xml from/to codehaus-snapshots (https://nexus.codehaus.org/snapshots/): nexus.codehaus.org
[WARNING] Failure to transfer org.bukkit:bukkit:1.9.4-R0.1-SNAPSHOT/maven-metadata.xml from https://nexus.codehaus.org/snapshots/ was cached in the local repository, resolution will not be reattempted until the update interval of codehaus-snapshots has elapsed or updates are forced. Original error: Could not transfer metadata org.bukkit:bukkit:1.9.4-R0.1-SNAPSHOT/maven-metadata.xml from/to codehaus-snapshots (https://nexus.codehaus.org/snapshots/): nexus.codehaus.org
[INFO] Downloading: https://repository.apache.org/snapshots/com/sk89q/worldedit/worldedit-core/6.1.4-SNAPSHOT/maven-metadata.xml
[INFO] Downloading: https://nexus.codehaus.org/snapshots/com/sk89q/worldedit/worldedit-core/6.1.4-SNAPSHOT/maven-metadata.xml
[WARNING] Could not transfer metadata com.sk89q.worldedit:worldedit-core:6.1.4-SNAPSHOT/maven-metadata.xml from/to codehaus-snapshots (https://nexus.codehaus.org/snapshots/): nexus.codehaus.org
[WARNING] Failure to transfer com.sk89q.worldedit:worldedit-core:6.1.4-SNAPSHOT/maven-metadata.xml from https://nexus.codehaus.org/snapshots/ was cached in the local repository, resolution will not be reattempted until the update interval of codehaus-snapshots has elapsed or updates are forced. Original error: Could not transfer metadata com.sk89q.worldedit:worldedit-core:6.1.4-SNAPSHOT/maven-metadata.xml from/to codehaus-snapshots (https://nexus.codehaus.org/snapshots/): nexus.codehaus.org
[INFO] 
[INFO] --- maven-resources-plugin:2.6:resources (default-resources) @ projectkorra ---
[WARNING] File encoding has not been set, using platform encoding UTF-8, i.e. build is platform dependent!
[WARNING] Using platform encoding (UTF-8 actually) to copy filtered resources, i.e. build is platform dependent!
[INFO] Copying 1 resource
[INFO] 
[INFO] --- maven-compiler-plugin:3.1:compile (default-compile) @ projectkorra ---
[INFO] Changes detected - recompiling the module!
[WARNING] File encoding has not been set, using platform encoding UTF-8, i.e. build is platform dependent!
[INFO] Compiling 195 source files to /home/travis/build/failed/ProjectKorra/ProjectKorra/target/classes
[INFO] -------------------------------------------------------------
[WARNING] COMPILATION WARNING : 
[INFO] -------------------------------------------------------------
[WARNING] /home/travis/build/failed/ProjectKorra/ProjectKorra/src/com/projectkorra/projectkorra/ability/CoreAbility.java:[40,19] sun.reflect.ReflectionFactory is internal proprietary API and may be removed in a future release
[WARNING] /home/travis/build/failed/ProjectKorra/ProjectKorra/src/com/projectkorra/projectkorra/ability/util/AbilityLoader.java:[3,19] sun.reflect.ReflectionFactory is internal proprietary API and may be removed in a future release
[WARNING] /home/travis/build/failed/ProjectKorra/ProjectKorra/src/com/projectkorra/projectkorra/ability/CoreAbility.java:[367,17] sun.reflect.ReflectionFactory is internal proprietary API and may be removed in a future release
[WARNING] /home/travis/build/failed/ProjectKorra/ProjectKorra/src/com/projectkorra/projectkorra/ability/CoreAbility.java:[367,40] sun.reflect.ReflectionFactory is internal proprietary API and may be removed in a future release
[WARNING] /home/travis/build/failed/ProjectKorra/ProjectKorra/src/com/projectkorra/projectkorra/ability/util/AbilityLoader.java:[90,41] sun.reflect.ReflectionFactory is internal proprietary API and may be removed in a future release
[WARNING] /home/travis/build/failed/ProjectKorra/ProjectKorra/src/com/projectkorra/projectkorra/ability/util/AbilityLoader.java:[90,64] sun.reflect.ReflectionFactory is internal proprietary API and may be removed in a future release
[WARNING] /home/travis/build/failed/ProjectKorra/ProjectKorra/src/com/projectkorra/projectkorra/GeneralMethods.java: Some input files use or override a deprecated API.
[WARNING] /home/travis/build/failed/ProjectKorra/ProjectKorra/src/com/projectkorra/projectkorra/GeneralMethods.java: Recompile with -Xlint:deprecation for details.
[INFO] 8 warnings 
[INFO] -------------------------------------------------------------
[INFO] -------------------------------------------------------------
[ERROR] COMPILATION ERROR : 
[INFO] -------------------------------------------------------------
[ERROR] /home/travis/build/failed/ProjectKorra/ProjectKorra/src/com/projectkorra/projectkorra/ability/WaterAbility.java:[287,60] cannot find symbol
  symbol:   variable FIRE_IGNITE
  location: class org.bukkit.Sound
[ERROR] /home/travis/build/failed/ProjectKorra/ProjectKorra/src/com/projectkorra/projectkorra/ability/WaterAbility.java:[293,60] cannot find symbol
  symbol:   variable STEP_GRASS
  location: class org.bukkit.Sound
[ERROR] /home/travis/build/failed/ProjectKorra/ProjectKorra/src/com/projectkorra/projectkorra/ability/WaterAbility.java:[299,60] cannot find symbol
  symbol:   variable WATER
  location: class org.bukkit.Sound
[ERROR] /home/travis/build/failed/ProjectKorra/ProjectKorra/src/com/projectkorra/projectkorra/ability/FireAbility.java:[155,60] cannot find symbol
  symbol:   variable FIREWORK_BLAST
  location: class org.bukkit.Sound
[ERROR] /home/travis/build/failed/ProjectKorra/ProjectKorra/src/com/projectkorra/projectkorra/ability/FireAbility.java:[165,60] cannot find symbol
  symbol:   variable FIRE
  location: class org.bukkit.Sound
[ERROR] /home/travis/build/failed/ProjectKorra/ProjectKorra/src/com/projectkorra/projectkorra/ability/EarthAbility.java:[500,60] cannot find symbol
  symbol:   variable IRONGOLEM_HIT
  location: class org.bukkit.Sound
[ERROR] /home/travis/build/failed/ProjectKorra/ProjectKorra/src/com/projectkorra/projectkorra/ability/EarthAbility.java:[506,60] cannot find symbol
  symbol:   variable DIG_SAND
  location: class org.bukkit.Sound
[ERROR] /home/travis/build/failed/ProjectKorra/ProjectKorra/src/com/projectkorra/projectkorra/firebending/Lightning.java:[125,68] cannot find symbol
  symbol:   variable CREEPER_HISS
  location: class org.bukkit.Sound
[ERROR] /home/travis/build/failed/ProjectKorra/ProjectKorra/src/com/projectkorra/projectkorra/firebending/Lightning.java:[126,72] cannot find symbol
  symbol:   variable CREEPER_HISS
  location: class org.bukkit.Sound
[ERROR] /home/travis/build/failed/ProjectKorra/ProjectKorra/src/com/projectkorra/projectkorra/firebending/Lightning.java:[535,108] cannot find symbol
  symbol:   variable CREEPER_HISS
  location: class org.bukkit.Sound
[ERROR] /home/travis/build/failed/ProjectKorra/ProjectKorra/src/com/projectkorra/projectkorra/firebending/Lightning.java:[536,112] cannot find symbol
  symbol:   variable CREEPER_HISS
  location: class org.bukkit.Sound
[ERROR] /home/travis/build/failed/ProjectKorra/ProjectKorra/src/com/projectkorra/projectkorra/ability/AirAbility.java:[122,60] cannot find symbol
  symbol:   variable CREEPER_HISS
  location: class org.bukkit.Sound
[ERROR] /home/travis/build/failed/ProjectKorra/ProjectKorra/src/com/projectkorra/projectkorra/firebending/FireCombo.java:[179,86] cannot find symbol
  symbol:   variable VILLAGER_HIT
  location: class org.bukkit.Sound
[ERROR] /home/travis/build/failed/ProjectKorra/ProjectKorra/src/com/projectkorra/projectkorra/firebending/FireCombo.java:[247,88] cannot find symbol
  symbol:   variable HORSE_JUMP
  location: class org.bukkit.Sound
[ERROR] /home/travis/build/failed/ProjectKorra/ProjectKorra/src/com/projectkorra/projectkorra/firebending/FireCombo.java:[248,88] cannot find symbol
  symbol:   variable FIZZ
  location: class org.bukkit.Sound
[ERROR] /home/travis/build/failed/ProjectKorra/ProjectKorra/src/com/projectkorra/projectkorra/firebending/FireCombo.java:[262,96] cannot find symbol
  symbol:   variable FIRE_IGNITE
  location: class org.bukkit.Sound
[ERROR] /home/travis/build/failed/ProjectKorra/ProjectKorra/src/com/projectkorra/projectkorra/firebending/FireCombo.java:[284,88] cannot find symbol
  symbol:   variable FIZZ
  location: class org.bukkit.Sound
[ERROR] /home/travis/build/failed/ProjectKorra/ProjectKorra/src/com/projectkorra/projectkorra/firebending/FireCombo.java:[331,96] cannot find symbol
  symbol:   variable EXPLODE
  location: class org.bukkit.Sound
[ERROR] /home/travis/build/failed/ProjectKorra/ProjectKorra/src/com/projectkorra/projectkorra/firebending/FireCombo.java:[373,96] cannot find symbol
  symbol:   variable FIZZ
  location: class org.bukkit.Sound
[ERROR] /home/travis/build/failed/ProjectKorra/ProjectKorra/src/com/projectkorra/projectkorra/firebending/FireCombo.java:[424,70] cannot find symbol
  symbol:   variable FIRE
  location: class org.bukkit.Sound
[ERROR] /home/travis/build/failed/ProjectKorra/ProjectKorra/src/com/projectkorra/projectkorra/ability/AvatarAbility.java:[31,52] cannot find symbol
  symbol:   variable ANVIL_LAND
  location: class org.bukkit.Sound
[ERROR] /home/travis/build/failed/ProjectKorra/ProjectKorra/src/com/projectkorra/projectkorra/airbending/AirBlast.java:[302,94] cannot find symbol
  symbol:   variable DOOR_CLOSE
  location: class org.bukkit.Sound
[ERROR] /home/travis/build/failed/ProjectKorra/ProjectKorra/src/com/projectkorra/projectkorra/airbending/AirBlast.java:[305,94] cannot find symbol
  symbol:   variable DOOR_OPEN
  location: class org.bukkit.Sound
[ERROR] /home/travis/build/failed/ProjectKorra/ProjectKorra/src/com/projectkorra/projectkorra/firebending/FireBlastCharged.java:[183,78] cannot find symbol
  symbol:   variable EXPLODE
  location: class org.bukkit.Sound
[ERROR] /home/travis/build/failed/ProjectKorra/ProjectKorra/src/com/projectkorra/projectkorra/earthbending/EarthPassive.java:[121,110] cannot find symbol
  symbol:   variable DOOR_CLOSE
  location: class org.bukkit.Sound
[ERROR] /home/travis/build/failed/ProjectKorra/ProjectKorra/src/com/projectkorra/projectkorra/earthbending/EarthPassive.java:[124,110] cannot find symbol
  symbol:   variable DOOR_OPEN
  location: class org.bukkit.Sound
[ERROR] /home/travis/build/failed/ProjectKorra/ProjectKorra/src/com/projectkorra/projectkorra/waterbending/IceBlast.java:[309,62] cannot find symbol
  symbol:   variable GLASS
  location: class org.bukkit.Sound
[INFO] 27 errors 
[INFO] -------------------------------------------------------------
[INFO] ------------------------------------------------------------------------
[INFO] BUILD FAILURE
[INFO] ------------------------------------------------------------------------
[INFO] Total time: 9.568 s
[INFO] Finished at: 2021-03-26T19:50:02+00:00
[INFO] Final Memory: 18M/491M
[INFO] ------------------------------------------------------------------------
[ERROR] Failed to execute goal org.apache.maven.plugins:maven-compiler-plugin:3.1:compile (default-compile) on project projectkorra: Compilation failure: Compilation failure:
[ERROR] /home/travis/build/failed/ProjectKorra/ProjectKorra/src/com/projectkorra/projectkorra/ability/WaterAbility.java:[287,60] cannot find symbol
[ERROR] symbol:   variable FIRE_IGNITE
[ERROR] location: class org.bukkit.Sound
[ERROR] /home/travis/build/failed/ProjectKorra/ProjectKorra/src/com/projectkorra/projectkorra/ability/WaterAbility.java:[293,60] cannot find symbol
[ERROR] symbol:   variable STEP_GRASS
[ERROR] location: class org.bukkit.Sound
[ERROR] /home/travis/build/failed/ProjectKorra/ProjectKorra/src/com/projectkorra/projectkorra/ability/WaterAbility.java:[299,60] cannot find symbol
[ERROR] symbol:   variable WATER
[ERROR] location: class org.bukkit.Sound
[ERROR] /home/travis/build/failed/ProjectKorra/ProjectKorra/src/com/projectkorra/projectkorra/ability/FireAbility.java:[155,60] cannot find symbol
[ERROR] symbol:   variable FIREWORK_BLAST
[ERROR] location: class org.bukkit.Sound
[ERROR] /home/travis/build/failed/ProjectKorra/ProjectKorra/src/com/projectkorra/projectkorra/ability/FireAbility.java:[165,60] cannot find symbol
[ERROR] symbol:   variable FIRE
[ERROR] location: class org.bukkit.Sound
[ERROR] /home/travis/build/failed/ProjectKorra/ProjectKorra/src/com/projectkorra/projectkorra/ability/EarthAbility.java:[500,60] cannot find symbol
[ERROR] symbol:   variable IRONGOLEM_HIT
[ERROR] location: class org.bukkit.Sound
[ERROR] /home/travis/build/failed/ProjectKorra/ProjectKorra/src/com/projectkorra/projectkorra/ability/EarthAbility.java:[506,60] cannot find symbol
[ERROR] symbol:   variable DIG_SAND
[ERROR] location: class org.bukkit.Sound
[ERROR] /home/travis/build/failed/ProjectKorra/ProjectKorra/src/com/projectkorra/projectkorra/firebending/Lightning.java:[125,68] cannot find symbol
[ERROR] symbol:   variable CREEPER_HISS
[ERROR] location: class org.bukkit.Sound
[ERROR] /home/travis/build/failed/ProjectKorra/ProjectKorra/src/com/projectkorra/projectkorra/firebending/Lightning.java:[126,72] cannot find symbol
[ERROR] symbol:   variable CREEPER_HISS
[ERROR] location: class org.bukkit.Sound
[ERROR] /home/travis/build/failed/ProjectKorra/ProjectKorra/src/com/projectkorra/projectkorra/firebending/Lightning.java:[535,108] cannot find symbol
[ERROR] symbol:   variable CREEPER_HISS
[ERROR] location: class org.bukkit.Sound
[ERROR] /home/travis/build/failed/ProjectKorra/ProjectKorra/src/com/projectkorra/projectkorra/firebending/Lightning.java:[536,112] cannot find symbol
[ERROR] symbol:   variable CREEPER_HISS
[ERROR] location: class org.bukkit.Sound
[ERROR] /home/travis/build/failed/ProjectKorra/ProjectKorra/src/com/projectkorra/projectkorra/ability/AirAbility.java:[122,60] cannot find symbol
[ERROR] symbol:   variable CREEPER_HISS
[ERROR] location: class org.bukkit.Sound
[ERROR] /home/travis/build/failed/ProjectKorra/ProjectKorra/src/com/projectkorra/projectkorra/firebending/FireCombo.java:[179,86] cannot find symbol
[ERROR] symbol:   variable VILLAGER_HIT
[ERROR] location: class org.bukkit.Sound
[ERROR] /home/travis/build/failed/ProjectKorra/ProjectKorra/src/com/projectkorra/projectkorra/firebending/FireCombo.java:[247,88] cannot find symbol
[ERROR] symbol:   variable HORSE_JUMP
[ERROR] location: class org.bukkit.Sound
[ERROR] /home/travis/build/failed/ProjectKorra/ProjectKorra/src/com/projectkorra/projectkorra/firebending/FireCombo.java:[248,88] cannot find symbol
[ERROR] symbol:   variable FIZZ
[ERROR] location: class org.bukkit.Sound
[ERROR] /home/travis/build/failed/ProjectKorra/ProjectKorra/src/com/projectkorra/projectkorra/firebending/FireCombo.java:[262,96] cannot find symbol
[ERROR] symbol:   variable FIRE_IGNITE
[ERROR] location: class org.bukkit.Sound
[ERROR] /home/travis/build/failed/ProjectKorra/ProjectKorra/src/com/projectkorra/projectkorra/firebending/FireCombo.java:[284,88] cannot find symbol
[ERROR] symbol:   variable FIZZ
[ERROR] location: class org.bukkit.Sound
[ERROR] /home/travis/build/failed/ProjectKorra/ProjectKorra/src/com/projectkorra/projectkorra/firebending/FireCombo.java:[331,96] cannot find symbol
[ERROR] symbol:   variable EXPLODE
[ERROR] location: class org.bukkit.Sound
[ERROR] /home/travis/build/failed/ProjectKorra/ProjectKorra/src/com/projectkorra/projectkorra/firebending/FireCombo.java:[373,96] cannot find symbol
[ERROR] symbol:   variable FIZZ
[ERROR] location: class org.bukkit.Sound
[ERROR] /home/travis/build/failed/ProjectKorra/ProjectKorra/src/com/projectkorra/projectkorra/firebending/FireCombo.java:[424,70] cannot find symbol
[ERROR] symbol:   variable FIRE
[ERROR] location: class org.bukkit.Sound
[ERROR] /home/travis/build/failed/ProjectKorra/ProjectKorra/src/com/projectkorra/projectkorra/ability/AvatarAbility.java:[31,52] cannot find symbol
[ERROR] symbol:   variable ANVIL_LAND
[ERROR] location: class org.bukkit.Sound
[ERROR] /home/travis/build/failed/ProjectKorra/ProjectKorra/src/com/projectkorra/projectkorra/airbending/AirBlast.java:[302,94] cannot find symbol
[ERROR] symbol:   variable DOOR_CLOSE
[ERROR] location: class org.bukkit.Sound
[ERROR] /home/travis/build/failed/ProjectKorra/ProjectKorra/src/com/projectkorra/projectkorra/airbending/AirBlast.java:[305,94] cannot find symbol
[ERROR] symbol:   variable DOOR_OPEN
[ERROR] location: class org.bukkit.Sound
[ERROR] /home/travis/build/failed/ProjectKorra/ProjectKorra/src/com/projectkorra/projectkorra/firebending/FireBlastCharged.java:[183,78] cannot find symbol
[ERROR] symbol:   variable EXPLODE
[ERROR] location: class org.bukkit.Sound
[ERROR] /home/travis/build/failed/ProjectKorra/ProjectKorra/src/com/projectkorra/projectkorra/earthbending/EarthPassive.java:[121,110] cannot find symbol
[ERROR] symbol:   variable DOOR_CLOSE
[ERROR] location: class org.bukkit.Sound
[ERROR] /home/travis/build/failed/ProjectKorra/ProjectKorra/src/com/projectkorra/projectkorra/earthbending/EarthPassive.java:[124,110] cannot find symbol
[ERROR] symbol:   variable DOOR_OPEN
[ERROR] location: class org.bukkit.Sound
[ERROR] /home/travis/build/failed/ProjectKorra/ProjectKorra/src/com/projectkorra/projectkorra/waterbending/IceBlast.java:[309,62] cannot find symbol
[ERROR] symbol:   variable GLASS
[ERROR] location: class org.bukkit.Sound
[ERROR] -> [Help 1]
[ERROR] 
[ERROR] To see the full stack trace of the errors, re-run Maven with the -e switch.
[ERROR] Re-run Maven using the -X switch to enable full debug logging.
[ERROR] 
[ERROR] For more information about the errors and possible solutions, please read the following articles:
[ERROR] [Help 1] http://cwiki.apache.org/confluence/display/MAVEN/MojoFailureException

[31;1mThe command "eval mvn install -Dhttps.protocols=TLSv1.2 -Dhttps.protocols=TLSv1.2 -Dhttps.protocols=TLSv1.2 -DskipTests=true -Dmaven.javadoc.skip=true -B -V " failed 3 times.[0m


travis_time:end:055dabe2:start=1616788133287954073,finish=1616788204059207698,duration=70771253625[0K
[31;1mThe command "mvn install -Dhttps.protocols=TLSv1.2 -Dhttps.protocols=TLSv1.2 -Dhttps.protocols=TLSv1.2 -DskipTests=true -Dmaven.javadoc.skip=true -B -V" failed and exited with 1 during .[0m

Your build has been stopped.
