travis_fold:start:system_info[0K[33;1mBuild system information[0m
Build language: python
Build group: stable
Build dist: precise
Build id: ''
Job id: ''
[34m[1mBuild image provisioning date and time[0m
Thu Feb  5 15:09:33 UTC 2015
[34m[1mOperating System Details[0m
Distributor ID:	Ubuntu
Description:	Ubuntu 12.04.5 LTS
Release:	12.04
Codename:	precise
[34m[1mLinux Version[0m
3.13.0-29-generic
[34m[1mCookbooks Version[0m
a68419e https://github.com/travis-ci/travis-cookbooks/tree/a68419e
[34m[1mGCC version[0m
gcc (Ubuntu/Linaro 4.6.3-1ubuntu5) 4.6.3
Copyright (C) 2011 Free Software Foundation, Inc.
This is free software; see the source for copying conditions.  There is NO
warranty; not even for MERCHANTABILITY or FITNESS FOR A PARTICULAR PURPOSE.

[34m[1mLLVM version[0m
clang version 3.4 (tags/RELEASE_34/final)
Target: x86_64-unknown-linux-gnu
Thread model: posix
[34m[1mPre-installed Ruby versions[0m
ruby-1.9.3-p551
[34m[1mPre-installed Node.js versions[0m
v0.10.36
[34m[1mPre-installed Go versions[0m
1.4.1
[34m[1mRedis version[0m
redis-server 2.8.19
[34m[1mriak version[0m
2.0.2
[34m[1mMongoDB version[0m
MongoDB 2.4.12
[34m[1mCouchDB version[0m
couchdb 1.6.1
[34m[1mNeo4j version[0m
1.9.4
[34m[1mRabbitMQ Version[0m
3.4.3
[34m[1mElasticSearch version[0m
1.4.0
[34m[1mInstalled Sphinx versions[0m
2.0.10
2.1.9
2.2.6
[34m[1mDefault Sphinx version[0m
2.2.6
[34m[1mInstalled Firefox version[0m
firefox 31.0esr
[34m[1mPhantomJS version[0m
1.9.8
[34m[1mant -version[0m
Apache Ant(TM) version 1.8.2 compiled on December 3 2011
[34m[1mmvn -version[0m
Apache Maven 3.2.5 (12a6b3acb947671f09b81f49094c53f426d8cea1; 2014-12-14T17:29:23+00:00)
Maven home: /usr/local/maven
Java version: 1.7.0_76, vendor: Oracle Corporation
Java home: /usr/lib/jvm/java-7-oracle/jre
Default locale: en_US, platform encoding: ANSI_X3.4-1968
OS name: "linux", version: "3.13.0-29-generic", arch: "amd64", family: "unix"
travis_fold:end:system_info[0K
grep: /etc/apt/sources.list.d/*: No such file or directory
sed: cannot rename /etc/hosts: Device or resource busy
sed: cannot rename /etc/hosts: Device or resource busy
$ cd passed/python/mypy
travis_fold:start:git.submodule[0Ktravis_time:start:063836e0[0K$ git submodule update --init --recursive
Submodule 'typeshed' (http://github.com/python/typeshed) registered for path 'typeshed'
Cloning into 'typeshed'...
Submodule path 'typeshed': checked out 'c1b7fc70203c4b92577f1f4765e0fdb654a8886c'

travis_time:end:063836e0:start=1616937339065230339,finish=1616937343852029652,duration=4786799313[0Ktravis_fold:end:git.submodule[0Ktravis_time:start:02aa5011[0K$ source ~/virtualenv/python3.3/bin/activate

travis_time:end:02aa5011:start=1616937344416670637,finish=1616937344426074622,duration=9403985[0Ktravis_fold:start:cache.1[0KSetting up build cache
$ export CASHER_DIR=$HOME/.casher
travis_time:start:146ea529[0K$ Installing caching utilities

travis_time:end:146ea529:start=1616937344848717209,finish=1616937344915214128,duration=66496919[0Ktravis_time:start:0be4727d[0K
travis_time:end:0be4727d:start=1616937344928896796,finish=1616937344938301248,duration=9404452[0Ktravis_time:start:0094a680[0K/home/travis/.casher/bin/casher:213:in `cache_archive_name': undefined method `[]' for nil:NilClass (NoMethodError)
	from /home/travis/.casher/bin/casher:65:in `block in fetch'
	from /home/travis/.casher/bin/casher:64:in `each'
	from /home/travis/.casher/bin/casher:64:in `fetch'
	from /home/travis/.casher/bin/casher:53:in `block in run'
	from /home/travis/.rvm/rubies/ruby-1.9.3-p551/lib/ruby/1.9.1/timeout.rb:69:in `timeout'
	from /home/travis/.casher/bin/casher:53:in `run'
	from /home/travis/.casher/bin/casher:263:in `<main>'
[32;1mattempting to download cache archive[0m

travis_time:end:0094a680:start=1616937344950254010,finish=1616937345752385127,duration=802131117[0Ktravis_fold:end:cache.1[0Ktravis_fold:start:cache.pip[0K
travis_time:start:0b34b364[0K
travis_time:end:0b34b364:start=1616937345765462252,finish=1616937345775596934,duration=10134682[0Ktravis_time:start:0dce0c03[0K[32;1madding /home/travis/.cache/pip to cache[0m

travis_time:end:0dce0c03:start=1616937345787396787,finish=1616937346638638484,duration=851241697[0Ktravis_fold:end:cache.pip[0K$ python --version
Python 3.3.5
$ pip --version
pip 6.0.7 from /home/travis/virtualenv/python3.3.5/lib/python3.3/site-packages (python 3.3)
travis_fold:start:install.1[0Ktravis_time:start:018c3fd0[0K$ pip install -r test-requirements.txt
Collecting flake8==3.3.0 (from -r test-requirements.txt (line 1))
  Downloading https://files.pythonhosted.org/packages/cd/a6/1fe37679be3b224c96d8b64782d724d6a2c4212c8ddd914572fb8317a298/flake8-3.3.0-py2.py3-none-any.whl (66kB)
Collecting lxml==3.7.3 (from -r test-requirements.txt (line 4))
  Downloading https://files.pythonhosted.org/packages/39/e8/a8e0b1fa65dd021d48fe21464f71783655f39a41f218293c1c590d54eb82/lxml-3.7.3.tar.gz (3.8MB)
    Building lxml version 3.7.3.
    Building without Cython.
    Using build configuration of libxslt 1.1.26
    Building against libxml2/libxslt in the following directory: /usr/lib/x86_64-linux-gnu
Collecting typed-ast==1.0.3 (from -r test-requirements.txt (line 5))
  Downloading https://files.pythonhosted.org/packages/89/3d/9684616ba2b69ed73cc51396d777544e8379806fce1d60731b2237c3063c/typed-ast-1.0.3.tar.gz (200kB)
Collecting pytest==3.1.0 (from -r test-requirements.txt (line 6))
  Downloading https://files.pythonhosted.org/packages/55/9c/5529093be0f518fe710d5b925680429c24810dadd6519c0ca86435656e85/pytest-3.1.0-py2.py3-none-any.whl (178kB)
Collecting pytest-xdist==1.16.0 (from -r test-requirements.txt (line 7))
  Downloading https://files.pythonhosted.org/packages/0d/d0/58cacddb34f35dd3d447525061e431b00d842eef72d585cc1c9a97abec90/pytest-xdist-1.16.0.tar.gz (88kB)
    /tmp/easy_install-tbvwf2/setuptools_scm-6.0.1/src
    <pkg_resources.WorkingSet object at 0x7f5a74d2edd0>
    /home/travis/virtualenv/python3.3.5/lib/python3.3/site-packages/pkg_resources/__init__.py:2510: PEP440Warning: 'setuptools (scm-1.0.0)' is being parsed as a legacy, non PEP 440, version. You may find odd behavior and sort order. In particular it will be sorted as less than 0.0. It is recommend to migrate to PEP 440 compatible versions.
      PEP440Warning,
    /home/travis/virtualenv/python3.3.5/lib/python3.3/site-packages/pkg_resources/__init__.py:2510: PEP440Warning: 'setuptools (scm-1.1.0)' is being parsed as a legacy, non PEP 440, version. You may find odd behavior and sort order. In particular it will be sorted as less than 0.0. It is recommend to migrate to PEP 440 compatible versions.
      PEP440Warning,
    /home/travis/virtualenv/python3.3.5/lib/python3.3/site-packages/pkg_resources/__init__.py:2510: PEP440Warning: 'setuptools (scm-1.2.0)' is being parsed as a legacy, non PEP 440, version. You may find odd behavior and sort order. In particular it will be sorted as less than 0.0. It is recommend to migrate to PEP 440 compatible versions.
      PEP440Warning,
    /home/travis/virtualenv/python3.3.5/lib/python3.3/site-packages/pkg_resources/__init__.py:2510: PEP440Warning: 'setuptools (scm-1.3.0)' is being parsed as a legacy, non PEP 440, version. You may find odd behavior and sort order. In particular it will be sorted as less than 0.0. It is recommend to migrate to PEP 440 compatible versions.
      PEP440Warning,
    /home/travis/virtualenv/python3.3.5/lib/python3.3/site-packages/pkg_resources/__init__.py:2510: PEP440Warning: 'setuptools (scm-1.4.0)' is being parsed as a legacy, non PEP 440, version. You may find odd behavior and sort order. In particular it will be sorted as less than 0.0. It is recommend to migrate to PEP 440 compatible versions.
      PEP440Warning,
    Traceback (most recent call last):
      File "/home/travis/virtualenv/python3.3.5/lib/python3.3/site-packages/setuptools/sandbox.py", line 150, in save_modules
        yield saved
      File "/home/travis/virtualenv/python3.3.5/lib/python3.3/site-packages/setuptools/sandbox.py", line 191, in setup_context
        yield
      File "/home/travis/virtualenv/python3.3.5/lib/python3.3/site-packages/setuptools/sandbox.py", line 235, in run_setup
        DirectorySandbox(setup_dir).run(runner)
      File "/home/travis/virtualenv/python3.3.5/lib/python3.3/site-packages/setuptools/sandbox.py", line 265, in run
        return func()
      File "/home/travis/virtualenv/python3.3.5/lib/python3.3/site-packages/setuptools/sandbox.py", line 234, in runner
        _execfile(setup_script, ns)
      File "/home/travis/virtualenv/python3.3.5/lib/python3.3/site-packages/setuptools/sandbox.py", line 46, in _execfile
        exec(code, globals, locals)
      File "/tmp/easy_install-tbvwf2/setuptools_scm-6.0.1/setup.py", line 52, in <module>
      File "/tmp/easy_install-tbvwf2/setuptools_scm-6.0.1/setup.py", line 29, in scm_config
        'License :: OSI Approved :: MIT License',
      File "/tmp/easy_install-tbvwf2/setuptools_scm-6.0.1/src/setuptools_scm/__init__.py", line 15, in <module
    During handling of the above exception, another exception occurred:
    Traceback (most recent call last):
      File "<string>", line 20, in <module>
      File "/tmp/pip-build-hiflc0/pytest-xdist/setup.py", line 37, in <module>
        'Programming Language :: Python :: 3',
      File "/opt/python/3.3.5/lib/python3.3/distutils/core.py", line 109, in setup
        _setup_distribution = dist = klass(attrs)
      File "/home/travis/virtualenv/python3.3.5/lib/python3.3/site-packages/setuptools/dist.py", line 265, in __init__
        self.fetch_build_eggs(attrs['setup_requires'])
      File "/home/travis/virtualenv/python3.3.5/lib/python3.3/site-packages/setuptools/dist.py", line 311, in fetch_build_eggs
        replace_conflicting=True,
      File "/home/travis/virtualenv/python3.3.5/lib/python3.3/site-packages/pkg_resources/__init__.py", line 797, in resolve
        dist = best[req.key] = env.best_match(req, ws, installer)
      File "/home/travis/virtualenv/python3.3.5/lib/python3.3/site-packages/pkg_resources/__init__.py", line 1047, in best_match
        return self.obtain(req, installer)
      File "/home/travis/virtualenv/python3.3.5/lib/python3.3/site-packages/pkg_resources/__init__.py", line 1059, in obtain
        return installer(requirement)
      File "/home/travis/virtualenv/python3.3.5/lib/python3.3/site-packages/setuptools/dist.py", line 378, in fetch_build_egg
        return cmd.easy_install(req)
      File "/home/travis/virtualenv/python3.3.5/lib/python3.3/site-packages/setuptools/command/easy_install.py", line 623, in easy_install
        return self.install_item(spec, dist.location, tmpdir, deps)
      File "/home/travis/virtualenv/python3.3.5/lib/python3.3/site-packages/setuptools/command/easy_install.py", line 653, in install_item
        dists = self.install_eggs(spec, download, tmpdir)
      File "/home/travis/virtualenv/python3.3.5/lib/python3.3/site-packages/setuptools/command/easy_install.py", line 838, in install_eggs
        return self.build_and_install(setup_script, setup_base)
      File "/home/travis/virtualenv/python3.3.5/lib/python3.3/site-packages/setuptools/command/easy_install.py", line 1066, in build_and_install
        self.run_setup(setup_script, setup_base, args)
      File "/home/travis/virtualenv/python3.3.5/lib/python3.3/site-packages/setuptools/command/easy_install.py", line 1052, in run_setup
        run_setup(setup_script, args)
      File "/home/travis/virtualenv/python3.3.5/lib/python3.3/site-packages/setuptools/sandbox.py", line 238, in run_setup
        raise
      File "/opt/python/3.3.5/lib/python3.3/contextlib.py", line 66, in __exit__
        self.gen.throw(type, value, traceback)
      File "/home/travis/virtualenv/python3.3.5/lib/python3.3/site-packages/setuptools/sandbox.py", line 191, in setup_context
        yield
      File "/opt/python/3.3.5/lib/python3.3/contextlib.py", line 66, in __exit__
        self.gen.throw(type, value, traceback)
      File "/home/travis/virtualenv/python3.3.5/lib/python3.3/site-packages/setuptools/sandbox.py", line 162, in save_modules
        saved_exc.resume()
      File "/home/travis/virtualenv/python3.3.5/lib/python3.3/site-packages/setuptools/sandbox.py", line 137, in resume
        compat.reraise(type, exc, self._tb)
      File "/home/travis/virtualenv/python3.3.5/lib/python3.3/site-packages/setuptools/compat.py", line 65, in reraise
        raise value.with_traceback(tb)
      File "/home/travis/virtualenv/python3.3.5/lib/python3.3/site-packages/setuptools/sandbox.py", line 150, in save_modules
        yield saved
      File "/home/travis/virtualenv/python3.3.5/lib/python3.3/site-packages/setuptools/sandbox.py", line 191, in setup_context
        yield
      File "/home/travis/virtualenv/python3.3.5/lib/python3.3/site-packages/setuptools/sandbox.py", line 235, in run_setup
        DirectorySandbox(setup_dir).run(runner)
      File "/home/travis/virtualenv/python3.3.5/lib/python3.3/site-packages/setuptools/sandbox.py", line 265, in run
        return func()
      File "/home/travis/virtualenv/python3.3.5/lib/python3.3/site-packages/setuptools/sandbox.py", line 234, in runner
        _execfile(setup_script, ns)
      File "/home/travis/virtualenv/python3.3.5/lib/python3.3/site-packages/setuptools/sandbox.py", line 46, in _execfile
        exec(code, globals, locals)
      File "/tmp/easy_install-tbvwf2/setuptools_scm-6.0.1/setup.py", line 52, in <module>
      File "/tmp/easy_install-tbvwf2/setuptools_scm-6.0.1/setup.py", line 29, in scm_config
        'License :: OSI Approved :: MIT License',
      File "/tmp/easy_install-tbvwf2/setuptools_scm-6.0.1/src/setuptools_scm/__init__.py", line 15, in <module
    Complete output from command python setup.py egg_info:
    /tmp/easy_install-tbvwf2/setuptools_scm-6.0.1/src
    
    <pkg_resources.WorkingSet object at 0x7f5a74d2edd0>
    
    /home/travis/virtualenv/python3.3.5/lib/python3.3/site-packages/pkg_resources/__init__.py:2510: PEP440Warning: 'setuptools (scm-1.0.0)' is being parsed as a legacy, non PEP 440, version. You may find odd behavior and sort order. In particular it will be sorted as less than 0.0. It is recommend to migrate to PEP 440 compatible versions.
    
      PEP440Warning,
    
    /home/travis/virtualenv/python3.3.5/lib/python3.3/site-packages/pkg_resources/__init__.py:2510: PEP440Warning: 'setuptools (scm-1.1.0)' is being parsed as a legacy, non PEP 440, version. You may find odd behavior and sort order. In particular it will be sorted as less than 0.0. It is recommend to migrate to PEP 440 compatible versions.
    
      PEP440Warning,
    
    /home/travis/virtualenv/python3.3.5/lib/python3.3/site-packages/pkg_resources/__init__.py:2510: PEP440Warning: 'setuptools (scm-1.2.0)' is being parsed as a legacy, non PEP 440, version. You may find odd behavior and sort order. In particular it will be sorted as less than 0.0. It is recommend to migrate to PEP 440 compatible versions.
    
      PEP440Warning,
    
    /home/travis/virtualenv/python3.3.5/lib/python3.3/site-packages/pkg_resources/__init__.py:2510: PEP440Warning: 'setuptools (scm-1.3.0)' is being parsed as a legacy, non PEP 440, version. You may find odd behavior and sort order. In particular it will be sorted as less than 0.0. It is recommend to migrate to PEP 440 compatible versions.
    
      PEP440Warning,
    
    /home/travis/virtualenv/python3.3.5/lib/python3.3/site-packages/pkg_resources/__init__.py:2510: PEP440Warning: 'setuptools (scm-1.4.0)' is being parsed as a legacy, non PEP 440, version. You may find odd behavior and sort order. In particular it will be sorted as less than 0.0. It is recommend to migrate to PEP 440 compatible versions.
    
      PEP440Warning,
    
    Traceback (most recent call last):
    
      File "/home/travis/virtualenv/python3.3.5/lib/python3.3/site-packages/setuptools/sandbox.py", line 150, in save_modules
    
        yield saved
    
      File "/home/travis/virtualenv/python3.3.5/lib/python3.3/site-packages/setuptools/sandbox.py", line 191, in setup_context
    
        yield
    
      File "/home/travis/virtualenv/python3.3.5/lib/python3.3/site-packages/setuptools/sandbox.py", line 235, in run_setup
    
        DirectorySandbox(setup_dir).run(runner)
    
      File "/home/travis/virtualenv/python3.3.5/lib/python3.3/site-packages/setuptools/sandbox.py", line 265, in run
    
        return func()
    
      File "/home/travis/virtualenv/python3.3.5/lib/python3.3/site-packages/setuptools/sandbox.py", line 234, in runner
    
        _execfile(setup_script, ns)
    
      File "/home/travis/virtualenv/python3.3.5/lib/python3.3/site-packages/setuptools/sandbox.py", line 46, in _execfile
    
        exec(code, globals, locals)
    
      File "/tmp/easy_install-tbvwf2/setuptools_scm-6.0.1/setup.py", line 52, in <module>
    
      File "/tmp/easy_install-tbvwf2/setuptools_scm-6.0.1/setup.py", line 29, in scm_config
    
        'License :: OSI Approved :: MIT License',
    
      File "/tmp/easy_install-tbvwf2/setuptools_scm-6.0.1/src/setuptools_scm/__init__.py", line 15, in <module
    
    
    
    During handling of the above exception, another exception occurred:
    
    
    
    Traceback (most recent call last):
    
      File "<string>", line 20, in <module>
    
      File "/tmp/pip-build-hiflc0/pytest-xdist/setup.py", line 37, in <module>
    
        'Programming Language :: Python :: 3',
    
      File "/opt/python/3.3.5/lib/python3.3/distutils/core.py", line 109, in setup
    
        _setup_distribution = dist = klass(attrs)
    
      File "/home/travis/virtualenv/python3.3.5/lib/python3.3/site-packages/setuptools/dist.py", line 265, in __init__
    
        self.fetch_build_eggs(attrs['setup_requires'])
    
      File "/home/travis/virtualenv/python3.3.5/lib/python3.3/site-packages/setuptools/dist.py", line 311, in fetch_build_eggs
    
        replace_conflicting=True,
    
      File "/home/travis/virtualenv/python3.3.5/lib/python3.3/site-packages/pkg_resources/__init__.py", line 797, in resolve
    
        dist = best[req.key] = env.best_match(req, ws, installer)
    
      File "/home/travis/virtualenv/python3.3.5/lib/python3.3/site-packages/pkg_resources/__init__.py", line 1047, in best_match
    
        return self.obtain(req, installer)
    
      File "/home/travis/virtualenv/python3.3.5/lib/python3.3/site-packages/pkg_resources/__init__.py", line 1059, in obtain
    
        return installer(requirement)
    
      File "/home/travis/virtualenv/python3.3.5/lib/python3.3/site-packages/setuptools/dist.py", line 378, in fetch_build_egg
    
        return cmd.easy_install(req)
    
      File "/home/travis/virtualenv/python3.3.5/lib/python3.3/site-packages/setuptools/command/easy_install.py", line 623, in easy_install
    
        return self.install_item(spec, dist.location, tmpdir, deps)
    
      File "/home/travis/virtualenv/python3.3.5/lib/python3.3/site-packages/setuptools/command/easy_install.py", line 653, in install_item
    
        dists = self.install_eggs(spec, download, tmpdir)
    
      File "/home/travis/virtualenv/python3.3.5/lib/python3.3/site-packages/setuptools/command/easy_install.py", line 838, in install_eggs
    
        return self.build_and_install(setup_script, setup_base)
    
      File "/home/travis/virtualenv/python3.3.5/lib/python3.3/site-packages/setuptools/command/easy_install.py", line 1066, in build_and_install
    
        self.run_setup(setup_script, setup_base, args)
    
      File "/home/travis/virtualenv/python3.3.5/lib/python3.3/site-packages/setuptools/command/easy_install.py", line 1052, in run_setup
    
        run_setup(setup_script, args)
    
      File "/home/travis/virtualenv/python3.3.5/lib/python3.3/site-packages/setuptools/sandbox.py", line 238, in run_setup
    
        raise
    
      File "/opt/python/3.3.5/lib/python3.3/contextlib.py", line 66, in __exit__
    
        self.gen.throw(type, value, traceback)
    
      File "/home/travis/virtualenv/python3.3.5/lib/python3.3/site-packages/setuptools/sandbox.py", line 191, in setup_context
    
        yield
    
      File "/opt/python/3.3.5/lib/python3.3/contextlib.py", line 66, in __exit__
    
        self.gen.throw(type, value, traceback)
    
      File "/home/travis/virtualenv/python3.3.5/lib/python3.3/site-packages/setuptools/sandbox.py", line 162, in save_modules
    
        saved_exc.resume()
    
      File "/home/travis/virtualenv/python3.3.5/lib/python3.3/site-packages/setuptools/sandbox.py", line 137, in resume
    
        compat.reraise(type, exc, self._tb)
    
      File "/home/travis/virtualenv/python3.3.5/lib/python3.3/site-packages/setuptools/compat.py", line 65, in reraise
    
        raise value.with_traceback(tb)
    
      File "/home/travis/virtualenv/python3.3.5/lib/python3.3/site-packages/setuptools/sandbox.py", line 150, in save_modules
    
        yield saved
    
      File "/home/travis/virtualenv/python3.3.5/lib/python3.3/site-packages/setuptools/sandbox.py", line 191, in setup_context
    
        yield
    
      File "/home/travis/virtualenv/python3.3.5/lib/python3.3/site-packages/setuptools/sandbox.py", line 235, in run_setup
    
        DirectorySandbox(setup_dir).run(runner)
    
      File "/home/travis/virtualenv/python3.3.5/lib/python3.3/site-packages/setuptools/sandbox.py", line 265, in run
    
        return func()
    
      File "/home/travis/virtualenv/python3.3.5/lib/python3.3/site-packages/setuptools/sandbox.py", line 234, in runner
    
        _execfile(setup_script, ns)
    
      File "/home/travis/virtualenv/python3.3.5/lib/python3.3/site-packages/setuptools/sandbox.py", line 46, in _execfile
    
        exec(code, globals, locals)
    
      File "/tmp/easy_install-tbvwf2/setuptools_scm-6.0.1/setup.py", line 52, in <module>
    
      File "/tmp/easy_install-tbvwf2/setuptools_scm-6.0.1/setup.py", line 29, in scm_config
    
        'License :: OSI Approved :: MIT License',
    
      File "/tmp/easy_install-tbvwf2/setuptools_scm-6.0.1/src/setuptools_scm/__init__.py", line 15, in <module
    
    ----------------------------------------
    Command "python setup.py egg_info" failed with error code 1 in /tmp/pip-build-hiflc0/pytest-xdist

travis_time:end:018c3fd0:start=1616937347016885307,finish=1616937352287446727,duration=5270561420[0K
[31;1mThe command "pip install -r test-requirements.txt" failed and exited with 1 during .[0m

Your build has been stopped.
