travis_time:start:000cb44b[0Ktravis_time:end:000cb44b:start=1616803220391424516,finish=1616803220573238516,duration=181814000,event=no_world_writable_dirs[0Ktravis_time:start:0fe2583c[0Ktravis_time:end:0fe2583c:start=1616803220580155228,finish=1616803220584759462,duration=4604234,event=check_unsupported[0Ktravis_time:start:079b8bb0[0Ktravis_fold:start:system_info[0K[33;1mBuild system information[0m
Build language: python
Build group: stable
Build dist: precise
Build id: ''
Job id: ''
Runtime kernel version: 4.15.0-109-generic
[34m[1mBuild image provisioning date and time[0m
Thu Feb  5 15:09:33 UTC 2015
[34m[1mOperating System Details[0m
Distributor ID:	Ubuntu
Description:	Ubuntu 12.04.5 LTS
Release:	12.04
Codename:	precise
[34m[1mLinux Version[0m
3.13.0-29-generic
[34m[1mCookbooks Version[0m
a68419e https://github.com/travis-ci/travis-cookbooks/tree/a68419e
[34m[1mGCC version[0m
gcc (Ubuntu/Linaro 4.6.3-1ubuntu5) 4.6.3
Copyright (C) 2011 Free Software Foundation, Inc.
This is free software; see the source for copying conditions.  There is NO
warranty; not even for MERCHANTABILITY or FITNESS FOR A PARTICULAR PURPOSE.

[34m[1mLLVM version[0m
clang version 3.4 (tags/RELEASE_34/final)
Target: x86_64-unknown-linux-gnu
Thread model: posix
[34m[1mPre-installed Ruby versions[0m
ruby-1.9.3-p551
[34m[1mPre-installed Node.js versions[0m
v0.10.36
[34m[1mPre-installed Go versions[0m
1.4.1
[34m[1mRedis version[0m
redis-server 2.8.19
[34m[1mriak version[0m
2.0.2
[34m[1mMongoDB version[0m
MongoDB 2.4.12
[34m[1mCouchDB version[0m
couchdb 1.6.1
[34m[1mNeo4j version[0m
1.9.4
[34m[1mRabbitMQ Version[0m
3.4.3
[34m[1mElasticSearch version[0m
1.4.0
[34m[1mInstalled Sphinx versions[0m
2.0.10
2.1.9
2.2.6
[34m[1mDefault Sphinx version[0m
2.2.6
[34m[1mInstalled Firefox version[0m
firefox 31.0esr
[34m[1mPhantomJS version[0m
1.9.8
[34m[1mant -version[0m
Apache Ant(TM) version 1.8.2 compiled on December 3 2011
[34m[1mmvn -version[0m
Apache Maven 3.2.5 (12a6b3acb947671f09b81f49094c53f426d8cea1; 2014-12-14T17:29:23+00:00)
Maven home: /usr/local/maven
Java version: 1.7.0_76, vendor: Oracle Corporation
Java home: /usr/lib/jvm/java-7-oracle/jre
Default locale: en_US, platform encoding: ANSI_X3.4-1968
OS name: "linux", version: "3.13.0-29-generic", arch: "amd64", family: "unix"
travis_fold:end:system_info[0K
travis_time:end:079b8bb0:start=1616803220590221954,finish=1616803220599890426,duration=9668472,event=show_system_info[0Ktravis_time:start:16f6a5a1[0Ktravis_time:end:16f6a5a1:start=1616803220605708418,finish=1616803220624355089,duration=18646671,event=rm_riak_source[0Ktravis_time:start:1f46c0e8[0Ktravis_time:end:1f46c0e8:start=1616803220630663588,finish=1616803220640613306,duration=9949718,event=fix_rwky_redis[0Ktravis_time:start:067e7e84[0K[31;1mTimeout waiting for network availability.[0m
travis_time:end:067e7e84:start=1616803220646009298,finish=1616803241368160388,duration=20722151090,event=wait_for_network[0Ktravis_time:start:07bfa5cc[0Ktravis_time:end:07bfa5cc:start=1616803241374844415,finish=1616803256366052363,duration=14991207948,event=update_apt_keys[0Ktravis_time:start:273547d1[0Ktravis_time:end:273547d1:start=1616803256372176201,finish=1616803256434410354,duration=62234153,event=fix_hhvm_source[0Ktravis_time:start:119dff97[0Ktravis_time:end:119dff97:start=1616803256440330865,finish=1616803256445255453,duration=4924588,event=update_mongo_arch[0Ktravis_time:start:2a316d22[0Ktravis_time:end:2a316d22:start=1616803256451074549,finish=1616803256496305386,duration=45230837,event=fix_sudo_enabled_trusty[0Ktravis_time:start:14e94029[0Ktravis_time:end:14e94029:start=1616803256502667624,finish=1616803256518815568,duration=16147944,event=clean_up_path[0Ktravis_time:start:0452e489[0Ktravis_time:end:0452e489:start=1616803256525219517,finish=1616803256536512013,duration=11292496,event=fix_resolv_conf[0Ktravis_time:start:0c7aeefe[0Ktravis_time:end:0c7aeefe:start=1616803256542614237,finish=1616803256557863863,duration=15249626,event=fix_etc_hosts[0Ktravis_time:start:16d3c1ff[0Ktravis_time:end:16d3c1ff:start=1616803256564430649,finish=1616803256589236449,duration=24805800,event=fix_mvn_settings_xml[0Ktravis_time:start:052a411c[0Ktravis_time:end:052a411c:start=1616803256595647258,finish=1616803256611594337,duration=15947079,event=no_ipv6_localhost[0Ktravis_time:start:0d8318bb[0Ktravis_time:end:0d8318bb:start=1616803256617102244,finish=1616803256640595358,duration=23493114,event=fix_etc_mavenrc[0Ktravis_time:start:0d375f20[0Ktravis_time:end:0d375f20:start=1616803256646507299,finish=1616803256652376183,duration=5868884,event=fix_wwdr_certificate[0Ktravis_time:start:07a8bc66[0Ktravis_time:end:07a8bc66:start=1616803256658319680,finish=1616803256698411783,duration=40092103,event=put_localhost_first[0Ktravis_time:start:11492586[0Ktravis_time:end:11492586:start=1616803256705325495,finish=1616803256710239538,duration=4914043,event=home_paths[0Ktravis_time:start:035c6a81[0Ktravis_time:end:035c6a81:start=1616803256716412444,finish=1616803256746430328,duration=30017884,event=disable_initramfs[0Ktravis_time:start:04ba4738[0Ktravis_time:end:04ba4738:start=1616803256753140945,finish=1616803256773845653,duration=20704708,event=disable_ssh_roaming[0Ktravis_time:start:10ed1b68[0Ktravis_time:end:10ed1b68:start=1616803256779858642,finish=1616803256784345161,duration=4486519,event=debug_tools[0Ktravis_time:start:110233aa[0Ktravis_time:end:110233aa:start=1616803256791402750,finish=1616803256798039385,duration=6636635,event=uninstall_oclint[0Ktravis_time:start:0ff6cc0c[0Ktravis_time:end:0ff6cc0c:start=1616803256804866512,finish=1616803256810893165,duration=6026653,event=rvm_use[0Ktravis_time:start:1d818240[0Ktravis_time:end:1d818240:start=1616803256817333551,finish=1616803256832395443,duration=15061892,event=rm_etc_boto_cfg[0Ktravis_time:start:142b9e96[0Ktravis_time:end:142b9e96:start=1616803256839467021,finish=1616803256844441956,duration=4974935,event=rm_oraclejdk8_symlink[0Ktravis_time:start:0c726481[0Ktravis_time:end:0c726481:start=1616803256851397744,finish=1616803256899081679,duration=47683935,event=enable_i386[0Ktravis_time:start:1bb716ad[0Ktravis_time:end:1bb716ad:start=1616803256906068550,finish=1616803256912974139,duration=6905589,event=update_rubygems[0Ktravis_time:start:0adccdcc[0Ktravis_time:end:0adccdcc:start=1616803256918828779,finish=1616803256928199364,duration=9370585,event=ensure_path_components[0Ktravis_time:start:09d900e8[0Ktravis_time:end:09d900e8:start=1616803256934437962,finish=1616803256938832061,duration=4394099,event=redefine_curl[0Ktravis_time:start:00f6c041[0Ktravis_time:end:00f6c041:start=1616803256944574527,finish=1616803256949478912,duration=4904385,event=nonblock_pipe[0Ktravis_time:start:11ed2504[0Ktravis_time:end:11ed2504:start=1616803256956752487,finish=1616803262176651724,duration=5219899237,event=apt_get_update[0Ktravis_time:start:1374b36a[0Ktravis_time:end:1374b36a:start=1616803262183632942,finish=1616803262188559016,duration=4926074,event=deprecate_xcode_64[0Ktravis_time:start:07713312[0Ktravis_time:end:07713312:start=1616803262195012695,finish=1616803262202692830,duration=7680135,event=update_heroku[0Ktravis_time:start:3091b080[0Ktravis_time:end:3091b080:start=1616803262209059785,finish=1616803262213805496,duration=4745711,event=shell_session_update[0Ktravis_time:start:0b5db581[0Ktravis_fold:start:docker_mtu[0Ktee: /etc/docker/daemon.json: No such file or directory
docker: unrecognized service
travis_fold:end:docker_mtu[0Ktravis_time:end:0b5db581:start=1616803262220241836,finish=1616803262254202513,duration=33960677,event=set_docker_mtu[0Ktravis_time:start:056d5e6b[0Ktravis_time:end:056d5e6b:start=1616803262260556147,finish=1616803262276445038,duration=15888891,event=resolvconf[0K[33;1m3.5 is not installed; attempting download[0m
[33;1mDownloading archive: https://s3.amazonaws.com/travis-python-archives/binaries/ubuntu/12.04/x86_64/python-3.5.tar.bz2[0m
travis_time:start:11321fa9[0K$ curl -sSf --retry 5 -o python-3.5.tar.bz2 ${archive_url}
travis_time:end:11321fa9:start=1616803262362317211,finish=1616803267167824315,duration=4805507104,event=configure[0Ktravis_time:start:32efaf32[0K$ sudo tar xjf python-3.5.tar.bz2 --directory /
travis_time:end:32efaf32:start=1616803267174352437,finish=1616803279835989419,duration=12661636982,event=configure[0Ktravis_fold:start:apt[0Ktravis_time:start:2cc957a0[0K$ travis_apt_get_update
travis_time:end:2cc957a0:start=1616803280712544433,finish=1616803285680772293,duration=4968227860,event=prepare[0K[33;1mInstalling APT Packages[0m
travis_time:start:00a99ef8[0K$ sudo -E apt-get -yq --no-install-suggests --no-install-recommends $(travis_apt_get_options) install libhdf5-serial-dev netcdf-bin libnetcdf-dev
Reading package lists...
Building dependency tree...
Reading state information...
Suggested packages:
  libhdf5-doc netcdf-doc
The following NEW packages will be installed:
  libhdf5-serial-dev libnetcdf-dev netcdf-bin
0 upgraded, 3 newly installed, 0 to remove and 238 not upgraded.
Need to get 3,107 kB of archives.
After this operation, 20.4 MB of additional disk space will be used.
Get:1 http://us.archive.ubuntu.com/ubuntu/ precise/universe libhdf5-serial-dev amd64 1.8.4-patch1-3ubuntu2 [2,278 kB]
Get:2 http://us.archive.ubuntu.com/ubuntu/ precise/universe libnetcdf-dev amd64 1:4.1.1-6 [644 kB]
Get:3 http://us.archive.ubuntu.com/ubuntu/ precise/universe netcdf-bin amd64 1:4.1.1-6 [185 kB]
Fetched 3,107 kB in 0s (4,084 kB/s)
Selecting previously unselected package libhdf5-serial-dev.
(Reading database ... 72431 files and directories currently installed.)
Unpacking libhdf5-serial-dev (from .../libhdf5-serial-dev_1.8.4-patch1-3ubuntu2_amd64.deb) ...
Selecting previously unselected package libnetcdf-dev.
Unpacking libnetcdf-dev (from .../libnetcdf-dev_1%3a4.1.1-6_amd64.deb) ...
Selecting previously unselected package netcdf-bin.
Unpacking netcdf-bin (from .../netcdf-bin_1%3a4.1.1-6_amd64.deb) ...
Processing triggers for man-db ...
Setting up libhdf5-serial-dev (1.8.4-patch1-3ubuntu2) ...
Setting up libnetcdf-dev (1:4.1.1-6) ...
Setting up netcdf-bin (1:4.1.1-6) ...
travis_time:end:00a99ef8:start=1616803285687968274,finish=1616803295484839692,duration=9796871418,event=prepare[0Ktravis_fold:end:apt[0Ktravis_time:start:0daf4ef4[0Ktravis_time:end:0daf4ef4:start=1616803295491645413,finish=1616803295496273282,duration=4627869,event=fix_ps4[0Ktravis_time:start:2d6f7d3e[0K
$ cd failed/Unidata/netcdf4-python

travis_time:end:2d6f7d3e:start=1616803295502209417,finish=1616803295564676814,duration=62467397,event=checkout[0Ktravis_time:start:060a4ef0[0K
[33;1mSetting environment variables from .travis.yml[0m
$ export DEPENDS="numpy cython setuptools==18.0.1"
$ export NO_NET=1

travis_time:end:060a4ef0:start=1616803295571996243,finish=1616803296157574487,duration=585578244,event=env[0Ktravis_time:start:02cb6b76[0K$ source ~/virtualenv/python3.5/bin/activate
travis_time:end:02cb6b76:start=1616803296165576830,finish=1616803296172536670,duration=6959840,event=[0K$ python --version
Python 3.5.6
$ pip --version
pip 18.0 from /home/travis/virtualenv/python3.5.6/lib/python3.5/site-packages/pip (python 3.5)
travis_fold:start:before_install[0Ktravis_time:start:16b5ddbc[0K$ pip install $DEPENDS
Requirement already satisfied: numpy in /home/travis/virtualenv/python3.5.6/lib/python3.5/site-packages (1.15.0)
Collecting cython
  Downloading https://files.pythonhosted.org/packages/96/53/430b12dc03806b370df98f9dc460f8257156722d66085243db73c9703127/Cython-0.29.22-cp35-cp35m-manylinux1_x86_64.whl (1.9MB)
Collecting setuptools==18.0.1
  Downloading https://files.pythonhosted.org/packages/00/d5/1233f051f7ce669a2009301aa75f1efbd97ccde6b60236997fd9111d5297/setuptools-18.0.1-py2.py3-none-any.whl (461kB)
pipenv 2018.7.1 has requirement setuptools>=36.2.1, but you'll have setuptools 18.0.1 which is incompatible.
Installing collected packages: cython, setuptools
  Found existing installation: setuptools 40.0.0
    Uninstalling setuptools-40.0.0:
      Successfully uninstalled setuptools-40.0.0
Successfully installed cython-0.29.22 setuptools-18.0.1
travis_time:end:16b5ddbc:start=1616803296580368578,finish=1616803299886982822,duration=3306614244,event=before_install[0Ktravis_fold:end:before_install[0Ktravis_fold:start:install.1[0Ktravis_time:start:149a9f36[0K$ python setup.py build
Package hdf5 was not found in the pkg-config search path.
Perhaps you should add the directory containing `hdf5.pc'
to the PKG_CONFIG_PATH environment variable
No package 'hdf5' found
reading from setup.cfg...
using nc-config ...

    HDF5_DIR environment variable not set, checking some standard locations ..
checking /home/travis ...
checking /usr/local ...
checking /sw ...
checking /opt ...
checking /opt/local ...
checking /usr ...
HDF5 library version: 1.8.4-patch1 found in /usr
using netcdf library version b'4.1.1'
using Cython to compile netCDF4.pyx...
netcdf lib does not have group rename capability
netcdf lib does not have nc_inq_path function
netcdf lib does not have nc_inq_format_extended function
netcdf lib does not have nc_open_mem function
netcdf lib does not have cdf-5 format capability
running build
running build_py
creating build
creating build/lib.linux-x86_64-3.5
creating build/lib.linux-x86_64-3.5/netcdftime
copying netcdftime/__init__.py -> build/lib.linux-x86_64-3.5/netcdftime
creating build/lib.linux-x86_64-3.5/netCDF4
copying netCDF4/__init__.py -> build/lib.linux-x86_64-3.5/netCDF4
copying netCDF4/utils.py -> build/lib.linux-x86_64-3.5/netCDF4
running build_ext
cythoning netCDF4/_netCDF4.pyx to netCDF4/_netCDF4.c
cythoning netcdftime/_netcdftime.pyx to netcdftime/_netcdftime.c
building 'netCDF4._netCDF4' extension
creating build/temp.linux-x86_64-3.5
creating build/temp.linux-x86_64-3.5/netCDF4
gcc -pthread -Wno-unused-result -Wsign-compare -DNDEBUG -g -fwrapv -O3 -Wall -Wstrict-prototypes -g -fstack-protector --param=ssp-buffer-size=4 -Wformat -Werror=format-security -fPIC -I/usr/include -I/usr/include -I/home/travis/virtualenv/python3.5.6/lib/python3.5/site-packages/numpy/core/include -Iinclude -I/opt/python/3.5.6/include/python3.5m -c netCDF4/_netCDF4.c -o build/temp.linux-x86_64-3.5/netCDF4/_netCDF4.o
In file included from /home/travis/virtualenv/python3.5.6/lib/python3.5/site-packages/numpy/core/include/numpy/ndarraytypes.h:1821:0,
                 from /home/travis/virtualenv/python3.5.6/lib/python3.5/site-packages/numpy/core/include/numpy/ndarrayobject.h:18,
                 from /home/travis/virtualenv/python3.5.6/lib/python3.5/site-packages/numpy/core/include/numpy/arrayobject.h:4,
                 from netCDF4/_netCDF4.c:613:
/home/travis/virtualenv/python3.5.6/lib/python3.5/site-packages/numpy/core/include/numpy/npy_1_7_deprecated_api.h:15:2: warning: #warning "Using deprecated NumPy API, disable it by " "#defining NPY_NO_DEPRECATED_API NPY_1_7_API_VERSION" [-Wcpp]
netCDF4/_netCDF4.c: In function â€˜__pyx_f_7netCDF4_8_netCDF4__set_attâ€™:
netCDF4/_netCDF4.c:7371:9: warning: passing argument 5 of â€˜nc_put_att_stringâ€™ from incompatible pointer type [enabled by default]
/usr/include/netcdf.h:956:1: note: expected â€˜const char **â€™ but argument is of type â€˜char **â€™
netCDF4/_netCDF4.c:7760:13: warning: passing argument 5 of â€˜nc_put_att_stringâ€™ from incompatible pointer type [enabled by default]
/usr/include/netcdf.h:956:1: note: expected â€˜const char **â€™ but argument is of type â€˜char **â€™
netCDF4/_netCDF4.c: In function â€˜__pyx_f_7netCDF4_8_netCDF4__read_compoundâ€™:
netCDF4/_netCDF4.c:55549:35: warning: comparison between signed and unsigned integer expressions [-Wsign-compare]
netCDF4/_netCDF4.c: In function â€˜__pyx_f_7netCDF4_8_netCDF4__read_enumâ€™:
netCDF4/_netCDF4.c:59578:39: warning: comparison between signed and unsigned integer expressions [-Wsign-compare]
netCDF4/_netCDF4.c: In function â€˜__pyx_pymod_exec__netCDF4â€™:
netCDF4/_netCDF4.c:80899:3: warning: return makes integer from pointer without a cast [enabled by default]
netCDF4/_netCDF4.c: In function â€˜__pyx_pw_7netCDF4_8_netCDF4_8Variable_1__init__â€™:
netCDF4/_netCDF4.c:29137:20: warning: â€˜__pyx_v_dimidsâ€™ may be used uninitialized in this function [-Wuninitialized]
netCDF4/_netCDF4.c:27762:8: note: â€˜__pyx_v_dimidsâ€™ was declared here
netCDF4/_netCDF4.c: In function â€˜__pyx_f_7netCDF4_8_netCDF4__get_typesâ€™:
netCDF4/_netCDF4.c:8464:21: warning: â€˜__pyx_v_typeidsâ€™ may be used uninitialized in this function [-Wuninitialized]
gcc -pthread -shared -L/opt/python/3.5.6/lib -Wl,-rpath=/opt/python/3.5.6/lib build/temp.linux-x86_64-3.5/netCDF4/_netCDF4.o -L/usr/lib -L/usr/lib -L/opt/python/3.5.6/lib -Wl,--enable-new-dtags,-R/usr/lib -Wl,--enable-new-dtags,-R/usr/lib -lnetcdf -lhdf5_hl -lhdf5 -lpython3.5m -o build/lib.linux-x86_64-3.5/netCDF4/_netCDF4.cpython-35m-x86_64-linux-gnu.so
building 'netcdftime._netcdftime' extension
creating build/temp.linux-x86_64-3.5/netcdftime
gcc -pthread -Wno-unused-result -Wsign-compare -DNDEBUG -g -fwrapv -O3 -Wall -Wstrict-prototypes -g -fstack-protector --param=ssp-buffer-size=4 -Wformat -Werror=format-security -fPIC -I/opt/python/3.5.6/include/python3.5m -c netcdftime/_netcdftime.c -o build/temp.linux-x86_64-3.5/netcdftime/_netcdftime.o
gcc -pthread -shared -L/opt/python/3.5.6/lib -Wl,-rpath=/opt/python/3.5.6/lib build/temp.linux-x86_64-3.5/netcdftime/_netcdftime.o -L/opt/python/3.5.6/lib -lpython3.5m -o build/lib.linux-x86_64-3.5/netcdftime/_netcdftime.cpython-35m-x86_64-linux-gnu.so
/home/travis/virtualenv/python3.5.6/lib/python3.5/site-packages/Cython/Compiler/Main.py:369: FutureWarning: Cython directive 'language_level' not set, using 2 for now (Py2). This will change in a later release! File: /home/travis/build/failed/Unidata/netcdf4-python/netCDF4/_netCDF4.pyx
  tree = Parsing.p_module(s, pxd, full_module_name)
/home/travis/virtualenv/python3.5.6/lib/python3.5/site-packages/Cython/Compiler/Main.py:369: FutureWarning: Cython directive 'language_level' not set, using 2 for now (Py2). This will change in a later release! File: /home/travis/build/failed/Unidata/netcdf4-python/netcdftime/_netcdftime.pyx
  tree = Parsing.p_module(s, pxd, full_module_name)
travis_time:end:149a9f36:start=1616803299894208520,finish=1616803355016136761,duration=55121928241,event=install[0Ktravis_fold:end:install.1[0Ktravis_fold:start:install.2[0Ktravis_time:start:2baadf2c[0K$ python setup.py install
Package hdf5 was not found in the pkg-config search path.
Perhaps you should add the directory containing `hdf5.pc'
to the PKG_CONFIG_PATH environment variable
No package 'hdf5' found
reading from setup.cfg...
using nc-config ...

    HDF5_DIR environment variable not set, checking some standard locations ..
checking /home/travis ...
checking /usr/local ...
checking /sw ...
checking /opt ...
checking /opt/local ...
checking /usr ...
HDF5 library version: 1.8.4-patch1 found in /usr
using netcdf library version b'4.1.1'
using Cython to compile netCDF4.pyx...
netcdf lib does not have group rename capability
netcdf lib does not have nc_inq_path function
netcdf lib does not have nc_inq_format_extended function
netcdf lib does not have nc_open_mem function
netcdf lib does not have cdf-5 format capability
running install
running bdist_egg
running egg_info
creating netCDF4.egg-info
writing top-level names to netCDF4.egg-info/top_level.txt
writing netCDF4.egg-info/PKG-INFO
writing entry points to netCDF4.egg-info/entry_points.txt
writing requirements to netCDF4.egg-info/requires.txt
writing dependency_links to netCDF4.egg-info/dependency_links.txt
writing manifest file 'netCDF4.egg-info/SOURCES.txt'
reading manifest file 'netCDF4.egg-info/SOURCES.txt'
reading manifest template 'MANIFEST.in'
warning: no files found matching 'setup.cfg.template'
writing manifest file 'netCDF4.egg-info/SOURCES.txt'
installing library code to build/bdist.linux-x86_64/egg
running install_lib
running build_py
running build_ext
cythoning netCDF4/_netCDF4.pyx to netCDF4/_netCDF4.c
skipping 'netcdftime/_netcdftime.c' Cython extension (up-to-date)
building 'netCDF4._netCDF4' extension
gcc -pthread -Wno-unused-result -Wsign-compare -DNDEBUG -g -fwrapv -O3 -Wall -Wstrict-prototypes -g -fstack-protector --param=ssp-buffer-size=4 -Wformat -Werror=format-security -fPIC -I/usr/include -I/usr/include -I/home/travis/virtualenv/python3.5.6/lib/python3.5/site-packages/numpy/core/include -Iinclude -I/opt/python/3.5.6/include/python3.5m -c netCDF4/_netCDF4.c -o build/temp.linux-x86_64-3.5/netCDF4/_netCDF4.o
In file included from /home/travis/virtualenv/python3.5.6/lib/python3.5/site-packages/numpy/core/include/numpy/ndarraytypes.h:1821:0,
                 from /home/travis/virtualenv/python3.5.6/lib/python3.5/site-packages/numpy/core/include/numpy/ndarrayobject.h:18,
                 from /home/travis/virtualenv/python3.5.6/lib/python3.5/site-packages/numpy/core/include/numpy/arrayobject.h:4,
                 from netCDF4/_netCDF4.c:613:
/home/travis/virtualenv/python3.5.6/lib/python3.5/site-packages/numpy/core/include/numpy/npy_1_7_deprecated_api.h:15:2: warning: #warning "Using deprecated NumPy API, disable it by " "#defining NPY_NO_DEPRECATED_API NPY_1_7_API_VERSION" [-Wcpp]
netCDF4/_netCDF4.c: In function â€˜__pyx_f_7netCDF4_8_netCDF4__set_attâ€™:
netCDF4/_netCDF4.c:7371:9: warning: passing argument 5 of â€˜nc_put_att_stringâ€™ from incompatible pointer type [enabled by default]
/usr/include/netcdf.h:956:1: note: expected â€˜const char **â€™ but argument is of type â€˜char **â€™
netCDF4/_netCDF4.c:7760:13: warning: passing argument 5 of â€˜nc_put_att_stringâ€™ from incompatible pointer type [enabled by default]
/usr/include/netcdf.h:956:1: note: expected â€˜const char **â€™ but argument is of type â€˜char **â€™
netCDF4/_netCDF4.c: In function â€˜__pyx_f_7netCDF4_8_netCDF4__read_compoundâ€™:
netCDF4/_netCDF4.c:55549:35: warning: comparison between signed and unsigned integer expressions [-Wsign-compare]
netCDF4/_netCDF4.c: In function â€˜__pyx_f_7netCDF4_8_netCDF4__read_enumâ€™:
netCDF4/_netCDF4.c:59578:39: warning: comparison between signed and unsigned integer expressions [-Wsign-compare]
netCDF4/_netCDF4.c: In function â€˜__pyx_pymod_exec__netCDF4â€™:
netCDF4/_netCDF4.c:80899:3: warning: return makes integer from pointer without a cast [enabled by default]
netCDF4/_netCDF4.c: In function â€˜__pyx_pw_7netCDF4_8_netCDF4_8Variable_1__init__â€™:
netCDF4/_netCDF4.c:29137:20: warning: â€˜__pyx_v_dimidsâ€™ may be used uninitialized in this function [-Wuninitialized]
netCDF4/_netCDF4.c:27762:8: note: â€˜__pyx_v_dimidsâ€™ was declared here
netCDF4/_netCDF4.c: In function â€˜__pyx_f_7netCDF4_8_netCDF4__get_typesâ€™:
netCDF4/_netCDF4.c:8464:21: warning: â€˜__pyx_v_typeidsâ€™ may be used uninitialized in this function [-Wuninitialized]
gcc -pthread -shared -L/opt/python/3.5.6/lib -Wl,-rpath=/opt/python/3.5.6/lib build/temp.linux-x86_64-3.5/netCDF4/_netCDF4.o -L/usr/lib -L/usr/lib -L/opt/python/3.5.6/lib -Wl,--enable-new-dtags,-R/usr/lib -Wl,--enable-new-dtags,-R/usr/lib -lnetcdf -lhdf5_hl -lhdf5 -lpython3.5m -o build/lib.linux-x86_64-3.5/netCDF4/_netCDF4.cpython-35m-x86_64-linux-gnu.so
creating build/bdist.linux-x86_64
creating build/bdist.linux-x86_64/egg
creating build/bdist.linux-x86_64/egg/netcdftime
copying build/lib.linux-x86_64-3.5/netcdftime/__init__.py -> build/bdist.linux-x86_64/egg/netcdftime
copying build/lib.linux-x86_64-3.5/netcdftime/_netcdftime.cpython-35m-x86_64-linux-gnu.so -> build/bdist.linux-x86_64/egg/netcdftime
creating build/bdist.linux-x86_64/egg/netCDF4
copying build/lib.linux-x86_64-3.5/netCDF4/__init__.py -> build/bdist.linux-x86_64/egg/netCDF4
copying build/lib.linux-x86_64-3.5/netCDF4/utils.py -> build/bdist.linux-x86_64/egg/netCDF4
copying build/lib.linux-x86_64-3.5/netCDF4/_netCDF4.cpython-35m-x86_64-linux-gnu.so -> build/bdist.linux-x86_64/egg/netCDF4
byte-compiling build/bdist.linux-x86_64/egg/netcdftime/__init__.py to __init__.cpython-35.pyc
byte-compiling build/bdist.linux-x86_64/egg/netCDF4/__init__.py to __init__.cpython-35.pyc
byte-compiling build/bdist.linux-x86_64/egg/netCDF4/utils.py to utils.cpython-35.pyc
creating stub loader for netCDF4/_netCDF4.cpython-35m-x86_64-linux-gnu.so
creating stub loader for netcdftime/_netcdftime.cpython-35m-x86_64-linux-gnu.so
byte-compiling build/bdist.linux-x86_64/egg/netCDF4/_netCDF4.py to _netCDF4.cpython-35.pyc
byte-compiling build/bdist.linux-x86_64/egg/netcdftime/_netcdftime.py to _netcdftime.cpython-35.pyc
creating build/bdist.linux-x86_64/egg/EGG-INFO
copying netCDF4.egg-info/PKG-INFO -> build/bdist.linux-x86_64/egg/EGG-INFO
copying netCDF4.egg-info/SOURCES.txt -> build/bdist.linux-x86_64/egg/EGG-INFO
copying netCDF4.egg-info/dependency_links.txt -> build/bdist.linux-x86_64/egg/EGG-INFO
copying netCDF4.egg-info/entry_points.txt -> build/bdist.linux-x86_64/egg/EGG-INFO
copying netCDF4.egg-info/requires.txt -> build/bdist.linux-x86_64/egg/EGG-INFO
copying netCDF4.egg-info/top_level.txt -> build/bdist.linux-x86_64/egg/EGG-INFO
writing build/bdist.linux-x86_64/egg/EGG-INFO/native_libs.txt
/home/travis/virtualenv/python3.5.6/lib/python3.5/site-packages/Cython/Compiler/Main.py:369: FutureWarning: Cython directive 'language_level' not set, using 2 for now (Py2). This will change in a later release! File: /home/travis/build/failed/Unidata/netcdf4-python/netCDF4/_netCDF4.pyx
  tree = Parsing.p_module(s, pxd, full_module_name)
zip_safe flag not set; analyzing archive contents...
netcdftime.__pycache__._netcdftime.cpython-35: module references __file__
netCDF4.__pycache__._netCDF4.cpython-35: module references __file__
creating dist
creating 'dist/netCDF4-1.3.0-py3.5-linux-x86_64.egg' and adding 'build/bdist.linux-x86_64/egg' to it
removing 'build/bdist.linux-x86_64/egg' (and everything under it)
Processing netCDF4-1.3.0-py3.5-linux-x86_64.egg
creating /home/travis/virtualenv/python3.5.6/lib/python3.5/site-packages/netCDF4-1.3.0-py3.5-linux-x86_64.egg
Extracting netCDF4-1.3.0-py3.5-linux-x86_64.egg to /home/travis/virtualenv/python3.5.6/lib/python3.5/site-packages
Adding netCDF4 1.3.0 to easy-install.pth file
Installing ncinfo script to /home/travis/virtualenv/python3.5.6/bin
Installing nc4tonc3 script to /home/travis/virtualenv/python3.5.6/bin
Installing nc3tonc4 script to /home/travis/virtualenv/python3.5.6/bin

Installed /home/travis/virtualenv/python3.5.6/lib/python3.5/site-packages/netCDF4-1.3.0-py3.5-linux-x86_64.egg
Processing dependencies for netCDF4==1.3.0
Searching for numpy==1.15.0
Best match: numpy 1.15.0
Adding numpy 1.15.0 to easy-install.pth file
Installing conv-template script to /home/travis/virtualenv/python3.5.6/bin
Installing from-template script to /home/travis/virtualenv/python3.5.6/bin
Installing f2py script to /home/travis/virtualenv/python3.5.6/bin

Using /home/travis/virtualenv/python3.5.6/lib/python3.5/site-packages
Finished processing dependencies for netCDF4==1.3.0
travis_time:end:2baadf2c:start=1616803355024268194,finish=1616803395062216673,duration=40037948479,event=install[0Ktravis_fold:end:install.2[0Ktravis_time:start:0db783a8[0K$ cd test
travis_time:end:0db783a8:start=1616803395069891680,finish=1616803395074720723,duration=4829043,event=script[0K[32;1mThe command "cd test" exited with 0.[0m
travis_time:start:050eb618[0K$ python run_all.py
................................................F........................................s
======================================================================
FAIL: runTest (tst_netcdftime.netcdftimeTestCase)
testing netcdftime
----------------------------------------------------------------------
Traceback (most recent call last):
  File "/home/travis/build/failed/Unidata/netcdf4-python/test/tst_netcdftime.py", line 231, in runTest
    d) - self.cdftime_mixed.date2num(d) == 6)
AssertionError

----------------------------------------------------------------------
Ran 90 tests in 5.984s

FAILED (failures=1, skipped=1)
not running tst_unicode.py ...
not running tst_diskless.py ...
not running tst_filepath.py ...
not running tst_cdf5.py ...
not running tst_dap.py ...

netcdf4-python version: 1.3.0
HDF5 lib version:       1.8.4
netcdf lib version:     4.1.1
numpy version           1.15.0
travis_time:end:050eb618:start=1616803395081804786,finish=1616803401690883122,duration=6609078336,event=script[0K[31;1mThe command "python run_all.py" exited with 1.[0m


Done. Your build exited with 1.
