travis_fold:start:system_info[0K[33;1mBuild system information[0m
Build language: java
Build group: stable
Build dist: precise
Build id: ''
Job id: ''
[34m[1mBuild image provisioning date and time[0m
Thu Feb  5 15:09:33 UTC 2015
[34m[1mOperating System Details[0m
Distributor ID:	Ubuntu
Description:	Ubuntu 12.04.5 LTS
Release:	12.04
Codename:	precise
[34m[1mLinux Version[0m
3.13.0-29-generic
[34m[1mCookbooks Version[0m
a68419e https://github.com/travis-ci/travis-cookbooks/tree/a68419e
[34m[1mGCC version[0m
gcc (Ubuntu/Linaro 4.6.3-1ubuntu5) 4.6.3
Copyright (C) 2011 Free Software Foundation, Inc.
This is free software; see the source for copying conditions.  There is NO
warranty; not even for MERCHANTABILITY or FITNESS FOR A PARTICULAR PURPOSE.

[34m[1mLLVM version[0m
clang version 3.4 (tags/RELEASE_34/final)
Target: x86_64-unknown-linux-gnu
Thread model: posix
[34m[1mPre-installed Ruby versions[0m
ruby-1.9.3-p551
[34m[1mPre-installed Node.js versions[0m
v0.10.36
[34m[1mPre-installed Go versions[0m
1.4.1
[34m[1mRedis version[0m
redis-server 2.8.19
[34m[1mriak version[0m
2.0.2
[34m[1mMongoDB version[0m
MongoDB 2.4.12
[34m[1mCouchDB version[0m
couchdb 1.6.1
[34m[1mNeo4j version[0m
1.9.4
[34m[1mRabbitMQ Version[0m
3.4.3
[34m[1mElasticSearch version[0m
1.4.0
[34m[1mInstalled Sphinx versions[0m
2.0.10
2.1.9
2.2.6
[34m[1mDefault Sphinx version[0m
2.2.6
[34m[1mInstalled Firefox version[0m
firefox 31.0esr
[34m[1mPhantomJS version[0m
1.9.8
[34m[1mant -version[0m
Apache Ant(TM) version 1.8.2 compiled on December 3 2011
[34m[1mmvn -version[0m
Apache Maven 3.2.5 (12a6b3acb947671f09b81f49094c53f426d8cea1; 2014-12-14T17:29:23+00:00)
Maven home: /usr/local/maven
Java version: 1.7.0_76, vendor: Oracle Corporation
Java home: /usr/lib/jvm/java-7-oracle/jre
Default locale: en_US, platform encoding: ANSI_X3.4-1968
OS name: "linux", version: "3.13.0-29-generic", arch: "amd64", family: "unix"
travis_fold:end:system_info[0K
W: Failed to fetch http://security.ubuntu.com/ubuntu/dists/precise-security/main/source/Sources  404  Not Found [IP: 91.189.91.39 80]

W: Failed to fetch http://security.ubuntu.com/ubuntu/dists/precise-security/restricted/source/Sources  404  Not Found [IP: 91.189.91.39 80]

W: Failed to fetch http://security.ubuntu.com/ubuntu/dists/precise-security/universe/source/Sources  404  Not Found [IP: 91.189.91.39 80]

W: Failed to fetch http://security.ubuntu.com/ubuntu/dists/precise-security/multiverse/source/Sources  404  Not Found [IP: 91.189.91.39 80]

W: Failed to fetch http://security.ubuntu.com/ubuntu/dists/precise-security/main/binary-amd64/Packages  404  Not Found [IP: 91.189.91.39 80]

W: Failed to fetch http://security.ubuntu.com/ubuntu/dists/precise-security/restricted/binary-amd64/Packages  404  Not Found [IP: 91.189.91.39 80]

W: Failed to fetch http://security.ubuntu.com/ubuntu/dists/precise-security/universe/binary-amd64/Packages  404  Not Found [IP: 91.189.91.39 80]

W: Failed to fetch http://security.ubuntu.com/ubuntu/dists/precise-security/multiverse/binary-amd64/Packages  404  Not Found [IP: 91.189.91.39 80]

W: Failed to fetch http://security.ubuntu.com/ubuntu/dists/precise-security/main/binary-i386/Packages  404  Not Found [IP: 91.189.91.39 80]

W: Failed to fetch http://security.ubuntu.com/ubuntu/dists/precise-security/restricted/binary-i386/Packages  404  Not Found [IP: 91.189.91.39 80]

W: Failed to fetch http://security.ubuntu.com/ubuntu/dists/precise-security/universe/binary-i386/Packages  404  Not Found [IP: 91.189.91.39 80]

W: Failed to fetch http://security.ubuntu.com/ubuntu/dists/precise-security/multiverse/binary-i386/Packages  404  Not Found [IP: 91.189.91.39 80]

W: Failed to fetch http://us.archive.ubuntu.com/ubuntu/dists/precise/main/source/Sources  404  Not Found [IP: 91.189.91.39 80]

W: Failed to fetch http://us.archive.ubuntu.com/ubuntu/dists/precise/restricted/source/Sources  404  Not Found [IP: 91.189.91.39 80]

W: Failed to fetch http://us.archive.ubuntu.com/ubuntu/dists/precise/universe/source/Sources  404  Not Found [IP: 91.189.91.39 80]

W: Failed to fetch http://us.archive.ubuntu.com/ubuntu/dists/precise/multiverse/source/Sources  404  Not Found [IP: 91.189.91.39 80]

W: Failed to fetch http://us.archive.ubuntu.com/ubuntu/dists/precise/main/binary-amd64/Packages  404  Not Found [IP: 91.189.91.39 80]

W: Failed to fetch http://us.archive.ubuntu.com/ubuntu/dists/precise/restricted/binary-amd64/Packages  404  Not Found [IP: 91.189.91.39 80]

W: Failed to fetch http://us.archive.ubuntu.com/ubuntu/dists/precise/universe/binary-amd64/Packages  404  Not Found [IP: 91.189.91.39 80]

W: Failed to fetch http://us.archive.ubuntu.com/ubuntu/dists/precise/multiverse/binary-amd64/Packages  404  Not Found [IP: 91.189.91.39 80]

W: Failed to fetch http://us.archive.ubuntu.com/ubuntu/dists/precise/main/binary-i386/Packages  404  Not Found [IP: 91.189.91.39 80]

W: Failed to fetch http://us.archive.ubuntu.com/ubuntu/dists/precise/restricted/binary-i386/Packages  404  Not Found [IP: 91.189.91.39 80]

W: Failed to fetch http://us.archive.ubuntu.com/ubuntu/dists/precise/universe/binary-i386/Packages  404  Not Found [IP: 91.189.91.39 80]

W: Failed to fetch http://us.archive.ubuntu.com/ubuntu/dists/precise/multiverse/binary-i386/Packages  404  Not Found [IP: 91.189.91.39 80]

W: Failed to fetch http://us.archive.ubuntu.com/ubuntu/dists/precise-updates/main/source/Sources  404  Not Found [IP: 91.189.91.39 80]

W: Failed to fetch http://us.archive.ubuntu.com/ubuntu/dists/precise-updates/restricted/source/Sources  404  Not Found [IP: 91.189.91.39 80]

W: Failed to fetch http://us.archive.ubuntu.com/ubuntu/dists/precise-updates/universe/source/Sources  404  Not Found [IP: 91.189.91.39 80]

W: Failed to fetch http://us.archive.ubuntu.com/ubuntu/dists/precise-updates/multiverse/source/Sources  404  Not Found [IP: 91.189.91.39 80]

W: Failed to fetch http://us.archive.ubuntu.com/ubuntu/dists/precise-updates/main/binary-amd64/Packages  404  Not Found [IP: 91.189.91.39 80]

W: Failed to fetch http://us.archive.ubuntu.com/ubuntu/dists/precise-updates/restricted/binary-amd64/Packages  404  Not Found [IP: 91.189.91.39 80]

W: Failed to fetch http://us.archive.ubuntu.com/ubuntu/dists/precise-updates/universe/binary-amd64/Packages  404  Not Found [IP: 91.189.91.39 80]

W: Failed to fetch http://us.archive.ubuntu.com/ubuntu/dists/precise-updates/multiverse/binary-amd64/Packages  404  Not Found [IP: 91.189.91.39 80]

W: Failed to fetch http://us.archive.ubuntu.com/ubuntu/dists/precise-updates/main/binary-i386/Packages  404  Not Found [IP: 91.189.91.39 80]

W: Failed to fetch http://us.archive.ubuntu.com/ubuntu/dists/precise-updates/restricted/binary-i386/Packages  404  Not Found [IP: 91.189.91.39 80]

W: Failed to fetch http://us.archive.ubuntu.com/ubuntu/dists/precise-updates/universe/binary-i386/Packages  404  Not Found [IP: 91.189.91.39 80]

W: Failed to fetch http://us.archive.ubuntu.com/ubuntu/dists/precise-updates/multiverse/binary-i386/Packages  404  Not Found [IP: 91.189.91.39 80]

W: Failed to fetch http://us.archive.ubuntu.com/ubuntu/dists/precise-backports/main/source/Sources  404  Not Found [IP: 91.189.91.39 80]

W: Failed to fetch http://us.archive.ubuntu.com/ubuntu/dists/precise-backports/restricted/source/Sources  404  Not Found [IP: 91.189.91.39 80]

W: Failed to fetch http://us.archive.ubuntu.com/ubuntu/dists/precise-backports/universe/source/Sources  404  Not Found [IP: 91.189.91.39 80]

W: Failed to fetch http://us.archive.ubuntu.com/ubuntu/dists/precise-backports/multiverse/source/Sources  404  Not Found [IP: 91.189.91.39 80]

W: Failed to fetch http://us.archive.ubuntu.com/ubuntu/dists/precise-backports/main/binary-amd64/Packages  404  Not Found [IP: 91.189.91.39 80]

W: Failed to fetch http://us.archive.ubuntu.com/ubuntu/dists/precise-backports/restricted/binary-amd64/Packages  404  Not Found [IP: 91.189.91.39 80]

W: Failed to fetch http://us.archive.ubuntu.com/ubuntu/dists/precise-backports/universe/binary-amd64/Packages  404  Not Found [IP: 91.189.91.39 80]

W: Failed to fetch http://us.archive.ubuntu.com/ubuntu/dists/precise-backports/multiverse/binary-amd64/Packages  404  Not Found [IP: 91.189.91.39 80]

W: Failed to fetch http://us.archive.ubuntu.com/ubuntu/dists/precise-backports/main/binary-i386/Packages  404  Not Found [IP: 91.189.91.39 80]

W: Failed to fetch http://us.archive.ubuntu.com/ubuntu/dists/precise-backports/restricted/binary-i386/Packages  404  Not Found [IP: 91.189.91.39 80]

W: Failed to fetch http://us.archive.ubuntu.com/ubuntu/dists/precise-backports/universe/binary-i386/Packages  404  Not Found [IP: 91.189.91.39 80]

W: Failed to fetch http://us.archive.ubuntu.com/ubuntu/dists/precise-backports/multiverse/binary-i386/Packages  404  Not Found [IP: 91.189.91.39 80]

W: Failed to fetch http://apt.postgresql.org/pub/repos/apt/dists/precise-pgdg/main/binary-amd64/Packages  404  Not Found [IP: 87.238.57.227 80]

W: Failed to fetch http://apt.postgresql.org/pub/repos/apt/dists/precise-pgdg/main/binary-i386/Packages  404  Not Found [IP: 87.238.57.227 80]

W: Failed to fetch http://ppa.launchpad.net/rwky/ppa/ubuntu/dists/precise/main/binary-amd64/Packages  403  Forbidden

W: Failed to fetch http://ppa.launchpad.net/rwky/ppa/ubuntu/dists/precise/main/binary-i386/Packages  403  Forbidden

W: Failed to fetch http://ppa.launchpad.net/travis-ci/zero-mq/ubuntu/dists/precise/main/binary-amd64/Packages  403  Forbidden

W: Failed to fetch http://ppa.launchpad.net/travis-ci/zero-mq/ubuntu/dists/precise/main/binary-i386/Packages  403  Forbidden

W: Failed to fetch http://downloads-distro.mongodb.org/repo/debian-sysvinit/dists/dist/10gen/binary-amd64/Packages  Undetermined Error [IP: 54.175.147.155 80]

W: Failed to fetch http://downloads-distro.mongodb.org/repo/debian-sysvinit/dists/dist/10gen/binary-i386/Packages  Undetermined Error [IP: 54.175.147.155 80]

E: Some index files failed to download. They have been ignored, or old ones used instead.
sed: cannot rename /etc/hosts: Device or resource busy
sed: cannot rename /etc/hosts: Device or resource busy
$ jdk_switcher use oraclejdk8
Switching to Oracle JDK8 (java-8-oracle), JAVA_HOME will be set to /usr/lib/jvm/java-8-oracle
$ cd failed/Azure/azure-sdk-for-java
$ java -Xmx32m -version
java version "1.8.0_31"
Java(TM) SE Runtime Environment (build 1.8.0_31-b13)
Java HotSpot(TM) 64-Bit Server VM (build 25.31-b07, mixed mode)
$ javac -J-Xmx32m -version
javac 1.8.0_31
travis_fold:start:install[0Ktravis_time:start:03911a87[0K$ mvn -o install -Dhttps.protocols=TLSv1.2 -DskipTests=true -Dmaven.javadoc.skip=true -B -V
Java HotSpot(TM) 64-Bit Server VM warning: ignoring option MaxPermSize=192m; support was removed in 8.0
Apache Maven 3.2.5 (12a6b3acb947671f09b81f49094c53f426d8cea1; 2014-12-14T17:29:23+00:00)
Maven home: /usr/local/maven
Java version: 1.8.0_31, vendor: Oracle Corporation
Java home: /usr/lib/jvm/java-8-oracle/jre
Default locale: en_US, platform encoding: UTF-8
OS name: "linux", version: "4.15.0-109-generic", arch: "amd64", family: "unix"
[INFO] Scanning for projects...
[WARNING] 
[WARNING] Some problems were encountered while building the effective model for com.microsoft.rest:client-runtime:jar:1.0.0-SNAPSHOT
[WARNING] 'build.plugins.plugin.version' for org.codehaus.mojo:build-helper-maven-plugin is missing. @ com.microsoft.rest:client-runtime:[unknown-version], /home/travis/build/failed/Azure/azure-sdk-for-java/runtimes/client-runtime/pom.xml, line 100, column 15
[WARNING] 
[WARNING] Some problems were encountered while building the effective model for com.microsoft.azure:azure-client-runtime:jar:1.0.0-SNAPSHOT
[WARNING] 'build.plugins.plugin.version' for org.codehaus.mojo:build-helper-maven-plugin is missing. @ com.microsoft.azure:azure-client-runtime:[unknown-version], /home/travis/build/failed/Azure/azure-sdk-for-java/runtimes/azure-client-runtime/pom.xml, line 76, column 15
[WARNING] The expression ${parent.version} is deprecated. Please use ${project.parent.version} instead.
[WARNING] 
[WARNING] Some problems were encountered while building the effective model for com.microsoft.azure:azure-client-authentication:jar:1.0.0-SNAPSHOT
[WARNING] 'build.plugins.plugin.version' for org.codehaus.mojo:build-helper-maven-plugin is missing. @ com.microsoft.azure:azure-client-authentication:[unknown-version], /home/travis/build/failed/Azure/azure-sdk-for-java/runtimes/azure-client-authentication/pom.xml, line 81, column 15
[WARNING] 
[WARNING] Some problems were encountered while building the effective model for com.microsoft.azure:azure:jar:1.0.0-SNAPSHOT
[WARNING] 'build.plugins.plugin.version' for org.apache.maven.plugins:maven-jar-plugin is missing. @ com.microsoft.azure:azure:[unknown-version], /home/travis/build/failed/Azure/azure-sdk-for-java/azure/pom.xml, line 93, column 15
[WARNING] 'build.plugins.plugin.version' for org.codehaus.mojo:build-helper-maven-plugin is missing. @ com.microsoft.azure:azure:[unknown-version], /home/travis/build/failed/Azure/azure-sdk-for-java/azure/pom.xml, line 120, column 15
[WARNING] 
[WARNING] Some problems were encountered while building the effective model for com.microsoft.azure:azure-batch:jar:1.0.0-SNAPSHOT
[WARNING] 'build.plugins.plugin.version' for org.apache.maven.plugins:maven-jar-plugin is missing. @ com.microsoft.azure:azure-batch:[unknown-version], /home/travis/build/failed/Azure/azure-sdk-for-java/azure-batch/pom.xml, line 73, column 15
[WARNING] 'build.plugins.plugin.version' for org.codehaus.mojo:build-helper-maven-plugin is missing. @ com.microsoft.azure:azure-batch:[unknown-version], /home/travis/build/failed/Azure/azure-sdk-for-java/azure-batch/pom.xml, line 100, column 15
[WARNING] 
[WARNING] Some problems were encountered while building the effective model for com.microsoft.azure:azure-mgmt-compute:jar:1.0.0-SNAPSHOT
[WARNING] 'build.plugins.plugin.version' for org.apache.maven.plugins:maven-jar-plugin is missing. @ com.microsoft.azure:azure-mgmt-compute:[unknown-version], /home/travis/build/failed/Azure/azure-sdk-for-java/azure-mgmt-compute/pom.xml, line 83, column 15
[WARNING] 'build.plugins.plugin.version' for org.codehaus.mojo:build-helper-maven-plugin is missing. @ com.microsoft.azure:azure-mgmt-compute:[unknown-version], /home/travis/build/failed/Azure/azure-sdk-for-java/azure-mgmt-compute/pom.xml, line 104, column 15
[WARNING] 
[WARNING] Some problems were encountered while building the effective model for com.microsoft.azure:azure-mgmt-resources:jar:1.0.0-SNAPSHOT
[WARNING] 'build.plugins.plugin.version' for org.apache.maven.plugins:maven-jar-plugin is missing. @ com.microsoft.azure:azure-mgmt-resources:[unknown-version], /home/travis/build/failed/Azure/azure-sdk-for-java/azure-mgmt-resources/pom.xml, line 68, column 15
[WARNING] 'build.plugins.plugin.version' for org.codehaus.mojo:build-helper-maven-plugin is missing. @ com.microsoft.azure:azure-mgmt-resources:[unknown-version], /home/travis/build/failed/Azure/azure-sdk-for-java/azure-mgmt-resources/pom.xml, line 89, column 15
[WARNING] 
[WARNING] Some problems were encountered while building the effective model for com.microsoft.azure:azure-mgmt-storage:jar:1.0.0-SNAPSHOT
[WARNING] 'build.plugins.plugin.version' for org.apache.maven.plugins:maven-jar-plugin is missing. @ com.microsoft.azure:azure-mgmt-storage:[unknown-version], /home/travis/build/failed/Azure/azure-sdk-for-java/azure-mgmt-storage/pom.xml, line 73, column 15
[WARNING] 'build.plugins.plugin.version' for org.codehaus.mojo:build-helper-maven-plugin is missing. @ com.microsoft.azure:azure-mgmt-storage:[unknown-version], /home/travis/build/failed/Azure/azure-sdk-for-java/azure-mgmt-storage/pom.xml, line 85, column 15
[WARNING] 
[WARNING] Some problems were encountered while building the effective model for com.microsoft.azure:azure-mgmt-network:jar:1.0.0-SNAPSHOT
[WARNING] 'build.plugins.plugin.version' for org.apache.maven.plugins:maven-jar-plugin is missing. @ com.microsoft.azure:azure-mgmt-network:[unknown-version], /home/travis/build/failed/Azure/azure-sdk-for-java/azure-mgmt-network/pom.xml, line 67, column 15
[WARNING] 'build.plugins.plugin.version' for org.codehaus.mojo:build-helper-maven-plugin is missing. @ com.microsoft.azure:azure-mgmt-network:[unknown-version], /home/travis/build/failed/Azure/azure-sdk-for-java/azure-mgmt-network/pom.xml, line 94, column 15
[WARNING] 
[WARNING] Some problems were encountered while building the effective model for com.microsoft.azure:azure-mgmt-website:jar:1.0.0-SNAPSHOT
[WARNING] 'build.plugins.plugin.version' for org.apache.maven.plugins:maven-jar-plugin is missing. @ com.microsoft.azure:azure-mgmt-website:[unknown-version], /home/travis/build/failed/Azure/azure-sdk-for-java/azure-mgmt-website/pom.xml, line 68, column 15
[WARNING] 'build.plugins.plugin.version' for org.codehaus.mojo:build-helper-maven-plugin is missing. @ com.microsoft.azure:azure-mgmt-website:[unknown-version], /home/travis/build/failed/Azure/azure-sdk-for-java/azure-mgmt-website/pom.xml, line 89, column 15
[WARNING] 
[WARNING] Some problems were encountered while building the effective model for com.microsoft.azure:azure-mgmt-datalake-analytics:jar:1.0.0-SNAPSHOT
[WARNING] 'build.plugins.plugin.version' for org.apache.maven.plugins:maven-jar-plugin is missing. @ com.microsoft.azure:azure-mgmt-datalake-analytics:[unknown-version], /home/travis/build/failed/Azure/azure-sdk-for-java/azure-mgmt-datalake-analytics/pom.xml, line 86, column 15
[WARNING] 'build.plugins.plugin.version' for org.codehaus.mojo:build-helper-maven-plugin is missing. @ com.microsoft.azure:azure-mgmt-datalake-analytics:[unknown-version], /home/travis/build/failed/Azure/azure-sdk-for-java/azure-mgmt-datalake-analytics/pom.xml, line 113, column 15
[WARNING] 
[WARNING] Some problems were encountered while building the effective model for com.microsoft.azure:azure-mgmt-datalake-store:jar:1.0.0-SNAPSHOT
[WARNING] 'build.plugins.plugin.version' for org.apache.maven.plugins:maven-jar-plugin is missing. @ com.microsoft.azure:azure-mgmt-datalake-store:[unknown-version], /home/travis/build/failed/Azure/azure-sdk-for-java/azure-mgmt-datalake-store/pom.xml, line 74, column 15
[WARNING] 'build.plugins.plugin.version' for org.codehaus.mojo:build-helper-maven-plugin is missing. @ com.microsoft.azure:azure-mgmt-datalake-store:[unknown-version], /home/travis/build/failed/Azure/azure-sdk-for-java/azure-mgmt-datalake-store/pom.xml, line 101, column 15
[WARNING] 
[WARNING] Some problems were encountered while building the effective model for com.microsoft.azure:azure-mgmt-datalake-store-uploader:jar:1.0.0-SNAPSHOT
[WARNING] 'build.plugins.plugin.version' for org.apache.maven.plugins:maven-jar-plugin is missing. @ com.microsoft.azure:azure-mgmt-datalake-store-uploader:[unknown-version], /home/travis/build/failed/Azure/azure-sdk-for-java/azure-mgmt-datalake-store-uploader/pom.xml, line 85, column 15
[WARNING] 'build.plugins.plugin.version' for org.codehaus.mojo:build-helper-maven-plugin is missing. @ com.microsoft.azure:azure-mgmt-datalake-store-uploader:[unknown-version], /home/travis/build/failed/Azure/azure-sdk-for-java/azure-mgmt-datalake-store-uploader/pom.xml, line 112, column 15
[WARNING] 
[WARNING] It is highly recommended to fix these problems because they threaten the stability of your build.
[WARNING] 
[WARNING] For this reason, future Maven versions might no longer support building such malformed projects.
[WARNING] 
[INFO] ------------------------------------------------------------------------
[INFO] Reactor Build Order:
[INFO] 
[INFO] AutoRest Client Runtimes for Java
[INFO] Build tools for AutoRest client runtime for Java
[INFO] Java Client Runtime for AutoRest
[INFO] Azure Java Client Runtime for AutoRest
[INFO] Azure Java Client Authentication Library for AutoRest
[INFO] Microsoft Azure SDK Parent
[INFO] Microsoft Azure SDK for Resource Management
[INFO] Microsoft Azure SDK for Storage Management
[INFO] Microsoft Azure SDK for Network Management
[INFO] Microsoft Azure SDK for Compute Management
[INFO] Microsoft Azure SDK
[INFO] Microsoft Azure SDK for Batch Service
[INFO] Microsoft Azure SDK for Website Management
[INFO] Microsoft Azure SDK for Data Lake Store Management
[INFO] Microsoft Azure SDK for Data Lake Analytics Management
[INFO] Microsoft Azure SDK for Data Lake Store Data Uploading
[INFO]                                                                         
[INFO] ------------------------------------------------------------------------
[INFO] Building AutoRest Client Runtimes for Java 1.0.0-SNAPSHOT
[INFO] ------------------------------------------------------------------------
[INFO] 
[INFO] --- maven-install-plugin:2.4:install (default-install) @ autorest-clientruntime-for-java ---
[INFO] Installing /home/travis/build/failed/Azure/azure-sdk-for-java/runtimes/pom.xml to /home/travis/.m2/repository/com/microsoft/azure/autorest-clientruntime-for-java/1.0.0-SNAPSHOT/autorest-clientruntime-for-java-1.0.0-SNAPSHOT.pom
[INFO]                                                                         
[INFO] ------------------------------------------------------------------------
[INFO] Building Build tools for AutoRest client runtime for Java 1.0.0-SNAPSHOT
[INFO] ------------------------------------------------------------------------
[INFO] 
[INFO] --- maven-resources-plugin:2.4.3:resources (default-resources) @ autorest-build-tools ---
[INFO] Using 'UTF-8' encoding to copy filtered resources.
[INFO] Copying 2 resources
[INFO] 
[INFO] --- maven-compiler-plugin:3.1:compile (default-compile) @ autorest-build-tools ---
[INFO] No sources to compile
[INFO] 
[INFO] --- maven-resources-plugin:2.4.3:testResources (default-testResources) @ autorest-build-tools ---
[INFO] Using 'UTF-8' encoding to copy filtered resources.
[INFO] skip non existing resourceDirectory /home/travis/build/failed/Azure/azure-sdk-for-java/runtimes/build-tools/src/test/resources
[INFO] 
[INFO] --- maven-compiler-plugin:3.1:testCompile (default-testCompile) @ autorest-build-tools ---
[INFO] No sources to compile
[INFO] 
[INFO] --- maven-surefire-plugin:2.18.1:test (default-test) @ autorest-build-tools ---
[INFO] Tests are skipped.
[INFO] 
[INFO] --- maven-jar-plugin:2.4:jar (default-jar) @ autorest-build-tools ---
[INFO] 
[INFO] --- maven-install-plugin:2.4:install (default-install) @ autorest-build-tools ---
[INFO] Installing /home/travis/build/failed/Azure/azure-sdk-for-java/runtimes/build-tools/target/autorest-build-tools-1.0.0-SNAPSHOT.jar to /home/travis/.m2/repository/com/microsoft/azure/autorest-build-tools/1.0.0-SNAPSHOT/autorest-build-tools-1.0.0-SNAPSHOT.jar
[INFO] Installing /home/travis/build/failed/Azure/azure-sdk-for-java/runtimes/build-tools/pom.xml to /home/travis/.m2/repository/com/microsoft/azure/autorest-build-tools/1.0.0-SNAPSHOT/autorest-build-tools-1.0.0-SNAPSHOT.pom
[INFO]                                                                         
[INFO] ------------------------------------------------------------------------
[INFO] Building Java Client Runtime for AutoRest 1.0.0-SNAPSHOT
[INFO] ------------------------------------------------------------------------
[INFO] 
[INFO] --- maven-resources-plugin:2.4.3:resources (default-resources) @ client-runtime ---
[INFO] Using 'UTF-8' encoding to copy filtered resources.
[INFO] skip non existing resourceDirectory /home/travis/build/failed/Azure/azure-sdk-for-java/runtimes/client-runtime/src/main/resources
[INFO] 
[INFO] --- maven-compiler-plugin:3.1:compile (default-compile) @ client-runtime ---
[INFO] Changes detected - recompiling the module!
[INFO] Compiling 38 source files to /home/travis/build/failed/Azure/azure-sdk-for-java/runtimes/client-runtime/target/classes
[WARNING] bootstrap class path not set in conjunction with -source 1.7
[WARNING] /home/travis/build/failed/Azure/azure-sdk-for-java/runtimes/client-runtime/src/main/java/com/microsoft/rest/serializer/JacksonConverterFactory.java:[64,37] reader(com.fasterxml.jackson.databind.JavaType) in com.fasterxml.jackson.databind.ObjectMapper has been deprecated
[WARNING] /home/travis/build/failed/Azure/azure-sdk-for-java/runtimes/client-runtime/src/main/java/com/microsoft/rest/Validator.java:[45,51] unchecked method invocation: method of in class com.google.common.reflect.TypeToken is applied to given types
  required: java.lang.Class<T>
  found: java.lang.Class
[WARNING] /home/travis/build/failed/Azure/azure-sdk-for-java/runtimes/client-runtime/src/main/java/com/microsoft/rest/Validator.java:[45,52] unchecked conversion
  required: java.lang.Class<T>
  found:    java.lang.Class
[WARNING] /home/travis/build/failed/Azure/azure-sdk-for-java/runtimes/client-runtime/src/main/java/com/microsoft/rest/serializer/FlatteningDeserializer.java:[97,40] put(java.lang.String,com.fasterxml.jackson.databind.JsonNode) in com.fasterxml.jackson.databind.node.ObjectNode has been deprecated
[WARNING] /home/travis/build/failed/Azure/azure-sdk-for-java/runtimes/client-runtime/src/main/java/com/microsoft/rest/serializer/FlatteningSerializer.java:[117,33] put(java.lang.String,com.fasterxml.jackson.databind.JsonNode) in com.fasterxml.jackson.databind.node.ObjectNode has been deprecated
[INFO] 
[INFO] --- maven-resources-plugin:2.4.3:testResources (default-testResources) @ client-runtime ---
[INFO] Using 'UTF-8' encoding to copy filtered resources.
[INFO] skip non existing resourceDirectory /home/travis/build/failed/Azure/azure-sdk-for-java/runtimes/client-runtime/src/test/resources
[INFO] 
[INFO] --- maven-compiler-plugin:3.1:testCompile (default-testCompile) @ client-runtime ---
[INFO] Nothing to compile - all classes are up to date
[INFO] 
[INFO] --- maven-surefire-plugin:2.18.1:test (default-test) @ client-runtime ---
[INFO] Tests are skipped.
[INFO] 
[INFO] --- maven-jar-plugin:2.4:jar (default-jar) @ client-runtime ---
[INFO] Building jar: /home/travis/build/failed/Azure/azure-sdk-for-java/runtimes/client-runtime/target/client-runtime-1.0.0-SNAPSHOT.jar
[INFO] 
[INFO] --- maven-install-plugin:2.4:install (default-install) @ client-runtime ---
[INFO] Installing /home/travis/build/failed/Azure/azure-sdk-for-java/runtimes/client-runtime/target/client-runtime-1.0.0-SNAPSHOT.jar to /home/travis/.m2/repository/com/microsoft/rest/client-runtime/1.0.0-SNAPSHOT/client-runtime-1.0.0-SNAPSHOT.jar
[INFO] Installing /home/travis/build/failed/Azure/azure-sdk-for-java/runtimes/client-runtime/pom.xml to /home/travis/.m2/repository/com/microsoft/rest/client-runtime/1.0.0-SNAPSHOT/client-runtime-1.0.0-SNAPSHOT.pom
[INFO]                                                                         
[INFO] ------------------------------------------------------------------------
[INFO] Building Azure Java Client Runtime for AutoRest 1.0.0-SNAPSHOT
[INFO] ------------------------------------------------------------------------
[INFO] 
[INFO] --- maven-resources-plugin:2.4.3:resources (default-resources) @ azure-client-runtime ---
[INFO] Using 'UTF-8' encoding to copy filtered resources.
[INFO] skip non existing resourceDirectory /home/travis/build/failed/Azure/azure-sdk-for-java/runtimes/azure-client-runtime/src/main/resources
[INFO] 
[INFO] --- maven-compiler-plugin:3.1:compile (default-compile) @ azure-client-runtime ---
[INFO] Changes detected - recompiling the module!
[INFO] Compiling 27 source files to /home/travis/build/failed/Azure/azure-sdk-for-java/runtimes/azure-client-runtime/target/classes
[WARNING] bootstrap class path not set in conjunction with -source 1.7
[WARNING] /home/travis/build/failed/Azure/azure-sdk-for-java/runtimes/azure-client-runtime/src/main/java/com/microsoft/azure/Graph.java:[77,22] unchecked call to visit(U) as a member of the raw type com.microsoft.azure.Graph.Visitor
[WARNING] /home/travis/build/failed/Azure/azure-sdk-for-java/runtimes/azure-client-runtime/src/main/java/com/microsoft/azure/AzureResponse.java:[26,14] unchecked method invocation: constructor <init> in class com.microsoft.rest.ServiceResponse is applied to given types
  required: T,retrofit2.Response<okhttp3.ResponseBody>
  found: T,retrofit2.Response
[WARNING] /home/travis/build/failed/Azure/azure-sdk-for-java/runtimes/azure-client-runtime/src/main/java/com/microsoft/azure/AzureResponse.java:[26,21] unchecked conversion
  required: retrofit2.Response<okhttp3.ResponseBody>
  found:    retrofit2.Response
[INFO] 
[INFO] --- maven-resources-plugin:2.4.3:testResources (default-testResources) @ azure-client-runtime ---
[INFO] Using 'UTF-8' encoding to copy filtered resources.
[INFO] skip non existing resourceDirectory /home/travis/build/failed/Azure/azure-sdk-for-java/runtimes/azure-client-runtime/src/test/resources
[INFO] 
[INFO] --- maven-compiler-plugin:3.1:testCompile (default-testCompile) @ azure-client-runtime ---
[INFO] Nothing to compile - all classes are up to date
[INFO] 
[INFO] --- maven-surefire-plugin:2.18.1:test (default-test) @ azure-client-runtime ---
[INFO] Tests are skipped.
[INFO] 
[INFO] --- maven-jar-plugin:2.4:jar (default-jar) @ azure-client-runtime ---
[INFO] Building jar: /home/travis/build/failed/Azure/azure-sdk-for-java/runtimes/azure-client-runtime/target/azure-client-runtime-1.0.0-SNAPSHOT.jar
[INFO] 
[INFO] --- maven-install-plugin:2.4:install (default-install) @ azure-client-runtime ---
[INFO] Installing /home/travis/build/failed/Azure/azure-sdk-for-java/runtimes/azure-client-runtime/target/azure-client-runtime-1.0.0-SNAPSHOT.jar to /home/travis/.m2/repository/com/microsoft/azure/azure-client-runtime/1.0.0-SNAPSHOT/azure-client-runtime-1.0.0-SNAPSHOT.jar
[INFO] Installing /home/travis/build/failed/Azure/azure-sdk-for-java/runtimes/azure-client-runtime/pom.xml to /home/travis/.m2/repository/com/microsoft/azure/azure-client-runtime/1.0.0-SNAPSHOT/azure-client-runtime-1.0.0-SNAPSHOT.pom
[INFO]                                                                         
[INFO] ------------------------------------------------------------------------
[INFO] Building Azure Java Client Authentication Library for AutoRest 1.0.0-SNAPSHOT
[INFO] ------------------------------------------------------------------------
[INFO] 
[INFO] --- maven-resources-plugin:2.4.3:resources (default-resources) @ azure-client-authentication ---
[INFO] Using 'UTF-8' encoding to copy filtered resources.
[INFO] skip non existing resourceDirectory /home/travis/build/failed/Azure/azure-sdk-for-java/runtimes/azure-client-authentication/src/main/resources
[INFO] 
[INFO] --- maven-compiler-plugin:3.1:compile (default-compile) @ azure-client-authentication ---
[INFO] Changes detected - recompiling the module!
[INFO] Compiling 3 source files to /home/travis/build/failed/Azure/azure-sdk-for-java/runtimes/azure-client-authentication/target/classes
[WARNING] bootstrap class path not set in conjunction with -source 1.7
[INFO] 
[INFO] --- maven-resources-plugin:2.4.3:testResources (default-testResources) @ azure-client-authentication ---
[INFO] Using 'UTF-8' encoding to copy filtered resources.
[INFO] skip non existing resourceDirectory /home/travis/build/failed/Azure/azure-sdk-for-java/runtimes/azure-client-authentication/src/test/resources
[INFO] 
[INFO] --- maven-compiler-plugin:3.1:testCompile (default-testCompile) @ azure-client-authentication ---
[INFO] Nothing to compile - all classes are up to date
[INFO] 
[INFO] --- maven-surefire-plugin:2.18.1:test (default-test) @ azure-client-authentication ---
[INFO] Tests are skipped.
[INFO] 
[INFO] --- maven-jar-plugin:2.4:jar (default-jar) @ azure-client-authentication ---
[INFO] Building jar: /home/travis/build/failed/Azure/azure-sdk-for-java/runtimes/azure-client-authentication/target/azure-client-authentication-1.0.0-SNAPSHOT.jar
[INFO] 
[INFO] --- maven-install-plugin:2.4:install (default-install) @ azure-client-authentication ---
[INFO] Installing /home/travis/build/failed/Azure/azure-sdk-for-java/runtimes/azure-client-authentication/target/azure-client-authentication-1.0.0-SNAPSHOT.jar to /home/travis/.m2/repository/com/microsoft/azure/azure-client-authentication/1.0.0-SNAPSHOT/azure-client-authentication-1.0.0-SNAPSHOT.jar
[INFO] Installing /home/travis/build/failed/Azure/azure-sdk-for-java/runtimes/azure-client-authentication/pom.xml to /home/travis/.m2/repository/com/microsoft/azure/azure-client-authentication/1.0.0-SNAPSHOT/azure-client-authentication-1.0.0-SNAPSHOT.pom
[INFO]                                                                         
[INFO] ------------------------------------------------------------------------
[INFO] Building Microsoft Azure SDK Parent 1.0.0-SNAPSHOT
[INFO] ------------------------------------------------------------------------
[INFO] 
[INFO] --- maven-install-plugin:2.4:install (default-install) @ azure-parent ---
[INFO] Installing /home/travis/build/failed/Azure/azure-sdk-for-java/pom.xml to /home/travis/.m2/repository/com/microsoft/azure/azure-parent/1.0.0-SNAPSHOT/azure-parent-1.0.0-SNAPSHOT.pom
[INFO]                                                                         
[INFO] ------------------------------------------------------------------------
[INFO] Building Microsoft Azure SDK for Resource Management 1.0.0-SNAPSHOT
[INFO] ------------------------------------------------------------------------
[INFO] 
[INFO] --- maven-resources-plugin:2.4.3:resources (default-resources) @ azure-mgmt-resources ---
[INFO] Using 'UTF-8' encoding to copy filtered resources.
[INFO] skip non existing resourceDirectory /home/travis/build/failed/Azure/azure-sdk-for-java/azure-mgmt-resources/src/main/resources
[INFO] 
[INFO] --- maven-compiler-plugin:3.1:compile (default-compile) @ azure-mgmt-resources ---
[INFO] Changes detected - recompiling the module!
[INFO] Compiling 147 source files to /home/travis/build/failed/Azure/azure-sdk-for-java/azure-mgmt-resources/target/classes
[WARNING] bootstrap class path not set in conjunction with -source 1.7
[WARNING] /home/travis/build/failed/Azure/azure-sdk-for-java/azure-mgmt-resources/src/main/java/com/microsoft/azure/management/resources/fluentcore/arm/implementation/AzureConfigurableImpl.java:[33,20] unchecked cast
  required: T
  found:    com.microsoft.azure.management.resources.fluentcore.arm.implementation.AzureConfigurableImpl<T>
[WARNING] /home/travis/build/failed/Azure/azure-sdk-for-java/azure-mgmt-resources/src/main/java/com/microsoft/azure/management/resources/fluentcore/arm/implementation/AzureConfigurableImpl.java:[39,20] unchecked cast
  required: T
  found:    com.microsoft.azure.management.resources.fluentcore.arm.implementation.AzureConfigurableImpl<T>
[WARNING] /home/travis/build/failed/Azure/azure-sdk-for-java/azure-mgmt-resources/src/main/java/com/microsoft/azure/management/resources/fluentcore/arm/implementation/AzureConfigurableImpl.java:[45,20] unchecked cast
  required: T
  found:    com.microsoft.azure.management.resources.fluentcore.arm.implementation.AzureConfigurableImpl<T>
[INFO] 
[INFO] --- maven-resources-plugin:2.4.3:testResources (default-testResources) @ azure-mgmt-resources ---
[INFO] Using 'UTF-8' encoding to copy filtered resources.
[INFO] skip non existing resourceDirectory /home/travis/build/failed/Azure/azure-sdk-for-java/azure-mgmt-resources/src/test/resources
[INFO] 
[INFO] --- maven-compiler-plugin:3.1:testCompile (default-testCompile) @ azure-mgmt-resources ---
[INFO] Nothing to compile - all classes are up to date
[INFO] 
[INFO] --- maven-surefire-plugin:2.18.1:test (default-test) @ azure-mgmt-resources ---
[INFO] Tests are skipped.
[INFO] 
[INFO] --- maven-jar-plugin:2.4:jar (default-jar) @ azure-mgmt-resources ---
[INFO] Building jar: /home/travis/build/failed/Azure/azure-sdk-for-java/azure-mgmt-resources/target/azure-mgmt-resources-1.0.0-SNAPSHOT.jar
[INFO] 
[INFO] --- maven-install-plugin:2.4:install (default-install) @ azure-mgmt-resources ---
[INFO] Installing /home/travis/build/failed/Azure/azure-sdk-for-java/azure-mgmt-resources/target/azure-mgmt-resources-1.0.0-SNAPSHOT.jar to /home/travis/.m2/repository/com/microsoft/azure/azure-mgmt-resources/1.0.0-SNAPSHOT/azure-mgmt-resources-1.0.0-SNAPSHOT.jar
[INFO] Installing /home/travis/build/failed/Azure/azure-sdk-for-java/azure-mgmt-resources/pom.xml to /home/travis/.m2/repository/com/microsoft/azure/azure-mgmt-resources/1.0.0-SNAPSHOT/azure-mgmt-resources-1.0.0-SNAPSHOT.pom
[INFO]                                                                         
[INFO] ------------------------------------------------------------------------
[INFO] Building Microsoft Azure SDK for Storage Management 1.0.0-SNAPSHOT
[INFO] ------------------------------------------------------------------------
[INFO] 
[INFO] --- maven-resources-plugin:2.4.3:resources (default-resources) @ azure-mgmt-storage ---
[INFO] Using 'UTF-8' encoding to copy filtered resources.
[INFO] skip non existing resourceDirectory /home/travis/build/failed/Azure/azure-sdk-for-java/azure-mgmt-storage/src/main/resources
[INFO] 
[INFO] --- maven-compiler-plugin:3.1:compile (default-compile) @ azure-mgmt-storage ---
[INFO] Changes detected - recompiling the module!
[INFO] Compiling 47 source files to /home/travis/build/failed/Azure/azure-sdk-for-java/azure-mgmt-storage/target/classes
[WARNING] bootstrap class path not set in conjunction with -source 1.7
[INFO] 
[INFO] --- maven-resources-plugin:2.4.3:testResources (default-testResources) @ azure-mgmt-storage ---
[INFO] Using 'UTF-8' encoding to copy filtered resources.
[INFO] skip non existing resourceDirectory /home/travis/build/failed/Azure/azure-sdk-for-java/azure-mgmt-storage/src/test/resources
[INFO] 
[INFO] --- maven-compiler-plugin:3.1:testCompile (default-testCompile) @ azure-mgmt-storage ---
[INFO] Nothing to compile - all classes are up to date
[INFO] 
[INFO] --- maven-surefire-plugin:2.18.1:test (default-test) @ azure-mgmt-storage ---
[INFO] Tests are skipped.
[INFO] 
[INFO] --- maven-jar-plugin:2.4:jar (default-jar) @ azure-mgmt-storage ---
[INFO] Building jar: /home/travis/build/failed/Azure/azure-sdk-for-java/azure-mgmt-storage/target/azure-mgmt-storage-1.0.0-SNAPSHOT.jar
[INFO] 
[INFO] --- maven-install-plugin:2.4:install (default-install) @ azure-mgmt-storage ---
[INFO] Installing /home/travis/build/failed/Azure/azure-sdk-for-java/azure-mgmt-storage/target/azure-mgmt-storage-1.0.0-SNAPSHOT.jar to /home/travis/.m2/repository/com/microsoft/azure/azure-mgmt-storage/1.0.0-SNAPSHOT/azure-mgmt-storage-1.0.0-SNAPSHOT.jar
[INFO] Installing /home/travis/build/failed/Azure/azure-sdk-for-java/azure-mgmt-storage/pom.xml to /home/travis/.m2/repository/com/microsoft/azure/azure-mgmt-storage/1.0.0-SNAPSHOT/azure-mgmt-storage-1.0.0-SNAPSHOT.pom
[INFO]                                                                         
[INFO] ------------------------------------------------------------------------
[INFO] Building Microsoft Azure SDK for Network Management 1.0.0-SNAPSHOT
[INFO] ------------------------------------------------------------------------
[INFO] 
[INFO] --- maven-resources-plugin:2.4.3:resources (default-resources) @ azure-mgmt-network ---
[INFO] Using 'UTF-8' encoding to copy filtered resources.
[INFO] skip non existing resourceDirectory /home/travis/build/failed/Azure/azure-sdk-for-java/azure-mgmt-network/src/main/resources
[INFO] 
[INFO] --- maven-compiler-plugin:3.1:compile (default-compile) @ azure-mgmt-network ---
[INFO] Changes detected - recompiling the module!
[INFO] Compiling 141 source files to /home/travis/build/failed/Azure/azure-sdk-for-java/azure-mgmt-network/target/classes
[WARNING] bootstrap class path not set in conjunction with -source 1.7
[WARNING] /home/travis/build/failed/Azure/azure-sdk-for-java/azure-mgmt-network/src/main/java/com/microsoft/azure/management/network/implementation/NetworkInterfaceImpl.java:[172,35] defineSecondaryIpConfiguration(java.lang.String) in com.microsoft.azure.management.network.implementation.NetworkInterfaceImpl implements defineSecondaryIpConfiguration(java.lang.String) in com.microsoft.azure.management.network.NetworkInterface.DefinitionCreatable
  return type requires unchecked conversion from com.microsoft.azure.management.network.implementation.NicIpConfigurationImpl to com.microsoft.azure.management.network.NicIpConfiguration.DefinitionBlank<com.microsoft.azure.management.network.NetworkInterface.DefinitionCreatable>
[WARNING] /home/travis/build/failed/Azure/azure-sdk-for-java/azure-mgmt-network/src/main/java/com/microsoft/azure/management/network/implementation/NetworkInterfaceImpl.java:[177,35] updateIpConfiguration(java.lang.String) in com.microsoft.azure.management.network.implementation.NetworkInterfaceImpl implements updateIpConfiguration(java.lang.String) in com.microsoft.azure.management.network.NetworkInterface.Update
  return type requires unchecked conversion from com.microsoft.azure.management.network.implementation.NicIpConfigurationImpl to com.microsoft.azure.management.network.NicIpConfiguration.Update<com.microsoft.azure.management.network.NetworkInterface.Update>
[WARNING] /home/travis/build/failed/Azure/azure-sdk-for-java/azure-mgmt-network/src/main/java/com/microsoft/azure/management/network/implementation/NetworkInterfaceImpl.java:[172,35] defineSecondaryIpConfiguration(java.lang.String) in com.microsoft.azure.management.network.implementation.NetworkInterfaceImpl implements defineSecondaryIpConfiguration(java.lang.String) in com.microsoft.azure.management.network.NetworkInterface.Update
  return type requires unchecked conversion from com.microsoft.azure.management.network.implementation.NicIpConfigurationImpl to com.microsoft.azure.management.network.NicIpConfiguration.DefinitionBlank<com.microsoft.azure.management.network.NetworkInterface.Update>
[INFO] 
[INFO] --- maven-resources-plugin:2.4.3:testResources (default-testResources) @ azure-mgmt-network ---
[INFO] Using 'UTF-8' encoding to copy filtered resources.
[INFO] skip non existing resourceDirectory /home/travis/build/failed/Azure/azure-sdk-for-java/azure-mgmt-network/src/test/resources
[INFO] 
[INFO] --- maven-compiler-plugin:3.1:testCompile (default-testCompile) @ azure-mgmt-network ---
[INFO] No sources to compile
[INFO] 
[INFO] --- maven-surefire-plugin:2.18.1:test (default-test) @ azure-mgmt-network ---
[INFO] Tests are skipped.
[INFO] 
[INFO] --- maven-jar-plugin:2.4:jar (default-jar) @ azure-mgmt-network ---
[INFO] Building jar: /home/travis/build/failed/Azure/azure-sdk-for-java/azure-mgmt-network/target/azure-mgmt-network-1.0.0-SNAPSHOT.jar
[INFO] 
[INFO] --- maven-install-plugin:2.4:install (default-install) @ azure-mgmt-network ---
[INFO] Installing /home/travis/build/failed/Azure/azure-sdk-for-java/azure-mgmt-network/target/azure-mgmt-network-1.0.0-SNAPSHOT.jar to /home/travis/.m2/repository/com/microsoft/azure/azure-mgmt-network/1.0.0-SNAPSHOT/azure-mgmt-network-1.0.0-SNAPSHOT.jar
[INFO] Installing /home/travis/build/failed/Azure/azure-sdk-for-java/azure-mgmt-network/pom.xml to /home/travis/.m2/repository/com/microsoft/azure/azure-mgmt-network/1.0.0-SNAPSHOT/azure-mgmt-network-1.0.0-SNAPSHOT.pom
[INFO]                                                                         
[INFO] ------------------------------------------------------------------------
[INFO] Building Microsoft Azure SDK for Compute Management 1.0.0-SNAPSHOT
[INFO] ------------------------------------------------------------------------
[INFO] 
[INFO] --- maven-resources-plugin:2.4.3:resources (default-resources) @ azure-mgmt-compute ---
[INFO] Using 'UTF-8' encoding to copy filtered resources.
[INFO] skip non existing resourceDirectory /home/travis/build/failed/Azure/azure-sdk-for-java/azure-mgmt-compute/src/main/resources
[INFO] 
[INFO] --- maven-compiler-plugin:3.1:compile (default-compile) @ azure-mgmt-compute ---
[INFO] Changes detected - recompiling the module!
[INFO] Compiling 121 source files to /home/travis/build/failed/Azure/azure-sdk-for-java/azure-mgmt-compute/target/classes
[INFO] -------------------------------------------------------------
[WARNING] COMPILATION WARNING : 
[INFO] -------------------------------------------------------------
[WARNING] bootstrap class path not set in conjunction with -source 1.7
[WARNING] /home/travis/build/failed/Azure/azure-sdk-for-java/azure-mgmt-compute/src/main/java/com/microsoft/azure/management/compute/implementation/VirtualMachineImpl.java:[655,25] updateDataDisk(java.lang.String) in com.microsoft.azure.management.compute.implementation.VirtualMachineImpl implements updateDataDisk(java.lang.String) in com.microsoft.azure.management.compute.VirtualMachine.Update
  return type requires unchecked conversion from com.microsoft.azure.management.compute.implementation.DataDiskImpl to com.microsoft.azure.management.compute.DataDisk.Update<com.microsoft.azure.management.compute.VirtualMachine.Update>
[WARNING] /home/travis/build/failed/Azure/azure-sdk-for-java/azure-mgmt-compute/src/main/java/com/microsoft/azure/management/compute/implementation/VirtualMachineImpl.java:[530,25] defineExistingDataDisk(java.lang.String) in com.microsoft.azure.management.compute.implementation.VirtualMachineImpl implements defineExistingDataDisk(java.lang.String) in com.microsoft.azure.management.compute.VirtualMachine.Update
  return type requires unchecked conversion from com.microsoft.azure.management.compute.implementation.DataDiskImpl to com.microsoft.azure.management.compute.DataDisk.DefinitionAttachExistingDataDisk<com.microsoft.azure.management.compute.VirtualMachine.Update>
[WARNING] /home/travis/build/failed/Azure/azure-sdk-for-java/azure-mgmt-compute/src/main/java/com/microsoft/azure/management/compute/implementation/VirtualMachineImpl.java:[523,25] defineNewDataDisk(java.lang.String) in com.microsoft.azure.management.compute.implementation.VirtualMachineImpl implements defineNewDataDisk(java.lang.String) in com.microsoft.azure.management.compute.VirtualMachine.Update
  return type requires unchecked conversion from com.microsoft.azure.management.compute.implementation.DataDiskImpl to com.microsoft.azure.management.compute.DataDisk.DefinitionAttachNewDataDisk<com.microsoft.azure.management.compute.VirtualMachine.Update>
[WARNING] /home/travis/build/failed/Azure/azure-sdk-for-java/azure-mgmt-compute/src/main/java/com/microsoft/azure/management/compute/implementation/VirtualMachineImpl.java:[530,25] defineExistingDataDisk(java.lang.String) in com.microsoft.azure.management.compute.implementation.VirtualMachineImpl implements defineExistingDataDisk(java.lang.String) in com.microsoft.azure.management.compute.VirtualMachine.DefinitionWithDataDisk
  return type requires unchecked conversion from com.microsoft.azure.management.compute.implementation.DataDiskImpl to com.microsoft.azure.management.compute.DataDisk.DefinitionAttachExistingDataDisk<com.microsoft.azure.management.compute.VirtualMachine.DefinitionCreatable>
[WARNING] /home/travis/build/failed/Azure/azure-sdk-for-java/azure-mgmt-compute/src/main/java/com/microsoft/azure/management/compute/implementation/VirtualMachineImpl.java:[523,25] defineNewDataDisk(java.lang.String) in com.microsoft.azure.management.compute.implementation.VirtualMachineImpl implements defineNewDataDisk(java.lang.String) in com.microsoft.azure.management.compute.VirtualMachine.DefinitionWithDataDisk
  return type requires unchecked conversion from com.microsoft.azure.management.compute.implementation.DataDiskImpl to com.microsoft.azure.management.compute.DataDisk.DefinitionAttachNewDataDisk<com.microsoft.azure.management.compute.VirtualMachine.DefinitionCreatable>
[WARNING] /home/travis/build/failed/Azure/azure-sdk-for-java/azure-mgmt-compute/src/main/java/com/microsoft/azure/management/compute/implementation/VirtualMachineImpl.java:[742,23] unchecked call to add(E) as a member of the raw type java.util.List
[WARNING] /home/travis/build/failed/Azure/azure-sdk-for-java/azure-mgmt-compute/src/main/java/com/microsoft/azure/management/compute/implementation/VirtualMachineImpl.java:[744,16] unchecked conversion
  required: java.util.List<java.lang.String>
  found:    java.util.List
[INFO] 8 warnings 
[INFO] -------------------------------------------------------------
[INFO] -------------------------------------------------------------
[ERROR] COMPILATION ERROR : 
[INFO] -------------------------------------------------------------
[ERROR] /home/travis/build/failed/Azure/azure-sdk-for-java/azure-mgmt-compute/src/main/java/com/microsoft/azure/management/compute/implementation/VirtualMachineImpl.java:[892,38] cannot find symbol
  symbol:   variable AccountType
  location: class com.microsoft.azure.management.compute.implementation.VirtualMachineImpl
[INFO] 1 error
[INFO] -------------------------------------------------------------
[INFO] ------------------------------------------------------------------------
[INFO] Reactor Summary:
[INFO] 
[INFO] AutoRest Client Runtimes for Java .................. SUCCESS [ 11.264 s]
[INFO] Build tools for AutoRest client runtime for Java ... SUCCESS [ 44.992 s]
[INFO] Java Client Runtime for AutoRest ................... SUCCESS [ 20.121 s]
[INFO] Azure Java Client Runtime for AutoRest ............. SUCCESS [  5.253 s]
[INFO] Azure Java Client Authentication Library for AutoRest SUCCESS [  5.533 s]
[INFO] Microsoft Azure SDK Parent ......................... SUCCESS [  0.391 s]
[INFO] Microsoft Azure SDK for Resource Management ........ SUCCESS [ 25.862 s]
[INFO] Microsoft Azure SDK for Storage Management ......... SUCCESS [  3.044 s]
[INFO] Microsoft Azure SDK for Network Management ......... SUCCESS [  9.813 s]
[INFO] Microsoft Azure SDK for Compute Management ......... FAILURE [ 11.903 s]
[INFO] Microsoft Azure SDK ................................ SKIPPED
[INFO] Microsoft Azure SDK for Batch Service .............. SKIPPED
[INFO] Microsoft Azure SDK for Website Management ......... SKIPPED
[INFO] Microsoft Azure SDK for Data Lake Store Management . SKIPPED
[INFO] Microsoft Azure SDK for Data Lake Analytics Management SKIPPED
[INFO] Microsoft Azure SDK for Data Lake Store Data Uploading SKIPPED
[INFO] ------------------------------------------------------------------------
[INFO] BUILD FAILURE
[INFO] ------------------------------------------------------------------------
[INFO] Total time: 02:21 min
[INFO] Finished at: 2022-01-23T05:55:41+00:00
[INFO] Final Memory: 25M/274M
[INFO] ------------------------------------------------------------------------
[ERROR] Failed to execute goal org.apache.maven.plugins:maven-compiler-plugin:3.1:compile (default-compile) on project azure-mgmt-compute: Compilation failure
[ERROR] /home/travis/build/failed/Azure/azure-sdk-for-java/azure-mgmt-compute/src/main/java/com/microsoft/azure/management/compute/implementation/VirtualMachineImpl.java:[892,38] cannot find symbol
[ERROR] symbol:   variable AccountType
[ERROR] location: class com.microsoft.azure.management.compute.implementation.VirtualMachineImpl
[ERROR] -> [Help 1]
[ERROR] 
[ERROR] To see the full stack trace of the errors, re-run Maven with the -e switch.
[ERROR] Re-run Maven using the -X switch to enable full debug logging.
[ERROR] 
[ERROR] For more information about the errors and possible solutions, please read the following articles:
[ERROR] [Help 1] http://cwiki.apache.org/confluence/display/MAVEN/MojoFailureException
[ERROR] 
[ERROR] After correcting the problems, you can resume the build with the command
[ERROR]   mvn <goals> -rf :azure-mgmt-compute

[31;1mThe command "eval mvn -o install -Dhttps.protocols=TLSv1.2 -DskipTests=true -Dmaven.javadoc.skip=true -B -V " failed. Retrying, 2 of 3.[0m

Java HotSpot(TM) 64-Bit Server VM warning: ignoring option MaxPermSize=192m; support was removed in 8.0
Apache Maven 3.2.5 (12a6b3acb947671f09b81f49094c53f426d8cea1; 2014-12-14T17:29:23+00:00)
Maven home: /usr/local/maven
Java version: 1.8.0_31, vendor: Oracle Corporation
Java home: /usr/lib/jvm/java-8-oracle/jre
Default locale: en_US, platform encoding: UTF-8
OS name: "linux", version: "4.15.0-109-generic", arch: "amd64", family: "unix"
[INFO] Scanning for projects...
[WARNING] 
[WARNING] Some problems were encountered while building the effective model for com.microsoft.rest:client-runtime:jar:1.0.0-SNAPSHOT
[WARNING] 'build.plugins.plugin.version' for org.codehaus.mojo:build-helper-maven-plugin is missing. @ com.microsoft.rest:client-runtime:[unknown-version], /home/travis/build/failed/Azure/azure-sdk-for-java/runtimes/client-runtime/pom.xml, line 100, column 15
[WARNING] 
[WARNING] Some problems were encountered while building the effective model for com.microsoft.azure:azure-client-runtime:jar:1.0.0-SNAPSHOT
[WARNING] 'build.plugins.plugin.version' for org.codehaus.mojo:build-helper-maven-plugin is missing. @ com.microsoft.azure:azure-client-runtime:[unknown-version], /home/travis/build/failed/Azure/azure-sdk-for-java/runtimes/azure-client-runtime/pom.xml, line 76, column 15
[WARNING] The expression ${parent.version} is deprecated. Please use ${project.parent.version} instead.
[WARNING] 
[WARNING] Some problems were encountered while building the effective model for com.microsoft.azure:azure-client-authentication:jar:1.0.0-SNAPSHOT
[WARNING] 'build.plugins.plugin.version' for org.codehaus.mojo:build-helper-maven-plugin is missing. @ com.microsoft.azure:azure-client-authentication:[unknown-version], /home/travis/build/failed/Azure/azure-sdk-for-java/runtimes/azure-client-authentication/pom.xml, line 81, column 15
[WARNING] 
[WARNING] Some problems were encountered while building the effective model for com.microsoft.azure:azure:jar:1.0.0-SNAPSHOT
[WARNING] 'build.plugins.plugin.version' for org.apache.maven.plugins:maven-jar-plugin is missing. @ com.microsoft.azure:azure:[unknown-version], /home/travis/build/failed/Azure/azure-sdk-for-java/azure/pom.xml, line 93, column 15
[WARNING] 'build.plugins.plugin.version' for org.codehaus.mojo:build-helper-maven-plugin is missing. @ com.microsoft.azure:azure:[unknown-version], /home/travis/build/failed/Azure/azure-sdk-for-java/azure/pom.xml, line 120, column 15
[WARNING] 
[WARNING] Some problems were encountered while building the effective model for com.microsoft.azure:azure-batch:jar:1.0.0-SNAPSHOT
[WARNING] 'build.plugins.plugin.version' for org.apache.maven.plugins:maven-jar-plugin is missing. @ com.microsoft.azure:azure-batch:[unknown-version], /home/travis/build/failed/Azure/azure-sdk-for-java/azure-batch/pom.xml, line 73, column 15
[WARNING] 'build.plugins.plugin.version' for org.codehaus.mojo:build-helper-maven-plugin is missing. @ com.microsoft.azure:azure-batch:[unknown-version], /home/travis/build/failed/Azure/azure-sdk-for-java/azure-batch/pom.xml, line 100, column 15
[WARNING] 
[WARNING] Some problems were encountered while building the effective model for com.microsoft.azure:azure-mgmt-compute:jar:1.0.0-SNAPSHOT
[WARNING] 'build.plugins.plugin.version' for org.apache.maven.plugins:maven-jar-plugin is missing. @ com.microsoft.azure:azure-mgmt-compute:[unknown-version], /home/travis/build/failed/Azure/azure-sdk-for-java/azure-mgmt-compute/pom.xml, line 83, column 15
[WARNING] 'build.plugins.plugin.version' for org.codehaus.mojo:build-helper-maven-plugin is missing. @ com.microsoft.azure:azure-mgmt-compute:[unknown-version], /home/travis/build/failed/Azure/azure-sdk-for-java/azure-mgmt-compute/pom.xml, line 104, column 15
[WARNING] 
[WARNING] Some problems were encountered while building the effective model for com.microsoft.azure:azure-mgmt-resources:jar:1.0.0-SNAPSHOT
[WARNING] 'build.plugins.plugin.version' for org.apache.maven.plugins:maven-jar-plugin is missing. @ com.microsoft.azure:azure-mgmt-resources:[unknown-version], /home/travis/build/failed/Azure/azure-sdk-for-java/azure-mgmt-resources/pom.xml, line 68, column 15
[WARNING] 'build.plugins.plugin.version' for org.codehaus.mojo:build-helper-maven-plugin is missing. @ com.microsoft.azure:azure-mgmt-resources:[unknown-version], /home/travis/build/failed/Azure/azure-sdk-for-java/azure-mgmt-resources/pom.xml, line 89, column 15
[WARNING] 
[WARNING] Some problems were encountered while building the effective model for com.microsoft.azure:azure-mgmt-storage:jar:1.0.0-SNAPSHOT
[WARNING] 'build.plugins.plugin.version' for org.apache.maven.plugins:maven-jar-plugin is missing. @ com.microsoft.azure:azure-mgmt-storage:[unknown-version], /home/travis/build/failed/Azure/azure-sdk-for-java/azure-mgmt-storage/pom.xml, line 73, column 15
[WARNING] 'build.plugins.plugin.version' for org.codehaus.mojo:build-helper-maven-plugin is missing. @ com.microsoft.azure:azure-mgmt-storage:[unknown-version], /home/travis/build/failed/Azure/azure-sdk-for-java/azure-mgmt-storage/pom.xml, line 85, column 15
[WARNING] 
[WARNING] Some problems were encountered while building the effective model for com.microsoft.azure:azure-mgmt-network:jar:1.0.0-SNAPSHOT
[WARNING] 'build.plugins.plugin.version' for org.apache.maven.plugins:maven-jar-plugin is missing. @ com.microsoft.azure:azure-mgmt-network:[unknown-version], /home/travis/build/failed/Azure/azure-sdk-for-java/azure-mgmt-network/pom.xml, line 67, column 15
[WARNING] 'build.plugins.plugin.version' for org.codehaus.mojo:build-helper-maven-plugin is missing. @ com.microsoft.azure:azure-mgmt-network:[unknown-version], /home/travis/build/failed/Azure/azure-sdk-for-java/azure-mgmt-network/pom.xml, line 94, column 15
[WARNING] 
[WARNING] Some problems were encountered while building the effective model for com.microsoft.azure:azure-mgmt-website:jar:1.0.0-SNAPSHOT
[WARNING] 'build.plugins.plugin.version' for org.apache.maven.plugins:maven-jar-plugin is missing. @ com.microsoft.azure:azure-mgmt-website:[unknown-version], /home/travis/build/failed/Azure/azure-sdk-for-java/azure-mgmt-website/pom.xml, line 68, column 15
[WARNING] 'build.plugins.plugin.version' for org.codehaus.mojo:build-helper-maven-plugin is missing. @ com.microsoft.azure:azure-mgmt-website:[unknown-version], /home/travis/build/failed/Azure/azure-sdk-for-java/azure-mgmt-website/pom.xml, line 89, column 15
[WARNING] 
[WARNING] Some problems were encountered while building the effective model for com.microsoft.azure:azure-mgmt-datalake-analytics:jar:1.0.0-SNAPSHOT
[WARNING] 'build.plugins.plugin.version' for org.apache.maven.plugins:maven-jar-plugin is missing. @ com.microsoft.azure:azure-mgmt-datalake-analytics:[unknown-version], /home/travis/build/failed/Azure/azure-sdk-for-java/azure-mgmt-datalake-analytics/pom.xml, line 86, column 15
[WARNING] 'build.plugins.plugin.version' for org.codehaus.mojo:build-helper-maven-plugin is missing. @ com.microsoft.azure:azure-mgmt-datalake-analytics:[unknown-version], /home/travis/build/failed/Azure/azure-sdk-for-java/azure-mgmt-datalake-analytics/pom.xml, line 113, column 15
[WARNING] 
[WARNING] Some problems were encountered while building the effective model for com.microsoft.azure:azure-mgmt-datalake-store:jar:1.0.0-SNAPSHOT
[WARNING] 'build.plugins.plugin.version' for org.apache.maven.plugins:maven-jar-plugin is missing. @ com.microsoft.azure:azure-mgmt-datalake-store:[unknown-version], /home/travis/build/failed/Azure/azure-sdk-for-java/azure-mgmt-datalake-store/pom.xml, line 74, column 15
[WARNING] 'build.plugins.plugin.version' for org.codehaus.mojo:build-helper-maven-plugin is missing. @ com.microsoft.azure:azure-mgmt-datalake-store:[unknown-version], /home/travis/build/failed/Azure/azure-sdk-for-java/azure-mgmt-datalake-store/pom.xml, line 101, column 15
[WARNING] 
[WARNING] Some problems were encountered while building the effective model for com.microsoft.azure:azure-mgmt-datalake-store-uploader:jar:1.0.0-SNAPSHOT
[WARNING] 'build.plugins.plugin.version' for org.apache.maven.plugins:maven-jar-plugin is missing. @ com.microsoft.azure:azure-mgmt-datalake-store-uploader:[unknown-version], /home/travis/build/failed/Azure/azure-sdk-for-java/azure-mgmt-datalake-store-uploader/pom.xml, line 85, column 15
[WARNING] 'build.plugins.plugin.version' for org.codehaus.mojo:build-helper-maven-plugin is missing. @ com.microsoft.azure:azure-mgmt-datalake-store-uploader:[unknown-version], /home/travis/build/failed/Azure/azure-sdk-for-java/azure-mgmt-datalake-store-uploader/pom.xml, line 112, column 15
[WARNING] 
[WARNING] It is highly recommended to fix these problems because they threaten the stability of your build.
[WARNING] 
[WARNING] For this reason, future Maven versions might no longer support building such malformed projects.
[WARNING] 
[INFO] ------------------------------------------------------------------------
[INFO] Reactor Build Order:
[INFO] 
[INFO] AutoRest Client Runtimes for Java
[INFO] Build tools for AutoRest client runtime for Java
[INFO] Java Client Runtime for AutoRest
[INFO] Azure Java Client Runtime for AutoRest
[INFO] Azure Java Client Authentication Library for AutoRest
[INFO] Microsoft Azure SDK Parent
[INFO] Microsoft Azure SDK for Resource Management
[INFO] Microsoft Azure SDK for Storage Management
[INFO] Microsoft Azure SDK for Network Management
[INFO] Microsoft Azure SDK for Compute Management
[INFO] Microsoft Azure SDK
[INFO] Microsoft Azure SDK for Batch Service
[INFO] Microsoft Azure SDK for Website Management
[INFO] Microsoft Azure SDK for Data Lake Store Management
[INFO] Microsoft Azure SDK for Data Lake Analytics Management
[INFO] Microsoft Azure SDK for Data Lake Store Data Uploading
[INFO]                                                                         
[INFO] ------------------------------------------------------------------------
[INFO] Building AutoRest Client Runtimes for Java 1.0.0-SNAPSHOT
[INFO] ------------------------------------------------------------------------
[INFO] 
[INFO] --- maven-install-plugin:2.4:install (default-install) @ autorest-clientruntime-for-java ---
[INFO] Installing /home/travis/build/failed/Azure/azure-sdk-for-java/runtimes/pom.xml to /home/travis/.m2/repository/com/microsoft/azure/autorest-clientruntime-for-java/1.0.0-SNAPSHOT/autorest-clientruntime-for-java-1.0.0-SNAPSHOT.pom
[INFO]                                                                         
[INFO] ------------------------------------------------------------------------
[INFO] Building Build tools for AutoRest client runtime for Java 1.0.0-SNAPSHOT
[INFO] ------------------------------------------------------------------------
[INFO] 
[INFO] --- maven-resources-plugin:2.4.3:resources (default-resources) @ autorest-build-tools ---
[INFO] Using 'UTF-8' encoding to copy filtered resources.
[INFO] Copying 2 resources
[INFO] 
[INFO] --- maven-compiler-plugin:3.1:compile (default-compile) @ autorest-build-tools ---
[INFO] No sources to compile
[INFO] 
[INFO] --- maven-resources-plugin:2.4.3:testResources (default-testResources) @ autorest-build-tools ---
[INFO] Using 'UTF-8' encoding to copy filtered resources.
[INFO] skip non existing resourceDirectory /home/travis/build/failed/Azure/azure-sdk-for-java/runtimes/build-tools/src/test/resources
[INFO] 
[INFO] --- maven-compiler-plugin:3.1:testCompile (default-testCompile) @ autorest-build-tools ---
[INFO] No sources to compile
[INFO] 
[INFO] --- maven-surefire-plugin:2.18.1:test (default-test) @ autorest-build-tools ---
[INFO] Tests are skipped.
[INFO] 
[INFO] --- maven-jar-plugin:2.4:jar (default-jar) @ autorest-build-tools ---
[INFO] 
[INFO] --- maven-install-plugin:2.4:install (default-install) @ autorest-build-tools ---
[INFO] Installing /home/travis/build/failed/Azure/azure-sdk-for-java/runtimes/build-tools/target/autorest-build-tools-1.0.0-SNAPSHOT.jar to /home/travis/.m2/repository/com/microsoft/azure/autorest-build-tools/1.0.0-SNAPSHOT/autorest-build-tools-1.0.0-SNAPSHOT.jar
[INFO] Installing /home/travis/build/failed/Azure/azure-sdk-for-java/runtimes/build-tools/pom.xml to /home/travis/.m2/repository/com/microsoft/azure/autorest-build-tools/1.0.0-SNAPSHOT/autorest-build-tools-1.0.0-SNAPSHOT.pom
[INFO]                                                                         
[INFO] ------------------------------------------------------------------------
[INFO] Building Java Client Runtime for AutoRest 1.0.0-SNAPSHOT
[INFO] ------------------------------------------------------------------------
[INFO] 
[INFO] --- maven-resources-plugin:2.4.3:resources (default-resources) @ client-runtime ---
[INFO] Using 'UTF-8' encoding to copy filtered resources.
[INFO] skip non existing resourceDirectory /home/travis/build/failed/Azure/azure-sdk-for-java/runtimes/client-runtime/src/main/resources
[INFO] 
[INFO] --- maven-compiler-plugin:3.1:compile (default-compile) @ client-runtime ---
[INFO] Changes detected - recompiling the module!
[INFO] Compiling 38 source files to /home/travis/build/failed/Azure/azure-sdk-for-java/runtimes/client-runtime/target/classes
[WARNING] bootstrap class path not set in conjunction with -source 1.7
[WARNING] /home/travis/build/failed/Azure/azure-sdk-for-java/runtimes/client-runtime/src/main/java/com/microsoft/rest/serializer/JacksonConverterFactory.java:[64,37] reader(com.fasterxml.jackson.databind.JavaType) in com.fasterxml.jackson.databind.ObjectMapper has been deprecated
[WARNING] /home/travis/build/failed/Azure/azure-sdk-for-java/runtimes/client-runtime/src/main/java/com/microsoft/rest/Validator.java:[45,51] unchecked method invocation: method of in class com.google.common.reflect.TypeToken is applied to given types
  required: java.lang.Class<T>
  found: java.lang.Class
[WARNING] /home/travis/build/failed/Azure/azure-sdk-for-java/runtimes/client-runtime/src/main/java/com/microsoft/rest/Validator.java:[45,52] unchecked conversion
  required: java.lang.Class<T>
  found:    java.lang.Class
[WARNING] /home/travis/build/failed/Azure/azure-sdk-for-java/runtimes/client-runtime/src/main/java/com/microsoft/rest/serializer/FlatteningDeserializer.java:[97,40] put(java.lang.String,com.fasterxml.jackson.databind.JsonNode) in com.fasterxml.jackson.databind.node.ObjectNode has been deprecated
[WARNING] /home/travis/build/failed/Azure/azure-sdk-for-java/runtimes/client-runtime/src/main/java/com/microsoft/rest/serializer/FlatteningSerializer.java:[117,33] put(java.lang.String,com.fasterxml.jackson.databind.JsonNode) in com.fasterxml.jackson.databind.node.ObjectNode has been deprecated
[INFO] 
[INFO] --- maven-resources-plugin:2.4.3:testResources (default-testResources) @ client-runtime ---
[INFO] Using 'UTF-8' encoding to copy filtered resources.
[INFO] skip non existing resourceDirectory /home/travis/build/failed/Azure/azure-sdk-for-java/runtimes/client-runtime/src/test/resources
[INFO] 
[INFO] --- maven-compiler-plugin:3.1:testCompile (default-testCompile) @ client-runtime ---
[INFO] Nothing to compile - all classes are up to date
[INFO] 
[INFO] --- maven-surefire-plugin:2.18.1:test (default-test) @ client-runtime ---
[INFO] Tests are skipped.
[INFO] 
[INFO] --- maven-jar-plugin:2.4:jar (default-jar) @ client-runtime ---
[INFO] Building jar: /home/travis/build/failed/Azure/azure-sdk-for-java/runtimes/client-runtime/target/client-runtime-1.0.0-SNAPSHOT.jar
[INFO] 
[INFO] --- maven-install-plugin:2.4:install (default-install) @ client-runtime ---
[INFO] Installing /home/travis/build/failed/Azure/azure-sdk-for-java/runtimes/client-runtime/target/client-runtime-1.0.0-SNAPSHOT.jar to /home/travis/.m2/repository/com/microsoft/rest/client-runtime/1.0.0-SNAPSHOT/client-runtime-1.0.0-SNAPSHOT.jar
[INFO] Installing /home/travis/build/failed/Azure/azure-sdk-for-java/runtimes/client-runtime/pom.xml to /home/travis/.m2/repository/com/microsoft/rest/client-runtime/1.0.0-SNAPSHOT/client-runtime-1.0.0-SNAPSHOT.pom
[INFO]                                                                         
[INFO] ------------------------------------------------------------------------
[INFO] Building Azure Java Client Runtime for AutoRest 1.0.0-SNAPSHOT
[INFO] ------------------------------------------------------------------------
[INFO] 
[INFO] --- maven-resources-plugin:2.4.3:resources (default-resources) @ azure-client-runtime ---
[INFO] Using 'UTF-8' encoding to copy filtered resources.
[INFO] skip non existing resourceDirectory /home/travis/build/failed/Azure/azure-sdk-for-java/runtimes/azure-client-runtime/src/main/resources
[INFO] 
[INFO] --- maven-compiler-plugin:3.1:compile (default-compile) @ azure-client-runtime ---
[INFO] Changes detected - recompiling the module!
[INFO] Compiling 27 source files to /home/travis/build/failed/Azure/azure-sdk-for-java/runtimes/azure-client-runtime/target/classes
[WARNING] bootstrap class path not set in conjunction with -source 1.7
[WARNING] /home/travis/build/failed/Azure/azure-sdk-for-java/runtimes/azure-client-runtime/src/main/java/com/microsoft/azure/Graph.java:[77,22] unchecked call to visit(U) as a member of the raw type com.microsoft.azure.Graph.Visitor
[WARNING] /home/travis/build/failed/Azure/azure-sdk-for-java/runtimes/azure-client-runtime/src/main/java/com/microsoft/azure/AzureResponse.java:[26,14] unchecked method invocation: constructor <init> in class com.microsoft.rest.ServiceResponse is applied to given types
  required: T,retrofit2.Response<okhttp3.ResponseBody>
  found: T,retrofit2.Response
[WARNING] /home/travis/build/failed/Azure/azure-sdk-for-java/runtimes/azure-client-runtime/src/main/java/com/microsoft/azure/AzureResponse.java:[26,21] unchecked conversion
  required: retrofit2.Response<okhttp3.ResponseBody>
  found:    retrofit2.Response
[INFO] 
[INFO] --- maven-resources-plugin:2.4.3:testResources (default-testResources) @ azure-client-runtime ---
[INFO] Using 'UTF-8' encoding to copy filtered resources.
[INFO] skip non existing resourceDirectory /home/travis/build/failed/Azure/azure-sdk-for-java/runtimes/azure-client-runtime/src/test/resources
[INFO] 
[INFO] --- maven-compiler-plugin:3.1:testCompile (default-testCompile) @ azure-client-runtime ---
[INFO] Nothing to compile - all classes are up to date
[INFO] 
[INFO] --- maven-surefire-plugin:2.18.1:test (default-test) @ azure-client-runtime ---
[INFO] Tests are skipped.
[INFO] 
[INFO] --- maven-jar-plugin:2.4:jar (default-jar) @ azure-client-runtime ---
[INFO] Building jar: /home/travis/build/failed/Azure/azure-sdk-for-java/runtimes/azure-client-runtime/target/azure-client-runtime-1.0.0-SNAPSHOT.jar
[INFO] 
[INFO] --- maven-install-plugin:2.4:install (default-install) @ azure-client-runtime ---
[INFO] Installing /home/travis/build/failed/Azure/azure-sdk-for-java/runtimes/azure-client-runtime/target/azure-client-runtime-1.0.0-SNAPSHOT.jar to /home/travis/.m2/repository/com/microsoft/azure/azure-client-runtime/1.0.0-SNAPSHOT/azure-client-runtime-1.0.0-SNAPSHOT.jar
[INFO] Installing /home/travis/build/failed/Azure/azure-sdk-for-java/runtimes/azure-client-runtime/pom.xml to /home/travis/.m2/repository/com/microsoft/azure/azure-client-runtime/1.0.0-SNAPSHOT/azure-client-runtime-1.0.0-SNAPSHOT.pom
[INFO]                                                                         
[INFO] ------------------------------------------------------------------------
[INFO] Building Azure Java Client Authentication Library for AutoRest 1.0.0-SNAPSHOT
[INFO] ------------------------------------------------------------------------
[INFO] 
[INFO] --- maven-resources-plugin:2.4.3:resources (default-resources) @ azure-client-authentication ---
[INFO] Using 'UTF-8' encoding to copy filtered resources.
[INFO] skip non existing resourceDirectory /home/travis/build/failed/Azure/azure-sdk-for-java/runtimes/azure-client-authentication/src/main/resources
[INFO] 
[INFO] --- maven-compiler-plugin:3.1:compile (default-compile) @ azure-client-authentication ---
[INFO] Changes detected - recompiling the module!
[INFO] Compiling 3 source files to /home/travis/build/failed/Azure/azure-sdk-for-java/runtimes/azure-client-authentication/target/classes
[WARNING] bootstrap class path not set in conjunction with -source 1.7
[INFO] 
[INFO] --- maven-resources-plugin:2.4.3:testResources (default-testResources) @ azure-client-authentication ---
[INFO] Using 'UTF-8' encoding to copy filtered resources.
[INFO] skip non existing resourceDirectory /home/travis/build/failed/Azure/azure-sdk-for-java/runtimes/azure-client-authentication/src/test/resources
[INFO] 
[INFO] --- maven-compiler-plugin:3.1:testCompile (default-testCompile) @ azure-client-authentication ---
[INFO] Nothing to compile - all classes are up to date
[INFO] 
[INFO] --- maven-surefire-plugin:2.18.1:test (default-test) @ azure-client-authentication ---
[INFO] Tests are skipped.
[INFO] 
[INFO] --- maven-jar-plugin:2.4:jar (default-jar) @ azure-client-authentication ---
[INFO] Building jar: /home/travis/build/failed/Azure/azure-sdk-for-java/runtimes/azure-client-authentication/target/azure-client-authentication-1.0.0-SNAPSHOT.jar
[INFO] 
[INFO] --- maven-install-plugin:2.4:install (default-install) @ azure-client-authentication ---
[INFO] Installing /home/travis/build/failed/Azure/azure-sdk-for-java/runtimes/azure-client-authentication/target/azure-client-authentication-1.0.0-SNAPSHOT.jar to /home/travis/.m2/repository/com/microsoft/azure/azure-client-authentication/1.0.0-SNAPSHOT/azure-client-authentication-1.0.0-SNAPSHOT.jar
[INFO] Installing /home/travis/build/failed/Azure/azure-sdk-for-java/runtimes/azure-client-authentication/pom.xml to /home/travis/.m2/repository/com/microsoft/azure/azure-client-authentication/1.0.0-SNAPSHOT/azure-client-authentication-1.0.0-SNAPSHOT.pom
[INFO]                                                                         
[INFO] ------------------------------------------------------------------------
[INFO] Building Microsoft Azure SDK Parent 1.0.0-SNAPSHOT
[INFO] ------------------------------------------------------------------------
[INFO] 
[INFO] --- maven-install-plugin:2.4:install (default-install) @ azure-parent ---
[INFO] Installing /home/travis/build/failed/Azure/azure-sdk-for-java/pom.xml to /home/travis/.m2/repository/com/microsoft/azure/azure-parent/1.0.0-SNAPSHOT/azure-parent-1.0.0-SNAPSHOT.pom
[INFO]                                                                         
[INFO] ------------------------------------------------------------------------
[INFO] Building Microsoft Azure SDK for Resource Management 1.0.0-SNAPSHOT
[INFO] ------------------------------------------------------------------------
[INFO] 
[INFO] --- maven-resources-plugin:2.4.3:resources (default-resources) @ azure-mgmt-resources ---
[INFO] Using 'UTF-8' encoding to copy filtered resources.
[INFO] skip non existing resourceDirectory /home/travis/build/failed/Azure/azure-sdk-for-java/azure-mgmt-resources/src/main/resources
[INFO] 
[INFO] --- maven-compiler-plugin:3.1:compile (default-compile) @ azure-mgmt-resources ---
[INFO] Changes detected - recompiling the module!
[INFO] Compiling 147 source files to /home/travis/build/failed/Azure/azure-sdk-for-java/azure-mgmt-resources/target/classes
[WARNING] bootstrap class path not set in conjunction with -source 1.7
[WARNING] /home/travis/build/failed/Azure/azure-sdk-for-java/azure-mgmt-resources/src/main/java/com/microsoft/azure/management/resources/fluentcore/arm/implementation/AzureConfigurableImpl.java:[33,20] unchecked cast
  required: T
  found:    com.microsoft.azure.management.resources.fluentcore.arm.implementation.AzureConfigurableImpl<T>
[WARNING] /home/travis/build/failed/Azure/azure-sdk-for-java/azure-mgmt-resources/src/main/java/com/microsoft/azure/management/resources/fluentcore/arm/implementation/AzureConfigurableImpl.java:[39,20] unchecked cast
  required: T
  found:    com.microsoft.azure.management.resources.fluentcore.arm.implementation.AzureConfigurableImpl<T>
[WARNING] /home/travis/build/failed/Azure/azure-sdk-for-java/azure-mgmt-resources/src/main/java/com/microsoft/azure/management/resources/fluentcore/arm/implementation/AzureConfigurableImpl.java:[45,20] unchecked cast
  required: T
  found:    com.microsoft.azure.management.resources.fluentcore.arm.implementation.AzureConfigurableImpl<T>
[INFO] 
[INFO] --- maven-resources-plugin:2.4.3:testResources (default-testResources) @ azure-mgmt-resources ---
[INFO] Using 'UTF-8' encoding to copy filtered resources.
[INFO] skip non existing resourceDirectory /home/travis/build/failed/Azure/azure-sdk-for-java/azure-mgmt-resources/src/test/resources
[INFO] 
[INFO] --- maven-compiler-plugin:3.1:testCompile (default-testCompile) @ azure-mgmt-resources ---
[INFO] Nothing to compile - all classes are up to date
[INFO] 
[INFO] --- maven-surefire-plugin:2.18.1:test (default-test) @ azure-mgmt-resources ---
[INFO] Tests are skipped.
[INFO] 
[INFO] --- maven-jar-plugin:2.4:jar (default-jar) @ azure-mgmt-resources ---
[INFO] Building jar: /home/travis/build/failed/Azure/azure-sdk-for-java/azure-mgmt-resources/target/azure-mgmt-resources-1.0.0-SNAPSHOT.jar
[INFO] 
[INFO] --- maven-install-plugin:2.4:install (default-install) @ azure-mgmt-resources ---
[INFO] Installing /home/travis/build/failed/Azure/azure-sdk-for-java/azure-mgmt-resources/target/azure-mgmt-resources-1.0.0-SNAPSHOT.jar to /home/travis/.m2/repository/com/microsoft/azure/azure-mgmt-resources/1.0.0-SNAPSHOT/azure-mgmt-resources-1.0.0-SNAPSHOT.jar
[INFO] Installing /home/travis/build/failed/Azure/azure-sdk-for-java/azure-mgmt-resources/pom.xml to /home/travis/.m2/repository/com/microsoft/azure/azure-mgmt-resources/1.0.0-SNAPSHOT/azure-mgmt-resources-1.0.0-SNAPSHOT.pom
[INFO]                                                                         
[INFO] ------------------------------------------------------------------------
[INFO] Building Microsoft Azure SDK for Storage Management 1.0.0-SNAPSHOT
[INFO] ------------------------------------------------------------------------
[INFO] 
[INFO] --- maven-resources-plugin:2.4.3:resources (default-resources) @ azure-mgmt-storage ---
[INFO] Using 'UTF-8' encoding to copy filtered resources.
[INFO] skip non existing resourceDirectory /home/travis/build/failed/Azure/azure-sdk-for-java/azure-mgmt-storage/src/main/resources
[INFO] 
[INFO] --- maven-compiler-plugin:3.1:compile (default-compile) @ azure-mgmt-storage ---
[INFO] Changes detected - recompiling the module!
[INFO] Compiling 47 source files to /home/travis/build/failed/Azure/azure-sdk-for-java/azure-mgmt-storage/target/classes
[WARNING] bootstrap class path not set in conjunction with -source 1.7
[INFO] 
[INFO] --- maven-resources-plugin:2.4.3:testResources (default-testResources) @ azure-mgmt-storage ---
[INFO] Using 'UTF-8' encoding to copy filtered resources.
[INFO] skip non existing resourceDirectory /home/travis/build/failed/Azure/azure-sdk-for-java/azure-mgmt-storage/src/test/resources
[INFO] 
[INFO] --- maven-compiler-plugin:3.1:testCompile (default-testCompile) @ azure-mgmt-storage ---
[INFO] Nothing to compile - all classes are up to date
[INFO] 
[INFO] --- maven-surefire-plugin:2.18.1:test (default-test) @ azure-mgmt-storage ---
[INFO] Tests are skipped.
[INFO] 
[INFO] --- maven-jar-plugin:2.4:jar (default-jar) @ azure-mgmt-storage ---
[INFO] Building jar: /home/travis/build/failed/Azure/azure-sdk-for-java/azure-mgmt-storage/target/azure-mgmt-storage-1.0.0-SNAPSHOT.jar
[INFO] 
[INFO] --- maven-install-plugin:2.4:install (default-install) @ azure-mgmt-storage ---
[INFO] Installing /home/travis/build/failed/Azure/azure-sdk-for-java/azure-mgmt-storage/target/azure-mgmt-storage-1.0.0-SNAPSHOT.jar to /home/travis/.m2/repository/com/microsoft/azure/azure-mgmt-storage/1.0.0-SNAPSHOT/azure-mgmt-storage-1.0.0-SNAPSHOT.jar
[INFO] Installing /home/travis/build/failed/Azure/azure-sdk-for-java/azure-mgmt-storage/pom.xml to /home/travis/.m2/repository/com/microsoft/azure/azure-mgmt-storage/1.0.0-SNAPSHOT/azure-mgmt-storage-1.0.0-SNAPSHOT.pom
[INFO]                                                                         
[INFO] ------------------------------------------------------------------------
[INFO] Building Microsoft Azure SDK for Network Management 1.0.0-SNAPSHOT
[INFO] ------------------------------------------------------------------------
[INFO] 
[INFO] --- maven-resources-plugin:2.4.3:resources (default-resources) @ azure-mgmt-network ---
[INFO] Using 'UTF-8' encoding to copy filtered resources.
[INFO] skip non existing resourceDirectory /home/travis/build/failed/Azure/azure-sdk-for-java/azure-mgmt-network/src/main/resources
[INFO] 
[INFO] --- maven-compiler-plugin:3.1:compile (default-compile) @ azure-mgmt-network ---
[INFO] Changes detected - recompiling the module!
[INFO] Compiling 141 source files to /home/travis/build/failed/Azure/azure-sdk-for-java/azure-mgmt-network/target/classes
[WARNING] bootstrap class path not set in conjunction with -source 1.7
[WARNING] /home/travis/build/failed/Azure/azure-sdk-for-java/azure-mgmt-network/src/main/java/com/microsoft/azure/management/network/implementation/NetworkInterfaceImpl.java:[172,35] defineSecondaryIpConfiguration(java.lang.String) in com.microsoft.azure.management.network.implementation.NetworkInterfaceImpl implements defineSecondaryIpConfiguration(java.lang.String) in com.microsoft.azure.management.network.NetworkInterface.DefinitionCreatable
  return type requires unchecked conversion from com.microsoft.azure.management.network.implementation.NicIpConfigurationImpl to com.microsoft.azure.management.network.NicIpConfiguration.DefinitionBlank<com.microsoft.azure.management.network.NetworkInterface.DefinitionCreatable>
[WARNING] /home/travis/build/failed/Azure/azure-sdk-for-java/azure-mgmt-network/src/main/java/com/microsoft/azure/management/network/implementation/NetworkInterfaceImpl.java:[177,35] updateIpConfiguration(java.lang.String) in com.microsoft.azure.management.network.implementation.NetworkInterfaceImpl implements updateIpConfiguration(java.lang.String) in com.microsoft.azure.management.network.NetworkInterface.Update
  return type requires unchecked conversion from com.microsoft.azure.management.network.implementation.NicIpConfigurationImpl to com.microsoft.azure.management.network.NicIpConfiguration.Update<com.microsoft.azure.management.network.NetworkInterface.Update>
[WARNING] /home/travis/build/failed/Azure/azure-sdk-for-java/azure-mgmt-network/src/main/java/com/microsoft/azure/management/network/implementation/NetworkInterfaceImpl.java:[172,35] defineSecondaryIpConfiguration(java.lang.String) in com.microsoft.azure.management.network.implementation.NetworkInterfaceImpl implements defineSecondaryIpConfiguration(java.lang.String) in com.microsoft.azure.management.network.NetworkInterface.Update
  return type requires unchecked conversion from com.microsoft.azure.management.network.implementation.NicIpConfigurationImpl to com.microsoft.azure.management.network.NicIpConfiguration.DefinitionBlank<com.microsoft.azure.management.network.NetworkInterface.Update>
[INFO] 
[INFO] --- maven-resources-plugin:2.4.3:testResources (default-testResources) @ azure-mgmt-network ---
[INFO] Using 'UTF-8' encoding to copy filtered resources.
[INFO] skip non existing resourceDirectory /home/travis/build/failed/Azure/azure-sdk-for-java/azure-mgmt-network/src/test/resources
[INFO] 
[INFO] --- maven-compiler-plugin:3.1:testCompile (default-testCompile) @ azure-mgmt-network ---
[INFO] No sources to compile
[INFO] 
[INFO] --- maven-surefire-plugin:2.18.1:test (default-test) @ azure-mgmt-network ---
[INFO] Tests are skipped.
[INFO] 
[INFO] --- maven-jar-plugin:2.4:jar (default-jar) @ azure-mgmt-network ---
[INFO] Building jar: /home/travis/build/failed/Azure/azure-sdk-for-java/azure-mgmt-network/target/azure-mgmt-network-1.0.0-SNAPSHOT.jar
[INFO] 
[INFO] --- maven-install-plugin:2.4:install (default-install) @ azure-mgmt-network ---
[INFO] Installing /home/travis/build/failed/Azure/azure-sdk-for-java/azure-mgmt-network/target/azure-mgmt-network-1.0.0-SNAPSHOT.jar to /home/travis/.m2/repository/com/microsoft/azure/azure-mgmt-network/1.0.0-SNAPSHOT/azure-mgmt-network-1.0.0-SNAPSHOT.jar
[INFO] Installing /home/travis/build/failed/Azure/azure-sdk-for-java/azure-mgmt-network/pom.xml to /home/travis/.m2/repository/com/microsoft/azure/azure-mgmt-network/1.0.0-SNAPSHOT/azure-mgmt-network-1.0.0-SNAPSHOT.pom
[INFO]                                                                         
[INFO] ------------------------------------------------------------------------
[INFO] Building Microsoft Azure SDK for Compute Management 1.0.0-SNAPSHOT
[INFO] ------------------------------------------------------------------------
[INFO] 
[INFO] --- maven-resources-plugin:2.4.3:resources (default-resources) @ azure-mgmt-compute ---
[INFO] Using 'UTF-8' encoding to copy filtered resources.
[INFO] skip non existing resourceDirectory /home/travis/build/failed/Azure/azure-sdk-for-java/azure-mgmt-compute/src/main/resources
[INFO] 
[INFO] --- maven-compiler-plugin:3.1:compile (default-compile) @ azure-mgmt-compute ---
[INFO] Changes detected - recompiling the module!
[INFO] Compiling 121 source files to /home/travis/build/failed/Azure/azure-sdk-for-java/azure-mgmt-compute/target/classes
[INFO] -------------------------------------------------------------
[WARNING] COMPILATION WARNING : 
[INFO] -------------------------------------------------------------
[WARNING] bootstrap class path not set in conjunction with -source 1.7
[WARNING] /home/travis/build/failed/Azure/azure-sdk-for-java/azure-mgmt-compute/src/main/java/com/microsoft/azure/management/compute/implementation/VirtualMachineImpl.java:[655,25] updateDataDisk(java.lang.String) in com.microsoft.azure.management.compute.implementation.VirtualMachineImpl implements updateDataDisk(java.lang.String) in com.microsoft.azure.management.compute.VirtualMachine.Update
  return type requires unchecked conversion from com.microsoft.azure.management.compute.implementation.DataDiskImpl to com.microsoft.azure.management.compute.DataDisk.Update<com.microsoft.azure.management.compute.VirtualMachine.Update>
[WARNING] /home/travis/build/failed/Azure/azure-sdk-for-java/azure-mgmt-compute/src/main/java/com/microsoft/azure/management/compute/implementation/VirtualMachineImpl.java:[530,25] defineExistingDataDisk(java.lang.String) in com.microsoft.azure.management.compute.implementation.VirtualMachineImpl implements defineExistingDataDisk(java.lang.String) in com.microsoft.azure.management.compute.VirtualMachine.Update
  return type requires unchecked conversion from com.microsoft.azure.management.compute.implementation.DataDiskImpl to com.microsoft.azure.management.compute.DataDisk.DefinitionAttachExistingDataDisk<com.microsoft.azure.management.compute.VirtualMachine.Update>
[WARNING] /home/travis/build/failed/Azure/azure-sdk-for-java/azure-mgmt-compute/src/main/java/com/microsoft/azure/management/compute/implementation/VirtualMachineImpl.java:[523,25] defineNewDataDisk(java.lang.String) in com.microsoft.azure.management.compute.implementation.VirtualMachineImpl implements defineNewDataDisk(java.lang.String) in com.microsoft.azure.management.compute.VirtualMachine.Update
  return type requires unchecked conversion from com.microsoft.azure.management.compute.implementation.DataDiskImpl to com.microsoft.azure.management.compute.DataDisk.DefinitionAttachNewDataDisk<com.microsoft.azure.management.compute.VirtualMachine.Update>
[WARNING] /home/travis/build/failed/Azure/azure-sdk-for-java/azure-mgmt-compute/src/main/java/com/microsoft/azure/management/compute/implementation/VirtualMachineImpl.java:[530,25] defineExistingDataDisk(java.lang.String) in com.microsoft.azure.management.compute.implementation.VirtualMachineImpl implements defineExistingDataDisk(java.lang.String) in com.microsoft.azure.management.compute.VirtualMachine.DefinitionWithDataDisk
  return type requires unchecked conversion from com.microsoft.azure.management.compute.implementation.DataDiskImpl to com.microsoft.azure.management.compute.DataDisk.DefinitionAttachExistingDataDisk<com.microsoft.azure.management.compute.VirtualMachine.DefinitionCreatable>
[WARNING] /home/travis/build/failed/Azure/azure-sdk-for-java/azure-mgmt-compute/src/main/java/com/microsoft/azure/management/compute/implementation/VirtualMachineImpl.java:[523,25] defineNewDataDisk(java.lang.String) in com.microsoft.azure.management.compute.implementation.VirtualMachineImpl implements defineNewDataDisk(java.lang.String) in com.microsoft.azure.management.compute.VirtualMachine.DefinitionWithDataDisk
  return type requires unchecked conversion from com.microsoft.azure.management.compute.implementation.DataDiskImpl to com.microsoft.azure.management.compute.DataDisk.DefinitionAttachNewDataDisk<com.microsoft.azure.management.compute.VirtualMachine.DefinitionCreatable>
[WARNING] /home/travis/build/failed/Azure/azure-sdk-for-java/azure-mgmt-compute/src/main/java/com/microsoft/azure/management/compute/implementation/VirtualMachineImpl.java:[742,23] unchecked call to add(E) as a member of the raw type java.util.List
[WARNING] /home/travis/build/failed/Azure/azure-sdk-for-java/azure-mgmt-compute/src/main/java/com/microsoft/azure/management/compute/implementation/VirtualMachineImpl.java:[744,16] unchecked conversion
  required: java.util.List<java.lang.String>
  found:    java.util.List
[INFO] 8 warnings 
[INFO] -------------------------------------------------------------
[INFO] -------------------------------------------------------------
[ERROR] COMPILATION ERROR : 
[INFO] -------------------------------------------------------------
[ERROR] /home/travis/build/failed/Azure/azure-sdk-for-java/azure-mgmt-compute/src/main/java/com/microsoft/azure/management/compute/implementation/VirtualMachineImpl.java:[892,38] cannot find symbol
  symbol:   variable AccountType
  location: class com.microsoft.azure.management.compute.implementation.VirtualMachineImpl
[INFO] 1 error
[INFO] -------------------------------------------------------------
[INFO] ------------------------------------------------------------------------
[INFO] Reactor Summary:
[INFO] 
[INFO] AutoRest Client Runtimes for Java .................. SUCCESS [  0.250 s]
[INFO] Build tools for AutoRest client runtime for Java ... SUCCESS [  1.109 s]
[INFO] Java Client Runtime for AutoRest ................... SUCCESS [  1.375 s]
[INFO] Azure Java Client Runtime for AutoRest ............. SUCCESS [  0.371 s]
[INFO] Azure Java Client Authentication Library for AutoRest SUCCESS [  0.364 s]
[INFO] Microsoft Azure SDK Parent ......................... SUCCESS [  0.007 s]
[INFO] Microsoft Azure SDK for Resource Management ........ SUCCESS [  1.610 s]
[INFO] Microsoft Azure SDK for Storage Management ......... SUCCESS [  0.355 s]
[INFO] Microsoft Azure SDK for Network Management ......... SUCCESS [  2.194 s]
[INFO] Microsoft Azure SDK for Compute Management ......... FAILURE [  0.556 s]
[INFO] Microsoft Azure SDK ................................ SKIPPED
[INFO] Microsoft Azure SDK for Batch Service .............. SKIPPED
[INFO] Microsoft Azure SDK for Website Management ......... SKIPPED
[INFO] Microsoft Azure SDK for Data Lake Store Management . SKIPPED
[INFO] Microsoft Azure SDK for Data Lake Analytics Management SKIPPED
[INFO] Microsoft Azure SDK for Data Lake Store Data Uploading SKIPPED
[INFO] ------------------------------------------------------------------------
[INFO] BUILD FAILURE
[INFO] ------------------------------------------------------------------------
[INFO] Total time: 8.395 s
[INFO] Finished at: 2022-01-23T05:55:52+00:00
[INFO] Final Memory: 25M/345M
[INFO] ------------------------------------------------------------------------
[ERROR] Failed to execute goal org.apache.maven.plugins:maven-compiler-plugin:3.1:compile (default-compile) on project azure-mgmt-compute: Compilation failure
[ERROR] /home/travis/build/failed/Azure/azure-sdk-for-java/azure-mgmt-compute/src/main/java/com/microsoft/azure/management/compute/implementation/VirtualMachineImpl.java:[892,38] cannot find symbol
[ERROR] symbol:   variable AccountType
[ERROR] location: class com.microsoft.azure.management.compute.implementation.VirtualMachineImpl
[ERROR] -> [Help 1]
[ERROR] 
[ERROR] To see the full stack trace of the errors, re-run Maven with the -e switch.
[ERROR] Re-run Maven using the -X switch to enable full debug logging.
[ERROR] 
[ERROR] For more information about the errors and possible solutions, please read the following articles:
[ERROR] [Help 1] http://cwiki.apache.org/confluence/display/MAVEN/MojoFailureException
[ERROR] 
[ERROR] After correcting the problems, you can resume the build with the command
[ERROR]   mvn <goals> -rf :azure-mgmt-compute

[31;1mThe command "eval mvn -o install -Dhttps.protocols=TLSv1.2 -DskipTests=true -Dmaven.javadoc.skip=true -B -V " failed. Retrying, 3 of 3.[0m

Java HotSpot(TM) 64-Bit Server VM warning: ignoring option MaxPermSize=192m; support was removed in 8.0
Apache Maven 3.2.5 (12a6b3acb947671f09b81f49094c53f426d8cea1; 2014-12-14T17:29:23+00:00)
Maven home: /usr/local/maven
Java version: 1.8.0_31, vendor: Oracle Corporation
Java home: /usr/lib/jvm/java-8-oracle/jre
Default locale: en_US, platform encoding: UTF-8
OS name: "linux", version: "4.15.0-109-generic", arch: "amd64", family: "unix"
[INFO] Scanning for projects...
[WARNING] 
[WARNING] Some problems were encountered while building the effective model for com.microsoft.rest:client-runtime:jar:1.0.0-SNAPSHOT
[WARNING] 'build.plugins.plugin.version' for org.codehaus.mojo:build-helper-maven-plugin is missing. @ com.microsoft.rest:client-runtime:[unknown-version], /home/travis/build/failed/Azure/azure-sdk-for-java/runtimes/client-runtime/pom.xml, line 100, column 15
[WARNING] 
[WARNING] Some problems were encountered while building the effective model for com.microsoft.azure:azure-client-runtime:jar:1.0.0-SNAPSHOT
[WARNING] 'build.plugins.plugin.version' for org.codehaus.mojo:build-helper-maven-plugin is missing. @ com.microsoft.azure:azure-client-runtime:[unknown-version], /home/travis/build/failed/Azure/azure-sdk-for-java/runtimes/azure-client-runtime/pom.xml, line 76, column 15
[WARNING] The expression ${parent.version} is deprecated. Please use ${project.parent.version} instead.
[WARNING] 
[WARNING] Some problems were encountered while building the effective model for com.microsoft.azure:azure-client-authentication:jar:1.0.0-SNAPSHOT
[WARNING] 'build.plugins.plugin.version' for org.codehaus.mojo:build-helper-maven-plugin is missing. @ com.microsoft.azure:azure-client-authentication:[unknown-version], /home/travis/build/failed/Azure/azure-sdk-for-java/runtimes/azure-client-authentication/pom.xml, line 81, column 15
[WARNING] 
[WARNING] Some problems were encountered while building the effective model for com.microsoft.azure:azure:jar:1.0.0-SNAPSHOT
[WARNING] 'build.plugins.plugin.version' for org.apache.maven.plugins:maven-jar-plugin is missing. @ com.microsoft.azure:azure:[unknown-version], /home/travis/build/failed/Azure/azure-sdk-for-java/azure/pom.xml, line 93, column 15
[WARNING] 'build.plugins.plugin.version' for org.codehaus.mojo:build-helper-maven-plugin is missing. @ com.microsoft.azure:azure:[unknown-version], /home/travis/build/failed/Azure/azure-sdk-for-java/azure/pom.xml, line 120, column 15
[WARNING] 
[WARNING] Some problems were encountered while building the effective model for com.microsoft.azure:azure-batch:jar:1.0.0-SNAPSHOT
[WARNING] 'build.plugins.plugin.version' for org.apache.maven.plugins:maven-jar-plugin is missing. @ com.microsoft.azure:azure-batch:[unknown-version], /home/travis/build/failed/Azure/azure-sdk-for-java/azure-batch/pom.xml, line 73, column 15
[WARNING] 'build.plugins.plugin.version' for org.codehaus.mojo:build-helper-maven-plugin is missing. @ com.microsoft.azure:azure-batch:[unknown-version], /home/travis/build/failed/Azure/azure-sdk-for-java/azure-batch/pom.xml, line 100, column 15
[WARNING] 
[WARNING] Some problems were encountered while building the effective model for com.microsoft.azure:azure-mgmt-compute:jar:1.0.0-SNAPSHOT
[WARNING] 'build.plugins.plugin.version' for org.apache.maven.plugins:maven-jar-plugin is missing. @ com.microsoft.azure:azure-mgmt-compute:[unknown-version], /home/travis/build/failed/Azure/azure-sdk-for-java/azure-mgmt-compute/pom.xml, line 83, column 15
[WARNING] 'build.plugins.plugin.version' for org.codehaus.mojo:build-helper-maven-plugin is missing. @ com.microsoft.azure:azure-mgmt-compute:[unknown-version], /home/travis/build/failed/Azure/azure-sdk-for-java/azure-mgmt-compute/pom.xml, line 104, column 15
[WARNING] 
[WARNING] Some problems were encountered while building the effective model for com.microsoft.azure:azure-mgmt-resources:jar:1.0.0-SNAPSHOT
[WARNING] 'build.plugins.plugin.version' for org.apache.maven.plugins:maven-jar-plugin is missing. @ com.microsoft.azure:azure-mgmt-resources:[unknown-version], /home/travis/build/failed/Azure/azure-sdk-for-java/azure-mgmt-resources/pom.xml, line 68, column 15
[WARNING] 'build.plugins.plugin.version' for org.codehaus.mojo:build-helper-maven-plugin is missing. @ com.microsoft.azure:azure-mgmt-resources:[unknown-version], /home/travis/build/failed/Azure/azure-sdk-for-java/azure-mgmt-resources/pom.xml, line 89, column 15
[WARNING] 
[WARNING] Some problems were encountered while building the effective model for com.microsoft.azure:azure-mgmt-storage:jar:1.0.0-SNAPSHOT
[WARNING] 'build.plugins.plugin.version' for org.apache.maven.plugins:maven-jar-plugin is missing. @ com.microsoft.azure:azure-mgmt-storage:[unknown-version], /home/travis/build/failed/Azure/azure-sdk-for-java/azure-mgmt-storage/pom.xml, line 73, column 15
[WARNING] 'build.plugins.plugin.version' for org.codehaus.mojo:build-helper-maven-plugin is missing. @ com.microsoft.azure:azure-mgmt-storage:[unknown-version], /home/travis/build/failed/Azure/azure-sdk-for-java/azure-mgmt-storage/pom.xml, line 85, column 15
[WARNING] 
[WARNING] Some problems were encountered while building the effective model for com.microsoft.azure:azure-mgmt-network:jar:1.0.0-SNAPSHOT
[WARNING] 'build.plugins.plugin.version' for org.apache.maven.plugins:maven-jar-plugin is missing. @ com.microsoft.azure:azure-mgmt-network:[unknown-version], /home/travis/build/failed/Azure/azure-sdk-for-java/azure-mgmt-network/pom.xml, line 67, column 15
[WARNING] 'build.plugins.plugin.version' for org.codehaus.mojo:build-helper-maven-plugin is missing. @ com.microsoft.azure:azure-mgmt-network:[unknown-version], /home/travis/build/failed/Azure/azure-sdk-for-java/azure-mgmt-network/pom.xml, line 94, column 15
[WARNING] 
[WARNING] Some problems were encountered while building the effective model for com.microsoft.azure:azure-mgmt-website:jar:1.0.0-SNAPSHOT
[WARNING] 'build.plugins.plugin.version' for org.apache.maven.plugins:maven-jar-plugin is missing. @ com.microsoft.azure:azure-mgmt-website:[unknown-version], /home/travis/build/failed/Azure/azure-sdk-for-java/azure-mgmt-website/pom.xml, line 68, column 15
[WARNING] 'build.plugins.plugin.version' for org.codehaus.mojo:build-helper-maven-plugin is missing. @ com.microsoft.azure:azure-mgmt-website:[unknown-version], /home/travis/build/failed/Azure/azure-sdk-for-java/azure-mgmt-website/pom.xml, line 89, column 15
[WARNING] 
[WARNING] Some problems were encountered while building the effective model for com.microsoft.azure:azure-mgmt-datalake-analytics:jar:1.0.0-SNAPSHOT
[WARNING] 'build.plugins.plugin.version' for org.apache.maven.plugins:maven-jar-plugin is missing. @ com.microsoft.azure:azure-mgmt-datalake-analytics:[unknown-version], /home/travis/build/failed/Azure/azure-sdk-for-java/azure-mgmt-datalake-analytics/pom.xml, line 86, column 15
[WARNING] 'build.plugins.plugin.version' for org.codehaus.mojo:build-helper-maven-plugin is missing. @ com.microsoft.azure:azure-mgmt-datalake-analytics:[unknown-version], /home/travis/build/failed/Azure/azure-sdk-for-java/azure-mgmt-datalake-analytics/pom.xml, line 113, column 15
[WARNING] 
[WARNING] Some problems were encountered while building the effective model for com.microsoft.azure:azure-mgmt-datalake-store:jar:1.0.0-SNAPSHOT
[WARNING] 'build.plugins.plugin.version' for org.apache.maven.plugins:maven-jar-plugin is missing. @ com.microsoft.azure:azure-mgmt-datalake-store:[unknown-version], /home/travis/build/failed/Azure/azure-sdk-for-java/azure-mgmt-datalake-store/pom.xml, line 74, column 15
[WARNING] 'build.plugins.plugin.version' for org.codehaus.mojo:build-helper-maven-plugin is missing. @ com.microsoft.azure:azure-mgmt-datalake-store:[unknown-version], /home/travis/build/failed/Azure/azure-sdk-for-java/azure-mgmt-datalake-store/pom.xml, line 101, column 15
[WARNING] 
[WARNING] Some problems were encountered while building the effective model for com.microsoft.azure:azure-mgmt-datalake-store-uploader:jar:1.0.0-SNAPSHOT
[WARNING] 'build.plugins.plugin.version' for org.apache.maven.plugins:maven-jar-plugin is missing. @ com.microsoft.azure:azure-mgmt-datalake-store-uploader:[unknown-version], /home/travis/build/failed/Azure/azure-sdk-for-java/azure-mgmt-datalake-store-uploader/pom.xml, line 85, column 15
[WARNING] 'build.plugins.plugin.version' for org.codehaus.mojo:build-helper-maven-plugin is missing. @ com.microsoft.azure:azure-mgmt-datalake-store-uploader:[unknown-version], /home/travis/build/failed/Azure/azure-sdk-for-java/azure-mgmt-datalake-store-uploader/pom.xml, line 112, column 15
[WARNING] 
[WARNING] It is highly recommended to fix these problems because they threaten the stability of your build.
[WARNING] 
[WARNING] For this reason, future Maven versions might no longer support building such malformed projects.
[WARNING] 
[INFO] ------------------------------------------------------------------------
[INFO] Reactor Build Order:
[INFO] 
[INFO] AutoRest Client Runtimes for Java
[INFO] Build tools for AutoRest client runtime for Java
[INFO] Java Client Runtime for AutoRest
[INFO] Azure Java Client Runtime for AutoRest
[INFO] Azure Java Client Authentication Library for AutoRest
[INFO] Microsoft Azure SDK Parent
[INFO] Microsoft Azure SDK for Resource Management
[INFO] Microsoft Azure SDK for Storage Management
[INFO] Microsoft Azure SDK for Network Management
[INFO] Microsoft Azure SDK for Compute Management
[INFO] Microsoft Azure SDK
[INFO] Microsoft Azure SDK for Batch Service
[INFO] Microsoft Azure SDK for Website Management
[INFO] Microsoft Azure SDK for Data Lake Store Management
[INFO] Microsoft Azure SDK for Data Lake Analytics Management
[INFO] Microsoft Azure SDK for Data Lake Store Data Uploading
[INFO]                                                                         
[INFO] ------------------------------------------------------------------------
[INFO] Building AutoRest Client Runtimes for Java 1.0.0-SNAPSHOT
[INFO] ------------------------------------------------------------------------
[INFO] 
[INFO] --- maven-install-plugin:2.4:install (default-install) @ autorest-clientruntime-for-java ---
[INFO] Installing /home/travis/build/failed/Azure/azure-sdk-for-java/runtimes/pom.xml to /home/travis/.m2/repository/com/microsoft/azure/autorest-clientruntime-for-java/1.0.0-SNAPSHOT/autorest-clientruntime-for-java-1.0.0-SNAPSHOT.pom
[INFO]                                                                         
[INFO] ------------------------------------------------------------------------
[INFO] Building Build tools for AutoRest client runtime for Java 1.0.0-SNAPSHOT
[INFO] ------------------------------------------------------------------------
[INFO] 
[INFO] --- maven-resources-plugin:2.4.3:resources (default-resources) @ autorest-build-tools ---
[INFO] Using 'UTF-8' encoding to copy filtered resources.
[INFO] Copying 2 resources
[INFO] 
[INFO] --- maven-compiler-plugin:3.1:compile (default-compile) @ autorest-build-tools ---
[INFO] No sources to compile
[INFO] 
[INFO] --- maven-resources-plugin:2.4.3:testResources (default-testResources) @ autorest-build-tools ---
[INFO] Using 'UTF-8' encoding to copy filtered resources.
[INFO] skip non existing resourceDirectory /home/travis/build/failed/Azure/azure-sdk-for-java/runtimes/build-tools/src/test/resources
[INFO] 
[INFO] --- maven-compiler-plugin:3.1:testCompile (default-testCompile) @ autorest-build-tools ---
[INFO] No sources to compile
[INFO] 
[INFO] --- maven-surefire-plugin:2.18.1:test (default-test) @ autorest-build-tools ---
[INFO] Tests are skipped.
[INFO] 
[INFO] --- maven-jar-plugin:2.4:jar (default-jar) @ autorest-build-tools ---
[INFO] 
[INFO] --- maven-install-plugin:2.4:install (default-install) @ autorest-build-tools ---
[INFO] Installing /home/travis/build/failed/Azure/azure-sdk-for-java/runtimes/build-tools/target/autorest-build-tools-1.0.0-SNAPSHOT.jar to /home/travis/.m2/repository/com/microsoft/azure/autorest-build-tools/1.0.0-SNAPSHOT/autorest-build-tools-1.0.0-SNAPSHOT.jar
[INFO] Installing /home/travis/build/failed/Azure/azure-sdk-for-java/runtimes/build-tools/pom.xml to /home/travis/.m2/repository/com/microsoft/azure/autorest-build-tools/1.0.0-SNAPSHOT/autorest-build-tools-1.0.0-SNAPSHOT.pom
[INFO]                                                                         
[INFO] ------------------------------------------------------------------------
[INFO] Building Java Client Runtime for AutoRest 1.0.0-SNAPSHOT
[INFO] ------------------------------------------------------------------------
[INFO] 
[INFO] --- maven-resources-plugin:2.4.3:resources (default-resources) @ client-runtime ---
[INFO] Using 'UTF-8' encoding to copy filtered resources.
[INFO] skip non existing resourceDirectory /home/travis/build/failed/Azure/azure-sdk-for-java/runtimes/client-runtime/src/main/resources
[INFO] 
[INFO] --- maven-compiler-plugin:3.1:compile (default-compile) @ client-runtime ---
[INFO] Changes detected - recompiling the module!
[INFO] Compiling 38 source files to /home/travis/build/failed/Azure/azure-sdk-for-java/runtimes/client-runtime/target/classes
[WARNING] bootstrap class path not set in conjunction with -source 1.7
[WARNING] /home/travis/build/failed/Azure/azure-sdk-for-java/runtimes/client-runtime/src/main/java/com/microsoft/rest/serializer/JacksonConverterFactory.java:[64,37] reader(com.fasterxml.jackson.databind.JavaType) in com.fasterxml.jackson.databind.ObjectMapper has been deprecated
[WARNING] /home/travis/build/failed/Azure/azure-sdk-for-java/runtimes/client-runtime/src/main/java/com/microsoft/rest/Validator.java:[45,51] unchecked method invocation: method of in class com.google.common.reflect.TypeToken is applied to given types
  required: java.lang.Class<T>
  found: java.lang.Class
[WARNING] /home/travis/build/failed/Azure/azure-sdk-for-java/runtimes/client-runtime/src/main/java/com/microsoft/rest/Validator.java:[45,52] unchecked conversion
  required: java.lang.Class<T>
  found:    java.lang.Class
[WARNING] /home/travis/build/failed/Azure/azure-sdk-for-java/runtimes/client-runtime/src/main/java/com/microsoft/rest/serializer/FlatteningDeserializer.java:[97,40] put(java.lang.String,com.fasterxml.jackson.databind.JsonNode) in com.fasterxml.jackson.databind.node.ObjectNode has been deprecated
[WARNING] /home/travis/build/failed/Azure/azure-sdk-for-java/runtimes/client-runtime/src/main/java/com/microsoft/rest/serializer/FlatteningSerializer.java:[117,33] put(java.lang.String,com.fasterxml.jackson.databind.JsonNode) in com.fasterxml.jackson.databind.node.ObjectNode has been deprecated
[INFO] 
[INFO] --- maven-resources-plugin:2.4.3:testResources (default-testResources) @ client-runtime ---
[INFO] Using 'UTF-8' encoding to copy filtered resources.
[INFO] skip non existing resourceDirectory /home/travis/build/failed/Azure/azure-sdk-for-java/runtimes/client-runtime/src/test/resources
[INFO] 
[INFO] --- maven-compiler-plugin:3.1:testCompile (default-testCompile) @ client-runtime ---
[INFO] Nothing to compile - all classes are up to date
[INFO] 
[INFO] --- maven-surefire-plugin:2.18.1:test (default-test) @ client-runtime ---
[INFO] Tests are skipped.
[INFO] 
[INFO] --- maven-jar-plugin:2.4:jar (default-jar) @ client-runtime ---
[INFO] Building jar: /home/travis/build/failed/Azure/azure-sdk-for-java/runtimes/client-runtime/target/client-runtime-1.0.0-SNAPSHOT.jar
[INFO] 
[INFO] --- maven-install-plugin:2.4:install (default-install) @ client-runtime ---
[INFO] Installing /home/travis/build/failed/Azure/azure-sdk-for-java/runtimes/client-runtime/target/client-runtime-1.0.0-SNAPSHOT.jar to /home/travis/.m2/repository/com/microsoft/rest/client-runtime/1.0.0-SNAPSHOT/client-runtime-1.0.0-SNAPSHOT.jar
[INFO] Installing /home/travis/build/failed/Azure/azure-sdk-for-java/runtimes/client-runtime/pom.xml to /home/travis/.m2/repository/com/microsoft/rest/client-runtime/1.0.0-SNAPSHOT/client-runtime-1.0.0-SNAPSHOT.pom
[INFO]                                                                         
[INFO] ------------------------------------------------------------------------
[INFO] Building Azure Java Client Runtime for AutoRest 1.0.0-SNAPSHOT
[INFO] ------------------------------------------------------------------------
[INFO] 
[INFO] --- maven-resources-plugin:2.4.3:resources (default-resources) @ azure-client-runtime ---
[INFO] Using 'UTF-8' encoding to copy filtered resources.
[INFO] skip non existing resourceDirectory /home/travis/build/failed/Azure/azure-sdk-for-java/runtimes/azure-client-runtime/src/main/resources
[INFO] 
[INFO] --- maven-compiler-plugin:3.1:compile (default-compile) @ azure-client-runtime ---
[INFO] Changes detected - recompiling the module!
[INFO] Compiling 27 source files to /home/travis/build/failed/Azure/azure-sdk-for-java/runtimes/azure-client-runtime/target/classes
[WARNING] bootstrap class path not set in conjunction with -source 1.7
[WARNING] /home/travis/build/failed/Azure/azure-sdk-for-java/runtimes/azure-client-runtime/src/main/java/com/microsoft/azure/Graph.java:[77,22] unchecked call to visit(U) as a member of the raw type com.microsoft.azure.Graph.Visitor
[WARNING] /home/travis/build/failed/Azure/azure-sdk-for-java/runtimes/azure-client-runtime/src/main/java/com/microsoft/azure/AzureResponse.java:[26,14] unchecked method invocation: constructor <init> in class com.microsoft.rest.ServiceResponse is applied to given types
  required: T,retrofit2.Response<okhttp3.ResponseBody>
  found: T,retrofit2.Response
[WARNING] /home/travis/build/failed/Azure/azure-sdk-for-java/runtimes/azure-client-runtime/src/main/java/com/microsoft/azure/AzureResponse.java:[26,21] unchecked conversion
  required: retrofit2.Response<okhttp3.ResponseBody>
  found:    retrofit2.Response
[INFO] 
[INFO] --- maven-resources-plugin:2.4.3:testResources (default-testResources) @ azure-client-runtime ---
[INFO] Using 'UTF-8' encoding to copy filtered resources.
[INFO] skip non existing resourceDirectory /home/travis/build/failed/Azure/azure-sdk-for-java/runtimes/azure-client-runtime/src/test/resources
[INFO] 
[INFO] --- maven-compiler-plugin:3.1:testCompile (default-testCompile) @ azure-client-runtime ---
[INFO] Nothing to compile - all classes are up to date
[INFO] 
[INFO] --- maven-surefire-plugin:2.18.1:test (default-test) @ azure-client-runtime ---
[INFO] Tests are skipped.
[INFO] 
[INFO] --- maven-jar-plugin:2.4:jar (default-jar) @ azure-client-runtime ---
[INFO] Building jar: /home/travis/build/failed/Azure/azure-sdk-for-java/runtimes/azure-client-runtime/target/azure-client-runtime-1.0.0-SNAPSHOT.jar
[INFO] 
[INFO] --- maven-install-plugin:2.4:install (default-install) @ azure-client-runtime ---
[INFO] Installing /home/travis/build/failed/Azure/azure-sdk-for-java/runtimes/azure-client-runtime/target/azure-client-runtime-1.0.0-SNAPSHOT.jar to /home/travis/.m2/repository/com/microsoft/azure/azure-client-runtime/1.0.0-SNAPSHOT/azure-client-runtime-1.0.0-SNAPSHOT.jar
[INFO] Installing /home/travis/build/failed/Azure/azure-sdk-for-java/runtimes/azure-client-runtime/pom.xml to /home/travis/.m2/repository/com/microsoft/azure/azure-client-runtime/1.0.0-SNAPSHOT/azure-client-runtime-1.0.0-SNAPSHOT.pom
[INFO]                                                                         
[INFO] ------------------------------------------------------------------------
[INFO] Building Azure Java Client Authentication Library for AutoRest 1.0.0-SNAPSHOT
[INFO] ------------------------------------------------------------------------
[INFO] 
[INFO] --- maven-resources-plugin:2.4.3:resources (default-resources) @ azure-client-authentication ---
[INFO] Using 'UTF-8' encoding to copy filtered resources.
[INFO] skip non existing resourceDirectory /home/travis/build/failed/Azure/azure-sdk-for-java/runtimes/azure-client-authentication/src/main/resources
[INFO] 
[INFO] --- maven-compiler-plugin:3.1:compile (default-compile) @ azure-client-authentication ---
[INFO] Changes detected - recompiling the module!
[INFO] Compiling 3 source files to /home/travis/build/failed/Azure/azure-sdk-for-java/runtimes/azure-client-authentication/target/classes
[WARNING] bootstrap class path not set in conjunction with -source 1.7
[INFO] 
[INFO] --- maven-resources-plugin:2.4.3:testResources (default-testResources) @ azure-client-authentication ---
[INFO] Using 'UTF-8' encoding to copy filtered resources.
[INFO] skip non existing resourceDirectory /home/travis/build/failed/Azure/azure-sdk-for-java/runtimes/azure-client-authentication/src/test/resources
[INFO] 
[INFO] --- maven-compiler-plugin:3.1:testCompile (default-testCompile) @ azure-client-authentication ---
[INFO] Nothing to compile - all classes are up to date
[INFO] 
[INFO] --- maven-surefire-plugin:2.18.1:test (default-test) @ azure-client-authentication ---
[INFO] Tests are skipped.
[INFO] 
[INFO] --- maven-jar-plugin:2.4:jar (default-jar) @ azure-client-authentication ---
[INFO] Building jar: /home/travis/build/failed/Azure/azure-sdk-for-java/runtimes/azure-client-authentication/target/azure-client-authentication-1.0.0-SNAPSHOT.jar
[INFO] 
[INFO] --- maven-install-plugin:2.4:install (default-install) @ azure-client-authentication ---
[INFO] Installing /home/travis/build/failed/Azure/azure-sdk-for-java/runtimes/azure-client-authentication/target/azure-client-authentication-1.0.0-SNAPSHOT.jar to /home/travis/.m2/repository/com/microsoft/azure/azure-client-authentication/1.0.0-SNAPSHOT/azure-client-authentication-1.0.0-SNAPSHOT.jar
[INFO] Installing /home/travis/build/failed/Azure/azure-sdk-for-java/runtimes/azure-client-authentication/pom.xml to /home/travis/.m2/repository/com/microsoft/azure/azure-client-authentication/1.0.0-SNAPSHOT/azure-client-authentication-1.0.0-SNAPSHOT.pom
[INFO]                                                                         
[INFO] ------------------------------------------------------------------------
[INFO] Building Microsoft Azure SDK Parent 1.0.0-SNAPSHOT
[INFO] ------------------------------------------------------------------------
[INFO] 
[INFO] --- maven-install-plugin:2.4:install (default-install) @ azure-parent ---
[INFO] Installing /home/travis/build/failed/Azure/azure-sdk-for-java/pom.xml to /home/travis/.m2/repository/com/microsoft/azure/azure-parent/1.0.0-SNAPSHOT/azure-parent-1.0.0-SNAPSHOT.pom
[INFO]                                                                         
[INFO] ------------------------------------------------------------------------
[INFO] Building Microsoft Azure SDK for Resource Management 1.0.0-SNAPSHOT
[INFO] ------------------------------------------------------------------------
[INFO] 
[INFO] --- maven-resources-plugin:2.4.3:resources (default-resources) @ azure-mgmt-resources ---
[INFO] Using 'UTF-8' encoding to copy filtered resources.
[INFO] skip non existing resourceDirectory /home/travis/build/failed/Azure/azure-sdk-for-java/azure-mgmt-resources/src/main/resources
[INFO] 
[INFO] --- maven-compiler-plugin:3.1:compile (default-compile) @ azure-mgmt-resources ---
[INFO] Changes detected - recompiling the module!
[INFO] Compiling 147 source files to /home/travis/build/failed/Azure/azure-sdk-for-java/azure-mgmt-resources/target/classes
[WARNING] bootstrap class path not set in conjunction with -source 1.7
[WARNING] /home/travis/build/failed/Azure/azure-sdk-for-java/azure-mgmt-resources/src/main/java/com/microsoft/azure/management/resources/fluentcore/arm/implementation/AzureConfigurableImpl.java:[33,20] unchecked cast
  required: T
  found:    com.microsoft.azure.management.resources.fluentcore.arm.implementation.AzureConfigurableImpl<T>
[WARNING] /home/travis/build/failed/Azure/azure-sdk-for-java/azure-mgmt-resources/src/main/java/com/microsoft/azure/management/resources/fluentcore/arm/implementation/AzureConfigurableImpl.java:[39,20] unchecked cast
  required: T
  found:    com.microsoft.azure.management.resources.fluentcore.arm.implementation.AzureConfigurableImpl<T>
[WARNING] /home/travis/build/failed/Azure/azure-sdk-for-java/azure-mgmt-resources/src/main/java/com/microsoft/azure/management/resources/fluentcore/arm/implementation/AzureConfigurableImpl.java:[45,20] unchecked cast
  required: T
  found:    com.microsoft.azure.management.resources.fluentcore.arm.implementation.AzureConfigurableImpl<T>
[INFO] 
[INFO] --- maven-resources-plugin:2.4.3:testResources (default-testResources) @ azure-mgmt-resources ---
[INFO] Using 'UTF-8' encoding to copy filtered resources.
[INFO] skip non existing resourceDirectory /home/travis/build/failed/Azure/azure-sdk-for-java/azure-mgmt-resources/src/test/resources
[INFO] 
[INFO] --- maven-compiler-plugin:3.1:testCompile (default-testCompile) @ azure-mgmt-resources ---
[INFO] Nothing to compile - all classes are up to date
[INFO] 
[INFO] --- maven-surefire-plugin:2.18.1:test (default-test) @ azure-mgmt-resources ---
[INFO] Tests are skipped.
[INFO] 
[INFO] --- maven-jar-plugin:2.4:jar (default-jar) @ azure-mgmt-resources ---
[INFO] Building jar: /home/travis/build/failed/Azure/azure-sdk-for-java/azure-mgmt-resources/target/azure-mgmt-resources-1.0.0-SNAPSHOT.jar
[INFO] 
[INFO] --- maven-install-plugin:2.4:install (default-install) @ azure-mgmt-resources ---
[INFO] Installing /home/travis/build/failed/Azure/azure-sdk-for-java/azure-mgmt-resources/target/azure-mgmt-resources-1.0.0-SNAPSHOT.jar to /home/travis/.m2/repository/com/microsoft/azure/azure-mgmt-resources/1.0.0-SNAPSHOT/azure-mgmt-resources-1.0.0-SNAPSHOT.jar
[INFO] Installing /home/travis/build/failed/Azure/azure-sdk-for-java/azure-mgmt-resources/pom.xml to /home/travis/.m2/repository/com/microsoft/azure/azure-mgmt-resources/1.0.0-SNAPSHOT/azure-mgmt-resources-1.0.0-SNAPSHOT.pom
[INFO]                                                                         
[INFO] ------------------------------------------------------------------------
[INFO] Building Microsoft Azure SDK for Storage Management 1.0.0-SNAPSHOT
[INFO] ------------------------------------------------------------------------
[INFO] 
[INFO] --- maven-resources-plugin:2.4.3:resources (default-resources) @ azure-mgmt-storage ---
[INFO] Using 'UTF-8' encoding to copy filtered resources.
[INFO] skip non existing resourceDirectory /home/travis/build/failed/Azure/azure-sdk-for-java/azure-mgmt-storage/src/main/resources
[INFO] 
[INFO] --- maven-compiler-plugin:3.1:compile (default-compile) @ azure-mgmt-storage ---
[INFO] Changes detected - recompiling the module!
[INFO] Compiling 47 source files to /home/travis/build/failed/Azure/azure-sdk-for-java/azure-mgmt-storage/target/classes
[WARNING] bootstrap class path not set in conjunction with -source 1.7
[INFO] 
[INFO] --- maven-resources-plugin:2.4.3:testResources (default-testResources) @ azure-mgmt-storage ---
[INFO] Using 'UTF-8' encoding to copy filtered resources.
[INFO] skip non existing resourceDirectory /home/travis/build/failed/Azure/azure-sdk-for-java/azure-mgmt-storage/src/test/resources
[INFO] 
[INFO] --- maven-compiler-plugin:3.1:testCompile (default-testCompile) @ azure-mgmt-storage ---
[INFO] Nothing to compile - all classes are up to date
[INFO] 
[INFO] --- maven-surefire-plugin:2.18.1:test (default-test) @ azure-mgmt-storage ---
[INFO] Tests are skipped.
[INFO] 
[INFO] --- maven-jar-plugin:2.4:jar (default-jar) @ azure-mgmt-storage ---
[INFO] Building jar: /home/travis/build/failed/Azure/azure-sdk-for-java/azure-mgmt-storage/target/azure-mgmt-storage-1.0.0-SNAPSHOT.jar
[INFO] 
[INFO] --- maven-install-plugin:2.4:install (default-install) @ azure-mgmt-storage ---
[INFO] Installing /home/travis/build/failed/Azure/azure-sdk-for-java/azure-mgmt-storage/target/azure-mgmt-storage-1.0.0-SNAPSHOT.jar to /home/travis/.m2/repository/com/microsoft/azure/azure-mgmt-storage/1.0.0-SNAPSHOT/azure-mgmt-storage-1.0.0-SNAPSHOT.jar
[INFO] Installing /home/travis/build/failed/Azure/azure-sdk-for-java/azure-mgmt-storage/pom.xml to /home/travis/.m2/repository/com/microsoft/azure/azure-mgmt-storage/1.0.0-SNAPSHOT/azure-mgmt-storage-1.0.0-SNAPSHOT.pom
[INFO]                                                                         
[INFO] ------------------------------------------------------------------------
[INFO] Building Microsoft Azure SDK for Network Management 1.0.0-SNAPSHOT
[INFO] ------------------------------------------------------------------------
[INFO] 
[INFO] --- maven-resources-plugin:2.4.3:resources (default-resources) @ azure-mgmt-network ---
[INFO] Using 'UTF-8' encoding to copy filtered resources.
[INFO] skip non existing resourceDirectory /home/travis/build/failed/Azure/azure-sdk-for-java/azure-mgmt-network/src/main/resources
[INFO] 
[INFO] --- maven-compiler-plugin:3.1:compile (default-compile) @ azure-mgmt-network ---
[INFO] Changes detected - recompiling the module!
[INFO] Compiling 141 source files to /home/travis/build/failed/Azure/azure-sdk-for-java/azure-mgmt-network/target/classes
[WARNING] bootstrap class path not set in conjunction with -source 1.7
[WARNING] /home/travis/build/failed/Azure/azure-sdk-for-java/azure-mgmt-network/src/main/java/com/microsoft/azure/management/network/implementation/NetworkInterfaceImpl.java:[172,35] defineSecondaryIpConfiguration(java.lang.String) in com.microsoft.azure.management.network.implementation.NetworkInterfaceImpl implements defineSecondaryIpConfiguration(java.lang.String) in com.microsoft.azure.management.network.NetworkInterface.DefinitionCreatable
  return type requires unchecked conversion from com.microsoft.azure.management.network.implementation.NicIpConfigurationImpl to com.microsoft.azure.management.network.NicIpConfiguration.DefinitionBlank<com.microsoft.azure.management.network.NetworkInterface.DefinitionCreatable>
[WARNING] /home/travis/build/failed/Azure/azure-sdk-for-java/azure-mgmt-network/src/main/java/com/microsoft/azure/management/network/implementation/NetworkInterfaceImpl.java:[177,35] updateIpConfiguration(java.lang.String) in com.microsoft.azure.management.network.implementation.NetworkInterfaceImpl implements updateIpConfiguration(java.lang.String) in com.microsoft.azure.management.network.NetworkInterface.Update
  return type requires unchecked conversion from com.microsoft.azure.management.network.implementation.NicIpConfigurationImpl to com.microsoft.azure.management.network.NicIpConfiguration.Update<com.microsoft.azure.management.network.NetworkInterface.Update>
[WARNING] /home/travis/build/failed/Azure/azure-sdk-for-java/azure-mgmt-network/src/main/java/com/microsoft/azure/management/network/implementation/NetworkInterfaceImpl.java:[172,35] defineSecondaryIpConfiguration(java.lang.String) in com.microsoft.azure.management.network.implementation.NetworkInterfaceImpl implements defineSecondaryIpConfiguration(java.lang.String) in com.microsoft.azure.management.network.NetworkInterface.Update
  return type requires unchecked conversion from com.microsoft.azure.management.network.implementation.NicIpConfigurationImpl to com.microsoft.azure.management.network.NicIpConfiguration.DefinitionBlank<com.microsoft.azure.management.network.NetworkInterface.Update>
[INFO] 
[INFO] --- maven-resources-plugin:2.4.3:testResources (default-testResources) @ azure-mgmt-network ---
[INFO] Using 'UTF-8' encoding to copy filtered resources.
[INFO] skip non existing resourceDirectory /home/travis/build/failed/Azure/azure-sdk-for-java/azure-mgmt-network/src/test/resources
[INFO] 
[INFO] --- maven-compiler-plugin:3.1:testCompile (default-testCompile) @ azure-mgmt-network ---
[INFO] No sources to compile
[INFO] 
[INFO] --- maven-surefire-plugin:2.18.1:test (default-test) @ azure-mgmt-network ---
[INFO] Tests are skipped.
[INFO] 
[INFO] --- maven-jar-plugin:2.4:jar (default-jar) @ azure-mgmt-network ---
[INFO] Building jar: /home/travis/build/failed/Azure/azure-sdk-for-java/azure-mgmt-network/target/azure-mgmt-network-1.0.0-SNAPSHOT.jar
[INFO] 
[INFO] --- maven-install-plugin:2.4:install (default-install) @ azure-mgmt-network ---
[INFO] Installing /home/travis/build/failed/Azure/azure-sdk-for-java/azure-mgmt-network/target/azure-mgmt-network-1.0.0-SNAPSHOT.jar to /home/travis/.m2/repository/com/microsoft/azure/azure-mgmt-network/1.0.0-SNAPSHOT/azure-mgmt-network-1.0.0-SNAPSHOT.jar
[INFO] Installing /home/travis/build/failed/Azure/azure-sdk-for-java/azure-mgmt-network/pom.xml to /home/travis/.m2/repository/com/microsoft/azure/azure-mgmt-network/1.0.0-SNAPSHOT/azure-mgmt-network-1.0.0-SNAPSHOT.pom
[INFO]                                                                         
[INFO] ------------------------------------------------------------------------
[INFO] Building Microsoft Azure SDK for Compute Management 1.0.0-SNAPSHOT
[INFO] ------------------------------------------------------------------------
[INFO] 
[INFO] --- maven-resources-plugin:2.4.3:resources (default-resources) @ azure-mgmt-compute ---
[INFO] Using 'UTF-8' encoding to copy filtered resources.
[INFO] skip non existing resourceDirectory /home/travis/build/failed/Azure/azure-sdk-for-java/azure-mgmt-compute/src/main/resources
[INFO] 
[INFO] --- maven-compiler-plugin:3.1:compile (default-compile) @ azure-mgmt-compute ---
[INFO] Changes detected - recompiling the module!
[INFO] Compiling 121 source files to /home/travis/build/failed/Azure/azure-sdk-for-java/azure-mgmt-compute/target/classes
[INFO] -------------------------------------------------------------
[WARNING] COMPILATION WARNING : 
[INFO] -------------------------------------------------------------
[WARNING] bootstrap class path not set in conjunction with -source 1.7
[WARNING] /home/travis/build/failed/Azure/azure-sdk-for-java/azure-mgmt-compute/src/main/java/com/microsoft/azure/management/compute/implementation/VirtualMachineImpl.java:[655,25] updateDataDisk(java.lang.String) in com.microsoft.azure.management.compute.implementation.VirtualMachineImpl implements updateDataDisk(java.lang.String) in com.microsoft.azure.management.compute.VirtualMachine.Update
  return type requires unchecked conversion from com.microsoft.azure.management.compute.implementation.DataDiskImpl to com.microsoft.azure.management.compute.DataDisk.Update<com.microsoft.azure.management.compute.VirtualMachine.Update>
[WARNING] /home/travis/build/failed/Azure/azure-sdk-for-java/azure-mgmt-compute/src/main/java/com/microsoft/azure/management/compute/implementation/VirtualMachineImpl.java:[530,25] defineExistingDataDisk(java.lang.String) in com.microsoft.azure.management.compute.implementation.VirtualMachineImpl implements defineExistingDataDisk(java.lang.String) in com.microsoft.azure.management.compute.VirtualMachine.Update
  return type requires unchecked conversion from com.microsoft.azure.management.compute.implementation.DataDiskImpl to com.microsoft.azure.management.compute.DataDisk.DefinitionAttachExistingDataDisk<com.microsoft.azure.management.compute.VirtualMachine.Update>
[WARNING] /home/travis/build/failed/Azure/azure-sdk-for-java/azure-mgmt-compute/src/main/java/com/microsoft/azure/management/compute/implementation/VirtualMachineImpl.java:[523,25] defineNewDataDisk(java.lang.String) in com.microsoft.azure.management.compute.implementation.VirtualMachineImpl implements defineNewDataDisk(java.lang.String) in com.microsoft.azure.management.compute.VirtualMachine.Update
  return type requires unchecked conversion from com.microsoft.azure.management.compute.implementation.DataDiskImpl to com.microsoft.azure.management.compute.DataDisk.DefinitionAttachNewDataDisk<com.microsoft.azure.management.compute.VirtualMachine.Update>
[WARNING] /home/travis/build/failed/Azure/azure-sdk-for-java/azure-mgmt-compute/src/main/java/com/microsoft/azure/management/compute/implementation/VirtualMachineImpl.java:[530,25] defineExistingDataDisk(java.lang.String) in com.microsoft.azure.management.compute.implementation.VirtualMachineImpl implements defineExistingDataDisk(java.lang.String) in com.microsoft.azure.management.compute.VirtualMachine.DefinitionWithDataDisk
  return type requires unchecked conversion from com.microsoft.azure.management.compute.implementation.DataDiskImpl to com.microsoft.azure.management.compute.DataDisk.DefinitionAttachExistingDataDisk<com.microsoft.azure.management.compute.VirtualMachine.DefinitionCreatable>
[WARNING] /home/travis/build/failed/Azure/azure-sdk-for-java/azure-mgmt-compute/src/main/java/com/microsoft/azure/management/compute/implementation/VirtualMachineImpl.java:[523,25] defineNewDataDisk(java.lang.String) in com.microsoft.azure.management.compute.implementation.VirtualMachineImpl implements defineNewDataDisk(java.lang.String) in com.microsoft.azure.management.compute.VirtualMachine.DefinitionWithDataDisk
  return type requires unchecked conversion from com.microsoft.azure.management.compute.implementation.DataDiskImpl to com.microsoft.azure.management.compute.DataDisk.DefinitionAttachNewDataDisk<com.microsoft.azure.management.compute.VirtualMachine.DefinitionCreatable>
[WARNING] /home/travis/build/failed/Azure/azure-sdk-for-java/azure-mgmt-compute/src/main/java/com/microsoft/azure/management/compute/implementation/VirtualMachineImpl.java:[742,23] unchecked call to add(E) as a member of the raw type java.util.List
[WARNING] /home/travis/build/failed/Azure/azure-sdk-for-java/azure-mgmt-compute/src/main/java/com/microsoft/azure/management/compute/implementation/VirtualMachineImpl.java:[744,16] unchecked conversion
  required: java.util.List<java.lang.String>
  found:    java.util.List
[INFO] 8 warnings 
[INFO] -------------------------------------------------------------
[INFO] -------------------------------------------------------------
[ERROR] COMPILATION ERROR : 
[INFO] -------------------------------------------------------------
[ERROR] /home/travis/build/failed/Azure/azure-sdk-for-java/azure-mgmt-compute/src/main/java/com/microsoft/azure/management/compute/implementation/VirtualMachineImpl.java:[892,38] cannot find symbol
  symbol:   variable AccountType
  location: class com.microsoft.azure.management.compute.implementation.VirtualMachineImpl
[INFO] 1 error
[INFO] -------------------------------------------------------------
[INFO] ------------------------------------------------------------------------
[INFO] Reactor Summary:
[INFO] 
[INFO] AutoRest Client Runtimes for Java .................. SUCCESS [  0.247 s]
[INFO] Build tools for AutoRest client runtime for Java ... SUCCESS [  1.091 s]
[INFO] Java Client Runtime for AutoRest ................... SUCCESS [  1.577 s]
[INFO] Azure Java Client Runtime for AutoRest ............. SUCCESS [  0.363 s]
[INFO] Azure Java Client Authentication Library for AutoRest SUCCESS [  0.270 s]
[INFO] Microsoft Azure SDK Parent ......................... SUCCESS [  0.004 s]
[INFO] Microsoft Azure SDK for Resource Management ........ SUCCESS [  1.665 s]
[INFO] Microsoft Azure SDK for Storage Management ......... SUCCESS [  0.343 s]
[INFO] Microsoft Azure SDK for Network Management ......... SUCCESS [  1.800 s]
[INFO] Microsoft Azure SDK for Compute Management ......... FAILURE [  0.579 s]
[INFO] Microsoft Azure SDK ................................ SKIPPED
[INFO] Microsoft Azure SDK for Batch Service .............. SKIPPED
[INFO] Microsoft Azure SDK for Website Management ......... SKIPPED
[INFO] Microsoft Azure SDK for Data Lake Store Management . SKIPPED
[INFO] Microsoft Azure SDK for Data Lake Analytics Management SKIPPED
[INFO] Microsoft Azure SDK for Data Lake Store Data Uploading SKIPPED
[INFO] ------------------------------------------------------------------------
[INFO] BUILD FAILURE
[INFO] ------------------------------------------------------------------------
[INFO] Total time: 8.181 s
[INFO] Finished at: 2022-01-23T05:56:04+00:00
[INFO] Final Memory: 25M/349M
[INFO] ------------------------------------------------------------------------
[ERROR] Failed to execute goal org.apache.maven.plugins:maven-compiler-plugin:3.1:compile (default-compile) on project azure-mgmt-compute: Compilation failure
[ERROR] /home/travis/build/failed/Azure/azure-sdk-for-java/azure-mgmt-compute/src/main/java/com/microsoft/azure/management/compute/implementation/VirtualMachineImpl.java:[892,38] cannot find symbol
[ERROR] symbol:   variable AccountType
[ERROR] location: class com.microsoft.azure.management.compute.implementation.VirtualMachineImpl
[ERROR] -> [Help 1]
[ERROR] 
[ERROR] To see the full stack trace of the errors, re-run Maven with the -e switch.
[ERROR] Re-run Maven using the -X switch to enable full debug logging.
[ERROR] 
[ERROR] For more information about the errors and possible solutions, please read the following articles:
[ERROR] [Help 1] http://cwiki.apache.org/confluence/display/MAVEN/MojoFailureException
[ERROR] 
[ERROR] After correcting the problems, you can resume the build with the command
[ERROR]   mvn <goals> -rf :azure-mgmt-compute

[31;1mThe command "eval mvn -o install -Dhttps.protocols=TLSv1.2 -DskipTests=true -Dmaven.javadoc.skip=true -B -V " failed 3 times.[0m


travis_time:end:03911a87:start=1642917198784150592,finish=1642917365920019231,duration=167135868639[0K
[31;1mThe command "mvn -o install -Dhttps.protocols=TLSv1.2 -DskipTests=true -Dmaven.javadoc.skip=true -B -V" failed and exited with 1 during .[0m

Your build has been stopped.
