travis_fold:start:system_info[0K[33;1mBuild system information[0m
Build language: java
Build group: stable
Build dist: trusty
Build id: ''
Job id: ''
[34m[1mBuild image provisioning date and time[0m
Tue Dec  5 20:11:19 UTC 2017
[34m[1mOperating System Details[0m
Distributor ID:	Ubuntu
Description:	Ubuntu 14.04.5 LTS
Release:	14.04
Codename:	trusty
[34m[1mCookbooks Version[0m
7c2c6a6 https://github.com/travis-ci/travis-cookbooks/tree/7c2c6a6
[34m[1mgit version[0m
git version 2.15.1
[34m[1mbash version[0m
GNU bash, version 4.3.11(1)-release (x86_64-pc-linux-gnu)
[34m[1mgcc version[0m
gcc (Ubuntu 4.8.4-2ubuntu1~14.04.3) 4.8.4
Copyright (C) 2013 Free Software Foundation, Inc.
This is free software; see the source for copying conditions.  There is NO
warranty; not even for MERCHANTABILITY or FITNESS FOR A PARTICULAR PURPOSE.

[34m[1mdocker version[0m
Client:
 Version:      17.09.0-ce
 API version:  1.32
 Go version:   go1.8.3
 Git commit:   afdb6d4
 Built:        Tue Sep 26 22:39:28 2017
 OS/Arch:      linux/amd64
[34m[1mclang version[0m
clang version 5.0.0 (tags/RELEASE_500/final)
Target: x86_64-unknown-linux-gnu
Thread model: posix
InstalledDir: /usr/local/clang-5.0.0/bin
[34m[1mjq version[0m
jq-1.5
[34m[1mbats version[0m
Bats 0.4.0
[34m[1mshellcheck version[0m
0.4.6
[34m[1mshfmt version[0m
v2.0.0
[34m[1mccache version[0m
ccache version 3.1.9

Copyright (C) 2002-2007 Andrew Tridgell
Copyright (C) 2009-2011 Joel Rosdahl

This program is free software; you can redistribute it and/or modify it under
the terms of the GNU General Public License as published by the Free Software
Foundation; either version 3 of the License, or (at your option) any later
version.
[34m[1mcmake version[0m
cmake version 3.9.2

CMake suite maintained and supported by Kitware (kitware.com/cmake).
[34m[1mheroku version[0m
heroku-cli/6.14.39-addc925 (linux-x64) node-v9.2.0
[34m[1mimagemagick version[0m
Version: ImageMagick 6.7.7-10 2017-07-31 Q16 http://www.imagemagick.org
[34m[1mmd5deep version[0m
4.2
[34m[1mmercurial version[0m
Mercurial Distributed SCM (version 4.2.2)
(see https://mercurial-scm.org for more information)

Copyright (C) 2005-2017 Matt Mackall and others
This is free software; see the source for copying conditions. There is NO
warranty; not even for MERCHANTABILITY or FITNESS FOR A PARTICULAR PURPOSE.
[34m[1mmysql version[0m
mysql  Ver 14.14 Distrib 5.6.33, for debian-linux-gnu (x86_64) using  EditLine wrapper
[34m[1mopenssl version[0m
OpenSSL 1.0.1f 6 Jan 2014
[34m[1mpacker version[0m
Packer v1.0.2

Your version of Packer is out of date! The latest version
is 1.1.2. You can update by downloading from www.packer.io
[34m[1mpostgresql client version[0m
psql (PostgreSQL) 9.6.6
[34m[1mragel version[0m
Ragel State Machine Compiler version 6.8 Feb 2013
Copyright (c) 2001-2009 by Adrian Thurston
[34m[1msubversion version[0m
svn, version 1.8.8 (r1568071)
   compiled Aug 10 2017, 17:20:39 on x86_64-pc-linux-gnu

Copyright (C) 2013 The Apache Software Foundation.
This software consists of contributions made by many people;
see the NOTICE file for more information.
Subversion is open source software, see http://subversion.apache.org/

The following repository access (RA) modules are available:

* ra_svn : Module for accessing a repository using the svn network protocol.
  - with Cyrus SASL authentication
  - handles 'svn' scheme
* ra_local : Module for accessing a repository on local disk.
  - handles 'file' scheme
* ra_serf : Module for accessing a repository via WebDAV protocol using serf.
  - using serf 1.3.3
  - handles 'http' scheme
  - handles 'https' scheme

[34m[1msudo version[0m
Sudo version 1.8.9p5
Configure options: --prefix=/usr -v --with-all-insults --with-pam --with-fqdn --with-logging=syslog --with-logfac=authpriv --with-env-editor --with-editor=/usr/bin/editor --with-timeout=15 --with-password-timeout=0 --with-passprompt=[sudo] password for %p:  --without-lecture --with-tty-tickets --disable-root-mailer --enable-admin-flag --with-sendmail=/usr/sbin/sendmail --with-timedir=/var/lib/sudo --mandir=/usr/share/man --libexecdir=/usr/lib/sudo --with-sssd --with-sssd-lib=/usr/lib/x86_64-linux-gnu --with-selinux
Sudoers policy plugin version 1.8.9p5
Sudoers file grammar version 43

Sudoers path: /etc/sudoers
Authentication methods: 'pam'
Syslog facility if syslog is being used for logging: authpriv
Syslog priority to use when user authenticates successfully: notice
Syslog priority to use when user authenticates unsuccessfully: alert
Send mail if the user is not in sudoers
Use a separate timestamp for each user/tty combo
Lecture user the first time they run sudo
Root may run sudo
Allow some information gathering to give useful error messages
Require fully-qualified hostnames in the sudoers file
Visudo will honor the EDITOR environment variable
Set the LOGNAME and USER environment variables
Length at which to wrap log file lines (0 for no wrap): 80
Authentication timestamp timeout: 15.0 minutes
Password prompt timeout: 0.0 minutes
Number of tries to enter a password: 3
Umask to use or 0777 to use user's: 022
Path to mail program: /usr/sbin/sendmail
Flags for mail program: -t
Address to send mail to: root
Subject line for mail messages: *** SECURITY information for %h ***
Incorrect password message: Sorry, try again.
Path to authentication timestamp dir: /var/lib/sudo
Default password prompt: [sudo] password for %p: 
Default user to run commands as: root
Value to override user's $PATH with: /usr/local/sbin:/usr/local/bin:/usr/sbin:/usr/bin:/sbin:/bin:/snap/bin
Path to the editor for use by visudo: /usr/bin/editor
When to require a password for 'list' pseudocommand: any
When to require a password for 'verify' pseudocommand: all
File descriptors >= 3 will be closed before executing a command
Environment variables to check for sanity:
	TZ
	TERM
	LINGUAS
	LC_*
	LANGUAGE
	LANG
	COLORTERM
Environment variables to remove:
	RUBYOPT
	RUBYLIB
	PYTHONUSERBASE
	PYTHONINSPECT
	PYTHONPATH
	PYTHONHOME
	TMPPREFIX
	ZDOTDIR
	READNULLCMD
	NULLCMD
	FPATH
	PERL5DB
	PERL5OPT
	PERL5LIB
	PERLLIB
	PERLIO_DEBUG 
	JAVA_TOOL_OPTIONS
	SHELLOPTS
	GLOBIGNORE
	PS4
	BASH_ENV
	ENV
	TERMCAP
	TERMPATH
	TERMINFO_DIRS
	TERMINFO
	_RLD*
	LD_*
	PATH_LOCALE
	NLSPATH
	HOSTALIASES
	RES_OPTIONS
	LOCALDOMAIN
	CDPATH
	IFS
Environment variables to preserve:
	JAVA_HOME
	TRAVIS
	CI
	DEBIAN_FRONTEND
	XAUTHORIZATION
	XAUTHORITY
	PS2
	PS1
	PATH
	LS_COLORS
	KRB5CCNAME
	HOSTNAME
	HOME
	DISPLAY
	COLORS
Locale to use while parsing sudoers: C
Directory in which to store input/output logs: /var/log/sudo-io
File in which to store the input/output log: %{seq}
Add an entry to the utmp/utmpx file when allocating a pty
PAM service name to use
PAM service name to use for login shells
Create a new PAM session for the command to run in
Maximum I/O log sequence number: 0

Local IP address and netmask pairs:
	172.17.0.2/255.255.0.0

Sudoers I/O plugin version 1.8.9p5
[34m[1mgzip version[0m
gzip 1.6
Copyright (C) 2007, 2010, 2011 Free Software Foundation, Inc.
Copyright (C) 1993 Jean-loup Gailly.
This is free software.  You may redistribute copies of it under the terms of
the GNU General Public License <http://www.gnu.org/licenses/gpl.html>.
There is NO WARRANTY, to the extent permitted by law.

Written by Jean-loup Gailly.
[34m[1mzip version[0m
Copyright (c) 1990-2008 Info-ZIP - Type 'zip "-L"' for software license.
This is Zip 3.0 (July 5th 2008), by Info-ZIP.
Currently maintained by E. Gordon.  Please send bug reports to
the authors using the web page at www.info-zip.org; see README for details.

Latest sources and executables are at ftp://ftp.info-zip.org/pub/infozip,
as of above date; see http://www.info-zip.org/ for other sites.

Compiled with gcc 4.8.2 for Unix (Linux ELF) on Oct 21 2013.

Zip special compilation options:
	USE_EF_UT_TIME       (store Universal Time)
	BZIP2_SUPPORT        (bzip2 library version 1.0.6, 6-Sept-2010)
	    bzip2 code and library copyright (c) Julian R Seward
	    (See the bzip2 license for terms of use)
	SYMLINK_SUPPORT      (symbolic links supported)
	LARGE_FILE_SUPPORT   (can read and write large files on file system)
	ZIP64_SUPPORT        (use Zip64 to store large files in archives)
	UNICODE_SUPPORT      (store and read UTF-8 Unicode paths)
	STORE_UNIX_UIDs_GIDs (store UID/GID sizes/values using new extra field)
	UIDGID_NOT_16BIT     (old Unix 16-bit UID/GID extra field not used)
	[encryption, version 2.91 of 05 Jan 2007] (modified for Zip 3)

Encryption notice:
	The encryption code of this program is not copyrighted and is
	put in the public domain.  It was originally written in Europe
	and, to the best of our knowledge, can be freely distributed
	in both source and object forms from any country, including
	the USA under License Exception TSU of the U.S. Export
	Administration Regulations (section 740.13(e)) of 6 June 2002.

Zip environment options:
             ZIP:  [none]
          ZIPOPT:  [none]
[34m[1mvim version[0m
VIM - Vi IMproved 7.4 (2013 Aug 10, compiled Nov 24 2016 16:43:18)
Included patches: 1-52
Extra patches: 8.0.0056
Modified by pkg-vim-maintainers@lists.alioth.debian.org
Compiled by buildd@
Huge version without GUI.  Features included (+) or not (-):
+acl             +farsi           +mouse_netterm   +syntax
+arabic          +file_in_path    +mouse_sgr       +tag_binary
+autocmd         +find_in_path    -mouse_sysmouse  +tag_old_static
-balloon_eval    +float           +mouse_urxvt     -tag_any_white
-browse          +folding         +mouse_xterm     -tcl
++builtin_terms  -footer          +multi_byte      +terminfo
+byte_offset     +fork()          +multi_lang      +termresponse
+cindent         +gettext         -mzscheme        +textobjects
-clientserver    -hangul_input    +netbeans_intg   +title
-clipboard       +iconv           +path_extra      -toolbar
+cmdline_compl   +insert_expand   -perl            +user_commands
+cmdline_hist    +jumplist        +persistent_undo +vertsplit
+cmdline_info    +keymap          +postscript      +virtualedit
+comments        +langmap         +printer         +visual
+conceal         +libcall         +profile         +visualextra
+cryptv          +linebreak       +python          +viminfo
+cscope          +lispindent      -python3         +vreplace
+cursorbind      +listcmds        +quickfix        +wildignore
+cursorshape     +localmap        +reltime         +wildmenu
+dialog_con      -lua             +rightleft       +windows
+diff            +menu            -ruby            +writebackup
+digraphs        +mksession       +scrollbind      -X11
-dnd             +modify_fname    +signs           -xfontset
-ebcdic          +mouse           +smartindent     -xim
+emacs_tags      -mouseshape      -sniff           -xsmp
+eval            +mouse_dec       +startuptime     -xterm_clipboard
+ex_extra        +mouse_gpm       +statusline      -xterm_save
+extra_search    -mouse_jsbterm   -sun_workshop    -xpm
   system vimrc file: "$VIM/vimrc"
     user vimrc file: "$HOME/.vimrc"
 2nd user vimrc file: "~/.vim/vimrc"
      user exrc file: "$HOME/.exrc"
  fall-back for $VIM: "/usr/share/vim"
Compilation: gcc -c -I. -Iproto -DHAVE_CONFIG_H     -g -O2 -fstack-protector --param=ssp-buffer-size=4 -Wformat -Werror=format-security -U_FORTIFY_SOURCE -D_FORTIFY_SOURCE=1      
Linking: gcc   -Wl,-Bsymbolic-functions -Wl,-z,relro -Wl,--as-needed -o vim        -lm -ltinfo -lnsl  -lselinux  -lacl -lattr -lgpm -ldl    -L/usr/lib/python2.7/config-x86_64-linux-gnu -lpython2.7 -lpthread -ldl -lutil -lm -Xlinker -export-dynamic -Wl,-O1 -Wl,-Bsymbolic-functions      
[34m[1miptables version[0m
iptables v1.4.21
[34m[1mcurl version[0m
curl 7.35.0 (x86_64-pc-linux-gnu) libcurl/7.35.0 OpenSSL/1.0.1f zlib/1.2.8 libidn/1.28 librtmp/2.3
[34m[1mwget version[0m
GNU Wget 1.15 built on linux-gnu.
[34m[1mrsync version[0m
rsync  version 3.1.0  protocol version 31
[34m[1mgimme version[0m
v1.2.0
[34m[1mnvm version[0m
0.33.6
[34m[1mperlbrew version[0m
/home/travis/perl5/perlbrew/bin/perlbrew  - App::perlbrew/0.80
[34m[1mphpenv version[0m
rbenv 1.1.1-25-g6aa70b6
[34m[1mrvm version[0m
rvm 1.29.3 (latest) by Michal Papis, Piotr Kuczynski, Wayne E. Seguin [https://rvm.io]
[34m[1mdefault ruby version[0m
ruby 2.4.1p111 (2017-03-22 revision 58053) [x86_64-linux]
[34m[1mCouchDB version[0m
couchdb 1.6.1
[34m[1mElasticSearch version[0m
5.5.0
[34m[1mInstalled Firefox version[0m
firefox 56.0.2
[34m[1mMongoDB version[0m
MongoDB 3.4.10
[34m[1mPhantomJS version[0m
2.1.1
[34m[1mPre-installed PostgreSQL versions[0m
9.2.24
9.3.20
9.4.15
9.5.10
9.6.6
[34m[1mRabbitMQ Version[0m
3.6.14
[34m[1mRedis version[0m
redis-server 4.0.6
[34m[1mriak version[0m
2.2.3
[34m[1mPre-installed Go versions[0m
1.7.4
[34m[1mant version[0m
Apache Ant(TM) version 1.9.3 compiled on April 8 2014
[34m[1mmvn version[0m
Apache Maven 3.5.2 (138edd61fd100ec658bfa2d307c43b76940a5d7d; 2017-10-18T07:58:13Z)
Maven home: /usr/local/maven-3.5.2
Java version: 1.8.0_151, vendor: Oracle Corporation
Java home: /usr/lib/jvm/java-8-oracle/jre
Default locale: en_US, platform encoding: UTF-8
OS name: "linux", version: "4.4.0-101-generic", arch: "amd64", family: "unix"
[34m[1mgradle version[0m

------------------------------------------------------------
Gradle 4.0.1
------------------------------------------------------------

Build time:   2017-07-07 14:02:41 UTC
Revision:     38e5dc0f772daecca1d2681885d3d85414eb6826

Groovy:       2.4.11
Ant:          Apache Ant(TM) version 1.9.6 compiled on June 29 2015
JVM:          1.8.0_151 (Oracle Corporation 25.151-b12)
OS:           Linux 4.4.0-101-generic amd64

[34m[1mlein version[0m
Leiningen 2.8.1 on Java 1.8.0_151 Java HotSpot(TM) 64-Bit Server VM
[34m[1mPre-installed Node.js versions[0m
v4.8.6
v6.12.0
v6.12.1
v8.9
v8.9.1
[34m[1mphpenv versions[0m
  system
  5.6
* 5.6.32 (set by /home/travis/.phpenv/version)
  7.0
  7.0.25
  7.1
  7.1.11
  hhvm
  hhvm-stable
[34m[1mcomposer --version[0m
Composer version 1.5.2 2017-09-11 16:59:25
[34m[1mPre-installed Ruby versions[0m
ruby-2.2.7
ruby-2.3.4
ruby-2.4.1
travis_fold:end:system_info[0K
W: GPG error: http://dl.google.com/linux/chrome/deb stable InRelease: The following signatures couldn't be verified because the public key is not available: NO_PUBKEY 78BD65473CB3BD13
W: The repository 'http://dl.google.com/linux/chrome/deb stable InRelease' is not signed.
W: There is no public key available for the following key IDs:
78BD65473CB3BD13  
W: The repository 'http://www.apache.org/dist/cassandra/debian 39x Release' does not have a Release file.
W: The repository 'http://apt.postgresql.org/pub/repos/apt trusty-pgdg Release' does not have a Release file.
W: GPG error: http://repo.mongodb.org/apt/ubuntu trusty/mongodb-org/3.4 Release: The following signatures were invalid: KEYEXPIRED 1515625755
W: The repository 'http://repo.mongodb.org/apt/ubuntu trusty/mongodb-org/3.4 Release' is not signed.
W: GPG error: https://packagecloud.io/github/git-lfs/ubuntu trusty InRelease: The following signatures couldn't be verified because the public key is not available: NO_PUBKEY 6B05F25D762E3157
W: The repository 'https://packagecloud.io/github/git-lfs/ubuntu trusty InRelease' is not signed.
W: There is no public key available for the following key IDs:
6B05F25D762E3157  
W: The repository 'https://packagecloud.io/basho/riak/ubuntu trusty Release' does not have a Release file.
W: GPG error: https://packagecloud.io/rabbitmq/rabbitmq-server/ubuntu trusty InRelease: The following signatures couldn't be verified because the public key is not available: NO_PUBKEY F6609E60DC62814E
W: The repository 'https://packagecloud.io/rabbitmq/rabbitmq-server/ubuntu trusty InRelease' is not signed.
W: There is no public key available for the following key IDs:
F6609E60DC62814E  
W: http://ppa.launchpad.net/couchdb/stable/ubuntu/dists/trusty/Release.gpg: Signature by key 15866BAFD9BCC4F3C1E0DFC7D69548E1C17EAB57 uses weak digest algorithm (SHA1)
E: Failed to fetch https://www.apache.org/dist/cassandra/debian/dists/39x/main/binary-amd64/Packages  gnutls_handshake() failed: Handshake failed
E: Failed to fetch https://www.apache.org/dist/cassandra/debian/dists/39x/main/binary-i386/Packages  gnutls_handshake() failed: Handshake failed
E: Failed to fetch http://apt.postgresql.org/pub/repos/apt/dists/trusty-pgdg/main/binary-amd64/Packages  404  Not Found [IP: 147.75.85.69 80]
E: Failed to fetch http://apt.postgresql.org/pub/repos/apt/dists/trusty-pgdg/main/binary-i386/Packages  404  Not Found [IP: 147.75.85.69 80]
E: Failed to fetch https://packagecloud.io/basho/riak/ubuntu/dists/trusty/main/source/Sources  HttpError402
E: Failed to fetch https://packagecloud.io/basho/riak/ubuntu/dists/trusty/main/binary-amd64/Packages  HttpError402
E: Failed to fetch https://packagecloud.io/basho/riak/ubuntu/dists/trusty/main/binary-i386/Packages  HttpError402
E: Some index files failed to download. They have been ignored, or old ones used instead.
sed: cannot rename /etc/hosts: Device or resource busy
sed: cannot rename /etc/hosts: Device or resource busy
$ jdk_switcher use oraclejdk8
Switching to Oracle JDK8 (java-8-oracle), JAVA_HOME will be set to /usr/lib/jvm/java-8-oracle
$ cd failed/galenframework/galen
travis_fold:start:install_firefox[0K$ export FIREFOX_SOURCE_URL='https://download.mozilla.org/?product=firefox-53.0.3&lang=en-US&os=linux64'
[33;1mInstalling Firefox 53.0.3[0m
travis_time:start:05d68abc[0K$ wget -O /tmp/firefox-53.0.3.tar.bz2 $FIREFOX_SOURCE_URL
--2022-01-22 12:43:29--  https://download.mozilla.org/?product=firefox-53.0.3&lang=en-US&os=linux64
Resolving download.mozilla.org (download.mozilla.org)... 34.215.105.27, 52.39.91.247, 34.223.153.192
Connecting to download.mozilla.org (download.mozilla.org)|34.215.105.27|:443... connected.
HTTP request sent, awaiting response... 302 Found
Location: https://download-installer.cdn.mozilla.net/pub/firefox/releases/53.0.3/linux-x86_64/en-US/firefox-53.0.3.tar.bz2 [following]
--2022-01-22 12:43:29--  https://download-installer.cdn.mozilla.net/pub/firefox/releases/53.0.3/linux-x86_64/en-US/firefox-53.0.3.tar.bz2
Resolving download-installer.cdn.mozilla.net (download-installer.cdn.mozilla.net)... 13.224.26.58, 2600:9000:2164:2400:e:19d6:1546:5981, 2600:9000:2164:2a00:e:19d6:1546:5981, ...
Connecting to download-installer.cdn.mozilla.net (download-installer.cdn.mozilla.net)|13.224.26.58|:443... connected.
HTTP request sent, awaiting response... 200 OK
Length: 58824425 (56M) [application/x-tar]
Saving to: â€˜/tmp/firefox-53.0.3.tar.bz2â€™

     0K .......... .......... .......... .......... ..........  0%  388K 2m28s
    50K .......... .......... .......... .......... ..........  0%  789K 1m50s
   100K .......... .......... .......... .......... ..........  0% 4.64M 77s
   150K .......... .......... .......... .......... ..........  0% 2.26M 64s
   200K .......... .......... .......... .......... ..........  0% 1.26M 60s
   250K .......... .......... .......... .......... ..........  0% 8.36M 51s
   300K .......... .......... .......... .......... ..........  0% 9.55M 45s
   350K .......... .......... .......... .......... ..........  0% 8.31M 40s
   400K .......... .......... .......... .......... ..........  0% 1.12M 41s
   450K .......... .......... .......... .......... ..........  0% 25.8M 37s
   500K .......... .......... .......... .......... ..........  0% 21.5M 34s
   550K .......... .......... .......... .......... ..........  1% 25.2M 31s
   600K .......... .......... .......... .......... ..........  1% 24.9M 29s
   650K .......... .......... .......... .......... ..........  1% 28.6M 27s
   700K .......... .......... .......... .......... ..........  1% 18.7M 25s
   750K .......... .......... .......... .......... ..........  1% 5.08M 24s
   800K .......... .......... .......... .......... ..........  1% 5.57M 24s
   850K .......... .......... .......... .......... ..........  1% 1.40M 24s
   900K .......... .......... .......... .......... ..........  1% 50.9M 23s
   950K .......... .......... .......... .......... ..........  1% 56.9M 22s
  1000K .......... .......... .......... .......... ..........  1% 46.0M 21s
  1050K .......... .......... .......... .......... ..........  1% 56.2M 20s
  1100K .......... .......... .......... .......... ..........  2% 47.5M 19s
  1150K .......... .......... .......... .......... ..........  2% 49.7M 18s
  1200K .......... .......... .......... .......... ..........  2% 41.7M 18s
  1250K .......... .......... .......... .......... ..........  2% 41.4M 17s
  1300K .......... .......... .......... .......... ..........  2% 51.1M 17s
  1350K .......... .......... .......... .......... ..........  2% 34.9M 16s
  1400K .......... .......... .......... .......... ..........  2%  113M 15s
  1450K .......... .......... .......... .......... ..........  2% 40.3M 15s
  1500K .......... .......... .......... .......... ..........  2% 43.7M 14s
  1550K .......... .......... .......... .......... ..........  2% 38.2M 14s
  1600K .......... .......... .......... .......... ..........  2% 7.99M 14s
  1650K .......... .......... .......... .......... ..........  2% 4.79M 14s
  1700K .......... .......... .......... .......... ..........  3% 59.6M 13s
  1750K .......... .......... .......... .......... ..........  3% 44.3M 13s
  1800K .......... .......... .......... .......... ..........  3% 1.46M 14s
  1850K .......... .......... .......... .......... ..........  3% 87.5M 13s
  1900K .......... .......... .......... .......... ..........  3% 89.3M 13s
  1950K .......... .......... .......... .......... ..........  3% 96.3M 13s
  2000K .......... .......... .......... .......... ..........  3% 92.9M 12s
  2050K .......... .......... .......... .......... ..........  3%  103M 12s
  2100K .......... .......... .......... .......... ..........  3% 94.4M 12s
  2150K .......... .......... .......... .......... ..........  3%  121M 12s
  2200K .......... .......... .......... .......... ..........  3%  119M 11s
  2250K .......... .......... .......... .......... ..........  4% 96.6M 11s
  2300K .......... .......... .......... .......... ..........  4%  110M 11s
  2350K .......... .......... .......... .......... ..........  4%  123M 11s
  2400K .......... .......... .......... .......... ..........  4% 19.3M 10s
  2450K .......... .......... .......... .......... ..........  4%  123M 10s
  2500K .......... .......... .......... .......... ..........  4% 88.1M 10s
  2550K .......... .......... .......... .......... ..........  4%  106M 10s
  2600K .......... .......... .......... .......... ..........  4%  101M 10s
  2650K .......... .......... .......... .......... ..........  4%  108M 9s
  2700K .......... .......... .......... .......... ..........  4% 97.3M 9s
  2750K .......... .......... .......... .......... ..........  4% 4.95M 9s
  2800K .......... .......... .......... .......... ..........  4%  122M 9s
  2850K .......... .......... .......... .......... ..........  5%  121M 9s
  2900K .......... .......... .......... .......... ..........  5% 90.4M 9s
  2950K .......... .......... .......... .......... ..........  5%  114M 9s
  3000K .......... .......... .......... .......... ..........  5%  108M 9s
  3050K .......... .......... .......... .......... ..........  5%  112M 8s
  3100K .......... .......... .......... .......... ..........  5% 94.8M 8s
  3150K .......... .......... .......... .......... ..........  5%  107M 8s
  3200K .......... .......... .......... .......... ..........  5%  108M 8s
  3250K .......... .......... .......... .......... ..........  5%  113M 8s
  3300K .......... .......... .......... .......... ..........  5% 9.93M 8s
  3350K .......... .......... .......... .......... ..........  5%  106M 8s
  3400K .......... .......... .......... .......... ..........  6%  115M 8s
  3450K .......... .......... .......... .......... ..........  6%  105M 7s
  3500K .......... .......... .......... .......... ..........  6% 80.9M 7s
  3550K .......... .......... .......... .......... ..........  6% 74.5M 7s
  3600K .......... .......... .......... .......... ..........  6% 1.47M 8s
  3650K .......... .......... .......... .......... ..........  6% 88.1M 8s
  3700K .......... .......... .......... .......... ..........  6%  123M 7s
  3750K .......... .......... .......... .......... ..........  6% 25.7M 7s
  3800K .......... .......... .......... .......... ..........  6% 99.0M 7s
  3850K .......... .......... .......... .......... ..........  6% 97.7M 7s
  3900K .......... .......... .......... .......... ..........  6%  104M 7s
  3950K .......... .......... .......... .......... ..........  6% 92.0M 7s
  4000K .......... .......... .......... .......... ..........  7%  105M 7s
  4050K .......... .......... .......... .......... ..........  7%  110M 7s
  4100K .......... .......... .......... .......... ..........  7%  113M 7s
  4150K .......... .......... .......... .......... ..........  7%  110M 7s
  4200K .......... .......... .......... .......... ..........  7%  103M 7s
  4250K .......... .......... .......... .......... ..........  7%  121M 7s
  4300K .......... .......... .......... .......... ..........  7%  109M 6s
  4350K .......... .......... .......... .......... ..........  7%  104M 6s
  4400K .......... .......... .......... .......... ..........  7%  111M 6s
  4450K .......... .......... .......... .......... ..........  7% 92.7M 6s
  4500K .......... .......... .......... .......... ..........  7% 96.1M 6s
  4550K .......... .......... .......... .......... ..........  8% 96.2M 6s
  4600K .......... .......... .......... .......... ..........  8% 98.4M 6s
  4650K .......... .......... .......... .......... ..........  8%  113M 6s
  4700K .......... .......... .......... .......... ..........  8%  114M 6s
  4750K .......... .......... .......... .......... ..........  8%  121M 6s
  4800K .......... .......... .......... .......... ..........  8% 84.9M 6s
  4850K .......... .......... .......... .......... ..........  8%  101M 6s
  4900K .......... .......... .......... .......... ..........  8% 97.4M 6s
  4950K .......... .......... .......... .......... ..........  8%  112M 6s
  5000K .......... .......... .......... .......... ..........  8%  101M 6s
  5050K .......... .......... .......... .......... ..........  8%  101M 6s
  5100K .......... .......... .......... .......... ..........  8%  101M 5s
  5150K .......... .......... .......... .......... ..........  9%  110M 5s
  5200K .......... .......... .......... .......... ..........  9% 99.1M 5s
  5250K .......... .......... .......... .......... ..........  9% 97.6M 5s
  5300K .......... .......... .......... .......... ..........  9%  102M 5s
  5350K .......... .......... .......... .......... ..........  9%  117M 5s
  5400K .......... .......... .......... .......... ..........  9% 95.3M 5s
  5450K .......... .......... .......... .......... ..........  9%  111M 5s
  5500K .......... .......... .......... .......... ..........  9%  101M 5s
  5550K .......... .......... .......... .......... ..........  9% 97.8M 5s
  5600K .......... .......... .......... .......... ..........  9%  118M 5s
  5650K .......... .......... .......... .......... ..........  9%  109M 5s
  5700K .......... .......... .......... .......... .......... 10%  108M 5s
  5750K .......... .......... .......... .......... .......... 10%  120M 5s
  5800K .......... .......... .......... .......... .......... 10%  148M 5s
  5850K .......... .......... .......... .......... .......... 10%  151M 5s
  5900K .......... .......... .......... .......... .......... 10% 7.07M 5s
  5950K .......... .......... .......... .......... .......... 10%  108M 5s
  6000K .......... .......... .......... .......... .......... 10% 75.0M 5s
  6050K .......... .......... .......... .......... .......... 10% 69.1M 5s
  6100K .......... .......... .......... .......... .......... 10% 45.7M 5s
  6150K .......... .......... .......... .......... .......... 10%  109M 5s
  6200K .......... .......... .......... .......... .......... 10% 1.45M 5s
  6250K .......... .......... .......... .......... .......... 10% 90.0M 5s
  6300K .......... .......... .......... .......... .......... 11%  134M 5s
  6350K .......... .......... .......... .......... .......... 11% 60.3M 5s
  6400K .......... .......... .......... .......... .......... 11%  123M 5s
  6450K .......... .......... .......... .......... .......... 11% 93.9M 5s
  6500K .......... .......... .......... .......... .......... 11%  121M 5s
  6550K .......... .......... .......... .......... .......... 11%  110M 5s
  6600K .......... .......... .......... .......... .......... 11%  107M 5s
  6650K .......... .......... .......... .......... .......... 11% 99.0M 4s
  6700K .......... .......... .......... .......... .......... 11%  108M 4s
  6750K .......... .......... .......... .......... .......... 11%  123M 4s
  6800K .......... .......... .......... .......... .......... 11%  118M 4s
  6850K .......... .......... .......... .......... .......... 12%  111M 4s
  6900K .......... .......... .......... .......... .......... 12%  124M 4s
  6950K .......... .......... .......... .......... .......... 12%  115M 4s
  7000K .......... .......... .......... .......... .......... 12% 93.5M 4s
  7050K .......... .......... .......... .......... .......... 12%  110M 4s
  7100K .......... .......... .......... .......... .......... 12%  113M 4s
  7150K .......... .......... .......... .......... .......... 12%  128M 4s
  7200K .......... .......... .......... .......... .......... 12%  113M 4s
  7250K .......... .......... .......... .......... .......... 12% 99.9M 4s
  7300K .......... .......... .......... .......... .......... 12%  110M 4s
  7350K .......... .......... .......... .......... .......... 12%  117M 4s
  7400K .......... .......... .......... .......... .......... 12% 97.0M 4s
  7450K .......... .......... .......... .......... .......... 13% 75.9M 4s
  7500K .......... .......... .......... .......... .......... 13% 68.9M 4s
  7550K .......... .......... .......... .......... .......... 13% 86.7M 4s
  7600K .......... .......... .......... .......... .......... 13% 97.6M 4s
  7650K .......... .......... .......... .......... .......... 13%  112M 4s
  7700K .......... .......... .......... .......... .......... 13%  126M 4s
  7750K .......... .......... .......... .......... .......... 13%  106M 4s
  7800K .......... .......... .......... .......... .......... 13%  108M 4s
  7850K .......... .......... .......... .......... .......... 13%  100M 4s
  7900K .......... .......... .......... .......... .......... 13%  106M 4s
  7950K .......... .......... .......... .......... .......... 13%  110M 4s
  8000K .......... .......... .......... .......... .......... 14%  104M 4s
  8050K .......... .......... .......... .......... .......... 14%  119M 4s
  8100K .......... .......... .......... .......... .......... 14%  113M 4s
  8150K .......... .......... .......... .......... .......... 14%  103M 4s
  8200K .......... .......... .......... .......... .......... 14%  107M 4s
  8250K .......... .......... .......... .......... .......... 14%  133M 4s
  8300K .......... .......... .......... .......... .......... 14%  117M 4s
  8350K .......... .......... .......... .......... .......... 14%  116M 4s
  8400K .......... .......... .......... .......... .......... 14%  100M 4s
  8450K .......... .......... .......... .......... .......... 14%  150M 4s
  8500K .......... .......... .......... .......... .......... 14%  173M 3s
  8550K .......... .......... .......... .......... .......... 14% 5.15M 4s
  8600K .......... .......... .......... .......... .......... 15%  109M 3s
  8650K .......... .......... .......... .......... .......... 15%  117M 3s
  8700K .......... .......... .......... .......... .......... 15%  125M 3s
  8750K .......... .......... .......... .......... .......... 15% 55.5M 3s
  8800K .......... .......... .......... .......... .......... 15%  110M 3s
  8850K .......... .......... .......... .......... .......... 15%  119M 3s
  8900K .......... .......... .......... .......... .......... 15% 1.58M 4s
  8950K .......... .......... .......... .......... .......... 15% 35.9M 4s
  9000K .......... .......... .......... .......... .......... 15% 74.0M 3s
  9050K .......... .......... .......... .......... .......... 15% 54.9M 3s
  9100K .......... .......... .......... .......... .......... 15% 18.7M 3s
  9150K .......... .......... .......... .......... .......... 16%  101M 3s
  9200K .......... .......... .......... .......... .......... 16%  115M 3s
  9250K .......... .......... .......... .......... .......... 16%  125M 3s
  9300K .......... .......... .......... .......... .......... 16% 42.1M 3s
  9350K .......... .......... .......... .......... .......... 16%  122M 3s
  9400K .......... .......... .......... .......... .......... 16%  106M 3s
  9450K .......... .......... .......... .......... .......... 16% 96.7M 3s
  9500K .......... .......... .......... .......... .......... 16%  122M 3s
  9550K .......... .......... .......... .......... .......... 16% 4.99M 3s
  9600K .......... .......... .......... .......... .......... 16%  105M 3s
  9650K .......... .......... .......... .......... .......... 16%  115M 3s
  9700K .......... .......... .......... .......... .......... 16%  119M 3s
  9750K .......... .......... .......... .......... .......... 17%  126M 3s
  9800K .......... .......... .......... .......... .......... 17% 8.70M 3s
  9850K .......... .......... .......... .......... .......... 17%  117M 3s
  9900K .......... .......... .......... .......... .......... 17%  121M 3s
  9950K .......... .......... .......... .......... .......... 17% 95.5M 3s
 10000K .......... .......... .......... .......... .......... 17%  127M 3s
 10050K .......... .......... .......... .......... .......... 17%  121M 3s
 10100K .......... .......... .......... .......... .......... 17%  120M 3s
 10150K .......... .......... .......... .......... .......... 17% 89.5M 3s
 10200K .......... .......... .......... .......... .......... 17%  117M 3s
 10250K .......... .......... .......... .......... .......... 17%  114M 3s
 10300K .......... .......... .......... .......... .......... 18%  119M 3s
 10350K .......... .......... .......... .......... .......... 18%  120M 3s
 10400K .......... .......... .......... .......... .......... 18%  109M 3s
 10450K .......... .......... .......... .......... .......... 18% 98.6M 3s
 10500K .......... .......... .......... .......... .......... 18%  104M 3s
 10550K .......... .......... .......... .......... .......... 18%  123M 3s
 10600K .......... .......... .......... .......... .......... 18%  124M 3s
 10650K .......... .......... .......... .......... .......... 18%  109M 3s
 10700K .......... .......... .......... .......... .......... 18%  106M 3s
 10750K .......... .......... .......... .......... .......... 18%  122M 3s
 10800K .......... .......... .......... .......... .......... 18%  101M 3s
 10850K .......... .......... .......... .......... .......... 18%  118M 3s
 10900K .......... .......... .......... .......... .......... 19%  107M 3s
 10950K .......... .......... .......... .......... .......... 19%  122M 3s
 11000K .......... .......... .......... .......... .......... 19%  105M 3s
 11050K .......... .......... .......... .......... .......... 19%  112M 3s
 11100K .......... .......... .......... .......... .......... 19% 1.37M 3s
 11150K .......... .......... .......... .......... .......... 19%  111M 3s
 11200K .......... .......... .......... .......... .......... 19%  117M 3s
 11250K .......... .......... .......... .......... .......... 19%  129M 3s
 11300K .......... .......... .......... .......... .......... 19% 68.3M 3s
 11350K .......... .......... .......... .......... .......... 19% 10.5M 3s
 11400K .......... .......... .......... .......... .......... 19% 60.9M 3s
 11450K .......... .......... .......... .......... .......... 20%  106M 3s
 11500K .......... .......... .......... .......... .......... 20% 87.4M 3s
 11550K .......... .......... .......... .......... .......... 20%  116M 3s
 11600K .......... .......... .......... .......... .......... 20%  109M 3s
 11650K .......... .......... .......... .......... .......... 20%  112M 3s
 11700K .......... .......... .......... .......... .......... 20%  106M 3s
 11750K .......... .......... .......... .......... .......... 20% 62.8M 3s
 11800K .......... .......... .......... .......... .......... 20% 81.9M 3s
 11850K .......... .......... .......... .......... .......... 20% 92.2M 3s
 11900K .......... .......... .......... .......... .......... 20% 64.1M 3s
 11950K .......... .......... .......... .......... .......... 20% 78.5M 3s
 12000K .......... .......... .......... .......... .......... 20% 93.4M 3s
 12050K .......... .......... .......... .......... .......... 21% 64.5M 3s
 12100K .......... .......... .......... .......... .......... 21% 90.2M 3s
 12150K .......... .......... .......... .......... .......... 21%  102M 3s
 12200K .......... .......... .......... .......... .......... 21% 96.1M 3s
 12250K .......... .......... .......... .......... .......... 21% 91.3M 3s
 12300K .......... .......... .......... .......... .......... 21%  112M 3s
 12350K .......... .......... .......... .......... .......... 21% 89.1M 3s
 12400K .......... .......... .......... .......... .......... 21% 87.9M 3s
 12450K .......... .......... .......... .......... .......... 21%  111M 3s
 12500K .......... .......... .......... .......... .......... 21%  108M 3s
 12550K .......... .......... .......... .......... .......... 21% 99.4M 3s
 12600K .......... .......... .......... .......... .......... 22%  118M 3s
 12650K .......... .......... .......... .......... .......... 22% 10.9M 3s
 12700K .......... .......... .......... .......... .......... 22% 96.5M 3s
 12750K .......... .......... .......... .......... .......... 22%  104M 3s
 12800K .......... .......... .......... .......... .......... 22%  102M 3s
 12850K .......... .......... .......... .......... .......... 22%  117M 3s
 12900K .......... .......... .......... .......... .......... 22%  119M 3s
 12950K .......... .......... .......... .......... .......... 22%  109M 3s
 13000K .......... .......... .......... .......... .......... 22%  129M 3s
 13050K .......... .......... .......... .......... .......... 22%  101M 3s
 13100K .......... .......... .......... .......... .......... 22%  104M 3s
 13150K .......... .......... .......... .......... .......... 22% 99.5M 3s
 13200K .......... .......... .......... .......... .......... 23%  118M 3s
 13250K .......... .......... .......... .......... .......... 23% 98.8M 3s
 13300K .......... .......... .......... .......... .......... 23% 99.1M 2s
 13350K .......... .......... .......... .......... .......... 23% 97.5M 2s
 13400K .......... .......... .......... .......... .......... 23%  121M 2s
 13450K .......... .......... .......... .......... .......... 23%  110M 2s
 13500K .......... .......... .......... .......... .......... 23%  115M 2s
 13550K .......... .......... .......... .......... .......... 23%  101M 2s
 13600K .......... .......... .......... .......... .......... 23%  108M 2s
 13650K .......... .......... .......... .......... .......... 23%  119M 2s
 13700K .......... .......... .......... .......... .......... 23%  112M 2s
 13750K .......... .......... .......... .......... .......... 24%  123M 2s
 13800K .......... .......... .......... .......... .......... 24%  131M 2s
 13850K .......... .......... .......... .......... .......... 24%  107M 2s
 13900K .......... .......... .......... .......... .......... 24%  113M 2s
 13950K .......... .......... .......... .......... .......... 24%  119M 2s
 14000K .......... .......... .......... .......... .......... 24% 96.0M 2s
 14050K .......... .......... .......... .......... .......... 24%  121M 2s
 14100K .......... .......... .......... .......... .......... 24% 1.40M 2s
 14150K .......... .......... .......... .......... .......... 24%  120M 2s
 14200K .......... .......... .......... .......... .......... 24% 55.3M 2s
 14250K .......... .......... .......... .......... .......... 24% 90.4M 2s
 14300K .......... .......... .......... .......... .......... 24%  103M 2s
 14350K .......... .......... .......... .......... .......... 25%  140M 2s
 14400K .......... .......... .......... .......... .......... 25% 95.2M 2s
 14450K .......... .......... .......... .......... .......... 25%  118M 2s
 14500K .......... .......... .......... .......... .......... 25% 58.1M 2s
 14550K .......... .......... .......... .......... .......... 25%  113M 2s
 14600K .......... .......... .......... .......... .......... 25%  107M 2s
 14650K .......... .......... .......... .......... .......... 25%  121M 2s
 14700K .......... .......... .......... .......... .......... 25%  101M 2s
 14750K .......... .......... .......... .......... .......... 25%  116M 2s
 14800K .......... .......... .......... .......... .......... 25%  112M 2s
 14850K .......... .......... .......... .......... .......... 25%  104M 2s
 14900K .......... .......... .......... .......... .......... 26%  125M 2s
 14950K .......... .......... .......... .......... .......... 26%  123M 2s
 15000K .......... .......... .......... .......... .......... 26%  106M 2s
 15050K .......... .......... .......... .......... .......... 26%  124M 2s
 15100K .......... .......... .......... .......... .......... 26% 89.8M 2s
 15150K .......... .......... .......... .......... .......... 26%  115M 2s
 15200K .......... .......... .......... .......... .......... 26%  100M 2s
 15250K .......... .......... .......... .......... .......... 26%  102M 2s
 15300K .......... .......... .......... .......... .......... 26%  122M 2s
 15350K .......... .......... .......... .......... .......... 26%  127M 2s
 15400K .......... .......... .......... .......... .......... 26%  116M 2s
 15450K .......... .......... .......... .......... .......... 26% 99.3M 2s
 15500K .......... .......... .......... .......... .......... 27%  109M 2s
 15550K .......... .......... .......... .......... .......... 27%  117M 2s
 15600K .......... .......... .......... .......... .......... 27%  109M 2s
 15650K .......... .......... .......... .......... .......... 27%  135M 2s
 15700K .......... .......... .......... .......... .......... 27% 81.9M 2s
 15750K .......... .......... .......... .......... .......... 27%  127M 2s
 15800K .......... .......... .......... .......... .......... 27%  111M 2s
 15850K .......... .......... .......... .......... .......... 27%  117M 2s
 15900K .......... .......... .......... .......... .......... 27%  106M 2s
 15950K .......... .......... .......... .......... .......... 27%  133M 2s
 16000K .......... .......... .......... .......... .......... 27%  108M 2s
 16050K .......... .......... .......... .......... .......... 28%  115M 2s
 16100K .......... .......... .......... .......... .......... 28% 98.5M 2s
 16150K .......... .......... .......... .......... .......... 28%  109M 2s
 16200K .......... .......... .......... .......... .......... 28%  118M 2s
 16250K .......... .......... .......... .......... .......... 28% 99.0M 2s
 16300K .......... .......... .......... .......... .......... 28%  121M 2s
 16350K .......... .......... .......... .......... .......... 28% 99.1M 2s
 16400K .......... .......... .......... .......... .......... 28%  124M 2s
 16450K .......... .......... .......... .......... .......... 28%  108M 2s
 16500K .......... .......... .......... .......... .......... 28%  115M 2s
 16550K .......... .......... .......... .......... .......... 28%  118M 2s
 16600K .......... .......... .......... .......... .......... 28%  124M 2s
 16650K .......... .......... .......... .......... .......... 29% 94.9M 2s
 16700K .......... .......... .......... .......... .......... 29% 92.6M 2s
 16750K .......... .......... .......... .......... .......... 29%  106M 2s
 16800K .......... .......... .......... .......... .......... 29%  116M 2s
 16850K .......... .......... .......... .......... .......... 29%  101M 2s
 16900K .......... .......... .......... .......... .......... 29%  121M 2s
 16950K .......... .......... .......... .......... .......... 29%  128M 2s
 17000K .......... .......... .......... .......... .......... 29%  111M 2s
 17050K .......... .......... .......... .......... .......... 29%  114M 2s
 17100K .......... .......... .......... .......... .......... 29% 1.25M 2s
 17150K .......... .......... .......... .......... .......... 29% 44.1M 2s
 17200K .......... .......... .......... .......... .......... 30% 74.3M 2s
 17250K .......... .......... .......... .......... .......... 30% 55.1M 2s
 17300K .......... .......... .......... .......... .......... 30% 72.2M 2s
 17350K .......... .......... .......... .......... .......... 30% 85.3M 2s
 17400K .......... .......... .......... .......... .......... 30% 77.8M 2s
 17450K .......... .......... .......... .......... .......... 30% 72.0M 2s
 17500K .......... .......... .......... .......... .......... 30% 80.8M 2s
 17550K .......... .......... .......... .......... .......... 30% 69.7M 2s
 17600K .......... .......... .......... .......... .......... 30% 69.1M 2s
 17650K .......... .......... .......... .......... .......... 30% 80.2M 2s
 17700K .......... .......... .......... .......... .......... 30% 69.1M 2s
 17750K .......... .......... .......... .......... .......... 30% 78.7M 2s
 17800K .......... .......... .......... .......... .......... 31% 82.2M 2s
 17850K .......... .......... .......... .......... .......... 31% 70.4M 2s
 17900K .......... .......... .......... .......... .......... 31% 73.4M 2s
 17950K .......... .......... .......... .......... .......... 31% 79.4M 2s
 18000K .......... .......... .......... .......... .......... 31% 74.3M 2s
 18050K .......... .......... .......... .......... .......... 31%  126M 2s
 18100K .......... .......... .......... .......... .......... 31%  177M 2s
 18150K .......... .......... .......... .......... .......... 31%  183M 2s
 18200K .......... .......... .......... .......... .......... 31%  187M 2s
 18250K .......... .......... .......... .......... .......... 31%  216M 2s
 18300K .......... .......... .......... .......... .......... 31%  181M 2s
 18350K .......... .......... .......... .......... .......... 32%  213M 2s
 18400K .......... .......... .......... .......... .......... 32%  203M 2s
 18450K .......... .......... .......... .......... .......... 32%  228M 2s
 18500K .......... .......... .......... .......... .......... 32%  204M 2s
 18550K .......... .......... .......... .......... .......... 32%  185M 2s
 18600K .......... .......... .......... .......... .......... 32%  186M 2s
 18650K .......... .......... .......... .......... .......... 32%  225M 2s
 18700K .......... .......... .......... .......... .......... 32%  126M 2s
 18750K .......... .......... .......... .......... .......... 32% 75.9M 2s
 18800K .......... .......... .......... .......... .......... 32%  102M 2s
 18850K .......... .......... .......... .......... .......... 32% 91.0M 2s
 18900K .......... .......... .......... .......... .......... 32%  113M 2s
 18950K .......... .......... .......... .......... .......... 33%  122M 2s
 19000K .......... .......... .......... .......... .......... 33%  122M 2s
 19050K .......... .......... .......... .......... .......... 33%  114M 2s
 19100K .......... .......... .......... .......... .......... 33%  105M 2s
 19150K .......... .......... .......... .......... .......... 33%  117M 2s
 19200K .......... .......... .......... .......... .......... 33%  115M 2s
 19250K .......... .......... .......... .......... .......... 33% 92.7M 2s
 19300K .......... .......... .......... .......... .......... 33%  121M 2s
 19350K .......... .......... .......... .......... .......... 33%  130M 2s
 19400K .......... .......... .......... .......... .......... 33% 2.37M 2s
 19450K .......... .......... .......... .......... .......... 33% 82.0M 2s
 19500K .......... .......... .......... .......... .......... 34% 86.2M 2s
 19550K .......... .......... .......... .......... .......... 34% 91.2M 2s
 19600K .......... .......... .......... .......... .......... 34%  133M 2s
 19650K .......... .......... .......... .......... .......... 34%  104M 2s
 19700K .......... .......... .......... .......... .......... 34%  119M 2s
 19750K .......... .......... .......... .......... .......... 34%  102M 2s
 19800K .......... .......... .......... .......... .......... 34%  117M 2s
 19850K .......... .......... .......... .......... .......... 34%  122M 2s
 19900K .......... .......... .......... .......... .......... 34%  109M 2s
 19950K .......... .......... .......... .......... .......... 34%  116M 2s
 20000K .......... .......... .......... .......... .......... 34%  107M 2s
 20050K .......... .......... .......... .......... .......... 34% 94.0M 2s
 20100K .......... .......... .......... .......... .......... 35% 95.1M 2s
 20150K .......... .......... .......... .......... .......... 35%  151M 2s
 20200K .......... .......... .......... .......... .......... 35% 2.87M 2s
 20250K .......... .......... .......... .......... .......... 35% 96.0M 2s
 20300K .......... .......... .......... .......... .......... 35%  125M 2s
 20350K .......... .......... .......... .......... .......... 35%  104M 2s
 20400K .......... .......... .......... .......... .......... 35%  106M 2s
 20450K .......... .......... .......... .......... .......... 35% 51.5M 2s
 20500K .......... .......... .......... .......... .......... 35% 50.0M 2s
 20550K .......... .......... .......... .......... .......... 35% 84.5M 2s
 20600K .......... .......... .......... .......... .......... 35% 83.1M 2s
 20650K .......... .......... .......... .......... .......... 36% 53.8M 2s
 20700K .......... .......... .......... .......... .......... 36% 51.4M 2s
 20750K .......... .......... .......... .......... .......... 36% 79.8M 2s
 20800K .......... .......... .......... .......... .......... 36% 88.9M 2s
 20850K .......... .......... .......... .......... .......... 36% 83.6M 2s
 20900K .......... .......... .......... .......... .......... 36% 74.9M 2s
 20950K .......... .......... .......... .......... .......... 36% 77.3M 2s
 21000K .......... .......... .......... .......... .......... 36%  126M 2s
 21050K .......... .......... .......... .......... .......... 36%  139M 2s
 21100K .......... .......... .......... .......... .......... 36%  120M 2s
 21150K .......... .......... .......... .......... .......... 36%  156M 2s
 21200K .......... .......... .......... .......... .......... 36%  125M 2s
 21250K .......... .......... .......... .......... .......... 37%  136M 2s
 21300K .......... .......... .......... .......... .......... 37%  143M 2s
 21350K .......... .......... .......... .......... .......... 37%  133M 2s
 21400K .......... .......... .......... .......... .......... 37%  115M 2s
 21450K .......... .......... .......... .......... .......... 37%  127M 2s
 21500K .......... .......... .......... .......... .......... 37%  141M 2s
 21550K .......... .......... .......... .......... .......... 37%  121M 2s
 21600K .......... .......... .......... .......... .......... 37%  135M 2s
 21650K .......... .......... .......... .......... .......... 37%  165M 2s
 21700K .......... .......... .......... .......... .......... 37%  212M 2s
 21750K .......... .......... .......... .......... .......... 37%  185M 2s
 21800K .......... .......... .......... .......... .......... 38%  197M 2s
 21850K .......... .......... .......... .......... .......... 38%  226M 2s
 21900K .......... .......... .......... .......... .......... 38%  172M 2s
 21950K .......... .......... .......... .......... .......... 38%  182M 2s
 22000K .......... .......... .......... .......... .......... 38% 74.4M 2s
 22050K .......... .......... .......... .......... .......... 38% 83.0M 2s
 22100K .......... .......... .......... .......... .......... 38% 54.7M 2s
 22150K .......... .......... .......... .......... .......... 38% 64.0M 2s
 22200K .......... .......... .......... .......... .......... 38% 66.8M 2s
 22250K .......... .......... .......... .......... .......... 38% 70.3M 1s
 22300K .......... .......... .......... .......... .......... 38% 55.6M 1s
 22350K .......... .......... .......... .......... .......... 38%  131M 1s
 22400K .......... .......... .......... .......... .......... 39%  166M 1s
 22450K .......... .......... .......... .......... .......... 39%  145M 1s
 22500K .......... .......... .......... .......... .......... 39%  154M 1s
 22550K .......... .......... .......... .......... .......... 39%  174M 1s
 22600K .......... .......... .......... .......... .......... 39%  138M 1s
 22650K .......... .......... .......... .......... .......... 39%  166M 1s
 22700K .......... .......... .......... .......... .......... 39%  164M 1s
 22750K .......... .......... .......... .......... .......... 39%  169M 1s
 22800K .......... .......... .......... .......... .......... 39%  159M 1s
 22850K .......... .......... .......... .......... .......... 39%  162M 1s
 22900K .......... .......... .......... .......... .......... 39%  165M 1s
 22950K .......... .......... .......... .......... .......... 40%  148M 1s
 23000K .......... .......... .......... .......... .......... 40%  124M 1s
 23050K .......... .......... .......... .......... .......... 40%  172M 1s
 23100K .......... .......... .......... .......... .......... 40%  164M 1s
 23150K .......... .......... .......... .......... .......... 40%  174M 1s
 23200K .......... .......... .......... .......... .......... 40%  102M 1s
 23250K .......... .......... .......... .......... .......... 40%  102M 1s
 23300K .......... .......... .......... .......... .......... 40%  115M 1s
 23350K .......... .......... .......... .......... .......... 40% 1.36M 1s
 23400K .......... .......... .......... .......... .......... 40% 9.09M 1s
 23450K .......... .......... .......... .......... .......... 40% 72.2M 1s
 23500K .......... .......... .......... .......... .......... 40%  115M 1s
 23550K .......... .......... .......... .......... .......... 41%  100M 1s
 23600K .......... .......... .......... .......... .......... 41%  122M 1s
 23650K .......... .......... .......... .......... .......... 41%  120M 1s
 23700K .......... .......... .......... .......... .......... 41%  120M 1s
 23750K .......... .......... .......... .......... .......... 41% 94.6M 1s
 23800K .......... .......... .......... .......... .......... 41%  112M 1s
 23850K .......... .......... .......... .......... .......... 41%  111M 1s
 23900K .......... .......... .......... .......... .......... 41%  117M 1s
 23950K .......... .......... .......... .......... .......... 41%  108M 1s
 24000K .......... .......... .......... .......... .......... 41%  124M 1s
 24050K .......... .......... .......... .......... .......... 41%  106M 1s
 24100K .......... .......... .......... .......... .......... 42% 99.7M 1s
 24150K .......... .......... .......... .......... .......... 42%  117M 1s
 24200K .......... .......... .......... .......... .......... 42%  121M 1s
 24250K .......... .......... .......... .......... .......... 42%  101M 1s
 24300K .......... .......... .......... .......... .......... 42% 86.5M 1s
 24350K .......... .......... .......... .......... .......... 42%  123M 1s
 24400K .......... .......... .......... .......... .......... 42%  100M 1s
 24450K .......... .......... .......... .......... .......... 42%  121M 1s
 24500K .......... .......... .......... .......... .......... 42%  114M 1s
 24550K .......... .......... .......... .......... .......... 42%  113M 1s
 24600K .......... .......... .......... .......... .......... 42% 80.7M 1s
 24650K .......... .......... .......... .......... .......... 42%  113M 1s
 24700K .......... .......... .......... .......... .......... 43% 95.0M 1s
 24750K .......... .......... .......... .......... .......... 43%  125M 1s
 24800K .......... .......... .......... .......... .......... 43% 90.5M 1s
 24850K .......... .......... .......... .......... .......... 43%  117M 1s
 24900K .......... .......... .......... .......... .......... 43%  106M 1s
 24950K .......... .......... .......... .......... .......... 43%  112M 1s
 25000K .......... .......... .......... .......... .......... 43%  102M 1s
 25050K .......... .......... .......... .......... .......... 43%  115M 1s
 25100K .......... .......... .......... .......... .......... 43%  107M 1s
 25150K .......... .......... .......... .......... .......... 43% 96.4M 1s
 25200K .......... .......... .......... .......... .......... 43%  116M 1s
 25250K .......... .......... .......... .......... .......... 44%  114M 1s
 25300K .......... .......... .......... .......... .......... 44%  116M 1s
 25350K .......... .......... .......... .......... .......... 44% 98.9M 1s
 25400K .......... .......... .......... .......... .......... 44%  115M 1s
 25450K .......... .......... .......... .......... .......... 44%  114M 1s
 25500K .......... .......... .......... .......... .......... 44%  123M 1s
 25550K .......... .......... .......... .......... .......... 44%  110M 1s
 25600K .......... .......... .......... .......... .......... 44% 12.5M 1s
 25650K .......... .......... .......... .......... .......... 44% 87.9M 1s
 25700K .......... .......... .......... .......... .......... 44%  128M 1s
 25750K .......... .......... .......... .......... .......... 44%  136M 1s
 25800K .......... .......... .......... .......... .......... 44%  112M 1s
 25850K .......... .......... .......... .......... .......... 45%  113M 1s
 25900K .......... .......... .......... .......... .......... 45%  110M 1s
 25950K .......... .......... .......... .......... .......... 45%  114M 1s
 26000K .......... .......... .......... .......... .......... 45%  106M 1s
 26050K .......... .......... .......... .......... .......... 45%  112M 1s
 26100K .......... .......... .......... .......... .......... 45%  121M 1s
 26150K .......... .......... .......... .......... .......... 45% 99.6M 1s
 26200K .......... .......... .......... .......... .......... 45%  122M 1s
 26250K .......... .......... .......... .......... .......... 45%  103M 1s
 26300K .......... .......... .......... .......... .......... 45%  123M 1s
 26350K .......... .......... .......... .......... .......... 45% 99.7M 1s
 26400K .......... .......... .......... .......... .......... 46%  122M 1s
 26450K .......... .......... .......... .......... .......... 46%  107M 1s
 26500K .......... .......... .......... .......... .......... 46%  121M 1s
 26550K .......... .......... .......... .......... .......... 46% 1.70M 1s
 26600K .......... .......... .......... .......... .......... 46%  117M 1s
 26650K .......... .......... .......... .......... .......... 46% 56.3M 1s
 26700K .......... .......... .......... .......... .......... 46% 62.6M 1s
 26750K .......... .......... .......... .......... .......... 46% 87.5M 1s
 26800K .......... .......... .......... .......... .......... 46%  107M 1s
 26850K .......... .......... .......... .......... .......... 46%  120M 1s
 26900K .......... .......... .......... .......... .......... 46% 61.3M 1s
 26950K .......... .......... .......... .......... .......... 47%  126M 1s
 27000K .......... .......... .......... .......... .......... 47%  108M 1s
 27050K .......... .......... .......... .......... .......... 47% 84.8M 1s
 27100K .......... .......... .......... .......... .......... 47%  117M 1s
 27150K .......... .......... .......... .......... .......... 47% 98.3M 1s
 27200K .......... .......... .......... .......... .......... 47%  113M 1s
 27250K .......... .......... .......... .......... .......... 47%  113M 1s
 27300K .......... .......... .......... .......... .......... 47%  105M 1s
 27350K .......... .......... .......... .......... .......... 47%  127M 1s
 27400K .......... .......... .......... .......... .......... 47% 98.1M 1s
 27450K .......... .......... .......... .......... .......... 47%  124M 1s
 27500K .......... .......... .......... .......... .......... 47%  120M 1s
 27550K .......... .......... .......... .......... .......... 48% 98.3M 1s
 27600K .......... .......... .......... .......... .......... 48%  113M 1s
 27650K .......... .......... .......... .......... .......... 48%  113M 1s
 27700K .......... .......... .......... .......... .......... 48%  116M 1s
 27750K .......... .......... .......... .......... .......... 48%  126M 1s
 27800K .......... .......... .......... .......... .......... 48% 98.4M 1s
 27850K .......... .......... .......... .......... .......... 48%  110M 1s
 27900K .......... .......... .......... .......... .......... 48%  113M 1s
 27950K .......... .......... .......... .......... .......... 48% 99.2M 1s
 28000K .......... .......... .......... .......... .......... 48%  128M 1s
 28050K .......... .......... .......... .......... .......... 48%  100M 1s
 28100K .......... .......... .......... .......... .......... 49%  104M 1s
 28150K .......... .......... .......... .......... .......... 49%  126M 1s
 28200K .......... .......... .......... .......... .......... 49%  120M 1s
 28250K .......... .......... .......... .......... .......... 49% 92.1M 1s
 28300K .......... .......... .......... .......... .......... 49%  115M 1s
 28350K .......... .......... .......... .......... .......... 49%  130M 1s
 28400K .......... .......... .......... .......... .......... 49% 98.0M 1s
 28450K .......... .......... .......... .......... .......... 49%  118M 1s
 28500K .......... .......... .......... .......... .......... 49%  106M 1s
 28550K .......... .......... .......... .......... .......... 49%  118M 1s
 28600K .......... .......... .......... .......... .......... 49%  114M 1s
 28650K .......... .......... .......... .......... .......... 49%  124M 1s
 28700K .......... .......... .......... .......... .......... 50% 1.29M 1s
 28750K .......... .......... .......... .......... .......... 50%  119M 1s
 28800K .......... .......... .......... .......... .......... 50%  101M 1s
 28850K .......... .......... .......... .......... .......... 50%  108M 1s
 28900K .......... .......... .......... .......... .......... 50%  107M 1s
 28950K .......... .......... .......... .......... .......... 50%  141M 1s
 29000K .......... .......... .......... .......... .......... 50% 93.8M 1s
 29050K .......... .......... .......... .......... .......... 50%  111M 1s
 29100K .......... .......... .......... .......... .......... 50%  113M 1s
 29150K .......... .......... .......... .......... .......... 50%  105M 1s
 29200K .......... .......... .......... .......... .......... 50%  113M 1s
 29250K .......... .......... .......... .......... .......... 51%  115M 1s
 29300K .......... .......... .......... .......... .......... 51%  109M 1s
 29350K .......... .......... .......... .......... .......... 51%  111M 1s
 29400K .......... .......... .......... .......... .......... 51%  111M 1s
 29450K .......... .......... .......... .......... .......... 51%  110M 1s
 29500K .......... .......... .......... .......... .......... 51%  125M 1s
 29550K .......... .......... .......... .......... .......... 51%  103M 1s
 29600K .......... .......... .......... .......... .......... 51%  131M 1s
 29650K .......... .......... .......... .......... .......... 51% 99.3M 1s
 29700K .......... .......... .......... .......... .......... 51%  112M 1s
 29750K .......... .......... .......... .......... .......... 51%  115M 1s
 29800K .......... .......... .......... .......... .......... 51%  113M 1s
 29850K .......... .......... .......... .......... .......... 52%  109M 1s
 29900K .......... .......... .......... .......... .......... 52% 96.5M 1s
 29950K .......... .......... .......... .......... .......... 52%  117M 1s
 30000K .......... .......... .......... .......... .......... 52%  121M 1s
 30050K .......... .......... .......... .......... .......... 52%  101M 1s
 30100K .......... .......... .......... .......... .......... 52%  111M 1s
 30150K .......... .......... .......... .......... .......... 52%  117M 1s
 30200K .......... .......... .......... .......... .......... 52%  111M 1s
 30250K .......... .......... .......... .......... .......... 52%  122M 1s
 30300K .......... .......... .......... .......... .......... 52%  109M 1s
 30350K .......... .......... .......... .......... .......... 52%  109M 1s
 30400K .......... .......... .......... .......... .......... 53% 69.9M 1s
 30450K .......... .......... .......... .......... .......... 53% 64.2M 1s
 30500K .......... .......... .......... .......... .......... 53%  104M 1s
 30550K .......... .......... .......... .......... .......... 53%  115M 1s
 30600K .......... .......... .......... .......... .......... 53%  127M 1s
 30650K .......... .......... .......... .......... .......... 53%  113M 1s
 30700K .......... .......... .......... .......... .......... 53% 88.6M 1s
 30750K .......... .......... .......... .......... .......... 53% 2.21M 1s
 30800K .......... .......... .......... .......... .......... 53%  115M 1s
 30850K .......... .......... .......... .......... .......... 53%  110M 1s
 30900K .......... .......... .......... .......... .......... 53%  127M 1s
 30950K .......... .......... .......... .......... .......... 53%  100M 1s
 31000K .......... .......... .......... .......... .......... 54%  116M 1s
 31050K .......... .......... .......... .......... .......... 54%  113M 1s
 31100K .......... .......... .......... .......... .......... 54% 98.2M 1s
 31150K .......... .......... .......... .......... .......... 54%  101M 1s
 31200K .......... .......... .......... .......... .......... 54%  118M 1s
 31250K .......... .......... .......... .......... .......... 54%  125M 1s
 31300K .......... .......... .......... .......... .......... 54%  117M 1s
 31350K .......... .......... .......... .......... .......... 54%  111M 1s
 31400K .......... .......... .......... .......... .......... 54%  121M 1s
 31450K .......... .......... .......... .......... .......... 54% 88.6M 1s
 31500K .......... .......... .......... .......... .......... 54%  119M 1s
 31550K .......... .......... .......... .......... .......... 55%  123M 1s
 31600K .......... .......... .......... .......... .......... 55%  108M 1s
 31650K .......... .......... .......... .......... .......... 55%  105M 1s
 31700K .......... .......... .......... .......... .......... 55% 99.7M 1s
 31750K .......... .......... .......... .......... .......... 55%  132M 1s
 31800K .......... .......... .......... .......... .......... 55%  112M 1s
 31850K .......... .......... .......... .......... .......... 55%  113M 1s
 31900K .......... .......... .......... .......... .......... 55% 60.1M 1s
 31950K .......... .......... .......... .......... .......... 55% 80.8M 1s
 32000K .......... .......... .......... .......... .......... 55% 78.1M 1s
 32050K .......... .......... .......... .......... .......... 55% 79.7M 1s
 32100K .......... .......... .......... .......... .......... 55% 76.7M 1s
 32150K .......... .......... .......... .......... .......... 56% 84.3M 1s
 32200K .......... .......... .......... .......... .......... 56% 71.4M 1s
 32250K .......... .......... .......... .......... .......... 56% 90.0M 1s
 32300K .......... .......... .......... .......... .......... 56%  121M 1s
 32350K .......... .......... .......... .......... .......... 56%  103M 1s
 32400K .......... .......... .......... .......... .......... 56%  113M 1s
 32450K .......... .......... .......... .......... .......... 56%  107M 1s
 32500K .......... .......... .......... .......... .......... 56%  108M 1s
 32550K .......... .......... .......... .......... .......... 56%  121M 1s
 32600K .......... .......... .......... .......... .......... 56% 3.75M 1s
 32650K .......... .......... .......... .......... .......... 56%  106M 1s
 32700K .......... .......... .......... .......... .......... 57%  118M 1s
 32750K .......... .......... .......... .......... .......... 57%  112M 1s
 32800K .......... .......... .......... .......... .......... 57%  101M 1s
 32850K .......... .......... .......... .......... .......... 57% 22.2M 1s
 32900K .......... .......... .......... .......... .......... 57% 45.9M 1s
 32950K .......... .......... .......... .......... .......... 57% 45.3M 1s
 33000K .......... .......... .......... .......... .......... 57% 91.9M 1s
 33050K .......... .......... .......... .......... .......... 57% 79.8M 1s
 33100K .......... .......... .......... .......... .......... 57% 71.3M 1s
 33150K .......... .......... .......... .......... .......... 57%  111M 1s
 33200K .......... .......... .......... .......... .......... 57%  147M 1s
 33250K .......... .......... .......... .......... .......... 57%  127M 1s
 33300K .......... .......... .......... .......... .......... 58%  132M 1s
 33350K .......... .......... .......... .......... .......... 58%  122M 1s
 33400K .......... .......... .......... .......... .......... 58%  108M 1s
 33450K .......... .......... .......... .......... .......... 58%  150M 1s
 33500K .......... .......... .......... .......... .......... 58%  121M 1s
 33550K .......... .......... .......... .......... .......... 58%  126M 1s
 33600K .......... .......... .......... .......... .......... 58%  123M 1s
 33650K .......... .......... .......... .......... .......... 58%  105M 1s
 33700K .......... .......... .......... .......... .......... 58%  145M 1s
 33750K .......... .......... .......... .......... .......... 58%  123M 1s
 33800K .......... .......... .......... .......... .......... 58%  134M 1s
 33850K .......... .......... .......... .......... .......... 59%  126M 1s
 33900K .......... .......... .......... .......... .......... 59%  145M 1s
 33950K .......... .......... .......... .......... .......... 59%  133M 1s
 34000K .......... .......... .......... .......... .......... 59%  106M 1s
 34050K .......... .......... .......... .......... .......... 59%  138M 1s
 34100K .......... .......... .......... .......... .......... 59% 2.36M 1s
 34150K .......... .......... .......... .......... .......... 59% 80.4M 1s
 34200K .......... .......... .......... .......... .......... 59%  104M 1s
 34250K .......... .......... .......... .......... .......... 59%  142M 1s
 34300K .......... .......... .......... .......... .......... 59%  114M 1s
 34350K .......... .......... .......... .......... .......... 59%  108M 1s
 34400K .......... .......... .......... .......... .......... 59%  142M 1s
 34450K .......... .......... .......... .......... .......... 60% 4.42M 1s
 34500K .......... .......... .......... .......... .......... 60%  112M 1s
 34550K .......... .......... .......... .......... .......... 60%  112M 1s
 34600K .......... .......... .......... .......... .......... 60%  108M 1s
 34650K .......... .......... .......... .......... .......... 60%  132M 1s
 34700K .......... .......... .......... .......... .......... 60% 49.6M 1s
 34750K .......... .......... .......... .......... .......... 60% 45.5M 1s
 34800K .......... .......... .......... .......... .......... 60% 89.6M 1s
 34850K .......... .......... .......... .......... .......... 60% 75.0M 1s
 34900K .......... .......... .......... .......... .......... 60% 72.6M 1s
 34950K .......... .......... .......... .......... .......... 60%  110M 1s
 35000K .......... .......... .......... .......... .......... 61%  116M 1s
 35050K .......... .......... .......... .......... .......... 61%  140M 1s
 35100K .......... .......... .......... .......... .......... 61%  122M 1s
 35150K .......... .......... .......... .......... .......... 61%  115M 1s
 35200K .......... .......... .......... .......... .......... 61%  122M 1s
 35250K .......... .......... .......... .......... .......... 61%  114M 1s
 35300K .......... .......... .......... .......... .......... 61%  112M 1s
 35350K .......... .......... .......... .......... .......... 61%  124M 1s
 35400K .......... .......... .......... .......... .......... 61%  135M 1s
 35450K .......... .......... .......... .......... .......... 61%  110M 1s
 35500K .......... .......... .......... .......... .......... 61%  132M 1s
 35550K .......... .......... .......... .......... .......... 61%  122M 1s
 35600K .......... .......... .......... .......... .......... 62%  126M 1s
 35650K .......... .......... .......... .......... .......... 62%  123M 1s
 35700K .......... .......... .......... .......... .......... 62%  124M 1s
 35750K .......... .......... .......... .......... .......... 62%  131M 1s
 35800K .......... .......... .......... .......... .......... 62%  135M 1s
 35850K .......... .......... .......... .......... .......... 62%  130M 1s
 35900K .......... .......... .......... .......... .......... 62%  136M 1s
 35950K .......... .......... .......... .......... .......... 62%  121M 1s
 36000K .......... .......... .......... .......... .......... 62%  152M 1s
 36050K .......... .......... .......... .......... .......... 62% 11.6M 1s
 36100K .......... .......... .......... .......... .......... 62% 93.9M 1s
 36150K .......... .......... .......... .......... .......... 63%  132M 1s
 36200K .......... .......... .......... .......... .......... 63%  114M 1s
 36250K .......... .......... .......... .......... .......... 63%  116M 1s
 36300K .......... .......... .......... .......... .......... 63%  102M 1s
 36350K .......... .......... .......... .......... .......... 63%  126M 1s
 36400K .......... .......... .......... .......... .......... 63%  993K 1s
 36450K .......... .......... .......... .......... .......... 63%  107M 1s
 36500K .......... .......... .......... .......... .......... 63% 94.2M 1s
 36550K .......... .......... .......... .......... .......... 63% 93.5M 1s
 36600K .......... .......... .......... .......... .......... 63%  117M 1s
 36650K .......... .......... .......... .......... .......... 63%  179M 1s
 36700K .......... .......... .......... .......... .......... 63%  158M 1s
 36750K .......... .......... .......... .......... .......... 64%  165M 1s
 36800K .......... .......... .......... .......... .......... 64%  141M 1s
 36850K .......... .......... .......... .......... .......... 64%  160M 1s
 36900K .......... .......... .......... .......... .......... 64%  170M 1s
 36950K .......... .......... .......... .......... .......... 64%  155M 1s
 37000K .......... .......... .......... .......... .......... 64%  163M 1s
 37050K .......... .......... .......... .......... .......... 64%  168M 1s
 37100K .......... .......... .......... .......... .......... 64%  166M 1s
 37150K .......... .......... .......... .......... .......... 64%  161M 1s
 37200K .......... .......... .......... .......... .......... 64%  178M 1s
 37250K .......... .......... .......... .......... .......... 64%  156M 1s
 37300K .......... .......... .......... .......... .......... 65%  167M 1s
 37350K .......... .......... .......... .......... .......... 65%  156M 1s
 37400K .......... .......... .......... .......... .......... 65%  178M 1s
 37450K .......... .......... .......... .......... .......... 65%  149M 1s
 37500K .......... .......... .......... .......... .......... 65%  173M 1s
 37550K .......... .......... .......... .......... .......... 65%  157M 1s
 37600K .......... .......... .......... .......... .......... 65%  173M 1s
 37650K .......... .......... .......... .......... .......... 65%  152M 1s
 37700K .......... .......... .......... .......... .......... 65%  163M 1s
 37750K .......... .......... .......... .......... .......... 65%  162M 1s
 37800K .......... .......... .......... .......... .......... 65%  163M 1s
 37850K .......... .......... .......... .......... .......... 65%  154M 1s
 37900K .......... .......... .......... .......... .......... 66%  182M 1s
 37950K .......... .......... .......... .......... .......... 66%  185M 1s
 38000K .......... .......... .......... .......... .......... 66% 4.58M 1s
 38050K .......... .......... .......... .......... .......... 66% 97.9M 1s
 38100K .......... .......... .......... .......... .......... 66% 66.6M 1s
 38150K .......... .......... .......... .......... .......... 66% 80.0M 1s
 38200K .......... .......... .......... .......... .......... 66% 49.9M 1s
 38250K .......... .......... .......... .......... .......... 66% 94.1M 1s
 38300K .......... .......... .......... .......... .......... 66%  122M 1s
 38350K .......... .......... .......... .......... .......... 66% 60.9M 1s
 38400K .......... .......... .......... .......... .......... 66% 75.1M 1s
 38450K .......... .......... .......... .......... .......... 67%  123M 1s
 38500K .......... .......... .......... .......... .......... 67%  109M 1s
 38550K .......... .......... .......... .......... .......... 67% 53.2M 1s
 38600K .......... .......... .......... .......... .......... 67% 89.8M 1s
 38650K .......... .......... .......... .......... .......... 67%  113M 1s
 38700K .......... .......... .......... .......... .......... 67%  113M 1s
 38750K .......... .......... .......... .......... .......... 67% 62.3M 1s
 38800K .......... .......... .......... .......... .......... 67% 90.2M 1s
 38850K .......... .......... .......... .......... .......... 67%  112M 1s
 38900K .......... .......... .......... .......... .......... 67%  100M 1s
 38950K .......... .......... .......... .......... .......... 67%  122M 1s
 39000K .......... .......... .......... .......... .......... 67%  107M 1s
 39050K .......... .......... .......... .......... .......... 68%  115M 1s
 39100K .......... .......... .......... .......... .......... 68%  102M 1s
 39150K .......... .......... .......... .......... .......... 68%  121M 1s
 39200K .......... .......... .......... .......... .......... 68%  103M 1s
 39250K .......... .......... .......... .......... .......... 68%  113M 1s
 39300K .......... .......... .......... .......... .......... 68%  120M 1s
 39350K .......... .......... .......... .......... .......... 68%  109M 1s
 39400K .......... .......... .......... .......... .......... 68%  104M 1s
 39450K .......... .......... .......... .......... .......... 68%  114M 1s
 39500K .......... .......... .......... .......... .......... 68%  126M 1s
 39550K .......... .......... .......... .......... .......... 68% 98.3M 1s
 39600K .......... .......... .......... .......... .......... 69%  112M 1s
 39650K .......... .......... .......... .......... .......... 69%  104M 1s
 39700K .......... .......... .......... .......... .......... 69%  128M 1s
 39750K .......... .......... .......... .......... .......... 69%  112M 1s
 39800K .......... .......... .......... .......... .......... 69%  114M 1s
 39850K .......... .......... .......... .......... .......... 69% 97.5M 1s
 39900K .......... .......... .......... .......... .......... 69%  127M 1s
 39950K .......... .......... .......... .......... .......... 69%  115M 1s
 40000K .......... .......... .......... .......... .......... 69% 64.8M 1s
 40050K .......... .......... .......... .......... .......... 69% 92.4M 1s
 40100K .......... .......... .......... .......... .......... 69%  110M 1s
 40150K .......... .......... .......... .......... .......... 69%  128M 1s
 40200K .......... .......... .......... .......... .......... 70%  114M 1s
 40250K .......... .......... .......... .......... .......... 70%  108M 1s
 40300K .......... .......... .......... .......... .......... 70%  117M 1s
 40350K .......... .......... .......... .......... .......... 70%  109M 1s
 40400K .......... .......... .......... .......... .......... 70%  117M 1s
 40450K .......... .......... .......... .......... .......... 70%  115M 1s
 40500K .......... .......... .......... .......... .......... 70%  107M 1s
 40550K .......... .......... .......... .......... .......... 70%  117M 1s
 40600K .......... .......... .......... .......... .......... 70%  103M 1s
 40650K .......... .......... .......... .......... .......... 70%  117M 1s
 40700K .......... .......... .......... .......... .......... 70% 94.0M 1s
 40750K .......... .......... .......... .......... .......... 71%  121M 1s
 40800K .......... .......... .......... .......... .......... 71%  115M 1s
 40850K .......... .......... .......... .......... .......... 71%  118M 1s
 40900K .......... .......... .......... .......... .......... 71%  106M 1s
 40950K .......... .......... .......... .......... .......... 71%  111M 1s
 41000K .......... .......... .......... .......... .......... 71%  120M 1s
 41050K .......... .......... .......... .......... .......... 71%  104M 1s
 41100K .......... .......... .......... .......... .......... 71%  112M 1s
 41150K .......... .......... .......... .......... .......... 71%  107M 1s
 41200K .......... .......... .......... .......... .......... 71%  111M 1s
 41250K .......... .......... .......... .......... .......... 71%  117M 1s
 41300K .......... .......... .......... .......... .......... 71%  110M 1s
 41350K .......... .......... .......... .......... .......... 72%  120M 1s
 41400K .......... .......... .......... .......... .......... 72% 1.52M 1s
 41450K .......... .......... .......... .......... .......... 72%  117M 1s
 41500K .......... .......... .......... .......... .......... 72%  126M 1s
 41550K .......... .......... .......... .......... .......... 72%  116M 1s
 41600K .......... .......... .......... .......... .......... 72%  108M 1s
 41650K .......... .......... .......... .......... .......... 72%  100M 1s
 41700K .......... .......... .......... .......... .......... 72%  131M 1s
 41750K .......... .......... .......... .......... .......... 72% 98.7M 1s
 41800K .......... .......... .......... .......... .......... 72%  116M 1s
 41850K .......... .......... .......... .......... .......... 72% 33.2M 1s
 41900K .......... .......... .......... .......... .......... 73% 57.1M 1s
 41950K .......... .......... .......... .......... .......... 73% 59.1M 1s
 42000K .......... .......... .......... .......... .......... 73% 51.7M 1s
 42050K .......... .......... .......... .......... .......... 73% 47.0M 1s
 42100K .......... .......... .......... .......... .......... 73% 73.7M 1s
 42150K .......... .......... .......... .......... .......... 73% 72.3M 1s
 42200K .......... .......... .......... .......... .......... 73% 92.1M 1s
 42250K .......... .......... .......... .......... .......... 73% 89.7M 1s
 42300K .......... .......... .......... .......... .......... 73%  107M 1s
 42350K .......... .......... .......... .......... .......... 73% 5.96M 1s
 42400K .......... .......... .......... .......... .......... 73%  110M 0s
 42450K .......... .......... .......... .......... .......... 73% 94.3M 0s
 42500K .......... .......... .......... .......... .......... 74% 85.5M 0s
 42550K .......... .......... .......... .......... .......... 74% 61.1M 0s
 42600K .......... .......... .......... .......... .......... 74% 68.8M 0s
 42650K .......... .......... .......... .......... .......... 74% 77.8M 0s
 42700K .......... .......... .......... .......... .......... 74% 85.9M 0s
 42750K .......... .......... .......... .......... .......... 74% 85.9M 0s
 42800K .......... .......... .......... .......... .......... 74% 3.68M 0s
 42850K .......... .......... .......... .......... .......... 74%  110M 0s
 42900K .......... .......... .......... .......... .......... 74%  130M 0s
 42950K .......... .......... .......... .......... .......... 74%  106M 0s
 43000K .......... .......... .......... .......... .......... 74% 95.9M 0s
 43050K .......... .......... .......... .......... .......... 75%  110M 0s
 43100K .......... .......... .......... .......... .......... 75%  280K 1s
 43150K .......... .......... .......... .......... .......... 75%  113M 1s
 43200K .......... .......... .......... .......... .......... 75%  143M 1s
 43250K .......... .......... .......... .......... .......... 75% 63.7M 1s
 43300K .......... .......... .......... .......... .......... 75% 52.3M 1s
 43350K .......... .......... .......... .......... .......... 75% 45.7M 1s
 43400K .......... .......... .......... .......... .......... 75% 51.6M 1s
 43450K .......... .......... .......... .......... .......... 75% 39.8M 1s
 43500K .......... .......... .......... .......... .......... 75% 36.4M 1s
 43550K .......... .......... .......... .......... .......... 75% 38.5M 1s
 43600K .......... .......... .......... .......... .......... 75% 31.4M 1s
 43650K .......... .......... .......... .......... .......... 76% 37.9M 1s
 43700K .......... .......... .......... .......... .......... 76% 39.0M 1s
 43750K .......... .......... .......... .......... .......... 76% 69.9M 1s
 43800K .......... .......... .......... .......... .......... 76% 98.5M 1s
 43850K .......... .......... .......... .......... .......... 76%  123M 1s
 43900K .......... .......... .......... .......... .......... 76%  108M 0s
 43950K .......... .......... .......... .......... .......... 76%  107M 0s
 44000K .......... .......... .......... .......... .......... 76%  147M 0s
 44050K .......... .......... .......... .......... .......... 76%  139M 0s
 44100K .......... .......... .......... .......... .......... 76%  221M 0s
 44150K .......... .......... .......... .......... .......... 76%  179M 0s
 44200K .......... .......... .......... .......... .......... 77%  212M 0s
 44250K .......... .......... .......... .......... .......... 77%  194M 0s
 44300K .......... .......... .......... .......... .......... 77%  209M 0s
 44350K .......... .......... .......... .......... .......... 77%  205M 0s
 44400K .......... .......... .......... .......... .......... 77%  178M 0s
 44450K .......... .......... .......... .......... .......... 77%  203M 0s
 44500K .......... .......... .......... .......... .......... 77%  181M 0s
 44550K .......... .......... .......... .......... .......... 77%  204M 0s
 44600K .......... .......... .......... .......... .......... 77%  197M 0s
 44650K .......... .......... .......... .......... .......... 77%  175M 0s
 44700K .......... .......... .......... .......... .......... 77%  196M 0s
 44750K .......... .......... .......... .......... .......... 77%  193M 0s
 44800K .......... .......... .......... .......... .......... 78%  202M 0s
 44850K .......... .......... .......... .......... .......... 78% 2.18M 0s
 44900K .......... .......... .......... .......... .......... 78% 76.6M 0s
 44950K .......... .......... .......... .......... .......... 78%  153M 0s
 45000K .......... .......... .......... .......... .......... 78% 75.0M 0s
 45050K .......... .......... .......... .......... .......... 78% 24.7M 0s
 45100K .......... .......... .......... .......... .......... 78% 82.5M 0s
 45150K .......... .......... .......... .......... .......... 78% 79.4M 0s
 45200K .......... .......... .......... .......... .......... 78% 70.7M 0s
 45250K .......... .......... .......... .......... .......... 78% 67.5M 0s
 45300K .......... .......... .......... .......... .......... 78% 80.8M 0s
 45350K .......... .......... .......... .......... .......... 79% 85.0M 0s
 45400K .......... .......... .......... .......... .......... 79% 85.2M 0s
 45450K .......... .......... .......... .......... .......... 79% 76.0M 0s
 45500K .......... .......... .......... .......... .......... 79% 75.2M 0s
 45550K .......... .......... .......... .......... .......... 79% 79.7M 0s
 45600K .......... .......... .......... .......... .......... 79% 71.7M 0s
 45650K .......... .......... .......... .......... .......... 79% 63.5M 0s
 45700K .......... .......... .......... .......... .......... 79% 80.2M 0s
 45750K .......... .......... .......... .......... .......... 79% 71.0M 0s
 45800K .......... .......... .......... .......... .......... 79% 73.0M 0s
 45850K .......... .......... .......... .......... .......... 79% 88.4M 0s
 45900K .......... .......... .......... .......... .......... 79% 67.0M 0s
 45950K .......... .......... .......... .......... .......... 80%  102M 0s
 46000K .......... .......... .......... .......... .......... 80%  134M 0s
 46050K .......... .......... .......... .......... .......... 80%  167M 0s
 46100K .......... .......... .......... .......... .......... 80%  200M 0s
 46150K .......... .......... .......... .......... .......... 80%  165M 0s
 46200K .......... .......... .......... .......... .......... 80%  194M 0s
 46250K .......... .......... .......... .......... .......... 80%  192M 0s
 46300K .......... .......... .......... .......... .......... 80%  186M 0s
 46350K .......... .......... .......... .......... .......... 80%  169M 0s
 46400K .......... .......... .......... .......... .......... 80%  175M 0s
 46450K .......... .......... .......... .......... .......... 80%  137M 0s
 46500K .......... .......... .......... .......... .......... 81%  109M 0s
 46550K .......... .......... .......... .......... .......... 81%  128M 0s
 46600K .......... .......... .......... .......... .......... 81%  106M 0s
 46650K .......... .......... .......... .......... .......... 81% 96.9M 0s
 46700K .......... .......... .......... .......... .......... 81%  119M 0s
 46750K .......... .......... .......... .......... .......... 81%  118M 0s
 46800K .......... .......... .......... .......... .......... 81%  102M 0s
 46850K .......... .......... .......... .......... .......... 81%  112M 0s
 46900K .......... .......... .......... .......... .......... 81%  128M 0s
 46950K .......... .......... .......... .......... .......... 81% 25.8M 0s
 47000K .......... .......... .......... .......... .......... 81% 68.4M 0s
 47050K .......... .......... .......... .......... .......... 81%  114M 0s
 47100K .......... .......... .......... .......... .......... 82% 96.5M 0s
 47150K .......... .......... .......... .......... .......... 82%  115M 0s
 47200K .......... .......... .......... .......... .......... 82%  115M 0s
 47250K .......... .......... .......... .......... .......... 82%  111M 0s
 47300K .......... .......... .......... .......... .......... 82%  113M 0s
 47350K .......... .......... .......... .......... .......... 82%  107M 0s
 47400K .......... .......... .......... .......... .......... 82%  107M 0s
 47450K .......... .......... .......... .......... .......... 82%  121M 0s
 47500K .......... .......... .......... .......... .......... 82%  107M 0s
 47550K .......... .......... .......... .......... .......... 82% 99.5M 0s
 47600K .......... .......... .......... .......... .......... 82%  120M 0s
 47650K .......... .......... .......... .......... .......... 83%  108M 0s
 47700K .......... .......... .......... .......... .......... 83%  122M 0s
 47750K .......... .......... .......... .......... .......... 83%  126M 0s
 47800K .......... .......... .......... .......... .......... 83% 92.6M 0s
 47850K .......... .......... .......... .......... .......... 83%  110M 0s
 47900K .......... .......... .......... .......... .......... 83%  110M 0s
 47950K .......... .......... .......... .......... .......... 83% 98.8M 0s
 48000K .......... .......... .......... .......... .......... 83%  135M 0s
 48050K .......... .......... .......... .......... .......... 83%  108M 0s
 48100K .......... .......... .......... .......... .......... 83%  113M 0s
 48150K .......... .......... .......... .......... .......... 83%  115M 0s
 48200K .......... .......... .......... .......... .......... 83%  104M 0s
 48250K .......... .......... .......... .......... .......... 84%  124M 0s
 48300K .......... .......... .......... .......... .......... 84%  581K 0s
 48350K .......... .......... .......... .......... .......... 84% 62.2M 0s
 48400K .......... .......... .......... .......... .......... 84% 61.8M 0s
 48450K .......... .......... .......... .......... .......... 84% 61.9M 0s
 48500K .......... .......... .......... .......... .......... 84% 57.8M 0s
 48550K .......... .......... .......... .......... .......... 84% 74.9M 0s
 48600K .......... .......... .......... .......... .......... 84%  113M 0s
 48650K .......... .......... .......... .......... .......... 84%  115M 0s
 48700K .......... .......... .......... .......... .......... 84%  106M 0s
 48750K .......... .......... .......... .......... .......... 84% 3.77M 0s
 48800K .......... .......... .......... .......... .......... 85% 71.4M 0s
 48850K .......... .......... .......... .......... .......... 85% 57.5M 0s
 48900K .......... .......... .......... .......... .......... 85% 71.8M 0s
 48950K .......... .......... .......... .......... .......... 85% 70.9M 0s
 49000K .......... .......... .......... .......... .......... 85% 65.2M 0s
 49050K .......... .......... .......... .......... .......... 85% 69.7M 0s
 49100K .......... .......... .......... .......... .......... 85% 72.4M 0s
 49150K .......... .......... .......... .......... .......... 85% 55.6M 0s
 49200K .......... .......... .......... .......... .......... 85% 82.4M 0s
 49250K .......... .......... .......... .......... .......... 85% 87.1M 0s
 49300K .......... .......... .......... .......... .......... 85% 94.4M 0s
 49350K .......... .......... .......... .......... .......... 85% 79.8M 0s
 49400K .......... .......... .......... .......... .......... 86% 78.9M 0s
 49450K .......... .......... .......... .......... .......... 86% 81.4M 0s
 49500K .......... .......... .......... .......... .......... 86% 90.8M 0s
 49550K .......... .......... .......... .......... .......... 86% 97.6M 0s
 49600K .......... .......... .......... .......... .......... 86% 74.8M 0s
 49650K .......... .......... .......... .......... .......... 86% 92.9M 0s
 49700K .......... .......... .......... .......... .......... 86% 89.7M 0s
 49750K .......... .......... .......... .......... .......... 86% 76.0M 0s
 49800K .......... .......... .......... .......... .......... 86% 81.7M 0s
 49850K .......... .......... .......... .......... .......... 86%  140M 0s
 49900K .......... .......... .......... .......... .......... 86%  157M 0s
 49950K .......... .......... .......... .......... .......... 87%  129M 0s
 50000K .......... .......... .......... .......... .......... 87%  157M 0s
 50050K .......... .......... .......... .......... .......... 87%  160M 0s
 50100K .......... .......... .......... .......... .......... 87%  147M 0s
 50150K .......... .......... .......... .......... .......... 87%  137M 0s
 50200K .......... .......... .......... .......... .......... 87%  141M 0s
 50250K .......... .......... .......... .......... .......... 87%  138M 0s
 50300K .......... .......... .......... .......... .......... 87%  127M 0s
 50350K .......... .......... .......... .......... .......... 87%  133M 0s
 50400K .......... .......... .......... .......... .......... 87%  126M 0s
 50450K .......... .......... .......... .......... .......... 87%  142M 0s
 50500K .......... .......... .......... .......... .......... 87%  132M 0s
 50550K .......... .......... .......... .......... .......... 88%  143M 0s
 50600K .......... .......... .......... .......... .......... 88%  135M 0s
 50650K .......... .......... .......... .......... .......... 88%  155M 0s
 50700K .......... .......... .......... .......... .......... 88%  127M 0s
 50750K .......... .......... .......... .......... .......... 88%  156M 0s
 50800K .......... .......... .......... .......... .......... 88%  132M 0s
 50850K .......... .......... .......... .......... .......... 88%  147M 0s
 50900K .......... .......... .......... .......... .......... 88%  166M 0s
 50950K .......... .......... .......... .......... .......... 88%  121M 0s
 51000K .......... .......... .......... .......... .......... 88%  150M 0s
 51050K .......... .......... .......... .......... .......... 88%  144M 0s
 51100K .......... .......... .......... .......... .......... 89%  148M 0s
 51150K .......... .......... .......... .......... .......... 89%  143M 0s
 51200K .......... .......... .......... .......... .......... 89%  130M 0s
 51250K .......... .......... .......... .......... .......... 89%  179M 0s
 51300K .......... .......... .......... .......... .......... 89%  133M 0s
 51350K .......... .......... .......... .......... .......... 89%  140M 0s
 51400K .......... .......... .......... .......... .......... 89%  154M 0s
 51450K .......... .......... .......... .......... .......... 89%  155M 0s
 51500K .......... .......... .......... .......... .......... 89%  153M 0s
 51550K .......... .......... .......... .......... .......... 89%  148M 0s
 51600K .......... .......... .......... .......... .......... 89%  133M 0s
 51650K .......... .......... .......... .......... .......... 89%  150M 0s
 51700K .......... .......... .......... .......... .......... 90%  137M 0s
 51750K .......... .......... .......... .......... .......... 90%  146M 0s
 51800K .......... .......... .......... .......... .......... 90%  138M 0s
 51850K .......... .......... .......... .......... .......... 90%  150M 0s
 51900K .......... .......... .......... .......... .......... 90%  146M 0s
 51950K .......... .......... .......... .......... .......... 90%  161M 0s
 52000K .......... .......... .......... .......... .......... 90%  123M 0s
 52050K .......... .......... .......... .......... .......... 90%  151M 0s
 52100K .......... .......... .......... .......... .......... 90%  148M 0s
 52150K .......... .......... .......... .......... .......... 90% 98.2M 0s
 52200K .......... .......... .......... .......... .......... 90%  127M 0s
 52250K .......... .......... .......... .......... .......... 91% 89.8M 0s
 52300K .......... .......... .......... .......... .......... 91%  140M 0s
 52350K .......... .......... .......... .......... .......... 91%  123M 0s
 52400K .......... .......... .......... .......... .......... 91% 82.2M 0s
 52450K .......... .......... .......... .......... .......... 91% 3.14M 0s
 52500K .......... .......... .......... .......... .......... 91% 10.3M 0s
 52550K .......... .......... .......... .......... .......... 91% 91.6M 0s
 52600K .......... .......... .......... .......... .......... 91% 74.6M 0s
 52650K .......... .......... .......... .......... .......... 91% 88.3M 0s
 52700K .......... .......... .......... .......... .......... 91% 89.6M 0s
 52750K .......... .......... .......... .......... .......... 91% 80.1M 0s
 52800K .......... .......... .......... .......... .......... 91%  137M 0s
 52850K .......... .......... .......... .......... .......... 92%  124M 0s
 52900K .......... .......... .......... .......... .......... 92% 74.4M 0s
 52950K .......... .......... .......... .......... .......... 92% 89.2M 0s
 53000K .......... .......... .......... .......... .......... 92% 61.4M 0s
 53050K .......... .......... .......... .......... .......... 92% 60.9M 0s
 53100K .......... .......... .......... .......... .......... 92% 70.8M 0s
 53150K .......... .......... .......... .......... .......... 92% 57.2M 0s
 53200K .......... .......... .......... .......... .......... 92% 67.8M 0s
 53250K .......... .......... .......... .......... .......... 92% 92.8M 0s
 53300K .......... .......... .......... .......... .......... 92% 98.1M 0s
 53350K .......... .......... .......... .......... .......... 92%  107M 0s
 53400K .......... .......... .......... .......... .......... 93%  105M 0s
 53450K .......... .......... .......... .......... .......... 93%  115M 0s
 53500K .......... .......... .......... .......... .......... 93% 95.3M 0s
 53550K .......... .......... .......... .......... .......... 93% 96.4M 0s
 53600K .......... .......... .......... .......... .......... 93%  105M 0s
 53650K .......... .......... .......... .......... .......... 93%  111M 0s
 53700K .......... .......... .......... .......... .......... 93% 89.5M 0s
 53750K .......... .......... .......... .......... .......... 93%  114M 0s
 53800K .......... .......... .......... .......... .......... 93% 64.2M 0s
 53850K .......... .......... .......... .......... .......... 93%  103M 0s
 53900K .......... .......... .......... .......... .......... 93%  110M 0s
 53950K .......... .......... .......... .......... .......... 94% 93.7M 0s
 54000K .......... .......... .......... .......... .......... 94%  128M 0s
 54050K .......... .......... .......... .......... .......... 94% 88.2M 0s
 54100K .......... .......... .......... .......... .......... 94%  129M 0s
 54150K .......... .......... .......... .......... .......... 94%  122M 0s
 54200K .......... .......... .......... .......... .......... 94%  141M 0s
 54250K .......... .......... .......... .......... .......... 94%  145M 0s
 54300K .......... .......... .......... .......... .......... 94%  142M 0s
 54350K .......... .......... .......... .......... .......... 94%  150M 0s
 54400K .......... .......... .......... .......... .......... 94%  141M 0s
 54450K .......... .......... .......... .......... .......... 94%  129M 0s
 54500K .......... .......... .......... .......... .......... 94%  148M 0s
 54550K .......... .......... .......... .......... .......... 95%  150M 0s
 54600K .......... .......... .......... .......... .......... 95%  152M 0s
 54650K .......... .......... .......... .......... .......... 95%  124M 0s
 54700K .......... .......... .......... .......... .......... 95%  154M 0s
 54750K .......... .......... .......... .......... .......... 95%  147M 0s
 54800K .......... .......... .......... .......... .......... 95%  138M 0s
 54850K .......... .......... .......... .......... .......... 95%  125M 0s
 54900K .......... .......... .......... .......... .......... 95%  108M 0s
 54950K .......... .......... .......... .......... .......... 95%  145M 0s
 55000K .......... .......... .......... .......... .......... 95%  156M 0s
 55050K .......... .......... .......... .......... .......... 95%  126M 0s
 55100K .......... .......... .......... .......... .......... 96%  181M 0s
 55150K .......... .......... .......... .......... .......... 96%  164M 0s
 55200K .......... .......... .......... .......... .......... 96%  209M 0s
 55250K .......... .......... .......... .......... .......... 96%  311K 0s
 55300K .......... .......... .......... .......... .......... 96% 83.1M 0s
 55350K .......... .......... .......... .......... .......... 96% 97.3M 0s
 55400K .......... .......... .......... .......... .......... 96% 79.0M 0s
 55450K .......... .......... .......... .......... .......... 96% 92.6M 0s
 55500K .......... .......... .......... .......... .......... 96% 81.5M 0s
 55550K .......... .......... .......... .......... .......... 96% 88.2M 0s
 55600K .......... .......... .......... .......... .......... 96%  129M 0s
 55650K .......... .......... .......... .......... .......... 96%  108M 0s
 55700K .......... .......... .......... .......... .......... 97% 2.96M 0s
 55750K .......... .......... .......... .......... .......... 97% 79.0M 0s
 55800K .......... .......... .......... .......... .......... 97% 93.8M 0s
 55850K .......... .......... .......... .......... .......... 97%  100M 0s
 55900K .......... .......... .......... .......... .......... 97% 88.6M 0s
 55950K .......... .......... .......... .......... .......... 97% 73.6M 0s
 56000K .......... .......... .......... .......... .......... 97% 69.0M 0s
 56050K .......... .......... .......... .......... .......... 97% 68.9M 0s
 56100K .......... .......... .......... .......... .......... 97% 61.4M 0s
 56150K .......... .......... .......... .......... .......... 97% 60.9M 0s
 56200K .......... .......... .......... .......... .......... 97% 58.3M 0s
 56250K .......... .......... .......... .......... .......... 98% 71.8M 0s
 56300K .......... .......... .......... .......... .......... 98% 68.2M 0s
 56350K .......... .......... .......... .......... .......... 98% 67.3M 0s
 56400K .......... .......... .......... .......... .......... 98% 70.8M 0s
 56450K .......... .......... .......... .......... .......... 98% 80.5M 0s
 56500K .......... .......... .......... .......... .......... 98% 66.4M 0s
 56550K .......... .......... .......... .......... .......... 98% 79.8M 0s
 56600K .......... .......... .......... .......... .......... 98% 70.2M 0s
 56650K .......... .......... .......... .......... .......... 98% 88.0M 0s
 56700K .......... .......... .......... .......... .......... 98% 72.8M 0s
 56750K .......... .......... .......... .......... .......... 98% 81.8M 0s
 56800K .......... .......... .......... .......... .......... 98% 76.7M 0s
 56850K .......... .......... .......... .......... .......... 99%  150M 0s
 56900K .......... .......... .......... .......... .......... 99%  213M 0s
 56950K .......... .......... .......... .......... .......... 99%  194M 0s
 57000K .......... .......... .......... .......... .......... 99%  203M 0s
 57050K .......... .......... .......... .......... .......... 99%  175M 0s
 57100K .......... .......... .......... .......... .......... 99%  204M 0s
 57150K .......... .......... .......... .......... .......... 99%  188M 0s
 57200K .......... .......... .......... .......... .......... 99%  198M 0s
 57250K .......... .......... .......... .......... .......... 99%  177M 0s
 57300K .......... .......... .......... .......... .......... 99%  204M 0s
 57350K .......... .......... .......... .......... .......... 99%  212M 0s
 57400K .......... .......... .......... .......... .....     100%  165M=2.1s

2022-01-22 12:43:31 (27.1 MB/s) - â€˜/tmp/firefox-53.0.3.tar.bz2â€™ saved [58824425/58824425]


travis_time:end:05d68abc:start=1642855408879029416,finish=1642855411884148290,duration=3005118874[0K$ export PATH=$HOME/firefox-53.0.3/firefox:$PATH
travis_fold:end:install_firefox[0K
[33;1mSetting environment variables from .travis.yml[0m
$ export DISPLAY=:99

$ java -Xmx32m -version
Picked up _JAVA_OPTIONS: -Xmx2048m -Xms512m
java version "1.8.0_151"
Java(TM) SE Runtime Environment (build 1.8.0_151-b12)
Java HotSpot(TM) 64-Bit Server VM (build 25.151-b12, mixed mode)
$ javac -J-Xmx32m -version
Picked up _JAVA_OPTIONS: -Xmx2048m -Xms512m
javac 1.8.0_151
travis_fold:start:before_install.1[0Ktravis_time:start:298b2ec2[0K$ wget https://github.com/mozilla/geckodriver/releases/download/v0.17.0/geckodriver-v0.17.0-linux64.tar.gz
--2022-01-22 12:43:41--  https://github.com/mozilla/geckodriver/releases/download/v0.17.0/geckodriver-v0.17.0-linux64.tar.gz
Resolving github.com (github.com)... 192.30.255.112
Connecting to github.com (github.com)|192.30.255.112|:443... connected.
HTTP request sent, awaiting response... 302 Found
Location: https://objects.githubusercontent.com/github-production-release-asset-2e65be/25354393/69402aa4-4d33-11e7-8aea-331ee7838485?X-Amz-Algorithm=AWS4-HMAC-SHA256&X-Amz-Credential=AKIAIWNJYAX4CSVEH53A%2F20220122%2Fus-east-1%2Fs3%2Faws4_request&X-Amz-Date=20220122T124341Z&X-Amz-Expires=300&X-Amz-Signature=fc8cfc7df12cbfabc12bdcd510941b7df0d234a55d6292a3a4b783935e438976&X-Amz-SignedHeaders=host&actor_id=0&key_id=0&repo_id=25354393&response-content-disposition=attachment%3B%20filename%3Dgeckodriver-v0.17.0-linux64.tar.gz&response-content-type=application%2Foctet-stream [following]
--2022-01-22 12:43:41--  https://objects.githubusercontent.com/github-production-release-asset-2e65be/25354393/69402aa4-4d33-11e7-8aea-331ee7838485?X-Amz-Algorithm=AWS4-HMAC-SHA256&X-Amz-Credential=AKIAIWNJYAX4CSVEH53A%2F20220122%2Fus-east-1%2Fs3%2Faws4_request&X-Amz-Date=20220122T124341Z&X-Amz-Expires=300&X-Amz-Signature=fc8cfc7df12cbfabc12bdcd510941b7df0d234a55d6292a3a4b783935e438976&X-Amz-SignedHeaders=host&actor_id=0&key_id=0&repo_id=25354393&response-content-disposition=attachment%3B%20filename%3Dgeckodriver-v0.17.0-linux64.tar.gz&response-content-type=application%2Foctet-stream
Resolving objects.githubusercontent.com (objects.githubusercontent.com)... 185.199.109.133, 185.199.110.133, 185.199.111.133, ...
Connecting to objects.githubusercontent.com (objects.githubusercontent.com)|185.199.109.133|:443... connected.
HTTP request sent, awaiting response... 200 OK
Length: 2263296 (2.2M) [application/octet-stream]
Saving to: â€˜geckodriver-v0.17.0-linux64.tar.gzâ€™

     0K .......... .......... .......... .......... ..........  2% 13.1M 0s
    50K .......... .......... .......... .......... ..........  4% 14.0M 0s
   100K .......... .......... .......... .......... ..........  6% 16.0M 0s
   150K .......... .......... .......... .......... ..........  9% 86.0M 0s
   200K .......... .......... .......... .......... .......... 11% 17.9M 0s
   250K .......... .......... .......... .......... .......... 13% 99.2M 0s
   300K .......... .......... .......... .......... .......... 15%  104M 0s
   350K .......... .......... .......... .......... .......... 18% 86.4M 0s
   400K .......... .......... .......... .......... .......... 20% 42.9M 0s
   450K .......... .......... .......... .......... .......... 22% 79.7M 0s
   500K .......... .......... .......... .......... .......... 24% 89.9M 0s
   550K .......... .......... .......... .......... .......... 27%  100M 0s
   600K .......... .......... .......... .......... .......... 29%  102M 0s
   650K .......... .......... .......... .......... .......... 31% 83.3M 0s
   700K .......... .......... .......... .......... .......... 33% 99.9M 0s
   750K .......... .......... .......... .......... .......... 36% 89.1M 0s
   800K .......... .......... .......... .......... .......... 38% 87.8M 0s
   850K .......... .......... .......... .......... .......... 40%  102M 0s
   900K .......... .......... .......... .......... .......... 42% 99.6M 0s
   950K .......... .......... .......... .......... .......... 45%  100M 0s
  1000K .......... .......... .......... .......... .......... 47% 84.4M 0s
  1050K .......... .......... .......... .......... .......... 49%  110M 0s
  1100K .......... .......... .......... .......... .......... 52%  107M 0s
  1150K .......... .......... .......... .......... .......... 54% 90.2M 0s
  1200K .......... .......... .......... .......... .......... 56%  106M 0s
  1250K .......... .......... .......... .......... .......... 58%  109M 0s
  1300K .......... .......... .......... .......... .......... 61%  110M 0s
  1350K .......... .......... .......... .......... .......... 63% 97.2M 0s
  1400K .......... .......... .......... .......... .......... 65%  115M 0s
  1450K .......... .......... .......... .......... .......... 67%  112M 0s
  1500K .......... .......... .......... .......... .......... 70% 93.5M 0s
  1550K .......... .......... .......... .......... .......... 72% 94.2M 0s
  1600K .......... .......... .......... .......... .......... 74% 84.3M 0s
  1650K .......... .......... .......... .......... .......... 76% 87.7M 0s
  1700K .......... .......... .......... .......... .......... 79% 94.1M 0s
  1750K .......... .......... .......... .......... .......... 81% 97.1M 0s
  1800K .......... .......... .......... .......... .......... 83% 90.8M 0s
  1850K .......... .......... .......... .......... .......... 85%  101M 0s
  1900K .......... .......... .......... .......... .......... 88% 97.5M 0s
  1950K .......... .......... .......... .......... .......... 90%  111M 0s
  2000K .......... .......... .......... .......... .......... 92%  134M 0s
  2050K .......... .......... .......... .......... .......... 95%  155M 0s
  2100K .......... .......... .......... .......... .......... 97%  153M 0s
  2150K .......... .......... .......... .......... .......... 99%  130M 0s
  2200K ..........                                            100%  186M=0.03s

2022-01-22 12:43:42 (64.8 MB/s) - â€˜geckodriver-v0.17.0-linux64.tar.gzâ€™ saved [2263296/2263296]


travis_time:end:298b2ec2:start=1642855421748213562,finish=1642855422261837609,duration=513624047[0Ktravis_fold:end:before_install.1[0Ktravis_fold:start:before_install.2[0Ktravis_time:start:00fcb4ee[0K$ mkdir geckodriver

travis_time:end:00fcb4ee:start=1642855422273357324,finish=1642855422285173420,duration=11816096[0Ktravis_fold:end:before_install.2[0Ktravis_fold:start:before_install.3[0Ktravis_time:start:092dd95b[0K$ tar -xzf geckodriver-v0.17.0-linux64.tar.gz -C geckodriver

travis_time:end:092dd95b:start=1642855422297146441,finish=1642855422396105920,duration=98959479[0Ktravis_fold:end:before_install.3[0Ktravis_fold:start:before_install.4[0Ktravis_time:start:00b582e0[0K$ /sbin/start-stop-daemon --start --quiet --pidfile /tmp/custom_xvfb_99.pid --make-pidfile --background --exec /usr/bin/Xvfb -- :99 +extension RANDR -ac -screen 0 1280x1024x16

travis_time:end:00b582e0:start=1642855422408988029,finish=1642855422431313082,duration=22325053[0Ktravis_fold:end:before_install.4[0Ktravis_fold:start:install[0Ktravis_time:start:0022b30f[0K$ mvn -o install -Dhttps.protocols=TLSv1.2 -DskipTests -Dgpg.skip
Picked up _JAVA_OPTIONS: -Xmx2048m -Xms512m
[INFO] Scanning for projects...
[WARNING] 
[WARNING] Some problems were encountered while building the effective model for com.galenframework:galen-core:jar:2.3.8-SNAPSHOT
[WARNING] 'build.plugins.plugin.version' for org.apache.maven.plugins:maven-clean-plugin is missing. @ com.galenframework:galen-core:[unknown-version], /home/travis/build/failed/galenframework/galen/galen-core/pom.xml, line 97, column 15
[WARNING] 
[WARNING] It is highly recommended to fix these problems because they threaten the stability of your build.
[WARNING] 
[WARNING] For this reason, future Maven versions might no longer support building such malformed projects.
[WARNING] 
[INFO] ------------------------------------------------------------------------
[INFO] Reactor Build Order:
[INFO] 
[INFO] Galen Framework Parent
[INFO] Galen Framework Rainbow4J
[INFO] Galen Framework Core
[INFO] Galen Framework Support for Java Test Frameworks
[INFO] Galen Framework Integration tests
[INFO] Distribution module for Galen Framework
[INFO] 
[INFO] ------------------------------------------------------------------------
[INFO] Building Galen Framework Parent 2.3.8-SNAPSHOT
[INFO] ------------------------------------------------------------------------
[INFO] 
[INFO] --- maven-install-plugin:2.4:install (default-install) @ galen-parent ---
[INFO] Installing /home/travis/build/failed/galenframework/galen/pom.xml to /home/travis/.m2/failed/com/galenframework/galen-parent/2.3.8-SNAPSHOT/galen-parent-2.3.8-SNAPSHOT.pom
[INFO] 
[INFO] ------------------------------------------------------------------------
[INFO] Building Galen Framework Rainbow4J 2.3.8-SNAPSHOT
[INFO] ------------------------------------------------------------------------
[INFO] 
[INFO] --- maven-resources-plugin:2.6:resources (default-resources) @ galen-rainbow4j ---
[INFO] Using 'UTF-8' encoding to copy filtered resources.
[INFO] skip non existing resourceDirectory /home/travis/build/failed/galenframework/galen/galen-rainbow4j/src/main/resources
[INFO] 
[INFO] --- maven-compiler-plugin:2.3.2:compile (default-compile) @ galen-rainbow4j ---
[INFO] Compiling 21 source files to /home/travis/build/failed/galenframework/galen/galen-rainbow4j/target/classes
[INFO] 
[INFO] --- maven-resources-plugin:2.6:testResources (default-testResources) @ galen-rainbow4j ---
[INFO] Using 'UTF-8' encoding to copy filtered resources.
[INFO] Copying 33 resources
[INFO] 
[INFO] --- maven-compiler-plugin:2.3.2:testCompile (default-testCompile) @ galen-rainbow4j ---
[INFO] Compiling 1 source file to /home/travis/build/failed/galenframework/galen/galen-rainbow4j/target/test-classes
[INFO] 
[INFO] --- maven-surefire-plugin:2.19:test (default-test) @ galen-rainbow4j ---
[INFO] Tests are skipped.
[INFO] 
[INFO] --- maven-jar-plugin:2.4:jar (default-jar) @ galen-rainbow4j ---
[INFO] Building jar: /home/travis/build/failed/galenframework/galen/galen-rainbow4j/target/galen-rainbow4j-2.3.8-SNAPSHOT.jar
[INFO] 
[INFO] --- maven-gpg-plugin:1.6:sign (sign-artifacts) @ galen-rainbow4j ---
[INFO] 
[INFO] --- maven-install-plugin:2.4:install (default-install) @ galen-rainbow4j ---
[INFO] Installing /home/travis/build/failed/galenframework/galen/galen-rainbow4j/target/galen-rainbow4j-2.3.8-SNAPSHOT.jar to /home/travis/.m2/failed/com/galenframework/galen-rainbow4j/2.3.8-SNAPSHOT/galen-rainbow4j-2.3.8-SNAPSHOT.jar
[INFO] Installing /home/travis/build/failed/galenframework/galen/galen-rainbow4j/pom.xml to /home/travis/.m2/failed/com/galenframework/galen-rainbow4j/2.3.8-SNAPSHOT/galen-rainbow4j-2.3.8-SNAPSHOT.pom
[INFO] 
[INFO] ------------------------------------------------------------------------
[INFO] Building Galen Framework Core 2.3.8-SNAPSHOT
[INFO] ------------------------------------------------------------------------
[INFO] 
[INFO] --- jacoco-maven-plugin:0.7.4.201502262128:prepare-agent (pre-unit-test) @ galen-core ---
[INFO] surefireArgLine set to -javaagent:/home/travis/.m2/failed/org/jacoco/org.jacoco.agent/0.7.4.201502262128/org.jacoco.agent-0.7.4.201502262128-runtime.jar=destfile=/home/travis/build/failed/galenframework/galen/galen-core/target/../coverage-report/jacoco-galen.exec
[INFO] 
[INFO] --- frontend-maven-plugin:1.0:install-node-and-npm (install node and npm) @ galen-core ---
[INFO] Installing node version v6.0.0
[INFO] Unpacking /home/travis/.m2/failed/com/github/eirslett/node/6.0.0/node-6.0.0-linux-x64.tar.gz into /home/travis/build/failed/galenframework/galen/galen-core/node/tmp
[INFO] Copying node binary from /home/travis/build/failed/galenframework/galen/galen-core/node/tmp/node-v6.0.0-linux-x64/bin/node to /home/travis/build/failed/galenframework/galen/galen-core/node/node
[INFO] Installed node locally.
[INFO] Installing npm version 3.10.7
[INFO] Unpacking /home/travis/.m2/failed/com/github/eirslett/npm/3.10.7/npm-3.10.7.tar.gz into /home/travis/build/failed/galenframework/galen/galen-core/node/node_modules
[INFO] Installed npm locally.
[INFO] 
[INFO] --- frontend-maven-plugin:1.0:npm (npm install) @ galen-core ---
[INFO] Running 'npm install' in /home/travis/build/failed/galenframework/galen/galen-core
[WARNING] npm WARN deprecated phantomjs-prebuilt@2.1.7: this package is now deprecated
[WARNING] npm WARN deprecated npmconf@2.1.3: this package has been reintegrated into npm and is now out of date with respect to npm
[WARNING] npm WARN deprecated coffee-script@1.10.0: CoffeeScript on NPM has moved to "coffeescript" (no hyphen)
[ERROR] (node:1619) Warning: Possible EventEmitter memory leak detected. 11 error listeners added. Use emitter.setMaxListeners() to increase limit
[ERROR] (node:1619) Warning: Possible EventEmitter memory leak detected. 11 error listeners added. Use emitter.setMaxListeners() to increase limit
[ERROR] (node:1619) Warning: Possible EventEmitter memory leak detected. 11 error listeners added. Use emitter.setMaxListeners() to increase limit
[ERROR] (node:1619) Warning: Possible EventEmitter memory leak detected. 11 error listeners added. Use emitter.setMaxListeners() to increase limit
[ERROR] (node:1619) Warning: Possible EventEmitter memory leak detected. 11 error listeners added. Use emitter.setMaxListeners() to increase limit
[ERROR] (node:1619) Warning: Possible EventEmitter memory leak detected. 11 error listeners added. Use emitter.setMaxListeners() to increase limit
[ERROR] (node:1619) Warning: Possible EventEmitter memory leak detected. 11 error listeners added. Use emitter.setMaxListeners() to increase limit
[ERROR] (node:1619) Warning: Possible EventEmitter memory leak detected. 11 error listeners added. Use emitter.setMaxListeners() to increase limit
[ERROR] (node:1619) Warning: Possible EventEmitter memory leak detected. 11 error listeners added. Use emitter.setMaxListeners() to increase limit
[ERROR] (node:1619) Warning: Possible EventEmitter memory leak detected. 11 error listeners added. Use emitter.setMaxListeners() to increase limit
[ERROR] (node:1619) Warning: Possible EventEmitter memory leak detected. 11 error listeners added. Use emitter.setMaxListeners() to increase limit
[ERROR] (node:1619) Warning: Possible EventEmitter memory leak detected. 11 error listeners added. Use emitter.setMaxListeners() to increase limit
[WARNING] npm WARN deprecated minimatch@2.0.10: Please update to minimatch 3.0.2 or higher to avoid a RegExp DoS issue
[ERROR] (node:1619) Warning: Possible EventEmitter memory leak detected. 11 error listeners added. Use emitter.setMaxListeners() to increase limit
[WARNING] npm WARN deprecated mkdirp@0.3.5: Legacy versions of mkdirp are no longer supported. Please update to mkdirp 1.x. (Note that the API surface has changed to use Promises in 1.x.)
[WARNING] npm WARN deprecated graceful-fs@1.1.14: please upgrade to graceful-fs 4 for compatibility with current and future versions of Node.js
[WARNING] npm WARN deprecated minimatch@1.0.0: Please update to minimatch 3.0.2 or higher to avoid a RegExp DoS issue
[WARNING] npm WARN deprecated minimatch@0.3.0: Please update to minimatch 3.0.2 or higher to avoid a RegExp DoS issue
[ERROR] (node:1619) Warning: Possible EventEmitter memory leak detected. 11 error listeners added. Use emitter.setMaxListeners() to increase limit
[WARNING] npm WARN deprecated mkdirp@0.5.1: Legacy versions of mkdirp are no longer supported. Please update to mkdirp 1.x. (Note that the API surface has changed to use Promises in 1.x.)
[WARNING] npm WARN deprecated to-iso-string@0.0.2: to-iso-string has been deprecated, use @segment/to-iso-string instead.
[WARNING] npm WARN deprecated jade@0.26.3: Jade has been renamed to pug, please install the latest version of pug instead of jade
[WARNING] npm WARN deprecated mkdirp@0.3.0: Legacy versions of mkdirp are no longer supported. Please update to mkdirp 1.x. (Note that the API surface has changed to use Promises in 1.x.)
[WARNING] npm WARN deprecated request@2.67.0: request has been deprecated, see https://github.com/request/request/issues/3142
[WARNING] npm WARN deprecated mkdirp@0.5.0: Legacy versions of mkdirp are no longer supported. Please update to mkdirp 1.x. (Note that the API surface has changed to use Promises in 1.x.)
[WARNING] npm WARN deprecated node-uuid@1.4.8: Use uuid module instead
[WARNING] npm WARN deprecated tough-cookie@2.2.2: ReDoS vulnerability parsing Set-Cookie https://nodesecurity.io/advisories/130
[WARNING] npm WARN deprecated hawk@3.1.3: This module moved to @hapi/hawk. Please make sure to switch over as this distribution is no longer supported and may contain bugs and critical security issues.
[WARNING] npm WARN deprecated har-validator@2.0.6: this library is no longer supported
[WARNING] npm WARN deprecated sntp@1.0.9: This module moved to @hapi/sntp. Please make sure to switch over as this distribution is no longer supported and may contain bugs and critical security issues.
[WARNING] npm WARN deprecated boom@2.10.1: This version has been deprecated in accordance with the hapi support policy (hapi.im/support). Please upgrade to the latest version to get the best features, bug fixes, and security patches. If you are unable to upgrade at this time, paid support is available for older versions (hapi.im/commercial).
[WARNING] npm WARN deprecated cryptiles@2.0.5: This version has been deprecated in accordance with the hapi support policy (hapi.im/support). Please upgrade to the latest version to get the best features, bug fixes, and security patches. If you are unable to upgrade at this time, paid support is available for older versions (hapi.im/commercial).
[WARNING] npm WARN deprecated hoek@2.16.3: This version has been deprecated in accordance with the hapi support policy (hapi.im/support). Please upgrade to the latest version to get the best features, bug fixes, and security patches. If you are unable to upgrade at this time, paid support is available for older versions (hapi.im/commercial).
[WARNING] npm WARN prefer global coffee-script@1.10.0 should be installed with -g
[WARNING] npm WARN prefer global jshint@2.9.7 should be installed with -g
[INFO] 
[INFO] > chromedriver@2.20.0 install /home/travis/build/failed/galenframework/galen/galen-core/node_modules/chromedriver
[INFO] > node install.js
[INFO] 
[INFO] Downloading http://chromedriver.storage.googleapis.com/2.20/chromedriver_linux64.zip
[INFO] Saving to /tmp/chromedriver/chromedriver_linux64.zip
[INFO] Receiving...
[INFO] Received 807K...
[INFO] Received 1591K...
[INFO] Received 2376K...
[INFO] Received 2468K total.
[INFO] Extracting zip contents
[INFO] Copying to target path /home/travis/build/failed/galenframework/galen/galen-core/node_modules/chromedriver/lib/chromedriver
[INFO] Fixing file permissions
[INFO] Done. ChromeDriver binary available at /home/travis/build/failed/galenframework/galen/galen-core/node_modules/chromedriver/lib/chromedriver/chromedriver
[INFO] 
[INFO] > phantomjs-prebuilt@2.1.7 install /home/travis/build/failed/galenframework/galen/galen-core/node_modules/phantomjs-prebuilt
[INFO] > node install.js
[INFO] 
[INFO] Considering PhantomJS found at /usr/local/phantomjs/bin/phantomjs
[INFO] Found PhantomJS at /usr/local/phantomjs/bin/phantomjs ...verifying
[INFO] Writing location.js file
[INFO] PhantomJS is already installed on PATH at /usr/local/phantomjs/bin/phantomjs
[INFO] galen@2.3.0 /home/travis/build/failed/galenframework/galen/galen-core
[INFO] â”œâ”€â”¬ chromedriver@2.20.0 
[INFO] â”‚ â”œâ”€â”€ adm-zip@0.4.16 
[INFO] â”‚ â”œâ”€â”€ kew@0.5.0 
[INFO] â”‚ â”œâ”€â”¬ mkdirp@0.5.5 
[INFO] â”‚ â”‚ â””â”€â”€ minimist@1.2.5 
[INFO] â”‚ â”œâ”€â”¬ npmconf@2.1.3 
[INFO] â”‚ â”‚ â”œâ”€â”¬ config-chain@1.1.13 
[INFO] â”‚ â”‚ â”‚ â””â”€â”€ proto-list@1.2.4 
[INFO] â”‚ â”‚ â”œâ”€â”€ inherits@2.0.4 
[INFO] â”‚ â”‚ â”œâ”€â”€ ini@1.3.8 
[INFO] â”‚ â”‚ â”œâ”€â”¬ once@1.3.3 
[INFO] â”‚ â”‚ â”‚ â””â”€â”€ wrappy@1.0.2 
[INFO] â”‚ â”‚ â”œâ”€â”¬ osenv@0.1.5 
[INFO] â”‚ â”‚ â”‚ â”œâ”€â”€ os-homedir@1.0.2 
[INFO] â”‚ â”‚ â”‚ â””â”€â”€ os-tmpdir@1.0.2 
[INFO] â”‚ â”‚ â”œâ”€â”€ safe-buffer@5.2.1 
[INFO] â”‚ â”‚ â”œâ”€â”€ semver@4.3.6 
[INFO] â”‚ â”‚ â””â”€â”€ uid-number@0.0.5 
[INFO] â”‚ â””â”€â”¬ rimraf@2.7.1 
[INFO] â”‚   â””â”€â”€ glob@7.2.0 
[INFO] â”œâ”€â”¬ grunt@1.0.1 
[INFO] â”‚ â”œâ”€â”€ coffee-script@1.10.0 
[INFO] â”‚ â”œâ”€â”¬ dateformat@1.0.12 
[INFO] â”‚ â”‚ â”œâ”€â”€ get-stdin@4.0.1 
[INFO] â”‚ â”‚ â””â”€â”¬ meow@3.7.0 
[INFO] â”‚ â”‚   â”œâ”€â”¬ camelcase-keys@2.1.0 
[INFO] â”‚ â”‚   â”‚ â””â”€â”€ camelcase@2.1.1 
[INFO] â”‚ â”‚   â”œâ”€â”€ decamelize@1.2.0 
[INFO] â”‚ â”‚   â”œâ”€â”¬ loud-rejection@1.6.0 
[INFO] â”‚ â”‚   â”‚ â”œâ”€â”¬ currently-unhandled@0.4.1 
[INFO] â”‚ â”‚   â”‚ â”‚ â””â”€â”€ array-find-index@1.0.2 
[INFO] â”‚ â”‚   â”‚ â””â”€â”€ signal-exit@3.0.6 
[INFO] â”‚ â”‚   â”œâ”€â”€ map-obj@1.0.1 
[INFO] â”‚ â”‚   â”œâ”€â”¬ normalize-package-data@2.5.0 
[INFO] â”‚ â”‚   â”‚ â”œâ”€â”€ hosted-git-info@2.8.9 
[INFO] â”‚ â”‚   â”‚ â”œâ”€â”¬ resolve@1.21.1 
[INFO] â”‚ â”‚   â”‚ â”‚ â”œâ”€â”¬ is-core-module@2.8.1 
[INFO] â”‚ â”‚   â”‚ â”‚ â”‚ â””â”€â”¬ has@1.0.3 
[INFO] â”‚ â”‚   â”‚ â”‚ â”‚   â””â”€â”€ function-bind@1.1.1 
[INFO] â”‚ â”‚   â”‚ â”‚ â”œâ”€â”€ path-parse@1.0.7 
[INFO] â”‚ â”‚   â”‚ â”‚ â””â”€â”€ supports-preserve-symlinks-flag@1.0.0 
[INFO] â”‚ â”‚   â”‚ â””â”€â”¬ validate-npm-package-license@3.0.4 
[INFO] â”‚ â”‚   â”‚   â”œâ”€â”¬ spdx-correct@3.1.1 
[INFO] â”‚ â”‚   â”‚   â”‚ â””â”€â”€ spdx-license-ids@3.0.11 
[INFO] â”‚ â”‚   â”‚   â””â”€â”¬ spdx-expression-parse@3.0.1 
[INFO] â”‚ â”‚   â”‚     â””â”€â”€ spdx-exceptions@2.3.0 
[INFO] â”‚ â”‚   â”œâ”€â”¬ read-pkg-up@1.0.1 
[INFO] â”‚ â”‚   â”‚ â””â”€â”¬ read-pkg@1.1.0 
[INFO] â”‚ â”‚   â”‚   â”œâ”€â”¬ load-json-file@1.1.0 
[INFO] â”‚ â”‚   â”‚   â”‚ â”œâ”€â”¬ parse-json@2.2.0 
[INFO] â”‚ â”‚   â”‚   â”‚ â”‚ â””â”€â”¬ error-ex@1.3.2 
[INFO] â”‚ â”‚   â”‚   â”‚ â”‚   â””â”€â”€ is-arrayish@0.2.1 
[INFO] â”‚ â”‚   â”‚   â”‚ â”œâ”€â”€ pify@2.3.0 
[INFO] â”‚ â”‚   â”‚   â”‚ â””â”€â”¬ strip-bom@2.0.0 
[INFO] â”‚ â”‚   â”‚   â”‚   â””â”€â”€ is-utf8@0.2.1 
[INFO] â”‚ â”‚   â”‚   â””â”€â”€ path-type@1.1.0 
[INFO] â”‚ â”‚   â”œâ”€â”¬ redent@1.0.0 
[INFO] â”‚ â”‚   â”‚ â”œâ”€â”¬ indent-string@2.1.0 
[INFO] â”‚ â”‚   â”‚ â”‚ â””â”€â”€ repeating@2.0.1 
[INFO] â”‚ â”‚   â”‚ â””â”€â”€ strip-indent@1.0.1 
[INFO] â”‚ â”‚   â””â”€â”€ trim-newlines@1.0.0 
[INFO] â”‚ â”œâ”€â”€ eventemitter2@0.4.14 
[INFO] â”‚ â”œâ”€â”€ exit@0.1.2 
[INFO] â”‚ â”œâ”€â”¬ findup-sync@0.3.0 
[INFO] â”‚ â”‚ â””â”€â”€ glob@5.0.15 
[INFO] â”‚ â”œâ”€â”¬ glob@7.0.6 
[INFO] â”‚ â”‚ â”œâ”€â”€ fs.realpath@1.0.0 
[INFO] â”‚ â”‚ â””â”€â”€ inflight@1.0.6 
[INFO] â”‚ â”œâ”€â”¬ grunt-cli@1.2.0 
[INFO] â”‚ â”‚ â””â”€â”€ resolve@1.1.7 
[INFO] â”‚ â”œâ”€â”€ grunt-known-options@1.1.1 
[INFO] â”‚ â”œâ”€â”¬ grunt-legacy-log@1.0.2 
[INFO] â”‚ â”‚ â”œâ”€â”€ colors@1.1.2 
[INFO] â”‚ â”‚ â””â”€â”¬ grunt-legacy-log-utils@1.0.0 
[INFO] â”‚ â”‚   â””â”€â”€ lodash@4.3.0 
[INFO] â”‚ â”œâ”€â”¬ grunt-legacy-util@1.0.0 
[INFO] â”‚ â”‚ â”œâ”€â”€ async@1.5.2 
[INFO] â”‚ â”‚ â”œâ”€â”€ getobject@0.1.0 
[INFO] â”‚ â”‚ â”œâ”€â”€ lodash@4.3.0 
[INFO] â”‚ â”‚ â””â”€â”€ underscore.string@3.2.3 
[INFO] â”‚ â”œâ”€â”¬ iconv-lite@0.4.24 
[INFO] â”‚ â”‚ â””â”€â”€ safer-buffer@2.1.2 
[INFO] â”‚ â”œâ”€â”¬ js-yaml@3.5.5 
[INFO] â”‚ â”‚ â”œâ”€â”¬ argparse@1.0.10 
[INFO] â”‚ â”‚ â”‚ â””â”€â”€ sprintf-js@1.0.3 
[INFO] â”‚ â”‚ â””â”€â”€ esprima@2.7.3 
[INFO] â”‚ â”œâ”€â”¬ minimatch@3.0.4 
[INFO] â”‚ â”‚ â””â”€â”¬ brace-expansion@1.1.11 
[INFO] â”‚ â”‚   â”œâ”€â”€ balanced-match@1.0.2 
[INFO] â”‚ â”‚   â””â”€â”€ concat-map@0.0.1 
[INFO] â”‚ â”œâ”€â”¬ nopt@3.0.6 
[INFO] â”‚ â”‚ â””â”€â”€ abbrev@1.1.1 
[INFO] â”‚ â”œâ”€â”€ path-is-absolute@1.0.1 
[INFO] â”‚ â””â”€â”€ rimraf@2.2.8 
[INFO] â”œâ”€â”¬ grunt-contrib-concat@1.0.1 
[INFO] â”‚ â”œâ”€â”¬ chalk@1.1.3 
[INFO] â”‚ â”‚ â”œâ”€â”€ ansi-styles@2.2.1 
[INFO] â”‚ â”‚ â”œâ”€â”€ escape-string-regexp@1.0.5 
[INFO] â”‚ â”‚ â”œâ”€â”¬ has-ansi@2.0.0 
[INFO] â”‚ â”‚ â”‚ â””â”€â”€ ansi-regex@2.1.1 
[INFO] â”‚ â”‚ â”œâ”€â”€ strip-ansi@3.0.1 
[INFO] â”‚ â”‚ â””â”€â”€ supports-color@2.0.0 
[INFO] â”‚ â””â”€â”€ source-map@0.5.7 
[INFO] â”œâ”€â”¬ grunt-contrib-jshint@1.0.0 
[INFO] â”‚ â”œâ”€â”€ hooker@0.2.3 
[INFO] â”‚ â””â”€â”¬ jshint@2.9.7 
[INFO] â”‚   â”œâ”€â”€ cli@1.0.1 
[INFO] â”‚   â”œâ”€â”¬ console-browserify@1.1.0 
[INFO] â”‚   â”‚ â””â”€â”€ date-now@0.1.4 
[INFO] â”‚   â”œâ”€â”¬ htmlparser2@3.8.3 
[INFO] â”‚   â”‚ â”œâ”€â”€ domelementtype@1.3.1 
[INFO] â”‚   â”‚ â”œâ”€â”€ domhandler@2.3.0 
[INFO] â”‚   â”‚ â”œâ”€â”¬ domutils@1.5.1 
[INFO] â”‚   â”‚ â”‚ â””â”€â”¬ dom-serializer@0.2.2 
[INFO] â”‚   â”‚ â”‚   â”œâ”€â”€ domelementtype@2.2.0 
[INFO] â”‚   â”‚ â”‚   â””â”€â”€ entities@2.2.0 
[INFO] â”‚   â”‚ â”œâ”€â”€ entities@1.0.0 
[INFO] â”‚   â”‚ â””â”€â”€ readable-stream@1.1.14 
[INFO] â”‚   â”œâ”€â”€ shelljs@0.3.0 
[INFO] â”‚   â””â”€â”€ strip-json-comments@1.0.4 
[INFO] â”œâ”€â”¬ grunt-contrib-uglify@1.0.1 
[INFO] â”‚ â”œâ”€â”€ lodash@4.17.21 
[INFO] â”‚ â”œâ”€â”¬ maxmin@1.1.0 
[INFO] â”‚ â”‚ â”œâ”€â”¬ gzip-size@1.0.0 
[INFO] â”‚ â”‚ â”‚ â”œâ”€â”¬ browserify-zlib@0.1.4 
[INFO] â”‚ â”‚ â”‚ â”‚ â””â”€â”€ pako@0.2.9 
[INFO] â”‚ â”‚ â”‚ â””â”€â”¬ concat-stream@1.6.2 
[INFO] â”‚ â”‚ â”‚   â”œâ”€â”€ buffer-from@1.1.2 
[INFO] â”‚ â”‚ â”‚   â””â”€â”¬ readable-stream@2.3.7 
[INFO] â”‚ â”‚ â”‚     â”œâ”€â”€ isarray@1.0.0 
[INFO] â”‚ â”‚ â”‚     â”œâ”€â”€ process-nextick-args@2.0.1 
[INFO] â”‚ â”‚ â”‚     â”œâ”€â”€ safe-buffer@5.1.2 
[INFO] â”‚ â”‚ â”‚     â””â”€â”€ string_decoder@1.1.1 
[INFO] â”‚ â”‚ â””â”€â”€ pretty-bytes@1.0.4 
[INFO] â”‚ â”œâ”€â”¬ uglify-js@2.6.4 
[INFO] â”‚ â”‚ â”œâ”€â”€ async@0.2.10 
[INFO] â”‚ â”‚ â”œâ”€â”€ uglify-to-browserify@1.0.2 
[INFO] â”‚ â”‚ â””â”€â”¬ yargs@3.10.0 
[INFO] â”‚ â”‚   â”œâ”€â”€ camelcase@1.2.1 
[INFO] â”‚ â”‚   â”œâ”€â”¬ cliui@2.1.0 
[INFO] â”‚ â”‚   â”‚ â”œâ”€â”¬ center-align@0.1.3 
[INFO] â”‚ â”‚   â”‚ â”‚ â”œâ”€â”¬ align-text@0.1.4 
[INFO] â”‚ â”‚   â”‚ â”‚ â”‚ â”œâ”€â”¬ kind-of@3.2.2 
[INFO] â”‚ â”‚   â”‚ â”‚ â”‚ â”‚ â””â”€â”€ is-buffer@1.1.6 
[INFO] â”‚ â”‚   â”‚ â”‚ â”‚ â”œâ”€â”€ longest@1.0.1 
[INFO] â”‚ â”‚   â”‚ â”‚ â”‚ â””â”€â”€ repeat-string@1.6.1 
[INFO] â”‚ â”‚   â”‚ â”‚ â””â”€â”€ lazy-cache@1.0.4 
[INFO] â”‚ â”‚   â”‚ â”œâ”€â”€ right-align@0.1.3 
[INFO] â”‚ â”‚   â”‚ â””â”€â”€ wordwrap@0.0.2 
[INFO] â”‚ â”‚   â””â”€â”€ window-size@0.1.0 
[INFO] â”‚ â””â”€â”€ uri-path@1.0.0 
[INFO] â”œâ”€â”¬ grunt-jslint@1.1.14 
[INFO] â”‚ â””â”€â”¬ jslint@0.8.1 
[INFO] â”‚   â”œâ”€â”¬ glob@4.5.3 
[INFO] â”‚   â”‚ â””â”€â”€ minimatch@2.0.10 
[INFO] â”‚   â””â”€â”¬ readable-stream@1.0.34 
[INFO] â”‚     â”œâ”€â”€ core-util-is@1.0.3 
[INFO] â”‚     â”œâ”€â”€ isarray@0.0.1 
[INFO] â”‚     â””â”€â”€ string_decoder@0.10.31 
[INFO] â”œâ”€â”€ grunt-mocha-test@0.12.7 
[INFO] â”œâ”€â”¬ grunt-plato@1.2.1 
[INFO] â”‚ â””â”€â”¬ plato@1.2.2 
[INFO] â”‚   â”œâ”€â”¬ escomplex-js@0.1.5 
[INFO] â”‚   â”‚ â”œâ”€â”€ check-types@2.1.1 
[INFO] â”‚   â”‚ â”œâ”€â”¬ escomplex@0.2.6 
[INFO] â”‚   â”‚ â”‚ â””â”€â”€ matrix-utilities@1.2.4 
[INFO] â”‚   â”‚ â”œâ”€â”¬ escomplex-ast-moz@0.1.6 
[INFO] â”‚   â”‚ â”‚ â””â”€â”€ escomplex-traits@0.2.0 
[INFO] â”‚   â”‚ â””â”€â”€ esprima@1.0.4 
[INFO] â”‚   â”œâ”€â”¬ fs-extra@0.3.2 
[INFO] â”‚   â”‚ â”œâ”€â”€ jsonfile@0.0.1 
[INFO] â”‚   â”‚ â”œâ”€â”€ mkdirp@0.3.5 
[INFO] â”‚   â”‚ â”œâ”€â”€ ncp@0.2.7 
[INFO] â”‚   â”‚ â””â”€â”¬ rimraf@2.0.3 
[INFO] â”‚   â”‚   â””â”€â”€ graceful-fs@1.1.14 
[INFO] â”‚   â”œâ”€â”¬ jshint@2.5.11 
[INFO] â”‚   â”‚ â”œâ”€â”¬ cli@0.6.6 
[INFO] â”‚   â”‚ â”‚ â””â”€â”¬ glob@3.2.11 
[INFO] â”‚   â”‚ â”‚   â””â”€â”€ minimatch@0.3.0 
[INFO] â”‚   â”‚ â”œâ”€â”€ minimatch@1.0.0 
[INFO] â”‚   â”‚ â””â”€â”€ underscore@1.6.0 
[INFO] â”‚   â”œâ”€â”€ lodash@2.4.2 
[INFO] â”‚   â””â”€â”€ posix-getopt@1.0.0 
[INFO] â”œâ”€â”€ grunt-simple-mocha@0.4.1 
[INFO] â”œâ”€â”¬ load-grunt-tasks@3.5.0 
[INFO] â”‚ â”œâ”€â”€ arrify@1.0.1 
[INFO] â”‚ â”œâ”€â”¬ multimatch@2.1.0 
[INFO] â”‚ â”‚ â”œâ”€â”€ array-differ@1.0.0 
[INFO] â”‚ â”‚ â””â”€â”¬ array-union@1.0.2 
[INFO] â”‚ â”‚   â””â”€â”€ array-uniq@1.0.3 
[INFO] â”‚ â”œâ”€â”¬ pkg-up@1.0.0 
[INFO] â”‚ â”‚ â””â”€â”¬ find-up@1.1.2 
[INFO] â”‚ â”‚   â””â”€â”€ path-exists@2.1.0 
[INFO] â”‚ â””â”€â”¬ resolve-pkg@0.1.0 
[INFO] â”‚   â””â”€â”€ resolve-from@2.0.0 
[INFO] â”œâ”€â”¬ mocha@2.5.3 
[INFO] â”‚ â”œâ”€â”€ commander@2.3.0 
[INFO] â”‚ â”œâ”€â”¬ debug@2.2.0 
[INFO] â”‚ â”‚ â””â”€â”€ ms@0.7.1 
[INFO] â”‚ â”œâ”€â”€ diff@1.4.0 
[INFO] â”‚ â”œâ”€â”€ escape-string-regexp@1.0.2 
[INFO] â”‚ â”œâ”€â”¬ glob@3.2.11 
[INFO] â”‚ â”‚ â””â”€â”¬ minimatch@0.3.0 
[INFO] â”‚ â”‚   â”œâ”€â”€ lru-cache@2.7.3 
[INFO] â”‚ â”‚   â””â”€â”€ sigmund@1.0.1 
[INFO] â”‚ â”œâ”€â”€ growl@1.9.2 
[INFO] â”‚ â”œâ”€â”¬ jade@0.26.3 
[INFO] â”‚ â”‚ â”œâ”€â”€ commander@0.6.1 
[INFO] â”‚ â”‚ â””â”€â”€ mkdirp@0.3.0 
[INFO] â”‚ â”œâ”€â”¬ mkdirp@0.5.1 
[INFO] â”‚ â”‚ â””â”€â”€ minimist@0.0.8 
[INFO] â”‚ â”œâ”€â”€ supports-color@1.2.0 
[INFO] â”‚ â””â”€â”€ to-iso-string@0.0.2 
[INFO] â”œâ”€â”¬ phantomjs-prebuilt@2.1.7 
[INFO] â”‚ â”œâ”€â”¬ extract-zip@1.5.0 
[INFO] â”‚ â”‚ â”œâ”€â”¬ concat-stream@1.5.0 
[INFO] â”‚ â”‚ â”‚ â”œâ”€â”¬ readable-stream@2.0.6 
[INFO] â”‚ â”‚ â”‚ â”‚ â”œâ”€â”€ isarray@1.0.0 
[INFO] â”‚ â”‚ â”‚ â”‚ â”œâ”€â”€ process-nextick-args@1.0.7 
[INFO] â”‚ â”‚ â”‚ â”‚ â””â”€â”€ util-deprecate@1.0.2 
[INFO] â”‚ â”‚ â”‚ â””â”€â”€ typedarray@0.0.6 
[INFO] â”‚ â”‚ â”œâ”€â”€ debug@0.7.4 
[INFO] â”‚ â”‚ â”œâ”€â”¬ mkdirp@0.5.0 
[INFO] â”‚ â”‚ â”‚ â””â”€â”€ minimist@0.0.8 
[INFO] â”‚ â”‚ â””â”€â”¬ yauzl@2.4.1 
[INFO] â”‚ â”‚   â””â”€â”¬ fd-slicer@1.0.1 
[INFO] â”‚ â”‚     â””â”€â”€ pend@1.2.0 
[INFO] â”‚ â”œâ”€â”¬ fs-extra@0.26.7 
[INFO] â”‚ â”‚ â”œâ”€â”€ graceful-fs@4.2.9 
[INFO] â”‚ â”‚ â”œâ”€â”€ jsonfile@2.4.0 
[INFO] â”‚ â”‚ â””â”€â”€ klaw@1.3.1 
[INFO] â”‚ â”œâ”€â”¬ hasha@2.2.0 
[INFO] â”‚ â”‚ â”œâ”€â”€ is-stream@1.1.0 
[INFO] â”‚ â”‚ â””â”€â”¬ pinkie-promise@2.0.1 
[INFO] â”‚ â”‚   â””â”€â”€ pinkie@2.0.4 
[INFO] â”‚ â”œâ”€â”€ kew@0.7.0 
[INFO] â”‚ â”œâ”€â”€ progress@1.1.8 
[INFO] â”‚ â”œâ”€â”¬ request@2.67.0 
[INFO] â”‚ â”‚ â”œâ”€â”€ aws-sign2@0.6.0 
[INFO] â”‚ â”‚ â”œâ”€â”¬ bl@1.0.3 
[INFO] â”‚ â”‚ â”‚ â””â”€â”¬ readable-stream@2.0.6 
[INFO] â”‚ â”‚ â”‚   â”œâ”€â”€ isarray@1.0.0 
[INFO] â”‚ â”‚ â”‚   â””â”€â”€ process-nextick-args@1.0.7 
[INFO] â”‚ â”‚ â”œâ”€â”€ caseless@0.11.0 
[INFO] â”‚ â”‚ â”œâ”€â”¬ combined-stream@1.0.8 
[INFO] â”‚ â”‚ â”‚ â””â”€â”€ delayed-stream@1.0.0 
[INFO] â”‚ â”‚ â”œâ”€â”€ extend@3.0.2 
[INFO] â”‚ â”‚ â”œâ”€â”€ forever-agent@0.6.1 
[INFO] â”‚ â”‚ â”œâ”€â”¬ form-data@1.0.1 
[INFO] â”‚ â”‚ â”‚ â””â”€â”€ async@2.6.3 
[INFO] â”‚ â”‚ â”œâ”€â”¬ har-validator@2.0.6 
[INFO] â”‚ â”‚ â”‚ â”œâ”€â”€ commander@2.20.3 
[INFO] â”‚ â”‚ â”‚ â””â”€â”¬ is-my-json-valid@2.20.6 
[INFO] â”‚ â”‚ â”‚   â”œâ”€â”¬ generate-function@2.3.1 
[INFO] â”‚ â”‚ â”‚   â”‚ â””â”€â”€ is-property@1.0.2 
[INFO] â”‚ â”‚ â”‚   â”œâ”€â”€ generate-object-property@1.2.0 
[INFO] â”‚ â”‚ â”‚   â”œâ”€â”€ is-my-ip-valid@1.0.0 
[INFO] â”‚ â”‚ â”‚   â”œâ”€â”€ jsonpointer@5.0.0 
[INFO] â”‚ â”‚ â”‚   â””â”€â”€ xtend@4.0.2 
[INFO] â”‚ â”‚ â”œâ”€â”¬ hawk@3.1.3 
[INFO] â”‚ â”‚ â”‚ â”œâ”€â”€ boom@2.10.1 
[INFO] â”‚ â”‚ â”‚ â”œâ”€â”€ cryptiles@2.0.5 
[INFO] â”‚ â”‚ â”‚ â”œâ”€â”€ hoek@2.16.3 
[INFO] â”‚ â”‚ â”‚ â””â”€â”€ sntp@1.0.9 
[INFO] â”‚ â”‚ â”œâ”€â”¬ http-signature@1.1.1 
[INFO] â”‚ â”‚ â”‚ â”œâ”€â”€ assert-plus@0.2.0 
[INFO] â”‚ â”‚ â”‚ â”œâ”€â”¬ jsprim@1.4.2 
[INFO] â”‚ â”‚ â”‚ â”‚ â”œâ”€â”€ assert-plus@1.0.0 
[INFO] â”‚ â”‚ â”‚ â”‚ â”œâ”€â”€ extsprintf@1.3.0 
[INFO] â”‚ â”‚ â”‚ â”‚ â”œâ”€â”€ json-schema@0.4.0 
[INFO] â”‚ â”‚ â”‚ â”‚ â””â”€â”¬ verror@1.10.0 
[INFO] â”‚ â”‚ â”‚ â”‚   â”œâ”€â”€ assert-plus@1.0.0 
[INFO] â”‚ â”‚ â”‚ â”‚   â””â”€â”€ core-util-is@1.0.2 
[INFO] â”‚ â”‚ â”‚ â””â”€â”¬ sshpk@1.17.0 
[INFO] â”‚ â”‚ â”‚   â”œâ”€â”€ asn1@0.2.6 
[INFO] â”‚ â”‚ â”‚   â”œâ”€â”€ assert-plus@1.0.0 
[INFO] â”‚ â”‚ â”‚   â”œâ”€â”€ bcrypt-pbkdf@1.0.2 
[INFO] â”‚ â”‚ â”‚   â”œâ”€â”¬ dashdash@1.14.1 
[INFO] â”‚ â”‚ â”‚   â”‚ â””â”€â”€ assert-plus@1.0.0 
[INFO] â”‚ â”‚ â”‚   â”œâ”€â”€ ecc-jsbn@0.1.2 
[INFO] â”‚ â”‚ â”‚   â”œâ”€â”¬ getpass@0.1.7 
[INFO] â”‚ â”‚ â”‚   â”‚ â””â”€â”€ assert-plus@1.0.0 
[INFO] â”‚ â”‚ â”‚   â”œâ”€â”€ jsbn@0.1.1 
[INFO] â”‚ â”‚ â”‚   â””â”€â”€ tweetnacl@0.14.5 
[INFO] â”‚ â”‚ â”œâ”€â”€ is-typedarray@1.0.0 
[INFO] â”‚ â”‚ â”œâ”€â”€ isstream@0.1.2 
[INFO] â”‚ â”‚ â”œâ”€â”€ json-stringify-safe@5.0.1 
[INFO] â”‚ â”‚ â”œâ”€â”¬ mime-types@2.1.34 
[INFO] â”‚ â”‚ â”‚ â””â”€â”€ mime-db@1.51.0 
[INFO] â”‚ â”‚ â”œâ”€â”€ node-uuid@1.4.8 
[INFO] â”‚ â”‚ â”œâ”€â”€ oauth-sign@0.8.2 
[INFO] â”‚ â”‚ â”œâ”€â”€ qs@5.2.1 
[INFO] â”‚ â”‚ â”œâ”€â”€ stringstream@0.0.6 
[INFO] â”‚ â”‚ â”œâ”€â”€ tough-cookie@2.2.2 
[INFO] â”‚ â”‚ â””â”€â”€ tunnel-agent@0.4.3 
[INFO] â”‚ â”œâ”€â”¬ request-progress@2.0.1 
[INFO] â”‚ â”‚ â””â”€â”€ throttleit@1.0.0 
[INFO] â”‚ â””â”€â”¬ which@1.2.14 
[INFO] â”‚   â””â”€â”€ isexe@2.0.0 
[INFO] â”œâ”€â”¬ should@9.0.2 
[INFO] â”‚ â”œâ”€â”€ should-equal@1.0.1 
[INFO] â”‚ â”œâ”€â”€ should-format@1.0.0 
[INFO] â”‚ â””â”€â”€ should-type@1.4.0 
[INFO] â””â”€â”¬ time-grunt@1.3.0 
[INFO]   â”œâ”€â”¬ date-time@1.1.0 
[INFO]   â”‚ â””â”€â”€ time-zone@0.1.0 
[INFO]   â”œâ”€â”¬ figures@1.7.0 
[INFO]   â”‚ â””â”€â”€ object-assign@4.1.1 
[INFO]   â”œâ”€â”€ number-is-nan@1.0.1 
[INFO]   â”œâ”€â”¬ pretty-ms@2.1.0 
[INFO]   â”‚ â”œâ”€â”€ is-finite@1.1.0 
[INFO]   â”‚ â”œâ”€â”€ parse-ms@1.0.1 
[INFO]   â”‚ â””â”€â”€ plur@1.0.0 
[INFO]   â””â”€â”€ text-table@0.2.0 
[INFO] 
[INFO] 
[INFO] --- maven-resources-plugin:2.6:resources (default-resources) @ galen-core ---
[INFO] Using 'UTF-8' encoding to copy filtered resources.
[INFO] Copying 26 resources
[INFO] 
[INFO] --- maven-compiler-plugin:2.3.2:compile (default-compile) @ galen-core ---
[INFO] Compiling 340 source files to /home/travis/build/failed/galenframework/galen/galen-core/target/classes
[WARNING] /home/travis/build/failed/galenframework/galen/galen-core/src/main/java/com/galenframework/reports/GalenTestInfo.java:[26,51] Bool is internal proprietary API and may be removed in a future release
[INFO] 
[INFO] --- maven-resources-plugin:2.6:testResources (default-testResources) @ galen-core ---
[INFO] Using 'UTF-8' encoding to copy filtered resources.
[INFO] Copying 173 resources
[INFO] 
[INFO] --- maven-compiler-plugin:2.3.2:testCompile (default-testCompile) @ galen-core ---
[INFO] Compiling 87 source files to /home/travis/build/failed/galenframework/galen/galen-core/target/test-classes
[INFO] 
[INFO] --- maven-surefire-plugin:2.19:test (default-test) @ galen-core ---
[INFO] Tests are skipped.
[INFO] 
[INFO] --- frontend-maven-plugin:1.0:npm (javascript tests) @ galen-core ---
[INFO] Skipping test phase.
[INFO] 
[INFO] --- jacoco-maven-plugin:0.7.4.201502262128:report (post-unit-test) @ galen-core ---
[INFO] Skipping JaCoCo execution due to missing execution data file:/home/travis/build/failed/galenframework/galen/galen-core/target/../coverage-report/jacoco-galen.exec
[INFO] 
[INFO] --- maven-jar-plugin:2.4:jar (default-jar) @ galen-core ---
[INFO] Building jar: /home/travis/build/failed/galenframework/galen/galen-core/target/galen-core-2.3.8-SNAPSHOT.jar
[INFO] 
[INFO] --- maven-gpg-plugin:1.6:sign (sign-artifacts) @ galen-core ---
[INFO] 
[INFO] --- maven-install-plugin:2.4:install (default-install) @ galen-core ---
[INFO] Installing /home/travis/build/failed/galenframework/galen/galen-core/target/galen-core-2.3.8-SNAPSHOT.jar to /home/travis/.m2/failed/com/galenframework/galen-core/2.3.8-SNAPSHOT/galen-core-2.3.8-SNAPSHOT.jar
[INFO] Installing /home/travis/build/failed/galenframework/galen/galen-core/pom.xml to /home/travis/.m2/failed/com/galenframework/galen-core/2.3.8-SNAPSHOT/galen-core-2.3.8-SNAPSHOT.pom
[INFO] 
[INFO] ------------------------------------------------------------------------
[INFO] Building Galen Framework Support for Java Test Frameworks 2.3.8-SNAPSHOT
[INFO] ------------------------------------------------------------------------
[INFO] 
[INFO] --- jacoco-maven-plugin:0.7.4.201502262128:prepare-agent (pre-unit-test) @ galen-java-support ---
[INFO] surefireArgLine set to -javaagent:/home/travis/.m2/failed/org/jacoco/org.jacoco.agent/0.7.4.201502262128/org.jacoco.agent-0.7.4.201502262128-runtime.jar=destfile=/home/travis/build/failed/galenframework/galen/galen-java-support/target/../coverage-report/jacoco-galen.exec
[INFO] 
[INFO] --- maven-resources-plugin:2.6:resources (default-resources) @ galen-java-support ---
[INFO] Using 'UTF-8' encoding to copy filtered resources.
[INFO] skip non existing resourceDirectory /home/travis/build/failed/galenframework/galen/galen-java-support/src/main/resources
[INFO] 
[INFO] --- maven-compiler-plugin:2.3.2:compile (default-compile) @ galen-java-support ---
[INFO] Compiling 14 source files to /home/travis/build/failed/galenframework/galen/galen-java-support/target/classes
[INFO] 
[INFO] --- maven-resources-plugin:2.6:testResources (default-testResources) @ galen-java-support ---
[INFO] Using 'UTF-8' encoding to copy filtered resources.
[INFO] Copying 4 resources
[INFO] 
[INFO] --- maven-compiler-plugin:2.3.2:testCompile (default-testCompile) @ galen-java-support ---
[INFO] Compiling 3 source files to /home/travis/build/failed/galenframework/galen/galen-java-support/target/test-classes
[INFO] 
[INFO] --- maven-surefire-plugin:2.19:test (default-test) @ galen-java-support ---
[INFO] Tests are skipped.
[INFO] 
[INFO] --- jacoco-maven-plugin:0.7.4.201502262128:report (post-unit-test) @ galen-java-support ---
[INFO] Skipping JaCoCo execution due to missing execution data file:/home/travis/build/failed/galenframework/galen/galen-java-support/target/../coverage-report/jacoco-galen.exec
[INFO] 
[INFO] --- maven-jar-plugin:2.4:jar (default-jar) @ galen-java-support ---
[INFO] Building jar: /home/travis/build/failed/galenframework/galen/galen-java-support/target/galen-java-support-2.3.8-SNAPSHOT.jar
[INFO] 
[INFO] --- maven-failsafe-plugin:2.19:integration-test (default) @ galen-java-support ---
[INFO] Tests are skipped.
[INFO] 
[INFO] --- maven-failsafe-plugin:2.19:verify (default) @ galen-java-support ---
[INFO] Tests are skipped.
[INFO] 
[INFO] --- maven-gpg-plugin:1.6:sign (sign-artifacts) @ galen-java-support ---
[INFO] 
[INFO] --- maven-install-plugin:2.4:install (default-install) @ galen-java-support ---
[INFO] Installing /home/travis/build/failed/galenframework/galen/galen-java-support/target/galen-java-support-2.3.8-SNAPSHOT.jar to /home/travis/.m2/failed/com/galenframework/galen-java-support/2.3.8-SNAPSHOT/galen-java-support-2.3.8-SNAPSHOT.jar
[INFO] Installing /home/travis/build/failed/galenframework/galen/galen-java-support/pom.xml to /home/travis/.m2/failed/com/galenframework/galen-java-support/2.3.8-SNAPSHOT/galen-java-support-2.3.8-SNAPSHOT.pom
[INFO] 
[INFO] ------------------------------------------------------------------------
[INFO] Building Galen Framework Integration tests 2.3.8-SNAPSHOT
[INFO] ------------------------------------------------------------------------
[INFO] 
[INFO] --- maven-resources-plugin:2.6:resources (default-resources) @ galen-integration-tests ---
[INFO] Using 'UTF-8' encoding to copy filtered resources.
[INFO] skip non existing resourceDirectory /home/travis/build/failed/galenframework/galen/galen-integration-tests/src/main/resources
[INFO] 
[INFO] --- maven-compiler-plugin:2.3.2:compile (default-compile) @ galen-integration-tests ---
[INFO] No sources to compile
[INFO] 
[INFO] --- maven-resources-plugin:2.6:testResources (default-testResources) @ galen-integration-tests ---
[INFO] Using 'UTF-8' encoding to copy filtered resources.
[INFO] Copying 79 resources
[INFO] 
[INFO] --- maven-compiler-plugin:2.3.2:testCompile (default-testCompile) @ galen-integration-tests ---
[INFO] Compiling 6 source files to /home/travis/build/failed/galenframework/galen/galen-integration-tests/target/test-classes
[INFO] 
[INFO] --- maven-surefire-plugin:2.19:test (default-test) @ galen-integration-tests ---
[INFO] Tests are skipped.
[INFO] 
[INFO] --- maven-jar-plugin:2.4:jar (default-jar) @ galen-integration-tests ---
[WARNING] JAR will be empty - no content was marked for inclusion!
[INFO] Building jar: /home/travis/build/failed/galenframework/galen/galen-integration-tests/target/galen-integration-tests-2.3.8-SNAPSHOT.jar
[INFO] 
[INFO] --- maven-failsafe-plugin:2.19:integration-test (default) @ galen-integration-tests ---
[INFO] Tests are skipped.
[INFO] 
[INFO] --- maven-failsafe-plugin:2.19:verify (default) @ galen-integration-tests ---
[INFO] Tests are skipped.
[INFO] 
[INFO] --- maven-gpg-plugin:1.6:sign (sign-artifacts) @ galen-integration-tests ---
[INFO] 
[INFO] --- maven-install-plugin:2.4:install (default-install) @ galen-integration-tests ---
[INFO] Installing /home/travis/build/failed/galenframework/galen/galen-integration-tests/target/galen-integration-tests-2.3.8-SNAPSHOT.jar to /home/travis/.m2/failed/com/galenframework/galen-integration-tests/2.3.8-SNAPSHOT/galen-integration-tests-2.3.8-SNAPSHOT.jar
[INFO] Installing /home/travis/build/failed/galenframework/galen/galen-integration-tests/pom.xml to /home/travis/.m2/failed/com/galenframework/galen-integration-tests/2.3.8-SNAPSHOT/galen-integration-tests-2.3.8-SNAPSHOT.pom
[INFO] 
[INFO] ------------------------------------------------------------------------
[INFO] Building Distribution module for Galen Framework 2.3.8-SNAPSHOT
[INFO] ------------------------------------------------------------------------
[INFO] 
[INFO] --- maven-resources-plugin:2.6:resources (default-resources) @ galen-distribution ---
[INFO] Using 'UTF-8' encoding to copy filtered resources.
[INFO] skip non existing resourceDirectory /home/travis/build/failed/galenframework/galen/galen-distribution/src/main/resources
[INFO] 
[INFO] --- maven-compiler-plugin:2.3.2:compile (default-compile) @ galen-distribution ---
[INFO] No sources to compile
[INFO] 
[INFO] --- maven-resources-plugin:2.6:testResources (default-testResources) @ galen-distribution ---
[INFO] Using 'UTF-8' encoding to copy filtered resources.
[INFO] skip non existing resourceDirectory /home/travis/build/failed/galenframework/galen/galen-distribution/src/test/resources
[INFO] 
[INFO] --- maven-compiler-plugin:2.3.2:testCompile (default-testCompile) @ galen-distribution ---
[INFO] No sources to compile
[INFO] 
[INFO] --- maven-surefire-plugin:2.12.4:test (default-test) @ galen-distribution ---
[INFO] Tests are skipped.
[INFO] 
[INFO] --- maven-jar-plugin:2.4:jar (default-jar) @ galen-distribution ---
[WARNING] JAR will be empty - no content was marked for inclusion!
[INFO] Building jar: /home/travis/build/failed/galenframework/galen/galen-distribution/target/galen-distribution-2.3.8-SNAPSHOT.jar
[INFO] 
[INFO] --- maven-assembly-plugin:2.5.3:single (distro-assembly) @ galen-distribution ---
[INFO] Reading assembly descriptor: assembly.xml
[INFO] Building jar: /home/travis/build/failed/galenframework/galen/galen-distribution/target/galen-bin.jar
[INFO] 
[INFO] --- maven-install-plugin:2.4:install (default-install) @ galen-distribution ---
[INFO] Installing /home/travis/build/failed/galenframework/galen/galen-distribution/target/galen-distribution-2.3.8-SNAPSHOT.jar to /home/travis/.m2/failed/com/galenframework/galen-distribution/2.3.8-SNAPSHOT/galen-distribution-2.3.8-SNAPSHOT.jar
[INFO] Installing /home/travis/build/failed/galenframework/galen/galen-distribution/pom.xml to /home/travis/.m2/failed/com/galenframework/galen-distribution/2.3.8-SNAPSHOT/galen-distribution-2.3.8-SNAPSHOT.pom
[INFO] Installing /home/travis/build/failed/galenframework/galen/galen-distribution/target/galen-bin.jar to /home/travis/.m2/failed/com/galenframework/galen-distribution/2.3.8-SNAPSHOT/galen-distribution-2.3.8-SNAPSHOT-bin.jar
[INFO] ------------------------------------------------------------------------
[INFO] Reactor Summary:
[INFO] 
[INFO] Galen Framework Parent ............................. SUCCESS [  5.043 s]
[INFO] Galen Framework Rainbow4J .......................... SUCCESS [ 15.221 s]
[INFO] Galen Framework Core ............................... SUCCESS [ 53.406 s]
[INFO] Galen Framework Support for Java Test Frameworks ... SUCCESS [  3.449 s]
[INFO] Galen Framework Integration tests .................. SUCCESS [  2.456 s]
[INFO] Distribution module for Galen Framework ............ SUCCESS [  6.183 s]
[INFO] ------------------------------------------------------------------------
[INFO] BUILD SUCCESS
[INFO] ------------------------------------------------------------------------
[INFO] Total time: 01:26 min
[INFO] Finished at: 2022-01-22T12:45:10Z
[INFO] Final Memory: 73M/714M
[INFO] ------------------------------------------------------------------------

travis_time:end:0022b30f:start=1642855422444341345,finish=1642855510694486062,duration=88250144717[0Ktravis_fold:end:install[0Ktravis_fold:start:before_script.1[0Ktravis_time:start:05a87730[0K$ export DISPLAY=:99.0

travis_time:end:05a87730:start=1642855510706157259,finish=1642855510716112256,duration=9954997[0Ktravis_fold:end:before_script.1[0Ktravis_fold:start:before_script.2[0Ktravis_time:start:045f9858[0K$ sh -e /etc/init.d/xvfb start
Starting virtual X frame buffer: Xvfb.

travis_time:end:045f9858:start=1642855510727310109,finish=1642855510740005484,duration=12695375[0Ktravis_fold:end:before_script.2[0Ktravis_fold:start:before_script.3[0Ktravis_time:start:020bfe3a[0K$ sleep 3

travis_time:end:020bfe3a:start=1642855510751741210,finish=1642855513766058882,duration=3014317672[0Ktravis_fold:end:before_script.3[0Ktravis_time:start:0ddf3b14[0K$ mvn -o verify -Dhttps.protocols=TLSv1.2 -Dgpg.skip=true -Dgalen.use.fail.exit.code=false -Dwebdriver.gecko.driver=$PWD/geckodriver/geckodriver
Picked up _JAVA_OPTIONS: -Xmx2048m -Xms512m
[INFO] Scanning for projects...
[WARNING] 
[WARNING] Some problems were encountered while building the effective model for com.galenframework:galen-core:jar:2.3.8-SNAPSHOT
[WARNING] 'build.plugins.plugin.version' for org.apache.maven.plugins:maven-clean-plugin is missing. @ com.galenframework:galen-core:[unknown-version], /home/travis/build/failed/galenframework/galen/galen-core/pom.xml, line 97, column 15
[WARNING] 
[WARNING] It is highly recommended to fix these problems because they threaten the stability of your build.
[WARNING] 
[WARNING] For this reason, future Maven versions might no longer support building such malformed projects.
[WARNING] 
[INFO] ------------------------------------------------------------------------
[INFO] Reactor Build Order:
[INFO] 
[INFO] Galen Framework Parent
[INFO] Galen Framework Rainbow4J
[INFO] Galen Framework Core
[INFO] Galen Framework Support for Java Test Frameworks
[INFO] Galen Framework Integration tests
[INFO] Distribution module for Galen Framework
[INFO] 
[INFO] ------------------------------------------------------------------------
[INFO] Building Galen Framework Parent 2.3.8-SNAPSHOT
[INFO] ------------------------------------------------------------------------
[INFO] 
[INFO] ------------------------------------------------------------------------
[INFO] Building Galen Framework Rainbow4J 2.3.8-SNAPSHOT
[INFO] ------------------------------------------------------------------------
[INFO] 
[INFO] --- maven-resources-plugin:2.6:resources (default-resources) @ galen-rainbow4j ---
[INFO] Using 'UTF-8' encoding to copy filtered resources.
[INFO] skip non existing resourceDirectory /home/travis/build/failed/galenframework/galen/galen-rainbow4j/src/main/resources
[INFO] 
[INFO] --- maven-compiler-plugin:2.3.2:compile (default-compile) @ galen-rainbow4j ---
[INFO] Nothing to compile - all classes are up to date
[INFO] 
[INFO] --- maven-resources-plugin:2.6:testResources (default-testResources) @ galen-rainbow4j ---
[INFO] Using 'UTF-8' encoding to copy filtered resources.
[INFO] Copying 33 resources
[INFO] 
[INFO] --- maven-compiler-plugin:2.3.2:testCompile (default-testCompile) @ galen-rainbow4j ---
[INFO] Nothing to compile - all classes are up to date
[INFO] 
[INFO] --- maven-surefire-plugin:2.19:test (default-test) @ galen-rainbow4j ---

-------------------------------------------------------
 T E S T S
-------------------------------------------------------
Picked up _JAVA_OPTIONS: -Xmx2048m -Xms512m
Running com.galenframework.rainbow4j.tests.Rainbow4JTest
Tests run: 35, Failures: 0, Errors: 0, Skipped: 0, Time elapsed: 5.471 sec - in com.galenframework.rainbow4j.tests.Rainbow4JTest

Results :

Tests run: 35, Failures: 0, Errors: 0, Skipped: 0

[INFO] 
[INFO] --- maven-jar-plugin:2.4:jar (default-jar) @ galen-rainbow4j ---
[INFO] 
[INFO] --- maven-gpg-plugin:1.6:sign (sign-artifacts) @ galen-rainbow4j ---
[INFO] 
[INFO] ------------------------------------------------------------------------
[INFO] Building Galen Framework Core 2.3.8-SNAPSHOT
[INFO] ------------------------------------------------------------------------
[INFO] 
[INFO] --- jacoco-maven-plugin:0.7.4.201502262128:prepare-agent (pre-unit-test) @ galen-core ---
[INFO] surefireArgLine set to -javaagent:/home/travis/.m2/failed/org/jacoco/org.jacoco.agent/0.7.4.201502262128/org.jacoco.agent-0.7.4.201502262128-runtime.jar=destfile=/home/travis/build/failed/galenframework/galen/galen-core/target/../coverage-report/jacoco-galen.exec
[INFO] 
[INFO] --- frontend-maven-plugin:1.0:install-node-and-npm (install node and npm) @ galen-core ---
[INFO] Node v6.0.0 is already installed.
[INFO] NPM 3.10.7 is already installed.
[INFO] 
[INFO] --- frontend-maven-plugin:1.0:npm (npm install) @ galen-core ---
[INFO] Running 'npm install' in /home/travis/build/failed/galenframework/galen/galen-core
[INFO] 
[INFO] --- maven-resources-plugin:2.6:resources (default-resources) @ galen-core ---
[INFO] Using 'UTF-8' encoding to copy filtered resources.
[INFO] Copying 26 resources
[INFO] 
[INFO] --- maven-compiler-plugin:2.3.2:compile (default-compile) @ galen-core ---
[INFO] Nothing to compile - all classes are up to date
[INFO] 
[INFO] --- maven-resources-plugin:2.6:testResources (default-testResources) @ galen-core ---
[INFO] Using 'UTF-8' encoding to copy filtered resources.
[INFO] Copying 173 resources
[INFO] 
[INFO] --- maven-compiler-plugin:2.3.2:testCompile (default-testCompile) @ galen-core ---
[INFO] Nothing to compile - all classes are up to date
[INFO] 
[INFO] --- maven-surefire-plugin:2.19:test (default-test) @ galen-core ---
[WARNING] The system property galen.use.fail.exit.code is configured twice! The property appears in <argLine/> and any of <systemPropertyVariables/>, <systemProperties/> or user property.

-------------------------------------------------------
 T E S T S
-------------------------------------------------------
Picked up _JAVA_OPTIONS: -Xmx2048m -Xms512m
Running TestSuite
***************
com.galenframework.parser.SyntaxException: Table with name "some_unknown_table" does not exist
    in /home/travis/build/failed/galenframework/galen/galen-core/target/test-classes/suites/suite-with-error-unknown-table-in-parameterized.test:16
	at com.galenframework.suite.reader.ParameterizedNode.createTable(ParameterizedNode.java:109)
	at com.galenframework.suite.reader.ParameterizedNode.build(ParameterizedNode.java:41)
	at com.galenframework.suite.reader.RootNode.build(RootNode.java:66)
	at com.galenframework.suite.reader.GalenSuiteLineProcessor.buildSuites(GalenSuiteLineProcessor.java:186)
	at com.galenframework.suite.reader.GalenSuiteReader.read(GalenSuiteReader.java:40)
	at com.galenframework.suite.reader.GalenSuiteReader.read(GalenSuiteReader.java:31)
	at com.galenframework.tests.parser.GalenSuiteReaderTest.shouldGiveError_withLineNumberInformation_whenParsingIncorrectSuite(GalenSuiteReaderTest.java:423)
	at sun.reflect.NativeMethodAccessorImpl.invoke0(Native Method)
	at sun.reflect.NativeMethodAccessorImpl.invoke(NativeMethodAccessorImpl.java:62)
	at sun.reflect.DelegatingMethodAccessorImpl.invoke(DelegatingMethodAccessorImpl.java:43)
	at java.lang.reflect.Method.invoke(Method.java:498)
	at org.testng.internal.MethodInvocationHelper.invokeMethod(MethodInvocationHelper.java:80)
	at org.testng.internal.Invoker.invokeMethod(Invoker.java:715)
	at org.testng.internal.Invoker.invokeTestMethod(Invoker.java:907)
	at org.testng.internal.Invoker.invokeTestMethods(Invoker.java:1237)
	at org.testng.internal.TestMethodWorker.invokeTestMethods(TestMethodWorker.java:127)
	at org.testng.internal.TestMethodWorker.run(TestMethodWorker.java:111)
	at org.testng.TestRunner.privateRun(TestRunner.java:767)
	at org.testng.TestRunner.run(TestRunner.java:617)
	at org.testng.SuiteRunner.runTest(SuiteRunner.java:334)
	at org.testng.SuiteRunner.runSequentially(SuiteRunner.java:329)
	at org.testng.SuiteRunner.privateRun(SuiteRunner.java:291)
	at org.testng.SuiteRunner.run(SuiteRunner.java:240)
	at org.testng.SuiteRunnerWorker.runSuite(SuiteRunnerWorker.java:51)
	at org.testng.SuiteRunnerWorker.run(SuiteRunnerWorker.java:85)
	at org.testng.TestNG.runSuitesSequentially(TestNG.java:1197)
	at org.testng.TestNG.runSuitesLocally(TestNG.java:1122)
	at org.testng.TestNG.run(TestNG.java:1030)
	at org.apache.maven.surefire.testng.TestNGExecutor.run(TestNGExecutor.java:132)
	at org.apache.maven.surefire.testng.TestNGDirectoryTestSuite.executeMulti(TestNGDirectoryTestSuite.java:224)
	at org.apache.maven.surefire.testng.TestNGDirectoryTestSuite.execute(TestNGDirectoryTestSuite.java:113)
	at org.apache.maven.surefire.testng.TestNGProvider.invoke(TestNGProvider.java:146)
	at org.apache.maven.surefire.booter.ForkedBooter.invokeProviderInSameClassLoader(ForkedBooter.java:286)
	at org.apache.maven.surefire.booter.ForkedBooter.runSuitesInProcess(ForkedBooter.java:240)
	at org.apache.maven.surefire.booter.ForkedBooter.main(ForkedBooter.java:121)
***************
com.galenframework.parser.SyntaxException: Incorrect amount of arguments: selenium http://
    in /home/travis/build/failed/galenframework/galen/galen-core/target/test-classes/suites/suite-with-error-page-error.test:3
	at com.galenframework.parser.GalenPageTestReader.seleniumGalenPageTest(GalenPageTestReader.java:79)
	at com.galenframework.parser.GalenPageTestReader.readFrom(GalenPageTestReader.java:61)
	at com.galenframework.suite.reader.PageNode.build(PageNode.java:45)
	at com.galenframework.suite.reader.TestNode.build(TestNode.java:55)
	at com.galenframework.suite.reader.RootNode.build(RootNode.java:60)
	at com.galenframework.suite.reader.GalenSuiteLineProcessor.buildSuites(GalenSuiteLineProcessor.java:186)
	at com.galenframework.suite.reader.GalenSuiteReader.read(GalenSuiteReader.java:40)
	at com.galenframework.suite.reader.GalenSuiteReader.read(GalenSuiteReader.java:31)
	at com.galenframework.tests.parser.GalenSuiteReaderTest.shouldGiveError_withLineNumberInformation_whenParsingIncorrectSuite(GalenSuiteReaderTest.java:423)
	at sun.reflect.NativeMethodAccessorImpl.invoke0(Native Method)
	at sun.reflect.NativeMethodAccessorImpl.invoke(NativeMethodAccessorImpl.java:62)
	at sun.reflect.DelegatingMethodAccessorImpl.invoke(DelegatingMethodAccessorImpl.java:43)
	at java.lang.reflect.Method.invoke(Method.java:498)
	at org.testng.internal.MethodInvocationHelper.invokeMethod(MethodInvocationHelper.java:80)
	at org.testng.internal.Invoker.invokeMethod(Invoker.java:715)
	at org.testng.internal.Invoker.invokeTestMethod(Invoker.java:907)
	at org.testng.internal.Invoker.invokeTestMethods(Invoker.java:1237)
	at org.testng.internal.TestMethodWorker.invokeTestMethods(TestMethodWorker.java:127)
	at org.testng.internal.TestMethodWorker.run(TestMethodWorker.java:111)
	at org.testng.TestRunner.privateRun(TestRunner.java:767)
	at org.testng.TestRunner.run(TestRunner.java:617)
	at org.testng.SuiteRunner.runTest(SuiteRunner.java:334)
	at org.testng.SuiteRunner.runSequentially(SuiteRunner.java:329)
	at org.testng.SuiteRunner.privateRun(SuiteRunner.java:291)
	at org.testng.SuiteRunner.run(SuiteRunner.java:240)
	at org.testng.SuiteRunnerWorker.runSuite(SuiteRunnerWorker.java:51)
	at org.testng.SuiteRunnerWorker.run(SuiteRunnerWorker.java:85)
	at org.testng.TestNG.runSuitesSequentially(TestNG.java:1197)
	at org.testng.TestNG.runSuitesLocally(TestNG.java:1122)
	at org.testng.TestNG.run(TestNG.java:1030)
	at org.apache.maven.surefire.testng.TestNGExecutor.run(TestNGExecutor.java:132)
	at org.apache.maven.surefire.testng.TestNGDirectoryTestSuite.executeMulti(TestNGDirectoryTestSuite.java:224)
	at org.apache.maven.surefire.testng.TestNGDirectoryTestSuite.execute(TestNGDirectoryTestSuite.java:113)
	at org.apache.maven.surefire.testng.TestNGProvider.invoke(TestNGProvider.java:146)
	at org.apache.maven.surefire.booter.ForkedBooter.invokeProviderInSameClassLoader(ForkedBooter.java:286)
	at org.apache.maven.surefire.booter.ForkedBooter.runSuitesInProcess(ForkedBooter.java:240)
	at org.apache.maven.surefire.booter.ForkedBooter.main(ForkedBooter.java:121)
***************
com.galenframework.parser.SyntaxException: Cannot parse: inject
    in /home/travis/build/failed/galenframework/galen/galen-core/target/test-classes/suites/suite-with-error-action-inject-error.test:3
	at com.galenframework.parser.GalenPageActionReader.readFrom(GalenPageActionReader.java:43)
	at com.galenframework.suite.reader.ActionNode.build(ActionNode.java:39)
	at com.galenframework.suite.reader.PageNode.build(PageNode.java:59)
	at com.galenframework.suite.reader.TestNode.build(TestNode.java:55)
	at com.galenframework.suite.reader.RootNode.build(RootNode.java:60)
	at com.galenframework.suite.reader.GalenSuiteLineProcessor.buildSuites(GalenSuiteLineProcessor.java:186)
	at com.galenframework.suite.reader.GalenSuiteReader.read(GalenSuiteReader.java:40)
	at com.galenframework.suite.reader.GalenSuiteReader.read(GalenSuiteReader.java:31)
	at com.galenframework.tests.parser.GalenSuiteReaderTest.shouldGiveError_withLineNumberInformation_whenParsingIncorrectSuite(GalenSuiteReaderTest.java:423)
	at sun.reflect.NativeMethodAccessorImpl.invoke0(Native Method)
	at sun.reflect.NativeMethodAccessorImpl.invoke(NativeMethodAccessorImpl.java:62)
	at sun.reflect.DelegatingMethodAccessorImpl.invoke(DelegatingMethodAccessorImpl.java:43)
	at java.lang.reflect.Method.invoke(Method.java:498)
	at org.testng.internal.MethodInvocationHelper.invokeMethod(MethodInvocationHelper.java:80)
	at org.testng.internal.Invoker.invokeMethod(Invoker.java:715)
	at org.testng.internal.Invoker.invokeTestMethod(Invoker.java:907)
	at org.testng.internal.Invoker.invokeTestMethods(Invoker.java:1237)
	at org.testng.internal.TestMethodWorker.invokeTestMethods(TestMethodWorker.java:127)
	at org.testng.internal.TestMethodWorker.run(TestMethodWorker.java:111)
	at org.testng.TestRunner.privateRun(TestRunner.java:767)
	at org.testng.TestRunner.run(TestRunner.java:617)
	at org.testng.SuiteRunner.runTest(SuiteRunner.java:334)
	at org.testng.SuiteRunner.runSequentially(SuiteRunner.java:329)
	at org.testng.SuiteRunner.privateRun(SuiteRunner.java:291)
	at org.testng.SuiteRunner.run(SuiteRunner.java:240)
	at org.testng.SuiteRunnerWorker.runSuite(SuiteRunnerWorker.java:51)
	at org.testng.SuiteRunnerWorker.run(SuiteRunnerWorker.java:85)
	at org.testng.TestNG.runSuitesSequentially(TestNG.java:1197)
	at org.testng.TestNG.runSuitesLocally(TestNG.java:1122)
	at org.testng.TestNG.run(TestNG.java:1030)
	at org.apache.maven.surefire.testng.TestNGExecutor.run(TestNGExecutor.java:132)
	at org.apache.maven.surefire.testng.TestNGDirectoryTestSuite.executeMulti(TestNGDirectoryTestSuite.java:224)
	at org.apache.maven.surefire.testng.TestNGDirectoryTestSuite.execute(TestNGDirectoryTestSuite.java:113)
	at org.apache.maven.surefire.testng.TestNGProvider.invoke(TestNGProvider.java:146)
	at org.apache.maven.surefire.booter.ForkedBooter.invokeProviderInSameClassLoader(ForkedBooter.java:286)
	at org.apache.maven.surefire.booter.ForkedBooter.runSuitesInProcess(ForkedBooter.java:240)
	at org.apache.maven.surefire.booter.ForkedBooter.main(ForkedBooter.java:121)
***************
com.galenframework.parser.SyntaxException: Amount of cells in a row is not the same in header
    in /home/travis/build/failed/galenframework/galen/galen-core/target/test-classes/suites/suite-with-error-table-wrong-amount-of-columns-1.test:5
	at com.galenframework.suite.reader.Table.addRow(Table.java:41)
	at com.galenframework.suite.reader.TableNode.build(TableNode.java:43)
	at com.galenframework.suite.reader.TableNode.build(TableNode.java:23)
	at com.galenframework.suite.reader.RootNode.build(RootNode.java:70)
	at com.galenframework.suite.reader.GalenSuiteLineProcessor.buildSuites(GalenSuiteLineProcessor.java:186)
	at com.galenframework.suite.reader.GalenSuiteReader.read(GalenSuiteReader.java:40)
	at com.galenframework.suite.reader.GalenSuiteReader.read(GalenSuiteReader.java:31)
	at com.galenframework.tests.parser.GalenSuiteReaderTest.shouldGiveError_withLineNumberInformation_whenParsingIncorrectSuite(GalenSuiteReaderTest.java:423)
	at sun.reflect.NativeMethodAccessorImpl.invoke0(Native Method)
	at sun.reflect.NativeMethodAccessorImpl.invoke(NativeMethodAccessorImpl.java:62)
	at sun.reflect.DelegatingMethodAccessorImpl.invoke(DelegatingMethodAccessorImpl.java:43)
	at java.lang.reflect.Method.invoke(Method.java:498)
	at org.testng.internal.MethodInvocationHelper.invokeMethod(MethodInvocationHelper.java:80)
	at org.testng.internal.Invoker.invokeMethod(Invoker.java:715)
	at org.testng.internal.Invoker.invokeTestMethod(Invoker.java:907)
	at org.testng.internal.Invoker.invokeTestMethods(Invoker.java:1237)
	at org.testng.internal.TestMethodWorker.invokeTestMethods(TestMethodWorker.java:127)
	at org.testng.internal.TestMethodWorker.run(TestMethodWorker.java:111)
	at org.testng.TestRunner.privateRun(TestRunner.java:767)
	at org.testng.TestRunner.run(TestRunner.java:617)
	at org.testng.SuiteRunner.runTest(SuiteRunner.java:334)
	at org.testng.SuiteRunner.runSequentially(SuiteRunner.java:329)
	at org.testng.SuiteRunner.privateRun(SuiteRunner.java:291)
	at org.testng.SuiteRunner.run(SuiteRunner.java:240)
	at org.testng.SuiteRunnerWorker.runSuite(SuiteRunnerWorker.java:51)
	at org.testng.SuiteRunnerWorker.run(SuiteRunnerWorker.java:85)
	at org.testng.TestNG.runSuitesSequentially(TestNG.java:1197)
	at org.testng.TestNG.runSuitesLocally(TestNG.java:1122)
	at org.testng.TestNG.run(TestNG.java:1030)
	at org.apache.maven.surefire.testng.TestNGExecutor.run(TestNGExecutor.java:132)
	at org.apache.maven.surefire.testng.TestNGDirectoryTestSuite.executeMulti(TestNGDirectoryTestSuite.java:224)
	at org.apache.maven.surefire.testng.TestNGDirectoryTestSuite.execute(TestNGDirectoryTestSuite.java:113)
	at org.apache.maven.surefire.testng.TestNGProvider.invoke(TestNGProvider.java:146)
	at org.apache.maven.surefire.booter.ForkedBooter.invokeProviderInSameClassLoader(ForkedBooter.java:286)
	at org.apache.maven.surefire.booter.ForkedBooter.runSuitesInProcess(ForkedBooter.java:240)
	at org.apache.maven.surefire.booter.ForkedBooter.main(ForkedBooter.java:121)
***************
com.galenframework.parser.SyntaxException: Incorrect format. Should end with '|'
    in /home/travis/build/failed/galenframework/galen/galen-core/target/test-classes/suites/suite-with-error-table-wrong-amount-of-columns-2.test:4
	at com.galenframework.suite.reader.TableRowNode.build(TableRowNode.java:39)
	at com.galenframework.suite.reader.TableNode.build(TableNode.java:43)
	at com.galenframework.suite.reader.TableNode.build(TableNode.java:23)
	at com.galenframework.suite.reader.RootNode.build(RootNode.java:70)
	at com.galenframework.suite.reader.GalenSuiteLineProcessor.buildSuites(GalenSuiteLineProcessor.java:186)
	at com.galenframework.suite.reader.GalenSuiteReader.read(GalenSuiteReader.java:40)
	at com.galenframework.suite.reader.GalenSuiteReader.read(GalenSuiteReader.java:31)
	at com.galenframework.tests.parser.GalenSuiteReaderTest.shouldGiveError_withLineNumberInformation_whenParsingIncorrectSuite(GalenSuiteReaderTest.java:423)
	at sun.reflect.NativeMethodAccessorImpl.invoke0(Native Method)
	at sun.reflect.NativeMethodAccessorImpl.invoke(NativeMethodAccessorImpl.java:62)
	at sun.reflect.DelegatingMethodAccessorImpl.invoke(DelegatingMethodAccessorImpl.java:43)
	at java.lang.reflect.Method.invoke(Method.java:498)
	at org.testng.internal.MethodInvocationHelper.invokeMethod(MethodInvocationHelper.java:80)
	at org.testng.internal.Invoker.invokeMethod(Invoker.java:715)
	at org.testng.internal.Invoker.invokeTestMethod(Invoker.java:907)
	at org.testng.internal.Invoker.invokeTestMethods(Invoker.java:1237)
	at org.testng.internal.TestMethodWorker.invokeTestMethods(TestMethodWorker.java:127)
	at org.testng.internal.TestMethodWorker.run(TestMethodWorker.java:111)
	at org.testng.TestRunner.privateRun(TestRunner.java:767)
	at org.testng.TestRunner.run(TestRunner.java:617)
	at org.testng.SuiteRunner.runTest(SuiteRunner.java:334)
	at org.testng.SuiteRunner.runSequentially(SuiteRunner.java:329)
	at org.testng.SuiteRunner.privateRun(SuiteRunner.java:291)
	at org.testng.SuiteRunner.run(SuiteRunner.java:240)
	at org.testng.SuiteRunnerWorker.runSuite(SuiteRunnerWorker.java:51)
	at org.testng.SuiteRunnerWorker.run(SuiteRunnerWorker.java:85)
	at org.testng.TestNG.runSuitesSequentially(TestNG.java:1197)
	at org.testng.TestNG.runSuitesLocally(TestNG.java:1122)
	at org.testng.TestNG.run(TestNG.java:1030)
	at org.apache.maven.surefire.testng.TestNGExecutor.run(TestNGExecutor.java:132)
	at org.apache.maven.surefire.testng.TestNGDirectoryTestSuite.executeMulti(TestNGDirectoryTestSuite.java:224)
	at org.apache.maven.surefire.testng.TestNGDirectoryTestSuite.execute(TestNGDirectoryTestSuite.java:113)
	at org.apache.maven.surefire.testng.TestNGProvider.invoke(TestNGProvider.java:146)
	at org.apache.maven.surefire.booter.ForkedBooter.invokeProviderInSameClassLoader(ForkedBooter.java:286)
	at org.apache.maven.surefire.booter.ForkedBooter.runSuitesInProcess(ForkedBooter.java:240)
	at org.apache.maven.surefire.booter.ForkedBooter.main(ForkedBooter.java:121)
***************
com.galenframework.parser.SyntaxException: Incorrect format. Should start with '|'
    in /home/travis/build/failed/galenframework/galen/galen-core/target/test-classes/suites/suite-with-error-table-wrong-amount-of-columns-3.test:4
	at com.galenframework.suite.reader.TableRowNode.build(TableRowNode.java:36)
	at com.galenframework.suite.reader.TableNode.build(TableNode.java:43)
	at com.galenframework.suite.reader.TableNode.build(TableNode.java:23)
	at com.galenframework.suite.reader.RootNode.build(RootNode.java:70)
	at com.galenframework.suite.reader.GalenSuiteLineProcessor.buildSuites(GalenSuiteLineProcessor.java:186)
	at com.galenframework.suite.reader.GalenSuiteReader.read(GalenSuiteReader.java:40)
	at com.galenframework.suite.reader.GalenSuiteReader.read(GalenSuiteReader.java:31)
	at com.galenframework.tests.parser.GalenSuiteReaderTest.shouldGiveError_withLineNumberInformation_whenParsingIncorrectSuite(GalenSuiteReaderTest.java:423)
	at sun.reflect.NativeMethodAccessorImpl.invoke0(Native Method)
	at sun.reflect.NativeMethodAccessorImpl.invoke(NativeMethodAccessorImpl.java:62)
	at sun.reflect.DelegatingMethodAccessorImpl.invoke(DelegatingMethodAccessorImpl.java:43)
	at java.lang.reflect.Method.invoke(Method.java:498)
	at org.testng.internal.MethodInvocationHelper.invokeMethod(MethodInvocationHelper.java:80)
	at org.testng.internal.Invoker.invokeMethod(Invoker.java:715)
	at org.testng.internal.Invoker.invokeTestMethod(Invoker.java:907)
	at org.testng.internal.Invoker.invokeTestMethods(Invoker.java:1237)
	at org.testng.internal.TestMethodWorker.invokeTestMethods(TestMethodWorker.java:127)
	at org.testng.internal.TestMethodWorker.run(TestMethodWorker.java:111)
	at org.testng.TestRunner.privateRun(TestRunner.java:767)
	at org.testng.TestRunner.run(TestRunner.java:617)
	at org.testng.SuiteRunner.runTest(SuiteRunner.java:334)
	at org.testng.SuiteRunner.runSequentially(SuiteRunner.java:329)
	at org.testng.SuiteRunner.privateRun(SuiteRunner.java:291)
	at org.testng.SuiteRunner.run(SuiteRunner.java:240)
	at org.testng.SuiteRunnerWorker.runSuite(SuiteRunnerWorker.java:51)
	at org.testng.SuiteRunnerWorker.run(SuiteRunnerWorker.java:85)
	at org.testng.TestNG.runSuitesSequentially(TestNG.java:1197)
	at org.testng.TestNG.runSuitesLocally(TestNG.java:1122)
	at org.testng.TestNG.run(TestNG.java:1030)
	at org.apache.maven.surefire.testng.TestNGExecutor.run(TestNGExecutor.java:132)
	at org.apache.maven.surefire.testng.TestNGDirectoryTestSuite.executeMulti(TestNGDirectoryTestSuite.java:224)
	at org.apache.maven.surefire.testng.TestNGDirectoryTestSuite.execute(TestNGDirectoryTestSuite.java:113)
	at org.apache.maven.surefire.testng.TestNGProvider.invoke(TestNGProvider.java:146)
	at org.apache.maven.surefire.booter.ForkedBooter.invokeProviderInSameClassLoader(ForkedBooter.java:286)
	at org.apache.maven.surefire.booter.ForkedBooter.runSuitesInProcess(ForkedBooter.java:240)
	at org.apache.maven.surefire.booter.ForkedBooter.main(ForkedBooter.java:121)
***************
com.galenframework.parser.SyntaxException: Cannot merge table "table2". Perhaps it has different amount of columns
    in /home/travis/build/failed/galenframework/galen/galen-core/target/test-classes/suites/suite-with-error-parameterization-merge-tables.test:12
	at com.galenframework.suite.reader.ParameterizedNode.createTable(ParameterizedNode.java:120)
	at com.galenframework.suite.reader.ParameterizedNode.build(ParameterizedNode.java:41)
	at com.galenframework.suite.reader.RootNode.build(RootNode.java:66)
	at com.galenframework.suite.reader.GalenSuiteLineProcessor.buildSuites(GalenSuiteLineProcessor.java:186)
	at com.galenframework.suite.reader.GalenSuiteReader.read(GalenSuiteReader.java:40)
	at com.galenframework.suite.reader.GalenSuiteReader.read(GalenSuiteReader.java:31)
	at com.galenframework.tests.parser.GalenSuiteReaderTest.shouldGiveError_withLineNumberInformation_whenParsingIncorrectSuite(GalenSuiteReaderTest.java:423)
	at sun.reflect.NativeMethodAccessorImpl.invoke0(Native Method)
	at sun.reflect.NativeMethodAccessorImpl.invoke(NativeMethodAccessorImpl.java:62)
	at sun.reflect.DelegatingMethodAccessorImpl.invoke(DelegatingMethodAccessorImpl.java:43)
	at java.lang.reflect.Method.invoke(Method.java:498)
	at org.testng.internal.MethodInvocationHelper.invokeMethod(MethodInvocationHelper.java:80)
	at org.testng.internal.Invoker.invokeMethod(Invoker.java:715)
	at org.testng.internal.Invoker.invokeTestMethod(Invoker.java:907)
	at org.testng.internal.Invoker.invokeTestMethods(Invoker.java:1237)
	at org.testng.internal.TestMethodWorker.invokeTestMethods(TestMethodWorker.java:127)
	at org.testng.internal.TestMethodWorker.run(TestMethodWorker.java:111)
	at org.testng.TestRunner.privateRun(TestRunner.java:767)
	at org.testng.TestRunner.run(TestRunner.java:617)
	at org.testng.SuiteRunner.runTest(SuiteRunner.java:334)
	at org.testng.SuiteRunner.runSequentially(SuiteRunner.java:329)
	at org.testng.SuiteRunner.privateRun(SuiteRunner.java:291)
	at org.testng.SuiteRunner.run(SuiteRunner.java:240)
	at org.testng.SuiteRunnerWorker.runSuite(SuiteRunnerWorker.java:51)
	at org.testng.SuiteRunnerWorker.run(SuiteRunnerWorker.java:85)
	at org.testng.TestNG.runSuitesSequentially(TestNG.java:1197)
	at org.testng.TestNG.runSuitesLocally(TestNG.java:1122)
	at org.testng.TestNG.run(TestNG.java:1030)
	at org.apache.maven.surefire.testng.TestNGExecutor.run(TestNGExecutor.java:132)
	at org.apache.maven.surefire.testng.TestNGDirectoryTestSuite.executeMulti(TestNGDirectoryTestSuite.java:224)
	at org.apache.maven.surefire.testng.TestNGDirectoryTestSuite.execute(TestNGDirectoryTestSuite.java:113)
	at org.apache.maven.surefire.testng.TestNGProvider.invoke(TestNGProvider.java:146)
	at org.apache.maven.surefire.booter.ForkedBooter.invokeProviderInSameClassLoader(ForkedBooter.java:286)
	at org.apache.maven.surefire.booter.ForkedBooter.runSuitesInProcess(ForkedBooter.java:240)
	at org.apache.maven.surefire.booter.ForkedBooter.main(ForkedBooter.java:121)
***************
com.galenframework.parser.SyntaxException: Amount of cells in a row is not the same in header
    in /home/travis/build/failed/galenframework/galen/galen-core/target/test-classes/suites/suite-with-error-parameterization-wrong-amount-of-columns.test:5
	at com.galenframework.suite.reader.Table.addRow(Table.java:41)
	at com.galenframework.suite.reader.ParameterizedNode.buildFromChild(ParameterizedNode.java:147)
	at com.galenframework.suite.reader.ParameterizedNode.createTable(ParameterizedNode.java:87)
	at com.galenframework.suite.reader.ParameterizedNode.build(ParameterizedNode.java:41)
	at com.galenframework.suite.reader.RootNode.build(RootNode.java:66)
	at com.galenframework.suite.reader.GalenSuiteLineProcessor.buildSuites(GalenSuiteLineProcessor.java:186)
	at com.galenframework.suite.reader.GalenSuiteReader.read(GalenSuiteReader.java:40)
	at com.galenframework.suite.reader.GalenSuiteReader.read(GalenSuiteReader.java:31)
	at com.galenframework.tests.parser.GalenSuiteReaderTest.shouldGiveError_withLineNumberInformation_whenParsingIncorrectSuite(GalenSuiteReaderTest.java:423)
	at sun.reflect.NativeMethodAccessorImpl.invoke0(Native Method)
	at sun.reflect.NativeMethodAccessorImpl.invoke(NativeMethodAccessorImpl.java:62)
	at sun.reflect.DelegatingMethodAccessorImpl.invoke(DelegatingMethodAccessorImpl.java:43)
	at java.lang.reflect.Method.invoke(Method.java:498)
	at org.testng.internal.MethodInvocationHelper.invokeMethod(MethodInvocationHelper.java:80)
	at org.testng.internal.Invoker.invokeMethod(Invoker.java:715)
	at org.testng.internal.Invoker.invokeTestMethod(Invoker.java:907)
	at org.testng.internal.Invoker.invokeTestMethods(Invoker.java:1237)
	at org.testng.internal.TestMethodWorker.invokeTestMethods(TestMethodWorker.java:127)
	at org.testng.internal.TestMethodWorker.run(TestMethodWorker.java:111)
	at org.testng.TestRunner.privateRun(TestRunner.java:767)
	at org.testng.TestRunner.run(TestRunner.java:617)
	at org.testng.SuiteRunner.runTest(SuiteRunner.java:334)
	at org.testng.SuiteRunner.runSequentially(SuiteRunner.java:329)
	at org.testng.SuiteRunner.privateRun(SuiteRunner.java:291)
	at org.testng.SuiteRunner.run(SuiteRunner.java:240)
	at org.testng.SuiteRunnerWorker.runSuite(SuiteRunnerWorker.java:51)
	at org.testng.SuiteRunnerWorker.run(SuiteRunnerWorker.java:85)
	at org.testng.TestNG.runSuitesSequentially(TestNG.java:1197)
	at org.testng.TestNG.runSuitesLocally(TestNG.java:1122)
	at org.testng.TestNG.run(TestNG.java:1030)
	at org.apache.maven.surefire.testng.TestNGExecutor.run(TestNGExecutor.java:132)
	at org.apache.maven.surefire.testng.TestNGDirectoryTestSuite.executeMulti(TestNGDirectoryTestSuite.java:224)
	at org.apache.maven.surefire.testng.TestNGDirectoryTestSuite.execute(TestNGDirectoryTestSuite.java:113)
	at org.apache.maven.surefire.testng.TestNGProvider.invoke(TestNGProvider.java:146)
	at org.apache.maven.surefire.booter.ForkedBooter.invokeProviderInSameClassLoader(ForkedBooter.java:286)
	at org.apache.maven.surefire.booter.ForkedBooter.runSuitesInProcess(ForkedBooter.java:240)
	at org.apache.maven.surefire.booter.ForkedBooter.main(ForkedBooter.java:121)
***************
com.galenframework.parser.SyntaxException: Incorrect indentation. Amount of spaces in indentation should be the same within one level
    in /home/travis/build/failed/galenframework/galen/galen-core/target/test-classes/suites/suite-with-error-wrong-indentation-1.test:8
	at com.galenframework.suite.reader.Node.add(Node.java:61)
	at com.galenframework.suite.reader.TestNode.processNewNode(TestNode.java:38)
	at com.galenframework.suite.reader.GalenSuiteLineProcessor.processLine(GalenSuiteLineProcessor.java:61)
	at com.galenframework.suite.reader.GalenSuiteLineProcessor.readLines(GalenSuiteLineProcessor.java:235)
	at com.galenframework.suite.reader.GalenSuiteReader.read(GalenSuiteReader.java:39)
	at com.galenframework.suite.reader.GalenSuiteReader.read(GalenSuiteReader.java:31)
	at com.galenframework.tests.parser.GalenSuiteReaderTest.shouldGiveError_withLineNumberInformation_whenParsingIncorrectSuite(GalenSuiteReaderTest.java:423)
	at sun.reflect.NativeMethodAccessorImpl.invoke0(Native Method)
	at sun.reflect.NativeMethodAccessorImpl.invoke(NativeMethodAccessorImpl.java:62)
	at sun.reflect.DelegatingMethodAccessorImpl.invoke(DelegatingMethodAccessorImpl.java:43)
	at java.lang.reflect.Method.invoke(Method.java:498)
	at org.testng.internal.MethodInvocationHelper.invokeMethod(MethodInvocationHelper.java:80)
	at org.testng.internal.Invoker.invokeMethod(Invoker.java:715)
	at org.testng.internal.Invoker.invokeTestMethod(Invoker.java:907)
	at org.testng.internal.Invoker.invokeTestMethods(Invoker.java:1237)
	at org.testng.internal.TestMethodWorker.invokeTestMethods(TestMethodWorker.java:127)
	at org.testng.internal.TestMethodWorker.run(TestMethodWorker.java:111)
	at org.testng.TestRunner.privateRun(TestRunner.java:767)
	at org.testng.TestRunner.run(TestRunner.java:617)
	at org.testng.SuiteRunner.runTest(SuiteRunner.java:334)
	at org.testng.SuiteRunner.runSequentially(SuiteRunner.java:329)
	at org.testng.SuiteRunner.privateRun(SuiteRunner.java:291)
	at org.testng.SuiteRunner.run(SuiteRunner.java:240)
	at org.testng.SuiteRunnerWorker.runSuite(SuiteRunnerWorker.java:51)
	at org.testng.SuiteRunnerWorker.run(SuiteRunnerWorker.java:85)
	at org.testng.TestNG.runSuitesSequentially(TestNG.java:1197)
	at org.testng.TestNG.runSuitesLocally(TestNG.java:1122)
	at org.testng.TestNG.run(TestNG.java:1030)
	at org.apache.maven.surefire.testng.TestNGExecutor.run(TestNGExecutor.java:132)
	at org.apache.maven.surefire.testng.TestNGDirectoryTestSuite.executeMulti(TestNGDirectoryTestSuite.java:224)
	at org.apache.maven.surefire.testng.TestNGDirectoryTestSuite.execute(TestNGDirectoryTestSuite.java:113)
	at org.apache.maven.surefire.testng.TestNGProvider.invoke(TestNGProvider.java:146)
	at org.apache.maven.surefire.booter.ForkedBooter.invokeProviderInSameClassLoader(ForkedBooter.java:286)
	at org.apache.maven.surefire.booter.ForkedBooter.runSuitesInProcess(ForkedBooter.java:240)
	at org.apache.maven.surefire.booter.ForkedBooter.main(ForkedBooter.java:121)
***************
com.galenframework.parser.SyntaxException: Incorrect indentation. Should use from 1 to 8 spaces
    in /home/travis/build/failed/galenframework/galen/galen-core/target/test-classes/suites/suite-with-error-wrong-indentation-2.test:6
	at com.galenframework.suite.reader.Node.add(Node.java:56)
	at com.galenframework.suite.reader.TestNode.processNewNode(TestNode.java:38)
	at com.galenframework.suite.reader.GalenSuiteLineProcessor.processLine(GalenSuiteLineProcessor.java:61)
	at com.galenframework.suite.reader.GalenSuiteLineProcessor.readLines(GalenSuiteLineProcessor.java:235)
	at com.galenframework.suite.reader.GalenSuiteReader.read(GalenSuiteReader.java:39)
	at com.galenframework.suite.reader.GalenSuiteReader.read(GalenSuiteReader.java:31)
	at com.galenframework.tests.parser.GalenSuiteReaderTest.shouldGiveError_withLineNumberInformation_whenParsingIncorrectSuite(GalenSuiteReaderTest.java:423)
	at sun.reflect.NativeMethodAccessorImpl.invoke0(Native Method)
	at sun.reflect.NativeMethodAccessorImpl.invoke(NativeMethodAccessorImpl.java:62)
	at sun.reflect.DelegatingMethodAccessorImpl.invoke(DelegatingMethodAccessorImpl.java:43)
	at java.lang.reflect.Method.invoke(Method.java:498)
	at org.testng.internal.MethodInvocationHelper.invokeMethod(MethodInvocationHelper.java:80)
	at org.testng.internal.Invoker.invokeMethod(Invoker.java:715)
	at org.testng.internal.Invoker.invokeTestMethod(Invoker.java:907)
	at org.testng.internal.Invoker.invokeTestMethods(Invoker.java:1237)
	at org.testng.internal.TestMethodWorker.invokeTestMethods(TestMethodWorker.java:127)
	at org.testng.internal.TestMethodWorker.run(TestMethodWorker.java:111)
	at org.testng.TestRunner.privateRun(TestRunner.java:767)
	at org.testng.TestRunner.run(TestRunner.java:617)
	at org.testng.SuiteRunner.runTest(SuiteRunner.java:334)
	at org.testng.SuiteRunner.runSequentially(SuiteRunner.java:329)
	at org.testng.SuiteRunner.privateRun(SuiteRunner.java:291)
	at org.testng.SuiteRunner.run(SuiteRunner.java:240)
	at org.testng.SuiteRunnerWorker.runSuite(SuiteRunnerWorker.java:51)
	at org.testng.SuiteRunnerWorker.run(SuiteRunnerWorker.java:85)
	at org.testng.TestNG.runSuitesSequentially(TestNG.java:1197)
	at org.testng.TestNG.runSuitesLocally(TestNG.java:1122)
	at org.testng.TestNG.run(TestNG.java:1030)
	at org.apache.maven.surefire.testng.TestNGExecutor.run(TestNGExecutor.java:132)
	at org.apache.maven.surefire.testng.TestNGDirectoryTestSuite.executeMulti(TestNGDirectoryTestSuite.java:224)
	at org.apache.maven.surefire.testng.TestNGDirectoryTestSuite.execute(TestNGDirectoryTestSuite.java:113)
	at org.apache.maven.surefire.testng.TestNGProvider.invoke(TestNGProvider.java:146)
	at org.apache.maven.surefire.booter.ForkedBooter.invokeProviderInSameClassLoader(ForkedBooter.java:286)
	at org.apache.maven.surefire.booter.ForkedBooter.runSuitesInProcess(ForkedBooter.java:240)
	at org.apache.maven.surefire.booter.ForkedBooter.main(ForkedBooter.java:121)
Test #1 was invoked
Test #3 was invoked
included.js was loaded
From main name is visible as Included object
included.js was loaded
From main name is visible as Included object
From second name is visible as Included object
========================================
Test: Simple test
========================================
= Main section =
    caption:
->      text is "Hi my name is Jack"
->      :   "caption" text is "Hi my name is John" but should be "Hi my name is Jack"


========================================
----------------------------------------
========================================
Failed tests:
    Simple test

Suite status: FAIL
Total tests: 1
Total failed tests: 1
Total failures: 1
========================================
Test: Test number 2
========================================
Test #2 was invoked
========================================
Test: Test number 1
========================================
Test #1 was invoked

========================================
----------------------------------------
========================================
Suite status: PASS
Total tests: 2
Total failed tests: 0
Total failures: 0
Created config file: /home/travis/build/failed/galenframework/galen/galen-core/galen.config
Config file already exists
========================================
Test: Test D
========================================
Test D invoked
========================================
Test: Test C
========================================
Test C invoked
========================================
Test: Test A
========================================
Test A invoked

========================================
----------------------------------------
========================================
Suite status: PASS
Total tests: 3
Total failed tests: 0
Total failures: 0
Before test suite event
Before test event for: Test A
========================================
Test: Test A
========================================
Test A invoked
org.mozilla.javascript.JavaScriptException: Error (/home/travis/build/failed/galenframework/galen/galen-core/target/test-classes/js-tests/testretry.test.js#34)
	at org.mozilla.javascript.gen._home_travis_build_failed_galenframework_galen_galen_core_target_test_classes_js_tests_testretry_test_js_304._c_anonymous_6(/home/travis/build/failed/galenframework/galen/galen-core/target/test-classes/js-tests/testretry.test.js:34)
	at org.mozilla.javascript.gen._home_travis_build_failed_galenframework_galen_galen_core_target_test_classes_js_tests_testretry_test_js_304.call(/home/travis/build/failed/galenframework/galen/galen-core/target/test-classes/js-tests/testretry.test.js)
	at org.mozilla.javascript.ScriptRuntime.applyOrCall(ScriptRuntime.java:2697)
	at org.mozilla.javascript.BaseFunction.execIdCall(BaseFunction.java:287)
	at org.mozilla.javascript.IdFunctionObject.call(IdFunctionObject.java:101)
	at org.mozilla.javascript.optimizer.OptRuntime.call1(OptRuntime.java:32)
	at org.mozilla.javascript.gen._cmd__301._c_invokeFunc_2(<cmd>:31)
	at org.mozilla.javascript.gen._cmd__301.call(<cmd>)
	at org.mozilla.javascript.optimizer.OptRuntime.callName(OptRuntime.java:63)
	at org.mozilla.javascript.gen._cmd__301._c_anonymous_22(<cmd>:280)
	at org.mozilla.javascript.gen._cmd__301.call(<cmd>)
	at org.mozilla.javascript.ContextFactory.doTopCall(ContextFactory.java:399)
	at org.mozilla.javascript.ScriptRuntime.doTopCall(ScriptRuntime.java:3452)
	at org.mozilla.javascript.gen._cmd__301.call(<cmd>)
	at org.mozilla.javascript.JavaAdapter.doCall(JavaAdapter.java:606)
	at org.mozilla.javascript.JavaAdapter.access$000(JavaAdapter.java:15)
	at org.mozilla.javascript.JavaAdapter$1.run(JavaAdapter.java:586)
	at org.mozilla.javascript.Context.call(Context.java:526)
	at org.mozilla.javascript.ContextFactory.call(ContextFactory.java:509)
	at org.mozilla.javascript.JavaAdapter.callMethod(JavaAdapter.java:583)
	at adapter4.execute(<adapter>)
	at com.galenframework.TestRunnable.runTest(TestRunnable.java:75)
	at com.galenframework.TestRunnable.run(TestRunnable.java:101)
	at java.util.concurrent.ThreadPoolExecutor.runWorker(ThreadPoolExecutor.java:1149)
	at java.util.concurrent.ThreadPoolExecutor$Worker.run(ThreadPoolExecutor.java:624)
	at java.lang.Thread.run(Thread.java:748)
After test event for: Test A
Retry handler invoked for test: Test A
Before test event for: Test A
========================================
Test: Test A
========================================
Test A invoked
org.mozilla.javascript.JavaScriptException: Error (/home/travis/build/failed/galenframework/galen/galen-core/target/test-classes/js-tests/testretry.test.js#34)
	at org.mozilla.javascript.gen._home_travis_build_failed_galenframework_galen_galen_core_target_test_classes_js_tests_testretry_test_js_304._c_anonymous_6(/home/travis/build/failed/galenframework/galen/galen-core/target/test-classes/js-tests/testretry.test.js:34)
	at org.mozilla.javascript.gen._home_travis_build_failed_galenframework_galen_galen_core_target_test_classes_js_tests_testretry_test_js_304.call(/home/travis/build/failed/galenframework/galen/galen-core/target/test-classes/js-tests/testretry.test.js)
	at org.mozilla.javascript.ScriptRuntime.applyOrCall(ScriptRuntime.java:2697)
	at org.mozilla.javascript.BaseFunction.execIdCall(BaseFunction.java:287)
	at org.mozilla.javascript.IdFunctionObject.call(IdFunctionObject.java:101)
	at org.mozilla.javascript.optimizer.OptRuntime.call1(OptRuntime.java:32)
	at org.mozilla.javascript.gen._cmd__301._c_invokeFunc_2(<cmd>:31)
	at org.mozilla.javascript.gen._cmd__301.call(<cmd>)
	at org.mozilla.javascript.optimizer.OptRuntime.callName(OptRuntime.java:63)
	at org.mozilla.javascript.gen._cmd__301._c_anonymous_22(<cmd>:280)
	at org.mozilla.javascript.gen._cmd__301.call(<cmd>)
	at org.mozilla.javascript.ContextFactory.doTopCall(ContextFactory.java:399)
	at org.mozilla.javascript.ScriptRuntime.doTopCall(ScriptRuntime.java:3452)
	at org.mozilla.javascript.gen._cmd__301.call(<cmd>)
	at org.mozilla.javascript.JavaAdapter.doCall(JavaAdapter.java:606)
	at org.mozilla.javascript.JavaAdapter.access$000(JavaAdapter.java:15)
	at org.mozilla.javascript.JavaAdapter$1.run(JavaAdapter.java:586)
	at org.mozilla.javascript.Context.call(Context.java:526)
	at org.mozilla.javascript.ContextFactory.call(ContextFactory.java:509)
	at org.mozilla.javascript.JavaAdapter.callMethod(JavaAdapter.java:583)
	at adapter4.execute(<adapter>)
	at com.galenframework.TestRunnable.runTest(TestRunnable.java:75)
	at com.galenframework.TestRunnable.run(TestRunnable.java:101)
	at java.util.concurrent.ThreadPoolExecutor.runWorker(ThreadPoolExecutor.java:1149)
	at java.util.concurrent.ThreadPoolExecutor$Worker.run(ThreadPoolExecutor.java:624)
	at java.lang.Thread.run(Thread.java:748)
After test event for: Test A
Retry handler invoked for test: Test A
Before test event for: Test A
========================================
Test: Test A
========================================
Test A invoked
org.mozilla.javascript.JavaScriptException: Error (/home/travis/build/failed/galenframework/galen/galen-core/target/test-classes/js-tests/testretry.test.js#34)
	at org.mozilla.javascript.gen._home_travis_build_failed_galenframework_galen_galen_core_target_test_classes_js_tests_testretry_test_js_304._c_anonymous_6(/home/travis/build/failed/galenframework/galen/galen-core/target/test-classes/js-tests/testretry.test.js:34)
	at org.mozilla.javascript.gen._home_travis_build_failed_galenframework_galen_galen_core_target_test_classes_js_tests_testretry_test_js_304.call(/home/travis/build/failed/galenframework/galen/galen-core/target/test-classes/js-tests/testretry.test.js)
	at org.mozilla.javascript.ScriptRuntime.applyOrCall(ScriptRuntime.java:2697)
	at org.mozilla.javascript.BaseFunction.execIdCall(BaseFunction.java:287)
	at org.mozilla.javascript.IdFunctionObject.call(IdFunctionObject.java:101)
	at org.mozilla.javascript.optimizer.OptRuntime.call1(OptRuntime.java:32)
	at org.mozilla.javascript.gen._cmd__301._c_invokeFunc_2(<cmd>:31)
	at org.mozilla.javascript.gen._cmd__301.call(<cmd>)
	at org.mozilla.javascript.optimizer.OptRuntime.callName(OptRuntime.java:63)
	at org.mozilla.javascript.gen._cmd__301._c_anonymous_22(<cmd>:280)
	at org.mozilla.javascript.gen._cmd__301.call(<cmd>)
	at org.mozilla.javascript.ContextFactory.doTopCall(ContextFactory.java:399)
	at org.mozilla.javascript.ScriptRuntime.doTopCall(ScriptRuntime.java:3452)
	at org.mozilla.javascript.gen._cmd__301.call(<cmd>)
	at org.mozilla.javascript.JavaAdapter.doCall(JavaAdapter.java:606)
	at org.mozilla.javascript.JavaAdapter.access$000(JavaAdapter.java:15)
	at org.mozilla.javascript.JavaAdapter$1.run(JavaAdapter.java:586)
	at org.mozilla.javascript.Context.call(Context.java:526)
	at org.mozilla.javascript.ContextFactory.call(ContextFactory.java:509)
	at org.mozilla.javascript.JavaAdapter.callMethod(JavaAdapter.java:583)
	at adapter4.execute(<adapter>)
	at com.galenframework.TestRunnable.runTest(TestRunnable.java:75)
	at com.galenframework.TestRunnable.run(TestRunnable.java:101)
	at java.util.concurrent.ThreadPoolExecutor.runWorker(ThreadPoolExecutor.java:1149)
	at java.util.concurrent.ThreadPoolExecutor$Worker.run(ThreadPoolExecutor.java:624)
	at java.lang.Thread.run(Thread.java:748)
After test event for: Test A
Retry handler invoked for test: Test A
Before test event for: Test B
========================================
Test: Test B
========================================
Test B invoked
org.mozilla.javascript.JavaScriptException: Error (/home/travis/build/failed/galenframework/galen/galen-core/target/test-classes/js-tests/testretry.test.js#38)
	at org.mozilla.javascript.gen._home_travis_build_failed_galenframework_galen_galen_core_target_test_classes_js_tests_testretry_test_js_304._c_anonymous_7(/home/travis/build/failed/galenframework/galen/galen-core/target/test-classes/js-tests/testretry.test.js:38)
	at org.mozilla.javascript.gen._home_travis_build_failed_galenframework_galen_galen_core_target_test_classes_js_tests_testretry_test_js_304.call(/home/travis/build/failed/galenframework/galen/galen-core/target/test-classes/js-tests/testretry.test.js)
	at org.mozilla.javascript.ScriptRuntime.applyOrCall(ScriptRuntime.java:2697)
	at org.mozilla.javascript.BaseFunction.execIdCall(BaseFunction.java:287)
	at org.mozilla.javascript.IdFunctionObject.call(IdFunctionObject.java:101)
	at org.mozilla.javascript.optimizer.OptRuntime.call1(OptRuntime.java:32)
	at org.mozilla.javascript.gen._cmd__301._c_invokeFunc_2(<cmd>:31)
	at org.mozilla.javascript.gen._cmd__301.call(<cmd>)
	at org.mozilla.javascript.optimizer.OptRuntime.callName(OptRuntime.java:63)
	at org.mozilla.javascript.gen._cmd__301._c_anonymous_22(<cmd>:280)
	at org.mozilla.javascript.gen._cmd__301.call(<cmd>)
	at org.mozilla.javascript.ContextFactory.doTopCall(ContextFactory.java:399)
	at org.mozilla.javascript.ScriptRuntime.doTopCall(ScriptRuntime.java:3452)
	at org.mozilla.javascript.gen._cmd__301.call(<cmd>)
	at org.mozilla.javascript.JavaAdapter.doCall(JavaAdapter.java:606)
	at org.mozilla.javascript.JavaAdapter.access$000(JavaAdapter.java:15)
	at org.mozilla.javascript.JavaAdapter$1.run(JavaAdapter.java:586)
	at org.mozilla.javascript.Context.call(Context.java:526)
	at org.mozilla.javascript.ContextFactory.call(ContextFactory.java:509)
	at org.mozilla.javascript.JavaAdapter.callMethod(JavaAdapter.java:583)
	at adapter4.execute(<adapter>)
	at com.galenframework.TestRunnable.runTest(TestRunnable.java:75)
	at com.galenframework.TestRunnable.run(TestRunnable.java:101)
	at java.util.concurrent.ThreadPoolExecutor.runWorker(ThreadPoolExecutor.java:1149)
	at java.util.concurrent.ThreadPoolExecutor$Worker.run(ThreadPoolExecutor.java:624)
	at java.lang.Thread.run(Thread.java:748)
After test event for: Test B
Retry handler invoked for test: Test B
Before test event for: Test B
========================================
Test: Test B
========================================
Test B invoked
org.mozilla.javascript.JavaScriptException: Error (/home/travis/build/failed/galenframework/galen/galen-core/target/test-classes/js-tests/testretry.test.js#38)
	at org.mozilla.javascript.gen._home_travis_build_failed_galenframework_galen_galen_core_target_test_classes_js_tests_testretry_test_js_304._c_anonymous_7(/home/travis/build/failed/galenframework/galen/galen-core/target/test-classes/js-tests/testretry.test.js:38)
	at org.mozilla.javascript.gen._home_travis_build_failed_galenframework_galen_galen_core_target_test_classes_js_tests_testretry_test_js_304.call(/home/travis/build/failed/galenframework/galen/galen-core/target/test-classes/js-tests/testretry.test.js)
	at org.mozilla.javascript.ScriptRuntime.applyOrCall(ScriptRuntime.java:2697)
	at org.mozilla.javascript.BaseFunction.execIdCall(BaseFunction.java:287)
	at org.mozilla.javascript.IdFunctionObject.call(IdFunctionObject.java:101)
	at org.mozilla.javascript.optimizer.OptRuntime.call1(OptRuntime.java:32)
	at org.mozilla.javascript.gen._cmd__301._c_invokeFunc_2(<cmd>:31)
	at org.mozilla.javascript.gen._cmd__301.call(<cmd>)
	at org.mozilla.javascript.optimizer.OptRuntime.callName(OptRuntime.java:63)
	at org.mozilla.javascript.gen._cmd__301._c_anonymous_22(<cmd>:280)
	at org.mozilla.javascript.gen._cmd__301.call(<cmd>)
	at org.mozilla.javascript.ContextFactory.doTopCall(ContextFactory.java:399)
	at org.mozilla.javascript.ScriptRuntime.doTopCall(ScriptRuntime.java:3452)
	at org.mozilla.javascript.gen._cmd__301.call(<cmd>)
	at org.mozilla.javascript.JavaAdapter.doCall(JavaAdapter.java:606)
	at org.mozilla.javascript.JavaAdapter.access$000(JavaAdapter.java:15)
	at org.mozilla.javascript.JavaAdapter$1.run(JavaAdapter.java:586)
	at org.mozilla.javascript.Context.call(Context.java:526)
	at org.mozilla.javascript.ContextFactory.call(ContextFactory.java:509)
	at org.mozilla.javascript.JavaAdapter.callMethod(JavaAdapter.java:583)
	at adapter4.execute(<adapter>)
	at com.galenframework.TestRunnable.runTest(TestRunnable.java:75)
	at com.galenframework.TestRunnable.run(TestRunnable.java:101)
	at java.util.concurrent.ThreadPoolExecutor.runWorker(ThreadPoolExecutor.java:1149)
	at java.util.concurrent.ThreadPoolExecutor$Worker.run(ThreadPoolExecutor.java:624)
	at java.lang.Thread.run(Thread.java:748)
After test event for: Test B
Retry handler invoked for test: Test B
Before test event for: Test B
========================================
Test: Test B
========================================
Test B invoked
org.mozilla.javascript.JavaScriptException: Error (/home/travis/build/failed/galenframework/galen/galen-core/target/test-classes/js-tests/testretry.test.js#38)
	at org.mozilla.javascript.gen._home_travis_build_failed_galenframework_galen_galen_core_target_test_classes_js_tests_testretry_test_js_304._c_anonymous_7(/home/travis/build/failed/galenframework/galen/galen-core/target/test-classes/js-tests/testretry.test.js:38)
	at org.mozilla.javascript.gen._home_travis_build_failed_galenframework_galen_galen_core_target_test_classes_js_tests_testretry_test_js_304.call(/home/travis/build/failed/galenframework/galen/galen-core/target/test-classes/js-tests/testretry.test.js)
	at org.mozilla.javascript.ScriptRuntime.applyOrCall(ScriptRuntime.java:2697)
	at org.mozilla.javascript.BaseFunction.execIdCall(BaseFunction.java:287)
	at org.mozilla.javascript.IdFunctionObject.call(IdFunctionObject.java:101)
	at org.mozilla.javascript.optimizer.OptRuntime.call1(OptRuntime.java:32)
	at org.mozilla.javascript.gen._cmd__301._c_invokeFunc_2(<cmd>:31)
	at org.mozilla.javascript.gen._cmd__301.call(<cmd>)
	at org.mozilla.javascript.optimizer.OptRuntime.callName(OptRuntime.java:63)
	at org.mozilla.javascript.gen._cmd__301._c_anonymous_22(<cmd>:280)
	at org.mozilla.javascript.gen._cmd__301.call(<cmd>)
	at org.mozilla.javascript.ContextFactory.doTopCall(ContextFactory.java:399)
	at org.mozilla.javascript.ScriptRuntime.doTopCall(ScriptRuntime.java:3452)
	at org.mozilla.javascript.gen._cmd__301.call(<cmd>)
	at org.mozilla.javascript.JavaAdapter.doCall(JavaAdapter.java:606)
	at org.mozilla.javascript.JavaAdapter.access$000(JavaAdapter.java:15)
	at org.mozilla.javascript.JavaAdapter$1.run(JavaAdapter.java:586)
	at org.mozilla.javascript.Context.call(Context.java:526)
	at org.mozilla.javascript.ContextFactory.call(ContextFactory.java:509)
	at org.mozilla.javascript.JavaAdapter.callMethod(JavaAdapter.java:583)
	at adapter4.execute(<adapter>)
	at com.galenframework.TestRunnable.runTest(TestRunnable.java:75)
	at com.galenframework.TestRunnable.run(TestRunnable.java:101)
	at java.util.concurrent.ThreadPoolExecutor.runWorker(ThreadPoolExecutor.java:1149)
	at java.util.concurrent.ThreadPoolExecutor$Worker.run(ThreadPoolExecutor.java:624)
	at java.lang.Thread.run(Thread.java:748)
After test event for: Test B
Retry handler invoked for test: Test B
Before test event for: Test C
========================================
Test: Test C
========================================
Test C invoked
After test event for: Test C

========================================
----------------------------------------
========================================
Failed tests:
    Test A
    Test B

Suite status: FAIL
Total tests: 3
Total failed tests: 2
Total failures: 2
After test suite event
========================================
Test: Test B
========================================
Test B invoked
========================================
Test: Test C
========================================
Test C invoked

========================================
----------------------------------------
========================================
Suite status: PASS
Total tests: 2
Total failed tests: 0
Total failures: 0
========================================
Test: Test A
========================================
Test A invoked
========================================
Test: Test B
========================================
Test B invoked
========================================
Test: Test C
========================================
Test C invoked

========================================
----------------------------------------
========================================
Suite status: PASS
Total tests: 3
Total failed tests: 0
Total failures: 0
========================================
Test: Test A
========================================
Test A invoked
========================================
Test: Test D
========================================
Test D invoked

========================================
----------------------------------------
========================================
Suite status: PASS
Total tests: 2
Total failed tests: 0
Total failures: 0
========================================
Test: Test 1 with filter one
========================================
========================================
Test: Test 1 with filter two
========================================
========================================
Test: Test 2 with filter
========================================

========================================
----------------------------------------
========================================
Suite status: PASS
Total tests: 3
Total failed tests: 0
Total failures: 0
Before test suite
Before test: Test number 1
========================================
Test: Test number 1
========================================
Test #1 was invoked
After test: Test number 1
Before test: Test number 2
========================================
Test: Test number 2
========================================
Test #2 was invoked
After test: Test number 2

========================================
----------------------------------------
========================================
Suite status: PASS
Total tests: 2
Total failed tests: 0
Total failures: 0
After test suite
========================================
Test: Test number 1
========================================
Test #1 was invoked
========================================
Test: Test number 2
========================================
Test #2 was invoked
org.mozilla.javascript.EcmaError: ReferenceError: "Exception" is not defined. (/home/travis/build/failed/galenframework/galen/galen-core/target/test-classes/js-tests/simple-with-error.test.js#10)
	at org.mozilla.javascript.ScriptRuntime.constructError(ScriptRuntime.java:4142)
	at org.mozilla.javascript.ScriptRuntime.constructError(ScriptRuntime.java:4120)
	at org.mozilla.javascript.ScriptRuntime.notFoundError(ScriptRuntime.java:4210)
	at org.mozilla.javascript.ScriptRuntime.name(ScriptRuntime.java:1886)
	at org.mozilla.javascript.gen._home_travis_build_failed_galenframework_galen_galen_core_target_test_classes_js_tests_simple_with_error_test_js_423._c_anonymous_2(/home/travis/build/failed/galenframework/galen/galen-core/target/test-classes/js-tests/simple-with-error.test.js:10)
	at org.mozilla.javascript.gen._home_travis_build_failed_galenframework_galen_galen_core_target_test_classes_js_tests_simple_with_error_test_js_423.call(/home/travis/build/failed/galenframework/galen/galen-core/target/test-classes/js-tests/simple-with-error.test.js)
	at org.mozilla.javascript.ScriptRuntime.applyOrCall(ScriptRuntime.java:2697)
	at org.mozilla.javascript.BaseFunction.execIdCall(BaseFunction.java:287)
	at org.mozilla.javascript.IdFunctionObject.call(IdFunctionObject.java:101)
	at org.mozilla.javascript.optimizer.OptRuntime.call1(OptRuntime.java:32)
	at org.mozilla.javascript.gen._cmd__420._c_invokeFunc_2(<cmd>:31)
	at org.mozilla.javascript.gen._cmd__420.call(<cmd>)
	at org.mozilla.javascript.optimizer.OptRuntime.callName(OptRuntime.java:63)
	at org.mozilla.javascript.gen._cmd__420._c_anonymous_22(<cmd>:280)
	at org.mozilla.javascript.gen._cmd__420.call(<cmd>)
	at org.mozilla.javascript.ContextFactory.doTopCall(ContextFactory.java:399)
	at org.mozilla.javascript.ScriptRuntime.doTopCall(ScriptRuntime.java:3452)
	at org.mozilla.javascript.gen._cmd__420.call(<cmd>)
	at org.mozilla.javascript.JavaAdapter.doCall(JavaAdapter.java:606)
	at org.mozilla.javascript.JavaAdapter.access$000(JavaAdapter.java:15)
	at org.mozilla.javascript.JavaAdapter$1.run(JavaAdapter.java:586)
	at org.mozilla.javascript.Context.call(Context.java:526)
	at org.mozilla.javascript.ContextFactory.call(ContextFactory.java:509)
	at org.mozilla.javascript.JavaAdapter.callMethod(JavaAdapter.java:583)
	at adapter1.execute(<adapter>)
	at com.galenframework.TestRunnable.runTest(TestRunnable.java:75)
	at com.galenframework.TestRunnable.run(TestRunnable.java:101)
	at java.util.concurrent.ThreadPoolExecutor.runWorker(ThreadPoolExecutor.java:1149)
	at java.util.concurrent.ThreadPoolExecutor$Worker.run(ThreadPoolExecutor.java:624)
	at java.lang.Thread.run(Thread.java:748)
========================================
Test: Test number 3
========================================
Test #3 was invoked

========================================
----------------------------------------
========================================
Failed tests:
    Test number 2

Suite status: FAIL
Total tests: 3
Total failed tests: 1
Total failures: 1
========================================
Test: Test 1
========================================
Test #1 was invoked

========================================
----------------------------------------
========================================
Suite status: PASS
Total tests: 1
Total failed tests: 0
Total failures: 0
java.lang.ArrayIndexOutOfBoundsException: 2
	at java.util.Arrays$ArrayList.get(Arrays.java:3841)
	at com.galenframework.components.mocks.driver.MockedDriver.executeScript(MockedDriver.java:243)
	at com.galenframework.utils.GalenUtils.resizeScreenshotIfNeeded(GalenUtils.java:191)
	at com.galenframework.utils.GalenUtils.takeScreenshot(GalenUtils.java:321)
	at com.galenframework.page.selenium.SeleniumPage.makeSimpleScreenshot(SeleniumPage.java:182)
	at com.galenframework.page.selenium.SeleniumPage.createNewScreenshot(SeleniumPage.java:175)
	at com.galenframework.page.selenium.SeleniumPage.getScreenshotFile(SeleniumPage.java:164)
	at com.galenframework.api.GalenPageDump.exportAllScreenshots(GalenPageDump.java:173)
	at com.galenframework.api.GalenPageDump.dumpPage(GalenPageDump.java:121)
	at com.galenframework.api.GalenPageDump.dumpPage(GalenPageDump.java:74)
	at com.galenframework.suite.actions.GalenPageActionDumpPage.execute(GalenPageActionDumpPage.java:59)
	at com.galenframework.tests.action.GalenPageActionDumpPageTest.shouldCreate_pageDump(GalenPageActionDumpPageTest.java:50)
	at sun.reflect.NativeMethodAccessorImpl.invoke0(Native Method)
	at sun.reflect.NativeMethodAccessorImpl.invoke(NativeMethodAccessorImpl.java:62)
	at sun.reflect.DelegatingMethodAccessorImpl.invoke(DelegatingMethodAccessorImpl.java:43)
	at java.lang.reflect.Method.invoke(Method.java:498)
	at org.testng.internal.MethodInvocationHelper.invokeMethod(MethodInvocationHelper.java:80)
	at org.testng.internal.Invoker.invokeMethod(Invoker.java:715)
	at org.testng.internal.Invoker.invokeTestMethod(Invoker.java:907)
	at org.testng.internal.Invoker.invokeTestMethods(Invoker.java:1237)
	at org.testng.internal.TestMethodWorker.invokeTestMethods(TestMethodWorker.java:127)
	at org.testng.internal.TestMethodWorker.run(TestMethodWorker.java:111)
	at org.testng.TestRunner.privateRun(TestRunner.java:767)
	at org.testng.TestRunner.run(TestRunner.java:617)
	at org.testng.SuiteRunner.runTest(SuiteRunner.java:334)
	at org.testng.SuiteRunner.runSequentially(SuiteRunner.java:329)
	at org.testng.SuiteRunner.privateRun(SuiteRunner.java:291)
	at org.testng.SuiteRunner.run(SuiteRunner.java:240)
	at org.testng.SuiteRunnerWorker.runSuite(SuiteRunnerWorker.java:51)
	at org.testng.SuiteRunnerWorker.run(SuiteRunnerWorker.java:85)
	at org.testng.TestNG.runSuitesSequentially(TestNG.java:1197)
	at org.testng.TestNG.runSuitesLocally(TestNG.java:1122)
	at org.testng.TestNG.run(TestNG.java:1030)
	at org.apache.maven.surefire.testng.TestNGExecutor.run(TestNGExecutor.java:132)
	at org.apache.maven.surefire.testng.TestNGDirectoryTestSuite.executeMulti(TestNGDirectoryTestSuite.java:224)
	at org.apache.maven.surefire.testng.TestNGDirectoryTestSuite.execute(TestNGDirectoryTestSuite.java:113)
	at org.apache.maven.surefire.testng.TestNGProvider.invoke(TestNGProvider.java:146)
	at org.apache.maven.surefire.booter.ForkedBooter.invokeProviderInSameClassLoader(ForkedBooter.java:286)
	at org.apache.maven.surefire.booter.ForkedBooter.runSuitesInProcess(ForkedBooter.java:240)
	at org.apache.maven.surefire.booter.ForkedBooter.main(ForkedBooter.java:121)
[main] ERROR com.galenframework.validation.specs.SpecValidationImage - Unknown errors during image check.
java.lang.IllegalArgumentException: input == null!
	at javax.imageio.ImageIO.read(ImageIO.java:1348)
	at com.galenframework.rainbow4j.Rainbow4J.loadImage(Rainbow4J.java:374)
	at com.galenframework.validation.specs.SpecValidationImage.checkImages(SpecValidationImage.java:178)
	at com.galenframework.validation.specs.SpecValidationImage.check(SpecValidationImage.java:112)
	at com.galenframework.validation.specs.SpecValidationImage.check(SpecValidationImage.java:43)
	at com.galenframework.validation.PageValidation.check(PageValidation.java:70)
	at com.galenframework.validation.PageValidation.check(PageValidation.java:60)
	at com.galenframework.tests.validation.ValidationTestBase.shouldGiveError(ValidationTestBase.java:74)
	at sun.reflect.NativeMethodAccessorImpl.invoke0(Native Method)
	at sun.reflect.NativeMethodAccessorImpl.invoke(NativeMethodAccessorImpl.java:62)
	at sun.reflect.DelegatingMethodAccessorImpl.invoke(DelegatingMethodAccessorImpl.java:43)
	at java.lang.reflect.Method.invoke(Method.java:498)
	at org.testng.internal.MethodInvocationHelper.invokeMethod(MethodInvocationHelper.java:80)
	at org.testng.internal.Invoker.invokeMethod(Invoker.java:715)
	at org.testng.internal.Invoker.invokeTestMethod(Invoker.java:907)
	at org.testng.internal.Invoker.invokeTestMethods(Invoker.java:1237)
	at org.testng.internal.TestMethodWorker.invokeTestMethods(TestMethodWorker.java:127)
	at org.testng.internal.TestMethodWorker.run(TestMethodWorker.java:111)
	at org.testng.TestRunner.privateRun(TestRunner.java:767)
	at org.testng.TestRunner.run(TestRunner.java:617)
	at org.testng.SuiteRunner.runTest(SuiteRunner.java:334)
	at org.testng.SuiteRunner.runSequentially(SuiteRunner.java:329)
	at org.testng.SuiteRunner.privateRun(SuiteRunner.java:291)
	at org.testng.SuiteRunner.run(SuiteRunner.java:240)
	at org.testng.SuiteRunnerWorker.runSuite(SuiteRunnerWorker.java:51)
	at org.testng.SuiteRunnerWorker.run(SuiteRunnerWorker.java:85)
	at org.testng.TestNG.runSuitesSequentially(TestNG.java:1197)
	at org.testng.TestNG.runSuitesLocally(TestNG.java:1122)
	at org.testng.TestNG.run(TestNG.java:1030)
	at org.apache.maven.surefire.testng.TestNGExecutor.run(TestNGExecutor.java:132)
	at org.apache.maven.surefire.testng.TestNGDirectoryTestSuite.executeMulti(TestNGDirectoryTestSuite.java:224)
	at org.apache.maven.surefire.testng.TestNGDirectoryTestSuite.execute(TestNGDirectoryTestSuite.java:113)
	at org.apache.maven.surefire.testng.TestNGProvider.invoke(TestNGProvider.java:146)
	at org.apache.maven.surefire.booter.ForkedBooter.invokeProviderInSameClassLoader(ForkedBooter.java:286)
	at org.apache.maven.surefire.booter.ForkedBooter.runSuitesInProcess(ForkedBooter.java:240)
	at org.apache.maven.surefire.booter.ForkedBooter.main(ForkedBooter.java:121)
Loaded script from 1 file
Loaded script from 2 file
java.lang.ArrayIndexOutOfBoundsException: 2
	at java.util.Arrays$ArrayList.get(Arrays.java:3841)
	at com.galenframework.components.mocks.driver.MockedDriver.executeScript(MockedDriver.java:243)
	at com.galenframework.utils.GalenUtils.resizeScreenshotIfNeeded(GalenUtils.java:191)
	at com.galenframework.utils.GalenUtils.takeScreenshot(GalenUtils.java:321)
	at com.galenframework.page.selenium.SeleniumPage.makeSimpleScreenshot(SeleniumPage.java:182)
	at com.galenframework.page.selenium.SeleniumPage.createNewScreenshot(SeleniumPage.java:175)
	at com.galenframework.page.selenium.SeleniumPage.getScreenshotFile(SeleniumPage.java:164)
	at com.galenframework.api.GalenPageDump.exportAllScreenshots(GalenPageDump.java:173)
	at com.galenframework.api.GalenPageDump.dumpPage(GalenPageDump.java:121)
	at com.galenframework.api.GalenPageDump.dumpPage(GalenPageDump.java:65)
	at com.galenframework.tests.api.GalenTest.dumpPage_shouldOnlyStoreScreenshots_thatAreLessThan_theMaxAllowed(GalenTest.java:139)
	at sun.reflect.NativeMethodAccessorImpl.invoke0(Native Method)
	at sun.reflect.NativeMethodAccessorImpl.invoke(NativeMethodAccessorImpl.java:62)
	at sun.reflect.DelegatingMethodAccessorImpl.invoke(DelegatingMethodAccessorImpl.java:43)
	at java.lang.reflect.Method.invoke(Method.java:498)
	at org.testng.internal.MethodInvocationHelper.invokeMethod(MethodInvocationHelper.java:80)
	at org.testng.internal.Invoker.invokeMethod(Invoker.java:715)
	at org.testng.internal.Invoker.invokeTestMethod(Invoker.java:907)
	at org.testng.internal.Invoker.invokeTestMethods(Invoker.java:1237)
	at org.testng.internal.TestMethodWorker.invokeTestMethods(TestMethodWorker.java:127)
	at org.testng.internal.TestMethodWorker.run(TestMethodWorker.java:111)
	at org.testng.TestRunner.privateRun(TestRunner.java:767)
	at org.testng.TestRunner.run(TestRunner.java:617)
	at org.testng.SuiteRunner.runTest(SuiteRunner.java:334)
	at org.testng.SuiteRunner.runSequentially(SuiteRunner.java:329)
	at org.testng.SuiteRunner.privateRun(SuiteRunner.java:291)
	at org.testng.SuiteRunner.run(SuiteRunner.java:240)
	at org.testng.SuiteRunnerWorker.runSuite(SuiteRunnerWorker.java:51)
	at org.testng.SuiteRunnerWorker.run(SuiteRunnerWorker.java:85)
	at org.testng.TestNG.runSuitesSequentially(TestNG.java:1197)
	at org.testng.TestNG.runSuitesLocally(TestNG.java:1122)
	at org.testng.TestNG.run(TestNG.java:1030)
	at org.apache.maven.surefire.testng.TestNGExecutor.run(TestNGExecutor.java:132)
	at org.apache.maven.surefire.testng.TestNGDirectoryTestSuite.executeMulti(TestNGDirectoryTestSuite.java:224)
	at org.apache.maven.surefire.testng.TestNGDirectoryTestSuite.execute(TestNGDirectoryTestSuite.java:113)
	at org.apache.maven.surefire.testng.TestNGProvider.invoke(TestNGProvider.java:146)
	at org.apache.maven.surefire.booter.ForkedBooter.invokeProviderInSameClassLoader(ForkedBooter.java:286)
	at org.apache.maven.surefire.booter.ForkedBooter.runSuitesInProcess(ForkedBooter.java:240)
	at org.apache.maven.surefire.booter.ForkedBooter.main(ForkedBooter.java:121)
java.lang.ArrayIndexOutOfBoundsException: 2
	at java.util.Arrays$ArrayList.get(Arrays.java:3841)
	at com.galenframework.components.mocks.driver.MockedDriver.executeScript(MockedDriver.java:243)
	at com.galenframework.utils.GalenUtils.resizeScreenshotIfNeeded(GalenUtils.java:191)
	at com.galenframework.utils.GalenUtils.takeScreenshot(GalenUtils.java:321)
	at com.galenframework.page.selenium.SeleniumPage.makeSimpleScreenshot(SeleniumPage.java:182)
	at com.galenframework.page.selenium.SeleniumPage.createNewScreenshot(SeleniumPage.java:175)
	at com.galenframework.page.selenium.SeleniumPage.getScreenshotFile(SeleniumPage.java:164)
	at com.galenframework.api.GalenPageDump.exportAllScreenshots(GalenPageDump.java:173)
	at com.galenframework.api.GalenPageDump.dumpPage(GalenPageDump.java:121)
	at com.galenframework.api.GalenPageDump.dumpPage(GalenPageDump.java:65)
	at com.galenframework.tests.api.GalenTest.dumpPage_shouldOnlyStoreScreenshots_withoutHtmlReport(GalenTest.java:171)
	at sun.reflect.NativeMethodAccessorImpl.invoke0(Native Method)
	at sun.reflect.NativeMethodAccessorImpl.invoke(NativeMethodAccessorImpl.java:62)
	at sun.reflect.DelegatingMethodAccessorImpl.invoke(DelegatingMethodAccessorImpl.java:43)
	at java.lang.reflect.Method.invoke(Method.java:498)
	at org.testng.internal.MethodInvocationHelper.invokeMethod(MethodInvocationHelper.java:80)
	at org.testng.internal.Invoker.invokeMethod(Invoker.java:715)
	at org.testng.internal.Invoker.invokeTestMethod(Invoker.java:907)
	at org.testng.internal.Invoker.invokeTestMethods(Invoker.java:1237)
	at org.testng.internal.TestMethodWorker.invokeTestMethods(TestMethodWorker.java:127)
	at org.testng.internal.TestMethodWorker.run(TestMethodWorker.java:111)
	at org.testng.TestRunner.privateRun(TestRunner.java:767)
	at org.testng.TestRunner.run(TestRunner.java:617)
	at org.testng.SuiteRunner.runTest(SuiteRunner.java:334)
	at org.testng.SuiteRunner.runSequentially(SuiteRunner.java:329)
	at org.testng.SuiteRunner.privateRun(SuiteRunner.java:291)
	at org.testng.SuiteRunner.run(SuiteRunner.java:240)
	at org.testng.SuiteRunnerWorker.runSuite(SuiteRunnerWorker.java:51)
	at org.testng.SuiteRunnerWorker.run(SuiteRunnerWorker.java:85)
	at org.testng.TestNG.runSuitesSequentially(TestNG.java:1197)
	at org.testng.TestNG.runSuitesLocally(TestNG.java:1122)
	at org.testng.TestNG.run(TestNG.java:1030)
	at org.apache.maven.surefire.testng.TestNGExecutor.run(TestNGExecutor.java:132)
	at org.apache.maven.surefire.testng.TestNGDirectoryTestSuite.executeMulti(TestNGDirectoryTestSuite.java:224)
	at org.apache.maven.surefire.testng.TestNGDirectoryTestSuite.execute(TestNGDirectoryTestSuite.java:113)
	at org.apache.maven.surefire.testng.TestNGProvider.invoke(TestNGProvider.java:146)
	at org.apache.maven.surefire.booter.ForkedBooter.invokeProviderInSameClassLoader(ForkedBooter.java:286)
	at org.apache.maven.surefire.booter.ForkedBooter.runSuitesInProcess(ForkedBooter.java:240)
	at org.apache.maven.surefire.booter.ForkedBooter.main(ForkedBooter.java:121)
Tests run: 862, Failures: 2, Errors: 0, Skipped: 0, Time elapsed: 16.818 sec <<< FAILURE! - in TestSuite
shouldGiveError(com.galenframework.tests.validation.InsideValidationTest)  Time elapsed: 0.024 sec  <<< FAILURE!
java.lang.AssertionError: 

Expected: is <com.galenframework.validation.ValidationResult@78181f7f[objects=[Object{name=object, area=Rect{left: 30, top: 5, w: 10, h: 50}}, Object{name=container, area=Rect{left: 0, top: 0, w: 50, h: 120}}],error=Error{["object" is 60% [30px] left instead of 20% [10px]], onlyWarn=false},childValidationResults=<null>,meta=<null>]>
     but: was <com.galenframework.validation.ValidationResult@27f7db5a[objects=[Object{name=object, area=Rect{left: 30, top: 5, w: 10, h: 50}}, Object{name=container, area=Rect{left: 0, top: 0, w: 50, h: 120}}],error=Error{["object" is 60% [30px] left instead of 20%], onlyWarn=false},childValidationResults=<null>,meta=[com.galenframework.reports.model.LayoutMeta@6245303e[from=com.galenframework.reports.model.LayoutMeta$ObjectEdge@5a1e28ee[object=object,edge=left],to=com.galenframework.reports.model.LayoutMeta$ObjectEdge@2b208574[object=container,edge=left],expectedDistance=20%,realDistance=60% [30px]]]]>

shouldGiveError(com.galenframework.tests.validation.InsideValidationTest)  Time elapsed: 0 sec  <<< FAILURE!
java.lang.AssertionError: 

Expected: is <com.galenframework.validation.ValidationResult@20309365[objects=[Object{name=object, area=Rect{left: 30, top: 5, w: 10, h: 50}}, Object{name=container, area=Rect{left: 0, top: 0, w: 50, h: 120}}],error=Error{["object" is 60% [30px] left which is not in range of 20 to 40% [10 to 20px]], onlyWarn=false},childValidationResults=<null>,meta=<null>]>
     but: was <com.galenframework.validation.ValidationResult@7306f65f[objects=[Object{name=object, area=Rect{left: 30, top: 5, w: 10, h: 50}}, Object{name=container, area=Rect{left: 0, top: 0, w: 50, h: 120}}],error=Error{["object" is 60% [30px] left which is not in range of 20 to 40%], onlyWarn=false},childValidationResults=<null>,meta=[com.galenframework.reports.model.LayoutMeta@50ade311[from=com.galenframework.reports.model.LayoutMeta$ObjectEdge@191d69a[object=object,edge=left],to=com.galenframework.reports.model.LayoutMeta$ObjectEdge@251ed676[object=container,edge=left],expectedDistance=20 to 40%,realDistance=60% [30px]]]]>


Results :

Failed tests: 
com.galenframework.tests.validation.InsideValidationTest.shouldGiveError(com.galenframework.tests.validation.InsideValidationTest)
  Run 1: PASS
  Run 2: PASS
  Run 3: PASS
  Run 4: PASS
  Run 5: PASS
  Run 6: PASS
  Run 7: PASS
  Run 8: PASS
  Run 9: PASS
  Run 10: PASS
  Run 11: PASS
  Run 12: PASS
  Run 13: InsideValidationTest>ValidationTestBase.shouldGiveError:75 
Expected: is <com.galenframework.validation.ValidationResult@78181f7f[objects=[Object{name=object, area=Rect{left: 30, top: 5, w: 10, h: 50}}, Object{name=container, area=Rect{left: 0, top: 0, w: 50, h: 120}}],error=Error{["object" is 60% [30px] left instead of 20% [10px]], onlyWarn=false},childValidationResults=<null>,meta=<null>]>
     but: was <com.galenframework.validation.ValidationResult@27f7db5a[objects=[Object{name=object, area=Rect{left: 30, top: 5, w: 10, h: 50}}, Object{name=container, area=Rect{left: 0, top: 0, w: 50, h: 120}}],error=Error{["object" is 60% [30px] left instead of 20%], onlyWarn=false},childValidationResults=<null>,meta=[com.galenframework.reports.model.LayoutMeta@6245303e[from=com.galenframework.reports.model.LayoutMeta$ObjectEdge@5a1e28ee[object=object,edge=left],to=com.galenframework.reports.model.LayoutMeta$ObjectEdge@2b208574[object=container,edge=left],expectedDistance=20%,realDistance=60% [30px]]]]>
  Run 14: InsideValidationTest>ValidationTestBase.shouldGiveError:75 
Expected: is <com.galenframework.validation.ValidationResult@20309365[objects=[Object{name=object, area=Rect{left: 30, top: 5, w: 10, h: 50}}, Object{name=container, area=Rect{left: 0, top: 0, w: 50, h: 120}}],error=Error{["object" is 60% [30px] left which is not in range of 20 to 40% [10 to 20px]], onlyWarn=false},childValidationResults=<null>,meta=<null>]>
     but: was <com.galenframework.validation.ValidationResult@7306f65f[objects=[Object{name=object, area=Rect{left: 30, top: 5, w: 10, h: 50}}, Object{name=container, area=Rect{left: 0, top: 0, w: 50, h: 120}}],error=Error{["object" is 60% [30px] left which is not in range of 20 to 40%], onlyWarn=false},childValidationResults=<null>,meta=[com.galenframework.reports.model.LayoutMeta@50ade311[from=com.galenframework.reports.model.LayoutMeta$ObjectEdge@191d69a[object=object,edge=left],to=com.galenframework.reports.model.LayoutMeta$ObjectEdge@251ed676[object=container,edge=left],expectedDistance=20 to 40%,realDistance=60% [30px]]]]>
  Run 15: PASS
  Run 16: PASS
  Run 17: PASS
  Run 18: PASS


Tests run: 845, Failures: 1, Errors: 0, Skipped: 0

[INFO] ------------------------------------------------------------------------
[INFO] Reactor Summary:
[INFO] 
[INFO] Galen Framework Parent ............................. SUCCESS [  0.003 s]
[INFO] Galen Framework Rainbow4J .......................... SUCCESS [  7.344 s]
[INFO] Galen Framework Core ............................... FAILURE [ 21.835 s]
[INFO] Galen Framework Support for Java Test Frameworks ... SKIPPED
[INFO] Galen Framework Integration tests .................. SKIPPED
[INFO] Distribution module for Galen Framework ............ SKIPPED
[INFO] ------------------------------------------------------------------------
[INFO] BUILD FAILURE
[INFO] ------------------------------------------------------------------------
[INFO] Total time: 29.356 s
[INFO] Finished at: 2022-01-22T12:45:44Z
[INFO] Final Memory: 21M/611M
[INFO] ------------------------------------------------------------------------
[ERROR] Failed to execute goal org.apache.maven.plugins:maven-surefire-plugin:2.19:test (default-test) on project galen-core: There are test failures.
[ERROR] 
[ERROR] Please refer to /home/travis/build/failed/galenframework/galen/galen-core/target/surefire-reports for the individual test results.
[ERROR] -> [Help 1]
[ERROR] 
[ERROR] To see the full stack trace of the errors, re-run Maven with the -e switch.
[ERROR] Re-run Maven using the -X switch to enable full debug logging.
[ERROR] 
[ERROR] For more information about the errors and possible solutions, please read the following articles:
[ERROR] [Help 1] http://cwiki.apache.org/confluence/display/MAVEN/MojoFailureException
[ERROR] 
[ERROR] After correcting the problems, you can resume the build with the command
[ERROR]   mvn <goals> -rf :galen-core

travis_time:end:0ddf3b14:start=1642855513778419802,finish=1642855544748941359,duration=30970521557[0K
[31;1mThe command "mvn -o verify -Dhttps.protocols=TLSv1.2 -Dgpg.skip=true -Dgalen.use.fail.exit.code=false -Dwebdriver.gecko.driver=$PWD/geckodriver/geckodriver" exited with 1.[0m
travis_fold:start:after_failure[0Ktravis_time:start:114757a0[0K$ find . -name "TestSuite.txt" | xargs cat
-------------------------------------------------------------------------------
Test set: TestSuite
-------------------------------------------------------------------------------
Tests run: 862, Failures: 2, Errors: 0, Skipped: 0, Time elapsed: 16.818 sec <<< FAILURE! - in TestSuite
shouldGiveError(com.galenframework.tests.validation.InsideValidationTest)  Time elapsed: 0.024 sec  <<< FAILURE!
java.lang.AssertionError: 

Expected: is <com.galenframework.validation.ValidationResult@78181f7f[objects=[Object{name=object, area=Rect{left: 30, top: 5, w: 10, h: 50}}, Object{name=container, area=Rect{left: 0, top: 0, w: 50, h: 120}}],error=Error{["object" is 60% [30px] left instead of 20% [10px]], onlyWarn=false},childValidationResults=<null>,meta=<null>]>
     but: was <com.galenframework.validation.ValidationResult@27f7db5a[objects=[Object{name=object, area=Rect{left: 30, top: 5, w: 10, h: 50}}, Object{name=container, area=Rect{left: 0, top: 0, w: 50, h: 120}}],error=Error{["object" is 60% [30px] left instead of 20%], onlyWarn=false},childValidationResults=<null>,meta=[com.galenframework.reports.model.LayoutMeta@6245303e[from=com.galenframework.reports.model.LayoutMeta$ObjectEdge@5a1e28ee[object=object,edge=left],to=com.galenframework.reports.model.LayoutMeta$ObjectEdge@2b208574[object=container,edge=left],expectedDistance=20%,realDistance=60% [30px]]]]>

shouldGiveError(com.galenframework.tests.validation.InsideValidationTest)  Time elapsed: 0 sec  <<< FAILURE!
java.lang.AssertionError: 

Expected: is <com.galenframework.validation.ValidationResult@20309365[objects=[Object{name=object, area=Rect{left: 30, top: 5, w: 10, h: 50}}, Object{name=container, area=Rect{left: 0, top: 0, w: 50, h: 120}}],error=Error{["object" is 60% [30px] left which is not in range of 20 to 40% [10 to 20px]], onlyWarn=false},childValidationResults=<null>,meta=<null>]>
     but: was <com.galenframework.validation.ValidationResult@7306f65f[objects=[Object{name=object, area=Rect{left: 30, top: 5, w: 10, h: 50}}, Object{name=container, area=Rect{left: 0, top: 0, w: 50, h: 120}}],error=Error{["object" is 60% [30px] left which is not in range of 20 to 40%], onlyWarn=false},childValidationResults=<null>,meta=[com.galenframework.reports.model.LayoutMeta@50ade311[from=com.galenframework.reports.model.LayoutMeta$ObjectEdge@191d69a[object=object,edge=left],to=com.galenframework.reports.model.LayoutMeta$ObjectEdge@251ed676[object=container,edge=left],expectedDistance=20 to 40%,realDistance=60% [30px]]]]>


travis_time:end:114757a0:start=1642855544763153928,finish=1642855544949666809,duration=186512881[0Ktravis_fold:end:after_failure[0K
Done. Your build exited with 1.
