travis_time:start:074b5120[0Ktravis_time:end:074b5120:start=1622255505975746028,finish=1622255506337073404,duration=361327376,event=no_world_writable_dirs[0Ktravis_time:start:0a4e3126[0Ktravis_time:end:0a4e3126:start=1622255506344997917,finish=1622255506350661045,duration=5663128,event=check_unsupported[0Ktravis_time:start:19a848d6[0Ktravis_fold:start:system_info[0K[33;1mBuild system information[0m
Build language: node_js
Build group: stable
Build dist: trusty
Build id: ''
Job id: ''
Runtime kernel version: 4.15.0-109-generic
[34m[1mBuild image provisioning date and time[0m
Tue Dec  5 20:11:19 UTC 2017
[34m[1mOperating System Details[0m
Distributor ID:	Ubuntu
Description:	Ubuntu 14.04.5 LTS
Release:	14.04
Codename:	trusty
[34m[1mCookbooks Version[0m
7c2c6a6 https://github.com/travis-ci/travis-cookbooks/tree/7c2c6a6
[34m[1mgit version[0m
git version 2.15.1
[34m[1mbash version[0m
GNU bash, version 4.3.11(1)-release (x86_64-pc-linux-gnu)
[34m[1mgcc version[0m
gcc (Ubuntu 4.8.4-2ubuntu1~14.04.3) 4.8.4
Copyright (C) 2013 Free Software Foundation, Inc.
This is free software; see the source for copying conditions.  There is NO
warranty; not even for MERCHANTABILITY or FITNESS FOR A PARTICULAR PURPOSE.

[34m[1mdocker version[0m
Client:
 Version:      17.09.0-ce
 API version:  1.32
 Go version:   go1.8.3
 Git commit:   afdb6d4
 Built:        Tue Sep 26 22:39:28 2017
 OS/Arch:      linux/amd64
[34m[1mclang version[0m
clang version 5.0.0 (tags/RELEASE_500/final)
Target: x86_64-unknown-linux-gnu
Thread model: posix
InstalledDir: /usr/local/clang-5.0.0/bin
[34m[1mjq version[0m
jq-1.5
[34m[1mbats version[0m
Bats 0.4.0
[34m[1mshellcheck version[0m
0.4.6
[34m[1mshfmt version[0m
v2.0.0
[34m[1mccache version[0m
ccache version 3.1.9

Copyright (C) 2002-2007 Andrew Tridgell
Copyright (C) 2009-2011 Joel Rosdahl

This program is free software; you can redistribute it and/or modify it under
the terms of the GNU General Public License as published by the Free Software
Foundation; either version 3 of the License, or (at your option) any later
version.
[34m[1mcmake version[0m
cmake version 3.9.2

CMake suite maintained and supported by Kitware (kitware.com/cmake).
[34m[1mheroku version[0m
heroku-cli/6.14.39-addc925 (linux-x64) node-v9.2.0
[34m[1mimagemagick version[0m
Version: ImageMagick 6.7.7-10 2017-07-31 Q16 http://www.imagemagick.org
[34m[1mmd5deep version[0m
4.2
[34m[1mmercurial version[0m
Mercurial Distributed SCM (version 4.2.2)
(see https://mercurial-scm.org for more information)

Copyright (C) 2005-2017 Matt Mackall and others
This is free software; see the source for copying conditions. There is NO
warranty; not even for MERCHANTABILITY or FITNESS FOR A PARTICULAR PURPOSE.
[34m[1mmysql version[0m
mysql  Ver 14.14 Distrib 5.6.33, for debian-linux-gnu (x86_64) using  EditLine wrapper
[34m[1mopenssl version[0m
OpenSSL 1.0.1f 6 Jan 2014
[34m[1mpacker version[0m
Packer v1.0.2

Your version of Packer is out of date! The latest version
is 1.1.2. You can update by downloading from www.packer.io
[34m[1mpostgresql client version[0m
psql (PostgreSQL) 9.6.6
[34m[1mragel version[0m
Ragel State Machine Compiler version 6.8 Feb 2013
Copyright (c) 2001-2009 by Adrian Thurston
[34m[1msubversion version[0m
svn, version 1.8.8 (r1568071)
   compiled Aug 10 2017, 17:20:39 on x86_64-pc-linux-gnu

Copyright (C) 2013 The Apache Software Foundation.
This software consists of contributions made by many people;
see the NOTICE file for more information.
Subversion is open source software, see http://subversion.apache.org/

The following repository access (RA) modules are available:

* ra_svn : Module for accessing a repository using the svn network protocol.
  - with Cyrus SASL authentication
  - handles 'svn' scheme
* ra_local : Module for accessing a repository on local disk.
  - handles 'file' scheme
* ra_serf : Module for accessing a repository via WebDAV protocol using serf.
  - using serf 1.3.3
  - handles 'http' scheme
  - handles 'https' scheme

[34m[1msudo version[0m
Sudo version 1.8.9p5
Configure options: --prefix=/usr -v --with-all-insults --with-pam --with-fqdn --with-logging=syslog --with-logfac=authpriv --with-env-editor --with-editor=/usr/bin/editor --with-timeout=15 --with-password-timeout=0 --with-passprompt=[sudo] password for %p:  --without-lecture --with-tty-tickets --disable-root-mailer --enable-admin-flag --with-sendmail=/usr/sbin/sendmail --with-timedir=/var/lib/sudo --mandir=/usr/share/man --libexecdir=/usr/lib/sudo --with-sssd --with-sssd-lib=/usr/lib/x86_64-linux-gnu --with-selinux
Sudoers policy plugin version 1.8.9p5
Sudoers file grammar version 43

Sudoers path: /etc/sudoers
Authentication methods: 'pam'
Syslog facility if syslog is being used for logging: authpriv
Syslog priority to use when user authenticates successfully: notice
Syslog priority to use when user authenticates unsuccessfully: alert
Send mail if the user is not in sudoers
Use a separate timestamp for each user/tty combo
Lecture user the first time they run sudo
Root may run sudo
Allow some information gathering to give useful error messages
Require fully-qualified hostnames in the sudoers file
Visudo will honor the EDITOR environment variable
Set the LOGNAME and USER environment variables
Length at which to wrap log file lines (0 for no wrap): 80
Authentication timestamp timeout: 15.0 minutes
Password prompt timeout: 0.0 minutes
Number of tries to enter a password: 3
Umask to use or 0777 to use user's: 022
Path to mail program: /usr/sbin/sendmail
Flags for mail program: -t
Address to send mail to: root
Subject line for mail messages: *** SECURITY information for %h ***
Incorrect password message: Sorry, try again.
Path to authentication timestamp dir: /var/lib/sudo
Default password prompt: [sudo] password for %p: 
Default user to run commands as: root
Value to override user's $PATH with: /usr/local/sbin:/usr/local/bin:/usr/sbin:/usr/bin:/sbin:/bin:/snap/bin
Path to the editor for use by visudo: /usr/bin/editor
When to require a password for 'list' pseudocommand: any
When to require a password for 'verify' pseudocommand: all
File descriptors >= 3 will be closed before executing a command
Environment variables to check for sanity:
	TZ
	TERM
	LINGUAS
	LC_*
	LANGUAGE
	LANG
	COLORTERM
Environment variables to remove:
	RUBYOPT
	RUBYLIB
	PYTHONUSERBASE
	PYTHONINSPECT
	PYTHONPATH
	PYTHONHOME
	TMPPREFIX
	ZDOTDIR
	READNULLCMD
	NULLCMD
	FPATH
	PERL5DB
	PERL5OPT
	PERL5LIB
	PERLLIB
	PERLIO_DEBUG 
	JAVA_TOOL_OPTIONS
	SHELLOPTS
	GLOBIGNORE
	PS4
	BASH_ENV
	ENV
	TERMCAP
	TERMPATH
	TERMINFO_DIRS
	TERMINFO
	_RLD*
	LD_*
	PATH_LOCALE
	NLSPATH
	HOSTALIASES
	RES_OPTIONS
	LOCALDOMAIN
	CDPATH
	IFS
Environment variables to preserve:
	JAVA_HOME
	TRAVIS
	CI
	DEBIAN_FRONTEND
	XAUTHORIZATION
	XAUTHORITY
	PS2
	PS1
	PATH
	LS_COLORS
	KRB5CCNAME
	HOSTNAME
	HOME
	DISPLAY
	COLORS
Locale to use while parsing sudoers: C
Directory in which to store input/output logs: /var/log/sudo-io
File in which to store the input/output log: %{seq}
Add an entry to the utmp/utmpx file when allocating a pty
PAM service name to use
PAM service name to use for login shells
Create a new PAM session for the command to run in
Maximum I/O log sequence number: 0

Local IP address and netmask pairs:
	172.17.0.2/255.255.0.0

Sudoers I/O plugin version 1.8.9p5
[34m[1mgzip version[0m
gzip 1.6
Copyright (C) 2007, 2010, 2011 Free Software Foundation, Inc.
Copyright (C) 1993 Jean-loup Gailly.
This is free software.  You may redistribute copies of it under the terms of
the GNU General Public License <http://www.gnu.org/licenses/gpl.html>.
There is NO WARRANTY, to the extent permitted by law.

Written by Jean-loup Gailly.
[34m[1mzip version[0m
Copyright (c) 1990-2008 Info-ZIP - Type 'zip "-L"' for software license.
This is Zip 3.0 (July 5th 2008), by Info-ZIP.
Currently maintained by E. Gordon.  Please send bug reports to
the authors using the web page at www.info-zip.org; see README for details.

Latest sources and executables are at ftp://ftp.info-zip.org/pub/infozip,
as of above date; see http://www.info-zip.org/ for other sites.

Compiled with gcc 4.8.2 for Unix (Linux ELF) on Oct 21 2013.

Zip special compilation options:
	USE_EF_UT_TIME       (store Universal Time)
	BZIP2_SUPPORT        (bzip2 library version 1.0.6, 6-Sept-2010)
	    bzip2 code and library copyright (c) Julian R Seward
	    (See the bzip2 license for terms of use)
	SYMLINK_SUPPORT      (symbolic links supported)
	LARGE_FILE_SUPPORT   (can read and write large files on file system)
	ZIP64_SUPPORT        (use Zip64 to store large files in archives)
	UNICODE_SUPPORT      (store and read UTF-8 Unicode paths)
	STORE_UNIX_UIDs_GIDs (store UID/GID sizes/values using new extra field)
	UIDGID_NOT_16BIT     (old Unix 16-bit UID/GID extra field not used)
	[encryption, version 2.91 of 05 Jan 2007] (modified for Zip 3)

Encryption notice:
	The encryption code of this program is not copyrighted and is
	put in the public domain.  It was originally written in Europe
	and, to the best of our knowledge, can be freely distributed
	in both source and object forms from any country, including
	the USA under License Exception TSU of the U.S. Export
	Administration Regulations (section 740.13(e)) of 6 June 2002.

Zip environment options:
             ZIP:  [none]
          ZIPOPT:  [none]
[34m[1mvim version[0m
VIM - Vi IMproved 7.4 (2013 Aug 10, compiled Nov 24 2016 16:43:18)
Included patches: 1-52
Extra patches: 8.0.0056
Modified by pkg-vim-maintainers@lists.alioth.debian.org
Compiled by buildd@
Huge version without GUI.  Features included (+) or not (-):
+acl             +farsi           +mouse_netterm   +syntax
+arabic          +file_in_path    +mouse_sgr       +tag_binary
+autocmd         +find_in_path    -mouse_sysmouse  +tag_old_static
-balloon_eval    +float           +mouse_urxvt     -tag_any_white
-browse          +folding         +mouse_xterm     -tcl
++builtin_terms  -footer          +multi_byte      +terminfo
+byte_offset     +fork()          +multi_lang      +termresponse
+cindent         +gettext         -mzscheme        +textobjects
-clientserver    -hangul_input    +netbeans_intg   +title
-clipboard       +iconv           +path_extra      -toolbar
+cmdline_compl   +insert_expand   -perl            +user_commands
+cmdline_hist    +jumplist        +persistent_undo +vertsplit
+cmdline_info    +keymap          +postscript      +virtualedit
+comments        +langmap         +printer         +visual
+conceal         +libcall         +profile         +visualextra
+cryptv          +linebreak       +python          +viminfo
+cscope          +lispindent      -python3         +vreplace
+cursorbind      +listcmds        +quickfix        +wildignore
+cursorshape     +localmap        +reltime         +wildmenu
+dialog_con      -lua             +rightleft       +windows
+diff            +menu            -ruby            +writebackup
+digraphs        +mksession       +scrollbind      -X11
-dnd             +modify_fname    +signs           -xfontset
-ebcdic          +mouse           +smartindent     -xim
+emacs_tags      -mouseshape      -sniff           -xsmp
+eval            +mouse_dec       +startuptime     -xterm_clipboard
+ex_extra        +mouse_gpm       +statusline      -xterm_save
+extra_search    -mouse_jsbterm   -sun_workshop    -xpm
   system vimrc file: "$VIM/vimrc"
     user vimrc file: "$HOME/.vimrc"
 2nd user vimrc file: "~/.vim/vimrc"
      user exrc file: "$HOME/.exrc"
  fall-back for $VIM: "/usr/share/vim"
Compilation: gcc -c -I. -Iproto -DHAVE_CONFIG_H     -g -O2 -fstack-protector --param=ssp-buffer-size=4 -Wformat -Werror=format-security -U_FORTIFY_SOURCE -D_FORTIFY_SOURCE=1      
Linking: gcc   -Wl,-Bsymbolic-functions -Wl,-z,relro -Wl,--as-needed -o vim        -lm -ltinfo -lnsl  -lselinux  -lacl -lattr -lgpm -ldl    -L/usr/lib/python2.7/config-x86_64-linux-gnu -lpython2.7 -lpthread -ldl -lutil -lm -Xlinker -export-dynamic -Wl,-O1 -Wl,-Bsymbolic-functions      
[34m[1miptables version[0m
iptables v1.4.21
[34m[1mcurl version[0m
curl 7.35.0 (x86_64-pc-linux-gnu) libcurl/7.35.0 OpenSSL/1.0.1f zlib/1.2.8 libidn/1.28 librtmp/2.3
[34m[1mwget version[0m
GNU Wget 1.15 built on linux-gnu.
[34m[1mrsync version[0m
rsync  version 3.1.0  protocol version 31
[34m[1mgimme version[0m
v1.2.0
[34m[1mnvm version[0m
0.33.6
[34m[1mperlbrew version[0m
/home/travis/perl5/perlbrew/bin/perlbrew  - App::perlbrew/0.80
[34m[1mphpenv version[0m
rbenv 1.1.1-25-g6aa70b6
[34m[1mrvm version[0m
rvm 1.29.3 (latest) by Michal Papis, Piotr Kuczynski, Wayne E. Seguin [https://rvm.io]
[34m[1mdefault ruby version[0m
ruby 2.4.1p111 (2017-03-22 revision 58053) [x86_64-linux]
[34m[1mCouchDB version[0m
couchdb 1.6.1
[34m[1mElasticSearch version[0m
5.5.0
[34m[1mInstalled Firefox version[0m
firefox 56.0.2
[34m[1mMongoDB version[0m
MongoDB 3.4.10
[34m[1mPhantomJS version[0m
2.1.1
[34m[1mPre-installed PostgreSQL versions[0m
9.2.24
9.3.20
9.4.15
9.5.10
9.6.6
[34m[1mRabbitMQ Version[0m
3.6.14
[34m[1mRedis version[0m
redis-server 4.0.6
[34m[1mriak version[0m
2.2.3
[34m[1mPre-installed Go versions[0m
1.7.4
[34m[1mant version[0m
Apache Ant(TM) version 1.9.3 compiled on April 8 2014
[34m[1mmvn version[0m
Apache Maven 3.5.2 (138edd61fd100ec658bfa2d307c43b76940a5d7d; 2017-10-18T07:58:13Z)
Maven home: /usr/local/maven-3.5.2
Java version: 1.8.0_151, vendor: Oracle Corporation
Java home: /usr/lib/jvm/java-8-oracle/jre
Default locale: en_US, platform encoding: UTF-8
OS name: "linux", version: "4.4.0-101-generic", arch: "amd64", family: "unix"
[34m[1mgradle version[0m

------------------------------------------------------------
Gradle 4.0.1
------------------------------------------------------------

Build time:   2017-07-07 14:02:41 UTC
Revision:     38e5dc0f772daecca1d2681885d3d85414eb6826

Groovy:       2.4.11
Ant:          Apache Ant(TM) version 1.9.6 compiled on June 29 2015
JVM:          1.8.0_151 (Oracle Corporation 25.151-b12)
OS:           Linux 4.4.0-101-generic amd64

[34m[1mlein version[0m
Leiningen 2.8.1 on Java 1.8.0_151 Java HotSpot(TM) 64-Bit Server VM
[34m[1mPre-installed Node.js versions[0m
v4.8.6
v6.12.0
v6.12.1
v8.9
v8.9.1
[34m[1mphpenv versions[0m
  system
  5.6
* 5.6.32 (set by /home/travis/.phpenv/version)
  7.0
  7.0.25
  7.1
  7.1.11
  hhvm
  hhvm-stable
[34m[1mcomposer --version[0m
Composer version 1.5.2 2017-09-11 16:59:25
[34m[1mPre-installed Ruby versions[0m
ruby-2.2.7
ruby-2.3.4
ruby-2.4.1
travis_fold:end:system_info[0K
travis_time:end:19a848d6:start=1622255506358292120,finish=1622255506369454301,duration=11162181,event=show_system_info[0Ktravis_time:start:0da53906[0Ktravis_time:end:0da53906:start=1622255506376504059,finish=1622255506399220337,duration=22716278,event=rm_riak_source[0Ktravis_time:start:06ae9385[0Ktravis_time:end:06ae9385:start=1622255506405728759,finish=1622255506416804023,duration=11075264,event=fix_rwky_redis[0Ktravis_time:start:07e38fd6[0K[31;1mTimeout waiting for network availability.[0m
travis_time:end:07e38fd6:start=1622255506422931215,finish=1622255527210611882,duration=20787680667,event=wait_for_network[0Ktravis_time:start:04084784[0Ktravis_time:end:04084784:start=1622255527219396586,finish=1622255529034641429,duration=1815244843,event=update_apt_keys[0Ktravis_time:start:35031fc0[0Ktravis_time:end:35031fc0:start=1622255529042901958,finish=1622255530432236808,duration=1389334850,event=fix_hhvm_source[0Ktravis_time:start:06a562d9[0Ktravis_time:end:06a562d9:start=1622255530439587550,finish=1622255530445570016,duration=5982466,event=update_mongo_arch[0Ktravis_time:start:00efa6f6[0Ktravis_time:end:00efa6f6:start=1622255530452706306,finish=1622255530516431400,duration=63725094,event=fix_sudo_enabled_trusty[0Ktravis_time:start:0c0d93c1[0Ktravis_time:end:0c0d93c1:start=1622255530523968424,finish=1622255530544576938,duration=20608514,event=clean_up_path[0Ktravis_time:start:0b53f623[0Ktravis_time:end:0b53f623:start=1622255530551460403,finish=1622255530568981450,duration=17521047,event=fix_resolv_conf[0Ktravis_time:start:082d8560[0Ktravis_time:end:082d8560:start=1622255530573852740,finish=1622255530593031549,duration=19178809,event=fix_etc_hosts[0Ktravis_time:start:0e0cc822[0Ktravis_time:end:0e0cc822:start=1622255530600440453,finish=1622255530721342767,duration=120902314,event=fix_mvn_settings_xml[0Ktravis_time:start:308b3dd0[0Ktravis_time:end:308b3dd0:start=1622255530729879327,finish=1622255530749854674,duration=19975347,event=no_ipv6_localhost[0Ktravis_time:start:04ebfa0d[0Ktravis_time:end:04ebfa0d:start=1622255530756640324,finish=1622255530761604712,duration=4964388,event=fix_etc_mavenrc[0Ktravis_time:start:2906c157[0Ktravis_time:end:2906c157:start=1622255530769285296,finish=1622255530778608963,duration=9323667,event=fix_wwdr_certificate[0Ktravis_time:start:013b175a[0Ktravis_time:end:013b175a:start=1622255530786681249,finish=1622255530838864683,duration=52183434,event=put_localhost_first[0Ktravis_time:start:34eef38d[0Ktravis_time:end:34eef38d:start=1622255530847146728,finish=1622255530854699072,duration=7552344,event=home_paths[0Ktravis_time:start:038bf7ee[0Ktravis_time:end:038bf7ee:start=1622255530862846469,finish=1622255530888695499,duration=25849030,event=disable_initramfs[0Ktravis_time:start:01b97a85[0Ktravis_time:end:01b97a85:start=1622255530897060707,finish=1622255531066538263,duration=169477556,event=disable_ssh_roaming[0Ktravis_time:start:12383b20[0Ktravis_time:end:12383b20:start=1622255531074613851,finish=1622255531080588506,duration=5974655,event=debug_tools[0Ktravis_time:start:1ba647bd[0Ktravis_time:end:1ba647bd:start=1622255531090106712,finish=1622255531098439568,duration=8332856,event=uninstall_oclint[0Ktravis_time:start:0de95a05[0Ktravis_time:end:0de95a05:start=1622255531106871877,finish=1622255531115233734,duration=8361857,event=rvm_use[0Ktravis_time:start:2b42aaee[0Ktravis_time:end:2b42aaee:start=1622255531124465204,finish=1622255531140658945,duration=16193741,event=rm_etc_boto_cfg[0Ktravis_time:start:000107c9[0Ktravis_time:end:000107c9:start=1622255531149117269,finish=1622255531155249863,duration=6132594,event=rm_oraclejdk8_symlink[0Ktravis_time:start:06070e30[0Ktravis_time:end:06070e30:start=1622255531163316623,finish=1622255531246025860,duration=82709237,event=enable_i386[0Ktravis_time:start:1d10ec88[0Ktravis_time:end:1d10ec88:start=1622255531253919957,finish=1622255531261713816,duration=7793859,event=update_rubygems[0Ktravis_time:start:107fd028[0Ktravis_time:end:107fd028:start=1622255531269896634,finish=1622255532733535362,duration=1463638728,event=ensure_path_components[0Ktravis_time:start:16f3fa68[0Ktravis_time:end:16f3fa68:start=1622255532740307077,finish=1622255532745748299,duration=5441222,event=redefine_curl[0Ktravis_time:start:00492f3a[0Ktravis_time:end:00492f3a:start=1622255532753474724,finish=1622255532759046216,duration=5571492,event=nonblock_pipe[0Ktravis_time:start:05ec1278[0Ktravis_time:end:05ec1278:start=1622255532766978907,finish=1622255543546901506,duration=10779922599,event=apt_get_update[0Ktravis_time:start:08dd62e4[0Ktravis_time:end:08dd62e4:start=1622255543554782914,finish=1622255543560541475,duration=5758561,event=deprecate_xcode_64[0Ktravis_time:start:0be240a4[0Ktravis_time:end:0be240a4:start=1622255543567983859,finish=1622255555363793622,duration=11795809763,event=update_heroku[0Ktravis_time:start:11fb14e7[0Ktravis_time:end:11fb14e7:start=1622255555371979947,finish=1622255555377410870,duration=5430923,event=shell_session_update[0Ktravis_time:start:139228b0[0Ktravis_fold:start:docker_mtu[0Ktee: /etc/docker/daemon.json: No such file or directory
docker: unrecognized service
travis_fold:end:docker_mtu[0Ktravis_time:end:139228b0:start=1622255555384774908,finish=1622255555427290762,duration=42515854,event=set_docker_mtu[0Ktravis_time:start:04ab6866[0Ktravis_fold:start:resolvconf[0Kinitctl: Unable to connect to Upstart: Failed to connect to socket /com/ubuntu/upstart: Connection refused
 * Restarting resolvconf...
   ...done.
travis_fold:end:resolvconf[0Ktravis_time:end:04ab6866:start=1622255555434360792,finish=1622255555517475230,duration=83114438,event=resolvconf[0Ktravis_time:start:20924640[0Ktravis_time:end:20924640:start=1622255555524161579,finish=1622255555529410167,duration=5248588,event=fix_ps4[0Ktravis_fold:start:postgresql[0Ktravis_time:start:13b6d5e2[0K$ travis_setup_postgresql 9.2
[33;1mStarting PostgreSQL v9.2[0K
 * Stopping PostgreSQL 9.2 database server
   ...done.
 * Stopping PostgreSQL 9.3 database server
   ...done.
 * Stopping PostgreSQL 9.4 database server
   ...done.
 * Stopping PostgreSQL 9.5 database server
   ...done.
 * Stopping PostgreSQL 9.6 database server
   ...done.
 * Starting PostgreSQL 9.2 database server
   ...done.
sudo service postgresql start 9.2
travis_time:end:13b6d5e2:start=1622255555536392799,finish=1622255565188413380,duration=9652020581,event=prepare[0Ktravis_fold:end:postgresql[0Ktravis_time:start:0a9885e8[0K
$ cd failed/brianc/node-postgres

travis_time:end:0a9885e8:start=1622255565195473088,finish=1622255565224300384,duration=28827296,event=checkout[0Ktravis_time:start:2789e36b[0K
[33;1mSetting environment variables from .travis.yml[0m
$ export CC=clang
$ export CXX=clang++
$ export npm_config_clang=1
$ export PGUSER=postgres
$ export PGDATABASE=postgres

travis_time:end:2789e36b:start=1622255565232921519,finish=1622255565463450249,duration=230528730,event=env[0Ktravis_fold:start:nvm.install[0Ktravis_time:start:2c03c84a[0K$ nvm install lts/carbon
Downloading and installing node v8.17.0...
Downloading https://nodejs.org/dist/v8.17.0/node-v8.17.0-linux-x64.tar.xz...
Computing checksum with sha256sum
Checksums matched!
Now using node v8.17.0 (npm v6.13.4)
travis_time:end:2c03c84a:start=1622255565478618982,finish=1622255568878468249,duration=3399849267,event=setup[0Ktravis_fold:end:nvm.install[0K
travis_fold:start:cache.1[0KSetting up build cache
$ export CASHER_DIR=${TRAVIS_HOME}/.casher
travis_time:start:2fd3e400[0K$ Installing caching utilities
curl: (6) Could not resolve host: https

[31;1mThe command "eval curl -sf  -o $CASHER_DIR/bin/casher https:///files/casher " failed. Retrying, 2 of 3.[0m

curl: (6) Could not resolve host: https

[31;1mThe command "eval curl -sf  -o $CASHER_DIR/bin/casher https:///files/casher " failed. Retrying, 3 of 3.[0m

curl: (6) Could not resolve host: https

[31;1mThe command "eval curl -sf  -o $CASHER_DIR/bin/casher https:///files/casher " failed 3 times.[0m

travis_time:end:2fd3e400:start=1622255576734926474,finish=1622255588984898280,duration=12249971806,event=setup_casher[0Ktravis_time:start:156765db[0K$ Installing caching utilities from the Travis CI server (https:///files/casher) failed, failing over to using GitHub (https://raw.githubusercontent.com/travis-ci/casher/bash/bin/casher)
travis_time:end:156765db:start=1622255588992631667,finish=1622255589049499118,duration=56867451,event=setup_casher[0Ktravis_time:start:0764c028[0Ktravis_time:end:0764c028:start=1622255589061663361,finish=1622255589068427078,duration=6763717,event=setup_casher[0Ktravis_time:start:2b191750[0Kattempting to download cache archive[0m
[31;1mcould not download cache[0m
travis_time:end:2b191750:start=1622255589076323198,finish=1622255590507805644,duration=1431482446,event=setup_casher[0Ktravis_fold:end:cache.1[0K
travis_fold:start:cache.npm[0K
travis_time:start:034da6ec[0Ktravis_time:end:034da6ec:start=1622255590781213786,finish=1622255590787038631,duration=5824845,event=setup_cache[0Ktravis_time:start:196a2f1a[0Kadding /home/travis/build/failed/brianc/node-postgres/node_modules to cache[0m
creating directory /home/travis/build/failed/brianc/node-postgres/node_modules[0m
travis_time:end:196a2f1a:start=1622255590794679429,finish=1622255592402623698,duration=1607944269,event=setup_cache[0Ktravis_fold:end:cache.npm[0K$ node --version
v8.17.0
$ npm --version
6.13.4
$ nvm --version
0.33.6

travis_fold:start:before_install[0Ktravis_time:start:0af7a8cc[0K$ if [ $TRAVIS_OS_NAME == "linux" ]; then if [[ $(node -v) =~ v[1-9][0-9] ]]; then source ./ci_scripts/build.sh; fi fi
travis_time:end:0af7a8cc:start=1622255592666712412,finish=1622255592678347840,duration=11635428,event=before_install[0Ktravis_fold:end:before_install[0Ktravis_fold:start:install.npm[0Ktravis_time:start:0acba23c[0K$ npm install 
npm notice created a lockfile as package-lock.json. You should commit this file.
npm WARN notsup Unsupported engine for chalk@4.1.1: wanted: {"node":">=10"} (current: {"node":"8.17.0","npm":"6.13.4"})
npm WARN notsup Not compatible with your version of node/npm: chalk@4.1.1
npm WARN notsup Unsupported engine for cli-width@3.0.0: wanted: {"node":">= 10"} (current: {"node":"8.17.0","npm":"6.13.4"})
npm WARN notsup Not compatible with your version of node/npm: cli-width@3.0.0
npm WARN notsup Unsupported engine for type-fest@0.21.3: wanted: {"node":">=10"} (current: {"node":"8.17.0","npm":"6.13.4"})
npm WARN notsup Not compatible with your version of node/npm: type-fest@0.21.3
npm WARN pg-pool@2.0.10 requires a peer of pg@>5.0 but none is installed. You must install peer dependencies yourself.

added 231 packages from 131 contributors and audited 231 packages in 10.828s

38 packages are looking for funding
  run `npm fund` for details

found 0 vulnerabilities

travis_time:end:0acba23c:start=1622255592935362476,finish=1622255604536916380,duration=11601553904,event=install[0Ktravis_fold:end:install.npm[0K
travis_fold:start:before_script[0Ktravis_time:start:0e96bcad[0K$ node script/create-test-tables.js pg://postgres@127.0.0.1:5432/postgres
Created table person
Filling it with people
Inserted 26 people
travis_time:end:0e96bcad:start=1622255604544603581,finish=1622255605427083896,duration=882480315,event=before_script[0Ktravis_fold:end:before_script[0Ktravis_time:start:097f98f0[0K$ npm test

> pg@7.12.1 test /home/travis/build/failed/brianc/node-postgres
> make test-all

***Starting lint***
node -e "process.exit(Number(process.versions.node.split('.')[0]) < 8 ? 0 : 1)" \
	  && echo "***Skipping lint (node version too old)***" \
	  || node_modules/.bin/eslint lib
***Testing optional native install***
Cannot find module 'pg-native'
cleartext-password-tests.js..
configuration-tests.js............
early-disconnect-tests.js
escape-tests.js................
md5-password-tests.js....
notification-tests.js.
prepared-statement-tests.js...........
query-queue-tests.js.........
result-metadata-tests.js.......
sasl-scram-tests.js................
simple-query-tests.js..............?.....
stream-and-query-error-interaction-tests.js.
throw-in-type-parser-tests.js
  emits error âœ”
  calls callback with error âœ”
  rejects promise with error âœ”

error-tests.js
  connection emits stream errors âœ”
  connection emits ECONNRESET errors during normal operation âœ”
  connection does not emit ECONNRESET errors during disconnect âœ”
  connection does not emit ECONNRESET errors during disconnect also when using SSL âœ”
  connection emits an error when SSL is not supported âœ”
  connection emits an error when postmaster responds to SSL negotiation packet âœ”

inbound-parser-tests.js..............................................................
outbound-sending-tests.js.....................
startup-tests.js.........
creation-tests.js.................?.....
environment-variable-tests.js............
utils-tests.js.........................
***Testing connection***
Created table person
Filling it with people
Inserted 26 people
***Testing Pure Javascript***
api-tests.js
  pool callback behavior âœ”
  query timeout âœ”
  query recover from timeout âœ”
  query no timeout âœ”
  callback API âœ”
  executing nested queries âœ”
  raises error if cannot connect âœ”
  query errors are handled and do not bubble if callback is provided âœ”
  callback is fired once and only once âœ”
  can provide callback and config object âœ”
  can provide callback and config and parameters âœ”
  null and undefined are both inserted as NULL âœ”

appname-tests.js
  No default appliation_name  âœ”
  fallback_application_name is used âœ”
  application_name is used âœ”
  application_name has precedence over fallback_application_name âœ”
  application_name from connection string âœ”
  application_name is read from the env âœ”

array-tests.js
  nulls âœ”
  elements containing JSON-escaped characters âœ”
  cleanup âœ”
  numbers âœ”
  parses string arrays âœ”
  empty array âœ”
  element containing comma âœ”
  bracket in quotes âœ”
  null value âœ”
  element containing quote char âœ”
  nested array âœ”
  integer array âœ”
  integer nested array âœ”
  JS array parameter âœ”

big-simple-query-tests.js
  big simple query 1 âœ”
  big simple query 2 âœ”
  big simple query 3 âœ”
  many times âœ”

configuration-tests.js
  default values are used in new clients âœ”
  modified values are passed to created clients âœ”
  cleanup âœ”

connection-timeout-tests.js
  successful connection âœ”
  expired connection timeout âœ”

custom-types-tests.js
  custom type parser in client config âœ”
  custom type parser in query âœ”

empty-query-tests.js
  empty query message handling âœ”
  callback supported âœ”

error-handling-tests.js
  sending non-array argument as values causes an error callback âœ”
  re-using connections results in error callback âœ”
  re-using connections results in promise rejection âœ”
  using a client after closing it results in error âœ”
  query receives error on client shutdown âœ”
  when query is parsing âœ”
  when a query is binding âœ”
  non-query error with callback âœ”
  non-error calls supplied callback âœ”
  when connecting to an invalid host with callback âœ”
  when connecting to invalid host with promise âœ”
  non-query error âœ”
  within a simple query âœ”
  connected, idle client error âœ”
  cannot pass non-string values to query as text âœ”

field-name-escape-tests.js
huge-numeric-tests.js
json-type-parsing-tests.js
multiple-results-tests.js
  two select results work âœ”
  multiple selects work âœ”
  mixed queries and statements âœ”

network-partition-tests.js
  readyForQuery server âœ”
  silent server âœ”

no-data-tests.js
  noData message handling âœ”

no-row-result-tests.js
  can access results when no rows are returned âœ”

notice-tests.js
  emits notify message âœ”
  emits notice message ? - SKIPPED

parse-int-8-tests.js
  ability to turn on and off parser âœ”

prepared-statement-tests.js
  first named prepared statement âœ”
  second named prepared statement with same name & text âœ”
  with same name, but without query text âœ”
  with same name, but with different text âœ”
  client 1 execution âœ”
  client 2 execution âœ”
  clean up clients âœ”
  with small row count âœ”
  with large row count âœ”
  cleanup âœ”

promise-api-tests.js
  valid connection completes promise âœ”
  valid connection completes promise âœ”
  invalid connection rejects promise âœ”
  connected client does not reject promise after connection âœ”

query-as-promise-tests.js
  promise API âœ”
  promise API with configurable promise type âœ”

query-column-names-tests.js
  support for complex column names âœ”

query-error-handling-prepared-statement-tests.js
  client end during query execution of prepared statement âœ”
  query killed during query execution of prepared statement âœ”

query-error-handling-tests.js...skip 9.3 error field on older versions of postgres

quick-disconnect-tests.js
result-metadata-tests.js
  should return insert metadata âœ”

results-as-array-tests.js.
row-description-on-results-tests.js..
sasl-scram-tests.js

simple-query-tests.js.......
ssl-tests.js?
statement_timeout-tests.js
  No default statement_timeout  âœ”
  statement_timeout integer is used âœ”
  statement_timeout float is used âœ”
  statement_timeout string is used âœ”
  statement_timeout actually cancels long running queries âœ”

timezone-tests.js
  timestamp without time zone âœ”
  timestamp with time zone âœ”

transaction-tests.js
  gh#36 âœ”
  name should not exist in the database âœ”
  can insert name âœ”
  name should exist in the database âœ”
  rollback âœ”
  name should not exist in the database âœ”

type-coercion-tests.js
  test type coercion integer âœ”
  test type coercion smallint âœ”
  test type coercion bigint âœ”
  test type coercion varchar(5) âœ”
  test type coercion oid âœ”
  test type coercion bool âœ”
  test type coercion numeric âœ”
  test type coercion real âœ”
  test type coercion double precision âœ”
  test type coercion timestamptz âœ”
  test type coercion timestamp âœ”
  test type coercion timetz âœ”
  test type coercion time âœ”
  timestampz round trip âœ”
  selecting nulls âœ”
  date range extremes âœ”

type-parser-override-tests.js
bound-command-tests.js..
copy-tests.js..
notification-tests.js.
query-tests.js.
connection-pool-size-tests.js
  test 1 queries executed on a pool rapidly âœ”
  test 2 queries executed on a pool rapidly âœ”
  test 40 queries executed on a pool rapidly âœ”
  test 200 queries executed on a pool rapidly âœ”

error-tests.js

  connecting to invalid port âœ”
  errors emitted on pool Message: terminating connection due to administrator command
error: terminating connection due to administrator command
    at Connection.parseE (/home/travis/build/failed/brianc/node-postgres/lib/connection.js:604:11)
    at Connection.parseMessage (/home/travis/build/failed/brianc/node-postgres/lib/connection.js:401:19)
    at Socket.<anonymous> (/home/travis/build/failed/brianc/node-postgres/lib/connection.js:121:22)
    at emitOne (events.js:116:13)
    at Socket.emit (events.js:211:7)
    at addChunk (_stream_readable.js:263:12)
    at readableAddChunk (_stream_readable.js:250:11)
    at Socket.Readable.push (_stream_readable.js:208:10)
    at TCP.onread (net.js:601:20)

xargs: node: exited with status 255; aborting
make: *** [test-integration] Error 124
npm ERR! Test failed.  See above for more details.
travis_time:end:097f98f0:start=1622255605441422233,finish=1622255636195259183,duration=30753836950,event=[0K[31;1mThe command "npm test" exited with 1.[0m
travis_fold:start:cache.2[0Kstore build cache
travis_time:start:02eb09aa[0Ktravis_time:end:02eb09aa:start=1622255636203095212,finish=1622255636210531147,duration=7435935,event=cache[0Ktravis_time:start:0a55747e[0K[32;1mchanges detected, packing new archive[0m
[32;1muploading /[0m
[31;1mfailed to upload cache[0m
travis_time:end:0a55747e:start=1622255636220092788,finish=1622255639549262635,duration=3329169847,event=cache[0Ktravis_fold:end:cache.2[0K

Done. Your build exited with 1.
