travis_fold:start:system_info[0K[33;1mBuild system information[0m
Build language: java
Build id: ''
Job id: ''
[34m[1mBuild image provisioning date and time[0m
Thu Feb  5 15:09:33 UTC 2015
[34m[1mOperating System Details[0m
Distributor ID:	Ubuntu
Description:	Ubuntu 12.04.5 LTS
Release:	12.04
Codename:	precise
[34m[1mLinux Version[0m
3.13.0-29-generic
[34m[1mCookbooks Version[0m
a68419e https://github.com/travis-ci/travis-cookbooks/tree/a68419e
[34m[1mGCC version[0m
gcc (Ubuntu/Linaro 4.6.3-1ubuntu5) 4.6.3
Copyright (C) 2011 Free Software Foundation, Inc.
This is free software; see the source for copying conditions.  There is NO
warranty; not even for MERCHANTABILITY or FITNESS FOR A PARTICULAR PURPOSE.

[34m[1mLLVM version[0m
clang version 3.4 (tags/RELEASE_34/final)
Target: x86_64-unknown-linux-gnu
Thread model: posix
[34m[1mPre-installed Ruby versions[0m
ruby-1.9.3-p551
[34m[1mPre-installed Node.js versions[0m
v0.10.36
[34m[1mPre-installed Go versions[0m
1.4.1
[34m[1mRedis version[0m
redis-server 2.8.19
[34m[1mriak version[0m
2.0.2
[34m[1mMongoDB version[0m
MongoDB 2.4.12
[34m[1mCouchDB version[0m
couchdb 1.6.1
[34m[1mNeo4j version[0m
1.9.4
[34m[1mRabbitMQ Version[0m
3.4.3
[34m[1mElasticSearch version[0m
1.4.0
[34m[1mInstalled Sphinx versions[0m
2.0.10
2.1.9
2.2.6
[34m[1mDefault Sphinx version[0m
2.2.6
[34m[1mInstalled Firefox version[0m
firefox 31.0esr
[34m[1mPhantomJS version[0m
1.9.8
[34m[1mant -version[0m
Apache Ant(TM) version 1.8.2 compiled on December 3 2011
[34m[1mmvn -version[0m
Apache Maven 3.2.5 (12a6b3acb947671f09b81f49094c53f426d8cea1; 2014-12-14T17:29:23+00:00)
Maven home: /usr/local/maven
Java version: 1.7.0_76, vendor: Oracle Corporation
Java home: /usr/lib/jvm/java-7-oracle/jre
Default locale: en_US, platform encoding: ANSI_X3.4-1968
OS name: "linux", version: "3.13.0-29-generic", arch: "amd64", family: "unix"
travis_fold:end:system_info[0K
W: Failed to fetch http://security.ubuntu.com/ubuntu/dists/precise-security/main/source/Sources  404  Not Found [IP: 91.189.91.38 80]

W: Failed to fetch http://security.ubuntu.com/ubuntu/dists/precise-security/restricted/source/Sources  404  Not Found [IP: 91.189.91.38 80]

W: Failed to fetch http://security.ubuntu.com/ubuntu/dists/precise-security/universe/source/Sources  404  Not Found [IP: 91.189.91.38 80]

W: Failed to fetch http://security.ubuntu.com/ubuntu/dists/precise-security/multiverse/source/Sources  404  Not Found [IP: 91.189.91.38 80]

W: Failed to fetch http://security.ubuntu.com/ubuntu/dists/precise-security/main/binary-amd64/Packages  404  Not Found [IP: 91.189.91.38 80]

W: Failed to fetch http://security.ubuntu.com/ubuntu/dists/precise-security/restricted/binary-amd64/Packages  404  Not Found [IP: 91.189.91.38 80]

W: Failed to fetch http://security.ubuntu.com/ubuntu/dists/precise-security/universe/binary-amd64/Packages  404  Not Found [IP: 91.189.91.38 80]

W: Failed to fetch http://security.ubuntu.com/ubuntu/dists/precise-security/multiverse/binary-amd64/Packages  404  Not Found [IP: 91.189.91.38 80]

W: Failed to fetch http://security.ubuntu.com/ubuntu/dists/precise-security/main/binary-i386/Packages  404  Not Found [IP: 91.189.91.38 80]

W: Failed to fetch http://security.ubuntu.com/ubuntu/dists/precise-security/restricted/binary-i386/Packages  404  Not Found [IP: 91.189.91.38 80]

W: Failed to fetch http://security.ubuntu.com/ubuntu/dists/precise-security/universe/binary-i386/Packages  404  Not Found [IP: 91.189.91.38 80]

W: Failed to fetch http://security.ubuntu.com/ubuntu/dists/precise-security/multiverse/binary-i386/Packages  404  Not Found [IP: 91.189.91.38 80]

W: Failed to fetch http://us.archive.ubuntu.com/ubuntu/dists/precise/main/source/Sources  404  Not Found [IP: 91.189.91.39 80]

W: Failed to fetch http://us.archive.ubuntu.com/ubuntu/dists/precise/restricted/source/Sources  404  Not Found [IP: 91.189.91.39 80]

W: Failed to fetch http://us.archive.ubuntu.com/ubuntu/dists/precise/universe/source/Sources  404  Not Found [IP: 91.189.91.39 80]

W: Failed to fetch http://us.archive.ubuntu.com/ubuntu/dists/precise/multiverse/source/Sources  404  Not Found [IP: 91.189.91.39 80]

W: Failed to fetch http://us.archive.ubuntu.com/ubuntu/dists/precise/main/binary-amd64/Packages  404  Not Found [IP: 91.189.91.39 80]

W: Failed to fetch http://us.archive.ubuntu.com/ubuntu/dists/precise/restricted/binary-amd64/Packages  404  Not Found [IP: 91.189.91.39 80]

W: Failed to fetch http://us.archive.ubuntu.com/ubuntu/dists/precise/universe/binary-amd64/Packages  404  Not Found [IP: 91.189.91.39 80]

W: Failed to fetch http://us.archive.ubuntu.com/ubuntu/dists/precise/multiverse/binary-amd64/Packages  404  Not Found [IP: 91.189.91.39 80]

W: Failed to fetch http://us.archive.ubuntu.com/ubuntu/dists/precise/main/binary-i386/Packages  404  Not Found [IP: 91.189.91.39 80]

W: Failed to fetch http://us.archive.ubuntu.com/ubuntu/dists/precise/restricted/binary-i386/Packages  404  Not Found [IP: 91.189.91.39 80]

W: Failed to fetch http://us.archive.ubuntu.com/ubuntu/dists/precise/universe/binary-i386/Packages  404  Not Found [IP: 91.189.91.39 80]

W: Failed to fetch http://us.archive.ubuntu.com/ubuntu/dists/precise/multiverse/binary-i386/Packages  404  Not Found [IP: 91.189.91.39 80]

W: Failed to fetch http://us.archive.ubuntu.com/ubuntu/dists/precise-updates/main/source/Sources  404  Not Found [IP: 91.189.91.39 80]

W: Failed to fetch http://us.archive.ubuntu.com/ubuntu/dists/precise-updates/restricted/source/Sources  404  Not Found [IP: 91.189.91.39 80]

W: Failed to fetch http://us.archive.ubuntu.com/ubuntu/dists/precise-updates/universe/source/Sources  404  Not Found [IP: 91.189.91.39 80]

W: Failed to fetch http://us.archive.ubuntu.com/ubuntu/dists/precise-updates/multiverse/source/Sources  404  Not Found [IP: 91.189.91.39 80]

W: Failed to fetch http://us.archive.ubuntu.com/ubuntu/dists/precise-updates/main/binary-amd64/Packages  404  Not Found [IP: 91.189.91.39 80]

W: Failed to fetch http://us.archive.ubuntu.com/ubuntu/dists/precise-updates/restricted/binary-amd64/Packages  404  Not Found [IP: 91.189.91.39 80]

W: Failed to fetch http://us.archive.ubuntu.com/ubuntu/dists/precise-updates/universe/binary-amd64/Packages  404  Not Found [IP: 91.189.91.39 80]

W: Failed to fetch http://us.archive.ubuntu.com/ubuntu/dists/precise-updates/multiverse/binary-amd64/Packages  404  Not Found [IP: 91.189.91.39 80]

W: Failed to fetch http://us.archive.ubuntu.com/ubuntu/dists/precise-updates/main/binary-i386/Packages  404  Not Found [IP: 91.189.91.39 80]

W: Failed to fetch http://us.archive.ubuntu.com/ubuntu/dists/precise-updates/restricted/binary-i386/Packages  404  Not Found [IP: 91.189.91.39 80]

W: Failed to fetch http://us.archive.ubuntu.com/ubuntu/dists/precise-updates/universe/binary-i386/Packages  404  Not Found [IP: 91.189.91.39 80]

W: Failed to fetch http://us.archive.ubuntu.com/ubuntu/dists/precise-updates/multiverse/binary-i386/Packages  404  Not Found [IP: 91.189.91.39 80]

W: Failed to fetch http://us.archive.ubuntu.com/ubuntu/dists/precise-backports/main/source/Sources  404  Not Found [IP: 91.189.91.39 80]

W: Failed to fetch http://us.archive.ubuntu.com/ubuntu/dists/precise-backports/restricted/source/Sources  404  Not Found [IP: 91.189.91.39 80]

W: Failed to fetch http://us.archive.ubuntu.com/ubuntu/dists/precise-backports/universe/source/Sources  404  Not Found [IP: 91.189.91.39 80]

W: Failed to fetch http://us.archive.ubuntu.com/ubuntu/dists/precise-backports/multiverse/source/Sources  404  Not Found [IP: 91.189.91.39 80]

W: Failed to fetch http://us.archive.ubuntu.com/ubuntu/dists/precise-backports/main/binary-amd64/Packages  404  Not Found [IP: 91.189.91.39 80]

W: Failed to fetch http://us.archive.ubuntu.com/ubuntu/dists/precise-backports/restricted/binary-amd64/Packages  404  Not Found [IP: 91.189.91.39 80]

W: Failed to fetch http://us.archive.ubuntu.com/ubuntu/dists/precise-backports/universe/binary-amd64/Packages  404  Not Found [IP: 91.189.91.39 80]

W: Failed to fetch http://us.archive.ubuntu.com/ubuntu/dists/precise-backports/multiverse/binary-amd64/Packages  404  Not Found [IP: 91.189.91.39 80]

W: Failed to fetch http://us.archive.ubuntu.com/ubuntu/dists/precise-backports/main/binary-i386/Packages  404  Not Found [IP: 91.189.91.39 80]

W: Failed to fetch http://us.archive.ubuntu.com/ubuntu/dists/precise-backports/restricted/binary-i386/Packages  404  Not Found [IP: 91.189.91.39 80]

W: Failed to fetch http://us.archive.ubuntu.com/ubuntu/dists/precise-backports/universe/binary-i386/Packages  404  Not Found [IP: 91.189.91.39 80]

W: Failed to fetch http://us.archive.ubuntu.com/ubuntu/dists/precise-backports/multiverse/binary-i386/Packages  404  Not Found [IP: 91.189.91.39 80]

W: Failed to fetch http://apt.postgresql.org/pub/repos/apt/dists/precise-pgdg/main/binary-amd64/Packages  404  Not Found [IP: 87.238.57.227 80]

W: Failed to fetch http://apt.postgresql.org/pub/repos/apt/dists/precise-pgdg/main/binary-i386/Packages  404  Not Found [IP: 87.238.57.227 80]

W: Failed to fetch http://ppa.launchpad.net/travis-ci/zero-mq/ubuntu/dists/precise/main/binary-amd64/Packages  403  Forbidden

W: Failed to fetch http://ppa.launchpad.net/travis-ci/zero-mq/ubuntu/dists/precise/main/binary-i386/Packages  403  Forbidden

W: Failed to fetch http://downloads-distro.mongodb.org/repo/debian-sysvinit/dists/dist/10gen/binary-amd64/Packages  Undetermined Error

W: Failed to fetch http://downloads-distro.mongodb.org/repo/debian-sysvinit/dists/dist/10gen/binary-i386/Packages  Undetermined Error

E: Some index files failed to download. They have been ignored, or old ones used instead.
sed: cannot rename /etc/hosts: Device or resource busy
sed: cannot rename /etc/hosts: Device or resource busy
$ jdk_switcher use oraclejdk8
Switching to Oracle JDK8 (java-8-oracle), JAVA_HOME will be set to /usr/lib/jvm/java-8-oracle
$ cd failed/crate/crate-jdbc

[33;1mSetting environment variables from .travis.yml[0m
$ export _JAVA_OPTIONS="-Xmx1g -XX:MaxPermSize=256m"

$ export TERM=dumb
travis_fold:start:cache.1[0KSetting up build cache
$ export CASHER_DIR=$HOME/.casher
travis_time:start:35ecd148[0K$ Installing caching utilities

travis_time:end:35ecd148:start=1622267045112912756,finish=1622267045289047472,duration=176134716[0Ktravis_time:start:2005191c[0K
travis_time:end:2005191c:start=1622267045299424515,finish=1622267045307608948,duration=8184433[0Ktravis_time:start:286f83c2[0K/home/travis/.casher/bin/casher:213:in `cache_archive_name': undefined method `[]' for nil:NilClass (NoMethodError)
	from /home/travis/.casher/bin/casher:65:in `block in fetch'
	from /home/travis/.casher/bin/casher:64:in `each'
	from /home/travis/.casher/bin/casher:64:in `fetch'
	from /home/travis/.casher/bin/casher:53:in `block in run'
	from /home/travis/.rvm/rubies/ruby-1.9.3-p551/lib/ruby/1.9.1/timeout.rb:69:in `timeout'
	from /home/travis/.casher/bin/casher:53:in `run'
	from /home/travis/.casher/bin/casher:263:in `<main>'
[32;1mattempting to download cache archive[0m

travis_time:end:286f83c2:start=1622267045317096010,finish=1622267046102677513,duration=785581503[0Ktravis_time:start:02184618[0K
travis_time:end:02184618:start=1622267046111987593,finish=1622267046120190014,duration=8202421[0Ktravis_time:start:3474d2b9[0K[32;1madding /home/travis/.m2 to cache[0m

travis_time:end:3474d2b9:start=1622267046128957169,finish=1622267046866327895,duration=737370726[0Ktravis_fold:end:cache.1[0K$ java -Xmx32m -version
Picked up _JAVA_OPTIONS: -Xmx1g -XX:MaxPermSize=256m
Java HotSpot(TM) 64-Bit Server VM warning: ignoring option MaxPermSize=256m; support was removed in 8.0
java version "1.8.0_31"
Java(TM) SE Runtime Environment (build 1.8.0_31-b13)
Java HotSpot(TM) 64-Bit Server VM (build 25.31-b07, mixed mode)
$ javac -J-Xmx32m -version
Picked up _JAVA_OPTIONS: -Xmx1g -XX:MaxPermSize=256m
Java HotSpot(TM) 64-Bit Server VM warning: ignoring option MaxPermSize=256m; support was removed in 8.0
javac 1.8.0_31
travis_fold:start:install[0Ktravis_time:start:0354e441[0K$ ./gradlew assemble
Picked up _JAVA_OPTIONS: -Xmx1g -XX:MaxPermSize=256m
Java HotSpot(TM) 64-Bit Server VM warning: ignoring option MaxPermSize=256m; support was removed in 8.0
Downloading https://services.gradle.org/distributions/gradle-2.2.1-bin.zip
..................................................................................................................................................................................................................................................................................................................................................................................................................................................................................................................................................................................................................................................................................................................................................................................................................................................................................................................................................................................................................................................................................................................................................................................................................................................................................................................................................................................................................................................................................................................................................................................................................................................................................................................................................................................................................................................................................................................................................................................................................................................................................................................................................................
Unzipping /home/travis/.gradle/wrapper/dists/gradle-2.2.1-bin/3rn023ng4778ktj66tonmgpbv/gradle-2.2.1-bin.zip to /home/travis/.gradle/wrapper/dists/gradle-2.2.1-bin/3rn023ng4778ktj66tonmgpbv
Set executable permissions for: /home/travis/.gradle/wrapper/dists/gradle-2.2.1-bin/3rn023ng4778ktj66tonmgpbv/gradle-2.2.1/bin/gradle
Download https://jcenter.bintray.com/io/crate/crate-client/0.49.2/crate-client-0.49.2.pom
Download https://jcenter.bintray.com/io/crate/crate-client/0.49.2/crate-client-0.49.2.jar
:compileJavaNote: Some input files use or override a deprecated API.
Note: Recompile with -Xlint:deprecation for details.
Note: Some input files use unchecked or unsafe operations.
Note: Recompile with -Xlint:unchecked for details.

:processResources UP-TO-DATE
:classes
:getVersionPicked up _JAVA_OPTIONS: -Xmx1g -XX:MaxPermSize=256m
Java HotSpot(TM) 64-Bit Server VM warning: ignoring option MaxPermSize=256m; support was removed in 8.0

gitTag: 2.4.0-2-g479af42
version: 1.6.0-479af42
:jar
:jarStandalone
:myJavadocsPicked up _JAVA_OPTIONS: -Xmx1g -XX:MaxPermSize=256m
Java HotSpot(TM) 64-Bit Server VM warning: ignoring option MaxPermSize=256m; support was removed in 8.0
/home/travis/build/failed/crate/crate-jdbc/src/main/java/io/crate/client/jdbc/CrateConnection.java:137: warning: no description for @throws
     * @throws SQLException
       ^
/home/travis/build/failed/crate/crate-jdbc/src/main/java/io/crate/client/jdbc/CrateDriverVersion.java:61: warning: no @return
    public String number() {
                  ^

2 warnings
:javadocJar
:javadocJarStandalone
:sourceJar
:sourceJarStandalone
:assemble

BUILD SUCCESSFUL

Total time: 46.431 secs

travis_time:end:0354e441:start=1622267047168969835,finish=1622267094068598167,duration=46899628332[0Ktravis_fold:end:install[0Ktravis_time:start:0788b60e[0K$ ./gradlew test -s
Picked up _JAVA_OPTIONS: -Xmx1g -XX:MaxPermSize=256m
Java HotSpot(TM) 64-Bit Server VM warning: ignoring option MaxPermSize=256m; support was removed in 8.0
:compileJava UP-TO-DATE
:processResources UP-TO-DATE
:classes UP-TO-DATE
:downloadCrateRelease
:compileTestJava
Download https://repo1.maven.org/maven2/org/hamcrest/hamcrest-all/1.3/hamcrest-all-1.3.pom
Download https://repo1.maven.org/maven2/org/hamcrest/hamcrest-parent/1.3/hamcrest-parent-1.3.pom
Download https://repo1.maven.org/maven2/junit/junit/4.11/junit-4.11.pom
Download https://repo1.maven.org/maven2/com/carrotsearch/randomizedtesting/randomizedtesting-runner/2.1.11/randomizedtesting-runner-2.1.11.pom
Download https://repo1.maven.org/maven2/com/carrotsearch/randomizedtesting/randomizedtesting-parent/2.1.11/randomizedtesting-parent-2.1.11.pom
Download https://repo1.maven.org/maven2/org/sonatype/oss/oss-parent/9/oss-parent-9.pom
Download https://repo1.maven.org/maven2/org/mockito/mockito-core/1.10.8/mockito-core-1.10.8.pom
Download https://repo1.maven.org/maven2/org/hamcrest/hamcrest-core/1.3/hamcrest-core-1.3.pom
Download https://repo1.maven.org/maven2/org/objenesis/objenesis/2.1/objenesis-2.1.pom
Download https://repo1.maven.org/maven2/org/objenesis/objenesis-parent/2.1/objenesis-parent-2.1.pom
Download https://repo1.maven.org/maven2/org/hamcrest/hamcrest-all/1.3/hamcrest-all-1.3.jar
Download https://repo1.maven.org/maven2/junit/junit/4.11/junit-4.11.jar
Download https://repo1.maven.org/maven2/com/carrotsearch/randomizedtesting/randomizedtesting-runner/2.1.11/randomizedtesting-runner-2.1.11.jar
Download https://repo1.maven.org/maven2/org/mockito/mockito-core/1.10.8/mockito-core-1.10.8.jar
Download https://repo1.maven.org/maven2/org/hamcrest/hamcrest-core/1.3/hamcrest-core-1.3.jar
Download https://repo1.maven.org/maven2/org/objenesis/objenesis/2.1/objenesis-2.1.jar
:processTestResources UP-TO-DATE
:testClasses
:testPicked up _JAVA_OPTIONS: -Xmx1g -XX:MaxPermSize=256m
Java HotSpot(TM) 64-Bit Server VM warning: ignoring option MaxPermSize=256m; support was removed in 8.0


io.crate.client.jdbc.integrationtests.CrateDriverTest STANDARD_OUT
    Starting crate server process...

io.crate.client.jdbc.integrationtests.CrateDriverTest STANDARD_ERROR
    log4j:WARN No appenders could be found for logger (io.crate.shade.org.elasticsearch.common.compress.lzf).
    log4j:WARN Please initialize the log4j system properly.
    log4j:WARN See http://logging.apache.org/log4j/1.2/faq.html#noconfig for more info.

io.crate.client.jdbc.integrationtests.CrateDriverTest STANDARD_OUT
    Picked up _JAVA_OPTIONS: -Xmx1g -XX:MaxPermSize=256m
    Java HotSpot(TM) 64-Bit Server VM warning: ignoring option MaxPermSize=256m; support was removed in 8.0
    [2021-05-29 05:45:27,810][INFO ][node                     ] [Nox] version[1.4.4], pid[1531], build[${build/NA]
    [2021-05-29 05:45:27,811][INFO ][node                     ] [Nox] initializing ...
    [2021-05-29 05:45:27,955][INFO ][io.crate.plugin          ] [Nox] plugins loaded: [] 
    [2021-05-29 05:45:27,957][INFO ][plugins                  ] [Nox] loaded [crate-core], sites [crate-admin]
    [2021-05-29 05:45:27,982][INFO ][io.crate.plugin          ] [Nox] plugins loaded: [] 
    [2021-05-29 05:45:28,284][INFO ][io.crate.module          ] [Nox] configuring crate. version: 0.49.2
    [2021-05-29 05:45:31,574][INFO ][io.crate.rest            ] [Nox] Elasticsearch HTTP REST API not enabled
    [2021-05-29 05:45:31,642][INFO ][node                     ] [Nox] initialized
    [2021-05-29 05:45:31,643][INFO ][node                     ] [Nox] starting ...
    [2021-05-29 05:45:31,644][INFO ][io.crate.blob.BlobService] [Nox] BlobService.doStart() io.crate.blob.BlobService@74a820bf
    [2021-05-29 05:45:31,768][INFO ][http                     ] [Nox] bound_address {inet[/127.0.0.1:44935]}, publish_address {inet[/127.0.0.1:44935]}
    [2021-05-29 05:45:31,868][INFO ][transport                ] [Nox] bound_address {inet[/127.0.0.1:40561]}, publish_address {inet[/127.0.0.1:40561]}
    [2021-05-29 05:45:31,915][INFO ][discovery                ] [Nox] driver/aQsKSMvoTQSbKo-VhSMriw
    [2021-05-29 05:45:34,943][INFO ][cluster.service          ] [Nox] new_master [Nox][aQsKSMvoTQSbKo-VhSMriw][cb76e3b1f0c1][inet[/127.0.0.1:40561]]{http_address=http://127.0.0.1:44935}, reason: zen-disco-join (elected_as_master)
    [2021-05-29 05:45:34,958][INFO ][node                     ] [Nox] started

io.crate.client.jdbc.integrationtests.CrateDriverTest > testDriverRegistration STANDARD_OUT
    [2021-05-29 05:45:35,016][INFO ][gateway                  ] [Nox] recovered [0] indices into cluster_state

io.crate.client.jdbc.integrationtests.CrateDriverTest STANDARD_OUT
    Stopping crate server process...

io.crate.client.jdbc.integrationtests.CrateJDBCIntegrationTest STANDARD_OUT
    Starting crate server process...
    Picked up _JAVA_OPTIONS: -Xmx1g -XX:MaxPermSize=256m
    Java HotSpot(TM) 64-Bit Server VM warning: ignoring option MaxPermSize=256m; support was removed in 8.0
    [2021-05-29 05:45:36,220][INFO ][node                     ] [Arachne] version[1.4.4], pid[2181], build[${build/NA]
    [2021-05-29 05:45:36,221][INFO ][node                     ] [Arachne] initializing ...
    [2021-05-29 05:45:36,327][INFO ][io.crate.plugin          ] [Arachne] plugins loaded: [] 
    [2021-05-29 05:45:36,329][INFO ][plugins                  ] [Arachne] loaded [crate-core], sites [crate-admin]
    [2021-05-29 05:45:36,353][INFO ][io.crate.plugin          ] [Arachne] plugins loaded: [] 
    [2021-05-29 05:45:36,660][INFO ][io.crate.module          ] [Arachne] configuring crate. version: 0.49.2
    [2021-05-29 05:45:40,060][INFO ][io.crate.rest            ] [Arachne] Elasticsearch HTTP REST API not enabled
    [2021-05-29 05:45:40,144][INFO ][node                     ] [Arachne] initialized
    [2021-05-29 05:45:40,144][INFO ][node                     ] [Arachne] starting ...
    [2021-05-29 05:45:40,145][INFO ][io.crate.blob.BlobService] [Arachne] BlobService.doStart() io.crate.blob.BlobService@74a820bf
    [2021-05-29 05:45:40,242][INFO ][http                     ] [Arachne] bound_address {inet[/127.0.0.1:35751]}, publish_address {inet[/127.0.0.1:35751]}
    [2021-05-29 05:45:40,329][INFO ][transport                ] [Arachne] bound_address {inet[/127.0.0.1:34729]}, publish_address {inet[/127.0.0.1:34729]}
    [2021-05-29 05:45:40,343][INFO ][discovery                ] [Arachne] jdbc/lXvrDtVORsWZhFUGN_d1bg
    [2021-05-29 05:45:43,374][INFO ][cluster.service          ] [Arachne] new_master [Arachne][lXvrDtVORsWZhFUGN_d1bg][cb76e3b1f0c1][inet[/127.0.0.1:34729]]{http_address=http://127.0.0.1:35751}, reason: zen-disco-join (elected_as_master)
    [2021-05-29 05:45:43,388][INFO ][node                     ] [Arachne] started
    [2021-05-29 05:45:43,436][INFO ][gateway                  ] [Arachne] recovered [0] indices into cluster_state

io.crate.client.jdbc.integrationtests.CrateJDBCIntegrationTest > testException STANDARD_OUT
    [2021-05-29 05:45:44,491][INFO ][cluster.metadata         ] [Arachne] [test] creating index, cause [api], shards [1]/[0], mappings [default]
    [2021-05-29 05:45:45,444][INFO ][cluster.metadata         ] [Arachne] [test] update_mapping [default] (dynamic)
    [2021-05-29 05:45:45,608][INFO ][cluster.metadata         ] [Arachne] [test] deleting index

io.crate.client.jdbc.integrationtests.CrateJDBCIntegrationTest > testGetSchemas STANDARD_OUT
    [2021-05-29 05:45:45,794][INFO ][cluster.metadata         ] [Arachne] [test] creating index, cause [api], shards [1]/[0], mappings [default]
    [2021-05-29 05:45:46,093][INFO ][cluster.metadata         ] [Arachne] [test] update_mapping [default] (dynamic)

io.crate.client.jdbc.integrationtests.CrateJDBCIntegrationTest > testExecuteBatchPreparedStatementFailSyntax STANDARD_OUT
    [2021-05-29 05:45:46,240][INFO ][cluster.metadata         ] [Arachne] [test] deleting index
    [2021-05-29 05:45:46,291][INFO ][cluster.metadata         ] [Arachne] [test] creating index, cause [api], shards [1]/[0], mappings [default]

io.crate.client.jdbc.integrationtests.CrateJDBCIntegrationTest > testSelectWhenNothingMatches STANDARD_OUT
    [2021-05-29 05:45:46,506][INFO ][cluster.metadata         ] [Arachne] [test] update_mapping [default] (dynamic)
    [2021-05-29 05:45:46,537][INFO ][cluster.metadata         ] [Arachne] [test] deleting index
    [2021-05-29 05:45:46,585][INFO ][cluster.metadata         ] [Arachne] [test] creating index, cause [api], shards [1]/[0], mappings [default]
    [2021-05-29 05:45:46,642][INFO ][cluster.metadata         ] [Arachne] [test] update_mapping [default] (dynamic)
    [2021-05-29 05:45:46,827][INFO ][cluster.metadata         ] [Arachne] [test] deleting index

io.crate.client.jdbc.integrationtests.CrateJDBCIntegrationTest > testExecuteUpdateWhenNothingMatches STANDARD_OUT
    [2021-05-29 05:45:46,956][INFO ][cluster.metadata         ] [Arachne] [test] creating index, cause [api], shards [1]/[0], mappings [default]
    [2021-05-29 05:45:47,100][INFO ][cluster.metadata         ] [Arachne] [test] update_mapping [default] (dynamic)

io.crate.client.jdbc.integrationtests.CrateJDBCIntegrationTest > testConnectionWithCustomSchema STANDARD_OUT
    [2021-05-29 05:45:47,218][INFO ][cluster.metadata         ] [Arachne] [test] deleting index
    [2021-05-29 05:45:47,328][INFO ][cluster.metadata         ] [Arachne] [test] creating index, cause [api], shards [1]/[0], mappings [default]
    [2021-05-29 05:45:47,410][INFO ][cluster.metadata         ] [Arachne] [test] update_mapping [default] (dynamic)
    [2021-05-29 05:45:47,527][INFO ][cluster.metadata         ] [Arachne] [foo.t] creating index, cause [api], shards [5]/[0], mappings [default]
    [2021-05-29 05:45:47,934][INFO ][cluster.metadata         ] [Arachne] [bar.t] creating index, cause [api], shards [5]/[0], mappings [default]
    [2021-05-29 05:45:48,569][INFO ][cluster.metadata         ] [Arachne] [test] deleting index
    [2021-05-29 05:45:48,773][INFO ][cluster.metadata         ] [Arachne] [foo.t] deleting index
    [2021-05-29 05:45:48,848][INFO ][cluster.metadata         ] [Arachne] [bar.t] deleting index

io.crate.client.jdbc.integrationtests.CrateJDBCIntegrationTest > testExcludeNestedColumns STANDARD_OUT
    [2021-05-29 05:45:49,115][INFO ][cluster.metadata         ] [Arachne] [test] creating index, cause [api], shards [1]/[0], mappings [default]
    [2021-05-29 05:45:49,377][INFO ][cluster.metadata         ] [Arachne] [test] deleting index

io.crate.client.jdbc.integrationtests.CrateJDBCIntegrationTest > testExcludeNestedColumns FAILED
    java.lang.AssertionError at CrateJDBCIntegrationTest.java:224

io.crate.client.jdbc.integrationtests.CrateJDBCIntegrationTest > testExecuteBatchPreparedStatementFailOne STANDARD_OUT
    [2021-05-29 05:45:49,593][INFO ][cluster.metadata         ] [Arachne] [test] creating index, cause [api], shards [1]/[0], mappings [default]
    [2021-05-29 05:45:49,792][INFO ][cluster.metadata         ] [Arachne] [test] update_mapping [default] (dynamic)
    [2021-05-29 05:45:49,910][INFO ][cluster.metadata         ] [Arachne] [test] deleting index

io.crate.client.jdbc.integrationtests.CrateJDBCIntegrationTest > testExecuteBatchStatement STANDARD_OUT
    [2021-05-29 05:45:50,075][INFO ][cluster.metadata         ] [Arachne] [test] creating index, cause [api], shards [1]/[0], mappings [default]
    [2021-05-29 05:45:50,312][INFO ][cluster.metadata         ] [Arachne] [test] update_mapping [default] (dynamic)
    [2021-05-29 05:45:50,356][INFO ][cluster.metadata         ] [Arachne] [test] deleting index

io.crate.client.jdbc.integrationtests.CrateJDBCIntegrationTest > testTypesResponseNoResult STANDARD_OUT
    [2021-05-29 05:45:50,564][INFO ][cluster.metadata         ] [Arachne] [test] creating index, cause [api], shards [1]/[0], mappings [default]
    [2021-05-29 05:45:50,951][INFO ][cluster.metadata         ] [Arachne] [test] deleting index

io.crate.client.jdbc.integrationtests.CrateJDBCIntegrationTest > testSelectUsingPreparedStatement STANDARD_OUT
    [2021-05-29 05:45:51,122][INFO ][cluster.metadata         ] [Arachne] [test] creating index, cause [api], shards [1]/[0], mappings [default]
    [2021-05-29 05:45:51,217][INFO ][cluster.metadata         ] [Arachne] [test] update_mapping [default] (dynamic)

io.crate.client.jdbc.integrationtests.CrateJDBCIntegrationTest > testSelectAllTypes STANDARD_OUT
    [2021-05-29 05:45:51,314][INFO ][cluster.metadata         ] [Arachne] [test] deleting index
    [2021-05-29 05:45:51,364][INFO ][cluster.metadata         ] [Arachne] [test] creating index, cause [api], shards [1]/[0], mappings [default]
    [2021-05-29 05:45:51,452][INFO ][cluster.metadata         ] [Arachne] [test] update_mapping [default] (dynamic)

io.crate.client.jdbc.integrationtests.CrateJDBCIntegrationTest > testExecuteBatchPreparedStatement STANDARD_OUT
    [2021-05-29 05:45:51,574][INFO ][cluster.metadata         ] [Arachne] [test] deleting index
    [2021-05-29 05:45:51,617][INFO ][cluster.metadata         ] [Arachne] [test] creating index, cause [api], shards [1]/[0], mappings [default]
    [2021-05-29 05:45:51,699][INFO ][cluster.metadata         ] [Arachne] [test] update_mapping [default] (dynamic)
    [2021-05-29 05:45:51,900][INFO ][cluster.metadata         ] [Arachne] [test] deleting index

io.crate.client.jdbc.integrationtests.CrateJDBCIntegrationTest > testExecuteBatchPreparedStatementFailBulkTypes STANDARD_OUT
    [2021-05-29 05:45:51,960][INFO ][cluster.metadata         ] [Arachne] [test] creating index, cause [api], shards [1]/[0], mappings [default]
    [2021-05-29 05:45:52,001][INFO ][cluster.metadata         ] [Arachne] [test] update_mapping [default] (dynamic)

io.crate.client.jdbc.integrationtests.CrateJDBCIntegrationTest > testExecuteBatchStatementFail STANDARD_OUT
    [2021-05-29 05:45:52,130][INFO ][cluster.metadata         ] [Arachne] [test] deleting index
    [2021-05-29 05:45:52,181][INFO ][cluster.metadata         ] [Arachne] [test] creating index, cause [api], shards [1]/[0], mappings [default]
    [2021-05-29 05:45:52,207][INFO ][cluster.metadata         ] [Arachne] [test] update_mapping [default] (dynamic)

io.crate.client.jdbc.integrationtests.CrateJDBCIntegrationTest STANDARD_OUT
    Stopping crate server process...

io.crate.client.jdbc.integrationtests.CrateJDBCMultiServerIntegrationTest STANDARD_OUT
    Starting crate server process...
    Picked up _JAVA_OPTIONS: -Xmx1g -XX:MaxPermSize=256m
    Java HotSpot(TM) 64-Bit Server VM warning: ignoring option MaxPermSize=256m; support was removed in 8.0
    [2021-05-29 05:45:53,237][INFO ][node                     ] [Leap-Frog] version[1.4.4], pid[3981], build[${build/NA]
    [2021-05-29 05:45:53,238][INFO ][node                     ] [Leap-Frog] initializing ...
    [2021-05-29 05:45:53,349][INFO ][io.crate.plugin          ] [Leap-Frog] plugins loaded: [] 
    [2021-05-29 05:45:53,350][INFO ][plugins                  ] [Leap-Frog] loaded [crate-core], sites [crate-admin]
    [2021-05-29 05:45:53,369][INFO ][io.crate.plugin          ] [Leap-Frog] plugins loaded: [] 
    [2021-05-29 05:45:53,646][INFO ][io.crate.module          ] [Leap-Frog] configuring crate. version: 0.49.2
    [2021-05-29 05:45:56,754][INFO ][io.crate.rest            ] [Leap-Frog] Elasticsearch HTTP REST API not enabled
    [2021-05-29 05:45:56,824][INFO ][node                     ] [Leap-Frog] initialized
    [2021-05-29 05:45:56,825][INFO ][node                     ] [Leap-Frog] starting ...
    [2021-05-29 05:45:56,826][INFO ][io.crate.blob.BlobService] [Leap-Frog] BlobService.doStart() io.crate.blob.BlobService@5a30722c
    [2021-05-29 05:45:56,905][INFO ][http                     ] [Leap-Frog] bound_address {inet[/127.0.0.1:40763]}, publish_address {inet[/127.0.0.1:40763]}
    [2021-05-29 05:45:56,981][INFO ][transport                ] [Leap-Frog] bound_address {inet[/127.0.0.1:37511]}, publish_address {inet[/127.0.0.1:37511]}
    [2021-05-29 05:45:56,994][INFO ][discovery                ] [Leap-Frog] MultiServerJDBCTest/yUgRGfbSQTOpjoKQKmCm7A
    [2021-05-29 05:46:00,046][INFO ][cluster.service          ] [Leap-Frog] new_master [Leap-Frog][yUgRGfbSQTOpjoKQKmCm7A][cb76e3b1f0c1][inet[/127.0.0.1:37511]]{http_address=http://127.0.0.1:40763}, reason: zen-disco-join (elected_as_master)
    Starting crate server process...
    [2021-05-29 05:46:00,059][INFO ][node                     ] [Leap-Frog] started
    [2021-05-29 05:46:00,086][INFO ][gateway                  ] [Leap-Frog] recovered [0] indices into cluster_state
    Picked up _JAVA_OPTIONS: -Xmx1g -XX:MaxPermSize=256m
    Java HotSpot(TM) 64-Bit Server VM warning: ignoring option MaxPermSize=256m; support was removed in 8.0
    [2021-05-29 05:46:00,640][INFO ][node                     ] [Flint Marko] version[1.4.4], pid[4331], build[${build/NA]
    [2021-05-29 05:46:00,641][INFO ][node                     ] [Flint Marko] initializing ...
    [2021-05-29 05:46:00,767][INFO ][io.crate.plugin          ] [Flint Marko] plugins loaded: [] 
    [2021-05-29 05:46:00,769][INFO ][plugins                  ] [Flint Marko] loaded [crate-core], sites [crate-admin]
    [2021-05-29 05:46:00,801][INFO ][io.crate.plugin          ] [Flint Marko] plugins loaded: [] 
    [2021-05-29 05:46:01,122][INFO ][io.crate.module          ] [Flint Marko] configuring crate. version: 0.49.2
    [2021-05-29 05:46:04,017][INFO ][io.crate.rest            ] [Flint Marko] Elasticsearch HTTP REST API not enabled
    [2021-05-29 05:46:04,099][INFO ][node                     ] [Flint Marko] initialized
    [2021-05-29 05:46:04,100][INFO ][node                     ] [Flint Marko] starting ...
    [2021-05-29 05:46:04,101][INFO ][io.crate.blob.BlobService] [Flint Marko] BlobService.doStart() io.crate.blob.BlobService@5a30722c
    [2021-05-29 05:46:04,181][INFO ][http                     ] [Flint Marko] bound_address {inet[/127.0.0.1:44697]}, publish_address {inet[/127.0.0.1:44697]}
    [2021-05-29 05:46:04,280][INFO ][transport                ] [Flint Marko] bound_address {inet[/127.0.0.1:35495]}, publish_address {inet[/127.0.0.1:35495]}
    [2021-05-29 05:46:04,294][INFO ][discovery                ] [Flint Marko] MultiServerJDBCTest/OSh7XiVhR3uwrIaJQDxtwQ
    [2021-05-29 05:46:07,403][INFO ][cluster.service          ] [Flint Marko] detected_master [Leap-Frog][yUgRGfbSQTOpjoKQKmCm7A][cb76e3b1f0c1][inet[/127.0.0.1:37511]]{http_address=http://127.0.0.1:40763}, added {[Leap-Frog][yUgRGfbSQTOpjoKQKmCm7A][cb76e3b1f0c1][inet[/127.0.0.1:37511]]{http_address=http://127.0.0.1:40763},}, reason: zen-disco-receive(from master [[Leap-Frog][yUgRGfbSQTOpjoKQKmCm7A][cb76e3b1f0c1][inet[/127.0.0.1:37511]]{http_address=http://127.0.0.1:40763}])

io.crate.client.jdbc.integrationtests.CrateJDBCMultiServerIntegrationTest > testConnectToMultipleNodes STANDARD_OUT
    [2021-05-29 05:46:07,380][INFO ][cluster.service          ] [Leap-Frog] added {[Flint Marko][OSh7XiVhR3uwrIaJQDxtwQ][cb76e3b1f0c1][inet[/127.0.0.1:35495]]{http_address=http://127.0.0.1:44697},}, reason: zen-disco-receive(join from node[[Flint Marko][OSh7XiVhR3uwrIaJQDxtwQ][cb76e3b1f0c1][inet[/127.0.0.1:35495]]{http_address=http://127.0.0.1:44697}])

io.crate.client.jdbc.integrationtests.CrateJDBCMultiServerIntegrationTest STANDARD_OUT
    Stopping crate server process...
    [2021-05-29 05:46:08,329][INFO ][cluster.service          ] [Leap-Frog] removed {[Flint Marko][OSh7XiVhR3uwrIaJQDxtwQ][cb76e3b1f0c1][inet[/127.0.0.1:35495]]{http_address=http://127.0.0.1:44697},}, reason: zen-disco-node_left([Flint Marko][OSh7XiVhR3uwrIaJQDxtwQ][cb76e3b1f0c1][inet[/127.0.0.1:35495]]{http_address=http://127.0.0.1:44697})
    Stopping crate server process...

67 tests completed, 1 failed
:test FAILED

FAILURE: Build failed with an exception.

* What went wrong:
Execution failed for task ':test'.
> There were failing tests. See the report at: file:///home/travis/build/failed/crate/crate-jdbc/build/reports/tests/index.html

* Try:
Run with --info or --debug option to get more log output.

* Exception is:
org.gradle.api.tasks.TaskExecutionException: Execution failed for task ':test'.
	at org.gradle.api.internal.tasks.execution.ExecuteActionsTaskExecuter.executeActions(ExecuteActionsTaskExecuter.java:69)
	at org.gradle.api.internal.tasks.execution.ExecuteActionsTaskExecuter.execute(ExecuteActionsTaskExecuter.java:46)
	at org.gradle.api.internal.tasks.execution.PostExecutionAnalysisTaskExecuter.execute(PostExecutionAnalysisTaskExecuter.java:35)
	at org.gradle.api.internal.tasks.execution.SkipUpToDateTaskExecuter.execute(SkipUpToDateTaskExecuter.java:64)
	at org.gradle.api.internal.tasks.execution.ValidatingTaskExecuter.execute(ValidatingTaskExecuter.java:58)
	at org.gradle.api.internal.tasks.execution.SkipEmptySourceFilesTaskExecuter.execute(SkipEmptySourceFilesTaskExecuter.java:42)
	at org.gradle.api.internal.tasks.execution.SkipTaskWithNoActionsExecuter.execute(SkipTaskWithNoActionsExecuter.java:52)
	at org.gradle.api.internal.tasks.execution.SkipOnlyIfTaskExecuter.execute(SkipOnlyIfTaskExecuter.java:53)
	at org.gradle.api.internal.tasks.execution.ExecuteAtMostOnceTaskExecuter.execute(ExecuteAtMostOnceTaskExecuter.java:43)
	at org.gradle.api.internal.AbstractTask.executeWithoutThrowingTaskFailure(AbstractTask.java:305)
	at org.gradle.execution.taskgraph.AbstractTaskPlanExecutor$TaskExecutorWorker.executeTask(AbstractTaskPlanExecutor.java:79)
	at org.gradle.execution.taskgraph.AbstractTaskPlanExecutor$TaskExecutorWorker.processTask(AbstractTaskPlanExecutor.java:63)
	at org.gradle.execution.taskgraph.AbstractTaskPlanExecutor$TaskExecutorWorker.run(AbstractTaskPlanExecutor.java:51)
	at org.gradle.execution.taskgraph.DefaultTaskPlanExecutor.process(DefaultTaskPlanExecutor.java:23)
	at org.gradle.execution.taskgraph.DefaultTaskGraphExecuter.execute(DefaultTaskGraphExecuter.java:88)
	at org.gradle.execution.SelectedTaskExecutionAction.execute(SelectedTaskExecutionAction.java:29)
	at org.gradle.execution.DefaultBuildExecuter.execute(DefaultBuildExecuter.java:62)
	at org.gradle.execution.DefaultBuildExecuter.access$200(DefaultBuildExecuter.java:23)
	at org.gradle.execution.DefaultBuildExecuter$2.proceed(DefaultBuildExecuter.java:68)
	at org.gradle.execution.DryRunBuildExecutionAction.execute(DryRunBuildExecutionAction.java:32)
	at org.gradle.execution.DefaultBuildExecuter.execute(DefaultBuildExecuter.java:62)
	at org.gradle.execution.DefaultBuildExecuter.execute(DefaultBuildExecuter.java:55)
	at org.gradle.initialization.DefaultGradleLauncher.doBuildStages(DefaultGradleLauncher.java:149)
	at org.gradle.initialization.DefaultGradleLauncher.doBuild(DefaultGradleLauncher.java:106)
	at org.gradle.initialization.DefaultGradleLauncher.run(DefaultGradleLauncher.java:86)
	at org.gradle.launcher.exec.InProcessBuildActionExecuter$DefaultBuildController.run(InProcessBuildActionExecuter.java:80)
	at org.gradle.launcher.cli.ExecuteBuildAction.run(ExecuteBuildAction.java:33)
	at org.gradle.launcher.cli.ExecuteBuildAction.run(ExecuteBuildAction.java:24)
	at org.gradle.launcher.exec.InProcessBuildActionExecuter.execute(InProcessBuildActionExecuter.java:36)
	at org.gradle.launcher.exec.InProcessBuildActionExecuter.execute(InProcessBuildActionExecuter.java:26)
	at org.gradle.launcher.cli.RunBuildAction.run(RunBuildAction.java:51)
	at org.gradle.internal.Actions$RunnableActionAdapter.execute(Actions.java:171)
	at org.gradle.launcher.cli.CommandLineActionFactory$ParseAndBuildAction.execute(CommandLineActionFactory.java:237)
	at org.gradle.launcher.cli.CommandLineActionFactory$ParseAndBuildAction.execute(CommandLineActionFactory.java:210)
	at org.gradle.launcher.cli.JavaRuntimeValidationAction.execute(JavaRuntimeValidationAction.java:35)
	at org.gradle.launcher.cli.JavaRuntimeValidationAction.execute(JavaRuntimeValidationAction.java:24)
	at org.gradle.launcher.cli.CommandLineActionFactory$WithLogging.execute(CommandLineActionFactory.java:206)
	at org.gradle.launcher.cli.CommandLineActionFactory$WithLogging.execute(CommandLineActionFactory.java:169)
	at org.gradle.launcher.cli.ExceptionReportingAction.execute(ExceptionReportingAction.java:33)
	at org.gradle.launcher.cli.ExceptionReportingAction.execute(ExceptionReportingAction.java:22)
	at org.gradle.launcher.Main.doAction(Main.java:33)
	at org.gradle.launcher.bootstrap.EntryPoint.run(EntryPoint.java:45)
	at org.gradle.launcher.bootstrap.ProcessBootstrap.runNoExit(ProcessBootstrap.java:54)
	at org.gradle.launcher.bootstrap.ProcessBootstrap.run(ProcessBootstrap.java:35)
	at org.gradle.launcher.GradleMain.main(GradleMain.java:23)
	at org.gradle.wrapper.BootstrapMainStarter.start(BootstrapMainStarter.java:30)
	at org.gradle.wrapper.WrapperExecutor.execute(WrapperExecutor.java:127)
	at org.gradle.wrapper.GradleWrapperMain.main(GradleWrapperMain.java:55)
Caused by: org.gradle.api.GradleException: There were failing tests. See the report at: file:///home/travis/build/failed/crate/crate-jdbc/build/reports/tests/index.html
	at org.gradle.api.tasks.testing.Test.handleTestFailures(Test.java:1111)
	at org.gradle.api.tasks.testing.Test.executeTests(Test.java:542)
	at org.gradle.internal.reflect.JavaMethod.invoke(JavaMethod.java:63)
	at org.gradle.api.internal.project.taskfactory.AnnotationProcessingTaskFactory$StandardTaskAction.doExecute(AnnotationProcessingTaskFactory.java:218)
	at org.gradle.api.internal.project.taskfactory.AnnotationProcessingTaskFactory$StandardTaskAction.execute(AnnotationProcessingTaskFactory.java:211)
	at org.gradle.api.internal.project.taskfactory.AnnotationProcessingTaskFactory$StandardTaskAction.execute(AnnotationProcessingTaskFactory.java:200)
	at org.gradle.api.internal.AbstractTask$TaskActionWrapper.execute(AbstractTask.java:579)
	at org.gradle.api.internal.AbstractTask$TaskActionWrapper.execute(AbstractTask.java:562)
	at org.gradle.api.internal.tasks.execution.ExecuteActionsTaskExecuter.executeAction(ExecuteActionsTaskExecuter.java:80)
	at org.gradle.api.internal.tasks.execution.ExecuteActionsTaskExecuter.executeActions(ExecuteActionsTaskExecuter.java:61)
	... 47 more


BUILD FAILED

Total time: 1 mins 15.067 secs

travis_time:end:0788b60e:start=1622267094080867023,finish=1622267169612355691,duration=75531488668[0K
[31;1mThe command "./gradlew test -s" exited with 1.[0m
travis_fold:start:cache.2[0Kstore build cache
travis_time:start:05c9fa3c[0K
travis_time:end:05c9fa3c:start=1622267169623777013,finish=1622267169636850452,duration=13073439[0Ktravis_time:start:1113b058[0K/home/travis/.casher/bin/casher:190: warning: Insecure world writable dir /home/travis/build/failed/crate/crate-jdbc/. in PATH, mode 040777
[32;1mchanges detected, packing new archive[0m
/home/travis/.casher/bin/casher:213:in `cache_archive_name': undefined method `[]' for nil:NilClass (NoMethodError)
	from /home/travis/.casher/bin/casher:143:in `push'
	from /home/travis/.casher/bin/casher:53:in `block in run'
	from /home/travis/.rvm/rubies/ruby-1.9.3-p551/lib/ruby/1.9.1/timeout.rb:69:in `timeout'
	from /home/travis/.casher/bin/casher:53:in `run'
	from /home/travis/.casher/bin/casher:263:in `<main>'

travis_time:end:1113b058:start=1622267169645084713,finish=1622267171467512321,duration=1822427608[0Ktravis_fold:end:cache.2[0K
Done. Your build exited with 1.
