travis_time:start:043d11b9[0Ktravis_time:end:043d11b9:start=1622278865862011099,finish=1622278866036822105,duration=174811006,event=no_world_writable_dirs[0Ktravis_time:start:30f62372[0Ktravis_time:end:30f62372:start=1622278866044651063,finish=1622278866049513204,duration=4862141,event=check_unsupported[0Ktravis_time:start:002c4b60[0Ktravis_fold:start:system_info[0K[33;1mBuild system information[0m
Build language: java
Build group: stable
Build dist: precise
Build id: ''
Job id: ''
Runtime kernel version: 4.15.0-109-generic
[34m[1mBuild image provisioning date and time[0m
Thu Feb  5 15:09:33 UTC 2015
[34m[1mOperating System Details[0m
Distributor ID:	Ubuntu
Description:	Ubuntu 12.04.5 LTS
Release:	12.04
Codename:	precise
[34m[1mLinux Version[0m
3.13.0-29-generic
[34m[1mCookbooks Version[0m
a68419e https://github.com/travis-ci/travis-cookbooks/tree/a68419e
[34m[1mGCC version[0m
gcc (Ubuntu/Linaro 4.6.3-1ubuntu5) 4.6.3
Copyright (C) 2011 Free Software Foundation, Inc.
This is free software; see the source for copying conditions.  There is NO
warranty; not even for MERCHANTABILITY or FITNESS FOR A PARTICULAR PURPOSE.

[34m[1mLLVM version[0m
clang version 3.4 (tags/RELEASE_34/final)
Target: x86_64-unknown-linux-gnu
Thread model: posix
[34m[1mPre-installed Ruby versions[0m
ruby-1.9.3-p551
[34m[1mPre-installed Node.js versions[0m
v0.10.36
[34m[1mPre-installed Go versions[0m
1.4.1
[34m[1mRedis version[0m
redis-server 2.8.19
[34m[1mriak version[0m
2.0.2
[34m[1mMongoDB version[0m
MongoDB 2.4.12
[34m[1mCouchDB version[0m
couchdb 1.6.1
[34m[1mNeo4j version[0m
1.9.4
[34m[1mRabbitMQ Version[0m
3.4.3
[34m[1mElasticSearch version[0m
1.4.0
[34m[1mInstalled Sphinx versions[0m
2.0.10
2.1.9
2.2.6
[34m[1mDefault Sphinx version[0m
2.2.6
[34m[1mInstalled Firefox version[0m
firefox 31.0esr
[34m[1mPhantomJS version[0m
1.9.8
[34m[1mant -version[0m
Apache Ant(TM) version 1.8.2 compiled on December 3 2011
[34m[1mmvn -version[0m
Apache Maven 3.2.5 (12a6b3acb947671f09b81f49094c53f426d8cea1; 2014-12-14T17:29:23+00:00)
Maven home: /usr/local/maven
Java version: 1.7.0_76, vendor: Oracle Corporation
Java home: /usr/lib/jvm/java-7-oracle/jre
Default locale: en_US, platform encoding: ANSI_X3.4-1968
OS name: "linux", version: "3.13.0-29-generic", arch: "amd64", family: "unix"
travis_fold:end:system_info[0K
travis_time:end:002c4b60:start=1622278866056859252,finish=1622278866067051918,duration=10192666,event=show_system_info[0Ktravis_time:start:03282228[0Ktravis_time:end:03282228:start=1622278866074101544,finish=1622278866110092057,duration=35990513,event=rm_riak_source[0Ktravis_time:start:074695a0[0Ktravis_time:end:074695a0:start=1622278866117167024,finish=1622278866129876824,duration=12709800,event=fix_rwky_redis[0Ktravis_time:start:03796a4c[0K[31;1mTimeout waiting for network availability.[0m
travis_time:end:03796a4c:start=1622278866137112881,finish=1622278886954063741,duration=20816950860,event=wait_for_network[0Ktravis_time:start:1cee9418[0Ktravis_time:end:1cee9418:start=1622278886959625558,finish=1622278889286812517,duration=2327186959,event=update_apt_keys[0Ktravis_time:start:1ac5b790[0Ktravis_time:end:1ac5b790:start=1622278889292905193,finish=1622278889358934475,duration=66029282,event=fix_hhvm_source[0Ktravis_time:start:02c5b672[0Ktravis_time:end:02c5b672:start=1622278889365246313,finish=1622278889371146383,duration=5900070,event=update_mongo_arch[0Ktravis_time:start:00b61a8a[0Ktravis_time:end:00b61a8a:start=1622278889377970013,finish=1622278889427149474,duration=49179461,event=fix_sudo_enabled_trusty[0Ktravis_time:start:02df8958[0Ktravis_time:end:02df8958:start=1622278889433385909,finish=1622278889447155800,duration=13769891,event=clean_up_path[0Ktravis_time:start:12a27f8c[0Ktravis_time:end:12a27f8c:start=1622278889451904270,finish=1622278889463409659,duration=11505389,event=fix_resolv_conf[0Ktravis_time:start:14f2ff3c[0Ktravis_time:end:14f2ff3c:start=1622278889469107568,finish=1622278889481815921,duration=12708353,event=fix_etc_hosts[0Ktravis_time:start:01bf3577[0Ktravis_time:start:00588522[0Ktravis_time:end:00588522:start=1622278889544705262,finish=1622278889564098050,duration=19392788,event=no_ipv6_localhost[0Ktravis_time:start:1367086b[0Ktravis_time:end:1367086b:start=1622278889570159354,finish=1622278889608800845,duration=38641491,event=fix_etc_mavenrc[0Ktravis_time:start:25f991f4[0Ktravis_time:end:25f991f4:start=1622278889614905011,finish=1622278889620762119,duration=5857108,event=fix_wwdr_certificate[0Ktravis_time:start:162fcae0[0Ktravis_time:end:162fcae0:start=1622278889626610108,finish=1622278889663781099,duration=37170991,event=put_localhost_first[0Ktravis_time:start:251af985[0Ktravis_time:end:251af985:start=1622278889668754576,finish=1622278889672890637,duration=4136061,event=home_paths[0Ktravis_time:start:0316676b[0Ktravis_time:end:0316676b:start=1622278889679312299,finish=1622278889737657644,duration=58345345,event=disable_initramfs[0Ktravis_time:start:0288f78a[0Ktravis_time:end:0288f78a:start=1622278889743372596,finish=1622278889760313074,duration=16940478,event=disable_ssh_roaming[0Ktravis_time:start:040d5188[0Ktravis_time:end:040d5188:start=1622278889766192473,finish=1622278889770483969,duration=4291496,event=debug_tools[0Ktravis_time:start:0a6205d9[0Ktravis_time:end:0a6205d9:start=1622278889776385681,finish=1622278889782652261,duration=6266580,event=uninstall_oclint[0Ktravis_time:start:2821e480[0Ktravis_time:end:2821e480:start=1622278889788841043,finish=1622278889794835696,duration=5994653,event=rvm_use[0Ktravis_time:start:03300d1a[0Ktravis_time:end:03300d1a:start=1622278889801078296,finish=1622278889815021092,duration=13942796,event=rm_etc_boto_cfg[0Ktravis_time:start:28f04acf[0Ktravis_time:end:28f04acf:start=1622278889821629687,finish=1622278889826951563,duration=5321876,event=rm_oraclejdk8_symlink[0Ktravis_time:start:07423221[0Ktravis_time:end:07423221:start=1622278889833006388,finish=1622278889893065568,duration=60059180,event=enable_i386[0Ktravis_time:start:08a51b67[0Ktravis_time:end:08a51b67:start=1622278889900840992,finish=1622278889908496951,duration=7655959,event=update_rubygems[0Ktravis_time:start:0ba72af8[0Ktravis_time:end:0ba72af8:start=1622278889914366819,finish=1622278889922901925,duration=8535106,event=ensure_path_components[0Ktravis_time:start:140580d7[0Ktravis_time:end:140580d7:start=1622278889928783269,finish=1622278889933814999,duration=5031730,event=redefine_curl[0Ktravis_time:start:0c287d00[0Ktravis_time:end:0c287d00:start=1622278889939787616,finish=1622278889943368221,duration=3580605,event=nonblock_pipe[0Ktravis_time:start:0966e456[0Ktravis_time:end:0966e456:start=1622278889948643414,finish=1622278892996195110,duration=3047551696,event=apt_get_update[0Ktravis_time:start:01be1acb[0Ktravis_time:end:01be1acb:start=1622278893001962125,finish=1622278893006628749,duration=4666624,event=deprecate_xcode_64[0Ktravis_time:start:0c478cb2[0Ktravis_time:end:0c478cb2:start=1622278893011416438,finish=1622278893018029307,duration=6612869,event=update_heroku[0Ktravis_time:start:0617c033[0Ktravis_time:end:0617c033:start=1622278893022382504,finish=1622278893026300403,duration=3917899,event=shell_session_update[0Ktravis_time:start:2bd45041[0Ktravis_fold:start:docker_mtu[0Ktee: /etc/docker/daemon.json: No such file or directory
docker: unrecognized service
travis_fold:end:docker_mtu[0Ktravis_time:end:2bd45041:start=1622278893031075254,finish=1622278893105999660,duration=74924406,event=set_docker_mtu[0Ktravis_time:start:33186d60[0Ktravis_time:end:33186d60:start=1622278893112034679,finish=1622278893124270147,duration=12235468,event=resolvconf[0K
travis_fold:start:install_jdk[0K[33;1mInstalling oraclejdk8[0m
$ jdk_switcher use "oraclejdk8"
Switching to Oracle JDK8 (java-8-oracle), JAVA_HOME will be set to /usr/lib/jvm/java-8-oracle
travis_fold:end:install_jdk[0Ktravis_time:start:148540bc[0Ktravis_time:end:148540bc:start=1622278893144853077,finish=1622278893148754800,duration=3901723,event=fix_ps4[0Ktravis_time:start:0db26b20[0K
$ cd failed/jprante/elasticsearch-jdbc

travis_time:end:0db26b20:start=1622278893154388092,finish=1622278893186741216,duration=32353124,event=checkout[0Ktravis_time:start:13c0386c[0Ktravis_time:end:13c0386c:start=1622278893192718673,finish=1622278893313108057,duration=120389384,event=env[0K$ export TERM=dumb
$ java -Xmx32m -version
java version "1.8.0_31"
Java(TM) SE Runtime Environment (build 1.8.0_31-b13)
Java HotSpot(TM) 64-Bit Server VM (build 25.31-b07, mixed mode)
$ javac -J-Xmx32m -version
javac 1.8.0_31
travis_fold:start:install[0Ktravis_time:start:076cbd20[0K$ gradle assemble
:compileJava
Download https://repo1.maven.org/maven2/org/elasticsearch/elasticsearch/2.2.0/elasticsearch-2.2.0.pom
Download https://repo1.maven.org/maven2/org/elasticsearch/parent/2.2.0/parent-2.2.0.pom
Download https://repo1.maven.org/maven2/org/sonatype/oss/oss-parent/7/oss-parent-7.pom
Download https://repo1.maven.org/maven2/org/apache/logging/log4j/log4j-slf4j-impl/2.5/log4j-slf4j-impl-2.5.pom
Download https://repo1.maven.org/maven2/org/apache/logging/log4j/log4j/2.5/log4j-2.5.pom
Download https://repo1.maven.org/maven2/org/apache/apache/9/apache-9.pom
Download https://repo1.maven.org/maven2/org/apache/logging/log4j/log4j-core/2.5/log4j-core-2.5.pom
Download https://repo1.maven.org/maven2/com/vividsolutions/jts/1.13/jts-1.13.pom
Download https://repo1.maven.org/maven2/org/apache/lucene/lucene-core/5.4.1/lucene-core-5.4.1.pom
Download https://repo1.maven.org/maven2/org/apache/lucene/lucene-parent/5.4.1/lucene-parent-5.4.1.pom
Download https://repo1.maven.org/maven2/org/apache/lucene/lucene-solr-grandparent/5.4.1/lucene-solr-grandparent-5.4.1.pom
Download https://repo1.maven.org/maven2/org/apache/apache/13/apache-13.pom
Download https://repo1.maven.org/maven2/org/apache/lucene/lucene-backward-codecs/5.4.1/lucene-backward-codecs-5.4.1.pom
Download https://repo1.maven.org/maven2/org/apache/lucene/lucene-analyzers-common/5.4.1/lucene-analyzers-common-5.4.1.pom
Download https://repo1.maven.org/maven2/org/apache/lucene/lucene-queries/5.4.1/lucene-queries-5.4.1.pom
Download https://repo1.maven.org/maven2/org/apache/lucene/lucene-memory/5.4.1/lucene-memory-5.4.1.pom
Download https://repo1.maven.org/maven2/org/apache/lucene/lucene-highlighter/5.4.1/lucene-highlighter-5.4.1.pom
Download https://repo1.maven.org/maven2/org/apache/lucene/lucene-queryparser/5.4.1/lucene-queryparser-5.4.1.pom
Download https://repo1.maven.org/maven2/org/apache/lucene/lucene-suggest/5.4.1/lucene-suggest-5.4.1.pom
Download https://repo1.maven.org/maven2/org/apache/lucene/lucene-join/5.4.1/lucene-join-5.4.1.pom
Download https://repo1.maven.org/maven2/org/apache/lucene/lucene-spatial/5.4.1/lucene-spatial-5.4.1.pom
Download https://repo1.maven.org/maven2/com/google/guava/guava/18.0/guava-18.0.pom
Download https://repo1.maven.org/maven2/com/google/guava/guava-parent/18.0/guava-parent-18.0.pom
Download https://repo1.maven.org/maven2/org/elasticsearch/securesm/1.0/securesm-1.0.pom
Download https://repo1.maven.org/maven2/com/carrotsearch/hppc/0.7.1/hppc-0.7.1.pom
Download https://repo1.maven.org/maven2/com/carrotsearch/hppc-parent/0.7.1/hppc-parent-0.7.1.pom
Download https://repo1.maven.org/maven2/org/sonatype/oss/oss-parent/9/oss-parent-9.pom
Download https://repo1.maven.org/maven2/joda-time/joda-time/2.8.2/joda-time-2.8.2.pom
Download https://repo1.maven.org/maven2/org/joda/joda-convert/1.2/joda-convert-1.2.pom
Download https://repo1.maven.org/maven2/com/fasterxml/jackson/core/jackson-core/2.6.2/jackson-core-2.6.2.pom
Download https://repo1.maven.org/maven2/com/fasterxml/jackson/jackson-parent/2.6.1/jackson-parent-2.6.1.pom
Download https://repo1.maven.org/maven2/com/fasterxml/oss-parent/23/oss-parent-23.pom
Download https://repo1.maven.org/maven2/com/fasterxml/jackson/dataformat/jackson-dataformat-smile/2.6.2/jackson-dataformat-smile-2.6.2.pom
Download https://repo1.maven.org/maven2/com/fasterxml/jackson/dataformat/jackson-dataformat-yaml/2.6.2/jackson-dataformat-yaml-2.6.2.pom
Download https://repo1.maven.org/maven2/com/fasterxml/jackson/dataformat/jackson-dataformat-cbor/2.6.2/jackson-dataformat-cbor-2.6.2.pom
Download https://repo1.maven.org/maven2/io/netty/netty/3.10.5.Final/netty-3.10.5.Final.pom
Download https://repo1.maven.org/maven2/com/ning/compress-lzf/1.0.2/compress-lzf-1.0.2.pom
Download https://repo1.maven.org/maven2/com/tdunning/t-digest/3.0/t-digest-3.0.pom
Download https://repo1.maven.org/maven2/org/hdrhistogram/HdrHistogram/2.1.6/HdrHistogram-2.1.6.pom
Download https://repo1.maven.org/maven2/commons-cli/commons-cli/1.3.1/commons-cli-1.3.1.pom
Download https://repo1.maven.org/maven2/org/apache/commons/commons-parent/37/commons-parent-37.pom
Download https://repo1.maven.org/maven2/org/apache/apache/16/apache-16.pom
Download https://repo1.maven.org/maven2/com/twitter/jsr166e/1.1.0/jsr166e-1.1.0.pom
Download https://repo1.maven.org/maven2/org/slf4j/slf4j-api/1.7.12/slf4j-api-1.7.12.pom
Download https://repo1.maven.org/maven2/org/slf4j/slf4j-parent/1.7.12/slf4j-parent-1.7.12.pom
Download https://repo1.maven.org/maven2/org/apache/logging/log4j/log4j-api/2.5/log4j-api-2.5.pom
Download https://repo1.maven.org/maven2/org/apache/lucene/lucene-sandbox/5.4.1/lucene-sandbox-5.4.1.pom
Download https://repo1.maven.org/maven2/org/apache/lucene/lucene-misc/5.4.1/lucene-misc-5.4.1.pom
Download https://repo1.maven.org/maven2/org/apache/lucene/lucene-grouping/5.4.1/lucene-grouping-5.4.1.pom
Download https://repo1.maven.org/maven2/org/apache/lucene/lucene-spatial3d/5.4.1/lucene-spatial3d-5.4.1.pom
Download https://repo1.maven.org/maven2/com/spatial4j/spatial4j/0.5/spatial4j-0.5.pom
Download https://repo1.maven.org/maven2/org/yaml/snakeyaml/1.15/snakeyaml-1.15.pom

FAILURE: Build failed with an exception.

* What went wrong:
Could not resolve all dependencies for configuration ':compile'.
> Could not find org.xbib.elasticsearch.plugins:elasticsearch-helper:2.2.0.0.
  Searched in the following locations:
      file:/home/travis/.m2/repository/org/xbib/elasticsearch/plugins/elasticsearch-helper/2.2.0.0/elasticsearch-helper-2.2.0.0.pom
      file:/home/travis/.m2/repository/org/xbib/elasticsearch/plugins/elasticsearch-helper/2.2.0.0/elasticsearch-helper-2.2.0.0.jar
      https://repo1.maven.org/maven2/org/xbib/elasticsearch/plugins/elasticsearch-helper/2.2.0.0/elasticsearch-helper-2.2.0.0.pom
      https://repo1.maven.org/maven2/org/xbib/elasticsearch/plugins/elasticsearch-helper/2.2.0.0/elasticsearch-helper-2.2.0.0.jar
      https://jcenter.bintray.com/org/xbib/elasticsearch/plugins/elasticsearch-helper/2.2.0.0/elasticsearch-helper-2.2.0.0.pom
      https://jcenter.bintray.com/org/xbib/elasticsearch/plugins/elasticsearch-helper/2.2.0.0/elasticsearch-helper-2.2.0.0.jar
      https://xbib.org/repository/org/xbib/elasticsearch/plugins/elasticsearch-helper/2.2.0.0/elasticsearch-helper-2.2.0.0.pom
      https://xbib.org/repository/org/xbib/elasticsearch/plugins/elasticsearch-helper/2.2.0.0/elasticsearch-helper-2.2.0.0.jar
  Required by:
      org.xbib.elasticsearch.importer:elasticsearch-jdbc:2.2.0.0

* Try:
Run with --stacktrace option to get the stack trace. Run with --info or --debug option to get more log output.

BUILD FAILED

Total time: 14.16 secs

[31;1mThe command "eval gradle assemble " failed. Retrying, 2 of 3.[0m

:compileJava

FAILURE: Build failed with an exception.

* What went wrong:
Could not resolve all dependencies for configuration ':compile'.
> Could not find org.xbib.elasticsearch.plugins:elasticsearch-helper:2.2.0.0.
  Searched in the following locations:
      file:/home/travis/.m2/repository/org/xbib/elasticsearch/plugins/elasticsearch-helper/2.2.0.0/elasticsearch-helper-2.2.0.0.pom
      file:/home/travis/.m2/repository/org/xbib/elasticsearch/plugins/elasticsearch-helper/2.2.0.0/elasticsearch-helper-2.2.0.0.jar
      https://repo1.maven.org/maven2/org/xbib/elasticsearch/plugins/elasticsearch-helper/2.2.0.0/elasticsearch-helper-2.2.0.0.pom
      https://repo1.maven.org/maven2/org/xbib/elasticsearch/plugins/elasticsearch-helper/2.2.0.0/elasticsearch-helper-2.2.0.0.jar
      https://jcenter.bintray.com/org/xbib/elasticsearch/plugins/elasticsearch-helper/2.2.0.0/elasticsearch-helper-2.2.0.0.pom
      https://jcenter.bintray.com/org/xbib/elasticsearch/plugins/elasticsearch-helper/2.2.0.0/elasticsearch-helper-2.2.0.0.jar
      https://xbib.org/repository/org/xbib/elasticsearch/plugins/elasticsearch-helper/2.2.0.0/elasticsearch-helper-2.2.0.0.pom
      https://xbib.org/repository/org/xbib/elasticsearch/plugins/elasticsearch-helper/2.2.0.0/elasticsearch-helper-2.2.0.0.jar
  Required by:
      org.xbib.elasticsearch.importer:elasticsearch-jdbc:2.2.0.0

* Try:
Run with --stacktrace option to get the stack trace. Run with --info or --debug option to get more log output.

BUILD FAILED

Total time: 6.087 secs

[31;1mThe command "eval gradle assemble " failed. Retrying, 3 of 3.[0m

:compileJava

FAILURE: Build failed with an exception.

* What went wrong:
Could not resolve all dependencies for configuration ':compile'.
> Could not find org.xbib.elasticsearch.plugins:elasticsearch-helper:2.2.0.0.
  Searched in the following locations:
      file:/home/travis/.m2/repository/org/xbib/elasticsearch/plugins/elasticsearch-helper/2.2.0.0/elasticsearch-helper-2.2.0.0.pom
      file:/home/travis/.m2/repository/org/xbib/elasticsearch/plugins/elasticsearch-helper/2.2.0.0/elasticsearch-helper-2.2.0.0.jar
      https://repo1.maven.org/maven2/org/xbib/elasticsearch/plugins/elasticsearch-helper/2.2.0.0/elasticsearch-helper-2.2.0.0.pom
      https://repo1.maven.org/maven2/org/xbib/elasticsearch/plugins/elasticsearch-helper/2.2.0.0/elasticsearch-helper-2.2.0.0.jar
      https://jcenter.bintray.com/org/xbib/elasticsearch/plugins/elasticsearch-helper/2.2.0.0/elasticsearch-helper-2.2.0.0.pom
      https://jcenter.bintray.com/org/xbib/elasticsearch/plugins/elasticsearch-helper/2.2.0.0/elasticsearch-helper-2.2.0.0.jar
      https://xbib.org/repository/org/xbib/elasticsearch/plugins/elasticsearch-helper/2.2.0.0/elasticsearch-helper-2.2.0.0.pom
      https://xbib.org/repository/org/xbib/elasticsearch/plugins/elasticsearch-helper/2.2.0.0/elasticsearch-helper-2.2.0.0.jar
  Required by:
      org.xbib.elasticsearch.importer:elasticsearch-jdbc:2.2.0.0

* Try:
Run with --stacktrace option to get the stack trace. Run with --info or --debug option to get more log output.

BUILD FAILED

Total time: 6.066 secs

[31;1mThe command "eval gradle assemble " failed 3 times.[0m

travis_time:end:076cbd20:start=1622278893635297975,finish=1622278927292246784,duration=33656948809,event=install[0K[31;1mThe command "gradle assemble" failed and exited with 1 during .[0m

Your build has been stopped.
