travis_time:start:0e83967d[0Ktravis_time:end:0e83967d:start=1622281880875399271,finish=1622281881298223202,duration=422823931,event=no_world_writable_dirs[0Ktravis_time:start:1ce8d75a[0Ktravis_time:end:1ce8d75a:start=1622281881305500589,finish=1622281881313214952,duration=7714363,event=check_unsupported[0Ktravis_time:start:011f56e8[0Ktravis_fold:start:system_info[0K[33;1mBuild system information[0m
Build language: node_js
Build group: stable
Build dist: trusty
Build id: ''
Job id: ''
Runtime kernel version: 4.15.0-109-generic
[34m[1mBuild image provisioning date and time[0m
Tue Dec  5 20:11:19 UTC 2017
[34m[1mOperating System Details[0m
Distributor ID:	Ubuntu
Description:	Ubuntu 14.04.5 LTS
Release:	14.04
Codename:	trusty
[34m[1mCookbooks Version[0m
7c2c6a6 https://github.com/travis-ci/travis-cookbooks/tree/7c2c6a6
[34m[1mgit version[0m
git version 2.15.1
[34m[1mbash version[0m
GNU bash, version 4.3.11(1)-release (x86_64-pc-linux-gnu)
[34m[1mgcc version[0m
gcc (Ubuntu 4.8.4-2ubuntu1~14.04.3) 4.8.4
Copyright (C) 2013 Free Software Foundation, Inc.
This is free software; see the source for copying conditions.  There is NO
warranty; not even for MERCHANTABILITY or FITNESS FOR A PARTICULAR PURPOSE.

[34m[1mdocker version[0m
Client:
 Version:      17.09.0-ce
 API version:  1.32
 Go version:   go1.8.3
 Git commit:   afdb6d4
 Built:        Tue Sep 26 22:39:28 2017
 OS/Arch:      linux/amd64
[34m[1mclang version[0m
clang version 5.0.0 (tags/RELEASE_500/final)
Target: x86_64-unknown-linux-gnu
Thread model: posix
InstalledDir: /usr/local/clang-5.0.0/bin
[34m[1mjq version[0m
jq-1.5
[34m[1mbats version[0m
Bats 0.4.0
[34m[1mshellcheck version[0m
0.4.6
[34m[1mshfmt version[0m
v2.0.0
[34m[1mccache version[0m
ccache version 3.1.9

Copyright (C) 2002-2007 Andrew Tridgell
Copyright (C) 2009-2011 Joel Rosdahl

This program is free software; you can redistribute it and/or modify it under
the terms of the GNU General Public License as published by the Free Software
Foundation; either version 3 of the License, or (at your option) any later
version.
[34m[1mcmake version[0m
cmake version 3.9.2

CMake suite maintained and supported by Kitware (kitware.com/cmake).
[34m[1mheroku version[0m
heroku-cli/6.14.39-addc925 (linux-x64) node-v9.2.0
[34m[1mimagemagick version[0m
Version: ImageMagick 6.7.7-10 2017-07-31 Q16 http://www.imagemagick.org
[34m[1mmd5deep version[0m
4.2
[34m[1mmercurial version[0m
Mercurial Distributed SCM (version 4.2.2)
(see https://mercurial-scm.org for more information)

Copyright (C) 2005-2017 Matt Mackall and others
This is free software; see the source for copying conditions. There is NO
warranty; not even for MERCHANTABILITY or FITNESS FOR A PARTICULAR PURPOSE.
[34m[1mmysql version[0m
mysql  Ver 14.14 Distrib 5.6.33, for debian-linux-gnu (x86_64) using  EditLine wrapper
[34m[1mopenssl version[0m
OpenSSL 1.0.1f 6 Jan 2014
[34m[1mpacker version[0m
Packer v1.0.2

Your version of Packer is out of date! The latest version
is 1.1.2. You can update by downloading from www.packer.io
[34m[1mpostgresql client version[0m
psql (PostgreSQL) 9.6.6
[34m[1mragel version[0m
Ragel State Machine Compiler version 6.8 Feb 2013
Copyright (c) 2001-2009 by Adrian Thurston
[34m[1msubversion version[0m
svn, version 1.8.8 (r1568071)
   compiled Aug 10 2017, 17:20:39 on x86_64-pc-linux-gnu

Copyright (C) 2013 The Apache Software Foundation.
This software consists of contributions made by many people;
see the NOTICE file for more information.
Subversion is open source software, see http://subversion.apache.org/

The following repository access (RA) modules are available:

* ra_svn : Module for accessing a repository using the svn network protocol.
  - with Cyrus SASL authentication
  - handles 'svn' scheme
* ra_local : Module for accessing a repository on local disk.
  - handles 'file' scheme
* ra_serf : Module for accessing a repository via WebDAV protocol using serf.
  - using serf 1.3.3
  - handles 'http' scheme
  - handles 'https' scheme

[34m[1msudo version[0m
Sudo version 1.8.9p5
Configure options: --prefix=/usr -v --with-all-insults --with-pam --with-fqdn --with-logging=syslog --with-logfac=authpriv --with-env-editor --with-editor=/usr/bin/editor --with-timeout=15 --with-password-timeout=0 --with-passprompt=[sudo] password for %p:  --without-lecture --with-tty-tickets --disable-root-mailer --enable-admin-flag --with-sendmail=/usr/sbin/sendmail --with-timedir=/var/lib/sudo --mandir=/usr/share/man --libexecdir=/usr/lib/sudo --with-sssd --with-sssd-lib=/usr/lib/x86_64-linux-gnu --with-selinux
Sudoers policy plugin version 1.8.9p5
Sudoers file grammar version 43

Sudoers path: /etc/sudoers
Authentication methods: 'pam'
Syslog facility if syslog is being used for logging: authpriv
Syslog priority to use when user authenticates successfully: notice
Syslog priority to use when user authenticates unsuccessfully: alert
Send mail if the user is not in sudoers
Use a separate timestamp for each user/tty combo
Lecture user the first time they run sudo
Root may run sudo
Allow some information gathering to give useful error messages
Require fully-qualified hostnames in the sudoers file
Visudo will honor the EDITOR environment variable
Set the LOGNAME and USER environment variables
Length at which to wrap log file lines (0 for no wrap): 80
Authentication timestamp timeout: 15.0 minutes
Password prompt timeout: 0.0 minutes
Number of tries to enter a password: 3
Umask to use or 0777 to use user's: 022
Path to mail program: /usr/sbin/sendmail
Flags for mail program: -t
Address to send mail to: root
Subject line for mail messages: *** SECURITY information for %h ***
Incorrect password message: Sorry, try again.
Path to authentication timestamp dir: /var/lib/sudo
Default password prompt: [sudo] password for %p: 
Default user to run commands as: root
Value to override user's $PATH with: /usr/local/sbin:/usr/local/bin:/usr/sbin:/usr/bin:/sbin:/bin:/snap/bin
Path to the editor for use by visudo: /usr/bin/editor
When to require a password for 'list' pseudocommand: any
When to require a password for 'verify' pseudocommand: all
File descriptors >= 3 will be closed before executing a command
Environment variables to check for sanity:
	TZ
	TERM
	LINGUAS
	LC_*
	LANGUAGE
	LANG
	COLORTERM
Environment variables to remove:
	RUBYOPT
	RUBYLIB
	PYTHONUSERBASE
	PYTHONINSPECT
	PYTHONPATH
	PYTHONHOME
	TMPPREFIX
	ZDOTDIR
	READNULLCMD
	NULLCMD
	FPATH
	PERL5DB
	PERL5OPT
	PERL5LIB
	PERLLIB
	PERLIO_DEBUG 
	JAVA_TOOL_OPTIONS
	SHELLOPTS
	GLOBIGNORE
	PS4
	BASH_ENV
	ENV
	TERMCAP
	TERMPATH
	TERMINFO_DIRS
	TERMINFO
	_RLD*
	LD_*
	PATH_LOCALE
	NLSPATH
	HOSTALIASES
	RES_OPTIONS
	LOCALDOMAIN
	CDPATH
	IFS
Environment variables to preserve:
	JAVA_HOME
	TRAVIS
	CI
	DEBIAN_FRONTEND
	XAUTHORIZATION
	XAUTHORITY
	PS2
	PS1
	PATH
	LS_COLORS
	KRB5CCNAME
	HOSTNAME
	HOME
	DISPLAY
	COLORS
Locale to use while parsing sudoers: C
Directory in which to store input/output logs: /var/log/sudo-io
File in which to store the input/output log: %{seq}
Add an entry to the utmp/utmpx file when allocating a pty
PAM service name to use
PAM service name to use for login shells
Create a new PAM session for the command to run in
Maximum I/O log sequence number: 0

Local IP address and netmask pairs:
	172.17.0.2/255.255.0.0

Sudoers I/O plugin version 1.8.9p5
[34m[1mgzip version[0m
gzip 1.6
Copyright (C) 2007, 2010, 2011 Free Software Foundation, Inc.
Copyright (C) 1993 Jean-loup Gailly.
This is free software.  You may redistribute copies of it under the terms of
the GNU General Public License <http://www.gnu.org/licenses/gpl.html>.
There is NO WARRANTY, to the extent permitted by law.

Written by Jean-loup Gailly.
[34m[1mzip version[0m
Copyright (c) 1990-2008 Info-ZIP - Type 'zip "-L"' for software license.
This is Zip 3.0 (July 5th 2008), by Info-ZIP.
Currently maintained by E. Gordon.  Please send bug reports to
the authors using the web page at www.info-zip.org; see README for details.

Latest sources and executables are at ftp://ftp.info-zip.org/pub/infozip,
as of above date; see http://www.info-zip.org/ for other sites.

Compiled with gcc 4.8.2 for Unix (Linux ELF) on Oct 21 2013.

Zip special compilation options:
	USE_EF_UT_TIME       (store Universal Time)
	BZIP2_SUPPORT        (bzip2 library version 1.0.6, 6-Sept-2010)
	    bzip2 code and library copyright (c) Julian R Seward
	    (See the bzip2 license for terms of use)
	SYMLINK_SUPPORT      (symbolic links supported)
	LARGE_FILE_SUPPORT   (can read and write large files on file system)
	ZIP64_SUPPORT        (use Zip64 to store large files in archives)
	UNICODE_SUPPORT      (store and read UTF-8 Unicode paths)
	STORE_UNIX_UIDs_GIDs (store UID/GID sizes/values using new extra field)
	UIDGID_NOT_16BIT     (old Unix 16-bit UID/GID extra field not used)
	[encryption, version 2.91 of 05 Jan 2007] (modified for Zip 3)

Encryption notice:
	The encryption code of this program is not copyrighted and is
	put in the public domain.  It was originally written in Europe
	and, to the best of our knowledge, can be freely distributed
	in both source and object forms from any country, including
	the USA under License Exception TSU of the U.S. Export
	Administration Regulations (section 740.13(e)) of 6 June 2002.

Zip environment options:
             ZIP:  [none]
          ZIPOPT:  [none]
[34m[1mvim version[0m
VIM - Vi IMproved 7.4 (2013 Aug 10, compiled Nov 24 2016 16:43:18)
Included patches: 1-52
Extra patches: 8.0.0056
Modified by pkg-vim-maintainers@lists.alioth.debian.org
Compiled by buildd@
Huge version without GUI.  Features included (+) or not (-):
+acl             +farsi           +mouse_netterm   +syntax
+arabic          +file_in_path    +mouse_sgr       +tag_binary
+autocmd         +find_in_path    -mouse_sysmouse  +tag_old_static
-balloon_eval    +float           +mouse_urxvt     -tag_any_white
-browse          +folding         +mouse_xterm     -tcl
++builtin_terms  -footer          +multi_byte      +terminfo
+byte_offset     +fork()          +multi_lang      +termresponse
+cindent         +gettext         -mzscheme        +textobjects
-clientserver    -hangul_input    +netbeans_intg   +title
-clipboard       +iconv           +path_extra      -toolbar
+cmdline_compl   +insert_expand   -perl            +user_commands
+cmdline_hist    +jumplist        +persistent_undo +vertsplit
+cmdline_info    +keymap          +postscript      +virtualedit
+comments        +langmap         +printer         +visual
+conceal         +libcall         +profile         +visualextra
+cryptv          +linebreak       +python          +viminfo
+cscope          +lispindent      -python3         +vreplace
+cursorbind      +listcmds        +quickfix        +wildignore
+cursorshape     +localmap        +reltime         +wildmenu
+dialog_con      -lua             +rightleft       +windows
+diff            +menu            -ruby            +writebackup
+digraphs        +mksession       +scrollbind      -X11
-dnd             +modify_fname    +signs           -xfontset
-ebcdic          +mouse           +smartindent     -xim
+emacs_tags      -mouseshape      -sniff           -xsmp
+eval            +mouse_dec       +startuptime     -xterm_clipboard
+ex_extra        +mouse_gpm       +statusline      -xterm_save
+extra_search    -mouse_jsbterm   -sun_workshop    -xpm
   system vimrc file: "$VIM/vimrc"
     user vimrc file: "$HOME/.vimrc"
 2nd user vimrc file: "~/.vim/vimrc"
      user exrc file: "$HOME/.exrc"
  fall-back for $VIM: "/usr/share/vim"
Compilation: gcc -c -I. -Iproto -DHAVE_CONFIG_H     -g -O2 -fstack-protector --param=ssp-buffer-size=4 -Wformat -Werror=format-security -U_FORTIFY_SOURCE -D_FORTIFY_SOURCE=1      
Linking: gcc   -Wl,-Bsymbolic-functions -Wl,-z,relro -Wl,--as-needed -o vim        -lm -ltinfo -lnsl  -lselinux  -lacl -lattr -lgpm -ldl    -L/usr/lib/python2.7/config-x86_64-linux-gnu -lpython2.7 -lpthread -ldl -lutil -lm -Xlinker -export-dynamic -Wl,-O1 -Wl,-Bsymbolic-functions      
[34m[1miptables version[0m
iptables v1.4.21
[34m[1mcurl version[0m
curl 7.35.0 (x86_64-pc-linux-gnu) libcurl/7.35.0 OpenSSL/1.0.1f zlib/1.2.8 libidn/1.28 librtmp/2.3
[34m[1mwget version[0m
GNU Wget 1.15 built on linux-gnu.
[34m[1mrsync version[0m
rsync  version 3.1.0  protocol version 31
[34m[1mgimme version[0m
v1.2.0
[34m[1mnvm version[0m
0.33.6
[34m[1mperlbrew version[0m
/home/travis/perl5/perlbrew/bin/perlbrew  - App::perlbrew/0.80
[34m[1mphpenv version[0m
rbenv 1.1.1-25-g6aa70b6
[34m[1mrvm version[0m
rvm 1.29.3 (latest) by Michal Papis, Piotr Kuczynski, Wayne E. Seguin [https://rvm.io]
[34m[1mdefault ruby version[0m
ruby 2.4.1p111 (2017-03-22 revision 58053) [x86_64-linux]
[34m[1mCouchDB version[0m
couchdb 1.6.1
[34m[1mElasticSearch version[0m
5.5.0
[34m[1mInstalled Firefox version[0m
firefox 56.0.2
[34m[1mMongoDB version[0m
MongoDB 3.4.10
[34m[1mPhantomJS version[0m
2.1.1
[34m[1mPre-installed PostgreSQL versions[0m
9.2.24
9.3.20
9.4.15
9.5.10
9.6.6
[34m[1mRabbitMQ Version[0m
3.6.14
[34m[1mRedis version[0m
redis-server 4.0.6
[34m[1mriak version[0m
2.2.3
[34m[1mPre-installed Go versions[0m
1.7.4
[34m[1mant version[0m
Apache Ant(TM) version 1.9.3 compiled on April 8 2014
[34m[1mmvn version[0m
Apache Maven 3.5.2 (138edd61fd100ec658bfa2d307c43b76940a5d7d; 2017-10-18T07:58:13Z)
Maven home: /usr/local/maven-3.5.2
Java version: 1.8.0_151, vendor: Oracle Corporation
Java home: /usr/lib/jvm/java-8-oracle/jre
Default locale: en_US, platform encoding: UTF-8
OS name: "linux", version: "4.4.0-101-generic", arch: "amd64", family: "unix"
[34m[1mgradle version[0m

------------------------------------------------------------
Gradle 4.0.1
------------------------------------------------------------

Build time:   2017-07-07 14:02:41 UTC
Revision:     38e5dc0f772daecca1d2681885d3d85414eb6826

Groovy:       2.4.11
Ant:          Apache Ant(TM) version 1.9.6 compiled on June 29 2015
JVM:          1.8.0_151 (Oracle Corporation 25.151-b12)
OS:           Linux 4.4.0-101-generic amd64

[34m[1mlein version[0m
Leiningen 2.8.1 on Java 1.8.0_151 Java HotSpot(TM) 64-Bit Server VM
[34m[1mPre-installed Node.js versions[0m
v4.8.6
v6.12.0
v6.12.1
v8.9
v8.9.1
[34m[1mphpenv versions[0m
  system
  5.6
* 5.6.32 (set by /home/travis/.phpenv/version)
  7.0
  7.0.25
  7.1
  7.1.11
  hhvm
  hhvm-stable
[34m[1mcomposer --version[0m
Composer version 1.5.2 2017-09-11 16:59:25
[34m[1mPre-installed Ruby versions[0m
ruby-2.2.7
ruby-2.3.4
ruby-2.4.1
travis_fold:end:system_info[0K
travis_time:end:011f56e8:start=1622281881324229800,finish=1622281881335002876,duration=10773076,event=show_system_info[0Ktravis_time:start:090cc210[0Ktravis_time:end:090cc210:start=1622281881341512590,finish=1622281881365310506,duration=23797916,event=rm_riak_source[0Ktravis_time:start:2ee74879[0Ktravis_time:end:2ee74879:start=1622281881371801989,finish=1622281881384975053,duration=13173064,event=fix_rwky_redis[0Ktravis_time:start:245cdfa2[0K[31;1mTimeout waiting for network availability.[0m
travis_time:end:245cdfa2:start=1622281881391566874,finish=1622281902108927584,duration=20717360710,event=wait_for_network[0Ktravis_time:start:025e9501[0Ktravis_time:end:025e9501:start=1622281902114314659,finish=1622281905016665641,duration=2902350982,event=update_apt_keys[0Ktravis_time:start:229ccef8[0Ktravis_time:end:229ccef8:start=1622281905031042568,finish=1622281908399712259,duration=3368669691,event=fix_hhvm_source[0Ktravis_time:start:07f72970[0Ktravis_time:end:07f72970:start=1622281908405223640,finish=1622281908409134140,duration=3910500,event=update_mongo_arch[0Ktravis_time:start:1b533105[0Ktravis_time:end:1b533105:start=1622281908414110877,finish=1622281908471653950,duration=57543073,event=fix_sudo_enabled_trusty[0Ktravis_time:start:0523ad48[0Ktravis_time:end:0523ad48:start=1622281908478473511,finish=1622281908493481216,duration=15007705,event=clean_up_path[0Ktravis_time:start:1fdac210[0Ktravis_time:end:1fdac210:start=1622281908499320822,finish=1622281908513501908,duration=14181086,event=fix_resolv_conf[0Ktravis_time:start:1949909d[0Ktravis_time:end:1949909d:start=1622281908518493030,finish=1622281908532836722,duration=14343692,event=fix_etc_hosts[0Ktravis_time:start:01361614[0Ktravis_time:end:01361614:start=1622281908538460738,finish=1622281908602780768,duration=64320030,event=fix_mvn_settings_xml[0Ktravis_time:start:122580c9[0Ktravis_time:end:122580c9:start=1622281908608952372,finish=1622281908624143017,duration=15190645,event=no_ipv6_localhost[0Ktravis_time:start:2ce6749b[0Ktravis_time:end:2ce6749b:start=1622281908630716830,finish=1622281908634106269,duration=3389439,event=fix_etc_mavenrc[0Ktravis_time:start:161ae076[0Ktravis_time:end:161ae076:start=1622281908639240006,finish=1622281908644713301,duration=5473295,event=fix_wwdr_certificate[0Ktravis_time:start:15f0d290[0Ktravis_time:end:15f0d290:start=1622281908649645225,finish=1622281908682903066,duration=33257841,event=put_localhost_first[0Ktravis_time:start:18f18bc1[0Ktravis_time:end:18f18bc1:start=1622281908688514939,finish=1622281908692779837,duration=4264898,event=home_paths[0Ktravis_time:start:170d86b9[0Ktravis_time:end:170d86b9:start=1622281908698825490,finish=1622281908732975354,duration=34149864,event=disable_initramfs[0Ktravis_time:start:3024eb7b[0Ktravis_time:end:3024eb7b:start=1622281908737411593,finish=1622281908874117394,duration=136705801,event=disable_ssh_roaming[0Ktravis_time:start:0dad6370[0Ktravis_time:end:0dad6370:start=1622281908879535882,finish=1622281908883644879,duration=4108997,event=debug_tools[0Ktravis_time:start:112d59b2[0Ktravis_time:end:112d59b2:start=1622281908888136684,finish=1622281908893578193,duration=5441509,event=uninstall_oclint[0Ktravis_time:start:0772c816[0Ktravis_time:end:0772c816:start=1622281908900353146,finish=1622281908906564176,duration=6211030,event=rvm_use[0Ktravis_time:start:01b5fc58[0Ktravis_time:end:01b5fc58:start=1622281908913337079,finish=1622281908926180774,duration=12843695,event=rm_etc_boto_cfg[0Ktravis_time:start:15edca11[0Ktravis_time:end:15edca11:start=1622281908932806979,finish=1622281908937615868,duration=4808889,event=rm_oraclejdk8_symlink[0Ktravis_time:start:123d7de1[0Ktravis_time:end:123d7de1:start=1622281908943863513,finish=1622281909124317058,duration=180453545,event=enable_i386[0Ktravis_time:start:1b7f708e[0Ktravis_time:end:1b7f708e:start=1622281909130930463,finish=1622281909136713642,duration=5783179,event=update_rubygems[0Ktravis_time:start:1cef9d38[0Ktravis_time:end:1cef9d38:start=1622281909143181628,finish=1622281910736591257,duration=1593409629,event=ensure_path_components[0Ktravis_time:start:030500ed[0Ktravis_time:end:030500ed:start=1622281910749277839,finish=1622281910757280222,duration=8002383,event=redefine_curl[0Ktravis_time:start:0026a8bb[0Ktravis_time:end:0026a8bb:start=1622281910766877262,finish=1622281910780755829,duration=13878567,event=nonblock_pipe[0Ktravis_time:start:2028ffc0[0Ktravis_time:end:2028ffc0:start=1622281910800897515,finish=1622281910839414467,duration=38516952,event=apt_get_update[0Ktravis_time:start:28e0fea2[0Ktravis_time:end:28e0fea2:start=1622281910849199930,finish=1622281910855486549,duration=6286619,event=deprecate_xcode_64[0Ktravis_time:start:30421820[0Ktravis_time:end:30421820:start=1622281910863819924,finish=1622281948806163721,duration=37942343797,event=update_heroku[0Ktravis_time:start:12f63859[0Ktravis_time:end:12f63859:start=1622281948813942452,finish=1622281948819649023,duration=5706571,event=shell_session_update[0Ktravis_time:start:10c180d0[0Ktravis_fold:start:docker_mtu[0Ktee: /etc/docker/daemon.json: No such file or directory
docker: unrecognized service
travis_fold:end:docker_mtu[0Ktravis_time:end:10c180d0:start=1622281948826128767,finish=1622281948862297154,duration=36168387,event=set_docker_mtu[0Ktravis_time:start:1933e2fc[0Ktravis_fold:start:resolvconf[0Kinitctl: Unable to connect to Upstart: Failed to connect to socket /com/ubuntu/upstart: Connection refused
 * Restarting resolvconf...
   ...done.
travis_fold:end:resolvconf[0Ktravis_time:end:1933e2fc:start=1622281948869045754,finish=1622281949038605200,duration=169559446,event=resolvconf[0Ktravis_time:start:056a8b7c[0Ktravis_time:end:056a8b7c:start=1622281949046411854,finish=1622281949051909147,duration=5497293,event=fix_ps4[0Ktravis_time:start:1d098e5c[0K
$ cd failed/nexe/nexe

travis_time:end:1d098e5c:start=1622281949058762838,finish=1622281949112409943,duration=53647105,event=checkout[0Ktravis_time:start:282962ac[0K
[33;1mSetting environment variables from .travis.yml[0m
$ export GITHUB_TOKEN=[secure]

travis_time:end:282962ac:start=1622281949119910496,finish=1622281949642874667,duration=522964171,event=env[0Ktravis_fold:start:nvm.install[0Ktravis_time:start:010ca658[0K$ nvm install 6
Downloading and installing node v6.17.1...
Downloading https://nodejs.org/dist/v6.17.1/node-v6.17.1-linux-x64.tar.xz...
Computing checksum with sha256sum
Checksums matched!
Now using node v6.17.1 (npm v3.10.10)
travis_time:end:010ca658:start=1622281949658041309,finish=1622281954279611955,duration=4621570646,event=setup[0Ktravis_fold:end:nvm.install[0K
travis_fold:start:cache.1[0KSetting up build cache
$ export CASHER_DIR=${TRAVIS_HOME}/.casher
travis_time:start:03fdc247[0K$ Installing caching utilities
curl: (6) Could not resolve host: https

[31;1mThe command "eval curl -sf  -o $CASHER_DIR/bin/casher https:///files/casher " failed. Retrying, 2 of 3.[0m

curl: (6) Could not resolve host: https

[31;1mThe command "eval curl -sf  -o $CASHER_DIR/bin/casher https:///files/casher " failed. Retrying, 3 of 3.[0m

curl: (6) Could not resolve host: https

[31;1mThe command "eval curl -sf  -o $CASHER_DIR/bin/casher https:///files/casher " failed 3 times.[0m

travis_time:end:03fdc247:start=1622281961408235216,finish=1622281973668140114,duration=12259904898,event=setup_casher[0Ktravis_time:start:033442b0[0K$ Installing caching utilities from the Travis CI server (https:///files/casher) failed, failing over to using GitHub (https://raw.githubusercontent.com/travis-ci/casher/bash/bin/casher)
travis_time:end:033442b0:start=1622281973674519755,finish=1622281973924365777,duration=249846022,event=setup_casher[0Ktravis_time:start:002421b4[0Ktravis_time:end:002421b4:start=1622281973931490613,finish=1622281973935185293,duration=3694680,event=setup_casher[0Ktravis_time:start:033ccac8[0Kattempting to download cache archive[0m
[31;1mcould not download cache[0m
travis_time:end:033ccac8:start=1622281973940286805,finish=1622281975112741381,duration=1172454576,event=setup_casher[0Ktravis_fold:end:cache.1[0K
travis_fold:start:cache.npm[0K
travis_time:start:2798560c[0Ktravis_time:end:2798560c:start=1622281975368161139,finish=1622281975373461861,duration=5300722,event=setup_cache[0Ktravis_time:start:0075e540[0Kadding /home/travis/build/failed/nexe/nexe/node_modules to cache[0m
creating directory /home/travis/build/failed/nexe/nexe/node_modules[0m
travis_time:end:0075e540:start=1622281975381029547,finish=1622281976699953652,duration=1318924105,event=setup_cache[0Ktravis_fold:end:cache.npm[0K$ node --version
v6.17.1
$ npm --version
3.10.10
$ nvm --version
0.33.6

travis_fold:start:before_install.1[0Ktravis_time:start:360b6fb2[0K$ sudo apt-get -qq update
travis_time:end:360b6fb2:start=1622281978806817708,finish=1622281984688244122,duration=5881426414,event=before_install[0Ktravis_fold:end:before_install.1[0Ktravis_fold:start:before_install.2[0Ktravis_time:start:1f145a00[0K$ sudo apt-get install -y g++-multilib
Reading package lists...
Building dependency tree...
Reading state information...
The following additional packages will be installed:
  cpp-4.8 g++-4.8 g++-4.8-multilib gcc-4.8 gcc-4.8-base gcc-4.8-multilib
  gcc-multilib lib32asan0 lib32atomic1 lib32gcc-4.8-dev lib32gcc1 lib32gomp1
  lib32itm1 lib32quadmath0 lib32stdc++-4.8-dev lib32stdc++6 libasan0
  libatomic1 libc-dev-bin libc6 libc6-dev libc6-dev-i386 libc6-dev-x32
  libc6-i386 libc6-x32 libgcc-4.8-dev libgomp1 libitm1 libquadmath0
  libstdc++-4.8-dev libstdc++6 libtsan0 libx32asan0 libx32atomic1
  libx32gcc-4.8-dev libx32gcc1 libx32gomp1 libx32itm1 libx32quadmath0
  libx32stdc++-4.8-dev libx32stdc++6
Suggested packages:
  gcc-4.8-locales gcc-4.8-doc libstdc++6-4.8-dbg lib32stdc++6-4.8-dbg
  libx32stdc++6-4.8-dbg libgcc1-dbg libgomp1-dbg libitm1-dbg libatomic1-dbg
  libasan0-dbg libtsan0-dbg libquadmath0-dbg glibc-doc manpages-dev
  libstdc++-4.8-doc
Recommended packages:
  manpages-dev
The following NEW packages will be installed:
  g++-4.8-multilib g++-multilib gcc-4.8-multilib gcc-multilib lib32asan0
  lib32atomic1 lib32gcc-4.8-dev lib32gcc1 lib32gomp1 lib32itm1 lib32quadmath0
  lib32stdc++-4.8-dev lib32stdc++6 libc6-dev-i386 libc6-dev-x32 libc6-i386
  libc6-x32 libx32asan0 libx32atomic1 libx32gcc-4.8-dev libx32gcc1 libx32gomp1
  libx32itm1 libx32quadmath0 libx32stdc++-4.8-dev libx32stdc++6
The following packages will be upgraded:
  cpp-4.8 g++-4.8 gcc-4.8 gcc-4.8-base libasan0 libatomic1 libc-dev-bin libc6
  libc6-dev libgcc-4.8-dev libgomp1 libitm1 libquadmath0 libstdc++-4.8-dev
  libstdc++6 libtsan0
16 upgraded, 26 newly installed, 0 to remove and 245 not upgraded.
Need to get 49.8 MB of archives.
After this operation, 57.8 MB of additional disk space will be used.
Get:1 http://archive.ubuntu.com/ubuntu trusty-updates/main amd64 libc6-dev amd64 2.19-0ubuntu6.15 [1,913 kB]
Get:2 http://archive.ubuntu.com/ubuntu trusty-updates/main amd64 libc-dev-bin amd64 2.19-0ubuntu6.15 [68.9 kB]
Get:3 http://archive.ubuntu.com/ubuntu trusty-updates/main amd64 libc6 amd64 2.19-0ubuntu6.15 [4,727 kB]
Get:4 http://archive.ubuntu.com/ubuntu trusty-updates/main amd64 libatomic1 amd64 4.8.4-2ubuntu1~14.04.4 [8,630 B]
Get:5 http://archive.ubuntu.com/ubuntu trusty-updates/main amd64 libitm1 amd64 4.8.4-2ubuntu1~14.04.4 [28.6 kB]
Get:6 http://archive.ubuntu.com/ubuntu trusty-updates/main amd64 libgomp1 amd64 4.8.4-2ubuntu1~14.04.4 [23.1 kB]
Get:7 http://archive.ubuntu.com/ubuntu trusty-updates/main amd64 libasan0 amd64 4.8.4-2ubuntu1~14.04.4 [63.1 kB]
Get:8 http://archive.ubuntu.com/ubuntu trusty-updates/main amd64 libtsan0 amd64 4.8.4-2ubuntu1~14.04.4 [94.8 kB]
Get:9 http://archive.ubuntu.com/ubuntu trusty-updates/main amd64 libquadmath0 amd64 4.8.4-2ubuntu1~14.04.4 [126 kB]
Get:10 http://archive.ubuntu.com/ubuntu trusty-updates/main amd64 g++-4.8 amd64 4.8.4-2ubuntu1~14.04.4 [18.0 MB]
Get:11 http://archive.ubuntu.com/ubuntu trusty-updates/main amd64 gcc-4.8 amd64 4.8.4-2ubuntu1~14.04.4 [5,040 kB]
Get:12 http://archive.ubuntu.com/ubuntu trusty-updates/main amd64 cpp-4.8 amd64 4.8.4-2ubuntu1~14.04.4 [4,452 kB]
Get:13 http://archive.ubuntu.com/ubuntu trusty-updates/main amd64 libstdc++-4.8-dev amd64 4.8.4-2ubuntu1~14.04.4 [1,051 kB]
Get:14 http://archive.ubuntu.com/ubuntu trusty-updates/main amd64 libgcc-4.8-dev amd64 4.8.4-2ubuntu1~14.04.4 [1,688 kB]
Get:15 http://archive.ubuntu.com/ubuntu trusty-updates/main amd64 gcc-4.8-base amd64 4.8.4-2ubuntu1~14.04.4 [16.7 kB]
Get:16 http://archive.ubuntu.com/ubuntu trusty-updates/main amd64 libstdc++6 amd64 4.8.4-2ubuntu1~14.04.4 [260 kB]
Get:17 http://archive.ubuntu.com/ubuntu trusty-updates/main amd64 libc6-i386 amd64 2.19-0ubuntu6.15 [2,208 kB]
Get:18 http://archive.ubuntu.com/ubuntu trusty-updates/main amd64 libc6-dev-i386 amd64 2.19-0ubuntu6.15 [1,153 kB]
Get:19 http://archive.ubuntu.com/ubuntu trusty-updates/main amd64 libc6-x32 amd64 2.19-0ubuntu6.15 [2,431 kB]
Get:20 http://archive.ubuntu.com/ubuntu trusty-updates/main amd64 libc6-dev-x32 amd64 2.19-0ubuntu6.15 [1,414 kB]
Get:21 http://archive.ubuntu.com/ubuntu trusty-updates/main amd64 lib32gcc1 amd64 1:4.9.3-0ubuntu4 [47.8 kB]
Get:22 http://archive.ubuntu.com/ubuntu trusty-updates/main amd64 libx32gcc1 amd64 1:4.9.3-0ubuntu4 [38.6 kB]
Get:23 http://archive.ubuntu.com/ubuntu trusty-updates/main amd64 lib32gomp1 amd64 4.8.4-2ubuntu1~14.04.4 [25.0 kB]
Get:24 http://archive.ubuntu.com/ubuntu trusty-updates/main amd64 libx32gomp1 amd64 4.8.4-2ubuntu1~14.04.4 [22.5 kB]
Get:25 http://archive.ubuntu.com/ubuntu trusty-updates/main amd64 lib32itm1 amd64 4.8.4-2ubuntu1~14.04.4 [28.5 kB]
Get:26 http://archive.ubuntu.com/ubuntu trusty-updates/main amd64 libx32itm1 amd64 4.8.4-2ubuntu1~14.04.4 [28.4 kB]
Get:27 http://archive.ubuntu.com/ubuntu trusty-updates/main amd64 lib32atomic1 amd64 4.8.4-2ubuntu1~14.04.4 [8,250 B]
Get:28 http://archive.ubuntu.com/ubuntu trusty-updates/main amd64 libx32atomic1 amd64 4.8.4-2ubuntu1~14.04.4 [8,604 B]
Get:29 http://archive.ubuntu.com/ubuntu trusty-updates/main amd64 lib32asan0 amd64 4.8.4-2ubuntu1~14.04.4 [64.2 kB]
Get:30 http://archive.ubuntu.com/ubuntu trusty-updates/main amd64 libx32asan0 amd64 4.8.4-2ubuntu1~14.04.4 [63.1 kB]
Get:31 http://archive.ubuntu.com/ubuntu trusty-updates/main amd64 lib32quadmath0 amd64 4.8.4-2ubuntu1~14.04.4 [187 kB]
Get:32 http://archive.ubuntu.com/ubuntu trusty-updates/main amd64 libx32quadmath0 amd64 4.8.4-2ubuntu1~14.04.4 [128 kB]
Get:33 http://archive.ubuntu.com/ubuntu trusty-updates/main amd64 lib32gcc-4.8-dev amd64 4.8.4-2ubuntu1~14.04.4 [1,685 kB]
Get:34 http://archive.ubuntu.com/ubuntu trusty-updates/main amd64 libx32gcc-4.8-dev amd64 4.8.4-2ubuntu1~14.04.4 [1,558 kB]
Get:35 http://archive.ubuntu.com/ubuntu trusty-updates/main amd64 gcc-4.8-multilib amd64 4.8.4-2ubuntu1~14.04.4 [982 B]
Get:36 http://archive.ubuntu.com/ubuntu trusty/main amd64 gcc-multilib amd64 4:4.8.2-1ubuntu6 [1,024 B]
Get:37 http://archive.ubuntu.com/ubuntu trusty-updates/main amd64 lib32stdc++6 amd64 4.8.4-2ubuntu1~14.04.4 [262 kB]
Get:38 http://archive.ubuntu.com/ubuntu trusty-updates/main amd64 lib32stdc++-4.8-dev amd64 4.8.4-2ubuntu1~14.04.4 [321 kB]
Get:39 http://archive.ubuntu.com/ubuntu trusty-updates/main amd64 libx32stdc++6 amd64 4.8.4-2ubuntu1~14.04.4 [236 kB]
Get:40 http://archive.ubuntu.com/ubuntu trusty-updates/main amd64 libx32stdc++-4.8-dev amd64 4.8.4-2ubuntu1~14.04.4 [315 kB]
Get:41 http://archive.ubuntu.com/ubuntu trusty-updates/main amd64 g++-4.8-multilib amd64 4.8.4-2ubuntu1~14.04.4 [998 B]
Get:42 http://archive.ubuntu.com/ubuntu trusty/main amd64 g++-multilib amd64 4:4.8.2-1ubuntu6 [930 B]
Extracting templates from packages: 71%Extracting templates from packages: 100%
Preconfiguring packages ...
Fetched 49.8 MB in 4s (12.2 MB/s)
(Reading database ... (Reading database ... 5%(Reading database ... 10%(Reading database ... 15%(Reading database ... 20%(Reading database ... 25%(Reading database ... 30%(Reading database ... 35%(Reading database ... 40%(Reading database ... 45%(Reading database ... 50%(Reading database ... 55%(Reading database ... 60%(Reading database ... 65%(Reading database ... 70%(Reading database ... 75%(Reading database ... 80%(Reading database ... 85%(Reading database ... 90%(Reading database ... 95%(Reading database ... 100%(Reading database ... 72204 files and directories currently installed.)
Preparing to unpack .../libc6-dev_2.19-0ubuntu6.15_amd64.deb ...
Unpacking libc6-dev:amd64 (2.19-0ubuntu6.15) over (2.19-0ubuntu6.13) ...
Preparing to unpack .../libc-dev-bin_2.19-0ubuntu6.15_amd64.deb ...
Unpacking libc-dev-bin (2.19-0ubuntu6.15) over (2.19-0ubuntu6.13) ...
Preparing to unpack .../libc6_2.19-0ubuntu6.15_amd64.deb ...
Unpacking libc6:amd64 (2.19-0ubuntu6.15) over (2.19-0ubuntu6.13) ...
Processing triggers for man-db (2.6.7.1-1ubuntu1) ...
Setting up libc6:amd64 (2.19-0ubuntu6.15) ...
Processing triggers for libc-bin (2.19-0ubuntu6.13) ...
(Reading database ... (Reading database ... 5%(Reading database ... 10%(Reading database ... 15%(Reading database ... 20%(Reading database ... 25%(Reading database ... 30%(Reading database ... 35%(Reading database ... 40%(Reading database ... 45%(Reading database ... 50%(Reading database ... 55%(Reading database ... 60%(Reading database ... 65%(Reading database ... 70%(Reading database ... 75%(Reading database ... 80%(Reading database ... 85%(Reading database ... 90%(Reading database ... 95%(Reading database ... 100%(Reading database ... 72204 files and directories currently installed.)
Preparing to unpack .../libatomic1_4.8.4-2ubuntu1~14.04.4_amd64.deb ...
Unpacking libatomic1:amd64 (4.8.4-2ubuntu1~14.04.4) over (4.8.4-2ubuntu1~14.04.3) ...
Preparing to unpack .../libitm1_4.8.4-2ubuntu1~14.04.4_amd64.deb ...
Unpacking libitm1:amd64 (4.8.4-2ubuntu1~14.04.4) over (4.8.4-2ubuntu1~14.04.3) ...
Preparing to unpack .../libgomp1_4.8.4-2ubuntu1~14.04.4_amd64.deb ...
Unpacking libgomp1:amd64 (4.8.4-2ubuntu1~14.04.4) over (4.8.4-2ubuntu1~14.04.3) ...
Preparing to unpack .../libasan0_4.8.4-2ubuntu1~14.04.4_amd64.deb ...
Unpacking libasan0:amd64 (4.8.4-2ubuntu1~14.04.4) over (4.8.4-2ubuntu1~14.04.3) ...
Preparing to unpack .../libtsan0_4.8.4-2ubuntu1~14.04.4_amd64.deb ...
Unpacking libtsan0:amd64 (4.8.4-2ubuntu1~14.04.4) over (4.8.4-2ubuntu1~14.04.3) ...
Preparing to unpack .../libquadmath0_4.8.4-2ubuntu1~14.04.4_amd64.deb ...
Unpacking libquadmath0:amd64 (4.8.4-2ubuntu1~14.04.4) over (4.8.4-2ubuntu1~14.04.3) ...
Preparing to unpack .../g++-4.8_4.8.4-2ubuntu1~14.04.4_amd64.deb ...
Unpacking g++-4.8 (4.8.4-2ubuntu1~14.04.4) over (4.8.4-2ubuntu1~14.04.3) ...
Preparing to unpack .../gcc-4.8_4.8.4-2ubuntu1~14.04.4_amd64.deb ...
Unpacking gcc-4.8 (4.8.4-2ubuntu1~14.04.4) over (4.8.4-2ubuntu1~14.04.3) ...
Preparing to unpack .../cpp-4.8_4.8.4-2ubuntu1~14.04.4_amd64.deb ...
Unpacking cpp-4.8 (4.8.4-2ubuntu1~14.04.4) over (4.8.4-2ubuntu1~14.04.3) ...
Preparing to unpack .../libstdc++-4.8-dev_4.8.4-2ubuntu1~14.04.4_amd64.deb ...
Unpacking libstdc++-4.8-dev:amd64 (4.8.4-2ubuntu1~14.04.4) over (4.8.4-2ubuntu1~14.04.3) ...
Preparing to unpack .../libgcc-4.8-dev_4.8.4-2ubuntu1~14.04.4_amd64.deb ...
Unpacking libgcc-4.8-dev:amd64 (4.8.4-2ubuntu1~14.04.4) over (4.8.4-2ubuntu1~14.04.3) ...
Preparing to unpack .../gcc-4.8-base_4.8.4-2ubuntu1~14.04.4_amd64.deb ...
Unpacking gcc-4.8-base:amd64 (4.8.4-2ubuntu1~14.04.4) over (4.8.4-2ubuntu1~14.04.3) ...
Processing triggers for ccache (3.1.9-1) ...
Updating symlinks in /usr/lib/ccache ...
Processing triggers for man-db (2.6.7.1-1ubuntu1) ...
Setting up gcc-4.8-base:amd64 (4.8.4-2ubuntu1~14.04.4) ...
(Reading database ... (Reading database ... 5%(Reading database ... 10%(Reading database ... 15%(Reading database ... 20%(Reading database ... 25%(Reading database ... 30%(Reading database ... 35%(Reading database ... 40%(Reading database ... 45%(Reading database ... 50%(Reading database ... 55%(Reading database ... 60%(Reading database ... 65%(Reading database ... 70%(Reading database ... 75%(Reading database ... 80%(Reading database ... 85%(Reading database ... 90%(Reading database ... 95%(Reading database ... 100%(Reading database ... 72204 files and directories currently installed.)
Preparing to unpack .../libstdc++6_4.8.4-2ubuntu1~14.04.4_amd64.deb ...
Unpacking libstdc++6:amd64 (4.8.4-2ubuntu1~14.04.4) over (4.8.4-2ubuntu1~14.04.3) ...
Setting up libstdc++6:amd64 (4.8.4-2ubuntu1~14.04.4) ...
Processing triggers for libc-bin (2.19-0ubuntu6.13) ...
Selecting previously unselected package libc6-i386.
(Reading database ... (Reading database ... 5%(Reading database ... 10%(Reading database ... 15%(Reading database ... 20%(Reading database ... 25%(Reading database ... 30%(Reading database ... 35%(Reading database ... 40%(Reading database ... 45%(Reading database ... 50%(Reading database ... 55%(Reading database ... 60%(Reading database ... 65%(Reading database ... 70%(Reading database ... 75%(Reading database ... 80%(Reading database ... 85%(Reading database ... 90%(Reading database ... 95%(Reading database ... 100%(Reading database ... 72204 files and directories currently installed.)
Preparing to unpack .../libc6-i386_2.19-0ubuntu6.15_amd64.deb ...
Unpacking libc6-i386 (2.19-0ubuntu6.15) ...
Selecting previously unselected package libc6-dev-i386.
Preparing to unpack .../libc6-dev-i386_2.19-0ubuntu6.15_amd64.deb ...
Unpacking libc6-dev-i386 (2.19-0ubuntu6.15) ...
Selecting previously unselected package libc6-x32.
Preparing to unpack .../libc6-x32_2.19-0ubuntu6.15_amd64.deb ...
Unpacking libc6-x32 (2.19-0ubuntu6.15) ...
Selecting previously unselected package libc6-dev-x32.
Preparing to unpack .../libc6-dev-x32_2.19-0ubuntu6.15_amd64.deb ...
Unpacking libc6-dev-x32 (2.19-0ubuntu6.15) ...
Selecting previously unselected package lib32gcc1.
Preparing to unpack .../lib32gcc1_1%3a4.9.3-0ubuntu4_amd64.deb ...
Unpacking lib32gcc1 (1:4.9.3-0ubuntu4) ...
Selecting previously unselected package libx32gcc1.
Preparing to unpack .../libx32gcc1_1%3a4.9.3-0ubuntu4_amd64.deb ...
Unpacking libx32gcc1 (1:4.9.3-0ubuntu4) ...
Selecting previously unselected package lib32gomp1.
Preparing to unpack .../lib32gomp1_4.8.4-2ubuntu1~14.04.4_amd64.deb ...
Unpacking lib32gomp1 (4.8.4-2ubuntu1~14.04.4) ...
Selecting previously unselected package libx32gomp1.
Preparing to unpack .../libx32gomp1_4.8.4-2ubuntu1~14.04.4_amd64.deb ...
Unpacking libx32gomp1 (4.8.4-2ubuntu1~14.04.4) ...
Selecting previously unselected package lib32itm1.
Preparing to unpack .../lib32itm1_4.8.4-2ubuntu1~14.04.4_amd64.deb ...
Unpacking lib32itm1 (4.8.4-2ubuntu1~14.04.4) ...
Selecting previously unselected package libx32itm1.
Preparing to unpack .../libx32itm1_4.8.4-2ubuntu1~14.04.4_amd64.deb ...
Unpacking libx32itm1 (4.8.4-2ubuntu1~14.04.4) ...
Selecting previously unselected package lib32atomic1.
Preparing to unpack .../lib32atomic1_4.8.4-2ubuntu1~14.04.4_amd64.deb ...
Unpacking lib32atomic1 (4.8.4-2ubuntu1~14.04.4) ...
Selecting previously unselected package libx32atomic1.
Preparing to unpack .../libx32atomic1_4.8.4-2ubuntu1~14.04.4_amd64.deb ...
Unpacking libx32atomic1 (4.8.4-2ubuntu1~14.04.4) ...
Selecting previously unselected package lib32asan0.
Preparing to unpack .../lib32asan0_4.8.4-2ubuntu1~14.04.4_amd64.deb ...
Unpacking lib32asan0 (4.8.4-2ubuntu1~14.04.4) ...
Selecting previously unselected package libx32asan0.
Preparing to unpack .../libx32asan0_4.8.4-2ubuntu1~14.04.4_amd64.deb ...
Unpacking libx32asan0 (4.8.4-2ubuntu1~14.04.4) ...
Selecting previously unselected package lib32quadmath0.
Preparing to unpack .../lib32quadmath0_4.8.4-2ubuntu1~14.04.4_amd64.deb ...
Unpacking lib32quadmath0 (4.8.4-2ubuntu1~14.04.4) ...
Selecting previously unselected package libx32quadmath0.
Preparing to unpack .../libx32quadmath0_4.8.4-2ubuntu1~14.04.4_amd64.deb ...
Unpacking libx32quadmath0 (4.8.4-2ubuntu1~14.04.4) ...
Selecting previously unselected package lib32gcc-4.8-dev.
Preparing to unpack .../lib32gcc-4.8-dev_4.8.4-2ubuntu1~14.04.4_amd64.deb ...
Unpacking lib32gcc-4.8-dev (4.8.4-2ubuntu1~14.04.4) ...
Selecting previously unselected package libx32gcc-4.8-dev.
Preparing to unpack .../libx32gcc-4.8-dev_4.8.4-2ubuntu1~14.04.4_amd64.deb ...
Unpacking libx32gcc-4.8-dev (4.8.4-2ubuntu1~14.04.4) ...
Selecting previously unselected package gcc-4.8-multilib.
Preparing to unpack .../gcc-4.8-multilib_4.8.4-2ubuntu1~14.04.4_amd64.deb ...
Unpacking gcc-4.8-multilib (4.8.4-2ubuntu1~14.04.4) ...
Selecting previously unselected package gcc-multilib.
Preparing to unpack .../gcc-multilib_4%3a4.8.2-1ubuntu6_amd64.deb ...
Unpacking gcc-multilib (4:4.8.2-1ubuntu6) ...
Selecting previously unselected package lib32stdc++6.
Preparing to unpack .../lib32stdc++6_4.8.4-2ubuntu1~14.04.4_amd64.deb ...
Unpacking lib32stdc++6 (4.8.4-2ubuntu1~14.04.4) ...
Selecting previously unselected package lib32stdc++-4.8-dev.
Preparing to unpack .../lib32stdc++-4.8-dev_4.8.4-2ubuntu1~14.04.4_amd64.deb ...
Unpacking lib32stdc++-4.8-dev (4.8.4-2ubuntu1~14.04.4) ...
Selecting previously unselected package libx32stdc++6.
Preparing to unpack .../libx32stdc++6_4.8.4-2ubuntu1~14.04.4_amd64.deb ...
Unpacking libx32stdc++6 (4.8.4-2ubuntu1~14.04.4) ...
Selecting previously unselected package libx32stdc++-4.8-dev.
Preparing to unpack .../libx32stdc++-4.8-dev_4.8.4-2ubuntu1~14.04.4_amd64.deb ...
Unpacking libx32stdc++-4.8-dev (4.8.4-2ubuntu1~14.04.4) ...
Selecting previously unselected package g++-4.8-multilib.
Preparing to unpack .../g++-4.8-multilib_4.8.4-2ubuntu1~14.04.4_amd64.deb ...
Unpacking g++-4.8-multilib (4.8.4-2ubuntu1~14.04.4) ...
Selecting previously unselected package g++-multilib.
Preparing to unpack .../g++-multilib_4%3a4.8.2-1ubuntu6_amd64.deb ...
Unpacking g++-multilib (4:4.8.2-1ubuntu6) ...
Processing triggers for ccache (3.1.9-1) ...
Updating symlinks in /usr/lib/ccache ...
Setting up libc-dev-bin (2.19-0ubuntu6.15) ...
Setting up libc6-dev:amd64 (2.19-0ubuntu6.15) ...
Setting up libatomic1:amd64 (4.8.4-2ubuntu1~14.04.4) ...
Setting up libitm1:amd64 (4.8.4-2ubuntu1~14.04.4) ...
Setting up libgomp1:amd64 (4.8.4-2ubuntu1~14.04.4) ...
Setting up libasan0:amd64 (4.8.4-2ubuntu1~14.04.4) ...
Setting up libtsan0:amd64 (4.8.4-2ubuntu1~14.04.4) ...
Setting up libquadmath0:amd64 (4.8.4-2ubuntu1~14.04.4) ...
Setting up cpp-4.8 (4.8.4-2ubuntu1~14.04.4) ...
Setting up libgcc-4.8-dev:amd64 (4.8.4-2ubuntu1~14.04.4) ...
Setting up gcc-4.8 (4.8.4-2ubuntu1~14.04.4) ...
Setting up libstdc++-4.8-dev:amd64 (4.8.4-2ubuntu1~14.04.4) ...
Setting up g++-4.8 (4.8.4-2ubuntu1~14.04.4) ...
Setting up libc6-i386 (2.19-0ubuntu6.15) ...
Setting up libc6-dev-i386 (2.19-0ubuntu6.15) ...
Setting up libc6-x32 (2.19-0ubuntu6.15) ...
Setting up libc6-dev-x32 (2.19-0ubuntu6.15) ...
Setting up lib32gcc1 (1:4.9.3-0ubuntu4) ...
Setting up libx32gcc1 (1:4.9.3-0ubuntu4) ...
Setting up lib32gomp1 (4.8.4-2ubuntu1~14.04.4) ...
Setting up libx32gomp1 (4.8.4-2ubuntu1~14.04.4) ...
Setting up lib32itm1 (4.8.4-2ubuntu1~14.04.4) ...
Setting up libx32itm1 (4.8.4-2ubuntu1~14.04.4) ...
Setting up lib32atomic1 (4.8.4-2ubuntu1~14.04.4) ...
Setting up libx32atomic1 (4.8.4-2ubuntu1~14.04.4) ...
Setting up lib32asan0 (4.8.4-2ubuntu1~14.04.4) ...
Setting up libx32asan0 (4.8.4-2ubuntu1~14.04.4) ...
Setting up lib32quadmath0 (4.8.4-2ubuntu1~14.04.4) ...
Setting up libx32quadmath0 (4.8.4-2ubuntu1~14.04.4) ...
Setting up lib32gcc-4.8-dev (4.8.4-2ubuntu1~14.04.4) ...
Setting up libx32gcc-4.8-dev (4.8.4-2ubuntu1~14.04.4) ...
Setting up gcc-4.8-multilib (4.8.4-2ubuntu1~14.04.4) ...
Setting up gcc-multilib (4:4.8.2-1ubuntu6) ...
Setting up lib32stdc++6 (4.8.4-2ubuntu1~14.04.4) ...
Setting up lib32stdc++-4.8-dev (4.8.4-2ubuntu1~14.04.4) ...
Setting up libx32stdc++6 (4.8.4-2ubuntu1~14.04.4) ...
Setting up libx32stdc++-4.8-dev (4.8.4-2ubuntu1~14.04.4) ...
Setting up g++-4.8-multilib (4.8.4-2ubuntu1~14.04.4) ...
Setting up g++-multilib (4:4.8.2-1ubuntu6) ...
Processing triggers for libc-bin (2.19-0ubuntu6.13) ...
travis_time:end:1f145a00:start=1622281984695587427,finish=1622282092813103797,duration=108117516370,event=before_install[0Ktravis_fold:end:before_install.2[0Ktravis_fold:start:before_install.3[0Ktravis_time:start:0ba50fee[0K$ npm install -g npm@latest
- clone@1.0.2 node_modules/npm/node_modules/columnify/node_modules/wcwidth/node_modules/defaults/node_modules/clone
- defaults@1.0.3 node_modules/npm/node_modules/columnify/node_modules/wcwidth/node_modules/defaults
- wcwidth@1.0.0 node_modules/npm/node_modules/columnify/node_modules/wcwidth
- proto-list@1.2.4 node_modules/npm/node_modules/config-chain/node_modules/proto-list
- fstream@1.0.10 node_modules/npm/node_modules/fstream
- balanced-match@0.4.2 node_modules/npm/node_modules/fstream-npm/node_modules/fstream-ignore/node_modules/minimatch/node_modules/brace-expansion/node_modules/balanced-match
- concat-map@0.0.1 node_modules/npm/node_modules/fstream-npm/node_modules/fstream-ignore/node_modules/minimatch/node_modules/brace-expansion/node_modules/concat-map
- brace-expansion@1.1.6 node_modules/npm/node_modules/fstream-npm/node_modules/fstream-ignore/node_modules/minimatch/node_modules/brace-expansion
- minimatch@3.0.3 node_modules/npm/node_modules/fstream-npm/node_modules/fstream-ignore/node_modules/minimatch
- fstream-ignore@1.0.5 node_modules/npm/node_modules/fstream-npm/node_modules/fstream-ignore
- fs.realpath@1.0.0 node_modules/npm/node_modules/glob/node_modules/fs.realpath
- balanced-match@0.4.2 node_modules/npm/node_modules/glob/node_modules/minimatch/node_modules/brace-expansion/node_modules/balanced-match
- concat-map@0.0.1 node_modules/npm/node_modules/glob/node_modules/minimatch/node_modules/brace-expansion/node_modules/concat-map
- brace-expansion@1.1.6 node_modules/npm/node_modules/glob/node_modules/minimatch/node_modules/brace-expansion
- minimatch@3.0.3 node_modules/npm/node_modules/glob/node_modules/minimatch
- path-is-absolute@1.0.1 node_modules/npm/node_modules/glob/node_modules/path-is-absolute
- iferr@0.1.5 node_modules/npm/node_modules/iferr
- balanced-match@0.4.2 node_modules/npm/node_modules/init-package-json/node_modules/glob/node_modules/minimatch/node_modules/brace-expansion/node_modules/balanced-match
- concat-map@0.0.1 node_modules/npm/node_modules/init-package-json/node_modules/glob/node_modules/minimatch/node_modules/brace-expansion/node_modules/concat-map
- brace-expansion@1.1.6 node_modules/npm/node_modules/init-package-json/node_modules/glob/node_modules/minimatch/node_modules/brace-expansion
- minimatch@3.0.3 node_modules/npm/node_modules/init-package-json/node_modules/glob/node_modules/minimatch
- path-is-absolute@1.0.0 node_modules/npm/node_modules/init-package-json/node_modules/glob/node_modules/path-is-absolute
- glob@6.0.4 node_modules/npm/node_modules/init-package-json/node_modules/glob
- promzard@0.3.0 node_modules/npm/node_modules/init-package-json/node_modules/promzard
- lodash._createset@4.0.3 node_modules/npm/node_modules/lodash._baseuniq/node_modules/lodash._createset
- lodash._root@3.0.1 node_modules/npm/node_modules/lodash._baseuniq/node_modules/lodash._root
- lodash._getnative@3.9.1 node_modules/npm/node_modules/lodash._getnative
- minimist@0.0.8 node_modules/npm/node_modules/mkdirp/node_modules/minimist
- balanced-match@0.4.2 node_modules/npm/node_modules/node-gyp/node_modules/minimatch/node_modules/brace-expansion/node_modules/balanced-match
- concat-map@0.0.1 node_modules/npm/node_modules/node-gyp/node_modules/minimatch/node_modules/brace-expansion/node_modules/concat-map
- brace-expansion@1.1.6 node_modules/npm/node_modules/node-gyp/node_modules/minimatch/node_modules/brace-expansion
- minimatch@3.0.3 node_modules/npm/node_modules/node-gyp/node_modules/minimatch
- delegates@1.0.0 node_modules/npm/node_modules/node-gyp/node_modules/npmlog/node_modules/are-we-there-yet/node_modules/delegates
- are-we-there-yet@1.1.2 node_modules/npm/node_modules/node-gyp/node_modules/npmlog/node_modules/are-we-there-yet
- console-control-strings@1.1.0 node_modules/npm/node_modules/node-gyp/node_modules/npmlog/node_modules/console-control-strings
- has-color@0.1.7 node_modules/npm/node_modules/node-gyp/node_modules/npmlog/node_modules/gauge/node_modules/has-color
- object-assign@4.1.0 node_modules/npm/node_modules/node-gyp/node_modules/npmlog/node_modules/gauge/node_modules/object-assign
- signal-exit@3.0.0 node_modules/npm/node_modules/node-gyp/node_modules/npmlog/node_modules/gauge/node_modules/signal-exit
- number-is-nan@1.0.0 node_modules/npm/node_modules/node-gyp/node_modules/npmlog/node_modules/gauge/node_modules/string-width/node_modules/code-point-at/node_modules/number-is-nan
- code-point-at@1.0.0 node_modules/npm/node_modules/node-gyp/node_modules/npmlog/node_modules/gauge/node_modules/string-width/node_modules/code-point-at
- number-is-nan@1.0.0 node_modules/npm/node_modules/node-gyp/node_modules/npmlog/node_modules/gauge/node_modules/string-width/node_modules/is-fullwidth-code-point/node_modules/number-is-nan
- is-fullwidth-code-point@1.0.0 node_modules/npm/node_modules/node-gyp/node_modules/npmlog/node_modules/gauge/node_modules/string-width/node_modules/is-fullwidth-code-point
- string-width@1.0.2 node_modules/npm/node_modules/node-gyp/node_modules/npmlog/node_modules/gauge/node_modules/string-width
- wide-align@1.1.0 node_modules/npm/node_modules/node-gyp/node_modules/npmlog/node_modules/gauge/node_modules/wide-align
- gauge@2.6.0 node_modules/npm/node_modules/node-gyp/node_modules/npmlog/node_modules/gauge
- set-blocking@2.0.0 node_modules/npm/node_modules/node-gyp/node_modules/npmlog/node_modules/set-blocking
- npmlog@3.1.2 node_modules/npm/node_modules/node-gyp/node_modules/npmlog
- ms@0.7.1 node_modules/npm/node_modules/node-gyp/node_modules/path-array/node_modules/array-index/node_modules/debug/node_modules/ms
- debug@2.2.0 node_modules/npm/node_modules/node-gyp/node_modules/path-array/node_modules/array-index/node_modules/debug
- es6-iterator@2.0.0 node_modules/npm/node_modules/node-gyp/node_modules/path-array/node_modules/array-index/node_modules/es6-symbol/node_modules/es5-ext/node_modules/es6-iterator
- es5-ext@0.10.12 node_modules/npm/node_modules/node-gyp/node_modules/path-array/node_modules/array-index/node_modules/es6-symbol/node_modules/es5-ext
- d@0.1.1 node_modules/npm/node_modules/node-gyp/node_modules/path-array/node_modules/array-index/node_modules/es6-symbol/node_modules/d
- es6-symbol@3.1.0 node_modules/npm/node_modules/node-gyp/node_modules/path-array/node_modules/array-index/node_modules/es6-symbol
- array-index@1.0.0 node_modules/npm/node_modules/node-gyp/node_modules/path-array/node_modules/array-index
- path-array@1.0.1 node_modules/npm/node_modules/node-gyp/node_modules/path-array
- builtin-modules@1.1.1 node_modules/npm/node_modules/normalize-package-data/node_modules/is-builtin-module/node_modules/builtin-modules
- is-builtin-module@1.0.0 node_modules/npm/node_modules/normalize-package-data/node_modules/is-builtin-module
- core-util-is@1.0.2 node_modules/npm/node_modules/npm-registry-client/node_modules/concat-stream/node_modules/readable-stream/node_modules/core-util-is
- isarray@1.0.0 node_modules/npm/node_modules/npm-registry-client/node_modules/concat-stream/node_modules/readable-stream/node_modules/isarray
- process-nextick-args@1.0.7 node_modules/npm/node_modules/npm-registry-client/node_modules/concat-stream/node_modules/readable-stream/node_modules/process-nextick-args
- string_decoder@0.10.31 node_modules/npm/node_modules/npm-registry-client/node_modules/concat-stream/node_modules/readable-stream/node_modules/string_decoder
- util-deprecate@1.0.2 node_modules/npm/node_modules/npm-registry-client/node_modules/concat-stream/node_modules/readable-stream/node_modules/util-deprecate
- readable-stream@2.0.6 node_modules/npm/node_modules/npm-registry-client/node_modules/concat-stream/node_modules/readable-stream
- typedarray@0.0.6 node_modules/npm/node_modules/npm-registry-client/node_modules/concat-stream/node_modules/typedarray
- concat-stream@1.5.2 node_modules/npm/node_modules/npm-registry-client/node_modules/concat-stream
- delegates@1.0.0 node_modules/npm/node_modules/npm-registry-client/node_modules/npmlog/node_modules/are-we-there-yet/node_modules/delegates
- are-we-there-yet@1.1.2 node_modules/npm/node_modules/npm-registry-client/node_modules/npmlog/node_modules/are-we-there-yet
- console-control-strings@1.1.0 node_modules/npm/node_modules/npm-registry-client/node_modules/npmlog/node_modules/console-control-strings
- has-color@0.1.7 node_modules/npm/node_modules/npm-registry-client/node_modules/npmlog/node_modules/gauge/node_modules/has-color
- object-assign@4.1.0 node_modules/npm/node_modules/npm-registry-client/node_modules/npmlog/node_modules/gauge/node_modules/object-assign
- signal-exit@3.0.0 node_modules/npm/node_modules/npm-registry-client/node_modules/npmlog/node_modules/gauge/node_modules/signal-exit
- number-is-nan@1.0.0 node_modules/npm/node_modules/npm-registry-client/node_modules/npmlog/node_modules/gauge/node_modules/string-width/node_modules/code-point-at/node_modules/number-is-nan
- code-point-at@1.0.0 node_modules/npm/node_modules/npm-registry-client/node_modules/npmlog/node_modules/gauge/node_modules/string-width/node_modules/code-point-at
- number-is-nan@1.0.0 node_modules/npm/node_modules/npm-registry-client/node_modules/npmlog/node_modules/gauge/node_modules/string-width/node_modules/is-fullwidth-code-point/node_modules/number-is-nan
- is-fullwidth-code-point@1.0.0 node_modules/npm/node_modules/npm-registry-client/node_modules/npmlog/node_modules/gauge/node_modules/string-width/node_modules/is-fullwidth-code-point
- string-width@1.0.2 node_modules/npm/node_modules/npm-registry-client/node_modules/npmlog/node_modules/gauge/node_modules/string-width
- wide-align@1.1.0 node_modules/npm/node_modules/npm-registry-client/node_modules/npmlog/node_modules/gauge/node_modules/wide-align
- gauge@2.6.0 node_modules/npm/node_modules/npm-registry-client/node_modules/npmlog/node_modules/gauge
- set-blocking@2.0.0 node_modules/npm/node_modules/npm-registry-client/node_modules/npmlog/node_modules/set-blocking
- npmlog@3.1.2 node_modules/npm/node_modules/npm-registry-client/node_modules/npmlog
- retry@0.10.0 node_modules/npm/node_modules/npm-registry-client/node_modules/retry
- delegates@1.0.0 node_modules/npm/node_modules/npmlog/node_modules/are-we-there-yet/node_modules/delegates
- are-we-there-yet@1.1.2 node_modules/npm/node_modules/npmlog/node_modules/are-we-there-yet
- console-control-strings@1.1.0 node_modules/npm/node_modules/npmlog/node_modules/console-control-strings
- has-color@0.1.7 node_modules/npm/node_modules/npmlog/node_modules/gauge/node_modules/has-color
- object-assign@4.1.0 node_modules/npm/node_modules/npmlog/node_modules/gauge/node_modules/object-assign
- signal-exit@3.0.0 node_modules/npm/node_modules/npmlog/node_modules/gauge/node_modules/signal-exit
- number-is-nan@1.0.0 node_modules/npm/node_modules/npmlog/node_modules/gauge/node_modules/string-width/node_modules/code-point-at/node_modules/number-is-nan
- code-point-at@1.0.0 node_modules/npm/node_modules/npmlog/node_modules/gauge/node_modules/string-width/node_modules/code-point-at
- number-is-nan@1.0.0 node_modules/npm/node_modules/npmlog/node_modules/gauge/node_modules/string-width/node_modules/is-fullwidth-code-point/node_modules/number-is-nan
- is-fullwidth-code-point@1.0.0 node_modules/npm/node_modules/npmlog/node_modules/gauge/node_modules/string-width/node_modules/is-fullwidth-code-point
- string-width@1.0.2 node_modules/npm/node_modules/npmlog/node_modules/gauge/node_modules/string-width
- wide-align@1.1.0 node_modules/npm/node_modules/npmlog/node_modules/gauge/node_modules/wide-align
- gauge@2.6.0 node_modules/npm/node_modules/npmlog/node_modules/gauge
- set-blocking@2.0.0 node_modules/npm/node_modules/npmlog/node_modules/set-blocking
- os-homedir@1.0.1 node_modules/npm/node_modules/osenv/node_modules/os-homedir
- os-tmpdir@1.0.1 node_modules/npm/node_modules/osenv/node_modules/os-tmpdir
- osenv@0.1.3 node_modules/npm/node_modules/osenv
- path-is-inside@1.0.2 node_modules/npm/node_modules/path-is-inside
- util-extend@1.0.3 node_modules/npm/node_modules/read-installed/node_modules/util-extend
- balanced-match@0.4.2 node_modules/npm/node_modules/read-package-json/node_modules/glob/node_modules/minimatch/node_modules/brace-expansion/node_modules/balanced-match
- concat-map@0.0.1 node_modules/npm/node_modules/read-package-json/node_modules/glob/node_modules/minimatch/node_modules/brace-expansion/node_modules/concat-map
- brace-expansion@1.1.6 node_modules/npm/node_modules/read-package-json/node_modules/glob/node_modules/minimatch/node_modules/brace-expansion
- minimatch@3.0.3 node_modules/npm/node_modules/read-package-json/node_modules/glob/node_modules/minimatch
- path-is-absolute@1.0.0 node_modules/npm/node_modules/read-package-json/node_modules/glob/node_modules/path-is-absolute
- glob@6.0.4 node_modules/npm/node_modules/read-package-json/node_modules/glob
- jju@1.3.0 node_modules/npm/node_modules/read-package-json/node_modules/json-parse-helpfulerror/node_modules/jju
- json-parse-helpfulerror@1.0.3 node_modules/npm/node_modules/read-package-json/node_modules/json-parse-helpfulerror
- mute-stream@0.0.5 node_modules/npm/node_modules/read/node_modules/mute-stream
- buffer-shims@1.0.0 node_modules/npm/node_modules/readable-stream/node_modules/buffer-shims
- core-util-is@1.0.2 node_modules/npm/node_modules/readable-stream/node_modules/core-util-is
- isarray@1.0.0 node_modules/npm/node_modules/readable-stream/node_modules/isarray
- process-nextick-args@1.0.7 node_modules/npm/node_modules/readable-stream/node_modules/process-nextick-args
- string_decoder@0.10.31 node_modules/npm/node_modules/readable-stream/node_modules/string_decoder
- util-deprecate@1.0.2 node_modules/npm/node_modules/readable-stream/node_modules/util-deprecate
- aws-sign2@0.6.0 node_modules/npm/node_modules/request/node_modules/aws-sign2
- aws4@1.4.1 node_modules/npm/node_modules/request/node_modules/aws4
- core-util-is@1.0.2 node_modules/npm/node_modules/request/node_modules/bl/node_modules/readable-stream/node_modules/core-util-is
- isarray@1.0.0 node_modules/npm/node_modules/request/node_modules/bl/node_modules/readable-stream/node_modules/isarray
- process-nextick-args@1.0.7 node_modules/npm/node_modules/request/node_modules/bl/node_modules/readable-stream/node_modules/process-nextick-args
- string_decoder@0.10.31 node_modules/npm/node_modules/request/node_modules/bl/node_modules/readable-stream/node_modules/string_decoder
- util-deprecate@1.0.2 node_modules/npm/node_modules/request/node_modules/bl/node_modules/readable-stream/node_modules/util-deprecate
- readable-stream@2.0.6 node_modules/npm/node_modules/request/node_modules/bl/node_modules/readable-stream
- bl@1.1.2 node_modules/npm/node_modules/request/node_modules/bl
- caseless@0.11.0 node_modules/npm/node_modules/request/node_modules/caseless
- delayed-stream@1.0.0 node_modules/npm/node_modules/request/node_modules/combined-stream/node_modules/delayed-stream
- combined-stream@1.0.5 node_modules/npm/node_modules/request/node_modules/combined-stream
- extend@3.0.0 node_modules/npm/node_modules/request/node_modules/extend
- forever-agent@0.6.1 node_modules/npm/node_modules/request/node_modules/forever-agent
- asynckit@0.4.0 node_modules/npm/node_modules/request/node_modules/form-data/node_modules/asynckit
- ansi-styles@2.2.1 node_modules/npm/node_modules/request/node_modules/har-validator/node_modules/chalk/node_modules/ansi-styles
- escape-string-regexp@1.0.5 node_modules/npm/node_modules/request/node_modules/har-validator/node_modules/chalk/node_modules/escape-string-regexp
- has-ansi@2.0.0 node_modules/npm/node_modules/request/node_modules/har-validator/node_modules/chalk/node_modules/has-ansi
- supports-color@2.0.0 node_modules/npm/node_modules/request/node_modules/har-validator/node_modules/chalk/node_modules/supports-color
- chalk@1.1.3 node_modules/npm/node_modules/request/node_modules/har-validator/node_modules/chalk
- graceful-readlink@1.0.1 node_modules/npm/node_modules/request/node_modules/har-validator/node_modules/commander/node_modules/graceful-readlink
- commander@2.9.0 node_modules/npm/node_modules/request/node_modules/har-validator/node_modules/commander
- generate-function@2.0.0 node_modules/npm/node_modules/request/node_modules/har-validator/node_modules/is-my-json-valid/node_modules/generate-function
- is-property@1.0.2 node_modules/npm/node_modules/request/node_modules/har-validator/node_modules/is-my-json-valid/node_modules/generate-object-property/node_modules/is-property
- generate-object-property@1.2.0 node_modules/npm/node_modules/request/node_modules/har-validator/node_modules/is-my-json-valid/node_modules/generate-object-property
- jsonpointer@4.0.0 node_modules/npm/node_modules/request/node_modules/har-validator/node_modules/is-my-json-valid/node_modules/jsonpointer
- xtend@4.0.1 node_modules/npm/node_modules/request/node_modules/har-validator/node_modules/is-my-json-valid/node_modules/xtend
- is-my-json-valid@2.15.0 node_modules/npm/node_modules/request/node_modules/har-validator/node_modules/is-my-json-valid
- pinkie@2.0.4 node_modules/npm/node_modules/request/node_modules/har-validator/node_modules/pinkie-promise/node_modules/pinkie
- pinkie-promise@2.0.1 node_modules/npm/node_modules/request/node_modules/har-validator/node_modules/pinkie-promise
- har-validator@2.0.6 node_modules/npm/node_modules/request/node_modules/har-validator
- hoek@2.16.3 node_modules/npm/node_modules/request/node_modules/hawk/node_modules/hoek
- boom@2.10.1 node_modules/npm/node_modules/request/node_modules/hawk/node_modules/boom
- cryptiles@2.0.5 node_modules/npm/node_modules/request/node_modules/hawk/node_modules/cryptiles
- sntp@1.0.9 node_modules/npm/node_modules/request/node_modules/hawk/node_modules/sntp
- hawk@3.1.3 node_modules/npm/node_modules/request/node_modules/hawk
- assert-plus@0.2.0 node_modules/npm/node_modules/request/node_modules/http-signature/node_modules/assert-plus
- extsprintf@1.0.2 node_modules/npm/node_modules/request/node_modules/http-signature/node_modules/jsprim/node_modules/extsprintf
- json-schema@0.2.3 node_modules/npm/node_modules/request/node_modules/http-signature/node_modules/jsprim/node_modules/json-schema
- verror@1.3.6 node_modules/npm/node_modules/request/node_modules/http-signature/node_modules/jsprim/node_modules/verror
- jsprim@1.3.1 node_modules/npm/node_modules/request/node_modules/http-signature/node_modules/jsprim
- asn1@0.2.3 node_modules/npm/node_modules/request/node_modules/http-signature/node_modules/sshpk/node_modules/asn1
- assert-plus@1.0.0 node_modules/npm/node_modules/request/node_modules/http-signature/node_modules/sshpk/node_modules/assert-plus
- dashdash@1.14.0 node_modules/npm/node_modules/request/node_modules/http-signature/node_modules/sshpk/node_modules/dashdash
- getpass@0.1.6 node_modules/npm/node_modules/request/node_modules/http-signature/node_modules/sshpk/node_modules/getpass
- jsbn@0.1.0 node_modules/npm/node_modules/request/node_modules/http-signature/node_modules/sshpk/node_modules/jsbn
- ecc-jsbn@0.1.1 node_modules/npm/node_modules/request/node_modules/http-signature/node_modules/sshpk/node_modules/ecc-jsbn
- jodid25519@1.0.2 node_modules/npm/node_modules/request/node_modules/http-signature/node_modules/sshpk/node_modules/jodid25519
- tweetnacl@0.14.3 node_modules/npm/node_modules/request/node_modules/http-signature/node_modules/sshpk/node_modules/tweetnacl
- bcrypt-pbkdf@1.0.0 node_modules/npm/node_modules/request/node_modules/http-signature/node_modules/sshpk/node_modules/bcrypt-pbkdf
- sshpk@1.10.1 node_modules/npm/node_modules/request/node_modules/http-signature/node_modules/sshpk
- http-signature@1.1.1 node_modules/npm/node_modules/request/node_modules/http-signature
- is-typedarray@1.0.0 node_modules/npm/node_modules/request/node_modules/is-typedarray
- isstream@0.1.2 node_modules/npm/node_modules/request/node_modules/isstream
- json-stringify-safe@5.0.1 node_modules/npm/node_modules/request/node_modules/json-stringify-safe
- mime-db@1.24.0 node_modules/npm/node_modules/request/node_modules/mime-types/node_modules/mime-db
- mime-types@2.1.12 node_modules/npm/node_modules/request/node_modules/mime-types
- form-data@2.0.0 node_modules/npm/node_modules/request/node_modules/form-data
- node-uuid@1.4.7 node_modules/npm/node_modules/request/node_modules/node-uuid
- oauth-sign@0.8.2 node_modules/npm/node_modules/request/node_modules/oauth-sign
- qs@6.2.1 node_modules/npm/node_modules/request/node_modules/qs
- stringstream@0.0.5 node_modules/npm/node_modules/request/node_modules/stringstream
- tunnel-agent@0.4.3 node_modules/npm/node_modules/request/node_modules/tunnel-agent
- slide@1.1.6 node_modules/npm/node_modules/slide
- block-stream@0.0.8 node_modules/npm/node_modules/tar/node_modules/block-stream
- unique-slug@2.0.0 node_modules/npm/node_modules/unique-filename/node_modules/unique-slug
- spdx-license-ids@1.2.0 node_modules/npm/node_modules/validate-npm-package-license/node_modules/spdx-correct/node_modules/spdx-license-ids
- spdx-correct@1.0.2 node_modules/npm/node_modules/validate-npm-package-license/node_modules/spdx-correct
- spdx-exceptions@1.0.4 node_modules/npm/node_modules/validate-npm-package-license/node_modules/spdx-expression-parse/node_modules/spdx-exceptions
- spdx-license-ids@1.2.0 node_modules/npm/node_modules/validate-npm-package-license/node_modules/spdx-expression-parse/node_modules/spdx-license-ids
- spdx-expression-parse@1.0.2 node_modules/npm/node_modules/validate-npm-package-license/node_modules/spdx-expression-parse
- builtins@0.0.7 node_modules/npm/node_modules/validate-npm-package-name/node_modules/builtins
- isexe@1.1.2 node_modules/npm/node_modules/which/node_modules/isexe
- config-chain@1.1.11 node_modules/npm/node_modules/config-chain
- editor@1.0.0 node_modules/npm/node_modules/editor
- fs-vacuum@1.2.9 node_modules/npm/node_modules/fs-vacuum
- fs-write-stream-atomic@1.0.8 node_modules/npm/node_modules/fs-write-stream-atomic
- fstream-npm@1.2.0 node_modules/npm/node_modules/fstream-npm
- lockfile@1.0.2 node_modules/npm/node_modules/lockfile
- lodash._baseindexof@3.1.0 node_modules/npm/node_modules/lodash._baseindexof
- lodash._baseuniq@4.6.0 node_modules/npm/node_modules/lodash._baseuniq
- lodash._bindcallback@3.0.1 node_modules/npm/node_modules/lodash._bindcallback
- lodash._cacheindexof@3.0.2 node_modules/npm/node_modules/lodash._cacheindexof
- lodash._createcache@3.1.2 node_modules/npm/node_modules/lodash._createcache
- lodash.clonedeep@4.5.0 node_modules/npm/node_modules/lodash.clonedeep
- lodash.restparam@3.6.1 node_modules/npm/node_modules/lodash.restparam
- lodash.union@4.6.0 node_modules/npm/node_modules/lodash.union
- lodash.uniq@4.5.0 node_modules/npm/node_modules/lodash.uniq
- lodash.without@4.4.0 node_modules/npm/node_modules/lodash.without
- normalize-git-url@3.0.2 node_modules/npm/node_modules/normalize-git-url
- npm-cache-filename@1.0.2 node_modules/npm/node_modules/npm-cache-filename
- npm-registry-client@7.2.1 node_modules/npm/node_modules/npm-registry-client
- read-installed@4.0.3 node_modules/npm/node_modules/read-installed
- read-package-tree@5.1.5 node_modules/npm/node_modules/read-package-tree
- realize-package-specifier@3.0.3 node_modules/npm/node_modules/realize-package-specifier
- sha@2.0.1 node_modules/npm/node_modules/sha
- sorted-object@2.0.1 node_modules/npm/node_modules/sorted-object
- uid-number@0.0.6 node_modules/npm/node_modules/uid-number
- umask@1.1.0 node_modules/npm/node_modules/umask
- unpipe@1.0.0 node_modules/npm/node_modules/unpipe
/home/travis/.nvm/versions/node/v6.17.1/lib
└── (empty)

npm ERR! Linux 4.15.0-109-generic
npm ERR! argv "/home/travis/.nvm/versions/node/v6.17.1/bin/node" "/home/travis/.nvm/versions/node/v6.17.1/bin/npm" "install" "-g" "npm@latest"
npm ERR! node v6.17.1
npm ERR! npm  v3.10.10
npm ERR! path /home/travis/.nvm/versions/node/v6.17.1/lib/node_modules/.staging/@npmcli/ci-detect-ccabb611
npm ERR! code ENOENT
npm ERR! errno -2
npm ERR! syscall rename

npm ERR! enoent ENOENT: no such file or directory, rename '/home/travis/.nvm/versions/node/v6.17.1/lib/node_modules/.staging/@npmcli/ci-detect-ccabb611' -> '/home/travis/.nvm/versions/node/v6.17.1/lib/node_modules/npm/node_modules/@npmcli/ci-detect'
npm ERR! enoent ENOENT: no such file or directory, rename '/home/travis/.nvm/versions/node/v6.17.1/lib/node_modules/.staging/@npmcli/ci-detect-ccabb611' -> '/home/travis/.nvm/versions/node/v6.17.1/lib/node_modules/npm/node_modules/@npmcli/ci-detect'
npm ERR! enoent This is most likely not a problem with npm itself
npm ERR! enoent and is related to npm not being able to find a file.
npm ERR! enoent 

npm ERR! Please include the following file with any support request:
npm ERR!     /home/travis/build/failed/nexe/nexe/npm-debug.log
npm ERR! code 1
travis_time:end:0ba50fee:start=1622282092824578043,finish=1622282107696335255,duration=14871757212,event=before_install[0K[31;1mThe command "npm install -g npm@latest" failed and exited with 1 during .[0m

Your build has been stopped.
