travis_fold:start:system_info[0K[33;1mBuild system information[0m
Build language: java
Build id: ''
Job id: ''
[34m[1mBuild image provisioning date and time[0m
Fri Dec 12 23:29:11 UTC 2014
[34m[1mlsb_release -a[0m
Distributor ID:	Ubuntu
Description:	Ubuntu 12.04.5 LTS
Release:	12.04
Codename:	precise
[34m[1mCookbooks Version[0m
540230e https://github.com/travis-ci/travis-cookbooks/tree/540230e
[34m[1mGCC version[0m
gcc (Ubuntu/Linaro 4.6.3-1ubuntu5) 4.6.3
Copyright (C) 2011 Free Software Foundation, Inc.
This is free software; see the source for copying conditions.  There is NO
warranty; not even for MERCHANTABILITY or FITNESS FOR A PARTICULAR PURPOSE.

[34m[1mLLVM version[0m
clang version 3.4 (tags/RELEASE_34/final)
Target: x86_64-unknown-linux-gnu
Thread model: posix
[34m[1mPre-installed Ruby versions[0m
ruby-1.9.3-p551
[34m[1mPre-installed Node.js versions[0m
v0.10.33
[34m[1mPre-installed Go versions[0m
go1.4
[34m[1mRedis version[0m
redis-server 2.8.18
[34m[1mriak version[0m
1.4.12
[34m[1mMongoDB version[0m
MongoDB 2.4.12
[34m[1mCouchDB version[0m
couchdb 1.6.1
[34m[1mNeo4j version[0m
1.9.4
[34m[1mCassandra version[0m
2.0.9
[34m[1mRabbitMQ Version[0m
3.4.2
[34m[1mElasticSearch version[0m
1.4.0
[34m[1mInstalled Sphinx versions[0m
2.0.10
2.1.9
2.2.4
[34m[1mDefault Sphinx version[0m
2.1.9
[34m[1mInstalled Firefox version[0m
firefox 31.0esr
[34m[1mPhantomJS version[0m
1.9.8
[34m[1mant -version[0m
Apache Ant(TM) version 1.8.2 compiled on December 3 2011
[34m[1mmvn -version[0m
Apache Maven 3.2.3 (33f8c3e1027c3ddde99d3cdebad2656a31e8fdf4; 2014-08-11T20:58:10+00:00)
Maven home: /usr/local/maven
Java version: 1.7.0_72, vendor: Oracle Corporation
Java home: /usr/lib/jvm/java-7-oracle/jre
Default locale: en_US, platform encoding: ANSI_X3.4-1968
OS name: "linux", version: "3.13.0-29-generic", arch: "amd64", family: "unix"
[34m[1mgradle -version[0m

------------------------------------------------------------
Gradle 2.2.1
------------------------------------------------------------

Build time:   2014-11-24 09:45:35 UTC
Build number: none
Revision:     6fcb59c06f43a4e6b1bcb401f7686a8601a1fb4a

Groovy:       2.3.6
Ant:          Apache Ant(TM) version 1.9.3 compiled on December 23 2013
JVM:          1.7.0_72 (Oracle Corporation 24.72-b04)
OS:           Linux 3.13.0-29-generic amd64

[34m[1mlein1 version[0m
Using JLine for console I/O; install rlwrap for optimum experience.
Leiningen 1.7.1 on Java 1.7.0_72 Java HotSpot(TM) 64-Bit Server VM
[34m[1mlein2 version[0m
Leiningen 2.5.0 on Java 1.7.0_72 Java HotSpot(TM) 64-Bit Server VM
[34m[1mlein version[0m
Leiningen 2.5.0 on Java 1.7.0_72 Java HotSpot(TM) 64-Bit Server VM
travis_fold:end:system_info[0K
W: Failed to fetch http://apt.basho.com/dists/precise/Release.gpg  Could not resolve 'apt.basho.com'

W: Failed to fetch http://security.ubuntu.com/ubuntu/dists/precise-security/main/source/Sources  404  Not Found [IP: 91.189.91.38 80]

W: Failed to fetch http://security.ubuntu.com/ubuntu/dists/precise-security/restricted/source/Sources  404  Not Found [IP: 91.189.91.38 80]

W: Failed to fetch http://security.ubuntu.com/ubuntu/dists/precise-security/universe/source/Sources  404  Not Found [IP: 91.189.91.38 80]

W: Failed to fetch http://security.ubuntu.com/ubuntu/dists/precise-security/multiverse/source/Sources  404  Not Found [IP: 91.189.91.38 80]

W: Failed to fetch http://security.ubuntu.com/ubuntu/dists/precise-security/main/binary-amd64/Packages  404  Not Found [IP: 91.189.91.38 80]

W: Failed to fetch http://security.ubuntu.com/ubuntu/dists/precise-security/restricted/binary-amd64/Packages  404  Not Found [IP: 91.189.91.38 80]

W: Failed to fetch http://security.ubuntu.com/ubuntu/dists/precise-security/universe/binary-amd64/Packages  404  Not Found [IP: 91.189.91.38 80]

W: Failed to fetch http://security.ubuntu.com/ubuntu/dists/precise-security/multiverse/binary-amd64/Packages  404  Not Found [IP: 91.189.91.38 80]

W: Failed to fetch http://security.ubuntu.com/ubuntu/dists/precise-security/main/binary-i386/Packages  404  Not Found [IP: 91.189.91.38 80]

W: Failed to fetch http://security.ubuntu.com/ubuntu/dists/precise-security/restricted/binary-i386/Packages  404  Not Found [IP: 91.189.91.38 80]

W: Failed to fetch http://security.ubuntu.com/ubuntu/dists/precise-security/universe/binary-i386/Packages  404  Not Found [IP: 91.189.91.38 80]

W: Failed to fetch http://security.ubuntu.com/ubuntu/dists/precise-security/multiverse/binary-i386/Packages  404  Not Found [IP: 91.189.91.38 80]

W: Failed to fetch http://us.archive.ubuntu.com/ubuntu/dists/precise/main/source/Sources  404  Not Found [IP: 91.189.91.39 80]

W: Failed to fetch http://us.archive.ubuntu.com/ubuntu/dists/precise/restricted/source/Sources  404  Not Found [IP: 91.189.91.39 80]

W: Failed to fetch http://us.archive.ubuntu.com/ubuntu/dists/precise/universe/source/Sources  404  Not Found [IP: 91.189.91.39 80]

W: Failed to fetch http://us.archive.ubuntu.com/ubuntu/dists/precise/multiverse/source/Sources  404  Not Found [IP: 91.189.91.39 80]

W: Failed to fetch http://us.archive.ubuntu.com/ubuntu/dists/precise/main/binary-amd64/Packages  404  Not Found [IP: 91.189.91.39 80]

W: Failed to fetch http://us.archive.ubuntu.com/ubuntu/dists/precise/restricted/binary-amd64/Packages  404  Not Found [IP: 91.189.91.39 80]

W: Failed to fetch http://us.archive.ubuntu.com/ubuntu/dists/precise/universe/binary-amd64/Packages  404  Not Found [IP: 91.189.91.39 80]

W: Failed to fetch http://us.archive.ubuntu.com/ubuntu/dists/precise/multiverse/binary-amd64/Packages  404  Not Found [IP: 91.189.91.39 80]

W: Failed to fetch http://us.archive.ubuntu.com/ubuntu/dists/precise/main/binary-i386/Packages  404  Not Found [IP: 91.189.91.39 80]

W: Failed to fetch http://us.archive.ubuntu.com/ubuntu/dists/precise/restricted/binary-i386/Packages  404  Not Found [IP: 91.189.91.39 80]

W: Failed to fetch http://us.archive.ubuntu.com/ubuntu/dists/precise/universe/binary-i386/Packages  404  Not Found [IP: 91.189.91.39 80]

W: Failed to fetch http://us.archive.ubuntu.com/ubuntu/dists/precise/multiverse/binary-i386/Packages  404  Not Found [IP: 91.189.91.39 80]

W: Failed to fetch http://us.archive.ubuntu.com/ubuntu/dists/precise-updates/main/source/Sources  404  Not Found [IP: 91.189.91.39 80]

W: Failed to fetch http://us.archive.ubuntu.com/ubuntu/dists/precise-updates/restricted/source/Sources  404  Not Found [IP: 91.189.91.39 80]

W: Failed to fetch http://us.archive.ubuntu.com/ubuntu/dists/precise-updates/universe/source/Sources  404  Not Found [IP: 91.189.91.39 80]

W: Failed to fetch http://us.archive.ubuntu.com/ubuntu/dists/precise-updates/multiverse/source/Sources  404  Not Found [IP: 91.189.91.39 80]

W: Failed to fetch http://us.archive.ubuntu.com/ubuntu/dists/precise-updates/main/binary-amd64/Packages  404  Not Found [IP: 91.189.91.39 80]

W: Failed to fetch http://us.archive.ubuntu.com/ubuntu/dists/precise-updates/restricted/binary-amd64/Packages  404  Not Found [IP: 91.189.91.39 80]

W: Failed to fetch http://us.archive.ubuntu.com/ubuntu/dists/precise-updates/universe/binary-amd64/Packages  404  Not Found [IP: 91.189.91.39 80]

W: Failed to fetch http://us.archive.ubuntu.com/ubuntu/dists/precise-updates/multiverse/binary-amd64/Packages  404  Not Found [IP: 91.189.91.39 80]

W: Failed to fetch http://us.archive.ubuntu.com/ubuntu/dists/precise-updates/main/binary-i386/Packages  404  Not Found [IP: 91.189.91.39 80]

W: Failed to fetch http://us.archive.ubuntu.com/ubuntu/dists/precise-updates/restricted/binary-i386/Packages  404  Not Found [IP: 91.189.91.39 80]

W: Failed to fetch http://us.archive.ubuntu.com/ubuntu/dists/precise-updates/universe/binary-i386/Packages  404  Not Found [IP: 91.189.91.39 80]

W: Failed to fetch http://us.archive.ubuntu.com/ubuntu/dists/precise-updates/multiverse/binary-i386/Packages  404  Not Found [IP: 91.189.91.39 80]

W: Failed to fetch http://us.archive.ubuntu.com/ubuntu/dists/precise-backports/main/source/Sources  404  Not Found [IP: 91.189.91.39 80]

W: Failed to fetch http://us.archive.ubuntu.com/ubuntu/dists/precise-backports/restricted/source/Sources  404  Not Found [IP: 91.189.91.39 80]

W: Failed to fetch http://us.archive.ubuntu.com/ubuntu/dists/precise-backports/universe/source/Sources  404  Not Found [IP: 91.189.91.39 80]

W: Failed to fetch http://us.archive.ubuntu.com/ubuntu/dists/precise-backports/multiverse/source/Sources  404  Not Found [IP: 91.189.91.39 80]

W: Failed to fetch http://us.archive.ubuntu.com/ubuntu/dists/precise-backports/main/binary-amd64/Packages  404  Not Found [IP: 91.189.91.39 80]

W: Failed to fetch http://us.archive.ubuntu.com/ubuntu/dists/precise-backports/restricted/binary-amd64/Packages  404  Not Found [IP: 91.189.91.39 80]

W: Failed to fetch http://us.archive.ubuntu.com/ubuntu/dists/precise-backports/universe/binary-amd64/Packages  404  Not Found [IP: 91.189.91.39 80]

W: Failed to fetch http://us.archive.ubuntu.com/ubuntu/dists/precise-backports/multiverse/binary-amd64/Packages  404  Not Found [IP: 91.189.91.39 80]

W: Failed to fetch http://us.archive.ubuntu.com/ubuntu/dists/precise-backports/main/binary-i386/Packages  404  Not Found [IP: 91.189.91.39 80]

W: Failed to fetch http://us.archive.ubuntu.com/ubuntu/dists/precise-backports/restricted/binary-i386/Packages  404  Not Found [IP: 91.189.91.39 80]

W: Failed to fetch http://us.archive.ubuntu.com/ubuntu/dists/precise-backports/universe/binary-i386/Packages  404  Not Found [IP: 91.189.91.39 80]

W: Failed to fetch http://us.archive.ubuntu.com/ubuntu/dists/precise-backports/multiverse/binary-i386/Packages  404  Not Found [IP: 91.189.91.39 80]

W: Failed to fetch http://apt.postgresql.org/pub/repos/apt/dists/precise-pgdg/main/binary-amd64/Packages  404  Not Found [IP: 87.238.57.227 80]

W: Failed to fetch http://apt.postgresql.org/pub/repos/apt/dists/precise-pgdg/main/binary-i386/Packages  404  Not Found [IP: 87.238.57.227 80]

W: Failed to fetch http://ppa.launchpad.net/rwky/ppa/ubuntu/dists/precise/main/binary-amd64/Packages  403  Forbidden

W: Failed to fetch http://ppa.launchpad.net/rwky/ppa/ubuntu/dists/precise/main/binary-i386/Packages  403  Forbidden

W: Failed to fetch http://ppa.launchpad.net/travis-ci/zero-mq/ubuntu/dists/precise/main/binary-amd64/Packages  403  Forbidden

W: Failed to fetch http://ppa.launchpad.net/travis-ci/zero-mq/ubuntu/dists/precise/main/binary-i386/Packages  403  Forbidden

W: Failed to fetch http://downloads-distro.mongodb.org/repo/debian-sysvinit/dists/dist/10gen/binary-amd64/Packages  Undetermined Error [IP: 54.175.147.155 80]

W: Failed to fetch http://downloads-distro.mongodb.org/repo/debian-sysvinit/dists/dist/10gen/binary-i386/Packages  Undetermined Error [IP: 54.175.147.155 80]

W: Some index files failed to download. They have been ignored, or old ones used instead.
sed: cannot rename /etc/hosts: Device or resource busy
sed: cannot rename /etc/hosts: Device or resource busy
$ jdk_switcher use oraclejdk8
Switching to Oracle JDK8 (java-8-oracle), JAVA_HOME will be set to /usr/lib/jvm/java-8-oracle
$ cd failed/puniverse/capsule

[33;1mSetting environment variables from .travis.yml[0m
$ export TERM=dumb
$ export GH_OAUTH_TOKEN=[secure]

$ export TERM=dumb
$ java -Xmx32m -version
java version "1.8.0_25"
Java(TM) SE Runtime Environment (build 1.8.0_25-b17)
Java HotSpot(TM) 64-Bit Server VM (build 25.25-b02, mixed mode)
$ javac -J-Xmx32m -version
javac 1.8.0_25
travis_fold:start:install[0Ktravis_time:start:31d68c56[0K$ gradle -q assemble
sonatype username or password not set
sonatype username or password not set
sonatype username or password not set
[ant:javancss] Generating report
[ant:javancss] Nr.   Classes Functions      NCSS  Javadocs Package
[ant:javancss]   1         1       326      2490        91 .
[ant:javancss]     --------- --------- --------- ---------
[ant:javancss]             1       326      2490        91 Total
[ant:javancss] 
[ant:javancss]  Packages   Classes Functions      NCSS  Javadocs | per
[ant:javancss] -------------------------------------------------------------
[ant:javancss]      1.00      1.00    326.00   2490.00     91.00 | Project
[ant:javancss]                1.00    326.00   2490.00     91.00 | Package
[ant:javancss]                        326.00   2490.00     91.00 | Class
[ant:javancss]                                    7.64      0.28 | Function
[ant:javancss] Generating report
[ant:javancss] Nr.   Classes Functions      NCSS  Javadocs Package
[ant:javancss]   1         5        44       324        18 co.paralleluniverse.capsule.container
[ant:javancss]     --------- --------- --------- ---------
[ant:javancss]             5        44       324        18 Total
[ant:javancss] 
[ant:javancss]  Packages   Classes Functions      NCSS  Javadocs | per
[ant:javancss] -------------------------------------------------------------
[ant:javancss]      1.00      5.00     44.00    324.00     18.00 | Project
[ant:javancss]                5.00     44.00    324.00     18.00 | Package
[ant:javancss]                          8.80     64.80      3.60 | Class
[ant:javancss]                                    7.36      0.41 | Function
[ant:javancss] Generating report
[ant:javancss] Nr.   Classes Functions      NCSS  Javadocs Package
[ant:javancss]   1         4       108       589        73 co.paralleluniverse.capsule
[ant:javancss]   2         7        50       391         8 co.paralleluniverse.common
[ant:javancss]   3         2         9        50         0 co.paralleluniverse.filesystem
[ant:javancss]   4         1         0         3         0 co.paralleluniverse.filesystem.jimfs
[ant:javancss]     --------- --------- --------- ---------
[ant:javancss]            14       167      1033        81 Total
[ant:javancss] 
[ant:javancss]  Packages   Classes Functions      NCSS  Javadocs | per
[ant:javancss] -------------------------------------------------------------
[ant:javancss]      4.00     14.00    167.00   1033.00     81.00 | Project
[ant:javancss]                3.50     41.75    258.25     20.25 | Package
[ant:javancss]                         11.93     73.79      5.79 | Class
[ant:javancss]                                    6.19      0.49 | Function

travis_time:end:31d68c56:start=1644648336030639629,finish=1644648355263526299,duration=19232886670[0Ktravis_fold:end:install[0Ktravis_time:start:070daf91[0K$ gradle -i check
Starting Build
Settings evaluated using settings file '/home/travis/build/failed/puniverse/capsule/settings.gradle'.
Projects loaded. Root project using build file '/home/travis/build/failed/puniverse/capsule/build.gradle'.
Included projects: [root project 'capsule', project ':capsule', project ':capsule-container', project ':capsule-util']
Evaluating root project 'capsule' using build file '/home/travis/build/failed/puniverse/capsule/build.gradle'.
sonatype username or password not set
sonatype username or password not set
sonatype username or password not set
Evaluating project ':capsule' using empty build file.
Using PIT: 1.1.0
Evaluating project ':capsule-container' using empty build file.
Using PIT: 1.1.0
Evaluating project ':capsule-util' using empty build file.
Using PIT: 1.1.0
All projects evaluated.
Selected primary task 'check' from project :
Tasks to be executed: [task ':capsule:compileJava', task ':capsule:processResources', task ':capsule:classes', task ':capsule:jar', task ':capsule-util:compileJava', task ':capsule-util:processResources', task ':capsule-util:classes', task ':capsule-util:jar', task ':capsule:compileTestJava', task ':capsule:processTestResources', task ':capsule:testClasses', task ':capsule:test', task ':capsule:check', task ':capsule-container:compileJava', task ':capsule-container:processResources', task ':capsule-container:classes', task ':capsule-container:compileTestJava', task ':capsule-container:processTestResources', task ':capsule-container:testClasses', task ':capsule-container:test', task ':capsule-container:check', task ':capsule-util:compileTestJava', task ':capsule-util:processTestResources', task ':capsule-util:testClasses', task ':capsule-util:test', task ':capsule-util:check']
:capsule:compileJava (Thread[main,5,main]) started.
:capsule:compileJava
Skipping task ':capsule:compileJava' as it is up-to-date (took 0.078 secs).
:capsule:compileJava UP-TO-DATE
:capsule:compileJava (Thread[main,5,main]) completed. Took 0.108 secs.
:capsule:processResources (Thread[main,5,main]) started.
:capsule:processResources
Skipping task ':capsule:processResources' as it is up-to-date (took 0.005 secs).
:capsule:processResources UP-TO-DATE
:capsule:processResources (Thread[main,5,main]) completed. Took 0.009 secs.
:capsule:classes (Thread[main,5,main]) started.
:capsule:classes
Skipping task ':capsule:classes' as it has no actions.
:capsule:classes UP-TO-DATE
:capsule:classes (Thread[main,5,main]) completed. Took 0.001 secs.
:capsule:jar (Thread[main,5,main]) started.
:capsule:jar
Skipping task ':capsule:jar' as it is up-to-date (took 0.014 secs).
:capsule:jar UP-TO-DATE
:capsule:jar (Thread[main,5,main]) completed. Took 0.019 secs.
:capsule-util:compileJava (Thread[main,5,main]) started.
:capsule-util:compileJava
Skipping task ':capsule-util:compileJava' as it is up-to-date (took 0.032 secs).
:capsule-util:compileJava UP-TO-DATE
:capsule-util:compileJava (Thread[main,5,main]) completed. Took 0.036 secs.
:capsule-util:processResources (Thread[main,5,main]) started.
:capsule-util:processResources
Skipping task ':capsule-util:processResources' as it has no source files.
:capsule-util:processResources UP-TO-DATE
:capsule-util:processResources (Thread[main,5,main]) completed. Took 0.001 secs.
:capsule-util:classes (Thread[main,5,main]) started.
:capsule-util:classes
Skipping task ':capsule-util:classes' as it has no actions.
:capsule-util:classes UP-TO-DATE
:capsule-util:classes (Thread[main,5,main]) completed. Took 0.001 secs.
:capsule-util:jar (Thread[main,5,main]) started.
:capsule-util:jar
Skipping task ':capsule-util:jar' as it is up-to-date (took 0.009 secs).
:capsule-util:jar UP-TO-DATE
:capsule-util:jar (Thread[main,5,main]) completed. Took 0.011 secs.
:capsule:compileTestJava (Thread[main,5,main]) started.
:capsule:compileTestJava
Skipping task ':capsule:compileTestJava' as it is up-to-date (took 0.897 secs).
:capsule:compileTestJava UP-TO-DATE
:capsule:compileTestJava (Thread[main,5,main]) completed. Took 0.985 secs.
:capsule:processTestResources (Thread[main,5,main]) started.
:capsule:processTestResources
Skipping task ':capsule:processTestResources' as it has no source files.
:capsule:processTestResources UP-TO-DATE
:capsule:processTestResources (Thread[main,5,main]) completed. Took 0.001 secs.
:capsule:testClasses (Thread[main,5,main]) started.
:capsule:testClasses
Skipping task ':capsule:testClasses' as it has no actions.
:capsule:testClasses UP-TO-DATE
:capsule:testClasses (Thread[main,5,main]) completed. Took 0.001 secs.
:capsule:test (Thread[main,5,main]) started.
:capsule:test
Executing task ':capsule:test' (up-to-date check took 0.386 secs) due to:
  No history is available.
Starting process 'Gradle Test Executor 1'. Working directory: /home/travis/build/failed/puniverse/capsule/capsule Command: /usr/lib/jvm/java-8-oracle/bin/java -Djava.protocol.handler.pkgs=co.paralleluniverse.filesystem -Djava.security.manager=jarjar.org.gradle.process.internal.child.BootstrapSecurityManager -javaagent:build/tmp/expandedArchives/org.jacoco.agent-0.7.1.201405082137.jar_4oo2qgb84bu19pqprc168emt5/jacocoagent.jar=destfile=build/jacoco/test.exec,append=true,dumponexit=true,output=file,jmx=false -Dfile.encoding=UTF-8 -Duser.country=US -Duser.language=en -Duser.variant -ea -cp /home/travis/.gradle/caches/2.2.1/workerMain/gradle-worker.jar jarjar.org.gradle.process.internal.launcher.GradleWorkerMain 'Gradle Test Executor 1'
Successfully started process 'Gradle Test Executor 1'
Gradle Test Executor 1 started executing tests.
Running test: test testCapsuleJavaHome(CapsuleTest)
Running test: test testWrapperCapsuleNoMain(CapsuleTest)
Failed test testWrapperCapsuleNoMain [CapsuleTest] with exception: java.lang.Exception: Unexpected exception, expected<java.lang.IllegalArgumentException> but was<java.lang.RuntimeException>
java.lang.Exception: Unexpected exception, expected<java.lang.IllegalArgumentException> but was<java.lang.RuntimeException>
	at org.junit.internal.runners.statements.ExpectException.evaluate(ExpectException.java:28)
	at org.junit.internal.runners.statements.RunBefores.evaluate(RunBefores.java:26)
	at org.junit.internal.runners.statements.RunAfters.evaluate(RunAfters.java:27)
	at org.junit.runners.ParentRunner.runLeaf(ParentRunner.java:325)
	at org.junit.runners.BlockJUnit4ClassRunner.runChild(BlockJUnit4ClassRunner.java:78)
	at org.junit.runners.BlockJUnit4ClassRunner.runChild(BlockJUnit4ClassRunner.java:57)
	at org.junit.runners.ParentRunner$3.run(ParentRunner.java:290)
	at org.junit.runners.ParentRunner$1.schedule(ParentRunner.java:71)
	at org.junit.runners.ParentRunner.runChildren(ParentRunner.java:288)
	at org.junit.runners.ParentRunner.access$000(ParentRunner.java:58)
	at org.junit.runners.ParentRunner$2.evaluate(ParentRunner.java:268)
	at org.junit.runners.ParentRunner.run(ParentRunner.java:363)
	at org.gradle.api.internal.tasks.testing.junit.JUnitTestClassExecuter.runTestClass(JUnitTestClassExecuter.java:86)
	at org.gradle.api.internal.tasks.testing.junit.JUnitTestClassExecuter.execute(JUnitTestClassExecuter.java:49)
	at org.gradle.api.internal.tasks.testing.junit.JUnitTestClassProcessor.processTestClass(JUnitTestClassProcessor.java:69)
	at org.gradle.api.internal.tasks.testing.SuiteTestClassProcessor.processTestClass(SuiteTestClassProcessor.java:48)
	at sun.reflect.NativeMethodAccessorImpl.invoke0(Native Method)
	at sun.reflect.NativeMethodAccessorImpl.invoke(NativeMethodAccessorImpl.java:62)
	at sun.reflect.DelegatingMethodAccessorImpl.invoke(DelegatingMethodAccessorImpl.java:43)
	at java.lang.reflect.Method.invoke(Method.java:483)
	at org.gradle.messaging.dispatch.ReflectionDispatch.dispatch(ReflectionDispatch.java:35)
	at org.gradle.messaging.dispatch.ReflectionDispatch.dispatch(ReflectionDispatch.java:24)
	at org.gradle.messaging.dispatch.ContextClassLoaderDispatch.dispatch(ContextClassLoaderDispatch.java:32)
	at org.gradle.messaging.dispatch.ProxyDispatchAdapter$DispatchingInvocationHandler.invoke(ProxyDispatchAdapter.java:93)
	at com.sun.proxy.$Proxy2.processTestClass(Unknown Source)
	at org.gradle.api.internal.tasks.testing.worker.TestWorker.processTestClass(TestWorker.java:105)
	at sun.reflect.NativeMethodAccessorImpl.invoke0(Native Method)
	at sun.reflect.NativeMethodAccessorImpl.invoke(NativeMethodAccessorImpl.java:62)
	at sun.reflect.DelegatingMethodAccessorImpl.invoke(DelegatingMethodAccessorImpl.java:43)
	at java.lang.reflect.Method.invoke(Method.java:483)
	at org.gradle.messaging.dispatch.ReflectionDispatch.dispatch(ReflectionDispatch.java:35)
	at org.gradle.messaging.dispatch.ReflectionDispatch.dispatch(ReflectionDispatch.java:24)
	at org.gradle.messaging.remote.internal.hub.MessageHub$Handler.run(MessageHub.java:360)
	at org.gradle.internal.concurrent.DefaultExecutorFactory$StoppableExecutorImpl$1.run(DefaultExecutorFactory.java:64)
	at java.util.concurrent.ThreadPoolExecutor.runWorker(ThreadPoolExecutor.java:1142)
	at java.util.concurrent.ThreadPoolExecutor$Worker.run(ThreadPoolExecutor.java:617)
	at java.lang.Thread.run(Thread.java:745)
Caused by: java.lang.RuntimeException: java.lang.IllegalArgumentException: Capsule jar /work/capsule.jar must either have the Application-Name manifest attribute, or the Application-Class attribute.
	at CapsuleTest.newCapsule(CapsuleTest.java:1178)
	at CapsuleTest.testWrapperCapsuleNoMain(CapsuleTest.java:978)
	at sun.reflect.NativeMethodAccessorImpl.invoke0(Native Method)
	at sun.reflect.NativeMethodAccessorImpl.invoke(NativeMethodAccessorImpl.java:62)
	at sun.reflect.DelegatingMethodAccessorImpl.invoke(DelegatingMethodAccessorImpl.java:43)
	at java.lang.reflect.Method.invoke(Method.java:483)
	at org.junit.runners.model.FrameworkMethod$1.runReflectiveCall(FrameworkMethod.java:50)
	at org.junit.internal.runners.model.ReflectiveCallable.run(ReflectiveCallable.java:12)
	at org.junit.runners.model.FrameworkMethod.invokeExplosively(FrameworkMethod.java:47)
	at org.junit.internal.runners.statements.InvokeMethod.evaluate(InvokeMethod.java:17)
	at org.junit.internal.runners.statements.ExpectException.evaluate(ExpectException.java:19)
	... 36 more
Caused by: java.lang.IllegalArgumentException: Capsule jar /work/capsule.jar must either have the Application-Name manifest attribute, or the Application-Class attribute.
	at Capsule.buildAppId0(Capsule.java:1377)
	at Capsule.buildAppId(Capsule.java:1350)
	at MyCapsule.buildAppId(MyCapsule.java:79)
	at Capsule.initAppId(Capsule.java:709)
	at Capsule.<init>(Capsule.java:588)
	at TestCapsule.<init>(TestCapsule.java:27)
	at MyCapsule.<init>(MyCapsule.java:19)
	at sun.reflect.NativeConstructorAccessorImpl.newInstance0(Native Method)
	at sun.reflect.NativeConstructorAccessorImpl.newInstance(NativeConstructorAccessorImpl.java:62)
	at sun.reflect.DelegatingConstructorAccessorImpl.newInstance(DelegatingConstructorAccessorImpl.java:45)
	at java.lang.reflect.Constructor.newInstance(Constructor.java:408)
	at CapsuleTest.newCapsule(CapsuleTest.java:1176)
	... 46 more

CapsuleTest > testWrapperCapsuleNoMain FAILED
    java.lang.Exception: Unexpected exception, expected<java.lang.IllegalArgumentException> but was<java.lang.RuntimeException>

        Caused by:
        java.lang.RuntimeException: java.lang.IllegalArgumentException: Capsule jar /work/capsule.jar must either have the Application-Name manifest attribute, or the Application-Class attribute.
            at CapsuleTest.newCapsule(CapsuleTest.java:1178)
            at CapsuleTest.testWrapperCapsuleNoMain(CapsuleTest.java:978)

            Caused by:
            java.lang.IllegalArgumentException: Capsule jar /work/capsule.jar must either have the Application-Name manifest attribute, or the Application-Class attribute.
                at Capsule.buildAppId0(Capsule.java:1377)
                at Capsule.buildAppId(Capsule.java:1350)
                at MyCapsule.buildAppId(MyCapsule.java:79)
                at Capsule.initAppId(Capsule.java:709)
                at Capsule.<init>(Capsule.java:588)
                at TestCapsule.<init>(TestCapsule.java:27)
                at MyCapsule.<init>(MyCapsule.java:19)
                at sun.reflect.NativeConstructorAccessorImpl.newInstance0(Native Method)
                at sun.reflect.NativeConstructorAccessorImpl.newInstance(NativeConstructorAccessorImpl.java:62)
                at sun.reflect.DelegatingConstructorAccessorImpl.newInstance(DelegatingConstructorAccessorImpl.java:45)
                at java.lang.reflect.Constructor.newInstance(Constructor.java:408)
                at CapsuleTest.newCapsule(CapsuleTest.java:1176)
                ... 1 more
Running test: test testLogLevel(CapsuleTest)

CapsuleTest > testLogLevel STANDARD_ERROR
    CAPSULE: Jar: capsule.jar
    CAPSULE: Platform: linux
    CAPSULE: Jar: capsule.jar
    CAPSULE: Platform: linux
    CAPSULE: Jar: capsule.jar
    CAPSULE: Platform: linux
Running test: test testSimpleExtract(CapsuleTest)
Running test: test testNatives1(CapsuleTest)
Running test: test testNatives2(CapsuleTest)
Running test: test testBootClassPathWithEmbeddedDeps(CapsuleTest)
Running test: test testMode2(CapsuleTest)
Running test: test testGlob(CapsuleTest)
Running test: test testMode(CapsuleTest)
Running test: test testExpandVars1(CapsuleTest)
Running test: test testExpandVars2(CapsuleTest)
Running test: test testEmbeddedArtifact(CapsuleTest)
Running test: test testSystemProperties(CapsuleTest)
Running test: test testBootClassPath1(CapsuleTest)
Running test: test testBootClassPath2(CapsuleTest)
Running test: test testNativesWithDeps(CapsuleTest)
Running test: test testCustomCapsule(CapsuleTest)
Running test: test testCompareVersions(CapsuleTest)
Running test: test testCapsuleJavaCmd(CapsuleTest)
Running test: test testPlatformSepcific(CapsuleTest)
Running test: test testListDir(CapsuleTest)
Running test: test testExpandArgs(CapsuleTest)
Running test: test testNoExtract(CapsuleTest)
Running test: test testShortJavaVersion(CapsuleTest)
Running test: test testBootClassPathWithDeps(CapsuleTest)
Running test: test testCapsuleInClassPath(CapsuleTest)
Running test: test testJDKClassPath(CapsuleTest)

CapsuleTest > testJDKClassPath SKIPPED
Running test: test testParseJavaVersion(CapsuleTest)
Running test: test testReallyExecutableCapsule(CapsuleTest)
Running test: test testDependencies1(CapsuleTest)
Running test: test splitTest(CapsuleTest)
Running test: test testWrapperCapsule(CapsuleTest)
Failed test testWrapperCapsule [CapsuleTest] with exception: java.lang.RuntimeException: java.lang.IllegalArgumentException: Capsule jar /work/capsule.jar must either have the Application-Name manifest attribute, or the Application-Class attribute.
Gradle Test Executor 1 finished executing tests.
java.lang.RuntimeException: java.lang.IllegalArgumentException: Capsule jar /work/capsule.jar must either have the Application-Name manifest attribute, or the Application-Class attribute.
	at CapsuleTest.newCapsule(CapsuleTest.java:1178)
	at CapsuleTest.testWrapperCapsule(CapsuleTest.java:875)
	at sun.reflect.NativeMethodAccessorImpl.invoke0(Native Method)
	at sun.reflect.NativeMethodAccessorImpl.invoke(NativeMethodAccessorImpl.java:62)
	at sun.reflect.DelegatingMethodAccessorImpl.invoke(DelegatingMethodAccessorImpl.java:43)
	at java.lang.reflect.Method.invoke(Method.java:483)
	at org.junit.runners.model.FrameworkMethod$1.runReflectiveCall(FrameworkMethod.java:50)
	at org.junit.internal.runners.model.ReflectiveCallable.run(ReflectiveCallable.java:12)
	at org.junit.runners.model.FrameworkMethod.invokeExplosively(FrameworkMethod.java:47)
	at org.junit.internal.runners.statements.InvokeMethod.evaluate(InvokeMethod.java:17)
	at org.junit.internal.runners.statements.RunBefores.evaluate(RunBefores.java:26)
	at org.junit.internal.runners.statements.RunAfters.evaluate(RunAfters.java:27)
	at org.junit.runners.ParentRunner.runLeaf(ParentRunner.java:325)
	at org.junit.runners.BlockJUnit4ClassRunner.runChild(BlockJUnit4ClassRunner.java:78)
	at org.junit.runners.BlockJUnit4ClassRunner.runChild(BlockJUnit4ClassRunner.java:57)
	at org.junit.runners.ParentRunner$3.run(ParentRunner.java:290)
	at org.junit.runners.ParentRunner$1.schedule(ParentRunner.java:71)
	at org.junit.runners.ParentRunner.runChildren(ParentRunner.java:288)
	at org.junit.runners.ParentRunner.access$000(ParentRunner.java:58)
	at org.junit.runners.ParentRunner$2.evaluate(ParentRunner.java:268)
	at org.junit.runners.ParentRunner.run(ParentRunner.java:363)
	at org.gradle.api.internal.tasks.testing.junit.JUnitTestClassExecuter.runTestClass(JUnitTestClassExecuter.java:86)
	at org.gradle.api.internal.tasks.testing.junit.JUnitTestClassExecuter.execute(JUnitTestClassExecuter.java:49)
	at org.gradle.api.internal.tasks.testing.junit.JUnitTestClassProcessor.processTestClass(JUnitTestClassProcessor.java:69)
	at org.gradle.api.internal.tasks.testing.SuiteTestClassProcessor.processTestClass(SuiteTestClassProcessor.java:48)
	at sun.reflect.NativeMethodAccessorImpl.invoke0(Native Method)
	at sun.reflect.NativeMethodAccessorImpl.invoke(NativeMethodAccessorImpl.java:62)
	at sun.reflect.DelegatingMethodAccessorImpl.invoke(DelegatingMethodAccessorImpl.java:43)
	at java.lang.reflect.Method.invoke(Method.java:483)
	at org.gradle.messaging.dispatch.ReflectionDispatch.dispatch(ReflectionDispatch.java:35)
	at org.gradle.messaging.dispatch.ReflectionDispatch.dispatch(ReflectionDispatch.java:24)
	at org.gradle.messaging.dispatch.ContextClassLoaderDispatch.dispatch(ContextClassLoaderDispatch.java:32)
	at org.gradle.messaging.dispatch.ProxyDispatchAdapter$DispatchingInvocationHandler.invoke(ProxyDispatchAdapter.java:93)
	at com.sun.proxy.$Proxy2.processTestClass(Unknown Source)
	at org.gradle.api.internal.tasks.testing.worker.TestWorker.processTestClass(TestWorker.java:105)
	at sun.reflect.NativeMethodAccessorImpl.invoke0(Native Method)
	at sun.reflect.NativeMethodAccessorImpl.invoke(NativeMethodAccessorImpl.java:62)
	at sun.reflect.DelegatingMethodAccessorImpl.invoke(DelegatingMethodAccessorImpl.java:43)
	at java.lang.reflect.Method.invoke(Method.java:483)
	at org.gradle.messaging.dispatch.ReflectionDispatch.dispatch(ReflectionDispatch.java:35)
	at org.gradle.messaging.dispatch.ReflectionDispatch.dispatch(ReflectionDispatch.java:24)
	at org.gradle.messaging.remote.internal.hub.MessageHub$Handler.run(MessageHub.java:360)
	at org.gradle.internal.concurrent.DefaultExecutorFactory$StoppableExecutorImpl$1.run(DefaultExecutorFactory.java:64)
	at java.util.concurrent.ThreadPoolExecutor.runWorker(ThreadPoolExecutor.java:1142)
	at java.util.concurrent.ThreadPoolExecutor$Worker.run(ThreadPoolExecutor.java:617)
	at java.lang.Thread.run(Thread.java:745)
Caused by: java.lang.IllegalArgumentException: Capsule jar /work/capsule.jar must either have the Application-Name manifest attribute, or the Application-Class attribute.
	at Capsule.buildAppId0(Capsule.java:1377)
	at Capsule.buildAppId(Capsule.java:1350)
	at Capsule.initAppId(Capsule.java:709)
	at Capsule.<init>(Capsule.java:588)
	at TestCapsule.<init>(TestCapsule.java:27)
	at sun.reflect.GeneratedConstructorAccessor2.newInstance(Unknown Source)
	at sun.reflect.DelegatingConstructorAccessorImpl.newInstance(DelegatingConstructorAccessorImpl.java:45)
	at java.lang.reflect.Constructor.newInstance(Constructor.java:408)
	at CapsuleTest.newCapsule(CapsuleTest.java:1176)
	... 45 more

CapsuleTest > testWrapperCapsule FAILED
    java.lang.RuntimeException: java.lang.IllegalArgumentException: Capsule jar /work/capsule.jar must either have the Application-Name manifest attribute, or the Application-Class attribute.
        at CapsuleTest.newCapsule(CapsuleTest.java:1178)
        at CapsuleTest.testWrapperCapsule(CapsuleTest.java:875)

        Caused by:
        java.lang.IllegalArgumentException: Capsule jar /work/capsule.jar must either have the Application-Name manifest attribute, or the Application-Class attribute.
            at Capsule.buildAppId0(Capsule.java:1377)
            at Capsule.buildAppId(Capsule.java:1350)
            at Capsule.initAppId(Capsule.java:709)
            at Capsule.<init>(Capsule.java:588)
            at TestCapsule.<init>(TestCapsule.java:27)
            at sun.reflect.GeneratedConstructorAccessor2.newInstance(Unknown Source)
            at sun.reflect.DelegatingConstructorAccessorImpl.newInstance(DelegatingConstructorAccessorImpl.java:45)
            at java.lang.reflect.Constructor.newInstance(Constructor.java:408)
            at CapsuleTest.newCapsule(CapsuleTest.java:1176)
            ... 1 more
Running test: test testClassPath(CapsuleTest)
Running test: test testPathingJar(CapsuleTest)
Running test: test testWrapperCapsuleNonCapsuleApp(CapsuleTest)
Failed test testWrapperCapsuleNonCapsuleApp [CapsuleTest] with exception: java.lang.RuntimeException: java.lang.IllegalArgumentException: Capsule jar /work/capsule.jar must either have the Application-Name manifest attribute, or the Application-Class attribute.
java.lang.RuntimeException: java.lang.IllegalArgumentException: Capsule jar /work/capsule.jar must either have the Application-Name manifest attribute, or the Application-Class attribute.
	at CapsuleTest.newCapsule(CapsuleTest.java:1178)
	at CapsuleTest.testWrapperCapsuleNonCapsuleApp(CapsuleTest.java:933)
	at sun.reflect.NativeMethodAccessorImpl.invoke0(Native Method)
	at sun.reflect.NativeMethodAccessorImpl.invoke(NativeMethodAccessorImpl.java:62)
	at sun.reflect.DelegatingMethodAccessorImpl.invoke(DelegatingMethodAccessorImpl.java:43)
	at java.lang.reflect.Method.invoke(Method.java:483)
	at org.junit.runners.model.FrameworkMethod$1.runReflectiveCall(FrameworkMethod.java:50)
	at org.junit.internal.runners.model.ReflectiveCallable.run(ReflectiveCallable.java:12)
	at org.junit.runners.model.FrameworkMethod.invokeExplosively(FrameworkMethod.java:47)
	at org.junit.internal.runners.statements.InvokeMethod.evaluate(InvokeMethod.java:17)
	at org.junit.internal.runners.statements.RunBefores.evaluate(RunBefores.java:26)
	at org.junit.internal.runners.statements.RunAfters.evaluate(RunAfters.java:27)
	at org.junit.runners.ParentRunner.runLeaf(ParentRunner.java:325)
	at org.junit.runners.BlockJUnit4ClassRunner.runChild(BlockJUnit4ClassRunner.java:78)
	at org.junit.runners.BlockJUnit4ClassRunner.runChild(BlockJUnit4ClassRunner.java:57)
	at org.junit.runners.ParentRunner$3.run(ParentRunner.java:290)
	at org.junit.runners.ParentRunner$1.schedule(ParentRunner.java:71)
	at org.junit.runners.ParentRunner.runChildren(ParentRunner.java:288)
	at org.junit.runners.ParentRunner.access$000(ParentRunner.java:58)
	at org.junit.runners.ParentRunner$2.evaluate(ParentRunner.java:268)
	at org.junit.runners.ParentRunner.run(ParentRunner.java:363)
	at org.gradle.api.internal.tasks.testing.junit.JUnitTestClassExecuter.runTestClass(JUnitTestClassExecuter.java:86)
	at org.gradle.api.internal.tasks.testing.junit.JUnitTestClassExecuter.execute(JUnitTestClassExecuter.java:49)
	at org.gradle.api.internal.tasks.testing.junit.JUnitTestClassProcessor.processTestClass(JUnitTestClassProcessor.java:69)
	at org.gradle.api.internal.tasks.testing.SuiteTestClassProcessor.processTestClass(SuiteTestClassProcessor.java:48)
	at sun.reflect.NativeMethodAccessorImpl.invoke0(Native Method)
	at sun.reflect.NativeMethodAccessorImpl.invoke(NativeMethodAccessorImpl.java:62)
	at sun.reflect.DelegatingMethodAccessorImpl.invoke(DelegatingMethodAccessorImpl.java:43)
	at java.lang.reflect.Method.invoke(Method.java:483)
	at org.gradle.messaging.dispatch.ReflectionDispatch.dispatch(ReflectionDispatch.java:35)
	at org.gradle.messaging.dispatch.ReflectionDispatch.dispatch(ReflectionDispatch.java:24)
	at org.gradle.messaging.dispatch.ContextClassLoaderDispatch.dispatch(ContextClassLoaderDispatch.java:32)
	at org.gradle.messaging.dispatch.ProxyDispatchAdapter$DispatchingInvocationHandler.invoke(ProxyDispatchAdapter.java:93)
	at com.sun.proxy.$Proxy2.processTestClass(Unknown Source)
	at org.gradle.api.internal.tasks.testing.worker.TestWorker.processTestClass(TestWorker.java:105)
	at sun.reflect.NativeMethodAccessorImpl.invoke0(Native Method)
	at sun.reflect.NativeMethodAccessorImpl.invoke(NativeMethodAccessorImpl.java:62)
	at sun.reflect.DelegatingMethodAccessorImpl.invoke(DelegatingMethodAccessorImpl.java:43)
	at java.lang.reflect.Method.invoke(Method.java:483)
	at org.gradle.messaging.dispatch.ReflectionDispatch.dispatch(ReflectionDispatch.java:35)
	at org.gradle.messaging.dispatch.ReflectionDispatch.dispatch(ReflectionDispatch.java:24)
	at org.gradle.messaging.remote.internal.hub.MessageHub$Handler.run(MessageHub.java:360)
	at org.gradle.internal.concurrent.DefaultExecutorFactory$StoppableExecutorImpl$1.run(DefaultExecutorFactory.java:64)
	at java.util.concurrent.ThreadPoolExecutor.runWorker(ThreadPoolExecutor.java:1142)
	at java.util.concurrent.ThreadPoolExecutor$Worker.run(ThreadPoolExecutor.java:617)
	at java.lang.Thread.run(Thread.java:745)
Caused by: java.lang.IllegalArgumentException: Capsule jar /work/capsule.jar must either have the Application-Name manifest attribute, or the Application-Class attribute.
	at Capsule.buildAppId0(Capsule.java:1377)
	at Capsule.buildAppId(Capsule.java:1350)
	at MyCapsule.buildAppId(MyCapsule.java:79)
	at Capsule.initAppId(Capsule.java:709)
	at Capsule.<init>(Capsule.java:588)
	at TestCapsule.<init>(TestCapsule.java:27)
	at MyCapsule.<init>(MyCapsule.java:19)
	at sun.reflect.NativeConstructorAccessorImpl.newInstance0(Native Method)
	at sun.reflect.NativeConstructorAccessorImpl.newInstance(NativeConstructorAccessorImpl.java:62)
	at sun.reflect.DelegatingConstructorAccessorImpl.newInstance(DelegatingConstructorAccessorImpl.java:45)
	at java.lang.reflect.Constructor.newInstance(Constructor.java:408)
	at CapsuleTest.newCapsule(CapsuleTest.java:1176)
	... 45 more

CapsuleTest > testWrapperCapsuleNonCapsuleApp FAILED
    java.lang.RuntimeException: java.lang.IllegalArgumentException: Capsule jar /work/capsule.jar must either have the Application-Name manifest attribute, or the Application-Class attribute.
        at CapsuleTest.newCapsule(CapsuleTest.java:1178)
        at CapsuleTest.testWrapperCapsuleNonCapsuleApp(CapsuleTest.java:933)

        Caused by:
        java.lang.IllegalArgumentException: Capsule jar /work/capsule.jar must either have the Application-Name manifest attribute, or the Application-Class attribute.
            at Capsule.buildAppId0(Capsule.java:1377)
            at Capsule.buildAppId(Capsule.java:1350)
            at MyCapsule.buildAppId(MyCapsule.java:79)
            at Capsule.initAppId(Capsule.java:709)
            at Capsule.<init>(Capsule.java:588)
            at TestCapsule.<init>(TestCapsule.java:27)
            at MyCapsule.<init>(MyCapsule.java:19)
            at sun.reflect.NativeConstructorAccessorImpl.newInstance0(Native Method)
            at sun.reflect.NativeConstructorAccessorImpl.newInstance(NativeConstructorAccessorImpl.java:62)
            at sun.reflect.DelegatingConstructorAccessorImpl.newInstance(DelegatingConstructorAccessorImpl.java:45)
            at java.lang.reflect.Constructor.newInstance(Constructor.java:408)
            at CapsuleTest.newCapsule(CapsuleTest.java:1176)
            ... 1 more
Running test: test testAgents(CapsuleTest)
Running test: test testDelete(CapsuleTest)
Running test: test testScript(CapsuleTest)
Running test: test testJVMArgs(CapsuleTest)
Running test: test isJavaDir(CapsuleTest)
Running test: test testApplicationArtifact(CapsuleTest)

42 tests completed, 3 failed, 1 skipped
Finished generating test XML results (0.017 secs) into: /home/travis/build/failed/puniverse/capsule/capsule/build/test-results
Generating HTML test report...
Finished generating test html results (0.039 secs) into: /home/travis/build/failed/puniverse/capsule/capsule/build/reports/tests
:capsule:test FAILED
:capsule:test (Thread[main,5,main]) completed. Took 6.901 secs.

FAILURE: Build failed with an exception.

* What went wrong:
Execution failed for task ':capsule:test'.
> There were failing tests. See the report at: file:///home/travis/build/failed/puniverse/capsule/capsule/build/reports/tests/index.html

* Try:
Run with --stacktrace option to get the stack trace. Run with --debug option to get more log output.

BUILD FAILED

Total time: 13.084 secs
Stopped 0 compiler daemon(s).

travis_time:end:070daf91:start=1644648355273464759,finish=1644648368947846227,duration=13674381468[0K
[31;1mThe command "gradle -i check" exited with 1.[0m

Done. Your build exited with 1.
