travis_fold:start:system_info[0K[33;1mBuild system information[0m
Build language: java
Build group: stable
Build dist: trusty
Build id: ''
Job id: ''
[34m[1mBuild image provisioning date and time[0m
Tue Dec  5 20:11:19 UTC 2017
[34m[1mOperating System Details[0m
Distributor ID:	Ubuntu
Description:	Ubuntu 14.04.5 LTS
Release:	14.04
Codename:	trusty
[34m[1mCookbooks Version[0m
7c2c6a6 https://github.com/travis-ci/travis-cookbooks/tree/7c2c6a6
[34m[1mgit version[0m
git version 2.15.1
[34m[1mbash version[0m
GNU bash, version 4.3.11(1)-release (x86_64-pc-linux-gnu)
[34m[1mgcc version[0m
gcc (Ubuntu 4.8.4-2ubuntu1~14.04.3) 4.8.4
Copyright (C) 2013 Free Software Foundation, Inc.
This is free software; see the source for copying conditions.  There is NO
warranty; not even for MERCHANTABILITY or FITNESS FOR A PARTICULAR PURPOSE.

[34m[1mdocker version[0m
Client:
 Version:      17.09.0-ce
 API version:  1.32
 Go version:   go1.8.3
 Git commit:   afdb6d4
 Built:        Tue Sep 26 22:39:28 2017
 OS/Arch:      linux/amd64
[34m[1mclang version[0m
clang version 5.0.0 (tags/RELEASE_500/final)
Target: x86_64-unknown-linux-gnu
Thread model: posix
InstalledDir: /usr/local/clang-5.0.0/bin
[34m[1mjq version[0m
jq-1.5
[34m[1mbats version[0m
Bats 0.4.0
[34m[1mshellcheck version[0m
0.4.6
[34m[1mshfmt version[0m
v2.0.0
[34m[1mccache version[0m
ccache version 3.1.9

Copyright (C) 2002-2007 Andrew Tridgell
Copyright (C) 2009-2011 Joel Rosdahl

This program is free software; you can redistribute it and/or modify it under
the terms of the GNU General Public License as published by the Free Software
Foundation; either version 3 of the License, or (at your option) any later
version.
[34m[1mcmake version[0m
cmake version 3.9.2

CMake suite maintained and supported by Kitware (kitware.com/cmake).
[34m[1mheroku version[0m
heroku-cli/6.14.39-addc925 (linux-x64) node-v9.2.0
[34m[1mimagemagick version[0m
Version: ImageMagick 6.7.7-10 2017-07-31 Q16 http://www.imagemagick.org
[34m[1mmd5deep version[0m
4.2
[34m[1mmercurial version[0m
Mercurial Distributed SCM (version 4.2.2)
(see https://mercurial-scm.org for more information)

Copyright (C) 2005-2017 Matt Mackall and others
This is free software; see the source for copying conditions. There is NO
warranty; not even for MERCHANTABILITY or FITNESS FOR A PARTICULAR PURPOSE.
[34m[1mmysql version[0m
mysql  Ver 14.14 Distrib 5.6.33, for debian-linux-gnu (x86_64) using  EditLine wrapper
[34m[1mopenssl version[0m
OpenSSL 1.0.1f 6 Jan 2014
[34m[1mpacker version[0m
Packer v1.0.2

Your version of Packer is out of date! The latest version
is 1.1.2. You can update by downloading from www.packer.io
[34m[1mpostgresql client version[0m
psql (PostgreSQL) 9.6.6
[34m[1mragel version[0m
Ragel State Machine Compiler version 6.8 Feb 2013
Copyright (c) 2001-2009 by Adrian Thurston
[34m[1msubversion version[0m
svn, version 1.8.8 (r1568071)
   compiled Aug 10 2017, 17:20:39 on x86_64-pc-linux-gnu

Copyright (C) 2013 The Apache Software Foundation.
This software consists of contributions made by many people;
see the NOTICE file for more information.
Subversion is open source software, see http://subversion.apache.org/

The following repository access (RA) modules are available:

* ra_svn : Module for accessing a repository using the svn network protocol.
  - with Cyrus SASL authentication
  - handles 'svn' scheme
* ra_local : Module for accessing a repository on local disk.
  - handles 'file' scheme
* ra_serf : Module for accessing a repository via WebDAV protocol using serf.
  - using serf 1.3.3
  - handles 'http' scheme
  - handles 'https' scheme

[34m[1msudo version[0m
Sudo version 1.8.9p5
Configure options: --prefix=/usr -v --with-all-insults --with-pam --with-fqdn --with-logging=syslog --with-logfac=authpriv --with-env-editor --with-editor=/usr/bin/editor --with-timeout=15 --with-password-timeout=0 --with-passprompt=[sudo] password for %p:  --without-lecture --with-tty-tickets --disable-root-mailer --enable-admin-flag --with-sendmail=/usr/sbin/sendmail --with-timedir=/var/lib/sudo --mandir=/usr/share/man --libexecdir=/usr/lib/sudo --with-sssd --with-sssd-lib=/usr/lib/x86_64-linux-gnu --with-selinux
Sudoers policy plugin version 1.8.9p5
Sudoers file grammar version 43

Sudoers path: /etc/sudoers
Authentication methods: 'pam'
Syslog facility if syslog is being used for logging: authpriv
Syslog priority to use when user authenticates successfully: notice
Syslog priority to use when user authenticates unsuccessfully: alert
Send mail if the user is not in sudoers
Use a separate timestamp for each user/tty combo
Lecture user the first time they run sudo
Root may run sudo
Allow some information gathering to give useful error messages
Require fully-qualified hostnames in the sudoers file
Visudo will honor the EDITOR environment variable
Set the LOGNAME and USER environment variables
Length at which to wrap log file lines (0 for no wrap): 80
Authentication timestamp timeout: 15.0 minutes
Password prompt timeout: 0.0 minutes
Number of tries to enter a password: 3
Umask to use or 0777 to use user's: 022
Path to mail program: /usr/sbin/sendmail
Flags for mail program: -t
Address to send mail to: root
Subject line for mail messages: *** SECURITY information for %h ***
Incorrect password message: Sorry, try again.
Path to authentication timestamp dir: /var/lib/sudo
Default password prompt: [sudo] password for %p: 
Default user to run commands as: root
Value to override user's $PATH with: /usr/local/sbin:/usr/local/bin:/usr/sbin:/usr/bin:/sbin:/bin:/snap/bin
Path to the editor for use by visudo: /usr/bin/editor
When to require a password for 'list' pseudocommand: any
When to require a password for 'verify' pseudocommand: all
File descriptors >= 3 will be closed before executing a command
Environment variables to check for sanity:
	TZ
	TERM
	LINGUAS
	LC_*
	LANGUAGE
	LANG
	COLORTERM
Environment variables to remove:
	RUBYOPT
	RUBYLIB
	PYTHONUSERBASE
	PYTHONINSPECT
	PYTHONPATH
	PYTHONHOME
	TMPPREFIX
	ZDOTDIR
	READNULLCMD
	NULLCMD
	FPATH
	PERL5DB
	PERL5OPT
	PERL5LIB
	PERLLIB
	PERLIO_DEBUG 
	JAVA_TOOL_OPTIONS
	SHELLOPTS
	GLOBIGNORE
	PS4
	BASH_ENV
	ENV
	TERMCAP
	TERMPATH
	TERMINFO_DIRS
	TERMINFO
	_RLD*
	LD_*
	PATH_LOCALE
	NLSPATH
	HOSTALIASES
	RES_OPTIONS
	LOCALDOMAIN
	CDPATH
	IFS
Environment variables to preserve:
	JAVA_HOME
	TRAVIS
	CI
	DEBIAN_FRONTEND
	XAUTHORIZATION
	XAUTHORITY
	PS2
	PS1
	PATH
	LS_COLORS
	KRB5CCNAME
	HOSTNAME
	HOME
	DISPLAY
	COLORS
Locale to use while parsing sudoers: C
Directory in which to store input/output logs: /var/log/sudo-io
File in which to store the input/output log: %{seq}
Add an entry to the utmp/utmpx file when allocating a pty
PAM service name to use
PAM service name to use for login shells
Create a new PAM session for the command to run in
Maximum I/O log sequence number: 0

Local IP address and netmask pairs:
	172.17.0.2/255.255.0.0

Sudoers I/O plugin version 1.8.9p5
[34m[1mgzip version[0m
gzip 1.6
Copyright (C) 2007, 2010, 2011 Free Software Foundation, Inc.
Copyright (C) 1993 Jean-loup Gailly.
This is free software.  You may redistribute copies of it under the terms of
the GNU General Public License <http://www.gnu.org/licenses/gpl.html>.
There is NO WARRANTY, to the extent permitted by law.

Written by Jean-loup Gailly.
[34m[1mzip version[0m
Copyright (c) 1990-2008 Info-ZIP - Type 'zip "-L"' for software license.
This is Zip 3.0 (July 5th 2008), by Info-ZIP.
Currently maintained by E. Gordon.  Please send bug reports to
the authors using the web page at www.info-zip.org; see README for details.

Latest sources and executables are at ftp://ftp.info-zip.org/pub/infozip,
as of above date; see http://www.info-zip.org/ for other sites.

Compiled with gcc 4.8.2 for Unix (Linux ELF) on Oct 21 2013.

Zip special compilation options:
	USE_EF_UT_TIME       (store Universal Time)
	BZIP2_SUPPORT        (bzip2 library version 1.0.6, 6-Sept-2010)
	    bzip2 code and library copyright (c) Julian R Seward
	    (See the bzip2 license for terms of use)
	SYMLINK_SUPPORT      (symbolic links supported)
	LARGE_FILE_SUPPORT   (can read and write large files on file system)
	ZIP64_SUPPORT        (use Zip64 to store large files in archives)
	UNICODE_SUPPORT      (store and read UTF-8 Unicode paths)
	STORE_UNIX_UIDs_GIDs (store UID/GID sizes/values using new extra field)
	UIDGID_NOT_16BIT     (old Unix 16-bit UID/GID extra field not used)
	[encryption, version 2.91 of 05 Jan 2007] (modified for Zip 3)

Encryption notice:
	The encryption code of this program is not copyrighted and is
	put in the public domain.  It was originally written in Europe
	and, to the best of our knowledge, can be freely distributed
	in both source and object forms from any country, including
	the USA under License Exception TSU of the U.S. Export
	Administration Regulations (section 740.13(e)) of 6 June 2002.

Zip environment options:
             ZIP:  [none]
          ZIPOPT:  [none]
[34m[1mvim version[0m
VIM - Vi IMproved 7.4 (2013 Aug 10, compiled Nov 24 2016 16:43:18)
Included patches: 1-52
Extra patches: 8.0.0056
Modified by pkg-vim-maintainers@lists.alioth.debian.org
Compiled by buildd@
Huge version without GUI.  Features included (+) or not (-):
+acl             +farsi           +mouse_netterm   +syntax
+arabic          +file_in_path    +mouse_sgr       +tag_binary
+autocmd         +find_in_path    -mouse_sysmouse  +tag_old_static
-balloon_eval    +float           +mouse_urxvt     -tag_any_white
-browse          +folding         +mouse_xterm     -tcl
++builtin_terms  -footer          +multi_byte      +terminfo
+byte_offset     +fork()          +multi_lang      +termresponse
+cindent         +gettext         -mzscheme        +textobjects
-clientserver    -hangul_input    +netbeans_intg   +title
-clipboard       +iconv           +path_extra      -toolbar
+cmdline_compl   +insert_expand   -perl            +user_commands
+cmdline_hist    +jumplist        +persistent_undo +vertsplit
+cmdline_info    +keymap          +postscript      +virtualedit
+comments        +langmap         +printer         +visual
+conceal         +libcall         +profile         +visualextra
+cryptv          +linebreak       +python          +viminfo
+cscope          +lispindent      -python3         +vreplace
+cursorbind      +listcmds        +quickfix        +wildignore
+cursorshape     +localmap        +reltime         +wildmenu
+dialog_con      -lua             +rightleft       +windows
+diff            +menu            -ruby            +writebackup
+digraphs        +mksession       +scrollbind      -X11
-dnd             +modify_fname    +signs           -xfontset
-ebcdic          +mouse           +smartindent     -xim
+emacs_tags      -mouseshape      -sniff           -xsmp
+eval            +mouse_dec       +startuptime     -xterm_clipboard
+ex_extra        +mouse_gpm       +statusline      -xterm_save
+extra_search    -mouse_jsbterm   -sun_workshop    -xpm
   system vimrc file: "$VIM/vimrc"
     user vimrc file: "$HOME/.vimrc"
 2nd user vimrc file: "~/.vim/vimrc"
      user exrc file: "$HOME/.exrc"
  fall-back for $VIM: "/usr/share/vim"
Compilation: gcc -c -I. -Iproto -DHAVE_CONFIG_H     -g -O2 -fstack-protector --param=ssp-buffer-size=4 -Wformat -Werror=format-security -U_FORTIFY_SOURCE -D_FORTIFY_SOURCE=1      
Linking: gcc   -Wl,-Bsymbolic-functions -Wl,-z,relro -Wl,--as-needed -o vim        -lm -ltinfo -lnsl  -lselinux  -lacl -lattr -lgpm -ldl    -L/usr/lib/python2.7/config-x86_64-linux-gnu -lpython2.7 -lpthread -ldl -lutil -lm -Xlinker -export-dynamic -Wl,-O1 -Wl,-Bsymbolic-functions      
[34m[1miptables version[0m
iptables v1.4.21
[34m[1mcurl version[0m
curl 7.35.0 (x86_64-pc-linux-gnu) libcurl/7.35.0 OpenSSL/1.0.1f zlib/1.2.8 libidn/1.28 librtmp/2.3
[34m[1mwget version[0m
GNU Wget 1.15 built on linux-gnu.
[34m[1mrsync version[0m
rsync  version 3.1.0  protocol version 31
[34m[1mgimme version[0m
v1.2.0
[34m[1mnvm version[0m
0.33.6
[34m[1mperlbrew version[0m
/home/travis/perl5/perlbrew/bin/perlbrew  - App::perlbrew/0.80
[34m[1mphpenv version[0m
rbenv 1.1.1-25-g6aa70b6
[34m[1mrvm version[0m
rvm 1.29.3 (latest) by Michal Papis, Piotr Kuczynski, Wayne E. Seguin [https://rvm.io]
[34m[1mdefault ruby version[0m
ruby 2.4.1p111 (2017-03-22 revision 58053) [x86_64-linux]
[34m[1mCouchDB version[0m
couchdb 1.6.1
[34m[1mElasticSearch version[0m
5.5.0
[34m[1mInstalled Firefox version[0m
firefox 56.0.2
[34m[1mMongoDB version[0m
MongoDB 3.4.10
[34m[1mPhantomJS version[0m
2.1.1
[34m[1mPre-installed PostgreSQL versions[0m
9.2.24
9.3.20
9.4.15
9.5.10
9.6.6
[34m[1mRabbitMQ Version[0m
3.6.14
[34m[1mRedis version[0m
redis-server 4.0.6
[34m[1mriak version[0m
2.2.3
[34m[1mPre-installed Go versions[0m
1.7.4
[34m[1mant version[0m
Apache Ant(TM) version 1.9.3 compiled on April 8 2014
[34m[1mmvn version[0m
Apache Maven 3.5.2 (138edd61fd100ec658bfa2d307c43b76940a5d7d; 2017-10-18T07:58:13Z)
Maven home: /usr/local/maven-3.5.2
Java version: 1.8.0_151, vendor: Oracle Corporation
Java home: /usr/lib/jvm/java-8-oracle/jre
Default locale: en_US, platform encoding: UTF-8
OS name: "linux", version: "4.4.0-101-generic", arch: "amd64", family: "unix"
[34m[1mgradle version[0m

------------------------------------------------------------
Gradle 4.0.1
------------------------------------------------------------

Build time:   2017-07-07 14:02:41 UTC
Revision:     38e5dc0f772daecca1d2681885d3d85414eb6826

Groovy:       2.4.11
Ant:          Apache Ant(TM) version 1.9.6 compiled on June 29 2015
JVM:          1.8.0_151 (Oracle Corporation 25.151-b12)
OS:           Linux 4.4.0-101-generic amd64

[34m[1mlein version[0m
Leiningen 2.8.1 on Java 1.8.0_151 Java HotSpot(TM) 64-Bit Server VM
[34m[1mPre-installed Node.js versions[0m
v4.8.6
v6.12.0
v6.12.1
v8.9
v8.9.1
[34m[1mphpenv versions[0m
  system
  5.6
* 5.6.32 (set by /home/travis/.phpenv/version)
  7.0
  7.0.25
  7.1
  7.1.11
  hhvm
  hhvm-stable
[34m[1mcomposer --version[0m
Composer version 1.5.2 2017-09-11 16:59:25
[34m[1mPre-installed Ruby versions[0m
ruby-2.2.7
ruby-2.3.4
ruby-2.4.1
travis_fold:end:system_info[0K
grep: /etc/apt/sources.list.d/*: No such file or directory
sed: cannot rename /etc/hosts: Device or resource busy
sed: cannot rename /etc/hosts: Device or resource busy
$ cd failed/SonarSource/sonar-java

[33;1mSetting environment variables from .travis.yml[0m
$ export TEST=CI

travis_fold:start:cache.1[0KSetting up build cache
$ export CASHER_DIR=$HOME/.casher
travis_time:start:00e34ca8[0K
travis_time:end:00e34ca8:start=1644715736934350448,finish=1644715736943795356,duration=9444908[0Ktravis_time:start:00f09dd0[0K/home/travis/.casher/bin/casher:213:in `cache_archive_name': undefined method `[]' for nil:NilClass (NoMethodError)
	from /home/travis/.casher/bin/casher:65:in `block in fetch'
	from /home/travis/.casher/bin/casher:64:in `each'
	from /home/travis/.casher/bin/casher:64:in `fetch'
	from /home/travis/.casher/bin/casher:53:in `block in run'
	from /home/travis/.rvm/rubies/ruby-2.2.7/lib/ruby/2.2.0/timeout.rb:88:in `block in timeout'
	from /home/travis/.rvm/rubies/ruby-2.2.7/lib/ruby/2.2.0/timeout.rb:32:in `block in catch'
	from /home/travis/.rvm/rubies/ruby-2.2.7/lib/ruby/2.2.0/timeout.rb:32:in `catch'
	from /home/travis/.rvm/rubies/ruby-2.2.7/lib/ruby/2.2.0/timeout.rb:32:in `catch'
	from /home/travis/.rvm/rubies/ruby-2.2.7/lib/ruby/2.2.0/timeout.rb:103:in `timeout'
	from /home/travis/.casher/bin/casher:53:in `run'
	from /home/travis/.casher/bin/casher:263:in `<main>'
[32;1mattempting to download cache archive[0m

travis_time:end:00f09dd0:start=1644715736955516056,finish=1644715737825372119,duration=869856063[0Ktravis_time:start:01cef900[0K
travis_time:end:01cef900:start=1644715737837149066,finish=1644715737846726484,duration=9577418[0Ktravis_time:start:1381bd3c[0K[32;1madding /home/travis/.m2/repository to cache[0m
[32;1madding /home/travis/.sonar to cache[0m
[32;1madding /home/travis/jvm to cache[0m
[32;1madding /home/travis/maven to cache[0m

travis_time:end:1381bd3c:start=1644715737857402957,finish=1644715739364684749,duration=1507281792[0Ktravis_fold:end:cache.1[0K$ java -Xmx32m -version
Picked up _JAVA_OPTIONS: -Xmx2048m -Xms512m
java version "1.8.0_151"
Java(TM) SE Runtime Environment (build 1.8.0_151-b12)
Java HotSpot(TM) 64-Bit Server VM (build 25.151-b12, mixed mode)
$ javac -J-Xmx32m -version
Picked up _JAVA_OPTIONS: -Xmx2048m -Xms512m
javac 1.8.0_151
travis_fold:start:install[0Ktravis_time:start:0204c4e0[0K$ true

travis_time:end:0204c4e0:start=1644715739970541981,finish=1644715739979770223,duration=9228242[0Ktravis_fold:end:install[0Ktravis_time:start:04c397f8[0K$ ./travis.sh
Copy public Maven settings
Setting .npmrc
Setup Maven 3.5.2
Maven 3.5.2 installed
fatal: --unshallow on a complete repository does not make sense
======= Build, no analysis, no deploy
Picked up _JAVA_OPTIONS: -Xmx2048m -Xms512m
Apache Maven 3.5.2 (138edd61fd100ec658bfa2d307c43b76940a5d7d; 2017-10-18T07:58:13Z)
Maven home: /home/travis/maven/apache-maven-3.5.2
Java version: 1.8.0_151, vendor: Oracle Corporation
Java home: /usr/lib/jvm/java-8-oracle/jre
Default locale: en_US, platform encoding: UTF-8
OS name: "linux", version: "4.15.0-109-generic", arch: "amd64", family: "unix"
[INFO] Error stacktraces are turned on.
[INFO] Scanning for projects...
[INFO] ------------------------------------------------------------------------
[INFO] Reactor Build Order:
[INFO] 
[INFO] SonarJava
[INFO] SonarQube Java :: Maven model generator
[INFO] SonarQube Java :: Front-end
[INFO] SonarQube Java :: Check Test tool kit
[INFO] SonarQube Java :: Checks
[INFO] SonarQube Java :: External Reports Sensor
[INFO] SonarQube Java :: Surefire
[INFO] java-jacoco-previous
[INFO] SonarQube Java :: JaCoCo
[INFO] SonarQube Java :: Plugin
[INFO] SonarQube Java :: JaCoCo Listeners
[INFO] SonarQube Java :: ITs
[INFO] SonarQube Java :: ITs :: Performancing
[INFO] SonarQube Java :: ITs :: Plugin
[INFO] SonarQube Java :: ITs :: Plugin :: Plugins
[INFO] SonarQube Java :: ITS :: Plugin :: Java Extension Plugin
[INFO] SonarQube Java :: ITs :: Plugin :: Tests
[INFO] SonarQube Java :: ITs :: Ruling
[INFO] SonarQube Java :: ITs :: Semantic
[INFO] SonarQube Java :: ITS :: Semantic :: Java Debugging Plugin
[INFO] SonarQube Java :: ITs :: Semantic :: Tests
[INFO] 
[INFO] ------------------------------------------------------------------------
[INFO] Building SonarJava 5.7.0-SNAPSHOT
[INFO] ------------------------------------------------------------------------
[INFO] 
[INFO] --- buildnumber-maven-plugin:1.4:create (default) @ java ---
[INFO] Executing: /bin/sh -c cd '/home/travis/build/failed/SonarSource/sonar-java' && 'git' 'rev-parse' '--verify' 'HEAD'
[INFO] Working directory: /home/travis/build/failed/SonarSource/sonar-java
[INFO] Storing buildNumber: d486e231101c10b0ae9dd02c64f34dc726661295 at timestamp: 1644715826356
[INFO] Storing buildScmBranch: master
[INFO] 
[INFO] --- maven-enforcer-plugin:3.0.0-M1:enforce (enforce) @ java ---
[INFO] 
[INFO] --- license-maven-plugin:3.0:check (enforce-license-headers) @ java ---
[INFO] Checking licenses...
[INFO] 
[INFO] --- beanshell-maven-plugin:1.4:run (compute-artifact-display-version) @ java ---
[INFO] Executing Script
[INFO] file class java.lang.Object
[INFO] script class java.lang.String
[INFO] evaluating script if (! "5.7.0-SNAPSHOT".endsWith("-SNAPSHOT")) { [+ 14 omitted line(s)]
[INFO] 
[INFO] --- maven-source-plugin:3.0.1:jar-no-fork (attach-sources) @ java ---
[INFO] 
[INFO] ------------------------------------------------------------------------
[INFO] Building SonarQube Java :: Maven model generator 5.7.0-SNAPSHOT
[INFO] ------------------------------------------------------------------------
[INFO] 
[INFO] --- buildnumber-maven-plugin:1.4:create (default) @ java-maven-model ---
[INFO] 
[INFO] --- maven-enforcer-plugin:3.0.0-M1:enforce (enforce) @ java-maven-model ---
[INFO] 
[INFO] --- license-maven-plugin:3.0:check (enforce-license-headers) @ java-maven-model ---
[INFO] Checking licenses...
[INFO] 
[INFO] --- jaxb2-maven-plugin:2.2:xjc (xjc) @ java-maven-model ---
[INFO] No changes detected in schema or binding files - skipping JAXB generation.
[INFO] 
[INFO] --- build-helper-maven-plugin:1.10:add-source (default) @ java-maven-model ---
[INFO] Source directory: /home/travis/build/failed/SonarSource/sonar-java/java-maven-model/target/generated-sources added.
[INFO] 
[INFO] --- beanshell-maven-plugin:1.4:run (compute-artifact-display-version) @ java-maven-model ---
[INFO] Executing Script
[INFO] file class java.lang.Object
[INFO] script class java.lang.String
[INFO] evaluating script if (! "5.7.0-SNAPSHOT".endsWith("-SNAPSHOT")) { [+ 14 omitted line(s)]
[INFO] 
[INFO] --- maven-resources-plugin:3.0.2:resources (default-resources) @ java-maven-model ---
[INFO] Using 'UTF-8' encoding to copy filtered resources.
[INFO] Copying 1 resource
[INFO] 
[INFO] --- maven-compiler-plugin:3.7.0:compile (default-compile) @ java-maven-model ---
[INFO] Nothing to compile - all classes are up to date
[INFO] 
[INFO] --- maven-resources-plugin:3.0.2:testResources (default-testResources) @ java-maven-model ---
[INFO] Using 'UTF-8' encoding to copy filtered resources.
[INFO] skip non existing resourceDirectory /home/travis/build/failed/SonarSource/sonar-java/java-maven-model/src/test/resources
[INFO] 
[INFO] --- maven-compiler-plugin:3.7.0:testCompile (default-testCompile) @ java-maven-model ---
[INFO] Nothing to compile - all classes are up to date
[INFO] 
[INFO] --- maven-surefire-plugin:2.20.1:test (default-test) @ java-maven-model ---
[INFO] Surefire report directory: /home/travis/build/failed/SonarSource/sonar-java/java-maven-model/target/surefire-reports
[INFO] 
[INFO] -------------------------------------------------------
[INFO]  T E S T S
[INFO] -------------------------------------------------------
[INFO] Running org.sonar.maven.model.XmlLocationTest
[INFO] Tests run: 9, Failures: 0, Errors: 0, Skipped: 0, Time elapsed: 7.004 s - in org.sonar.maven.model.XmlLocationTest
[INFO] Running org.sonar.maven.model.LocatedAttributeAdapterTest
[INFO] Tests run: 2, Failures: 0, Errors: 0, Skipped: 0, Time elapsed: 0.187 s - in org.sonar.maven.model.LocatedAttributeAdapterTest
[INFO] 
[INFO] Results:
[INFO] 
[INFO] Tests run: 11, Failures: 0, Errors: 0, Skipped: 0
[INFO] 
[INFO] 
[INFO] --- maven-jar-plugin:3.0.2:jar (default-jar) @ java-maven-model ---
[INFO] 
[INFO] --- maven-source-plugin:3.0.1:jar-no-fork (attach-sources) @ java-maven-model ---
[INFO] Building jar: /home/travis/build/failed/SonarSource/sonar-java/java-maven-model/target/java-maven-model-5.7.0-SNAPSHOT-sources.jar
[INFO] 
[INFO] ------------------------------------------------------------------------
[INFO] Building SonarQube Java :: Front-end 5.7.0-SNAPSHOT
[INFO] ------------------------------------------------------------------------
[INFO] 
[INFO] --- buildnumber-maven-plugin:1.4:create (default) @ java-frontend ---
[INFO] 
[INFO] --- maven-enforcer-plugin:3.0.0-M1:enforce (enforce) @ java-frontend ---
[INFO] 
[INFO] --- license-maven-plugin:3.0:check (enforce-license-headers) @ java-frontend ---
[INFO] Checking licenses...
[INFO] 
[INFO] --- beanshell-maven-plugin:1.4:run (compute-artifact-display-version) @ java-frontend ---
[INFO] Executing Script
[INFO] file class java.lang.Object
[INFO] script class java.lang.String
[INFO] evaluating script if (! "5.7.0-SNAPSHOT".endsWith("-SNAPSHOT")) { [+ 14 omitted line(s)]
[INFO] 
[INFO] --- maven-resources-plugin:3.0.2:resources (default-resources) @ java-frontend ---
[INFO] Using 'UTF-8' encoding to copy filtered resources.
[INFO] skip non existing resourceDirectory /home/travis/build/failed/SonarSource/sonar-java/java-frontend/src/main/resources
[INFO] 
[INFO] --- maven-compiler-plugin:3.7.0:compile (default-compile) @ java-frontend ---
[INFO] Nothing to compile - all classes are up to date
[INFO] 
[INFO] --- maven-dependency-plugin:3.0.2:unpack (unpack-test-projects) @ java-frontend ---
[INFO] Configured Artifact: commons-collections:commons-collections:sources:3.2.1:jar
[INFO] Configured Artifact: commons-collections:commons-collections:3.2.1:jar
[INFO] Configured Artifact: org.apache.struts:struts-core:sources:1.3.9:jar
[INFO] Configured Artifact: org.apache.struts:struts-core:1.3.9:jar
[INFO] commons-collections-3.2.1-sources.jar already unpacked.
[INFO] commons-collections-3.2.1.jar already unpacked.
[INFO] struts-core-1.3.9-sources.jar already unpacked.
[INFO] struts-core-1.3.9.jar already unpacked.
[INFO] 
[INFO] --- maven-resources-plugin:3.0.2:testResources (default-testResources) @ java-frontend ---
[INFO] Using 'UTF-8' encoding to copy filtered resources.
[INFO] Copying 17 resources
[INFO] 
[INFO] --- maven-compiler-plugin:3.7.0:testCompile (default-testCompile) @ java-frontend ---
[INFO] Nothing to compile - all classes are up to date
[INFO] 
[INFO] --- maven-dependency-plugin:3.0.2:copy (copy) @ java-frontend ---
[INFO] Configured Artifact: org.hibernate.javax.persistence:hibernate-jpa-2.0-api:1.0.1.Final:jar
[INFO] Configured Artifact: com.google.code.findbugs:jsr305:1.3.9:jar
[INFO] Configured Artifact: com.google.code.findbugs:annotations:3.0.0:jar
[INFO] Configured Artifact: org.jetbrains:annotations:13.0:jar
[INFO] Configured Artifact: org.projectlombok:lombok:1.16.4:jar
[INFO] Configured Artifact: org.eclipse.jdt:org.eclipse.jdt.annotation:2.1.100:jar
[INFO] Configured Artifact: org.springframework:spring-core:5.0.7.RELEASE:jar
[INFO] Configured Artifact: javax:javaee-api:7.0:jar
[INFO] Configured Artifact: org.apache.commons:commons-lang3:3.5:jar
[INFO] Configured Artifact: commons-lang:commons-lang:2.6:jar
[INFO] Configured Artifact: com.google.guava:guava:20.0:jar
[INFO] Configured Artifact: commons-collections:commons-collections:3.2.1:jar
[INFO] Configured Artifact: org.apache.commons:commons-collections4:4.1:jar
[INFO] Configured Artifact: org.apache.logging.log4j:log4j-core:2.3:jar
[INFO] Configured Artifact: org.springframework:spring-core:4.3.8.RELEASE:jar
[INFO] Configured Artifact: org.springframework:spring-jdbc:5.0.7.RELEASE:jar
[INFO] Configured Artifact: org.junit.jupiter:junit-jupiter-api:5.0.0-M4:jar
[INFO] Configured Artifact: org.aspectj:aspectjtools:1.8.10:jar
[INFO] Configured Artifact: javax:javaee-api:7.0:jar
[INFO] Configured Artifact: javax.servlet:javax.servlet-api:3.1.0:jar
[INFO] Configured Artifact: org.springframework:spring-web:5.0.4.RELEASE:jar
[INFO] Configured Artifact: org.springframework:spring-context:5.0.4.RELEASE:jar
[INFO] org.hibernate.javax.persistence:hibernate-jpa-2.0-api:1.0.1.Final:jar already exists in /home/travis/build/failed/SonarSource/sonar-java/java-frontend/target/test-jars
[INFO] com.google.code.findbugs:jsr305:1.3.9:jar already exists in /home/travis/build/failed/SonarSource/sonar-java/java-frontend/target/test-jars
[INFO] com.google.code.findbugs:annotations:3.0.0:jar already exists in /home/travis/build/failed/SonarSource/sonar-java/java-frontend/target/test-jars
[INFO] org.jetbrains:annotations:13.0:jar already exists in /home/travis/build/failed/SonarSource/sonar-java/java-frontend/target/test-jars
[INFO] org.projectlombok:lombok:1.16.4:jar already exists in /home/travis/build/failed/SonarSource/sonar-java/java-frontend/target/test-jars
[INFO] org.eclipse.jdt:org.eclipse.jdt.annotation:2.1.100:jar already exists in /home/travis/build/failed/SonarSource/sonar-java/java-frontend/target/test-jars
[INFO] org.springframework:spring-core:5.0.7.RELEASE:jar already exists in /home/travis/build/failed/SonarSource/sonar-java/java-frontend/target/test-jars
[INFO] javax:javaee-api:7.0:jar already exists in /home/travis/build/failed/SonarSource/sonar-java/java-frontend/target/test-jars
[INFO] org.apache.commons:commons-lang3:3.5:jar already exists in /home/travis/build/failed/SonarSource/sonar-java/java-frontend/target/test-jars
[INFO] commons-lang:commons-lang:2.6:jar already exists in /home/travis/build/failed/SonarSource/sonar-java/java-frontend/target/test-jars
[INFO] com.google.guava:guava:20.0:jar already exists in /home/travis/build/failed/SonarSource/sonar-java/java-frontend/target/test-jars
[INFO] commons-collections:commons-collections:3.2.1:jar already exists in /home/travis/build/failed/SonarSource/sonar-java/java-frontend/target/test-jars
[INFO] org.apache.commons:commons-collections4:4.1:jar already exists in /home/travis/build/failed/SonarSource/sonar-java/java-frontend/target/test-jars
[INFO] org.apache.logging.log4j:log4j-core:2.3:jar already exists in /home/travis/build/failed/SonarSource/sonar-java/java-frontend/target/test-jars
[INFO] org.springframework:spring-core:4.3.8.RELEASE:jar already exists in /home/travis/build/failed/SonarSource/sonar-java/java-frontend/target/test-jars
[INFO] org.springframework:spring-jdbc:5.0.7.RELEASE:jar already exists in /home/travis/build/failed/SonarSource/sonar-java/java-frontend/target/test-jars
[INFO] org.junit.jupiter:junit-jupiter-api:5.0.0-M4:jar already exists in /home/travis/build/failed/SonarSource/sonar-java/java-frontend/target/test-jars
[INFO] org.aspectj:aspectjtools:1.8.10:jar already exists in /home/travis/build/failed/SonarSource/sonar-java/java-frontend/target/test-jars
[INFO] javax:javaee-api:7.0:jar already exists in /home/travis/build/failed/SonarSource/sonar-java/java-frontend/target/test-jars
[INFO] javax.servlet:javax.servlet-api:3.1.0:jar already exists in /home/travis/build/failed/SonarSource/sonar-java/java-frontend/target/test-jars
[INFO] org.springframework:spring-web:5.0.4.RELEASE:jar already exists in /home/travis/build/failed/SonarSource/sonar-java/java-frontend/target/test-jars
[INFO] org.springframework:spring-context:5.0.4.RELEASE:jar already exists in /home/travis/build/failed/SonarSource/sonar-java/java-frontend/target/test-jars
[INFO] 
[INFO] --- maven-surefire-plugin:2.20.1:test (default-test) @ java-frontend ---
[INFO] Surefire report directory: /home/travis/build/failed/SonarSource/sonar-java/java-frontend/target/surefire-reports
[INFO] 
[INFO] -------------------------------------------------------
[INFO]  T E S T S
[INFO] -------------------------------------------------------
[INFO] Running org.sonar.java.se.BehaviorCacheTest
[INFO] Tests run: 16, Failures: 0, Errors: 0, Skipped: 0, Time elapsed: 19.571 s - in org.sonar.java.se.BehaviorCacheTest
[INFO] Running org.sonar.java.xml.XmlParserTest
01:33:26.395 ERROR org.sonar.java.xml.XmlParser - Unable to parse xml file: src/test/files/xml/parsing-issue.xml
01:33:26.449 DEBUG org.sonar.java.xml.XmlParser - XML file parsing failed because of : org.xml.sax.SAXParseException; systemId: file:/home/travis/build/failed/SonarSource/sonar-java/java-frontend/src/test/files/xml/parsing-issue.xml; lineNumber: 2; columnNumber: 1; XML document structures must start and end within the same entity.
	at com.sun.org.apache.xerces.internal.util.ErrorHandlerWrapper.createSAXParseException(ErrorHandlerWrapper.java:203)
	at com.sun.org.apache.xerces.internal.util.ErrorHandlerWrapper.fatalError(ErrorHandlerWrapper.java:177)
	at com.sun.org.apache.xerces.internal.impl.XMLErrorReporter.reportError(XMLErrorReporter.java:400)
	at com.sun.org.apache.xerces.internal.impl.XMLErrorReporter.reportError(XMLErrorReporter.java:327)
	at com.sun.org.apache.xerces.internal.impl.XMLScanner.reportFatalError(XMLScanner.java:1472)
	at com.sun.org.apache.xerces.internal.impl.XMLDocumentFragmentScannerImpl.endEntity(XMLDocumentFragmentScannerImpl.java:899)
	at com.sun.org.apache.xerces.internal.impl.XMLDocumentScannerImpl.endEntity(XMLDocumentScannerImpl.java:559)
	at com.sun.org.apache.xerces.internal.impl.XMLEntityManager.endEntity(XMLEntityManager.java:1398)
	at com.sun.org.apache.xerces.internal.impl.XMLEntityScanner.load(XMLEntityScanner.java:1916)
	at com.sun.org.apache.xerces.internal.impl.XMLEntityScanner.skipChar(XMLEntityScanner.java:1551)
	at com.sun.org.apache.xerces.internal.impl.XMLDocumentFragmentScannerImpl$FragmentContentDriver.next(XMLDocumentFragmentScannerImpl.java:2821)
	at com.sun.org.apache.xerces.internal.impl.XMLDocumentScannerImpl.next(XMLDocumentScannerImpl.java:602)
	at com.sun.org.apache.xerces.internal.impl.XMLDocumentFragmentScannerImpl.scanDocument(XMLDocumentFragmentScannerImpl.java:505)
	at com.sun.org.apache.xerces.internal.parsers.XML11Configuration.parse(XML11Configuration.java:841)
	at com.sun.org.apache.xerces.internal.parsers.XML11Configuration.parse(XML11Configuration.java:770)
	at com.sun.org.apache.xerces.internal.parsers.XMLParser.parse(XMLParser.java:141)
	at com.sun.org.apache.xerces.internal.parsers.AbstractSAXParser.parse(AbstractSAXParser.java:1213)
	at com.sun.org.apache.xerces.internal.jaxp.SAXParserImpl$JAXPSAXParser.parse(SAXParserImpl.java:643)
	at com.sun.org.apache.xerces.internal.jaxp.SAXParserImpl.parse(SAXParserImpl.java:327)
	at javax.xml.parsers.SAXParser.parse(SAXParser.java:328)
	at org.sonar.java.xml.XmlParser.parseXML(XmlParser.java:64)
	at org.sonar.java.xml.XmlParserTest.should_return_null_when_encountering_parsing_issue(XmlParserTest.java:69)
	at sun.reflect.NativeMethodAccessorImpl.invoke0(Native Method)
	at sun.reflect.NativeMethodAccessorImpl.invoke(NativeMethodAccessorImpl.java:62)
	at sun.reflect.DelegatingMethodAccessorImpl.invoke(DelegatingMethodAccessorImpl.java:43)
	at java.lang.reflect.Method.invoke(Method.java:498)
	at org.junit.runners.model.FrameworkMethod$1.runReflectiveCall(FrameworkMethod.java:50)
	at org.junit.internal.runners.model.ReflectiveCallable.run(ReflectiveCallable.java:12)
	at org.junit.runners.model.FrameworkMethod.invokeExplosively(FrameworkMethod.java:47)
	at org.junit.internal.runners.statements.InvokeMethod.evaluate(InvokeMethod.java:17)
	at org.junit.internal.runners.statements.RunBefores.evaluate(RunBefores.java:26)
	at org.junit.rules.ExternalResource$1.evaluate(ExternalResource.java:48)
	at org.junit.rules.RunRules.evaluate(RunRules.java:20)
	at org.junit.runners.ParentRunner.runLeaf(ParentRunner.java:325)
	at org.junit.runners.BlockJUnit4ClassRunner.runChild(BlockJUnit4ClassRunner.java:78)
	at org.junit.runners.BlockJUnit4ClassRunner.runChild(BlockJUnit4ClassRunner.java:57)
	at org.junit.runners.ParentRunner$3.run(ParentRunner.java:290)
	at org.junit.runners.ParentRunner$1.schedule(ParentRunner.java:71)
	at org.junit.runners.ParentRunner.runChildren(ParentRunner.java:288)
	at org.junit.runners.ParentRunner.access$000(ParentRunner.java:58)
	at org.junit.runners.ParentRunner$2.evaluate(ParentRunner.java:268)
	at org.junit.runners.ParentRunner.run(ParentRunner.java:363)
	at org.apache.maven.surefire.junit4.JUnit4Provider.execute(JUnit4Provider.java:369)
	at org.apache.maven.surefire.junit4.JUnit4Provider.executeWithRerun(JUnit4Provider.java:275)
	at org.apache.maven.surefire.junit4.JUnit4Provider.executeTestSet(JUnit4Provider.java:239)
	at org.apache.maven.surefire.junit4.JUnit4Provider.invoke(JUnit4Provider.java:160)
	at org.apache.maven.surefire.booter.ForkedBooter.invokeProviderInSameClassLoader(ForkedBooter.java:373)
	at org.apache.maven.surefire.booter.ForkedBooter.runSuitesInProcess(ForkedBooter.java:334)
	at org.apache.maven.surefire.booter.ForkedBooter.execute(ForkedBooter.java:119)
	at org.apache.maven.surefire.booter.ForkedBooter.main(ForkedBooter.java:407)

01:33:26.489 ERROR org.sonar.java.xml.XmlParser - Unable to parse xml file: src/test/files/xml/parsing-issue.xml
01:33:26.493 WARN  org.sonar.java.xml.XmlParser - File src/test/files/xml/empty.xml is empty and won't be analyzed.
[INFO] Tests run: 8, Failures: 0, Errors: 0, Skipped: 0, Time elapsed: 0.406 s - in org.sonar.java.xml.XmlParserTest
[INFO] Running org.sonar.java.JavaTestClasspathTest
01:33:27.361 INFO  org.sonar.java.JavaTestClasspath - JavaTestClasspath initialization
01:33:27.369 WARN  org.sonar.java.JavaTestClasspath - Bytecode of dependencies was not provided for analysis of test files, you might end up with less precise results. Bytecode can be provided using sonar.java.test.libraries property
01:33:27.370 INFO  org.sonar.java.JavaTestClasspath - JavaTestClasspath initialization (done) | time=8ms
01:33:27.371 INFO  org.sonar.java.JavaTestClasspath - JavaTestClasspath initialization
01:33:27.564 INFO  org.sonar.java.JavaTestClasspath - JavaTestClasspath initialization (done) | time=193ms
01:33:27.572 INFO  org.sonar.java.JavaTestClasspath - JavaTestClasspath initialization
01:33:27.574 ERROR org.sonar.java.AbstractJavaClasspath - Invalid value for sonar.java.test.libraries
01:33:27.575 INFO  org.sonar.java.JavaTestClasspath - JavaTestClasspath initialization
01:33:27.576 INFO  org.sonar.java.JavaTestClasspath - JavaTestClasspath initialization (done) | time=1ms
[INFO] Tests run: 5, Failures: 0, Errors: 0, Skipped: 0, Time elapsed: 1.021 s - in org.sonar.java.JavaTestClasspathTest
[INFO] Running org.sonar.java.xml.XPathXmlCheckTest
[INFO] Tests run: 4, Failures: 0, Errors: 0, Skipped: 0, Time elapsed: 0.484 s - in org.sonar.java.xml.XPathXmlCheckTest
[INFO] Running org.sonar.java.resolve.LambdaBlockReturnVisitorTest
[INFO] Tests run: 1, Failures: 0, Errors: 0, Skipped: 0, Time elapsed: 0.101 s - in org.sonar.java.resolve.LambdaBlockReturnVisitorTest
[INFO] Running org.sonar.plugins.java.api.tree.TreeTest
[INFO] Tests run: 1, Failures: 0, Errors: 0, Skipped: 0, Time elapsed: 0.003 s - in org.sonar.plugins.java.api.tree.TreeTest
[INFO] Running org.sonar.java.se.checks.MapComputeIfAbsentOrPresentCheckTest
01:33:29.047 INFO  org.sonar.squidbridge.ProgressReport - 1 source files to be analyzed
01:33:29.672 INFO  org.sonar.squidbridge.ProgressReport - 1/1 source files have been analyzed
[INFO] Tests run: 1, Failures: 0, Errors: 0, Skipped: 0, Time elapsed: 1.397 s - in org.sonar.java.se.checks.MapComputeIfAbsentOrPresentCheckTest
[INFO] Running org.sonar.java.xml.maven.PomParserTest
01:33:31.229 ERROR org.sonar.java.xml.maven.PomParser - Unable to parse pom file src/test/files/xml/maven/parse-issue/pom.xml
javax.xml.bind.UnmarshalException: null
	at com.sun.xml.bind.v2.runtime.unmarshaller.UnmarshallerImpl.handleStreamException(UnmarshallerImpl.java:485) ~[jaxb-runtime-2.3.0.jar:2.3.0]
	at com.sun.xml.bind.v2.runtime.unmarshaller.UnmarshallerImpl.unmarshal0(UnmarshallerImpl.java:417) ~[jaxb-runtime-2.3.0.jar:2.3.0]
	at com.sun.xml.bind.v2.runtime.unmarshaller.UnmarshallerImpl.unmarshal(UnmarshallerImpl.java:394) ~[jaxb-runtime-2.3.0.jar:2.3.0]
	at org.sonar.java.xml.maven.PomParser.parseXML(PomParser.java:63) ~[classes/:na]
	at org.sonar.java.xml.maven.PomParserTest.should_fail_parsing(PomParserTest.java:76) [test-classes/:na]
	at sun.reflect.NativeMethodAccessorImpl.invoke0(Native Method) ~[na:1.8.0_151]
	at sun.reflect.NativeMethodAccessorImpl.invoke(NativeMethodAccessorImpl.java:62) ~[na:1.8.0_151]
	at sun.reflect.DelegatingMethodAccessorImpl.invoke(DelegatingMethodAccessorImpl.java:43) ~[na:1.8.0_151]
	at java.lang.reflect.Method.invoke(Method.java:498) ~[na:1.8.0_151]
	at org.junit.runners.model.FrameworkMethod$1.runReflectiveCall(FrameworkMethod.java:50) [junit-4.12.jar:4.12]
	at org.junit.internal.runners.model.ReflectiveCallable.run(ReflectiveCallable.java:12) [junit-4.12.jar:4.12]
	at org.junit.runners.model.FrameworkMethod.invokeExplosively(FrameworkMethod.java:47) [junit-4.12.jar:4.12]
	at org.junit.internal.runners.statements.InvokeMethod.evaluate(InvokeMethod.java:17) [junit-4.12.jar:4.12]
	at org.junit.runners.ParentRunner.runLeaf(ParentRunner.java:325) [junit-4.12.jar:4.12]
	at org.junit.runners.BlockJUnit4ClassRunner.runChild(BlockJUnit4ClassRunner.java:78) [junit-4.12.jar:4.12]
	at org.junit.runners.BlockJUnit4ClassRunner.runChild(BlockJUnit4ClassRunner.java:57) [junit-4.12.jar:4.12]
	at org.junit.runners.ParentRunner$3.run(ParentRunner.java:290) [junit-4.12.jar:4.12]
	at org.junit.runners.ParentRunner$1.schedule(ParentRunner.java:71) [junit-4.12.jar:4.12]
	at org.junit.runners.ParentRunner.runChildren(ParentRunner.java:288) [junit-4.12.jar:4.12]
	at org.junit.runners.ParentRunner.access$000(ParentRunner.java:58) [junit-4.12.jar:4.12]
	at org.junit.runners.ParentRunner$2.evaluate(ParentRunner.java:268) [junit-4.12.jar:4.12]
	at org.junit.runners.ParentRunner.run(ParentRunner.java:363) [junit-4.12.jar:4.12]
	at org.apache.maven.surefire.junit4.JUnit4Provider.execute(JUnit4Provider.java:369) [surefire-junit4-2.20.1.jar:2.20.1]
	at org.apache.maven.surefire.junit4.JUnit4Provider.executeWithRerun(JUnit4Provider.java:275) [surefire-junit4-2.20.1.jar:2.20.1]
	at org.apache.maven.surefire.junit4.JUnit4Provider.executeTestSet(JUnit4Provider.java:239) [surefire-junit4-2.20.1.jar:2.20.1]
	at org.apache.maven.surefire.junit4.JUnit4Provider.invoke(JUnit4Provider.java:160) [surefire-junit4-2.20.1.jar:2.20.1]
	at org.apache.maven.surefire.booter.ForkedBooter.invokeProviderInSameClassLoader(ForkedBooter.java:373) [surefire-booter-2.20.1.jar:2.20.1]
	at org.apache.maven.surefire.booter.ForkedBooter.runSuitesInProcess(ForkedBooter.java:334) [surefire-booter-2.20.1.jar:2.20.1]
	at org.apache.maven.surefire.booter.ForkedBooter.execute(ForkedBooter.java:119) [surefire-booter-2.20.1.jar:2.20.1]
	at org.apache.maven.surefire.booter.ForkedBooter.main(ForkedBooter.java:407) [surefire-booter-2.20.1.jar:2.20.1]
Caused by: com.ctc.wstx.exc.WstxParsingException: Unexpected close tag </build>; expected </dependency>.
 at [row,col {unknown-source}]: [27,9]
	at com.ctc.wstx.sr.StreamScanner.constructWfcException(StreamScanner.java:618) ~[woodstox-core-5.1.0.jar:5.1.0]
	at com.ctc.wstx.sr.StreamScanner.throwParseError(StreamScanner.java:488) ~[woodstox-core-5.1.0.jar:5.1.0]
	at com.ctc.wstx.sr.StreamScanner.throwParseError(StreamScanner.java:472) ~[woodstox-core-5.1.0.jar:5.1.0]
	at com.ctc.wstx.sr.BasicStreamReader.reportWrongEndElem(BasicStreamReader.java:3350) ~[woodstox-core-5.1.0.jar:5.1.0]
	at com.ctc.wstx.sr.BasicStreamReader.readEndElem(BasicStreamReader.java:3277) ~[woodstox-core-5.1.0.jar:5.1.0]
	at com.ctc.wstx.sr.BasicStreamReader.nextFromTree(BasicStreamReader.java:2896) ~[woodstox-core-5.1.0.jar:5.1.0]
	at com.ctc.wstx.sr.BasicStreamReader.next(BasicStreamReader.java:1117) ~[woodstox-core-5.1.0.jar:5.1.0]
	at com.sun.xml.bind.v2.runtime.unmarshaller.StAXStreamConnector.bridge(StAXStreamConnector.java:196) ~[jaxb-runtime-2.3.0.jar:2.3.0]
	at com.sun.xml.bind.v2.runtime.unmarshaller.UnmarshallerImpl.unmarshal0(UnmarshallerImpl.java:415) ~[jaxb-runtime-2.3.0.jar:2.3.0]
	... 28 common frames omitted
01:33:31.716 ERROR org.sonar.java.xml.maven.PomParser - Unable to parse pom file .
java.io.FileNotFoundException: . (Is a directory)
	at java.io.FileInputStream.open0(Native Method) ~[na:1.8.0_151]
	at java.io.FileInputStream.open(FileInputStream.java:195) ~[na:1.8.0_151]
	at java.io.FileInputStream.<init>(FileInputStream.java:138) ~[na:1.8.0_151]
	at org.sonar.java.xml.maven.PomParser.parseXML(PomParser.java:52) ~[classes/:na]
	at org.sonar.java.xml.maven.PomParserTest.should_not_parse(PomParserTest.java:82) [test-classes/:na]
	at sun.reflect.NativeMethodAccessorImpl.invoke0(Native Method) ~[na:1.8.0_151]
	at sun.reflect.NativeMethodAccessorImpl.invoke(NativeMethodAccessorImpl.java:62) ~[na:1.8.0_151]
	at sun.reflect.DelegatingMethodAccessorImpl.invoke(DelegatingMethodAccessorImpl.java:43) ~[na:1.8.0_151]
	at java.lang.reflect.Method.invoke(Method.java:498) ~[na:1.8.0_151]
	at org.junit.runners.model.FrameworkMethod$1.runReflectiveCall(FrameworkMethod.java:50) [junit-4.12.jar:4.12]
	at org.junit.internal.runners.model.ReflectiveCallable.run(ReflectiveCallable.java:12) [junit-4.12.jar:4.12]
	at org.junit.runners.model.FrameworkMethod.invokeExplosively(FrameworkMethod.java:47) [junit-4.12.jar:4.12]
	at org.junit.internal.runners.statements.InvokeMethod.evaluate(InvokeMethod.java:17) [junit-4.12.jar:4.12]
	at org.junit.runners.ParentRunner.runLeaf(ParentRunner.java:325) [junit-4.12.jar:4.12]
	at org.junit.runners.BlockJUnit4ClassRunner.runChild(BlockJUnit4ClassRunner.java:78) [junit-4.12.jar:4.12]
	at org.junit.runners.BlockJUnit4ClassRunner.runChild(BlockJUnit4ClassRunner.java:57) [junit-4.12.jar:4.12]
	at org.junit.runners.ParentRunner$3.run(ParentRunner.java:290) [junit-4.12.jar:4.12]
	at org.junit.runners.ParentRunner$1.schedule(ParentRunner.java:71) [junit-4.12.jar:4.12]
	at org.junit.runners.ParentRunner.runChildren(ParentRunner.java:288) [junit-4.12.jar:4.12]
	at org.junit.runners.ParentRunner.access$000(ParentRunner.java:58) [junit-4.12.jar:4.12]
	at org.junit.runners.ParentRunner$2.evaluate(ParentRunner.java:268) [junit-4.12.jar:4.12]
	at org.junit.runners.ParentRunner.run(ParentRunner.java:363) [junit-4.12.jar:4.12]
	at org.apache.maven.surefire.junit4.JUnit4Provider.execute(JUnit4Provider.java:369) [surefire-junit4-2.20.1.jar:2.20.1]
	at org.apache.maven.surefire.junit4.JUnit4Provider.executeWithRerun(JUnit4Provider.java:275) [surefire-junit4-2.20.1.jar:2.20.1]
	at org.apache.maven.surefire.junit4.JUnit4Provider.executeTestSet(JUnit4Provider.java:239) [surefire-junit4-2.20.1.jar:2.20.1]
	at org.apache.maven.surefire.junit4.JUnit4Provider.invoke(JUnit4Provider.java:160) [surefire-junit4-2.20.1.jar:2.20.1]
	at org.apache.maven.surefire.booter.ForkedBooter.invokeProviderInSameClassLoader(ForkedBooter.java:373) [surefire-booter-2.20.1.jar:2.20.1]
	at org.apache.maven.surefire.booter.ForkedBooter.runSuitesInProcess(ForkedBooter.java:334) [surefire-booter-2.20.1.jar:2.20.1]
	at org.apache.maven.surefire.booter.ForkedBooter.execute(ForkedBooter.java:119) [surefire-booter-2.20.1.jar:2.20.1]
	at org.apache.maven.surefire.booter.ForkedBooter.main(ForkedBooter.java:407) [surefire-booter-2.20.1.jar:2.20.1]
[INFO] Tests run: 9, Failures: 0, Errors: 0, Skipped: 0, Time elapsed: 2.062 s - in org.sonar.java.xml.maven.PomParserTest
[INFO] Running org.sonar.java.AnalysisErrorTest
[INFO] Tests run: 1, Failures: 0, Errors: 0, Skipped: 0, Time elapsed: 0.059 s - in org.sonar.java.AnalysisErrorTest
[INFO] Running org.sonar.java.ast.parser.grammar.statements.BlockStatementTest
[INFO] Tests run: 1, Failures: 0, Errors: 0, Skipped: 0, Time elapsed: 0.05 s - in org.sonar.java.ast.parser.grammar.statements.BlockStatementTest
[INFO] Running org.sonar.java.ast.parser.grammar.literals.KeywordTest
[INFO] Tests run: 1, Failures: 0, Errors: 0, Skipped: 0, Time elapsed: 0 s - in org.sonar.java.ast.parser.grammar.literals.KeywordTest
[INFO] Running org.sonar.java.ast.parser.grammar.classes.ClassDeclarationTest
[INFO] Tests run: 2, Failures: 0, Errors: 0, Skipped: 0, Time elapsed: 0 s - in org.sonar.java.ast.parser.grammar.classes.ClassDeclarationTest
[INFO] Running org.sonar.java.ast.parser.grammar.statements.ThrowStatementTest
[INFO] Tests run: 1, Failures: 0, Errors: 0, Skipped: 0, Time elapsed: 0 s - in org.sonar.java.ast.parser.grammar.statements.ThrowStatementTest
[INFO] Running org.sonar.java.ast.parser.grammar.statements.ForStatementTest
[INFO] Tests run: 1, Failures: 0, Errors: 0, Skipped: 0, Time elapsed: 0.11 s - in org.sonar.java.ast.parser.grammar.statements.ForStatementTest
[INFO] Running org.sonar.java.bytecode.loader.JarLoaderTest
[INFO] Tests run: 5, Failures: 0, Errors: 0, Skipped: 0, Time elapsed: 0.237 s - in org.sonar.java.bytecode.loader.JarLoaderTest
[INFO] Running org.sonar.java.se.constraint.TypedConstraintTest
[INFO] Tests run: 1, Failures: 0, Errors: 0, Skipped: 0, Time elapsed: 0 s - in org.sonar.java.se.constraint.TypedConstraintTest
[INFO] Running org.sonar.java.ast.parser.grammar.types.ModifiersTest
[INFO] Tests run: 1, Failures: 0, Errors: 0, Skipped: 0, Time elapsed: 0.001 s - in org.sonar.java.ast.parser.grammar.types.ModifiersTest
[INFO] Running org.sonar.java.matcher.MethodMatcherTest
01:33:32.485 INFO  org.sonar.squidbridge.ProgressReport - 1 source files to be analyzed
01:33:32.590 INFO  org.sonar.squidbridge.ProgressReport - 1/1 source files have been analyzed
01:33:32.810 INFO  org.sonar.squidbridge.ProgressReport - 1 source files to be analyzed
01:33:32.983 INFO  org.sonar.squidbridge.ProgressReport - 1/1 source files have been analyzed
[INFO] Tests run: 19, Failures: 0, Errors: 0, Skipped: 0, Time elapsed: 0.569 s - in org.sonar.java.matcher.MethodMatcherTest
[INFO] Running org.sonar.java.ast.parser.grammar.statements.VariableDeclaratorsTest
[INFO] Tests run: 1, Failures: 0, Errors: 0, Skipped: 0, Time elapsed: 0.048 s - in org.sonar.java.ast.parser.grammar.statements.VariableDeclaratorsTest
[INFO] Running org.sonar.java.ast.JavaAstScannerTest
01:33:33.920 INFO  org.sonar.squidbridge.ProgressReport - 1 source files to be analyzed
01:33:34.047 ERROR org.sonar.java.ast.JavaAstScanner - Unable to parse source file : /home/travis/build/failed/SonarSource/sonar-java/java-frontend/src/test/resources/AstScannerParseError.txt
01:33:34.047 ERROR org.sonar.java.ast.JavaAstScanner - Parse error at line 1 column 1:

1: {
   ^
2: 

01:33:34.048 INFO  org.sonar.squidbridge.ProgressReport - 1/1 source files have been analyzed
01:33:34.088 INFO  org.sonar.squidbridge.ProgressReport - 1 source files to be analyzed
01:33:34.116 INFO  org.sonar.squidbridge.ProgressReport - 1 source files to be analyzed
01:33:34.117 ERROR org.sonar.java.ast.JavaAstScanner - Unable to parse source file : /home/travis/build/failed/SonarSource/sonar-java/java-frontend/src/test/resources/AstScannerParseError.txt
01:33:34.117 ERROR org.sonar.java.ast.JavaAstScanner - Parse error at line 1 column 1:

1: {
   ^
2: 

01:33:34.119 INFO  org.sonar.squidbridge.ProgressReport - 1/1 source files have been analyzed
01:33:34.250 INFO  org.sonar.squidbridge.ProgressReport - 1 source files to be analyzed
01:33:35.336 INFO  org.sonar.squidbridge.ProgressReport - 1/1 source files have been analyzed
01:33:35.511 INFO  org.sonar.squidbridge.ProgressReport - 1 source files to be analyzed
01:33:35.528 INFO  org.sonar.squidbridge.ProgressReport - 1/1 source files have been analyzed
01:33:35.660 INFO  org.sonar.squidbridge.ProgressReport - 1 source files to be analyzed
01:33:35.768 ERROR org.sonar.java.model.VisitorsBridge - Unable to run check class org.sonar.java.se.SymbolicExecutionVisitor -  on file src/test/resources/se/MethodBehavior.java, To help improve SonarJava, please report this problem to SonarSource : see https://www.sonarqube.org/community/
java.lang.NullPointerException: nobody expect the spanish inquisition !
	at org.sonar.java.ast.JavaAstScannerTest$2.init(JavaAstScannerTest.java:204) ~[test-classes/:na]
	at org.sonar.java.se.CheckerDispatcher.init(CheckerDispatcher.java:147) ~[classes/:na]
	at org.sonar.java.se.ExplodedGraphWalker.execute(ExplodedGraphWalker.java:218) ~[classes/:na]
	at org.sonar.java.se.ExplodedGraphWalker.visitMethod(ExplodedGraphWalker.java:210) ~[classes/:na]
	at org.sonar.java.se.SymbolicExecutionVisitor.execute(SymbolicExecutionVisitor.java:74) ~[classes/:na]
	at org.sonar.java.se.SymbolicExecutionVisitor.visitNode(SymbolicExecutionVisitor.java:64) ~[classes/:na]
	at org.sonar.java.ast.visitors.SubscriptionVisitor.visit(SubscriptionVisitor.java:95) ~[classes/:na]
	at org.sonar.java.ast.visitors.SubscriptionVisitor.visitChildren(SubscriptionVisitor.java:120) ~[classes/:na]
	at org.sonar.java.ast.visitors.SubscriptionVisitor.visit(SubscriptionVisitor.java:97) ~[classes/:na]
	at org.sonar.java.ast.visitors.SubscriptionVisitor.visitChildren(SubscriptionVisitor.java:120) ~[classes/:na]
	at org.sonar.java.ast.visitors.SubscriptionVisitor.visit(SubscriptionVisitor.java:97) ~[classes/:na]
	at org.sonar.java.ast.visitors.SubscriptionVisitor.scanTree(SubscriptionVisitor.java:78) ~[classes/:na]
	at org.sonar.java.ast.visitors.SubscriptionVisitor.scanFile(SubscriptionVisitor.java:64) ~[classes/:na]
	at org.sonar.java.se.SymbolicExecutionVisitor.scanFile(SymbolicExecutionVisitor.java:54) ~[classes/:na]
	at org.sonar.java.model.VisitorsBridge.runScanner(VisitorsBridge.java:135) [classes/:na]
	at org.sonar.java.model.VisitorsBridge.visitFile(VisitorsBridge.java:124) [classes/:na]
	at org.sonar.java.ast.JavaAstScanner.simpleScan(JavaAstScanner.java:96) [classes/:na]
	at org.sonar.java.ast.JavaAstScanner.scan(JavaAstScanner.java:68) [classes/:na]
	at org.sonar.java.ast.JavaAstScannerTest.should_swallow_log_and_report_checks_exceptions_for_symbolic_execution(JavaAstScannerTest.java:207) [test-classes/:na]
	at sun.reflect.NativeMethodAccessorImpl.invoke0(Native Method) ~[na:1.8.0_151]
	at sun.reflect.NativeMethodAccessorImpl.invoke(NativeMethodAccessorImpl.java:62) ~[na:1.8.0_151]
	at sun.reflect.DelegatingMethodAccessorImpl.invoke(DelegatingMethodAccessorImpl.java:43) ~[na:1.8.0_151]
	at java.lang.reflect.Method.invoke(Method.java:498) ~[na:1.8.0_151]
	at org.junit.runners.model.FrameworkMethod$1.runReflectiveCall(FrameworkMethod.java:50) [junit-4.12.jar:4.12]
	at org.junit.internal.runners.model.ReflectiveCallable.run(ReflectiveCallable.java:12) [junit-4.12.jar:4.12]
	at org.junit.runners.model.FrameworkMethod.invokeExplosively(FrameworkMethod.java:47) [junit-4.12.jar:4.12]
	at org.junit.internal.runners.statements.InvokeMethod.evaluate(InvokeMethod.java:17) [junit-4.12.jar:4.12]
	at org.junit.internal.runners.statements.RunBefores.evaluate(RunBefores.java:26) [junit-4.12.jar:4.12]
	at org.junit.rules.ExternalResource$1.evaluate(ExternalResource.java:48) [junit-4.12.jar:4.12]
	at org.junit.rules.ExpectedException$ExpectedExceptionStatement.evaluate(ExpectedException.java:239) [junit-4.12.jar:4.12]
	at org.junit.rules.RunRules.evaluate(RunRules.java:20) [junit-4.12.jar:4.12]
	at org.junit.runners.ParentRunner.runLeaf(ParentRunner.java:325) [junit-4.12.jar:4.12]
	at org.junit.runners.BlockJUnit4ClassRunner.runChild(BlockJUnit4ClassRunner.java:78) [junit-4.12.jar:4.12]
	at org.junit.runners.BlockJUnit4ClassRunner.runChild(BlockJUnit4ClassRunner.java:57) [junit-4.12.jar:4.12]
	at org.junit.runners.ParentRunner$3.run(ParentRunner.java:290) [junit-4.12.jar:4.12]
	at org.junit.runners.ParentRunner$1.schedule(ParentRunner.java:71) [junit-4.12.jar:4.12]
	at org.junit.runners.ParentRunner.runChildren(ParentRunner.java:288) [junit-4.12.jar:4.12]
	at org.junit.runners.ParentRunner.access$000(ParentRunner.java:58) [junit-4.12.jar:4.12]
	at org.junit.runners.ParentRunner$2.evaluate(ParentRunner.java:268) [junit-4.12.jar:4.12]
	at org.junit.runners.ParentRunner.run(ParentRunner.java:363) [junit-4.12.jar:4.12]
	at org.apache.maven.surefire.junit4.JUnit4Provider.execute(JUnit4Provider.java:369) [surefire-junit4-2.20.1.jar:2.20.1]
	at org.apache.maven.surefire.junit4.JUnit4Provider.executeWithRerun(JUnit4Provider.java:275) [surefire-junit4-2.20.1.jar:2.20.1]
	at org.apache.maven.surefire.junit4.JUnit4Provider.executeTestSet(JUnit4Provider.java:239) [surefire-junit4-2.20.1.jar:2.20.1]
	at org.apache.maven.surefire.junit4.JUnit4Provider.invoke(JUnit4Provider.java:160) [surefire-junit4-2.20.1.jar:2.20.1]
	at org.apache.maven.surefire.booter.ForkedBooter.invokeProviderInSameClassLoader(ForkedBooter.java:373) [surefire-booter-2.20.1.jar:2.20.1]
	at org.apache.maven.surefire.booter.ForkedBooter.runSuitesInProcess(ForkedBooter.java:334) [surefire-booter-2.20.1.jar:2.20.1]
	at org.apache.maven.surefire.booter.ForkedBooter.execute(ForkedBooter.java:119) [surefire-booter-2.20.1.jar:2.20.1]
	at org.apache.maven.surefire.booter.ForkedBooter.main(ForkedBooter.java:407) [surefire-booter-2.20.1.jar:2.20.1]
01:33:35.771 INFO  org.sonar.squidbridge.ProgressReport - 1/1 source files have been analyzed
01:33:35.781 INFO  org.sonar.squidbridge.ProgressReport - 1 source files to be analyzed
01:33:35.921 INFO  org.sonar.squidbridge.ProgressReport - 1/1 source files have been analyzed
01:33:35.942 INFO  org.sonar.squidbridge.ProgressReport - 1 source files to be analyzed
01:33:35.991 INFO  org.sonar.squidbridge.ProgressReport - 1 source files to be analyzed
01:33:35.998 INFO  org.sonar.squidbridge.ProgressReport - 1 source files to be analyzed
01:33:36.097 ERROR org.sonar.java.model.VisitorsBridge - Unable to run check class org.sonar.java.ast.JavaAstScannerTest$CheckThrowingException -  on file src/test/resources/AstScannerNoParseError.txt, To help improve SonarJava, please report this problem to SonarSource : see https://www.sonarqube.org/community/
java.lang.NullPointerException: foo
	at org.sonar.java.ast.JavaAstScannerTest.should_swallow_log_and_report_checks_exceptions(JavaAstScannerTest.java:176) ~[test-classes/:na]
	at sun.reflect.NativeMethodAccessorImpl.invoke0(Native Method) ~[na:1.8.0_151]
	at sun.reflect.NativeMethodAccessorImpl.invoke(NativeMethodAccessorImpl.java:62) ~[na:1.8.0_151]
	at sun.reflect.DelegatingMethodAccessorImpl.invoke(DelegatingMethodAccessorImpl.java:43) ~[na:1.8.0_151]
	at java.lang.reflect.Method.invoke(Method.java:498) ~[na:1.8.0_151]
	at org.junit.runners.model.FrameworkMethod$1.runReflectiveCall(FrameworkMethod.java:50) ~[junit-4.12.jar:4.12]
	at org.junit.internal.runners.model.ReflectiveCallable.run(ReflectiveCallable.java:12) ~[junit-4.12.jar:4.12]
	at org.junit.runners.model.FrameworkMethod.invokeExplosively(FrameworkMethod.java:47) ~[junit-4.12.jar:4.12]
	at org.junit.internal.runners.statements.InvokeMethod.evaluate(InvokeMethod.java:17) ~[junit-4.12.jar:4.12]
	at org.junit.internal.runners.statements.RunBefores.evaluate(RunBefores.java:26) ~[junit-4.12.jar:4.12]
	at org.junit.rules.ExternalResource$1.evaluate(ExternalResource.java:48) ~[junit-4.12.jar:4.12]
	at org.junit.rules.ExpectedException$ExpectedExceptionStatement.evaluate(ExpectedException.java:239) ~[junit-4.12.jar:4.12]
	at org.junit.rules.RunRules.evaluate(RunRules.java:20) ~[junit-4.12.jar:4.12]
	at org.junit.runners.ParentRunner.runLeaf(ParentRunner.java:325) ~[junit-4.12.jar:4.12]
	at org.junit.runners.BlockJUnit4ClassRunner.runChild(BlockJUnit4ClassRunner.java:78) ~[junit-4.12.jar:4.12]
	at org.junit.runners.BlockJUnit4ClassRunner.runChild(BlockJUnit4ClassRunner.java:57) ~[junit-4.12.jar:4.12]
	at org.junit.runners.ParentRunner$3.run(ParentRunner.java:290) ~[junit-4.12.jar:4.12]
	at org.junit.runners.ParentRunner$1.schedule(ParentRunner.java:71) ~[junit-4.12.jar:4.12]
	at org.junit.runners.ParentRunner.runChildren(ParentRunner.java:288) ~[junit-4.12.jar:4.12]
	at org.junit.runners.ParentRunner.access$000(ParentRunner.java:58) ~[junit-4.12.jar:4.12]
	at org.junit.runners.ParentRunner$2.evaluate(ParentRunner.java:268) ~[junit-4.12.jar:4.12]
	at org.junit.runners.ParentRunner.run(ParentRunner.java:363) ~[junit-4.12.jar:4.12]
	at org.apache.maven.surefire.junit4.JUnit4Provider.execute(JUnit4Provider.java:369) ~[surefire-junit4-2.20.1.jar:2.20.1]
	at org.apache.maven.surefire.junit4.JUnit4Provider.executeWithRerun(JUnit4Provider.java:275) ~[surefire-junit4-2.20.1.jar:2.20.1]
	at org.apache.maven.surefire.junit4.JUnit4Provider.executeTestSet(JUnit4Provider.java:239) ~[surefire-junit4-2.20.1.jar:2.20.1]
	at org.apache.maven.surefire.junit4.JUnit4Provider.invoke(JUnit4Provider.java:160) ~[surefire-junit4-2.20.1.jar:2.20.1]
	at org.apache.maven.surefire.booter.ForkedBooter.invokeProviderInSameClassLoader(ForkedBooter.java:373) ~[surefire-booter-2.20.1.jar:2.20.1]
	at org.apache.maven.surefire.booter.ForkedBooter.runSuitesInProcess(ForkedBooter.java:334) ~[surefire-booter-2.20.1.jar:2.20.1]
	at org.apache.maven.surefire.booter.ForkedBooter.execute(ForkedBooter.java:119) ~[surefire-booter-2.20.1.jar:2.20.1]
	at org.apache.maven.surefire.booter.ForkedBooter.main(ForkedBooter.java:407) ~[surefire-booter-2.20.1.jar:2.20.1]
01:33:36.102 INFO  org.sonar.squidbridge.ProgressReport - 1/1 source files have been analyzed
01:33:36.247 INFO  org.sonar.squidbridge.ProgressReport - 1 source files to be analyzed
01:33:36.248 ERROR org.sonar.java.ast.JavaAstScanner - Unable to parse source file : /home/travis/build/failed/SonarSource/sonar-java/java-frontend/src/test/resources/AstScannerParseError.txt
01:33:36.248 ERROR org.sonar.java.ast.JavaAstScanner - Parse error at line 1 column 1:

1: {
   ^
2: 

01:33:36.257 ERROR org.sonar.java.model.VisitorsBridge - Unable to run check class org.sonar.java.ast.JavaAstScannerTest$AnnotatedCheck - AnnotatedCheck on file src/test/resources/AstScannerParseError.txt, To help improve SonarJava, please report this problem to SonarSource : see https://www.sonarqube.org/community/
java.lang.NullPointerException: foo
	at org.sonar.java.ast.JavaAstScannerTest.should_swallow_log_and_report_checks_exceptions(JavaAstScannerTest.java:186) ~[test-classes/:na]
	at sun.reflect.NativeMethodAccessorImpl.invoke0(Native Method) ~[na:1.8.0_151]
	at sun.reflect.NativeMethodAccessorImpl.invoke(NativeMethodAccessorImpl.java:62) ~[na:1.8.0_151]
	at sun.reflect.DelegatingMethodAccessorImpl.invoke(DelegatingMethodAccessorImpl.java:43) ~[na:1.8.0_151]
	at java.lang.reflect.Method.invoke(Method.java:498) ~[na:1.8.0_151]
	at org.junit.runners.model.FrameworkMethod$1.runReflectiveCall(FrameworkMethod.java:50) ~[junit-4.12.jar:4.12]
	at org.junit.internal.runners.model.ReflectiveCallable.run(ReflectiveCallable.java:12) ~[junit-4.12.jar:4.12]
	at org.junit.runners.model.FrameworkMethod.invokeExplosively(FrameworkMethod.java:47) ~[junit-4.12.jar:4.12]
	at org.junit.internal.runners.statements.InvokeMethod.evaluate(InvokeMethod.java:17) ~[junit-4.12.jar:4.12]
	at org.junit.internal.runners.statements.RunBefores.evaluate(RunBefores.java:26) ~[junit-4.12.jar:4.12]
	at org.junit.rules.ExternalResource$1.evaluate(ExternalResource.java:48) ~[junit-4.12.jar:4.12]
	at org.junit.rules.ExpectedException$ExpectedExceptionStatement.evaluate(ExpectedException.java:239) ~[junit-4.12.jar:4.12]
	at org.junit.rules.RunRules.evaluate(RunRules.java:20) ~[junit-4.12.jar:4.12]
	at org.junit.runners.ParentRunner.runLeaf(ParentRunner.java:325) ~[junit-4.12.jar:4.12]
	at org.junit.runners.BlockJUnit4ClassRunner.runChild(BlockJUnit4ClassRunner.java:78) ~[junit-4.12.jar:4.12]
	at org.junit.runners.BlockJUnit4ClassRunner.runChild(BlockJUnit4ClassRunner.java:57) ~[junit-4.12.jar:4.12]
	at org.junit.runners.ParentRunner$3.run(ParentRunner.java:290) ~[junit-4.12.jar:4.12]
	at org.junit.runners.ParentRunner$1.schedule(ParentRunner.java:71) ~[junit-4.12.jar:4.12]
	at org.junit.runners.ParentRunner.runChildren(ParentRunner.java:288) ~[junit-4.12.jar:4.12]
	at org.junit.runners.ParentRunner.access$000(ParentRunner.java:58) ~[junit-4.12.jar:4.12]
	at org.junit.runners.ParentRunner$2.evaluate(ParentRunner.java:268) ~[junit-4.12.jar:4.12]
	at org.junit.runners.ParentRunner.run(ParentRunner.java:363) ~[junit-4.12.jar:4.12]
	at org.apache.maven.surefire.junit4.JUnit4Provider.execute(JUnit4Provider.java:369) ~[surefire-junit4-2.20.1.jar:2.20.1]
	at org.apache.maven.surefire.junit4.JUnit4Provider.executeWithRerun(JUnit4Provider.java:275) ~[surefire-junit4-2.20.1.jar:2.20.1]
	at org.apache.maven.surefire.junit4.JUnit4Provider.executeTestSet(JUnit4Provider.java:239) ~[surefire-junit4-2.20.1.jar:2.20.1]
	at org.apache.maven.surefire.junit4.JUnit4Provider.invoke(JUnit4Provider.java:160) ~[surefire-junit4-2.20.1.jar:2.20.1]
	at org.apache.maven.surefire.booter.ForkedBooter.invokeProviderInSameClassLoader(ForkedBooter.java:373) ~[surefire-booter-2.20.1.jar:2.20.1]
	at org.apache.maven.surefire.booter.ForkedBooter.runSuitesInProcess(ForkedBooter.java:334) ~[surefire-booter-2.20.1.jar:2.20.1]
	at org.apache.maven.surefire.booter.ForkedBooter.execute(ForkedBooter.java:119) ~[surefire-booter-2.20.1.jar:2.20.1]
	at org.apache.maven.surefire.booter.ForkedBooter.main(ForkedBooter.java:407) ~[surefire-booter-2.20.1.jar:2.20.1]
01:33:36.258 INFO  org.sonar.squidbridge.ProgressReport - 1/1 source files have been analyzed
01:33:36.311 INFO  org.sonar.squidbridge.ProgressReport - 1 source files to be analyzed
01:33:36.312 ERROR org.sonar.java.ast.JavaAstScanner - A stack overflow error occured while analyzing file: /home/travis/build/failed/SonarSource/sonar-java/java-frontend/src/test/resources/AstScannerNoParseError.txt
[INFO] Tests run: 11, Failures: 0, Errors: 0, Skipped: 0, Time elapsed: 3.229 s - in org.sonar.java.ast.JavaAstScannerTest
[INFO] Running org.sonar.java.cfg.CFGLoopTest
[INFO] Tests run: 14, Failures: 0, Errors: 0, Skipped: 0, Time elapsed: 0.12 s - in org.sonar.java.cfg.CFGLoopTest
[INFO] Running org.sonar.java.se.FlowTest
[INFO] Tests run: 2, Failures: 0, Errors: 0, Skipped: 0, Time elapsed: 0.014 s - in org.sonar.java.se.FlowTest
[INFO] Running org.sonar.java.bytecode.cfg.BytecodeCFGConstructionTest
[INFO] Tests run: 156, Failures: 0, Errors: 0, Skipped: 0, Time elapsed: 0.297 s - in org.sonar.java.bytecode.cfg.BytecodeCFGConstructionTest
[INFO] Running org.sonar.java.ast.api.JavaPunctuatorTest
[INFO] Tests run: 1, Failures: 0, Errors: 0, Skipped: 0, Time elapsed: 0.001 s - in org.sonar.java.ast.api.JavaPunctuatorTest
[INFO] Running org.sonar.java.se.checks.ConditionAlwaysTrueOrFalseCheckTest
01:33:36.980 INFO  org.sonar.squidbridge.ProgressReport - 1 source files to be analyzed
01:33:37.431 INFO  org.sonar.squidbridge.ProgressReport - 1/1 source files have been analyzed
01:33:37.443 INFO  org.sonar.squidbridge.ProgressReport - 1 source files to be analyzed
01:33:37.598 INFO  org.sonar.squidbridge.ProgressReport - 1/1 source files have been analyzed
01:33:37.610 INFO  org.sonar.squidbridge.ProgressReport - 1 source files to be analyzed
01:33:37.694 INFO  org.sonar.squidbridge.ProgressReport - 1/1 source files have been analyzed
01:33:37.701 INFO  org.sonar.squidbridge.ProgressReport - 1 source files to be analyzed
01:33:37.770 INFO  org.sonar.squidbridge.ProgressReport - 1/1 source files have been analyzed
01:33:37.779 INFO  org.sonar.squidbridge.ProgressReport - 1 source files to be analyzed
01:33:38.225 INFO  org.sonar.squidbridge.ProgressReport - 1/1 source files have been analyzed
01:33:38.328 INFO  org.sonar.squidbridge.ProgressReport - 1 source files to be analyzed
01:33:38.484 INFO  org.sonar.squidbridge.ProgressReport - 1/1 source files have been analyzed
01:33:38.490 INFO  org.sonar.squidbridge.ProgressReport - 1 source files to be analyzed
01:33:40.908 INFO  org.sonar.squidbridge.ProgressReport - 1/1 source files have been analyzed
01:33:40.927 INFO  org.sonar.squidbridge.ProgressReport - 1 source files to be analyzed
01:33:41.078 INFO  org.sonar.squidbridge.ProgressReport - 1/1 source files have been analyzed
01:33:41.091 INFO  org.sonar.squidbridge.ProgressReport - 1 source files to be analyzed
01:33:41.175 INFO  org.sonar.squidbridge.ProgressReport - 1/1 source files have been analyzed
01:33:41.183 INFO  org.sonar.squidbridge.ProgressReport - 1 source files to be analyzed
[INFO] Tests run: 10, Failures: 0, Errors: 0, Skipped: 0, Time elapsed: 4.514 s - in org.sonar.java.se.checks.ConditionAlwaysTrueOrFalseCheckTest
01:33:41.292 INFO  org.sonar.squidbridge.ProgressReport - 1/1 source files have been analyzed
[INFO] Running org.sonar.java.se.checks.StreamConsumedCheckTest
01:33:41.299 INFO  org.sonar.squidbridge.ProgressReport - 1 source files to be analyzed
01:33:41.516 INFO  org.sonar.squidbridge.ProgressReport - 1/1 source files have been analyzed
[INFO] Tests run: 1, Failures: 0, Errors: 0, Skipped: 0, Time elapsed: 0.223 s - in org.sonar.java.se.checks.StreamConsumedCheckTest
[INFO] Running org.sonar.java.se.checks.UnclosedResourcesCheckTest
01:33:41.524 INFO  org.sonar.squidbridge.ProgressReport - 1 source files to be analyzed
01:33:41.617 INFO  org.sonar.squidbridge.ProgressReport - 1/1 source files have been analyzed
01:33:41.622 INFO  org.sonar.squidbridge.ProgressReport - 1 source files to be analyzed
01:33:41.992 INFO  org.sonar.squidbridge.ProgressReport - 1/1 source files have been analyzed
01:33:41.999 INFO  org.sonar.squidbridge.ProgressReport - 1 source files to be analyzed
01:33:42.433 INFO  org.sonar.squidbridge.ProgressReport - 1 source files to be analyzed
01:33:42.439 INFO  org.sonar.squidbridge.ProgressReport - 1/1 source files have been analyzed
01:33:42.571 INFO  org.sonar.squidbridge.ProgressReport - 1/1 source files have been analyzed
01:33:42.576 INFO  org.sonar.squidbridge.ProgressReport - 1 source files to be analyzed
01:33:42.681 INFO  org.sonar.squidbridge.ProgressReport - 1/1 source files have been analyzed
01:33:42.687 INFO  org.sonar.squidbridge.ProgressReport - 1 source files to be analyzed
01:33:42.930 INFO  org.sonar.squidbridge.ProgressReport - 1/1 source files have been analyzed
01:33:42.937 INFO  org.sonar.squidbridge.ProgressReport - 1 source files to be analyzed
01:33:43.149 INFO  org.sonar.squidbridge.ProgressReport - 1/1 source files have been analyzed
01:33:43.157 INFO  org.sonar.squidbridge.ProgressReport - 1 source files to be analyzed
01:33:43.295 INFO  org.sonar.squidbridge.ProgressReport - 1/1 source files have been analyzed
[INFO] Tests run: 9, Failures: 0, Errors: 0, Skipped: 0, Time elapsed: 1.775 s - in org.sonar.java.se.checks.UnclosedResourcesCheckTest
[INFO] Running org.sonar.java.model.JavaTreeModelTest
[INFO] Tests run: 77, Failures: 0, Errors: 0, Skipped: 0, Time elapsed: 0.472 s - in org.sonar.java.model.JavaTreeModelTest
[INFO] Running org.sonar.java.se.xproc.ExceptionalCheckBasedYieldTest
[INFO] Tests run: 5, Failures: 0, Errors: 0, Skipped: 0, Time elapsed: 0.147 s - in org.sonar.java.se.xproc.ExceptionalCheckBasedYieldTest
[INFO] Running org.sonar.java.se.symbolicvalues.SymbolicValueTest
[INFO] Tests run: 6, Failures: 0, Errors: 0, Skipped: 0, Time elapsed: 0.256 s - in org.sonar.java.se.symbolicvalues.SymbolicValueTest
[INFO] Running org.sonar.java.bytecode.cfg.InstructionsTest
[INFO] Tests run: 1, Failures: 0, Errors: 0, Skipped: 0, Time elapsed: 0 s - in org.sonar.java.bytecode.cfg.InstructionsTest
[INFO] Running org.sonar.java.model.statement.ContinueStatementTreeImplTest
[INFO] Tests run: 2, Failures: 0, Errors: 0, Skipped: 0, Time elapsed: 0 s - in org.sonar.java.model.statement.ContinueStatementTreeImplTest
[INFO] Running org.sonar.java.model.declaration.ModuleDeclarationTreeImplTest
[INFO] Tests run: 3, Failures: 0, Errors: 0, Skipped: 0, Time elapsed: 0.456 s - in org.sonar.java.model.declaration.ModuleDeclarationTreeImplTest
[INFO] Running org.sonar.java.ast.parser.grammar.types.TypeParametersTest
[INFO] Tests run: 1, Failures: 0, Errors: 0, Skipped: 0, Time elapsed: 0.002 s - in org.sonar.java.ast.parser.grammar.types.TypeParametersTest
[INFO] Running org.sonar.java.model.declaration.ClassTreeImplTest
[INFO] Tests run: 2, Failures: 0, Errors: 0, Skipped: 0, Time elapsed: 0.015 s - in org.sonar.java.model.declaration.ClassTreeImplTest
[INFO] Running org.sonar.java.se.checks.LocksNotUnlockedCheckTest
01:33:44.767 INFO  org.sonar.squidbridge.ProgressReport - 1 source files to be analyzed
01:33:44.886 INFO  org.sonar.squidbridge.ProgressReport - 1/1 source files have been analyzed
01:33:44.890 INFO  org.sonar.squidbridge.ProgressReport - 1 source files to be analyzed
01:33:45.281 INFO  org.sonar.squidbridge.ProgressReport - 1/1 source files have been analyzed
[INFO] Tests run: 3, Failures: 0, Errors: 0, Skipped: 0, Time elapsed: 0.528 s - in org.sonar.java.se.checks.LocksNotUnlockedCheckTest
[INFO] Running org.sonar.java.model.DefaultJavaFileScannerContextTest
[INFO] Tests run: 20, Failures: 0, Errors: 0, Skipped: 0, Time elapsed: 0.227 s - in org.sonar.java.model.DefaultJavaFileScannerContextTest
[INFO] Running org.sonar.java.ast.visitors.AccessorsUtilsTest
[INFO] Tests run: 15, Failures: 0, Errors: 0, Skipped: 0, Time elapsed: 0.14 s - in org.sonar.java.ast.visitors.AccessorsUtilsTest
[INFO] Running org.sonar.plugins.java.api.IssuableSubscriptionVisitorTest
01:33:45.709 INFO  org.sonar.squidbridge.ProgressReport - 1 source files to be analyzed
[INFO] Tests run: 1, Failures: 0, Errors: 0, Skipped: 0, Time elapsed: 0.18 s - in org.sonar.plugins.java.api.IssuableSubscriptionVisitorTest
01:33:45.845 INFO  org.sonar.squidbridge.ProgressReport - 1/1 source files have been analyzed
[INFO] Running org.sonar.java.model.declaration.MethodTreeImplTest
[INFO] Tests run: 15, Failures: 0, Errors: 0, Skipped: 0, Time elapsed: 0.334 s - in org.sonar.java.model.declaration.MethodTreeImplTest
[INFO] Running org.sonar.java.model.declaration.OpensDirectiveTreeImplTest
[INFO] Tests run: 3, Failures: 0, Errors: 0, Skipped: 0, Time elapsed: 0.433 s - in org.sonar.java.model.declaration.OpensDirectiveTreeImplTest
[INFO] Running org.sonar.java.bytecode.cfg.InstructionTest
[INFO] Tests run: 5, Failures: 0, Errors: 0, Skipped: 0, Time elapsed: 0 s - in org.sonar.java.bytecode.cfg.InstructionTest
[INFO] Running org.sonar.java.resolve.TypeSubstitutionSolverTest
[INFO] Tests run: 19, Failures: 0, Errors: 0, Skipped: 0, Time elapsed: 0.741 s - in org.sonar.java.resolve.TypeSubstitutionSolverTest
[INFO] Running org.sonar.java.resolve.TypeSubstitutionTest
[INFO] Tests run: 10, Failures: 0, Errors: 0, Skipped: 0, Time elapsed: 0 s - in org.sonar.java.resolve.TypeSubstitutionTest
[INFO] Running org.sonar.java.se.NullableAnnotationUtilsTest
[INFO] Tests run: 4, Failures: 0, Errors: 0, Skipped: 0, Time elapsed: 0.891 s - in org.sonar.java.se.NullableAnnotationUtilsTest
[INFO] Running org.sonar.java.ast.parser.grammar.statements.EmptyStatementTest
[INFO] Tests run: 1, Failures: 0, Errors: 0, Skipped: 0, Time elapsed: 0.005 s - in org.sonar.java.ast.parser.grammar.statements.EmptyStatementTest
[INFO] Running org.sonar.java.resolve.TypesTest
[INFO] Tests run: 2, Failures: 0, Errors: 0, Skipped: 0, Time elapsed: 0 s - in org.sonar.java.resolve.TypesTest
[INFO] Running org.sonar.java.resolve.SymbolsTest
[INFO] Tests run: 4, Failures: 0, Errors: 0, Skipped: 0, Time elapsed: 0.01 s - in org.sonar.java.resolve.SymbolsTest
[INFO] Running org.sonar.java.ast.parser.grammar.statements.LocalVariableDeclarationStatementTest
[INFO] Tests run: 1, Failures: 0, Errors: 0, Skipped: 0, Time elapsed: 0.001 s - in org.sonar.java.ast.parser.grammar.statements.LocalVariableDeclarationStatementTest
[INFO] Running org.sonar.java.ast.parser.grammar.parameters.FormalParameterDeclsRestTest
[INFO] Tests run: 2, Failures: 0, Errors: 0, Skipped: 0, Time elapsed: 0.003 s - in org.sonar.java.ast.parser.grammar.parameters.FormalParameterDeclsRestTest
[INFO] Running org.sonar.java.matcher.MethodMatcherCollectionTest
[INFO] Tests run: 9, Failures: 0, Errors: 0, Skipped: 0, Time elapsed: 0.086 s - in org.sonar.java.matcher.MethodMatcherCollectionTest
[INFO] Running org.sonar.java.SonarComponentsTest
[INFO] Tests run: 14, Failures: 0, Errors: 0, Skipped: 0, Time elapsed: 1.79 s - in org.sonar.java.SonarComponentsTest
[INFO] Running org.sonar.java.model.VisitorsBridgeTest
01:33:50.174 WARN  org.sonar.java.model.VisitorsBridge - Classes not found during the analysis : [NotFound00, NotFound01, NotFound02, NotFound03, NotFound04, NotFound05, NotFound06, NotFound07, NotFound08, NotFound09, NotFound10, NotFound11, NotFound12, NotFound13, NotFound14, NotFound15, NotFound16, NotFound17, NotFound18, NotFound19, NotFound20, NotFound21, NotFound22, NotFound23, NotFound24, NotFound25, NotFound26, NotFound27, NotFound28, NotFound29, NotFound30, NotFound31, NotFound32, NotFound33, NotFound34, NotFound35, NotFound36, NotFound37, NotFound38, NotFound39, NotFound40, NotFound41, NotFound42, NotFound43, NotFound44, NotFound45, NotFound46, NotFound47, NotFound48, NotFound49, ...]
01:33:50.178 ERROR org.sonar.java.model.VisitorsBridge - Unable to run check class org.sonar.java.model.VisitorsBridgeTest$$Lambda$468/187064096 -  on file , To help improve SonarJava, please report this problem to SonarSource : see https://www.sonarqube.org/community/
java.lang.NullPointerException: BimBadaboum
	at org.sonar.java.model.VisitorsBridgeTest.rethrow_exception_when_hidden_property_set_to_true(VisitorsBridgeTest.java:125) ~[test-classes/:na]
	at sun.reflect.NativeMethodAccessorImpl.invoke0(Native Method) ~[na:1.8.0_151]
	at sun.reflect.NativeMethodAccessorImpl.invoke(NativeMethodAccessorImpl.java:62) ~[na:1.8.0_151]
	at sun.reflect.DelegatingMethodAccessorImpl.invoke(DelegatingMethodAccessorImpl.java:43) ~[na:1.8.0_151]
	at java.lang.reflect.Method.invoke(Method.java:498) ~[na:1.8.0_151]
	at org.junit.runners.model.FrameworkMethod$1.runReflectiveCall(FrameworkMethod.java:50) ~[junit-4.12.jar:4.12]
	at org.junit.internal.runners.model.ReflectiveCallable.run(ReflectiveCallable.java:12) ~[junit-4.12.jar:4.12]
	at org.junit.runners.model.FrameworkMethod.invokeExplosively(FrameworkMethod.java:47) ~[junit-4.12.jar:4.12]
	at org.junit.internal.runners.statements.InvokeMethod.evaluate(InvokeMethod.java:17) ~[junit-4.12.jar:4.12]
	at org.junit.rules.ExternalResource$1.evaluate(ExternalResource.java:48) ~[junit-4.12.jar:4.12]
	at org.junit.rules.RunRules.evaluate(RunRules.java:20) ~[junit-4.12.jar:4.12]
	at org.junit.runners.ParentRunner.runLeaf(ParentRunner.java:325) ~[junit-4.12.jar:4.12]
	at org.junit.runners.BlockJUnit4ClassRunner.runChild(BlockJUnit4ClassRunner.java:78) ~[junit-4.12.jar:4.12]
	at org.junit.runners.BlockJUnit4ClassRunner.runChild(BlockJUnit4ClassRunner.java:57) ~[junit-4.12.jar:4.12]
	at org.junit.runners.ParentRunner$3.run(ParentRunner.java:290) ~[junit-4.12.jar:4.12]
	at org.junit.runners.ParentRunner$1.schedule(ParentRunner.java:71) ~[junit-4.12.jar:4.12]
	at org.junit.runners.ParentRunner.runChildren(ParentRunner.java:288) ~[junit-4.12.jar:4.12]
	at org.junit.runners.ParentRunner.access$000(ParentRunner.java:58) ~[junit-4.12.jar:4.12]
	at org.junit.runners.ParentRunner$2.evaluate(ParentRunner.java:268) ~[junit-4.12.jar:4.12]
	at org.junit.runners.ParentRunner.run(ParentRunner.java:363) ~[junit-4.12.jar:4.12]
	at org.apache.maven.surefire.junit4.JUnit4Provider.execute(JUnit4Provider.java:369) ~[surefire-junit4-2.20.1.jar:2.20.1]
	at org.apache.maven.surefire.junit4.JUnit4Provider.executeWithRerun(JUnit4Provider.java:275) ~[surefire-junit4-2.20.1.jar:2.20.1]
	at org.apache.maven.surefire.junit4.JUnit4Provider.executeTestSet(JUnit4Provider.java:239) ~[surefire-junit4-2.20.1.jar:2.20.1]
	at org.apache.maven.surefire.junit4.JUnit4Provider.invoke(JUnit4Provider.java:160) ~[surefire-junit4-2.20.1.jar:2.20.1]
	at org.apache.maven.surefire.booter.ForkedBooter.invokeProviderInSameClassLoader(ForkedBooter.java:373) ~[surefire-booter-2.20.1.jar:2.20.1]
	at org.apache.maven.surefire.booter.ForkedBooter.runSuitesInProcess(ForkedBooter.java:334) ~[surefire-booter-2.20.1.jar:2.20.1]
	at org.apache.maven.surefire.booter.ForkedBooter.execute(ForkedBooter.java:119) ~[surefire-booter-2.20.1.jar:2.20.1]
	at org.apache.maven.surefire.booter.ForkedBooter.main(ForkedBooter.java:407) ~[surefire-booter-2.20.1.jar:2.20.1]
[INFO] Tests run: 3, Failures: 0, Errors: 0, Skipped: 0, Time elapsed: 0.095 s - in org.sonar.java.model.VisitorsBridgeTest
[INFO] Running org.sonar.java.ast.parser.grammar.units.TypeDeclarationTest
[INFO] Tests run: 2, Failures: 0, Errors: 0, Skipped: 0, Time elapsed: 0.006 s - in org.sonar.java.ast.parser.grammar.units.TypeDeclarationTest
[INFO] Running org.sonar.java.xml.XmlCheckContextImplTest
[INFO] Tests run: 17, Failures: 0, Errors: 0, Skipped: 0, Time elapsed: 1.529 s - in org.sonar.java.xml.XmlCheckContextImplTest
[INFO] Running org.sonar.java.ast.visitors.PublicApiCheckerTest
[INFO] Tests run: 2, Failures: 0, Errors: 0, Skipped: 0, Time elapsed: 0.244 s - in org.sonar.java.ast.visitors.PublicApiCheckerTest
[INFO] Running org.sonar.java.resolve.TypeAndReferenceSolverTest
[INFO] Tests run: 37, Failures: 0, Errors: 0, Skipped: 0, Time elapsed: 2.462 s - in org.sonar.java.resolve.TypeAndReferenceSolverTest
[INFO] Running org.sonar.java.model.declaration.RequiresDirectiveTreeImplTest
[INFO] Tests run: 4, Failures: 0, Errors: 0, Skipped: 0, Time elapsed: 0.349 s - in org.sonar.java.model.declaration.RequiresDirectiveTreeImplTest
[INFO] Running org.sonar.java.collections.SinglyLinkedListTest
[INFO] Tests run: 8, Failures: 0, Errors: 0, Skipped: 0, Time elapsed: 0.343 s - in org.sonar.java.collections.SinglyLinkedListTest
[INFO] Running org.sonar.java.bytecode.cfg.BytecodeCFGBuilderTest
[INFO] Tests run: 12, Failures: 0, Errors: 0, Skipped: 0, Time elapsed: 1.356 s - in org.sonar.java.bytecode.cfg.BytecodeCFGBuilderTest
[INFO] Running org.sonar.java.ast.parser.grammar.units.ModuleDeclarationTest
[INFO] Tests run: 1, Failures: 0, Errors: 0, Skipped: 0, Time elapsed: 0.001 s - in org.sonar.java.ast.parser.grammar.units.ModuleDeclarationTest
[INFO] Running org.sonar.java.xml.maven.PomCheckContextImplTest
[INFO] Tests run: 6, Failures: 0, Errors: 0, Skipped: 0, Time elapsed: 0.756 s - in org.sonar.java.xml.maven.PomCheckContextImplTest
[INFO] Running org.sonar.java.ast.parser.grammar.statements.SwitchBlockStatementGroupTest
[INFO] Tests run: 1, Failures: 0, Errors: 0, Skipped: 0, Time elapsed: 0.002 s - in org.sonar.java.ast.parser.grammar.statements.SwitchBlockStatementGroupTest
[INFO] Running org.sonar.java.se.checks.NonNullSetToNullCheckTest
01:33:57.336 INFO  org.sonar.squidbridge.ProgressReport - 1 source files to be analyzed
[INFO] Tests run: 1, Failures: 0, Errors: 0, Skipped: 0, Time elapsed: 0.687 s - in org.sonar.java.se.checks.NonNullSetToNullCheckTest
01:33:58.019 INFO  org.sonar.squidbridge.ProgressReport - 1/1 source files have been analyzed
[INFO] Running org.sonar.java.resolve.GenericsTest
[INFO] Tests run: 27, Failures: 0, Errors: 0, Skipped: 0, Time elapsed: 3.584 s - in org.sonar.java.resolve.GenericsTest
[INFO] Running org.sonar.java.matcher.MethodMatcherFactoryTest
01:34:01.851 INFO  org.sonar.squidbridge.ProgressReport - 1 source files to be analyzed
01:34:02.148 INFO  org.sonar.squidbridge.ProgressReport - 1/1 source files have been analyzed
01:34:02.155 INFO  org.sonar.squidbridge.ProgressReport - 1 source files to be analyzed
01:34:02.164 INFO  org.sonar.squidbridge.ProgressReport - 1/1 source files have been analyzed
01:34:02.167 INFO  org.sonar.squidbridge.ProgressReport - 1 source files to be analyzed
[INFO] Tests run: 4, Failures: 0, Errors: 0, Skipped: 0, Time elapsed: 0.569 s - in org.sonar.java.matcher.MethodMatcherFactoryTest
[INFO] Running org.sonar.java.bytecode.se.BytecodeEGWalkerExecuteTest
01:34:02.177 INFO  org.sonar.squidbridge.ProgressReport - 1/1 source files have been analyzed
[INFO] Tests run: 73, Failures: 0, Errors: 0, Skipped: 0, Time elapsed: 2.865 s - in org.sonar.java.bytecode.se.BytecodeEGWalkerExecuteTest
[INFO] Running org.sonar.java.ast.parser.grammar.statements.ResourceTest
[INFO] Tests run: 2, Failures: 0, Errors: 0, Skipped: 0, Time elapsed: 0.007 s - in org.sonar.java.ast.parser.grammar.statements.ResourceTest
[INFO] Running org.sonar.java.ast.parser.ListTreeImplTest
[INFO] Tests run: 2, Failures: 0, Errors: 0, Skipped: 0, Time elapsed: 0 s - in org.sonar.java.ast.parser.ListTreeImplTest
[INFO] Running org.sonar.java.ast.parser.grammar.units.PackageDeclarationTest
[INFO] Tests run: 1, Failures: 0, Errors: 0, Skipped: 0, Time elapsed: 0 s - in org.sonar.java.ast.parser.grammar.units.PackageDeclarationTest
[INFO] Running org.sonar.java.ast.parser.grammar.classes.MemberDeclTest
[INFO] Tests run: 1, Failures: 0, Errors: 0, Skipped: 0, Time elapsed: 0.003 s - in org.sonar.java.ast.parser.grammar.classes.MemberDeclTest
[INFO] Running org.sonar.java.model.TestDefaultJavaFileScannerContextWithSensorContextTester
[INFO] Tests run: 3, Failures: 0, Errors: 0, Skipped: 0, Time elapsed: 0.113 s - in org.sonar.java.model.TestDefaultJavaFileScannerContextWithSensorContextTester
[INFO] Running org.sonar.java.ast.parser.grammar.statements.DoStatementTest
[INFO] Tests run: 1, Failures: 0, Errors: 0, Skipped: 0, Time elapsed: 0.001 s - in org.sonar.java.ast.parser.grammar.statements.DoStatementTest
[INFO] Running org.sonar.java.model.ModifiersUtilsTest
[INFO] Tests run: 3, Failures: 0, Errors: 0, Skipped: 0, Time elapsed: 0.221 s - in org.sonar.java.model.ModifiersUtilsTest
[INFO] Running org.sonar.java.model.SyntacticEquivalenceTest
[INFO] Tests run: 5, Failures: 0, Errors: 0, Skipped: 0, Time elapsed: 0.166 s - in org.sonar.java.model.SyntacticEquivalenceTest
[INFO] Running org.sonar.java.se.LearnedConstraintTest
[INFO] Tests run: 1, Failures: 0, Errors: 0, Skipped: 0, Time elapsed: 0 s - in org.sonar.java.se.LearnedConstraintTest
[INFO] Running org.sonar.java.ast.parser.grammar.units.ImportDeclarationTest
[INFO] Tests run: 1, Failures: 0, Errors: 0, Skipped: 0, Time elapsed: 0 s - in org.sonar.java.ast.parser.grammar.units.ImportDeclarationTest
[INFO] Running org.sonar.java.bytecode.loader.FileSystemLoaderTest
[INFO] Tests run: 4, Failures: 0, Errors: 0, Skipped: 0, Time elapsed: 0.094 s - in org.sonar.java.bytecode.loader.FileSystemLoaderTest
[INFO] Running org.sonar.java.model.PackageUtilsTest
[INFO] Tests run: 4, Failures: 0, Errors: 0, Skipped: 0, Time elapsed: 0.004 s - in org.sonar.java.model.PackageUtilsTest
[INFO] Running org.sonar.java.model.LiteralUtilsTest
[INFO] Tests run: 15, Failures: 0, Errors: 0, Skipped: 0, Time elapsed: 0.147 s - in org.sonar.java.model.LiteralUtilsTest
[INFO] Running org.sonar.java.ast.parser.grammar.statements.ExpressionStatementTest
[INFO] Tests run: 1, Failures: 0, Errors: 0, Skipped: 0, Time elapsed: 0 s - in org.sonar.java.ast.parser.grammar.statements.ExpressionStatementTest
[INFO] Running org.sonar.java.ast.parser.grammar.enums.EnumConstantTest
[INFO] Tests run: 2, Failures: 0, Errors: 0, Skipped: 0, Time elapsed: 0.004 s - in org.sonar.java.ast.parser.grammar.enums.EnumConstantTest
[INFO] Running org.sonar.java.ast.parser.grammar.moduledirectives.UsesDirectiveTest
[INFO] Tests run: 1, Failures: 0, Errors: 0, Skipped: 0, Time elapsed: 0.211 s - in org.sonar.java.ast.parser.grammar.moduledirectives.UsesDirectiveTest
[INFO] Running org.sonar.java.ast.parser.grammar.literals.IdentifierTest
[INFO] Tests run: 1, Failures: 0, Errors: 0, Skipped: 0, Time elapsed: 0.001 s - in org.sonar.java.ast.parser.grammar.literals.IdentifierTest
[INFO] Running org.sonar.java.resolve.LeastUpperBoundTest
[INFO] Tests run: 19, Failures: 0, Errors: 0, Skipped: 0, Time elapsed: 0.138 s - in org.sonar.java.resolve.LeastUpperBoundTest
[INFO] Running org.sonar.plugins.java.api.CheckRegistrarTest
[INFO] Tests run: 1, Failures: 0, Errors: 0, Skipped: 0, Time elapsed: 0 s - in org.sonar.plugins.java.api.CheckRegistrarTest
[INFO] Running org.sonar.java.resolve.ConstantTest
01:34:06.322 INFO  org.sonar.squidbridge.ProgressReport - 1 source files to be analyzed
01:34:06.455 INFO  org.sonar.squidbridge.ProgressReport - 1/1 source files have been analyzed
[INFO] Tests run: 1, Failures: 0, Errors: 0, Skipped: 0, Time elapsed: 0.26 s - in org.sonar.java.resolve.ConstantTest
[INFO] Running org.sonar.java.collections.AVLTreeTest
[INFO] Tests run: 9, Failures: 0, Errors: 0, Skipped: 0, Time elapsed: 0.274 s - in org.sonar.java.collections.AVLTreeTest
[INFO] Running org.sonar.java.bytecode.cfg.BytecodeListingParserTest
[INFO] Tests run: 2, Failures: 0, Errors: 0, Skipped: 0, Time elapsed: 0.173 s - in org.sonar.java.bytecode.cfg.BytecodeListingParserTest
[INFO] Running org.sonar.java.cfg.LiveVariablesTest
[INFO] Tests run: 10, Failures: 0, Errors: 0, Skipped: 0, Time elapsed: 0.102 s - in org.sonar.java.cfg.LiveVariablesTest
[INFO] Running org.sonar.java.ast.parser.grammar.types.TypeParameterTest
[INFO] Tests run: 1, Failures: 0, Errors: 0, Skipped: 0, Time elapsed: 0 s - in org.sonar.java.ast.parser.grammar.types.TypeParameterTest
[INFO] Running org.sonar.java.ast.parser.grammar.enums.EnumDeclarationTest
[INFO] Tests run: 2, Failures: 0, Errors: 0, Skipped: 0, Time elapsed: 0.003 s - in org.sonar.java.ast.parser.grammar.enums.EnumDeclarationTest
[INFO] Running org.sonar.java.ast.parser.grammar.literals.LiteralTest
[INFO] Tests run: 1, Failures: 0, Errors: 0, Skipped: 0, Time elapsed: 0 s - in org.sonar.java.ast.parser.grammar.literals.LiteralTest
[INFO] Running org.sonar.java.se.ExplodedGraphTest
[INFO] Tests run: 1, Failures: 0, Errors: 0, Skipped: 0, Time elapsed: 0.01 s - in org.sonar.java.se.ExplodedGraphTest
[INFO] Running org.sonar.java.ast.api.JavaTokenTypeTest
[INFO] Tests run: 1, Failures: 0, Errors: 0, Skipped: 0, Time elapsed: 0 s - in org.sonar.java.ast.api.JavaTokenTypeTest
[INFO] Running org.sonar.java.ast.parser.grammar.statements.TryStatementTest
[INFO] Tests run: 4, Failures: 0, Errors: 0, Skipped: 0, Time elapsed: 0.01 s - in org.sonar.java.ast.parser.grammar.statements.TryStatementTest
[INFO] Running org.sonar.java.resolve.MethodJavaSymbolTest
01:34:07.219 INFO  org.sonar.squidbridge.ProgressReport - 1 source files to be analyzed
01:34:07.321 INFO  org.sonar.squidbridge.ProgressReport - 1/1 source files have been analyzed
01:34:07.494 INFO  org.sonar.squidbridge.ProgressReport - 1 source files to be analyzed
01:34:07.598 INFO  org.sonar.squidbridge.ProgressReport - 1/1 source files have been analyzed
01:34:07.601 INFO  org.sonar.squidbridge.ProgressReport - 1 source files to be analyzed
01:34:07.980 INFO  org.sonar.squidbridge.ProgressReport - 1/1 source files have been analyzed
01:34:07.983 INFO  org.sonar.squidbridge.ProgressReport - 1 source files to be analyzed
01:34:07.990 INFO  org.sonar.squidbridge.ProgressReport - 1/1 source files have been analyzed
01:34:08.128 INFO  org.sonar.squidbridge.ProgressReport - 1 source files to be analyzed
[INFO] Tests run: 5, Failures: 0, Errors: 0, Skipped: 0, Time elapsed: 1.077 s - in org.sonar.java.resolve.MethodJavaSymbolTest
[INFO] Running org.sonar.java.ast.parser.grammar.statements.ReturnStatementTest
01:34:08.134 INFO  org.sonar.squidbridge.ProgressReport - 1/1 source files have been analyzed
[INFO] Tests run: 1, Failures: 0, Errors: 0, Skipped: 0, Time elapsed: 0.002 s - in org.sonar.java.ast.parser.grammar.statements.ReturnStatementTest
[INFO] Running org.sonar.java.ast.parser.grammar.statements.BreakStatementTest
[INFO] Tests run: 1, Failures: 0, Errors: 0, Skipped: 0, Time elapsed: 0.001 s - in org.sonar.java.ast.parser.grammar.statements.BreakStatementTest
[INFO] Running org.sonar.java.collections.PCollectionsTest
[INFO] Tests run: 2, Failures: 0, Errors: 0, Skipped: 0, Time elapsed: 0 s - in org.sonar.java.collections.PCollectionsTest
[INFO] Running org.sonar.java.ast.visitors.ComplexityVisitorTest
[INFO] Tests run: 3, Failures: 0, Errors: 0, Skipped: 0, Time elapsed: 0.007 s - in org.sonar.java.ast.visitors.ComplexityVisitorTest
[INFO] Running org.sonar.java.se.checks.ParameterNullnessCheckTest
01:34:08.263 INFO  org.sonar.squidbridge.ProgressReport - 1 source files to be analyzed
01:34:08.323 INFO  org.sonar.squidbridge.ProgressReport - 1/1 source files have been analyzed
[INFO] Tests run: 1, Failures: 0, Errors: 0, Skipped: 0, Time elapsed: 0.172 s - in org.sonar.java.se.checks.ParameterNullnessCheckTest
[INFO] Running org.sonar.java.se.ProgramPointTest
[INFO] Tests run: 2, Failures: 0, Errors: 0, Skipped: 0, Time elapsed: 0.004 s - in org.sonar.java.se.ProgramPointTest
[INFO] Running org.sonar.java.model.TreeTokenCompletenessTest
01:34:08.426 INFO  org.sonar.squidbridge.ProgressReport - 1 source files to be analyzed
01:34:08.455 INFO  org.sonar.squidbridge.ProgressReport - 1/1 source files have been analyzed
[INFO] Tests run: 1, Failures: 0, Errors: 0, Skipped: 0, Time elapsed: 0.124 s - in org.sonar.java.model.TreeTokenCompletenessTest
[INFO] Running org.sonar.java.resolve.TypeInferenceSolverTest
[INFO] Tests run: 5, Failures: 0, Errors: 0, Skipped: 0, Time elapsed: 0.21 s - in org.sonar.java.resolve.TypeInferenceSolverTest
[INFO] Running org.sonar.java.ast.parser.grammar.parameters.FormalParameterTest
[INFO] Tests run: 1, Failures: 0, Errors: 0, Skipped: 0, Time elapsed: 0.002 s - in org.sonar.java.ast.parser.grammar.parameters.FormalParameterTest
[INFO] Running org.sonar.java.resolve.FlagsTest
[INFO] Tests run: 2, Failures: 0, Errors: 0, Skipped: 0, Time elapsed: 0.001 s - in org.sonar.java.resolve.FlagsTest
[INFO] Running org.sonar.java.ast.visitors.SyntaxHighlighterVisitorTest
01:34:09.096 INFO  org.sonar.java.JavaSquid - Java Main Files AST scan
01:34:09.096 INFO  org.sonar.squidbridge.ProgressReport - 1 source files to be analyzed
01:34:09.104 INFO  org.sonar.java.JavaSquid - Java Main Files AST scan (done) | time=8ms
01:34:09.104 INFO  org.sonar.java.JavaSquid - Java Test Files AST scan
01:34:09.104 INFO  org.sonar.squidbridge.ProgressReport - 1/1 source files have been analyzed
01:34:09.105 INFO  org.sonar.squidbridge.ProgressReport - 0 source files to be analyzed
01:34:09.105 INFO  org.sonar.java.JavaSquid - Java Test Files AST scan (done) | time=1ms
01:34:09.106 INFO  org.sonar.squidbridge.ProgressReport - 0/0 source files have been analyzed
01:34:09.111 INFO  org.sonar.java.JavaSquid - Java Main Files AST scan
01:34:09.111 INFO  org.sonar.squidbridge.ProgressReport - 1 source files to be analyzed
01:34:09.117 INFO  org.sonar.java.JavaSquid - Java Main Files AST scan (done) | time=6ms
01:34:09.117 INFO  org.sonar.java.JavaSquid - Java Test Files AST scan
01:34:09.117 INFO  org.sonar.squidbridge.ProgressReport - 0 source files to be analyzed
01:34:09.117 INFO  org.sonar.squidbridge.ProgressReport - 1/1 source files have been analyzed
01:34:09.117 INFO  org.sonar.squidbridge.ProgressReport - 0/0 source files have been analyzed
01:34:09.117 INFO  org.sonar.java.JavaSquid - Java Test Files AST scan (done) | time=0ms
01:34:09.120 INFO  org.sonar.java.JavaSquid - Java Main Files AST scan
01:34:09.121 INFO  org.sonar.squidbridge.ProgressReport - 1 source files to be analyzed
01:34:09.121 ERROR org.sonar.java.ast.JavaAstScanner - Unable to parse source file : /tmp/junit959262911284163008/junit4364938802461274004.tmp
01:34:09.121 ERROR org.sonar.java.ast.JavaAstScanner - Parse error at line 1 column 1:

1: ParseError
   ^

01:34:09.121 INFO  org.sonar.java.JavaSquid - Java Main Files AST scan (done) | time=1ms
01:34:09.121 INFO  org.sonar.java.JavaSquid - Java Test Files AST scan
01:34:09.121 INFO  org.sonar.squidbridge.ProgressReport - 1/1 source files have been analyzed
01:34:09.121 INFO  org.sonar.squidbridge.ProgressReport - 0 source files to be analyzed
01:34:09.122 INFO  org.sonar.java.JavaSquid - Java Test Files AST scan (done) | time=1ms
01:34:09.122 INFO  org.sonar.squidbridge.ProgressReport - 0/0 source files have been analyzed
01:34:09.547 INFO  org.sonar.java.JavaSquid - Java Main Files AST scan
01:34:09.548 INFO  org.sonar.squidbridge.ProgressReport - 1 source files to be analyzed
01:34:09.554 INFO  org.sonar.java.JavaSquid - Java Main Files AST scan (done) | time=7ms
01:34:09.555 INFO  org.sonar.squidbridge.ProgressReport - 1/1 source files have been analyzed
01:34:09.555 INFO  org.sonar.java.JavaSquid - Java Test Files AST scan
01:34:09.555 INFO  org.sonar.squidbridge.ProgressReport - 0 source files to be analyzed
01:34:09.555 INFO  org.sonar.java.JavaSquid - Java Test Files AST scan (done) | time=0ms
01:34:09.555 INFO  org.sonar.squidbridge.ProgressReport - 0/0 source files have been analyzed
01:34:09.661 INFO  org.sonar.java.JavaSquid - Java Main Files AST scan
01:34:09.661 INFO  org.sonar.squidbridge.ProgressReport - 1 source files to be analyzed
01:34:09.676 INFO  org.sonar.java.JavaSquid - Java Main Files AST scan (done) | time=16ms
01:34:09.676 INFO  org.sonar.squidbridge.ProgressReport - 1/1 source files have been analyzed
01:34:09.676 INFO  org.sonar.java.JavaSquid - Java Test Files AST scan
01:34:09.676 INFO  org.sonar.squidbridge.ProgressReport - 0 source files to be analyzed
01:34:09.676 INFO  org.sonar.java.JavaSquid - Java Test Files AST scan (done) | time=0ms
01:34:09.677 INFO  org.sonar.squidbridge.ProgressReport - 0/0 source files have been analyzed
01:34:09.758 INFO  org.sonar.java.JavaSquid - Java Main Files AST scan
01:34:09.758 INFO  org.sonar.squidbridge.ProgressReport - 1 source files to be analyzed
01:34:09.858 INFO  org.sonar.java.JavaSquid - Java Main Files AST scan (done) | time=100ms
01:34:09.858 INFO  org.sonar.squidbridge.ProgressReport - 1/1 source files have been analyzed
01:34:09.859 INFO  org.sonar.java.JavaSquid - Java Test Files AST scan
01:34:09.859 INFO  org.sonar.squidbridge.ProgressReport - 0 source files to be analyzed
01:34:09.859 INFO  org.sonar.java.JavaSquid - Java Test Files AST scan (done) | time=0ms
01:34:09.859 INFO  org.sonar.squidbridge.ProgressReport - 0/0 source files have been analyzed
01:34:09.865 INFO  org.sonar.java.JavaSquid - Java Main Files AST scan
01:34:09.866 INFO  org.sonar.squidbridge.ProgressReport - 1 source files to be analyzed
01:34:09.873 INFO  org.sonar.java.JavaSquid - Java Main Files AST scan (done) | time=7ms
01:34:09.873 INFO  org.sonar.java.JavaSquid - Java Test Files AST scan
01:34:09.873 INFO  org.sonar.squidbridge.ProgressReport - 0 source files to be analyzed
01:34:09.873 INFO  org.sonar.squidbridge.ProgressReport - 1/1 source files have been analyzed
01:34:09.873 INFO  org.sonar.java.JavaSquid - Java Test Files AST scan (done) | time=0ms
[INFO] Tests run: 7, Failures: 0, Errors: 0, Skipped: 0, Time elapsed: 1.199 s - in org.sonar.java.ast.visitors.SyntaxHighlighterVisitorTest
01:34:09.875 INFO  org.sonar.squidbridge.ProgressReport - 0/0 source files have been analyzed
[INFO] Running org.sonar.java.se.LearnedAssociationTest
[INFO] Tests run: 1, Failures: 0, Errors: 0, Skipped: 0, Time elapsed: 0.104 s - in org.sonar.java.se.LearnedAssociationTest
[INFO] Running org.sonar.java.ast.parser.grammar.statements.AssertStatementTest
[INFO] Tests run: 1, Failures: 0, Errors: 0, Skipped: 0, Time elapsed: 0.001 s - in org.sonar.java.ast.parser.grammar.statements.AssertStatementTest
[INFO] Running org.sonar.java.se.xproc.HappyPathYieldTest
[INFO] Tests run: 3, Failures: 0, Errors: 0, Skipped: 0, Time elapsed: 0.134 s - in org.sonar.java.se.xproc.HappyPathYieldTest
[INFO] Running org.sonar.java.model.expression.MethodInvocationTreeImplTest
[INFO] Tests run: 3, Failures: 0, Errors: 0, Skipped: 0, Time elapsed: 0.034 s - in org.sonar.java.model.expression.MethodInvocationTreeImplTest
[INFO] Running org.sonar.java.ast.visitors.SonarSymbolTableVisitorTest
01:34:10.229 INFO  org.sonar.squidbridge.ProgressReport - 1 source files to be analyzed
01:34:10.367 INFO  org.sonar.squidbridge.ProgressReport - 1/1 source files have been analyzed
[INFO] Tests run: 1, Failures: 0, Errors: 0, Skipped: 0, Time elapsed: 0.213 s - in org.sonar.java.ast.visitors.SonarSymbolTableVisitorTest
[INFO] Running org.sonar.java.ast.parser.JavaParserTest
[INFO] Tests run: 2, Failures: 0, Errors: 0, Skipped: 0, Time elapsed: 0.007 s - in org.sonar.java.ast.parser.JavaParserTest
[INFO] Running org.sonar.java.se.xproc.MethodYieldTest
[INFO] Tests run: 12, Failures: 0, Errors: 0, Skipped: 0, Time elapsed: 0.628 s - in org.sonar.java.se.xproc.MethodYieldTest
[INFO] Running org.sonar.java.cfg.VariableReadExtractorTest
[INFO] Tests run: 6, Failures: 0, Errors: 0, Skipped: 0, Time elapsed: 0.059 s - in org.sonar.java.cfg.VariableReadExtractorTest
[INFO] Running org.sonar.java.se.checks.DivisionByZeroCheckTest
01:34:11.075 INFO  org.sonar.squidbridge.ProgressReport - 1 source files to be analyzed
01:34:11.191 INFO  org.sonar.squidbridge.ProgressReport - 1/1 source files have been analyzed
01:34:11.196 INFO  org.sonar.squidbridge.ProgressReport - 1 source files to be analyzed
01:34:11.517 INFO  org.sonar.squidbridge.ProgressReport - 1/1 source files have been analyzed
[INFO] Tests run: 3, Failures: 0, Errors: 0, Skipped: 0, Time elapsed: 0.447 s - in org.sonar.java.se.checks.DivisionByZeroCheckTest
[INFO] Running org.sonar.java.se.xproc.ExceptionalYieldTest
[INFO] Tests run: 5, Failures: 0, Errors: 0, Skipped: 0, Time elapsed: 0.293 s - in org.sonar.java.se.xproc.ExceptionalYieldTest
[INFO] Running org.sonar.java.ast.parser.grammar.statements.LabeledStatementTest
[INFO] Tests run: 1, Failures: 0, Errors: 0, Skipped: 0, Time elapsed: 0 s - in org.sonar.java.ast.parser.grammar.statements.LabeledStatementTest
[INFO] Running org.sonar.java.resolve.JavaTypeTest
01:34:11.901 INFO  org.sonar.squidbridge.ProgressReport - 1 source files to be analyzed
01:34:12.660 INFO  org.sonar.squidbridge.ProgressReport - 1/1 source files have been analyzed
[INFO] Tests run: 14, Failures: 0, Errors: 0, Skipped: 0, Time elapsed: 0.848 s - in org.sonar.java.resolve.JavaTypeTest
[INFO] Running org.sonar.java.resolve.Java10SemanticTest
[INFO] Tests run: 14, Failures: 0, Errors: 0, Skipped: 0, Time elapsed: 0.485 s - in org.sonar.java.resolve.Java10SemanticTest
[INFO] Running org.sonar.java.ast.parser.grammar.statements.FinallyTest
[INFO] Tests run: 1, Failures: 0, Errors: 0, Skipped: 0, Time elapsed: 0.001 s - in org.sonar.java.ast.parser.grammar.statements.FinallyTest
[INFO] Running org.sonar.java.resolve.ConvertTest
[INFO] Tests run: 8, Failures: 0, Errors: 0, Skipped: 0, Time elapsed: 0 s - in org.sonar.java.resolve.ConvertTest
[INFO] Running org.sonar.java.se.checks.debug.DebugMethodYieldsOnInvocationsCheckTest
01:34:13.418 INFO  org.sonar.squidbridge.ProgressReport - 1 source files to be analyzed
01:34:13.543 INFO  org.sonar.squidbridge.ProgressReport - 1/1 source files have been analyzed
01:34:13.548 INFO  org.sonar.squidbridge.ProgressReport - 1 source files to be analyzed
01:34:13.594 INFO  org.sonar.squidbridge.ProgressReport - 1/1 source files have been analyzed
[INFO] Tests run: 2, Failures: 0, Errors: 0, Skipped: 0, Time elapsed: 0.438 s - in org.sonar.java.se.checks.debug.DebugMethodYieldsOnInvocationsCheckTest
[INFO] Running org.sonar.java.ast.parser.grammar.expressions.RelationalExpressionTest
[INFO] Tests run: 1, Failures: 0, Errors: 0, Skipped: 0, Time elapsed: 0.002 s - in org.sonar.java.ast.parser.grammar.expressions.RelationalExpressionTest
[INFO] Running org.sonar.java.ast.parser.grammar.literals.RestrictedKeywordTest
[INFO] Tests run: 1, Failures: 0, Errors: 0, Skipped: 0, Time elapsed: 0 s - in org.sonar.java.ast.parser.grammar.literals.RestrictedKeywordTest
[INFO] Running org.sonar.java.resolve.JavaSymbolTest
[INFO] Tests run: 11, Failures: 0, Errors: 0, Skipped: 0, Time elapsed: 0.091 s - in org.sonar.java.resolve.JavaSymbolTest
[INFO] Running org.sonar.java.JavaClasspathTest
01:34:13.696 INFO  org.sonar.java.JavaClasspath - JavaClasspath initialization
01:34:13.698 ERROR org.sonar.java.AbstractJavaClasspath - Invalid value for sonar.java.libraries
01:34:13.699 INFO  org.sonar.java.JavaClasspath - JavaClasspath initialization
01:34:13.700 INFO  org.sonar.java.JavaClasspath - JavaClasspath initialization (done) | time=1ms
01:34:13.700 INFO  org.sonar.java.JavaClasspath - JavaClasspath initialization
01:34:13.731 INFO  org.sonar.java.JavaClasspath - JavaClasspath initialization (done) | time=31ms
01:34:13.732 INFO  org.sonar.java.JavaClasspath - JavaClasspath initialization
01:34:13.735 INFO  org.sonar.java.JavaClasspath - JavaClasspath initialization (done) | time=3ms
01:34:13.736 INFO  org.sonar.java.JavaClasspath - JavaClasspath initialization
01:34:13.736 WARN  org.sonar.java.JavaClasspath - Bytecode of dependencies was not provided for analysis of source files, you might end up with less precise results. Bytecode can be provided using sonar.java.libraries property
01:34:13.736 INFO  org.sonar.java.JavaClasspath - JavaClasspath initialization (done) | time=0ms
01:34:13.958 INFO  org.sonar.java.JavaClasspath - JavaClasspath initialization
01:34:13.960 INFO  org.sonar.java.JavaClasspath - JavaClasspath initialization (done) | time=2ms
01:34:13.960 INFO  org.sonar.java.JavaClasspath - JavaClasspath initialization
01:34:13.961 INFO  org.sonar.java.JavaClasspath - JavaClasspath initialization (done) | time=1ms
01:34:13.961 INFO  org.sonar.java.JavaClasspath - JavaClasspath initialization
01:34:13.962 INFO  org.sonar.java.JavaClasspath - JavaClasspath initialization (done) | time=1ms
01:34:13.962 INFO  org.sonar.java.JavaClasspath - JavaClasspath initialization
01:34:13.962 WARN  org.sonar.java.JavaClasspath - Bytecode of dependencies was not provided for analysis of source files, you might end up with less precise results. Bytecode can be provided using sonar.java.libraries property
01:34:13.962 INFO  org.sonar.java.JavaClasspath - JavaClasspath initialization (done) | time=0ms
01:34:13.962 INFO  org.sonar.java.JavaClasspath - JavaClasspath initialization
01:34:13.963 INFO  org.sonar.java.JavaClasspath - JavaClasspath initialization (done) | time=1ms
01:34:13.964 INFO  org.sonar.java.JavaClasspath - JavaClasspath initialization
01:34:13.964 INFO  org.sonar.java.JavaClasspath - JavaClasspath initialization (done) | time=0ms
01:34:13.964 INFO  org.sonar.java.JavaClasspath - JavaClasspath initialization
01:34:13.965 INFO  org.sonar.java.JavaClasspath - JavaClasspath initialization (done) | time=1ms
01:34:13.965 INFO  org.sonar.java.JavaClasspath - JavaClasspath initialization
01:34:13.966 INFO  org.sonar.java.JavaClasspath - JavaClasspath initialization (done) | time=1ms
01:34:13.966 INFO  org.sonar.java.JavaClasspath - JavaClasspath initialization
01:34:13.967 INFO  org.sonar.java.JavaClasspath - JavaClasspath initialization (done) | time=1ms
01:34:13.968 INFO  org.sonar.java.JavaClasspath - JavaClasspath initialization
01:34:13.968 ERROR org.sonar.java.AbstractJavaClasspath - Invalid value for sonar.java.libraries
01:34:13.969 INFO  org.sonar.java.JavaClasspath - JavaClasspath initialization
01:34:13.969 INFO  org.sonar.java.JavaClasspath - JavaClasspath initialization (done) | time=0ms
01:34:13.969 INFO  org.sonar.java.JavaClasspath - JavaClasspath initialization
01:34:13.969 INFO  org.sonar.java.JavaClasspath - JavaClasspath initialization (done) | time=0ms
01:34:13.970 INFO  org.sonar.java.JavaClasspath - JavaClasspath initialization
01:34:13.972 INFO  org.sonar.java.JavaClasspath - JavaClasspath initialization (done) | time=2ms
01:34:13.972 INFO  org.sonar.java.JavaClasspath - JavaClasspath initialization
01:34:13.973 ERROR org.sonar.java.AbstractJavaClasspath - Invalid value for sonar.java.binaries
01:34:13.973 INFO  org.sonar.java.JavaClasspath - JavaClasspath initialization
01:34:13.974 INFO  org.sonar.java.JavaClasspath - JavaClasspath initialization
01:34:13.975 INFO  org.sonar.java.JavaClasspath - JavaClasspath initialization (done) | time=1ms
01:34:13.975 INFO  org.sonar.java.JavaClasspath - JavaClasspath initialization
01:34:13.975 WARN  org.sonar.java.JavaClasspath - Bytecode of dependencies was not provided for analysis of source files, you might end up with less precise results. Bytecode can be provided using sonar.java.libraries property
01:34:13.976 INFO  org.sonar.java.JavaClasspath - JavaClasspath initialization (done) | time=1ms
01:34:13.976 INFO  org.sonar.java.JavaClasspath - JavaClasspath initialization
01:34:13.976 INFO  org.sonar.java.JavaClasspath - JavaClasspath initialization (done) | time=0ms
01:34:13.976 INFO  org.sonar.java.JavaClasspath - JavaClasspath initialization
01:34:13.977 INFO  org.sonar.java.JavaClasspath - JavaClasspath initialization
01:34:13.977 WARN  org.sonar.java.JavaClasspath - Bytecode of dependencies was not provided for analysis of source files, you might end up with less precise results. Bytecode can be provided using sonar.java.libraries property
01:34:13.977 INFO  org.sonar.java.JavaClasspath - JavaClasspath initialization (done) | time=0ms
01:34:13.977 INFO  org.sonar.java.JavaClasspath - JavaClasspath initialization
01:34:13.978 WARN  org.sonar.java.JavaClasspath - sonar.java.binaries is empty, please double check your configuration
01:34:13.978 WARN  org.sonar.java.JavaClasspath - Bytecode of dependencies was not provided for analysis of source files, you might end up with less precise results. Bytecode can be provided using sonar.java.libraries property
01:34:13.978 INFO  org.sonar.java.JavaClasspath - JavaClasspath initialization (done) | time=1ms
01:34:13.978 INFO  org.sonar.java.JavaClasspath - JavaClasspath initialization
01:34:13.979 INFO  org.sonar.java.JavaClasspath - JavaClasspath initialization (done) | time=1ms
01:34:13.979 INFO  org.sonar.java.JavaClasspath - JavaClasspath initialization
01:34:13.980 INFO  org.sonar.java.JavaClasspath - JavaClasspath initialization (done) | time=1ms
01:34:13.980 INFO  org.sonar.java.JavaClasspath - JavaClasspath initialization
01:34:13.981 INFO  org.sonar.java.JavaClasspath - JavaClasspath initialization
01:34:13.981 INFO  org.sonar.java.JavaClasspath - JavaClasspath initialization (done) | time=0ms
[INFO] Tests run: 29, Failures: 0, Errors: 0, Skipped: 0, Time elapsed: 0.284 s - in org.sonar.java.JavaClasspathTest
[INFO] Running org.sonar.java.JavaVersionAwareVisitorTest
01:34:14.318 INFO  org.sonar.java.JavaSquid - Java Main Files AST scan
01:34:14.318 INFO  org.sonar.squidbridge.ProgressReport - 1 source files to be analyzed
01:34:14.576 INFO  org.sonar.java.JavaSquid - Java Main Files AST scan (done) | time=258ms
01:34:14.576 INFO  org.sonar.squidbridge.ProgressReport - 1/1 source files have been analyzed
01:34:14.577 INFO  org.sonar.java.JavaSquid - Java Test Files AST scan
01:34:14.577 INFO  org.sonar.squidbridge.ProgressReport - 0 source files to be analyzed
01:34:14.577 INFO  org.sonar.java.JavaSquid - Java Test Files AST scan (done) | time=0ms
01:34:14.577 INFO  org.sonar.squidbridge.ProgressReport - 0/0 source files have been analyzed
01:34:14.580 INFO  org.sonar.java.JavaSquid - Java Main Files AST scan
01:34:14.580 INFO  org.sonar.squidbridge.ProgressReport - 1 source files to be analyzed
01:34:14.582 INFO  org.sonar.java.JavaSquid - Java Main Files AST scan (done) | time=2ms
01:34:14.582 INFO  org.sonar.squidbridge.ProgressReport - 1/1 source files have been analyzed
01:34:14.582 INFO  org.sonar.java.JavaSquid - Java Test Files AST scan
01:34:14.582 INFO  org.sonar.squidbridge.ProgressReport - 0 source files to be analyzed
01:34:14.582 INFO  org.sonar.java.JavaSquid - Java Test Files AST scan (done) | time=0ms
01:34:14.582 INFO  org.sonar.squidbridge.ProgressReport - 0/0 source files have been analyzed
01:34:14.586 INFO  org.sonar.java.JavaSquid - Java Main Files AST scan
01:34:14.586 INFO  org.sonar.squidbridge.ProgressReport - 1 source files to be analyzed
01:34:14.587 INFO  org.sonar.java.JavaSquid - Java Main Files AST scan (done) | time=1ms
01:34:14.587 INFO  org.sonar.squidbridge.ProgressReport - 1/1 source files have been analyzed
01:34:14.587 INFO  org.sonar.java.JavaSquid - Java Test Files AST scan
01:34:14.587 INFO  org.sonar.squidbridge.ProgressReport - 0 source files to be analyzed
01:34:14.590 INFO  org.sonar.java.JavaSquid - Java Test Files AST scan (done) | time=3ms
01:34:14.590 INFO  org.sonar.squidbridge.ProgressReport - 0/0 source files have been analyzed
01:34:14.592 INFO  org.sonar.java.JavaSquid - Java Main Files AST scan
01:34:14.592 INFO  org.sonar.squidbridge.ProgressReport - 1 source files to be analyzed
01:34:14.593 INFO  org.sonar.java.JavaSquid - Java Main Files AST scan (done) | time=1ms
01:34:14.593 INFO  org.sonar.squidbridge.ProgressReport - 1/1 source files have been analyzed
01:34:14.593 INFO  org.sonar.java.JavaSquid - Java Test Files AST scan
01:34:14.593 INFO  org.sonar.squidbridge.ProgressReport - 0 source files to be analyzed
01:34:14.593 INFO  org.sonar.java.JavaSquid - Java Test Files AST scan (done) | time=0ms
01:34:14.593 INFO  org.sonar.squidbridge.ProgressReport - 0/0 source files have been analyzed
01:34:14.595 INFO  org.sonar.java.JavaSquid - Java Main Files AST scan
01:34:14.596 INFO  org.sonar.squidbridge.ProgressReport - 1 source files to be analyzed
01:34:14.597 INFO  org.sonar.java.JavaSquid - Java Main Files AST scan (done) | time=2ms
01:34:14.597 INFO  org.sonar.squidbridge.ProgressReport - 1/1 source files have been analyzed
01:34:14.597 INFO  org.sonar.java.JavaSquid - Java Test Files AST scan
01:34:14.597 INFO  org.sonar.squidbridge.ProgressReport - 0 source files to be analyzed
01:34:14.597 INFO  org.sonar.java.JavaSquid - Java Test Files AST scan (done) | time=0ms
01:34:14.597 INFO  org.sonar.squidbridge.ProgressReport - 0/0 source files have been analyzed
[INFO] Tests run: 4, Failures: 0, Errors: 0, Skipped: 0, Time elapsed: 0.615 s - in org.sonar.java.JavaVersionAwareVisitorTest
[INFO] Running org.sonar.java.AnalyzerMessageTest
[INFO] Tests run: 9, Failures: 0, Errors: 0, Skipped: 0, Time elapsed: 0.007 s - in org.sonar.java.AnalyzerMessageTest
[INFO] Running org.sonar.java.ast.parser.grammar.literals.StringLiteralTest
[INFO] Tests run: 2, Failures: 0, Errors: 0, Skipped: 0, Time elapsed: 0.001 s - in org.sonar.java.ast.parser.grammar.literals.StringLiteralTest
[INFO] Running org.sonar.java.se.checks.CustomUnclosedResourcesCheckTest
01:34:15.077 INFO  org.sonar.squidbridge.ProgressReport - 1 source files to be analyzed
01:34:15.350 INFO  org.sonar.squidbridge.ProgressReport - 1/1 source files have been analyzed
01:34:15.356 INFO  org.sonar.squidbridge.ProgressReport - 1 source files to be analyzed
01:34:15.807 INFO  org.sonar.squidbridge.ProgressReport - 1/1 source files have been analyzed
01:34:15.812 INFO  org.sonar.squidbridge.ProgressReport - 1 source files to be analyzed
01:34:16.338 INFO  org.sonar.squidbridge.ProgressReport - 1/1 source files have been analyzed
01:34:16.342 INFO  org.sonar.squidbridge.ProgressReport - 1 source files to be analyzed
01:34:16.552 INFO  org.sonar.squidbridge.ProgressReport - 1/1 source files have been analyzed
01:34:16.557 INFO  org.sonar.squidbridge.ProgressReport - 1 source files to be analyzed
01:34:16.769 INFO  org.sonar.squidbridge.ProgressReport - 1/1 source files have been analyzed
01:34:16.773 INFO  org.sonar.squidbridge.ProgressReport - 1 source files to be analyzed
01:34:16.953 INFO  org.sonar.squidbridge.ProgressReport - 1/1 source files have been analyzed
01:34:16.957 INFO  org.sonar.squidbridge.ProgressReport - 1 source files to be analyzed
[INFO] Tests run: 7, Failures: 0, Errors: 0, Skipped: 0, Time elapsed: 2.357 s - in org.sonar.java.se.checks.CustomUnclosedResourcesCheckTest
[INFO] Running org.sonar.java.ast.parser.grammar.statements.CatchClauseTest
01:34:16.968 INFO  org.sonar.squidbridge.ProgressReport - 1/1 source files have been analyzed
[INFO] Tests run: 1, Failures: 0, Errors: 0, Skipped: 0, Time elapsed: 0.001 s - in org.sonar.java.ast.parser.grammar.statements.CatchClauseTest
[INFO] Running org.sonar.java.ast.parser.grammar.types.TypeArgumentsTest
[INFO] Tests run: 1, Failures: 0, Errors: 0, Skipped: 0, Time elapsed: 0.001 s - in org.sonar.java.ast.parser.grammar.types.TypeArgumentsTest
[INFO] Running org.sonar.java.ast.parser.grammar.literals.FloatLiteralTest
[INFO] Tests run: 2, Failures: 0, Errors: 0, Skipped: 0, Time elapsed: 0.017 s - in org.sonar.java.ast.parser.grammar.literals.FloatLiteralTest
[INFO] Running org.sonar.java.se.checks.OptionalGetBeforeIsPresentCheckTest
01:34:16.996 INFO  org.sonar.squidbridge.ProgressReport - 1 source files to be analyzed
01:34:17.245 INFO  org.sonar.squidbridge.ProgressReport - 1/1 source files have been analyzed
01:34:17.249 INFO  org.sonar.squidbridge.ProgressReport - 1 source files to be analyzed
01:34:17.450 INFO  org.sonar.squidbridge.ProgressReport - 1/1 source files have been analyzed
[INFO] Tests run: 2, Failures: 0, Errors: 0, Skipped: 0, Time elapsed: 0.457 s - in org.sonar.java.se.checks.OptionalGetBeforeIsPresentCheckTest
[INFO] Running org.sonar.java.JavaSquidTest
01:34:17.462 INFO  org.sonar.java.JavaSquid - Java Main Files AST scan
01:34:17.462 INFO  org.sonar.squidbridge.ProgressReport - 1 source files to be analyzed
01:34:17.464 ERROR org.sonar.java.model.VisitorsBridge - Unable to create symbol table for : /tmp/junit342240597854418523/junit5568849773862726602.tmp
java.lang.IllegalStateException: Registering class 2 times : A
	at com.google.common.base.Preconditions.checkState(Preconditions.java:199) ~[guava-19.0.jar:na]
	at org.sonar.java.resolve.BytecodeCompleter.registerClass(BytecodeCompleter.java:66) ~[classes/:na]
	at org.sonar.java.resolve.Resolve.registerClass(Resolve.java:85) ~[classes/:na]
	at org.sonar.java.resolve.FirstPass.visitClass(FirstPass.java:234) ~[classes/:na]
	at org.sonar.java.model.declaration.ClassTreeImpl.accept(ClassTreeImpl.java:202) ~[classes/:na]
	at org.sonar.plugins.java.api.tree.BaseTreeVisitor.scan(BaseTreeVisitor.java:40) ~[classes/:na]
	at org.sonar.plugins.java.api.tree.BaseTreeVisitor.scan(BaseTreeVisitor.java:34) ~[classes/:na]
	at org.sonar.java.resolve.FirstPass.visitCompilationUnit(FirstPass.java:126) ~[classes/:na]
	at org.sonar.java.resolve.SemanticModel.createFor(SemanticModel.java:65) ~[classes/:na]
	at org.sonar.java.model.VisitorsBridge.visitFile(VisitorsBridge.java:109) ~[classes/:na]
	at org.sonar.java.ast.JavaAstScanner.simpleScan(JavaAstScanner.java:96) [classes/:na]
	at org.sonar.java.ast.JavaAstScanner.scan(JavaAstScanner.java:68) [classes/:na]
	at org.sonar.java.JavaSquid.scanSources(JavaSquid.java:116) [classes/:na]
	at org.sonar.java.JavaSquid.scan(JavaSquid.java:110) [classes/:na]
	at org.sonar.java.JavaSquidTest.setupAnalysisError(JavaSquidTest.java:177) [test-classes/:na]
	at org.sonar.java.JavaSquidTest.semantic_errors_should_be_reported_to_sonarlint(JavaSquidTest.java:152) [test-classes/:na]
	at sun.reflect.NativeMethodAccessorImpl.invoke0(Native Method) ~[na:1.8.0_151]
	at sun.reflect.NativeMethodAccessorImpl.invoke(NativeMethodAccessorImpl.java:62) ~[na:1.8.0_151]
	at sun.reflect.DelegatingMethodAccessorImpl.invoke(DelegatingMethodAccessorImpl.java:43) ~[na:1.8.0_151]
	at java.lang.reflect.Method.invoke(Method.java:498) ~[na:1.8.0_151]
	at org.junit.runners.model.FrameworkMethod$1.runReflectiveCall(FrameworkMethod.java:50) [junit-4.12.jar:4.12]
	at org.junit.internal.runners.model.ReflectiveCallable.run(ReflectiveCallable.java:12) [junit-4.12.jar:4.12]
	at org.junit.runners.model.FrameworkMethod.invokeExplosively(FrameworkMethod.java:47) [junit-4.12.jar:4.12]
	at org.junit.internal.runners.statements.InvokeMethod.evaluate(InvokeMethod.java:17) [junit-4.12.jar:4.12]
	at org.junit.rules.ExternalResource$1.evaluate(ExternalResource.java:48) [junit-4.12.jar:4.12]
	at org.junit.rules.RunRules.evaluate(RunRules.java:20) [junit-4.12.jar:4.12]
	at org.junit.runners.ParentRunner.runLeaf(ParentRunner.java:325) [junit-4.12.jar:4.12]
	at org.junit.runners.BlockJUnit4ClassRunner.runChild(BlockJUnit4ClassRunner.java:78) [junit-4.12.jar:4.12]
	at org.junit.runners.BlockJUnit4ClassRunner.runChild(BlockJUnit4ClassRunner.java:57) [junit-4.12.jar:4.12]
	at org.junit.runners.ParentRunner$3.run(ParentRunner.java:290) [junit-4.12.jar:4.12]
	at org.junit.runners.ParentRunner$1.schedule(ParentRunner.java:71) [junit-4.12.jar:4.12]
	at org.junit.runners.ParentRunner.runChildren(ParentRunner.java:288) [junit-4.12.jar:4.12]
	at org.junit.runners.ParentRunner.access$000(ParentRunner.java:58) [junit-4.12.jar:4.12]
	at org.junit.runners.ParentRunner$2.evaluate(ParentRunner.java:268) [junit-4.12.jar:4.12]
	at org.junit.runners.ParentRunner.run(ParentRunner.java:363) [junit-4.12.jar:4.12]
	at org.apache.maven.surefire.junit4.JUnit4Provider.execute(JUnit4Provider.java:369) [surefire-junit4-2.20.1.jar:2.20.1]
	at org.apache.maven.surefire.junit4.JUnit4Provider.executeWithRerun(JUnit4Provider.java:275) [surefire-junit4-2.20.1.jar:2.20.1]
	at org.apache.maven.surefire.junit4.JUnit4Provider.executeTestSet(JUnit4Provider.java:239) [surefire-junit4-2.20.1.jar:2.20.1]
	at org.apache.maven.surefire.junit4.JUnit4Provider.invoke(JUnit4Provider.java:160) [surefire-junit4-2.20.1.jar:2.20.1]
	at org.apache.maven.surefire.booter.ForkedBooter.invokeProviderInSameClassLoader(ForkedBooter.java:373) [surefire-booter-2.20.1.jar:2.20.1]
	at org.apache.maven.surefire.booter.ForkedBooter.runSuitesInProcess(ForkedBooter.java:334) [surefire-booter-2.20.1.jar:2.20.1]
	at org.apache.maven.surefire.booter.ForkedBooter.execute(ForkedBooter.java:119) [surefire-booter-2.20.1.jar:2.20.1]
	at org.apache.maven.surefire.booter.ForkedBooter.main(ForkedBooter.java:407) [surefire-booter-2.20.1.jar:2.20.1]
01:34:17.465 INFO  org.sonar.java.JavaSquid - Java Main Files AST scan (done) | time=3ms
01:34:17.465 INFO  org.sonar.java.JavaSquid - Java Test Files AST scan
01:34:17.465 INFO  org.sonar.squidbridge.ProgressReport - 1/1 source files have been analyzed
01:34:17.465 INFO  org.sonar.squidbridge.ProgressReport - 0 source files to be analyzed
01:34:17.465 INFO  org.sonar.java.JavaSquid - Java Test Files AST scan (done) | time=0ms
01:34:17.465 INFO  org.sonar.squidbridge.ProgressReport - 0/0 source files have been analyzed
01:34:17.470 INFO  org.sonar.java.JavaSquid - Java Main Files AST scan
01:34:17.470 INFO  org.sonar.squidbridge.ProgressReport - 1 source files to be analyzed
01:34:17.471 ERROR org.sonar.java.ast.JavaAstScanner - Unable to parse source file : /tmp/junit1590843320173034678/junit4367096953734984645.tmp
01:34:17.471 ERROR org.sonar.java.ast.JavaAstScanner - Parse error at line 1 column 10:

1: class A {
            ^

01:34:17.471 INFO  org.sonar.java.JavaSquid - Java Main Files AST scan (done) | time=1ms
01:34:17.471 INFO  org.sonar.java.JavaSquid - Java Test Files AST scan
01:34:17.471 INFO  org.sonar.squidbridge.ProgressReport - 1/1 source files have been analyzed
01:34:17.471 INFO  org.sonar.squidbridge.ProgressReport - 0 source files to be analyzed
01:34:17.471 INFO  org.sonar.java.JavaSquid - Java Test Files AST scan (done) | time=0ms
01:34:17.471 INFO  org.sonar.squidbridge.ProgressReport - 0/0 source files have been analyzed
01:34:17.475 INFO  org.sonar.java.JavaSquid - Java Main Files AST scan
01:34:17.476 INFO  org.sonar.squidbridge.ProgressReport - 1 source files to be analyzed
01:34:17.481 INFO  org.sonar.java.JavaSquid - Java Main Files AST scan (done) | time=6ms
01:34:17.482 INFO  org.sonar.squidbridge.ProgressReport - 1/1 source files have been analyzed
01:34:17.482 INFO  org.sonar.java.JavaSquid - Java Test Files AST scan
01:34:17.482 INFO  org.sonar.squidbridge.ProgressReport - 0 source files to be analyzed
01:34:17.482 INFO  org.sonar.java.JavaSquid - Java Test Files AST scan (done) | time=0ms
01:34:17.482 INFO  org.sonar.squidbridge.ProgressReport - 0/0 source files have been analyzed
01:34:17.488 INFO  org.sonar.java.JavaSquid - Java Main Files AST scan
01:34:17.489 INFO  org.sonar.squidbridge.ProgressReport - 1 source files to be analyzed
01:34:17.489 ERROR org.sonar.java.ast.JavaAstScanner - Unable to parse source file : /tmp/junit5460070671236100679/junit5729536648842773401.tmp
01:34:17.489 ERROR org.sonar.java.ast.JavaAstScanner - Parse error at line 6 column 1:

1: /***/
2: class A {
3:  String foo() {
4:   return foo();
5:  }
6: 
   ^

01:34:17.490 INFO  org.sonar.java.JavaSquid - Java Main Files AST scan (done) | time=2ms
01:34:17.490 INFO  org.sonar.squidbridge.ProgressReport - 1/1 source files have been analyzed
01:34:17.490 INFO  org.sonar.java.JavaSquid - Java Test Files AST scan
01:34:17.490 INFO  org.sonar.squidbridge.ProgressReport - 0 source files to be analyzed
01:34:17.490 INFO  org.sonar.java.JavaSquid - Java Test Files AST scan (done) | time=0ms
01:34:17.490 INFO  org.sonar.squidbridge.ProgressReport - 0/0 source files have been analyzed
01:34:17.494 INFO  org.sonar.java.JavaSquid - Java Main Files AST scan
01:34:17.495 INFO  org.sonar.squidbridge.ProgressReport - 1 source files to be analyzed
01:34:17.497 ERROR org.sonar.java.model.VisitorsBridge - Unable to create symbol table for : /tmp/junit435136947830268064/junit8799538031871799124.tmp
java.lang.IllegalStateException: Registering class 2 times : A
	at com.google.common.base.Preconditions.checkState(Preconditions.java:199) ~[guava-19.0.jar:na]
	at org.sonar.java.resolve.BytecodeCompleter.registerClass(BytecodeCompleter.java:66) ~[classes/:na]
	at org.sonar.java.resolve.Resolve.registerClass(Resolve.java:85) ~[classes/:na]
	at org.sonar.java.resolve.FirstPass.visitClass(FirstPass.java:234) ~[classes/:na]
	at org.sonar.java.model.declaration.ClassTreeImpl.accept(ClassTreeImpl.java:202) ~[classes/:na]
	at org.sonar.plugins.java.api.tree.BaseTreeVisitor.scan(BaseTreeVisitor.java:40) ~[classes/:na]
	at org.sonar.plugins.java.api.tree.BaseTreeVisitor.scan(BaseTreeVisitor.java:34) ~[classes/:na]
	at org.sonar.java.resolve.FirstPass.visitCompilationUnit(FirstPass.java:126) ~[classes/:na]
	at org.sonar.java.resolve.SemanticModel.createFor(SemanticModel.java:65) ~[classes/:na]
	at org.sonar.java.model.VisitorsBridge.visitFile(VisitorsBridge.java:109) ~[classes/:na]
	at org.sonar.java.ast.JavaAstScanner.simpleScan(JavaAstScanner.java:96) [classes/:na]
	at org.sonar.java.ast.JavaAstScanner.scan(JavaAstScanner.java:68) [classes/:na]
	at org.sonar.java.JavaSquid.scanSources(JavaSquid.java:116) [classes/:na]
	at org.sonar.java.JavaSquid.scan(JavaSquid.java:110) [classes/:na]
	at org.sonar.java.JavaSquidTest.collectAnalysisErrors(JavaSquidTest.java:138) [test-classes/:na]
	at org.sonar.java.JavaSquidTest.verify_analysis_errors_are_collected_on_semantic_error(JavaSquidTest.java:110) [test-classes/:na]
	at sun.reflect.NativeMethodAccessorImpl.invoke0(Native Method) ~[na:1.8.0_151]
	at sun.reflect.NativeMethodAccessorImpl.invoke(NativeMethodAccessorImpl.java:62) ~[na:1.8.0_151]
	at sun.reflect.DelegatingMethodAccessorImpl.invoke(DelegatingMethodAccessorImpl.java:43) ~[na:1.8.0_151]
	at java.lang.reflect.Method.invoke(Method.java:498) ~[na:1.8.0_151]
	at org.junit.runners.model.FrameworkMethod$1.runReflectiveCall(FrameworkMethod.java:50) [junit-4.12.jar:4.12]
	at org.junit.internal.runners.model.ReflectiveCallable.run(ReflectiveCallable.java:12) [junit-4.12.jar:4.12]
	at org.junit.runners.model.FrameworkMethod.invokeExplosively(FrameworkMethod.java:47) [junit-4.12.jar:4.12]
	at org.junit.internal.runners.statements.InvokeMethod.evaluate(InvokeMethod.java:17) [junit-4.12.jar:4.12]
	at org.junit.rules.ExternalResource$1.evaluate(ExternalResource.java:48) [junit-4.12.jar:4.12]
	at org.junit.rules.RunRules.evaluate(RunRules.java:20) [junit-4.12.jar:4.12]
	at org.junit.runners.ParentRunner.runLeaf(ParentRunner.java:325) [junit-4.12.jar:4.12]
	at org.junit.runners.BlockJUnit4ClassRunner.runChild(BlockJUnit4ClassRunner.java:78) [junit-4.12.jar:4.12]
	at org.junit.runners.BlockJUnit4ClassRunner.runChild(BlockJUnit4ClassRunner.java:57) [junit-4.12.jar:4.12]
	at org.junit.runners.ParentRunner$3.run(ParentRunner.java:290) [junit-4.12.jar:4.12]
	at org.junit.runners.ParentRunner$1.schedule(ParentRunner.java:71) [junit-4.12.jar:4.12]
	at org.junit.runners.ParentRunner.runChildren(ParentRunner.java:288) [junit-4.12.jar:4.12]
	at org.junit.runners.ParentRunner.access$000(ParentRunner.java:58) [junit-4.12.jar:4.12]
	at org.junit.runners.ParentRunner$2.evaluate(ParentRunner.java:268) [junit-4.12.jar:4.12]
	at org.junit.runners.ParentRunner.run(ParentRunner.java:363) [junit-4.12.jar:4.12]
	at org.apache.maven.surefire.junit4.JUnit4Provider.execute(JUnit4Provider.java:369) [surefire-junit4-2.20.1.jar:2.20.1]
	at org.apache.maven.surefire.junit4.JUnit4Provider.executeWithRerun(JUnit4Provider.java:275) [surefire-junit4-2.20.1.jar:2.20.1]
	at org.apache.maven.surefire.junit4.JUnit4Provider.executeTestSet(JUnit4Provider.java:239) [surefire-junit4-2.20.1.jar:2.20.1]
	at org.apache.maven.surefire.junit4.JUnit4Provider.invoke(JUnit4Provider.java:160) [surefire-junit4-2.20.1.jar:2.20.1]
	at org.apache.maven.surefire.booter.ForkedBooter.invokeProviderInSameClassLoader(ForkedBooter.java:373) [surefire-booter-2.20.1.jar:2.20.1]
	at org.apache.maven.surefire.booter.ForkedBooter.runSuitesInProcess(ForkedBooter.java:334) [surefire-booter-2.20.1.jar:2.20.1]
	at org.apache.maven.surefire.booter.ForkedBooter.execute(ForkedBooter.java:119) [surefire-booter-2.20.1.jar:2.20.1]
	at org.apache.maven.surefire.booter.ForkedBooter.main(ForkedBooter.java:407) [surefire-booter-2.20.1.jar:2.20.1]
01:34:17.497 INFO  org.sonar.java.JavaSquid - Java Main Files AST scan (done) | time=3ms
01:34:17.498 INFO  org.sonar.squidbridge.ProgressReport - 1/1 source files have been analyzed
01:34:17.498 INFO  org.sonar.java.JavaSquid - Java Test Files AST scan
01:34:17.498 INFO  org.sonar.squidbridge.ProgressReport - 0 source files to be analyzed
01:34:17.498 INFO  org.sonar.java.JavaSquid - Java Test Files AST scan (done) | time=0ms
01:34:17.498 INFO  org.sonar.squidbridge.ProgressReport - 0/0 source files have been analyzed
[INFO] Tests run: 5, Failures: 0, Errors: 0, Skipped: 0, Time elapsed: 0.046 s - in org.sonar.java.JavaSquidTest
[INFO] Running org.sonar.java.resolve.ResolveTest
[INFO] Tests run: 6, Failures: 0, Errors: 0, Skipped: 0, Time elapsed: 0.011 s - in org.sonar.java.resolve.ResolveTest
[INFO] Running org.sonar.java.xml.XmlAnalyzerTest
01:34:18.214 WARN  org.sonar.java.xml.XmlAnalyzer - No 'xml' file have been indexed.
01:34:18.216 INFO  org.sonar.squidbridge.ProgressReport - 1 source files to be analyzed
01:34:18.275 INFO  org.sonar.squidbridge.ProgressReport - 1/1 source files have been analyzed
01:34:18.426 INFO  org.sonar.squidbridge.ProgressReport - 1 source files to be analyzed
01:34:18.430 INFO  org.sonar.squidbridge.ProgressReport - 1 source files to be analyzed
01:34:18.489 INFO  org.sonar.squidbridge.ProgressReport - 1/1 source files have been analyzed
01:34:18.490 INFO  org.sonar.squidbridge.ProgressReport - 1 source files to be analyzed
01:34:18.539 INFO  org.sonar.squidbridge.ProgressReport - 1/1 source files have been analyzed
01:34:18.540 INFO  org.sonar.squidbridge.ProgressReport - 1 source files to be analyzed
01:34:18.589 INFO  org.sonar.squidbridge.ProgressReport - 1/1 source files have been analyzed
01:34:18.590 INFO  org.sonar.squidbridge.ProgressReport - 1 source files to be analyzed
01:34:18.593 INFO  org.sonar.squidbridge.ProgressReport - 1/1 source files have been analyzed
01:34:18.593 INFO  org.sonar.squidbridge.ProgressReport - 0 source files to be analyzed
01:34:18.594 INFO  org.sonar.squidbridge.ProgressReport - 0/0 source files have been analyzed
01:34:18.594 INFO  org.sonar.squidbridge.ProgressReport - 1 source files to be analyzed
01:34:18.868 INFO  org.sonar.squidbridge.ProgressReport - 1/1 source files have been analyzed
01:34:18.869 INFO  org.sonar.squidbridge.ProgressReport - 1 source files to be analyzed
01:34:18.904 INFO  org.sonar.squidbridge.ProgressReport - 1/1 source files have been analyzed
01:34:18.905 INFO  org.sonar.squidbridge.ProgressReport - 1 source files to be analyzed
01:34:18.907 ERROR org.sonar.java.xml.XmlParser - Unable to parse xml file: src/test/files/xml/maven/parse-issue/pom.xml
01:34:18.907 INFO  org.sonar.squidbridge.ProgressReport - 1/1 source files have been analyzed
[INFO] Tests run: 11, Failures: 0, Errors: 0, Skipped: 0, Time elapsed: 1.393 s - in org.sonar.java.xml.XmlAnalyzerTest
[INFO] Running org.sonar.java.se.checks.RedundantAssignmentsCheckTest
01:34:18.910 INFO  org.sonar.squidbridge.ProgressReport - 1 source files to be analyzed
01:34:19.076 INFO  org.sonar.squidbridge.ProgressReport - 1/1 source files have been analyzed
[INFO] Tests run: 1, Failures: 0, Errors: 0, Skipped: 0, Time elapsed: 0.168 s - in org.sonar.java.se.checks.RedundantAssignmentsCheckTest
[INFO] Running org.sonar.java.ast.parser.grammar.statements.VariableDeclaratorTest
[INFO] Tests run: 2, Failures: 0, Errors: 0, Skipped: 0, Time elapsed: 0.001 s - in org.sonar.java.ast.parser.grammar.statements.VariableDeclaratorTest
[INFO] Running org.sonar.java.model.declaration.UsesDirectiveTreeImplTest
[INFO] Tests run: 2, Failures: 0, Errors: 0, Skipped: 0, Time elapsed: 0.122 s - in org.sonar.java.model.declaration.UsesDirectiveTreeImplTest
[INFO] Running org.sonar.java.ast.parser.grammar.statements.ContinueStatementTest
[INFO] Tests run: 1, Failures: 0, Errors: 0, Skipped: 0, Time elapsed: 0.001 s - in org.sonar.java.ast.parser.grammar.statements.ContinueStatementTest
[INFO] Running org.sonar.java.JavaIssueTest
[INFO] Tests run: 2, Failures: 0, Errors: 0, Skipped: 0, Time elapsed: 0.005 s - in org.sonar.java.JavaIssueTest
[INFO] Running org.sonar.java.se.checks.NoWayOutLoopCheckTest
01:34:19.217 INFO  org.sonar.squidbridge.ProgressReport - 1 source files to be analyzed
01:34:19.373 INFO  org.sonar.squidbridge.ProgressReport - 1/1 source files have been analyzed
[INFO] Tests run: 1, Failures: 0, Errors: 0, Skipped: 0, Time elapsed: 0.157 s - in org.sonar.java.se.checks.NoWayOutLoopCheckTest
[INFO] Running org.sonar.java.resolve.MethodReferenceResolutionTest
[INFO] Tests run: 9, Failures: 0, Errors: 0, Skipped: 0, Time elapsed: 1.859 s - in org.sonar.java.resolve.MethodReferenceResolutionTest
[INFO] Running org.sonar.java.matcher.NameCriteriaTest
[INFO] Tests run: 3, Failures: 0, Errors: 0, Skipped: 0, Time elapsed: 0 s - in org.sonar.java.matcher.NameCriteriaTest
[INFO] Running org.sonar.java.cfg.CFGTest
[INFO] Tests run: 73, Failures: 0, Errors: 0, Skipped: 0, Time elapsed: 1.714 s - in org.sonar.java.cfg.CFGTest
[INFO] Running org.sonar.java.StrutsTest
01:34:24.337 INFO  org.sonar.java.JavaSquid - Java Main Files AST scan
01:34:24.338 INFO  org.sonar.squidbridge.ProgressReport - 134 source files to be analyzed
01:34:34.338 INFO  org.sonar.squidbridge.ProgressReport - 51/134 files analyzed, current file: /home/travis/build/failed/SonarSource/sonar-java/java-frontend/target/test-projects/struts-core-1.3.9/src/org/apache/struts/chain/commands/generic/WrappingLookupCommand.java
01:34:44.339 INFO  org.sonar.squidbridge.ProgressReport - 110/134 files analyzed, current file: /home/travis/build/failed/SonarSource/sonar-java/java-frontend/target/test-projects/struts-core-1.3.9/src/org/apache/struts/util/IteratorAdapter.java
01:34:53.281 INFO  org.sonar.java.JavaSquid - Java Main Files AST scan (done) | time=28944ms
01:34:53.281 INFO  org.sonar.squidbridge.ProgressReport - 134/134 source files have been analyzed
01:34:53.281 INFO  org.sonar.java.JavaSquid - Java Test Files AST scan
01:34:53.281 INFO  org.sonar.squidbridge.ProgressReport - 0 source files to be analyzed
01:34:53.282 INFO  org.sonar.java.JavaSquid - Java Test Files AST scan (done) | time=1ms
01:34:53.282 INFO  org.sonar.squidbridge.ProgressReport - 0/0 source files have been analyzed
[INFO] Tests run: 1, Failures: 0, Errors: 0, Skipped: 0, Time elapsed: 30.621 s - in org.sonar.java.StrutsTest
[INFO] Running org.sonar.java.se.constraint.ConstraintManagerTest
[INFO] Tests run: 17, Failures: 0, Errors: 0, Skipped: 0, Time elapsed: 0.321 s - in org.sonar.java.se.constraint.ConstraintManagerTest
[INFO] Running org.sonar.java.se.SECheckTest
[INFO] Tests run: 1, Failures: 0, Errors: 0, Skipped: 0, Time elapsed: 0.017 s - in org.sonar.java.se.SECheckTest
[INFO] Running org.sonar.java.resolve.SafetyNetTest
[INFO] Tests run: 1, Failures: 0, Errors: 0, Skipped: 0, Time elapsed: 39.887 s - in org.sonar.java.resolve.SafetyNetTest
[INFO] Running org.sonar.java.resolve.ScopeTest
[INFO] Tests run: 5, Failures: 0, Errors: 0, Skipped: 0, Time elapsed: 0 s - in org.sonar.java.resolve.ScopeTest
[INFO] Running org.sonar.java.ast.parser.grammar.statements.SwitchStatementTest
[INFO] Tests run: 1, Failures: 0, Errors: 0, Skipped: 0, Time elapsed: 0.004 s - in org.sonar.java.ast.parser.grammar.statements.SwitchStatementTest
[INFO] Running org.sonar.java.resolve.MethodJavaTypeTest
[INFO] Tests run: 4, Failures: 0, Errors: 0, Skipped: 0, Time elapsed: 0 s - in org.sonar.java.resolve.MethodJavaTypeTest
[INFO] Running org.sonar.java.ast.visitors.FileLinesVisitorTest
01:35:33.819 INFO  org.sonar.java.JavaSquid - Java Main Files AST scan
01:35:33.819 INFO  org.sonar.squidbridge.ProgressReport - 1 source files to be analyzed
01:35:33.965 INFO  org.sonar.java.JavaSquid - Java Main Files AST scan (done) | time=146ms
01:35:33.965 INFO  org.sonar.java.JavaSquid - Java Test Files AST scan
01:35:33.965 INFO  org.sonar.squidbridge.ProgressReport - 1/1 source files have been analyzed
01:35:33.965 INFO  org.sonar.squidbridge.ProgressReport - 0 source files to be analyzed
01:35:33.965 INFO  org.sonar.java.JavaSquid - Java Test Files AST scan (done) | time=0ms
01:35:33.965 INFO  org.sonar.squidbridge.ProgressReport - 0/0 source files have been analyzed
01:35:34.026 INFO  org.sonar.java.JavaSquid - Java Main Files AST scan
01:35:34.026 INFO  org.sonar.squidbridge.ProgressReport - 1 source files to be analyzed
01:35:34.028 INFO  org.sonar.java.JavaSquid - Java Main Files AST scan (done) | time=2ms
01:35:34.028 INFO  org.sonar.squidbridge.ProgressReport - 1/1 source files have been analyzed
01:35:34.028 INFO  org.sonar.java.JavaSquid - Java Test Files AST scan
01:35:34.028 INFO  org.sonar.squidbridge.ProgressReport - 0 source files to be analyzed
01:35:34.028 INFO  org.sonar.java.JavaSquid - Java Test Files AST scan (done) | time=0ms
01:35:34.028 INFO  org.sonar.squidbridge.ProgressReport - 0/0 source files have been analyzed
[INFO] Tests run: 2, Failures: 0, Errors: 0, Skipped: 0, Time elapsed: 0.214 s - in org.sonar.java.ast.visitors.FileLinesVisitorTest
[INFO] Running org.sonar.java.ast.parser.grammar.moduledirectives.OpensDirectiveTest
[INFO] Tests run: 1, Failures: 0, Errors: 0, Skipped: 0, Time elapsed: 0.001 s - in org.sonar.java.ast.parser.grammar.moduledirectives.OpensDirectiveTest
[INFO] Running org.sonar.java.se.checks.NullDereferenceCheckTest
01:35:34.038 INFO  org.sonar.squidbridge.ProgressReport - 1 source files to be analyzed
01:35:34.048 INFO  org.sonar.squidbridge.ProgressReport - 1/1 source files have been analyzed
01:35:34.052 INFO  org.sonar.squidbridge.ProgressReport - 1 source files to be analyzed
01:35:34.090 INFO  org.sonar.squidbridge.ProgressReport - 1/1 source files have been analyzed
01:35:34.095 INFO  org.sonar.squidbridge.ProgressReport - 1 source files to be analyzed
01:35:34.107 INFO  org.sonar.squidbridge.ProgressReport - 1/1 source files have been analyzed
01:35:34.110 INFO  org.sonar.squidbridge.ProgressReport - 1 source files to be analyzed
01:35:34.116 INFO  org.sonar.squidbridge.ProgressReport - 1/1 source files have been analyzed
01:35:34.119 INFO  org.sonar.squidbridge.ProgressReport - 1 source files to be analyzed
01:35:34.218 INFO  org.sonar.squidbridge.ProgressReport - 1/1 source files have been analyzed
01:35:34.223 INFO  org.sonar.squidbridge.ProgressReport - 1 source files to be analyzed
01:35:34.241 INFO  org.sonar.squidbridge.ProgressReport - 1/1 source files have been analyzed
01:35:34.244 INFO  org.sonar.squidbridge.ProgressReport - 1 source files to be analyzed
01:35:34.250 INFO  org.sonar.squidbridge.ProgressReport - 1/1 source files have been analyzed
01:35:34.253 INFO  org.sonar.squidbridge.ProgressReport - 1 source files to be analyzed
01:35:34.258 INFO  org.sonar.squidbridge.ProgressReport - 1/1 source files have been analyzed
01:35:34.261 INFO  org.sonar.squidbridge.ProgressReport - 1 source files to be analyzed
01:35:34.296 INFO  org.sonar.squidbridge.ProgressReport - 1/1 source files have been analyzed
[INFO] Tests run: 9, Failures: 0, Errors: 0, Skipped: 0, Time elapsed: 0.262 s - in org.sonar.java.se.checks.NullDereferenceCheckTest
[INFO] Running org.sonar.java.model.declaration.ProvidesDirectiveTreeImplTest
[INFO] Tests run: 2, Failures: 0, Errors: 0, Skipped: 0, Time elapsed: 0.005 s - in org.sonar.java.model.declaration.ProvidesDirectiveTreeImplTest
[INFO] Running org.sonar.java.se.symbolicvalues.RelationalSymbolicValueTest
01:35:34.485 INFO  org.sonar.squidbridge.ProgressReport - 1 source files to be analyzed
01:35:34.496 INFO  org.sonar.squidbridge.ProgressReport - 1/1 source files have been analyzed
01:35:34.557 INFO  org.sonar.squidbridge.ProgressReport - 1 source files to be analyzed
01:35:34.568 INFO  org.sonar.squidbridge.ProgressReport - 1/1 source files have been analyzed
[INFO] Tests run: 24, Failures: 0, Errors: 0, Skipped: 0, Time elapsed: 2.405 s - in org.sonar.java.se.symbolicvalues.RelationalSymbolicValueTest
[INFO] Running org.sonar.java.ast.api.JavaRestrictedKeywordTest
[INFO] Tests run: 1, Failures: 0, Errors: 0, Skipped: 0, Time elapsed: 0 s - in org.sonar.java.ast.api.JavaRestrictedKeywordTest
[INFO] Running org.sonar.java.resolve.BytecodeCompleterTest
01:35:37.249 WARN  o.sonar.java.resolve.BytecodeVisitor - bridge method setSliderMinValue not marked as synthetic in class model42/PresentationModel42
01:35:37.249 WARN  o.sonar.java.resolve.BytecodeVisitor - bridge method setSliderMaxValue not marked as synthetic in class model42/PresentationModel42
01:35:37.249 WARN  o.sonar.java.resolve.BytecodeVisitor - bridge method setSliderValue not marked as synthetic in class model42/PresentationModel42
01:35:37.249 WARN  o.sonar.java.resolve.BytecodeVisitor - bridge method setSliderEnabled not marked as synthetic in class model42/PresentationModel42
01:35:37.249 WARN  o.sonar.java.resolve.BytecodeVisitor - bridge method setAutoSliderCheckboxSelected not marked as synthetic in class model42/PresentationModel42
01:35:37.249 WARN  o.sonar.java.resolve.BytecodeVisitor - bridge method setAutoSliderCheckboxEnabled not marked as synthetic in class model42/PresentationModel42
01:35:37.249 WARN  o.sonar.java.resolve.BytecodeVisitor - bridge method setAutoSliderLowerLimit not marked as synthetic in class model42/PresentationModel42
01:35:37.249 WARN  o.sonar.java.resolve.BytecodeVisitor - bridge method setAutoSliderUpperLimit not marked as synthetic in class model42/PresentationModel42
01:35:37.249 WARN  o.sonar.java.resolve.BytecodeVisitor - bridge method setDoPaintAutoSliderRange not marked as synthetic in class model42/PresentationModel42
01:35:37.249 WARN  o.sonar.java.resolve.BytecodeVisitor - bridge method setCpuLoadSetpointPercentage not marked as synthetic in class model42/PresentationModel42
01:35:37.249 WARN  o.sonar.java.resolve.BytecodeVisitor - bridge method setAdjustIntervalSeconds not marked as synthetic in class model42/PresentationModel42
01:35:37.249 WARN  o.sonar.java.resolve.BytecodeVisitor - bridge method setActualNumberOfWorkers not marked as synthetic in class model42/PresentationModel42
[INFO] Tests run: 42, Failures: 0, Errors: 0, Skipped: 0, Time elapsed: 1.621 s - in org.sonar.java.resolve.BytecodeCompleterTest
[INFO] Running org.sonar.plugins.java.api.LocationTest
[INFO] Tests run: 3, Failures: 0, Errors: 0, Skipped: 0, Time elapsed: 0 s - in org.sonar.plugins.java.api.LocationTest
[INFO] Running org.sonar.java.ast.parser.grammar.types.TypeArgumentTest
[INFO] Tests run: 1, Failures: 0, Errors: 0, Skipped: 0, Time elapsed: 0 s - in org.sonar.java.ast.parser.grammar.types.TypeArgumentTest
[INFO] Running org.sonar.java.ast.parser.grammar.units.CompilationUnitTest
[INFO] Tests run: 1, Failures: 0, Errors: 0, Skipped: 0, Time elapsed: 0 s - in org.sonar.java.ast.parser.grammar.units.CompilationUnitTest
[INFO] Running org.sonar.java.se.checks.StreamNotConsumedCheckTest
01:35:38.345 INFO  org.sonar.squidbridge.ProgressReport - 1 source files to be analyzed
01:35:38.397 INFO  org.sonar.squidbridge.ProgressReport - 1/1 source files have been analyzed
[INFO] Tests run: 1, Failures: 0, Errors: 0, Skipped: 0, Time elapsed: 0.051 s - in org.sonar.java.se.checks.StreamNotConsumedCheckTest
[INFO] Running org.sonar.java.ast.parser.grammar.statements.SwitchLabelTest
[INFO] Tests run: 1, Failures: 0, Errors: 0, Skipped: 0, Time elapsed: 0.002 s - in org.sonar.java.ast.parser.grammar.statements.SwitchLabelTest
[INFO] Running org.sonar.java.ast.parser.grammar.types.BoundTest
[INFO] Tests run: 1, Failures: 0, Errors: 0, Skipped: 0, Time elapsed: 0.001 s - in org.sonar.java.ast.parser.grammar.types.BoundTest
[INFO] Running org.sonar.java.ast.parser.grammar.expressions.ExpressionTest
[INFO] Tests run: 3, Failures: 0, Errors: 0, Skipped: 0, Time elapsed: 0.01 s - in org.sonar.java.ast.parser.grammar.expressions.ExpressionTest
[INFO] Running org.sonar.java.se.JavaCheckVerifierTest
01:35:38.420 INFO  org.sonar.squidbridge.ProgressReport - 1 source files to be analyzed
01:35:38.428 INFO  org.sonar.squidbridge.ProgressReport - 1 source files to be analyzed
01:35:38.435 INFO  org.sonar.squidbridge.ProgressReport - 1/1 source files have been analyzed
01:35:38.440 INFO  org.sonar.squidbridge.ProgressReport - 1 source files to be analyzed
01:35:38.454 INFO  org.sonar.squidbridge.ProgressReport - 1/1 source files have been analyzed
01:35:38.461 INFO  org.sonar.squidbridge.ProgressReport - 1 source files to be analyzed
01:35:38.466 INFO  org.sonar.squidbridge.ProgressReport - 1 source files to be analyzed
01:35:38.471 INFO  org.sonar.squidbridge.ProgressReport - 1 source files to be analyzed
01:35:38.477 INFO  org.sonar.squidbridge.ProgressReport - 1/1 source files have been analyzed
01:35:38.483 INFO  org.sonar.squidbridge.ProgressReport - 1 source files to be analyzed
01:35:38.490 INFO  org.sonar.squidbridge.ProgressReport - 1/1 source files have been analyzed
01:35:38.495 INFO  org.sonar.squidbridge.ProgressReport - 1 source files to be analyzed
01:35:38.500 INFO  org.sonar.squidbridge.ProgressReport - 1/1 source files have been analyzed
01:35:38.503 INFO  org.sonar.squidbridge.ProgressReport - 1 source files to be analyzed
01:35:38.507 INFO  org.sonar.squidbridge.ProgressReport - 1 source files to be analyzed
01:35:38.512 INFO  org.sonar.squidbridge.ProgressReport - 1/1 source files have been analyzed
01:35:38.515 INFO  org.sonar.squidbridge.ProgressReport - 1 source files to be analyzed
01:35:38.520 INFO  org.sonar.squidbridge.ProgressReport - 1/1 source files have been analyzed
01:35:38.680 INFO  org.sonar.squidbridge.ProgressReport - 1 source files to be analyzed
01:35:38.693 INFO  org.sonar.squidbridge.ProgressReport - 1/1 source files have been analyzed
01:35:38.698 INFO  org.sonar.squidbridge.ProgressReport - 1 source files to be analyzed
01:35:38.704 INFO  org.sonar.squidbridge.ProgressReport - 1/1 source files have been analyzed
01:35:38.708 INFO  org.sonar.squidbridge.ProgressReport - 1 source files to be analyzed
01:35:38.715 INFO  org.sonar.squidbridge.ProgressReport - 1/1 source files have been analyzed
01:35:38.718 INFO  org.sonar.squidbridge.ProgressReport - 1 source files to be analyzed
01:35:38.723 INFO  org.sonar.squidbridge.ProgressReport - 1/1 source files have been analyzed
01:35:38.726 INFO  org.sonar.squidbridge.ProgressReport - 1 source files to be analyzed
01:35:38.734 INFO  org.sonar.squidbridge.ProgressReport - 1/1 source files have been analyzed
01:35:38.741 INFO  org.sonar.squidbridge.ProgressReport - 1 source files to be analyzed
01:35:38.748 INFO  org.sonar.squidbridge.ProgressReport - 1/1 source files have been analyzed
01:35:38.751 INFO  org.sonar.squidbridge.ProgressReport - 1 source files to be analyzed
01:35:38.756 INFO  org.sonar.squidbridge.ProgressReport - 1/1 source files have been analyzed
01:35:38.759 INFO  org.sonar.squidbridge.ProgressReport - 1 source files to be analyzed
01:35:38.763 INFO  org.sonar.squidbridge.ProgressReport - 1/1 source files have been analyzed
01:35:38.766 INFO  org.sonar.squidbridge.ProgressReport - 1 source files to be analyzed
01:35:38.770 INFO  org.sonar.squidbridge.ProgressReport - 1/1 source files have been analyzed
01:35:38.772 INFO  org.sonar.squidbridge.ProgressReport - 1 source files to be analyzed
01:35:38.777 INFO  org.sonar.squidbridge.ProgressReport - 1/1 source files have been analyzed
01:35:38.780 INFO  org.sonar.squidbridge.ProgressReport - 1 source files to be analyzed
01:35:38.783 INFO  org.sonar.squidbridge.ProgressReport - 1/1 source files have been analyzed
01:35:38.786 INFO  org.sonar.squidbridge.ProgressReport - 1 source files to be analyzed
01:35:38.793 INFO  org.sonar.squidbridge.ProgressReport - 1/1 source files have been analyzed
01:35:38.796 INFO  org.sonar.squidbridge.ProgressReport - 1 source files to be analyzed
01:35:38.801 INFO  org.sonar.squidbridge.ProgressReport - 1/1 source files have been analyzed
01:35:38.803 INFO  org.sonar.squidbridge.ProgressReport - 1 source files to be analyzed
01:35:38.823 INFO  org.sonar.squidbridge.ProgressReport - 1/1 source files have been analyzed
01:35:38.828 INFO  org.sonar.squidbridge.ProgressReport - 1 source files to be analyzed
01:35:38.836 INFO  org.sonar.squidbridge.ProgressReport - 1/1 source files have been analyzed
01:35:38.840 INFO  org.sonar.squidbridge.ProgressReport - 1 source files to be analyzed
01:35:38.847 INFO  org.sonar.squidbridge.ProgressReport - 1 source files to be analyzed
01:35:38.855 INFO  org.sonar.squidbridge.ProgressReport - 1/1 source files have been analyzed
01:35:38.858 INFO  org.sonar.squidbridge.ProgressReport - 1 source files to be analyzed
[INFO] Tests run: 30, Failures: 0, Errors: 0, Skipped: 0, Time elapsed: 0.445 s - in org.sonar.java.se.JavaCheckVerifierTest
[INFO] Running org.sonar.java.ast.api.JavaKeywordTest
[INFO] Tests run: 1, Failures: 0, Errors: 0, Skipped: 0, Time elapsed: 0 s - in org.sonar.java.ast.api.JavaKeywordTest
[INFO] Running org.sonar.java.se.ProgramStateTest
[INFO] Tests run: 14, Failures: 0, Errors: 0, Skipped: 0, Time elapsed: 0 s - in org.sonar.java.se.ProgramStateTest
[INFO] Running org.sonar.java.se.checks.FlowComputationTest
01:35:38.869 INFO  org.sonar.squidbridge.ProgressReport - 1 source files to be analyzed
01:35:38.874 INFO  org.sonar.squidbridge.ProgressReport - 1/1 source files have been analyzed
01:35:38.877 INFO  org.sonar.squidbridge.ProgressReport - 1 source files to be analyzed
01:35:38.885 INFO  org.sonar.squidbridge.ProgressReport - 1/1 source files have been analyzed
01:35:38.888 INFO  org.sonar.squidbridge.ProgressReport - 1 source files to be analyzed
01:35:38.899 INFO  org.sonar.squidbridge.ProgressReport - 1/1 source files have been analyzed
01:35:38.902 INFO  org.sonar.squidbridge.ProgressReport - 1 source files to be analyzed
01:35:38.912 INFO  org.sonar.squidbridge.ProgressReport - 1/1 source files have been analyzed
01:35:38.916 INFO  org.sonar.squidbridge.ProgressReport - 1 source files to be analyzed
01:35:38.930 INFO  org.sonar.squidbridge.ProgressReport - 1/1 source files have been analyzed
01:35:38.933 INFO  org.sonar.squidbridge.ProgressReport - 1 source files to be analyzed
01:35:38.944 INFO  org.sonar.squidbridge.ProgressReport - 1/1 source files have been analyzed
01:35:38.948 INFO  org.sonar.squidbridge.ProgressReport - 1 source files to be analyzed
01:35:38.965 INFO  org.sonar.squidbridge.ProgressReport - 1/1 source files have been analyzed
01:35:38.968 INFO  org.sonar.squidbridge.ProgressReport - 1 source files to be analyzed
01:35:38.986 INFO  org.sonar.squidbridge.ProgressReport - 1/1 source files have been analyzed
01:35:38.990 INFO  org.sonar.squidbridge.ProgressReport - 1 source files to be analyzed
01:35:39.001 INFO  org.sonar.squidbridge.ProgressReport - 1/1 source files have been analyzed
01:35:39.006 INFO  org.sonar.squidbridge.ProgressReport - 1 source files to be analyzed
01:35:39.014 INFO  org.sonar.squidbridge.ProgressReport - 1/1 source files have been analyzed
01:35:39.024 INFO  org.sonar.squidbridge.ProgressReport - 1 source files to be analyzed
01:35:39.035 INFO  org.sonar.squidbridge.ProgressReport - 1/1 source files have been analyzed
01:35:39.039 INFO  org.sonar.squidbridge.ProgressReport - 1 source files to be analyzed
01:35:39.050 INFO  org.sonar.squidbridge.ProgressReport - 1/1 source files have been analyzed
01:35:39.053 INFO  org.sonar.squidbridge.ProgressReport - 1 source files to be analyzed
01:35:39.070 INFO  org.sonar.squidbridge.ProgressReport - 1/1 source files have been analyzed
01:35:39.074 INFO  org.sonar.squidbridge.ProgressReport - 1 source files to be analyzed
01:35:39.092 INFO  org.sonar.squidbridge.ProgressReport - 1/1 source files have been analyzed
01:35:39.096 INFO  org.sonar.squidbridge.ProgressReport - 1 source files to be analyzed
01:35:39.108 INFO  org.sonar.squidbridge.ProgressReport - 1/1 source files have been analyzed
01:35:39.109 DEBUG o.s.java.bytecode.ClassLoaderBuilder - ----- Classpath analyzed by Squid:
01:35:39.109 DEBUG o.s.java.bytecode.ClassLoaderBuilder - /home/travis/build/failed/SonarSource/sonar-java/java-frontend/target/test-jars/annotations-13.0.jar
01:35:39.109 DEBUG o.s.java.bytecode.ClassLoaderBuilder - /home/travis/build/failed/SonarSource/sonar-java/java-frontend/target/test-jars/annotations-3.0.0.jar
01:35:39.109 DEBUG o.s.java.bytecode.ClassLoaderBuilder - /home/travis/build/failed/SonarSource/sonar-java/java-frontend/target/test-jars/aspectjtools-1.8.10.jar
01:35:39.109 DEBUG o.s.java.bytecode.ClassLoaderBuilder - /home/travis/build/failed/SonarSource/sonar-java/java-frontend/target/test-jars/commons-collections-3.2.1.jar
01:35:39.109 DEBUG o.s.java.bytecode.ClassLoaderBuilder - /home/travis/build/failed/SonarSource/sonar-java/java-frontend/target/test-jars/commons-collections4-4.1.jar
01:35:39.109 DEBUG o.s.java.bytecode.ClassLoaderBuilder - /home/travis/build/failed/SonarSource/sonar-java/java-frontend/target/test-jars/commons-lang-2.6.jar
01:35:39.109 DEBUG o.s.java.bytecode.ClassLoaderBuilder - /home/travis/build/failed/SonarSource/sonar-java/java-frontend/target/test-jars/commons-lang3-3.5.jar
01:35:39.109 DEBUG o.s.java.bytecode.ClassLoaderBuilder - /home/travis/build/failed/SonarSource/sonar-java/java-frontend/target/test-jars/guava-20.0.jar
01:35:39.109 DEBUG o.s.java.bytecode.ClassLoaderBuilder - /home/travis/build/failed/SonarSource/sonar-java/java-frontend/target/test-jars/hibernate-jpa-2.0-api-1.0.1.Final.jar
01:35:39.109 DEBUG o.s.java.bytecode.ClassLoaderBuilder - /home/travis/build/failed/SonarSource/sonar-java/java-frontend/target/test-jars/javaee-api-7.0.jar
01:35:39.109 DEBUG o.s.java.bytecode.ClassLoaderBuilder - /home/travis/build/failed/SonarSource/sonar-java/java-frontend/target/test-jars/javax.servlet-api-3.1.0.jar
01:35:39.109 DEBUG o.s.java.bytecode.ClassLoaderBuilder - /home/travis/build/failed/SonarSource/sonar-java/java-frontend/target/test-jars/jsr305-1.3.9.jar
01:35:39.109 DEBUG o.s.java.bytecode.ClassLoaderBuilder - /home/travis/build/failed/SonarSource/sonar-java/java-frontend/target/test-jars/junit-jupiter-api-5.0.0-M4.jar
01:35:39.109 DEBUG o.s.java.bytecode.ClassLoaderBuilder - /home/travis/build/failed/SonarSource/sonar-java/java-frontend/target/test-jars/log4j-core-2.3.jar
01:35:39.109 DEBUG o.s.java.bytecode.ClassLoaderBuilder - /home/travis/build/failed/SonarSource/sonar-java/java-frontend/target/test-jars/lombok-1.16.4.jar
01:35:39.109 DEBUG o.s.java.bytecode.ClassLoaderBuilder - /home/travis/build/failed/SonarSource/sonar-java/java-frontend/target/test-jars/org.eclipse.jdt.annotation-2.1.100.jar
01:35:39.109 DEBUG o.s.java.bytecode.ClassLoaderBuilder - /home/travis/build/failed/SonarSource/sonar-java/java-frontend/target/test-jars/spring-context-5.0.4.RELEASE.jar
01:35:39.109 DEBUG o.s.java.bytecode.ClassLoaderBuilder - /home/travis/build/failed/SonarSource/sonar-java/java-frontend/target/test-jars/spring-core-4.3.8.RELEASE.jar
01:35:39.109 DEBUG o.s.java.bytecode.ClassLoaderBuilder - /home/travis/build/failed/SonarSource/sonar-java/java-frontend/target/test-jars/spring-core-5.0.7.RELEASE.jar
01:35:39.109 DEBUG o.s.java.bytecode.ClassLoaderBuilder - /home/travis/build/failed/SonarSource/sonar-java/java-frontend/target/test-jars/spring-jdbc-5.0.7.RELEASE.jar
01:35:39.109 DEBUG o.s.java.bytecode.ClassLoaderBuilder - /home/travis/build/failed/SonarSource/sonar-java/java-frontend/target/test-jars/spring-web-5.0.4.RELEASE.jar
01:35:39.109 DEBUG o.s.java.bytecode.ClassLoaderBuilder - /home/travis/build/failed/SonarSource/sonar-java/java-frontend/target/test-classes
01:35:39.109 DEBUG o.s.java.bytecode.ClassLoaderBuilder - -----
01:35:39.112 INFO  org.sonar.squidbridge.ProgressReport - 1 source files to be analyzed
01:35:39.120 DEBUG o.s.j.b.loader.SquidClassLoader - .class not found for Object
01:35:39.120 DEBUG o.s.j.b.loader.SquidClassLoader - .class not found for java.lang.package-info
01:35:39.120 DEBUG o.s.j.b.loader.SquidClassLoader - .class not found for java.lang.Synthetic$Object
01:35:39.120 DEBUG o.s.j.b.loader.SquidClassLoader - .class not found for Object
01:35:39.120 DEBUG o.s.j.b.loader.SquidClassLoader - .class not found for java.lang.Synthetic$Object
01:35:39.120 DEBUG o.s.j.b.loader.SquidClassLoader - .class not found for Object
01:35:39.120 DEBUG o.s.j.b.loader.SquidClassLoader - .class not found for java.lang.Synthetic$Object
01:35:39.120 DEBUG o.s.j.b.loader.SquidClassLoader - .class not found for System
01:35:39.121 DEBUG o.s.j.b.loader.SquidClassLoader - .class not found for java.lang.Synthetic$System
01:35:39.121 DEBUG o.s.j.b.loader.SquidClassLoader - .class not found for System
01:35:39.122 DEBUG o.s.j.b.loader.SquidClassLoader - .class not found for java.lang.Synthetic$System
01:35:39.122 DEBUG o.s.j.b.loader.SquidClassLoader - .class not found for System
01:35:39.122 DEBUG o.s.j.b.loader.SquidClassLoader - .class not found for java.lang.Synthetic$System
01:35:39.122 DEBUG o.s.j.b.loader.SquidClassLoader - .class not found for System
01:35:39.122 DEBUG o.s.j.b.loader.SquidClassLoader - .class not found for java.lang.Synthetic$System
01:35:39.122 DEBUG o.s.j.b.loader.SquidClassLoader - .class not found for System
01:35:39.122 DEBUG o.s.j.b.loader.SquidClassLoader - .class not found for java.lang.Synthetic$System
01:35:39.122 DEBUG o.s.j.b.loader.SquidClassLoader - .class not found for System
01:35:39.122 DEBUG o.s.j.b.loader.SquidClassLoader - .class not found for java.lang.Synthetic$System
01:35:39.122 DEBUG o.s.j.b.loader.SquidClassLoader - .class not found for System
01:35:39.122 DEBUG o.s.j.b.loader.SquidClassLoader - .class not found for java.lang.Synthetic$System
01:35:39.122 DEBUG o.s.j.b.loader.SquidClassLoader - .class not found for System
01:35:39.122 DEBUG o.s.j.b.loader.SquidClassLoader - .class not found for java.lang.Synthetic$System
01:35:39.122 DEBUG o.s.j.b.loader.SquidClassLoader - .class not found for System
01:35:39.122 DEBUG o.s.j.b.loader.SquidClassLoader - .class not found for java.lang.Synthetic$System
01:35:39.122 DEBUG o.s.j.b.loader.SquidClassLoader - .class not found for System
01:35:39.122 DEBUG o.s.j.b.loader.SquidClassLoader - .class not found for java.lang.Synthetic$System
01:35:39.122 DEBUG o.s.j.b.loader.SquidClassLoader - .class not found for System
01:35:39.122 DEBUG o.s.j.b.loader.SquidClassLoader - .class not found for java.lang.Synthetic$System
01:35:39.122 DEBUG o.s.j.b.loader.SquidClassLoader - .class not found for System
01:35:39.122 DEBUG o.s.j.b.loader.SquidClassLoader - .class not found for java.lang.Synthetic$System
01:35:39.122 DEBUG o.s.j.b.loader.SquidClassLoader - .class not found for System
01:35:39.122 DEBUG o.s.j.b.loader.SquidClassLoader - .class not found for java.lang.Synthetic$System
01:35:39.122 DEBUG o.s.j.b.loader.SquidClassLoader - .class not found for System
01:35:39.122 DEBUG o.s.j.b.loader.SquidClassLoader - .class not found for java.lang.Synthetic$System
01:35:39.123 DEBUG o.s.j.b.loader.SquidClassLoader - .class not found for System
01:35:39.123 DEBUG o.s.j.b.loader.SquidClassLoader - .class not found for java.lang.Synthetic$System
01:35:39.123 DEBUG o.s.j.b.loader.SquidClassLoader - .class not found for System
01:35:39.123 DEBUG o.s.j.b.loader.SquidClassLoader - .class not found for java.lang.Synthetic$System
01:35:39.123 DEBUG o.s.j.b.loader.SquidClassLoader - .class not found for System
01:35:39.123 DEBUG o.s.j.b.loader.SquidClassLoader - .class not found for java.lang.Synthetic$System
01:35:39.123 DEBUG o.s.j.b.loader.SquidClassLoader - .class not found for System
01:35:39.123 DEBUG o.s.j.b.loader.SquidClassLoader - .class not found for java.lang.Synthetic$System
01:35:39.123 DEBUG o.s.j.b.loader.SquidClassLoader - .class not found for System
01:35:39.123 DEBUG o.s.j.b.loader.SquidClassLoader - .class not found for java.lang.Synthetic$System
01:35:39.124 DEBUG o.s.j.b.loader.SquidClassLoader - .class not found for A
01:35:39.124 DEBUG o.s.j.bytecode.se.BytecodeEGWalker - Method body not found: %s
01:35:39.124 DEBUG o.s.j.b.loader.SquidClassLoader - .class not found for java.io.package-info
01:35:39.309 INFO  org.sonar.squidbridge.ProgressReport - 1/1 source files have been analyzed
01:35:39.310 INFO  org.sonar.squidbridge.ProgressReport - 1 source files to be analyzed
01:35:39.329 INFO  org.sonar.squidbridge.ProgressReport - 1/1 source files have been analyzed
[INFO] Tests run: 18, Failures: 0, Errors: 0, Skipped: 0, Time elapsed: 0.457 s - in org.sonar.java.se.checks.FlowComputationTest
[INFO] Running org.sonar.java.ast.parser.grammar.types.TypeTest
[INFO] Tests run: 1, Failures: 0, Errors: 0, Skipped: 0, Time elapsed: 0 s - in org.sonar.java.ast.parser.grammar.types.TypeTest
[INFO] Running org.sonar.java.ast.parser.grammar.statements.BlockStatementsTest
[INFO] Tests run: 1, Failures: 0, Errors: 0, Skipped: 0, Time elapsed: 0 s - in org.sonar.java.ast.parser.grammar.statements.BlockStatementsTest
[INFO] Running org.sonar.java.se.constraint.ConstraintsByDomainTest
[INFO] Tests run: 9, Failures: 0, Errors: 0, Skipped: 0, Time elapsed: 0 s - in org.sonar.java.se.constraint.ConstraintsByDomainTest
[INFO] Running org.sonar.java.se.ExceptionUtilsTest
[INFO] Tests run: 1, Failures: 0, Errors: 0, Skipped: 0, Time elapsed: 0.005 s - in org.sonar.java.se.ExceptionUtilsTest
[INFO] Running org.sonar.java.se.SymbolicValueFactoryTest
[INFO] Tests run: 1, Failures: 0, Errors: 0, Skipped: 0, Time elapsed: 0.074 s - in org.sonar.java.se.SymbolicValueFactoryTest
[INFO] Running org.sonar.java.ast.parser.grammar.statements.BlockTest
[INFO] Tests run: 1, Failures: 0, Errors: 0, Skipped: 0, Time elapsed: 0 s - in org.sonar.java.ast.parser.grammar.statements.BlockTest
[INFO] Running org.sonar.java.ast.parser.grammar.moduledirectives.RequiresDirectiveTest
[INFO] Tests run: 3, Failures: 0, Errors: 0, Skipped: 0, Time elapsed: 0.001 s - in org.sonar.java.ast.parser.grammar.moduledirectives.RequiresDirectiveTest
[INFO] Running org.sonar.java.JavaConstantsTest
[INFO] Tests run: 1, Failures: 0, Errors: 0, Skipped: 0, Time elapsed: 0 s - in org.sonar.java.JavaConstantsTest
[INFO] Running org.sonar.java.ast.parser.grammar.statements.IfStatementTest
[INFO] Tests run: 1, Failures: 0, Errors: 0, Skipped: 0, Time elapsed: 0 s - in org.sonar.java.ast.parser.grammar.statements.IfStatementTest
[INFO] Running org.sonar.java.ast.parser.grammar.literals.IntegerLiteralTest
[INFO] Tests run: 2, Failures: 0, Errors: 0, Skipped: 0, Time elapsed: 0.007 s - in org.sonar.java.ast.parser.grammar.literals.IntegerLiteralTest
[INFO] Running org.sonar.java.model.VisitorsBridgeForTestsTest
[INFO] Tests run: 2, Failures: 0, Errors: 0, Skipped: 0, Time elapsed: 0.114 s - in org.sonar.java.model.VisitorsBridgeForTestsTest
[INFO] Running org.sonar.java.bytecode.se.MethodLookupTest
[INFO] Tests run: 2, Failures: 0, Errors: 0, Skipped: 0, Time elapsed: 0.149 s - in org.sonar.java.bytecode.se.MethodLookupTest
[INFO] Running org.sonar.java.ast.parser.grammar.literals.CharacterLiteralTest
[INFO] Tests run: 1, Failures: 0, Errors: 0, Skipped: 0, Time elapsed: 0 s - in org.sonar.java.ast.parser.grammar.literals.CharacterLiteralTest
[INFO] Running org.sonar.java.resolve.SymbolTableTest
[INFO] Tests run: 74, Failures: 0, Errors: 0, Skipped: 0, Time elapsed: 1.416 s - in org.sonar.java.resolve.SymbolTableTest
[INFO] Running org.sonar.java.ast.parser.grammar.parameters.FormalParameterDeclsTest
[INFO] Tests run: 1, Failures: 0, Errors: 0, Skipped: 0, Time elapsed: 0 s - in org.sonar.java.ast.parser.grammar.parameters.FormalParameterDeclsTest
[INFO] Running org.sonar.java.ast.parser.grammar.statements.StatementTest
[INFO] Tests run: 1, Failures: 0, Errors: 0, Skipped: 0, Time elapsed: 0.001 s - in org.sonar.java.ast.parser.grammar.statements.StatementTest
[INFO] Running org.sonar.java.bytecode.se.BytecodeSECheckTest
[INFO] Tests run: 6, Failures: 0, Errors: 0, Skipped: 0, Time elapsed: 0.011 s - in org.sonar.java.bytecode.se.BytecodeSECheckTest
[INFO] Running org.sonar.java.JavaFilesCacheTest
01:35:41.156 INFO  org.sonar.squidbridge.ProgressReport - 1 source files to be analyzed
[INFO] Tests run: 1, Failures: 0, Errors: 0, Skipped: 0, Time elapsed: 0.317 s - in org.sonar.java.JavaFilesCacheTest
[INFO] Running org.sonar.java.ast.parser.grammar.moduledirectives.ExportsDirectiveTest
01:35:41.472 INFO  org.sonar.squidbridge.ProgressReport - 1/1 source files have been analyzed
[INFO] Tests run: 1, Failures: 0, Errors: 0, Skipped: 0, Time elapsed: 0 s - in org.sonar.java.ast.parser.grammar.moduledirectives.ExportsDirectiveTest
[INFO] Running org.sonar.java.ast.parser.grammar.moduledirectives.ProvidesDirectiveTest
[INFO] Tests run: 1, Failures: 0, Errors: 0, Skipped: 0, Time elapsed: 0 s - in org.sonar.java.ast.parser.grammar.moduledirectives.ProvidesDirectiveTest
[INFO] Running org.sonar.java.se.ExplodedGraphWalkerTest
01:35:41.479 INFO  org.sonar.squidbridge.ProgressReport - 1 source files to be analyzed
01:35:41.488 INFO  org.sonar.squidbridge.ProgressReport - 1/1 source files have been analyzed
01:35:41.682 INFO  org.sonar.squidbridge.ProgressReport - 1 source files to be analyzed
01:35:41.691 INFO  org.sonar.squidbridge.ProgressReport - 1/1 source files have been analyzed
01:35:41.764 INFO  org.sonar.squidbridge.ProgressReport - 1 source files to be analyzed
01:35:41.771 INFO  org.sonar.squidbridge.ProgressReport - 1/1 source files have been analyzed
01:35:41.775 INFO  org.sonar.squidbridge.ProgressReport - 1 source files to be analyzed
01:35:41.786 INFO  org.sonar.squidbridge.ProgressReport - 1/1 source files have been analyzed
01:35:41.790 INFO  org.sonar.squidbridge.ProgressReport - 1 source files to be analyzed
01:35:41.802 INFO  org.sonar.squidbridge.ProgressReport - 1/1 source files have been analyzed
01:35:41.871 INFO  org.sonar.squidbridge.ProgressReport - 1 source files to be analyzed
01:35:41.881 INFO  org.sonar.squidbridge.ProgressReport - 1/1 source files have been analyzed
01:35:41.885 INFO  org.sonar.squidbridge.ProgressReport - 1 source files to be analyzed
01:35:41.890 INFO  org.sonar.squidbridge.ProgressReport - 1/1 source files have been analyzed
01:35:41.893 INFO  org.sonar.squidbridge.ProgressReport - 1 source files to be analyzed
01:35:41.900 INFO  org.sonar.squidbridge.ProgressReport - 1/1 source files have been analyzed
01:35:41.906 INFO  org.sonar.squidbridge.ProgressReport - 1 source files to be analyzed
01:35:41.919 INFO  org.sonar.squidbridge.ProgressReport - 1/1 source files have been analyzed
01:35:42.017 INFO  org.sonar.squidbridge.ProgressReport - 1 source files to be analyzed
01:35:42.578 INFO  org.sonar.squidbridge.ProgressReport - 1/1 source files have been analyzed
01:35:42.583 INFO  org.sonar.squidbridge.ProgressReport - 1 source files to be analyzed
01:35:42.599 INFO  org.sonar.squidbridge.ProgressReport - 1/1 source files have been analyzed
01:35:42.605 INFO  org.sonar.squidbridge.ProgressReport - 1 source files to be analyzed
01:35:42.612 INFO  org.sonar.squidbridge.ProgressReport - 1/1 source files have been analyzed
01:35:42.631 INFO  org.sonar.squidbridge.ProgressReport - 1 source files to be analyzed
01:35:42.691 INFO  org.sonar.squidbridge.ProgressReport - 1/1 source files have been analyzed
01:35:42.696 INFO  org.sonar.squidbridge.ProgressReport - 1 source files to be analyzed
01:35:42.743 INFO  org.sonar.squidbridge.ProgressReport - 1/1 source files have been analyzed
01:35:42.745 INFO  org.sonar.squidbridge.ProgressReport - 1 source files to be analyzed
01:35:42.768 INFO  org.sonar.squidbridge.ProgressReport - 1/1 source files have been analyzed
01:35:42.775 INFO  org.sonar.squidbridge.ProgressReport - 1 source files to be analyzed
01:35:42.781 INFO  org.sonar.squidbridge.ProgressReport - 1/1 source files have been analyzed
01:35:42.851 INFO  org.sonar.squidbridge.ProgressReport - 1 source files to be analyzed
01:35:43.351 INFO  org.sonar.squidbridge.ProgressReport - 1/1 source files have been analyzed
01:35:43.353 INFO  org.sonar.squidbridge.ProgressReport - 1 source files to be analyzed
01:35:43.370 INFO  org.sonar.squidbridge.ProgressReport - 1/1 source files have been analyzed
01:35:43.375 INFO  org.sonar.squidbridge.ProgressReport - 1 source files to be analyzed
01:35:43.384 INFO  org.sonar.squidbridge.ProgressReport - 1/1 source files have been analyzed
01:35:43.388 INFO  org.sonar.squidbridge.ProgressReport - 1 source files to be analyzed
01:35:43.401 INFO  org.sonar.squidbridge.ProgressReport - 1/1 source files have been analyzed
01:35:43.405 INFO  org.sonar.squidbridge.ProgressReport - 1 source files to be analyzed
01:35:48.630 INFO  org.sonar.squidbridge.ProgressReport - 1/1 source files have been analyzed
01:35:48.763 INFO  org.sonar.squidbridge.ProgressReport - 1 source files to be analyzed
01:35:48.769 INFO  org.sonar.squidbridge.ProgressReport - 1/1 source files have been analyzed
01:35:48.775 INFO  org.sonar.squidbridge.ProgressReport - 1 source files to be analyzed
01:35:48.875 INFO  org.sonar.squidbridge.ProgressReport - 1/1 source files have been analyzed
01:35:48.888 INFO  org.sonar.squidbridge.ProgressReport - 1 source files to be analyzed
01:35:48.910 INFO  org.sonar.squidbridge.ProgressReport - 1/1 source files have been analyzed
01:35:48.914 INFO  org.sonar.squidbridge.ProgressReport - 1 source files to be analyzed
01:35:48.933 INFO  org.sonar.squidbridge.ProgressReport - 1/1 source files have been analyzed
01:35:48.937 INFO  org.sonar.squidbridge.ProgressReport - 1 source files to be analyzed
01:35:48.950 INFO  org.sonar.squidbridge.ProgressReport - 1/1 source files have been analyzed
01:35:48.954 INFO  org.sonar.squidbridge.ProgressReport - 1 source files to be analyzed
01:35:48.968 INFO  org.sonar.squidbridge.ProgressReport - 1/1 source files have been analyzed
01:35:48.973 INFO  org.sonar.squidbridge.ProgressReport - 1 source files to be analyzed
01:35:48.984 INFO  org.sonar.squidbridge.ProgressReport - 1/1 source files have been analyzed
01:35:49.447 INFO  org.sonar.squidbridge.ProgressReport - 1 source files to be analyzed
01:35:49.454 INFO  org.sonar.squidbridge.ProgressReport - 1/1 source files have been analyzed
01:35:49.629 INFO  org.sonar.squidbridge.ProgressReport - 1 source files to be analyzed
01:35:49.635 INFO  org.sonar.squidbridge.ProgressReport - 1/1 source files have been analyzed
01:35:49.638 INFO  org.sonar.squidbridge.ProgressReport - 1 source files to be analyzed
01:35:49.984 INFO  org.sonar.squidbridge.ProgressReport - 1/1 source files have been analyzed
01:35:49.989 INFO  org.sonar.squidbridge.ProgressReport - 1 source files to be analyzed
01:35:49.997 INFO  org.sonar.squidbridge.ProgressReport - 1/1 source files have been analyzed
01:35:50.000 INFO  org.sonar.squidbridge.ProgressReport - 1 source files to be analyzed
01:35:51.219 INFO  org.sonar.squidbridge.ProgressReport - 1/1 source files have been analyzed
01:35:51.225 INFO  org.sonar.squidbridge.ProgressReport - 1 source files to be analyzed
01:35:51.237 INFO  org.sonar.squidbridge.ProgressReport - 1/1 source files have been analyzed
01:35:51.240 INFO  org.sonar.squidbridge.ProgressReport - 1 source files to be analyzed
01:35:51.250 INFO  org.sonar.squidbridge.ProgressReport - 1/1 source files have been analyzed
01:35:51.254 INFO  org.sonar.squidbridge.ProgressReport - 1 source files to be analyzed
01:35:51.267 INFO  org.sonar.squidbridge.ProgressReport - 1/1 source files have been analyzed
[INFO] Tests run: 31, Failures: 0, Errors: 0, Skipped: 0, Time elapsed: 9.788 s - in org.sonar.java.se.ExplodedGraphWalkerTest
[INFO] Running org.sonar.java.UCFGJavaVisitorTest
[INFO] Tests run: 65, Failures: 0, Errors: 0, Skipped: 0, Time elapsed: 3.765 s - in org.sonar.java.UCFGJavaVisitorTest
[INFO] Running org.sonar.java.se.checks.InvariantReturnCheckTest
01:35:55.052 INFO  org.sonar.squidbridge.ProgressReport - 1 source files to be analyzed
01:35:55.169 INFO  org.sonar.squidbridge.ProgressReport - 1/1 source files have been analyzed
[INFO] Tests run: 1, Failures: 0, Errors: 0, Skipped: 0, Time elapsed: 0.118 s - in org.sonar.java.se.checks.InvariantReturnCheckTest
[INFO] Running org.sonar.java.ast.parser.grammar.parameters.VariableDeclaratorIdTest
[INFO] Tests run: 1, Failures: 0, Errors: 0, Skipped: 0, Time elapsed: 0 s - in org.sonar.java.ast.parser.grammar.parameters.VariableDeclaratorIdTest
[INFO] Running org.sonar.java.se.checks.debug.DebugInterruptedExecutionCheckTest
01:35:55.177 INFO  org.sonar.squidbridge.ProgressReport - 1 source files to be analyzed
01:35:55.188 INFO  org.sonar.squidbridge.ProgressReport - 1/1 source files have been analyzed
[INFO] Tests run: 1, Failures: 0, Errors: 0, Skipped: 0, Time elapsed: 0.015 s - in org.sonar.java.se.checks.debug.DebugInterruptedExecutionCheckTest
[INFO] Running org.sonar.java.se.checks.SyntaxTreeNameFinderTest
[INFO] Tests run: 8, Failures: 0, Errors: 0, Skipped: 0, Time elapsed: 0.002 s - in org.sonar.java.se.checks.SyntaxTreeNameFinderTest
[INFO] Running org.sonar.java.ast.parser.grammar.annotations.AnnotationTypeDeclarationTest
[INFO] Tests run: 1, Failures: 0, Errors: 0, Skipped: 0, Time elapsed: 0 s - in org.sonar.java.ast.parser.grammar.annotations.AnnotationTypeDeclarationTest
[INFO] Running org.sonar.java.ast.parser.grammar.CornerCasesTest
[INFO] Tests run: 1, Failures: 0, Errors: 0, Skipped: 0, Time elapsed: 0.025 s - in org.sonar.java.ast.parser.grammar.CornerCasesTest
[INFO] Running org.sonar.java.se.constraint.ConstraintTest
[INFO] Tests run: 2, Failures: 0, Errors: 0, Skipped: 0, Time elapsed: 0.173 s - in org.sonar.java.se.constraint.ConstraintTest
[INFO] Running org.sonar.java.ast.parser.grammar.parameters.FormalParametersTest
[INFO] Tests run: 1, Failures: 0, Errors: 0, Skipped: 0, Time elapsed: 0 s - in org.sonar.java.ast.parser.grammar.parameters.FormalParametersTest
[INFO] Running org.sonar.java.model.JavaVersionImplTest
01:35:55.402 WARN  org.sonar.java.model.JavaVersionImpl - Invalid java version (got "jdk1.6"). The version will be ignored. Accepted formats are "1.X", or simply "X" (for instance: "1.5" or "5", "1.6" or "6", "1.7" or "7", etc.)
[INFO] Tests run: 7, Failures: 0, Errors: 0, Skipped: 0, Time elapsed: 0 s - in org.sonar.java.model.JavaVersionImplTest
[INFO] Running org.sonar.java.se.CheckerDispatcherTest
[INFO] Tests run: 1, Failures: 0, Errors: 0, Skipped: 0, Time elapsed: 0.058 s - in org.sonar.java.se.CheckerDispatcherTest
[INFO] Running org.sonar.java.xml.XmlCheckUtilsTest
[INFO] Tests run: 5, Failures: 0, Errors: 0, Skipped: 0, Time elapsed: 0.264 s - in org.sonar.java.xml.XmlCheckUtilsTest
[INFO] Running org.sonar.java.model.KindMapsTest
[INFO] Tests run: 6, Failures: 0, Errors: 0, Skipped: 0, Time elapsed: 0 s - in org.sonar.java.model.KindMapsTest
[INFO] Running org.sonar.java.ast.parser.grammar.statements.WhileStatementTest
[INFO] Tests run: 1, Failures: 0, Errors: 0, Skipped: 0, Time elapsed: 0.001 s - in org.sonar.java.ast.parser.grammar.statements.WhileStatementTest
[INFO] Running org.sonar.java.DefaultJavaResourceLocatorTest
01:35:55.736 INFO  org.sonar.squidbridge.ProgressReport - 1 source files to be analyzed
01:35:55.746 INFO  org.sonar.squidbridge.ProgressReport - 1/1 source files have been analyzed
[INFO] Tests run: 5, Failures: 0, Errors: 0, Skipped: 0, Time elapsed: 0.02 s - in org.sonar.java.DefaultJavaResourceLocatorTest
[INFO] Running org.sonar.java.resolve.ImportResolutionTest
[INFO] Tests run: 12, Failures: 0, Errors: 0, Skipped: 0, Time elapsed: 0.406 s - in org.sonar.java.resolve.ImportResolutionTest
[INFO] Running org.sonar.java.bytecode.loader.AarLoaderTest
[INFO] Tests run: 6, Failures: 0, Errors: 0, Skipped: 0, Time elapsed: 0.483 s - in org.sonar.java.bytecode.loader.AarLoaderTest
[INFO] Running org.sonar.java.bytecode.se.BytecodeEGWalkerTest
[INFO] Tests run: 18, Failures: 0, Errors: 0, Skipped: 0, Time elapsed: 2.515 s - in org.sonar.java.bytecode.se.BytecodeEGWalkerTest
[INFO] Running org.sonar.java.ast.parser.grammar.interfaces.InterfaceDeclarationTest
[INFO] Tests run: 2, Failures: 0, Errors: 0, Skipped: 0, Time elapsed: 0.001 s - in org.sonar.java.ast.parser.grammar.interfaces.InterfaceDeclarationTest
[INFO] Running org.sonar.java.model.ExpressionUtilsTest
[INFO] Tests run: 6, Failures: 0, Errors: 0, Skipped: 0, Time elapsed: 0.047 s - in org.sonar.java.model.ExpressionUtilsTest
[INFO] Running org.sonar.java.MeasurerTest
01:35:59.219 INFO  org.sonar.java.JavaSquid - Java Main Files AST scan
01:35:59.219 INFO  org.sonar.squidbridge.ProgressReport - 1 source files to be analyzed
01:35:59.227 INFO  org.sonar.java.JavaSquid - Java Main Files AST scan (done) | time=8ms
01:35:59.227 INFO  org.sonar.squidbridge.ProgressReport - 1/1 source files have been analyzed
01:35:59.227 INFO  org.sonar.java.JavaSquid - Java Test Files AST scan
01:35:59.228 INFO  org.sonar.squidbridge.ProgressReport - 0 source files to be analyzed
01:35:59.229 INFO  org.sonar.java.JavaSquid - Java Test Files AST scan (done) | time=2ms
01:35:59.229 INFO  org.sonar.squidbridge.ProgressReport - 0/0 source files have been analyzed
01:35:59.232 INFO  org.sonar.java.JavaSquid - Java Main Files AST scan
01:35:59.232 INFO  org.sonar.squidbridge.ProgressReport - 1 source files to be analyzed
01:35:59.234 INFO  org.sonar.java.JavaSquid - Java Main Files AST scan (done) | time=2ms
01:35:59.234 INFO  org.sonar.squidbridge.ProgressReport - 1/1 source files have been analyzed
01:35:59.234 INFO  org.sonar.java.JavaSquid - Java Test Files AST scan
01:35:59.234 INFO  org.sonar.squidbridge.ProgressReport - 0 source files to be analyzed
01:35:59.239 INFO  org.sonar.java.JavaSquid - Java Test Files AST scan (done) | time=5ms
01:35:59.239 INFO  org.sonar.squidbridge.ProgressReport - 0/0 source files have been analyzed
01:35:59.241 INFO  org.sonar.java.JavaSquid - Java Main Files AST scan
01:35:59.242 INFO  org.sonar.squidbridge.ProgressReport - 1 source files to be analyzed
01:35:59.243 INFO  org.sonar.java.JavaSquid - Java Main Files AST scan (done) | time=2ms
01:35:59.243 INFO  org.sonar.squidbridge.ProgressReport - 1/1 source files have been analyzed
01:35:59.243 INFO  org.sonar.java.JavaSquid - Java Test Files AST scan
01:35:59.244 INFO  org.sonar.squidbridge.ProgressReport - 0 source files to be analyzed
01:35:59.245 INFO  org.sonar.java.JavaSquid - Java Test Files AST scan (done) | time=2ms
01:35:59.245 INFO  org.sonar.squidbridge.ProgressReport - 0/0 source files have been analyzed
01:35:59.248 INFO  org.sonar.java.JavaSquid - Java Main Files AST scan
01:35:59.248 INFO  org.sonar.squidbridge.ProgressReport - 1 source files to be analyzed
01:35:59.250 INFO  org.sonar.squidbridge.ProgressReport - 1/1 source files have been analyzed
01:35:59.250 INFO  org.sonar.java.JavaSquid - Java Main Files AST scan (done) | time=2ms
01:35:59.250 INFO  org.sonar.java.JavaSquid - Java Test Files AST scan
01:35:59.250 INFO  org.sonar.squidbridge.ProgressReport - 0 source files to be analyzed
01:35:59.251 INFO  org.sonar.java.JavaSquid - Java Test Files AST scan (done) | time=1ms
01:35:59.251 INFO  org.sonar.squidbridge.ProgressReport - 0/0 source files have been analyzed
01:35:59.254 INFO  org.sonar.java.JavaSquid - Java Main Files AST scan
01:35:59.254 INFO  org.sonar.squidbridge.ProgressReport - 1 source files to be analyzed
01:35:59.261 INFO  org.sonar.java.JavaSquid - Java Main Files AST scan (done) | time=7ms
01:35:59.261 INFO  org.sonar.squidbridge.ProgressReport - 1/1 source files have been analyzed
01:35:59.261 INFO  org.sonar.java.JavaSquid - Java Test Files AST scan
01:35:59.261 INFO  org.sonar.squidbridge.ProgressReport - 0 source files to be analyzed
01:35:59.261 INFO  org.sonar.java.JavaSquid - Java Test Files AST scan (done) | time=0ms
01:35:59.261 INFO  org.sonar.squidbridge.ProgressReport - 0/0 source files have been analyzed
01:35:59.264 INFO  org.sonar.java.JavaSquid - Java Main Files AST scan
01:35:59.265 INFO  org.sonar.squidbridge.ProgressReport - 1 source files to be analyzed
01:35:59.270 INFO  org.sonar.java.JavaSquid - Java Main Files AST scan (done) | time=6ms
01:35:59.270 INFO  org.sonar.squidbridge.ProgressReport - 1/1 source files have been analyzed
01:35:59.270 INFO  org.sonar.java.JavaSquid - Java Test Files AST scan
01:35:59.270 INFO  org.sonar.squidbridge.ProgressReport - 0 source files to be analyzed
01:35:59.270 INFO  org.sonar.java.JavaSquid - Java Test Files AST scan (done) | time=0ms
01:35:59.270 INFO  org.sonar.squidbridge.ProgressReport - 0/0 source files have been analyzed
01:35:59.273 INFO  org.sonar.java.JavaSquid - Java Main Files AST scan
01:35:59.274 INFO  org.sonar.squidbridge.ProgressReport - 1 source files to be analyzed
01:35:59.284 INFO  org.sonar.java.JavaSquid - Java Main Files AST scan (done) | time=11ms
01:35:59.284 INFO  org.sonar.squidbridge.ProgressReport - 1/1 source files have been analyzed
01:35:59.284 INFO  org.sonar.java.JavaSquid - Java Test Files AST scan
01:35:59.284 INFO  org.sonar.squidbridge.ProgressReport - 0 source files to be analyzed
01:35:59.287 INFO  org.sonar.java.JavaSquid - Java Test Files AST scan (done) | time=3ms
01:35:59.287 INFO  org.sonar.squidbridge.ProgressReport - 0/0 source files have been analyzed
01:35:59.290 INFO  org.sonar.java.JavaSquid - Java Main Files AST scan
01:35:59.290 INFO  org.sonar.squidbridge.ProgressReport - 1 source files to be analyzed
01:35:59.299 INFO  org.sonar.java.JavaSquid - Java Main Files AST scan (done) | time=9ms
01:35:59.299 INFO  org.sonar.squidbridge.ProgressReport - 1/1 source files have been analyzed
01:35:59.299 INFO  org.sonar.java.JavaSquid - Java Test Files AST scan
01:35:59.299 INFO  org.sonar.squidbridge.ProgressReport - 0 source files to be analyzed
01:35:59.301 INFO  org.sonar.java.JavaSquid - Java Test Files AST scan (done) | time=2ms
01:35:59.301 INFO  org.sonar.squidbridge.ProgressReport - 0/0 source files have been analyzed
01:35:59.304 INFO  org.sonar.java.JavaSquid - Java Main Files AST scan
01:35:59.304 INFO  org.sonar.squidbridge.ProgressReport - 1 source files to be analyzed
01:35:59.313 INFO  org.sonar.java.JavaSquid - Java Main Files AST scan (done) | time=9ms
01:35:59.313 INFO  org.sonar.squidbridge.ProgressReport - 1/1 source files have been analyzed
01:35:59.314 INFO  org.sonar.java.JavaSquid - Java Test Files AST scan
01:35:59.314 INFO  org.sonar.squidbridge.ProgressReport - 0 source files to be analyzed
01:35:59.315 INFO  org.sonar.java.JavaSquid - Java Test Files AST scan (done) | time=1ms
01:35:59.318 INFO  org.sonar.java.JavaSquid - Java Main Files AST scan
01:35:59.318 INFO  org.sonar.squidbridge.ProgressReport - 1 source files to be analyzed
01:35:59.361 INFO  org.sonar.squidbridge.ProgressReport - 0/0 source files have been analyzed
01:35:59.373 INFO  org.sonar.java.JavaSquid - Java Main Files AST scan (done) | time=55ms
01:35:59.373 INFO  org.sonar.java.JavaSquid - Java Test Files AST scan
01:35:59.374 INFO  org.sonar.squidbridge.ProgressReport - 0 source files to be analyzed
01:35:59.375 INFO  org.sonar.squidbridge.ProgressReport - 1/1 source files have been analyzed
01:35:59.375 INFO  org.sonar.java.JavaSquid - Java Test Files AST scan (done) | time=2ms
01:35:59.379 INFO  org.sonar.squidbridge.ProgressReport - 0/0 source files have been analyzed
01:35:59.383 INFO  org.sonar.java.JavaSquid - Java Main Files AST scan
01:35:59.384 INFO  org.sonar.squidbridge.ProgressReport - 1 source files to be analyzed
01:35:59.396 INFO  org.sonar.java.JavaSquid - Java Main Files AST scan (done) | time=13ms
01:35:59.397 INFO  org.sonar.java.JavaSquid - Java Test Files AST scan
01:35:59.396 INFO  org.sonar.squidbridge.ProgressReport - 1/1 source files have been analyzed
01:35:59.397 INFO  org.sonar.squidbridge.ProgressReport - 0 source files to be analyzed
01:35:59.397 INFO  org.sonar.java.JavaSquid - Java Test Files AST scan (done) | time=0ms
01:35:59.397 INFO  org.sonar.squidbridge.ProgressReport - 0/0 source files have been analyzed
[INFO] Tests run: 9, Failures: 0, Errors: 0, Skipped: 0, Time elapsed: 0.18 s - in org.sonar.java.MeasurerTest
[INFO] Running org.sonar.java.ast.parser.grammar.statements.SynchronizedStatementTest
[INFO] Tests run: 1, Failures: 0, Errors: 0, Skipped: 0, Time elapsed: 0.001 s - in org.sonar.java.ast.parser.grammar.statements.SynchronizedStatementTest
[INFO] Running org.sonar.java.se.checks.debug.DebugMethodYieldsCheckTest
01:35:59.406 INFO  org.sonar.squidbridge.ProgressReport - 1 source files to be analyzed
01:35:59.420 INFO  org.sonar.squidbridge.ProgressReport - 1/1 source files have been analyzed
01:35:59.425 INFO  org.sonar.squidbridge.ProgressReport - 1 source files to be analyzed
[INFO] Tests run: 2, Failures: 0, Errors: 0, Skipped: 0, Time elapsed: 0.032 s - in org.sonar.java.se.checks.debug.DebugMethodYieldsCheckTest
[INFO] Running org.sonar.java.se.ExpectationsParserTest
01:35:59.439 INFO  org.sonar.squidbridge.ProgressReport - 1/1 source files have been analyzed
[INFO] Tests run: 19, Failures: 0, Errors: 0, Skipped: 0, Time elapsed: 0.007 s - in org.sonar.java.se.ExpectationsParserTest
[INFO] Running org.sonar.java.CommonsCollectionsTest
01:36:00.526 INFO  org.sonar.java.JavaSquid - Java Main Files AST scan
01:36:00.526 INFO  org.sonar.squidbridge.ProgressReport - 273 source files to be analyzed
01:36:10.527 INFO  org.sonar.squidbridge.ProgressReport - 75/273 files analyzed, current file: /home/travis/build/failed/SonarSource/sonar-java/java-frontend/target/test-projects/commons-collections-3.2.1/src/org/apache/commons/collections/bag/UnmodifiableSortedBag.java
01:36:20.527 INFO  org.sonar.squidbridge.ProgressReport - 187/273 files analyzed, current file: /home/travis/build/failed/SonarSource/sonar-java/java-frontend/target/test-projects/commons-collections-3.2.1/src/org/apache/commons/collections/iterators/ProxyIterator.java
01:36:24.372 INFO  org.sonar.java.JavaSquid - Java Main Files AST scan (done) | time=23846ms
01:36:24.373 INFO  org.sonar.squidbridge.ProgressReport - 273/273 source files have been analyzed
01:36:24.373 INFO  org.sonar.java.JavaSquid - Java Test Files AST scan
01:36:24.373 INFO  org.sonar.squidbridge.ProgressReport - 0 source files to be analyzed
01:36:24.373 INFO  org.sonar.java.JavaSquid - Java Test Files AST scan (done) | time=0ms
01:36:24.373 INFO  org.sonar.squidbridge.ProgressReport - 0/0 source files have been analyzed
[INFO] Tests run: 1, Failures: 0, Errors: 0, Skipped: 0, Time elapsed: 24.944 s - in org.sonar.java.CommonsCollectionsTest
[INFO] Running org.sonar.java.bytecode.loader.SquidClassLoaderTest
[INFO] Tests run: 13, Failures: 0, Errors: 0, Skipped: 0, Time elapsed: 0.011 s - in org.sonar.java.bytecode.loader.SquidClassLoaderTest
[INFO] Running org.sonar.java.model.declaration.ExportsDirectiveTreeImplTest
[INFO] Tests run: 3, Failures: 0, Errors: 0, Skipped: 0, Time elapsed: 0.012 s - in org.sonar.java.model.declaration.ExportsDirectiveTreeImplTest
[INFO] Running org.sonar.java.se.xproc.MethodBehaviorTest
[INFO] Tests run: 7, Failures: 0, Errors: 0, Skipped: 0, Time elapsed: 0.084 s - in org.sonar.java.se.xproc.MethodBehaviorTest
[INFO] 
[INFO] Results:
[INFO] 
[INFO] Tests run: 1632, Failures: 0, Errors: 0, Skipped: 0
[INFO] 
[INFO] 
[INFO] --- maven-jar-plugin:3.0.2:jar (default-jar) @ java-frontend ---
[INFO] 
[INFO] --- maven-source-plugin:3.0.1:jar-no-fork (attach-sources) @ java-frontend ---
[INFO] Building jar: /home/travis/build/failed/SonarSource/sonar-java/java-frontend/target/java-frontend-5.7.0-SNAPSHOT-sources.jar
[INFO] 
[INFO] ------------------------------------------------------------------------
[INFO] Building SonarQube Java :: Check Test tool kit 5.7.0-SNAPSHOT
[INFO] ------------------------------------------------------------------------
[INFO] 
[INFO] --- buildnumber-maven-plugin:1.4:create (default) @ java-checks-testkit ---
[INFO] 
[INFO] --- maven-enforcer-plugin:3.0.0-M1:enforce (enforce) @ java-checks-testkit ---
[INFO] 
[INFO] --- license-maven-plugin:3.0:check (enforce-license-headers) @ java-checks-testkit ---
[INFO] Checking licenses...
[INFO] 
[INFO] --- beanshell-maven-plugin:1.4:run (compute-artifact-display-version) @ java-checks-testkit ---
[INFO] Executing Script
[INFO] file class java.lang.Object
[INFO] script class java.lang.String
[INFO] evaluating script if (! "5.7.0-SNAPSHOT".endsWith("-SNAPSHOT")) { [+ 14 omitted line(s)]
[INFO] 
[INFO] --- maven-resources-plugin:3.0.2:resources (default-resources) @ java-checks-testkit ---
[INFO] Using 'UTF-8' encoding to copy filtered resources.
[INFO] skip non existing resourceDirectory /home/travis/build/failed/SonarSource/sonar-java/java-checks-testkit/src/main/resources
[INFO] 
[INFO] --- maven-compiler-plugin:3.7.0:compile (default-compile) @ java-checks-testkit ---
[INFO] Nothing to compile - all classes are up to date
[INFO] 
[INFO] --- maven-resources-plugin:3.0.2:testResources (default-testResources) @ java-checks-testkit ---
[INFO] Using 'UTF-8' encoding to copy filtered resources.
[INFO] Copying 5 resources
[INFO] 
[INFO] --- maven-compiler-plugin:3.7.0:testCompile (default-testCompile) @ java-checks-testkit ---
[INFO] Nothing to compile - all classes are up to date
[INFO] 
[INFO] --- maven-surefire-plugin:2.20.1:test (default-test) @ java-checks-testkit ---
[INFO] Surefire report directory: /home/travis/build/failed/SonarSource/sonar-java/java-checks-testkit/target/surefire-reports
[INFO] 
[INFO] -------------------------------------------------------
[INFO]  T E S T S
[INFO] -------------------------------------------------------
[INFO] Running org.sonar.java.checks.verifier.MultipleFilesJavaCheckVerifierTest
01:36:27.363 [main] DEBUG o.s.java.bytecode.ClassLoaderBuilder - ----- Classpath analyzed by Squid:
01:36:27.367 [main] DEBUG o.s.java.bytecode.ClassLoaderBuilder - -----
01:36:28.168 [main] INFO  org.sonar.squidbridge.ProgressReport - 2 source files to be analyzed
01:36:28.697 [main] DEBUG o.s.j.b.loader.SquidClassLoader - .class not found for A
01:36:28.962 [main] DEBUG o.s.j.b.loader.SquidClassLoader - .class not found for System
01:36:28.963 [main] DEBUG o.s.j.b.loader.SquidClassLoader - .class not found for java.lang.package-info
01:36:28.964 [main] DEBUG o.s.j.b.loader.SquidClassLoader - .class not found for java.lang.Synthetic$System
01:36:29.006 [main] DEBUG o.s.j.b.loader.SquidClassLoader - .class not found for A
01:36:29.038 [Report about progress of Java AST analyzer] INFO  org.sonar.squidbridge.ProgressReport - 2/2 source files have been analyzed
01:36:29.128 [main] DEBUG o.s.java.bytecode.ClassLoaderBuilder - ----- Classpath analyzed by Squid:
01:36:29.128 [main] DEBUG o.s.java.bytecode.ClassLoaderBuilder - /home/travis/build/failed/SonarSource/sonar-java/java-checks-testkit/target/test-classes
01:36:29.128 [main] DEBUG o.s.java.bytecode.ClassLoaderBuilder - -----
01:36:29.147 [main] INFO  org.sonar.squidbridge.ProgressReport - 1 source files to be analyzed
01:36:29.154 [main] DEBUG o.s.j.b.loader.SquidClassLoader - .class not found for A
01:36:29.195 [Report about progress of Java AST analyzer] INFO  org.sonar.squidbridge.ProgressReport - 1/1 source files have been analyzed
01:36:29.203 [main] DEBUG o.s.java.bytecode.ClassLoaderBuilder - ----- Classpath analyzed by Squid:
01:36:29.203 [main] DEBUG o.s.java.bytecode.ClassLoaderBuilder - /home/travis/build/failed/SonarSource/sonar-java/java-checks-testkit/target/test-classes
01:36:29.204 [main] DEBUG o.s.java.bytecode.ClassLoaderBuilder - -----
01:36:29.213 [main] INFO  org.sonar.squidbridge.ProgressReport - 2 source files to be analyzed
01:36:29.224 [main] DEBUG o.s.j.b.loader.SquidClassLoader - .class not found for A
01:36:29.238 [main] DEBUG o.s.j.b.loader.SquidClassLoader - .class not found for System
01:36:29.239 [main] DEBUG o.s.j.b.loader.SquidClassLoader - .class not found for java.lang.package-info
01:36:29.239 [main] DEBUG o.s.j.b.loader.SquidClassLoader - .class not found for java.lang.Synthetic$System
01:36:29.279 [main] DEBUG o.s.j.b.loader.SquidClassLoader - .class not found for A
01:36:29.296 [Report about progress of Java AST analyzer] INFO  org.sonar.squidbridge.ProgressReport - 2/2 source files have been analyzed
01:36:29.432 [main] DEBUG o.s.java.bytecode.ClassLoaderBuilder - ----- Classpath analyzed by Squid:
01:36:29.432 [main] DEBUG o.s.java.bytecode.ClassLoaderBuilder - /home/travis/build/failed/SonarSource/sonar-java/java-checks-testkit/target/test-classes
01:36:29.432 [main] DEBUG o.s.java.bytecode.ClassLoaderBuilder - -----
01:36:29.444 [main] INFO  org.sonar.squidbridge.ProgressReport - 2 source files to be analyzed
01:36:29.451 [main] DEBUG o.s.j.b.loader.SquidClassLoader - .class not found for A
01:36:29.467 [main] DEBUG o.s.j.b.loader.SquidClassLoader - .class not found for System
01:36:29.467 [main] DEBUG o.s.j.b.loader.SquidClassLoader - .class not found for java.lang.package-info
01:36:29.468 [main] DEBUG o.s.j.b.loader.SquidClassLoader - .class not found for java.lang.Synthetic$System
01:36:29.478 [main] DEBUG o.s.j.b.loader.SquidClassLoader - .class not found for B
01:36:29.493 [Report about progress of Java AST analyzer] INFO  org.sonar.squidbridge.ProgressReport - 2/2 source files have been analyzed
01:36:29.495 [main] DEBUG o.s.java.bytecode.ClassLoaderBuilder - ----- Classpath analyzed by Squid:
01:36:29.495 [main] DEBUG o.s.java.bytecode.ClassLoaderBuilder - /home/travis/build/failed/SonarSource/sonar-java/java-checks-testkit/target/test-classes
01:36:29.495 [main] DEBUG o.s.java.bytecode.ClassLoaderBuilder - -----
01:36:29.502 [main] INFO  org.sonar.squidbridge.ProgressReport - 2 source files to be analyzed
01:36:29.514 [main] DEBUG o.s.j.b.loader.SquidClassLoader - .class not found for A
01:36:29.556 [main] DEBUG o.s.j.b.loader.SquidClassLoader - .class not found for System
01:36:29.556 [main] DEBUG o.s.j.b.loader.SquidClassLoader - .class not found for java.lang.package-info
01:36:29.557 [main] DEBUG o.s.j.b.loader.SquidClassLoader - .class not found for java.lang.Synthetic$System
01:36:29.564 [main] DEBUG o.s.j.b.loader.SquidClassLoader - .class not found for A
01:36:29.574 [Report about progress of Java AST analyzer] INFO  org.sonar.squidbridge.ProgressReport - 2/2 source files have been analyzed
01:36:29.578 [main] DEBUG o.s.java.bytecode.ClassLoaderBuilder - ----- Classpath analyzed by Squid:
01:36:29.578 [main] DEBUG o.s.java.bytecode.ClassLoaderBuilder - -----
01:36:29.584 [main] INFO  org.sonar.squidbridge.ProgressReport - 2 source files to be analyzed
01:36:29.590 [main] DEBUG o.s.j.b.loader.SquidClassLoader - .class not found for A
01:36:29.601 [main] DEBUG o.s.j.b.loader.SquidClassLoader - .class not found for System
01:36:29.601 [main] DEBUG o.s.j.b.loader.SquidClassLoader - .class not found for java.lang.package-info
01:36:29.601 [main] DEBUG o.s.j.b.loader.SquidClassLoader - .class not found for java.lang.Synthetic$System
01:36:29.606 [main] DEBUG o.s.j.b.loader.SquidClassLoader - .class not found for A
01:36:29.616 [Report about progress of Java AST analyzer] INFO  org.sonar.squidbridge.ProgressReport - 2/2 source files have been analyzed
[INFO] Tests run: 6, Failures: 0, Errors: 0, Skipped: 0, Time elapsed: 2.691 s - in org.sonar.java.checks.verifier.MultipleFilesJavaCheckVerifierTest
[INFO] Running org.sonar.java.checks.verifier.XmlCheckVerifierTest
01:36:30.050 [main] ERROR org.sonar.java.xml.XmlParser - Unable to parse xml file: src/test/files/xml/XmlCheckVerifierParsingIssue.xml
01:36:30.056 [main] DEBUG org.sonar.java.xml.XmlParser - XML file parsing failed because of : org.xml.sax.SAXParseException; systemId: file:/home/travis/build/failed/SonarSource/sonar-java/java-checks-testkit/src/test/files/xml/XmlCheckVerifierParsingIssue.xml; lineNumber: 3; columnNumber: 3; The element type "test2" must be terminated by the matching end-tag "</test2>".
	at com.sun.org.apache.xerces.internal.util.ErrorHandlerWrapper.createSAXParseException(ErrorHandlerWrapper.java:203)
	at com.sun.org.apache.xerces.internal.util.ErrorHandlerWrapper.fatalError(ErrorHandlerWrapper.java:177)
	at com.sun.org.apache.xerces.internal.impl.XMLErrorReporter.reportError(XMLErrorReporter.java:400)
	at com.sun.org.apache.xerces.internal.impl.XMLErrorReporter.reportError(XMLErrorReporter.java:327)
	at com.sun.org.apache.xerces.internal.impl.XMLScanner.reportFatalError(XMLScanner.java:1472)
	at com.sun.org.apache.xerces.internal.impl.XMLDocumentFragmentScannerImpl.scanEndElement(XMLDocumentFragmentScannerImpl.java:1749)
	at com.sun.org.apache.xerces.internal.impl.XMLDocumentFragmentScannerImpl$FragmentContentDriver.next(XMLDocumentFragmentScannerImpl.java:2967)
	at com.sun.org.apache.xerces.internal.impl.XMLDocumentScannerImpl.next(XMLDocumentScannerImpl.java:602)
	at com.sun.org.apache.xerces.internal.impl.XMLDocumentFragmentScannerImpl.scanDocument(XMLDocumentFragmentScannerImpl.java:505)
	at com.sun.org.apache.xerces.internal.parsers.XML11Configuration.parse(XML11Configuration.java:841)
	at com.sun.org.apache.xerces.internal.parsers.XML11Configuration.parse(XML11Configuration.java:770)
	at com.sun.org.apache.xerces.internal.parsers.XMLParser.parse(XMLParser.java:141)
	at com.sun.org.apache.xerces.internal.parsers.AbstractSAXParser.parse(AbstractSAXParser.java:1213)
	at com.sun.org.apache.xerces.internal.jaxp.SAXParserImpl$JAXPSAXParser.parse(SAXParserImpl.java:643)
	at com.sun.org.apache.xerces.internal.jaxp.SAXParserImpl.parse(SAXParserImpl.java:327)
	at javax.xml.parsers.SAXParser.parse(SAXParser.java:328)
	at org.sonar.java.xml.XmlParser.parseXML(XmlParser.java:64)
	at org.sonar.java.checks.verifier.XmlCheckVerifier.scanFile(XmlCheckVerifier.java:75)
	at org.sonar.java.checks.verifier.XmlCheckVerifier.verifyNoIssue(XmlCheckVerifier.java:64)
	at org.sonar.java.checks.verifier.XmlCheckVerifierTest.should_fail_when_parsing_issue(XmlCheckVerifierTest.java:154)
	at sun.reflect.NativeMethodAccessorImpl.invoke0(Native Method)
	at sun.reflect.NativeMethodAccessorImpl.invoke(NativeMethodAccessorImpl.java:62)
	at sun.reflect.DelegatingMethodAccessorImpl.invoke(DelegatingMethodAccessorImpl.java:43)
	at java.lang.reflect.Method.invoke(Method.java:498)
	at org.junit.runners.model.FrameworkMethod$1.runReflectiveCall(FrameworkMethod.java:50)
	at org.junit.internal.runners.model.ReflectiveCallable.run(ReflectiveCallable.java:12)
	at org.junit.runners.model.FrameworkMethod.invokeExplosively(FrameworkMethod.java:47)
	at org.junit.internal.runners.statements.InvokeMethod.evaluate(InvokeMethod.java:17)
	at org.junit.internal.runners.statements.ExpectException.evaluate(ExpectException.java:19)
	at org.junit.runners.ParentRunner.runLeaf(ParentRunner.java:325)
	at org.junit.runners.BlockJUnit4ClassRunner.runChild(BlockJUnit4ClassRunner.java:78)
	at org.junit.runners.BlockJUnit4ClassRunner.runChild(BlockJUnit4ClassRunner.java:57)
	at org.junit.runners.ParentRunner$3.run(ParentRunner.java:290)
	at org.junit.runners.ParentRunner$1.schedule(ParentRunner.java:71)
	at org.junit.runners.ParentRunner.runChildren(ParentRunner.java:288)
	at org.junit.runners.ParentRunner.access$000(ParentRunner.java:58)
	at org.junit.runners.ParentRunner$2.evaluate(ParentRunner.java:268)
	at org.junit.runners.ParentRunner.run(ParentRunner.java:363)
	at org.apache.maven.surefire.junit4.JUnit4Provider.execute(JUnit4Provider.java:369)
	at org.apache.maven.surefire.junit4.JUnit4Provider.executeWithRerun(JUnit4Provider.java:275)
	at org.apache.maven.surefire.junit4.JUnit4Provider.executeTestSet(JUnit4Provider.java:239)
	at org.apache.maven.surefire.junit4.JUnit4Provider.invoke(JUnit4Provider.java:160)
	at org.apache.maven.surefire.booter.ForkedBooter.invokeProviderInSameClassLoader(ForkedBooter.java:373)
	at org.apache.maven.surefire.booter.ForkedBooter.runSuitesInProcess(ForkedBooter.java:334)
	at org.apache.maven.surefire.booter.ForkedBooter.execute(ForkedBooter.java:119)
	at org.apache.maven.surefire.booter.ForkedBooter.main(ForkedBooter.java:407)

[INFO] Tests run: 9, Failures: 0, Errors: 0, Skipped: 0, Time elapsed: 1.52 s - in org.sonar.java.checks.verifier.XmlCheckVerifierTest
[INFO] Running org.sonar.java.checks.verifier.PomCheckVerifierTest
01:36:32.260 [main] ERROR org.sonar.java.xml.XmlParser - Unable to parse xml file: src/test/files/xml/PomCheckVerifierParseIssue.xml
01:36:32.261 [main] DEBUG org.sonar.java.xml.XmlParser - XML file parsing failed because of : org.xml.sax.SAXParseException; systemId: file:/home/travis/build/failed/SonarSource/sonar-java/java-checks-testkit/src/test/files/xml/PomCheckVerifierParseIssue.xml; lineNumber: 17; columnNumber: 11; The element type "description" must be terminated by the matching end-tag "</description>".
	at com.sun.org.apache.xerces.internal.util.ErrorHandlerWrapper.createSAXParseException(ErrorHandlerWrapper.java:203)
	at com.sun.org.apache.xerces.internal.util.ErrorHandlerWrapper.fatalError(ErrorHandlerWrapper.java:177)
	at com.sun.org.apache.xerces.internal.impl.XMLErrorReporter.reportError(XMLErrorReporter.java:400)
	at com.sun.org.apache.xerces.internal.impl.XMLErrorReporter.reportError(XMLErrorReporter.java:327)
	at com.sun.org.apache.xerces.internal.impl.XMLScanner.reportFatalError(XMLScanner.java:1472)
	at com.sun.org.apache.xerces.internal.impl.XMLDocumentFragmentScannerImpl.scanEndElement(XMLDocumentFragmentScannerImpl.java:1749)
	at com.sun.org.apache.xerces.internal.impl.XMLDocumentFragmentScannerImpl$FragmentContentDriver.next(XMLDocumentFragmentScannerImpl.java:2967)
	at com.sun.org.apache.xerces.internal.impl.XMLDocumentScannerImpl.next(XMLDocumentScannerImpl.java:602)
	at com.sun.org.apache.xerces.internal.impl.XMLDocumentFragmentScannerImpl.scanDocument(XMLDocumentFragmentScannerImpl.java:505)
	at com.sun.org.apache.xerces.internal.parsers.XML11Configuration.parse(XML11Configuration.java:841)
	at com.sun.org.apache.xerces.internal.parsers.XML11Configuration.parse(XML11Configuration.java:770)
	at com.sun.org.apache.xerces.internal.parsers.XMLParser.parse(XMLParser.java:141)
	at com.sun.org.apache.xerces.internal.parsers.AbstractSAXParser.parse(AbstractSAXParser.java:1213)
	at com.sun.org.apache.xerces.internal.jaxp.SAXParserImpl$JAXPSAXParser.parse(SAXParserImpl.java:643)
	at com.sun.org.apache.xerces.internal.jaxp.SAXParserImpl.parse(SAXParserImpl.java:327)
	at javax.xml.parsers.SAXParser.parse(SAXParser.java:328)
	at org.sonar.java.xml.XmlParser.parseXML(XmlParser.java:64)
	at org.sonar.java.checks.verifier.PomCheckVerifier.scanFile(PomCheckVerifier.java:69)
	at org.sonar.java.checks.verifier.PomCheckVerifier.verify(PomCheckVerifier.java:52)
	at org.sonar.java.checks.verifier.PomCheckVerifierTest.should_fail_when_cannot_parse(PomCheckVerifierTest.java:132)
	at sun.reflect.NativeMethodAccessorImpl.invoke0(Native Method)
	at sun.reflect.NativeMethodAccessorImpl.invoke(NativeMethodAccessorImpl.java:62)
	at sun.reflect.DelegatingMethodAccessorImpl.invoke(DelegatingMethodAccessorImpl.java:43)
	at java.lang.reflect.Method.invoke(Method.java:498)
	at org.junit.runners.model.FrameworkMethod$1.runReflectiveCall(FrameworkMethod.java:50)
	at org.junit.internal.runners.model.ReflectiveCallable.run(ReflectiveCallable.java:12)
	at org.junit.runners.model.FrameworkMethod.invokeExplosively(FrameworkMethod.java:47)
	at org.junit.internal.runners.statements.InvokeMethod.evaluate(InvokeMethod.java:17)
	at org.junit.internal.runners.statements.ExpectException.evaluate(ExpectException.java:19)
	at org.junit.runners.ParentRunner.runLeaf(ParentRunner.java:325)
	at org.junit.runners.BlockJUnit4ClassRunner.runChild(BlockJUnit4ClassRunner.java:78)
	at org.junit.runners.BlockJUnit4ClassRunner.runChild(BlockJUnit4ClassRunner.java:57)
	at org.junit.runners.ParentRunner$3.run(ParentRunner.java:290)
	at org.junit.runners.ParentRunner$1.schedule(ParentRunner.java:71)
	at org.junit.runners.ParentRunner.runChildren(ParentRunner.java:288)
	at org.junit.runners.ParentRunner.access$000(ParentRunner.java:58)
	at org.junit.runners.ParentRunner$2.evaluate(ParentRunner.java:268)
	at org.junit.runners.ParentRunner.run(ParentRunner.java:363)
	at org.apache.maven.surefire.junit4.JUnit4Provider.execute(JUnit4Provider.java:369)
	at org.apache.maven.surefire.junit4.JUnit4Provider.executeWithRerun(JUnit4Provider.java:275)
	at org.apache.maven.surefire.junit4.JUnit4Provider.executeTestSet(JUnit4Provider.java:239)
	at org.apache.maven.surefire.junit4.JUnit4Provider.invoke(JUnit4Provider.java:160)
	at org.apache.maven.surefire.booter.ForkedBooter.invokeProviderInSameClassLoader(ForkedBooter.java:373)
	at org.apache.maven.surefire.booter.ForkedBooter.runSuitesInProcess(ForkedBooter.java:334)
	at org.apache.maven.surefire.booter.ForkedBooter.execute(ForkedBooter.java:119)
	at org.apache.maven.surefire.booter.ForkedBooter.main(ForkedBooter.java:407)

01:36:32.566 [main] WARN  org.sonar.java.xml.XmlParser - File  is empty and won't be analyzed.
[INFO] Tests run: 14, Failures: 0, Errors: 0, Skipped: 0, Time elapsed: 1.965 s - in org.sonar.java.checks.verifier.PomCheckVerifierTest
[INFO] Running org.sonar.java.checks.verifier.JavaCheckVerifierTest
01:36:33.141 [main] DEBUG o.s.java.bytecode.ClassLoaderBuilder - ----- Classpath analyzed by Squid:
01:36:33.142 [main] DEBUG o.s.java.bytecode.ClassLoaderBuilder - /home/travis/build/failed/SonarSource/sonar-java/java-checks-testkit/target/test-classes
01:36:33.142 [main] DEBUG o.s.java.bytecode.ClassLoaderBuilder - -----
01:36:33.147 [main] INFO  org.sonar.squidbridge.ProgressReport - 1 source files to be analyzed
01:36:33.151 [Report about progress of Java AST analyzer] INFO  org.sonar.squidbridge.ProgressReport - 1/1 source files have been analyzed
01:36:33.153 [main] DEBUG o.s.java.bytecode.ClassLoaderBuilder - ----- Classpath analyzed by Squid:
01:36:33.154 [main] DEBUG o.s.java.bytecode.ClassLoaderBuilder - /home/travis/build/failed/SonarSource/sonar-java/java-checks-testkit/target/test-classes
01:36:33.154 [main] DEBUG o.s.java.bytecode.ClassLoaderBuilder - -----
01:36:33.160 [main] INFO  org.sonar.squidbridge.ProgressReport - 1 source files to be analyzed
01:36:33.166 [Report about progress of Java AST analyzer] INFO  org.sonar.squidbridge.ProgressReport - 1/1 source files have been analyzed
01:36:33.217 [main] DEBUG o.s.j.checks.verifier.CheckVerifier - Remediation function and cost not provided, "constant" is assumed.
01:36:33.219 [main] DEBUG o.s.java.bytecode.ClassLoaderBuilder - ----- Classpath analyzed by Squid:
01:36:33.219 [main] DEBUG o.s.java.bytecode.ClassLoaderBuilder - /home/travis/build/failed/SonarSource/sonar-java/java-checks-testkit/target/test-classes
01:36:33.219 [main] DEBUG o.s.java.bytecode.ClassLoaderBuilder - -----
01:36:33.225 [main] INFO  org.sonar.squidbridge.ProgressReport - 1 source files to be analyzed
01:36:33.309 [main] DEBUG o.s.java.bytecode.ClassLoaderBuilder - ----- Classpath analyzed by Squid:
01:36:33.309 [main] DEBUG o.s.java.bytecode.ClassLoaderBuilder - /home/travis/build/failed/SonarSource/sonar-java/java-checks-testkit/target/test-classes
01:36:33.309 [main] DEBUG o.s.java.bytecode.ClassLoaderBuilder - -----
01:36:33.313 [main] INFO  org.sonar.squidbridge.ProgressReport - 1 source files to be analyzed
01:36:33.316 [main] DEBUG o.s.j.b.loader.SquidClassLoader - .class not found for A
01:36:33.330 [Report about progress of Java AST analyzer] INFO  org.sonar.squidbridge.ProgressReport - 1/1 source files have been analyzed
01:36:33.333 [main] DEBUG o.s.java.bytecode.ClassLoaderBuilder - ----- Classpath analyzed by Squid:
01:36:33.333 [main] DEBUG o.s.java.bytecode.ClassLoaderBuilder - /home/travis/build/failed/SonarSource/sonar-java/java-checks-testkit/target/test-classes
01:36:33.333 [main] DEBUG o.s.java.bytecode.ClassLoaderBuilder - -----
01:36:33.338 [main] INFO  org.sonar.squidbridge.ProgressReport - 1 source files to be analyzed
01:36:33.349 [main] DEBUG o.s.j.b.loader.SquidClassLoader - .class not found for A
01:36:33.355 [main] DEBUG o.s.j.b.loader.SquidClassLoader - .class not found for System
01:36:33.356 [main] DEBUG o.s.j.b.loader.SquidClassLoader - .class not found for java.lang.package-info
01:36:33.356 [main] DEBUG o.s.j.b.loader.SquidClassLoader - .class not found for java.lang.Synthetic$System
01:36:33.362 [main] DEBUG o.s.java.bytecode.ClassLoaderBuilder - ----- Classpath analyzed by Squid:
01:36:33.362 [main] DEBUG o.s.java.bytecode.ClassLoaderBuilder - /home/travis/build/failed/SonarSource/sonar-java/java-checks-testkit/target/test-classes
01:36:33.362 [main] DEBUG o.s.java.bytecode.ClassLoaderBuilder - -----
01:36:33.365 [Report about progress of Java AST analyzer] INFO  org.sonar.squidbridge.ProgressReport - 1/1 source files have been analyzed
01:36:33.366 [main] INFO  org.sonar.squidbridge.ProgressReport - 1 source files to be analyzed
01:36:33.392 [main] DEBUG o.s.java.bytecode.ClassLoaderBuilder - ----- Classpath analyzed by Squid:
01:36:33.392 [main] DEBUG o.s.java.bytecode.ClassLoaderBuilder - /home/travis/build/failed/SonarSource/sonar-java/java-checks-testkit/target/test-classes
01:36:33.392 [main] DEBUG o.s.java.bytecode.ClassLoaderBuilder - -----
01:36:33.398 [main] INFO  org.sonar.squidbridge.ProgressReport - 1 source files to be analyzed
01:36:33.404 [main] DEBUG o.s.java.bytecode.ClassLoaderBuilder - ----- Classpath analyzed by Squid:
01:36:33.404 [main] DEBUG o.s.java.bytecode.ClassLoaderBuilder - -----
01:36:33.409 [main] INFO  org.sonar.squidbridge.ProgressReport - 1 source files to be analyzed
01:36:33.414 [main] DEBUG o.s.j.b.loader.SquidClassLoader - .class not found for A
01:36:33.422 [main] DEBUG o.s.j.b.loader.SquidClassLoader - .class not found for System
01:36:33.422 [main] DEBUG o.s.j.b.loader.SquidClassLoader - .class not found for java.lang.package-info
01:36:33.422 [main] DEBUG o.s.j.b.loader.SquidClassLoader - .class not found for java.lang.Synthetic$System
01:36:33.505 [main] DEBUG o.s.java.bytecode.ClassLoaderBuilder - ----- Classpath analyzed by Squid:
01:36:33.506 [main] DEBUG o.s.java.bytecode.ClassLoaderBuilder - -----
01:36:33.518 [Report about progress of Java AST analyzer] INFO  org.sonar.squidbridge.ProgressReport - 1/1 source files have been analyzed
01:36:33.544 [main] INFO  org.sonar.squidbridge.ProgressReport - 1 source files to be analyzed
01:36:33.549 [main] DEBUG o.s.j.b.loader.SquidClassLoader - .class not found for A
01:36:33.565 [Report about progress of Java AST analyzer] INFO  org.sonar.squidbridge.ProgressReport - 1/1 source files have been analyzed
01:36:33.566 [main] DEBUG o.s.java.bytecode.ClassLoaderBuilder - ----- Classpath analyzed by Squid:
01:36:33.567 [main] DEBUG o.s.java.bytecode.ClassLoaderBuilder - -----
01:36:33.598 [main] INFO  org.sonar.squidbridge.ProgressReport - 1 source files to be analyzed
01:36:33.610 [main] DEBUG o.s.j.b.loader.SquidClassLoader - .class not found for A
01:36:33.627 [main] DEBUG o.s.j.b.loader.SquidClassLoader - .class not found for System
01:36:33.627 [main] DEBUG o.s.j.b.loader.SquidClassLoader - .class not found for java.lang.package-info
01:36:33.627 [main] DEBUG o.s.j.b.loader.SquidClassLoader - .class not found for java.lang.Synthetic$System
01:36:33.634 [main] DEBUG o.s.java.bytecode.ClassLoaderBuilder - ----- Classpath analyzed by Squid:
01:36:33.634 [main] DEBUG o.s.java.bytecode.ClassLoaderBuilder - /home/travis/build/failed/SonarSource/sonar-java/java-checks-testkit/target/test-classes
01:36:33.634 [main] DEBUG o.s.java.bytecode.ClassLoaderBuilder - -----
01:36:33.643 [Report about progress of Java AST analyzer] INFO  org.sonar.squidbridge.ProgressReport - 1/1 source files have been analyzed
01:36:33.659 [main] INFO  org.sonar.squidbridge.ProgressReport - 1 source files to be analyzed
01:36:33.675 [Report about progress of Java AST analyzer] INFO  org.sonar.squidbridge.ProgressReport - 1/1 source files have been analyzed
01:36:33.777 [main] DEBUG o.s.java.bytecode.ClassLoaderBuilder - ----- Classpath analyzed by Squid:
01:36:33.777 [main] DEBUG o.s.java.bytecode.ClassLoaderBuilder - /home/travis/build/failed/SonarSource/sonar-java/java-checks-testkit/target/test-classes
01:36:33.777 [main] DEBUG o.s.java.bytecode.ClassLoaderBuilder - -----
01:36:33.782 [main] INFO  org.sonar.squidbridge.ProgressReport - 1 source files to be analyzed
01:36:33.787 [main] DEBUG o.s.j.b.loader.SquidClassLoader - .class not found for A
01:36:33.793 [main] DEBUG o.s.j.b.loader.SquidClassLoader - .class not found for System
01:36:33.793 [main] DEBUG o.s.j.b.loader.SquidClassLoader - .class not found for java.lang.package-info
01:36:33.793 [main] DEBUG o.s.j.b.loader.SquidClassLoader - .class not found for java.lang.Synthetic$System
01:36:33.805 [Report about progress of Java AST analyzer] INFO  org.sonar.squidbridge.ProgressReport - 1/1 source files have been analyzed
01:36:33.806 [main] DEBUG o.s.j.checks.verifier.CheckVerifier - Remediation function and cost not provided, "constant" is assumed.
01:36:33.864 [main] DEBUG o.s.java.bytecode.ClassLoaderBuilder - ----- Classpath analyzed by Squid:
01:36:33.864 [main] DEBUG o.s.java.bytecode.ClassLoaderBuilder - /home/travis/build/failed/SonarSource/sonar-java/java-checks-testkit/target/test-classes
01:36:33.864 [main] DEBUG o.s.java.bytecode.ClassLoaderBuilder - -----
01:36:33.871 [main] INFO  org.sonar.squidbridge.ProgressReport - 1 source files to be analyzed
01:36:33.875 [Report about progress of Java AST analyzer] INFO  org.sonar.squidbridge.ProgressReport - 1/1 source files have been analyzed
01:36:33.875 [main] DEBUG o.s.j.checks.verifier.CheckVerifier - Remediation function and cost not provided, "constant" is assumed.
01:36:33.878 [main] DEBUG o.s.java.bytecode.ClassLoaderBuilder - ----- Classpath analyzed by Squid:
01:36:33.879 [main] DEBUG o.s.java.bytecode.ClassLoaderBuilder - -----
01:36:33.883 [main] INFO  org.sonar.squidbridge.ProgressReport - 1 source files to be analyzed
01:36:33.886 [main] DEBUG o.s.j.b.loader.SquidClassLoader - .class not found for A
01:36:33.892 [main] DEBUG o.s.j.b.loader.SquidClassLoader - .class not found for System
01:36:33.893 [main] DEBUG o.s.j.b.loader.SquidClassLoader - .class not found for java.lang.package-info
01:36:33.893 [main] DEBUG o.s.j.b.loader.SquidClassLoader - .class not found for java.lang.Synthetic$System
01:36:33.895 [Report about progress of Java AST analyzer] INFO  org.sonar.squidbridge.ProgressReport - 1/1 source files have been analyzed
01:36:33.907 [main] DEBUG o.s.java.bytecode.ClassLoaderBuilder - ----- Classpath analyzed by Squid:
01:36:33.907 [main] DEBUG o.s.java.bytecode.ClassLoaderBuilder - /home/travis/build/failed/SonarSource/sonar-java/java-checks-testkit/target/test-classes
01:36:33.907 [main] DEBUG o.s.java.bytecode.ClassLoaderBuilder - -----
01:36:33.912 [main] INFO  org.sonar.squidbridge.ProgressReport - 1 source files to be analyzed
01:36:33.939 [main] DEBUG o.s.j.b.loader.SquidClassLoader - .class not found for A
01:36:33.947 [main] DEBUG o.s.j.b.loader.SquidClassLoader - .class not found for System
01:36:33.947 [main] DEBUG o.s.j.b.loader.SquidClassLoader - .class not found for java.lang.package-info
01:36:33.947 [main] DEBUG o.s.j.b.loader.SquidClassLoader - .class not found for java.lang.Synthetic$System
01:36:33.950 [Report about progress of Java AST analyzer] INFO  org.sonar.squidbridge.ProgressReport - 1/1 source files have been analyzed
01:36:33.953 [main] DEBUG o.s.java.bytecode.ClassLoaderBuilder - ----- Classpath analyzed by Squid:
01:36:33.953 [main] DEBUG o.s.java.bytecode.ClassLoaderBuilder - /home/travis/build/failed/SonarSource/sonar-java/java-checks-testkit/target/test-classes
01:36:33.953 [main] DEBUG o.s.java.bytecode.ClassLoaderBuilder - -----
01:36:33.959 [main] INFO  org.sonar.squidbridge.ProgressReport - 1 source files to be analyzed
01:36:34.030 [main] DEBUG o.s.java.bytecode.ClassLoaderBuilder - ----- Classpath analyzed by Squid:
01:36:34.031 [main] DEBUG o.s.java.bytecode.ClassLoaderBuilder - /home/travis/build/failed/SonarSource/sonar-java/java-checks-testkit/target/test-classes
01:36:34.031 [main] DEBUG o.s.java.bytecode.ClassLoaderBuilder - -----
01:36:34.037 [main] INFO  org.sonar.squidbridge.ProgressReport - 1 source files to be analyzed
01:36:34.042 [main] DEBUG o.s.j.b.loader.SquidClassLoader - .class not found for A
01:36:34.050 [main] DEBUG o.s.j.b.loader.SquidClassLoader - .class not found for System
01:36:34.050 [main] DEBUG o.s.j.b.loader.SquidClassLoader - .class not found for java.lang.package-info
01:36:34.050 [main] DEBUG o.s.j.b.loader.SquidClassLoader - .class not found for java.lang.Synthetic$System
01:36:34.055 [Report about progress of Java AST analyzer] INFO  org.sonar.squidbridge.ProgressReport - 1/1 source files have been analyzed
01:36:34.080 [main] DEBUG o.s.java.bytecode.ClassLoaderBuilder - ----- Classpath analyzed by Squid:
01:36:34.080 [main] DEBUG o.s.java.bytecode.ClassLoaderBuilder - /home/travis/build/failed/SonarSource/sonar-java/java-checks-testkit/target/test-classes
01:36:34.081 [main] DEBUG o.s.java.bytecode.ClassLoaderBuilder - -----
01:36:34.090 [main] INFO  org.sonar.squidbridge.ProgressReport - 1 source files to be analyzed
01:36:34.094 [main] DEBUG o.s.j.b.loader.SquidClassLoader - .class not found for A
01:36:34.102 [main] DEBUG o.s.j.b.loader.SquidClassLoader - .class not found for System
01:36:34.102 [main] DEBUG o.s.j.b.loader.SquidClassLoader - .class not found for java.lang.package-info
01:36:34.102 [main] DEBUG o.s.j.b.loader.SquidClassLoader - .class not found for java.lang.Synthetic$System
01:36:34.105 [Report about progress of Java AST analyzer] INFO  org.sonar.squidbridge.ProgressReport - 1/1 source files have been analyzed
01:36:34.109 [main] DEBUG o.s.java.bytecode.ClassLoaderBuilder - ----- Classpath analyzed by Squid:
01:36:34.109 [main] DEBUG o.s.java.bytecode.ClassLoaderBuilder - /home/travis/build/failed/SonarSource/sonar-java/java-checks-testkit/target/test-classes
01:36:34.109 [main] DEBUG o.s.java.bytecode.ClassLoaderBuilder - -----
01:36:34.114 [main] INFO  org.sonar.squidbridge.ProgressReport - 1 source files to be analyzed
01:36:34.117 [main] DEBUG o.s.j.b.loader.SquidClassLoader - .class not found for A
01:36:34.125 [Report about progress of Java AST analyzer] INFO  org.sonar.squidbridge.ProgressReport - 1/1 source files have been analyzed
01:36:34.127 [main] DEBUG o.s.java.bytecode.ClassLoaderBuilder - ----- Classpath analyzed by Squid:
01:36:34.127 [main] DEBUG o.s.java.bytecode.ClassLoaderBuilder - /home/travis/build/failed/SonarSource/sonar-java/java-checks-testkit/target/test-classes
01:36:34.127 [main] DEBUG o.s.java.bytecode.ClassLoaderBuilder - -----
01:36:34.131 [main] INFO  org.sonar.squidbridge.ProgressReport - 1 source files to be analyzed
01:36:34.136 [main] DEBUG o.s.j.b.loader.SquidClassLoader - .class not found for A
01:36:34.142 [main] DEBUG o.s.j.b.loader.SquidClassLoader - .class not found for System
01:36:34.142 [main] DEBUG o.s.j.b.loader.SquidClassLoader - .class not found for java.lang.package-info
01:36:34.142 [main] DEBUG o.s.j.b.loader.SquidClassLoader - .class not found for java.lang.Synthetic$System
01:36:34.145 [Report about progress of Java AST analyzer] INFO  org.sonar.squidbridge.ProgressReport - 1/1 source files have been analyzed
01:36:34.149 [main] DEBUG o.s.java.bytecode.ClassLoaderBuilder - ----- Classpath analyzed by Squid:
01:36:34.150 [main] DEBUG o.s.java.bytecode.ClassLoaderBuilder - /home/travis/build/failed/SonarSource/sonar-java/java-checks-testkit/target/test-classes
01:36:34.150 [main] DEBUG o.s.java.bytecode.ClassLoaderBuilder - -----
01:36:34.155 [main] INFO  org.sonar.squidbridge.ProgressReport - 1 source files to be analyzed
01:36:34.160 [main] DEBUG o.s.j.b.loader.SquidClassLoader - .class not found for A
01:36:34.167 [main] DEBUG o.s.j.b.loader.SquidClassLoader - .class not found for System
01:36:34.168 [main] DEBUG o.s.j.b.loader.SquidClassLoader - .class not found for java.lang.package-info
01:36:34.168 [main] DEBUG o.s.j.b.loader.SquidClassLoader - .class not found for java.lang.Synthetic$System
01:36:34.173 [Report about progress of Java AST analyzer] INFO  org.sonar.squidbridge.ProgressReport - 1/1 source files have been analyzed
01:36:34.180 [main] DEBUG o.s.java.bytecode.ClassLoaderBuilder - ----- Classpath analyzed by Squid:
01:36:34.180 [main] DEBUG o.s.java.bytecode.ClassLoaderBuilder - /home/travis/build/failed/SonarSource/sonar-java/java-checks-testkit/target/test-classes
01:36:34.180 [main] DEBUG o.s.java.bytecode.ClassLoaderBuilder - -----
01:36:34.186 [main] INFO  org.sonar.squidbridge.ProgressReport - 1 source files to be analyzed
01:36:34.189 [main] DEBUG o.s.j.b.loader.SquidClassLoader - .class not found for A
01:36:34.198 [Report about progress of Java AST analyzer] INFO  org.sonar.squidbridge.ProgressReport - 1/1 source files have been analyzed
01:36:34.266 [main] DEBUG o.s.java.bytecode.ClassLoaderBuilder - ----- Classpath analyzed by Squid:
01:36:34.266 [main] DEBUG o.s.java.bytecode.ClassLoaderBuilder - /home/travis/build/failed/SonarSource/sonar-java/java-checks-testkit/target/test-classes
01:36:34.266 [main] DEBUG o.s.java.bytecode.ClassLoaderBuilder - -----
01:36:34.271 [main] INFO  org.sonar.squidbridge.ProgressReport - 1 source files to be analyzed
01:36:34.274 [Report about progress of Java AST analyzer] INFO  org.sonar.squidbridge.ProgressReport - 1/1 source files have been analyzed
01:36:34.305 [main] DEBUG o.s.java.bytecode.ClassLoaderBuilder - ----- Classpath analyzed by Squid:
01:36:34.305 [main] DEBUG o.s.java.bytecode.ClassLoaderBuilder - /home/travis/build/failed/SonarSource/sonar-java/java-checks-testkit/target/test-classes
01:36:34.305 [main] DEBUG o.s.java.bytecode.ClassLoaderBuilder - -----
01:36:34.312 [main] INFO  org.sonar.squidbridge.ProgressReport - 1 source files to be analyzed
01:36:34.330 [main] DEBUG o.s.j.b.loader.SquidClassLoader - .class not found for A
01:36:34.337 [main] DEBUG o.s.j.b.loader.SquidClassLoader - .class not found for System
01:36:34.337 [main] DEBUG o.s.j.b.loader.SquidClassLoader - .class not found for java.lang.package-info
01:36:34.337 [main] DEBUG o.s.j.b.loader.SquidClassLoader - .class not found for java.lang.Synthetic$System
01:36:34.340 [Report about progress of Java AST analyzer] INFO  org.sonar.squidbridge.ProgressReport - 1/1 source files have been analyzed
01:36:34.344 [main] DEBUG o.s.java.bytecode.ClassLoaderBuilder - ----- Classpath analyzed by Squid:
01:36:34.344 [main] DEBUG o.s.java.bytecode.ClassLoaderBuilder - /home/travis/build/failed/SonarSource/sonar-java/java-checks-testkit/target/test-classes
01:36:34.344 [main] DEBUG o.s.java.bytecode.ClassLoaderBuilder - -----
01:36:34.348 [main] INFO  org.sonar.squidbridge.ProgressReport - 1 source files to be analyzed
01:36:34.352 [main] DEBUG o.s.j.b.loader.SquidClassLoader - .class not found for A
01:36:34.361 [main] DEBUG o.s.j.b.loader.SquidClassLoader - .class not found for System
01:36:34.361 [main] DEBUG o.s.j.b.loader.SquidClassLoader - .class not found for java.lang.package-info
01:36:34.361 [main] DEBUG o.s.j.b.loader.SquidClassLoader - .class not found for java.lang.Synthetic$System
01:36:34.365 [Report about progress of Java AST analyzer] INFO  org.sonar.squidbridge.ProgressReport - 1/1 source files have been analyzed
01:36:34.369 [main] DEBUG o.s.java.bytecode.ClassLoaderBuilder - ----- Classpath analyzed by Squid:
01:36:34.369 [main] DEBUG o.s.java.bytecode.ClassLoaderBuilder - /home/travis/build/failed/SonarSource/sonar-java/java-checks-testkit/target/test-classes
01:36:34.369 [main] DEBUG o.s.java.bytecode.ClassLoaderBuilder - -----
01:36:34.376 [main] INFO  org.sonar.squidbridge.ProgressReport - 1 source files to be analyzed
01:36:34.387 [main] DEBUG o.s.j.b.loader.SquidClassLoader - .class not found for A
01:36:34.394 [main] DEBUG o.s.j.b.loader.SquidClassLoader - .class not found for System
01:36:34.395 [main] DEBUG o.s.j.b.loader.SquidClassLoader - .class not found for java.lang.package-info
01:36:34.395 [main] DEBUG o.s.j.b.loader.SquidClassLoader - .class not found for java.lang.Synthetic$System
01:36:34.398 [Report about progress of Java AST analyzer] INFO  org.sonar.squidbridge.ProgressReport - 1/1 source files have been analyzed
01:36:34.404 [main] DEBUG o.s.java.bytecode.ClassLoaderBuilder - ----- Classpath analyzed by Squid:
01:36:34.404 [main] DEBUG o.s.java.bytecode.ClassLoaderBuilder - /home/travis/build/failed/SonarSource/sonar-java/java-checks-testkit/target/test-classes
01:36:34.404 [main] DEBUG o.s.java.bytecode.ClassLoaderBuilder - -----
01:36:34.410 [main] INFO  org.sonar.squidbridge.ProgressReport - 1 source files to be analyzed
01:36:34.417 [main] DEBUG o.s.j.b.loader.SquidClassLoader - .class not found for A
01:36:34.426 [Report about progress of Java AST analyzer] INFO  org.sonar.squidbridge.ProgressReport - 1/1 source files have been analyzed
01:36:34.428 [main] DEBUG o.s.java.bytecode.ClassLoaderBuilder - ----- Classpath analyzed by Squid:
01:36:34.429 [main] DEBUG o.s.java.bytecode.ClassLoaderBuilder - /home/travis/build/failed/SonarSource/sonar-java/java-checks-testkit/target/test-classes
01:36:34.429 [main] DEBUG o.s.java.bytecode.ClassLoaderBuilder - -----
01:36:34.433 [main] INFO  org.sonar.squidbridge.ProgressReport - 1 source files to be analyzed
01:36:34.438 [main] DEBUG o.s.j.b.loader.SquidClassLoader - .class not found for A
01:36:34.445 [main] DEBUG o.s.j.b.loader.SquidClassLoader - .class not found for System
01:36:34.446 [main] DEBUG o.s.j.b.loader.SquidClassLoader - .class not found for java.lang.package-info
01:36:34.446 [main] DEBUG o.s.j.b.loader.SquidClassLoader - .class not found for java.lang.Synthetic$System
01:36:34.449 [Report about progress of Java AST analyzer] INFO  org.sonar.squidbridge.ProgressReport - 1/1 source files have been analyzed
01:36:34.452 [main] DEBUG o.s.java.bytecode.ClassLoaderBuilder - ----- Classpath analyzed by Squid:
01:36:34.453 [main] DEBUG o.s.java.bytecode.ClassLoaderBuilder - /home/travis/build/failed/SonarSource/sonar-java/java-checks-testkit/target/test-classes
01:36:34.453 [main] DEBUG o.s.java.bytecode.ClassLoaderBuilder - -----
01:36:34.460 [main] INFO  org.sonar.squidbridge.ProgressReport - 1 source files to be analyzed
01:36:34.465 [main] DEBUG o.s.j.b.loader.SquidClassLoader - .class not found for A
01:36:34.472 [main] DEBUG o.s.j.b.loader.SquidClassLoader - .class not found for System
01:36:34.472 [main] DEBUG o.s.j.b.loader.SquidClassLoader - .class not found for java.lang.package-info
01:36:34.473 [main] DEBUG o.s.j.b.loader.SquidClassLoader - .class not found for java.lang.Synthetic$System
01:36:34.476 [Report about progress of Java AST analyzer] INFO  org.sonar.squidbridge.ProgressReport - 1/1 source files have been analyzed
01:36:34.478 [main] DEBUG o.s.java.bytecode.ClassLoaderBuilder - ----- Classpath analyzed by Squid:
01:36:34.478 [main] DEBUG o.s.java.bytecode.ClassLoaderBuilder - /home/travis/build/failed/SonarSource/sonar-java/java-checks-testkit/target/test-classes
01:36:34.478 [main] DEBUG o.s.java.bytecode.ClassLoaderBuilder - -----
01:36:34.483 [main] INFO  org.sonar.squidbridge.ProgressReport - 1 source files to be analyzed
01:36:34.492 [main] DEBUG o.s.j.b.loader.SquidClassLoader - .class not found for A
01:36:34.499 [main] DEBUG o.s.j.b.loader.SquidClassLoader - .class not found for System
01:36:34.500 [main] DEBUG o.s.j.b.loader.SquidClassLoader - .class not found for java.lang.package-info
01:36:34.500 [main] DEBUG o.s.j.b.loader.SquidClassLoader - .class not found for java.lang.Synthetic$System
01:36:34.511 [Report about progress of Java AST analyzer] INFO  org.sonar.squidbridge.ProgressReport - 1/1 source files have been analyzed
01:36:34.514 [main] DEBUG o.s.java.bytecode.ClassLoaderBuilder - ----- Classpath analyzed by Squid:
01:36:34.514 [main] DEBUG o.s.java.bytecode.ClassLoaderBuilder - -----
01:36:34.518 [main] INFO  org.sonar.squidbridge.ProgressReport - 1 source files to be analyzed
01:36:34.524 [main] DEBUG o.s.j.b.loader.SquidClassLoader - .class not found for A
01:36:34.532 [main] DEBUG o.s.j.b.loader.SquidClassLoader - .class not found for System
01:36:34.538 [main] DEBUG o.s.j.b.loader.SquidClassLoader - .class not found for java.lang.package-info
01:36:34.539 [main] DEBUG o.s.j.b.loader.SquidClassLoader - .class not found for java.lang.Synthetic$System
01:36:34.541 [Report about progress of Java AST analyzer] INFO  org.sonar.squidbridge.ProgressReport - 1/1 source files have been analyzed
01:36:34.542 [main] DEBUG o.s.java.bytecode.ClassLoaderBuilder - ----- Classpath analyzed by Squid:
01:36:34.542 [main] DEBUG o.s.java.bytecode.ClassLoaderBuilder - -----
01:36:34.545 [main] INFO  org.sonar.squidbridge.ProgressReport - 1 source files to be analyzed
01:36:34.549 [main] DEBUG o.s.j.b.loader.SquidClassLoader - .class not found for A
01:36:34.560 [main] DEBUG o.s.java.bytecode.ClassLoaderBuilder - ----- Classpath analyzed by Squid:
01:36:34.563 [Report about progress of Java AST analyzer] INFO  org.sonar.squidbridge.ProgressReport - 1/1 source files have been analyzed
01:36:34.564 [main] DEBUG o.s.java.bytecode.ClassLoaderBuilder - -----
01:36:34.568 [main] INFO  org.sonar.squidbridge.ProgressReport - 1 source files to be analyzed
01:36:34.572 [main] DEBUG o.s.j.b.loader.SquidClassLoader - .class not found for A
01:36:34.580 [main] DEBUG o.s.j.b.loader.SquidClassLoader - .class not found for System
01:36:34.580 [main] DEBUG o.s.j.b.loader.SquidClassLoader - .class not found for java.lang.package-info
01:36:34.580 [main] DEBUG o.s.j.b.loader.SquidClassLoader - .class not found for java.lang.Synthetic$System
01:36:34.582 [Report about progress of Java AST analyzer] INFO  org.sonar.squidbridge.ProgressReport - 1/1 source files have been analyzed
[INFO] Tests run: 31, Failures: 0, Errors: 0, Skipped: 0, Time elapsed: 1.475 s - in org.sonar.java.checks.verifier.JavaCheckVerifierTest
[INFO] 
[INFO] Results:
[INFO] 
[INFO] Tests run: 60, Failures: 0, Errors: 0, Skipped: 0
[INFO] 
[INFO] 
[INFO] --- maven-jar-plugin:3.0.2:jar (default-jar) @ java-checks-testkit ---
[INFO] 
[INFO] --- maven-source-plugin:3.0.1:jar-no-fork (attach-sources) @ java-checks-testkit ---
[INFO] Building jar: /home/travis/build/failed/SonarSource/sonar-java/java-checks-testkit/target/java-checks-testkit-5.7.0-SNAPSHOT-sources.jar
[INFO] 
[INFO] ------------------------------------------------------------------------
[INFO] Building SonarQube Java :: Checks 5.7.0-SNAPSHOT
[INFO] ------------------------------------------------------------------------
[INFO] 
[INFO] --- buildnumber-maven-plugin:1.4:create (default) @ java-checks ---
[INFO] 
[INFO] --- maven-enforcer-plugin:3.0.0-M1:enforce (enforce) @ java-checks ---
[INFO] 
[INFO] --- license-maven-plugin:3.0:check (enforce-license-headers) @ java-checks ---
[INFO] Checking licenses...
[WARNING] Missing header in: /home/travis/build/failed/SonarSource/sonar-java/java-checks/src/main/java/org/sonar/java/checks/helpers/IdentifierUtils.java
[WARNING] Missing header in: /home/travis/build/failed/SonarSource/sonar-java/java-checks/src/test/java/org/sonar/java/checks/helpers/JavaParserHelper.java
[WARNING] Missing header in: /home/travis/build/failed/SonarSource/sonar-java/java-checks/src/test/java/org/sonar/java/checks/helpers/IdentifierUtilsTest.java
[INFO] ------------------------------------------------------------------------
[INFO] Reactor Summary:
[INFO] 
[INFO] SonarJava .......................................... SUCCESS [01:20 min]
[INFO] SonarQube Java :: Maven model generator ............ SUCCESS [ 40.519 s]
[INFO] SonarQube Java :: Front-end ........................ SUCCESS [04:32 min]
[INFO] SonarQube Java :: Check Test tool kit .............. SUCCESS [  9.381 s]
[INFO] SonarQube Java :: Checks ........................... FAILURE [  7.362 s]
[INFO] SonarQube Java :: External Reports Sensor .......... SKIPPED
[INFO] SonarQube Java :: Surefire ......................... SKIPPED
[INFO] java-jacoco-previous ............................... SKIPPED
[INFO] SonarQube Java :: JaCoCo ........................... SKIPPED
[INFO] SonarQube Java :: Plugin ........................... SKIPPED
[INFO] SonarQube Java :: JaCoCo Listeners ................. SKIPPED
[INFO] SonarQube Java :: ITs .............................. SKIPPED
[INFO] SonarQube Java :: ITs :: Performancing ............. SKIPPED
[INFO] SonarQube Java :: ITs :: Plugin .................... SKIPPED
[INFO] SonarQube Java :: ITs :: Plugin :: Plugins ......... SKIPPED
[INFO] SonarQube Java :: ITS :: Plugin :: Java Extension Plugin SKIPPED
[INFO] SonarQube Java :: ITs :: Plugin :: Tests ........... SKIPPED
[INFO] SonarQube Java :: ITs :: Ruling .................... SKIPPED
[INFO] SonarQube Java :: ITs :: Semantic .................. SKIPPED
[INFO] SonarQube Java :: ITS :: Semantic :: Java Debugging Plugin SKIPPED
[INFO] SonarQube Java :: ITs :: Semantic :: Tests ......... SKIPPED
[INFO] ------------------------------------------------------------------------
[INFO] BUILD FAILURE
[INFO] ------------------------------------------------------------------------
[INFO] Total time: 07:22 min
[INFO] Finished at: 2022-02-13T01:36:42Z
[INFO] Final Memory: 26M/489M
[INFO] ------------------------------------------------------------------------
[ERROR] Failed to execute goal com.mycila:license-maven-plugin:3.0:check (enforce-license-headers) on project java-checks: Some files do not have the expected license header -> [Help 1]
org.apache.maven.lifecycle.LifecycleExecutionException: Failed to execute goal com.mycila:license-maven-plugin:3.0:check (enforce-license-headers) on project java-checks: Some files do not have the expected license header
    at org.apache.maven.lifecycle.internal.MojoExecutor.execute (MojoExecutor.java:213)
    at org.apache.maven.lifecycle.internal.MojoExecutor.execute (MojoExecutor.java:154)
    at org.apache.maven.lifecycle.internal.MojoExecutor.execute (MojoExecutor.java:146)
    at org.apache.maven.lifecycle.internal.LifecycleModuleBuilder.buildProject (LifecycleModuleBuilder.java:117)
    at org.apache.maven.lifecycle.internal.LifecycleModuleBuilder.buildProject (LifecycleModuleBuilder.java:81)
    at org.apache.maven.lifecycle.internal.builder.singlethreaded.SingleThreadedBuilder.build (SingleThreadedBuilder.java:51)
    at org.apache.maven.lifecycle.internal.LifecycleStarter.execute (LifecycleStarter.java:128)
    at org.apache.maven.DefaultMaven.doExecute (DefaultMaven.java:309)
    at org.apache.maven.DefaultMaven.doExecute (DefaultMaven.java:194)
    at org.apache.maven.DefaultMaven.execute (DefaultMaven.java:107)
    at org.apache.maven.cli.MavenCli.execute (MavenCli.java:955)
    at org.apache.maven.cli.MavenCli.doMain (MavenCli.java:290)
    at org.apache.maven.cli.MavenCli.main (MavenCli.java:194)
    at sun.reflect.NativeMethodAccessorImpl.invoke0 (Native Method)
    at sun.reflect.NativeMethodAccessorImpl.invoke (NativeMethodAccessorImpl.java:62)
    at sun.reflect.DelegatingMethodAccessorImpl.invoke (DelegatingMethodAccessorImpl.java:43)
    at java.lang.reflect.Method.invoke (Method.java:498)
    at org.codehaus.plexus.classworlds.launcher.Launcher.launchEnhanced (Launcher.java:289)
    at org.codehaus.plexus.classworlds.launcher.Launcher.launch (Launcher.java:229)
    at org.codehaus.plexus.classworlds.launcher.Launcher.mainWithExitCode (Launcher.java:415)
    at org.codehaus.plexus.classworlds.launcher.Launcher.main (Launcher.java:356)
Caused by: org.apache.maven.plugin.MojoExecutionException: Some files do not have the expected license header
    at com.mycila.maven.plugin.license.LicenseCheckMojo.execute (LicenseCheckMojo.java:74)
    at org.apache.maven.plugin.DefaultBuildPluginManager.executeMojo (DefaultBuildPluginManager.java:134)
    at org.apache.maven.lifecycle.internal.MojoExecutor.execute (MojoExecutor.java:208)
    at org.apache.maven.lifecycle.internal.MojoExecutor.execute (MojoExecutor.java:154)
    at org.apache.maven.lifecycle.internal.MojoExecutor.execute (MojoExecutor.java:146)
    at org.apache.maven.lifecycle.internal.LifecycleModuleBuilder.buildProject (LifecycleModuleBuilder.java:117)
    at org.apache.maven.lifecycle.internal.LifecycleModuleBuilder.buildProject (LifecycleModuleBuilder.java:81)
    at org.apache.maven.lifecycle.internal.builder.singlethreaded.SingleThreadedBuilder.build (SingleThreadedBuilder.java:51)
    at org.apache.maven.lifecycle.internal.LifecycleStarter.execute (LifecycleStarter.java:128)
    at org.apache.maven.DefaultMaven.doExecute (DefaultMaven.java:309)
    at org.apache.maven.DefaultMaven.doExecute (DefaultMaven.java:194)
    at org.apache.maven.DefaultMaven.execute (DefaultMaven.java:107)
    at org.apache.maven.cli.MavenCli.execute (MavenCli.java:955)
    at org.apache.maven.cli.MavenCli.doMain (MavenCli.java:290)
    at org.apache.maven.cli.MavenCli.main (MavenCli.java:194)
    at sun.reflect.NativeMethodAccessorImpl.invoke0 (Native Method)
    at sun.reflect.NativeMethodAccessorImpl.invoke (NativeMethodAccessorImpl.java:62)
    at sun.reflect.DelegatingMethodAccessorImpl.invoke (DelegatingMethodAccessorImpl.java:43)
    at java.lang.reflect.Method.invoke (Method.java:498)
    at org.codehaus.plexus.classworlds.launcher.Launcher.launchEnhanced (Launcher.java:289)
    at org.codehaus.plexus.classworlds.launcher.Launcher.launch (Launcher.java:229)
    at org.codehaus.plexus.classworlds.launcher.Launcher.mainWithExitCode (Launcher.java:415)
    at org.codehaus.plexus.classworlds.launcher.Launcher.main (Launcher.java:356)
[ERROR] 
[ERROR] Re-run Maven using the -X switch to enable full debug logging.
[ERROR] 
[ERROR] For more information about the errors and possible solutions, please read the following articles:
[ERROR] [Help 1] http://cwiki.apache.org/confluence/display/MAVEN/MojoExecutionException
[ERROR] 
[ERROR] After correcting the problems, you can resume the build with the command
[ERROR]   mvn <goals> -rf :java-checks

travis_time:end:04c397f8:start=1644715739993381316,finish=1644716203178302976,duration=463184921660[0K
[31;1mThe command "./travis.sh" exited with 1.[0m
travis_fold:start:before_cache.1[0Ktravis_time:start:0c4f8df8[0K$ rm -rf $HOME/.m2/repository/org/sonarsource/java

travis_time:end:0c4f8df8:start=1644716203197841935,finish=1644716203212145443,duration=14303508[0Ktravis_fold:end:before_cache.1[0Ktravis_fold:start:before_cache.2[0Ktravis_time:start:11763d2c[0K$ find $HOME/.m2 -name resolver-status.properties -exec rm {} \;

travis_time:end:11763d2c:start=1644716203224515598,finish=1644716203540265089,duration=315749491[0Ktravis_fold:end:before_cache.2[0Ktravis_fold:start:cache.2[0Kstore build cache
travis_time:start:29996e20[0K
travis_time:end:29996e20:start=1644716203564305286,finish=1644716203591135360,duration=26830074[0Ktravis_time:start:0391ba9c[0K/home/travis/.casher/bin/casher:190: warning: Insecure world writable dir /usr/local/clang-5.0.0/bin in PATH, mode 040777
[32;1mchanges detected, packing new archive[0m
/home/travis/.casher/bin/casher:213:in `cache_archive_name': undefined method `[]' for nil:NilClass (NoMethodError)
	from /home/travis/.casher/bin/casher:143:in `push'
	from /home/travis/.casher/bin/casher:53:in `block in run'
	from /home/travis/.rvm/rubies/ruby-2.2.7/lib/ruby/2.2.0/timeout.rb:88:in `block in timeout'
	from /home/travis/.rvm/rubies/ruby-2.2.7/lib/ruby/2.2.0/timeout.rb:32:in `block in catch'
	from /home/travis/.rvm/rubies/ruby-2.2.7/lib/ruby/2.2.0/timeout.rb:32:in `catch'
	from /home/travis/.rvm/rubies/ruby-2.2.7/lib/ruby/2.2.0/timeout.rb:32:in `catch'
	from /home/travis/.rvm/rubies/ruby-2.2.7/lib/ruby/2.2.0/timeout.rb:103:in `timeout'
	from /home/travis/.casher/bin/casher:53:in `run'
	from /home/travis/.casher/bin/casher:263:in `<main>'
.
.
.
.
.
.
.
.
.
.
.
.
.
.
.
.
.
.
.
.

travis_time:end:0391ba9c:start=1644716203612694765,finish=1644716306116834983,duration=102504140218[0Ktravis_fold:end:cache.2[0K
Done. Your build exited with 1.
