travis_fold:start:system_info[0K[33;1mBuild system information[0m
Build language: java
Build group: stable
Build dist: precise
Build id: ''
Job id: ''
[34m[1mBuild image provisioning date and time[0m
Thu Feb  5 15:09:33 UTC 2015
[34m[1mOperating System Details[0m
Distributor ID:	Ubuntu
Description:	Ubuntu 12.04.5 LTS
Release:	12.04
Codename:	precise
[34m[1mLinux Version[0m
3.13.0-29-generic
[34m[1mCookbooks Version[0m
a68419e https://github.com/travis-ci/travis-cookbooks/tree/a68419e
[34m[1mGCC version[0m
gcc (Ubuntu/Linaro 4.6.3-1ubuntu5) 4.6.3
Copyright (C) 2011 Free Software Foundation, Inc.
This is free software; see the source for copying conditions.  There is NO
warranty; not even for MERCHANTABILITY or FITNESS FOR A PARTICULAR PURPOSE.

[34m[1mLLVM version[0m
clang version 3.4 (tags/RELEASE_34/final)
Target: x86_64-unknown-linux-gnu
Thread model: posix
[34m[1mPre-installed Ruby versions[0m
ruby-1.9.3-p551
[34m[1mPre-installed Node.js versions[0m
v0.10.36
[34m[1mPre-installed Go versions[0m
1.4.1
[34m[1mRedis version[0m
redis-server 2.8.19
[34m[1mriak version[0m
2.0.2
[34m[1mMongoDB version[0m
MongoDB 2.4.12
[34m[1mCouchDB version[0m
couchdb 1.6.1
[34m[1mNeo4j version[0m
1.9.4
[34m[1mRabbitMQ Version[0m
3.4.3
[34m[1mElasticSearch version[0m
1.4.0
[34m[1mInstalled Sphinx versions[0m
2.0.10
2.1.9
2.2.6
[34m[1mDefault Sphinx version[0m
2.2.6
[34m[1mInstalled Firefox version[0m
firefox 31.0esr
[34m[1mPhantomJS version[0m
1.9.8
[34m[1mant -version[0m
Apache Ant(TM) version 1.8.2 compiled on December 3 2011
[34m[1mmvn -version[0m
Apache Maven 3.2.5 (12a6b3acb947671f09b81f49094c53f426d8cea1; 2014-12-14T17:29:23+00:00)
Maven home: /usr/local/maven
Java version: 1.7.0_76, vendor: Oracle Corporation
Java home: /usr/lib/jvm/java-7-oracle/jre
Default locale: en_US, platform encoding: ANSI_X3.4-1968
OS name: "linux", version: "3.13.0-29-generic", arch: "amd64", family: "unix"
travis_fold:end:system_info[0K
grep: /etc/apt/sources.list.d/*: No such file or directory
W: Failed to fetch http://us.archive.ubuntu.com/ubuntu/dists/precise/main/source/Sources  404  Not Found [IP: 91.189.91.38 80]

W: Failed to fetch http://us.archive.ubuntu.com/ubuntu/dists/precise/restricted/source/Sources  404  Not Found [IP: 91.189.91.38 80]

W: Failed to fetch http://us.archive.ubuntu.com/ubuntu/dists/precise/universe/source/Sources  404  Not Found [IP: 91.189.91.38 80]

W: Failed to fetch http://us.archive.ubuntu.com/ubuntu/dists/precise/multiverse/source/Sources  404  Not Found [IP: 91.189.91.38 80]

W: Failed to fetch http://us.archive.ubuntu.com/ubuntu/dists/precise/main/binary-amd64/Packages  404  Not Found [IP: 91.189.91.38 80]

W: Failed to fetch http://us.archive.ubuntu.com/ubuntu/dists/precise/restricted/binary-amd64/Packages  404  Not Found [IP: 91.189.91.38 80]

W: Failed to fetch http://us.archive.ubuntu.com/ubuntu/dists/precise/universe/binary-amd64/Packages  404  Not Found [IP: 91.189.91.38 80]

W: Failed to fetch http://us.archive.ubuntu.com/ubuntu/dists/precise/multiverse/binary-amd64/Packages  404  Not Found [IP: 91.189.91.38 80]

W: Failed to fetch http://us.archive.ubuntu.com/ubuntu/dists/precise/main/binary-i386/Packages  404  Not Found [IP: 91.189.91.38 80]

W: Failed to fetch http://us.archive.ubuntu.com/ubuntu/dists/precise/restricted/binary-i386/Packages  404  Not Found [IP: 91.189.91.38 80]

W: Failed to fetch http://us.archive.ubuntu.com/ubuntu/dists/precise/universe/binary-i386/Packages  404  Not Found [IP: 91.189.91.38 80]

W: Failed to fetch http://us.archive.ubuntu.com/ubuntu/dists/precise/multiverse/binary-i386/Packages  404  Not Found [IP: 91.189.91.38 80]

W: Failed to fetch http://us.archive.ubuntu.com/ubuntu/dists/precise-updates/main/source/Sources  404  Not Found [IP: 91.189.91.38 80]

W: Failed to fetch http://us.archive.ubuntu.com/ubuntu/dists/precise-updates/restricted/source/Sources  404  Not Found [IP: 91.189.91.38 80]

W: Failed to fetch http://us.archive.ubuntu.com/ubuntu/dists/precise-updates/universe/source/Sources  404  Not Found [IP: 91.189.91.38 80]

W: Failed to fetch http://us.archive.ubuntu.com/ubuntu/dists/precise-updates/multiverse/source/Sources  404  Not Found [IP: 91.189.91.38 80]

W: Failed to fetch http://us.archive.ubuntu.com/ubuntu/dists/precise-updates/main/binary-amd64/Packages  404  Not Found [IP: 91.189.91.38 80]

W: Failed to fetch http://us.archive.ubuntu.com/ubuntu/dists/precise-updates/restricted/binary-amd64/Packages  404  Not Found [IP: 91.189.91.38 80]

W: Failed to fetch http://us.archive.ubuntu.com/ubuntu/dists/precise-updates/universe/binary-amd64/Packages  404  Not Found [IP: 91.189.91.38 80]

W: Failed to fetch http://us.archive.ubuntu.com/ubuntu/dists/precise-updates/multiverse/binary-amd64/Packages  404  Not Found [IP: 91.189.91.38 80]

W: Failed to fetch http://us.archive.ubuntu.com/ubuntu/dists/precise-updates/main/binary-i386/Packages  404  Not Found [IP: 91.189.91.38 80]

W: Failed to fetch http://us.archive.ubuntu.com/ubuntu/dists/precise-updates/restricted/binary-i386/Packages  404  Not Found [IP: 91.189.91.38 80]

W: Failed to fetch http://us.archive.ubuntu.com/ubuntu/dists/precise-updates/universe/binary-i386/Packages  404  Not Found [IP: 91.189.91.38 80]

W: Failed to fetch http://us.archive.ubuntu.com/ubuntu/dists/precise-updates/multiverse/binary-i386/Packages  404  Not Found [IP: 91.189.91.38 80]

W: Failed to fetch http://us.archive.ubuntu.com/ubuntu/dists/precise-backports/main/source/Sources  404  Not Found [IP: 91.189.91.38 80]

W: Failed to fetch http://us.archive.ubuntu.com/ubuntu/dists/precise-backports/restricted/source/Sources  404  Not Found [IP: 91.189.91.38 80]

W: Failed to fetch http://us.archive.ubuntu.com/ubuntu/dists/precise-backports/universe/source/Sources  404  Not Found [IP: 91.189.91.38 80]

W: Failed to fetch http://us.archive.ubuntu.com/ubuntu/dists/precise-backports/multiverse/source/Sources  404  Not Found [IP: 91.189.91.38 80]

W: Failed to fetch http://us.archive.ubuntu.com/ubuntu/dists/precise-backports/main/binary-amd64/Packages  404  Not Found [IP: 91.189.91.38 80]

W: Failed to fetch http://us.archive.ubuntu.com/ubuntu/dists/precise-backports/restricted/binary-amd64/Packages  404  Not Found [IP: 91.189.91.38 80]

W: Failed to fetch http://us.archive.ubuntu.com/ubuntu/dists/precise-backports/universe/binary-amd64/Packages  404  Not Found [IP: 91.189.91.38 80]

W: Failed to fetch http://us.archive.ubuntu.com/ubuntu/dists/precise-backports/multiverse/binary-amd64/Packages  404  Not Found [IP: 91.189.91.38 80]

W: Failed to fetch http://us.archive.ubuntu.com/ubuntu/dists/precise-backports/main/binary-i386/Packages  404  Not Found [IP: 91.189.91.38 80]

W: Failed to fetch http://us.archive.ubuntu.com/ubuntu/dists/precise-backports/restricted/binary-i386/Packages  404  Not Found [IP: 91.189.91.38 80]

W: Failed to fetch http://us.archive.ubuntu.com/ubuntu/dists/precise-backports/universe/binary-i386/Packages  404  Not Found [IP: 91.189.91.38 80]

W: Failed to fetch http://us.archive.ubuntu.com/ubuntu/dists/precise-backports/multiverse/binary-i386/Packages  404  Not Found [IP: 91.189.91.38 80]

W: Failed to fetch http://security.ubuntu.com/ubuntu/dists/precise-security/main/source/Sources  404  Not Found [IP: 91.189.88.152 80]

W: Failed to fetch http://security.ubuntu.com/ubuntu/dists/precise-security/restricted/source/Sources  404  Not Found [IP: 91.189.88.152 80]

W: Failed to fetch http://security.ubuntu.com/ubuntu/dists/precise-security/universe/source/Sources  404  Not Found [IP: 91.189.88.152 80]

W: Failed to fetch http://security.ubuntu.com/ubuntu/dists/precise-security/multiverse/source/Sources  404  Not Found [IP: 91.189.88.152 80]

W: Failed to fetch http://security.ubuntu.com/ubuntu/dists/precise-security/main/binary-amd64/Packages  404  Not Found [IP: 91.189.88.152 80]

W: Failed to fetch http://security.ubuntu.com/ubuntu/dists/precise-security/restricted/binary-amd64/Packages  404  Not Found [IP: 91.189.88.152 80]

W: Failed to fetch http://security.ubuntu.com/ubuntu/dists/precise-security/universe/binary-amd64/Packages  404  Not Found [IP: 91.189.88.152 80]

W: Failed to fetch http://security.ubuntu.com/ubuntu/dists/precise-security/multiverse/binary-amd64/Packages  404  Not Found [IP: 91.189.88.152 80]

W: Failed to fetch http://security.ubuntu.com/ubuntu/dists/precise-security/main/binary-i386/Packages  404  Not Found [IP: 91.189.88.152 80]

W: Failed to fetch http://security.ubuntu.com/ubuntu/dists/precise-security/restricted/binary-i386/Packages  404  Not Found [IP: 91.189.88.152 80]

W: Failed to fetch http://security.ubuntu.com/ubuntu/dists/precise-security/universe/binary-i386/Packages  404  Not Found [IP: 91.189.88.152 80]

W: Failed to fetch http://security.ubuntu.com/ubuntu/dists/precise-security/multiverse/binary-i386/Packages  404  Not Found [IP: 91.189.88.152 80]

E: Some index files failed to download. They have been ignored, or old ones used instead.
sed: cannot rename /etc/hosts: Device or resource busy
sed: cannot rename /etc/hosts: Device or resource busy
$ jdk_switcher use oraclejdk7
Switching to Oracle JDK7 (java-7-oracle), JAVA_HOME will be set to /usr/lib/jvm/java-7-oracle
$ cd failed/SpigotMC/BungeeCord
$ java -Xmx32m -version
java version "1.7.0_76"
Java(TM) SE Runtime Environment (build 1.7.0_76-b13)
Java HotSpot(TM) 64-Bit Server VM (build 24.76-b04, mixed mode)
$ javac -J-Xmx32m -version
javac 1.7.0_76
travis_fold:start:install[0Ktravis_time:start:033f41ab[0K$ mvn -o install -Dhttps.protocols=TLSv1.2 -Dhttps.protocols=TLSv1.2 -DskipTests=true -Dmaven.javadoc.skip=true -B -V
Apache Maven 3.2.5 (12a6b3acb947671f09b81f49094c53f426d8cea1; 2014-12-14T17:29:23+00:00)
Maven home: /usr/local/maven
Java version: 1.7.0_76, vendor: Oracle Corporation
Java home: /usr/lib/jvm/java-7-oracle/jre
Default locale: en_US, platform encoding: UTF-8
OS name: "linux", version: "4.15.0-109-generic", arch: "amd64", family: "unix"
[INFO] Scanning for projects...
[WARNING] 
[WARNING] Some problems were encountered while building the effective model for net.md-5:bungeecord-bootstrap:jar:1.9-SNAPSHOT
[WARNING] 'build.plugins.plugin.version' for org.apache.maven.plugins:maven-deploy-plugin is missing. @ line 45, column 21
[WARNING] 
[WARNING] Some problems were encountered while building the effective model for net.md-5:bungeecord-module-cmd-alert:jar:1.9-SNAPSHOT
[WARNING] 'build.plugins.plugin.version' for org.apache.maven.plugins:maven-deploy-plugin is missing. @ net.md-5:bungeecord-module:1.9-SNAPSHOT, /home/travis/build/failed/SpigotMC/BungeeCord/module/pom.xml, line 52, column 21
[WARNING] 
[WARNING] Some problems were encountered while building the effective model for net.md-5:bungeecord-module-cmd-find:jar:1.9-SNAPSHOT
[WARNING] 'build.plugins.plugin.version' for org.apache.maven.plugins:maven-deploy-plugin is missing. @ net.md-5:bungeecord-module:1.9-SNAPSHOT, /home/travis/build/failed/SpigotMC/BungeeCord/module/pom.xml, line 52, column 21
[WARNING] 
[WARNING] Some problems were encountered while building the effective model for net.md-5:bungeecord-module-cmd-list:jar:1.9-SNAPSHOT
[WARNING] 'build.plugins.plugin.version' for org.apache.maven.plugins:maven-deploy-plugin is missing. @ net.md-5:bungeecord-module:1.9-SNAPSHOT, /home/travis/build/failed/SpigotMC/BungeeCord/module/pom.xml, line 52, column 21
[WARNING] 
[WARNING] Some problems were encountered while building the effective model for net.md-5:bungeecord-module-cmd-send:jar:1.9-SNAPSHOT
[WARNING] 'build.plugins.plugin.version' for org.apache.maven.plugins:maven-deploy-plugin is missing. @ net.md-5:bungeecord-module:1.9-SNAPSHOT, /home/travis/build/failed/SpigotMC/BungeeCord/module/pom.xml, line 52, column 21
[WARNING] 
[WARNING] Some problems were encountered while building the effective model for net.md-5:bungeecord-module-cmd-server:jar:1.9-SNAPSHOT
[WARNING] 'build.plugins.plugin.version' for org.apache.maven.plugins:maven-deploy-plugin is missing. @ net.md-5:bungeecord-module:1.9-SNAPSHOT, /home/travis/build/failed/SpigotMC/BungeeCord/module/pom.xml, line 52, column 21
[WARNING] 
[WARNING] Some problems were encountered while building the effective model for net.md-5:bungeecord-module-reconnect-yaml:jar:1.9-SNAPSHOT
[WARNING] 'build.plugins.plugin.version' for org.apache.maven.plugins:maven-deploy-plugin is missing. @ net.md-5:bungeecord-module:1.9-SNAPSHOT, /home/travis/build/failed/SpigotMC/BungeeCord/module/pom.xml, line 52, column 21
[WARNING] 
[WARNING] Some problems were encountered while building the effective model for net.md-5:bungeecord-module:pom:1.9-SNAPSHOT
[WARNING] 'build.plugins.plugin.version' for org.apache.maven.plugins:maven-deploy-plugin is missing. @ line 52, column 21
[WARNING] 
[WARNING] Some problems were encountered while building the effective model for net.md-5:bungeecord-proxy:jar:1.9-SNAPSHOT
[WARNING] 'build.plugins.plugin.version' for org.apache.maven.plugins:maven-deploy-plugin is missing. @ line 87, column 21
[WARNING] 
[WARNING] It is highly recommended to fix these problems because they threaten the stability of your build.
[WARNING] 
[WARNING] For this reason, future Maven versions might no longer support building such malformed projects.
[WARNING] 
[INFO] ------------------------------------------------------------------------
[INFO] Reactor Build Order:
[INFO] 
[INFO] BungeeCord-Parent
[INFO] BungeeCord-Chat
[INFO] BungeeCord-Config
[INFO] BungeeCord-Event
[INFO] BungeeCord-Protocol
[INFO] BungeeCord-API
[INFO] BungeeCord-Native
[INFO] BungeeCord-Query
[INFO] BungeeCord-Proxy
[INFO] BungeeCord-Bootstrap
[INFO] BungeeCord Modules
[INFO] cmd_alert
[INFO] cmd_find
[INFO] cmd_list
[INFO] cmd_send
[INFO] cmd_server
[INFO] reconnect_yaml
[INFO]                                                                         
[INFO] ------------------------------------------------------------------------
[INFO] Building BungeeCord-Parent 1.9-SNAPSHOT
[INFO] ------------------------------------------------------------------------
[INFO] 
[INFO] --- maven-enforcer-plugin:1.2:enforce (enforce-maven) @ bungeecord-parent ---
[INFO] 
[INFO] --- scriptus:0.3.1:describe (default) @ bungeecord-parent ---
[INFO] Set property "describe" to "git:BungeeCord-Parent:1.9-SNAPSHOT:0b554be:unknown"
[INFO] 
[INFO] --- animal-sniffer-maven-plugin:1.13:check (default) @ bungeecord-parent ---
[INFO] Checking unresolved references to org.codehaus.mojo.signature:java16:1.1
[INFO] 
[INFO] --- maven-install-plugin:2.4:install (default-install) @ bungeecord-parent ---
[INFO] Installing /home/travis/build/failed/SpigotMC/BungeeCord/pom.xml to /home/travis/.m2/repository/net/md-5/bungeecord-parent/1.9-SNAPSHOT/bungeecord-parent-1.9-SNAPSHOT.pom
[INFO]                                                                         
[INFO] ------------------------------------------------------------------------
[INFO] Building BungeeCord-Chat 1.9-SNAPSHOT
[INFO] ------------------------------------------------------------------------
[INFO] 
[INFO] --- maven-enforcer-plugin:1.2:enforce (enforce-maven) @ bungeecord-chat ---
[INFO] 
[INFO] --- scriptus:0.3.1:describe (default) @ bungeecord-chat ---
[INFO] Set property "describe" to "git:BungeeCord-Chat:1.9-SNAPSHOT:0b554be:unknown"
[INFO] 
[INFO] --- maven-resources-plugin:2.6:resources (default-resources) @ bungeecord-chat ---
[INFO] Using 'UTF-8' encoding to copy filtered resources.
[INFO] Copying 1 resource
[INFO] 
[INFO] --- maven-compiler-plugin:3.1:compile (default-compile) @ bungeecord-chat ---
[INFO] Nothing to compile - all classes are up to date
[INFO] 
[INFO] --- animal-sniffer-maven-plugin:1.13:check (default) @ bungeecord-chat ---
[INFO] Checking unresolved references to org.codehaus.mojo.signature:java16:1.1
[INFO] 
[INFO] --- maven-resources-plugin:2.6:testResources (default-testResources) @ bungeecord-chat ---
[INFO] Using 'UTF-8' encoding to copy filtered resources.
[INFO] skip non existing resourceDirectory /home/travis/build/failed/SpigotMC/BungeeCord/chat/src/test/resources
[INFO] 
[INFO] --- maven-compiler-plugin:3.1:testCompile (default-testCompile) @ bungeecord-chat ---
[INFO] Nothing to compile - all classes are up to date
[INFO] 
[INFO] --- maven-surefire-plugin:2.12.4:test (default-test) @ bungeecord-chat ---
[INFO] Tests are skipped.
[INFO] 
[INFO] --- maven-jar-plugin:2.4:jar (default-jar) @ bungeecord-chat ---
[INFO] 
[INFO] --- maven-install-plugin:2.4:install (default-install) @ bungeecord-chat ---
[INFO] Installing /home/travis/build/failed/SpigotMC/BungeeCord/chat/target/bungeecord-chat-1.9-SNAPSHOT.jar to /home/travis/.m2/repository/net/md-5/bungeecord-chat/1.9-SNAPSHOT/bungeecord-chat-1.9-SNAPSHOT.jar
[INFO] Installing /home/travis/build/failed/SpigotMC/BungeeCord/chat/pom.xml to /home/travis/.m2/repository/net/md-5/bungeecord-chat/1.9-SNAPSHOT/bungeecord-chat-1.9-SNAPSHOT.pom
[INFO]                                                                         
[INFO] ------------------------------------------------------------------------
[INFO] Building BungeeCord-Config 1.9-SNAPSHOT
[INFO] ------------------------------------------------------------------------
[INFO] 
[INFO] --- maven-enforcer-plugin:1.2:enforce (enforce-maven) @ bungeecord-config ---
[INFO] 
[INFO] --- scriptus:0.3.1:describe (default) @ bungeecord-config ---
[INFO] Set property "describe" to "git:BungeeCord-Config:1.9-SNAPSHOT:0b554be:unknown"
[INFO] 
[INFO] --- maven-resources-plugin:2.6:resources (default-resources) @ bungeecord-config ---
[INFO] Using 'UTF-8' encoding to copy filtered resources.
[INFO] skip non existing resourceDirectory /home/travis/build/failed/SpigotMC/BungeeCord/config/src/main/resources
[INFO] 
[INFO] --- maven-compiler-plugin:3.1:compile (default-compile) @ bungeecord-config ---
[INFO] Nothing to compile - all classes are up to date
[INFO] 
[INFO] --- animal-sniffer-maven-plugin:1.13:check (default) @ bungeecord-config ---
[INFO] Checking unresolved references to org.codehaus.mojo.signature:java16:1.1
[INFO] 
[INFO] --- maven-resources-plugin:2.6:testResources (default-testResources) @ bungeecord-config ---
[INFO] Using 'UTF-8' encoding to copy filtered resources.
[INFO] skip non existing resourceDirectory /home/travis/build/failed/SpigotMC/BungeeCord/config/src/test/resources
[INFO] 
[INFO] --- maven-compiler-plugin:3.1:testCompile (default-testCompile) @ bungeecord-config ---
[INFO] Nothing to compile - all classes are up to date
[INFO] 
[INFO] --- maven-surefire-plugin:2.12.4:test (default-test) @ bungeecord-config ---
[INFO] Tests are skipped.
[INFO] 
[INFO] --- maven-jar-plugin:2.4:jar (default-jar) @ bungeecord-config ---
[INFO] 
[INFO] --- maven-install-plugin:2.4:install (default-install) @ bungeecord-config ---
[INFO] Installing /home/travis/build/failed/SpigotMC/BungeeCord/config/target/bungeecord-config-1.9-SNAPSHOT.jar to /home/travis/.m2/repository/net/md-5/bungeecord-config/1.9-SNAPSHOT/bungeecord-config-1.9-SNAPSHOT.jar
[INFO] Installing /home/travis/build/failed/SpigotMC/BungeeCord/config/pom.xml to /home/travis/.m2/repository/net/md-5/bungeecord-config/1.9-SNAPSHOT/bungeecord-config-1.9-SNAPSHOT.pom
[INFO]                                                                         
[INFO] ------------------------------------------------------------------------
[INFO] Building BungeeCord-Event 1.9-SNAPSHOT
[INFO] ------------------------------------------------------------------------
[INFO] 
[INFO] --- maven-enforcer-plugin:1.2:enforce (enforce-maven) @ bungeecord-event ---
[INFO] 
[INFO] --- scriptus:0.3.1:describe (default) @ bungeecord-event ---
[INFO] Set property "describe" to "git:BungeeCord-Event:1.9-SNAPSHOT:0b554be:unknown"
[INFO] 
[INFO] --- maven-resources-plugin:2.6:resources (default-resources) @ bungeecord-event ---
[INFO] Using 'UTF-8' encoding to copy filtered resources.
[INFO] skip non existing resourceDirectory /home/travis/build/failed/SpigotMC/BungeeCord/event/src/main/resources
[INFO] 
[INFO] --- maven-compiler-plugin:3.1:compile (default-compile) @ bungeecord-event ---
[INFO] Nothing to compile - all classes are up to date
[INFO] 
[INFO] --- animal-sniffer-maven-plugin:1.13:check (default) @ bungeecord-event ---
[INFO] Checking unresolved references to org.codehaus.mojo.signature:java16:1.1
[INFO] 
[INFO] --- maven-resources-plugin:2.6:testResources (default-testResources) @ bungeecord-event ---
[INFO] Using 'UTF-8' encoding to copy filtered resources.
[INFO] skip non existing resourceDirectory /home/travis/build/failed/SpigotMC/BungeeCord/event/src/test/resources
[INFO] 
[INFO] --- maven-compiler-plugin:3.1:testCompile (default-testCompile) @ bungeecord-event ---
[INFO] Nothing to compile - all classes are up to date
[INFO] 
[INFO] --- maven-surefire-plugin:2.12.4:test (default-test) @ bungeecord-event ---
[INFO] Tests are skipped.
[INFO] 
[INFO] --- maven-jar-plugin:2.4:jar (default-jar) @ bungeecord-event ---
[INFO] 
[INFO] --- maven-install-plugin:2.4:install (default-install) @ bungeecord-event ---
[INFO] Installing /home/travis/build/failed/SpigotMC/BungeeCord/event/target/bungeecord-event-1.9-SNAPSHOT.jar to /home/travis/.m2/repository/net/md-5/bungeecord-event/1.9-SNAPSHOT/bungeecord-event-1.9-SNAPSHOT.jar
[INFO] Installing /home/travis/build/failed/SpigotMC/BungeeCord/event/pom.xml to /home/travis/.m2/repository/net/md-5/bungeecord-event/1.9-SNAPSHOT/bungeecord-event-1.9-SNAPSHOT.pom
[INFO]                                                                         
[INFO] ------------------------------------------------------------------------
[INFO] Building BungeeCord-Protocol 1.9-SNAPSHOT
[INFO] ------------------------------------------------------------------------
[INFO] 
[INFO] --- maven-enforcer-plugin:1.2:enforce (enforce-maven) @ bungeecord-protocol ---
[INFO] 
[INFO] --- scriptus:0.3.1:describe (default) @ bungeecord-protocol ---
[INFO] Set property "describe" to "git:BungeeCord-Protocol:1.9-SNAPSHOT:0b554be:unknown"
[INFO] 
[INFO] --- maven-resources-plugin:2.6:resources (default-resources) @ bungeecord-protocol ---
[INFO] Using 'UTF-8' encoding to copy filtered resources.
[INFO] skip non existing resourceDirectory /home/travis/build/failed/SpigotMC/BungeeCord/protocol/src/main/resources
[INFO] 
[INFO] --- maven-compiler-plugin:3.1:compile (default-compile) @ bungeecord-protocol ---
[INFO] Nothing to compile - all classes are up to date
[INFO] 
[INFO] --- animal-sniffer-maven-plugin:1.13:check (default) @ bungeecord-protocol ---
[INFO] Checking unresolved references to org.codehaus.mojo.signature:java16:1.1
[INFO] 
[INFO] --- maven-resources-plugin:2.6:testResources (default-testResources) @ bungeecord-protocol ---
[INFO] Using 'UTF-8' encoding to copy filtered resources.
[INFO] skip non existing resourceDirectory /home/travis/build/failed/SpigotMC/BungeeCord/protocol/src/test/resources
[INFO] 
[INFO] --- maven-compiler-plugin:3.1:testCompile (default-testCompile) @ bungeecord-protocol ---
[INFO] No sources to compile
[INFO] 
[INFO] --- maven-surefire-plugin:2.12.4:test (default-test) @ bungeecord-protocol ---
[INFO] Tests are skipped.
[INFO] 
[INFO] --- maven-jar-plugin:2.4:jar (default-jar) @ bungeecord-protocol ---
[INFO] 
[INFO] --- maven-install-plugin:2.4:install (default-install) @ bungeecord-protocol ---
[INFO] Installing /home/travis/build/failed/SpigotMC/BungeeCord/protocol/target/bungeecord-protocol-1.9-SNAPSHOT.jar to /home/travis/.m2/repository/net/md-5/bungeecord-protocol/1.9-SNAPSHOT/bungeecord-protocol-1.9-SNAPSHOT.jar
[INFO] Installing /home/travis/build/failed/SpigotMC/BungeeCord/protocol/pom.xml to /home/travis/.m2/repository/net/md-5/bungeecord-protocol/1.9-SNAPSHOT/bungeecord-protocol-1.9-SNAPSHOT.pom
[INFO]                                                                         
[INFO] ------------------------------------------------------------------------
[INFO] Building BungeeCord-API 1.9-SNAPSHOT
[INFO] ------------------------------------------------------------------------
[INFO] 
[INFO] --- maven-enforcer-plugin:1.2:enforce (enforce-maven) @ bungeecord-api ---
[INFO] 
[INFO] --- scriptus:0.3.1:describe (default) @ bungeecord-api ---
[INFO] Set property "describe" to "git:BungeeCord-API:1.9-SNAPSHOT:0b554be:unknown"
[INFO] 
[INFO] --- maven-resources-plugin:2.6:resources (default-resources) @ bungeecord-api ---
[INFO] Using 'UTF-8' encoding to copy filtered resources.
[INFO] skip non existing resourceDirectory /home/travis/build/failed/SpigotMC/BungeeCord/api/src/main/resources
[INFO] 
[INFO] --- maven-compiler-plugin:3.1:compile (default-compile) @ bungeecord-api ---
[INFO] Nothing to compile - all classes are up to date
[INFO] 
[INFO] --- animal-sniffer-maven-plugin:1.13:check (default) @ bungeecord-api ---
[INFO] Checking unresolved references to org.codehaus.mojo.signature:java16:1.1
[INFO] 
[INFO] --- maven-resources-plugin:2.6:testResources (default-testResources) @ bungeecord-api ---
[INFO] Using 'UTF-8' encoding to copy filtered resources.
[INFO] skip non existing resourceDirectory /home/travis/build/failed/SpigotMC/BungeeCord/api/src/test/resources
[INFO] 
[INFO] --- maven-compiler-plugin:3.1:testCompile (default-testCompile) @ bungeecord-api ---
[INFO] Nothing to compile - all classes are up to date
[INFO] 
[INFO] --- maven-surefire-plugin:2.12.4:test (default-test) @ bungeecord-api ---
[INFO] Tests are skipped.
[INFO] 
[INFO] --- maven-jar-plugin:2.4:jar (default-jar) @ bungeecord-api ---
[INFO] 
[INFO] --- maven-install-plugin:2.4:install (default-install) @ bungeecord-api ---
[INFO] Installing /home/travis/build/failed/SpigotMC/BungeeCord/api/target/bungeecord-api-1.9-SNAPSHOT.jar to /home/travis/.m2/repository/net/md-5/bungeecord-api/1.9-SNAPSHOT/bungeecord-api-1.9-SNAPSHOT.jar
[INFO] Installing /home/travis/build/failed/SpigotMC/BungeeCord/api/pom.xml to /home/travis/.m2/repository/net/md-5/bungeecord-api/1.9-SNAPSHOT/bungeecord-api-1.9-SNAPSHOT.pom
[INFO]                                                                         
[INFO] ------------------------------------------------------------------------
[INFO] Building BungeeCord-Native 1.9-SNAPSHOT
[INFO] ------------------------------------------------------------------------
[INFO] 
[INFO] --- maven-enforcer-plugin:1.2:enforce (enforce-maven) @ bungeecord-native ---
[INFO] 
[INFO] --- scriptus:0.3.1:describe (default) @ bungeecord-native ---
[INFO] Set property "describe" to "git:BungeeCord-Native:1.9-SNAPSHOT:0b554be:unknown"
[INFO] 
[INFO] --- maven-resources-plugin:2.6:resources (default-resources) @ bungeecord-native ---
[INFO] Using 'UTF-8' encoding to copy filtered resources.
[INFO] Copying 2 resources
[INFO] 
[INFO] --- maven-compiler-plugin:3.1:compile (default-compile) @ bungeecord-native ---
[INFO] Nothing to compile - all classes are up to date
[INFO] 
[INFO] --- animal-sniffer-maven-plugin:1.13:check (default) @ bungeecord-native ---
[INFO] Checking unresolved references to org.codehaus.mojo.signature:java16:1.1
[INFO] 
[INFO] --- maven-resources-plugin:2.6:testResources (default-testResources) @ bungeecord-native ---
[INFO] Using 'UTF-8' encoding to copy filtered resources.
[INFO] skip non existing resourceDirectory /home/travis/build/failed/SpigotMC/BungeeCord/native/src/test/resources
[INFO] 
[INFO] --- maven-compiler-plugin:3.1:testCompile (default-testCompile) @ bungeecord-native ---
[INFO] Nothing to compile - all classes are up to date
[INFO] 
[INFO] --- maven-surefire-plugin:2.12.4:test (default-test) @ bungeecord-native ---
[INFO] Tests are skipped.
[INFO] 
[INFO] --- maven-jar-plugin:2.4:jar (default-jar) @ bungeecord-native ---
[INFO] 
[INFO] --- maven-install-plugin:2.4:install (default-install) @ bungeecord-native ---
[INFO] Installing /home/travis/build/failed/SpigotMC/BungeeCord/native/target/bungeecord-native-1.9-SNAPSHOT.jar to /home/travis/.m2/repository/net/md-5/bungeecord-native/1.9-SNAPSHOT/bungeecord-native-1.9-SNAPSHOT.jar
[INFO] Installing /home/travis/build/failed/SpigotMC/BungeeCord/native/pom.xml to /home/travis/.m2/repository/net/md-5/bungeecord-native/1.9-SNAPSHOT/bungeecord-native-1.9-SNAPSHOT.pom
[INFO]                                                                         
[INFO] ------------------------------------------------------------------------
[INFO] Building BungeeCord-Query 1.9-SNAPSHOT
[INFO] ------------------------------------------------------------------------
[INFO] 
[INFO] --- maven-enforcer-plugin:1.2:enforce (enforce-maven) @ bungeecord-query ---
[INFO] 
[INFO] --- scriptus:0.3.1:describe (default) @ bungeecord-query ---
[INFO] Set property "describe" to "git:BungeeCord-Query:1.9-SNAPSHOT:0b554be:unknown"
[INFO] 
[INFO] --- maven-resources-plugin:2.6:resources (default-resources) @ bungeecord-query ---
[INFO] Using 'UTF-8' encoding to copy filtered resources.
[INFO] skip non existing resourceDirectory /home/travis/build/failed/SpigotMC/BungeeCord/query/src/main/resources
[INFO] 
[INFO] --- maven-compiler-plugin:3.1:compile (default-compile) @ bungeecord-query ---
[INFO] Nothing to compile - all classes are up to date
[INFO] 
[INFO] --- animal-sniffer-maven-plugin:1.13:check (default) @ bungeecord-query ---
[INFO] Checking unresolved references to org.codehaus.mojo.signature:java16:1.1
[INFO] 
[INFO] --- maven-resources-plugin:2.6:testResources (default-testResources) @ bungeecord-query ---
[INFO] Using 'UTF-8' encoding to copy filtered resources.
[INFO] skip non existing resourceDirectory /home/travis/build/failed/SpigotMC/BungeeCord/query/src/test/resources
[INFO] 
[INFO] --- maven-compiler-plugin:3.1:testCompile (default-testCompile) @ bungeecord-query ---
[INFO] No sources to compile
[INFO] 
[INFO] --- maven-surefire-plugin:2.12.4:test (default-test) @ bungeecord-query ---
[INFO] Tests are skipped.
[INFO] 
[INFO] --- maven-jar-plugin:2.4:jar (default-jar) @ bungeecord-query ---
[INFO] 
[INFO] --- maven-install-plugin:2.4:install (default-install) @ bungeecord-query ---
[INFO] Installing /home/travis/build/failed/SpigotMC/BungeeCord/query/target/bungeecord-query-1.9-SNAPSHOT.jar to /home/travis/.m2/repository/net/md-5/bungeecord-query/1.9-SNAPSHOT/bungeecord-query-1.9-SNAPSHOT.jar
[INFO] Installing /home/travis/build/failed/SpigotMC/BungeeCord/query/pom.xml to /home/travis/.m2/repository/net/md-5/bungeecord-query/1.9-SNAPSHOT/bungeecord-query-1.9-SNAPSHOT.pom
[INFO]                                                                         
[INFO] ------------------------------------------------------------------------
[INFO] Building BungeeCord-Proxy 1.9-SNAPSHOT
[INFO] ------------------------------------------------------------------------
[INFO] 
[INFO] --- maven-enforcer-plugin:1.2:enforce (enforce-maven) @ bungeecord-proxy ---
[INFO] 
[INFO] --- scriptus:0.3.1:describe (default) @ bungeecord-proxy ---
[INFO] Set property "describe" to "git:BungeeCord-Proxy:1.9-SNAPSHOT:0b554be:unknown"
[INFO] 
[INFO] --- maven-resources-plugin:2.6:resources (default-resources) @ bungeecord-proxy ---
[INFO] Using 'UTF-8' encoding to copy filtered resources.
[INFO] Copying 1 resource
[INFO] 
[INFO] --- maven-compiler-plugin:3.1:compile (default-compile) @ bungeecord-proxy ---
[INFO] Changes detected - recompiling the module!
[INFO] Compiling 68 source files to /home/travis/build/failed/SpigotMC/BungeeCord/proxy/target/classes
[INFO] -------------------------------------------------------------
[WARNING] COMPILATION WARNING : 
[INFO] -------------------------------------------------------------
[WARNING] /home/travis/build/failed/SpigotMC/BungeeCord/proxy/src/main/java/net/md_5/bungee/conf/Configuration.java: Some input files use or override a deprecated API.
[WARNING] /home/travis/build/failed/SpigotMC/BungeeCord/proxy/src/main/java/net/md_5/bungee/conf/Configuration.java: Recompile with -Xlint:deprecation for details.
[WARNING] /home/travis/build/failed/SpigotMC/BungeeCord/proxy/src/main/java/net/md_5/bungee/BungeeServerInfo.java: Some input files use unchecked or unsafe operations.
[WARNING] /home/travis/build/failed/SpigotMC/BungeeCord/proxy/src/main/java/net/md_5/bungee/BungeeServerInfo.java: Recompile with -Xlint:unchecked for details.
[INFO] 4 warnings 
[INFO] -------------------------------------------------------------
[INFO] -------------------------------------------------------------
[ERROR] COMPILATION ERROR : 
[INFO] -------------------------------------------------------------
[ERROR] /home/travis/build/failed/SpigotMC/BungeeCord/proxy/src/main/java/net/md_5/bungee/entitymap/EntityMap_1_8.java:[112,73] cannot find symbol
  symbol:   variable BYTES
  location: class java.lang.Short
[ERROR] /home/travis/build/failed/SpigotMC/BungeeCord/proxy/src/main/java/net/md_5/bungee/entitymap/EntityMap_1_8.java:[116,73] cannot find symbol
  symbol:   variable BYTES
  location: class java.lang.Short
[INFO] 2 errors 
[INFO] -------------------------------------------------------------
[INFO] ------------------------------------------------------------------------
[INFO] Reactor Summary:
[INFO] 
[INFO] BungeeCord-Parent .................................. SUCCESS [ 19.279 s]
[INFO] BungeeCord-Chat .................................... SUCCESS [ 17.616 s]
[INFO] BungeeCord-Config .................................. SUCCESS [  2.190 s]
[INFO] BungeeCord-Event ................................... SUCCESS [  2.053 s]
[INFO] BungeeCord-Protocol ................................ SUCCESS [ 14.503 s]
[INFO] BungeeCord-API ..................................... SUCCESS [  6.685 s]
[INFO] BungeeCord-Native .................................. SUCCESS [  3.127 s]
[INFO] BungeeCord-Query ................................... SUCCESS [  2.442 s]
[INFO] BungeeCord-Proxy ................................... FAILURE [ 14.455 s]
[INFO] BungeeCord-Bootstrap ............................... SKIPPED
[INFO] BungeeCord Modules ................................. SKIPPED
[INFO] cmd_alert .......................................... SKIPPED
[INFO] cmd_find ........................................... SKIPPED
[INFO] cmd_list ........................................... SKIPPED
[INFO] cmd_send ........................................... SKIPPED
[INFO] cmd_server ......................................... SKIPPED
[INFO] reconnect_yaml ..................................... SKIPPED
[INFO] ------------------------------------------------------------------------
[INFO] BUILD FAILURE
[INFO] ------------------------------------------------------------------------
[INFO] Total time: 01:24 min
[INFO] Finished at: 2022-02-12T20:30:42+00:00
[INFO] Final Memory: 20M/457M
[INFO] ------------------------------------------------------------------------
[ERROR] Failed to execute goal org.apache.maven.plugins:maven-compiler-plugin:3.1:compile (default-compile) on project bungeecord-proxy: Compilation failure: Compilation failure:
[ERROR] /home/travis/build/failed/SpigotMC/BungeeCord/proxy/src/main/java/net/md_5/bungee/entitymap/EntityMap_1_8.java:[112,73] cannot find symbol
[ERROR] symbol:   variable BYTES
[ERROR] location: class java.lang.Short
[ERROR] /home/travis/build/failed/SpigotMC/BungeeCord/proxy/src/main/java/net/md_5/bungee/entitymap/EntityMap_1_8.java:[116,73] cannot find symbol
[ERROR] symbol:   variable BYTES
[ERROR] location: class java.lang.Short
[ERROR] -> [Help 1]
[ERROR] 
[ERROR] To see the full stack trace of the errors, re-run Maven with the -e switch.
[ERROR] Re-run Maven using the -X switch to enable full debug logging.
[ERROR] 
[ERROR] For more information about the errors and possible solutions, please read the following articles:
[ERROR] [Help 1] http://cwiki.apache.org/confluence/display/MAVEN/MojoFailureException
[ERROR] 
[ERROR] After correcting the problems, you can resume the build with the command
[ERROR]   mvn <goals> -rf :bungeecord-proxy

[31;1mThe command "eval mvn -o install -Dhttps.protocols=TLSv1.2 -Dhttps.protocols=TLSv1.2 -DskipTests=true -Dmaven.javadoc.skip=true -B -V " failed. Retrying, 2 of 3.[0m

Apache Maven 3.2.5 (12a6b3acb947671f09b81f49094c53f426d8cea1; 2014-12-14T17:29:23+00:00)
Maven home: /usr/local/maven
Java version: 1.7.0_76, vendor: Oracle Corporation
Java home: /usr/lib/jvm/java-7-oracle/jre
Default locale: en_US, platform encoding: UTF-8
OS name: "linux", version: "4.15.0-109-generic", arch: "amd64", family: "unix"
[INFO] Scanning for projects...
[WARNING] 
[WARNING] Some problems were encountered while building the effective model for net.md-5:bungeecord-bootstrap:jar:1.9-SNAPSHOT
[WARNING] 'build.plugins.plugin.version' for org.apache.maven.plugins:maven-deploy-plugin is missing. @ line 45, column 21
[WARNING] 
[WARNING] Some problems were encountered while building the effective model for net.md-5:bungeecord-module-cmd-alert:jar:1.9-SNAPSHOT
[WARNING] 'build.plugins.plugin.version' for org.apache.maven.plugins:maven-deploy-plugin is missing. @ net.md-5:bungeecord-module:1.9-SNAPSHOT, /home/travis/build/failed/SpigotMC/BungeeCord/module/pom.xml, line 52, column 21
[WARNING] 
[WARNING] Some problems were encountered while building the effective model for net.md-5:bungeecord-module-cmd-find:jar:1.9-SNAPSHOT
[WARNING] 'build.plugins.plugin.version' for org.apache.maven.plugins:maven-deploy-plugin is missing. @ net.md-5:bungeecord-module:1.9-SNAPSHOT, /home/travis/build/failed/SpigotMC/BungeeCord/module/pom.xml, line 52, column 21
[WARNING] 
[WARNING] Some problems were encountered while building the effective model for net.md-5:bungeecord-module-cmd-list:jar:1.9-SNAPSHOT
[WARNING] 'build.plugins.plugin.version' for org.apache.maven.plugins:maven-deploy-plugin is missing. @ net.md-5:bungeecord-module:1.9-SNAPSHOT, /home/travis/build/failed/SpigotMC/BungeeCord/module/pom.xml, line 52, column 21
[WARNING] 
[WARNING] Some problems were encountered while building the effective model for net.md-5:bungeecord-module-cmd-send:jar:1.9-SNAPSHOT
[WARNING] 'build.plugins.plugin.version' for org.apache.maven.plugins:maven-deploy-plugin is missing. @ net.md-5:bungeecord-module:1.9-SNAPSHOT, /home/travis/build/failed/SpigotMC/BungeeCord/module/pom.xml, line 52, column 21
[WARNING] 
[WARNING] Some problems were encountered while building the effective model for net.md-5:bungeecord-module-cmd-server:jar:1.9-SNAPSHOT
[WARNING] 'build.plugins.plugin.version' for org.apache.maven.plugins:maven-deploy-plugin is missing. @ net.md-5:bungeecord-module:1.9-SNAPSHOT, /home/travis/build/failed/SpigotMC/BungeeCord/module/pom.xml, line 52, column 21
[WARNING] 
[WARNING] Some problems were encountered while building the effective model for net.md-5:bungeecord-module-reconnect-yaml:jar:1.9-SNAPSHOT
[WARNING] 'build.plugins.plugin.version' for org.apache.maven.plugins:maven-deploy-plugin is missing. @ net.md-5:bungeecord-module:1.9-SNAPSHOT, /home/travis/build/failed/SpigotMC/BungeeCord/module/pom.xml, line 52, column 21
[WARNING] 
[WARNING] Some problems were encountered while building the effective model for net.md-5:bungeecord-module:pom:1.9-SNAPSHOT
[WARNING] 'build.plugins.plugin.version' for org.apache.maven.plugins:maven-deploy-plugin is missing. @ line 52, column 21
[WARNING] 
[WARNING] Some problems were encountered while building the effective model for net.md-5:bungeecord-proxy:jar:1.9-SNAPSHOT
[WARNING] 'build.plugins.plugin.version' for org.apache.maven.plugins:maven-deploy-plugin is missing. @ line 87, column 21
[WARNING] 
[WARNING] It is highly recommended to fix these problems because they threaten the stability of your build.
[WARNING] 
[WARNING] For this reason, future Maven versions might no longer support building such malformed projects.
[WARNING] 
[INFO] ------------------------------------------------------------------------
[INFO] Reactor Build Order:
[INFO] 
[INFO] BungeeCord-Parent
[INFO] BungeeCord-Chat
[INFO] BungeeCord-Config
[INFO] BungeeCord-Event
[INFO] BungeeCord-Protocol
[INFO] BungeeCord-API
[INFO] BungeeCord-Native
[INFO] BungeeCord-Query
[INFO] BungeeCord-Proxy
[INFO] BungeeCord-Bootstrap
[INFO] BungeeCord Modules
[INFO] cmd_alert
[INFO] cmd_find
[INFO] cmd_list
[INFO] cmd_send
[INFO] cmd_server
[INFO] reconnect_yaml
[INFO]                                                                         
[INFO] ------------------------------------------------------------------------
[INFO] Building BungeeCord-Parent 1.9-SNAPSHOT
[INFO] ------------------------------------------------------------------------
[INFO] 
[INFO] --- maven-enforcer-plugin:1.2:enforce (enforce-maven) @ bungeecord-parent ---
[INFO] 
[INFO] --- scriptus:0.3.1:describe (default) @ bungeecord-parent ---
[INFO] Set property "describe" to "git:BungeeCord-Parent:1.9-SNAPSHOT:0b554be:unknown"
[INFO] 
[INFO] --- animal-sniffer-maven-plugin:1.13:check (default) @ bungeecord-parent ---
[INFO] Checking unresolved references to org.codehaus.mojo.signature:java16:1.1
[INFO] 
[INFO] --- maven-install-plugin:2.4:install (default-install) @ bungeecord-parent ---
[INFO] Installing /home/travis/build/failed/SpigotMC/BungeeCord/pom.xml to /home/travis/.m2/repository/net/md-5/bungeecord-parent/1.9-SNAPSHOT/bungeecord-parent-1.9-SNAPSHOT.pom
[INFO]                                                                         
[INFO] ------------------------------------------------------------------------
[INFO] Building BungeeCord-Chat 1.9-SNAPSHOT
[INFO] ------------------------------------------------------------------------
[INFO] 
[INFO] --- maven-enforcer-plugin:1.2:enforce (enforce-maven) @ bungeecord-chat ---
[INFO] 
[INFO] --- scriptus:0.3.1:describe (default) @ bungeecord-chat ---
[INFO] Set property "describe" to "git:BungeeCord-Chat:1.9-SNAPSHOT:0b554be:unknown"
[INFO] 
[INFO] --- maven-resources-plugin:2.6:resources (default-resources) @ bungeecord-chat ---
[INFO] Using 'UTF-8' encoding to copy filtered resources.
[INFO] Copying 1 resource
[INFO] 
[INFO] --- maven-compiler-plugin:3.1:compile (default-compile) @ bungeecord-chat ---
[INFO] Nothing to compile - all classes are up to date
[INFO] 
[INFO] --- animal-sniffer-maven-plugin:1.13:check (default) @ bungeecord-chat ---
[INFO] Checking unresolved references to org.codehaus.mojo.signature:java16:1.1
[INFO] 
[INFO] --- maven-resources-plugin:2.6:testResources (default-testResources) @ bungeecord-chat ---
[INFO] Using 'UTF-8' encoding to copy filtered resources.
[INFO] skip non existing resourceDirectory /home/travis/build/failed/SpigotMC/BungeeCord/chat/src/test/resources
[INFO] 
[INFO] --- maven-compiler-plugin:3.1:testCompile (default-testCompile) @ bungeecord-chat ---
[INFO] Nothing to compile - all classes are up to date
[INFO] 
[INFO] --- maven-surefire-plugin:2.12.4:test (default-test) @ bungeecord-chat ---
[INFO] Tests are skipped.
[INFO] 
[INFO] --- maven-jar-plugin:2.4:jar (default-jar) @ bungeecord-chat ---
[INFO] 
[INFO] --- maven-install-plugin:2.4:install (default-install) @ bungeecord-chat ---
[INFO] Installing /home/travis/build/failed/SpigotMC/BungeeCord/chat/target/bungeecord-chat-1.9-SNAPSHOT.jar to /home/travis/.m2/repository/net/md-5/bungeecord-chat/1.9-SNAPSHOT/bungeecord-chat-1.9-SNAPSHOT.jar
[INFO] Installing /home/travis/build/failed/SpigotMC/BungeeCord/chat/pom.xml to /home/travis/.m2/repository/net/md-5/bungeecord-chat/1.9-SNAPSHOT/bungeecord-chat-1.9-SNAPSHOT.pom
[INFO]                                                                         
[INFO] ------------------------------------------------------------------------
[INFO] Building BungeeCord-Config 1.9-SNAPSHOT
[INFO] ------------------------------------------------------------------------
[INFO] 
[INFO] --- maven-enforcer-plugin:1.2:enforce (enforce-maven) @ bungeecord-config ---
[INFO] 
[INFO] --- scriptus:0.3.1:describe (default) @ bungeecord-config ---
[INFO] Set property "describe" to "git:BungeeCord-Config:1.9-SNAPSHOT:0b554be:unknown"
[INFO] 
[INFO] --- maven-resources-plugin:2.6:resources (default-resources) @ bungeecord-config ---
[INFO] Using 'UTF-8' encoding to copy filtered resources.
[INFO] skip non existing resourceDirectory /home/travis/build/failed/SpigotMC/BungeeCord/config/src/main/resources
[INFO] 
[INFO] --- maven-compiler-plugin:3.1:compile (default-compile) @ bungeecord-config ---
[INFO] Nothing to compile - all classes are up to date
[INFO] 
[INFO] --- animal-sniffer-maven-plugin:1.13:check (default) @ bungeecord-config ---
[INFO] Checking unresolved references to org.codehaus.mojo.signature:java16:1.1
[INFO] 
[INFO] --- maven-resources-plugin:2.6:testResources (default-testResources) @ bungeecord-config ---
[INFO] Using 'UTF-8' encoding to copy filtered resources.
[INFO] skip non existing resourceDirectory /home/travis/build/failed/SpigotMC/BungeeCord/config/src/test/resources
[INFO] 
[INFO] --- maven-compiler-plugin:3.1:testCompile (default-testCompile) @ bungeecord-config ---
[INFO] Nothing to compile - all classes are up to date
[INFO] 
[INFO] --- maven-surefire-plugin:2.12.4:test (default-test) @ bungeecord-config ---
[INFO] Tests are skipped.
[INFO] 
[INFO] --- maven-jar-plugin:2.4:jar (default-jar) @ bungeecord-config ---
[INFO] 
[INFO] --- maven-install-plugin:2.4:install (default-install) @ bungeecord-config ---
[INFO] Installing /home/travis/build/failed/SpigotMC/BungeeCord/config/target/bungeecord-config-1.9-SNAPSHOT.jar to /home/travis/.m2/repository/net/md-5/bungeecord-config/1.9-SNAPSHOT/bungeecord-config-1.9-SNAPSHOT.jar
[INFO] Installing /home/travis/build/failed/SpigotMC/BungeeCord/config/pom.xml to /home/travis/.m2/repository/net/md-5/bungeecord-config/1.9-SNAPSHOT/bungeecord-config-1.9-SNAPSHOT.pom
[INFO]                                                                         
[INFO] ------------------------------------------------------------------------
[INFO] Building BungeeCord-Event 1.9-SNAPSHOT
[INFO] ------------------------------------------------------------------------
[INFO] 
[INFO] --- maven-enforcer-plugin:1.2:enforce (enforce-maven) @ bungeecord-event ---
[INFO] 
[INFO] --- scriptus:0.3.1:describe (default) @ bungeecord-event ---
[INFO] Set property "describe" to "git:BungeeCord-Event:1.9-SNAPSHOT:0b554be:unknown"
[INFO] 
[INFO] --- maven-resources-plugin:2.6:resources (default-resources) @ bungeecord-event ---
[INFO] Using 'UTF-8' encoding to copy filtered resources.
[INFO] skip non existing resourceDirectory /home/travis/build/failed/SpigotMC/BungeeCord/event/src/main/resources
[INFO] 
[INFO] --- maven-compiler-plugin:3.1:compile (default-compile) @ bungeecord-event ---
[INFO] Nothing to compile - all classes are up to date
[INFO] 
[INFO] --- animal-sniffer-maven-plugin:1.13:check (default) @ bungeecord-event ---
[INFO] Checking unresolved references to org.codehaus.mojo.signature:java16:1.1
[INFO] 
[INFO] --- maven-resources-plugin:2.6:testResources (default-testResources) @ bungeecord-event ---
[INFO] Using 'UTF-8' encoding to copy filtered resources.
[INFO] skip non existing resourceDirectory /home/travis/build/failed/SpigotMC/BungeeCord/event/src/test/resources
[INFO] 
[INFO] --- maven-compiler-plugin:3.1:testCompile (default-testCompile) @ bungeecord-event ---
[INFO] Nothing to compile - all classes are up to date
[INFO] 
[INFO] --- maven-surefire-plugin:2.12.4:test (default-test) @ bungeecord-event ---
[INFO] Tests are skipped.
[INFO] 
[INFO] --- maven-jar-plugin:2.4:jar (default-jar) @ bungeecord-event ---
[INFO] 
[INFO] --- maven-install-plugin:2.4:install (default-install) @ bungeecord-event ---
[INFO] Installing /home/travis/build/failed/SpigotMC/BungeeCord/event/target/bungeecord-event-1.9-SNAPSHOT.jar to /home/travis/.m2/repository/net/md-5/bungeecord-event/1.9-SNAPSHOT/bungeecord-event-1.9-SNAPSHOT.jar
[INFO] Installing /home/travis/build/failed/SpigotMC/BungeeCord/event/pom.xml to /home/travis/.m2/repository/net/md-5/bungeecord-event/1.9-SNAPSHOT/bungeecord-event-1.9-SNAPSHOT.pom
[INFO]                                                                         
[INFO] ------------------------------------------------------------------------
[INFO] Building BungeeCord-Protocol 1.9-SNAPSHOT
[INFO] ------------------------------------------------------------------------
[INFO] 
[INFO] --- maven-enforcer-plugin:1.2:enforce (enforce-maven) @ bungeecord-protocol ---
[INFO] 
[INFO] --- scriptus:0.3.1:describe (default) @ bungeecord-protocol ---
[INFO] Set property "describe" to "git:BungeeCord-Protocol:1.9-SNAPSHOT:0b554be:unknown"
[INFO] 
[INFO] --- maven-resources-plugin:2.6:resources (default-resources) @ bungeecord-protocol ---
[INFO] Using 'UTF-8' encoding to copy filtered resources.
[INFO] skip non existing resourceDirectory /home/travis/build/failed/SpigotMC/BungeeCord/protocol/src/main/resources
[INFO] 
[INFO] --- maven-compiler-plugin:3.1:compile (default-compile) @ bungeecord-protocol ---
[INFO] Nothing to compile - all classes are up to date
[INFO] 
[INFO] --- animal-sniffer-maven-plugin:1.13:check (default) @ bungeecord-protocol ---
[INFO] Checking unresolved references to org.codehaus.mojo.signature:java16:1.1
[INFO] 
[INFO] --- maven-resources-plugin:2.6:testResources (default-testResources) @ bungeecord-protocol ---
[INFO] Using 'UTF-8' encoding to copy filtered resources.
[INFO] skip non existing resourceDirectory /home/travis/build/failed/SpigotMC/BungeeCord/protocol/src/test/resources
[INFO] 
[INFO] --- maven-compiler-plugin:3.1:testCompile (default-testCompile) @ bungeecord-protocol ---
[INFO] No sources to compile
[INFO] 
[INFO] --- maven-surefire-plugin:2.12.4:test (default-test) @ bungeecord-protocol ---
[INFO] Tests are skipped.
[INFO] 
[INFO] --- maven-jar-plugin:2.4:jar (default-jar) @ bungeecord-protocol ---
[INFO] 
[INFO] --- maven-install-plugin:2.4:install (default-install) @ bungeecord-protocol ---
[INFO] Installing /home/travis/build/failed/SpigotMC/BungeeCord/protocol/target/bungeecord-protocol-1.9-SNAPSHOT.jar to /home/travis/.m2/repository/net/md-5/bungeecord-protocol/1.9-SNAPSHOT/bungeecord-protocol-1.9-SNAPSHOT.jar
[INFO] Installing /home/travis/build/failed/SpigotMC/BungeeCord/protocol/pom.xml to /home/travis/.m2/repository/net/md-5/bungeecord-protocol/1.9-SNAPSHOT/bungeecord-protocol-1.9-SNAPSHOT.pom
[INFO]                                                                         
[INFO] ------------------------------------------------------------------------
[INFO] Building BungeeCord-API 1.9-SNAPSHOT
[INFO] ------------------------------------------------------------------------
[INFO] 
[INFO] --- maven-enforcer-plugin:1.2:enforce (enforce-maven) @ bungeecord-api ---
[INFO] 
[INFO] --- scriptus:0.3.1:describe (default) @ bungeecord-api ---
[INFO] Set property "describe" to "git:BungeeCord-API:1.9-SNAPSHOT:0b554be:unknown"
[INFO] 
[INFO] --- maven-resources-plugin:2.6:resources (default-resources) @ bungeecord-api ---
[INFO] Using 'UTF-8' encoding to copy filtered resources.
[INFO] skip non existing resourceDirectory /home/travis/build/failed/SpigotMC/BungeeCord/api/src/main/resources
[INFO] 
[INFO] --- maven-compiler-plugin:3.1:compile (default-compile) @ bungeecord-api ---
[INFO] Nothing to compile - all classes are up to date
[INFO] 
[INFO] --- animal-sniffer-maven-plugin:1.13:check (default) @ bungeecord-api ---
[INFO] Checking unresolved references to org.codehaus.mojo.signature:java16:1.1
[INFO] 
[INFO] --- maven-resources-plugin:2.6:testResources (default-testResources) @ bungeecord-api ---
[INFO] Using 'UTF-8' encoding to copy filtered resources.
[INFO] skip non existing resourceDirectory /home/travis/build/failed/SpigotMC/BungeeCord/api/src/test/resources
[INFO] 
[INFO] --- maven-compiler-plugin:3.1:testCompile (default-testCompile) @ bungeecord-api ---
[INFO] Nothing to compile - all classes are up to date
[INFO] 
[INFO] --- maven-surefire-plugin:2.12.4:test (default-test) @ bungeecord-api ---
[INFO] Tests are skipped.
[INFO] 
[INFO] --- maven-jar-plugin:2.4:jar (default-jar) @ bungeecord-api ---
[INFO] 
[INFO] --- maven-install-plugin:2.4:install (default-install) @ bungeecord-api ---
[INFO] Installing /home/travis/build/failed/SpigotMC/BungeeCord/api/target/bungeecord-api-1.9-SNAPSHOT.jar to /home/travis/.m2/repository/net/md-5/bungeecord-api/1.9-SNAPSHOT/bungeecord-api-1.9-SNAPSHOT.jar
[INFO] Installing /home/travis/build/failed/SpigotMC/BungeeCord/api/pom.xml to /home/travis/.m2/repository/net/md-5/bungeecord-api/1.9-SNAPSHOT/bungeecord-api-1.9-SNAPSHOT.pom
[INFO]                                                                         
[INFO] ------------------------------------------------------------------------
[INFO] Building BungeeCord-Native 1.9-SNAPSHOT
[INFO] ------------------------------------------------------------------------
[INFO] 
[INFO] --- maven-enforcer-plugin:1.2:enforce (enforce-maven) @ bungeecord-native ---
[INFO] 
[INFO] --- scriptus:0.3.1:describe (default) @ bungeecord-native ---
[INFO] Set property "describe" to "git:BungeeCord-Native:1.9-SNAPSHOT:0b554be:unknown"
[INFO] 
[INFO] --- maven-resources-plugin:2.6:resources (default-resources) @ bungeecord-native ---
[INFO] Using 'UTF-8' encoding to copy filtered resources.
[INFO] Copying 2 resources
[INFO] 
[INFO] --- maven-compiler-plugin:3.1:compile (default-compile) @ bungeecord-native ---
[INFO] Nothing to compile - all classes are up to date
[INFO] 
[INFO] --- animal-sniffer-maven-plugin:1.13:check (default) @ bungeecord-native ---
[INFO] Checking unresolved references to org.codehaus.mojo.signature:java16:1.1
[INFO] 
[INFO] --- maven-resources-plugin:2.6:testResources (default-testResources) @ bungeecord-native ---
[INFO] Using 'UTF-8' encoding to copy filtered resources.
[INFO] skip non existing resourceDirectory /home/travis/build/failed/SpigotMC/BungeeCord/native/src/test/resources
[INFO] 
[INFO] --- maven-compiler-plugin:3.1:testCompile (default-testCompile) @ bungeecord-native ---
[INFO] Nothing to compile - all classes are up to date
[INFO] 
[INFO] --- maven-surefire-plugin:2.12.4:test (default-test) @ bungeecord-native ---
[INFO] Tests are skipped.
[INFO] 
[INFO] --- maven-jar-plugin:2.4:jar (default-jar) @ bungeecord-native ---
[INFO] 
[INFO] --- maven-install-plugin:2.4:install (default-install) @ bungeecord-native ---
[INFO] Installing /home/travis/build/failed/SpigotMC/BungeeCord/native/target/bungeecord-native-1.9-SNAPSHOT.jar to /home/travis/.m2/repository/net/md-5/bungeecord-native/1.9-SNAPSHOT/bungeecord-native-1.9-SNAPSHOT.jar
[INFO] Installing /home/travis/build/failed/SpigotMC/BungeeCord/native/pom.xml to /home/travis/.m2/repository/net/md-5/bungeecord-native/1.9-SNAPSHOT/bungeecord-native-1.9-SNAPSHOT.pom
[INFO]                                                                         
[INFO] ------------------------------------------------------------------------
[INFO] Building BungeeCord-Query 1.9-SNAPSHOT
[INFO] ------------------------------------------------------------------------
[INFO] 
[INFO] --- maven-enforcer-plugin:1.2:enforce (enforce-maven) @ bungeecord-query ---
[INFO] 
[INFO] --- scriptus:0.3.1:describe (default) @ bungeecord-query ---
[INFO] Set property "describe" to "git:BungeeCord-Query:1.9-SNAPSHOT:0b554be:unknown"
[INFO] 
[INFO] --- maven-resources-plugin:2.6:resources (default-resources) @ bungeecord-query ---
[INFO] Using 'UTF-8' encoding to copy filtered resources.
[INFO] skip non existing resourceDirectory /home/travis/build/failed/SpigotMC/BungeeCord/query/src/main/resources
[INFO] 
[INFO] --- maven-compiler-plugin:3.1:compile (default-compile) @ bungeecord-query ---
[INFO] Nothing to compile - all classes are up to date
[INFO] 
[INFO] --- animal-sniffer-maven-plugin:1.13:check (default) @ bungeecord-query ---
[INFO] Checking unresolved references to org.codehaus.mojo.signature:java16:1.1
[INFO] 
[INFO] --- maven-resources-plugin:2.6:testResources (default-testResources) @ bungeecord-query ---
[INFO] Using 'UTF-8' encoding to copy filtered resources.
[INFO] skip non existing resourceDirectory /home/travis/build/failed/SpigotMC/BungeeCord/query/src/test/resources
[INFO] 
[INFO] --- maven-compiler-plugin:3.1:testCompile (default-testCompile) @ bungeecord-query ---
[INFO] No sources to compile
[INFO] 
[INFO] --- maven-surefire-plugin:2.12.4:test (default-test) @ bungeecord-query ---
[INFO] Tests are skipped.
[INFO] 
[INFO] --- maven-jar-plugin:2.4:jar (default-jar) @ bungeecord-query ---
[INFO] 
[INFO] --- maven-install-plugin:2.4:install (default-install) @ bungeecord-query ---
[INFO] Installing /home/travis/build/failed/SpigotMC/BungeeCord/query/target/bungeecord-query-1.9-SNAPSHOT.jar to /home/travis/.m2/repository/net/md-5/bungeecord-query/1.9-SNAPSHOT/bungeecord-query-1.9-SNAPSHOT.jar
[INFO] Installing /home/travis/build/failed/SpigotMC/BungeeCord/query/pom.xml to /home/travis/.m2/repository/net/md-5/bungeecord-query/1.9-SNAPSHOT/bungeecord-query-1.9-SNAPSHOT.pom
[INFO]                                                                         
[INFO] ------------------------------------------------------------------------
[INFO] Building BungeeCord-Proxy 1.9-SNAPSHOT
[INFO] ------------------------------------------------------------------------
[INFO] 
[INFO] --- maven-enforcer-plugin:1.2:enforce (enforce-maven) @ bungeecord-proxy ---
[INFO] 
[INFO] --- scriptus:0.3.1:describe (default) @ bungeecord-proxy ---
[INFO] Set property "describe" to "git:BungeeCord-Proxy:1.9-SNAPSHOT:0b554be:unknown"
[INFO] 
[INFO] --- maven-resources-plugin:2.6:resources (default-resources) @ bungeecord-proxy ---
[INFO] Using 'UTF-8' encoding to copy filtered resources.
[INFO] Copying 1 resource
[INFO] 
[INFO] --- maven-compiler-plugin:3.1:compile (default-compile) @ bungeecord-proxy ---
[INFO] Changes detected - recompiling the module!
[INFO] Compiling 68 source files to /home/travis/build/failed/SpigotMC/BungeeCord/proxy/target/classes
[INFO] -------------------------------------------------------------
[WARNING] COMPILATION WARNING : 
[INFO] -------------------------------------------------------------
[WARNING] /home/travis/build/failed/SpigotMC/BungeeCord/proxy/src/main/java/net/md_5/bungee/conf/Configuration.java: Some input files use or override a deprecated API.
[WARNING] /home/travis/build/failed/SpigotMC/BungeeCord/proxy/src/main/java/net/md_5/bungee/conf/Configuration.java: Recompile with -Xlint:deprecation for details.
[WARNING] /home/travis/build/failed/SpigotMC/BungeeCord/proxy/src/main/java/net/md_5/bungee/BungeeServerInfo.java: Some input files use unchecked or unsafe operations.
[WARNING] /home/travis/build/failed/SpigotMC/BungeeCord/proxy/src/main/java/net/md_5/bungee/BungeeServerInfo.java: Recompile with -Xlint:unchecked for details.
[INFO] 4 warnings 
[INFO] -------------------------------------------------------------
[INFO] -------------------------------------------------------------
[ERROR] COMPILATION ERROR : 
[INFO] -------------------------------------------------------------
[ERROR] /home/travis/build/failed/SpigotMC/BungeeCord/proxy/src/main/java/net/md_5/bungee/entitymap/EntityMap_1_8.java:[112,73] cannot find symbol
  symbol:   variable BYTES
  location: class java.lang.Short
[ERROR] /home/travis/build/failed/SpigotMC/BungeeCord/proxy/src/main/java/net/md_5/bungee/entitymap/EntityMap_1_8.java:[116,73] cannot find symbol
  symbol:   variable BYTES
  location: class java.lang.Short
[INFO] 2 errors 
[INFO] -------------------------------------------------------------
[INFO] ------------------------------------------------------------------------
[INFO] Reactor Summary:
[INFO] 
[INFO] BungeeCord-Parent .................................. SUCCESS [  2.080 s]
[INFO] BungeeCord-Chat .................................... SUCCESS [  1.160 s]
[INFO] BungeeCord-Config .................................. SUCCESS [  0.823 s]
[INFO] BungeeCord-Event ................................... SUCCESS [  0.777 s]
[INFO] BungeeCord-Protocol ................................ SUCCESS [  1.283 s]
[INFO] BungeeCord-API ..................................... SUCCESS [  1.103 s]
[INFO] BungeeCord-Native .................................. SUCCESS [  0.732 s]
[INFO] BungeeCord-Query ................................... SUCCESS [  0.862 s]
[INFO] BungeeCord-Proxy ................................... FAILURE [  2.885 s]
[INFO] BungeeCord-Bootstrap ............................... SKIPPED
[INFO] BungeeCord Modules ................................. SKIPPED
[INFO] cmd_alert .......................................... SKIPPED
[INFO] cmd_find ........................................... SKIPPED
[INFO] cmd_list ........................................... SKIPPED
[INFO] cmd_send ........................................... SKIPPED
[INFO] cmd_server ......................................... SKIPPED
[INFO] reconnect_yaml ..................................... SKIPPED
[INFO] ------------------------------------------------------------------------
[INFO] BUILD FAILURE
[INFO] ------------------------------------------------------------------------
[INFO] Total time: 12.015 s
[INFO] Finished at: 2022-02-12T20:30:56+00:00
[INFO] Final Memory: 20M/456M
[INFO] ------------------------------------------------------------------------
[ERROR] Failed to execute goal org.apache.maven.plugins:maven-compiler-plugin:3.1:compile (default-compile) on project bungeecord-proxy: Compilation failure: Compilation failure:
[ERROR] /home/travis/build/failed/SpigotMC/BungeeCord/proxy/src/main/java/net/md_5/bungee/entitymap/EntityMap_1_8.java:[112,73] cannot find symbol
[ERROR] symbol:   variable BYTES
[ERROR] location: class java.lang.Short
[ERROR] /home/travis/build/failed/SpigotMC/BungeeCord/proxy/src/main/java/net/md_5/bungee/entitymap/EntityMap_1_8.java:[116,73] cannot find symbol
[ERROR] symbol:   variable BYTES
[ERROR] location: class java.lang.Short
[ERROR] -> [Help 1]
[ERROR] 
[ERROR] To see the full stack trace of the errors, re-run Maven with the -e switch.
[ERROR] Re-run Maven using the -X switch to enable full debug logging.
[ERROR] 
[ERROR] For more information about the errors and possible solutions, please read the following articles:
[ERROR] [Help 1] http://cwiki.apache.org/confluence/display/MAVEN/MojoFailureException
[ERROR] 
[ERROR] After correcting the problems, you can resume the build with the command
[ERROR]   mvn <goals> -rf :bungeecord-proxy

[31;1mThe command "eval mvn -o install -Dhttps.protocols=TLSv1.2 -Dhttps.protocols=TLSv1.2 -DskipTests=true -Dmaven.javadoc.skip=true -B -V " failed. Retrying, 3 of 3.[0m

Apache Maven 3.2.5 (12a6b3acb947671f09b81f49094c53f426d8cea1; 2014-12-14T17:29:23+00:00)
Maven home: /usr/local/maven
Java version: 1.7.0_76, vendor: Oracle Corporation
Java home: /usr/lib/jvm/java-7-oracle/jre
Default locale: en_US, platform encoding: UTF-8
OS name: "linux", version: "4.15.0-109-generic", arch: "amd64", family: "unix"
[INFO] Scanning for projects...
[WARNING] 
[WARNING] Some problems were encountered while building the effective model for net.md-5:bungeecord-bootstrap:jar:1.9-SNAPSHOT
[WARNING] 'build.plugins.plugin.version' for org.apache.maven.plugins:maven-deploy-plugin is missing. @ line 45, column 21
[WARNING] 
[WARNING] Some problems were encountered while building the effective model for net.md-5:bungeecord-module-cmd-alert:jar:1.9-SNAPSHOT
[WARNING] 'build.plugins.plugin.version' for org.apache.maven.plugins:maven-deploy-plugin is missing. @ net.md-5:bungeecord-module:1.9-SNAPSHOT, /home/travis/build/failed/SpigotMC/BungeeCord/module/pom.xml, line 52, column 21
[WARNING] 
[WARNING] Some problems were encountered while building the effective model for net.md-5:bungeecord-module-cmd-find:jar:1.9-SNAPSHOT
[WARNING] 'build.plugins.plugin.version' for org.apache.maven.plugins:maven-deploy-plugin is missing. @ net.md-5:bungeecord-module:1.9-SNAPSHOT, /home/travis/build/failed/SpigotMC/BungeeCord/module/pom.xml, line 52, column 21
[WARNING] 
[WARNING] Some problems were encountered while building the effective model for net.md-5:bungeecord-module-cmd-list:jar:1.9-SNAPSHOT
[WARNING] 'build.plugins.plugin.version' for org.apache.maven.plugins:maven-deploy-plugin is missing. @ net.md-5:bungeecord-module:1.9-SNAPSHOT, /home/travis/build/failed/SpigotMC/BungeeCord/module/pom.xml, line 52, column 21
[WARNING] 
[WARNING] Some problems were encountered while building the effective model for net.md-5:bungeecord-module-cmd-send:jar:1.9-SNAPSHOT
[WARNING] 'build.plugins.plugin.version' for org.apache.maven.plugins:maven-deploy-plugin is missing. @ net.md-5:bungeecord-module:1.9-SNAPSHOT, /home/travis/build/failed/SpigotMC/BungeeCord/module/pom.xml, line 52, column 21
[WARNING] 
[WARNING] Some problems were encountered while building the effective model for net.md-5:bungeecord-module-cmd-server:jar:1.9-SNAPSHOT
[WARNING] 'build.plugins.plugin.version' for org.apache.maven.plugins:maven-deploy-plugin is missing. @ net.md-5:bungeecord-module:1.9-SNAPSHOT, /home/travis/build/failed/SpigotMC/BungeeCord/module/pom.xml, line 52, column 21
[WARNING] 
[WARNING] Some problems were encountered while building the effective model for net.md-5:bungeecord-module-reconnect-yaml:jar:1.9-SNAPSHOT
[WARNING] 'build.plugins.plugin.version' for org.apache.maven.plugins:maven-deploy-plugin is missing. @ net.md-5:bungeecord-module:1.9-SNAPSHOT, /home/travis/build/failed/SpigotMC/BungeeCord/module/pom.xml, line 52, column 21
[WARNING] 
[WARNING] Some problems were encountered while building the effective model for net.md-5:bungeecord-module:pom:1.9-SNAPSHOT
[WARNING] 'build.plugins.plugin.version' for org.apache.maven.plugins:maven-deploy-plugin is missing. @ line 52, column 21
[WARNING] 
[WARNING] Some problems were encountered while building the effective model for net.md-5:bungeecord-proxy:jar:1.9-SNAPSHOT
[WARNING] 'build.plugins.plugin.version' for org.apache.maven.plugins:maven-deploy-plugin is missing. @ line 87, column 21
[WARNING] 
[WARNING] It is highly recommended to fix these problems because they threaten the stability of your build.
[WARNING] 
[WARNING] For this reason, future Maven versions might no longer support building such malformed projects.
[WARNING] 
[INFO] ------------------------------------------------------------------------
[INFO] Reactor Build Order:
[INFO] 
[INFO] BungeeCord-Parent
[INFO] BungeeCord-Chat
[INFO] BungeeCord-Config
[INFO] BungeeCord-Event
[INFO] BungeeCord-Protocol
[INFO] BungeeCord-API
[INFO] BungeeCord-Native
[INFO] BungeeCord-Query
[INFO] BungeeCord-Proxy
[INFO] BungeeCord-Bootstrap
[INFO] BungeeCord Modules
[INFO] cmd_alert
[INFO] cmd_find
[INFO] cmd_list
[INFO] cmd_send
[INFO] cmd_server
[INFO] reconnect_yaml
[INFO]                                                                         
[INFO] ------------------------------------------------------------------------
[INFO] Building BungeeCord-Parent 1.9-SNAPSHOT
[INFO] ------------------------------------------------------------------------
[INFO] 
[INFO] --- maven-enforcer-plugin:1.2:enforce (enforce-maven) @ bungeecord-parent ---
[INFO] 
[INFO] --- scriptus:0.3.1:describe (default) @ bungeecord-parent ---
[INFO] Set property "describe" to "git:BungeeCord-Parent:1.9-SNAPSHOT:0b554be:unknown"
[INFO] 
[INFO] --- animal-sniffer-maven-plugin:1.13:check (default) @ bungeecord-parent ---
[INFO] Checking unresolved references to org.codehaus.mojo.signature:java16:1.1
[INFO] 
[INFO] --- maven-install-plugin:2.4:install (default-install) @ bungeecord-parent ---
[INFO] Installing /home/travis/build/failed/SpigotMC/BungeeCord/pom.xml to /home/travis/.m2/repository/net/md-5/bungeecord-parent/1.9-SNAPSHOT/bungeecord-parent-1.9-SNAPSHOT.pom
[INFO]                                                                         
[INFO] ------------------------------------------------------------------------
[INFO] Building BungeeCord-Chat 1.9-SNAPSHOT
[INFO] ------------------------------------------------------------------------
[INFO] 
[INFO] --- maven-enforcer-plugin:1.2:enforce (enforce-maven) @ bungeecord-chat ---
[INFO] 
[INFO] --- scriptus:0.3.1:describe (default) @ bungeecord-chat ---
[INFO] Set property "describe" to "git:BungeeCord-Chat:1.9-SNAPSHOT:0b554be:unknown"
[INFO] 
[INFO] --- maven-resources-plugin:2.6:resources (default-resources) @ bungeecord-chat ---
[INFO] Using 'UTF-8' encoding to copy filtered resources.
[INFO] Copying 1 resource
[INFO] 
[INFO] --- maven-compiler-plugin:3.1:compile (default-compile) @ bungeecord-chat ---
[INFO] Nothing to compile - all classes are up to date
[INFO] 
[INFO] --- animal-sniffer-maven-plugin:1.13:check (default) @ bungeecord-chat ---
[INFO] Checking unresolved references to org.codehaus.mojo.signature:java16:1.1
[INFO] 
[INFO] --- maven-resources-plugin:2.6:testResources (default-testResources) @ bungeecord-chat ---
[INFO] Using 'UTF-8' encoding to copy filtered resources.
[INFO] skip non existing resourceDirectory /home/travis/build/failed/SpigotMC/BungeeCord/chat/src/test/resources
[INFO] 
[INFO] --- maven-compiler-plugin:3.1:testCompile (default-testCompile) @ bungeecord-chat ---
[INFO] Nothing to compile - all classes are up to date
[INFO] 
[INFO] --- maven-surefire-plugin:2.12.4:test (default-test) @ bungeecord-chat ---
[INFO] Tests are skipped.
[INFO] 
[INFO] --- maven-jar-plugin:2.4:jar (default-jar) @ bungeecord-chat ---
[INFO] 
[INFO] --- maven-install-plugin:2.4:install (default-install) @ bungeecord-chat ---
[INFO] Installing /home/travis/build/failed/SpigotMC/BungeeCord/chat/target/bungeecord-chat-1.9-SNAPSHOT.jar to /home/travis/.m2/repository/net/md-5/bungeecord-chat/1.9-SNAPSHOT/bungeecord-chat-1.9-SNAPSHOT.jar
[INFO] Installing /home/travis/build/failed/SpigotMC/BungeeCord/chat/pom.xml to /home/travis/.m2/repository/net/md-5/bungeecord-chat/1.9-SNAPSHOT/bungeecord-chat-1.9-SNAPSHOT.pom
[INFO]                                                                         
[INFO] ------------------------------------------------------------------------
[INFO] Building BungeeCord-Config 1.9-SNAPSHOT
[INFO] ------------------------------------------------------------------------
[INFO] 
[INFO] --- maven-enforcer-plugin:1.2:enforce (enforce-maven) @ bungeecord-config ---
[INFO] 
[INFO] --- scriptus:0.3.1:describe (default) @ bungeecord-config ---
[INFO] Set property "describe" to "git:BungeeCord-Config:1.9-SNAPSHOT:0b554be:unknown"
[INFO] 
[INFO] --- maven-resources-plugin:2.6:resources (default-resources) @ bungeecord-config ---
[INFO] Using 'UTF-8' encoding to copy filtered resources.
[INFO] skip non existing resourceDirectory /home/travis/build/failed/SpigotMC/BungeeCord/config/src/main/resources
[INFO] 
[INFO] --- maven-compiler-plugin:3.1:compile (default-compile) @ bungeecord-config ---
[INFO] Nothing to compile - all classes are up to date
[INFO] 
[INFO] --- animal-sniffer-maven-plugin:1.13:check (default) @ bungeecord-config ---
[INFO] Checking unresolved references to org.codehaus.mojo.signature:java16:1.1
[INFO] 
[INFO] --- maven-resources-plugin:2.6:testResources (default-testResources) @ bungeecord-config ---
[INFO] Using 'UTF-8' encoding to copy filtered resources.
[INFO] skip non existing resourceDirectory /home/travis/build/failed/SpigotMC/BungeeCord/config/src/test/resources
[INFO] 
[INFO] --- maven-compiler-plugin:3.1:testCompile (default-testCompile) @ bungeecord-config ---
[INFO] Nothing to compile - all classes are up to date
[INFO] 
[INFO] --- maven-surefire-plugin:2.12.4:test (default-test) @ bungeecord-config ---
[INFO] Tests are skipped.
[INFO] 
[INFO] --- maven-jar-plugin:2.4:jar (default-jar) @ bungeecord-config ---
[INFO] 
[INFO] --- maven-install-plugin:2.4:install (default-install) @ bungeecord-config ---
[INFO] Installing /home/travis/build/failed/SpigotMC/BungeeCord/config/target/bungeecord-config-1.9-SNAPSHOT.jar to /home/travis/.m2/repository/net/md-5/bungeecord-config/1.9-SNAPSHOT/bungeecord-config-1.9-SNAPSHOT.jar
[INFO] Installing /home/travis/build/failed/SpigotMC/BungeeCord/config/pom.xml to /home/travis/.m2/repository/net/md-5/bungeecord-config/1.9-SNAPSHOT/bungeecord-config-1.9-SNAPSHOT.pom
[INFO]                                                                         
[INFO] ------------------------------------------------------------------------
[INFO] Building BungeeCord-Event 1.9-SNAPSHOT
[INFO] ------------------------------------------------------------------------
[INFO] 
[INFO] --- maven-enforcer-plugin:1.2:enforce (enforce-maven) @ bungeecord-event ---
[INFO] 
[INFO] --- scriptus:0.3.1:describe (default) @ bungeecord-event ---
[INFO] Set property "describe" to "git:BungeeCord-Event:1.9-SNAPSHOT:0b554be:unknown"
[INFO] 
[INFO] --- maven-resources-plugin:2.6:resources (default-resources) @ bungeecord-event ---
[INFO] Using 'UTF-8' encoding to copy filtered resources.
[INFO] skip non existing resourceDirectory /home/travis/build/failed/SpigotMC/BungeeCord/event/src/main/resources
[INFO] 
[INFO] --- maven-compiler-plugin:3.1:compile (default-compile) @ bungeecord-event ---
[INFO] Nothing to compile - all classes are up to date
[INFO] 
[INFO] --- animal-sniffer-maven-plugin:1.13:check (default) @ bungeecord-event ---
[INFO] Checking unresolved references to org.codehaus.mojo.signature:java16:1.1
[INFO] 
[INFO] --- maven-resources-plugin:2.6:testResources (default-testResources) @ bungeecord-event ---
[INFO] Using 'UTF-8' encoding to copy filtered resources.
[INFO] skip non existing resourceDirectory /home/travis/build/failed/SpigotMC/BungeeCord/event/src/test/resources
[INFO] 
[INFO] --- maven-compiler-plugin:3.1:testCompile (default-testCompile) @ bungeecord-event ---
[INFO] Nothing to compile - all classes are up to date
[INFO] 
[INFO] --- maven-surefire-plugin:2.12.4:test (default-test) @ bungeecord-event ---
[INFO] Tests are skipped.
[INFO] 
[INFO] --- maven-jar-plugin:2.4:jar (default-jar) @ bungeecord-event ---
[INFO] 
[INFO] --- maven-install-plugin:2.4:install (default-install) @ bungeecord-event ---
[INFO] Installing /home/travis/build/failed/SpigotMC/BungeeCord/event/target/bungeecord-event-1.9-SNAPSHOT.jar to /home/travis/.m2/repository/net/md-5/bungeecord-event/1.9-SNAPSHOT/bungeecord-event-1.9-SNAPSHOT.jar
[INFO] Installing /home/travis/build/failed/SpigotMC/BungeeCord/event/pom.xml to /home/travis/.m2/repository/net/md-5/bungeecord-event/1.9-SNAPSHOT/bungeecord-event-1.9-SNAPSHOT.pom
[INFO]                                                                         
[INFO] ------------------------------------------------------------------------
[INFO] Building BungeeCord-Protocol 1.9-SNAPSHOT
[INFO] ------------------------------------------------------------------------
[INFO] 
[INFO] --- maven-enforcer-plugin:1.2:enforce (enforce-maven) @ bungeecord-protocol ---
[INFO] 
[INFO] --- scriptus:0.3.1:describe (default) @ bungeecord-protocol ---
[INFO] Set property "describe" to "git:BungeeCord-Protocol:1.9-SNAPSHOT:0b554be:unknown"
[INFO] 
[INFO] --- maven-resources-plugin:2.6:resources (default-resources) @ bungeecord-protocol ---
[INFO] Using 'UTF-8' encoding to copy filtered resources.
[INFO] skip non existing resourceDirectory /home/travis/build/failed/SpigotMC/BungeeCord/protocol/src/main/resources
[INFO] 
[INFO] --- maven-compiler-plugin:3.1:compile (default-compile) @ bungeecord-protocol ---
[INFO] Nothing to compile - all classes are up to date
[INFO] 
[INFO] --- animal-sniffer-maven-plugin:1.13:check (default) @ bungeecord-protocol ---
[INFO] Checking unresolved references to org.codehaus.mojo.signature:java16:1.1
[INFO] 
[INFO] --- maven-resources-plugin:2.6:testResources (default-testResources) @ bungeecord-protocol ---
[INFO] Using 'UTF-8' encoding to copy filtered resources.
[INFO] skip non existing resourceDirectory /home/travis/build/failed/SpigotMC/BungeeCord/protocol/src/test/resources
[INFO] 
[INFO] --- maven-compiler-plugin:3.1:testCompile (default-testCompile) @ bungeecord-protocol ---
[INFO] No sources to compile
[INFO] 
[INFO] --- maven-surefire-plugin:2.12.4:test (default-test) @ bungeecord-protocol ---
[INFO] Tests are skipped.
[INFO] 
[INFO] --- maven-jar-plugin:2.4:jar (default-jar) @ bungeecord-protocol ---
[INFO] 
[INFO] --- maven-install-plugin:2.4:install (default-install) @ bungeecord-protocol ---
[INFO] Installing /home/travis/build/failed/SpigotMC/BungeeCord/protocol/target/bungeecord-protocol-1.9-SNAPSHOT.jar to /home/travis/.m2/repository/net/md-5/bungeecord-protocol/1.9-SNAPSHOT/bungeecord-protocol-1.9-SNAPSHOT.jar
[INFO] Installing /home/travis/build/failed/SpigotMC/BungeeCord/protocol/pom.xml to /home/travis/.m2/repository/net/md-5/bungeecord-protocol/1.9-SNAPSHOT/bungeecord-protocol-1.9-SNAPSHOT.pom
[INFO]                                                                         
[INFO] ------------------------------------------------------------------------
[INFO] Building BungeeCord-API 1.9-SNAPSHOT
[INFO] ------------------------------------------------------------------------
[INFO] 
[INFO] --- maven-enforcer-plugin:1.2:enforce (enforce-maven) @ bungeecord-api ---
[INFO] 
[INFO] --- scriptus:0.3.1:describe (default) @ bungeecord-api ---
[INFO] Set property "describe" to "git:BungeeCord-API:1.9-SNAPSHOT:0b554be:unknown"
[INFO] 
[INFO] --- maven-resources-plugin:2.6:resources (default-resources) @ bungeecord-api ---
[INFO] Using 'UTF-8' encoding to copy filtered resources.
[INFO] skip non existing resourceDirectory /home/travis/build/failed/SpigotMC/BungeeCord/api/src/main/resources
[INFO] 
[INFO] --- maven-compiler-plugin:3.1:compile (default-compile) @ bungeecord-api ---
[INFO] Nothing to compile - all classes are up to date
[INFO] 
[INFO] --- animal-sniffer-maven-plugin:1.13:check (default) @ bungeecord-api ---
[INFO] Checking unresolved references to org.codehaus.mojo.signature:java16:1.1
[INFO] 
[INFO] --- maven-resources-plugin:2.6:testResources (default-testResources) @ bungeecord-api ---
[INFO] Using 'UTF-8' encoding to copy filtered resources.
[INFO] skip non existing resourceDirectory /home/travis/build/failed/SpigotMC/BungeeCord/api/src/test/resources
[INFO] 
[INFO] --- maven-compiler-plugin:3.1:testCompile (default-testCompile) @ bungeecord-api ---
[INFO] Nothing to compile - all classes are up to date
[INFO] 
[INFO] --- maven-surefire-plugin:2.12.4:test (default-test) @ bungeecord-api ---
[INFO] Tests are skipped.
[INFO] 
[INFO] --- maven-jar-plugin:2.4:jar (default-jar) @ bungeecord-api ---
[INFO] 
[INFO] --- maven-install-plugin:2.4:install (default-install) @ bungeecord-api ---
[INFO] Installing /home/travis/build/failed/SpigotMC/BungeeCord/api/target/bungeecord-api-1.9-SNAPSHOT.jar to /home/travis/.m2/repository/net/md-5/bungeecord-api/1.9-SNAPSHOT/bungeecord-api-1.9-SNAPSHOT.jar
[INFO] Installing /home/travis/build/failed/SpigotMC/BungeeCord/api/pom.xml to /home/travis/.m2/repository/net/md-5/bungeecord-api/1.9-SNAPSHOT/bungeecord-api-1.9-SNAPSHOT.pom
[INFO]                                                                         
[INFO] ------------------------------------------------------------------------
[INFO] Building BungeeCord-Native 1.9-SNAPSHOT
[INFO] ------------------------------------------------------------------------
[INFO] 
[INFO] --- maven-enforcer-plugin:1.2:enforce (enforce-maven) @ bungeecord-native ---
[INFO] 
[INFO] --- scriptus:0.3.1:describe (default) @ bungeecord-native ---
[INFO] Set property "describe" to "git:BungeeCord-Native:1.9-SNAPSHOT:0b554be:unknown"
[INFO] 
[INFO] --- maven-resources-plugin:2.6:resources (default-resources) @ bungeecord-native ---
[INFO] Using 'UTF-8' encoding to copy filtered resources.
[INFO] Copying 2 resources
[INFO] 
[INFO] --- maven-compiler-plugin:3.1:compile (default-compile) @ bungeecord-native ---
[INFO] Nothing to compile - all classes are up to date
[INFO] 
[INFO] --- animal-sniffer-maven-plugin:1.13:check (default) @ bungeecord-native ---
[INFO] Checking unresolved references to org.codehaus.mojo.signature:java16:1.1
[INFO] 
[INFO] --- maven-resources-plugin:2.6:testResources (default-testResources) @ bungeecord-native ---
[INFO] Using 'UTF-8' encoding to copy filtered resources.
[INFO] skip non existing resourceDirectory /home/travis/build/failed/SpigotMC/BungeeCord/native/src/test/resources
[INFO] 
[INFO] --- maven-compiler-plugin:3.1:testCompile (default-testCompile) @ bungeecord-native ---
[INFO] Nothing to compile - all classes are up to date
[INFO] 
[INFO] --- maven-surefire-plugin:2.12.4:test (default-test) @ bungeecord-native ---
[INFO] Tests are skipped.
[INFO] 
[INFO] --- maven-jar-plugin:2.4:jar (default-jar) @ bungeecord-native ---
[INFO] 
[INFO] --- maven-install-plugin:2.4:install (default-install) @ bungeecord-native ---
[INFO] Installing /home/travis/build/failed/SpigotMC/BungeeCord/native/target/bungeecord-native-1.9-SNAPSHOT.jar to /home/travis/.m2/repository/net/md-5/bungeecord-native/1.9-SNAPSHOT/bungeecord-native-1.9-SNAPSHOT.jar
[INFO] Installing /home/travis/build/failed/SpigotMC/BungeeCord/native/pom.xml to /home/travis/.m2/repository/net/md-5/bungeecord-native/1.9-SNAPSHOT/bungeecord-native-1.9-SNAPSHOT.pom
[INFO]                                                                         
[INFO] ------------------------------------------------------------------------
[INFO] Building BungeeCord-Query 1.9-SNAPSHOT
[INFO] ------------------------------------------------------------------------
[INFO] 
[INFO] --- maven-enforcer-plugin:1.2:enforce (enforce-maven) @ bungeecord-query ---
[INFO] 
[INFO] --- scriptus:0.3.1:describe (default) @ bungeecord-query ---
[INFO] Set property "describe" to "git:BungeeCord-Query:1.9-SNAPSHOT:0b554be:unknown"
[INFO] 
[INFO] --- maven-resources-plugin:2.6:resources (default-resources) @ bungeecord-query ---
[INFO] Using 'UTF-8' encoding to copy filtered resources.
[INFO] skip non existing resourceDirectory /home/travis/build/failed/SpigotMC/BungeeCord/query/src/main/resources
[INFO] 
[INFO] --- maven-compiler-plugin:3.1:compile (default-compile) @ bungeecord-query ---
[INFO] Nothing to compile - all classes are up to date
[INFO] 
[INFO] --- animal-sniffer-maven-plugin:1.13:check (default) @ bungeecord-query ---
[INFO] Checking unresolved references to org.codehaus.mojo.signature:java16:1.1
[INFO] 
[INFO] --- maven-resources-plugin:2.6:testResources (default-testResources) @ bungeecord-query ---
[INFO] Using 'UTF-8' encoding to copy filtered resources.
[INFO] skip non existing resourceDirectory /home/travis/build/failed/SpigotMC/BungeeCord/query/src/test/resources
[INFO] 
[INFO] --- maven-compiler-plugin:3.1:testCompile (default-testCompile) @ bungeecord-query ---
[INFO] No sources to compile
[INFO] 
[INFO] --- maven-surefire-plugin:2.12.4:test (default-test) @ bungeecord-query ---
[INFO] Tests are skipped.
[INFO] 
[INFO] --- maven-jar-plugin:2.4:jar (default-jar) @ bungeecord-query ---
[INFO] 
[INFO] --- maven-install-plugin:2.4:install (default-install) @ bungeecord-query ---
[INFO] Installing /home/travis/build/failed/SpigotMC/BungeeCord/query/target/bungeecord-query-1.9-SNAPSHOT.jar to /home/travis/.m2/repository/net/md-5/bungeecord-query/1.9-SNAPSHOT/bungeecord-query-1.9-SNAPSHOT.jar
[INFO] Installing /home/travis/build/failed/SpigotMC/BungeeCord/query/pom.xml to /home/travis/.m2/repository/net/md-5/bungeecord-query/1.9-SNAPSHOT/bungeecord-query-1.9-SNAPSHOT.pom
[INFO]                                                                         
[INFO] ------------------------------------------------------------------------
[INFO] Building BungeeCord-Proxy 1.9-SNAPSHOT
[INFO] ------------------------------------------------------------------------
[INFO] 
[INFO] --- maven-enforcer-plugin:1.2:enforce (enforce-maven) @ bungeecord-proxy ---
[INFO] 
[INFO] --- scriptus:0.3.1:describe (default) @ bungeecord-proxy ---
[INFO] Set property "describe" to "git:BungeeCord-Proxy:1.9-SNAPSHOT:0b554be:unknown"
[INFO] 
[INFO] --- maven-resources-plugin:2.6:resources (default-resources) @ bungeecord-proxy ---
[INFO] Using 'UTF-8' encoding to copy filtered resources.
[INFO] Copying 1 resource
[INFO] 
[INFO] --- maven-compiler-plugin:3.1:compile (default-compile) @ bungeecord-proxy ---
[INFO] Changes detected - recompiling the module!
[INFO] Compiling 68 source files to /home/travis/build/failed/SpigotMC/BungeeCord/proxy/target/classes
[INFO] -------------------------------------------------------------
[WARNING] COMPILATION WARNING : 
[INFO] -------------------------------------------------------------
[WARNING] /home/travis/build/failed/SpigotMC/BungeeCord/proxy/src/main/java/net/md_5/bungee/conf/Configuration.java: Some input files use or override a deprecated API.
[WARNING] /home/travis/build/failed/SpigotMC/BungeeCord/proxy/src/main/java/net/md_5/bungee/conf/Configuration.java: Recompile with -Xlint:deprecation for details.
[WARNING] /home/travis/build/failed/SpigotMC/BungeeCord/proxy/src/main/java/net/md_5/bungee/BungeeServerInfo.java: Some input files use unchecked or unsafe operations.
[WARNING] /home/travis/build/failed/SpigotMC/BungeeCord/proxy/src/main/java/net/md_5/bungee/BungeeServerInfo.java: Recompile with -Xlint:unchecked for details.
[INFO] 4 warnings 
[INFO] -------------------------------------------------------------
[INFO] -------------------------------------------------------------
[ERROR] COMPILATION ERROR : 
[INFO] -------------------------------------------------------------
[ERROR] /home/travis/build/failed/SpigotMC/BungeeCord/proxy/src/main/java/net/md_5/bungee/entitymap/EntityMap_1_8.java:[112,73] cannot find symbol
  symbol:   variable BYTES
  location: class java.lang.Short
[ERROR] /home/travis/build/failed/SpigotMC/BungeeCord/proxy/src/main/java/net/md_5/bungee/entitymap/EntityMap_1_8.java:[116,73] cannot find symbol
  symbol:   variable BYTES
  location: class java.lang.Short
[INFO] 2 errors 
[INFO] -------------------------------------------------------------
[INFO] ------------------------------------------------------------------------
[INFO] Reactor Summary:
[INFO] 
[INFO] BungeeCord-Parent .................................. SUCCESS [  2.149 s]
[INFO] BungeeCord-Chat .................................... SUCCESS [  1.238 s]
[INFO] BungeeCord-Config .................................. SUCCESS [  0.886 s]
[INFO] BungeeCord-Event ................................... SUCCESS [  0.796 s]
[INFO] BungeeCord-Protocol ................................ SUCCESS [  0.943 s]
[INFO] BungeeCord-API ..................................... SUCCESS [  0.885 s]
[INFO] BungeeCord-Native .................................. SUCCESS [  0.635 s]
[INFO] BungeeCord-Query ................................... SUCCESS [  0.853 s]
[INFO] BungeeCord-Proxy ................................... FAILURE [  2.965 s]
[INFO] BungeeCord-Bootstrap ............................... SKIPPED
[INFO] BungeeCord Modules ................................. SKIPPED
[INFO] cmd_alert .......................................... SKIPPED
[INFO] cmd_find ........................................... SKIPPED
[INFO] cmd_list ........................................... SKIPPED
[INFO] cmd_send ........................................... SKIPPED
[INFO] cmd_server ......................................... SKIPPED
[INFO] reconnect_yaml ..................................... SKIPPED
[INFO] ------------------------------------------------------------------------
[INFO] BUILD FAILURE
[INFO] ------------------------------------------------------------------------
[INFO] Total time: 11.650 s
[INFO] Finished at: 2022-02-12T20:31:10+00:00
[INFO] Final Memory: 24M/455M
[INFO] ------------------------------------------------------------------------
[ERROR] Failed to execute goal org.apache.maven.plugins:maven-compiler-plugin:3.1:compile (default-compile) on project bungeecord-proxy: Compilation failure: Compilation failure:
[ERROR] /home/travis/build/failed/SpigotMC/BungeeCord/proxy/src/main/java/net/md_5/bungee/entitymap/EntityMap_1_8.java:[112,73] cannot find symbol
[ERROR] symbol:   variable BYTES
[ERROR] location: class java.lang.Short
[ERROR] /home/travis/build/failed/SpigotMC/BungeeCord/proxy/src/main/java/net/md_5/bungee/entitymap/EntityMap_1_8.java:[116,73] cannot find symbol
[ERROR] symbol:   variable BYTES
[ERROR] location: class java.lang.Short
[ERROR] -> [Help 1]
[ERROR] 
[ERROR] To see the full stack trace of the errors, re-run Maven with the -e switch.
[ERROR] Re-run Maven using the -X switch to enable full debug logging.
[ERROR] 
[ERROR] For more information about the errors and possible solutions, please read the following articles:
[ERROR] [Help 1] http://cwiki.apache.org/confluence/display/MAVEN/MojoFailureException
[ERROR] 
[ERROR] After correcting the problems, you can resume the build with the command
[ERROR]   mvn <goals> -rf :bungeecord-proxy

[31;1mThe command "eval mvn -o install -Dhttps.protocols=TLSv1.2 -Dhttps.protocols=TLSv1.2 -DskipTests=true -Dmaven.javadoc.skip=true -B -V " failed 3 times.[0m


travis_time:end:033f41ab:start=1644697756289973969,finish=1644697871778216230,duration=115488242261[0K
[31;1mThe command "mvn -o install -Dhttps.protocols=TLSv1.2 -Dhttps.protocols=TLSv1.2 -DskipTests=true -Dmaven.javadoc.skip=true -B -V" failed and exited with 1 during .[0m

Your build has been stopped.
