travis_fold:start:system_info[0K[33;1mBuild system information[0m
Build language: java
Build group: stable
Build dist: precise
Build id: ''
Job id: ''
[34m[1mBuild image provisioning date and time[0m
Thu Feb  5 15:09:33 UTC 2015
[34m[1mOperating System Details[0m
Distributor ID:	Ubuntu
Description:	Ubuntu 12.04.5 LTS
Release:	12.04
Codename:	precise
[34m[1mLinux Version[0m
3.13.0-29-generic
[34m[1mCookbooks Version[0m
a68419e https://github.com/travis-ci/travis-cookbooks/tree/a68419e
[34m[1mGCC version[0m
gcc (Ubuntu/Linaro 4.6.3-1ubuntu5) 4.6.3
Copyright (C) 2011 Free Software Foundation, Inc.
This is free software; see the source for copying conditions.  There is NO
warranty; not even for MERCHANTABILITY or FITNESS FOR A PARTICULAR PURPOSE.

[34m[1mLLVM version[0m
clang version 3.4 (tags/RELEASE_34/final)
Target: x86_64-unknown-linux-gnu
Thread model: posix
[34m[1mPre-installed Ruby versions[0m
ruby-1.9.3-p551
[34m[1mPre-installed Node.js versions[0m
v0.10.36
[34m[1mPre-installed Go versions[0m
1.4.1
[34m[1mRedis version[0m
redis-server 2.8.19
[34m[1mriak version[0m
2.0.2
[34m[1mMongoDB version[0m
MongoDB 2.4.12
[34m[1mCouchDB version[0m
couchdb 1.6.1
[34m[1mNeo4j version[0m
1.9.4
[34m[1mRabbitMQ Version[0m
3.4.3
[34m[1mElasticSearch version[0m
1.4.0
[34m[1mInstalled Sphinx versions[0m
2.0.10
2.1.9
2.2.6
[34m[1mDefault Sphinx version[0m
2.2.6
[34m[1mInstalled Firefox version[0m
firefox 31.0esr
[34m[1mPhantomJS version[0m
1.9.8
[34m[1mant -version[0m
Apache Ant(TM) version 1.8.2 compiled on December 3 2011
[34m[1mmvn -version[0m
Apache Maven 3.2.5 (12a6b3acb947671f09b81f49094c53f426d8cea1; 2014-12-14T17:29:23+00:00)
Maven home: /usr/local/maven
Java version: 1.7.0_76, vendor: Oracle Corporation
Java home: /usr/lib/jvm/java-7-oracle/jre
Default locale: en_US, platform encoding: ANSI_X3.4-1968
OS name: "linux", version: "3.13.0-29-generic", arch: "amd64", family: "unix"
travis_fold:end:system_info[0K
grep: /etc/apt/sources.list.d/*: No such file or directory
W: Failed to fetch http://us.archive.ubuntu.com/ubuntu/dists/precise/main/source/Sources  404  Not Found [IP: 91.189.91.38 80]

W: Failed to fetch http://us.archive.ubuntu.com/ubuntu/dists/precise/restricted/source/Sources  404  Not Found [IP: 91.189.91.38 80]

W: Failed to fetch http://us.archive.ubuntu.com/ubuntu/dists/precise/universe/source/Sources  404  Not Found [IP: 91.189.91.38 80]

W: Failed to fetch http://us.archive.ubuntu.com/ubuntu/dists/precise/multiverse/source/Sources  404  Not Found [IP: 91.189.91.38 80]

W: Failed to fetch http://us.archive.ubuntu.com/ubuntu/dists/precise/main/binary-amd64/Packages  404  Not Found [IP: 91.189.91.38 80]

W: Failed to fetch http://us.archive.ubuntu.com/ubuntu/dists/precise/restricted/binary-amd64/Packages  404  Not Found [IP: 91.189.91.38 80]

W: Failed to fetch http://us.archive.ubuntu.com/ubuntu/dists/precise/universe/binary-amd64/Packages  404  Not Found [IP: 91.189.91.38 80]

W: Failed to fetch http://us.archive.ubuntu.com/ubuntu/dists/precise/multiverse/binary-amd64/Packages  404  Not Found [IP: 91.189.91.38 80]

W: Failed to fetch http://us.archive.ubuntu.com/ubuntu/dists/precise/main/binary-i386/Packages  404  Not Found [IP: 91.189.91.38 80]

W: Failed to fetch http://us.archive.ubuntu.com/ubuntu/dists/precise/restricted/binary-i386/Packages  404  Not Found [IP: 91.189.91.38 80]

W: Failed to fetch http://us.archive.ubuntu.com/ubuntu/dists/precise/universe/binary-i386/Packages  404  Not Found [IP: 91.189.91.38 80]

W: Failed to fetch http://us.archive.ubuntu.com/ubuntu/dists/precise/multiverse/binary-i386/Packages  404  Not Found [IP: 91.189.91.38 80]

W: Failed to fetch http://us.archive.ubuntu.com/ubuntu/dists/precise-updates/main/source/Sources  404  Not Found [IP: 91.189.91.38 80]

W: Failed to fetch http://us.archive.ubuntu.com/ubuntu/dists/precise-updates/restricted/source/Sources  404  Not Found [IP: 91.189.91.38 80]

W: Failed to fetch http://us.archive.ubuntu.com/ubuntu/dists/precise-updates/universe/source/Sources  404  Not Found [IP: 91.189.91.38 80]

W: Failed to fetch http://us.archive.ubuntu.com/ubuntu/dists/precise-updates/multiverse/source/Sources  404  Not Found [IP: 91.189.91.38 80]

W: Failed to fetch http://us.archive.ubuntu.com/ubuntu/dists/precise-updates/main/binary-amd64/Packages  404  Not Found [IP: 91.189.91.38 80]

W: Failed to fetch http://us.archive.ubuntu.com/ubuntu/dists/precise-updates/restricted/binary-amd64/Packages  404  Not Found [IP: 91.189.91.38 80]

W: Failed to fetch http://us.archive.ubuntu.com/ubuntu/dists/precise-updates/universe/binary-amd64/Packages  404  Not Found [IP: 91.189.91.38 80]

W: Failed to fetch http://us.archive.ubuntu.com/ubuntu/dists/precise-updates/multiverse/binary-amd64/Packages  404  Not Found [IP: 91.189.91.38 80]

W: Failed to fetch http://us.archive.ubuntu.com/ubuntu/dists/precise-updates/main/binary-i386/Packages  404  Not Found [IP: 91.189.91.38 80]

W: Failed to fetch http://us.archive.ubuntu.com/ubuntu/dists/precise-updates/restricted/binary-i386/Packages  404  Not Found [IP: 91.189.91.38 80]

W: Failed to fetch http://us.archive.ubuntu.com/ubuntu/dists/precise-updates/universe/binary-i386/Packages  404  Not Found [IP: 91.189.91.38 80]

W: Failed to fetch http://us.archive.ubuntu.com/ubuntu/dists/precise-updates/multiverse/binary-i386/Packages  404  Not Found [IP: 91.189.91.38 80]

W: Failed to fetch http://us.archive.ubuntu.com/ubuntu/dists/precise-backports/main/source/Sources  404  Not Found [IP: 91.189.91.38 80]

W: Failed to fetch http://us.archive.ubuntu.com/ubuntu/dists/precise-backports/restricted/source/Sources  404  Not Found [IP: 91.189.91.38 80]

W: Failed to fetch http://us.archive.ubuntu.com/ubuntu/dists/precise-backports/universe/source/Sources  404  Not Found [IP: 91.189.91.38 80]

W: Failed to fetch http://us.archive.ubuntu.com/ubuntu/dists/precise-backports/multiverse/source/Sources  404  Not Found [IP: 91.189.91.38 80]

W: Failed to fetch http://us.archive.ubuntu.com/ubuntu/dists/precise-backports/main/binary-amd64/Packages  404  Not Found [IP: 91.189.91.38 80]

W: Failed to fetch http://us.archive.ubuntu.com/ubuntu/dists/precise-backports/restricted/binary-amd64/Packages  404  Not Found [IP: 91.189.91.38 80]

W: Failed to fetch http://us.archive.ubuntu.com/ubuntu/dists/precise-backports/universe/binary-amd64/Packages  404  Not Found [IP: 91.189.91.38 80]

W: Failed to fetch http://us.archive.ubuntu.com/ubuntu/dists/precise-backports/multiverse/binary-amd64/Packages  404  Not Found [IP: 91.189.91.38 80]

W: Failed to fetch http://us.archive.ubuntu.com/ubuntu/dists/precise-backports/main/binary-i386/Packages  404  Not Found [IP: 91.189.91.38 80]

W: Failed to fetch http://us.archive.ubuntu.com/ubuntu/dists/precise-backports/restricted/binary-i386/Packages  404  Not Found [IP: 91.189.91.38 80]

W: Failed to fetch http://us.archive.ubuntu.com/ubuntu/dists/precise-backports/universe/binary-i386/Packages  404  Not Found [IP: 91.189.91.38 80]

W: Failed to fetch http://us.archive.ubuntu.com/ubuntu/dists/precise-backports/multiverse/binary-i386/Packages  404  Not Found [IP: 91.189.91.38 80]

W: Failed to fetch http://security.ubuntu.com/ubuntu/dists/precise-security/main/source/Sources  404  Not Found [IP: 91.189.88.142 80]

W: Failed to fetch http://security.ubuntu.com/ubuntu/dists/precise-security/restricted/source/Sources  404  Not Found [IP: 91.189.88.142 80]

W: Failed to fetch http://security.ubuntu.com/ubuntu/dists/precise-security/universe/source/Sources  404  Not Found [IP: 91.189.88.142 80]

W: Failed to fetch http://security.ubuntu.com/ubuntu/dists/precise-security/multiverse/source/Sources  404  Not Found [IP: 91.189.88.142 80]

W: Failed to fetch http://security.ubuntu.com/ubuntu/dists/precise-security/main/binary-amd64/Packages  404  Not Found [IP: 91.189.88.142 80]

W: Failed to fetch http://security.ubuntu.com/ubuntu/dists/precise-security/restricted/binary-amd64/Packages  404  Not Found [IP: 91.189.88.142 80]

W: Failed to fetch http://security.ubuntu.com/ubuntu/dists/precise-security/universe/binary-amd64/Packages  404  Not Found [IP: 91.189.88.142 80]

W: Failed to fetch http://security.ubuntu.com/ubuntu/dists/precise-security/multiverse/binary-amd64/Packages  404  Not Found [IP: 91.189.88.142 80]

W: Failed to fetch http://security.ubuntu.com/ubuntu/dists/precise-security/main/binary-i386/Packages  404  Not Found [IP: 91.189.88.142 80]

W: Failed to fetch http://security.ubuntu.com/ubuntu/dists/precise-security/restricted/binary-i386/Packages  404  Not Found [IP: 91.189.88.142 80]

W: Failed to fetch http://security.ubuntu.com/ubuntu/dists/precise-security/universe/binary-i386/Packages  404  Not Found [IP: 91.189.88.142 80]

W: Failed to fetch http://security.ubuntu.com/ubuntu/dists/precise-security/multiverse/binary-i386/Packages  404  Not Found [IP: 91.189.88.142 80]

E: Some index files failed to download. They have been ignored, or old ones used instead.
sed: cannot rename /etc/hosts: Device or resource busy
sed: cannot rename /etc/hosts: Device or resource busy
$ jdk_switcher use oraclejdk7
Switching to Oracle JDK7 (java-7-oracle), JAVA_HOME will be set to /usr/lib/jvm/java-7-oracle
$ cd failed/square/okhttp
travis_fold:start:git.submodule[0Ktravis_time:start:1b5fad6e[0K$ git submodule update --init --recursive

travis_time:end:1b5fad6e:start=1644764228090004289,finish=1644764228840037877,duration=750033588[0Ktravis_fold:end:git.submodule[0Ktravis_fold:start:apt[0K[33;1mInstalling APT Packages (BETA)[0m
$ export DEBIAN_FRONTEND=noninteractive
travis_time:start:00691194[0K$ sudo -E apt-get -yq update &>> ~/apt-get-update.log

travis_time:end:00691194:start=1644764228853765868,finish=1644764231544995684,duration=2691229816[0Ktravis_time:start:268225ef[0K$ sudo -E apt-get -yq --no-install-suggests --no-install-recommends --force-yes install oracle-java8-installer
Reading package lists...
Building dependency tree...
Reading state information...
oracle-java8-installer is already the newest version.
0 upgraded, 0 newly installed, 0 to remove and 0 not upgraded.

travis_time:end:268225ef:start=1644764231553999244,finish=1644764231814276433,duration=260277189[0Ktravis_fold:end:apt[0K
[33;1mSetting environment variables from .travis.yml[0m
$ export CI_DEPLOY_USERNAME=[secure]
$ export CI_DEPLOY_PASSWORD=[secure]

travis_fold:start:cache.1[0KSetting up build cache
$ export CASHER_DIR=$HOME/.casher
travis_time:start:0fd2fd20[0K
travis_time:end:0fd2fd20:start=1644764233450500716,finish=1644764233459212175,duration=8711459[0Ktravis_time:start:08087f74[0K/home/travis/.casher/bin/casher:213:in `cache_archive_name': undefined method `[]' for nil:NilClass (NoMethodError)
	from /home/travis/.casher/bin/casher:65:in `block in fetch'
	from /home/travis/.casher/bin/casher:64:in `each'
	from /home/travis/.casher/bin/casher:64:in `fetch'
	from /home/travis/.casher/bin/casher:53:in `block in run'
	from /home/travis/.rvm/rubies/ruby-1.9.3-p551/lib/ruby/1.9.1/timeout.rb:69:in `timeout'
	from /home/travis/.casher/bin/casher:53:in `run'
	from /home/travis/.casher/bin/casher:263:in `<main>'
[32;1mattempting to download cache archive[0m

travis_time:end:08087f74:start=1644764233469793832,finish=1644764234312959688,duration=843165856[0Ktravis_time:start:00345567[0K
travis_time:end:00345567:start=1644764234325014057,finish=1644764234334250776,duration=9236719[0Ktravis_time:start:23b0b680[0K[32;1madding /home/travis/.m2 to cache[0m

travis_time:end:23b0b680:start=1644764234344590102,finish=1644764235251407064,duration=906816962[0Ktravis_fold:end:cache.1[0K$ java -Xmx32m -version
java version "1.7.0_76"
Java(TM) SE Runtime Environment (build 1.7.0_76-b13)
Java HotSpot(TM) 64-Bit Server VM (build 24.76-b04, mixed mode)
$ javac -J-Xmx32m -version
javac 1.7.0_76
travis_fold:start:install[0Ktravis_time:start:279a0ca5[0K$ mvn -o install -Dhttps.protocols=TLSv1.2 -Dhttps.protocols=TLSv1.2 -DskipTests=true -Dmaven.javadoc.skip=true -B -V
Apache Maven 3.2.5 (12a6b3acb947671f09b81f49094c53f426d8cea1; 2014-12-14T17:29:23+00:00)
Maven home: /usr/local/maven
Java version: 1.7.0_76, vendor: Oracle Corporation
Java home: /usr/lib/jvm/java-7-oracle/jre
Default locale: en_US, platform encoding: UTF-8
OS name: "linux", version: "4.15.0-109-generic", arch: "amd64", family: "unix"
[INFO] Scanning for projects...
[WARNING] 
[WARNING] Some problems were encountered while building the effective model for com.squareup.okhttp3:okhttp-tests:jar:3.4.0-SNAPSHOT
[WARNING] 'build.plugins.plugin.version' for org.apache.maven.plugins:maven-deploy-plugin is missing. @ com.squareup.okhttp3:okhttp-tests:[unknown-version], /home/travis/build/failed/square/okhttp/okhttp-tests/pom.xml, line 53, column 15
[WARNING] 
[WARNING] Some problems were encountered while building the effective model for com.squareup.okhttp3:okhttp-ws-tests:jar:3.4.0-SNAPSHOT
[WARNING] 'build.plugins.plugin.version' for org.apache.maven.plugins:maven-deploy-plugin is missing. @ com.squareup.okhttp3:okhttp-ws-tests:[unknown-version], /home/travis/build/failed/square/okhttp/okhttp-ws-tests/pom.xml, line 67, column 15
[WARNING] 
[WARNING] Some problems were encountered while building the effective model for com.squareup.okhttp3:benchmarks:jar:3.4.0-SNAPSHOT
[WARNING] 'build.plugins.plugin.version' for org.codehaus.mojo:exec-maven-plugin is missing. @ com.squareup.okhttp3:benchmarks:[unknown-version], /home/travis/build/failed/square/okhttp/benchmarks/pom.xml, line 74, column 15
[WARNING] 
[WARNING] It is highly recommended to fix these problems because they threaten the stability of your build.
[WARNING] 
[WARNING] For this reason, future Maven versions might no longer support building such malformed projects.
[WARNING] 
[INFO] ------------------------------------------------------------------------
[INFO] Reactor Build Order:
[INFO] 
[INFO] OkHttp (Parent)
[INFO] OkHttp
[INFO] OkHttp test support classes
[INFO] OkHttp Web Sockets
[INFO] MockWebServer
[INFO] OkHttp URLConnection
[INFO] OkHttp Tests
[INFO] OkHttp Android Platform Support
[INFO] OkHttp Apache HttpClient
[INFO] OkHttp Web Socket Tests
[INFO] OkHttp Logging Interceptor
[INFO] OkCurl
[INFO] Samples (Parent)
[INFO] Sample: Guide
[INFO] Sample: Crawler
[INFO] Sample: Simple Client
[INFO] Sample: Static Server
[INFO] Benchmarks
[INFO]                                                                         
[INFO] ------------------------------------------------------------------------
[INFO] Building OkHttp (Parent) 3.4.0-SNAPSHOT
[INFO] ------------------------------------------------------------------------
[INFO] 
[INFO] --- maven-enforcer-plugin:1.0:enforce (enforce-maven) @ parent ---
[INFO] 
[INFO] --- animal-sniffer-maven-plugin:1.11:check (default) @ parent ---
[INFO] Checking unresolved references to org.codehaus.mojo.signature:java16:1.1
[INFO] 
[INFO] --- maven-checkstyle-plugin:2.10:checkstyle (default) @ parent ---
[INFO] 
[INFO] --- maven-install-plugin:2.4:install (default-install) @ parent ---
[INFO] Installing /home/travis/build/failed/square/okhttp/pom.xml to /home/travis/.m2/repository/com/squareup/okhttp3/parent/3.4.0-SNAPSHOT/parent-3.4.0-SNAPSHOT.pom
[INFO]                                                                         
[INFO] ------------------------------------------------------------------------
[INFO] Building OkHttp 3.4.0-SNAPSHOT
[INFO] ------------------------------------------------------------------------
[INFO] 
[INFO] --- maven-enforcer-plugin:1.0:enforce (enforce-maven) @ okhttp ---
[INFO] 
[INFO] --- templating-maven-plugin:1.0-alpha-3:filter-sources (default) @ okhttp ---
[INFO] Using 'UTF-8' encoding to copy filtered resources.
[INFO] Copying 1 resource
[INFO] Source directory: /home/travis/build/failed/square/okhttp/okhttp/target/generated-sources/java-templates added.
[INFO] 
[INFO] --- maven-resources-plugin:2.6:resources (default-resources) @ okhttp ---
[INFO] Using 'UTF-8' encoding to copy filtered resources.
[INFO] skip non existing resourceDirectory /home/travis/build/failed/square/okhttp/okhttp/src/main/resources
[INFO] 
[INFO] --- maven-compiler-plugin:3.0:compile (default-compile) @ okhttp ---
[INFO] Changes detected - recompiling the module!
[INFO] Compiling 91 source files to /home/travis/build/failed/square/okhttp/okhttp/target/classes
[WARNING] /home/travis/build/failed/square/okhttp/okhttp/src/main/java/okhttp3/internal/Util.java: Some input files use unchecked or unsafe operations.
[WARNING] /home/travis/build/failed/square/okhttp/okhttp/src/main/java/okhttp3/internal/Util.java: Recompile with -Xlint:unchecked for details.
[INFO] 
[INFO] --- maven-resources-plugin:2.6:testResources (default-testResources) @ okhttp ---
[INFO] Using 'UTF-8' encoding to copy filtered resources.
[INFO] skip non existing resourceDirectory /home/travis/build/failed/square/okhttp/okhttp/src/test/resources
[INFO] 
[INFO] --- maven-compiler-plugin:3.0:testCompile (default-testCompile) @ okhttp ---
[INFO] No sources to compile
[INFO] 
[INFO] --- maven-surefire-plugin:2.17:test (default-test) @ okhttp ---
[INFO] Tests are skipped.
[INFO] 
[INFO] --- animal-sniffer-maven-plugin:1.11:check (default) @ okhttp ---
[INFO] Checking unresolved references to org.codehaus.mojo.signature:java16:1.1
[INFO] 
[INFO] --- maven-jar-plugin:2.4:jar (default-jar) @ okhttp ---
[INFO] Building jar: /home/travis/build/failed/square/okhttp/okhttp/target/okhttp-3.4.0-SNAPSHOT.jar
[INFO] 
[INFO] --- maven-checkstyle-plugin:2.10:checkstyle (default) @ okhttp ---
[INFO] Starting audit...
Audit done.

[WARNING] Unable to locate Source XRef to link to - DISABLED
[INFO] 
[INFO] --- maven-install-plugin:2.4:install (default-install) @ okhttp ---
[INFO] Installing /home/travis/build/failed/square/okhttp/okhttp/target/okhttp-3.4.0-SNAPSHOT.jar to /home/travis/.m2/repository/com/squareup/okhttp3/okhttp/3.4.0-SNAPSHOT/okhttp-3.4.0-SNAPSHOT.jar
[INFO] Installing /home/travis/build/failed/square/okhttp/okhttp/pom.xml to /home/travis/.m2/repository/com/squareup/okhttp3/okhttp/3.4.0-SNAPSHOT/okhttp-3.4.0-SNAPSHOT.pom
[INFO]                                                                         
[INFO] ------------------------------------------------------------------------
[INFO] Building OkHttp test support classes 3.4.0-SNAPSHOT
[INFO] ------------------------------------------------------------------------
[INFO] 
[INFO] --- maven-enforcer-plugin:1.0:enforce (enforce-maven) @ okhttp-testing-support ---
[INFO] 
[INFO] --- maven-resources-plugin:2.6:resources (default-resources) @ okhttp-testing-support ---
[INFO] Using 'UTF-8' encoding to copy filtered resources.
[INFO] skip non existing resourceDirectory /home/travis/build/failed/square/okhttp/okhttp-testing-support/src/main/resources
[INFO] 
[INFO] --- maven-compiler-plugin:3.0:compile (default-compile) @ okhttp-testing-support ---
[INFO] Changes detected - recompiling the module!
[INFO] Compiling 7 source files to /home/travis/build/failed/square/okhttp/okhttp-testing-support/target/classes
[INFO] 
[INFO] --- maven-resources-plugin:2.6:testResources (default-testResources) @ okhttp-testing-support ---
[INFO] Using 'UTF-8' encoding to copy filtered resources.
[INFO] skip non existing resourceDirectory /home/travis/build/failed/square/okhttp/okhttp-testing-support/src/test/resources
[INFO] 
[INFO] --- maven-compiler-plugin:3.0:testCompile (default-testCompile) @ okhttp-testing-support ---
[INFO] No sources to compile
[INFO] 
[INFO] --- maven-surefire-plugin:2.17:test (default-test) @ okhttp-testing-support ---
[INFO] Tests are skipped.
[INFO] 
[INFO] --- animal-sniffer-maven-plugin:1.11:check (default) @ okhttp-testing-support ---
[INFO] Checking unresolved references to org.codehaus.mojo.signature:java16:1.1
[INFO] 
[INFO] --- maven-jar-plugin:2.4:jar (default-jar) @ okhttp-testing-support ---
[INFO] Building jar: /home/travis/build/failed/square/okhttp/okhttp-testing-support/target/okhttp-testing-support-3.4.0-SNAPSHOT.jar
[INFO] 
[INFO] --- maven-checkstyle-plugin:2.10:checkstyle (default) @ okhttp-testing-support ---
[INFO] Starting audit...
Audit done.

[WARNING] Unable to locate Source XRef to link to - DISABLED
[INFO] 
[INFO] --- maven-install-plugin:2.4:install (default-install) @ okhttp-testing-support ---
[INFO] Installing /home/travis/build/failed/square/okhttp/okhttp-testing-support/target/okhttp-testing-support-3.4.0-SNAPSHOT.jar to /home/travis/.m2/repository/com/squareup/okhttp3/okhttp-testing-support/3.4.0-SNAPSHOT/okhttp-testing-support-3.4.0-SNAPSHOT.jar
[INFO] Installing /home/travis/build/failed/square/okhttp/okhttp-testing-support/pom.xml to /home/travis/.m2/repository/com/squareup/okhttp3/okhttp-testing-support/3.4.0-SNAPSHOT/okhttp-testing-support-3.4.0-SNAPSHOT.pom
[INFO]                                                                         
[INFO] ------------------------------------------------------------------------
[INFO] Building OkHttp Web Sockets 3.4.0-SNAPSHOT
[INFO] ------------------------------------------------------------------------
[INFO] 
[INFO] --- maven-enforcer-plugin:1.0:enforce (enforce-maven) @ okhttp-ws ---
[INFO] 
[INFO] --- maven-resources-plugin:2.6:resources (default-resources) @ okhttp-ws ---
[INFO] Using 'UTF-8' encoding to copy filtered resources.
[INFO] skip non existing resourceDirectory /home/travis/build/failed/square/okhttp/okhttp-ws/src/main/resources
[INFO] 
[INFO] --- maven-compiler-plugin:3.0:compile (default-compile) @ okhttp-ws ---
[INFO] Changes detected - recompiling the module!
[INFO] Compiling 7 source files to /home/travis/build/failed/square/okhttp/okhttp-ws/target/classes
[INFO] 
[INFO] --- maven-resources-plugin:2.6:testResources (default-testResources) @ okhttp-ws ---
[INFO] Using 'UTF-8' encoding to copy filtered resources.
[INFO] skip non existing resourceDirectory /home/travis/build/failed/square/okhttp/okhttp-ws/src/test/resources
[INFO] 
[INFO] --- maven-compiler-plugin:3.0:testCompile (default-testCompile) @ okhttp-ws ---
[INFO] No sources to compile
[INFO] 
[INFO] --- maven-surefire-plugin:2.17:test (default-test) @ okhttp-ws ---
[INFO] Tests are skipped.
[INFO] 
[INFO] --- animal-sniffer-maven-plugin:1.11:check (default) @ okhttp-ws ---
[INFO] Checking unresolved references to org.codehaus.mojo.signature:java16:1.1
[INFO] 
[INFO] --- maven-jar-plugin:2.4:jar (default-jar) @ okhttp-ws ---
[INFO] Building jar: /home/travis/build/failed/square/okhttp/okhttp-ws/target/okhttp-ws-3.4.0-SNAPSHOT.jar
[INFO] 
[INFO] --- maven-checkstyle-plugin:2.10:checkstyle (default) @ okhttp-ws ---
[INFO] Starting audit...
Audit done.

[WARNING] Unable to locate Source XRef to link to - DISABLED
[INFO] 
[INFO] --- maven-install-plugin:2.4:install (default-install) @ okhttp-ws ---
[INFO] Installing /home/travis/build/failed/square/okhttp/okhttp-ws/target/okhttp-ws-3.4.0-SNAPSHOT.jar to /home/travis/.m2/repository/com/squareup/okhttp3/okhttp-ws/3.4.0-SNAPSHOT/okhttp-ws-3.4.0-SNAPSHOT.jar
[INFO] Installing /home/travis/build/failed/square/okhttp/okhttp-ws/pom.xml to /home/travis/.m2/repository/com/squareup/okhttp3/okhttp-ws/3.4.0-SNAPSHOT/okhttp-ws-3.4.0-SNAPSHOT.pom
[INFO]                                                                         
[INFO] ------------------------------------------------------------------------
[INFO] Building MockWebServer 3.4.0-SNAPSHOT
[INFO] ------------------------------------------------------------------------
[INFO] 
[INFO] --- maven-enforcer-plugin:1.0:enforce (enforce-maven) @ mockwebserver ---
[INFO] 
[INFO] --- maven-resources-plugin:2.6:resources (default-resources) @ mockwebserver ---
[INFO] Using 'UTF-8' encoding to copy filtered resources.
[INFO] skip non existing resourceDirectory /home/travis/build/failed/square/okhttp/mockwebserver/src/main/resources
[INFO] 
[INFO] --- maven-compiler-plugin:3.0:compile (default-compile) @ mockwebserver ---
[INFO] Changes detected - recompiling the module!
[INFO] Compiling 10 source files to /home/travis/build/failed/square/okhttp/mockwebserver/target/classes
[WARNING] /home/travis/build/failed/square/okhttp/mockwebserver/src/main/java/okhttp3/internal/tls/HeldCertificate.java: /home/travis/build/failed/square/okhttp/mockwebserver/src/main/java/okhttp3/internal/tls/HeldCertificate.java uses or overrides a deprecated API.
[WARNING] /home/travis/build/failed/square/okhttp/mockwebserver/src/main/java/okhttp3/internal/tls/HeldCertificate.java: Recompile with -Xlint:deprecation for details.
[INFO] 
[INFO] --- maven-resources-plugin:2.6:testResources (default-testResources) @ mockwebserver ---
[INFO] Using 'UTF-8' encoding to copy filtered resources.
[INFO] skip non existing resourceDirectory /home/travis/build/failed/square/okhttp/mockwebserver/src/test/resources
[INFO] 
[INFO] --- maven-compiler-plugin:3.0:testCompile (default-testCompile) @ mockwebserver ---
[INFO] Changes detected - recompiling the module!
[INFO] Compiling 2 source files to /home/travis/build/failed/square/okhttp/mockwebserver/target/test-classes
[INFO] 
[INFO] --- maven-surefire-plugin:2.17:test (default-test) @ mockwebserver ---
[INFO] Tests are skipped.
[INFO] 
[INFO] --- animal-sniffer-maven-plugin:1.11:check (default) @ mockwebserver ---
[INFO] Checking unresolved references to org.codehaus.mojo.signature:java16:1.1
[INFO] 
[INFO] --- maven-jar-plugin:2.4:jar (default-jar) @ mockwebserver ---
[INFO] Building jar: /home/travis/build/failed/square/okhttp/mockwebserver/target/mockwebserver-3.4.0-SNAPSHOT.jar
[INFO] 
[INFO] --- maven-assembly-plugin:2.2-beta-5:single (default) @ mockwebserver ---
[INFO] META-INF/ already added, skipping
[INFO] META-INF/MANIFEST.MF already added, skipping
[INFO] META-INF/maven/ already added, skipping
[INFO] META-INF/ already added, skipping
[INFO] META-INF/MANIFEST.MF already added, skipping
[INFO] okhttp3/ already added, skipping
[INFO] okhttp3/internal/ already added, skipping
[INFO] META-INF/maven/ already added, skipping
[INFO] META-INF/maven/com.squareup.okhttp3/ already added, skipping
[INFO] META-INF/MANIFEST.MF already added, skipping
[INFO] META-INF/ already added, skipping
[INFO] META-INF/MANIFEST.MF already added, skipping
[INFO] org/ already added, skipping
[INFO] META-INF/ already added, skipping
[INFO] META-INF/MANIFEST.MF already added, skipping
[INFO] org/ already added, skipping
[INFO] Building jar: /home/travis/build/failed/square/okhttp/mockwebserver/target/mockwebserver-3.4.0-SNAPSHOT-jar-with-dependencies.jar
[INFO] META-INF/ already added, skipping
[INFO] META-INF/MANIFEST.MF already added, skipping
[INFO] META-INF/maven/ already added, skipping
[INFO] META-INF/ already added, skipping
[INFO] META-INF/MANIFEST.MF already added, skipping
[INFO] okhttp3/ already added, skipping
[INFO] okhttp3/internal/ already added, skipping
[INFO] META-INF/maven/ already added, skipping
[INFO] META-INF/maven/com.squareup.okhttp3/ already added, skipping
[INFO] META-INF/MANIFEST.MF already added, skipping
[INFO] META-INF/ already added, skipping
[INFO] META-INF/MANIFEST.MF already added, skipping
[INFO] org/ already added, skipping
[INFO] META-INF/ already added, skipping
[INFO] META-INF/MANIFEST.MF already added, skipping
[INFO] org/ already added, skipping
[INFO] 
[INFO] --- maven-checkstyle-plugin:2.10:checkstyle (default) @ mockwebserver ---
[INFO] Starting audit...
Audit done.

[WARNING] Unable to locate Source XRef to link to - DISABLED
[INFO] 
[INFO] --- maven-install-plugin:2.4:install (default-install) @ mockwebserver ---
[INFO] Installing /home/travis/build/failed/square/okhttp/mockwebserver/target/mockwebserver-3.4.0-SNAPSHOT.jar to /home/travis/.m2/repository/com/squareup/okhttp3/mockwebserver/3.4.0-SNAPSHOT/mockwebserver-3.4.0-SNAPSHOT.jar
[INFO] Installing /home/travis/build/failed/square/okhttp/mockwebserver/pom.xml to /home/travis/.m2/repository/com/squareup/okhttp3/mockwebserver/3.4.0-SNAPSHOT/mockwebserver-3.4.0-SNAPSHOT.pom
[INFO] Installing /home/travis/build/failed/square/okhttp/mockwebserver/target/mockwebserver-3.4.0-SNAPSHOT-jar-with-dependencies.jar to /home/travis/.m2/repository/com/squareup/okhttp3/mockwebserver/3.4.0-SNAPSHOT/mockwebserver-3.4.0-SNAPSHOT-jar-with-dependencies.jar
[INFO]                                                                         
[INFO] ------------------------------------------------------------------------
[INFO] Building OkHttp URLConnection 3.4.0-SNAPSHOT
[INFO] ------------------------------------------------------------------------
[INFO] 
[INFO] --- maven-enforcer-plugin:1.0:enforce (enforce-maven) @ okhttp-urlconnection ---
[INFO] 
[INFO] --- maven-resources-plugin:2.6:resources (default-resources) @ okhttp-urlconnection ---
[INFO] Using 'UTF-8' encoding to copy filtered resources.
[INFO] skip non existing resourceDirectory /home/travis/build/failed/square/okhttp/okhttp-urlconnection/src/main/resources
[INFO] 
[INFO] --- maven-compiler-plugin:3.0:compile (default-compile) @ okhttp-urlconnection ---
[INFO] Changes detected - recompiling the module!
[INFO] Compiling 12 source files to /home/travis/build/failed/square/okhttp/okhttp-urlconnection/target/classes
[WARNING] /home/travis/build/failed/square/okhttp/okhttp-urlconnection/src/main/java/okhttp3/internal/huc/HttpURLConnectionImpl.java: Some input files use or override a deprecated API.
[WARNING] /home/travis/build/failed/square/okhttp/okhttp-urlconnection/src/main/java/okhttp3/internal/huc/HttpURLConnectionImpl.java: Recompile with -Xlint:deprecation for details.
[INFO] 
[INFO] --- maven-resources-plugin:2.6:testResources (default-testResources) @ okhttp-urlconnection ---
[INFO] Using 'UTF-8' encoding to copy filtered resources.
[INFO] skip non existing resourceDirectory /home/travis/build/failed/square/okhttp/okhttp-urlconnection/src/test/resources
[INFO] 
[INFO] --- maven-compiler-plugin:3.0:testCompile (default-testCompile) @ okhttp-urlconnection ---
[INFO] Changes detected - recompiling the module!
[INFO] Compiling 3 source files to /home/travis/build/failed/square/okhttp/okhttp-urlconnection/target/test-classes
[WARNING] /home/travis/build/failed/square/okhttp/okhttp-urlconnection/src/test/java/okhttp3/internal/huc/URLEncodingTest.java: Some input files use or override a deprecated API.
[WARNING] /home/travis/build/failed/square/okhttp/okhttp-urlconnection/src/test/java/okhttp3/internal/huc/URLEncodingTest.java: Recompile with -Xlint:deprecation for details.
[INFO] 
[INFO] --- maven-surefire-plugin:2.17:test (default-test) @ okhttp-urlconnection ---
[INFO] Tests are skipped.
[INFO] 
[INFO] --- animal-sniffer-maven-plugin:1.11:check (default) @ okhttp-urlconnection ---
[INFO] Checking unresolved references to org.codehaus.mojo.signature:java16:1.1
[INFO] 
[INFO] --- maven-jar-plugin:2.4:jar (default-jar) @ okhttp-urlconnection ---
[INFO] Building jar: /home/travis/build/failed/square/okhttp/okhttp-urlconnection/target/okhttp-urlconnection-3.4.0-SNAPSHOT.jar
[INFO] 
[INFO] --- maven-checkstyle-plugin:2.10:checkstyle (default) @ okhttp-urlconnection ---
[INFO] Starting audit...
Audit done.

[WARNING] Unable to locate Source XRef to link to - DISABLED
[INFO] 
[INFO] --- maven-install-plugin:2.4:install (default-install) @ okhttp-urlconnection ---
[INFO] Installing /home/travis/build/failed/square/okhttp/okhttp-urlconnection/target/okhttp-urlconnection-3.4.0-SNAPSHOT.jar to /home/travis/.m2/repository/com/squareup/okhttp3/okhttp-urlconnection/3.4.0-SNAPSHOT/okhttp-urlconnection-3.4.0-SNAPSHOT.jar
[INFO] Installing /home/travis/build/failed/square/okhttp/okhttp-urlconnection/pom.xml to /home/travis/.m2/repository/com/squareup/okhttp3/okhttp-urlconnection/3.4.0-SNAPSHOT/okhttp-urlconnection-3.4.0-SNAPSHOT.pom
[INFO]                                                                         
[INFO] ------------------------------------------------------------------------
[INFO] Building OkHttp Tests 3.4.0-SNAPSHOT
[INFO] ------------------------------------------------------------------------
[INFO] 
[INFO] --- maven-enforcer-plugin:1.0:enforce (enforce-maven) @ okhttp-tests ---
[INFO] 
[INFO] --- maven-resources-plugin:2.6:resources (default-resources) @ okhttp-tests ---
[INFO] Using 'UTF-8' encoding to copy filtered resources.
[INFO] skip non existing resourceDirectory /home/travis/build/failed/square/okhttp/okhttp-tests/src/main/resources
[INFO] 
[INFO] --- maven-compiler-plugin:3.0:compile (default-compile) @ okhttp-tests ---
[INFO] No sources to compile
[INFO] 
[INFO] --- maven-resources-plugin:2.6:testResources (default-testResources) @ okhttp-tests ---
[INFO] Using 'UTF-8' encoding to copy filtered resources.
[INFO] Copying 1 resource
[INFO] 
[INFO] --- maven-compiler-plugin:3.0:testCompile (default-testCompile) @ okhttp-tests ---
[INFO] Changes detected - recompiling the module!
[INFO] Compiling 73 source files to /home/travis/build/failed/square/okhttp/okhttp-tests/target/test-classes
[WARNING] /home/travis/build/failed/square/okhttp/okhttp-tests/src/test/java/okhttp3/internal/http/DisconnectTest.java: Some input files use or override a deprecated API.
[WARNING] /home/travis/build/failed/square/okhttp/okhttp-tests/src/test/java/okhttp3/internal/http/DisconnectTest.java: Recompile with -Xlint:deprecation for details.
[WARNING] /home/travis/build/failed/square/okhttp/okhttp-tests/src/test/java/okhttp3/TestUtil.java: Some input files use unchecked or unsafe operations.
[WARNING] /home/travis/build/failed/square/okhttp/okhttp-tests/src/test/java/okhttp3/TestUtil.java: Recompile with -Xlint:unchecked for details.
[INFO] 
[INFO] --- maven-surefire-plugin:2.17:test (default-test) @ okhttp-tests ---
[INFO] Tests are skipped.
[INFO] 
[INFO] --- animal-sniffer-maven-plugin:1.11:check (default) @ okhttp-tests ---
[INFO] Checking unresolved references to org.codehaus.mojo.signature:java16:1.1
[INFO] 
[INFO] --- maven-jar-plugin:2.4:jar (default-jar) @ okhttp-tests ---
[WARNING] JAR will be empty - no content was marked for inclusion!
[INFO] 
[INFO] --- maven-checkstyle-plugin:2.10:checkstyle (default) @ okhttp-tests ---
[INFO] 
[INFO] --- maven-install-plugin:2.4:install (default-install) @ okhttp-tests ---
[INFO] Installing /home/travis/build/failed/square/okhttp/okhttp-tests/target/okhttp-tests-3.4.0-SNAPSHOT.jar to /home/travis/.m2/repository/com/squareup/okhttp3/okhttp-tests/3.4.0-SNAPSHOT/okhttp-tests-3.4.0-SNAPSHOT.jar
[INFO] Installing /home/travis/build/failed/square/okhttp/okhttp-tests/pom.xml to /home/travis/.m2/repository/com/squareup/okhttp3/okhttp-tests/3.4.0-SNAPSHOT/okhttp-tests-3.4.0-SNAPSHOT.pom
[INFO]                                                                         
[INFO] ------------------------------------------------------------------------
[INFO] Building OkHttp Android Platform Support 3.4.0-SNAPSHOT
[INFO] ------------------------------------------------------------------------
[INFO] 
[INFO] --- maven-enforcer-plugin:1.0:enforce (enforce-maven) @ okhttp-android-support ---
[INFO] 
[INFO] --- maven-resources-plugin:2.6:resources (default-resources) @ okhttp-android-support ---
[INFO] Using 'UTF-8' encoding to copy filtered resources.
[INFO] skip non existing resourceDirectory /home/travis/build/failed/square/okhttp/okhttp-android-support/src/main/resources
[INFO] 
[INFO] --- maven-compiler-plugin:3.0:compile (default-compile) @ okhttp-android-support ---
[INFO] Changes detected - recompiling the module!
[INFO] Compiling 5 source files to /home/travis/build/failed/square/okhttp/okhttp-android-support/target/classes
[WARNING] /home/travis/build/failed/square/okhttp/okhttp-android-support/src/main/java/okhttp3/AndroidInternal.java: /home/travis/build/failed/square/okhttp/okhttp-android-support/src/main/java/okhttp3/AndroidInternal.java uses or overrides a deprecated API.
[WARNING] /home/travis/build/failed/square/okhttp/okhttp-android-support/src/main/java/okhttp3/AndroidInternal.java: Recompile with -Xlint:deprecation for details.
[INFO] 
[INFO] --- maven-resources-plugin:2.6:testResources (default-testResources) @ okhttp-android-support ---
[INFO] Using 'UTF-8' encoding to copy filtered resources.
[INFO] skip non existing resourceDirectory /home/travis/build/failed/square/okhttp/okhttp-android-support/src/test/resources
[INFO] 
[INFO] --- maven-compiler-plugin:3.0:testCompile (default-testCompile) @ okhttp-android-support ---
[INFO] Changes detected - recompiling the module!
[INFO] Compiling 6 source files to /home/travis/build/failed/square/okhttp/okhttp-android-support/target/test-classes
[WARNING] /home/travis/build/failed/square/okhttp/okhttp-android-support/src/test/java/okhttp3/android/HttpResponseCacheTest.java: Some input files use or override a deprecated API.
[WARNING] /home/travis/build/failed/square/okhttp/okhttp-android-support/src/test/java/okhttp3/android/HttpResponseCacheTest.java: Recompile with -Xlint:deprecation for details.
[INFO] 
[INFO] --- maven-surefire-plugin:2.17:test (default-test) @ okhttp-android-support ---
[INFO] Tests are skipped.
[INFO] 
[INFO] --- animal-sniffer-maven-plugin:1.11:check (default) @ okhttp-android-support ---
[INFO] Checking unresolved references to org.codehaus.mojo.signature:java16:1.1
[INFO] 
[INFO] --- maven-jar-plugin:2.4:jar (default-jar) @ okhttp-android-support ---
[INFO] Building jar: /home/travis/build/failed/square/okhttp/okhttp-android-support/target/okhttp-android-support-3.4.0-SNAPSHOT.jar
[INFO] 
[INFO] --- maven-checkstyle-plugin:2.10:checkstyle (default) @ okhttp-android-support ---
[INFO] Starting audit...
Audit done.

[WARNING] Unable to locate Source XRef to link to - DISABLED
[INFO] 
[INFO] --- maven-install-plugin:2.4:install (default-install) @ okhttp-android-support ---
[INFO] Installing /home/travis/build/failed/square/okhttp/okhttp-android-support/target/okhttp-android-support-3.4.0-SNAPSHOT.jar to /home/travis/.m2/repository/com/squareup/okhttp3/okhttp-android-support/3.4.0-SNAPSHOT/okhttp-android-support-3.4.0-SNAPSHOT.jar
[INFO] Installing /home/travis/build/failed/square/okhttp/okhttp-android-support/pom.xml to /home/travis/.m2/repository/com/squareup/okhttp3/okhttp-android-support/3.4.0-SNAPSHOT/okhttp-android-support-3.4.0-SNAPSHOT.pom
[INFO]                                                                         
[INFO] ------------------------------------------------------------------------
[INFO] Building OkHttp Apache HttpClient 3.4.0-SNAPSHOT
[INFO] ------------------------------------------------------------------------
[INFO] 
[INFO] --- maven-enforcer-plugin:1.0:enforce (enforce-maven) @ okhttp-apache ---
[INFO] 
[INFO] --- maven-resources-plugin:2.6:resources (default-resources) @ okhttp-apache ---
[INFO] Using 'UTF-8' encoding to copy filtered resources.
[INFO] skip non existing resourceDirectory /home/travis/build/failed/square/okhttp/okhttp-apache/src/main/resources
[INFO] 
[INFO] --- maven-compiler-plugin:3.0:compile (default-compile) @ okhttp-apache ---
[INFO] Changes detected - recompiling the module!
[INFO] Compiling 2 source files to /home/travis/build/failed/square/okhttp/okhttp-apache/target/classes
[INFO] 
[INFO] --- maven-resources-plugin:2.6:testResources (default-testResources) @ okhttp-apache ---
[INFO] Using 'UTF-8' encoding to copy filtered resources.
[INFO] skip non existing resourceDirectory /home/travis/build/failed/square/okhttp/okhttp-apache/src/test/resources
[INFO] 
[INFO] --- maven-compiler-plugin:3.0:testCompile (default-testCompile) @ okhttp-apache ---
[INFO] Changes detected - recompiling the module!
[INFO] Compiling 1 source file to /home/travis/build/failed/square/okhttp/okhttp-apache/target/test-classes
[WARNING] /home/travis/build/failed/square/okhttp/okhttp-apache/src/test/java/okhttp3/apache/OkApacheClientTest.java: /home/travis/build/failed/square/okhttp/okhttp-apache/src/test/java/okhttp3/apache/OkApacheClientTest.java uses or overrides a deprecated API.
[WARNING] /home/travis/build/failed/square/okhttp/okhttp-apache/src/test/java/okhttp3/apache/OkApacheClientTest.java: Recompile with -Xlint:deprecation for details.
[INFO] 
[INFO] --- maven-surefire-plugin:2.17:test (default-test) @ okhttp-apache ---
[INFO] Tests are skipped.
[INFO] 
[INFO] --- animal-sniffer-maven-plugin:1.11:check (default) @ okhttp-apache ---
[INFO] Checking unresolved references to org.codehaus.mojo.signature:java16:1.1
[INFO] 
[INFO] --- maven-jar-plugin:2.4:jar (default-jar) @ okhttp-apache ---
[INFO] Building jar: /home/travis/build/failed/square/okhttp/okhttp-apache/target/okhttp-apache-3.4.0-SNAPSHOT.jar
[INFO] 
[INFO] --- maven-checkstyle-plugin:2.10:checkstyle (default) @ okhttp-apache ---
[INFO] Starting audit...
Audit done.

[WARNING] Unable to locate Source XRef to link to - DISABLED
[INFO] 
[INFO] --- maven-install-plugin:2.4:install (default-install) @ okhttp-apache ---
[INFO] Installing /home/travis/build/failed/square/okhttp/okhttp-apache/target/okhttp-apache-3.4.0-SNAPSHOT.jar to /home/travis/.m2/repository/com/squareup/okhttp3/okhttp-apache/3.4.0-SNAPSHOT/okhttp-apache-3.4.0-SNAPSHOT.jar
[INFO] Installing /home/travis/build/failed/square/okhttp/okhttp-apache/pom.xml to /home/travis/.m2/repository/com/squareup/okhttp3/okhttp-apache/3.4.0-SNAPSHOT/okhttp-apache-3.4.0-SNAPSHOT.pom
[INFO]                                                                         
[INFO] ------------------------------------------------------------------------
[INFO] Building OkHttp Web Socket Tests 3.4.0-SNAPSHOT
[INFO] ------------------------------------------------------------------------
[INFO] 
[INFO] --- maven-enforcer-plugin:1.0:enforce (enforce-maven) @ okhttp-ws-tests ---
[INFO] 
[INFO] --- maven-resources-plugin:2.6:resources (default-resources) @ okhttp-ws-tests ---
[INFO] Using 'UTF-8' encoding to copy filtered resources.
[INFO] skip non existing resourceDirectory /home/travis/build/failed/square/okhttp/okhttp-ws-tests/src/main/resources
[INFO] 
[INFO] --- maven-compiler-plugin:3.0:compile (default-compile) @ okhttp-ws-tests ---
[INFO] Changes detected - recompiling the module!
[INFO] Compiling 1 source file to /home/travis/build/failed/square/okhttp/okhttp-ws-tests/target/classes
[INFO] 
[INFO] --- maven-resources-plugin:2.6:testResources (default-testResources) @ okhttp-ws-tests ---
[INFO] Using 'UTF-8' encoding to copy filtered resources.
[INFO] skip non existing resourceDirectory /home/travis/build/failed/square/okhttp/okhttp-ws-tests/src/test/resources
[INFO] 
[INFO] --- maven-compiler-plugin:3.0:testCompile (default-testCompile) @ okhttp-ws-tests ---
[INFO] Changes detected - recompiling the module!
[INFO] Compiling 5 source files to /home/travis/build/failed/square/okhttp/okhttp-ws-tests/target/test-classes
[INFO] 
[INFO] --- maven-surefire-plugin:2.17:test (default-test) @ okhttp-ws-tests ---
[INFO] Tests are skipped.
[INFO] 
[INFO] --- animal-sniffer-maven-plugin:1.11:check (default) @ okhttp-ws-tests ---
[INFO] Checking unresolved references to org.codehaus.mojo.signature:java16:1.1
[INFO] 
[INFO] --- maven-jar-plugin:2.4:jar (default-jar) @ okhttp-ws-tests ---
[INFO] Building jar: /home/travis/build/failed/square/okhttp/okhttp-ws-tests/target/okhttp-ws-tests-3.4.0-SNAPSHOT.jar
[INFO] 
[INFO] --- maven-assembly-plugin:2.2-beta-5:single (default) @ okhttp-ws-tests ---
[INFO] META-INF/ already added, skipping
[INFO] META-INF/MANIFEST.MF already added, skipping
[INFO] okhttp3/ already added, skipping
[INFO] okhttp3/internal/ already added, skipping
[INFO] META-INF/maven/ already added, skipping
[INFO] META-INF/maven/com.squareup.okhttp3/ already added, skipping
[INFO] META-INF/ already added, skipping
[INFO] META-INF/MANIFEST.MF already added, skipping
[INFO] META-INF/maven/ already added, skipping
[INFO] Building jar: /home/travis/build/failed/square/okhttp/okhttp-ws-tests/target/okhttp-ws-tests-3.4.0-SNAPSHOT-jar-with-dependencies.jar
[INFO] META-INF/ already added, skipping
[INFO] META-INF/MANIFEST.MF already added, skipping
[INFO] okhttp3/ already added, skipping
[INFO] okhttp3/internal/ already added, skipping
[INFO] META-INF/maven/ already added, skipping
[INFO] META-INF/maven/com.squareup.okhttp3/ already added, skipping
[INFO] META-INF/ already added, skipping
[INFO] META-INF/MANIFEST.MF already added, skipping
[INFO] META-INF/maven/ already added, skipping
[INFO] 
[INFO] --- maven-checkstyle-plugin:2.10:checkstyle (default) @ okhttp-ws-tests ---
[INFO] Starting audit...
Audit done.

[WARNING] Unable to locate Source XRef to link to - DISABLED
[INFO] 
[INFO] --- maven-install-plugin:2.4:install (default-install) @ okhttp-ws-tests ---
[INFO] Installing /home/travis/build/failed/square/okhttp/okhttp-ws-tests/target/okhttp-ws-tests-3.4.0-SNAPSHOT.jar to /home/travis/.m2/repository/com/squareup/okhttp3/okhttp-ws-tests/3.4.0-SNAPSHOT/okhttp-ws-tests-3.4.0-SNAPSHOT.jar
[INFO] Installing /home/travis/build/failed/square/okhttp/okhttp-ws-tests/pom.xml to /home/travis/.m2/repository/com/squareup/okhttp3/okhttp-ws-tests/3.4.0-SNAPSHOT/okhttp-ws-tests-3.4.0-SNAPSHOT.pom
[INFO] Installing /home/travis/build/failed/square/okhttp/okhttp-ws-tests/target/okhttp-ws-tests-3.4.0-SNAPSHOT-jar-with-dependencies.jar to /home/travis/.m2/repository/com/squareup/okhttp3/okhttp-ws-tests/3.4.0-SNAPSHOT/okhttp-ws-tests-3.4.0-SNAPSHOT-jar-with-dependencies.jar
[INFO]                                                                         
[INFO] ------------------------------------------------------------------------
[INFO] Building OkHttp Logging Interceptor 3.4.0-SNAPSHOT
[INFO] ------------------------------------------------------------------------
[INFO] 
[INFO] --- maven-enforcer-plugin:1.0:enforce (enforce-maven) @ logging-interceptor ---
[INFO] 
[INFO] --- maven-resources-plugin:2.6:resources (default-resources) @ logging-interceptor ---
[INFO] Using 'UTF-8' encoding to copy filtered resources.
[INFO] skip non existing resourceDirectory /home/travis/build/failed/square/okhttp/okhttp-logging-interceptor/src/main/resources
[INFO] 
[INFO] --- maven-compiler-plugin:3.0:compile (default-compile) @ logging-interceptor ---
[INFO] Changes detected - recompiling the module!
[INFO] Compiling 1 source file to /home/travis/build/failed/square/okhttp/okhttp-logging-interceptor/target/classes
[INFO] 
[INFO] --- maven-resources-plugin:2.6:testResources (default-testResources) @ logging-interceptor ---
[INFO] Using 'UTF-8' encoding to copy filtered resources.
[INFO] skip non existing resourceDirectory /home/travis/build/failed/square/okhttp/okhttp-logging-interceptor/src/test/resources
[INFO] 
[INFO] --- maven-compiler-plugin:3.0:testCompile (default-testCompile) @ logging-interceptor ---
[INFO] Changes detected - recompiling the module!
[INFO] Compiling 1 source file to /home/travis/build/failed/square/okhttp/okhttp-logging-interceptor/target/test-classes
[INFO] 
[INFO] --- maven-surefire-plugin:2.17:test (default-test) @ logging-interceptor ---
[INFO] Tests are skipped.
[INFO] 
[INFO] --- animal-sniffer-maven-plugin:1.11:check (default) @ logging-interceptor ---
[INFO] Checking unresolved references to org.codehaus.mojo.signature:java16:1.1
[INFO] 
[INFO] --- maven-jar-plugin:2.4:jar (default-jar) @ logging-interceptor ---
[INFO] Building jar: /home/travis/build/failed/square/okhttp/okhttp-logging-interceptor/target/logging-interceptor-3.4.0-SNAPSHOT.jar
[INFO] 
[INFO] --- maven-checkstyle-plugin:2.10:checkstyle (default) @ logging-interceptor ---
[INFO] Starting audit...
Audit done.

[WARNING] Unable to locate Source XRef to link to - DISABLED
[INFO] 
[INFO] --- maven-install-plugin:2.4:install (default-install) @ logging-interceptor ---
[INFO] Installing /home/travis/build/failed/square/okhttp/okhttp-logging-interceptor/target/logging-interceptor-3.4.0-SNAPSHOT.jar to /home/travis/.m2/repository/com/squareup/okhttp3/logging-interceptor/3.4.0-SNAPSHOT/logging-interceptor-3.4.0-SNAPSHOT.jar
[INFO] Installing /home/travis/build/failed/square/okhttp/okhttp-logging-interceptor/pom.xml to /home/travis/.m2/repository/com/squareup/okhttp3/logging-interceptor/3.4.0-SNAPSHOT/logging-interceptor-3.4.0-SNAPSHOT.pom
[INFO]                                                                         
[INFO] ------------------------------------------------------------------------
[INFO] Building OkCurl 3.4.0-SNAPSHOT
[INFO] ------------------------------------------------------------------------
[INFO] 
[INFO] --- maven-enforcer-plugin:1.0:enforce (enforce-maven) @ okcurl ---
[INFO] 
[INFO] --- maven-resources-plugin:2.6:resources (default-resources) @ okcurl ---
[INFO] Using 'UTF-8' encoding to copy filtered resources.
[INFO] Copying 1 resource
[INFO] 
[INFO] --- maven-compiler-plugin:3.0:compile (default-compile) @ okcurl ---
[INFO] Changes detected - recompiling the module!
[INFO] Compiling 1 source file to /home/travis/build/failed/square/okhttp/okcurl/target/classes
[INFO] 
[INFO] --- maven-resources-plugin:2.6:testResources (default-testResources) @ okcurl ---
[INFO] Using 'UTF-8' encoding to copy filtered resources.
[INFO] skip non existing resourceDirectory /home/travis/build/failed/square/okhttp/okcurl/src/test/resources
[INFO] 
[INFO] --- maven-compiler-plugin:3.0:testCompile (default-testCompile) @ okcurl ---
[INFO] Changes detected - recompiling the module!
[INFO] Compiling 1 source file to /home/travis/build/failed/square/okhttp/okcurl/target/test-classes
[INFO] 
[INFO] --- maven-surefire-plugin:2.17:test (default-test) @ okcurl ---
[INFO] Tests are skipped.
[INFO] 
[INFO] --- animal-sniffer-maven-plugin:1.11:check (default) @ okcurl ---
[INFO] Checking unresolved references to org.codehaus.mojo.signature:java16:1.1
[INFO] 
[INFO] --- maven-jar-plugin:2.4:jar (default-jar) @ okcurl ---
[INFO] Building jar: /home/travis/build/failed/square/okhttp/okcurl/target/okcurl-3.4.0-SNAPSHOT.jar
[INFO] 
[INFO] --- maven-assembly-plugin:2.2-beta-5:single (default) @ okcurl ---
[INFO] META-INF/ already added, skipping
[INFO] META-INF/MANIFEST.MF already added, skipping
[INFO] META-INF/maven/ already added, skipping
[INFO] META-INF/MANIFEST.MF already added, skipping
[INFO] META-INF/ already added, skipping
[INFO] META-INF/MANIFEST.MF already added, skipping
[INFO] META-INF/maven/ already added, skipping
[INFO] META-INF/ already added, skipping
[INFO] META-INF/MANIFEST.MF already added, skipping
[INFO] javax/ already added, skipping
[INFO] META-INF/MANIFEST.MF already added, skipping
[INFO] META-INF/ already added, skipping
[INFO] META-INF/maven/ already added, skipping
[INFO] Building jar: /home/travis/build/failed/square/okhttp/okcurl/target/okcurl-3.4.0-SNAPSHOT-jar-with-dependencies.jar
[INFO] META-INF/ already added, skipping
[INFO] META-INF/MANIFEST.MF already added, skipping
[INFO] META-INF/maven/ already added, skipping
[INFO] META-INF/MANIFEST.MF already added, skipping
[INFO] META-INF/ already added, skipping
[INFO] META-INF/MANIFEST.MF already added, skipping
[INFO] META-INF/maven/ already added, skipping
[INFO] META-INF/ already added, skipping
[INFO] META-INF/MANIFEST.MF already added, skipping
[INFO] javax/ already added, skipping
[INFO] META-INF/MANIFEST.MF already added, skipping
[INFO] META-INF/ already added, skipping
[INFO] META-INF/maven/ already added, skipping
[INFO] 
[INFO] --- really-executable-jar-maven-plugin:1.1.0:really-executable-jar (default) @ okcurl ---
[INFO] 
[INFO] --- maven-checkstyle-plugin:2.10:checkstyle (default) @ okcurl ---
[INFO] Starting audit...
Audit done.

[WARNING] Unable to locate Source XRef to link to - DISABLED
[INFO] 
[INFO] --- maven-install-plugin:2.4:install (default-install) @ okcurl ---
[INFO] Installing /home/travis/build/failed/square/okhttp/okcurl/target/okcurl-3.4.0-SNAPSHOT.jar to /home/travis/.m2/repository/com/squareup/okhttp3/okcurl/3.4.0-SNAPSHOT/okcurl-3.4.0-SNAPSHOT.jar
[INFO] Installing /home/travis/build/failed/square/okhttp/okcurl/pom.xml to /home/travis/.m2/repository/com/squareup/okhttp3/okcurl/3.4.0-SNAPSHOT/okcurl-3.4.0-SNAPSHOT.pom
[INFO] Installing /home/travis/build/failed/square/okhttp/okcurl/target/okcurl-3.4.0-SNAPSHOT-jar-with-dependencies.jar to /home/travis/.m2/repository/com/squareup/okhttp3/okcurl/3.4.0-SNAPSHOT/okcurl-3.4.0-SNAPSHOT-jar-with-dependencies.jar
[INFO]                                                                         
[INFO] ------------------------------------------------------------------------
[INFO] Building Samples (Parent) 3.4.0-SNAPSHOT
[INFO] ------------------------------------------------------------------------
[INFO] 
[INFO] --- maven-enforcer-plugin:1.0:enforce (enforce-maven) @ sample-parent ---
[INFO] 
[INFO] --- maven-checkstyle-plugin:2.10:checkstyle (default) @ sample-parent ---
[INFO] 
[INFO] --- maven-install-plugin:2.4:install (default-install) @ sample-parent ---
[INFO] Installing /home/travis/build/failed/square/okhttp/samples/pom.xml to /home/travis/.m2/repository/com/squareup/okhttp3/sample/sample-parent/3.4.0-SNAPSHOT/sample-parent-3.4.0-SNAPSHOT.pom
[INFO]                                                                         
[INFO] ------------------------------------------------------------------------
[INFO] Building Sample: Guide 3.4.0-SNAPSHOT
[INFO] ------------------------------------------------------------------------
[INFO] 
[INFO] --- maven-enforcer-plugin:1.0:enforce (enforce-maven) @ guide ---
[INFO] 
[INFO] --- maven-resources-plugin:2.6:resources (default-resources) @ guide ---
[INFO] Using 'UTF-8' encoding to copy filtered resources.
[INFO] skip non existing resourceDirectory /home/travis/build/failed/square/okhttp/samples/guide/src/main/resources
[INFO] 
[INFO] --- maven-compiler-plugin:3.0:compile (default-compile) @ guide ---
[INFO] Changes detected - recompiling the module!
[INFO] Compiling 24 source files to /home/travis/build/failed/square/okhttp/samples/guide/target/classes
[INFO] 
[INFO] --- maven-resources-plugin:2.6:testResources (default-testResources) @ guide ---
[INFO] Using 'UTF-8' encoding to copy filtered resources.
[INFO] skip non existing resourceDirectory /home/travis/build/failed/square/okhttp/samples/guide/src/test/resources
[INFO] 
[INFO] --- maven-compiler-plugin:3.0:testCompile (default-testCompile) @ guide ---
[INFO] No sources to compile
[INFO] 
[INFO] --- maven-surefire-plugin:2.17:test (default-test) @ guide ---
[INFO] Tests are skipped.
[INFO] 
[INFO] --- maven-jar-plugin:2.4:jar (default-jar) @ guide ---
[INFO] Building jar: /home/travis/build/failed/square/okhttp/samples/guide/target/guide-3.4.0-SNAPSHOT.jar
[INFO] 
[INFO] --- maven-checkstyle-plugin:2.10:checkstyle (default) @ guide ---
[INFO] Starting audit...
Audit done.

[WARNING] Unable to locate Source XRef to link to - DISABLED
[INFO] 
[INFO] --- maven-install-plugin:2.4:install (default-install) @ guide ---
[INFO] Installing /home/travis/build/failed/square/okhttp/samples/guide/target/guide-3.4.0-SNAPSHOT.jar to /home/travis/.m2/repository/com/squareup/okhttp3/sample/guide/3.4.0-SNAPSHOT/guide-3.4.0-SNAPSHOT.jar
[INFO] Installing /home/travis/build/failed/square/okhttp/samples/guide/pom.xml to /home/travis/.m2/repository/com/squareup/okhttp3/sample/guide/3.4.0-SNAPSHOT/guide-3.4.0-SNAPSHOT.pom
[INFO]                                                                         
[INFO] ------------------------------------------------------------------------
[INFO] Building Sample: Crawler 3.4.0-SNAPSHOT
[INFO] ------------------------------------------------------------------------
[INFO] 
[INFO] --- maven-enforcer-plugin:1.0:enforce (enforce-maven) @ crawler ---
[INFO] 
[INFO] --- maven-resources-plugin:2.6:resources (default-resources) @ crawler ---
[INFO] Using 'UTF-8' encoding to copy filtered resources.
[INFO] skip non existing resourceDirectory /home/travis/build/failed/square/okhttp/samples/crawler/src/main/resources
[INFO] 
[INFO] --- maven-compiler-plugin:3.0:compile (default-compile) @ crawler ---
[INFO] Changes detected - recompiling the module!
[INFO] Compiling 1 source file to /home/travis/build/failed/square/okhttp/samples/crawler/target/classes
[INFO] 
[INFO] --- maven-resources-plugin:2.6:testResources (default-testResources) @ crawler ---
[INFO] Using 'UTF-8' encoding to copy filtered resources.
[INFO] skip non existing resourceDirectory /home/travis/build/failed/square/okhttp/samples/crawler/src/test/resources
[INFO] 
[INFO] --- maven-compiler-plugin:3.0:testCompile (default-testCompile) @ crawler ---
[INFO] No sources to compile
[INFO] 
[INFO] --- maven-surefire-plugin:2.17:test (default-test) @ crawler ---
[INFO] Tests are skipped.
[INFO] 
[INFO] --- maven-jar-plugin:2.4:jar (default-jar) @ crawler ---
[INFO] Building jar: /home/travis/build/failed/square/okhttp/samples/crawler/target/crawler-3.4.0-SNAPSHOT.jar
[INFO] 
[INFO] --- maven-checkstyle-plugin:2.10:checkstyle (default) @ crawler ---
[INFO] Starting audit...
Audit done.

[WARNING] Unable to locate Source XRef to link to - DISABLED
[INFO] 
[INFO] --- maven-install-plugin:2.4:install (default-install) @ crawler ---
[INFO] Installing /home/travis/build/failed/square/okhttp/samples/crawler/target/crawler-3.4.0-SNAPSHOT.jar to /home/travis/.m2/repository/com/squareup/okhttp3/sample/crawler/3.4.0-SNAPSHOT/crawler-3.4.0-SNAPSHOT.jar
[INFO] Installing /home/travis/build/failed/square/okhttp/samples/crawler/pom.xml to /home/travis/.m2/repository/com/squareup/okhttp3/sample/crawler/3.4.0-SNAPSHOT/crawler-3.4.0-SNAPSHOT.pom
[INFO]                                                                         
[INFO] ------------------------------------------------------------------------
[INFO] Building Sample: Simple Client 3.4.0-SNAPSHOT
[INFO] ------------------------------------------------------------------------
[INFO] 
[INFO] --- maven-enforcer-plugin:1.0:enforce (enforce-maven) @ simple-client ---
[INFO] 
[INFO] --- maven-resources-plugin:2.6:resources (default-resources) @ simple-client ---
[INFO] Using 'UTF-8' encoding to copy filtered resources.
[INFO] skip non existing resourceDirectory /home/travis/build/failed/square/okhttp/samples/simple-client/src/main/resources
[INFO] 
[INFO] --- maven-compiler-plugin:3.0:compile (default-compile) @ simple-client ---
[INFO] Changes detected - recompiling the module!
[INFO] Compiling 1 source file to /home/travis/build/failed/square/okhttp/samples/simple-client/target/classes
[INFO] 
[INFO] --- maven-resources-plugin:2.6:testResources (default-testResources) @ simple-client ---
[INFO] Using 'UTF-8' encoding to copy filtered resources.
[INFO] skip non existing resourceDirectory /home/travis/build/failed/square/okhttp/samples/simple-client/src/test/resources
[INFO] 
[INFO] --- maven-compiler-plugin:3.0:testCompile (default-testCompile) @ simple-client ---
[INFO] No sources to compile
[INFO] 
[INFO] --- maven-surefire-plugin:2.17:test (default-test) @ simple-client ---
[INFO] Tests are skipped.
[INFO] 
[INFO] --- maven-jar-plugin:2.4:jar (default-jar) @ simple-client ---
[INFO] Building jar: /home/travis/build/failed/square/okhttp/samples/simple-client/target/simple-client-3.4.0-SNAPSHOT.jar
[INFO] 
[INFO] --- maven-checkstyle-plugin:2.10:checkstyle (default) @ simple-client ---
[INFO] Starting audit...
Audit done.

[WARNING] Unable to locate Source XRef to link to - DISABLED
[INFO] 
[INFO] --- maven-install-plugin:2.4:install (default-install) @ simple-client ---
[INFO] Installing /home/travis/build/failed/square/okhttp/samples/simple-client/target/simple-client-3.4.0-SNAPSHOT.jar to /home/travis/.m2/repository/com/squareup/okhttp3/sample/simple-client/3.4.0-SNAPSHOT/simple-client-3.4.0-SNAPSHOT.jar
[INFO] Installing /home/travis/build/failed/square/okhttp/samples/simple-client/pom.xml to /home/travis/.m2/repository/com/squareup/okhttp3/sample/simple-client/3.4.0-SNAPSHOT/simple-client-3.4.0-SNAPSHOT.pom
[INFO]                                                                         
[INFO] ------------------------------------------------------------------------
[INFO] Building Sample: Static Server 3.4.0-SNAPSHOT
[INFO] ------------------------------------------------------------------------
[INFO] 
[INFO] --- maven-enforcer-plugin:1.0:enforce (enforce-maven) @ static-server ---
[INFO] 
[INFO] --- maven-resources-plugin:2.6:resources (default-resources) @ static-server ---
[INFO] Using 'UTF-8' encoding to copy filtered resources.
[INFO] skip non existing resourceDirectory /home/travis/build/failed/square/okhttp/samples/static-server/src/main/resources
[INFO] 
[INFO] --- maven-compiler-plugin:3.0:compile (default-compile) @ static-server ---
[INFO] Changes detected - recompiling the module!
[INFO] Compiling 1 source file to /home/travis/build/failed/square/okhttp/samples/static-server/target/classes
[INFO] 
[INFO] --- maven-resources-plugin:2.6:testResources (default-testResources) @ static-server ---
[INFO] Using 'UTF-8' encoding to copy filtered resources.
[INFO] skip non existing resourceDirectory /home/travis/build/failed/square/okhttp/samples/static-server/src/test/resources
[INFO] 
[INFO] --- maven-compiler-plugin:3.0:testCompile (default-testCompile) @ static-server ---
[INFO] No sources to compile
[INFO] 
[INFO] --- maven-surefire-plugin:2.17:test (default-test) @ static-server ---
[INFO] Tests are skipped.
[INFO] 
[INFO] --- maven-jar-plugin:2.4:jar (default-jar) @ static-server ---
[INFO] Building jar: /home/travis/build/failed/square/okhttp/samples/static-server/target/static-server-3.4.0-SNAPSHOT.jar
[INFO] 
[INFO] --- maven-shade-plugin:2.1:shade (default) @ static-server ---
[WARNING] Map in class org.apache.maven.plugins.shade.resource.ManifestResourceTransformer declares value type as: class java.util.jar.Attributes but saw: class java.lang.String at runtime
[INFO] Including com.squareup.okhttp3:mockwebserver:jar:3.4.0-SNAPSHOT in the shaded jar.
[INFO] Including com.squareup.okhttp3:okhttp:jar:3.4.0-SNAPSHOT in the shaded jar.
[INFO] Including com.squareup.okio:okio:jar:1.8.0 in the shaded jar.
[INFO] Including com.squareup.okhttp3:okhttp-ws:jar:3.4.0-SNAPSHOT in the shaded jar.
[INFO] Including org.bouncycastle:bcprov-jdk15on:jar:1.50 in the shaded jar.
[INFO] Including junit:junit:jar:4.12 in the shaded jar.
[INFO] Including org.hamcrest:hamcrest-core:jar:1.3 in the shaded jar.
[INFO] Attaching shaded artifact.
[INFO] 
[INFO] --- maven-checkstyle-plugin:2.10:checkstyle (default) @ static-server ---
[INFO] Starting audit...
Audit done.

[WARNING] Unable to locate Source XRef to link to - DISABLED
[INFO] 
[INFO] --- maven-install-plugin:2.4:install (default-install) @ static-server ---
[INFO] Installing /home/travis/build/failed/square/okhttp/samples/static-server/target/static-server-3.4.0-SNAPSHOT.jar to /home/travis/.m2/repository/com/squareup/okhttp3/sample/static-server/3.4.0-SNAPSHOT/static-server-3.4.0-SNAPSHOT.jar
[INFO] Installing /home/travis/build/failed/square/okhttp/samples/static-server/pom.xml to /home/travis/.m2/repository/com/squareup/okhttp3/sample/static-server/3.4.0-SNAPSHOT/static-server-3.4.0-SNAPSHOT.pom
[INFO] Installing /home/travis/build/failed/square/okhttp/samples/static-server/target/static-server-3.4.0-SNAPSHOT-shaded.jar to /home/travis/.m2/repository/com/squareup/okhttp3/sample/static-server/3.4.0-SNAPSHOT/static-server-3.4.0-SNAPSHOT-shaded.jar
[INFO]                                                                         
[INFO] ------------------------------------------------------------------------
[INFO] Building Benchmarks 3.4.0-SNAPSHOT
[INFO] ------------------------------------------------------------------------
[INFO] 
[INFO] --- maven-enforcer-plugin:1.0:enforce (enforce-maven) @ benchmarks ---
[INFO] 
[INFO] --- maven-resources-plugin:2.6:resources (default-resources) @ benchmarks ---
[INFO] Using 'UTF-8' encoding to copy filtered resources.
[INFO] skip non existing resourceDirectory /home/travis/build/failed/square/okhttp/benchmarks/src/main/resources
[INFO] 
[INFO] --- maven-compiler-plugin:3.0:compile (default-compile) @ benchmarks ---
[INFO] Changes detected - recompiling the module!
[INFO] Compiling 9 source files to /home/travis/build/failed/square/okhttp/benchmarks/target/classes
[INFO] 
[INFO] --- maven-resources-plugin:2.6:testResources (default-testResources) @ benchmarks ---
[INFO] Using 'UTF-8' encoding to copy filtered resources.
[INFO] skip non existing resourceDirectory /home/travis/build/failed/square/okhttp/benchmarks/src/test/resources
[INFO] 
[INFO] --- maven-compiler-plugin:3.0:testCompile (default-testCompile) @ benchmarks ---
[INFO] No sources to compile
[INFO] 
[INFO] --- maven-surefire-plugin:2.17:test (default-test) @ benchmarks ---
[INFO] Tests are skipped.
[INFO] 
[INFO] --- animal-sniffer-maven-plugin:1.11:check (default) @ benchmarks ---
[INFO] Checking unresolved references to org.codehaus.mojo.signature:java16:1.1
[INFO] 
[INFO] --- maven-jar-plugin:2.4:jar (default-jar) @ benchmarks ---
[INFO] Building jar: /home/travis/build/failed/square/okhttp/benchmarks/target/benchmarks-3.4.0-SNAPSHOT.jar
[INFO] 
[INFO] --- maven-checkstyle-plugin:2.10:checkstyle (default) @ benchmarks ---
[INFO] Starting audit...
Audit done.

[WARNING] Unable to locate Source XRef to link to - DISABLED
[INFO] 
[INFO] --- maven-install-plugin:2.4:install (default-install) @ benchmarks ---
[INFO] Installing /home/travis/build/failed/square/okhttp/benchmarks/target/benchmarks-3.4.0-SNAPSHOT.jar to /home/travis/.m2/repository/com/squareup/okhttp3/benchmarks/3.4.0-SNAPSHOT/benchmarks-3.4.0-SNAPSHOT.jar
[INFO] Installing /home/travis/build/failed/square/okhttp/benchmarks/pom.xml to /home/travis/.m2/repository/com/squareup/okhttp3/benchmarks/3.4.0-SNAPSHOT/benchmarks-3.4.0-SNAPSHOT.pom
[INFO] ------------------------------------------------------------------------
[INFO] Reactor Summary:
[INFO] 
[INFO] OkHttp (Parent) .................................... SUCCESS [  8.170 s]
[INFO] OkHttp ............................................. SUCCESS [  8.257 s]
[INFO] OkHttp test support classes ........................ SUCCESS [  0.975 s]
[INFO] OkHttp Web Sockets ................................. SUCCESS [  0.879 s]
[INFO] MockWebServer ...................................... SUCCESS [  4.866 s]
[INFO] OkHttp URLConnection ............................... SUCCESS [  1.112 s]
[INFO] OkHttp Tests ....................................... SUCCESS [  1.759 s]
[INFO] OkHttp Android Platform Support .................... SUCCESS [  0.960 s]
[INFO] OkHttp Apache HttpClient ........................... SUCCESS [  1.016 s]
[INFO] OkHttp Web Socket Tests ............................ SUCCESS [  1.494 s]
[INFO] OkHttp Logging Interceptor ......................... SUCCESS [  0.755 s]
[INFO] OkCurl ............................................. SUCCESS [  3.695 s]
[INFO] Samples (Parent) ................................... SUCCESS [  0.052 s]
[INFO] Sample: Guide ...................................... SUCCESS [  0.664 s]
[INFO] Sample: Crawler .................................... SUCCESS [  0.455 s]
[INFO] Sample: Simple Client .............................. SUCCESS [  0.299 s]
[INFO] Sample: Static Server .............................. SUCCESS [  3.489 s]
[INFO] Benchmarks ......................................... SUCCESS [  2.794 s]
[INFO] ------------------------------------------------------------------------
[INFO] BUILD SUCCESS
[INFO] ------------------------------------------------------------------------
[INFO] Total time: 42.701 s
[INFO] Finished at: 2022-02-13T14:57:59+00:00
[INFO] Final Memory: 43M/480M
[INFO] ------------------------------------------------------------------------

travis_time:end:279a0ca5:start=1644764235489696523,finish=1644764279872930903,duration=44383234380[0Ktravis_fold:end:install[0Ktravis_time:start:06c1bbd9[0K$ mvn test -Dhttps.protocols=TLSv1.2 -Dhttps.protocols=TLSv1.2 -B
[INFO] Scanning for projects...
[WARNING] 
[WARNING] Some problems were encountered while building the effective model for com.squareup.okhttp3:okhttp-tests:jar:3.4.0-SNAPSHOT
[WARNING] 'build.plugins.plugin.version' for org.apache.maven.plugins:maven-deploy-plugin is missing. @ com.squareup.okhttp3:okhttp-tests:[unknown-version], /home/travis/build/failed/square/okhttp/okhttp-tests/pom.xml, line 53, column 15
[WARNING] 
[WARNING] Some problems were encountered while building the effective model for com.squareup.okhttp3:okhttp-ws-tests:jar:3.4.0-SNAPSHOT
[WARNING] 'build.plugins.plugin.version' for org.apache.maven.plugins:maven-deploy-plugin is missing. @ com.squareup.okhttp3:okhttp-ws-tests:[unknown-version], /home/travis/build/failed/square/okhttp/okhttp-ws-tests/pom.xml, line 67, column 15
[WARNING] 
[WARNING] Some problems were encountered while building the effective model for com.squareup.okhttp3:benchmarks:jar:3.4.0-SNAPSHOT
[WARNING] 'build.plugins.plugin.version' for org.codehaus.mojo:exec-maven-plugin is missing. @ com.squareup.okhttp3:benchmarks:[unknown-version], /home/travis/build/failed/square/okhttp/benchmarks/pom.xml, line 74, column 15
[WARNING] 
[WARNING] It is highly recommended to fix these problems because they threaten the stability of your build.
[WARNING] 
[WARNING] For this reason, future Maven versions might no longer support building such malformed projects.
[WARNING] 
[INFO] ------------------------------------------------------------------------
[INFO] Reactor Build Order:
[INFO] 
[INFO] OkHttp (Parent)
[INFO] OkHttp
[INFO] OkHttp test support classes
[INFO] OkHttp Web Sockets
[INFO] MockWebServer
[INFO] OkHttp URLConnection
[INFO] OkHttp Tests
[INFO] OkHttp Android Platform Support
[INFO] OkHttp Apache HttpClient
[INFO] OkHttp Web Socket Tests
[INFO] OkHttp Logging Interceptor
[INFO] OkCurl
[INFO] Samples (Parent)
[INFO] Sample: Guide
[INFO] Sample: Crawler
[INFO] Sample: Simple Client
[INFO] Sample: Static Server
[INFO] Benchmarks
[INFO]                                                                         
[INFO] ------------------------------------------------------------------------
[INFO] Building OkHttp (Parent) 3.4.0-SNAPSHOT
[INFO] ------------------------------------------------------------------------
[INFO] 
[INFO] --- maven-enforcer-plugin:1.0:enforce (enforce-maven) @ parent ---
[INFO] 
[INFO] --- animal-sniffer-maven-plugin:1.11:check (default) @ parent ---
[INFO] Checking unresolved references to org.codehaus.mojo.signature:java16:1.1
[INFO]                                                                         
[INFO] ------------------------------------------------------------------------
[INFO] Building OkHttp 3.4.0-SNAPSHOT
[INFO] ------------------------------------------------------------------------
[INFO] 
[INFO] --- maven-enforcer-plugin:1.0:enforce (enforce-maven) @ okhttp ---
[INFO] 
[INFO] --- templating-maven-plugin:1.0-alpha-3:filter-sources (default) @ okhttp ---
[INFO] Using 'UTF-8' encoding to copy filtered resources.
[INFO] Copying 1 resource
[INFO] Source directory: /home/travis/build/failed/square/okhttp/okhttp/target/generated-sources/java-templates added.
[INFO] 
[INFO] --- maven-resources-plugin:2.6:resources (default-resources) @ okhttp ---
[INFO] Using 'UTF-8' encoding to copy filtered resources.
[INFO] skip non existing resourceDirectory /home/travis/build/failed/square/okhttp/okhttp/src/main/resources
[INFO] 
[INFO] --- maven-compiler-plugin:3.0:compile (default-compile) @ okhttp ---
[INFO] Changes detected - recompiling the module!
[INFO] Compiling 91 source files to /home/travis/build/failed/square/okhttp/okhttp/target/classes
[WARNING] /home/travis/build/failed/square/okhttp/okhttp/src/main/java/okhttp3/internal/Util.java: Some input files use unchecked or unsafe operations.
[WARNING] /home/travis/build/failed/square/okhttp/okhttp/src/main/java/okhttp3/internal/Util.java: Recompile with -Xlint:unchecked for details.
[INFO] 
[INFO] --- maven-resources-plugin:2.6:testResources (default-testResources) @ okhttp ---
[INFO] Using 'UTF-8' encoding to copy filtered resources.
[INFO] skip non existing resourceDirectory /home/travis/build/failed/square/okhttp/okhttp/src/test/resources
[INFO] 
[INFO] --- maven-compiler-plugin:3.0:testCompile (default-testCompile) @ okhttp ---
[INFO] No sources to compile
[INFO] 
[INFO] --- maven-surefire-plugin:2.17:test (default-test) @ okhttp ---
[INFO] No tests to run.
[INFO] 
[INFO] --- animal-sniffer-maven-plugin:1.11:check (default) @ okhttp ---
[INFO] Checking unresolved references to org.codehaus.mojo.signature:java16:1.1
[INFO]                                                                         
[INFO] ------------------------------------------------------------------------
[INFO] Building OkHttp test support classes 3.4.0-SNAPSHOT
[INFO] ------------------------------------------------------------------------
[INFO] 
[INFO] --- maven-enforcer-plugin:1.0:enforce (enforce-maven) @ okhttp-testing-support ---
[INFO] 
[INFO] --- maven-resources-plugin:2.6:resources (default-resources) @ okhttp-testing-support ---
[INFO] Using 'UTF-8' encoding to copy filtered resources.
[INFO] skip non existing resourceDirectory /home/travis/build/failed/square/okhttp/okhttp-testing-support/src/main/resources
[INFO] 
[INFO] --- maven-compiler-plugin:3.0:compile (default-compile) @ okhttp-testing-support ---
[INFO] Changes detected - recompiling the module!
[INFO] Compiling 7 source files to /home/travis/build/failed/square/okhttp/okhttp-testing-support/target/classes
[INFO] 
[INFO] --- maven-resources-plugin:2.6:testResources (default-testResources) @ okhttp-testing-support ---
[INFO] Using 'UTF-8' encoding to copy filtered resources.
[INFO] skip non existing resourceDirectory /home/travis/build/failed/square/okhttp/okhttp-testing-support/src/test/resources
[INFO] 
[INFO] --- maven-compiler-plugin:3.0:testCompile (default-testCompile) @ okhttp-testing-support ---
[INFO] No sources to compile
[INFO] 
[INFO] --- maven-surefire-plugin:2.17:test (default-test) @ okhttp-testing-support ---
[INFO] No tests to run.
[INFO] 
[INFO] --- animal-sniffer-maven-plugin:1.11:check (default) @ okhttp-testing-support ---
[INFO] Checking unresolved references to org.codehaus.mojo.signature:java16:1.1
[INFO]                                                                         
[INFO] ------------------------------------------------------------------------
[INFO] Building OkHttp Web Sockets 3.4.0-SNAPSHOT
[INFO] ------------------------------------------------------------------------
[INFO] 
[INFO] --- maven-enforcer-plugin:1.0:enforce (enforce-maven) @ okhttp-ws ---
[INFO] 
[INFO] --- maven-resources-plugin:2.6:resources (default-resources) @ okhttp-ws ---
[INFO] Using 'UTF-8' encoding to copy filtered resources.
[INFO] skip non existing resourceDirectory /home/travis/build/failed/square/okhttp/okhttp-ws/src/main/resources
[INFO] 
[INFO] --- maven-compiler-plugin:3.0:compile (default-compile) @ okhttp-ws ---
[INFO] Changes detected - recompiling the module!
[INFO] Compiling 7 source files to /home/travis/build/failed/square/okhttp/okhttp-ws/target/classes
[INFO] 
[INFO] --- maven-resources-plugin:2.6:testResources (default-testResources) @ okhttp-ws ---
[INFO] Using 'UTF-8' encoding to copy filtered resources.
[INFO] skip non existing resourceDirectory /home/travis/build/failed/square/okhttp/okhttp-ws/src/test/resources
[INFO] 
[INFO] --- maven-compiler-plugin:3.0:testCompile (default-testCompile) @ okhttp-ws ---
[INFO] No sources to compile
[INFO] 
[INFO] --- maven-surefire-plugin:2.17:test (default-test) @ okhttp-ws ---
[INFO] No tests to run.
[INFO] 
[INFO] --- animal-sniffer-maven-plugin:1.11:check (default) @ okhttp-ws ---
[INFO] Checking unresolved references to org.codehaus.mojo.signature:java16:1.1
[INFO]                                                                         
[INFO] ------------------------------------------------------------------------
[INFO] Building MockWebServer 3.4.0-SNAPSHOT
[INFO] ------------------------------------------------------------------------
[INFO] 
[INFO] --- maven-enforcer-plugin:1.0:enforce (enforce-maven) @ mockwebserver ---
[INFO] 
[INFO] --- maven-resources-plugin:2.6:resources (default-resources) @ mockwebserver ---
[INFO] Using 'UTF-8' encoding to copy filtered resources.
[INFO] skip non existing resourceDirectory /home/travis/build/failed/square/okhttp/mockwebserver/src/main/resources
[INFO] 
[INFO] --- maven-compiler-plugin:3.0:compile (default-compile) @ mockwebserver ---
[INFO] Changes detected - recompiling the module!
[INFO] Compiling 10 source files to /home/travis/build/failed/square/okhttp/mockwebserver/target/classes
[WARNING] /home/travis/build/failed/square/okhttp/mockwebserver/src/main/java/okhttp3/internal/tls/HeldCertificate.java: /home/travis/build/failed/square/okhttp/mockwebserver/src/main/java/okhttp3/internal/tls/HeldCertificate.java uses or overrides a deprecated API.
[WARNING] /home/travis/build/failed/square/okhttp/mockwebserver/src/main/java/okhttp3/internal/tls/HeldCertificate.java: Recompile with -Xlint:deprecation for details.
[INFO] 
[INFO] --- maven-resources-plugin:2.6:testResources (default-testResources) @ mockwebserver ---
[INFO] Using 'UTF-8' encoding to copy filtered resources.
[INFO] skip non existing resourceDirectory /home/travis/build/failed/square/okhttp/mockwebserver/src/test/resources
[INFO] 
[INFO] --- maven-compiler-plugin:3.0:testCompile (default-testCompile) @ mockwebserver ---
[INFO] Changes detected - recompiling the module!
[INFO] Compiling 2 source files to /home/travis/build/failed/square/okhttp/mockwebserver/target/test-classes
[INFO] 
[INFO] --- maven-surefire-plugin:2.17:test (default-test) @ mockwebserver ---
[INFO] Surefire report directory: /home/travis/build/failed/square/okhttp/mockwebserver/target/surefire-reports
[INFO] Using configured provider org.apache.maven.surefire.junitcore.JUnitCoreProvider
[INFO] parallel='none', perCoreThreadCount=true, threadCount=0, useUnlimitedThreads=false, threadCountSuites=0, threadCountClasses=0, threadCountMethods=0, parallelOptimized=true

-------------------------------------------------------
 T E S T S
-------------------------------------------------------
Installing aggressive uncaught exception handler
Running okhttp3.mockwebserver.CustomDispatcherTest
Feb 13, 2022 2:58:08 PM okhttp3.mockwebserver.MockWebServer$3 execute
INFO: MockWebServer[41369] starting to accept connections
Feb 13, 2022 2:58:08 PM okhttp3.mockwebserver.MockWebServer$4 processOneRequest
INFO: MockWebServer[41369] received request: GET / HTTP/1.1 and responded: HTTP/1.1 200 OK
Feb 13, 2022 2:58:08 PM okhttp3.mockwebserver.MockWebServer$3 acceptConnections
INFO: MockWebServer[41369] done accepting connections: Socket closed
Feb 13, 2022 2:58:08 PM okhttp3.mockwebserver.MockWebServer$3 execute
INFO: MockWebServer[47715] starting to accept connections
Feb 13, 2022 2:58:08 PM okhttp3.mockwebserver.MockWebServer$4 processOneRequest
INFO: MockWebServer[47715] received request: GET /bar HTTP/1.1 and responded: HTTP/1.1 200 OK
Feb 13, 2022 2:58:08 PM okhttp3.mockwebserver.MockWebServer$3 acceptConnections
INFO: MockWebServer[47715] done accepting connections: Socket closed
Feb 13, 2022 2:58:08 PM okhttp3.mockwebserver.MockWebServer$4 processOneRequest
INFO: MockWebServer[47715] received request: GET /foo HTTP/1.1 and responded: HTTP/1.1 200 OK
Tests run: 2, Failures: 0, Errors: 0, Skipped: 0, Time elapsed: 0.102 sec - in okhttp3.mockwebserver.CustomDispatcherTest
Running okhttp3.mockwebserver.MockWebServerTest
Feb 13, 2022 2:58:08 PM okhttp3.mockwebserver.MockWebServer$3 execute
INFO: MockWebServer[47295] starting to accept connections
Feb 13, 2022 2:58:08 PM okhttp3.mockwebserver.MockWebServer$3 acceptConnections
INFO: MockWebServer[47295] done accepting connections: Socket is closed
Feb 13, 2022 2:58:08 PM okhttp3.mockwebserver.MockWebServer$3 execute
INFO: MockWebServer[39803] starting to accept connections
Feb 13, 2022 2:58:09 PM okhttp3.mockwebserver.MockWebServer$4 processOneRequest
INFO: MockWebServer[39803] received request: GET / HTTP/1.1 and responded: HTTP/1.1 200 OK
Feb 13, 2022 2:58:09 PM okhttp3.mockwebserver.MockWebServer$3 acceptConnections
INFO: MockWebServer[39803] done accepting connections: Socket closed
Feb 13, 2022 2:58:09 PM okhttp3.mockwebserver.MockWebServer$3 execute
INFO: MockWebServer[58345] starting to accept connections
Feb 13, 2022 2:58:09 PM okhttp3.mockwebserver.MockWebServer$3 execute
INFO: MockWebServer[38425] starting to accept connections
Feb 13, 2022 2:58:09 PM okhttp3.mockwebserver.MockWebServer$3 acceptConnections
INFO: MockWebServer[38425] done accepting connections: Socket is closed
Feb 13, 2022 2:58:09 PM okhttp3.mockwebserver.MockWebServer$3 acceptConnections
INFO: MockWebServer[58345] done accepting connections: Socket closed
Feb 13, 2022 2:58:09 PM okhttp3.mockwebserver.MockWebServer$3 execute
INFO: MockWebServer[36509] starting to accept connections
Feb 13, 2022 2:58:10 PM okhttp3.mockwebserver.MockWebServer$3 acceptConnections
INFO: MockWebServer[36509] done accepting connections: Socket closed
Feb 13, 2022 2:58:10 PM okhttp3.mockwebserver.MockWebServer$4 execute
INFO: MockWebServer[36509] connection from /127.0.0.1 failed: java.net.SocketException: Socket closed
Feb 13, 2022 2:58:10 PM okhttp3.mockwebserver.MockWebServer$3 execute
INFO: MockWebServer[59947] starting to accept connections
Feb 13, 2022 2:58:10 PM okhttp3.mockwebserver.MockWebServer$4 processOneRequest
INFO: MockWebServer[59947] received request: GET / HTTP/1.1 and responded: HTTP/1.1 200 OK
Feb 13, 2022 2:58:10 PM okhttp3.mockwebserver.MockWebServer$3 acceptConnections
INFO: MockWebServer[59947] done accepting connections: Socket closed
Feb 13, 2022 2:58:10 PM okhttp3.mockwebserver.MockWebServer$3 execute
INFO: MockWebServer[40771] starting to accept connections
Feb 13, 2022 2:58:10 PM okhttp3.mockwebserver.MockWebServer$4 processOneRequest
INFO: MockWebServer[40771] received request: GET / HTTP/1.1 and responded: HTTP/1.1 302 Redirection
Feb 13, 2022 2:58:10 PM okhttp3.mockwebserver.MockWebServer$4 processOneRequest
INFO: MockWebServer[40771] received request: GET /new-path HTTP/1.1 and responded: HTTP/1.1 200 OK
Feb 13, 2022 2:58:10 PM okhttp3.mockwebserver.MockWebServer$3 acceptConnections
INFO: MockWebServer[40771] done accepting connections: Socket closed
Feb 13, 2022 2:58:10 PM okhttp3.mockwebserver.MockWebServer$3 execute
INFO: MockWebServer[51231] starting to accept connections
Feb 13, 2022 2:58:10 PM okhttp3.mockwebserver.MockWebServer$4 processOneRequest
INFO: MockWebServer[51231] received request: GET / HTTP/1.1 and responded: HTTP/1.1 200 OK
Feb 13, 2022 2:58:11 PM okhttp3.mockwebserver.MockWebServer$4 processOneRequest
INFO: MockWebServer[51231] received request: GET / HTTP/1.1 and responded: HTTP/1.1 200 OK
Feb 13, 2022 2:58:11 PM okhttp3.mockwebserver.MockWebServer$3 acceptConnections
INFO: MockWebServer[51231] done accepting connections: Socket closed
Feb 13, 2022 2:58:11 PM okhttp3.mockwebserver.MockWebServer$3 execute
INFO: MockWebServer[51949] starting to accept connections
Feb 13, 2022 2:58:11 PM okhttp3.mockwebserver.MockWebServer$3 acceptConnections
INFO: MockWebServer[51949] done accepting connections: Socket is closed
Feb 13, 2022 2:58:11 PM okhttp3.mockwebserver.MockWebServer$3 execute
INFO: MockWebServer[52407] starting to accept connections
Feb 13, 2022 2:58:11 PM okhttp3.mockwebserver.MockWebServer$3 acceptConnections
INFO: MockWebServer[52407] done accepting connections: Socket closed
Feb 13, 2022 2:58:11 PM okhttp3.mockwebserver.MockWebServer$4 execute
INFO: MockWebServer[52407] connection from /127.0.0.1 failed: java.net.SocketException: Socket closed
Feb 13, 2022 2:58:11 PM okhttp3.mockwebserver.MockWebServer$3 execute
INFO: MockWebServer[33677] starting to accept connections
Feb 13, 2022 2:58:11 PM okhttp3.mockwebserver.MockWebServer$3 acceptConnections
INFO: MockWebServer[33677] done accepting connections: Socket closed
Feb 13, 2022 2:58:11 PM okhttp3.mockwebserver.MockWebServer$3 execute
INFO: MockWebServer[60919] starting to accept connections
Feb 13, 2022 2:58:11 PM okhttp3.mockwebserver.MockWebServer$3 acceptConnections
INFO: MockWebServer[60919] done accepting connections: Socket is closed
Feb 13, 2022 2:58:11 PM okhttp3.mockwebserver.MockWebServer$3 execute
INFO: MockWebServer[36033] starting to accept connections
Feb 13, 2022 2:58:11 PM okhttp3.mockwebserver.MockWebServer$3 acceptConnections
INFO: MockWebServer[36033] done accepting connections: Socket is closed
Feb 13, 2022 2:58:11 PM okhttp3.mockwebserver.MockWebServer$3 execute
INFO: MockWebServer[60157] starting to accept connections
Feb 13, 2022 2:58:11 PM okhttp3.mockwebserver.MockWebServer$4 processOneRequest
INFO: MockWebServer[60157] received request: GET / HTTP/1.1 and responded: HTTP/1.1 200 OK
Feb 13, 2022 2:58:11 PM okhttp3.mockwebserver.MockWebServer$3 acceptConnections
INFO: MockWebServer[60157] done accepting connections: Socket closed
Feb 13, 2022 2:58:11 PM okhttp3.mockwebserver.MockWebServer$3 execute
INFO: MockWebServer[52305] starting to accept connections
Feb 13, 2022 2:58:11 PM okhttp3.mockwebserver.MockWebServer$3 acceptConnections
INFO: MockWebServer[52305] done accepting connections: Socket is closed
Feb 13, 2022 2:58:11 PM okhttp3.mockwebserver.MockWebServer$3 execute
INFO: MockWebServer[56229] starting to accept connections
Feb 13, 2022 2:58:11 PM okhttp3.mockwebserver.MockWebServer$4 processOneRequest
INFO: MockWebServer[56229] received request: GET / HTTP/1.1 and responded: HTTP/1.1 200 OK
Feb 13, 2022 2:58:11 PM okhttp3.mockwebserver.MockWebServer$3 acceptConnections
INFO: MockWebServer[56229] done accepting connections: Socket closed
Feb 13, 2022 2:58:11 PM okhttp3.mockwebserver.MockWebServer$3 execute
INFO: MockWebServer[59643] starting to accept connections
Feb 13, 2022 2:58:12 PM okhttp3.mockwebserver.MockWebServer$4 processOneRequest
INFO: MockWebServer[59643] received request: GET / HTTP/1.1 and responded: HTTP/1.1 200 OK
Feb 13, 2022 2:58:12 PM okhttp3.mockwebserver.MockWebServer$3 acceptConnections
INFO: MockWebServer[59643] done accepting connections: Socket closed
Feb 13, 2022 2:58:12 PM okhttp3.mockwebserver.MockWebServer$3 execute
INFO: MockWebServer[60131] starting to accept connections
Feb 13, 2022 2:58:12 PM okhttp3.mockwebserver.MockWebServer$3 acceptConnections
INFO: MockWebServer[60131] done accepting connections: Socket is closed
Feb 13, 2022 2:58:12 PM okhttp3.mockwebserver.MockWebServer$3 execute
INFO: MockWebServer[47535] starting to accept connections
Feb 13, 2022 2:58:13 PM okhttp3.mockwebserver.MockWebServer$4 processOneRequest
INFO: MockWebServer[47535] received request: GET / HTTP/1.1 and responded: HTTP/1.1 200 OK
Feb 13, 2022 2:58:13 PM okhttp3.mockwebserver.MockWebServer$3 acceptConnections
INFO: MockWebServer[47535] done accepting connections: Socket closed
Feb 13, 2022 2:58:13 PM okhttp3.mockwebserver.MockWebServer$3 execute
INFO: MockWebServer[33393] starting to accept connections
Feb 13, 2022 2:58:13 PM okhttp3.mockwebserver.MockWebServer$3 execute
INFO: MockWebServer[38093] starting to accept connections
Feb 13, 2022 2:58:13 PM okhttp3.mockwebserver.MockWebServer$3 acceptConnections
INFO: MockWebServer[38093] done accepting connections: Socket is closed
Feb 13, 2022 2:58:13 PM okhttp3.mockwebserver.MockWebServer$3 acceptConnections
INFO: MockWebServer[33393] done accepting connections: Socket closed
Feb 13, 2022 2:58:13 PM okhttp3.mockwebserver.MockWebServer$3 execute
INFO: MockWebServer[46639] starting to accept connections
Feb 13, 2022 2:58:13 PM okhttp3.mockwebserver.MockWebServer$3 acceptConnections
INFO: MockWebServer[46639] done accepting connections: Socket is closed
Feb 13, 2022 2:58:13 PM okhttp3.mockwebserver.MockWebServer$3 execute
INFO: MockWebServer[49313] starting to accept connections
Feb 13, 2022 2:58:13 PM okhttp3.mockwebserver.MockWebServer$3 acceptConnections
INFO: MockWebServer[49313] done accepting connections: Socket is closed
Feb 13, 2022 2:58:13 PM okhttp3.mockwebserver.MockWebServer$3 execute
INFO: MockWebServer[37397] starting to accept connections
Feb 13, 2022 2:58:13 PM okhttp3.mockwebserver.MockWebServer$3 acceptConnections
INFO: MockWebServer[37397] done accepting connections: Socket is closed
Feb 13, 2022 2:58:13 PM okhttp3.mockwebserver.MockWebServer$3 execute
INFO: MockWebServer[51601] starting to accept connections
Feb 13, 2022 2:58:13 PM okhttp3.mockwebserver.MockWebServer$4 processOneRequest
INFO: MockWebServer[51601] received request: POST / HTTP/1.1 and responded: HTTP/1.1 200 OK
Feb 13, 2022 2:58:13 PM okhttp3.mockwebserver.MockWebServer$3 acceptConnections
INFO: MockWebServer[51601] done accepting connections: Socket closed
Feb 13, 2022 2:58:13 PM okhttp3.mockwebserver.MockWebServer$3 execute
INFO: MockWebServer[58437] starting to accept connections
Feb 13, 2022 2:58:13 PM okhttp3.mockwebserver.MockWebServer$3 acceptConnections
INFO: MockWebServer[58437] done accepting connections: Socket is closed
Feb 13, 2022 2:58:13 PM okhttp3.mockwebserver.MockWebServer$3 execute
INFO: MockWebServer[46539] starting to accept connections
Feb 13, 2022 2:58:13 PM okhttp3.mockwebserver.MockWebServer$4 processOneRequest
INFO: MockWebServer[46539] received request: GET /a HTTP/1.1 and responded: HTTP/1.1 200 OK
Feb 13, 2022 2:58:13 PM okhttp3.mockwebserver.MockWebServer$4 processOneRequest
INFO: MockWebServer[46539] received request: GET /b HTTP/1.1 and responded: HTTP/1.1 200 OK
Feb 13, 2022 2:58:13 PM okhttp3.mockwebserver.MockWebServer$3 acceptConnections
INFO: MockWebServer[46539] done accepting connections: Socket closed
Tests run: 25, Failures: 0, Errors: 0, Skipped: 0, Time elapsed: 5.364 sec - in okhttp3.mockwebserver.MockWebServerTest
Uninstalled aggressive uncaught exception handler

Results :

Tests run: 27, Failures: 0, Errors: 0, Skipped: 0

[INFO] 
[INFO] --- animal-sniffer-maven-plugin:1.11:check (default) @ mockwebserver ---
[INFO] Checking unresolved references to org.codehaus.mojo.signature:java16:1.1
[INFO]                                                                         
[INFO] ------------------------------------------------------------------------
[INFO] Building OkHttp URLConnection 3.4.0-SNAPSHOT
[INFO] ------------------------------------------------------------------------
[INFO] 
[INFO] --- maven-enforcer-plugin:1.0:enforce (enforce-maven) @ okhttp-urlconnection ---
[INFO] 
[INFO] --- maven-resources-plugin:2.6:resources (default-resources) @ okhttp-urlconnection ---
[INFO] Using 'UTF-8' encoding to copy filtered resources.
[INFO] skip non existing resourceDirectory /home/travis/build/failed/square/okhttp/okhttp-urlconnection/src/main/resources
[INFO] 
[INFO] --- maven-compiler-plugin:3.0:compile (default-compile) @ okhttp-urlconnection ---
[INFO] Changes detected - recompiling the module!
[INFO] Compiling 12 source files to /home/travis/build/failed/square/okhttp/okhttp-urlconnection/target/classes
[WARNING] /home/travis/build/failed/square/okhttp/okhttp-urlconnection/src/main/java/okhttp3/internal/huc/HttpURLConnectionImpl.java: Some input files use or override a deprecated API.
[WARNING] /home/travis/build/failed/square/okhttp/okhttp-urlconnection/src/main/java/okhttp3/internal/huc/HttpURLConnectionImpl.java: Recompile with -Xlint:deprecation for details.
[INFO] 
[INFO] --- maven-resources-plugin:2.6:testResources (default-testResources) @ okhttp-urlconnection ---
[INFO] Using 'UTF-8' encoding to copy filtered resources.
[INFO] skip non existing resourceDirectory /home/travis/build/failed/square/okhttp/okhttp-urlconnection/src/test/resources
[INFO] 
[INFO] --- maven-compiler-plugin:3.0:testCompile (default-testCompile) @ okhttp-urlconnection ---
[INFO] Changes detected - recompiling the module!
[INFO] Compiling 3 source files to /home/travis/build/failed/square/okhttp/okhttp-urlconnection/target/test-classes
[WARNING] /home/travis/build/failed/square/okhttp/okhttp-urlconnection/src/test/java/okhttp3/internal/huc/URLEncodingTest.java: Some input files use or override a deprecated API.
[WARNING] /home/travis/build/failed/square/okhttp/okhttp-urlconnection/src/test/java/okhttp3/internal/huc/URLEncodingTest.java: Recompile with -Xlint:deprecation for details.
[INFO] 
[INFO] --- maven-surefire-plugin:2.17:test (default-test) @ okhttp-urlconnection ---
[INFO] Surefire report directory: /home/travis/build/failed/square/okhttp/okhttp-urlconnection/target/surefire-reports
[INFO] Using configured provider org.apache.maven.surefire.junitcore.JUnitCoreProvider
[INFO] parallel='none', perCoreThreadCount=true, threadCount=0, useUnlimitedThreads=false, threadCountSuites=0, threadCountClasses=0, threadCountMethods=0, parallelOptimized=true

-------------------------------------------------------
 T E S T S
-------------------------------------------------------
Installing aggressive uncaught exception handler
Running okhttp3.OkUrlFactoryTest
Feb 13, 2022 2:58:15 PM okhttp3.mockwebserver.MockWebServer$3 execute
INFO: MockWebServer[54099] starting to accept connections
Feb 13, 2022 2:58:15 PM okhttp3.mockwebserver.MockWebServer$4 processOneRequest
INFO: MockWebServer[54099] received request: GET /a HTTP/1.1 and responded: HTTP/1.1 302 Redirection
Feb 13, 2022 2:58:15 PM okhttp3.mockwebserver.MockWebServer$3 acceptConnections
INFO: MockWebServer[54099] done accepting connections: Socket closed
Feb 13, 2022 2:58:15 PM okhttp3.mockwebserver.MockWebServer$3 execute
INFO: MockWebServer[53251] starting to accept connections
Feb 13, 2022 2:58:15 PM okhttp3.mockwebserver.MockWebServer$4 processOneRequest
INFO: MockWebServer[53251] received request: GET / HTTP/1.1 and responded: HTTP/1.1 404 Client Error
Feb 13, 2022 2:58:15 PM okhttp3.mockwebserver.MockWebServer$3 acceptConnections
INFO: MockWebServer[53251] done accepting connections: Socket closed
Feb 13, 2022 2:58:15 PM okhttp3.mockwebserver.MockWebServer$3 execute
INFO: MockWebServer[42877] starting to accept connections
Feb 13, 2022 2:58:15 PM okhttp3.mockwebserver.MockWebServer$4 processOneRequest
INFO: MockWebServer[42877] received request: GET / HTTP/1.1 and responded: HTTP/1.1 200 OK
Feb 13, 2022 2:58:15 PM okhttp3.mockwebserver.MockWebServer$3 acceptConnections
INFO: MockWebServer[42877] done accepting connections: Socket closed
Feb 13, 2022 2:58:15 PM okhttp3.mockwebserver.MockWebServer$3 execute
INFO: MockWebServer[49405] starting to accept connections
Feb 13, 2022 2:58:15 PM okhttp3.mockwebserver.MockWebServer$3 execute
INFO: MockWebServer[41649] starting to accept connections
Feb 13, 2022 2:58:16 PM okhttp3.mockwebserver.MockWebServer$FramedSocketHandler onStream
INFO: MockWebServer[49405] received request: GET / HTTP/1.1 and responded: HTTP/1.1 302 Redirection protocol is h2
Feb 13, 2022 2:58:16 PM okhttp3.mockwebserver.MockWebServer$4 processOneRequest
INFO: MockWebServer[41649] received request: GET / HTTP/1.1 and responded: HTTP/1.1 200 OK
Feb 13, 2022 2:58:16 PM okhttp3.mockwebserver.MockWebServer$3 acceptConnections
INFO: MockWebServer[49405] done accepting connections: Socket closed
Feb 13, 2022 2:58:16 PM okhttp3.mockwebserver.MockWebServer$3 execute
INFO: MockWebServer[40843] starting to accept connections
Feb 13, 2022 2:58:16 PM okhttp3.mockwebserver.MockWebServer$4 processOneRequest
INFO: MockWebServer[40843] received request: GET / HTTP/1.1 and responded: HTTP/1.1 200 OK
Feb 13, 2022 2:58:16 PM okhttp3.mockwebserver.MockWebServer$4 processOneRequest
INFO: MockWebServer[40843] received request: GET / HTTP/1.1 and responded: HTTP/1.1 200 OK
Feb 13, 2022 2:58:16 PM okhttp3.mockwebserver.MockWebServer$3 acceptConnections
INFO: MockWebServer[40843] done accepting connections: Socket closed
Feb 13, 2022 2:58:16 PM okhttp3.mockwebserver.MockWebServer$3 execute
INFO: MockWebServer[33369] starting to accept connections
Feb 13, 2022 2:58:16 PM okhttp3.mockwebserver.MockWebServer$4 processOneRequest
INFO: MockWebServer[33369] received request: GET / HTTP/1.1 and responded: HTTP/1.1 200 OK
Feb 13, 2022 2:58:16 PM okhttp3.mockwebserver.MockWebServer$3 acceptConnections
INFO: MockWebServer[33369] done accepting connections: Socket closed
Feb 13, 2022 2:58:16 PM okhttp3.mockwebserver.MockWebServer$3 execute
INFO: MockWebServer[37043] starting to accept connections
Feb 13, 2022 2:58:16 PM okhttp3.mockwebserver.MockWebServer$4 processOneRequest
INFO: MockWebServer[37043] received request: GET / HTTP/1.1 and responded: HTTP/1.1 200 OK
Feb 13, 2022 2:58:16 PM okhttp3.mockwebserver.MockWebServer$4 processOneRequest
INFO: MockWebServer[37043] received request: GET / HTTP/1.1 and responded: HTTP/1.1 304 Redirection
Feb 13, 2022 2:58:16 PM okhttp3.mockwebserver.MockWebServer$3 acceptConnections
INFO: MockWebServer[37043] done accepting connections: Socket closed
Feb 13, 2022 2:58:16 PM okhttp3.mockwebserver.MockWebServer$3 execute
INFO: MockWebServer[47085] starting to accept connections
Feb 13, 2022 2:58:16 PM okhttp3.mockwebserver.MockWebServer$4 processOneRequest
INFO: MockWebServer[47085] received request: GET / HTTP/1.1 and responded: HTTP/1.1 200 OK
Feb 13, 2022 2:58:16 PM okhttp3.mockwebserver.MockWebServer$3 acceptConnections
INFO: MockWebServer[47085] done accepting connections: Socket closed
Feb 13, 2022 2:58:16 PM okhttp3.mockwebserver.MockWebServer$3 execute
INFO: MockWebServer[47229] starting to accept connections
Feb 13, 2022 2:58:16 PM okhttp3.mockwebserver.MockWebServer$4 processOneRequest
INFO: MockWebServer[47229] received request: GET / HTTP/1.1 and responded: HTTP/1.1 407 Client Error
Feb 13, 2022 2:58:16 PM okhttp3.mockwebserver.MockWebServer$3 acceptConnections
INFO: MockWebServer[47229] done accepting connections: Socket closed
Feb 13, 2022 2:58:16 PM okhttp3.mockwebserver.MockWebServer$3 execute
INFO: MockWebServer[40821] starting to accept connections
Feb 13, 2022 2:58:16 PM okhttp3.mockwebserver.MockWebServer$4 processOneRequest
INFO: MockWebServer[40821] received request: GET /b HTTP/1.1 and responded: HTTP/1.1 200 OK
Feb 13, 2022 2:58:16 PM okhttp3.mockwebserver.MockWebServer$3 acceptConnections
INFO: MockWebServer[40821] done accepting connections: Socket closed
Tests run: 10, Failures: 1, Errors: 0, Skipped: 0, Time elapsed: 1.468 sec <<< FAILURE! - in okhttp3.OkUrlFactoryTest
testURLFilterRedirect(okhttp3.OkUrlFactoryTest)  Time elapsed: 0.976 sec  <<< FAILURE!
java.lang.AssertionError: Connection was successful
	at org.junit.Assert.fail(Assert.java:88)
	at okhttp3.OkUrlFactoryTest.testURLFilterRedirect(OkUrlFactoryTest.java:209)

Running okhttp3.UrlConnectionCacheTest
Feb 13, 2022 2:58:16 PM okhttp3.mockwebserver.MockWebServer$3 execute
INFO: MockWebServer[43275] starting to accept connections
Feb 13, 2022 2:58:16 PM okhttp3.mockwebserver.MockWebServer$3 execute
INFO: MockWebServer[53519] starting to accept connections
Feb 13, 2022 2:58:16 PM okhttp3.mockwebserver.MockWebServer$3 acceptConnections
INFO: MockWebServer[53519] done accepting connections: Socket closed
Feb 13, 2022 2:58:16 PM okhttp3.mockwebserver.MockWebServer$3 acceptConnections
INFO: MockWebServer[43275] done accepting connections: Socket closed
Feb 13, 2022 2:58:16 PM okhttp3.mockwebserver.MockWebServer$3 execute
INFO: MockWebServer[50547] starting to accept connections
Feb 13, 2022 2:58:16 PM okhttp3.mockwebserver.MockWebServer$3 execute
INFO: MockWebServer[48519] starting to accept connections
Feb 13, 2022 2:58:16 PM okhttp3.mockwebserver.MockWebServer$4 processOneRequest
INFO: MockWebServer[48519] received request: GET /a HTTP/1.1 and responded: HTTP/1.1 200 OK
Feb 13, 2022 2:58:16 PM okhttp3.mockwebserver.MockWebServer$4 processOneRequest
INFO: MockWebServer[48519] received request: GET /a HTTP/1.1 and responded: HTTP/1.1 304 Redirection
Feb 13, 2022 2:58:16 PM okhttp3.mockwebserver.MockWebServer$3 acceptConnections
INFO: MockWebServer[48519] done accepting connections: Socket closed
Feb 13, 2022 2:58:16 PM okhttp3.mockwebserver.MockWebServer$3 acceptConnections
INFO: MockWebServer[50547] done accepting connections: Socket closed
Feb 13, 2022 2:58:16 PM okhttp3.mockwebserver.MockWebServer$3 execute
INFO: MockWebServer[51393] starting to accept connections
Feb 13, 2022 2:58:16 PM okhttp3.mockwebserver.MockWebServer$3 execute
INFO: MockWebServer[58555] starting to accept connections
Feb 13, 2022 2:58:16 PM okhttp3.mockwebserver.MockWebServer$4 processOneRequest
INFO: MockWebServer[58555] received request: GET / HTTP/1.1 and responded: HTTP/1.1 200 OK
Feb 13, 2022 2:58:16 PM okhttp3.mockwebserver.MockWebServer$4 processOneRequest
INFO: MockWebServer[58555] received request: GET / HTTP/1.1 and responded: HTTP/1.1 304 Redirection
Feb 13, 2022 2:58:16 PM okhttp3.mockwebserver.MockWebServer$4 processOneRequest
INFO: MockWebServer[58555] received request: GET / HTTP/1.1 and responded: HTTP/1.1 304 Redirection
Feb 13, 2022 2:58:16 PM okhttp3.mockwebserver.MockWebServer$3 acceptConnections
INFO: MockWebServer[58555] done accepting connections: Socket closed
Feb 13, 2022 2:58:16 PM okhttp3.mockwebserver.MockWebServer$3 acceptConnections
INFO: MockWebServer[51393] done accepting connections: Socket closed
Feb 13, 2022 2:58:16 PM okhttp3.mockwebserver.MockWebServer$3 execute
INFO: MockWebServer[46067] starting to accept connections
Feb 13, 2022 2:58:16 PM okhttp3.mockwebserver.MockWebServer$3 execute
INFO: MockWebServer[33529] starting to accept connections
Feb 13, 2022 2:58:16 PM okhttp3.mockwebserver.MockWebServer$4 processOneRequest
INFO: MockWebServer[33529] received request: GET / HTTP/1.1 and responded: HTTP/1.1 200 OK
Feb 13, 2022 2:58:16 PM okhttp3.mockwebserver.MockWebServer$3 acceptConnections
INFO: MockWebServer[33529] done accepting connections: Socket closed
Feb 13, 2022 2:58:16 PM okhttp3.mockwebserver.MockWebServer$3 acceptConnections
INFO: MockWebServer[46067] done accepting connections: Socket closed
Feb 13, 2022 2:58:16 PM okhttp3.mockwebserver.MockWebServer$3 execute
INFO: MockWebServer[55443] starting to accept connections
Feb 13, 2022 2:58:16 PM okhttp3.mockwebserver.MockWebServer$3 execute
INFO: MockWebServer[56739] starting to accept connections
Feb 13, 2022 2:58:16 PM okhttp3.mockwebserver.MockWebServer$4 processOneRequest
INFO: MockWebServer[56739] received request: GET /foo HTTP/1.1 and responded: HTTP/1.1 200 OK
Feb 13, 2022 2:58:16 PM okhttp3.mockwebserver.MockWebServer$4 processOneRequest
INFO: MockWebServer[56739] received request: GET /bar HTTP/1.1 and responded: HTTP/1.1 200 OK
Feb 13, 2022 2:58:16 PM okhttp3.mockwebserver.MockWebServer$3 acceptConnections
INFO: MockWebServer[56739] done accepting connections: Socket closed
Feb 13, 2022 2:58:16 PM okhttp3.mockwebserver.MockWebServer$3 acceptConnections
INFO: MockWebServer[55443] done accepting connections: Socket closed
Feb 13, 2022 2:58:16 PM okhttp3.mockwebserver.MockWebServer$3 execute
INFO: MockWebServer[49503] starting to accept connections
Feb 13, 2022 2:58:16 PM okhttp3.mockwebserver.MockWebServer$3 execute
INFO: MockWebServer[34737] starting to accept connections
Feb 13, 2022 2:58:16 PM okhttp3.mockwebserver.MockWebServer$4 processOneRequest
INFO: MockWebServer[34737] received request: POST / HTTP/1.1 and responded: HTTP/1.1 200 OK
Feb 13, 2022 2:58:16 PM okhttp3.mockwebserver.MockWebServer$4 processOneRequest
INFO: MockWebServer[34737] received request: GET / HTTP/1.1 and responded: HTTP/1.1 200 OK
Feb 13, 2022 2:58:16 PM okhttp3.mockwebserver.MockWebServer$3 acceptConnections
INFO: MockWebServer[34737] done accepting connections: Socket closed
Feb 13, 2022 2:58:16 PM okhttp3.mockwebserver.MockWebServer$3 acceptConnections
INFO: MockWebServer[49503] done accepting connections: Socket closed
Feb 13, 2022 2:58:16 PM okhttp3.mockwebserver.MockWebServer$3 execute
INFO: MockWebServer[34791] starting to accept connections
Feb 13, 2022 2:58:16 PM okhttp3.mockwebserver.MockWebServer$3 execute
INFO: MockWebServer[52899] starting to accept connections
Feb 13, 2022 2:58:17 PM okhttp3.mockwebserver.MockWebServer$4 processOneRequest
INFO: MockWebServer[52899] received request: GET / HTTP/1.1 and responded: HTTP/1.1 200 OK
Feb 13, 2022 2:58:17 PM okhttp3.mockwebserver.MockWebServer$3 acceptConnections
INFO: MockWebServer[52899] done accepting connections: Socket closed
Feb 13, 2022 2:58:17 PM okhttp3.mockwebserver.MockWebServer$3 acceptConnections
INFO: MockWebServer[34791] done accepting connections: Socket closed
Feb 13, 2022 2:58:17 PM okhttp3.mockwebserver.MockWebServer$3 execute
INFO: MockWebServer[46985] starting to accept connections
Feb 13, 2022 2:58:17 PM okhttp3.mockwebserver.MockWebServer$3 execute
INFO: MockWebServer[45735] starting to accept connections
Feb 13, 2022 2:58:17 PM okhttp3.mockwebserver.MockWebServer$4 processOneRequest
INFO: MockWebServer[45735] received request: GET / HTTP/1.1 and responded: HTTP/1.1 200 OK
Feb 13, 2022 2:58:17 PM okhttp3.mockwebserver.MockWebServer$3 acceptConnections
INFO: MockWebServer[45735] done accepting connections: Socket closed
Feb 13, 2022 2:58:18 PM okhttp3.mockwebserver.MockWebServer$4 processOneRequest
INFO: MockWebServer[45735] received request: GET / HTTP/1.1 and responded: HTTP/1.1 200 OK
Feb 13, 2022 2:58:18 PM okhttp3.mockwebserver.MockWebServer$4 processConnection
WARNING: MockWebServer[45735] connection from /127.0.0.1 didn't make a request
Feb 13, 2022 2:58:18 PM okhttp3.mockwebserver.MockWebServer$3 acceptConnections
INFO: MockWebServer[46985] done accepting connections: Socket closed
Feb 13, 2022 2:58:18 PM okhttp3.mockwebserver.MockWebServer$3 execute
INFO: MockWebServer[51859] starting to accept connections
Feb 13, 2022 2:58:18 PM okhttp3.mockwebserver.MockWebServer$3 execute
INFO: MockWebServer[57639] starting to accept connections
Feb 13, 2022 2:58:18 PM okhttp3.mockwebserver.MockWebServer$4 processOneRequest
INFO: MockWebServer[57639] received request: GET / HTTP/1.1 and responded: HTTP/1.1 200 OK
Feb 13, 2022 2:58:18 PM okhttp3.mockwebserver.MockWebServer$3 acceptConnections
INFO: MockWebServer[57639] done accepting connections: Socket closed
Feb 13, 2022 2:58:18 PM okhttp3.mockwebserver.MockWebServer$3 acceptConnections
INFO: MockWebServer[51859] done accepting connections: Socket closed
Feb 13, 2022 2:58:18 PM okhttp3.mockwebserver.MockWebServer$3 execute
INFO: MockWebServer[56659] starting to accept connections
Feb 13, 2022 2:58:18 PM okhttp3.mockwebserver.MockWebServer$3 execute
INFO: MockWebServer[53021] starting to accept connections
Feb 13, 2022 2:58:18 PM okhttp3.mockwebserver.MockWebServer$4 processOneRequest
INFO: MockWebServer[53021] received request: GET /?foo=bar HTTP/1.1 and responded: HTTP/1.1 200 OK
Feb 13, 2022 2:58:18 PM okhttp3.mockwebserver.MockWebServer$4 processOneRequest
INFO: MockWebServer[53021] received request: GET /?foo=bar HTTP/1.1 and responded: HTTP/1.1 200 OK
Feb 13, 2022 2:58:18 PM okhttp3.mockwebserver.MockWebServer$3 acceptConnections
INFO: MockWebServer[53021] done accepting connections: Socket closed
Feb 13, 2022 2:58:18 PM okhttp3.mockwebserver.MockWebServer$3 acceptConnections
INFO: MockWebServer[56659] done accepting connections: Socket closed
Feb 13, 2022 2:58:18 PM okhttp3.mockwebserver.MockWebServer$3 execute
INFO: MockWebServer[38921] starting to accept connections
Feb 13, 2022 2:58:18 PM okhttp3.mockwebserver.MockWebServer$3 execute
INFO: MockWebServer[42229] starting to accept connections
Feb 13, 2022 2:58:18 PM okhttp3.mockwebserver.MockWebServer$4 processOneRequest
INFO: MockWebServer[42229] received request: GET / HTTP/1.1 and responded: HTTP/1.1 200 OK
Feb 13, 2022 2:58:18 PM okhttp3.mockwebserver.MockWebServer$3 acceptConnections
INFO: MockWebServer[42229] done accepting connections: Socket closed
Feb 13, 2022 2:58:18 PM okhttp3.mockwebserver.MockWebServer$3 acceptConnections
INFO: MockWebServer[38921] done accepting connections: Socket closed
Feb 13, 2022 2:58:18 PM okhttp3.mockwebserver.MockWebServer$3 execute
INFO: MockWebServer[40199] starting to accept connections
Feb 13, 2022 2:58:18 PM okhttp3.mockwebserver.MockWebServer$3 execute
INFO: MockWebServer[46329] starting to accept connections
Feb 13, 2022 2:58:18 PM okhttp3.mockwebserver.MockWebServer$4 processOneRequest
INFO: MockWebServer[46329] received request: GET / HTTP/1.1 and responded: HTTP/1.1 200 OK
Feb 13, 2022 2:58:18 PM okhttp3.mockwebserver.MockWebServer$4 processOneRequest
INFO: MockWebServer[46329] received request: GET / HTTP/1.1 and responded: HTTP/1.1 200 OK
Feb 13, 2022 2:58:18 PM okhttp3.mockwebserver.MockWebServer$3 acceptConnections
INFO: MockWebServer[46329] done accepting connections: Socket closed
Feb 13, 2022 2:58:18 PM okhttp3.mockwebserver.MockWebServer$3 acceptConnections
INFO: MockWebServer[40199] done accepting connections: Socket closed
Feb 13, 2022 2:58:18 PM okhttp3.mockwebserver.MockWebServer$3 execute
INFO: MockWebServer[47081] starting to accept connections
Feb 13, 2022 2:58:18 PM okhttp3.mockwebserver.MockWebServer$3 execute
INFO: MockWebServer[55609] starting to accept connections
Feb 13, 2022 2:58:18 PM okhttp3.mockwebserver.MockWebServer$4 processOneRequest
INFO: MockWebServer[55609] received request: GET / HTTP/1.1 and responded: HTTP/1.1 200 Fantastic
Feb 13, 2022 2:58:18 PM okhttp3.mockwebserver.MockWebServer$3 acceptConnections
INFO: MockWebServer[55609] done accepting connections: Socket closed
Feb 13, 2022 2:58:18 PM okhttp3.mockwebserver.MockWebServer$3 acceptConnections
INFO: MockWebServer[47081] done accepting connections: Socket closed
Feb 13, 2022 2:58:18 PM okhttp3.mockwebserver.MockWebServer$3 execute
INFO: MockWebServer[37313] starting to accept connections
Feb 13, 2022 2:58:18 PM okhttp3.mockwebserver.MockWebServer$3 execute
INFO: MockWebServer[50497] starting to accept connections
Feb 13, 2022 2:58:18 PM okhttp3.mockwebserver.MockWebServer$4 processOneRequest
INFO: MockWebServer[50497] received request: GET / HTTP/1.1 and responded: HTTP/1.1 304 Redirection
Feb 13, 2022 2:58:18 PM okhttp3.mockwebserver.MockWebServer$3 acceptConnections
INFO: MockWebServer[50497] done accepting connections: Socket closed
Feb 13, 2022 2:58:18 PM okhttp3.mockwebserver.MockWebServer$3 acceptConnections
INFO: MockWebServer[37313] done accepting connections: Socket closed
Feb 13, 2022 2:58:18 PM okhttp3.mockwebserver.MockWebServer$3 execute
INFO: MockWebServer[50439] starting to accept connections
Feb 13, 2022 2:58:18 PM okhttp3.mockwebserver.MockWebServer$3 execute
INFO: MockWebServer[53815] starting to accept connections
Feb 13, 2022 2:58:18 PM okhttp3.mockwebserver.MockWebServer$4 processOneRequest
INFO: MockWebServer[53815] received request: GET / HTTP/1.1 and responded: HTTP/1.1 200 OK
Feb 13, 2022 2:58:18 PM okhttp3.mockwebserver.MockWebServer$4 processOneRequest
INFO: MockWebServer[53815] received request: GET / HTTP/1.1 and responded: HTTP/1.1 200 OK
Feb 13, 2022 2:58:18 PM okhttp3.mockwebserver.MockWebServer$3 acceptConnections
INFO: MockWebServer[53815] done accepting connections: Socket closed
Feb 13, 2022 2:58:18 PM okhttp3.mockwebserver.MockWebServer$3 acceptConnections
INFO: MockWebServer[50439] done accepting connections: Socket closed
Feb 13, 2022 2:58:18 PM okhttp3.mockwebserver.MockWebServer$3 execute
INFO: MockWebServer[39029] starting to accept connections
Feb 13, 2022 2:58:18 PM okhttp3.mockwebserver.MockWebServer$3 execute
INFO: MockWebServer[60587] starting to accept connections
Feb 13, 2022 2:58:18 PM okhttp3.mockwebserver.MockWebServer$4 processOneRequest
INFO: MockWebServer[60587] received request: GET / HTTP/1.1 and responded: HTTP/1.1 200 OK
Feb 13, 2022 2:58:18 PM okhttp3.mockwebserver.MockWebServer$4 processOneRequest
INFO: MockWebServer[60587] received request: GET / HTTP/1.1 and responded: HTTP/1.1 200 OK
Feb 13, 2022 2:58:18 PM okhttp3.mockwebserver.MockWebServer$3 acceptConnections
INFO: MockWebServer[60587] done accepting connections: Socket closed
Feb 13, 2022 2:58:18 PM okhttp3.mockwebserver.MockWebServer$3 acceptConnections
INFO: MockWebServer[39029] done accepting connections: Socket closed
Feb 13, 2022 2:58:18 PM okhttp3.mockwebserver.MockWebServer$3 execute
INFO: MockWebServer[44555] starting to accept connections
Feb 13, 2022 2:58:18 PM okhttp3.mockwebserver.MockWebServer$3 execute
INFO: MockWebServer[44949] starting to accept connections
Feb 13, 2022 2:58:18 PM okhttp3.mockwebserver.MockWebServer$4 processOneRequest
INFO: MockWebServer[44949] received request: PUT / HTTP/1.1 and responded: HTTP/1.1 200 OK
Feb 13, 2022 2:58:18 PM okhttp3.mockwebserver.MockWebServer$4 processOneRequest
INFO: MockWebServer[44949] received request: GET / HTTP/1.1 and responded: HTTP/1.1 200 OK
Feb 13, 2022 2:58:18 PM okhttp3.mockwebserver.MockWebServer$3 acceptConnections
INFO: MockWebServer[44949] done accepting connections: Socket closed
Feb 13, 2022 2:58:18 PM okhttp3.mockwebserver.MockWebServer$3 acceptConnections
INFO: MockWebServer[44555] done accepting connections: Socket closed
Feb 13, 2022 2:58:18 PM okhttp3.mockwebserver.MockWebServer$3 execute
INFO: MockWebServer[34105] starting to accept connections
Feb 13, 2022 2:58:18 PM okhttp3.mockwebserver.MockWebServer$3 execute
INFO: MockWebServer[34001] starting to accept connections
Feb 13, 2022 2:58:18 PM okhttp3.mockwebserver.MockWebServer$4 processOneRequest
INFO: MockWebServer[34001] received request: GET / HTTP/1.1 and responded: HTTP/1.1 200 OK
Feb 13, 2022 2:58:18 PM okhttp3.mockwebserver.MockWebServer$3 acceptConnections
INFO: MockWebServer[34001] done accepting connections: Socket closed
Feb 13, 2022 2:58:18 PM okhttp3.mockwebserver.MockWebServer$3 acceptConnections
INFO: MockWebServer[34105] done accepting connections: Socket closed
Feb 13, 2022 2:58:18 PM okhttp3.mockwebserver.MockWebServer$3 execute
INFO: MockWebServer[36507] starting to accept connections
Feb 13, 2022 2:58:18 PM okhttp3.mockwebserver.MockWebServer$3 execute
INFO: MockWebServer[33317] starting to accept connections
Feb 13, 2022 2:58:18 PM okhttp3.mockwebserver.MockWebServer$4 processOneRequest
INFO: MockWebServer[33317] received request: GET / HTTP/1.1 and responded: HTTP/1.1 206 OK
Feb 13, 2022 2:58:18 PM okhttp3.mockwebserver.MockWebServer$4 processOneRequest
INFO: MockWebServer[33317] received request: GET / HTTP/1.1 and responded: HTTP/1.1 200 OK
Feb 13, 2022 2:58:18 PM okhttp3.mockwebserver.MockWebServer$3 acceptConnections
INFO: MockWebServer[33317] done accepting connections: Socket closed
Feb 13, 2022 2:58:18 PM okhttp3.mockwebserver.MockWebServer$3 acceptConnections
INFO: MockWebServer[36507] done accepting connections: Socket closed
Feb 13, 2022 2:58:18 PM okhttp3.mockwebserver.MockWebServer$3 execute
INFO: MockWebServer[33249] starting to accept connections
Feb 13, 2022 2:58:18 PM okhttp3.mockwebserver.MockWebServer$3 execute
INFO: MockWebServer[49019] starting to accept connections
Feb 13, 2022 2:58:18 PM okhttp3.mockwebserver.MockWebServer$4 processOneRequest
INFO: MockWebServer[49019] received request: GET /valid HTTP/1.1 and responded: HTTP/1.1 200 A-OK
Feb 13, 2022 2:58:18 PM okhttp3.mockwebserver.MockWebServer$4 processOneRequest
INFO: MockWebServer[49019] received request: GET /valid HTTP/1.1 and responded: HTTP/1.1 304 Redirection
Feb 13, 2022 2:58:18 PM okhttp3.mockwebserver.MockWebServer$4 processOneRequest
INFO: MockWebServer[49019] received request: GET /invalid HTTP/1.1 and responded: HTTP/1.1 200 B-OK
Feb 13, 2022 2:58:18 PM okhttp3.mockwebserver.MockWebServer$4 processOneRequest
INFO: MockWebServer[49019] received request: GET /invalid HTTP/1.1 and responded: HTTP/1.1 200 C-OK
Feb 13, 2022 2:58:18 PM okhttp3.mockwebserver.MockWebServer$3 acceptConnections
INFO: MockWebServer[49019] done accepting connections: Socket closed
Feb 13, 2022 2:58:18 PM okhttp3.mockwebserver.MockWebServer$3 acceptConnections
INFO: MockWebServer[33249] done accepting connections: Socket closed
Feb 13, 2022 2:58:18 PM okhttp3.mockwebserver.MockWebServer$3 execute
INFO: MockWebServer[40261] starting to accept connections
Feb 13, 2022 2:58:18 PM okhttp3.mockwebserver.MockWebServer$3 execute
INFO: MockWebServer[53801] starting to accept connections
Feb 13, 2022 2:58:18 PM okhttp3.mockwebserver.MockWebServer$4 processOneRequest
INFO: MockWebServer[53801] received request: GET / HTTP/1.1 and responded: HTTP/1.1 200 OK
Feb 13, 2022 2:58:18 PM okhttp3.mockwebserver.MockWebServer$3 acceptConnections
INFO: MockWebServer[53801] done accepting connections: Socket closed
Feb 13, 2022 2:58:18 PM okhttp3.mockwebserver.MockWebServer$3 acceptConnections
INFO: MockWebServer[40261] done accepting connections: Socket closed
Feb 13, 2022 2:58:18 PM okhttp3.mockwebserver.MockWebServer$3 execute
INFO: MockWebServer[39283] starting to accept connections
Feb 13, 2022 2:58:18 PM okhttp3.mockwebserver.MockWebServer$3 execute
INFO: MockWebServer[52157] starting to accept connections
Feb 13, 2022 2:58:18 PM okhttp3.mockwebserver.MockWebServer$4 processOneRequest
INFO: MockWebServer[52157] received request: GET / HTTP/1.1 and responded: HTTP/1.1 200 OK
Feb 13, 2022 2:58:18 PM okhttp3.mockwebserver.MockWebServer$4 processOneRequest
INFO: MockWebServer[52157] received request: GET / HTTP/1.1 and responded: HTTP/1.1 200 OK
Feb 13, 2022 2:58:18 PM okhttp3.mockwebserver.MockWebServer$3 acceptConnections
INFO: MockWebServer[52157] done accepting connections: Socket closed
Feb 13, 2022 2:58:18 PM okhttp3.mockwebserver.MockWebServer$3 acceptConnections
INFO: MockWebServer[39283] done accepting connections: Socket closed
Feb 13, 2022 2:58:18 PM okhttp3.mockwebserver.MockWebServer$3 execute
INFO: MockWebServer[36295] starting to accept connections
Feb 13, 2022 2:58:18 PM okhttp3.mockwebserver.MockWebServer$3 execute
INFO: MockWebServer[58679] starting to accept connections
Feb 13, 2022 2:58:18 PM okhttp3.mockwebserver.MockWebServer$3 acceptConnections
INFO: MockWebServer[58679] done accepting connections: Socket closed
Feb 13, 2022 2:58:18 PM okhttp3.mockwebserver.MockWebServer$3 acceptConnections
INFO: MockWebServer[36295] done accepting connections: Socket closed
Feb 13, 2022 2:58:18 PM okhttp3.mockwebserver.MockWebServer$3 execute
INFO: MockWebServer[50643] starting to accept connections
Feb 13, 2022 2:58:18 PM okhttp3.mockwebserver.MockWebServer$3 execute
INFO: MockWebServer[39581] starting to accept connections
Feb 13, 2022 2:58:18 PM okhttp3.mockwebserver.MockWebServer$4 processOneRequest
INFO: MockWebServer[39581] received request: HEAD / HTTP/1.1 and responded: HTTP/1.1 200 OK
Feb 13, 2022 2:58:18 PM okhttp3.mockwebserver.MockWebServer$4 processOneRequest
INFO: MockWebServer[39581] received request: GET / HTTP/1.1 and responded: HTTP/1.1 200 OK
Feb 13, 2022 2:58:18 PM okhttp3.mockwebserver.MockWebServer$3 acceptConnections
INFO: MockWebServer[39581] done accepting connections: Socket closed
Feb 13, 2022 2:58:18 PM okhttp3.mockwebserver.MockWebServer$3 acceptConnections
INFO: MockWebServer[50643] done accepting connections: Socket closed
Feb 13, 2022 2:58:18 PM okhttp3.mockwebserver.MockWebServer$3 execute
INFO: MockWebServer[42789] starting to accept connections
Feb 13, 2022 2:58:18 PM okhttp3.mockwebserver.MockWebServer$3 execute
INFO: MockWebServer[50225] starting to accept connections
Feb 13, 2022 2:58:18 PM okhttp3.mockwebserver.MockWebServer$4 processOneRequest
INFO: MockWebServer[50225] received request: GET / HTTP/1.1 and responded: HTTP/1.1 200 OK
Feb 13, 2022 2:58:18 PM okhttp3.mockwebserver.MockWebServer$4 processOneRequest
INFO: MockWebServer[50225] received request: GET / HTTP/1.1 and responded: HTTP/1.1 304 Redirection
Feb 13, 2022 2:58:18 PM okhttp3.mockwebserver.MockWebServer$3 acceptConnections
INFO: MockWebServer[50225] done accepting connections: Socket closed
Feb 13, 2022 2:58:18 PM okhttp3.mockwebserver.MockWebServer$3 acceptConnections
INFO: MockWebServer[42789] done accepting connections: Socket closed
Feb 13, 2022 2:58:18 PM okhttp3.mockwebserver.MockWebServer$3 execute
INFO: MockWebServer[34095] starting to accept connections
Feb 13, 2022 2:58:18 PM okhttp3.mockwebserver.MockWebServer$3 execute
INFO: MockWebServer[50779] starting to accept connections
Feb 13, 2022 2:58:18 PM okhttp3.mockwebserver.MockWebServer$4 processOneRequest
INFO: MockWebServer[50779] received request: GET / HTTP/1.1 and responded: HTTP/1.1 200 OK
Feb 13, 2022 2:58:18 PM okhttp3.mockwebserver.MockWebServer$4 processOneRequest
INFO: MockWebServer[50779] received request: GET / HTTP/1.1 and responded: HTTP/1.1 200 OK
Feb 13, 2022 2:58:18 PM okhttp3.mockwebserver.MockWebServer$3 acceptConnections
INFO: MockWebServer[50779] done accepting connections: Socket closed
Feb 13, 2022 2:58:18 PM okhttp3.mockwebserver.MockWebServer$3 acceptConnections
INFO: MockWebServer[34095] done accepting connections: Socket closed
Feb 13, 2022 2:58:19 PM okhttp3.mockwebserver.MockWebServer$3 execute
INFO: MockWebServer[37989] starting to accept connections
Feb 13, 2022 2:58:19 PM okhttp3.mockwebserver.MockWebServer$3 execute
INFO: MockWebServer[59001] starting to accept connections
Feb 13, 2022 2:58:19 PM okhttp3.mockwebserver.MockWebServer$3 acceptConnections
INFO: MockWebServer[59001] done accepting connections: Socket closed
Feb 13, 2022 2:58:19 PM okhttp3.mockwebserver.MockWebServer$3 acceptConnections
INFO: MockWebServer[37989] done accepting connections: Socket closed
Feb 13, 2022 2:58:19 PM okhttp3.mockwebserver.MockWebServer$3 execute
INFO: MockWebServer[49883] starting to accept connections
Feb 13, 2022 2:58:19 PM okhttp3.mockwebserver.MockWebServer$3 execute
INFO: MockWebServer[40845] starting to accept connections
Feb 13, 2022 2:58:19 PM okhttp3.mockwebserver.MockWebServer$4 processOneRequest
INFO: MockWebServer[40845] received request: GET / HTTP/1.1 and responded: HTTP/1.1 200 OK
Feb 13, 2022 2:58:19 PM okhttp3.mockwebserver.MockWebServer$3 acceptConnections
INFO: MockWebServer[40845] done accepting connections: Socket closed
Feb 13, 2022 2:58:20 PM okhttp3.mockwebserver.MockWebServer$4 processOneRequest
INFO: MockWebServer[40845] received request: GET / HTTP/1.1 and responded: HTTP/1.1 200 OK
Feb 13, 2022 2:58:20 PM okhttp3.mockwebserver.MockWebServer$3 acceptConnections
INFO: MockWebServer[49883] done accepting connections: Socket closed
Feb 13, 2022 2:58:20 PM okhttp3.mockwebserver.MockWebServer$3 execute
INFO: MockWebServer[53241] starting to accept connections
Feb 13, 2022 2:58:20 PM okhttp3.mockwebserver.MockWebServer$3 execute
INFO: MockWebServer[40271] starting to accept connections
Feb 13, 2022 2:58:20 PM okhttp3.mockwebserver.MockWebServer$4 processOneRequest
INFO: MockWebServer[40271] received request: GET / HTTP/1.1 and responded: HTTP/1.1 200 OK
Feb 13, 2022 2:58:20 PM okhttp3.mockwebserver.MockWebServer$4 processOneRequest
INFO: MockWebServer[40271] received request: GET / HTTP/1.1 and responded: HTTP/1.1 200 OK
Feb 13, 2022 2:58:20 PM okhttp3.mockwebserver.MockWebServer$3 acceptConnections
INFO: MockWebServer[40271] done accepting connections: Socket closed
Feb 13, 2022 2:58:20 PM okhttp3.mockwebserver.MockWebServer$3 acceptConnections
INFO: MockWebServer[53241] done accepting connections: Socket closed
Feb 13, 2022 2:58:20 PM okhttp3.mockwebserver.MockWebServer$3 execute
INFO: MockWebServer[35371] starting to accept connections
Feb 13, 2022 2:58:20 PM okhttp3.mockwebserver.MockWebServer$3 execute
INFO: MockWebServer[59271] starting to accept connections
Feb 13, 2022 2:58:20 PM okhttp3.mockwebserver.MockWebServer$4 processOneRequest
INFO: MockWebServer[59271] received request: GET / HTTP/1.1 and responded: HTTP/1.1 200 OK
Feb 13, 2022 2:58:20 PM okhttp3.mockwebserver.MockWebServer$4 processOneRequest
INFO: MockWebServer[59271] received request: GET / HTTP/1.1 and responded: HTTP/1.1 304 Redirection
Feb 13, 2022 2:58:20 PM okhttp3.mockwebserver.MockWebServer$3 acceptConnections
INFO: MockWebServer[59271] done accepting connections: Socket closed
Feb 13, 2022 2:58:20 PM okhttp3.mockwebserver.MockWebServer$3 acceptConnections
INFO: MockWebServer[35371] done accepting connections: Socket closed
Feb 13, 2022 2:58:20 PM okhttp3.mockwebserver.MockWebServer$3 execute
INFO: MockWebServer[49377] starting to accept connections
Feb 13, 2022 2:58:20 PM okhttp3.mockwebserver.MockWebServer$3 execute
INFO: MockWebServer[41779] starting to accept connections
Feb 13, 2022 2:58:20 PM okhttp3.mockwebserver.MockWebServer$4 processOneRequest
INFO: MockWebServer[41779] received request: GET / HTTP/1.1 and responded: HTTP/1.1 301 Redirection
Feb 13, 2022 2:58:20 PM okhttp3.mockwebserver.MockWebServer$FramedSocketHandler onStream
INFO: MockWebServer[49377] received request: GET / HTTP/1.1 and responded: HTTP/1.1 200 OK protocol is h2
Feb 13, 2022 2:58:20 PM okhttp3.mockwebserver.MockWebServer$3 acceptConnections
INFO: MockWebServer[41779] done accepting connections: Socket closed
Feb 13, 2022 2:58:20 PM okhttp3.mockwebserver.MockWebServer$3 acceptConnections
INFO: MockWebServer[49377] done accepting connections: Socket closed
Feb 13, 2022 2:58:20 PM okhttp3.mockwebserver.MockWebServer$3 execute
INFO: MockWebServer[56861] starting to accept connections
Feb 13, 2022 2:58:20 PM okhttp3.mockwebserver.MockWebServer$3 execute
INFO: MockWebServer[60645] starting to accept connections
Feb 13, 2022 2:58:20 PM okhttp3.mockwebserver.MockWebServer$4 processOneRequest
INFO: MockWebServer[60645] received request: GET / HTTP/1.1 and responded: HTTP/1.1 200 OK
Feb 13, 2022 2:58:20 PM okhttp3.mockwebserver.MockWebServer$4 processOneRequest
INFO: MockWebServer[60645] received request: GET / HTTP/1.1 and responded: HTTP/1.1 304 Redirection
Feb 13, 2022 2:58:20 PM okhttp3.mockwebserver.MockWebServer$3 acceptConnections
INFO: MockWebServer[60645] done accepting connections: Socket closed
Feb 13, 2022 2:58:20 PM okhttp3.mockwebserver.MockWebServer$3 acceptConnections
INFO: MockWebServer[56861] done accepting connections: Socket closed
Feb 13, 2022 2:58:20 PM okhttp3.mockwebserver.MockWebServer$3 execute
INFO: MockWebServer[43869] starting to accept connections
Feb 13, 2022 2:58:20 PM okhttp3.mockwebserver.MockWebServer$3 execute
INFO: MockWebServer[50869] starting to accept connections
Feb 13, 2022 2:58:21 PM okhttp3.mockwebserver.MockWebServer$4 processOneRequest
INFO: MockWebServer[50869] received request: GET / HTTP/1.1 and responded: HTTP/1.1 200 OK
Feb 13, 2022 2:58:21 PM okhttp3.mockwebserver.MockWebServer$3 acceptConnections
INFO: MockWebServer[50869] done accepting connections: Socket closed
Feb 13, 2022 2:58:22 PM okhttp3.mockwebserver.MockWebServer$4 processOneRequest
INFO: MockWebServer[50869] received request: GET / HTTP/1.1 and responded: HTTP/1.1 200 OK
Feb 13, 2022 2:58:22 PM okhttp3.mockwebserver.MockWebServer$3 acceptConnections
INFO: MockWebServer[43869] done accepting connections: Socket closed
Feb 13, 2022 2:58:22 PM okhttp3.mockwebserver.MockWebServer$3 execute
INFO: MockWebServer[47679] starting to accept connections
Feb 13, 2022 2:58:22 PM okhttp3.mockwebserver.MockWebServer$3 execute
INFO: MockWebServer[58701] starting to accept connections
Feb 13, 2022 2:58:22 PM okhttp3.mockwebserver.MockWebServer$4 processOneRequest
INFO: MockWebServer[58701] received request: GET / HTTP/1.1 and responded: HTTP/1.1 200 OK
Feb 13, 2022 2:58:22 PM okhttp3.mockwebserver.MockWebServer$4 processOneRequest
INFO: MockWebServer[58701] received request: GET / HTTP/1.1 and responded: HTTP/1.1 200 OK
Feb 13, 2022 2:58:22 PM okhttp3.mockwebserver.MockWebServer$3 acceptConnections
INFO: MockWebServer[58701] done accepting connections: Socket closed
Feb 13, 2022 2:58:22 PM okhttp3.mockwebserver.MockWebServer$3 acceptConnections
INFO: MockWebServer[47679] done accepting connections: Socket closed
Feb 13, 2022 2:58:22 PM okhttp3.mockwebserver.MockWebServer$3 execute
INFO: MockWebServer[57351] starting to accept connections
Feb 13, 2022 2:58:22 PM okhttp3.mockwebserver.MockWebServer$3 execute
INFO: MockWebServer[60463] starting to accept connections
Feb 13, 2022 2:58:22 PM okhttp3.mockwebserver.MockWebServer$4 processOneRequest
INFO: MockWebServer[60463] received request: GET /a HTTP/1.1 and responded: HTTP/1.1 200 OK
Feb 13, 2022 2:58:22 PM okhttp3.mockwebserver.MockWebServer$4 processOneRequest
INFO: MockWebServer[60463] received request: GET /a HTTP/1.1 and responded: HTTP/1.1 304 Redirection
Feb 13, 2022 2:58:22 PM okhttp3.mockwebserver.MockWebServer$4 processOneRequest
INFO: MockWebServer[60463] received request: GET /b HTTP/1.1 and responded: HTTP/1.1 200 OK
Feb 13, 2022 2:58:22 PM okhttp3.mockwebserver.MockWebServer$3 acceptConnections
INFO: MockWebServer[60463] done accepting connections: Socket closed
Feb 13, 2022 2:58:22 PM okhttp3.mockwebserver.MockWebServer$3 acceptConnections
INFO: MockWebServer[57351] done accepting connections: Socket closed
Feb 13, 2022 2:58:22 PM okhttp3.mockwebserver.MockWebServer$3 execute
INFO: MockWebServer[53173] starting to accept connections
Feb 13, 2022 2:58:22 PM okhttp3.mockwebserver.MockWebServer$3 execute
INFO: MockWebServer[38415] starting to accept connections
Feb 13, 2022 2:58:22 PM okhttp3.mockwebserver.MockWebServer$4 processOneRequest
INFO: MockWebServer[38415] received request: GET / HTTP/1.1 and responded: HTTP/1.1 200 OK
Feb 13, 2022 2:58:22 PM okhttp3.mockwebserver.MockWebServer$4 processOneRequest
INFO: MockWebServer[38415] received request: GET / HTTP/1.1 and responded: HTTP/1.1 200 OK
Feb 13, 2022 2:58:22 PM okhttp3.mockwebserver.MockWebServer$3 acceptConnections
INFO: MockWebServer[38415] done accepting connections: Socket closed
Feb 13, 2022 2:58:22 PM okhttp3.mockwebserver.MockWebServer$3 acceptConnections
INFO: MockWebServer[53173] done accepting connections: Socket closed
Feb 13, 2022 2:58:22 PM okhttp3.mockwebserver.MockWebServer$3 execute
INFO: MockWebServer[44391] starting to accept connections
Feb 13, 2022 2:58:22 PM okhttp3.mockwebserver.MockWebServer$3 execute
INFO: MockWebServer[53749] starting to accept connections
Feb 13, 2022 2:58:22 PM okhttp3.mockwebserver.MockWebServer$4 processOneRequest
INFO: MockWebServer[53749] received request: GET / HTTP/1.1 and responded: HTTP/1.1 200 OK
Feb 13, 2022 2:58:22 PM okhttp3.mockwebserver.MockWebServer$4 processOneRequest
INFO: MockWebServer[53749] received request: GET / HTTP/1.1 and responded: HTTP/1.1 200 OK
Feb 13, 2022 2:58:22 PM okhttp3.mockwebserver.MockWebServer$3 acceptConnections
INFO: MockWebServer[53749] done accepting connections: Socket closed
Feb 13, 2022 2:58:22 PM okhttp3.mockwebserver.MockWebServer$3 acceptConnections
INFO: MockWebServer[44391] done accepting connections: Socket closed
Feb 13, 2022 2:58:22 PM okhttp3.mockwebserver.MockWebServer$3 execute
INFO: MockWebServer[43673] starting to accept connections
Feb 13, 2022 2:58:22 PM okhttp3.mockwebserver.MockWebServer$3 execute
INFO: MockWebServer[38093] starting to accept connections
Feb 13, 2022 2:58:22 PM okhttp3.mockwebserver.MockWebServer$4 processOneRequest
INFO: MockWebServer[38093] received request: GET / HTTP/1.1 and responded: HTTP/1.1 200 OK
Feb 13, 2022 2:58:22 PM okhttp3.mockwebserver.MockWebServer$4 processOneRequest
INFO: MockWebServer[38093] received request: GET / HTTP/1.1 and responded: HTTP/1.1 304 Redirection
Feb 13, 2022 2:58:22 PM okhttp3.mockwebserver.MockWebServer$3 acceptConnections
INFO: MockWebServer[38093] done accepting connections: Socket closed
Feb 13, 2022 2:58:22 PM okhttp3.mockwebserver.MockWebServer$3 acceptConnections
INFO: MockWebServer[43673] done accepting connections: Socket closed
Feb 13, 2022 2:58:22 PM okhttp3.mockwebserver.MockWebServer$3 execute
INFO: MockWebServer[50521] starting to accept connections
Feb 13, 2022 2:58:22 PM okhttp3.mockwebserver.MockWebServer$3 execute
INFO: MockWebServer[57509] starting to accept connections
Feb 13, 2022 2:58:22 PM okhttp3.mockwebserver.MockWebServer$4 processOneRequest
INFO: MockWebServer[57509] received request: GET / HTTP/1.1 and responded: HTTP/1.1 200 OK
Feb 13, 2022 2:58:22 PM okhttp3.mockwebserver.MockWebServer$4 processOneRequest
INFO: MockWebServer[57509] received request: DELETE / HTTP/1.1 and responded: HTTP/1.1 200 OK
Feb 13, 2022 2:58:22 PM okhttp3.mockwebserver.MockWebServer$4 processOneRequest
INFO: MockWebServer[57509] received request: GET / HTTP/1.1 and responded: HTTP/1.1 200 OK
Feb 13, 2022 2:58:22 PM okhttp3.mockwebserver.MockWebServer$3 acceptConnections
INFO: MockWebServer[57509] done accepting connections: Socket closed
Feb 13, 2022 2:58:22 PM okhttp3.mockwebserver.MockWebServer$3 acceptConnections
INFO: MockWebServer[50521] done accepting connections: Socket closed
Feb 13, 2022 2:58:22 PM okhttp3.mockwebserver.MockWebServer$3 execute
INFO: MockWebServer[37145] starting to accept connections
Feb 13, 2022 2:58:22 PM okhttp3.mockwebserver.MockWebServer$3 execute
INFO: MockWebServer[47005] starting to accept connections
Feb 13, 2022 2:58:22 PM okhttp3.mockwebserver.MockWebServer$4 processOneRequest
INFO: MockWebServer[47005] received request: GET / HTTP/1.1 and responded: HTTP/1.1 304 Redirection
Feb 13, 2022 2:58:22 PM okhttp3.mockwebserver.MockWebServer$3 acceptConnections
INFO: MockWebServer[47005] done accepting connections: Socket closed
Feb 13, 2022 2:58:22 PM okhttp3.mockwebserver.MockWebServer$3 acceptConnections
INFO: MockWebServer[37145] done accepting connections: Socket closed
Feb 13, 2022 2:58:22 PM okhttp3.mockwebserver.MockWebServer$3 execute
INFO: MockWebServer[43821] starting to accept connections
Feb 13, 2022 2:58:22 PM okhttp3.mockwebserver.MockWebServer$3 execute
INFO: MockWebServer[45911] starting to accept connections
Feb 13, 2022 2:58:22 PM okhttp3.mockwebserver.MockWebServer$4 processOneRequest
INFO: MockWebServer[45911] received request: GET / HTTP/1.1 and responded: HTTP/1.1 200 OK
Feb 13, 2022 2:58:22 PM okhttp3.mockwebserver.MockWebServer$4 processOneRequest
INFO: MockWebServer[45911] received request: GET / HTTP/1.1 and responded: HTTP/1.1 304 Redirection
Feb 13, 2022 2:58:22 PM okhttp3.mockwebserver.MockWebServer$3 acceptConnections
INFO: MockWebServer[45911] done accepting connections: Socket closed
Feb 13, 2022 2:58:22 PM okhttp3.mockwebserver.MockWebServer$3 acceptConnections
INFO: MockWebServer[43821] done accepting connections: Socket closed
Feb 13, 2022 2:58:22 PM okhttp3.mockwebserver.MockWebServer$3 execute
INFO: MockWebServer[36937] starting to accept connections
Feb 13, 2022 2:58:22 PM okhttp3.mockwebserver.MockWebServer$3 execute
INFO: MockWebServer[37985] starting to accept connections
Feb 13, 2022 2:58:22 PM okhttp3.mockwebserver.MockWebServer$4 processOneRequest
INFO: MockWebServer[37985] received request: GET / HTTP/1.1 and responded: HTTP/1.1 200 OK
Feb 13, 2022 2:58:22 PM okhttp3.mockwebserver.MockWebServer$3 acceptConnections
INFO: MockWebServer[37985] done accepting connections: Socket closed
Feb 13, 2022 2:58:22 PM okhttp3.mockwebserver.MockWebServer$3 acceptConnections
INFO: MockWebServer[36937] done accepting connections: Socket closed
Feb 13, 2022 2:58:22 PM okhttp3.mockwebserver.MockWebServer$3 execute
INFO: MockWebServer[46375] starting to accept connections
Feb 13, 2022 2:58:22 PM okhttp3.mockwebserver.MockWebServer$3 execute
INFO: MockWebServer[42233] starting to accept connections
Feb 13, 2022 2:58:22 PM okhttp3.mockwebserver.MockWebServer$4 processOneRequest
INFO: MockWebServer[42233] received request: GET /valid HTTP/1.1 and responded: HTTP/1.1 200 A-OK
Feb 13, 2022 2:58:22 PM okhttp3.mockwebserver.MockWebServer$4 processOneRequest
INFO: MockWebServer[42233] received request: GET /valid HTTP/1.1 and responded: HTTP/1.1 304 Redirection
Feb 13, 2022 2:58:22 PM okhttp3.mockwebserver.MockWebServer$4 processOneRequest
INFO: MockWebServer[42233] received request: GET /invalid HTTP/1.1 and responded: HTTP/1.1 200 B-OK
Feb 13, 2022 2:58:22 PM okhttp3.mockwebserver.MockWebServer$4 processOneRequest
INFO: MockWebServer[42233] received request: GET /invalid HTTP/1.1 and responded: HTTP/1.1 200 C-OK
Feb 13, 2022 2:58:22 PM okhttp3.mockwebserver.MockWebServer$3 acceptConnections
INFO: MockWebServer[42233] done accepting connections: Socket closed
Feb 13, 2022 2:58:22 PM okhttp3.mockwebserver.MockWebServer$3 acceptConnections
INFO: MockWebServer[46375] done accepting connections: Socket closed
Feb 13, 2022 2:58:22 PM okhttp3.mockwebserver.MockWebServer$3 execute
INFO: MockWebServer[40187] starting to accept connections
Feb 13, 2022 2:58:22 PM okhttp3.mockwebserver.MockWebServer$3 execute
INFO: MockWebServer[33425] starting to accept connections
Feb 13, 2022 2:58:22 PM okhttp3.mockwebserver.MockWebServer$4 processOneRequest
INFO: MockWebServer[33425] received request: GET / HTTP/1.1 and responded: HTTP/1.1 200 OK
Feb 13, 2022 2:58:22 PM okhttp3.mockwebserver.MockWebServer$4 processOneRequest
INFO: MockWebServer[33425] received request: GET / HTTP/1.1 and responded: HTTP/1.1 200 OK
Feb 13, 2022 2:58:23 PM okhttp3.mockwebserver.MockWebServer$3 acceptConnections
INFO: MockWebServer[33425] done accepting connections: Socket closed
Feb 13, 2022 2:58:23 PM okhttp3.mockwebserver.MockWebServer$3 acceptConnections
INFO: MockWebServer[40187] done accepting connections: Socket closed
Feb 13, 2022 2:58:23 PM okhttp3.mockwebserver.MockWebServer$3 execute
INFO: MockWebServer[40467] starting to accept connections
Feb 13, 2022 2:58:23 PM okhttp3.mockwebserver.MockWebServer$3 execute
INFO: MockWebServer[46695] starting to accept connections
Feb 13, 2022 2:58:23 PM okhttp3.mockwebserver.MockWebServer$4 processOneRequest
INFO: MockWebServer[46695] received request: GET / HTTP/1.1 and responded: HTTP/1.1 200 OK
Feb 13, 2022 2:58:23 PM okhttp3.mockwebserver.MockWebServer$4 processOneRequest
INFO: MockWebServer[46695] received request: GET / HTTP/1.1 and responded: HTTP/1.1 304 Redirection
Feb 13, 2022 2:58:23 PM okhttp3.mockwebserver.MockWebServer$3 acceptConnections
INFO: MockWebServer[46695] done accepting connections: Socket closed
Feb 13, 2022 2:58:23 PM okhttp3.mockwebserver.MockWebServer$3 acceptConnections
INFO: MockWebServer[40467] done accepting connections: Socket closed
Feb 13, 2022 2:58:23 PM okhttp3.mockwebserver.MockWebServer$3 execute
INFO: MockWebServer[58343] starting to accept connections
Feb 13, 2022 2:58:23 PM okhttp3.mockwebserver.MockWebServer$3 execute
INFO: MockWebServer[36755] starting to accept connections
Feb 13, 2022 2:58:23 PM okhttp3.mockwebserver.MockWebServer$4 processOneRequest
INFO: MockWebServer[36755] received request: GET / HTTP/1.1 and responded: HTTP/1.1 200 OK
Feb 13, 2022 2:58:23 PM okhttp3.mockwebserver.MockWebServer$4 processOneRequest
INFO: MockWebServer[36755] received request: GET / HTTP/1.1 and responded: HTTP/1.1 200 OK
Feb 13, 2022 2:58:23 PM okhttp3.mockwebserver.MockWebServer$4 processOneRequest
INFO: MockWebServer[36755] received request: GET / HTTP/1.1 and responded: HTTP/1.1 200 OK
Feb 13, 2022 2:58:23 PM okhttp3.mockwebserver.MockWebServer$3 acceptConnections
INFO: MockWebServer[36755] done accepting connections: Socket closed
Feb 13, 2022 2:58:23 PM okhttp3.mockwebserver.MockWebServer$3 acceptConnections
INFO: MockWebServer[58343] done accepting connections: Socket closed
Feb 13, 2022 2:58:23 PM okhttp3.mockwebserver.MockWebServer$3 execute
INFO: MockWebServer[59311] starting to accept connections
Feb 13, 2022 2:58:23 PM okhttp3.mockwebserver.MockWebServer$3 execute
INFO: MockWebServer[44149] starting to accept connections
Feb 13, 2022 2:58:23 PM okhttp3.mockwebserver.MockWebServer$4 processOneRequest
INFO: MockWebServer[44149] received request: GET /valid HTTP/1.1 and responded: HTTP/1.1 200 A-OK
Feb 13, 2022 2:58:23 PM okhttp3.mockwebserver.MockWebServer$4 processOneRequest
INFO: MockWebServer[44149] received request: GET /valid HTTP/1.1 and responded: HTTP/1.1 304 Redirection
Feb 13, 2022 2:58:23 PM okhttp3.mockwebserver.MockWebServer$4 processOneRequest
INFO: MockWebServer[44149] received request: GET /invalid HTTP/1.1 and responded: HTTP/1.1 200 B-OK
Feb 13, 2022 2:58:23 PM okhttp3.mockwebserver.MockWebServer$4 processOneRequest
INFO: MockWebServer[44149] received request: GET /invalid HTTP/1.1 and responded: HTTP/1.1 200 C-OK
Feb 13, 2022 2:58:23 PM okhttp3.mockwebserver.MockWebServer$3 acceptConnections
INFO: MockWebServer[44149] done accepting connections: Socket closed
Feb 13, 2022 2:58:23 PM okhttp3.mockwebserver.MockWebServer$3 acceptConnections
INFO: MockWebServer[59311] done accepting connections: Socket closed
Feb 13, 2022 2:58:23 PM okhttp3.mockwebserver.MockWebServer$3 execute
INFO: MockWebServer[38419] starting to accept connections
Feb 13, 2022 2:58:23 PM okhttp3.mockwebserver.MockWebServer$3 execute
INFO: MockWebServer[52107] starting to accept connections
Feb 13, 2022 2:58:23 PM okhttp3.mockwebserver.MockWebServer$4 processOneRequest
INFO: MockWebServer[52107] received request: GET / HTTP/1.1 and responded: HTTP/1.1 200 OK
Feb 13, 2022 2:58:23 PM okhttp3.mockwebserver.MockWebServer$3 acceptConnections
INFO: MockWebServer[52107] done accepting connections: Socket closed
Feb 13, 2022 2:58:23 PM okhttp3.mockwebserver.MockWebServer$3 acceptConnections
INFO: MockWebServer[38419] done accepting connections: Socket closed
Feb 13, 2022 2:58:23 PM okhttp3.mockwebserver.MockWebServer$3 execute
INFO: MockWebServer[36687] starting to accept connections
Feb 13, 2022 2:58:23 PM okhttp3.mockwebserver.MockWebServer$3 execute
INFO: MockWebServer[49121] starting to accept connections
Feb 13, 2022 2:58:23 PM okhttp3.mockwebserver.MockWebServer$4 processOneRequest
INFO: MockWebServer[49121] received request: GET / HTTP/1.1 and responded: HTTP/1.1 206 OK
Feb 13, 2022 2:58:23 PM okhttp3.mockwebserver.MockWebServer$4 processOneRequest
INFO: MockWebServer[49121] received request: GET / HTTP/1.1 and responded: HTTP/1.1 200 OK
Feb 13, 2022 2:58:23 PM okhttp3.mockwebserver.MockWebServer$3 acceptConnections
INFO: MockWebServer[49121] done accepting connections: Socket closed
Feb 13, 2022 2:58:23 PM okhttp3.mockwebserver.MockWebServer$3 acceptConnections
INFO: MockWebServer[36687] done accepting connections: Socket closed
Feb 13, 2022 2:58:23 PM okhttp3.mockwebserver.MockWebServer$3 execute
INFO: MockWebServer[34721] starting to accept connections
Feb 13, 2022 2:58:23 PM okhttp3.mockwebserver.MockWebServer$3 execute
INFO: MockWebServer[55843] starting to accept connections
Feb 13, 2022 2:58:23 PM okhttp3.mockwebserver.MockWebServer$4 processOneRequest
INFO: MockWebServer[55843] received request: OPTIONS / HTTP/1.1 and responded: HTTP/1.1 200 OK
Feb 13, 2022 2:58:23 PM okhttp3.mockwebserver.MockWebServer$4 processOneRequest
INFO: MockWebServer[55843] received request: GET / HTTP/1.1 and responded: HTTP/1.1 200 OK
Feb 13, 2022 2:58:23 PM okhttp3.mockwebserver.MockWebServer$3 acceptConnections
INFO: MockWebServer[55843] done accepting connections: Socket closed
Feb 13, 2022 2:58:23 PM okhttp3.mockwebserver.MockWebServer$3 acceptConnections
INFO: MockWebServer[34721] done accepting connections: Socket closed
Feb 13, 2022 2:58:23 PM okhttp3.mockwebserver.MockWebServer$3 execute
INFO: MockWebServer[38265] starting to accept connections
Feb 13, 2022 2:58:23 PM okhttp3.mockwebserver.MockWebServer$3 execute
INFO: MockWebServer[52819] starting to accept connections
Feb 13, 2022 2:58:23 PM okhttp3.mockwebserver.MockWebServer$4 processOneRequest
INFO: MockWebServer[52819] received request: GET /foo HTTP/1.1 and responded: HTTP/1.1 200 OK
Feb 13, 2022 2:58:23 PM okhttp3.mockwebserver.MockWebServer$4 processOneRequest
INFO: MockWebServer[52819] received request: GET /bar HTTP/1.1 and responded: HTTP/1.1 301 Redirection
Feb 13, 2022 2:58:23 PM okhttp3.mockwebserver.MockWebServer$4 processOneRequest
INFO: MockWebServer[52819] received request: GET /baz HTTP/1.1 and responded: HTTP/1.1 200 OK
Feb 13, 2022 2:58:23 PM okhttp3.mockwebserver.MockWebServer$3 acceptConnections
INFO: MockWebServer[52819] done accepting connections: Socket closed
Feb 13, 2022 2:58:23 PM okhttp3.mockwebserver.MockWebServer$3 acceptConnections
INFO: MockWebServer[38265] done accepting connections: Socket closed
Feb 13, 2022 2:58:23 PM okhttp3.mockwebserver.MockWebServer$3 execute
INFO: MockWebServer[34791] starting to accept connections
Feb 13, 2022 2:58:23 PM okhttp3.mockwebserver.MockWebServer$3 execute
INFO: MockWebServer[50181] starting to accept connections
Feb 13, 2022 2:58:23 PM okhttp3.mockwebserver.MockWebServer$4 processOneRequest
INFO: MockWebServer[50181] received request: GET / HTTP/1.1 and responded: HTTP/1.1 200 OK
Feb 13, 2022 2:58:23 PM okhttp3.mockwebserver.MockWebServer$4 processConnection
WARNING: MockWebServer[50181] connection from /127.0.0.1 didn't make a request
Feb 13, 2022 2:58:23 PM okhttp3.mockwebserver.MockWebServer$4 processOneRequest
INFO: MockWebServer[50181] received request: GET / HTTP/1.1 and responded: HTTP/1.1 200 OK
Feb 13, 2022 2:58:23 PM okhttp3.mockwebserver.MockWebServer$3 acceptConnections
INFO: MockWebServer[50181] done accepting connections: Socket closed
Feb 13, 2022 2:58:23 PM okhttp3.mockwebserver.MockWebServer$3 acceptConnections
INFO: MockWebServer[34791] done accepting connections: Socket closed
Feb 13, 2022 2:58:23 PM okhttp3.mockwebserver.MockWebServer$3 execute
INFO: MockWebServer[41705] starting to accept connections
Feb 13, 2022 2:58:23 PM okhttp3.mockwebserver.MockWebServer$3 execute
INFO: MockWebServer[56601] starting to accept connections
Feb 13, 2022 2:58:23 PM okhttp3.mockwebserver.MockWebServer$4 processOneRequest
INFO: MockWebServer[56601] received request: GET / HTTP/1.1 and responded: HTTP/1.1 200 OK
Feb 13, 2022 2:58:23 PM okhttp3.mockwebserver.MockWebServer$3 acceptConnections
INFO: MockWebServer[56601] done accepting connections: Socket closed
Feb 13, 2022 2:58:23 PM okhttp3.mockwebserver.MockWebServer$3 acceptConnections
INFO: MockWebServer[41705] done accepting connections: Socket closed
Feb 13, 2022 2:58:23 PM okhttp3.mockwebserver.MockWebServer$3 execute
INFO: MockWebServer[33145] starting to accept connections
Feb 13, 2022 2:58:23 PM okhttp3.mockwebserver.MockWebServer$3 execute
INFO: MockWebServer[36589] starting to accept connections
Feb 13, 2022 2:58:23 PM okhttp3.mockwebserver.MockWebServer$4 processOneRequest
INFO: MockWebServer[36589] received request: GET / HTTP/1.1 and responded: HTTP/1.1 200 OK
Feb 13, 2022 2:58:23 PM okhttp3.mockwebserver.MockWebServer$4 processOneRequest
INFO: MockWebServer[36589] received request: GET / HTTP/1.1 and responded: HTTP/1.1 200 OK
Feb 13, 2022 2:58:23 PM okhttp3.mockwebserver.MockWebServer$3 acceptConnections
INFO: MockWebServer[36589] done accepting connections: Socket closed
Feb 13, 2022 2:58:23 PM okhttp3.mockwebserver.MockWebServer$3 acceptConnections
INFO: MockWebServer[33145] done accepting connections: Socket closed
Feb 13, 2022 2:58:23 PM okhttp3.mockwebserver.MockWebServer$3 execute
INFO: MockWebServer[34109] starting to accept connections
Feb 13, 2022 2:58:23 PM okhttp3.mockwebserver.MockWebServer$3 execute
INFO: MockWebServer[60865] starting to accept connections
Feb 13, 2022 2:58:23 PM okhttp3.mockwebserver.MockWebServer$3 acceptConnections
INFO: MockWebServer[60865] done accepting connections: Socket closed
Feb 13, 2022 2:58:23 PM okhttp3.mockwebserver.MockWebServer$3 acceptConnections
INFO: MockWebServer[34109] done accepting connections: Socket closed
Feb 13, 2022 2:58:23 PM okhttp3.mockwebserver.MockWebServer$3 execute
INFO: MockWebServer[41881] starting to accept connections
Feb 13, 2022 2:58:23 PM okhttp3.mockwebserver.MockWebServer$3 execute
INFO: MockWebServer[40139] starting to accept connections
Feb 13, 2022 2:58:23 PM okhttp3.mockwebserver.MockWebServer$4 processOneRequest
INFO: MockWebServer[40139] received request: GET /valid HTTP/1.1 and responded: HTTP/1.1 200 A-OK
Feb 13, 2022 2:58:23 PM okhttp3.mockwebserver.MockWebServer$4 processOneRequest
INFO: MockWebServer[40139] received request: GET /valid HTTP/1.1 and responded: HTTP/1.1 304 Redirection
Feb 13, 2022 2:58:23 PM okhttp3.mockwebserver.MockWebServer$4 processOneRequest
INFO: MockWebServer[40139] received request: GET /invalid HTTP/1.1 and responded: HTTP/1.1 200 B-OK
Feb 13, 2022 2:58:23 PM okhttp3.mockwebserver.MockWebServer$4 processOneRequest
INFO: MockWebServer[40139] received request: GET /invalid HTTP/1.1 and responded: HTTP/1.1 200 C-OK
Feb 13, 2022 2:58:23 PM okhttp3.mockwebserver.MockWebServer$3 acceptConnections
INFO: MockWebServer[40139] done accepting connections: Socket closed
Feb 13, 2022 2:58:23 PM okhttp3.mockwebserver.MockWebServer$3 acceptConnections
INFO: MockWebServer[41881] done accepting connections: Socket closed
Feb 13, 2022 2:58:23 PM okhttp3.mockwebserver.MockWebServer$3 execute
INFO: MockWebServer[38575] starting to accept connections
Feb 13, 2022 2:58:23 PM okhttp3.mockwebserver.MockWebServer$3 execute
INFO: MockWebServer[41657] starting to accept connections
Feb 13, 2022 2:58:23 PM okhttp3.mockwebserver.MockWebServer$3 execute
INFO: MockWebServer[57847] starting to accept connections
Feb 13, 2022 2:58:23 PM okhttp3.mockwebserver.MockWebServer$4 processOneRequest
INFO: MockWebServer[57847] received request: GET / HTTP/1.1 and responded: HTTP/1.1 101 Informational
Feb 13, 2022 2:58:23 PM okhttp3.mockwebserver.MockWebServer$3 acceptConnections
INFO: MockWebServer[57847] done accepting connections: Socket closed
Feb 13, 2022 2:58:23 PM okhttp3.mockwebserver.MockWebServer$3 execute
INFO: MockWebServer[47087] starting to accept connections
Feb 13, 2022 2:58:23 PM okhttp3.mockwebserver.MockWebServer$4 processOneRequest
INFO: MockWebServer[47087] received request: GET / HTTP/1.1 and responded: HTTP/1.1 102 Informational
Feb 13, 2022 2:58:23 PM okhttp3.mockwebserver.MockWebServer$3 acceptConnections
INFO: MockWebServer[47087] done accepting connections: Socket closed
Feb 13, 2022 2:58:23 PM okhttp3.mockwebserver.MockWebServer$3 execute
INFO: MockWebServer[38427] starting to accept connections
Feb 13, 2022 2:58:23 PM okhttp3.mockwebserver.MockWebServer$4 processOneRequest
INFO: MockWebServer[38427] received request: GET / HTTP/1.1 and responded: HTTP/1.1 200 OK
Feb 13, 2022 2:58:23 PM okhttp3.mockwebserver.MockWebServer$3 acceptConnections
INFO: MockWebServer[38427] done accepting connections: Socket closed
Feb 13, 2022 2:58:23 PM okhttp3.mockwebserver.MockWebServer$3 execute
INFO: MockWebServer[57563] starting to accept connections
Feb 13, 2022 2:58:23 PM okhttp3.mockwebserver.MockWebServer$4 processOneRequest
INFO: MockWebServer[57563] received request: GET / HTTP/1.1 and responded: HTTP/1.1 201 OK
Feb 13, 2022 2:58:23 PM okhttp3.mockwebserver.MockWebServer$3 acceptConnections
INFO: MockWebServer[57563] done accepting connections: Socket closed
Feb 13, 2022 2:58:23 PM okhttp3.mockwebserver.MockWebServer$3 execute
INFO: MockWebServer[44205] starting to accept connections
Feb 13, 2022 2:58:23 PM okhttp3.mockwebserver.MockWebServer$4 processOneRequest
INFO: MockWebServer[44205] received request: GET / HTTP/1.1 and responded: HTTP/1.1 202 OK
Feb 13, 2022 2:58:23 PM okhttp3.mockwebserver.MockWebServer$3 acceptConnections
INFO: MockWebServer[44205] done accepting connections: Socket closed
Feb 13, 2022 2:58:23 PM okhttp3.mockwebserver.MockWebServer$3 execute
INFO: MockWebServer[40375] starting to accept connections
Feb 13, 2022 2:58:23 PM okhttp3.mockwebserver.MockWebServer$4 processOneRequest
INFO: MockWebServer[40375] received request: GET / HTTP/1.1 and responded: HTTP/1.1 203 OK
Feb 13, 2022 2:58:23 PM okhttp3.mockwebserver.MockWebServer$3 acceptConnections
INFO: MockWebServer[40375] done accepting connections: Socket closed
Feb 13, 2022 2:58:23 PM okhttp3.mockwebserver.MockWebServer$3 execute
INFO: MockWebServer[59281] starting to accept connections
Feb 13, 2022 2:58:23 PM okhttp3.mockwebserver.MockWebServer$4 processOneRequest
INFO: MockWebServer[59281] received request: GET / HTTP/1.1 and responded: HTTP/1.1 204 OK
Feb 13, 2022 2:58:23 PM okhttp3.mockwebserver.MockWebServer$3 acceptConnections
INFO: MockWebServer[41657] done accepting connections: Socket closed
Feb 13, 2022 2:58:23 PM okhttp3.mockwebserver.MockWebServer$3 acceptConnections
INFO: MockWebServer[38575] done accepting connections: Socket closed
Feb 13, 2022 2:58:23 PM okhttp3.mockwebserver.MockWebServer$3 execute
INFO: MockWebServer[45089] starting to accept connections
Feb 13, 2022 2:58:23 PM okhttp3.mockwebserver.MockWebServer$3 execute
INFO: MockWebServer[41795] starting to accept connections
Feb 13, 2022 2:58:23 PM okhttp3.mockwebserver.MockWebServer$4 processOneRequest
INFO: MockWebServer[41795] received request: GET / HTTP/1.1 and responded: HTTP/1.1 200 OK
Feb 13, 2022 2:58:23 PM okhttp3.mockwebserver.MockWebServer$4 processConnection
WARNING: MockWebServer[41795] connection from /127.0.0.1 didn't make a request
Feb 13, 2022 2:58:23 PM okhttp3.mockwebserver.MockWebServer$4 processOneRequest
INFO: MockWebServer[41795] received request: GET / HTTP/1.1 and responded: HTTP/1.1 200 OK
Feb 13, 2022 2:58:23 PM okhttp3.mockwebserver.MockWebServer$3 acceptConnections
INFO: MockWebServer[41795] done accepting connections: Socket closed
Feb 13, 2022 2:58:23 PM okhttp3.mockwebserver.MockWebServer$3 acceptConnections
INFO: MockWebServer[45089] done accepting connections: Socket closed
Feb 13, 2022 2:58:23 PM okhttp3.mockwebserver.MockWebServer$3 execute
INFO: MockWebServer[42039] starting to accept connections
Feb 13, 2022 2:58:23 PM okhttp3.mockwebserver.MockWebServer$3 execute
INFO: MockWebServer[36413] starting to accept connections
Feb 13, 2022 2:58:23 PM okhttp3.mockwebserver.MockWebServer$4 processOneRequest
INFO: MockWebServer[36413] received request: GET / HTTP/1.1 and responded: HTTP/1.1 200 OK
Feb 13, 2022 2:58:23 PM okhttp3.mockwebserver.MockWebServer$3 acceptConnections
INFO: MockWebServer[36413] done accepting connections: Socket closed
Feb 13, 2022 2:58:23 PM okhttp3.mockwebserver.MockWebServer$3 acceptConnections
INFO: MockWebServer[42039] done accepting connections: Socket closed
Feb 13, 2022 2:58:23 PM okhttp3.mockwebserver.MockWebServer$3 execute
INFO: MockWebServer[56189] starting to accept connections
Feb 13, 2022 2:58:23 PM okhttp3.mockwebserver.MockWebServer$3 execute
INFO: MockWebServer[39225] starting to accept connections
Feb 13, 2022 2:58:23 PM okhttp3.mockwebserver.MockWebServer$4 processOneRequest
INFO: MockWebServer[39225] received request: TRACE / HTTP/1.1 and responded: HTTP/1.1 200 OK
Feb 13, 2022 2:58:23 PM okhttp3.mockwebserver.MockWebServer$4 processOneRequest
INFO: MockWebServer[39225] received request: GET / HTTP/1.1 and responded: HTTP/1.1 200 OK
Feb 13, 2022 2:58:23 PM okhttp3.mockwebserver.MockWebServer$3 acceptConnections
INFO: MockWebServer[39225] done accepting connections: Socket closed
Feb 13, 2022 2:58:23 PM okhttp3.mockwebserver.MockWebServer$3 acceptConnections
INFO: MockWebServer[56189] done accepting connections: Socket closed
Feb 13, 2022 2:58:23 PM okhttp3.mockwebserver.MockWebServer$3 execute
INFO: MockWebServer[51333] starting to accept connections
Feb 13, 2022 2:58:23 PM okhttp3.mockwebserver.MockWebServer$3 execute
INFO: MockWebServer[47961] starting to accept connections
Feb 13, 2022 2:58:23 PM okhttp3.mockwebserver.MockWebServer$4 processOneRequest
INFO: MockWebServer[47961] received request: DELETE / HTTP/1.1 and responded: HTTP/1.1 200 OK
Feb 13, 2022 2:58:23 PM okhttp3.mockwebserver.MockWebServer$4 processOneRequest
INFO: MockWebServer[47961] received request: GET / HTTP/1.1 and responded: HTTP/1.1 200 OK
Feb 13, 2022 2:58:23 PM okhttp3.mockwebserver.MockWebServer$3 acceptConnections
INFO: MockWebServer[47961] done accepting connections: Socket closed
Feb 13, 2022 2:58:23 PM okhttp3.mockwebserver.MockWebServer$3 acceptConnections
INFO: MockWebServer[51333] done accepting connections: Socket closed
Feb 13, 2022 2:58:23 PM okhttp3.mockwebserver.MockWebServer$3 execute
INFO: MockWebServer[57165] starting to accept connections
Feb 13, 2022 2:58:23 PM okhttp3.mockwebserver.MockWebServer$3 execute
INFO: MockWebServer[60685] starting to accept connections
Feb 13, 2022 2:58:23 PM okhttp3.mockwebserver.MockWebServer$4 processOneRequest
INFO: MockWebServer[60685] received request: GET / HTTP/1.1 and responded: HTTP/1.1 200 OK
Feb 13, 2022 2:58:23 PM okhttp3.mockwebserver.MockWebServer$3 acceptConnections
INFO: MockWebServer[60685] done accepting connections: Socket closed
Feb 13, 2022 2:58:23 PM okhttp3.mockwebserver.MockWebServer$3 acceptConnections
INFO: MockWebServer[57165] done accepting connections: Socket closed
Feb 13, 2022 2:58:23 PM okhttp3.mockwebserver.MockWebServer$3 execute
INFO: MockWebServer[52871] starting to accept connections
Feb 13, 2022 2:58:23 PM okhttp3.mockwebserver.MockWebServer$3 execute
INFO: MockWebServer[44961] starting to accept connections
Feb 13, 2022 2:58:23 PM okhttp3.mockwebserver.MockWebServer$4 processOneRequest
INFO: MockWebServer[44961] received request: GET / HTTP/1.1 and responded: HTTP/1.1 200 OK
Feb 13, 2022 2:58:23 PM okhttp3.mockwebserver.MockWebServer$4 processOneRequest
INFO: MockWebServer[44961] received request: GET / HTTP/1.1 and responded: HTTP/1.1 304 Redirection
Feb 13, 2022 2:58:23 PM okhttp3.mockwebserver.MockWebServer$3 acceptConnections
INFO: MockWebServer[44961] done accepting connections: Socket closed
Feb 13, 2022 2:58:23 PM okhttp3.mockwebserver.MockWebServer$3 acceptConnections
INFO: MockWebServer[52871] done accepting connections: Socket closed
Feb 13, 2022 2:58:23 PM okhttp3.mockwebserver.MockWebServer$3 execute
INFO: MockWebServer[48489] starting to accept connections
Feb 13, 2022 2:58:23 PM okhttp3.mockwebserver.MockWebServer$3 execute
INFO: MockWebServer[54435] starting to accept connections
Feb 13, 2022 2:58:23 PM okhttp3.mockwebserver.MockWebServer$4 processOneRequest
INFO: MockWebServer[54435] received request: GET /valid HTTP/1.1 and responded: HTTP/1.1 200 A-OK
Feb 13, 2022 2:58:23 PM okhttp3.mockwebserver.MockWebServer$4 processOneRequest
INFO: MockWebServer[54435] received request: GET /valid HTTP/1.1 and responded: HTTP/1.1 304 Redirection
Feb 13, 2022 2:58:23 PM okhttp3.mockwebserver.MockWebServer$4 processOneRequest
INFO: MockWebServer[54435] received request: GET /invalid HTTP/1.1 and responded: HTTP/1.1 200 B-OK
Feb 13, 2022 2:58:23 PM okhttp3.mockwebserver.MockWebServer$4 processOneRequest
INFO: MockWebServer[54435] received request: GET /invalid HTTP/1.1 and responded: HTTP/1.1 200 C-OK
Feb 13, 2022 2:58:23 PM okhttp3.mockwebserver.MockWebServer$3 acceptConnections
INFO: MockWebServer[54435] done accepting connections: Socket closed
Feb 13, 2022 2:58:23 PM okhttp3.mockwebserver.MockWebServer$3 acceptConnections
INFO: MockWebServer[48489] done accepting connections: Socket closed
Feb 13, 2022 2:58:23 PM okhttp3.mockwebserver.MockWebServer$3 execute
INFO: MockWebServer[44541] starting to accept connections
Feb 13, 2022 2:58:23 PM okhttp3.mockwebserver.MockWebServer$3 execute
INFO: MockWebServer[44209] starting to accept connections
Feb 13, 2022 2:58:24 PM okhttp3.mockwebserver.MockWebServer$4 processOneRequest
INFO: MockWebServer[44209] received request: GET / HTTP/1.1 and responded: HTTP/1.1 200 OK
Feb 13, 2022 2:58:24 PM okhttp3.mockwebserver.MockWebServer$3 acceptConnections
INFO: MockWebServer[44209] done accepting connections: Socket closed
Feb 13, 2022 2:58:24 PM okhttp3.mockwebserver.MockWebServer$3 acceptConnections
INFO: MockWebServer[44541] done accepting connections: Socket closed
Feb 13, 2022 2:58:24 PM okhttp3.mockwebserver.MockWebServer$3 execute
INFO: MockWebServer[57617] starting to accept connections
Feb 13, 2022 2:58:24 PM okhttp3.mockwebserver.MockWebServer$3 execute
INFO: MockWebServer[58485] starting to accept connections
Feb 13, 2022 2:58:24 PM okhttp3.mockwebserver.MockWebServer$4 processOneRequest
INFO: MockWebServer[58485] received request: GET / HTTP/1.1 and responded: HTTP/1.1 200 Fantastic
Feb 13, 2022 2:58:24 PM okhttp3.mockwebserver.MockWebServer$3 acceptConnections
INFO: MockWebServer[58485] done accepting connections: Socket closed
Feb 13, 2022 2:58:24 PM okhttp3.mockwebserver.MockWebServer$3 acceptConnections
INFO: MockWebServer[57617] done accepting connections: Socket closed
Feb 13, 2022 2:58:24 PM okhttp3.mockwebserver.MockWebServer$3 execute
INFO: MockWebServer[33245] starting to accept connections
Feb 13, 2022 2:58:24 PM okhttp3.mockwebserver.MockWebServer$3 execute
INFO: MockWebServer[60267] starting to accept connections
Feb 13, 2022 2:58:24 PM okhttp3.mockwebserver.MockWebServer$4 processOneRequest
INFO: MockWebServer[60267] received request: GET / HTTP/1.1 and responded: HTTP/1.1 301 Redirection
Feb 13, 2022 2:58:24 PM okhttp3.mockwebserver.MockWebServer$4 processOneRequest
INFO: MockWebServer[60267] received request: GET /foo HTTP/1.1 and responded: HTTP/1.1 200 OK
Feb 13, 2022 2:58:24 PM okhttp3.mockwebserver.MockWebServer$3 acceptConnections
INFO: MockWebServer[60267] done accepting connections: Socket closed
Feb 13, 2022 2:58:24 PM okhttp3.mockwebserver.MockWebServer$3 acceptConnections
INFO: MockWebServer[33245] done accepting connections: Socket closed
Feb 13, 2022 2:58:24 PM okhttp3.mockwebserver.MockWebServer$3 execute
INFO: MockWebServer[56847] starting to accept connections
Feb 13, 2022 2:58:24 PM okhttp3.mockwebserver.MockWebServer$3 execute
INFO: MockWebServer[38331] starting to accept connections
Feb 13, 2022 2:58:24 PM okhttp3.mockwebserver.MockWebServer$4 processOneRequest
INFO: MockWebServer[38331] received request: GET / HTTP/1.1 and responded: HTTP/1.1 200 OK
Feb 13, 2022 2:58:24 PM okhttp3.mockwebserver.MockWebServer$3 acceptConnections
INFO: MockWebServer[38331] done accepting connections: Socket closed
Feb 13, 2022 2:58:24 PM okhttp3.mockwebserver.MockWebServer$3 acceptConnections
INFO: MockWebServer[56847] done accepting connections: Socket closed
Feb 13, 2022 2:58:24 PM okhttp3.mockwebserver.MockWebServer$3 execute
INFO: MockWebServer[50131] starting to accept connections
Feb 13, 2022 2:58:24 PM okhttp3.mockwebserver.MockWebServer$3 execute
INFO: MockWebServer[41739] starting to accept connections
Feb 13, 2022 2:58:24 PM okhttp3.mockwebserver.MockWebServer$4 processOneRequest
INFO: MockWebServer[41739] received request: GET / HTTP/1.1 and responded: HTTP/1.1 200 OK
Feb 13, 2022 2:58:24 PM okhttp3.mockwebserver.MockWebServer$3 acceptConnections
INFO: MockWebServer[41739] done accepting connections: Socket closed
Feb 13, 2022 2:58:24 PM okhttp3.mockwebserver.MockWebServer$3 acceptConnections
INFO: MockWebServer[50131] done accepting connections: Socket closed
Feb 13, 2022 2:58:24 PM okhttp3.mockwebserver.MockWebServer$3 execute
INFO: MockWebServer[42879] starting to accept connections
Feb 13, 2022 2:58:24 PM okhttp3.mockwebserver.MockWebServer$3 execute
INFO: MockWebServer[51599] starting to accept connections
Feb 13, 2022 2:58:24 PM okhttp3.mockwebserver.MockWebServer$4 processOneRequest
INFO: MockWebServer[51599] received request: GET / HTTP/1.1 and responded: HTTP/1.1 200 OK
Feb 13, 2022 2:58:24 PM okhttp3.mockwebserver.MockWebServer$3 acceptConnections
INFO: MockWebServer[51599] done accepting connections: Socket closed
Feb 13, 2022 2:58:24 PM okhttp3.mockwebserver.MockWebServer$3 acceptConnections
INFO: MockWebServer[42879] done accepting connections: Socket closed
Feb 13, 2022 2:58:24 PM okhttp3.mockwebserver.MockWebServer$3 execute
INFO: MockWebServer[54659] starting to accept connections
Feb 13, 2022 2:58:24 PM okhttp3.mockwebserver.MockWebServer$3 execute
INFO: MockWebServer[51635] starting to accept connections
Feb 13, 2022 2:58:24 PM okhttp3.mockwebserver.MockWebServer$4 processOneRequest
INFO: MockWebServer[51635] received request: GET / HTTP/1.1 and responded: HTTP/1.1 200 OK
Feb 13, 2022 2:58:24 PM okhttp3.mockwebserver.MockWebServer$4 processOneRequest
INFO: MockWebServer[51635] received request: POST / HTTP/1.1 and responded: HTTP/1.1 500 Server Error
Feb 13, 2022 2:58:24 PM okhttp3.mockwebserver.MockWebServer$4 processOneRequest
INFO: MockWebServer[51635] received request: GET / HTTP/1.1 and responded: HTTP/1.1 200 OK
Feb 13, 2022 2:58:24 PM okhttp3.mockwebserver.MockWebServer$3 acceptConnections
INFO: MockWebServer[51635] done accepting connections: Socket closed
Feb 13, 2022 2:58:24 PM okhttp3.mockwebserver.MockWebServer$3 acceptConnections
INFO: MockWebServer[54659] done accepting connections: Socket closed
Feb 13, 2022 2:58:24 PM okhttp3.mockwebserver.MockWebServer$3 execute
INFO: MockWebServer[60351] starting to accept connections
Feb 13, 2022 2:58:24 PM okhttp3.mockwebserver.MockWebServer$3 execute
INFO: MockWebServer[60593] starting to accept connections
Feb 13, 2022 2:58:24 PM okhttp3.mockwebserver.MockWebServer$4 processOneRequest
INFO: MockWebServer[60593] received request: GET / HTTP/1.1 and responded: HTTP/1.1 200 OK
Feb 13, 2022 2:58:24 PM okhttp3.mockwebserver.MockWebServer$3 acceptConnections
INFO: MockWebServer[60593] done accepting connections: Socket closed
Feb 13, 2022 2:58:24 PM okhttp3.mockwebserver.MockWebServer$3 acceptConnections
INFO: MockWebServer[60351] done accepting connections: Socket closed
Feb 13, 2022 2:58:24 PM okhttp3.mockwebserver.MockWebServer$3 execute
INFO: MockWebServer[56137] starting to accept connections
Feb 13, 2022 2:58:24 PM okhttp3.mockwebserver.MockWebServer$3 execute
INFO: MockWebServer[56751] starting to accept connections
Feb 13, 2022 2:58:24 PM okhttp3.mockwebserver.MockWebServer$4 processOneRequest
INFO: MockWebServer[56751] received request: GET / HTTP/1.1 and responded: HTTP/1.1 301 Redirection
Feb 13, 2022 2:58:24 PM okhttp3.mockwebserver.MockWebServer$4 processOneRequest
INFO: MockWebServer[56751] received request: GET /foo HTTP/1.1 and responded: HTTP/1.1 200 OK
Feb 13, 2022 2:58:24 PM okhttp3.mockwebserver.MockWebServer$3 acceptConnections
INFO: MockWebServer[56751] done accepting connections: Socket closed
Feb 13, 2022 2:58:24 PM okhttp3.mockwebserver.MockWebServer$3 acceptConnections
INFO: MockWebServer[56137] done accepting connections: Socket closed
Feb 13, 2022 2:58:24 PM okhttp3.mockwebserver.MockWebServer$3 execute
INFO: MockWebServer[55879] starting to accept connections
Feb 13, 2022 2:58:24 PM okhttp3.mockwebserver.MockWebServer$3 execute
INFO: MockWebServer[46563] starting to accept connections
Feb 13, 2022 2:58:24 PM okhttp3.mockwebserver.MockWebServer$4 processOneRequest
INFO: MockWebServer[46563] received request: GET /valid HTTP/1.1 and responded: HTTP/1.1 200 A-OK
Feb 13, 2022 2:58:24 PM okhttp3.mockwebserver.MockWebServer$4 processOneRequest
INFO: MockWebServer[46563] received request: GET /valid HTTP/1.1 and responded: HTTP/1.1 304 Redirection
Feb 13, 2022 2:58:24 PM okhttp3.mockwebserver.MockWebServer$4 processOneRequest
INFO: MockWebServer[46563] received request: GET /invalid HTTP/1.1 and responded: HTTP/1.1 200 B-OK
Feb 13, 2022 2:58:24 PM okhttp3.mockwebserver.MockWebServer$4 processOneRequest
INFO: MockWebServer[46563] received request: GET /invalid HTTP/1.1 and responded: HTTP/1.1 200 C-OK
Feb 13, 2022 2:58:24 PM okhttp3.mockwebserver.MockWebServer$3 acceptConnections
INFO: MockWebServer[46563] done accepting connections: Socket closed
Feb 13, 2022 2:58:24 PM okhttp3.mockwebserver.MockWebServer$3 acceptConnections
INFO: MockWebServer[55879] done accepting connections: Socket closed
Feb 13, 2022 2:58:24 PM okhttp3.mockwebserver.MockWebServer$3 execute
INFO: MockWebServer[52443] starting to accept connections
Feb 13, 2022 2:58:24 PM okhttp3.mockwebserver.MockWebServer$3 execute
INFO: MockWebServer[34539] starting to accept connections
Feb 13, 2022 2:58:24 PM okhttp3.mockwebserver.MockWebServer$4 processOneRequest
INFO: MockWebServer[34539] received request: GET / HTTP/1.1 and responded: HTTP/1.1 200 OK
Feb 13, 2022 2:58:24 PM okhttp3.mockwebserver.MockWebServer$3 acceptConnections
INFO: MockWebServer[34539] done accepting connections: Socket closed
Feb 13, 2022 2:58:24 PM okhttp3.mockwebserver.MockWebServer$3 acceptConnections
INFO: MockWebServer[52443] done accepting connections: Socket closed
Feb 13, 2022 2:58:24 PM okhttp3.mockwebserver.MockWebServer$3 execute
INFO: MockWebServer[58399] starting to accept connections
Feb 13, 2022 2:58:24 PM okhttp3.mockwebserver.MockWebServer$3 execute
INFO: MockWebServer[49077] starting to accept connections
Feb 13, 2022 2:58:24 PM okhttp3.mockwebserver.MockWebServer$4 processOneRequest
INFO: MockWebServer[49077] received request: GET / HTTP/1.1 and responded: HTTP/1.1 200 OK
Feb 13, 2022 2:58:24 PM okhttp3.mockwebserver.MockWebServer$4 processOneRequest
INFO: MockWebServer[49077] received request: GET / HTTP/1.1 and responded: HTTP/1.1 304 Redirection
Feb 13, 2022 2:58:24 PM okhttp3.mockwebserver.MockWebServer$3 acceptConnections
INFO: MockWebServer[49077] done accepting connections: Socket closed
Feb 13, 2022 2:58:24 PM okhttp3.mockwebserver.MockWebServer$3 acceptConnections
INFO: MockWebServer[58399] done accepting connections: Socket closed
Feb 13, 2022 2:58:24 PM okhttp3.mockwebserver.MockWebServer$3 execute
INFO: MockWebServer[58461] starting to accept connections
Feb 13, 2022 2:58:24 PM okhttp3.mockwebserver.MockWebServer$3 execute
INFO: MockWebServer[35963] starting to accept connections
Feb 13, 2022 2:58:24 PM okhttp3.mockwebserver.MockWebServer$4 processOneRequest
INFO: MockWebServer[35963] received request: GET / HTTP/1.1 and responded: HTTP/1.1 200 OK
Feb 13, 2022 2:58:24 PM okhttp3.mockwebserver.MockWebServer$3 acceptConnections
INFO: MockWebServer[35963] done accepting connections: Socket closed
Feb 13, 2022 2:58:24 PM okhttp3.mockwebserver.MockWebServer$3 acceptConnections
INFO: MockWebServer[58461] done accepting connections: Socket closed
Feb 13, 2022 2:58:24 PM okhttp3.mockwebserver.MockWebServer$3 execute
INFO: MockWebServer[46717] starting to accept connections
Feb 13, 2022 2:58:24 PM okhttp3.mockwebserver.MockWebServer$3 execute
INFO: MockWebServer[38167] starting to accept connections
Feb 13, 2022 2:58:24 PM okhttp3.mockwebserver.MockWebServer$4 processOneRequest
INFO: MockWebServer[38167] received request: GET / HTTP/1.1 and responded: HTTP/1.1 200 OK
Feb 13, 2022 2:58:24 PM okhttp3.mockwebserver.MockWebServer$3 acceptConnections
INFO: MockWebServer[38167] done accepting connections: Socket closed
Feb 13, 2022 2:58:24 PM okhttp3.mockwebserver.MockWebServer$3 acceptConnections
INFO: MockWebServer[46717] done accepting connections: Socket closed
Feb 13, 2022 2:58:24 PM okhttp3.mockwebserver.MockWebServer$3 execute
INFO: MockWebServer[46899] starting to accept connections
Feb 13, 2022 2:58:24 PM okhttp3.mockwebserver.MockWebServer$3 execute
INFO: MockWebServer[49165] starting to accept connections
Feb 13, 2022 2:58:24 PM okhttp3.mockwebserver.MockWebServer$4 processOneRequest
INFO: MockWebServer[49165] received request: GET / HTTP/1.1 and responded: HTTP/1.1 200 OK
Feb 13, 2022 2:58:24 PM okhttp3.mockwebserver.MockWebServer$4 processOneRequest
INFO: MockWebServer[49165] received request: GET / HTTP/1.1 and responded: HTTP/1.1 200 OK
Feb 13, 2022 2:58:24 PM okhttp3.mockwebserver.MockWebServer$3 acceptConnections
INFO: MockWebServer[49165] done accepting connections: Socket closed
Feb 13, 2022 2:58:24 PM okhttp3.mockwebserver.MockWebServer$3 acceptConnections
INFO: MockWebServer[46899] done accepting connections: Socket closed
Feb 13, 2022 2:58:24 PM okhttp3.mockwebserver.MockWebServer$3 execute
INFO: MockWebServer[43331] starting to accept connections
Feb 13, 2022 2:58:24 PM okhttp3.mockwebserver.MockWebServer$3 execute
INFO: MockWebServer[39181] starting to accept connections
Feb 13, 2022 2:58:24 PM okhttp3.mockwebserver.MockWebServer$4 processOneRequest
INFO: MockWebServer[39181] received request: GET / HTTP/1.1 and responded: HTTP/1.1 200 OK
Feb 13, 2022 2:58:24 PM okhttp3.mockwebserver.MockWebServer$3 acceptConnections
INFO: MockWebServer[39181] done accepting connections: Socket closed
Feb 13, 2022 2:58:24 PM okhttp3.mockwebserver.MockWebServer$3 acceptConnections
INFO: MockWebServer[43331] done accepting connections: Socket closed
Feb 13, 2022 2:58:24 PM okhttp3.mockwebserver.MockWebServer$3 execute
INFO: MockWebServer[53317] starting to accept connections
Feb 13, 2022 2:58:24 PM okhttp3.mockwebserver.MockWebServer$3 execute
INFO: MockWebServer[54465] starting to accept connections
Feb 13, 2022 2:58:24 PM okhttp3.mockwebserver.MockWebServer$4 processOneRequest
INFO: MockWebServer[54465] received request: GET / HTTP/1.1 and responded: HTTP/1.1 200 OK
Feb 13, 2022 2:58:24 PM okhttp3.mockwebserver.MockWebServer$3 acceptConnections
INFO: MockWebServer[54465] done accepting connections: Socket closed
Feb 13, 2022 2:58:24 PM okhttp3.mockwebserver.MockWebServer$3 acceptConnections
INFO: MockWebServer[53317] done accepting connections: Socket closed
Feb 13, 2022 2:58:24 PM okhttp3.mockwebserver.MockWebServer$3 execute
INFO: MockWebServer[39113] starting to accept connections
Feb 13, 2022 2:58:24 PM okhttp3.mockwebserver.MockWebServer$3 execute
INFO: MockWebServer[50173] starting to accept connections
Feb 13, 2022 2:58:24 PM okhttp3.mockwebserver.MockWebServer$4 processOneRequest
INFO: MockWebServer[50173] received request: GET / HTTP/1.1 and responded: HTTP/1.1 200 OK
Feb 13, 2022 2:58:24 PM okhttp3.mockwebserver.MockWebServer$3 acceptConnections
INFO: MockWebServer[50173] done accepting connections: Socket closed
Feb 13, 2022 2:58:24 PM okhttp3.mockwebserver.MockWebServer$3 acceptConnections
INFO: MockWebServer[39113] done accepting connections: Socket closed
Feb 13, 2022 2:58:24 PM okhttp3.mockwebserver.MockWebServer$3 execute
INFO: MockWebServer[57893] starting to accept connections
Feb 13, 2022 2:58:24 PM okhttp3.mockwebserver.MockWebServer$3 execute
INFO: MockWebServer[56711] starting to accept connections
Feb 13, 2022 2:58:24 PM okhttp3.mockwebserver.MockWebServer$4 processOneRequest
INFO: MockWebServer[56711] received request: GET / HTTP/1.1 and responded: HTTP/1.1 200 OK
Feb 13, 2022 2:58:24 PM okhttp3.mockwebserver.MockWebServer$3 acceptConnections
INFO: MockWebServer[56711] done accepting connections: Socket closed
Feb 13, 2022 2:58:24 PM okhttp3.mockwebserver.MockWebServer$3 acceptConnections
INFO: MockWebServer[57893] done accepting connections: Socket closed
Feb 13, 2022 2:58:24 PM okhttp3.mockwebserver.MockWebServer$3 execute
INFO: MockWebServer[54643] starting to accept connections
Feb 13, 2022 2:58:24 PM okhttp3.mockwebserver.MockWebServer$3 execute
INFO: MockWebServer[52859] starting to accept connections
Feb 13, 2022 2:58:24 PM okhttp3.mockwebserver.MockWebServer$4 processOneRequest
INFO: MockWebServer[52859] received request: GET / HTTP/1.1 and responded: HTTP/1.1 200 OK
Feb 13, 2022 2:58:24 PM okhttp3.mockwebserver.MockWebServer$3 acceptConnections
INFO: MockWebServer[52859] done accepting connections: Socket closed
Feb 13, 2022 2:58:24 PM okhttp3.mockwebserver.MockWebServer$3 acceptConnections
INFO: MockWebServer[54643] done accepting connections: Socket closed
Feb 13, 2022 2:58:24 PM okhttp3.mockwebserver.MockWebServer$3 execute
INFO: MockWebServer[36509] starting to accept connections
Feb 13, 2022 2:58:24 PM okhttp3.mockwebserver.MockWebServer$3 execute
INFO: MockWebServer[38219] starting to accept connections
Feb 13, 2022 2:58:24 PM okhttp3.mockwebserver.MockWebServer$4 processOneRequest
INFO: MockWebServer[38219] received request: GET / HTTP/1.1 and responded: HTTP/1.1 200 OK
Feb 13, 2022 2:58:24 PM okhttp3.mockwebserver.MockWebServer$3 acceptConnections
INFO: MockWebServer[38219] done accepting connections: Socket closed
Feb 13, 2022 2:58:24 PM okhttp3.mockwebserver.MockWebServer$3 acceptConnections
INFO: MockWebServer[36509] done accepting connections: Socket closed
Feb 13, 2022 2:58:24 PM okhttp3.mockwebserver.MockWebServer$3 execute
INFO: MockWebServer[48747] starting to accept connections
Feb 13, 2022 2:58:24 PM okhttp3.mockwebserver.MockWebServer$3 execute
INFO: MockWebServer[58437] starting to accept connections
Feb 13, 2022 2:58:24 PM okhttp3.mockwebserver.MockWebServer$4 processOneRequest
INFO: MockWebServer[58437] received request: GET / HTTP/1.1 and responded: HTTP/1.1 200 OK
Feb 13, 2022 2:58:24 PM okhttp3.mockwebserver.MockWebServer$3 acceptConnections
INFO: MockWebServer[58437] done accepting connections: Socket closed
Feb 13, 2022 2:58:24 PM okhttp3.mockwebserver.MockWebServer$3 acceptConnections
INFO: MockWebServer[48747] done accepting connections: Socket closed
Feb 13, 2022 2:58:24 PM okhttp3.mockwebserver.MockWebServer$3 execute
INFO: MockWebServer[47467] starting to accept connections
Feb 13, 2022 2:58:24 PM okhttp3.mockwebserver.MockWebServer$3 execute
INFO: MockWebServer[60083] starting to accept connections
Feb 13, 2022 2:58:24 PM okhttp3.mockwebserver.MockWebServer$4 processOneRequest
INFO: MockWebServer[60083] received request: GET /valid HTTP/1.1 and responded: HTTP/1.1 200 A-OK
Feb 13, 2022 2:58:24 PM okhttp3.mockwebserver.MockWebServer$4 processOneRequest
INFO: MockWebServer[60083] received request: GET /valid HTTP/1.1 and responded: HTTP/1.1 304 Redirection
Feb 13, 2022 2:58:24 PM okhttp3.mockwebserver.MockWebServer$4 processOneRequest
INFO: MockWebServer[60083] received request: GET /invalid HTTP/1.1 and responded: HTTP/1.1 200 B-OK
Feb 13, 2022 2:58:24 PM okhttp3.mockwebserver.MockWebServer$4 processOneRequest
INFO: MockWebServer[60083] received request: GET /invalid HTTP/1.1 and responded: HTTP/1.1 200 C-OK
Feb 13, 2022 2:58:24 PM okhttp3.mockwebserver.MockWebServer$3 acceptConnections
INFO: MockWebServer[60083] done accepting connections: Socket closed
Feb 13, 2022 2:58:24 PM okhttp3.mockwebserver.MockWebServer$3 acceptConnections
INFO: MockWebServer[47467] done accepting connections: Socket closed
Feb 13, 2022 2:58:24 PM okhttp3.mockwebserver.MockWebServer$3 execute
INFO: MockWebServer[37371] starting to accept connections
Feb 13, 2022 2:58:24 PM okhttp3.mockwebserver.MockWebServer$3 execute
INFO: MockWebServer[55535] starting to accept connections
Feb 13, 2022 2:58:25 PM okhttp3.mockwebserver.MockWebServer$4 processOneRequest
INFO: MockWebServer[55535] received request: GET / HTTP/1.1 and responded: HTTP/1.1 200 OK
Feb 13, 2022 2:58:25 PM okhttp3.mockwebserver.MockWebServer$4 processOneRequest
INFO: MockWebServer[55535] received request: GET / HTTP/1.1 and responded: HTTP/1.1 200 OK
Feb 13, 2022 2:58:25 PM okhttp3.mockwebserver.MockWebServer$3 acceptConnections
INFO: MockWebServer[55535] done accepting connections: Socket closed
Feb 13, 2022 2:58:25 PM okhttp3.mockwebserver.MockWebServer$3 acceptConnections
INFO: MockWebServer[37371] done accepting connections: Socket closed
Feb 13, 2022 2:58:25 PM okhttp3.mockwebserver.MockWebServer$3 execute
INFO: MockWebServer[42265] starting to accept connections
Feb 13, 2022 2:58:25 PM okhttp3.mockwebserver.MockWebServer$3 execute
INFO: MockWebServer[46367] starting to accept connections
Feb 13, 2022 2:58:25 PM okhttp3.mockwebserver.MockWebServer$4 processOneRequest
INFO: MockWebServer[46367] received request: GET /valid HTTP/1.1 and responded: HTTP/1.1 200 A-OK
Feb 13, 2022 2:58:25 PM okhttp3.mockwebserver.MockWebServer$4 processOneRequest
INFO: MockWebServer[46367] received request: GET /valid HTTP/1.1 and responded: HTTP/1.1 304 Redirection
Feb 13, 2022 2:58:25 PM okhttp3.mockwebserver.MockWebServer$4 processOneRequest
INFO: MockWebServer[46367] received request: GET /invalid HTTP/1.1 and responded: HTTP/1.1 200 B-OK
Feb 13, 2022 2:58:25 PM okhttp3.mockwebserver.MockWebServer$4 processOneRequest
INFO: MockWebServer[46367] received request: GET /invalid HTTP/1.1 and responded: HTTP/1.1 200 C-OK
Feb 13, 2022 2:58:25 PM okhttp3.mockwebserver.MockWebServer$3 acceptConnections
INFO: MockWebServer[46367] done accepting connections: Socket closed
Feb 13, 2022 2:58:25 PM okhttp3.mockwebserver.MockWebServer$3 acceptConnections
INFO: MockWebServer[42265] done accepting connections: Socket closed
Feb 13, 2022 2:58:25 PM okhttp3.mockwebserver.MockWebServer$3 execute
INFO: MockWebServer[54103] starting to accept connections
Feb 13, 2022 2:58:25 PM okhttp3.mockwebserver.MockWebServer$3 execute
INFO: MockWebServer[40377] starting to accept connections
Feb 13, 2022 2:58:25 PM okhttp3.mockwebserver.MockWebServer$4 processOneRequest
INFO: MockWebServer[40377] received request: GET / HTTP/1.1 and responded: HTTP/1.1 200 OK
Feb 13, 2022 2:58:25 PM okhttp3.mockwebserver.MockWebServer$4 processOneRequest
INFO: MockWebServer[40377] received request: GET / HTTP/1.1 and responded: HTTP/1.1 200 OK
Feb 13, 2022 2:58:25 PM okhttp3.mockwebserver.MockWebServer$3 acceptConnections
INFO: MockWebServer[40377] done accepting connections: Socket closed
Feb 13, 2022 2:58:25 PM okhttp3.mockwebserver.MockWebServer$3 acceptConnections
INFO: MockWebServer[54103] done accepting connections: Socket closed
Feb 13, 2022 2:58:25 PM okhttp3.mockwebserver.MockWebServer$3 execute
INFO: MockWebServer[50095] starting to accept connections
Feb 13, 2022 2:58:25 PM okhttp3.mockwebserver.MockWebServer$3 execute
INFO: MockWebServer[35285] starting to accept connections
Feb 13, 2022 2:58:25 PM okhttp3.mockwebserver.MockWebServer$4 processOneRequest
INFO: MockWebServer[35285] received request: GET / HTTP/1.1 and responded: HTTP/1.1 200 OK
Feb 13, 2022 2:58:25 PM okhttp3.mockwebserver.MockWebServer$4 processOneRequest
INFO: MockWebServer[35285] received request: GET / HTTP/1.1 and responded: HTTP/1.1 304 Redirection
Feb 13, 2022 2:58:25 PM okhttp3.mockwebserver.MockWebServer$4 processOneRequest
INFO: MockWebServer[35285] received request: GET / HTTP/1.1 and responded: HTTP/1.1 304 Redirection
Feb 13, 2022 2:58:25 PM okhttp3.mockwebserver.MockWebServer$3 acceptConnections
INFO: MockWebServer[35285] done accepting connections: Socket closed
Feb 13, 2022 2:58:25 PM okhttp3.mockwebserver.MockWebServer$3 acceptConnections
INFO: MockWebServer[50095] done accepting connections: Socket closed
Feb 13, 2022 2:58:25 PM okhttp3.mockwebserver.MockWebServer$3 execute
INFO: MockWebServer[46281] starting to accept connections
Feb 13, 2022 2:58:25 PM okhttp3.mockwebserver.MockWebServer$3 execute
INFO: MockWebServer[39479] starting to accept connections
Feb 13, 2022 2:58:25 PM okhttp3.mockwebserver.MockWebServer$4 processOneRequest
INFO: MockWebServer[39479] received request: GET / HTTP/1.1 and responded: HTTP/1.1 200 OK
Feb 13, 2022 2:58:25 PM okhttp3.mockwebserver.MockWebServer$4 processOneRequest
INFO: MockWebServer[39479] received request: GET / HTTP/1.1 and responded: HTTP/1.1 304 Redirection
Feb 13, 2022 2:58:25 PM okhttp3.mockwebserver.MockWebServer$4 processOneRequest
INFO: MockWebServer[39479] received request: GET / HTTP/1.1 and responded: HTTP/1.1 200 OK
Feb 13, 2022 2:58:25 PM okhttp3.mockwebserver.MockWebServer$3 acceptConnections
INFO: MockWebServer[39479] done accepting connections: Socket closed
Feb 13, 2022 2:58:25 PM okhttp3.mockwebserver.MockWebServer$3 acceptConnections
INFO: MockWebServer[46281] done accepting connections: Socket closed
Feb 13, 2022 2:58:25 PM okhttp3.mockwebserver.MockWebServer$3 execute
INFO: MockWebServer[44695] starting to accept connections
Feb 13, 2022 2:58:25 PM okhttp3.mockwebserver.MockWebServer$3 execute
INFO: MockWebServer[35749] starting to accept connections
Feb 13, 2022 2:58:25 PM okhttp3.mockwebserver.MockWebServer$4 processOneRequest
INFO: MockWebServer[35749] received request: GET / HTTP/1.1 and responded: HTTP/1.1 200 OK
Feb 13, 2022 2:58:25 PM okhttp3.mockwebserver.MockWebServer$4 processOneRequest
INFO: MockWebServer[35749] received request: GET / HTTP/1.1 and responded: HTTP/1.1 200 OK
Feb 13, 2022 2:58:25 PM okhttp3.mockwebserver.MockWebServer$3 acceptConnections
INFO: MockWebServer[35749] done accepting connections: Socket closed
Feb 13, 2022 2:58:25 PM okhttp3.mockwebserver.MockWebServer$3 acceptConnections
INFO: MockWebServer[44695] done accepting connections: Socket closed
Feb 13, 2022 2:58:25 PM okhttp3.mockwebserver.MockWebServer$3 execute
INFO: MockWebServer[42081] starting to accept connections
Feb 13, 2022 2:58:25 PM okhttp3.mockwebserver.MockWebServer$3 execute
INFO: MockWebServer[41471] starting to accept connections
Feb 13, 2022 2:58:25 PM okhttp3.mockwebserver.MockWebServer$4 processOneRequest
INFO: MockWebServer[41471] received request: GET / HTTP/1.1 and responded: HTTP/1.1 200 OK
Feb 13, 2022 2:58:25 PM okhttp3.mockwebserver.MockWebServer$4 processOneRequest
INFO: MockWebServer[41471] received request: GET / HTTP/1.1 and responded: HTTP/1.1 200 OK
Feb 13, 2022 2:58:25 PM okhttp3.mockwebserver.MockWebServer$3 acceptConnections
INFO: MockWebServer[41471] done accepting connections: Socket closed
Feb 13, 2022 2:58:25 PM okhttp3.mockwebserver.MockWebServer$3 acceptConnections
INFO: MockWebServer[42081] done accepting connections: Socket closed
Feb 13, 2022 2:58:25 PM okhttp3.mockwebserver.MockWebServer$3 execute
INFO: MockWebServer[40827] starting to accept connections
Feb 13, 2022 2:58:25 PM okhttp3.mockwebserver.MockWebServer$3 execute
INFO: MockWebServer[37075] starting to accept connections
Feb 13, 2022 2:58:25 PM okhttp3.mockwebserver.MockWebServer$4 processOneRequest
INFO: MockWebServer[37075] received request: GET / HTTP/1.1 and responded: HTTP/1.1 200 OK
Feb 13, 2022 2:58:25 PM okhttp3.mockwebserver.MockWebServer$3 acceptConnections
INFO: MockWebServer[37075] done accepting connections: Socket closed
Feb 13, 2022 2:58:25 PM okhttp3.mockwebserver.MockWebServer$3 acceptConnections
INFO: MockWebServer[40827] done accepting connections: Socket closed
Feb 13, 2022 2:58:25 PM okhttp3.mockwebserver.MockWebServer$3 execute
INFO: MockWebServer[51647] starting to accept connections
Feb 13, 2022 2:58:25 PM okhttp3.mockwebserver.MockWebServer$3 execute
INFO: MockWebServer[38899] starting to accept connections
Feb 13, 2022 2:58:25 PM okhttp3.mockwebserver.MockWebServer$4 processOneRequest
INFO: MockWebServer[38899] received request: GET / HTTP/1.1 and responded: HTTP/1.1 200 OK
Feb 13, 2022 2:58:25 PM okhttp3.mockwebserver.MockWebServer$3 acceptConnections
INFO: MockWebServer[38899] done accepting connections: Socket closed
Feb 13, 2022 2:58:25 PM okhttp3.mockwebserver.MockWebServer$3 acceptConnections
INFO: MockWebServer[51647] done accepting connections: Socket closed
Feb 13, 2022 2:58:25 PM okhttp3.mockwebserver.MockWebServer$3 execute
INFO: MockWebServer[47965] starting to accept connections
Feb 13, 2022 2:58:25 PM okhttp3.mockwebserver.MockWebServer$3 execute
INFO: MockWebServer[60411] starting to accept connections
Feb 13, 2022 2:58:25 PM okhttp3.mockwebserver.MockWebServer$4 processOneRequest
INFO: MockWebServer[60411] received request: GET / HTTP/1.1 and responded: HTTP/1.1 200 OK
Feb 13, 2022 2:58:25 PM okhttp3.mockwebserver.MockWebServer$4 processOneRequest
INFO: MockWebServer[60411] received request: GET / HTTP/1.1 and responded: HTTP/1.1 200 OK
Feb 13, 2022 2:58:25 PM okhttp3.mockwebserver.MockWebServer$3 acceptConnections
INFO: MockWebServer[60411] done accepting connections: Socket closed
Feb 13, 2022 2:58:25 PM okhttp3.mockwebserver.MockWebServer$3 acceptConnections
INFO: MockWebServer[47965] done accepting connections: Socket closed
Feb 13, 2022 2:58:25 PM okhttp3.mockwebserver.MockWebServer$3 execute
INFO: MockWebServer[44035] starting to accept connections
Feb 13, 2022 2:58:25 PM okhttp3.mockwebserver.MockWebServer$3 execute
INFO: MockWebServer[49391] starting to accept connections
Feb 13, 2022 2:58:25 PM okhttp3.mockwebserver.MockWebServer$4 processOneRequest
INFO: MockWebServer[49391] received request: GET / HTTP/1.1 and responded: HTTP/1.1 200 OK
Feb 13, 2022 2:58:25 PM okhttp3.mockwebserver.MockWebServer$3 acceptConnections
INFO: MockWebServer[49391] done accepting connections: Socket closed
Feb 13, 2022 2:58:25 PM okhttp3.mockwebserver.MockWebServer$3 acceptConnections
INFO: MockWebServer[44035] done accepting connections: Socket closed
Feb 13, 2022 2:58:25 PM okhttp3.mockwebserver.MockWebServer$3 execute
INFO: MockWebServer[51079] starting to accept connections
Feb 13, 2022 2:58:25 PM okhttp3.mockwebserver.MockWebServer$3 execute
INFO: MockWebServer[54749] starting to accept connections
Feb 13, 2022 2:58:25 PM okhttp3.mockwebserver.MockWebServer$4 processOneRequest
INFO: MockWebServer[54749] received request: GET / HTTP/1.1 and responded: HTTP/1.1 200 OK
Feb 13, 2022 2:58:25 PM okhttp3.mockwebserver.MockWebServer$4 processOneRequest
INFO: MockWebServer[54749] received request: GET / HTTP/1.1 and responded: HTTP/1.1 200 OK
Feb 13, 2022 2:58:25 PM okhttp3.mockwebserver.MockWebServer$3 acceptConnections
INFO: MockWebServer[54749] done accepting connections: Socket closed
Feb 13, 2022 2:58:25 PM okhttp3.mockwebserver.MockWebServer$3 acceptConnections
INFO: MockWebServer[51079] done accepting connections: Socket closed
Feb 13, 2022 2:58:25 PM okhttp3.mockwebserver.MockWebServer$3 execute
INFO: MockWebServer[35317] starting to accept connections
Feb 13, 2022 2:58:25 PM okhttp3.mockwebserver.MockWebServer$3 execute
INFO: MockWebServer[40937] starting to accept connections
Feb 13, 2022 2:58:25 PM okhttp3.mockwebserver.MockWebServer$4 processOneRequest
INFO: MockWebServer[40937] received request: GET / HTTP/1.1 and responded: HTTP/1.1 200 OK
Feb 13, 2022 2:58:25 PM okhttp3.mockwebserver.MockWebServer$3 acceptConnections
INFO: MockWebServer[40937] done accepting connections: Socket closed
Feb 13, 2022 2:58:25 PM okhttp3.mockwebserver.MockWebServer$3 acceptConnections
INFO: MockWebServer[35317] done accepting connections: Socket closed
Feb 13, 2022 2:58:25 PM okhttp3.mockwebserver.MockWebServer$3 execute
INFO: MockWebServer[35867] starting to accept connections
Feb 13, 2022 2:58:25 PM okhttp3.mockwebserver.MockWebServer$3 execute
INFO: MockWebServer[59291] starting to accept connections
Feb 13, 2022 2:58:25 PM okhttp3.mockwebserver.MockWebServer$4 processOneRequest
INFO: MockWebServer[59291] received request: GET / HTTP/1.1 and responded: HTTP/1.1 200 OK
Feb 13, 2022 2:58:25 PM okhttp3.mockwebserver.MockWebServer$4 processOneRequest
INFO: MockWebServer[59291] received request: GET / HTTP/1.1 and responded: HTTP/1.1 200 OK
Feb 13, 2022 2:58:25 PM okhttp3.mockwebserver.MockWebServer$3 acceptConnections
INFO: MockWebServer[59291] done accepting connections: Socket closed
Feb 13, 2022 2:58:25 PM okhttp3.mockwebserver.MockWebServer$3 acceptConnections
INFO: MockWebServer[35867] done accepting connections: Socket closed
Feb 13, 2022 2:58:25 PM okhttp3.mockwebserver.MockWebServer$3 execute
INFO: MockWebServer[56549] starting to accept connections
Feb 13, 2022 2:58:25 PM okhttp3.mockwebserver.MockWebServer$3 execute
INFO: MockWebServer[59075] starting to accept connections
Feb 13, 2022 2:58:25 PM okhttp3.mockwebserver.MockWebServer$4 processOneRequest
INFO: MockWebServer[59075] received request: GET / HTTP/1.1 and responded: HTTP/1.1 200 OK
Feb 13, 2022 2:58:25 PM okhttp3.mockwebserver.MockWebServer$4 processOneRequest
INFO: MockWebServer[59075] received request: GET / HTTP/1.1 and responded: HTTP/1.1 304 Redirection
Feb 13, 2022 2:58:25 PM okhttp3.mockwebserver.MockWebServer$3 acceptConnections
INFO: MockWebServer[59075] done accepting connections: Socket closed
Feb 13, 2022 2:58:25 PM okhttp3.mockwebserver.MockWebServer$3 acceptConnections
INFO: MockWebServer[56549] done accepting connections: Socket closed
Feb 13, 2022 2:58:25 PM okhttp3.mockwebserver.MockWebServer$3 execute
INFO: MockWebServer[33761] starting to accept connections
Feb 13, 2022 2:58:25 PM okhttp3.mockwebserver.MockWebServer$3 execute
INFO: MockWebServer[53363] starting to accept connections
Feb 13, 2022 2:58:25 PM okhttp3.mockwebserver.MockWebServer$4 processOneRequest
INFO: MockWebServer[53363] received request: GET / HTTP/1.1 and responded: HTTP/1.1 200 OK
Feb 13, 2022 2:58:25 PM okhttp3.mockwebserver.MockWebServer$4 processOneRequest
INFO: MockWebServer[53363] received request: GET / HTTP/1.1 and responded: HTTP/1.1 200 OK
Feb 13, 2022 2:58:25 PM okhttp3.mockwebserver.MockWebServer$3 acceptConnections
INFO: MockWebServer[53363] done accepting connections: Socket closed
Feb 13, 2022 2:58:25 PM okhttp3.mockwebserver.MockWebServer$3 acceptConnections
INFO: MockWebServer[33761] done accepting connections: Socket closed
Feb 13, 2022 2:58:25 PM okhttp3.mockwebserver.MockWebServer$3 execute
INFO: MockWebServer[59203] starting to accept connections
Feb 13, 2022 2:58:25 PM okhttp3.mockwebserver.MockWebServer$3 execute
INFO: MockWebServer[45991] starting to accept connections
Feb 13, 2022 2:58:25 PM okhttp3.mockwebserver.MockWebServer$4 processOneRequest
INFO: MockWebServer[45991] received request: GET / HTTP/1.1 and responded: HTTP/1.1 200 OK
Feb 13, 2022 2:58:25 PM okhttp3.mockwebserver.MockWebServer$4 processOneRequest
INFO: MockWebServer[45991] received request: POST / HTTP/1.1 and responded: HTTP/1.1 200 OK
Feb 13, 2022 2:58:26 PM okhttp3.mockwebserver.MockWebServer$4 processOneRequest
INFO: MockWebServer[45991] received request: GET / HTTP/1.1 and responded: HTTP/1.1 200 OK
Feb 13, 2022 2:58:26 PM okhttp3.mockwebserver.MockWebServer$3 acceptConnections
INFO: MockWebServer[45991] done accepting connections: Socket closed
Feb 13, 2022 2:58:26 PM okhttp3.mockwebserver.MockWebServer$3 acceptConnections
INFO: MockWebServer[59203] done accepting connections: Socket closed
Feb 13, 2022 2:58:26 PM okhttp3.mockwebserver.MockWebServer$3 execute
INFO: MockWebServer[32771] starting to accept connections
Feb 13, 2022 2:58:26 PM okhttp3.mockwebserver.MockWebServer$3 execute
INFO: MockWebServer[55649] starting to accept connections
Feb 13, 2022 2:58:26 PM okhttp3.mockwebserver.MockWebServer$4 processOneRequest
INFO: MockWebServer[55649] received request: GET / HTTP/1.1 and responded: HTTP/1.1 200 OK
Feb 13, 2022 2:58:26 PM okhttp3.mockwebserver.MockWebServer$4 processOneRequest
INFO: MockWebServer[55649] received request: PUT / HTTP/1.1 and responded: HTTP/1.1 200 OK
Feb 13, 2022 2:58:26 PM okhttp3.mockwebserver.MockWebServer$4 processOneRequest
INFO: MockWebServer[55649] received request: GET / HTTP/1.1 and responded: HTTP/1.1 200 OK
Feb 13, 2022 2:58:26 PM okhttp3.mockwebserver.MockWebServer$3 acceptConnections
INFO: MockWebServer[55649] done accepting connections: Socket closed
Feb 13, 2022 2:58:26 PM okhttp3.mockwebserver.MockWebServer$3 acceptConnections
INFO: MockWebServer[32771] done accepting connections: Socket closed
Feb 13, 2022 2:58:26 PM okhttp3.mockwebserver.MockWebServer$3 execute
INFO: MockWebServer[40193] starting to accept connections
Feb 13, 2022 2:58:26 PM okhttp3.mockwebserver.MockWebServer$3 execute
INFO: MockWebServer[55601] starting to accept connections
Feb 13, 2022 2:58:26 PM okhttp3.mockwebserver.MockWebServer$4 processOneRequest
INFO: MockWebServer[55601] received request: GET / HTTP/1.1 and responded: HTTP/1.1 200 OK
Feb 13, 2022 2:58:26 PM okhttp3.mockwebserver.MockWebServer$4 processOneRequest
INFO: MockWebServer[55601] received request: GET / HTTP/1.1 and responded: HTTP/1.1 304 Redirection
Feb 13, 2022 2:58:26 PM okhttp3.mockwebserver.MockWebServer$3 acceptConnections
INFO: MockWebServer[55601] done accepting connections: Socket closed
Feb 13, 2022 2:58:26 PM okhttp3.mockwebserver.MockWebServer$3 acceptConnections
INFO: MockWebServer[40193] done accepting connections: Socket closed
Feb 13, 2022 2:58:26 PM okhttp3.mockwebserver.MockWebServer$3 execute
INFO: MockWebServer[42137] starting to accept connections
Feb 13, 2022 2:58:26 PM okhttp3.mockwebserver.MockWebServer$3 execute
INFO: MockWebServer[50353] starting to accept connections
Feb 13, 2022 2:58:26 PM okhttp3.mockwebserver.MockWebServer$4 processOneRequest
INFO: MockWebServer[50353] received request: GET / HTTP/1.1 and responded: HTTP/1.1 200 OK
Feb 13, 2022 2:58:26 PM okhttp3.mockwebserver.MockWebServer$4 processOneRequest
INFO: MockWebServer[50353] received request: GET / HTTP/1.1 and responded: HTTP/1.1 200 OK
Feb 13, 2022 2:58:26 PM okhttp3.mockwebserver.MockWebServer$3 acceptConnections
INFO: MockWebServer[50353] done accepting connections: Socket closed
Feb 13, 2022 2:58:26 PM okhttp3.mockwebserver.MockWebServer$3 acceptConnections
INFO: MockWebServer[42137] done accepting connections: Socket closed
Feb 13, 2022 2:58:26 PM okhttp3.mockwebserver.MockWebServer$3 execute
INFO: MockWebServer[59913] starting to accept connections
Feb 13, 2022 2:58:26 PM okhttp3.mockwebserver.MockWebServer$3 execute
INFO: MockWebServer[45573] starting to accept connections
Feb 13, 2022 2:58:26 PM okhttp3.mockwebserver.MockWebServer$4 processOneRequest
INFO: MockWebServer[45573] received request: GET / HTTP/1.1 and responded: HTTP/1.1 200 OK
Feb 13, 2022 2:58:26 PM okhttp3.mockwebserver.MockWebServer$4 processOneRequest
INFO: MockWebServer[45573] received request: GET / HTTP/1.1 and responded: HTTP/1.1 200 OK
Feb 13, 2022 2:58:26 PM okhttp3.mockwebserver.MockWebServer$3 acceptConnections
INFO: MockWebServer[45573] done accepting connections: Socket closed
Feb 13, 2022 2:58:26 PM okhttp3.mockwebserver.MockWebServer$3 acceptConnections
INFO: MockWebServer[59913] done accepting connections: Socket closed
Feb 13, 2022 2:58:26 PM okhttp3.mockwebserver.MockWebServer$3 execute
INFO: MockWebServer[52827] starting to accept connections
Feb 13, 2022 2:58:26 PM okhttp3.mockwebserver.MockWebServer$3 execute
INFO: MockWebServer[47645] starting to accept connections
Feb 13, 2022 2:58:26 PM okhttp3.mockwebserver.MockWebServer$4 processOneRequest
INFO: MockWebServer[47645] received request: GET / HTTP/1.1 and responded: HTTP/1.1 200 Fantastic
Feb 13, 2022 2:58:26 PM okhttp3.mockwebserver.MockWebServer$4 processConnection
WARNING: MockWebServer[47645] connection from /127.0.0.1 didn't make a request
Feb 13, 2022 2:58:26 PM okhttp3.mockwebserver.MockWebServer$3 acceptConnections
INFO: MockWebServer[47645] done accepting connections: Socket closed
Feb 13, 2022 2:58:26 PM okhttp3.mockwebserver.MockWebServer$3 acceptConnections
INFO: MockWebServer[52827] done accepting connections: Socket closed
Tests run: 109, Failures: 0, Errors: 1, Skipped: 0, Time elapsed: 9.603 sec <<< FAILURE! - in okhttp3.UrlConnectionCacheTest
responseCachingByResponseCode(okhttp3.UrlConnectionCacheTest)  Time elapsed: 0.071 sec  <<< ERROR!
java.net.ProtocolException: HTTP 204 had non-zero Content-Length: 5
	at okhttp3.internal.http.HttpEngine$NetworkInterceptorChain.proceed(HttpEngine.java:764)
	at okhttp3.internal.huc.HttpURLConnectionImpl$NetworkInterceptor.intercept(HttpURLConnectionImpl.java:597)
	at okhttp3.internal.http.HttpEngine$NetworkInterceptorChain.proceed(HttpEngine.java:733)
	at okhttp3.internal.http.HttpEngine.readResponse(HttpEngine.java:612)
	at okhttp3.RealCall.getResponse(RealCall.java:238)
	at okhttp3.RealCall$ApplicationInterceptorChain.proceed(RealCall.java:195)
	at okhttp3.RealCall.getResponseWithInterceptorChain(RealCall.java:157)
	at okhttp3.RealCall.execute(RealCall.java:59)
	at okhttp3.internal.huc.HttpURLConnectionImpl.getResponse(HttpURLConnectionImpl.java:421)
	at okhttp3.internal.huc.HttpURLConnectionImpl.getResponseCode(HttpURLConnectionImpl.java:455)
	at okhttp3.UrlConnectionCacheTest.assertCached(UrlConnectionCacheTest.java:194)
	at okhttp3.UrlConnectionCacheTest.responseCachingByResponseCode(UrlConnectionCacheTest.java:121)

Running okhttp3.internal.huc.URLEncodingTest
Tests run: 2, Failures: 0, Errors: 0, Skipped: 2, Time elapsed: 0 sec - in okhttp3.internal.huc.URLEncodingTest
Uninstalled aggressive uncaught exception handler

Results :

Failed tests: 
  OkUrlFactoryTest.testURLFilterRedirect:209 Connection was successful

Tests in error: 
  UrlConnectionCacheTest.responseCachingByResponseCode:121->assertCached:194 » Protocol

Tests run: 121, Failures: 1, Errors: 1, Skipped: 2

[INFO] ------------------------------------------------------------------------
[INFO] Reactor Summary:
[INFO] 
[INFO] OkHttp (Parent) .................................... SUCCESS [  1.105 s]
[INFO] OkHttp ............................................. SUCCESS [  3.685 s]
[INFO] OkHttp test support classes ........................ SUCCESS [  0.389 s]
[INFO] OkHttp Web Sockets ................................. SUCCESS [  0.308 s]
[INFO] MockWebServer ...................................... SUCCESS [  7.568 s]
[INFO] OkHttp URLConnection ............................... FAILURE [ 12.117 s]
[INFO] OkHttp Tests ....................................... SKIPPED
[INFO] OkHttp Android Platform Support .................... SKIPPED
[INFO] OkHttp Apache HttpClient ........................... SKIPPED
[INFO] OkHttp Web Socket Tests ............................ SKIPPED
[INFO] OkHttp Logging Interceptor ......................... SKIPPED
[INFO] OkCurl ............................................. SKIPPED
[INFO] Samples (Parent) ................................... SKIPPED
[INFO] Sample: Guide ...................................... SKIPPED
[INFO] Sample: Crawler .................................... SKIPPED
[INFO] Sample: Simple Client .............................. SKIPPED
[INFO] Sample: Static Server .............................. SKIPPED
[INFO] Benchmarks ......................................... SKIPPED
[INFO] ------------------------------------------------------------------------
[INFO] BUILD FAILURE
[INFO] ------------------------------------------------------------------------
[INFO] Total time: 25.548 s
[INFO] Finished at: 2022-02-13T14:58:26+00:00
[INFO] Final Memory: 22M/460M
[INFO] ------------------------------------------------------------------------
[ERROR] Failed to execute goal org.apache.maven.plugins:maven-surefire-plugin:2.17:test (default-test) on project okhttp-urlconnection: There are test failures.
[ERROR] 
[ERROR] Please refer to /home/travis/build/failed/square/okhttp/okhttp-urlconnection/target/surefire-reports for the individual test results.
[ERROR] -> [Help 1]
[ERROR] 
[ERROR] To see the full stack trace of the errors, re-run Maven with the -e switch.
[ERROR] Re-run Maven using the -X switch to enable full debug logging.
[ERROR] 
[ERROR] For more information about the errors and possible solutions, please read the following articles:
[ERROR] [Help 1] http://cwiki.apache.org/confluence/display/MAVEN/MojoFailureException
[ERROR] 
[ERROR] After correcting the problems, you can resume the build with the command
[ERROR]   mvn <goals> -rf :okhttp-urlconnection

travis_time:end:06c1bbd9:start=1644764279885371096,finish=1644764306910664287,duration=27025293191[0K
[31;1mThe command "mvn test -Dhttps.protocols=TLSv1.2 -Dhttps.protocols=TLSv1.2 -B" exited with 1.[0m
travis_fold:start:cache.2[0Kstore build cache
travis_time:start:1292bb3e[0K
travis_time:end:1292bb3e:start=1644764306925694837,finish=1644764306937713204,duration=12018367[0Ktravis_time:start:252a8d98[0K/home/travis/.casher/bin/casher:190: warning: Insecure world writable dir /home/travis/build/failed/square/okhttp/. in PATH, mode 040777
[32;1mchanges detected, packing new archive[0m
/home/travis/.casher/bin/casher:213:in `cache_archive_name': undefined method `[]' for nil:NilClass (NoMethodError)
	from /home/travis/.casher/bin/casher:143:in `push'
	from /home/travis/.casher/bin/casher:53:in `block in run'
	from /home/travis/.rvm/rubies/ruby-1.9.3-p551/lib/ruby/1.9.1/timeout.rb:69:in `timeout'
	from /home/travis/.casher/bin/casher:53:in `run'
	from /home/travis/.casher/bin/casher:263:in `<main>'
.
.
.

travis_time:end:252a8d98:start=1644764306949829263,finish=1644764325813060514,duration=18863231251[0Ktravis_fold:end:cache.2[0K
Done. Your build exited with 1.
