travis_fold:start:system_info[0K[33;1mBuild system information[0m
Build language: python
Build group: stable
Build dist: trusty
Build id: ''
Job id: ''
[34m[1mBuild image provisioning date and time[0m
Tue Dec  5 20:11:19 UTC 2017
[34m[1mOperating System Details[0m
Distributor ID:	Ubuntu
Description:	Ubuntu 14.04.5 LTS
Release:	14.04
Codename:	trusty
[34m[1mCookbooks Version[0m
7c2c6a6 https://github.com/travis-ci/travis-cookbooks/tree/7c2c6a6
[34m[1mgit version[0m
git version 2.15.1
[34m[1mbash version[0m
GNU bash, version 4.3.11(1)-release (x86_64-pc-linux-gnu)
[34m[1mgcc version[0m
gcc (Ubuntu 4.8.4-2ubuntu1~14.04.3) 4.8.4
Copyright (C) 2013 Free Software Foundation, Inc.
This is free software; see the source for copying conditions.  There is NO
warranty; not even for MERCHANTABILITY or FITNESS FOR A PARTICULAR PURPOSE.

[34m[1mdocker version[0m
Client:
 Version:      17.09.0-ce
 API version:  1.32
 Go version:   go1.8.3
 Git commit:   afdb6d4
 Built:        Tue Sep 26 22:39:28 2017
 OS/Arch:      linux/amd64
[34m[1mclang version[0m
clang version 5.0.0 (tags/RELEASE_500/final)
Target: x86_64-unknown-linux-gnu
Thread model: posix
InstalledDir: /usr/local/clang-5.0.0/bin
[34m[1mjq version[0m
jq-1.5
[34m[1mbats version[0m
Bats 0.4.0
[34m[1mshellcheck version[0m
0.4.6
[34m[1mshfmt version[0m
v2.0.0
[34m[1mccache version[0m
ccache version 3.1.9

Copyright (C) 2002-2007 Andrew Tridgell
Copyright (C) 2009-2011 Joel Rosdahl

This program is free software; you can redistribute it and/or modify it under
the terms of the GNU General Public License as published by the Free Software
Foundation; either version 3 of the License, or (at your option) any later
version.
[34m[1mcmake version[0m
cmake version 3.9.2

CMake suite maintained and supported by Kitware (kitware.com/cmake).
[34m[1mheroku version[0m
heroku-cli/6.14.39-addc925 (linux-x64) node-v9.2.0
[34m[1mimagemagick version[0m
Version: ImageMagick 6.7.7-10 2017-07-31 Q16 http://www.imagemagick.org
[34m[1mmd5deep version[0m
4.2
[34m[1mmercurial version[0m
Mercurial Distributed SCM (version 4.2.2)
(see https://mercurial-scm.org for more information)

Copyright (C) 2005-2017 Matt Mackall and others
This is free software; see the source for copying conditions. There is NO
warranty; not even for MERCHANTABILITY or FITNESS FOR A PARTICULAR PURPOSE.
[34m[1mmysql version[0m
mysql  Ver 14.14 Distrib 5.6.33, for debian-linux-gnu (x86_64) using  EditLine wrapper
[34m[1mopenssl version[0m
OpenSSL 1.0.1f 6 Jan 2014
[34m[1mpacker version[0m
Packer v1.0.2

Your version of Packer is out of date! The latest version
is 1.1.2. You can update by downloading from www.packer.io
[34m[1mpostgresql client version[0m
psql (PostgreSQL) 9.6.6
[34m[1mragel version[0m
Ragel State Machine Compiler version 6.8 Feb 2013
Copyright (c) 2001-2009 by Adrian Thurston
[34m[1msubversion version[0m
svn, version 1.8.8 (r1568071)
   compiled Aug 10 2017, 17:20:39 on x86_64-pc-linux-gnu

Copyright (C) 2013 The Apache Software Foundation.
This software consists of contributions made by many people;
see the NOTICE file for more information.
Subversion is open source software, see http://subversion.apache.org/

The following repository access (RA) modules are available:

* ra_svn : Module for accessing a repository using the svn network protocol.
  - with Cyrus SASL authentication
  - handles 'svn' scheme
* ra_local : Module for accessing a repository on local disk.
  - handles 'file' scheme
* ra_serf : Module for accessing a repository via WebDAV protocol using serf.
  - using serf 1.3.3
  - handles 'http' scheme
  - handles 'https' scheme

[34m[1msudo version[0m
Sudo version 1.8.9p5
Configure options: --prefix=/usr -v --with-all-insults --with-pam --with-fqdn --with-logging=syslog --with-logfac=authpriv --with-env-editor --with-editor=/usr/bin/editor --with-timeout=15 --with-password-timeout=0 --with-passprompt=[sudo] password for %p:  --without-lecture --with-tty-tickets --disable-root-mailer --enable-admin-flag --with-sendmail=/usr/sbin/sendmail --with-timedir=/var/lib/sudo --mandir=/usr/share/man --libexecdir=/usr/lib/sudo --with-sssd --with-sssd-lib=/usr/lib/x86_64-linux-gnu --with-selinux
Sudoers policy plugin version 1.8.9p5
Sudoers file grammar version 43

Sudoers path: /etc/sudoers
Authentication methods: 'pam'
Syslog facility if syslog is being used for logging: authpriv
Syslog priority to use when user authenticates successfully: notice
Syslog priority to use when user authenticates unsuccessfully: alert
Send mail if the user is not in sudoers
Use a separate timestamp for each user/tty combo
Lecture user the first time they run sudo
Root may run sudo
Allow some information gathering to give useful error messages
Require fully-qualified hostnames in the sudoers file
Visudo will honor the EDITOR environment variable
Set the LOGNAME and USER environment variables
Length at which to wrap log file lines (0 for no wrap): 80
Authentication timestamp timeout: 15.0 minutes
Password prompt timeout: 0.0 minutes
Number of tries to enter a password: 3
Umask to use or 0777 to use user's: 022
Path to mail program: /usr/sbin/sendmail
Flags for mail program: -t
Address to send mail to: root
Subject line for mail messages: *** SECURITY information for %h ***
Incorrect password message: Sorry, try again.
Path to authentication timestamp dir: /var/lib/sudo
Default password prompt: [sudo] password for %p: 
Default user to run commands as: root
Value to override user's $PATH with: /usr/local/sbin:/usr/local/bin:/usr/sbin:/usr/bin:/sbin:/bin:/snap/bin
Path to the editor for use by visudo: /usr/bin/editor
When to require a password for 'list' pseudocommand: any
When to require a password for 'verify' pseudocommand: all
File descriptors >= 3 will be closed before executing a command
Environment variables to check for sanity:
	TZ
	TERM
	LINGUAS
	LC_*
	LANGUAGE
	LANG
	COLORTERM
Environment variables to remove:
	RUBYOPT
	RUBYLIB
	PYTHONUSERBASE
	PYTHONINSPECT
	PYTHONPATH
	PYTHONHOME
	TMPPREFIX
	ZDOTDIR
	READNULLCMD
	NULLCMD
	FPATH
	PERL5DB
	PERL5OPT
	PERL5LIB
	PERLLIB
	PERLIO_DEBUG 
	JAVA_TOOL_OPTIONS
	SHELLOPTS
	GLOBIGNORE
	PS4
	BASH_ENV
	ENV
	TERMCAP
	TERMPATH
	TERMINFO_DIRS
	TERMINFO
	_RLD*
	LD_*
	PATH_LOCALE
	NLSPATH
	HOSTALIASES
	RES_OPTIONS
	LOCALDOMAIN
	CDPATH
	IFS
Environment variables to preserve:
	JAVA_HOME
	TRAVIS
	CI
	DEBIAN_FRONTEND
	XAUTHORIZATION
	XAUTHORITY
	PS2
	PS1
	PATH
	LS_COLORS
	KRB5CCNAME
	HOSTNAME
	HOME
	DISPLAY
	COLORS
Locale to use while parsing sudoers: C
Directory in which to store input/output logs: /var/log/sudo-io
File in which to store the input/output log: %{seq}
Add an entry to the utmp/utmpx file when allocating a pty
PAM service name to use
PAM service name to use for login shells
Create a new PAM session for the command to run in
Maximum I/O log sequence number: 0

Local IP address and netmask pairs:
	172.17.0.2/255.255.0.0

Sudoers I/O plugin version 1.8.9p5
[34m[1mgzip version[0m
gzip 1.6
Copyright (C) 2007, 2010, 2011 Free Software Foundation, Inc.
Copyright (C) 1993 Jean-loup Gailly.
This is free software.  You may redistribute copies of it under the terms of
the GNU General Public License <http://www.gnu.org/licenses/gpl.html>.
There is NO WARRANTY, to the extent permitted by law.

Written by Jean-loup Gailly.
[34m[1mzip version[0m
Copyright (c) 1990-2008 Info-ZIP - Type 'zip "-L"' for software license.
This is Zip 3.0 (July 5th 2008), by Info-ZIP.
Currently maintained by E. Gordon.  Please send bug reports to
the authors using the web page at www.info-zip.org; see README for details.

Latest sources and executables are at ftp://ftp.info-zip.org/pub/infozip,
as of above date; see http://www.info-zip.org/ for other sites.

Compiled with gcc 4.8.2 for Unix (Linux ELF) on Oct 21 2013.

Zip special compilation options:
	USE_EF_UT_TIME       (store Universal Time)
	BZIP2_SUPPORT        (bzip2 library version 1.0.6, 6-Sept-2010)
	    bzip2 code and library copyright (c) Julian R Seward
	    (See the bzip2 license for terms of use)
	SYMLINK_SUPPORT      (symbolic links supported)
	LARGE_FILE_SUPPORT   (can read and write large files on file system)
	ZIP64_SUPPORT        (use Zip64 to store large files in archives)
	UNICODE_SUPPORT      (store and read UTF-8 Unicode paths)
	STORE_UNIX_UIDs_GIDs (store UID/GID sizes/values using new extra field)
	UIDGID_NOT_16BIT     (old Unix 16-bit UID/GID extra field not used)
	[encryption, version 2.91 of 05 Jan 2007] (modified for Zip 3)

Encryption notice:
	The encryption code of this program is not copyrighted and is
	put in the public domain.  It was originally written in Europe
	and, to the best of our knowledge, can be freely distributed
	in both source and object forms from any country, including
	the USA under License Exception TSU of the U.S. Export
	Administration Regulations (section 740.13(e)) of 6 June 2002.

Zip environment options:
             ZIP:  [none]
          ZIPOPT:  [none]
[34m[1mvim version[0m
VIM - Vi IMproved 7.4 (2013 Aug 10, compiled Nov 24 2016 16:43:18)
Included patches: 1-52
Extra patches: 8.0.0056
Modified by pkg-vim-maintainers@lists.alioth.debian.org
Compiled by buildd@
Huge version without GUI.  Features included (+) or not (-):
+acl             +farsi           +mouse_netterm   +syntax
+arabic          +file_in_path    +mouse_sgr       +tag_binary
+autocmd         +find_in_path    -mouse_sysmouse  +tag_old_static
-balloon_eval    +float           +mouse_urxvt     -tag_any_white
-browse          +folding         +mouse_xterm     -tcl
++builtin_terms  -footer          +multi_byte      +terminfo
+byte_offset     +fork()          +multi_lang      +termresponse
+cindent         +gettext         -mzscheme        +textobjects
-clientserver    -hangul_input    +netbeans_intg   +title
-clipboard       +iconv           +path_extra      -toolbar
+cmdline_compl   +insert_expand   -perl            +user_commands
+cmdline_hist    +jumplist        +persistent_undo +vertsplit
+cmdline_info    +keymap          +postscript      +virtualedit
+comments        +langmap         +printer         +visual
+conceal         +libcall         +profile         +visualextra
+cryptv          +linebreak       +python          +viminfo
+cscope          +lispindent      -python3         +vreplace
+cursorbind      +listcmds        +quickfix        +wildignore
+cursorshape     +localmap        +reltime         +wildmenu
+dialog_con      -lua             +rightleft       +windows
+diff            +menu            -ruby            +writebackup
+digraphs        +mksession       +scrollbind      -X11
-dnd             +modify_fname    +signs           -xfontset
-ebcdic          +mouse           +smartindent     -xim
+emacs_tags      -mouseshape      -sniff           -xsmp
+eval            +mouse_dec       +startuptime     -xterm_clipboard
+ex_extra        +mouse_gpm       +statusline      -xterm_save
+extra_search    -mouse_jsbterm   -sun_workshop    -xpm
   system vimrc file: "$VIM/vimrc"
     user vimrc file: "$HOME/.vimrc"
 2nd user vimrc file: "~/.vim/vimrc"
      user exrc file: "$HOME/.exrc"
  fall-back for $VIM: "/usr/share/vim"
Compilation: gcc -c -I. -Iproto -DHAVE_CONFIG_H     -g -O2 -fstack-protector --param=ssp-buffer-size=4 -Wformat -Werror=format-security -U_FORTIFY_SOURCE -D_FORTIFY_SOURCE=1      
Linking: gcc   -Wl,-Bsymbolic-functions -Wl,-z,relro -Wl,--as-needed -o vim        -lm -ltinfo -lnsl  -lselinux  -lacl -lattr -lgpm -ldl    -L/usr/lib/python2.7/config-x86_64-linux-gnu -lpython2.7 -lpthread -ldl -lutil -lm -Xlinker -export-dynamic -Wl,-O1 -Wl,-Bsymbolic-functions      
[34m[1miptables version[0m
iptables v1.4.21
[34m[1mcurl version[0m
curl 7.35.0 (x86_64-pc-linux-gnu) libcurl/7.35.0 OpenSSL/1.0.1f zlib/1.2.8 libidn/1.28 librtmp/2.3
[34m[1mwget version[0m
GNU Wget 1.15 built on linux-gnu.
[34m[1mrsync version[0m
rsync  version 3.1.0  protocol version 31
[34m[1mgimme version[0m
v1.2.0
[34m[1mnvm version[0m
0.33.6
[34m[1mperlbrew version[0m
/home/travis/perl5/perlbrew/bin/perlbrew  - App::perlbrew/0.80
[34m[1mphpenv version[0m
rbenv 1.1.1-25-g6aa70b6
[34m[1mrvm version[0m
rvm 1.29.3 (latest) by Michal Papis, Piotr Kuczynski, Wayne E. Seguin [https://rvm.io]
[34m[1mdefault ruby version[0m
ruby 2.4.1p111 (2017-03-22 revision 58053) [x86_64-linux]
[34m[1mCouchDB version[0m
couchdb 1.6.1
[34m[1mElasticSearch version[0m
5.5.0
[34m[1mInstalled Firefox version[0m
firefox 56.0.2
[34m[1mMongoDB version[0m
MongoDB 3.4.10
[34m[1mPhantomJS version[0m
2.1.1
[34m[1mPre-installed PostgreSQL versions[0m
9.2.24
9.3.20
9.4.15
9.5.10
9.6.6
[34m[1mRabbitMQ Version[0m
3.6.14
[34m[1mRedis version[0m
redis-server 4.0.6
[34m[1mriak version[0m
2.2.3
[34m[1mPre-installed Go versions[0m
1.7.4
[34m[1mant version[0m
Apache Ant(TM) version 1.9.3 compiled on April 8 2014
[34m[1mmvn version[0m
Apache Maven 3.5.2 (138edd61fd100ec658bfa2d307c43b76940a5d7d; 2017-10-18T07:58:13Z)
Maven home: /usr/local/maven-3.5.2
Java version: 1.8.0_151, vendor: Oracle Corporation
Java home: /usr/lib/jvm/java-8-oracle/jre
Default locale: en_US, platform encoding: UTF-8
OS name: "linux", version: "4.4.0-101-generic", arch: "amd64", family: "unix"
[34m[1mgradle version[0m

------------------------------------------------------------
Gradle 4.0.1
------------------------------------------------------------

Build time:   2017-07-07 14:02:41 UTC
Revision:     38e5dc0f772daecca1d2681885d3d85414eb6826

Groovy:       2.4.11
Ant:          Apache Ant(TM) version 1.9.6 compiled on June 29 2015
JVM:          1.8.0_151 (Oracle Corporation 25.151-b12)
OS:           Linux 4.4.0-101-generic amd64

[34m[1mlein version[0m
Leiningen 2.8.1 on Java 1.8.0_151 Java HotSpot(TM) 64-Bit Server VM
[34m[1mPre-installed Node.js versions[0m
v4.8.6
v6.12.0
v6.12.1
v8.9
v8.9.1
[34m[1mphpenv versions[0m
  system
  5.6
* 5.6.32 (set by /home/travis/.phpenv/version)
  7.0
  7.0.25
  7.1
  7.1.11
  hhvm
  hhvm-stable
[34m[1mcomposer --version[0m
Composer version 1.5.2 2017-09-11 16:59:25
[34m[1mPre-installed Ruby versions[0m
ruby-2.2.7
ruby-2.3.4
ruby-2.4.1
travis_fold:end:system_info[0K
grep: /etc/apt/sources.list.d/*: No such file or directory
sed: cannot rename /etc/hosts: Device or resource busy
sed: cannot rename /etc/hosts: Device or resource busy
$ cd passed/asciimoo/searx
travis_fold:start:install_firefox[0K$ export FIREFOX_SOURCE_URL='https://download.mozilla.org/?product=firefox-latest&lang=en-US&os=linux64'
[33;1mInstalling Firefox latest[0m
travis_time:start:0415ce5f[0K$ wget -O /tmp/firefox-latest.tar.bz2 $FIREFOX_SOURCE_URL
--2020-12-16 02:58:19--  https://download.mozilla.org/?product=firefox-latest&lang=en-US&os=linux64
Resolving download.mozilla.org (download.mozilla.org)... 44.240.219.147, 52.35.254.181, 52.37.138.27
Connecting to download.mozilla.org (download.mozilla.org)|44.240.219.147|:443... connected.
HTTP request sent, awaiting response... 302 Found
Location: https://download-installer.cdn.mozilla.net/pub/firefox/releases/84.0/linux-x86_64/en-US/firefox-84.0.tar.bz2 [following]
--2020-12-16 02:58:19--  https://download-installer.cdn.mozilla.net/pub/firefox/releases/84.0/linux-x86_64/en-US/firefox-84.0.tar.bz2
Resolving download-installer.cdn.mozilla.net (download-installer.cdn.mozilla.net)... 13.224.26.58, 2600:9000:2164:400:e:19d6:1546:5981, 2600:9000:2164:1000:e:19d6:1546:5981, ...
Connecting to download-installer.cdn.mozilla.net (download-installer.cdn.mozilla.net)|13.224.26.58|:443... connected.
HTTP request sent, awaiting response... 200 OK
Length: 76402088 (73M) [application/x-tar]
Saving to: â€˜/tmp/firefox-latest.tar.bz2â€™

     0K .......... .......... .......... .......... ..........  0% 1.55M 47s
    50K .......... .......... .......... .......... ..........  0% 2.20M 40s
   100K .......... .......... .......... .......... ..........  0% 5.40M 31s
   150K .......... .......... .......... .......... ..........  0% 4.95M 27s
   200K .......... .......... .......... .......... ..........  0% 7.01M 24s
   250K .......... .......... .......... .......... ..........  0% 7.67M 21s
   300K .......... .......... .......... .......... ..........  0% 11.5M 19s
   350K .......... .......... .......... .......... ..........  0% 13.2M 17s
   400K .......... .......... .......... .......... ..........  0% 11.7M 16s
   450K .......... .......... .......... .......... ..........  0% 16.9M 15s
   500K .......... .......... .......... .......... ..........  0% 16.3M 14s
   550K .......... .......... .......... .......... ..........  0% 18.0M 13s
   600K .......... .......... .......... .......... ..........  0% 19.4M 12s
   650K .......... .......... .......... .......... ..........  0% 16.3M 12s
   700K .......... .......... .......... .......... ..........  1% 31.8M 11s
   750K .......... .......... .......... .......... ..........  1% 20.7M 11s
   800K .......... .......... .......... .......... ..........  1% 22.2M 10s
   850K .......... .......... .......... .......... ..........  1% 37.2M 10s
   900K .......... .......... .......... .......... ..........  1% 26.4M 9s
   950K .......... .......... .......... .......... ..........  1% 45.2M 9s
  1000K .......... .......... .......... .......... ..........  1% 25.9M 9s
  1050K .......... .......... .......... .......... ..........  1% 51.5M 8s
  1100K .......... .......... .......... .......... ..........  1% 30.4M 8s
  1150K .......... .......... .......... .......... ..........  1% 49.0M 8s
  1200K .......... .......... .......... .......... ..........  1% 31.6M 8s
  1250K .......... .......... .......... .......... ..........  1% 36.7M 7s
  1300K .......... .......... .......... .......... ..........  1% 54.4M 7s
  1350K .......... .......... .......... .......... ..........  1% 42.9M 7s
  1400K .......... .......... .......... .......... ..........  1% 41.0M 7s
  1450K .......... .......... .......... .......... ..........  2% 52.7M 7s
  1500K .......... .......... .......... .......... ..........  2% 72.8M 6s
  1550K .......... .......... .......... .......... ..........  2% 42.9M 6s
  1600K .......... .......... .......... .......... ..........  2% 42.0M 6s
  1650K .......... .......... .......... .......... ..........  2% 50.9M 6s
  1700K .......... .......... .......... .......... ..........  2%  102M 6s
  1750K .......... .......... .......... .......... ..........  2% 43.3M 6s
  1800K .......... .......... .......... .......... ..........  2% 58.6M 6s
  1850K .......... .......... .......... .......... ..........  2% 55.0M 5s
  1900K .......... .......... .......... .......... ..........  2%  112M 5s
  1950K .......... .......... .......... .......... ..........  2% 54.1M 5s
  2000K .......... .......... .......... .......... ..........  2% 51.5M 5s
  2050K .......... .......... .......... .......... ..........  2% 62.3M 5s
  2100K .......... .......... .......... .......... ..........  2% 62.2M 5s
  2150K .......... .......... .......... .......... ..........  2% 98.9M 5s
  2200K .......... .......... .......... .......... ..........  3% 67.6M 5s
  2250K .......... .......... .......... .......... ..........  3% 64.9M 5s
  2300K .......... .......... .......... .......... ..........  3% 2.34M 5s
  2350K .......... .......... .......... .......... ..........  3%  127M 5s
  2400K .......... .......... .......... .......... ..........  3% 13.6M 5s
  2450K .......... .......... .......... .......... ..........  3%  121M 5s
  2500K .......... .......... .......... .......... ..........  3%  131M 5s
  2550K .......... .......... .......... .......... ..........  3% 94.9M 5s
  2600K .......... .......... .......... .......... ..........  3%  111M 5s
  2650K .......... .......... .......... .......... ..........  3%  115M 5s
  2700K .......... .......... .......... .......... ..........  3%  144M 5s
  2750K .......... .......... .......... .......... ..........  3% 77.3M 5s
  2800K .......... .......... .......... .......... ..........  3% 68.5M 4s
  2850K .......... .......... .......... .......... ..........  3% 93.6M 4s
  2900K .......... .......... .......... .......... ..........  3%  113M 4s
  2950K .......... .......... .......... .......... ..........  4%  134M 4s
  3000K .......... .......... .......... .......... ..........  4%  117M 4s
  3050K .......... .......... .......... .......... ..........  4%  130M 4s
  3100K .......... .......... .......... .......... ..........  4%  127M 4s
  3150K .......... .......... .......... .......... ..........  4%  127M 4s
  3200K .......... .......... .......... .......... ..........  4%  103M 4s
  3250K .......... .......... .......... .......... ..........  4%  117M 4s
  3300K .......... .......... .......... .......... ..........  4%  128M 4s
  3350K .......... .......... .......... .......... ..........  4%  129M 4s
  3400K .......... .......... .......... .......... ..........  4%  109M 4s
  3450K .......... .......... .......... .......... ..........  4%  120M 4s
  3500K .......... .......... .......... .......... ..........  4%  109M 4s
  3550K .......... .......... .......... .......... ..........  4% 95.7M 4s
  3600K .......... .......... .......... .......... ..........  4%  117M 4s
  3650K .......... .......... .......... .......... ..........  4%  126M 4s
  3700K .......... .......... .......... .......... ..........  5% 79.8M 3s
  3750K .......... .......... .......... .......... ..........  5%  124M 3s
  3800K .......... .......... .......... .......... ..........  5%  124M 3s
  3850K .......... .......... .......... .......... ..........  5%  122M 3s
  3900K .......... .......... .......... .......... ..........  5%  114M 3s
  3950K .......... .......... .......... .......... ..........  5% 89.0M 3s
  4000K .......... .......... .......... .......... ..........  5%  108M 3s
  4050K .......... .......... .......... .......... ..........  5%  156M 3s
  4100K .......... .......... .......... .......... ..........  5% 66.0M 3s
  4150K .......... .......... .......... .......... ..........  5%  105M 3s
  4200K .......... .......... .......... .......... ..........  5%  142M 3s
  4250K .......... .......... .......... .......... ..........  5%  128M 3s
  4300K .......... .......... .......... .......... ..........  5% 93.0M 3s
  4350K .......... .......... .......... .......... ..........  5% 92.2M 3s
  4400K .......... .......... .......... .......... ..........  5%  108M 3s
  4450K .......... .......... .......... .......... ..........  6%  131M 3s
  4500K .......... .......... .......... .......... ..........  6%  104M 3s
  4550K .......... .......... .......... .......... ..........  6% 82.5M 3s
  4600K .......... .......... .......... .......... ..........  6%  109M 3s
  4650K .......... .......... .......... .......... ..........  6% 83.7M 3s
  4700K .......... .......... .......... .......... ..........  6%  105M 3s
  4750K .......... .......... .......... .......... ..........  6% 81.0M 3s
  4800K .......... .......... .......... .......... ..........  6%  100M 3s
  4850K .......... .......... .......... .......... ..........  6% 94.6M 3s
  4900K .......... .......... .......... .......... ..........  6% 79.7M 3s
  4950K .......... .......... .......... .......... ..........  6%  106M 3s
  5000K .......... .......... .......... .......... ..........  6%  136M 3s
  5050K .......... .......... .......... .......... ..........  6%  133M 3s
  5100K .......... .......... .......... .......... ..........  6%  127M 3s
  5150K .......... .......... .......... .......... ..........  6%  137M 3s
  5200K .......... .......... .......... .......... ..........  7%  123M 3s
  5250K .......... .......... .......... .......... ..........  7%  107M 3s
  5300K .......... .......... .......... .......... ..........  7% 80.7M 3s
  5350K .......... .......... .......... .......... ..........  7%  116M 3s
  5400K .......... .......... .......... .......... ..........  7%  126M 3s
  5450K .......... .......... .......... .......... ..........  7%  135M 3s
  5500K .......... .......... .......... .......... ..........  7%  110M 3s
  5550K .......... .......... .......... .......... ..........  7%  122M 2s
  5600K .......... .......... .......... .......... ..........  7%  108M 2s
  5650K .......... .......... .......... .......... ..........  7%  116M 2s
  5700K .......... .......... .......... .......... ..........  7% 82.8M 2s
  5750K .......... .......... .......... .......... ..........  7% 96.7M 2s
  5800K .......... .......... .......... .......... ..........  7%  120M 2s
  5850K .......... .......... .......... .......... ..........  7%  128M 2s
  5900K .......... .......... .......... .......... ..........  7%  128M 2s
  5950K .......... .......... .......... .......... ..........  8%  118M 2s
  6000K .......... .......... .......... .......... ..........  8%  117M 2s
  6050K .......... .......... .......... .......... ..........  8%  122M 2s
  6100K .......... .......... .......... .......... ..........  8% 90.4M 2s
  6150K .......... .......... .......... .......... ..........  8%  121M 2s
  6200K .......... .......... .......... .......... ..........  8%  109M 2s
  6250K .......... .......... .......... .......... ..........  8%  101M 2s
  6300K .......... .......... .......... .......... ..........  8% 85.4M 2s
  6350K .......... .......... .......... .......... ..........  8%  128M 2s
  6400K .......... .......... .......... .......... ..........  8%  135M 2s
  6450K .......... .......... .......... .......... ..........  8%  134M 2s
  6500K .......... .......... .......... .......... ..........  8% 93.9M 2s
  6550K .......... .......... .......... .......... ..........  8%  135M 2s
  6600K .......... .......... .......... .......... ..........  8%  105M 2s
  6650K .......... .......... .......... .......... ..........  8%  117M 2s
  6700K .......... .......... .......... .......... ..........  9% 93.0M 2s
  6750K .......... .......... .......... .......... ..........  9%  106M 2s
  6800K .......... .......... .......... .......... ..........  9%  117M 2s
  6850K .......... .......... .......... .......... ..........  9%  139M 2s
  6900K .......... .......... .......... .......... ..........  9% 97.1M 2s
  6950K .......... .......... .......... .......... ..........  9%  110M 2s
  7000K .......... .......... .......... .......... ..........  9%  119M 2s
  7050K .......... .......... .......... .......... ..........  9%  104M 2s
  7100K .......... .......... .......... .......... ..........  9% 98.3M 2s
  7150K .......... .......... .......... .......... ..........  9%  120M 2s
  7200K .......... .......... .......... .......... ..........  9%  111M 2s
  7250K .......... .......... .......... .......... ..........  9%  121M 2s
  7300K .......... .......... .......... .......... ..........  9% 90.5M 2s
  7350K .......... .......... .......... .......... ..........  9%  107M 2s
  7400K .......... .......... .......... .......... ..........  9% 88.4M 2s
  7450K .......... .......... .......... .......... .......... 10% 98.4M 2s
  7500K .......... .......... .......... .......... .......... 10%  104M 2s
  7550K .......... .......... .......... .......... .......... 10% 98.1M 2s
  7600K .......... .......... .......... .......... .......... 10%  120M 2s
  7650K .......... .......... .......... .......... .......... 10%  109M 2s
  7700K .......... .......... .......... .......... .......... 10% 91.1M 2s
  7750K .......... .......... .......... .......... .......... 10% 79.0M 2s
  7800K .......... .......... .......... .......... .......... 10%  123M 2s
  7850K .......... .......... .......... .......... .......... 10%  127M 2s
  7900K .......... .......... .......... .......... .......... 10%  110M 2s
  7950K .......... .......... .......... .......... .......... 10%  113M 2s
  8000K .......... .......... .......... .......... .......... 10%  101M 2s
  8050K .......... .......... .......... .......... .......... 10% 72.0M 2s
  8100K .......... .......... .......... .......... .......... 10%  116M 2s
  8150K .......... .......... .......... .......... .......... 10%  142M 2s
  8200K .......... .......... .......... .......... .......... 11% 95.9M 2s
  8250K .......... .......... .......... .......... .......... 11% 85.6M 2s
  8300K .......... .......... .......... .......... .......... 11%  118M 2s
  8350K .......... .......... .......... .......... .......... 11%  118M 2s
  8400K .......... .......... .......... .......... .......... 11%  121M 2s
  8450K .......... .......... .......... .......... .......... 11%  100M 2s
  8500K .......... .......... .......... .......... .......... 11%  109M 2s
  8550K .......... .......... .......... .......... .......... 11%  118M 2s
  8600K .......... .......... .......... .......... .......... 11%  123M 2s
  8650K .......... .......... .......... .......... .......... 11% 98.5M 2s
  8700K .......... .......... .......... .......... .......... 11% 90.8M 2s
  8750K .......... .......... .......... .......... .......... 11% 91.7M 2s
  8800K .......... .......... .......... .......... .......... 11%  136M 2s
  8850K .......... .......... .......... .......... .......... 11%  130M 2s
  8900K .......... .......... .......... .......... .......... 11%  130M 2s
  8950K .......... .......... .......... .......... .......... 12% 90.3M 2s
  9000K .......... .......... .......... .......... .......... 12%  102M 2s
  9050K .......... .......... .......... .......... .......... 12% 69.8M 2s
  9100K .......... .......... .......... .......... .......... 12% 80.7M 2s
  9150K .......... .......... .......... .......... .......... 12%  102M 2s
  9200K .......... .......... .......... .......... .......... 12%  117M 2s
  9250K .......... .......... .......... .......... .......... 12%  123M 2s
  9300K .......... .......... .......... .......... .......... 12%  120M 2s
  9350K .......... .......... .......... .......... .......... 12% 82.4M 2s
  9400K .......... .......... .......... .......... .......... 12% 81.7M 2s
  9450K .......... .......... .......... .......... .......... 12% 80.5M 2s
  9500K .......... .......... .......... .......... .......... 12%  105M 2s
  9550K .......... .......... .......... .......... .......... 12%  143M 2s
  9600K .......... .......... .......... .......... .......... 12%  149M 2s
  9650K .......... .......... .......... .......... .......... 13%  151M 2s
  9700K .......... .......... .......... .......... .......... 13%  134M 2s
  9750K .......... .......... .......... .......... .......... 13%  101M 2s
  9800K .......... .......... .......... .......... .......... 13%  103M 2s
  9850K .......... .......... .......... .......... .......... 13%  109M 2s
  9900K .......... .......... .......... .......... .......... 13%  128M 2s
  9950K .......... .......... .......... .......... .......... 13%  104M 2s
 10000K .......... .......... .......... .......... .......... 13%  107M 2s
 10050K .......... .......... .......... .......... .......... 13%  122M 2s
 10100K .......... .......... .......... .......... .......... 13%  109M 2s
 10150K .......... .......... .......... .......... .......... 13% 91.2M 2s
 10200K .......... .......... .......... .......... .......... 13%  134M 2s
 10250K .......... .......... .......... .......... .......... 13%  101M 2s
 10300K .......... .......... .......... .......... .......... 13%  111M 2s
 10350K .......... .......... .......... .......... .......... 13%  118M 2s
 10400K .......... .......... .......... .......... .......... 14% 71.9M 2s
 10450K .......... .......... .......... .......... .......... 14% 83.5M 2s
 10500K .......... .......... .......... .......... .......... 14%  113M 1s
 10550K .......... .......... .......... .......... .......... 14% 73.7M 1s
 10600K .......... .......... .......... .......... .......... 14% 85.7M 1s
 10650K .......... .......... .......... .......... .......... 14% 80.5M 1s
 10700K .......... .......... .......... .......... .......... 14%  112M 1s
 10750K .......... .......... .......... .......... .......... 14%  110M 1s
 10800K .......... .......... .......... .......... .......... 14%  104M 1s
 10850K .......... .......... .......... .......... .......... 14% 89.2M 1s
 10900K .......... .......... .......... .......... .......... 14%  113M 1s
 10950K .......... .......... .......... .......... .......... 14%  127M 1s
 11000K .......... .......... .......... .......... .......... 14% 98.5M 1s
 11050K .......... .......... .......... .......... .......... 14% 88.8M 1s
 11100K .......... .......... .......... .......... .......... 14%  110M 1s
 11150K .......... .......... .......... .......... .......... 15%  108M 1s
 11200K .......... .......... .......... .......... .......... 15%  111M 1s
 11250K .......... .......... .......... .......... .......... 15% 91.9M 1s
 11300K .......... .......... .......... .......... .......... 15%  110M 1s
 11350K .......... .......... .......... .......... .......... 15%  106M 1s
 11400K .......... .......... .......... .......... .......... 15%  102M 1s
 11450K .......... .......... .......... .......... .......... 15% 95.0M 1s
 11500K .......... .......... .......... .......... .......... 15%  109M 1s
 11550K .......... .......... .......... .......... .......... 15%  100M 1s
 11600K .......... .......... .......... .......... .......... 15% 99.2M 1s
 11650K .......... .......... .......... .......... .......... 15%  115M 1s
 11700K .......... .......... .......... .......... .......... 15%  151M 1s
 11750K .......... .......... .......... .......... .......... 15%  112M 1s
 11800K .......... .......... .......... .......... .......... 15% 98.8M 1s
 11850K .......... .......... .......... .......... .......... 15% 76.4M 1s
 11900K .......... .......... .......... .......... .......... 16%  120M 1s
 11950K .......... .......... .......... .......... .......... 16%  158M 1s
 12000K .......... .......... .......... .......... .......... 16%  121M 1s
 12050K .......... .......... .......... .......... .......... 16%  106M 1s
 12100K .......... .......... .......... .......... .......... 16%  113M 1s
 12150K .......... .......... .......... .......... .......... 16%  122M 1s
 12200K .......... .......... .......... .......... .......... 16%  104M 1s
 12250K .......... .......... .......... .......... .......... 16%  119M 1s
 12300K .......... .......... .......... .......... .......... 16%  111M 1s
 12350K .......... .......... .......... .......... .......... 16%  119M 1s
 12400K .......... .......... .......... .......... .......... 16%  134M 1s
 12450K .......... .......... .......... .......... .......... 16% 76.2M 1s
 12500K .......... .......... .......... .......... .......... 16% 92.9M 1s
 12550K .......... .......... .......... .......... .......... 16%  104M 1s
 12600K .......... .......... .......... .......... .......... 16%  136M 1s
 12650K .......... .......... .......... .......... .......... 17%  121M 1s
 12700K .......... .......... .......... .......... .......... 17%  132M 1s
 12750K .......... .......... .......... .......... .......... 17%  132M 1s
 12800K .......... .......... .......... .......... .......... 17% 95.7M 1s
 12850K .......... .......... .......... .......... .......... 17%  123M 1s
 12900K .......... .......... .......... .......... .......... 17%  104M 1s
 12950K .......... .......... .......... .......... .......... 17% 91.5M 1s
 13000K .......... .......... .......... .......... .......... 17%  108M 1s
 13050K .......... .......... .......... .......... .......... 17%  135M 1s
 13100K .......... .......... .......... .......... .......... 17%  114M 1s
 13150K .......... .......... .......... .......... .......... 17%  117M 1s
 13200K .......... .......... .......... .......... .......... 17%  118M 1s
 13250K .......... .......... .......... .......... .......... 17% 81.0M 1s
 13300K .......... .......... .......... .......... .......... 17%  102M 1s
 13350K .......... .......... .......... .......... .......... 17%  115M 1s
 13400K .......... .......... .......... .......... .......... 18%  144M 1s
 13450K .......... .......... .......... .......... .......... 18%  125M 1s
 13500K .......... .......... .......... .......... .......... 18% 87.9M 1s
 13550K .......... .......... .......... .......... .......... 18%  119M 1s
 13600K .......... .......... .......... .......... .......... 18%  122M 1s
 13650K .......... .......... .......... .......... .......... 18% 88.1M 1s
 13700K .......... .......... .......... .......... .......... 18%  110M 1s
 13750K .......... .......... .......... .......... .......... 18%  119M 1s
 13800K .......... .......... .......... .......... .......... 18%  110M 1s
 13850K .......... .......... .......... .......... .......... 18%  102M 1s
 13900K .......... .......... .......... .......... .......... 18% 52.7M 1s
 13950K .......... .......... .......... .......... .......... 18%  138M 1s
 14000K .......... .......... .......... .......... .......... 18%  145M 1s
 14050K .......... .......... .......... .......... .......... 18%  112M 1s
 14100K .......... .......... .......... .......... .......... 18%  160M 1s
 14150K .......... .......... .......... .......... .......... 19%  108M 1s
 14200K .......... .......... .......... .......... .......... 19%  124M 1s
 14250K .......... .......... .......... .......... .......... 19%  101M 1s
 14300K .......... .......... .......... .......... .......... 19% 70.5M 1s
 14350K .......... .......... .......... .......... .......... 19%  175M 1s
 14400K .......... .......... .......... .......... .......... 19% 98.7M 1s
 14450K .......... .......... .......... .......... .......... 19% 83.1M 1s
 14500K .......... .......... .......... .......... .......... 19%  102M 1s
 14550K .......... .......... .......... .......... .......... 19%  114M 1s
 14600K .......... .......... .......... .......... .......... 19% 91.6M 1s
 14650K .......... .......... .......... .......... .......... 19% 95.6M 1s
 14700K .......... .......... .......... .......... .......... 19% 90.6M 1s
 14750K .......... .......... .......... .......... .......... 19%  130M 1s
 14800K .......... .......... .......... .......... .......... 19%  104M 1s
 14850K .......... .......... .......... .......... .......... 19% 91.8M 1s
 14900K .......... .......... .......... .......... .......... 20%  129M 1s
 14950K .......... .......... .......... .......... .......... 20%  101M 1s
 15000K .......... .......... .......... .......... .......... 20%  122M 1s
 15050K .......... .......... .......... .......... .......... 20%  111M 1s
 15100K .......... .......... .......... .......... .......... 20%  118M 1s
 15150K .......... .......... .......... .......... .......... 20%  111M 1s
 15200K .......... .......... .......... .......... .......... 20%  124M 1s
 15250K .......... .......... .......... .......... .......... 20% 87.7M 1s
 15300K .......... .......... .......... .......... .......... 20% 83.6M 1s
 15350K .......... .......... .......... .......... .......... 20% 84.1M 1s
 15400K .......... .......... .......... .......... .......... 20% 67.9M 1s
 15450K .......... .......... .......... .......... .......... 20% 92.3M 1s
 15500K .......... .......... .......... .......... .......... 20%  129M 1s
 15550K .......... .......... .......... .......... .......... 20%  127M 1s
 15600K .......... .......... .......... .......... .......... 20%  119M 1s
 15650K .......... .......... .......... .......... .......... 21%  104M 1s
 15700K .......... .......... .......... .......... .......... 21%  126M 1s
 15750K .......... .......... .......... .......... .......... 21%  125M 1s
 15800K .......... .......... .......... .......... .......... 21%  149M 1s
 15850K .......... .......... .......... .......... .......... 21%  114M 1s
 15900K .......... .......... .......... .......... .......... 21%  120M 1s
 15950K .......... .......... .......... .......... .......... 21%  135M 1s
 16000K .......... .......... .......... .......... .......... 21%  127M 1s
 16050K .......... .......... .......... .......... .......... 21%  101M 1s
 16100K .......... .......... .......... .......... .......... 21%  127M 1s
 16150K .......... .......... .......... .......... .......... 21%  125M 1s
 16200K .......... .......... .......... .......... .......... 21%  121M 1s
 16250K .......... .......... .......... .......... .......... 21%  112M 1s
 16300K .......... .......... .......... .......... .......... 21% 91.0M 1s
 16350K .......... .......... .......... .......... .......... 21% 91.8M 1s
 16400K .......... .......... .......... .......... .......... 22% 89.4M 1s
 16450K .......... .......... .......... .......... .......... 22% 73.0M 1s
 16500K .......... .......... .......... .......... .......... 22%  144M 1s
 16550K .......... .......... .......... .......... .......... 22%  141M 1s
 16600K .......... .......... .......... .......... .......... 22%  141M 1s
 16650K .......... .......... .......... .......... .......... 22%  105M 1s
 16700K .......... .......... .......... .......... .......... 22%  113M 1s
 16750K .......... .......... .......... .......... .......... 22% 99.5M 1s
 16800K .......... .......... .......... .......... .......... 22% 41.5M 1s
 16850K .......... .......... .......... .......... .......... 22% 38.5M 1s
 16900K .......... .......... .......... .......... .......... 22% 91.0M 1s
 16950K .......... .......... .......... .......... .......... 22% 93.6M 1s
 17000K .......... .......... .......... .......... .......... 22%  108M 1s
 17050K .......... .......... .......... .......... .......... 22%  108M 1s
 17100K .......... .......... .......... .......... .......... 22%  131M 1s
 17150K .......... .......... .......... .......... .......... 23%  130M 1s
 17200K .......... .......... .......... .......... .......... 23%  115M 1s
 17250K .......... .......... .......... .......... .......... 23% 98.0M 1s
 17300K .......... .......... .......... .......... .......... 23%  101M 1s
 17350K .......... .......... .......... .......... .......... 23% 70.3M 1s
 17400K .......... .......... .......... .......... .......... 23% 74.3M 1s
 17450K .......... .......... .......... .......... .......... 23% 94.6M 1s
 17500K .......... .......... .......... .......... .......... 23%  114M 1s
 17550K .......... .......... .......... .......... .......... 23%  127M 1s
 17600K .......... .......... .......... .......... .......... 23%  153M 1s
 17650K .......... .......... .......... .......... .......... 23%  121M 1s
 17700K .......... .......... .......... .......... .......... 23% 91.9M 1s
 17750K .......... .......... .......... .......... .......... 23% 87.8M 1s
 17800K .......... .......... .......... .......... .......... 23%  127M 1s
 17850K .......... .......... .......... .......... .......... 23%  116M 1s
 17900K .......... .......... .......... .......... .......... 24%  110M 1s
 17950K .......... .......... .......... .......... .......... 24%  107M 1s
 18000K .......... .......... .......... .......... .......... 24% 95.9M 1s
 18050K .......... .......... .......... .......... .......... 24% 86.0M 1s
 18100K .......... .......... .......... .......... .......... 24%  119M 1s
 18150K .......... .......... .......... .......... .......... 24% 50.6M 1s
 18200K .......... .......... .......... .......... .......... 24% 32.5M 1s
 18250K .......... .......... .......... .......... .......... 24% 88.0M 1s
 18300K .......... .......... .......... .......... .......... 24%  119M 1s
 18350K .......... .......... .......... .......... .......... 24% 58.5M 1s
 18400K .......... .......... .......... .......... .......... 24% 48.5M 1s
 18450K .......... .......... .......... .......... .......... 24% 95.3M 1s
 18500K .......... .......... .......... .......... .......... 24%  112M 1s
 18550K .......... .......... .......... .......... .......... 24%  108M 1s
 18600K .......... .......... .......... .......... .......... 24%  113M 1s
 18650K .......... .......... .......... .......... .......... 25%  115M 1s
 18700K .......... .......... .......... .......... .......... 25%  122M 1s
 18750K .......... .......... .......... .......... .......... 25% 92.7M 1s
 18800K .......... .......... .......... .......... .......... 25%  106M 1s
 18850K .......... .......... .......... .......... .......... 25%  123M 1s
 18900K .......... .......... .......... .......... .......... 25%  122M 1s
 18950K .......... .......... .......... .......... .......... 25%  104M 1s
 19000K .......... .......... .......... .......... .......... 25%  118M 1s
 19050K .......... .......... .......... .......... .......... 25%  124M 1s
 19100K .......... .......... .......... .......... .......... 25%  107M 1s
 19150K .......... .......... .......... .......... .......... 25% 93.2M 1s
 19200K .......... .......... .......... .......... .......... 25%  119M 1s
 19250K .......... .......... .......... .......... .......... 25%  104M 1s
 19300K .......... .......... .......... .......... .......... 25%  134M 1s
 19350K .......... .......... .......... .......... .......... 26%  109M 1s
 19400K .......... .......... .......... .......... .......... 26%  101M 1s
 19450K .......... .......... .......... .......... .......... 26% 96.0M 1s
 19500K .......... .......... .......... .......... .......... 26%  101M 1s
 19550K .......... .......... .......... .......... .......... 26% 65.6M 1s
 19600K .......... .......... .......... .......... .......... 26%  107M 1s
 19650K .......... .......... .......... .......... .......... 26% 81.4M 1s
 19700K .......... .......... .......... .......... .......... 26% 84.0M 1s
 19750K .......... .......... .......... .......... .......... 26% 62.7M 1s
 19800K .......... .......... .......... .......... .......... 26% 88.5M 1s
 19850K .......... .......... .......... .......... .......... 26%  104M 1s
 19900K .......... .......... .......... .......... .......... 26%  128M 1s
 19950K .......... .......... .......... .......... .......... 26%  122M 1s
 20000K .......... .......... .......... .......... .......... 26%  123M 1s
 20050K .......... .......... .......... .......... .......... 26% 99.3M 1s
 20100K .......... .......... .......... .......... .......... 27%  124M 1s
 20150K .......... .......... .......... .......... .......... 27% 77.0M 1s
 20200K .......... .......... .......... .......... .......... 27% 97.3M 1s
 20250K .......... .......... .......... .......... .......... 27%  101M 1s
 20300K .......... .......... .......... .......... .......... 27% 81.1M 1s
 20350K .......... .......... .......... .......... .......... 27% 98.5M 1s
 20400K .......... .......... .......... .......... .......... 27% 80.1M 1s
 20450K .......... .......... .......... .......... .......... 27% 66.6M 1s
 20500K .......... .......... .......... .......... .......... 27%  129M 1s
 20550K .......... .......... .......... .......... .......... 27%  114M 1s
 20600K .......... .......... .......... .......... .......... 27%  120M 1s
 20650K .......... .......... .......... .......... .......... 27%  118M 1s
 20700K .......... .......... .......... .......... .......... 27%  112M 1s
 20750K .......... .......... .......... .......... .......... 27% 94.0M 1s
 20800K .......... .......... .......... .......... .......... 27%  114M 1s
 20850K .......... .......... .......... .......... .......... 28%  121M 1s
 20900K .......... .......... .......... .......... .......... 28%  113M 1s
 20950K .......... .......... .......... .......... .......... 28% 91.8M 1s
 21000K .......... .......... .......... .......... .......... 28%  130M 1s
 21050K .......... .......... .......... .......... .......... 28%  121M 1s
 21100K .......... .......... .......... .......... .......... 28% 93.9M 1s
 21150K .......... .......... .......... .......... .......... 28% 74.7M 1s
 21200K .......... .......... .......... .......... .......... 28%  143M 1s
 21250K .......... .......... .......... .......... .......... 28%  134M 1s
 21300K .......... .......... .......... .......... .......... 28%  128M 1s
 21350K .......... .......... .......... .......... .......... 28% 96.6M 1s
 21400K .......... .......... .......... .......... .......... 28%  117M 1s
 21450K .......... .......... .......... .......... .......... 28%  126M 1s
 21500K .......... .......... .......... .......... .......... 28%  114M 1s
 21550K .......... .......... .......... .......... .......... 28% 96.5M 1s
 21600K .......... .......... .......... .......... .......... 29%  125M 1s
 21650K .......... .......... .......... .......... .......... 29%  119M 1s
 21700K .......... .......... .......... .......... .......... 29%  105M 1s
 21750K .......... .......... .......... .......... .......... 29% 92.2M 1s
 21800K .......... .......... .......... .......... .......... 29% 82.3M 1s
 21850K .......... .......... .......... .......... .......... 29%  113M 1s
 21900K .......... .......... .......... .......... .......... 29%  157M 1s
 21950K .......... .......... .......... .......... .......... 29%  158M 1s
 22000K .......... .......... .......... .......... .......... 29%  105M 1s
 22050K .......... .......... .......... .......... .......... 29%  127M 1s
 22100K .......... .......... .......... .......... .......... 29% 86.3M 1s
 22150K .......... .......... .......... .......... .......... 29% 89.8M 1s
 22200K .......... .......... .......... .......... .......... 29%  117M 1s
 22250K .......... .......... .......... .......... .......... 29%  115M 1s
 22300K .......... .......... .......... .......... .......... 29%  103M 1s
 22350K .......... .......... .......... .......... .......... 30%  111M 1s
 22400K .......... .......... .......... .......... .......... 30%  133M 1s
 22450K .......... .......... .......... .......... .......... 30% 77.6M 1s
 22500K .......... .......... .......... .......... .......... 30% 73.9M 1s
 22550K .......... .......... .......... .......... .......... 30% 59.9M 1s
 22600K .......... .......... .......... .......... .......... 30%  113M 1s
 22650K .......... .......... .......... .......... .......... 30%  114M 1s
 22700K .......... .......... .......... .......... .......... 30% 98.2M 1s
 22750K .......... .......... .......... .......... .......... 30%  101M 1s
 22800K .......... .......... .......... .......... .......... 30%  109M 1s
 22850K .......... .......... .......... .......... .......... 30%  121M 1s
 22900K .......... .......... .......... .......... .......... 30%  124M 1s
 22950K .......... .......... .......... .......... .......... 30% 93.7M 1s
 23000K .......... .......... .......... .......... .......... 30%  116M 1s
 23050K .......... .......... .......... .......... .......... 30%  116M 1s
 23100K .......... .......... .......... .......... .......... 31%  120M 1s
 23150K .......... .......... .......... .......... .......... 31%  131M 1s
 23200K .......... .......... .......... .......... .......... 31%  195M 1s
 23250K .......... .......... .......... .......... .......... 31%  204M 1s
 23300K .......... .......... .......... .......... .......... 31% 90.3M 1s
 23350K .......... .......... .......... .......... .......... 31% 69.7M 1s
 23400K .......... .......... .......... .......... .......... 31%  136M 1s
 23450K .......... .......... .......... .......... .......... 31%  109M 1s
 23500K .......... .......... .......... .......... .......... 31% 78.4M 1s
 23550K .......... .......... .......... .......... .......... 31% 76.1M 1s
 23600K .......... .......... .......... .......... .......... 31% 97.4M 1s
 23650K .......... .......... .......... .......... .......... 31%  104M 1s
 23700K .......... .......... .......... .......... .......... 31% 80.5M 1s
 23750K .......... .......... .......... .......... .......... 31% 97.8M 1s
 23800K .......... .......... .......... .......... .......... 31% 97.9M 1s
 23850K .......... .......... .......... .......... .......... 32%  103M 1s
 23900K .......... .......... .......... .......... .......... 32% 86.8M 1s
 23950K .......... .......... .......... .......... .......... 32%  109M 1s
 24000K .......... .......... .......... .......... .......... 32%  122M 1s
 24050K .......... .......... .......... .......... .......... 32%  144M 1s
 24100K .......... .......... .......... .......... .......... 32% 96.7M 1s
 24150K .......... .......... .......... .......... .......... 32%  104M 1s
 24200K .......... .......... .......... .......... .......... 32% 96.1M 1s
 24250K .......... .......... .......... .......... .......... 32%  102M 1s
 24300K .......... .......... .......... .......... .......... 32% 90.2M 1s
 24350K .......... .......... .......... .......... .......... 32%  103M 1s
 24400K .......... .......... .......... .......... .......... 32% 97.3M 1s
 24450K .......... .......... .......... .......... .......... 32%  157M 1s
 24500K .......... .......... .......... .......... .......... 32% 75.2M 1s
 24550K .......... .......... .......... .......... .......... 32%  100M 1s
 24600K .......... .......... .......... .......... .......... 33%  112M 1s
 24650K .......... .......... .......... .......... .......... 33%  113M 1s
 24700K .......... .......... .......... .......... .......... 33%  103M 1s
 24750K .......... .......... .......... .......... .......... 33%  117M 1s
 24800K .......... .......... .......... .......... .......... 33%  124M 1s
 24850K .......... .......... .......... .......... .......... 33%  120M 1s
 24900K .......... .......... .......... .......... .......... 33% 84.2M 1s
 24950K .......... .......... .......... .......... .......... 33%  121M 1s
 25000K .......... .......... .......... .......... .......... 33% 44.0M 1s
 25050K .......... .......... .......... .......... .......... 33%  119M 1s
 25100K .......... .......... .......... .......... .......... 33% 49.1M 1s
 25150K .......... .......... .......... .......... .......... 33%  117M 1s
 25200K .......... .......... .......... .......... .......... 33%  105M 1s
 25250K .......... .......... .......... .......... .......... 33%  116M 1s
 25300K .......... .......... .......... .......... .......... 33% 86.5M 1s
 25350K .......... .......... .......... .......... .......... 34%  122M 1s
 25400K .......... .......... .......... .......... .......... 34%  121M 1s
 25450K .......... .......... .......... .......... .......... 34%  112M 1s
 25500K .......... .......... .......... .......... .......... 34%  108M 1s
 25550K .......... .......... .......... .......... .......... 34%  108M 1s
 25600K .......... .......... .......... .......... .......... 34%  135M 1s
 25650K .......... .......... .......... .......... .......... 34%  101M 1s
 25700K .......... .......... .......... .......... .......... 34% 93.5M 1s
 25750K .......... .......... .......... .......... .......... 34% 89.6M 1s
 25800K .......... .......... .......... .......... .......... 34%  128M 1s
 25850K .......... .......... .......... .......... .......... 34%  112M 1s
 25900K .......... .......... .......... .......... .......... 34% 96.7M 1s
 25950K .......... .......... .......... .......... .......... 34%  107M 1s
 26000K .......... .......... .......... .......... .......... 34%  115M 1s
 26050K .......... .......... .......... .......... .......... 34%  101M 1s
 26100K .......... .......... .......... .......... .......... 35% 95.9M 1s
 26150K .......... .......... .......... .......... .......... 35% 87.9M 1s
 26200K .......... .......... .......... .......... .......... 35%  121M 1s
 26250K .......... .......... .......... .......... .......... 35% 97.7M 1s
 26300K .......... .......... .......... .......... .......... 35%  112M 1s
 26350K .......... .......... .......... .......... .......... 35%  108M 1s
 26400K .......... .......... .......... .......... .......... 35%  121M 1s
 26450K .......... .......... .......... .......... .......... 35%  121M 1s
 26500K .......... .......... .......... .......... .......... 35% 79.1M 1s
 26550K .......... .......... .......... .......... .......... 35%  116M 1s
 26600K .......... .......... .......... .......... .......... 35% 99.2M 1s
 26650K .......... .......... .......... .......... .......... 35%  113M 1s
 26700K .......... .......... .......... .......... .......... 35% 94.9M 1s
 26750K .......... .......... .......... .......... .......... 35% 99.3M 1s
 26800K .......... .......... .......... .......... .......... 35%  105M 1s
 26850K .......... .......... .......... .......... .......... 36%  114M 1s
 26900K .......... .......... .......... .......... .......... 36%  131M 1s
 26950K .......... .......... .......... .......... .......... 36%  105M 1s
 27000K .......... .......... .......... .......... .......... 36%  113M 1s
 27050K .......... .......... .......... .......... .......... 36%  113M 1s
 27100K .......... .......... .......... .......... .......... 36%  127M 1s
 27150K .......... .......... .......... .......... .......... 36% 78.3M 1s
 27200K .......... .......... .......... .......... .......... 36%  113M 1s
 27250K .......... .......... .......... .......... .......... 36%  128M 1s
 27300K .......... .......... .......... .......... .......... 36% 78.8M 1s
 27350K .......... .......... .......... .......... .......... 36%  111M 1s
 27400K .......... .......... .......... .......... .......... 36%  144M 1s
 27450K .......... .......... .......... .......... .......... 36%  147M 1s
 27500K .......... .......... .......... .......... .......... 36%  108M 1s
 27550K .......... .......... .......... .......... .......... 36% 92.2M 1s
 27600K .......... .......... .......... .......... .......... 37%  128M 1s
 27650K .......... .......... .......... .......... .......... 37%  114M 1s
 27700K .......... .......... .......... .......... .......... 37%  112M 1s
 27750K .......... .......... .......... .......... .......... 37%  101M 1s
 27800K .......... .......... .......... .......... .......... 37%  121M 1s
 27850K .......... .......... .......... .......... .......... 37%  121M 1s
 27900K .......... .......... .......... .......... .......... 37%  108M 1s
 27950K .......... .......... .......... .......... .......... 37% 93.9M 1s
 28000K .......... .......... .......... .......... .......... 37%  121M 1s
 28050K .......... .......... .......... .......... .......... 37%  122M 1s
 28100K .......... .......... .......... .......... .......... 37%  107M 1s
 28150K .......... .......... .......... .......... .......... 37%  115M 1s
 28200K .......... .......... .......... .......... .......... 37%  103M 1s
 28250K .......... .......... .......... .......... .......... 37%  114M 1s
 28300K .......... .......... .......... .......... .......... 37%  116M 1s
 28350K .......... .......... .......... .......... .......... 38%  103M 1s
 28400K .......... .......... .......... .......... .......... 38% 93.7M 1s
 28450K .......... .......... .......... .......... .......... 38%  128M 1s
 28500K .......... .......... .......... .......... .......... 38%  101M 1s
 28550K .......... .......... .......... .......... .......... 38%  124M 1s
 28600K .......... .......... .......... .......... .......... 38% 88.8M 1s
 28650K .......... .......... .......... .......... .......... 38%  115M 1s
 28700K .......... .......... .......... .......... .......... 38%  124M 1s
 28750K .......... .......... .......... .......... .......... 38%  115M 1s
 28800K .......... .......... .......... .......... .......... 38%  101M 1s
 28850K .......... .......... .......... .......... .......... 38%  114M 1s
 28900K .......... .......... .......... .......... .......... 38%  112M 1s
 28950K .......... .......... .......... .......... .......... 38%  109M 1s
 29000K .......... .......... .......... .......... .......... 38% 96.9M 1s
 29050K .......... .......... .......... .......... .......... 39%  101M 1s
 29100K .......... .......... .......... .......... .......... 39%  110M 1s
 29150K .......... .......... .......... .......... .......... 39%  114M 1s
 29200K .......... .......... .......... .......... .......... 39% 87.3M 1s
 29250K .......... .......... .......... .......... .......... 39%  110M 1s
 29300K .......... .......... .......... .......... .......... 39%  108M 1s
 29350K .......... .......... .......... .......... .......... 39%  112M 1s
 29400K .......... .......... .......... .......... .......... 39% 91.1M 1s
 29450K .......... .......... .......... .......... .......... 39%  113M 1s
 29500K .......... .......... .......... .......... .......... 39%  112M 1s
 29550K .......... .......... .......... .......... .......... 39%  114M 1s
 29600K .......... .......... .......... .......... .......... 39%  112M 1s
 29650K .......... .......... .......... .......... .......... 39%  109M 1s
 29700K .......... .......... .......... .......... .......... 39%  108M 1s
 29750K .......... .......... .......... .......... .......... 39%  107M 1s
 29800K .......... .......... .......... .......... .......... 40% 85.9M 1s
 29850K .......... .......... .......... .......... .......... 40% 98.0M 1s
 29900K .......... .......... .......... .......... .......... 40%  107M 1s
 29950K .......... .......... .......... .......... .......... 40%  104M 1s
 30000K .......... .......... .......... .......... .......... 40%  118M 1s
 30050K .......... .......... .......... .......... .......... 40%  108M 1s
 30100K .......... .......... .......... .......... .......... 40%  124M 1s
 30150K .......... .......... .......... .......... .......... 40%  114M 1s
 30200K .......... .......... .......... .......... .......... 40% 94.7M 1s
 30250K .......... .......... .......... .......... .......... 40%  112M 1s
 30300K .......... .......... .......... .......... .......... 40%  114M 1s
 30350K .......... .......... .......... .......... .......... 40% 96.4M 1s
 30400K .......... .......... .......... .......... .......... 40%  110M 1s
 30450K .......... .......... .......... .......... .......... 40%  121M 1s
 30500K .......... .......... .......... .......... .......... 40%  118M 1s
 30550K .......... .......... .......... .......... .......... 41%  113M 1s
 30600K .......... .......... .......... .......... .......... 41% 95.8M 1s
 30650K .......... .......... .......... .......... .......... 41%  113M 1s
 30700K .......... .......... .......... .......... .......... 41%  112M 1s
 30750K .......... .......... .......... .......... .......... 41%  124M 1s
 30800K .......... .......... .......... .......... .......... 41%  105M 1s
 30850K .......... .......... .......... .......... .......... 41%  112M 1s
 30900K .......... .......... .......... .......... .......... 41%  112M 1s
 30950K .......... .......... .......... .......... .......... 41%  128M 1s
 31000K .......... .......... .......... .......... .......... 41% 87.9M 1s
 31050K .......... .......... .......... .......... .......... 41%  127M 1s
 31100K .......... .......... .......... .......... .......... 41%  113M 1s
 31150K .......... .......... .......... .......... .......... 41%  113M 1s
 31200K .......... .......... .......... .......... .......... 41%  105M 1s
 31250K .......... .......... .......... .......... .......... 41%  112M 1s
 31300K .......... .......... .......... .......... .......... 42%  130M 1s
 31350K .......... .......... .......... .......... .......... 42%  111M 1s
 31400K .......... .......... .......... .......... .......... 42% 87.6M 1s
 31450K .......... .......... .......... .......... .......... 42%  115M 1s
 31500K .......... .......... .......... .......... .......... 42% 96.4M 1s
 31550K .......... .......... .......... .......... .......... 42%  123M 1s
 31600K .......... .......... .......... .......... .......... 42% 99.9M 1s
 31650K .......... .......... .......... .......... .......... 42%  109M 1s
 31700K .......... .......... .......... .......... .......... 42%  121M 1s
 31750K .......... .......... .......... .......... .......... 42%  120M 1s
 31800K .......... .......... .......... .......... .......... 42% 87.1M 1s
 31850K .......... .......... .......... .......... .......... 42%  121M 1s
 31900K .......... .......... .......... .......... .......... 42%  127M 1s
 31950K .......... .......... .......... .......... .......... 42%  112M 1s
 32000K .......... .......... .......... .......... .......... 42%  113M 1s
 32050K .......... .......... .......... .......... .......... 43% 86.5M 1s
 32100K .......... .......... .......... .......... .......... 43%  113M 1s
 32150K .......... .......... .......... .......... .......... 43%  112M 1s
 32200K .......... .......... .......... .......... .......... 43% 98.7M 1s
 32250K .......... .......... .......... .......... .......... 43%  107M 1s
 32300K .......... .......... .......... .......... .......... 43%  127M 1s
 32350K .......... .......... .......... .......... .......... 43%  112M 1s
 32400K .......... .......... .......... .......... .......... 43%  104M 1s
 32450K .......... .......... .......... .......... .......... 43% 84.8M 1s
 32500K .......... .......... .......... .......... .......... 43%  109M 1s
 32550K .......... .......... .......... .......... .......... 43%  112M 1s
 32600K .......... .......... .......... .......... .......... 43%  101M 1s
 32650K .......... .......... .......... .......... .......... 43%  105M 1s
 32700K .......... .......... .......... .......... .......... 43%  112M 1s
 32750K .......... .......... .......... .......... .......... 43%  112M 1s
 32800K .......... .......... .......... .......... .......... 44%  131M 1s
 32850K .......... .......... .......... .......... .......... 44% 86.8M 1s
 32900K .......... .......... .......... .......... .......... 44%  112M 1s
 32950K .......... .......... .......... .......... .......... 44% 89.9M 1s
 33000K .......... .......... .......... .......... .......... 44%  114M 1s
 33050K .......... .......... .......... .......... .......... 44% 95.8M 1s
 33100K .......... .......... .......... .......... .......... 44%  110M 1s
 33150K .......... .......... .......... .......... .......... 44% 36.3M 1s
 33200K .......... .......... .......... .......... .......... 44% 37.2M 1s
 33250K .......... .......... .......... .......... .......... 44% 32.5M 1s
 33300K .......... .......... .......... .......... .......... 44%  123M 1s
 33350K .......... .......... .......... .......... .......... 44% 38.1M 1s
 33400K .......... .......... .......... .......... .......... 44% 67.4M 1s
 33450K .......... .......... .......... .......... .......... 44% 99.2M 1s
 33500K .......... .......... .......... .......... .......... 44%  120M 1s
 33550K .......... .......... .......... .......... .......... 45%  113M 1s
 33600K .......... .......... .......... .......... .......... 45%  101M 1s
 33650K .......... .......... .......... .......... .......... 45% 96.1M 1s
 33700K .......... .......... .......... .......... .......... 45%  112M 1s
 33750K .......... .......... .......... .......... .......... 45%  110M 1s
 33800K .......... .......... .......... .......... .......... 45%  131M 1s
 33850K .......... .......... .......... .......... .......... 45%  105M 1s
 33900K .......... .......... .......... .......... .......... 45%  112M 1s
 33950K .......... .......... .......... .......... .......... 45%  118M 1s
 34000K .......... .......... .......... .......... .......... 45% 73.5M 1s
 34050K .......... .......... .......... .......... .......... 45% 96.0M 1s
 34100K .......... .......... .......... .......... .......... 45%  112M 1s
 34150K .......... .......... .......... .......... .......... 45%  114M 1s
 34200K .......... .......... .......... .......... .......... 45%  109M 1s
 34250K .......... .......... .......... .......... .......... 45%  112M 1s
 34300K .......... .......... .......... .......... .......... 46%  122M 1s
 34350K .......... .......... .......... .......... .......... 46%  107M 1s
 34400K .......... .......... .......... .......... .......... 46%  119M 1s
 34450K .......... .......... .......... .......... .......... 46% 95.0M 1s
 34500K .......... .......... .......... .......... .......... 46%  110M 1s
 34550K .......... .......... .......... .......... .......... 46%  122M 1s
 34600K .......... .......... .......... .......... .......... 46% 48.6M 1s
 34650K .......... .......... .......... .......... .......... 46% 71.4M 1s
 34700K .......... .......... .......... .......... .......... 46% 69.3M 1s
 34750K .......... .......... .......... .......... .......... 46%  113M 1s
 34800K .......... .......... .......... .......... .......... 46% 45.3M 1s
 34850K .......... .......... .......... .......... .......... 46% 48.7M 1s
 34900K .......... .......... .......... .......... .......... 46% 89.5M 1s
 34950K .......... .......... .......... .......... .......... 46%  129M 1s
 35000K .......... .......... .......... .......... .......... 46% 44.4M 1s
 35050K .......... .......... .......... .......... .......... 47%  109M 1s
 35100K .......... .......... .......... .......... .......... 47% 32.4M 1s
 35150K .......... .......... .......... .......... .......... 47%  115M 1s
 35200K .......... .......... .......... .......... .......... 47%  121M 1s
 35250K .......... .......... .......... .......... .......... 47% 93.0M 1s
 35300K .......... .......... .......... .......... .......... 47%  107M 1s
 35350K .......... .......... .......... .......... .......... 47%  108M 1s
 35400K .......... .......... .......... .......... .......... 47%  123M 1s
 35450K .......... .......... .......... .......... .......... 47%  100M 1s
 35500K .......... .......... .......... .......... .......... 47%  107M 1s
 35550K .......... .......... .......... .......... .......... 47%  109M 1s
 35600K .......... .......... .......... .......... .......... 47%  108M 1s
 35650K .......... .......... .......... .......... .......... 47% 86.4M 1s
 35700K .......... .......... .......... .......... .......... 47%  111M 1s
 35750K .......... .......... .......... .......... .......... 47%  112M 1s
 35800K .......... .......... .......... .......... .......... 48%  101M 1s
 35850K .......... .......... .......... .......... .......... 48%  103M 1s
 35900K .......... .......... .......... .......... .......... 48%  113M 1s
 35950K .......... .......... .......... .......... .......... 48%  114M 1s
 36000K .......... .......... .......... .......... .......... 48% 99.7M 1s
 36050K .......... .......... .......... .......... .......... 48% 87.2M 1s
 36100K .......... .......... .......... .......... .......... 48%  101M 1s
 36150K .......... .......... .......... .......... .......... 48%  112M 1s
 36200K .......... .......... .......... .......... .......... 48%  100M 1s
 36250K .......... .......... .......... .......... .......... 48%  102M 1s
 36300K .......... .......... .......... .......... .......... 48%  121M 1s
 36350K .......... .......... .......... .......... .......... 48%  108M 1s
 36400K .......... .......... .......... .......... .......... 48%  119M 1s
 36450K .......... .......... .......... .......... .......... 48% 89.8M 1s
 36500K .......... .......... .......... .......... .......... 48%  122M 1s
 36550K .......... .......... .......... .......... .......... 49%  120M 1s
 36600K .......... .......... .......... .......... .......... 49%  109M 1s
 36650K .......... .......... .......... .......... .......... 49%  112M 1s
 36700K .......... .......... .......... .......... .......... 49%  122M 1s
 36750K .......... .......... .......... .......... .......... 49%  112M 1s
 36800K .......... .......... .......... .......... .......... 49%  104M 1s
 36850K .......... .......... .......... .......... .......... 49% 34.4M 1s
 36900K .......... .......... .......... .......... .......... 49%  121M 1s
 36950K .......... .......... .......... .......... .......... 49%  113M 1s
 37000K .......... .......... .......... .......... .......... 49%  116M 1s
 37050K .......... .......... .......... .......... .......... 49%  107M 1s
 37100K .......... .......... .......... .......... .......... 49%  123M 1s
 37150K .......... .......... .......... .......... .......... 49%  124M 1s
 37200K .......... .......... .......... .......... .......... 49%  124M 1s
 37250K .......... .......... .......... .......... .......... 49% 97.7M 1s
 37300K .......... .......... .......... .......... .......... 50%  122M 1s
 37350K .......... .......... .......... .......... .......... 50%  121M 1s
 37400K .......... .......... .......... .......... .......... 50%  120M 1s
 37450K .......... .......... .......... .......... .......... 50% 96.6M 1s
 37500K .......... .......... .......... .......... .......... 50%  162M 1s
 37550K .......... .......... .......... .......... .......... 50%  180M 1s
 37600K .......... .......... .......... .......... .......... 50%  180M 1s
 37650K .......... .......... .......... .......... .......... 50%  147M 0s
 37700K .......... .......... .......... .......... .......... 50%  137M 0s
 37750K .......... .......... .......... .......... .......... 50%  119M 0s
 37800K .......... .......... .......... .......... .......... 50%  120M 0s
 37850K .......... .......... .......... .......... .......... 50%  106M 0s
 37900K .......... .......... .......... .......... .......... 50%  119M 0s
 37950K .......... .......... .......... .......... .......... 50% 96.6M 0s
 38000K .......... .......... .......... .......... .......... 50% 99.4M 0s
 38050K .......... .......... .......... .......... .......... 51% 18.0M 0s
 38100K .......... .......... .......... .......... .......... 51%  123M 0s
 38150K .......... .......... .......... .......... .......... 51%  107M 0s
 38200K .......... .......... .......... .......... .......... 51%  126M 0s
 38250K .......... .......... .......... .......... .......... 51%  110M 0s
 38300K .......... .......... .......... .......... .......... 51%  129M 0s
 38350K .......... .......... .......... .......... .......... 51%  112M 0s
 38400K .......... .......... .......... .......... .......... 51%  120M 0s
 38450K .......... .......... .......... .......... .......... 51% 91.8M 0s
 38500K .......... .......... .......... .......... .......... 51%  120M 0s
 38550K .......... .......... .......... .......... .......... 51%  122M 0s
 38600K .......... .......... .......... .......... .......... 51%  126M 0s
 38650K .......... .......... .......... .......... .......... 51%  101M 0s
 38700K .......... .......... .......... .......... .......... 51%  128M 0s
 38750K .......... .......... .......... .......... .......... 52%  147M 0s
 38800K .......... .......... .......... .......... .......... 52%  149M 0s
 38850K .......... .......... .......... .......... .......... 52%  122M 0s
 38900K .......... .......... .......... .......... .......... 52%  144M 0s
 38950K .......... .......... .......... .......... .......... 52%  152M 0s
 39000K .......... .......... .......... .......... .......... 52%  138M 0s
 39050K .......... .......... .......... .......... .......... 52%  137M 0s
 39100K .......... .......... .......... .......... .......... 52%  151M 0s
 39150K .......... .......... .......... .......... .......... 52%  149M 0s
 39200K .......... .......... .......... .......... .......... 52%  144M 0s
 39250K .......... .......... .......... .......... .......... 52%  125M 0s
 39300K .......... .......... .......... .......... .......... 52%  150M 0s
 39350K .......... .......... .......... .......... .......... 52%  153M 0s
 39400K .......... .......... .......... .......... .......... 52%  152M 0s
 39450K .......... .......... .......... .......... .......... 52% 80.2M 0s
 39500K .......... .......... .......... .......... .......... 53% 84.3M 0s
 39550K .......... .......... .......... .......... .......... 53%  133M 0s
 39600K .......... .......... .......... .......... .......... 53%  130M 0s
 39650K .......... .......... .......... .......... .......... 53%  108M 0s
 39700K .......... .......... .......... .......... .......... 53%  114M 0s
 39750K .......... .......... .......... .......... .......... 53%  133M 0s
 39800K .......... .......... .......... .......... .......... 53%  129M 0s
 39850K .......... .......... .......... .......... .......... 53% 83.3M 0s
 39900K .......... .......... .......... .......... .......... 53% 86.6M 0s
 39950K .......... .......... .......... .......... .......... 53% 78.9M 0s
 40000K .......... .......... .......... .......... .......... 53%  122M 0s
 40050K .......... .......... .......... .......... .......... 53% 74.6M 0s
 40100K .......... .......... .......... .......... .......... 53% 89.5M 0s
 40150K .......... .......... .......... .......... .......... 53%  103M 0s
 40200K .......... .......... .......... .......... .......... 53%  130M 0s
 40250K .......... .......... .......... .......... .......... 54% 64.5M 0s
 40300K .......... .......... .......... .......... .......... 54% 83.5M 0s
 40350K .......... .......... .......... .......... .......... 54% 66.6M 0s
 40400K .......... .......... .......... .......... .......... 54%  125M 0s
 40450K .......... .......... .......... .......... .......... 54% 90.6M 0s
 40500K .......... .......... .......... .......... .......... 54%  123M 0s
 40550K .......... .......... .......... .......... .......... 54%  105M 0s
 40600K .......... .......... .......... .......... .......... 54% 67.7M 0s
 40650K .......... .......... .......... .......... .......... 54% 44.1M 0s
 40700K .......... .......... .......... .......... .......... 54% 90.3M 0s
 40750K .......... .......... .......... .......... .......... 54%  100M 0s
 40800K .......... .......... .......... .......... .......... 54%  112M 0s
 40850K .......... .......... .......... .......... .......... 54%  155M 0s
 40900K .......... .......... .......... .......... .......... 54% 95.7M 0s
 40950K .......... .......... .......... .......... .......... 54%  118M 0s
 41000K .......... .......... .......... .......... .......... 55% 42.7M 0s
 41050K .......... .......... .......... .......... .......... 55% 38.0M 0s
 41100K .......... .......... .......... .......... .......... 55% 34.5M 0s
 41150K .......... .......... .......... .......... .......... 55% 60.1M 0s
 41200K .......... .......... .......... .......... .......... 55%  100M 0s
 41250K .......... .......... .......... .......... .......... 55%  119M 0s
 41300K .......... .......... .......... .......... .......... 55%  125M 0s
 41350K .......... .......... .......... .......... .......... 55% 88.9M 0s
 41400K .......... .......... .......... .......... .......... 55%  110M 0s
 41450K .......... .......... .......... .......... .......... 55%  112M 0s
 41500K .......... .......... .......... .......... .......... 55%  107M 0s
 41550K .......... .......... .......... .......... .......... 55%  111M 0s
 41600K .......... .......... .......... .......... .......... 55%  113M 0s
 41650K .......... .......... .......... .......... .......... 55%  126M 0s
 41700K .......... .......... .......... .......... .......... 55% 98.5M 0s
 41750K .......... .......... .......... .......... .......... 56%  109M 0s
 41800K .......... .......... .......... .......... .......... 56% 90.6M 0s
 41850K .......... .......... .......... .......... .......... 56%  114M 0s
 41900K .......... .......... .......... .......... .......... 56%  112M 0s
 41950K .......... .......... .......... .......... .......... 56% 97.3M 0s
 42000K .......... .......... .......... .......... .......... 56% 94.4M 0s
 42050K .......... .......... .......... .......... .......... 56%  118M 0s
 42100K .......... .......... .......... .......... .......... 56%  108M 0s
 42150K .......... .......... .......... .......... .......... 56%  107M 0s
 42200K .......... .......... .......... .......... .......... 56% 88.9M 0s
 42250K .......... .......... .......... .......... .......... 56%  107M 0s
 42300K .......... .......... .......... .......... .......... 56%  109M 0s
 42350K .......... .......... .......... .......... .......... 56%  115M 0s
 42400K .......... .......... .......... .......... .......... 56% 79.1M 0s
 42450K .......... .......... .......... .......... .......... 56%  113M 0s
 42500K .......... .......... .......... .......... .......... 57%  121M 0s
 42550K .......... .......... .......... .......... .......... 57% 90.3M 0s
 42600K .......... .......... .......... .......... .......... 57% 92.7M 0s
 42650K .......... .......... .......... .......... .......... 57% 96.4M 0s
 42700K .......... .......... .......... .......... .......... 57%  112M 0s
 42750K .......... .......... .......... .......... .......... 57%  144M 0s
 42800K .......... .......... .......... .......... .......... 57%  103M 0s
 42850K .......... .......... .......... .......... .......... 57%  116M 0s
 42900K .......... .......... .......... .......... .......... 57%  120M 0s
 42950K .......... .......... .......... .......... .......... 57%  106M 0s
 43000K .......... .......... .......... .......... .......... 57%  104M 0s
 43050K .......... .......... .......... .......... .......... 57%  121M 0s
 43100K .......... .......... .......... .......... .......... 57%  104M 0s
 43150K .......... .......... .......... .......... .......... 57%  117M 0s
 43200K .......... .......... .......... .......... .......... 57% 89.6M 0s
 43250K .......... .......... .......... .......... .......... 58% 97.6M 0s
 43300K .......... .......... .......... .......... .......... 58%  133M 0s
 43350K .......... .......... .......... .......... .......... 58%  129M 0s
 43400K .......... .......... .......... .......... .......... 58%  111M 0s
 43450K .......... .......... .......... .......... .......... 58%  109M 0s
 43500K .......... .......... .......... .......... .......... 58%  107M 0s
 43550K .......... .......... .......... .......... .......... 58%  103M 0s
 43600K .......... .......... .......... .......... .......... 58% 83.0M 0s
 43650K .......... .......... .......... .......... .......... 58% 99.5M 0s
 43700K .......... .......... .......... .......... .......... 58%  110M 0s
 43750K .......... .......... .......... .......... .......... 58%  132M 0s
 43800K .......... .......... .......... .......... .......... 58%  100M 0s
 43850K .......... .......... .......... .......... .......... 58%  112M 0s
 43900K .......... .......... .......... .......... .......... 58%  115M 0s
 43950K .......... .......... .......... .......... .......... 58%  126M 0s
 44000K .......... .......... .......... .......... .......... 59% 90.0M 0s
 44050K .......... .......... .......... .......... .......... 59%  115M 0s
 44100K .......... .......... .......... .......... .......... 59%  109M 0s
 44150K .......... .......... .......... .......... .......... 59%  109M 0s
 44200K .......... .......... .......... .......... .......... 59%  107M 0s
 44250K .......... .......... .......... .......... .......... 59% 86.4M 0s
 44300K .......... .......... .......... .......... .......... 59%  117M 0s
 44350K .......... .......... .......... .......... .......... 59%  103M 0s
 44400K .......... .......... .......... .......... .......... 59% 82.2M 0s
 44450K .......... .......... .......... .......... .......... 59%  112M 0s
 44500K .......... .......... .......... .......... .......... 59%  124M 0s
 44550K .......... .......... .......... .......... .......... 59% 98.5M 0s
 44600K .......... .......... .......... .......... .......... 59% 98.5M 0s
 44650K .......... .......... .......... .......... .......... 59%  121M 0s
 44700K .......... .......... .......... .......... .......... 59%  147M 0s
 44750K .......... .......... .......... .......... .......... 60% 98.1M 0s
 44800K .......... .......... .......... .......... .......... 60% 83.5M 0s
 44850K .......... .......... .......... .......... .......... 60%  119M 0s
 44900K .......... .......... .......... .......... .......... 60%  114M 0s
 44950K .......... .......... .......... .......... .......... 60%  106M 0s
 45000K .......... .......... .......... .......... .......... 60%  105M 0s
 45050K .......... .......... .......... .......... .......... 60%  134M 0s
 45100K .......... .......... .......... .......... .......... 60% 95.5M 0s
 45150K .......... .......... .......... .......... .......... 60% 88.6M 0s
 45200K .......... .......... .......... .......... .......... 60% 87.3M 0s
 45250K .......... .......... .......... .......... .......... 60%  138M 0s
 45300K .......... .......... .......... .......... .......... 60%  118M 0s
 45350K .......... .......... .......... .......... .......... 60%  114M 0s
 45400K .......... .......... .......... .......... .......... 60% 91.5M 0s
 45450K .......... .......... .......... .......... .......... 60%  107M 0s
 45500K .......... .......... .......... .......... .......... 61% 96.4M 0s
 45550K .......... .......... .......... .......... .......... 61%  104M 0s
 45600K .......... .......... .......... .......... .......... 61% 90.0M 0s
 45650K .......... .......... .......... .......... .......... 61%  109M 0s
 45700K .......... .......... .......... .......... .......... 61%  101M 0s
 45750K .......... .......... .......... .......... .......... 61%  114M 0s
 45800K .......... .......... .......... .......... .......... 61%  100M 0s
 45850K .......... .......... .......... .......... .......... 61%  121M 0s
 45900K .......... .......... .......... .......... .......... 61% 83.9M 0s
 45950K .......... .......... .......... .......... .......... 61%  117M 0s
 46000K .......... .......... .......... .......... .......... 61%  126M 0s
 46050K .......... .......... .......... .......... .......... 61%  134M 0s
 46100K .......... .......... .......... .......... .......... 61% 73.6M 0s
 46150K .......... .......... .......... .......... .......... 61% 94.2M 0s
 46200K .......... .......... .......... .......... .......... 61%  100M 0s
 46250K .......... .......... .......... .......... .......... 62%  156M 0s
 46300K .......... .......... .......... .......... .......... 62%  133M 0s
 46350K .......... .......... .......... .......... .......... 62%  115M 0s
 46400K .......... .......... .......... .......... .......... 62%  123M 0s
 46450K .......... .......... .......... .......... .......... 62%  101M 0s
 46500K .......... .......... .......... .......... .......... 62% 99.3M 0s
 46550K .......... .......... .......... .......... .......... 62%  122M 0s
 46600K .......... .......... .......... .......... .......... 62%  111M 0s
 46650K .......... .......... .......... .......... .......... 62% 96.5M 0s
 46700K .......... .......... .......... .......... .......... 62%  106M 0s
 46750K .......... .......... .......... .......... .......... 62%  117M 0s
 46800K .......... .......... .......... .......... .......... 62%  121M 0s
 46850K .......... .......... .......... .......... .......... 62%  107M 0s
 46900K .......... .......... .......... .......... .......... 62% 68.8M 0s
 46950K .......... .......... .......... .......... .......... 62%  127M 0s
 47000K .......... .......... .......... .......... .......... 63%  114M 0s
 47050K .......... .......... .......... .......... .......... 63%  122M 0s
 47100K .......... .......... .......... .......... .......... 63%  114M 0s
 47150K .......... .......... .......... .......... .......... 63%  127M 0s
 47200K .......... .......... .......... .......... .......... 63%  122M 0s
 47250K .......... .......... .......... .......... .......... 63%  127M 0s
 47300K .......... .......... .......... .......... .......... 63%  102M 0s
 47350K .......... .......... .......... .......... .......... 63%  122M 0s
 47400K .......... .......... .......... .......... .......... 63% 84.5M 0s
 47450K .......... .......... .......... .......... .......... 63% 95.3M 0s
 47500K .......... .......... .......... .......... .......... 63% 98.7M 0s
 47550K .......... .......... .......... .......... .......... 63%  108M 0s
 47600K .......... .......... .......... .......... .......... 63%  139M 0s
 47650K .......... .......... .......... .......... .......... 63% 63.6M 0s
 47700K .......... .......... .......... .......... .......... 63% 32.3M 0s
 47750K .......... .......... .......... .......... .......... 64% 87.0M 0s
 47800K .......... .......... .......... .......... .......... 64%  102M 0s
 47850K .......... .......... .......... .......... .......... 64% 43.0M 0s
 47900K .......... .......... .......... .......... .......... 64% 56.3M 0s
 47950K .......... .......... .......... .......... .......... 64% 70.9M 0s
 48000K .......... .......... .......... .......... .......... 64%  113M 0s
 48050K .......... .......... .......... .......... .......... 64% 97.7M 0s
 48100K .......... .......... .......... .......... .......... 64% 87.4M 0s
 48150K .......... .......... .......... .......... .......... 64%  137M 0s
 48200K .......... .......... .......... .......... .......... 64% 83.9M 0s
 48250K .......... .......... .......... .......... .......... 64%  113M 0s
 48300K .......... .......... .......... .......... .......... 64% 32.4M 0s
 48350K .......... .......... .......... .......... .......... 64% 39.2M 0s
 48400K .......... .......... .......... .......... .......... 64% 61.8M 0s
 48450K .......... .......... .......... .......... .......... 65%  103M 0s
 48500K .......... .......... .......... .......... .......... 65%  100M 0s
 48550K .......... .......... .......... .......... .......... 65%  120M 0s
 48600K .......... .......... .......... .......... .......... 65% 69.3M 0s
 48650K .......... .......... .......... .......... .......... 65% 98.3M 0s
 48700K .......... .......... .......... .......... .......... 65% 77.0M 0s
 48750K .......... .......... .......... .......... .......... 65%  118M 0s
 48800K .......... .......... .......... .......... .......... 65% 61.0M 0s
 48850K .......... .......... .......... .......... .......... 65%  109M 0s
 48900K .......... .......... .......... .......... .......... 65% 76.3M 0s
 48950K .......... .......... .......... .......... .......... 65%  102M 0s
 49000K .......... .......... .......... .......... .......... 65% 86.0M 0s
 49050K .......... .......... .......... .......... .......... 65%  115M 0s
 49100K .......... .......... .......... .......... .......... 65% 60.6M 0s
 49150K .......... .......... .......... .......... .......... 65%  104M 0s
 49200K .......... .......... .......... .......... .......... 66% 54.3M 0s
 49250K .......... .......... .......... .......... .......... 66% 60.5M 0s
 49300K .......... .......... .......... .......... .......... 66% 61.9M 0s
 49350K .......... .......... .......... .......... .......... 66% 65.0M 0s
 49400K .......... .......... .......... .......... .......... 66%  108M 0s
 49450K .......... .......... .......... .......... .......... 66%  120M 0s
 49500K .......... .......... .......... .......... .......... 66%  103M 0s
 49550K .......... .......... .......... .......... .......... 66%  110M 0s
 49600K .......... .......... .......... .......... .......... 66%  123M 0s
 49650K .......... .......... .......... .......... .......... 66%  108M 0s
 49700K .......... .......... .......... .......... .......... 66%  101M 0s
 49750K .......... .......... .......... .......... .......... 66%  114M 0s
 49800K .......... .......... .......... .......... .......... 66%  121M 0s
 49850K .......... .......... .......... .......... .......... 66%  108M 0s
 49900K .......... .......... .......... .......... .......... 66%  109M 0s
 49950K .......... .......... .......... .......... .......... 67%  111M 0s
 50000K .......... .......... .......... .......... .......... 67%  119M 0s
 50050K .......... .......... .......... .......... .......... 67%  110M 0s
 50100K .......... .......... .......... .......... .......... 67% 94.2M 0s
 50150K .......... .......... .......... .......... .......... 67%  104M 0s
 50200K .......... .......... .......... .......... .......... 67%  100M 0s
 50250K .......... .......... .......... .......... .......... 67%  107M 0s
 50300K .......... .......... .......... .......... .......... 67% 68.7M 0s
 50350K .......... .......... .......... .......... .......... 67%  118M 0s
 50400K .......... .......... .......... .......... .......... 67%  144M 0s
 50450K .......... .......... .......... .......... .......... 67%  134M 0s
 50500K .......... .......... .......... .......... .......... 67%  113M 0s
 50550K .......... .......... .......... .......... .......... 67%  143M 0s
 50600K .......... .......... .......... .......... .......... 67%  114M 0s
 50650K .......... .......... .......... .......... .......... 67%  116M 0s
 50700K .......... .......... .......... .......... .......... 68% 93.0M 0s
 50750K .......... .......... .......... .......... .......... 68%  117M 0s
 50800K .......... .......... .......... .......... .......... 68%  109M 0s
 50850K .......... .......... .......... .......... .......... 68%  114M 0s
 50900K .......... .......... .......... .......... .......... 68% 93.4M 0s
 50950K .......... .......... .......... .......... .......... 68%  113M 0s
 51000K .......... .......... .......... .......... .......... 68%  101M 0s
 51050K .......... .......... .......... .......... .......... 68%  127M 0s
 51100K .......... .......... .......... .......... .......... 68%  104M 0s
 51150K .......... .......... .......... .......... .......... 68%  114M 0s
 51200K .......... .......... .......... .......... .......... 68%  112M 0s
 51250K .......... .......... .......... .......... .......... 68%  114M 0s
 51300K .......... .......... .......... .......... .......... 68% 79.0M 0s
 51350K .......... .......... .......... .......... .......... 68%  113M 0s
 51400K .......... .......... .......... .......... .......... 68%  112M 0s
 51450K .......... .......... .......... .......... .......... 69%  101M 0s
 51500K .......... .......... .......... .......... .......... 69%  106M 0s
 51550K .......... .......... .......... .......... .......... 69%  108M 0s
 51600K .......... .......... .......... .......... .......... 69%  108M 0s
 51650K .......... .......... .......... .......... .......... 69%  121M 0s
 51700K .......... .......... .......... .......... .......... 69% 85.5M 0s
 51750K .......... .......... .......... .......... .......... 69%  109M 0s
 51800K .......... .......... .......... .......... .......... 69%  108M 0s
 51850K .......... .......... .......... .......... .......... 69%  108M 0s
 51900K .......... .......... .......... .......... .......... 69%  114M 0s
 51950K .......... .......... .......... .......... .......... 69% 96.8M 0s
 52000K .......... .......... .......... .......... .......... 69%  108M 0s
 52050K .......... .......... .......... .......... .......... 69%  113M 0s
 52100K .......... .......... .......... .......... .......... 69% 78.2M 0s
 52150K .......... .......... .......... .......... .......... 69%  101M 0s
 52200K .......... .......... .......... .......... .......... 70%  130M 0s
 52250K .......... .......... .......... .......... .......... 70%  105M 0s
 52300K .......... .......... .......... .......... .......... 70%  112M 0s
 52350K .......... .......... .......... .......... .......... 70%  114M 0s
 52400K .......... .......... .......... .......... .......... 70%  112M 0s
 52450K .......... .......... .......... .......... .......... 70% 95.5M 0s
 52500K .......... .......... .......... .......... .......... 70%  113M 0s
 52550K .......... .......... .......... .......... .......... 70%  111M 0s
 52600K .......... .......... .......... .......... .......... 70%  131M 0s
 52650K .......... .......... .......... .......... .......... 70%  102M 0s
 52700K .......... .......... .......... .......... .......... 70%  104M 0s
 52750K .......... .......... .......... .......... .......... 70%  108M 0s
 52800K .......... .......... .......... .......... .......... 70%  114M 0s
 52850K .......... .......... .......... .......... .......... 70% 95.4M 0s
 52900K .......... .......... .......... .......... .......... 70%  113M 0s
 52950K .......... .......... .......... .......... .......... 71%  112M 0s
 53000K .......... .......... .......... .......... .......... 71%  113M 0s
 53050K .......... .......... .......... .......... .......... 71%  118M 0s
 53100K .......... .......... .......... .......... .......... 71%  111M 0s
 53150K .......... .......... .......... .......... .......... 71%  115M 0s
 53200K .......... .......... .......... .......... .......... 71%  111M 0s
 53250K .......... .......... .......... .......... .......... 71% 90.2M 0s
 53300K .......... .......... .......... .......... .......... 71%  121M 0s
 53350K .......... .......... .......... .......... .......... 71%  122M 0s
 53400K .......... .......... .......... .......... .......... 71%  108M 0s
 53450K .......... .......... .......... .......... .......... 71%  112M 0s
 53500K .......... .......... .......... .......... .......... 71%  121M 0s
 53550K .......... .......... .......... .......... .......... 71%  109M 0s
 53600K .......... .......... .......... .......... .......... 71%  121M 0s
 53650K .......... .......... .......... .......... .......... 71% 86.0M 0s
 53700K .......... .......... .......... .......... .......... 72%  108M 0s
 53750K .......... .......... .......... .......... .......... 72%  108M 0s
 53800K .......... .......... .......... .......... .......... 72%  116M 0s
 53850K .......... .......... .......... .......... .......... 72% 93.4M 0s
 53900K .......... .......... .......... .......... .......... 72%  113M 0s
 53950K .......... .......... .......... .......... .......... 72%  123M 0s
 54000K .......... .......... .......... .......... .......... 72%  115M 0s
 54050K .......... .......... .......... .......... .......... 72% 79.9M 0s
 54100K .......... .......... .......... .......... .......... 72%  128M 0s
 54150K .......... .......... .......... .......... .......... 72%  113M 0s
 54200K .......... .......... .......... .......... .......... 72%  112M 0s
 54250K .......... .......... .......... .......... .......... 72%  108M 0s
 54300K .......... .......... .......... .......... .......... 72%  109M 0s
 54350K .......... .......... .......... .......... .......... 72%  129M 0s
 54400K .......... .......... .......... .......... .......... 72% 91.3M 0s
 54450K .......... .......... .......... .......... .......... 73%  101M 0s
 54500K .......... .......... .......... .......... .......... 73%  105M 0s
 54550K .......... .......... .......... .......... .......... 73%  110M 0s
 54600K .......... .......... .......... .......... .......... 73%  105M 0s
 54650K .......... .......... .......... .......... .......... 73%  124M 0s
 54700K .......... .......... .......... .......... .......... 73% 87.0M 0s
 54750K .......... .......... .......... .......... .......... 73%  112M 0s
 54800K .......... .......... .......... .......... .......... 73% 99.9M 0s
 54850K .......... .......... .......... .......... .......... 73%  113M 0s
 54900K .......... .......... .......... .......... .......... 73%  106M 0s
 54950K .......... .......... .......... .......... .......... 73%  111M 0s
 55000K .......... .......... .......... .......... .......... 73%  116M 0s
 55050K .......... .......... .......... .......... .......... 73% 85.6M 0s
 55100K .......... .......... .......... .......... .......... 73% 95.5M 0s
 55150K .......... .......... .......... .......... .......... 73%  109M 0s
 55200K .......... .......... .......... .......... .......... 74%  122M 0s
 55250K .......... .......... .......... .......... .......... 74% 44.9M 0s
 55300K .......... .......... .......... .......... .......... 74%  108M 0s
 55350K .......... .......... .......... .......... .......... 74% 98.0M 0s
 55400K .......... .......... .......... .......... .......... 74%  122M 0s
 55450K .......... .......... .......... .......... .......... 74% 88.9M 0s
 55500K .......... .......... .......... .......... .......... 74%  114M 0s
 55550K .......... .......... .......... .......... .......... 74%  114M 0s
 55600K .......... .......... .......... .......... .......... 74%  128M 0s
 55650K .......... .......... .......... .......... .......... 74%  103M 0s
 55700K .......... .......... .......... .......... .......... 74%  115M 0s
 55750K .......... .......... .......... .......... .......... 74%  113M 0s
 55800K .......... .......... .......... .......... .......... 74%  128M 0s
 55850K .......... .......... .......... .......... .......... 74% 79.7M 0s
 55900K .......... .......... .......... .......... .......... 74% 42.0M 0s
 55950K .......... .......... .......... .......... .......... 75% 61.5M 0s
 56000K .......... .......... .......... .......... .......... 75% 41.3M 0s
 56050K .......... .......... .......... .......... .......... 75% 35.3M 0s
 56100K .......... .......... .......... .......... .......... 75% 45.6M 0s
 56150K .......... .......... .......... .......... .......... 75% 64.5M 0s
 56200K .......... .......... .......... .......... .......... 75% 46.8M 0s
 56250K .......... .......... .......... .......... .......... 75% 58.9M 0s
 56300K .......... .......... .......... .......... .......... 75% 99.6M 0s
 56350K .......... .......... .......... .......... .......... 75%  115M 0s
 56400K .......... .......... .......... .......... .......... 75%  118M 0s
 56450K .......... .......... .......... .......... .......... 75%  113M 0s
 56500K .......... .......... .......... .......... .......... 75% 93.2M 0s
 56550K .......... .......... .......... .......... .......... 75% 98.7M 0s
 56600K .......... .......... .......... .......... .......... 75% 98.0M 0s
 56650K .......... .......... .......... .......... .......... 75%  114M 0s
 56700K .......... .......... .......... .......... .......... 76%  139M 0s
 56750K .......... .......... .......... .......... .......... 76%  138M 0s
 56800K .......... .......... .......... .......... .......... 76%  105M 0s
 56850K .......... .......... .......... .......... .......... 76%  105M 0s
 56900K .......... .......... .......... .......... .......... 76%  113M 0s
 56950K .......... .......... .......... .......... .......... 76%  110M 0s
 57000K .......... .......... .......... .......... .......... 76%  108M 0s
 57050K .......... .......... .......... .......... .......... 76% 80.6M 0s
 57100K .......... .......... .......... .......... .......... 76% 99.7M 0s
 57150K .......... .......... .......... .......... .......... 76%  108M 0s
 57200K .......... .......... .......... .......... .......... 76%  109M 0s
 57250K .......... .......... .......... .......... .......... 76%  127M 0s
 57300K .......... .......... .......... .......... .......... 76%  140M 0s
 57350K .......... .......... .......... .......... .......... 76%  114M 0s
 57400K .......... .......... .......... .......... .......... 76%  110M 0s
 57450K .......... .......... .......... .......... .......... 77% 92.8M 0s
 57500K .......... .......... .......... .......... .......... 77%  109M 0s
 57550K .......... .......... .......... .......... .......... 77%  114M 0s
 57600K .......... .......... .......... .......... .......... 77%  117M 0s
 57650K .......... .......... .......... .......... .......... 77% 99.2M 0s
 57700K .......... .......... .......... .......... .......... 77%  103M 0s
 57750K .......... .......... .......... .......... .......... 77%  110M 0s
 57800K .......... .......... .......... .......... .......... 77%  109M 0s
 57850K .......... .......... .......... .......... .......... 77% 86.6M 0s
 57900K .......... .......... .......... .......... .......... 77%  110M 0s
 57950K .......... .......... .......... .......... .......... 77%  113M 0s
 58000K .......... .......... .......... .......... .......... 77%  111M 0s
 58050K .......... .......... .......... .......... .......... 77%  108M 0s
 58100K .......... .......... .......... .......... .......... 77%  114M 0s
 58150K .......... .......... .......... .......... .......... 78%  105M 0s
 58200K .......... .......... .......... .......... .......... 78%  107M 0s
 58250K .......... .......... .......... .......... .......... 78% 92.5M 0s
 58300K .......... .......... .......... .......... .......... 78%  100M 0s
 58350K .......... .......... .......... .......... .......... 78%  113M 0s
 58400K .......... .......... .......... .......... .......... 78%  115M 0s
 58450K .......... .......... .......... .......... .......... 78% 96.2M 0s
 58500K .......... .......... .......... .......... .......... 78%  106M 0s
 58550K .......... .......... .......... .......... .......... 78%  107M 0s
 58600K .......... .......... .......... .......... .......... 78% 99.3M 0s
 58650K .......... .......... .......... .......... .......... 78% 95.8M 0s
 58700K .......... .......... .......... .......... .......... 78%  112M 0s
 58750K .......... .......... .......... .......... .......... 78%  122M 0s
 58800K .......... .......... .......... .......... .......... 78% 99.3M 0s
 58850K .......... .......... .......... .......... .......... 78%  107M 0s
 58900K .......... .......... .......... .......... .......... 79%  121M 0s
 58950K .......... .......... .......... .......... .......... 79%  125M 0s
 59000K .......... .......... .......... .......... .......... 79% 95.0M 0s
 59050K .......... .......... .......... .......... .......... 79% 79.4M 0s
 59100K .......... .......... .......... .......... .......... 79%  113M 0s
 59150K .......... .......... .......... .......... .......... 79%  106M 0s
 59200K .......... .......... .......... .......... .......... 79%  120M 0s
 59250K .......... .......... .......... .......... .......... 79%  114M 0s
 59300K .......... .......... .......... .......... .......... 79%  131M 0s
 59350K .......... .......... .......... .......... .......... 79%  112M 0s
 59400K .......... .......... .......... .......... .......... 79%  125M 0s
 59450K .......... .......... .......... .......... .......... 79% 90.2M 0s
 59500K .......... .......... .......... .......... .......... 79%  108M 0s
 59550K .......... .......... .......... .......... .......... 79% 96.6M 0s
 59600K .......... .......... .......... .......... .......... 79%  118M 0s
 59650K .......... .......... .......... .......... .......... 80%  133M 0s
 59700K .......... .......... .......... .......... .......... 80%  108M 0s
 59750K .......... .......... .......... .......... .......... 80%  116M 0s
 59800K .......... .......... .......... .......... .......... 80%  125M 0s
 59850K .......... .......... .......... .......... .......... 80% 74.0M 0s
 59900K .......... .......... .......... .......... .......... 80% 9.55M 0s
 59950K .......... .......... .......... .......... .......... 80%  122M 0s
 60000K .......... .......... .......... .......... .......... 80%  113M 0s
 60050K .......... .......... .......... .......... .......... 80%  101M 0s
 60100K .......... .......... .......... .......... .......... 80%  106M 0s
 60150K .......... .......... .......... .......... .......... 80%  123M 0s
 60200K .......... .......... .......... .......... .......... 80% 97.1M 0s
 60250K .......... .......... .......... .......... .......... 80% 86.5M 0s
 60300K .......... .......... .......... .......... .......... 80%  108M 0s
 60350K .......... .......... .......... .......... .......... 80%  118M 0s
 60400K .......... .......... .......... .......... .......... 81%  111M 0s
 60450K .......... .......... .......... .......... .......... 81% 90.3M 0s
 60500K .......... .......... .......... .......... .......... 81%  120M 0s
 60550K .......... .......... .......... .......... .......... 81% 87.9M 0s
 60600K .......... .......... .......... .......... .......... 81% 95.6M 0s
 60650K .......... .......... .......... .......... .......... 81%  103M 0s
 60700K .......... .......... .......... .......... .......... 81%  137M 0s
 60750K .......... .......... .......... .......... .......... 81%  107M 0s
 60800K .......... .......... .......... .......... .......... 81%  109M 0s
 60850K .......... .......... .......... .......... .......... 81%  101M 0s
 60900K .......... .......... .......... .......... .......... 81%  121M 0s
 60950K .......... .......... .......... .......... .......... 81%  107M 0s
 61000K .......... .......... .......... .......... .......... 81%  108M 0s
 61050K .......... .......... .......... .......... .......... 81%  109M 0s
 61100K .......... .......... .......... .......... .......... 81%  108M 0s
 61150K .......... .......... .......... .......... .......... 82%  107M 0s
 61200K .......... .......... .......... .......... .......... 82%  131M 0s
 61250K .......... .......... .......... .......... .......... 82%  104M 0s
 61300K .......... .......... .......... .......... .......... 82%  101M 0s
 61350K .......... .......... .......... .......... .......... 82% 96.3M 0s
 61400K .......... .......... .......... .......... .......... 82%  133M 0s
 61450K .......... .......... .......... .......... .......... 82%  107M 0s
 61500K .......... .......... .......... .......... .......... 82%  118M 0s
 61550K .......... .......... .......... .......... .......... 82% 49.6M 0s
 61600K .......... .......... .......... .......... .......... 82% 32.0M 0s
 61650K .......... .......... .......... .......... .......... 82% 68.1M 0s
 61700K .......... .......... .......... .......... .......... 82%  104M 0s
 61750K .......... .......... .......... .......... .......... 82%  132M 0s
 61800K .......... .......... .......... .......... .......... 82%  115M 0s
 61850K .......... .......... .......... .......... .......... 82% 43.6M 0s
 61900K .......... .......... .......... .......... .......... 83% 36.4M 0s
 61950K .......... .......... .......... .......... .......... 83% 84.7M 0s
 62000K .......... .......... .......... .......... .......... 83% 41.8M 0s
 62050K .......... .......... .......... .......... .......... 83%  112M 0s
 62100K .......... .......... .......... .......... .......... 83%  103M 0s
 62150K .......... .......... .......... .......... .......... 83% 98.1M 0s
 62200K .......... .......... .......... .......... .......... 83% 87.5M 0s
 62250K .......... .......... .......... .......... .......... 83% 81.2M 0s
 62300K .......... .......... .......... .......... .......... 83%  102M 0s
 62350K .......... .......... .......... .......... .......... 83%  128M 0s
 62400K .......... .......... .......... .......... .......... 83% 88.0M 0s
 62450K .......... .......... .......... .......... .......... 83%  108M 0s
 62500K .......... .......... .......... .......... .......... 83%  113M 0s
 62550K .......... .......... .......... .......... .......... 83%  108M 0s
 62600K .......... .......... .......... .......... .......... 83% 91.5M 0s
 62650K .......... .......... .......... .......... .......... 84%  128M 0s
 62700K .......... .......... .......... .......... .......... 84%  111M 0s
 62750K .......... .......... .......... .......... .......... 84%  110M 0s
 62800K .......... .......... .......... .......... .......... 84% 87.7M 0s
 62850K .......... .......... .......... .......... .......... 84%  117M 0s
 62900K .......... .......... .......... .......... .......... 84%  104M 0s
 62950K .......... .......... .......... .......... .......... 84%  104M 0s
 63000K .......... .......... .......... .......... .......... 84%  102M 0s
 63050K .......... .......... .......... .......... .......... 84%  104M 0s
 63100K .......... .......... .......... .......... .......... 84% 98.7M 0s
 63150K .......... .......... .......... .......... .......... 84%  118M 0s
 63200K .......... .......... .......... .......... .......... 84%  116M 0s
 63250K .......... .......... .......... .......... .......... 84%  108M 0s
 63300K .......... .......... .......... .......... .......... 84%  108M 0s
 63350K .......... .......... .......... .......... .......... 84%  109M 0s
 63400K .......... .......... .......... .......... .......... 85%  107M 0s
 63450K .......... .......... .......... .......... .......... 85%  115M 0s
 63500K .......... .......... .......... .......... .......... 85% 35.5M 0s
 63550K .......... .......... .......... .......... .......... 85% 37.5M 0s
 63600K .......... .......... .......... .......... .......... 85% 33.2M 0s
 63650K .......... .......... .......... .......... .......... 85%  108M 0s
 63700K .......... .......... .......... .......... .......... 85% 42.0M 0s
 63750K .......... .......... .......... .......... .......... 85% 37.4M 0s
 63800K .......... .......... .......... .......... .......... 85% 38.0M 0s
 63850K .......... .......... .......... .......... .......... 85% 75.2M 0s
 63900K .......... .......... .......... .......... .......... 85%  116M 0s
 63950K .......... .......... .......... .......... .......... 85%  103M 0s
 64000K .......... .......... .......... .......... .......... 85%  113M 0s
 64050K .......... .......... .......... .......... .......... 85%  117M 0s
 64100K .......... .......... .......... .......... .......... 85%  112M 0s
 64150K .......... .......... .......... .......... .......... 86%  112M 0s
 64200K .......... .......... .......... .......... .......... 86%  108M 0s
 64250K .......... .......... .......... .......... .......... 86% 52.5M 0s
 64300K .......... .......... .......... .......... .......... 86% 86.9M 0s
 64350K .......... .......... .......... .......... .......... 86%  111M 0s
 64400K .......... .......... .......... .......... .......... 86%  122M 0s
 64450K .......... .......... .......... .......... .......... 86%  108M 0s
 64500K .......... .......... .......... .......... .......... 86%  115M 0s
 64550K .......... .......... .......... .......... .......... 86%  113M 0s
 64600K .......... .......... .......... .......... .......... 86% 85.8M 0s
 64650K .......... .......... .......... .......... .......... 86%  121M 0s
 64700K .......... .......... .......... .......... .......... 86% 99.6M 0s
 64750K .......... .......... .......... .......... .......... 86%  122M 0s
 64800K .......... .......... .......... .......... .......... 86% 91.2M 0s
 64850K .......... .......... .......... .......... .......... 86%  108M 0s
 64900K .......... .......... .......... .......... .......... 87%  115M 0s
 64950K .......... .......... .......... .......... .......... 87%  107M 0s
 65000K .......... .......... .......... .......... .......... 87% 88.3M 0s
 65050K .......... .......... .......... .......... .......... 87%  104M 0s
 65100K .......... .......... .......... .......... .......... 87%  124M 0s
 65150K .......... .......... .......... .......... .......... 87%  101M 0s
 65200K .......... .......... .......... .......... .......... 87%  110M 0s
 65250K .......... .......... .......... .......... .......... 87%  113M 0s
 65300K .......... .......... .......... .......... .......... 87%  100M 0s
 65350K .......... .......... .......... .......... .......... 87%  104M 0s
 65400K .......... .......... .......... .......... .......... 87% 88.4M 0s
 65450K .......... .......... .......... .......... .......... 87%  103M 0s
 65500K .......... .......... .......... .......... .......... 87%  107M 0s
 65550K .......... .......... .......... .......... .......... 87%  110M 0s
 65600K .......... .......... .......... .......... .......... 87% 86.1M 0s
 65650K .......... .......... .......... .......... .......... 88%  117M 0s
 65700K .......... .......... .......... .......... .......... 88%  125M 0s
 65750K .......... .......... .......... .......... .......... 88% 98.4M 0s
 65800K .......... .......... .......... .......... .......... 88%  103M 0s
 65850K .......... .......... .......... .......... .......... 88%  101M 0s
 65900K .......... .......... .......... .......... .......... 88%  100M 0s
 65950K .......... .......... .......... .......... .......... 88%  109M 0s
 66000K .......... .......... .......... .......... .......... 88% 86.8M 0s
 66050K .......... .......... .......... .......... .......... 88%  119M 0s
 66100K .......... .......... .......... .......... .......... 88%  111M 0s
 66150K .......... .......... .......... .......... .......... 88% 91.2M 0s
 66200K .......... .......... .......... .......... .......... 88%  102M 0s
 66250K .......... .......... .......... .......... .......... 88%  105M 0s
 66300K .......... .......... .......... .......... .......... 88%  119M 0s
 66350K .......... .......... .......... .......... .......... 88%  112M 0s
 66400K .......... .......... .......... .......... .......... 89% 94.3M 0s
 66450K .......... .......... .......... .......... .......... 89%  106M 0s
 66500K .......... .......... .......... .......... .......... 89% 98.2M 0s
 66550K .......... .......... .......... .......... .......... 89%  121M 0s
 66600K .......... .......... .......... .......... .......... 89% 91.3M 0s
 66650K .......... .......... .......... .......... .......... 89%  115M 0s
 66700K .......... .......... .......... .......... .......... 89%  112M 0s
 66750K .......... .......... .......... .......... .......... 89%  102M 0s
 66800K .......... .......... .......... .......... .......... 89% 91.9M 0s
 66850K .......... .......... .......... .......... .......... 89%  113M 0s
 66900K .......... .......... .......... .......... .......... 89% 95.9M 0s
 66950K .......... .......... .......... .......... .......... 89%  112M 0s
 67000K .......... .......... .......... .......... .......... 89%  104M 0s
 67050K .......... .......... .......... .......... .......... 89%  110M 0s
 67100K .......... .......... .......... .......... .......... 89%  116M 0s
 67150K .......... .......... .......... .......... .......... 90%  110M 0s
 67200K .......... .......... .......... .......... .......... 90% 86.7M 0s
 67250K .......... .......... .......... .......... .......... 90%  112M 0s
 67300K .......... .......... .......... .......... .......... 90%  113M 0s
 67350K .......... .......... .......... .......... .......... 90%  102M 0s
 67400K .......... .......... .......... .......... .......... 90%  108M 0s
 67450K .......... .......... .......... .......... .......... 90%  104M 0s
 67500K .......... .......... .......... .......... .......... 90%  112M 0s
 67550K .......... .......... .......... .......... .......... 90%  113M 0s
 67600K .......... .......... .......... .......... .......... 90% 82.5M 0s
 67650K .......... .......... .......... .......... .......... 90% 91.2M 0s
 67700K .......... .......... .......... .......... .......... 90% 91.7M 0s
 67750K .......... .......... .......... .......... .......... 90%  103M 0s
 67800K .......... .......... .......... .......... .......... 90%  117M 0s
 67850K .......... .......... .......... .......... .......... 91%  131M 0s
 67900K .......... .......... .......... .......... .......... 91%  114M 0s
 67950K .......... .......... .......... .......... .......... 91%  113M 0s
 68000K .......... .......... .......... .......... .......... 91% 88.1M 0s
 68050K .......... .......... .......... .......... .......... 91%  102M 0s
 68100K .......... .......... .......... .......... .......... 91% 97.5M 0s
 68150K .......... .......... .......... .......... .......... 91%  105M 0s
 68200K .......... .......... .......... .......... .......... 91% 99.2M 0s
 68250K .......... .......... .......... .......... .......... 91%  102M 0s
 68300K .......... .......... .......... .......... .......... 91%  113M 0s
 68350K .......... .......... .......... .......... .......... 91%  113M 0s
 68400K .......... .......... .......... .......... .......... 91% 73.9M 0s
 68450K .......... .......... .......... .......... .......... 91%  107M 0s
 68500K .......... .......... .......... .......... .......... 91%  115M 0s
 68550K .......... .......... .......... .......... .......... 91%  121M 0s
 68600K .......... .......... .......... .......... .......... 92%  102M 0s
 68650K .......... .......... .......... .......... .......... 92% 91.8M 0s
 68700K .......... .......... .......... .......... .......... 92%  112M 0s
 68750K .......... .......... .......... .......... .......... 92%  106M 0s
 68800K .......... .......... .......... .......... .......... 92% 88.6M 0s
 68850K .......... .......... .......... .......... .......... 92%  103M 0s
 68900K .......... .......... .......... .......... .......... 92%  122M 0s
 68950K .......... .......... .......... .......... .......... 92%  116M 0s
 69000K .......... .......... .......... .......... .......... 92% 88.4M 0s
 69050K .......... .......... .......... .......... .......... 92% 99.5M 0s
 69100K .......... .......... .......... .......... .......... 92% 41.3M 0s
 69150K .......... .......... .......... .......... .......... 92% 89.5M 0s
 69200K .......... .......... .......... .......... .......... 92% 33.8M 0s
 69250K .......... .......... .......... .......... .......... 92% 63.2M 0s
 69300K .......... .......... .......... .......... .......... 92% 97.3M 0s
 69350K .......... .......... .......... .......... .......... 93%  115M 0s
 69400K .......... .......... .......... .......... .......... 93%  119M 0s
 69450K .......... .......... .......... .......... .......... 93%  129M 0s
 69500K .......... .......... .......... .......... .......... 93% 59.3M 0s
 69550K .......... .......... .......... .......... .......... 93% 54.0M 0s
 69600K .......... .......... .......... .......... .......... 93%  111M 0s
 69650K .......... .......... .......... .......... .......... 93% 98.7M 0s
 69700K .......... .......... .......... .......... .......... 93%  133M 0s
 69750K .......... .......... .......... .......... .......... 93% 92.5M 0s
 69800K .......... .......... .......... .......... .......... 93% 92.7M 0s
 69850K .......... .......... .......... .......... .......... 93% 88.8M 0s
 69900K .......... .......... .......... .......... .......... 93%  126M 0s
 69950K .......... .......... .......... .......... .......... 93% 77.9M 0s
 70000K .......... .......... .......... .......... .......... 93% 89.9M 0s
 70050K .......... .......... .......... .......... .......... 93% 94.9M 0s
 70100K .......... .......... .......... .......... .......... 94% 97.5M 0s
 70150K .......... .......... .......... .......... .......... 94% 33.9M 0s
 70200K .......... .......... .......... .......... .......... 94%  115M 0s
 70250K .......... .......... .......... .......... .......... 94% 43.3M 0s
 70300K .......... .......... .......... .......... .......... 94%  120M 0s
 70350K .......... .......... .......... .......... .......... 94% 94.0M 0s
 70400K .......... .......... .......... .......... .......... 94%  119M 0s
 70450K .......... .......... .......... .......... .......... 94% 42.8M 0s
 70500K .......... .......... .......... .......... .......... 94%  117M 0s
 70550K .......... .......... .......... .......... .......... 94%  108M 0s
 70600K .......... .......... .......... .......... .......... 94%  109M 0s
 70650K .......... .......... .......... .......... .......... 94% 94.5M 0s
 70700K .......... .......... .......... .......... .......... 94% 31.2M 0s
 70750K .......... .......... .......... .......... .......... 94%  101M 0s
 70800K .......... .......... .......... .......... .......... 94%  118M 0s
 70850K .......... .......... .......... .......... .......... 95%  122M 0s
 70900K .......... .......... .......... .......... .......... 95%  111M 0s
 70950K .......... .......... .......... .......... .......... 95% 87.7M 0s
 71000K .......... .......... .......... .......... .......... 95%  111M 0s
 71050K .......... .......... .......... .......... .......... 95% 98.2M 0s
 71100K .......... .......... .......... .......... .......... 95%  105M 0s
 71150K .......... .......... .......... .......... .......... 95% 97.7M 0s
 71200K .......... .......... .......... .......... .......... 95%  111M 0s
 71250K .......... .......... .......... .......... .......... 95%  126M 0s
 71300K .......... .......... .......... .......... .......... 95%  104M 0s
 71350K .......... .......... .......... .......... .......... 95% 91.2M 0s
 71400K .......... .......... .......... .......... .......... 95%  116M 0s
 71450K .......... .......... .......... .......... .......... 95% 98.8M 0s
 71500K .......... .......... .......... .......... .......... 95%  103M 0s
 71550K .......... .......... .......... .......... .......... 95%  100M 0s
 71600K .......... .......... .......... .......... .......... 96%  126M 0s
 71650K .......... .......... .......... .......... .......... 96%  114M 0s
 71700K .......... .......... .......... .......... .......... 96%  117M 0s
 71750K .......... .......... .......... .......... .......... 96% 95.8M 0s
 71800K .......... .......... .......... .......... .......... 96% 99.2M 0s
 71850K .......... .......... .......... .......... .......... 96%  128M 0s
 71900K .......... .......... .......... .......... .......... 96%  110M 0s
 71950K .......... .......... .......... .......... .......... 96%  103M 0s
 72000K .......... .......... .......... .......... .......... 96%  101M 0s
 72050K .......... .......... .......... .......... .......... 96%  127M 0s
 72100K .......... .......... .......... .......... .......... 96%  107M 0s
 72150K .......... .......... .......... .......... .......... 96% 88.7M 0s
 72200K .......... .......... .......... .......... .......... 96%  113M 0s
 72250K .......... .......... .......... .......... .......... 96%  126M 0s
 72300K .......... .......... .......... .......... .......... 96%  107M 0s
 72350K .......... .......... .......... .......... .......... 97% 96.0M 0s
 72400K .......... .......... .......... .......... .......... 97%  112M 0s
 72450K .......... .......... .......... .......... .......... 97%  108M 0s
 72500K .......... .......... .......... .......... .......... 97%  108M 0s
 72550K .......... .......... .......... .......... .......... 97%  112M 0s
 72600K .......... .......... .......... .......... .......... 97%  118M 0s
 72650K .......... .......... .......... .......... .......... 97% 94.3M 0s
 72700K .......... .......... .......... .......... .......... 97% 93.9M 0s
 72750K .......... .......... .......... .......... .......... 97% 98.2M 0s
 72800K .......... .......... .......... .......... .......... 97% 91.0M 0s
 72850K .......... .......... .......... .......... .......... 97% 76.1M 0s
 72900K .......... .......... .......... .......... .......... 97% 90.3M 0s
 72950K .......... .......... .......... .......... .......... 97% 82.5M 0s
 73000K .......... .......... .......... .......... .......... 97% 95.4M 0s
 73050K .......... .......... .......... .......... .......... 97%  135M 0s
 73100K .......... .......... .......... .......... .......... 98%  122M 0s
 73150K .......... .......... .......... .......... .......... 98%  111M 0s
 73200K .......... .......... .......... .......... .......... 98%  145M 0s
 73250K .......... .......... .......... .......... .......... 98%  116M 0s
 73300K .......... .......... .......... .......... .......... 98%  121M 0s
 73350K .......... .......... .......... .......... .......... 98%  104M 0s
 73400K .......... .......... .......... .......... .......... 98%  120M 0s
 73450K .......... .......... .......... .......... .......... 98%  115M 0s
 73500K .......... .......... .......... .......... .......... 98%  117M 0s
 73550K .......... .......... .......... .......... .......... 98% 89.8M 0s
 73600K .......... .......... .......... .......... .......... 98%  121M 0s
 73650K .......... .......... .......... .......... .......... 98%  120M 0s
 73700K .......... .......... .......... .......... .......... 98%  118M 0s
 73750K .......... .......... .......... .......... .......... 98% 94.1M 0s
 73800K .......... .......... .......... .......... .......... 98%  106M 0s
 73850K .......... .......... .......... .......... .......... 99%  119M 0s
 73900K .......... .......... .......... .......... .......... 99%  126M 0s
 73950K .......... .......... .......... .......... .......... 99% 86.7M 0s
 74000K .......... .......... .......... .......... .......... 99%  113M 0s
 74050K .......... .......... .......... .......... .......... 99%  116M 0s
 74100K .......... .......... .......... .......... .......... 99%  110M 0s
 74150K .......... .......... .......... .......... .......... 99% 98.8M 0s
 74200K .......... .......... .......... .......... .......... 99%  116M 0s
 74250K .......... .......... .......... .......... .......... 99%  111M 0s
 74300K .......... .......... .......... .......... .......... 99%  114M 0s
 74350K .......... .......... .......... .......... .......... 99% 85.6M 0s
 74400K .......... .......... .......... .......... .......... 99%  109M 0s
 74450K .......... .......... .......... .......... .......... 99%  124M 0s
 74500K .......... .......... .......... .......... .......... 99%  105M 0s
 74550K .......... .......... .......... .......... .......... 99%  100M 0s
 74600K .......... .                                          100%  190M=0.9s

2020-12-16 02:58:20 (82.1 MB/s) - â€˜/tmp/firefox-latest.tar.bz2â€™ saved [76402088/76402088]


travis_time:end:0415ce5f:start=1608087499268650908,finish=1608087500420509407,duration=1151858499[0K$ export PATH=$HOME/firefox-latest/firefox:$PATH
travis_fold:end:install_firefox[0Ktravis_time:start:14c7b733[0K$ source ~/virtualenv/python3.6/bin/activate

travis_time:end:14c7b733:start=1608087511958734332,finish=1608087511975106941,duration=16372609[0Ktravis_fold:start:cache.1[0KSetting up build cache
$ export CASHER_DIR=$HOME/.casher
travis_time:start:064e4c50[0K$ Installing caching utilities

travis_time:end:064e4c50:start=1608087512640820839,finish=1608087512717241799,duration=76420960[0Ktravis_time:start:0722ae50[0K
travis_time:end:0722ae50:start=1608087512732498985,finish=1608087512743329450,duration=10830465[0Ktravis_time:start:05f883f6[0K/home/travis/.casher/bin/casher:213:in `cache_archive_name': undefined method `[]' for nil:NilClass (NoMethodError)
	from /home/travis/.casher/bin/casher:65:in `block in fetch'
	from /home/travis/.casher/bin/casher:64:in `each'
	from /home/travis/.casher/bin/casher:64:in `fetch'
	from /home/travis/.casher/bin/casher:53:in `block in run'
	from /home/travis/.rvm/rubies/ruby-2.2.7/lib/ruby/2.2.0/timeout.rb:88:in `block in timeout'
	from /home/travis/.rvm/rubies/ruby-2.2.7/lib/ruby/2.2.0/timeout.rb:32:in `block in catch'
	from /home/travis/.rvm/rubies/ruby-2.2.7/lib/ruby/2.2.0/timeout.rb:32:in `catch'
	from /home/travis/.rvm/rubies/ruby-2.2.7/lib/ruby/2.2.0/timeout.rb:32:in `catch'
	from /home/travis/.rvm/rubies/ruby-2.2.7/lib/ruby/2.2.0/timeout.rb:103:in `timeout'
	from /home/travis/.casher/bin/casher:53:in `run'
	from /home/travis/.casher/bin/casher:263:in `<main>'
[32;1mattempting to download cache archive[0m

travis_time:end:05f883f6:start=1608087512755777462,finish=1608087513664193920,duration=908416458[0Ktravis_time:start:1135d4e1[0K
travis_time:end:1135d4e1:start=1608087513676341541,finish=1608087513686085073,duration=9743532[0Ktravis_time:start:00ff81ff[0K[32;1madding /home/travis/.cache/pip to cache[0m

travis_time:end:00ff81ff:start=1608087513697690104,finish=1608087514577386801,duration=879696697[0Ktravis_fold:end:cache.1[0Ktravis_fold:start:cache.pip[0K
travis_time:start:00340044[0K
travis_time:end:00340044:start=1608087514589656228,finish=1608087514599944274,duration=10288046[0Ktravis_time:start:0a8aca80[0K[32;1madding /home/travis/.cache/pip to cache[0m

travis_time:end:0a8aca80:start=1608087514611305768,finish=1608087515520627698,duration=909321930[0Ktravis_fold:end:cache.pip[0K$ python --version
Python 3.6.3
$ pip --version
pip 9.0.1 from /home/travis/virtualenv/python3.6.3/lib/python3.6/site-packages (python 3.6)
travis_fold:start:before_install.1[0Ktravis_time:start:0f0b9408[0K$ export DISPLAY=:99.0

travis_time:end:0f0b9408:start=1608087515989011462,finish=1608087516001361776,duration=12350314[0Ktravis_fold:end:before_install.1[0Ktravis_fold:start:before_install.2[0Ktravis_time:start:24d4738c[0K$ sh -e /etc/init.d/xvfb start
Starting virtual X frame buffer: Xvfb.

travis_time:end:24d4738c:start=1608087516015863502,finish=1608087516030947230,duration=15083728[0Ktravis_fold:end:before_install.2[0Ktravis_fold:start:install.1[0Ktravis_time:start:133f4e38[0K$ ./manage.sh install_geckodriver ~/drivers
[!] Checking geckodriver
Installing /home/travis/drivers/geckodriver from
  https://github.com/mozilla/geckodriver/releases/download/v0.19.1/geckodriver-v0.19.1-linux64.tar.gz
travis_time:end:133f4e38:start=1608087516044661757,finish=1608087522029387130,duration=5984725373[0Ktravis_fold:end:install.1[0Ktravis_fold:start:install.2[0Ktravis_time:start:05058de0[0K$ export PATH=~/drivers:$PATH

travis_time:end:05058de0:start=1608087522043339019,finish=1608087522054866396,duration=11527377[0Ktravis_fold:end:install.2[0Ktravis_fold:start:install.3[0Ktravis_time:start:0154b13d[0K$ ./manage.sh npm_packages
[!] install NPM packages
npm WARN notice [SECURITY] set-value has the following vulnerability: 1 high. Go here for more details: https://www.npmjs.com/advisories?search=set-value&version=2.0.1 - Run `npm i npm@latest -g` to upgrade your npm version, and then `npm audit` to get more info.
npm WARN deprecated resolve-url@0.2.1: https://github.com/lydell/resolve-url#deprecated
npm WARN deprecated urix@0.1.0: Please see https://github.com/lydell/urix#deprecated
npm WARN deprecated request@2.81.0: request has been deprecated, see https://github.com/request/request/issues/3142
npm WARN deprecated hawk@3.1.3: This module moved to @hapi/hawk. Please make sure to switch over as this distribution is no longer supported and may contain bugs and critical security issues.
npm WARN deprecated har-validator@4.2.1: this library is no longer supported
npm WARN notice [SECURITY] cryptiles has the following vulnerability: 1 high. Go here for more details: https://www.npmjs.com/advisories?search=cryptiles&version=2.0.5 - Run `npm i npm@latest -g` to upgrade your npm version, and then `npm audit` to get more info.
npm WARN notice [SECURITY] hoek has the following vulnerability: 1 moderate. Go here for more details: https://www.npmjs.com/advisories?search=hoek&version=2.16.3 - Run `npm i npm@latest -g` to upgrade your npm version, and then `npm audit` to get more info.
npm WARN deprecated sntp@1.0.9: This module moved to @hapi/sntp. Please make sure to switch over as this distribution is no longer supported and may contain bugs and critical security issues.
npm WARN deprecated cryptiles@2.0.5: This version has been deprecated in accordance with the hapi support policy (hapi.im/support). Please upgrade to the latest version to get the best features, bug fixes, and security patches. If you are unable to upgrade at this time, paid support is available for older versions (hapi.im/commercial).
npm WARN deprecated hoek@2.16.3: This version has been deprecated in accordance with the hapi support policy (hapi.im/support). Please upgrade to the latest version to get the best features, bug fixes, and security patches. If you are unable to upgrade at this time, paid support is available for older versions (hapi.im/commercial).
npm WARN deprecated boom@2.10.1: This version has been deprecated in accordance with the hapi support policy (hapi.im/support). Please upgrade to the latest version to get the best features, bug fixes, and security patches. If you are unable to upgrade at this time, paid support is available for older versions (hapi.im/commercial).
npm WARN notice [SECURITY] clean-css has the following vulnerability: 1 low. Go here for more details: https://www.npmjs.com/advisories?search=clean-css&version=3.4.28 - Run `npm i npm@latest -g` to upgrade your npm version, and then `npm audit` to get more info.
npm WARN saveError ENOENT: no such file or directory, open '/home/travis/build/passed/asciimoo/searx/package.json'
npm notice created a lockfile as package-lock.json. You should commit this file.
npm WARN enoent ENOENT: no such file or directory, open '/home/travis/build/passed/asciimoo/searx/package.json'
npm WARN searx No description
npm WARN searx No repository field.
npm WARN searx No README data
npm WARN searx No license field.

+ grunt-cli@1.3.2
+ less-plugin-clean-css@1.5.1
+ less@2.7.3
added 224 packages in 8.408s
[!] install NPM packages for oscar theme
npm WARN notice [SECURITY] lodash has the following vulnerabilities: 3 high, 2 low. Go here for more details: https://www.npmjs.com/advisories?search=lodash&version=2.4.2 - Run `npm i npm@latest -g` to upgrade your npm version, and then `npm audit` to get more info.
npm WARN deprecated coffee-script@1.3.3: CoffeeScript on NPM has moved to "coffeescript" (no hyphen)
npm WARN notice [SECURITY] lodash has the following vulnerabilities: 3 high, 2 low. Go here for more details: https://www.npmjs.com/advisories?search=lodash&version=0.9.2 - Run `npm i npm@latest -g` to upgrade your npm version, and then `npm audit` to get more info.
npm WARN notice [SECURITY] underscore.string has the following vulnerability: 1 moderate. Go here for more details: https://www.npmjs.com/advisories?search=underscore.string&version=2.2.1 - Run `npm i npm@latest -g` to upgrade your npm version, and then `npm audit` to get more info.
npm WARN notice [SECURITY] minimatch has the following vulnerability: 1 high. Go here for more details: https://www.npmjs.com/advisories?search=minimatch&version=0.2.14 - Run `npm i npm@latest -g` to upgrade your npm version, and then `npm audit` to get more info.
npm WARN deprecated minimatch@0.2.14: Please update to minimatch 3.0.2 or higher to avoid a RegExp DoS issue
npm WARN notice [SECURITY] js-yaml has the following vulnerabilities: 1 high, 1 moderate. Go here for more details: https://www.npmjs.com/advisories?search=js-yaml&version=2.0.5 - Run `npm i npm@latest -g` to upgrade your npm version, and then `npm audit` to get more info.
npm WARN notice [SECURITY] mime has the following vulnerability: 1 moderate. Go here for more details: https://www.npmjs.com/advisories?search=mime&version=1.2.11 - Run `npm i npm@latest -g` to upgrade your npm version, and then `npm audit` to get more info.
npm WARN notice [SECURITY] request has the following vulnerability: 1 moderate. Go here for more details: https://www.npmjs.com/advisories?search=request&version=2.40.0 - Run `npm i npm@latest -g` to upgrade your npm version, and then `npm audit` to get more info.
npm WARN notice [SECURITY] clean-css has the following vulnerability: 1 low. Go here for more details: https://www.npmjs.com/advisories?search=clean-css&version=2.2.23 - Run `npm i npm@latest -g` to upgrade your npm version, and then `npm audit` to get more info.
npm WARN deprecated request@2.40.0: request has been deprecated, see https://github.com/request/request/issues/3142
npm WARN deprecated graceful-fs@1.2.3: please upgrade to graceful-fs 4 for compatibility with current and future versions of Node.js
npm WARN notice [SECURITY] minimatch has the following vulnerability: 1 high. Go here for more details: https://www.npmjs.com/advisories?search=minimatch&version=1.0.0 - Run `npm i npm@latest -g` to upgrade your npm version, and then `npm audit` to get more info.
npm WARN deprecated minimatch@1.0.0: Please update to minimatch 3.0.2 or higher to avoid a RegExp DoS issue
npm WARN notice [SECURITY] debug has the following vulnerability: 1 low. Go here for more details: https://www.npmjs.com/advisories?search=debug&version=0.7.4 - Run `npm i npm@latest -g` to upgrade your npm version, and then `npm audit` to get more info.
npm WARN notice [SECURITY] cli has the following vulnerability: 1 low. Go here for more details: https://www.npmjs.com/advisories?search=cli&version=0.6.6 - Run `npm i npm@latest -g` to upgrade your npm version, and then `npm audit` to get more info.
npm WARN notice [SECURITY] qs has the following vulnerabilities: 3 high. Go here for more details: https://www.npmjs.com/advisories?search=qs&version=0.5.6 - Run `npm i npm@latest -g` to upgrade your npm version, and then `npm audit` to get more info.
npm WARN notice [SECURITY] minimatch has the following vulnerability: 1 high. Go here for more details: https://www.npmjs.com/advisories?search=minimatch&version=0.3.0 - Run `npm i npm@latest -g` to upgrade your npm version, and then `npm audit` to get more info.
npm WARN notice [SECURITY] qs has the following vulnerability: 1 high. Go here for more details: https://www.npmjs.com/advisories?search=qs&version=1.0.2 - Run `npm i npm@latest -g` to upgrade your npm version, and then `npm audit` to get more info.
npm WARN deprecated minimatch@0.3.0: Please update to minimatch 3.0.2 or higher to avoid a RegExp DoS issue
npm WARN notice [SECURITY] tunnel-agent has the following vulnerability: 1 moderate. Go here for more details: https://www.npmjs.com/advisories?search=tunnel-agent&version=0.4.3 - Run `npm i npm@latest -g` to upgrade your npm version, and then `npm audit` to get more info.
npm WARN deprecated natives@1.1.6: This module relies on Node.js's internals and will break at some point. Do not use it, and update to graceful-fs@4.x.
npm WARN deprecated node-uuid@1.4.8: Use uuid module instead
npm WARN notice [SECURITY] hawk has the following vulnerability: 1 moderate. Go here for more details: https://www.npmjs.com/advisories?search=hawk&version=1.1.1 - Run `npm i npm@latest -g` to upgrade your npm version, and then `npm audit` to get more info.
npm WARN notice [SECURITY] lodash has the following vulnerabilities: 3 high, 2 low. Go here for more details: https://www.npmjs.com/advisories?search=lodash&version=1.0.2 - Run `npm i npm@latest -g` to upgrade your npm version, and then `npm audit` to get more info.
npm WARN deprecated hawk@1.1.1: This module moved to @hapi/hawk. Please make sure to switch over as this distribution is no longer supported and may contain bugs and critical security issues.
npm WARN deprecated sntp@0.2.4: This module moved to @hapi/sntp. Please make sure to switch over as this distribution is no longer supported and may contain bugs and critical security issues.
npm WARN notice [SECURITY] hoek has the following vulnerability: 1 moderate. Go here for more details: https://www.npmjs.com/advisories?search=hoek&version=0.9.1 - Run `npm i npm@latest -g` to upgrade your npm version, and then `npm audit` to get more info.
npm WARN notice [SECURITY] cryptiles has the following vulnerability: 1 high. Go here for more details: https://www.npmjs.com/advisories?search=cryptiles&version=0.2.2 - Run `npm i npm@latest -g` to upgrade your npm version, and then `npm audit` to get more info.
npm WARN deprecated cryptiles@0.2.2: This version has been deprecated in accordance with the hapi support policy (hapi.im/support). Please upgrade to the latest version to get the best features, bug fixes, and security patches. If you are unable to upgrade at this time, paid support is available for older versions (hapi.im/commercial).
npm WARN deprecated hoek@0.9.1: This version has been deprecated in accordance with the hapi support policy (hapi.im/support). Please upgrade to the latest version to get the best features, bug fixes, and security patches. If you are unable to upgrade at this time, paid support is available for older versions (hapi.im/commercial).
npm WARN deprecated boom@0.4.2: This version has been deprecated in accordance with the hapi support policy (hapi.im/support). Please upgrade to the latest version to get the best features, bug fixes, and security patches. If you are unable to upgrade at this time, paid support is available for older versions (hapi.im/commercial).
npm notice created a lockfile as package-lock.json. You should commit this file.
npm WARN oscar No repository field.
npm WARN oscar No license field.

added 221 packages in 5.52s
[!] install NPM packages for simple theme
npm WARN notice [SECURITY] lodash has the following vulnerability: 1 high. Go here for more details: https://www.npmjs.com/advisories?search=lodash&version=4.17.20 - Run `npm i npm@latest -g` to upgrade your npm version, and then `npm audit` to get more info.
npm WARN notice [SECURITY] js-yaml has the following vulnerabilities: 1 high, 1 moderate. Go here for more details: https://www.npmjs.com/advisories?search=js-yaml&version=3.6.1 - Run `npm i npm@latest -g` to upgrade your npm version, and then `npm audit` to get more info.
npm WARN notice [SECURITY] lodash has the following vulnerabilities: 3 high, 2 low. Go here for more details: https://www.npmjs.com/advisories?search=lodash&version=3.10.1 - Run `npm i npm@latest -g` to upgrade your npm version, and then `npm audit` to get more info.
npm WARN deprecated request@2.81.0: request has been deprecated, see https://github.com/request/request/issues/3142
npm WARN notice [SECURITY] debug has the following vulnerability: 1 low. Go here for more details: https://www.npmjs.com/advisories?search=debug&version=2.2.0 - Run `npm i npm@latest -g` to upgrade your npm version, and then `npm audit` to get more info.
npm WARN notice [SECURITY] qs has the following vulnerability: 1 high. Go here for more details: https://www.npmjs.com/advisories?search=qs&version=5.1.0 - Run `npm i npm@latest -g` to upgrade your npm version, and then `npm audit` to get more info.
npm WARN deprecated har-validator@4.2.1: this library is no longer supported
npm WARN deprecated hawk@3.1.3: This module moved to @hapi/hawk. Please make sure to switch over as this distribution is no longer supported and may contain bugs and critical security issues.
npm WARN notice [SECURITY] qs has the following vulnerability: 1 high. Go here for more details: https://www.npmjs.com/advisories?search=qs&version=5.2.0 - Run `npm i npm@latest -g` to upgrade your npm version, and then `npm audit` to get more info.
npm WARN deprecated request@2.88.2: request has been deprecated, see https://github.com/request/request/issues/3142
npm WARN deprecated sntp@1.0.9: This module moved to @hapi/sntp. Please make sure to switch over as this distribution is no longer supported and may contain bugs and critical security issues.
npm WARN deprecated hoek@2.16.3: This version has been deprecated in accordance with the hapi support policy (hapi.im/support). Please upgrade to the latest version to get the best features, bug fixes, and security patches. If you are unable to upgrade at this time, paid support is available for older versions (hapi.im/commercial).
npm WARN deprecated boom@2.10.1: This version has been deprecated in accordance with the hapi support policy (hapi.im/support). Please upgrade to the latest version to get the best features, bug fixes, and security patches. If you are unable to upgrade at this time, paid support is available for older versions (hapi.im/commercial).
npm WARN deprecated cryptiles@2.0.5: This version has been deprecated in accordance with the hapi support policy (hapi.im/support). Please upgrade to the latest version to get the best features, bug fixes, and security patches. If you are unable to upgrade at this time, paid support is available for older versions (hapi.im/commercial).
npm WARN deprecated har-validator@5.1.5: this library is no longer supported

> ttf2woff2@2.0.3 install /home/travis/build/passed/asciimoo/searx/searx/static/themes/simple/node_modules/ttf2woff2
> (node-gyp rebuild > builderror.log) || (exit 0)

npm notice created a lockfile as package-lock.json. You should commit this file.
npm WARN simple No description
npm WARN simple No repository field.
npm WARN simple No license field.

added 366 packages in 26.32s

travis_time:end:0154b13d:start=1608087522070268790,finish=1608087563814550715,duration=41744281925[0Ktravis_fold:end:install.3[0Ktravis_fold:start:install.4[0Ktravis_time:start:0ccbc964[0K$ ./manage.sh update_dev_packages
Collecting pip
  Downloading https://files.pythonhosted.org/packages/54/eb/4a3642e971f404d69d4f6fa3885559d67562801b99d7592487f1ecc4e017/pip-20.3.3-py2.py3-none-any.whl (1.5MB)
Installing collected packages: pip
  Found existing installation: pip 9.0.1
    Uninstalling pip-9.0.1:
      Successfully uninstalled pip-9.0.1
Successfully installed pip-20.3.3
Requirement already satisfied: setuptools in /home/travis/virtualenv/python3.6.3/lib/python3.6/site-packages (38.2.4)
Collecting setuptools
  Downloading setuptools-51.0.0-py3-none-any.whl (785 kB)
Installing collected packages: setuptools
  Attempting uninstall: setuptools
    Found existing installation: setuptools 38.2.4
    Uninstalling setuptools-38.2.4:
      Successfully uninstalled setuptools-38.2.4
Successfully installed setuptools-51.0.0
Collecting certifi==2017.11.5
  Downloading certifi-2017.11.5-py2.py3-none-any.whl (330 kB)
Collecting flask==0.12.2
  Downloading Flask-0.12.2-py2.py3-none-any.whl (83 kB)
Collecting flask-babel==0.11.2
  Downloading Flask_Babel-0.11.2-py2.py3-none-any.whl (9.3 kB)
Collecting idna==2.5
  Downloading idna-2.5-py2.py3-none-any.whl (55 kB)
Collecting lxml==4.1.1
  Downloading lxml-4.1.1-cp36-cp36m-manylinux1_x86_64.whl (5.6 MB)
Collecting pygments==2.1.3
  Downloading Pygments-2.1.3-py2.py3-none-any.whl (755 kB)
Collecting pyopenssl==17.4.0
  Downloading pyOpenSSL-17.4.0-py2.py3-none-any.whl (52 kB)
Requirement already satisfied: six>=1.5.2 in /home/travis/virtualenv/python3.6.3/lib/python3.6/site-packages (from pyopenssl==17.4.0->-r /home/travis/build/passed/asciimoo/searx/requirements.txt (line 7)) (1.11.0)
Collecting python-dateutil==2.6.1
  Downloading python_dateutil-2.6.1-py2.py3-none-any.whl (194 kB)
Collecting pyyaml==3.12
  Downloading PyYAML-3.12.zip (375 kB)
Collecting requests[socks]==2.18.4
  Downloading requests-2.18.4-py2.py3-none-any.whl (88 kB)
Collecting Babel>=2.3
  Downloading Babel-2.9.0-py2.py3-none-any.whl (8.8 MB)
Collecting chardet<3.1.0,>=3.0.2
  Downloading chardet-3.0.4-py2.py3-none-any.whl (133 kB)
Collecting click>=2.0
  Downloading click-7.1.2-py2.py3-none-any.whl (82 kB)
Collecting cryptography>=1.9
  Downloading cryptography-3.3.1-cp36-abi3-manylinux2010_x86_64.whl (2.6 MB)
Collecting cffi>=1.12
  Downloading cffi-1.14.4-cp36-cp36m-manylinux1_x86_64.whl (401 kB)
Collecting itsdangerous>=0.21
  Downloading itsdangerous-1.1.0-py2.py3-none-any.whl (16 kB)
Collecting Jinja2>=2.4
  Downloading Jinja2-2.11.2-py2.py3-none-any.whl (125 kB)
Collecting MarkupSafe>=0.23
  Downloading MarkupSafe-1.1.1-cp36-cp36m-manylinux1_x86_64.whl (27 kB)
Collecting PySocks!=1.5.7,>=1.5.6
  Downloading PySocks-1.7.1-py3-none-any.whl (16 kB)
Collecting pytz>=2015.7
  Downloading pytz-2020.4-py2.py3-none-any.whl (509 kB)
Collecting urllib3<1.23,>=1.21.1
  Downloading urllib3-1.22-py2.py3-none-any.whl (132 kB)
Collecting Werkzeug>=0.7
  Downloading Werkzeug-1.0.1-py2.py3-none-any.whl (298 kB)
Collecting pycparser
  Downloading pycparser-2.20-py2.py3-none-any.whl (112 kB)
Building wheels for collected packages: pyyaml
  Building wheel for pyyaml (setup.py): started
  Building wheel for pyyaml (setup.py): finished with status 'done'
  Created wheel for pyyaml: filename=PyYAML-3.12-cp36-cp36m-linux_x86_64.whl size=362360 sha256=52ad00e22f3afd1ff234cf68a10b83d48482c6cd96fcae14724908e657f4d1fa
  Stored in directory: /home/travis/.cache/pip/wheels/58/13/a4/e672e27a1ba3320d443b791c3a1203c64f5cb17f2a69dc7438
Successfully built pyyaml
Installing collected packages: pycparser, MarkupSafe, Werkzeug, urllib3, pytz, Jinja2, itsdangerous, idna, click, chardet, cffi, certifi, requests, PySocks, flask, cryptography, Babel, pyyaml, python-dateutil, pyopenssl, pygments, lxml, flask-babel
Successfully installed Babel-2.9.0 Jinja2-2.11.2 MarkupSafe-1.1.1 PySocks-1.7.1 Werkzeug-1.0.1 certifi-2017.11.5 cffi-1.14.4 chardet-3.0.4 click-7.1.2 cryptography-3.3.1 flask-0.12.2 flask-babel-0.11.2 idna-2.5 itsdangerous-1.1.0 lxml-4.1.1 pycparser-2.20 pygments-2.1.3 pyopenssl-17.4.0 python-dateutil-2.6.1 pytz-2020.4 pyyaml-3.12 requests-2.18.4 urllib3-1.22
Requirement already satisfied: mock==2.0.0 in /home/travis/virtualenv/python3.6.3/lib/python3.6/site-packages (from -r /home/travis/build/passed/asciimoo/searx/requirements-dev.txt (line 2)) (2.0.0)
Collecting babel==2.3.4
  Downloading Babel-2.3.4-py2.py3-none-any.whl (7.1 MB)
Requirement already satisfied: pytz>=0a in /home/travis/virtualenv/python3.6.3/lib/python3.6/site-packages (from babel==2.3.4->-r /home/travis/build/passed/asciimoo/searx/requirements-dev.txt (line 1)) (2020.4)
Collecting cov-core==1.15.0
  Downloading cov-core-1.15.0.tar.gz (5.9 kB)
Requirement already satisfied: pbr>=0.11 in /home/travis/virtualenv/python3.6.3/lib/python3.6/site-packages (from mock==2.0.0->-r /home/travis/build/passed/asciimoo/searx/requirements-dev.txt (line 2)) (3.1.1)
Requirement already satisfied: six>=1.9 in /home/travis/virtualenv/python3.6.3/lib/python3.6/site-packages (from mock==2.0.0->-r /home/travis/build/passed/asciimoo/searx/requirements-dev.txt (line 2)) (1.11.0)
Collecting pep8==1.7.0
  Downloading pep8-1.7.0-py2.py3-none-any.whl (41 kB)
Collecting plone.testing==5.0.0
  Downloading plone.testing-5.0.0.tar.gz (148 kB)
Requirement already satisfied: setuptools in /home/travis/virtualenv/python3.6.3/lib/python3.6/site-packages (from plone.testing==5.0.0->-r /home/travis/build/passed/asciimoo/searx/requirements-dev.txt (line 6)) (51.0.0)
Collecting selenium==3.5.0
  Downloading selenium-3.5.0-py2.py3-none-any.whl (921 kB)
Collecting splinter==0.7.5
  Downloading splinter-0.7.5.tar.gz (20 kB)
Collecting transifex-client==0.12.2
  Downloading transifex-client-0.12.2.tar.gz (177 kB)
Requirement already satisfied: urllib3 in /home/travis/virtualenv/python3.6.3/lib/python3.6/site-packages (from transifex-client==0.12.2->-r /home/travis/build/passed/asciimoo/searx/requirements-dev.txt (line 8)) (1.22)
Collecting unittest2==1.1.0
  Downloading unittest2-1.1.0-py2.py3-none-any.whl (96 kB)
Collecting zope.testrunner==4.5.1
  Downloading zope.testrunner-4.5.1.zip (268 kB)
Collecting coverage>=3.6
  Downloading coverage-5.3-cp36-cp36m-manylinux1_x86_64.whl (229 kB)
Collecting nose2[coverage-plugin]
  Downloading nose2-0.9.2-py2.py3-none-any.whl (137 kB)
WARNING: nose2 0.9.2 does not provide the extra 'coverage-plugin'
Collecting argparse
  Downloading argparse-1.4.0-py2.py3-none-any.whl (23 kB)
Collecting traceback2
  Downloading traceback2-1.4.0-py2.py3-none-any.whl (16 kB)
Collecting linecache2
  Downloading linecache2-1.0.0-py2.py3-none-any.whl (12 kB)
Collecting zope.exceptions
  Downloading zope.exceptions-4.4-py2.py3-none-any.whl (18 kB)
Collecting zope.interface
  Downloading zope.interface-5.2.0-cp36-cp36m-manylinux2010_x86_64.whl (236 kB)
Collecting zope.testing
  Downloading zope.testing-4.7-py2.py3-none-any.whl (64 kB)
Building wheels for collected packages: cov-core, plone.testing, splinter, transifex-client, zope.testrunner
  Building wheel for cov-core (setup.py): started
  Building wheel for cov-core (setup.py): finished with status 'done'
  Created wheel for cov-core: filename=cov_core-1.15.0-py3-none-any.whl size=6235 sha256=06fea962b0e57fb43e3158039ac72e085d3f13e1110e8d218dc6471e31a7f520
  Stored in directory: /home/travis/.cache/pip/wheels/d8/d3/71/a31ed6ab6c8eb76dd85dc72fa5a7516c443eb59d79a1c97aec
  Building wheel for plone.testing (setup.py): started
  Building wheel for plone.testing (setup.py): finished with status 'done'
  Created wheel for plone.testing: filename=plone.testing-5.0.0-py3-none-any.whl size=152842 sha256=c513ff8710173845987331207b15b8cd052dac10ea577a07ecb742dd638f5b85
  Stored in directory: /home/travis/.cache/pip/wheels/e3/33/bc/c2fb596f522f4c86aa805bd514ceeb272c8b8f9b080f65b102
  Building wheel for splinter (setup.py): started
  Building wheel for splinter (setup.py): finished with status 'done'
  Created wheel for splinter: filename=splinter-0.7.5-py3-none-any.whl size=30635 sha256=f3be67a454cd3ce371f986dc7173ca9373f325bedc95f97fe94d32f6c65a32a8
  Stored in directory: /home/travis/.cache/pip/wheels/a0/ba/a2/a67b8f4fa10fc8c94d2fed22c3067bccc4be411b2fa6a74c13
  Building wheel for transifex-client (setup.py): started
  Building wheel for transifex-client (setup.py): finished with status 'done'
  Created wheel for transifex-client: filename=transifex_client-0.12.2-py3-none-any.whl size=169205 sha256=4b1a8b306865f4d5f471fffde22f87110d2c616facb3b109f4b2218c36f0a0aa
  Stored in directory: /home/travis/.cache/pip/wheels/8b/6a/8d/ed668f9c81b4779051f36e4a39a8a21876cac3e18a9721dbf3
  Building wheel for zope.testrunner (setup.py): started
  Building wheel for zope.testrunner (setup.py): finished with status 'done'
  Created wheel for zope.testrunner: filename=zope.testrunner-4.5.1-py3-none-any.whl size=248727 sha256=d7102812b076104cfd6834bfe195e3baa7aaf585ae6786ec39b340572de9709b
  Stored in directory: /home/travis/.cache/pip/wheels/ad/84/9a/26d09043cff111c927c16fd835be70d3deb342f050270ab08c
Successfully built cov-core plone.testing splinter transifex-client zope.testrunner
Installing collected packages: zope.interface, linecache2, coverage, zope.testing, zope.exceptions, traceback2, selenium, nose2, argparse, zope.testrunner, unittest2, transifex-client, splinter, plone.testing, pep8, cov-core, babel
  Attempting uninstall: babel
    Found existing installation: Babel 2.9.0
    Uninstalling Babel-2.9.0:
      Successfully uninstalled Babel-2.9.0
Successfully installed argparse-1.4.0 babel-2.3.4 cov-core-1.15.0 coverage-5.3 linecache2-1.0.0 nose2-0.9.2 pep8-1.7.0 plone.testing-5.0.0 selenium-3.5.0 splinter-0.7.5 traceback2-1.4.0 transifex-client-0.12.2 unittest2-1.1.0 zope.exceptions-4.4 zope.interface-5.2.0 zope.testing-4.7 zope.testrunner-4.5.1

travis_time:end:0ccbc964:start=1608087563826829514,finish=1608087602515448908,duration=38688619394[0Ktravis_fold:end:install.4[0Ktravis_fold:start:install.5[0Ktravis_time:start:17492458[0K$ pip install codecov==2.0.15
Collecting codecov==2.0.15
  Downloading codecov-2.0.15-py2.py3-none-any.whl (11 kB)
Requirement already satisfied: requests>=2.7.9 in /home/travis/virtualenv/python3.6.3/lib/python3.6/site-packages (from codecov==2.0.15) (2.18.4)
Requirement already satisfied: coverage in /home/travis/virtualenv/python3.6.3/lib/python3.6/site-packages (from codecov==2.0.15) (5.3)
Requirement already satisfied: urllib3<1.23,>=1.21.1 in /home/travis/virtualenv/python3.6.3/lib/python3.6/site-packages (from requests>=2.7.9->codecov==2.0.15) (1.22)
Requirement already satisfied: chardet<3.1.0,>=3.0.2 in /home/travis/virtualenv/python3.6.3/lib/python3.6/site-packages (from requests>=2.7.9->codecov==2.0.15) (3.0.4)
Requirement already satisfied: idna<2.7,>=2.5 in /home/travis/virtualenv/python3.6.3/lib/python3.6/site-packages (from requests>=2.7.9->codecov==2.0.15) (2.5)
Requirement already satisfied: certifi>=2017.4.17 in /home/travis/virtualenv/python3.6.3/lib/python3.6/site-packages (from requests>=2.7.9->codecov==2.0.15) (2017.11.5)
Installing collected packages: codecov
Successfully installed codecov-2.0.15

travis_time:end:17492458:start=1608087602529234052,finish=1608087603974131273,duration=1444897221[0Ktravis_fold:end:install.5[0Ktravis_time:start:1a0232aa[0K$ ./manage.sh styles
[!] Building legacy style
[!] Building courgette style
[!] Building pix-art style
[!] Building bootstrap style

travis_time:end:1a0232aa:start=1608087603988459702,finish=1608087606590056274,duration=2601596572[0K
[32;1mThe command "./manage.sh styles" exited with 0.[0m
travis_time:start:175c9e75[0K$ ./manage.sh grunt_build
[!] Grunt build : oscar theme
[4mRunning "jshint:files" (jshint) task[24m
[32m>> [39m5 files lint free.

[4mRunning "concat:dist" (concat) task[24m
File js/searx.js created.

[4mRunning "uglify:dist" (uglify) task[24m
[32m>> [39m1 file created.

[4mRunning "less:development" (less) task[24m
File css/pointhi.css created: 0 B â†’ 10.1 kB
File css/logicodev.css created: 0 B â†’ 17.6 kB
File css/logicodev-dark.css created: 0 B â†’ 13.39 kB

[4mRunning "less:production" (less) task[24m
File css/pointhi.min.css created: 10.1 kB â†’ 6.9 kB
File css/logicodev.min.css created: 13.39 kB â†’ 9.73 kB
File css/logicodev-dark.min.css created: 17.6 kB â†’ 13.14 kB

[32mDone, without errors.[39m
[!] Grunt build : simple theme
Running "jshint:files" (jshint) task
>> 6 files lint free.

Running "concat:dist" (concat) task

Running "uglify:dist" (uglify) task
>> 1 sourcemap created.
>> 1 file created 50.75 kB â†’ 22.56 kB

Running "less:development" (less) task
>> 2 stylesheets created.

Running "less:production" (less) task
>> 2 stylesheets created.

Done.

travis_time:end:175c9e75:start=1608087606599897958,finish=1608087609760583439,duration=3160685481[0K
[32;1mThe command "./manage.sh grunt_build" exited with 0.[0m
travis_time:start:015d0731[0K$ ./manage.sh tests
[!] Running pep8 check
[!] Running unit tests
WARNING:searx:You are using an old openssl version(OpenSSL 1.0.1f 6 Jan 2014), please upgrade above 1.0.2!
EEEEEEEEEEEEEEEEEEEEEEEEEEEEEEEEEEEEEEEEEEEEEEEEEEEEEEEEEEEEEEEEEEEEEEEEE............E
======================================================================
ERROR: tests.unit.engines.test_archlinux (nose2.loader.ModuleImportFailure)
----------------------------------------------------------------------
ImportError: Failed to import test module: tests.unit.engines.test_archlinux
Traceback (most recent call last):
  File "/home/travis/virtualenv/python3.6.3/lib/python3.6/site-packages/nose2/plugins/loader/discovery.py", line 201, in _find_tests_in_file
    module = util.module_from_name(module_name)
  File "/home/travis/virtualenv/python3.6.3/lib/python3.6/site-packages/nose2/util.py", line 77, in module_from_name
    __import__(name)
  File "/home/travis/build/passed/asciimoo/searx/tests/unit/engines/test_archlinux.py", line 3, in <module>
    from searx.engines import archlinux
  File "/home/travis/build/passed/asciimoo/searx/searx/engines/__init__.py", line 24, in <module>
    from flask_babel import gettext
  File "/home/travis/virtualenv/python3.6.3/lib/python3.6/site-packages/flask_babel/__init__.py", line 19, in <module>
    from werkzeug import ImmutableDict
ImportError: cannot import name 'ImmutableDict'


======================================================================
ERROR: tests.unit.engines.test_arxiv (nose2.loader.ModuleImportFailure)
----------------------------------------------------------------------
ImportError: Failed to import test module: tests.unit.engines.test_arxiv
Traceback (most recent call last):
  File "/home/travis/virtualenv/python3.6.3/lib/python3.6/site-packages/nose2/plugins/loader/discovery.py", line 201, in _find_tests_in_file
    module = util.module_from_name(module_name)
  File "/home/travis/virtualenv/python3.6.3/lib/python3.6/site-packages/nose2/util.py", line 77, in module_from_name
    __import__(name)
  File "/home/travis/build/passed/asciimoo/searx/tests/unit/engines/test_arxiv.py", line 4, in <module>
    from searx.engines import arxiv
  File "/home/travis/build/passed/asciimoo/searx/searx/engines/__init__.py", line 24, in <module>
    from flask_babel import gettext
  File "/home/travis/virtualenv/python3.6.3/lib/python3.6/site-packages/flask_babel/__init__.py", line 19, in <module>
    from werkzeug import ImmutableDict
ImportError: cannot import name 'ImmutableDict'


======================================================================
ERROR: tests.unit.engines.test_base (nose2.loader.ModuleImportFailure)
----------------------------------------------------------------------
ImportError: Failed to import test module: tests.unit.engines.test_base
Traceback (most recent call last):
  File "/home/travis/virtualenv/python3.6.3/lib/python3.6/site-packages/nose2/plugins/loader/discovery.py", line 201, in _find_tests_in_file
    module = util.module_from_name(module_name)
  File "/home/travis/virtualenv/python3.6.3/lib/python3.6/site-packages/nose2/util.py", line 77, in module_from_name
    __import__(name)
  File "/home/travis/build/passed/asciimoo/searx/tests/unit/engines/test_base.py", line 4, in <module>
    from searx.engines import base
  File "/home/travis/build/passed/asciimoo/searx/searx/engines/__init__.py", line 24, in <module>
    from flask_babel import gettext
  File "/home/travis/virtualenv/python3.6.3/lib/python3.6/site-packages/flask_babel/__init__.py", line 19, in <module>
    from werkzeug import ImmutableDict
ImportError: cannot import name 'ImmutableDict'


======================================================================
ERROR: tests.unit.engines.test_bing (nose2.loader.ModuleImportFailure)
----------------------------------------------------------------------
ImportError: Failed to import test module: tests.unit.engines.test_bing
Traceback (most recent call last):
  File "/home/travis/virtualenv/python3.6.3/lib/python3.6/site-packages/nose2/plugins/loader/discovery.py", line 201, in _find_tests_in_file
    module = util.module_from_name(module_name)
  File "/home/travis/virtualenv/python3.6.3/lib/python3.6/site-packages/nose2/util.py", line 77, in module_from_name
    __import__(name)
  File "/home/travis/build/passed/asciimoo/searx/tests/unit/engines/test_bing.py", line 3, in <module>
    from searx.engines import bing
  File "/home/travis/build/passed/asciimoo/searx/searx/engines/__init__.py", line 24, in <module>
    from flask_babel import gettext
  File "/home/travis/virtualenv/python3.6.3/lib/python3.6/site-packages/flask_babel/__init__.py", line 19, in <module>
    from werkzeug import ImmutableDict
ImportError: cannot import name 'ImmutableDict'


======================================================================
ERROR: tests.unit.engines.test_bing_images (nose2.loader.ModuleImportFailure)
----------------------------------------------------------------------
ImportError: Failed to import test module: tests.unit.engines.test_bing_images
Traceback (most recent call last):
  File "/home/travis/virtualenv/python3.6.3/lib/python3.6/site-packages/nose2/plugins/loader/discovery.py", line 201, in _find_tests_in_file
    module = util.module_from_name(module_name)
  File "/home/travis/virtualenv/python3.6.3/lib/python3.6/site-packages/nose2/util.py", line 77, in module_from_name
    __import__(name)
  File "/home/travis/build/passed/asciimoo/searx/tests/unit/engines/test_bing_images.py", line 4, in <module>
    from searx.engines import bing_images
  File "/home/travis/build/passed/asciimoo/searx/searx/engines/__init__.py", line 24, in <module>
    from flask_babel import gettext
  File "/home/travis/virtualenv/python3.6.3/lib/python3.6/site-packages/flask_babel/__init__.py", line 19, in <module>
    from werkzeug import ImmutableDict
ImportError: cannot import name 'ImmutableDict'


======================================================================
ERROR: tests.unit.engines.test_bing_news (nose2.loader.ModuleImportFailure)
----------------------------------------------------------------------
ImportError: Failed to import test module: tests.unit.engines.test_bing_news
Traceback (most recent call last):
  File "/home/travis/virtualenv/python3.6.3/lib/python3.6/site-packages/nose2/plugins/loader/discovery.py", line 201, in _find_tests_in_file
    module = util.module_from_name(module_name)
  File "/home/travis/virtualenv/python3.6.3/lib/python3.6/site-packages/nose2/util.py", line 77, in module_from_name
    __import__(name)
  File "/home/travis/build/passed/asciimoo/searx/tests/unit/engines/test_bing_news.py", line 3, in <module>
    from searx.engines import bing_news
  File "/home/travis/build/passed/asciimoo/searx/searx/engines/__init__.py", line 24, in <module>
    from flask_babel import gettext
  File "/home/travis/virtualenv/python3.6.3/lib/python3.6/site-packages/flask_babel/__init__.py", line 19, in <module>
    from werkzeug import ImmutableDict
ImportError: cannot import name 'ImmutableDict'


======================================================================
ERROR: tests.unit.engines.test_bing_videos (nose2.loader.ModuleImportFailure)
----------------------------------------------------------------------
ImportError: Failed to import test module: tests.unit.engines.test_bing_videos
Traceback (most recent call last):
  File "/home/travis/virtualenv/python3.6.3/lib/python3.6/site-packages/nose2/plugins/loader/discovery.py", line 201, in _find_tests_in_file
    module = util.module_from_name(module_name)
  File "/home/travis/virtualenv/python3.6.3/lib/python3.6/site-packages/nose2/util.py", line 77, in module_from_name
    __import__(name)
  File "/home/travis/build/passed/asciimoo/searx/tests/unit/engines/test_bing_videos.py", line 4, in <module>
    from searx.engines import bing_videos
  File "/home/travis/build/passed/asciimoo/searx/searx/engines/__init__.py", line 24, in <module>
    from flask_babel import gettext
  File "/home/travis/virtualenv/python3.6.3/lib/python3.6/site-packages/flask_babel/__init__.py", line 19, in <module>
    from werkzeug import ImmutableDict
ImportError: cannot import name 'ImmutableDict'


======================================================================
ERROR: tests.unit.engines.test_btdigg (nose2.loader.ModuleImportFailure)
----------------------------------------------------------------------
ImportError: Failed to import test module: tests.unit.engines.test_btdigg
Traceback (most recent call last):
  File "/home/travis/virtualenv/python3.6.3/lib/python3.6/site-packages/nose2/plugins/loader/discovery.py", line 201, in _find_tests_in_file
    module = util.module_from_name(module_name)
  File "/home/travis/virtualenv/python3.6.3/lib/python3.6/site-packages/nose2/util.py", line 77, in module_from_name
    __import__(name)
  File "/home/travis/build/passed/asciimoo/searx/tests/unit/engines/test_btdigg.py", line 4, in <module>
    from searx.engines import btdigg
  File "/home/travis/build/passed/asciimoo/searx/searx/engines/__init__.py", line 24, in <module>
    from flask_babel import gettext
  File "/home/travis/virtualenv/python3.6.3/lib/python3.6/site-packages/flask_babel/__init__.py", line 19, in <module>
    from werkzeug import ImmutableDict
ImportError: cannot import name 'ImmutableDict'


======================================================================
ERROR: tests.unit.engines.test_currency_convert (nose2.loader.ModuleImportFailure)
----------------------------------------------------------------------
ImportError: Failed to import test module: tests.unit.engines.test_currency_convert
Traceback (most recent call last):
  File "/home/travis/virtualenv/python3.6.3/lib/python3.6/site-packages/nose2/plugins/loader/discovery.py", line 201, in _find_tests_in_file
    module = util.module_from_name(module_name)
  File "/home/travis/virtualenv/python3.6.3/lib/python3.6/site-packages/nose2/util.py", line 77, in module_from_name
    __import__(name)
  File "/home/travis/build/passed/asciimoo/searx/tests/unit/engines/test_currency_convert.py", line 4, in <module>
    from searx.engines import currency_convert
  File "/home/travis/build/passed/asciimoo/searx/searx/engines/__init__.py", line 24, in <module>
    from flask_babel import gettext
  File "/home/travis/virtualenv/python3.6.3/lib/python3.6/site-packages/flask_babel/__init__.py", line 19, in <module>
    from werkzeug import ImmutableDict
ImportError: cannot import name 'ImmutableDict'


======================================================================
ERROR: tests.unit.engines.test_dailymotion (nose2.loader.ModuleImportFailure)
----------------------------------------------------------------------
ImportError: Failed to import test module: tests.unit.engines.test_dailymotion
Traceback (most recent call last):
  File "/home/travis/virtualenv/python3.6.3/lib/python3.6/site-packages/nose2/plugins/loader/discovery.py", line 201, in _find_tests_in_file
    module = util.module_from_name(module_name)
  File "/home/travis/virtualenv/python3.6.3/lib/python3.6/site-packages/nose2/util.py", line 77, in module_from_name
    __import__(name)
  File "/home/travis/build/passed/asciimoo/searx/tests/unit/engines/test_dailymotion.py", line 4, in <module>
    from searx.engines import dailymotion
  File "/home/travis/build/passed/asciimoo/searx/searx/engines/__init__.py", line 24, in <module>
    from flask_babel import gettext
  File "/home/travis/virtualenv/python3.6.3/lib/python3.6/site-packages/flask_babel/__init__.py", line 19, in <module>
    from werkzeug import ImmutableDict
ImportError: cannot import name 'ImmutableDict'


======================================================================
ERROR: tests.unit.engines.test_deezer (nose2.loader.ModuleImportFailure)
----------------------------------------------------------------------
ImportError: Failed to import test module: tests.unit.engines.test_deezer
Traceback (most recent call last):
  File "/home/travis/virtualenv/python3.6.3/lib/python3.6/site-packages/nose2/plugins/loader/discovery.py", line 201, in _find_tests_in_file
    module = util.module_from_name(module_name)
  File "/home/travis/virtualenv/python3.6.3/lib/python3.6/site-packages/nose2/util.py", line 77, in module_from_name
    __import__(name)
  File "/home/travis/build/passed/asciimoo/searx/tests/unit/engines/test_deezer.py", line 3, in <module>
    from searx.engines import deezer
  File "/home/travis/build/passed/asciimoo/searx/searx/engines/__init__.py", line 24, in <module>
    from flask_babel import gettext
  File "/home/travis/virtualenv/python3.6.3/lib/python3.6/site-packages/flask_babel/__init__.py", line 19, in <module>
    from werkzeug import ImmutableDict
ImportError: cannot import name 'ImmutableDict'


======================================================================
ERROR: tests.unit.engines.test_deviantart (nose2.loader.ModuleImportFailure)
----------------------------------------------------------------------
ImportError: Failed to import test module: tests.unit.engines.test_deviantart
Traceback (most recent call last):
  File "/home/travis/virtualenv/python3.6.3/lib/python3.6/site-packages/nose2/plugins/loader/discovery.py", line 201, in _find_tests_in_file
    module = util.module_from_name(module_name)
  File "/home/travis/virtualenv/python3.6.3/lib/python3.6/site-packages/nose2/util.py", line 77, in module_from_name
    __import__(name)
  File "/home/travis/build/passed/asciimoo/searx/tests/unit/engines/test_deviantart.py", line 3, in <module>
    from searx.engines import deviantart
  File "/home/travis/build/passed/asciimoo/searx/searx/engines/__init__.py", line 24, in <module>
    from flask_babel import gettext
  File "/home/travis/virtualenv/python3.6.3/lib/python3.6/site-packages/flask_babel/__init__.py", line 19, in <module>
    from werkzeug import ImmutableDict
ImportError: cannot import name 'ImmutableDict'


======================================================================
ERROR: tests.unit.engines.test_digbt (nose2.loader.ModuleImportFailure)
----------------------------------------------------------------------
ImportError: Failed to import test module: tests.unit.engines.test_digbt
Traceback (most recent call last):
  File "/home/travis/virtualenv/python3.6.3/lib/python3.6/site-packages/nose2/plugins/loader/discovery.py", line 201, in _find_tests_in_file
    module = util.module_from_name(module_name)
  File "/home/travis/virtualenv/python3.6.3/lib/python3.6/site-packages/nose2/util.py", line 77, in module_from_name
    __import__(name)
  File "/home/travis/build/passed/asciimoo/searx/tests/unit/engines/test_digbt.py", line 3, in <module>
    from searx.engines import digbt
  File "/home/travis/build/passed/asciimoo/searx/searx/engines/__init__.py", line 24, in <module>
    from flask_babel import gettext
  File "/home/travis/virtualenv/python3.6.3/lib/python3.6/site-packages/flask_babel/__init__.py", line 19, in <module>
    from werkzeug import ImmutableDict
ImportError: cannot import name 'ImmutableDict'


======================================================================
ERROR: tests.unit.engines.test_digg (nose2.loader.ModuleImportFailure)
----------------------------------------------------------------------
ImportError: Failed to import test module: tests.unit.engines.test_digg
Traceback (most recent call last):
  File "/home/travis/virtualenv/python3.6.3/lib/python3.6/site-packages/nose2/plugins/loader/discovery.py", line 201, in _find_tests_in_file
    module = util.module_from_name(module_name)
  File "/home/travis/virtualenv/python3.6.3/lib/python3.6/site-packages/nose2/util.py", line 77, in module_from_name
    __import__(name)
  File "/home/travis/build/passed/asciimoo/searx/tests/unit/engines/test_digg.py", line 3, in <module>
    from searx.engines import digg
  File "/home/travis/build/passed/asciimoo/searx/searx/engines/__init__.py", line 24, in <module>
    from flask_babel import gettext
  File "/home/travis/virtualenv/python3.6.3/lib/python3.6/site-packages/flask_babel/__init__.py", line 19, in <module>
    from werkzeug import ImmutableDict
ImportError: cannot import name 'ImmutableDict'


======================================================================
ERROR: tests.unit.engines.test_doku (nose2.loader.ModuleImportFailure)
----------------------------------------------------------------------
ImportError: Failed to import test module: tests.unit.engines.test_doku
Traceback (most recent call last):
  File "/home/travis/virtualenv/python3.6.3/lib/python3.6/site-packages/nose2/plugins/loader/discovery.py", line 201, in _find_tests_in_file
    module = util.module_from_name(module_name)
  File "/home/travis/virtualenv/python3.6.3/lib/python3.6/site-packages/nose2/util.py", line 77, in module_from_name
    __import__(name)
  File "/home/travis/build/passed/asciimoo/searx/tests/unit/engines/test_doku.py", line 4, in <module>
    from searx.engines import doku
  File "/home/travis/build/passed/asciimoo/searx/searx/engines/__init__.py", line 24, in <module>
    from flask_babel import gettext
  File "/home/travis/virtualenv/python3.6.3/lib/python3.6/site-packages/flask_babel/__init__.py", line 19, in <module>
    from werkzeug import ImmutableDict
ImportError: cannot import name 'ImmutableDict'


======================================================================
ERROR: tests.unit.engines.test_duckduckgo (nose2.loader.ModuleImportFailure)
----------------------------------------------------------------------
ImportError: Failed to import test module: tests.unit.engines.test_duckduckgo
Traceback (most recent call last):
  File "/home/travis/virtualenv/python3.6.3/lib/python3.6/site-packages/nose2/plugins/loader/discovery.py", line 201, in _find_tests_in_file
    module = util.module_from_name(module_name)
  File "/home/travis/virtualenv/python3.6.3/lib/python3.6/site-packages/nose2/util.py", line 77, in module_from_name
    __import__(name)
  File "/home/travis/build/passed/asciimoo/searx/tests/unit/engines/test_duckduckgo.py", line 4, in <module>
    from searx.engines import load_engine, duckduckgo
  File "/home/travis/build/passed/asciimoo/searx/searx/engines/__init__.py", line 24, in <module>
    from flask_babel import gettext
  File "/home/travis/virtualenv/python3.6.3/lib/python3.6/site-packages/flask_babel/__init__.py", line 19, in <module>
    from werkzeug import ImmutableDict
ImportError: cannot import name 'ImmutableDict'


======================================================================
ERROR: tests.unit.engines.test_duckduckgo_definitions (nose2.loader.ModuleImportFailure)
----------------------------------------------------------------------
ImportError: Failed to import test module: tests.unit.engines.test_duckduckgo_definitions
Traceback (most recent call last):
  File "/home/travis/virtualenv/python3.6.3/lib/python3.6/site-packages/nose2/plugins/loader/discovery.py", line 201, in _find_tests_in_file
    module = util.module_from_name(module_name)
  File "/home/travis/virtualenv/python3.6.3/lib/python3.6/site-packages/nose2/util.py", line 77, in module_from_name
    __import__(name)
  File "/home/travis/build/passed/asciimoo/searx/tests/unit/engines/test_duckduckgo_definitions.py", line 3, in <module>
    from searx.engines import duckduckgo_definitions
  File "/home/travis/build/passed/asciimoo/searx/searx/engines/__init__.py", line 24, in <module>
    from flask_babel import gettext
  File "/home/travis/virtualenv/python3.6.3/lib/python3.6/site-packages/flask_babel/__init__.py", line 19, in <module>
    from werkzeug import ImmutableDict
ImportError: cannot import name 'ImmutableDict'


======================================================================
ERROR: tests.unit.engines.test_duckduckgo_images (nose2.loader.ModuleImportFailure)
----------------------------------------------------------------------
ImportError: Failed to import test module: tests.unit.engines.test_duckduckgo_images
Traceback (most recent call last):
  File "/home/travis/virtualenv/python3.6.3/lib/python3.6/site-packages/nose2/plugins/loader/discovery.py", line 201, in _find_tests_in_file
    module = util.module_from_name(module_name)
  File "/home/travis/virtualenv/python3.6.3/lib/python3.6/site-packages/nose2/util.py", line 77, in module_from_name
    __import__(name)
  File "/home/travis/build/passed/asciimoo/searx/tests/unit/engines/test_duckduckgo_images.py", line 4, in <module>
    from searx.engines import duckduckgo_images
  File "/home/travis/build/passed/asciimoo/searx/searx/engines/__init__.py", line 24, in <module>
    from flask_babel import gettext
  File "/home/travis/virtualenv/python3.6.3/lib/python3.6/site-packages/flask_babel/__init__.py", line 19, in <module>
    from werkzeug import ImmutableDict
ImportError: cannot import name 'ImmutableDict'


======================================================================
ERROR: tests.unit.engines.test_dummy (nose2.loader.ModuleImportFailure)
----------------------------------------------------------------------
ImportError: Failed to import test module: tests.unit.engines.test_dummy
Traceback (most recent call last):
  File "/home/travis/virtualenv/python3.6.3/lib/python3.6/site-packages/nose2/plugins/loader/discovery.py", line 201, in _find_tests_in_file
    module = util.module_from_name(module_name)
  File "/home/travis/virtualenv/python3.6.3/lib/python3.6/site-packages/nose2/util.py", line 77, in module_from_name
    __import__(name)
  File "/home/travis/build/passed/asciimoo/searx/tests/unit/engines/test_dummy.py", line 1, in <module>
    from searx.engines import dummy
  File "/home/travis/build/passed/asciimoo/searx/searx/engines/__init__.py", line 24, in <module>
    from flask_babel import gettext
  File "/home/travis/virtualenv/python3.6.3/lib/python3.6/site-packages/flask_babel/__init__.py", line 19, in <module>
    from werkzeug import ImmutableDict
ImportError: cannot import name 'ImmutableDict'


======================================================================
ERROR: tests.unit.engines.test_faroo (nose2.loader.ModuleImportFailure)
----------------------------------------------------------------------
ImportError: Failed to import test module: tests.unit.engines.test_faroo
Traceback (most recent call last):
  File "/home/travis/virtualenv/python3.6.3/lib/python3.6/site-packages/nose2/plugins/loader/discovery.py", line 201, in _find_tests_in_file
    module = util.module_from_name(module_name)
  File "/home/travis/virtualenv/python3.6.3/lib/python3.6/site-packages/nose2/util.py", line 77, in module_from_name
    __import__(name)
  File "/home/travis/build/passed/asciimoo/searx/tests/unit/engines/test_faroo.py", line 4, in <module>
    from searx.engines import faroo
  File "/home/travis/build/passed/asciimoo/searx/searx/engines/__init__.py", line 24, in <module>
    from flask_babel import gettext
  File "/home/travis/virtualenv/python3.6.3/lib/python3.6/site-packages/flask_babel/__init__.py", line 19, in <module>
    from werkzeug import ImmutableDict
ImportError: cannot import name 'ImmutableDict'


======================================================================
ERROR: tests.unit.engines.test_fdroid (nose2.loader.ModuleImportFailure)
----------------------------------------------------------------------
ImportError: Failed to import test module: tests.unit.engines.test_fdroid
Traceback (most recent call last):
  File "/home/travis/virtualenv/python3.6.3/lib/python3.6/site-packages/nose2/plugins/loader/discovery.py", line 201, in _find_tests_in_file
    module = util.module_from_name(module_name)
  File "/home/travis/virtualenv/python3.6.3/lib/python3.6/site-packages/nose2/util.py", line 77, in module_from_name
    __import__(name)
  File "/home/travis/build/passed/asciimoo/searx/tests/unit/engines/test_fdroid.py", line 3, in <module>
    from searx.engines import fdroid
  File "/home/travis/build/passed/asciimoo/searx/searx/engines/__init__.py", line 24, in <module>
    from flask_babel import gettext
  File "/home/travis/virtualenv/python3.6.3/lib/python3.6/site-packages/flask_babel/__init__.py", line 19, in <module>
    from werkzeug import ImmutableDict
ImportError: cannot import name 'ImmutableDict'


======================================================================
ERROR: tests.unit.engines.test_flickr (nose2.loader.ModuleImportFailure)
----------------------------------------------------------------------
ImportError: Failed to import test module: tests.unit.engines.test_flickr
Traceback (most recent call last):
  File "/home/travis/virtualenv/python3.6.3/lib/python3.6/site-packages/nose2/plugins/loader/discovery.py", line 201, in _find_tests_in_file
    module = util.module_from_name(module_name)
  File "/home/travis/virtualenv/python3.6.3/lib/python3.6/site-packages/nose2/util.py", line 77, in module_from_name
    __import__(name)
  File "/home/travis/build/passed/asciimoo/searx/tests/unit/engines/test_flickr.py", line 3, in <module>
    from searx.engines import flickr
  File "/home/travis/build/passed/asciimoo/searx/searx/engines/__init__.py", line 24, in <module>
    from flask_babel import gettext
  File "/home/travis/virtualenv/python3.6.3/lib/python3.6/site-packages/flask_babel/__init__.py", line 19, in <module>
    from werkzeug import ImmutableDict
ImportError: cannot import name 'ImmutableDict'


======================================================================
ERROR: tests.unit.engines.test_flickr_noapi (nose2.loader.ModuleImportFailure)
----------------------------------------------------------------------
ImportError: Failed to import test module: tests.unit.engines.test_flickr_noapi
Traceback (most recent call last):
  File "/home/travis/virtualenv/python3.6.3/lib/python3.6/site-packages/nose2/plugins/loader/discovery.py", line 201, in _find_tests_in_file
    module = util.module_from_name(module_name)
  File "/home/travis/virtualenv/python3.6.3/lib/python3.6/site-packages/nose2/util.py", line 77, in module_from_name
    __import__(name)
  File "/home/travis/build/passed/asciimoo/searx/tests/unit/engines/test_flickr_noapi.py", line 3, in <module>
    from searx.engines import flickr_noapi
  File "/home/travis/build/passed/asciimoo/searx/searx/engines/__init__.py", line 24, in <module>
    from flask_babel import gettext
  File "/home/travis/virtualenv/python3.6.3/lib/python3.6/site-packages/flask_babel/__init__.py", line 19, in <module>
    from werkzeug import ImmutableDict
ImportError: cannot import name 'ImmutableDict'


======================================================================
ERROR: tests.unit.engines.test_framalibre (nose2.loader.ModuleImportFailure)
----------------------------------------------------------------------
ImportError: Failed to import test module: tests.unit.engines.test_framalibre
Traceback (most recent call last):
  File "/home/travis/virtualenv/python3.6.3/lib/python3.6/site-packages/nose2/plugins/loader/discovery.py", line 201, in _find_tests_in_file
    module = util.module_from_name(module_name)
  File "/home/travis/virtualenv/python3.6.3/lib/python3.6/site-packages/nose2/util.py", line 77, in module_from_name
    __import__(name)
  File "/home/travis/build/passed/asciimoo/searx/tests/unit/engines/test_framalibre.py", line 4, in <module>
    from searx.engines import framalibre
  File "/home/travis/build/passed/asciimoo/searx/searx/engines/__init__.py", line 24, in <module>
    from flask_babel import gettext
  File "/home/travis/virtualenv/python3.6.3/lib/python3.6/site-packages/flask_babel/__init__.py", line 19, in <module>
    from werkzeug import ImmutableDict
ImportError: cannot import name 'ImmutableDict'


======================================================================
ERROR: tests.unit.engines.test_frinkiac (nose2.loader.ModuleImportFailure)
----------------------------------------------------------------------
ImportError: Failed to import test module: tests.unit.engines.test_frinkiac
Traceback (most recent call last):
  File "/home/travis/virtualenv/python3.6.3/lib/python3.6/site-packages/nose2/plugins/loader/discovery.py", line 201, in _find_tests_in_file
    module = util.module_from_name(module_name)
  File "/home/travis/virtualenv/python3.6.3/lib/python3.6/site-packages/nose2/util.py", line 77, in module_from_name
    __import__(name)
  File "/home/travis/build/passed/asciimoo/searx/tests/unit/engines/test_frinkiac.py", line 4, in <module>
    from searx.engines import frinkiac
  File "/home/travis/build/passed/asciimoo/searx/searx/engines/__init__.py", line 24, in <module>
    from flask_babel import gettext
  File "/home/travis/virtualenv/python3.6.3/lib/python3.6/site-packages/flask_babel/__init__.py", line 19, in <module>
    from werkzeug import ImmutableDict
ImportError: cannot import name 'ImmutableDict'


======================================================================
ERROR: tests.unit.engines.test_genius (nose2.loader.ModuleImportFailure)
----------------------------------------------------------------------
ImportError: Failed to import test module: tests.unit.engines.test_genius
Traceback (most recent call last):
  File "/home/travis/virtualenv/python3.6.3/lib/python3.6/site-packages/nose2/plugins/loader/discovery.py", line 201, in _find_tests_in_file
    module = util.module_from_name(module_name)
  File "/home/travis/virtualenv/python3.6.3/lib/python3.6/site-packages/nose2/util.py", line 77, in module_from_name
    __import__(name)
  File "/home/travis/build/passed/asciimoo/searx/tests/unit/engines/test_genius.py", line 4, in <module>
    from searx.engines import genius
  File "/home/travis/build/passed/asciimoo/searx/searx/engines/__init__.py", line 24, in <module>
    from flask_babel import gettext
  File "/home/travis/virtualenv/python3.6.3/lib/python3.6/site-packages/flask_babel/__init__.py", line 19, in <module>
    from werkzeug import ImmutableDict
ImportError: cannot import name 'ImmutableDict'


======================================================================
ERROR: tests.unit.engines.test_gigablast (nose2.loader.ModuleImportFailure)
----------------------------------------------------------------------
ImportError: Failed to import test module: tests.unit.engines.test_gigablast
Traceback (most recent call last):
  File "/home/travis/virtualenv/python3.6.3/lib/python3.6/site-packages/nose2/plugins/loader/discovery.py", line 201, in _find_tests_in_file
    module = util.module_from_name(module_name)
  File "/home/travis/virtualenv/python3.6.3/lib/python3.6/site-packages/nose2/util.py", line 77, in module_from_name
    __import__(name)
  File "/home/travis/build/passed/asciimoo/searx/tests/unit/engines/test_gigablast.py", line 3, in <module>
    from searx.engines import gigablast
  File "/home/travis/build/passed/asciimoo/searx/searx/engines/__init__.py", line 24, in <module>
    from flask_babel import gettext
  File "/home/travis/virtualenv/python3.6.3/lib/python3.6/site-packages/flask_babel/__init__.py", line 19, in <module>
    from werkzeug import ImmutableDict
ImportError: cannot import name 'ImmutableDict'


======================================================================
ERROR: tests.unit.engines.test_github (nose2.loader.ModuleImportFailure)
----------------------------------------------------------------------
ImportError: Failed to import test module: tests.unit.engines.test_github
Traceback (most recent call last):
  File "/home/travis/virtualenv/python3.6.3/lib/python3.6/site-packages/nose2/plugins/loader/discovery.py", line 201, in _find_tests_in_file
    module = util.module_from_name(module_name)
  File "/home/travis/virtualenv/python3.6.3/lib/python3.6/site-packages/nose2/util.py", line 77, in module_from_name
    __import__(name)
  File "/home/travis/build/passed/asciimoo/searx/tests/unit/engines/test_github.py", line 3, in <module>
    from searx.engines import github
  File "/home/travis/build/passed/asciimoo/searx/searx/engines/__init__.py", line 24, in <module>
    from flask_babel import gettext
  File "/home/travis/virtualenv/python3.6.3/lib/python3.6/site-packages/flask_babel/__init__.py", line 19, in <module>
    from werkzeug import ImmutableDict
ImportError: cannot import name 'ImmutableDict'


======================================================================
ERROR: tests.unit.engines.test_google (nose2.loader.ModuleImportFailure)
----------------------------------------------------------------------
ImportError: Failed to import test module: tests.unit.engines.test_google
Traceback (most recent call last):
  File "/home/travis/virtualenv/python3.6.3/lib/python3.6/site-packages/nose2/plugins/loader/discovery.py", line 201, in _find_tests_in_file
    module = util.module_from_name(module_name)
  File "/home/travis/virtualenv/python3.6.3/lib/python3.6/site-packages/nose2/util.py", line 77, in module_from_name
    __import__(name)
  File "/home/travis/build/passed/asciimoo/searx/tests/unit/engines/test_google.py", line 5, in <module>
    from searx.engines import google
  File "/home/travis/build/passed/asciimoo/searx/searx/engines/__init__.py", line 24, in <module>
    from flask_babel import gettext
  File "/home/travis/virtualenv/python3.6.3/lib/python3.6/site-packages/flask_babel/__init__.py", line 19, in <module>
    from werkzeug import ImmutableDict
ImportError: cannot import name 'ImmutableDict'


======================================================================
ERROR: tests.unit.engines.test_google_images (nose2.loader.ModuleImportFailure)
----------------------------------------------------------------------
ImportError: Failed to import test module: tests.unit.engines.test_google_images
Traceback (most recent call last):
  File "/home/travis/virtualenv/python3.6.3/lib/python3.6/site-packages/nose2/plugins/loader/discovery.py", line 201, in _find_tests_in_file
    module = util.module_from_name(module_name)
  File "/home/travis/virtualenv/python3.6.3/lib/python3.6/site-packages/nose2/util.py", line 77, in module_from_name
    __import__(name)
  File "/home/travis/build/passed/asciimoo/searx/tests/unit/engines/test_google_images.py", line 3, in <module>
    from searx.engines import google_images
  File "/home/travis/build/passed/asciimoo/searx/searx/engines/__init__.py", line 24, in <module>
    from flask_babel import gettext
  File "/home/travis/virtualenv/python3.6.3/lib/python3.6/site-packages/flask_babel/__init__.py", line 19, in <module>
    from werkzeug import ImmutableDict
ImportError: cannot import name 'ImmutableDict'


======================================================================
ERROR: tests.unit.engines.test_google_news (nose2.loader.ModuleImportFailure)
----------------------------------------------------------------------
ImportError: Failed to import test module: tests.unit.engines.test_google_news
Traceback (most recent call last):
  File "/home/travis/virtualenv/python3.6.3/lib/python3.6/site-packages/nose2/plugins/loader/discovery.py", line 201, in _find_tests_in_file
    module = util.module_from_name(module_name)
  File "/home/travis/virtualenv/python3.6.3/lib/python3.6/site-packages/nose2/util.py", line 77, in module_from_name
    __import__(name)
  File "/home/travis/build/passed/asciimoo/searx/tests/unit/engines/test_google_news.py", line 5, in <module>
    from searx.engines import google_news
  File "/home/travis/build/passed/asciimoo/searx/searx/engines/__init__.py", line 24, in <module>
    from flask_babel import gettext
  File "/home/travis/virtualenv/python3.6.3/lib/python3.6/site-packages/flask_babel/__init__.py", line 19, in <module>
    from werkzeug import ImmutableDict
ImportError: cannot import name 'ImmutableDict'


======================================================================
ERROR: tests.unit.engines.test_google_videos (nose2.loader.ModuleImportFailure)
----------------------------------------------------------------------
ImportError: Failed to import test module: tests.unit.engines.test_google_videos
Traceback (most recent call last):
  File "/home/travis/virtualenv/python3.6.3/lib/python3.6/site-packages/nose2/plugins/loader/discovery.py", line 201, in _find_tests_in_file
    module = util.module_from_name(module_name)
  File "/home/travis/virtualenv/python3.6.3/lib/python3.6/site-packages/nose2/util.py", line 77, in module_from_name
    __import__(name)
  File "/home/travis/build/passed/asciimoo/searx/tests/unit/engines/test_google_videos.py", line 3, in <module>
    from searx.engines import google_videos
  File "/home/travis/build/passed/asciimoo/searx/searx/engines/__init__.py", line 24, in <module>
    from flask_babel import gettext
  File "/home/travis/virtualenv/python3.6.3/lib/python3.6/site-packages/flask_babel/__init__.py", line 19, in <module>
    from werkzeug import ImmutableDict
ImportError: cannot import name 'ImmutableDict'


======================================================================
ERROR: tests.unit.engines.test_ina (nose2.loader.ModuleImportFailure)
----------------------------------------------------------------------
ImportError: Failed to import test module: tests.unit.engines.test_ina
Traceback (most recent call last):
  File "/home/travis/virtualenv/python3.6.3/lib/python3.6/site-packages/nose2/plugins/loader/discovery.py", line 201, in _find_tests_in_file
    module = util.module_from_name(module_name)
  File "/home/travis/virtualenv/python3.6.3/lib/python3.6/site-packages/nose2/util.py", line 77, in module_from_name
    __import__(name)
  File "/home/travis/build/passed/asciimoo/searx/tests/unit/engines/test_ina.py", line 3, in <module>
    from searx.engines import ina
  File "/home/travis/build/passed/asciimoo/searx/searx/engines/__init__.py", line 24, in <module>
    from flask_babel import gettext
  File "/home/travis/virtualenv/python3.6.3/lib/python3.6/site-packages/flask_babel/__init__.py", line 19, in <module>
    from werkzeug import ImmutableDict
ImportError: cannot import name 'ImmutableDict'


======================================================================
ERROR: tests.unit.engines.test_kickass (nose2.loader.ModuleImportFailure)
----------------------------------------------------------------------
ImportError: Failed to import test module: tests.unit.engines.test_kickass
Traceback (most recent call last):
  File "/home/travis/virtualenv/python3.6.3/lib/python3.6/site-packages/nose2/plugins/loader/discovery.py", line 201, in _find_tests_in_file
    module = util.module_from_name(module_name)
  File "/home/travis/virtualenv/python3.6.3/lib/python3.6/site-packages/nose2/util.py", line 77, in module_from_name
    __import__(name)
  File "/home/travis/build/passed/asciimoo/searx/tests/unit/engines/test_kickass.py", line 4, in <module>
    from searx.engines import kickass
  File "/home/travis/build/passed/asciimoo/searx/searx/engines/__init__.py", line 24, in <module>
    from flask_babel import gettext
  File "/home/travis/virtualenv/python3.6.3/lib/python3.6/site-packages/flask_babel/__init__.py", line 19, in <module>
    from werkzeug import ImmutableDict
ImportError: cannot import name 'ImmutableDict'


======================================================================
ERROR: tests.unit.engines.test_mediawiki (nose2.loader.ModuleImportFailure)
----------------------------------------------------------------------
ImportError: Failed to import test module: tests.unit.engines.test_mediawiki
Traceback (most recent call last):
  File "/home/travis/virtualenv/python3.6.3/lib/python3.6/site-packages/nose2/plugins/loader/discovery.py", line 201, in _find_tests_in_file
    module = util.module_from_name(module_name)
  File "/home/travis/virtualenv/python3.6.3/lib/python3.6/site-packages/nose2/util.py", line 77, in module_from_name
    __import__(name)
  File "/home/travis/build/passed/asciimoo/searx/tests/unit/engines/test_mediawiki.py", line 4, in <module>
    from searx.engines import mediawiki
  File "/home/travis/build/passed/asciimoo/searx/searx/engines/__init__.py", line 24, in <module>
    from flask_babel import gettext
  File "/home/travis/virtualenv/python3.6.3/lib/python3.6/site-packages/flask_babel/__init__.py", line 19, in <module>
    from werkzeug import ImmutableDict
ImportError: cannot import name 'ImmutableDict'


======================================================================
ERROR: tests.unit.engines.test_mixcloud (nose2.loader.ModuleImportFailure)
----------------------------------------------------------------------
ImportError: Failed to import test module: tests.unit.engines.test_mixcloud
Traceback (most recent call last):
  File "/home/travis/virtualenv/python3.6.3/lib/python3.6/site-packages/nose2/plugins/loader/discovery.py", line 201, in _find_tests_in_file
    module = util.module_from_name(module_name)
  File "/home/travis/virtualenv/python3.6.3/lib/python3.6/site-packages/nose2/util.py", line 77, in module_from_name
    __import__(name)
  File "/home/travis/build/passed/asciimoo/searx/tests/unit/engines/test_mixcloud.py", line 3, in <module>
    from searx.engines import mixcloud
  File "/home/travis/build/passed/asciimoo/searx/searx/engines/__init__.py", line 24, in <module>
    from flask_babel import gettext
  File "/home/travis/virtualenv/python3.6.3/lib/python3.6/site-packages/flask_babel/__init__.py", line 19, in <module>
    from werkzeug import ImmutableDict
ImportError: cannot import name 'ImmutableDict'


======================================================================
ERROR: tests.unit.engines.test_nyaa (nose2.loader.ModuleImportFailure)
----------------------------------------------------------------------
ImportError: Failed to import test module: tests.unit.engines.test_nyaa
Traceback (most recent call last):
  File "/home/travis/virtualenv/python3.6.3/lib/python3.6/site-packages/nose2/plugins/loader/discovery.py", line 201, in _find_tests_in_file
    module = util.module_from_name(module_name)
  File "/home/travis/virtualenv/python3.6.3/lib/python3.6/site-packages/nose2/util.py", line 77, in module_from_name
    __import__(name)
  File "/home/travis/build/passed/asciimoo/searx/tests/unit/engines/test_nyaa.py", line 3, in <module>
    from searx.engines import nyaa
  File "/home/travis/build/passed/asciimoo/searx/searx/engines/__init__.py", line 24, in <module>
    from flask_babel import gettext
  File "/home/travis/virtualenv/python3.6.3/lib/python3.6/site-packages/flask_babel/__init__.py", line 19, in <module>
    from werkzeug import ImmutableDict
ImportError: cannot import name 'ImmutableDict'


======================================================================
ERROR: tests.unit.engines.test_openstreetmap (nose2.loader.ModuleImportFailure)
----------------------------------------------------------------------
ImportError: Failed to import test module: tests.unit.engines.test_openstreetmap
Traceback (most recent call last):
  File "/home/travis/virtualenv/python3.6.3/lib/python3.6/site-packages/nose2/plugins/loader/discovery.py", line 201, in _find_tests_in_file
    module = util.module_from_name(module_name)
  File "/home/travis/virtualenv/python3.6.3/lib/python3.6/site-packages/nose2/util.py", line 77, in module_from_name
    __import__(name)
  File "/home/travis/build/passed/asciimoo/searx/tests/unit/engines/test_openstreetmap.py", line 4, in <module>
    from searx.engines import openstreetmap
  File "/home/travis/build/passed/asciimoo/searx/searx/engines/__init__.py", line 24, in <module>
    from flask_babel import gettext
  File "/home/travis/virtualenv/python3.6.3/lib/python3.6/site-packages/flask_babel/__init__.py", line 19, in <module>
    from werkzeug import ImmutableDict
ImportError: cannot import name 'ImmutableDict'


======================================================================
ERROR: tests.unit.engines.test_pdbe (nose2.loader.ModuleImportFailure)
----------------------------------------------------------------------
ImportError: Failed to import test module: tests.unit.engines.test_pdbe
Traceback (most recent call last):
  File "/home/travis/virtualenv/python3.6.3/lib/python3.6/site-packages/nose2/plugins/loader/discovery.py", line 201, in _find_tests_in_file
    module = util.module_from_name(module_name)
  File "/home/travis/virtualenv/python3.6.3/lib/python3.6/site-packages/nose2/util.py", line 77, in module_from_name
    __import__(name)
  File "/home/travis/build/passed/asciimoo/searx/tests/unit/engines/test_pdbe.py", line 3, in <module>
    from searx.engines import pdbe
  File "/home/travis/build/passed/asciimoo/searx/searx/engines/__init__.py", line 24, in <module>
    from flask_babel import gettext
  File "/home/travis/virtualenv/python3.6.3/lib/python3.6/site-packages/flask_babel/__init__.py", line 19, in <module>
    from werkzeug import ImmutableDict
ImportError: cannot import name 'ImmutableDict'


======================================================================
ERROR: tests.unit.engines.test_photon (nose2.loader.ModuleImportFailure)
----------------------------------------------------------------------
ImportError: Failed to import test module: tests.unit.engines.test_photon
Traceback (most recent call last):
  File "/home/travis/virtualenv/python3.6.3/lib/python3.6/site-packages/nose2/plugins/loader/discovery.py", line 201, in _find_tests_in_file
    module = util.module_from_name(module_name)
  File "/home/travis/virtualenv/python3.6.3/lib/python3.6/site-packages/nose2/util.py", line 77, in module_from_name
    __import__(name)
  File "/home/travis/build/passed/asciimoo/searx/tests/unit/engines/test_photon.py", line 4, in <module>
    from searx.engines import photon
  File "/home/travis/build/passed/asciimoo/searx/searx/engines/__init__.py", line 24, in <module>
    from flask_babel import gettext
  File "/home/travis/virtualenv/python3.6.3/lib/python3.6/site-packages/flask_babel/__init__.py", line 19, in <module>
    from werkzeug import ImmutableDict
ImportError: cannot import name 'ImmutableDict'


======================================================================
ERROR: tests.unit.engines.test_piratebay (nose2.loader.ModuleImportFailure)
----------------------------------------------------------------------
ImportError: Failed to import test module: tests.unit.engines.test_piratebay
Traceback (most recent call last):
  File "/home/travis/virtualenv/python3.6.3/lib/python3.6/site-packages/nose2/plugins/loader/discovery.py", line 201, in _find_tests_in_file
    module = util.module_from_name(module_name)
  File "/home/travis/virtualenv/python3.6.3/lib/python3.6/site-packages/nose2/util.py", line 77, in module_from_name
    __import__(name)
  File "/home/travis/build/passed/asciimoo/searx/tests/unit/engines/test_piratebay.py", line 4, in <module>
    from searx.engines import piratebay
  File "/home/travis/build/passed/asciimoo/searx/searx/engines/__init__.py", line 24, in <module>
    from flask_babel import gettext
  File "/home/travis/virtualenv/python3.6.3/lib/python3.6/site-packages/flask_babel/__init__.py", line 19, in <module>
    from werkzeug import ImmutableDict
ImportError: cannot import name 'ImmutableDict'


======================================================================
ERROR: tests.unit.engines.test_qwant (nose2.loader.ModuleImportFailure)
----------------------------------------------------------------------
ImportError: Failed to import test module: tests.unit.engines.test_qwant
Traceback (most recent call last):
  File "/home/travis/virtualenv/python3.6.3/lib/python3.6/site-packages/nose2/plugins/loader/discovery.py", line 201, in _find_tests_in_file
    module = util.module_from_name(module_name)
  File "/home/travis/virtualenv/python3.6.3/lib/python3.6/site-packages/nose2/util.py", line 77, in module_from_name
    __import__(name)
  File "/home/travis/build/passed/asciimoo/searx/tests/unit/engines/test_qwant.py", line 3, in <module>
    from searx.engines import qwant
  File "/home/travis/build/passed/asciimoo/searx/searx/engines/__init__.py", line 24, in <module>
    from flask_babel import gettext
  File "/home/travis/virtualenv/python3.6.3/lib/python3.6/site-packages/flask_babel/__init__.py", line 19, in <module>
    from werkzeug import ImmutableDict
ImportError: cannot import name 'ImmutableDict'


======================================================================
ERROR: tests.unit.engines.test_reddit (nose2.loader.ModuleImportFailure)
----------------------------------------------------------------------
ImportError: Failed to import test module: tests.unit.engines.test_reddit
Traceback (most recent call last):
  File "/home/travis/virtualenv/python3.6.3/lib/python3.6/site-packages/nose2/plugins/loader/discovery.py", line 201, in _find_tests_in_file
    module = util.module_from_name(module_name)
  File "/home/travis/virtualenv/python3.6.3/lib/python3.6/site-packages/nose2/util.py", line 77, in module_from_name
    __import__(name)
  File "/home/travis/build/passed/asciimoo/searx/tests/unit/engines/test_reddit.py", line 3, in <module>
    from searx.engines import reddit
  File "/home/travis/build/passed/asciimoo/searx/searx/engines/__init__.py", line 24, in <module>
    from flask_babel import gettext
  File "/home/travis/virtualenv/python3.6.3/lib/python3.6/site-packages/flask_babel/__init__.py", line 19, in <module>
    from werkzeug import ImmutableDict
ImportError: cannot import name 'ImmutableDict'


======================================================================
ERROR: tests.unit.engines.test_scanr_structures (nose2.loader.ModuleImportFailure)
----------------------------------------------------------------------
ImportError: Failed to import test module: tests.unit.engines.test_scanr_structures
Traceback (most recent call last):
  File "/home/travis/virtualenv/python3.6.3/lib/python3.6/site-packages/nose2/plugins/loader/discovery.py", line 201, in _find_tests_in_file
    module = util.module_from_name(module_name)
  File "/home/travis/virtualenv/python3.6.3/lib/python3.6/site-packages/nose2/util.py", line 77, in module_from_name
    __import__(name)
  File "/home/travis/build/passed/asciimoo/searx/tests/unit/engines/test_scanr_structures.py", line 3, in <module>
    from searx.engines import scanr_structures
  File "/home/travis/build/passed/asciimoo/searx/searx/engines/__init__.py", line 24, in <module>
    from flask_babel import gettext
  File "/home/travis/virtualenv/python3.6.3/lib/python3.6/site-packages/flask_babel/__init__.py", line 19, in <module>
    from werkzeug import ImmutableDict
ImportError: cannot import name 'ImmutableDict'


======================================================================
ERROR: tests.unit.engines.test_searchcode_code (nose2.loader.ModuleImportFailure)
----------------------------------------------------------------------
ImportError: Failed to import test module: tests.unit.engines.test_searchcode_code
Traceback (most recent call last):
  File "/home/travis/virtualenv/python3.6.3/lib/python3.6/site-packages/nose2/plugins/loader/discovery.py", line 201, in _find_tests_in_file
    module = util.module_from_name(module_name)
  File "/home/travis/virtualenv/python3.6.3/lib/python3.6/site-packages/nose2/util.py", line 77, in module_from_name
    __import__(name)
  File "/home/travis/build/passed/asciimoo/searx/tests/unit/engines/test_searchcode_code.py", line 3, in <module>
    from searx.engines import searchcode_code
  File "/home/travis/build/passed/asciimoo/searx/searx/engines/__init__.py", line 24, in <module>
    from flask_babel import gettext
  File "/home/travis/virtualenv/python3.6.3/lib/python3.6/site-packages/flask_babel/__init__.py", line 19, in <module>
    from werkzeug import ImmutableDict
ImportError: cannot import name 'ImmutableDict'


======================================================================
ERROR: tests.unit.engines.test_searchcode_doc (nose2.loader.ModuleImportFailure)
----------------------------------------------------------------------
ImportError: Failed to import test module: tests.unit.engines.test_searchcode_doc
Traceback (most recent call last):
  File "/home/travis/virtualenv/python3.6.3/lib/python3.6/site-packages/nose2/plugins/loader/discovery.py", line 201, in _find_tests_in_file
    module = util.module_from_name(module_name)
  File "/home/travis/virtualenv/python3.6.3/lib/python3.6/site-packages/nose2/util.py", line 77, in module_from_name
    __import__(name)
  File "/home/travis/build/passed/asciimoo/searx/tests/unit/engines/test_searchcode_doc.py", line 3, in <module>
    from searx.engines import searchcode_doc
  File "/home/travis/build/passed/asciimoo/searx/searx/engines/__init__.py", line 24, in <module>
    from flask_babel import gettext
  File "/home/travis/virtualenv/python3.6.3/lib/python3.6/site-packages/flask_babel/__init__.py", line 19, in <module>
    from werkzeug import ImmutableDict
ImportError: cannot import name 'ImmutableDict'


======================================================================
ERROR: tests.unit.engines.test_seedpeer (nose2.loader.ModuleImportFailure)
----------------------------------------------------------------------
ImportError: Failed to import test module: tests.unit.engines.test_seedpeer
Traceback (most recent call last):
  File "/home/travis/virtualenv/python3.6.3/lib/python3.6/site-packages/nose2/plugins/loader/discovery.py", line 201, in _find_tests_in_file
    module = util.module_from_name(module_name)
  File "/home/travis/virtualenv/python3.6.3/lib/python3.6/site-packages/nose2/util.py", line 77, in module_from_name
    __import__(name)
  File "/home/travis/build/passed/asciimoo/searx/tests/unit/engines/test_seedpeer.py", line 3, in <module>
    from searx.engines import seedpeer
  File "/home/travis/build/passed/asciimoo/searx/searx/engines/__init__.py", line 24, in <module>
    from flask_babel import gettext
  File "/home/travis/virtualenv/python3.6.3/lib/python3.6/site-packages/flask_babel/__init__.py", line 19, in <module>
    from werkzeug import ImmutableDict
ImportError: cannot import name 'ImmutableDict'


======================================================================
ERROR: tests.unit.engines.test_soundcloud (nose2.loader.ModuleImportFailure)
----------------------------------------------------------------------
ImportError: Failed to import test module: tests.unit.engines.test_soundcloud
Traceback (most recent call last):
  File "/home/travis/virtualenv/python3.6.3/lib/python3.6/site-packages/nose2/plugins/loader/discovery.py", line 201, in _find_tests_in_file
    module = util.module_from_name(module_name)
  File "/home/travis/virtualenv/python3.6.3/lib/python3.6/site-packages/nose2/util.py", line 77, in module_from_name
    __import__(name)
  File "/home/travis/build/passed/asciimoo/searx/tests/unit/engines/test_soundcloud.py", line 3, in <module>
    from searx.engines import soundcloud
  File "/home/travis/build/passed/asciimoo/searx/searx/engines/__init__.py", line 24, in <module>
    from flask_babel import gettext
  File "/home/travis/virtualenv/python3.6.3/lib/python3.6/site-packages/flask_babel/__init__.py", line 19, in <module>
    from werkzeug import ImmutableDict
ImportError: cannot import name 'ImmutableDict'


======================================================================
ERROR: tests.unit.engines.test_spotify (nose2.loader.ModuleImportFailure)
----------------------------------------------------------------------
ImportError: Failed to import test module: tests.unit.engines.test_spotify
Traceback (most recent call last):
  File "/home/travis/virtualenv/python3.6.3/lib/python3.6/site-packages/nose2/plugins/loader/discovery.py", line 201, in _find_tests_in_file
    module = util.module_from_name(module_name)
  File "/home/travis/virtualenv/python3.6.3/lib/python3.6/site-packages/nose2/util.py", line 77, in module_from_name
    __import__(name)
  File "/home/travis/build/passed/asciimoo/searx/tests/unit/engines/test_spotify.py", line 3, in <module>
    from searx.engines import spotify
  File "/home/travis/build/passed/asciimoo/searx/searx/engines/__init__.py", line 24, in <module>
    from flask_babel import gettext
  File "/home/travis/virtualenv/python3.6.3/lib/python3.6/site-packages/flask_babel/__init__.py", line 19, in <module>
    from werkzeug import ImmutableDict
ImportError: cannot import name 'ImmutableDict'


======================================================================
ERROR: tests.unit.engines.test_stackoverflow (nose2.loader.ModuleImportFailure)
----------------------------------------------------------------------
ImportError: Failed to import test module: tests.unit.engines.test_stackoverflow
Traceback (most recent call last):
  File "/home/travis/virtualenv/python3.6.3/lib/python3.6/site-packages/nose2/plugins/loader/discovery.py", line 201, in _find_tests_in_file
    module = util.module_from_name(module_name)
  File "/home/travis/virtualenv/python3.6.3/lib/python3.6/site-packages/nose2/util.py", line 77, in module_from_name
    __import__(name)
  File "/home/travis/build/passed/asciimoo/searx/tests/unit/engines/test_stackoverflow.py", line 3, in <module>
    from searx.engines import stackoverflow
  File "/home/travis/build/passed/asciimoo/searx/searx/engines/__init__.py", line 24, in <module>
    from flask_babel import gettext
  File "/home/travis/virtualenv/python3.6.3/lib/python3.6/site-packages/flask_babel/__init__.py", line 19, in <module>
    from werkzeug import ImmutableDict
ImportError: cannot import name 'ImmutableDict'


======================================================================
ERROR: tests.unit.engines.test_startpage (nose2.loader.ModuleImportFailure)
----------------------------------------------------------------------
ImportError: Failed to import test module: tests.unit.engines.test_startpage
Traceback (most recent call last):
  File "/home/travis/virtualenv/python3.6.3/lib/python3.6/site-packages/nose2/plugins/loader/discovery.py", line 201, in _find_tests_in_file
    module = util.module_from_name(module_name)
  File "/home/travis/virtualenv/python3.6.3/lib/python3.6/site-packages/nose2/util.py", line 77, in module_from_name
    __import__(name)
  File "/home/travis/build/passed/asciimoo/searx/tests/unit/engines/test_startpage.py", line 4, in <module>
    from searx.engines import startpage
  File "/home/travis/build/passed/asciimoo/searx/searx/engines/__init__.py", line 24, in <module>
    from flask_babel import gettext
  File "/home/travis/virtualenv/python3.6.3/lib/python3.6/site-packages/flask_babel/__init__.py", line 19, in <module>
    from werkzeug import ImmutableDict
ImportError: cannot import name 'ImmutableDict'


======================================================================
ERROR: tests.unit.engines.test_subtitleseeker (nose2.loader.ModuleImportFailure)
----------------------------------------------------------------------
ImportError: Failed to import test module: tests.unit.engines.test_subtitleseeker
Traceback (most recent call last):
  File "/home/travis/virtualenv/python3.6.3/lib/python3.6/site-packages/nose2/plugins/loader/discovery.py", line 201, in _find_tests_in_file
    module = util.module_from_name(module_name)
  File "/home/travis/virtualenv/python3.6.3/lib/python3.6/site-packages/nose2/util.py", line 77, in module_from_name
    __import__(name)
  File "/home/travis/build/passed/asciimoo/searx/tests/unit/engines/test_subtitleseeker.py", line 3, in <module>
    from searx.engines import subtitleseeker
  File "/home/travis/build/passed/asciimoo/searx/searx/engines/__init__.py", line 24, in <module>
    from flask_babel import gettext
  File "/home/travis/virtualenv/python3.6.3/lib/python3.6/site-packages/flask_babel/__init__.py", line 19, in <module>
    from werkzeug import ImmutableDict
ImportError: cannot import name 'ImmutableDict'


======================================================================
ERROR: tests.unit.engines.test_swisscows (nose2.loader.ModuleImportFailure)
----------------------------------------------------------------------
ImportError: Failed to import test module: tests.unit.engines.test_swisscows
Traceback (most recent call last):
  File "/home/travis/virtualenv/python3.6.3/lib/python3.6/site-packages/nose2/plugins/loader/discovery.py", line 201, in _find_tests_in_file
    module = util.module_from_name(module_name)
  File "/home/travis/virtualenv/python3.6.3/lib/python3.6/site-packages/nose2/util.py", line 77, in module_from_name
    __import__(name)
  File "/home/travis/build/passed/asciimoo/searx/tests/unit/engines/test_swisscows.py", line 3, in <module>
    from searx.engines import swisscows
  File "/home/travis/build/passed/asciimoo/searx/searx/engines/__init__.py", line 24, in <module>
    from flask_babel import gettext
  File "/home/travis/virtualenv/python3.6.3/lib/python3.6/site-packages/flask_babel/__init__.py", line 19, in <module>
    from werkzeug import ImmutableDict
ImportError: cannot import name 'ImmutableDict'


======================================================================
ERROR: tests.unit.engines.test_tokyotoshokan (nose2.loader.ModuleImportFailure)
----------------------------------------------------------------------
ImportError: Failed to import test module: tests.unit.engines.test_tokyotoshokan
Traceback (most recent call last):
  File "/home/travis/virtualenv/python3.6.3/lib/python3.6/site-packages/nose2/plugins/loader/discovery.py", line 201, in _find_tests_in_file
    module = util.module_from_name(module_name)
  File "/home/travis/virtualenv/python3.6.3/lib/python3.6/site-packages/nose2/util.py", line 77, in module_from_name
    __import__(name)
  File "/home/travis/build/passed/asciimoo/searx/tests/unit/engines/test_tokyotoshokan.py", line 3, in <module>
    from searx.engines import tokyotoshokan
  File "/home/travis/build/passed/asciimoo/searx/searx/engines/__init__.py", line 24, in <module>
    from flask_babel import gettext
  File "/home/travis/virtualenv/python3.6.3/lib/python3.6/site-packages/flask_babel/__init__.py", line 19, in <module>
    from werkzeug import ImmutableDict
ImportError: cannot import name 'ImmutableDict'


======================================================================
ERROR: tests.unit.engines.test_torrentz (nose2.loader.ModuleImportFailure)
----------------------------------------------------------------------
ImportError: Failed to import test module: tests.unit.engines.test_torrentz
Traceback (most recent call last):
  File "/home/travis/virtualenv/python3.6.3/lib/python3.6/site-packages/nose2/plugins/loader/discovery.py", line 201, in _find_tests_in_file
    module = util.module_from_name(module_name)
  File "/home/travis/virtualenv/python3.6.3/lib/python3.6/site-packages/nose2/util.py", line 77, in module_from_name
    __import__(name)
  File "/home/travis/build/passed/asciimoo/searx/tests/unit/engines/test_torrentz.py", line 3, in <module>
    from searx.engines import torrentz
  File "/home/travis/build/passed/asciimoo/searx/searx/engines/__init__.py", line 24, in <module>
    from flask_babel import gettext
  File "/home/travis/virtualenv/python3.6.3/lib/python3.6/site-packages/flask_babel/__init__.py", line 19, in <module>
    from werkzeug import ImmutableDict
ImportError: cannot import name 'ImmutableDict'


======================================================================
ERROR: tests.unit.engines.test_twitter (nose2.loader.ModuleImportFailure)
----------------------------------------------------------------------
ImportError: Failed to import test module: tests.unit.engines.test_twitter
Traceback (most recent call last):
  File "/home/travis/virtualenv/python3.6.3/lib/python3.6/site-packages/nose2/plugins/loader/discovery.py", line 201, in _find_tests_in_file
    module = util.module_from_name(module_name)
  File "/home/travis/virtualenv/python3.6.3/lib/python3.6/site-packages/nose2/util.py", line 77, in module_from_name
    __import__(name)
  File "/home/travis/build/passed/asciimoo/searx/tests/unit/engines/test_twitter.py", line 4, in <module>
    from searx.engines import twitter
  File "/home/travis/build/passed/asciimoo/searx/searx/engines/__init__.py", line 24, in <module>
    from flask_babel import gettext
  File "/home/travis/virtualenv/python3.6.3/lib/python3.6/site-packages/flask_babel/__init__.py", line 19, in <module>
    from werkzeug import ImmutableDict
ImportError: cannot import name 'ImmutableDict'


======================================================================
ERROR: tests.unit.engines.test_vimeo (nose2.loader.ModuleImportFailure)
----------------------------------------------------------------------
ImportError: Failed to import test module: tests.unit.engines.test_vimeo
Traceback (most recent call last):
  File "/home/travis/virtualenv/python3.6.3/lib/python3.6/site-packages/nose2/plugins/loader/discovery.py", line 201, in _find_tests_in_file
    module = util.module_from_name(module_name)
  File "/home/travis/virtualenv/python3.6.3/lib/python3.6/site-packages/nose2/util.py", line 77, in module_from_name
    __import__(name)
  File "/home/travis/build/passed/asciimoo/searx/tests/unit/engines/test_vimeo.py", line 4, in <module>
    from searx.engines import vimeo
  File "/home/travis/build/passed/asciimoo/searx/searx/engines/__init__.py", line 24, in <module>
    from flask_babel import gettext
  File "/home/travis/virtualenv/python3.6.3/lib/python3.6/site-packages/flask_babel/__init__.py", line 19, in <module>
    from werkzeug import ImmutableDict
ImportError: cannot import name 'ImmutableDict'


======================================================================
ERROR: tests.unit.engines.test_wikidata (nose2.loader.ModuleImportFailure)
----------------------------------------------------------------------
ImportError: Failed to import test module: tests.unit.engines.test_wikidata
Traceback (most recent call last):
  File "/home/travis/virtualenv/python3.6.3/lib/python3.6/site-packages/nose2/plugins/loader/discovery.py", line 201, in _find_tests_in_file
    module = util.module_from_name(module_name)
  File "/home/travis/virtualenv/python3.6.3/lib/python3.6/site-packages/nose2/util.py", line 77, in module_from_name
    __import__(name)
  File "/home/travis/build/passed/asciimoo/searx/tests/unit/engines/test_wikidata.py", line 5, in <module>
    from searx.engines import wikidata
  File "/home/travis/build/passed/asciimoo/searx/searx/engines/__init__.py", line 24, in <module>
    from flask_babel import gettext
  File "/home/travis/virtualenv/python3.6.3/lib/python3.6/site-packages/flask_babel/__init__.py", line 19, in <module>
    from werkzeug import ImmutableDict
ImportError: cannot import name 'ImmutableDict'


======================================================================
ERROR: tests.unit.engines.test_wikipedia (nose2.loader.ModuleImportFailure)
----------------------------------------------------------------------
ImportError: Failed to import test module: tests.unit.engines.test_wikipedia
Traceback (most recent call last):
  File "/home/travis/virtualenv/python3.6.3/lib/python3.6/site-packages/nose2/plugins/loader/discovery.py", line 201, in _find_tests_in_file
    module = util.module_from_name(module_name)
  File "/home/travis/virtualenv/python3.6.3/lib/python3.6/site-packages/nose2/util.py", line 77, in module_from_name
    __import__(name)
  File "/home/travis/build/passed/asciimoo/searx/tests/unit/engines/test_wikipedia.py", line 4, in <module>
    from searx.engines import wikipedia
  File "/home/travis/build/passed/asciimoo/searx/searx/engines/__init__.py", line 24, in <module>
    from flask_babel import gettext
  File "/home/travis/virtualenv/python3.6.3/lib/python3.6/site-packages/flask_babel/__init__.py", line 19, in <module>
    from werkzeug import ImmutableDict
ImportError: cannot import name 'ImmutableDict'


======================================================================
ERROR: tests.unit.engines.test_wolframalpha_api (nose2.loader.ModuleImportFailure)
----------------------------------------------------------------------
ImportError: Failed to import test module: tests.unit.engines.test_wolframalpha_api
Traceback (most recent call last):
  File "/home/travis/virtualenv/python3.6.3/lib/python3.6/site-packages/nose2/plugins/loader/discovery.py", line 201, in _find_tests_in_file
    module = util.module_from_name(module_name)
  File "/home/travis/virtualenv/python3.6.3/lib/python3.6/site-packages/nose2/util.py", line 77, in module_from_name
    __import__(name)
  File "/home/travis/build/passed/asciimoo/searx/tests/unit/engines/test_wolframalpha_api.py", line 5, in <module>
    from searx.engines import wolframalpha_api
  File "/home/travis/build/passed/asciimoo/searx/searx/engines/__init__.py", line 24, in <module>
    from flask_babel import gettext
  File "/home/travis/virtualenv/python3.6.3/lib/python3.6/site-packages/flask_babel/__init__.py", line 19, in <module>
    from werkzeug import ImmutableDict
ImportError: cannot import name 'ImmutableDict'


======================================================================
ERROR: tests.unit.engines.test_wolframalpha_noapi (nose2.loader.ModuleImportFailure)
----------------------------------------------------------------------
ImportError: Failed to import test module: tests.unit.engines.test_wolframalpha_noapi
Traceback (most recent call last):
  File "/home/travis/virtualenv/python3.6.3/lib/python3.6/site-packages/nose2/plugins/loader/discovery.py", line 201, in _find_tests_in_file
    module = util.module_from_name(module_name)
  File "/home/travis/virtualenv/python3.6.3/lib/python3.6/site-packages/nose2/util.py", line 77, in module_from_name
    __import__(name)
  File "/home/travis/build/passed/asciimoo/searx/tests/unit/engines/test_wolframalpha_noapi.py", line 5, in <module>
    from searx.engines import wolframalpha_noapi
  File "/home/travis/build/passed/asciimoo/searx/searx/engines/__init__.py", line 24, in <module>
    from flask_babel import gettext
  File "/home/travis/virtualenv/python3.6.3/lib/python3.6/site-packages/flask_babel/__init__.py", line 19, in <module>
    from werkzeug import ImmutableDict
ImportError: cannot import name 'ImmutableDict'


======================================================================
ERROR: tests.unit.engines.test_www1x (nose2.loader.ModuleImportFailure)
----------------------------------------------------------------------
ImportError: Failed to import test module: tests.unit.engines.test_www1x
Traceback (most recent call last):
  File "/home/travis/virtualenv/python3.6.3/lib/python3.6/site-packages/nose2/plugins/loader/discovery.py", line 201, in _find_tests_in_file
    module = util.module_from_name(module_name)
  File "/home/travis/virtualenv/python3.6.3/lib/python3.6/site-packages/nose2/util.py", line 77, in module_from_name
    __import__(name)
  File "/home/travis/build/passed/asciimoo/searx/tests/unit/engines/test_www1x.py", line 3, in <module>
    from searx.engines import www1x
  File "/home/travis/build/passed/asciimoo/searx/searx/engines/__init__.py", line 24, in <module>
    from flask_babel import gettext
  File "/home/travis/virtualenv/python3.6.3/lib/python3.6/site-packages/flask_babel/__init__.py", line 19, in <module>
    from werkzeug import ImmutableDict
ImportError: cannot import name 'ImmutableDict'


======================================================================
ERROR: tests.unit.engines.test_www500px (nose2.loader.ModuleImportFailure)
----------------------------------------------------------------------
ImportError: Failed to import test module: tests.unit.engines.test_www500px
Traceback (most recent call last):
  File "/home/travis/virtualenv/python3.6.3/lib/python3.6/site-packages/nose2/plugins/loader/discovery.py", line 201, in _find_tests_in_file
    module = util.module_from_name(module_name)
  File "/home/travis/virtualenv/python3.6.3/lib/python3.6/site-packages/nose2/util.py", line 77, in module_from_name
    __import__(name)
  File "/home/travis/build/passed/asciimoo/searx/tests/unit/engines/test_www500px.py", line 4, in <module>
    from searx.engines import www500px
  File "/home/travis/build/passed/asciimoo/searx/searx/engines/__init__.py", line 24, in <module>
    from flask_babel import gettext
  File "/home/travis/virtualenv/python3.6.3/lib/python3.6/site-packages/flask_babel/__init__.py", line 19, in <module>
    from werkzeug import ImmutableDict
ImportError: cannot import name 'ImmutableDict'


======================================================================
ERROR: tests.unit.engines.test_yacy (nose2.loader.ModuleImportFailure)
----------------------------------------------------------------------
ImportError: Failed to import test module: tests.unit.engines.test_yacy
Traceback (most recent call last):
  File "/home/travis/virtualenv/python3.6.3/lib/python3.6/site-packages/nose2/plugins/loader/discovery.py", line 201, in _find_tests_in_file
    module = util.module_from_name(module_name)
  File "/home/travis/virtualenv/python3.6.3/lib/python3.6/site-packages/nose2/util.py", line 77, in module_from_name
    __import__(name)
  File "/home/travis/build/passed/asciimoo/searx/tests/unit/engines/test_yacy.py", line 3, in <module>
    from searx.engines import yacy
  File "/home/travis/build/passed/asciimoo/searx/searx/engines/__init__.py", line 24, in <module>
    from flask_babel import gettext
  File "/home/travis/virtualenv/python3.6.3/lib/python3.6/site-packages/flask_babel/__init__.py", line 19, in <module>
    from werkzeug import ImmutableDict
ImportError: cannot import name 'ImmutableDict'


======================================================================
ERROR: tests.unit.engines.test_yahoo (nose2.loader.ModuleImportFailure)
----------------------------------------------------------------------
ImportError: Failed to import test module: tests.unit.engines.test_yahoo
Traceback (most recent call last):
  File "/home/travis/virtualenv/python3.6.3/lib/python3.6/site-packages/nose2/plugins/loader/discovery.py", line 201, in _find_tests_in_file
    module = util.module_from_name(module_name)
  File "/home/travis/virtualenv/python3.6.3/lib/python3.6/site-packages/nose2/util.py", line 77, in module_from_name
    __import__(name)
  File "/home/travis/build/passed/asciimoo/searx/tests/unit/engines/test_yahoo.py", line 4, in <module>
    from searx.engines import yahoo
  File "/home/travis/build/passed/asciimoo/searx/searx/engines/__init__.py", line 24, in <module>
    from flask_babel import gettext
  File "/home/travis/virtualenv/python3.6.3/lib/python3.6/site-packages/flask_babel/__init__.py", line 19, in <module>
    from werkzeug import ImmutableDict
ImportError: cannot import name 'ImmutableDict'


======================================================================
ERROR: tests.unit.engines.test_yahoo_news (nose2.loader.ModuleImportFailure)
----------------------------------------------------------------------
ImportError: Failed to import test module: tests.unit.engines.test_yahoo_news
Traceback (most recent call last):
  File "/home/travis/virtualenv/python3.6.3/lib/python3.6/site-packages/nose2/plugins/loader/discovery.py", line 201, in _find_tests_in_file
    module = util.module_from_name(module_name)
  File "/home/travis/virtualenv/python3.6.3/lib/python3.6/site-packages/nose2/util.py", line 77, in module_from_name
    __import__(name)
  File "/home/travis/build/passed/asciimoo/searx/tests/unit/engines/test_yahoo_news.py", line 5, in <module>
    from searx.engines import yahoo_news
  File "/home/travis/build/passed/asciimoo/searx/searx/engines/__init__.py", line 24, in <module>
    from flask_babel import gettext
  File "/home/travis/virtualenv/python3.6.3/lib/python3.6/site-packages/flask_babel/__init__.py", line 19, in <module>
    from werkzeug import ImmutableDict
ImportError: cannot import name 'ImmutableDict'


======================================================================
ERROR: tests.unit.engines.test_youtube_api (nose2.loader.ModuleImportFailure)
----------------------------------------------------------------------
ImportError: Failed to import test module: tests.unit.engines.test_youtube_api
Traceback (most recent call last):
  File "/home/travis/virtualenv/python3.6.3/lib/python3.6/site-packages/nose2/plugins/loader/discovery.py", line 201, in _find_tests_in_file
    module = util.module_from_name(module_name)
  File "/home/travis/virtualenv/python3.6.3/lib/python3.6/site-packages/nose2/util.py", line 77, in module_from_name
    __import__(name)
  File "/home/travis/build/passed/asciimoo/searx/tests/unit/engines/test_youtube_api.py", line 3, in <module>
    from searx.engines import youtube_api
  File "/home/travis/build/passed/asciimoo/searx/searx/engines/__init__.py", line 24, in <module>
    from flask_babel import gettext
  File "/home/travis/virtualenv/python3.6.3/lib/python3.6/site-packages/flask_babel/__init__.py", line 19, in <module>
    from werkzeug import ImmutableDict
ImportError: cannot import name 'ImmutableDict'


======================================================================
ERROR: tests.unit.engines.test_youtube_noapi (nose2.loader.ModuleImportFailure)
----------------------------------------------------------------------
ImportError: Failed to import test module: tests.unit.engines.test_youtube_noapi
Traceback (most recent call last):
  File "/home/travis/virtualenv/python3.6.3/lib/python3.6/site-packages/nose2/plugins/loader/discovery.py", line 201, in _find_tests_in_file
    module = util.module_from_name(module_name)
  File "/home/travis/virtualenv/python3.6.3/lib/python3.6/site-packages/nose2/util.py", line 77, in module_from_name
    __import__(name)
  File "/home/travis/build/passed/asciimoo/searx/tests/unit/engines/test_youtube_noapi.py", line 4, in <module>
    from searx.engines import youtube_noapi
  File "/home/travis/build/passed/asciimoo/searx/searx/engines/__init__.py", line 24, in <module>
    from flask_babel import gettext
  File "/home/travis/virtualenv/python3.6.3/lib/python3.6/site-packages/flask_babel/__init__.py", line 19, in <module>
    from werkzeug import ImmutableDict
ImportError: cannot import name 'ImmutableDict'


======================================================================
ERROR: tests.unit.test_answerers (nose2.loader.ModuleImportFailure)
----------------------------------------------------------------------
ImportError: Failed to import test module: tests.unit.test_answerers
Traceback (most recent call last):
  File "/home/travis/virtualenv/python3.6.3/lib/python3.6/site-packages/nose2/plugins/loader/discovery.py", line 201, in _find_tests_in_file
    module = util.module_from_name(module_name)
  File "/home/travis/virtualenv/python3.6.3/lib/python3.6/site-packages/nose2/util.py", line 77, in module_from_name
    __import__(name)
  File "/home/travis/build/passed/asciimoo/searx/tests/unit/test_answerers.py", line 5, in <module>
    from searx.answerers import answerers
  File "/home/travis/build/passed/asciimoo/searx/searx/answerers/__init__.py", line 49, in <module>
    answerers = load_answerers()
  File "/home/travis/build/passed/asciimoo/searx/searx/answerers/__init__.py", line 19, in load_answerers
    module = load_module('answerer.py', join(answerers_dir, filename))
  File "/home/travis/build/passed/asciimoo/searx/searx/utils.py", line 391, in load_module
    module = load_source(modname, filepath)
  File "/home/travis/virtualenv/python3.6.3/lib/python3.6/imp.py", line 172, in load_source
    module = _load(spec)
  File "/home/travis/build/passed/asciimoo/searx/searx/answerers/random/answerer.py", line 4, in <module>
    from flask_babel import gettext
  File "/home/travis/virtualenv/python3.6.3/lib/python3.6/site-packages/flask_babel/__init__.py", line 19, in <module>
    from werkzeug import ImmutableDict
ImportError: cannot import name 'ImmutableDict'


======================================================================
ERROR: tests.unit.test_plugins (nose2.loader.ModuleImportFailure)
----------------------------------------------------------------------
ImportError: Failed to import test module: tests.unit.test_plugins
Traceback (most recent call last):
  File "/home/travis/virtualenv/python3.6.3/lib/python3.6/site-packages/nose2/plugins/loader/discovery.py", line 201, in _find_tests_in_file
    module = util.module_from_name(module_name)
  File "/home/travis/virtualenv/python3.6.3/lib/python3.6/site-packages/nose2/util.py", line 77, in module_from_name
    __import__(name)
  File "/home/travis/build/passed/asciimoo/searx/tests/unit/test_plugins.py", line 4, in <module>
    from searx import plugins
  File "/home/travis/build/passed/asciimoo/searx/searx/plugins/__init__.py", line 25, in <module>
    from searx.plugins import (oa_doi_rewrite,
  File "/home/travis/build/passed/asciimoo/searx/searx/plugins/oa_doi_rewrite.py", line 1, in <module>
    from flask_babel import gettext
  File "/home/travis/virtualenv/python3.6.3/lib/python3.6/site-packages/flask_babel/__init__.py", line 19, in <module>
    from werkzeug import ImmutableDict
ImportError: cannot import name 'ImmutableDict'


======================================================================
ERROR: tests.unit.test_preferences (nose2.loader.ModuleImportFailure)
----------------------------------------------------------------------
ImportError: Failed to import test module: tests.unit.test_preferences
Traceback (most recent call last):
  File "/home/travis/virtualenv/python3.6.3/lib/python3.6/site-packages/nose2/plugins/loader/discovery.py", line 201, in _find_tests_in_file
    module = util.module_from_name(module_name)
  File "/home/travis/virtualenv/python3.6.3/lib/python3.6/site-packages/nose2/util.py", line 77, in module_from_name
    __import__(name)
  File "/home/travis/build/passed/asciimoo/searx/tests/unit/test_preferences.py", line 1, in <module>
    from searx.preferences import (EnumStringSetting, MapSetting, MissingArgumentException, SearchLanguageSetting,
  File "/home/travis/build/passed/asciimoo/searx/searx/preferences.py", line 5, in <module>
    from searx import settings, autocomplete
  File "/home/travis/build/passed/asciimoo/searx/searx/autocomplete.py", line 23, in <module>
    from searx.engines import (
  File "/home/travis/build/passed/asciimoo/searx/searx/engines/__init__.py", line 24, in <module>
    from flask_babel import gettext
  File "/home/travis/virtualenv/python3.6.3/lib/python3.6/site-packages/flask_babel/__init__.py", line 19, in <module>
    from werkzeug import ImmutableDict
ImportError: cannot import name 'ImmutableDict'


======================================================================
ERROR: tests.unit.test_query (nose2.loader.ModuleImportFailure)
----------------------------------------------------------------------
ImportError: Failed to import test module: tests.unit.test_query
Traceback (most recent call last):
  File "/home/travis/virtualenv/python3.6.3/lib/python3.6/site-packages/nose2/plugins/loader/discovery.py", line 201, in _find_tests_in_file
    module = util.module_from_name(module_name)
  File "/home/travis/virtualenv/python3.6.3/lib/python3.6/site-packages/nose2/util.py", line 77, in module_from_name
    __import__(name)
  File "/home/travis/build/passed/asciimoo/searx/tests/unit/test_query.py", line 1, in <module>
    from searx.query import RawTextQuery
  File "/home/travis/build/passed/asciimoo/searx/searx/query.py", line 21, in <module>
    from searx.engines import (
  File "/home/travis/build/passed/asciimoo/searx/searx/engines/__init__.py", line 24, in <module>
    from flask_babel import gettext
  File "/home/travis/virtualenv/python3.6.3/lib/python3.6/site-packages/flask_babel/__init__.py", line 19, in <module>
    from werkzeug import ImmutableDict
ImportError: cannot import name 'ImmutableDict'


======================================================================
ERROR: tests.unit.test_results (nose2.loader.ModuleImportFailure)
----------------------------------------------------------------------
ImportError: Failed to import test module: tests.unit.test_results
Traceback (most recent call last):
  File "/home/travis/virtualenv/python3.6.3/lib/python3.6/site-packages/nose2/plugins/loader/discovery.py", line 201, in _find_tests_in_file
    module = util.module_from_name(module_name)
  File "/home/travis/virtualenv/python3.6.3/lib/python3.6/site-packages/nose2/util.py", line 77, in module_from_name
    __import__(name)
  File "/home/travis/build/passed/asciimoo/searx/tests/unit/test_results.py", line 3, in <module>
    from searx.results import ResultContainer
  File "/home/travis/build/passed/asciimoo/searx/searx/results.py", line 6, in <module>
    from searx.engines import engines
  File "/home/travis/build/passed/asciimoo/searx/searx/engines/__init__.py", line 24, in <module>
    from flask_babel import gettext
  File "/home/travis/virtualenv/python3.6.3/lib/python3.6/site-packages/flask_babel/__init__.py", line 19, in <module>
    from werkzeug import ImmutableDict
ImportError: cannot import name 'ImmutableDict'


======================================================================
ERROR: tests.unit.test_webapp (nose2.loader.ModuleImportFailure)
----------------------------------------------------------------------
ImportError: Failed to import test module: tests.unit.test_webapp
Traceback (most recent call last):
  File "/home/travis/virtualenv/python3.6.3/lib/python3.6/site-packages/nose2/plugins/loader/discovery.py", line 201, in _find_tests_in_file
    module = util.module_from_name(module_name)
  File "/home/travis/virtualenv/python3.6.3/lib/python3.6/site-packages/nose2/util.py", line 77, in module_from_name
    __import__(name)
  File "/home/travis/build/passed/asciimoo/searx/tests/unit/test_webapp.py", line 5, in <module>
    from searx import webapp
  File "/home/travis/build/passed/asciimoo/searx/searx/webapp.py", line 46, in <module>
    from werkzeug.contrib.fixers import ProxyFix
ModuleNotFoundError: No module named 'werkzeug.contrib'


----------------------------------------------------------------------
Ran 86 tests in 0.016s

FAILED (errors=74)

travis_time:end:015d0731:start=1608087609775599638,finish=1608087613582733857,duration=3807134219[0K
[31;1mThe command "./manage.sh tests" exited with 1.[0m
travis_fold:start:cache.2[0Kstore build cache
travis_time:start:0878517d[0K
travis_time:end:0878517d:start=1608087613597612273,finish=1608087613609518193,duration=11905920[0Ktravis_time:start:0affd84c[0K/home/travis/.casher/bin/casher:190: warning: Insecure world writable dir /usr/local/clang-5.0.0/bin in PATH, mode 040777
[32;1mchanges detected, packing new archive[0m
/home/travis/.casher/bin/casher:213:in `cache_archive_name': undefined method `[]' for nil:NilClass (NoMethodError)
	from /home/travis/.casher/bin/casher:143:in `push'
	from /home/travis/.casher/bin/casher:53:in `block in run'
	from /home/travis/.rvm/rubies/ruby-2.2.7/lib/ruby/2.2.0/timeout.rb:88:in `block in timeout'
	from /home/travis/.rvm/rubies/ruby-2.2.7/lib/ruby/2.2.0/timeout.rb:32:in `block in catch'
	from /home/travis/.rvm/rubies/ruby-2.2.7/lib/ruby/2.2.0/timeout.rb:32:in `catch'
	from /home/travis/.rvm/rubies/ruby-2.2.7/lib/ruby/2.2.0/timeout.rb:32:in `catch'
	from /home/travis/.rvm/rubies/ruby-2.2.7/lib/ruby/2.2.0/timeout.rb:103:in `timeout'
	from /home/travis/.casher/bin/casher:53:in `run'
	from /home/travis/.casher/bin/casher:263:in `<main>'

travis_time:end:0affd84c:start=1608087613624425654,finish=1608087616562545447,duration=2938119793[0Ktravis_fold:end:cache.2[0K
Done. Your build exited with 1.
