travis_fold:start:system_info[0K[33;1mBuild system information[0m
Build language: python
Build group: stable
Build dist: trusty
Build id: ''
Job id: ''
[34m[1mBuild image provisioning date and time[0m
Tue Aug 29 02:50:02 UTC 2017
[34m[1mOperating System Details[0m
Distributor ID:	Ubuntu
Description:	Ubuntu 14.04.5 LTS
Release:	14.04
Codename:	trusty
[34m[1mCookbooks Version[0m
4642454 https://github.com/travis-ci/travis-cookbooks/tree/4642454
[34m[1mgit version[0m
git version 2.14.1
[34m[1mbash version[0m
GNU bash, version 4.3.11(1)-release (x86_64-pc-linux-gnu)
[34m[1mgcc version[0m
gcc (Ubuntu 4.8.4-2ubuntu1~14.04.3) 4.8.4
Copyright (C) 2013 Free Software Foundation, Inc.
This is free software; see the source for copying conditions.  There is NO
warranty; not even for MERCHANTABILITY or FITNESS FOR A PARTICULAR PURPOSE.

[34m[1mdocker version[0m
Client:
 Version:      17.03.1-ce
 API version:  1.27
 Go version:   go1.7.5
 Git commit:   c6d412e
 Built:        Mon Mar 27 16:58:30 2017
 OS/Arch:      linux/amd64
[34m[1mclang version[0m
clang version 3.9.0 (tags/RELEASE_390/final)
Target: x86_64-unknown-linux-gnu
Thread model: posix
InstalledDir: /usr/local/clang-3.9.0/bin
[34m[1mjq version[0m
jq-1.5
[34m[1mbats version[0m
Bats 0.4.0
[34m[1mshellcheck version[0m
0.4.6
[34m[1mshfmt version[0m
v1.3.1
[34m[1mccache version[0m
ccache version 3.1.9

Copyright (C) 2002-2007 Andrew Tridgell
Copyright (C) 2009-2011 Joel Rosdahl

This program is free software; you can redistribute it and/or modify it under
the terms of the GNU General Public License as published by the Free Software
Foundation; either version 3 of the License, or (at your option) any later
version.
[34m[1mcmake version[0m
cmake version 3.2.2

CMake suite maintained and supported by Kitware (kitware.com/cmake).
[34m[1mheroku version[0m
heroku-cli/6.13.19-6cd27b3 (linux-x64) node-v8.3.0
[34m[1mimagemagick version[0m
Version: ImageMagick 6.7.7-10 2017-07-31 Q16 http://www.imagemagick.org
[34m[1mmd5deep version[0m
4.2
[34m[1mmercurial version[0m
Mercurial Distributed SCM (version 4.2.2)
(see https://mercurial-scm.org for more information)

Copyright (C) 2005-2017 Matt Mackall and others
This is free software; see the source for copying conditions. There is NO
warranty; not even for MERCHANTABILITY or FITNESS FOR A PARTICULAR PURPOSE.
[34m[1mmysql version[0m
mysql  Ver 14.14 Distrib 5.6.33, for debian-linux-gnu (x86_64) using  EditLine wrapper
[34m[1mopenssl version[0m
OpenSSL 1.0.1f 6 Jan 2014
[34m[1mpacker version[0m
Packer v1.0.2

Your version of Packer is out of date! The latest version
is 1.0.4. You can update by downloading from www.packer.io
[34m[1mpostgresql client version[0m
psql (PostgreSQL) 9.6.4
[34m[1mragel version[0m
Ragel State Machine Compiler version 6.8 Feb 2013
Copyright (c) 2001-2009 by Adrian Thurston
[34m[1msubversion version[0m
svn, version 1.8.8 (r1568071)
   compiled Aug 10 2017, 17:20:39 on x86_64-pc-linux-gnu

Copyright (C) 2013 The Apache Software Foundation.
This software consists of contributions made by many people;
see the NOTICE file for more information.
Subversion is open source software, see http://subversion.apache.org/

The following repository access (RA) modules are available:

* ra_svn : Module for accessing a repository using the svn network protocol.
  - with Cyrus SASL authentication
  - handles 'svn' scheme
* ra_local : Module for accessing a repository on local disk.
  - handles 'file' scheme
* ra_serf : Module for accessing a repository via WebDAV protocol using serf.
  - using serf 1.3.3
  - handles 'http' scheme
  - handles 'https' scheme

[34m[1msudo version[0m
Sudo version 1.8.9p5
Configure options: --prefix=/usr -v --with-all-insults --with-pam --with-fqdn --with-logging=syslog --with-logfac=authpriv --with-env-editor --with-editor=/usr/bin/editor --with-timeout=15 --with-password-timeout=0 --with-passprompt=[sudo] password for %p:  --without-lecture --with-tty-tickets --disable-root-mailer --enable-admin-flag --with-sendmail=/usr/sbin/sendmail --with-timedir=/var/lib/sudo --mandir=/usr/share/man --libexecdir=/usr/lib/sudo --with-sssd --with-sssd-lib=/usr/lib/x86_64-linux-gnu --with-selinux
Sudoers policy plugin version 1.8.9p5
Sudoers file grammar version 43

Sudoers path: /etc/sudoers
Authentication methods: 'pam'
Syslog facility if syslog is being used for logging: authpriv
Syslog priority to use when user authenticates successfully: notice
Syslog priority to use when user authenticates unsuccessfully: alert
Send mail if the user is not in sudoers
Use a separate timestamp for each user/tty combo
Lecture user the first time they run sudo
Root may run sudo
Allow some information gathering to give useful error messages
Require fully-qualified hostnames in the sudoers file
Visudo will honor the EDITOR environment variable
Set the LOGNAME and USER environment variables
Length at which to wrap log file lines (0 for no wrap): 80
Authentication timestamp timeout: 15.0 minutes
Password prompt timeout: 0.0 minutes
Number of tries to enter a password: 3
Umask to use or 0777 to use user's: 022
Path to mail program: /usr/sbin/sendmail
Flags for mail program: -t
Address to send mail to: root
Subject line for mail messages: *** SECURITY information for %h ***
Incorrect password message: Sorry, try again.
Path to authentication timestamp dir: /var/lib/sudo
Default password prompt: [sudo] password for %p: 
Default user to run commands as: root
Value to override user's $PATH with: /usr/local/sbin:/usr/local/bin:/usr/sbin:/usr/bin:/sbin:/bin:/snap/bin
Path to the editor for use by visudo: /usr/bin/editor
When to require a password for 'list' pseudocommand: any
When to require a password for 'verify' pseudocommand: all
File descriptors >= 3 will be closed before executing a command
Environment variables to check for sanity:
	TZ
	TERM
	LINGUAS
	LC_*
	LANGUAGE
	LANG
	COLORTERM
Environment variables to remove:
	RUBYOPT
	RUBYLIB
	PYTHONUSERBASE
	PYTHONINSPECT
	PYTHONPATH
	PYTHONHOME
	TMPPREFIX
	ZDOTDIR
	READNULLCMD
	NULLCMD
	FPATH
	PERL5DB
	PERL5OPT
	PERL5LIB
	PERLLIB
	PERLIO_DEBUG 
	JAVA_TOOL_OPTIONS
	SHELLOPTS
	GLOBIGNORE
	PS4
	BASH_ENV
	ENV
	TERMCAP
	TERMPATH
	TERMINFO_DIRS
	TERMINFO
	_RLD*
	LD_*
	PATH_LOCALE
	NLSPATH
	HOSTALIASES
	RES_OPTIONS
	LOCALDOMAIN
	CDPATH
	IFS
Environment variables to preserve:
	JAVA_HOME
	TRAVIS
	CI
	DEBIAN_FRONTEND
	XAUTHORIZATION
	XAUTHORITY
	PS2
	PS1
	PATH
	LS_COLORS
	KRB5CCNAME
	HOSTNAME
	HOME
	DISPLAY
	COLORS
Locale to use while parsing sudoers: C
Directory in which to store input/output logs: /var/log/sudo-io
File in which to store the input/output log: %{seq}
Add an entry to the utmp/utmpx file when allocating a pty
PAM service name to use
PAM service name to use for login shells
Create a new PAM session for the command to run in
Maximum I/O log sequence number: 0

Local IP address and netmask pairs:
	172.17.0.2/255.255.0.0

Sudoers I/O plugin version 1.8.9p5
[34m[1mgzip version[0m
gzip 1.6
Copyright (C) 2007, 2010, 2011 Free Software Foundation, Inc.
Copyright (C) 1993 Jean-loup Gailly.
This is free software.  You may redistribute copies of it under the terms of
the GNU General Public License <http://www.gnu.org/licenses/gpl.html>.
There is NO WARRANTY, to the extent permitted by law.

Written by Jean-loup Gailly.
[34m[1mzip version[0m
Copyright (c) 1990-2008 Info-ZIP - Type 'zip "-L"' for software license.
This is Zip 3.0 (July 5th 2008), by Info-ZIP.
Currently maintained by E. Gordon.  Please send bug reports to
the authors using the web page at www.info-zip.org; see README for details.

Latest sources and executables are at ftp://ftp.info-zip.org/pub/infozip,
as of above date; see http://www.info-zip.org/ for other sites.

Compiled with gcc 4.8.2 for Unix (Linux ELF) on Oct 21 2013.

Zip special compilation options:
	USE_EF_UT_TIME       (store Universal Time)
	BZIP2_SUPPORT        (bzip2 library version 1.0.6, 6-Sept-2010)
	    bzip2 code and library copyright (c) Julian R Seward
	    (See the bzip2 license for terms of use)
	SYMLINK_SUPPORT      (symbolic links supported)
	LARGE_FILE_SUPPORT   (can read and write large files on file system)
	ZIP64_SUPPORT        (use Zip64 to store large files in archives)
	UNICODE_SUPPORT      (store and read UTF-8 Unicode paths)
	STORE_UNIX_UIDs_GIDs (store UID/GID sizes/values using new extra field)
	UIDGID_NOT_16BIT     (old Unix 16-bit UID/GID extra field not used)
	[encryption, version 2.91 of 05 Jan 2007] (modified for Zip 3)

Encryption notice:
	The encryption code of this program is not copyrighted and is
	put in the public domain.  It was originally written in Europe
	and, to the best of our knowledge, can be freely distributed
	in both source and object forms from any country, including
	the USA under License Exception TSU of the U.S. Export
	Administration Regulations (section 740.13(e)) of 6 June 2002.

Zip environment options:
             ZIP:  [none]
          ZIPOPT:  [none]
[34m[1mvim version[0m
VIM - Vi IMproved 7.4 (2013 Aug 10, compiled Nov 24 2016 16:43:18)
Included patches: 1-52
Extra patches: 8.0.0056
Modified by pkg-vim-maintainers@lists.alioth.debian.org
Compiled by buildd@
Huge version without GUI.  Features included (+) or not (-):
+acl             +farsi           +mouse_netterm   +syntax
+arabic          +file_in_path    +mouse_sgr       +tag_binary
+autocmd         +find_in_path    -mouse_sysmouse  +tag_old_static
-balloon_eval    +float           +mouse_urxvt     -tag_any_white
-browse          +folding         +mouse_xterm     -tcl
++builtin_terms  -footer          +multi_byte      +terminfo
+byte_offset     +fork()          +multi_lang      +termresponse
+cindent         +gettext         -mzscheme        +textobjects
-clientserver    -hangul_input    +netbeans_intg   +title
-clipboard       +iconv           +path_extra      -toolbar
+cmdline_compl   +insert_expand   -perl            +user_commands
+cmdline_hist    +jumplist        +persistent_undo +vertsplit
+cmdline_info    +keymap          +postscript      +virtualedit
+comments        +langmap         +printer         +visual
+conceal         +libcall         +profile         +visualextra
+cryptv          +linebreak       +python          +viminfo
+cscope          +lispindent      -python3         +vreplace
+cursorbind      +listcmds        +quickfix        +wildignore
+cursorshape     +localmap        +reltime         +wildmenu
+dialog_con      -lua             +rightleft       +windows
+diff            +menu            -ruby            +writebackup
+digraphs        +mksession       +scrollbind      -X11
-dnd             +modify_fname    +signs           -xfontset
-ebcdic          +mouse           +smartindent     -xim
+emacs_tags      -mouseshape      -sniff           -xsmp
+eval            +mouse_dec       +startuptime     -xterm_clipboard
+ex_extra        +mouse_gpm       +statusline      -xterm_save
+extra_search    -mouse_jsbterm   -sun_workshop    -xpm
   system vimrc file: "$VIM/vimrc"
     user vimrc file: "$HOME/.vimrc"
 2nd user vimrc file: "~/.vim/vimrc"
      user exrc file: "$HOME/.exrc"
  fall-back for $VIM: "/usr/share/vim"
Compilation: gcc -c -I. -Iproto -DHAVE_CONFIG_H     -g -O2 -fstack-protector --param=ssp-buffer-size=4 -Wformat -Werror=format-security -U_FORTIFY_SOURCE -D_FORTIFY_SOURCE=1      
Linking: gcc   -Wl,-Bsymbolic-functions -Wl,-z,relro -Wl,--as-needed -o vim        -lm -ltinfo -lnsl  -lselinux  -lacl -lattr -lgpm -ldl    -L/usr/lib/python2.7/config-x86_64-linux-gnu -lpython2.7 -lpthread -ldl -lutil -lm -Xlinker -export-dynamic -Wl,-O1 -Wl,-Bsymbolic-functions      
[34m[1miptables version[0m
iptables v1.4.21
[34m[1mcurl version[0m
curl 7.35.0 (x86_64-pc-linux-gnu) libcurl/7.35.0 OpenSSL/1.0.1f zlib/1.2.8 libidn/1.28 librtmp/2.3
[34m[1mwget version[0m
GNU Wget 1.15 built on linux-gnu.
[34m[1mrsync version[0m
rsync  version 3.1.0  protocol version 31
[34m[1mgimme version[0m
v1.2.0
[34m[1mnvm version[0m
0.33.2
[34m[1mperlbrew version[0m
/home/travis/perl5/perlbrew/bin/perlbrew  - App::perlbrew/0.80
[34m[1mphpenv version[0m
rbenv 1.1.1-4-g4ebd1bd
[34m[1mrvm version[0m
rvm 1.29.2 (latest) by Michal Papis, Piotr Kuczynski, Wayne E. Seguin [https://rvm.io/]
[34m[1mdefault ruby version[0m
ruby 2.4.1p111 (2017-03-22 revision 58053) [x86_64-linux]
[34m[1mCouchDB version[0m
couchdb 1.6.1
[34m[1mElasticSearch version[0m
5.5.0
[34m[1mInstalled Firefox version[0m
firefox 55.0.2
[34m[1mMongoDB version[0m
MongoDB 3.2.16
[34m[1mPre-installed PostgreSQL versions[0m
9.2.22
9.3.18
9.4.13
9.5.8
9.6.4
[34m[1mRabbitMQ Version[0m
3.6.11
[34m[1mRedis version[0m
redis-server 4.0.1
[34m[1mriak version[0m
2.2.3
[34m[1mPre-installed Go versions[0m
1.7.4
[34m[1mant version[0m
Apache Ant(TM) version 1.9.3 compiled on April 8 2014
[34m[1mmvn version[0m
Apache Maven 3.5.0 (ff8f5e7444045639af65f6095c62210b5713f426; 2017-04-03T19:39:06Z)
Maven home: /usr/local/maven-3.5.0
Java version: 1.8.0_144, vendor: Oracle Corporation
Java home: /usr/lib/jvm/java-8-oracle/jre
Default locale: en_US, platform encoding: UTF-8
OS name: "linux", version: "4.4.0-92-generic", arch: "amd64", family: "unix"
[34m[1mgradle version[0m

------------------------------------------------------------
Gradle 4.0.1
------------------------------------------------------------

Build time:   2017-07-07 14:02:41 UTC
Revision:     38e5dc0f772daecca1d2681885d3d85414eb6826

Groovy:       2.4.11
Ant:          Apache Ant(TM) version 1.9.6 compiled on June 29 2015
JVM:          1.8.0_144 (Oracle Corporation 25.144-b01)
OS:           Linux 4.4.0-92-generic amd64

[34m[1mlein version[0m
WARNING: You're currently running as root; probably by accident.
Press control-C to abort or Enter to continue as root.
Set LEIN_ROOT to disable this warning.
Leiningen 2.7.1 on Java 1.8.0_144 Java HotSpot(TM) 64-Bit Server VM
[34m[1mPre-installed Node.js versions[0m
v4.8.4
v6.11.2
v6.9.4
v7.4.0
v8.4
[34m[1mphpenv versions[0m
  system
  5.6
* 5.6.31 (set by /home/travis/.phpenv/version)
  7.0
  7.0.22
  hhvm
  hhvm-stable
[34m[1mcomposer --version[0m
Composer version 1.4.2 2017-05-17 08:17:52
[34m[1mPre-installed Ruby versions[0m
ruby-2.2.7
ruby-2.3.4
ruby-2.4.1
travis_fold:end:system_info[0K
grep: /etc/apt/sources.list.d/*: No such file or directory
sed: cannot rename /etc/hosts: Device or resource busy
sed: cannot rename /etc/hosts: Device or resource busy
$ cd failed/getslash/slash
travis_time:start:0b82d880[0K$ source ~/virtualenv/python3.5/bin/activate

travis_time:end:0b82d880:start=1608133878972069915,finish=1608133878999354460,duration=27284545[0K$ python --version
Python 3.5.3
$ pip --version
pip 9.0.1 from /home/travis/virtualenv/python3.5.3/lib/python3.5/site-packages (python 3.5)
travis_fold:start:install.1[0Ktravis_time:start:0653fa51[0K$ pip install virtualenv==15.1.0
Collecting virtualenv==15.1.0
  Downloading https://files.pythonhosted.org/packages/6f/86/3dc328ee7b1a6419ebfac7896d882fba83c48e3561d22ddddf38294d3e83/virtualenv-15.1.0-py2.py3-none-any.whl (1.8MB)
Installing collected packages: virtualenv
Successfully installed virtualenv-15.1.0

travis_time:end:0653fa51:start=1608133883477771491,finish=1608133884893924250,duration=1416152759[0Ktravis_fold:end:install.1[0Ktravis_fold:start:install.2[0Ktravis_time:start:2939f23b[0K$ pip install codecov==2.0.9
Collecting codecov==2.0.9
  Downloading https://files.pythonhosted.org/packages/47/f3/5abe7a91ad9c3ba3d280e5a4bcdef76c90361af2c6afe04fcedc2a2b0ff4/codecov-2.0.9-py2.py3-none-any.whl
Collecting coverage (from codecov==2.0.9)
  Downloading https://files.pythonhosted.org/packages/35/58/e38636e8233b49982efca6a69c9974f2575439f637dc3b0e8ac0e77c550c/coverage-5.3-cp35-cp35m-manylinux1_x86_64.whl (229kB)
Collecting requests>=2.7.9 (from codecov==2.0.9)
  Downloading https://files.pythonhosted.org/packages/39/fc/f91eac5a39a65f75a7adb58eac7fa78871ea9872283fb9c44e6545998134/requests-2.25.0-py2.py3-none-any.whl (61kB)
Collecting chardet<4,>=3.0.2 (from requests>=2.7.9->codecov==2.0.9)
  Downloading https://files.pythonhosted.org/packages/bc/a9/01ffebfb562e4274b6487b4bb1ddec7ca55ec7510b22e4c51f14098443b8/chardet-3.0.4-py2.py3-none-any.whl (133kB)
Collecting certifi>=2017.4.17 (from requests>=2.7.9->codecov==2.0.9)
  Downloading https://files.pythonhosted.org/packages/5e/a0/5f06e1e1d463903cf0c0eebeb751791119ed7a4b3737fdc9a77f1cdfb51f/certifi-2020.12.5-py2.py3-none-any.whl (147kB)
Collecting urllib3<1.27,>=1.21.1 (from requests>=2.7.9->codecov==2.0.9)
  Downloading https://files.pythonhosted.org/packages/f5/71/45d36a8df68f3ebb098d6861b2c017f3d094538c0fb98fa61d4dc43e69b9/urllib3-1.26.2-py2.py3-none-any.whl (136kB)
Collecting idna<3,>=2.5 (from requests>=2.7.9->codecov==2.0.9)
  Downloading https://files.pythonhosted.org/packages/a2/38/928ddce2273eaa564f6f50de919327bf3a00f091b5baba8dfa9460f3a8a8/idna-2.10-py2.py3-none-any.whl (58kB)
Installing collected packages: coverage, chardet, certifi, urllib3, idna, requests, codecov
Successfully installed certifi-2020.12.5 chardet-3.0.4 codecov-2.0.9 coverage-5.3 idna-2.10 requests-2.25.0 urllib3-1.26.2

travis_time:end:2939f23b:start=1608133884907168895,finish=1608133888361589064,duration=3454420169[0Ktravis_fold:end:install.2[0Ktravis_time:start:07c8c651[0K$ make env
python -m virtualenv .env
Using real prefix '/opt/python/3.5.3'
New python executable in /home/travis/build/failed/getslash/slash/.env/bin/python
Installing setuptools, pip, wheel...done.
.env/bin/pip install -e .[testing] -r doc/pip_requirements.txt
DEPRECATION: Python 3.5 reached the end of its life on September 13th, 2020. Please upgrade your Python as Python 3.5 is no longer maintained. pip 21.0 will drop support for Python 3.5 in January 2021. pip 21.0 will remove support for this functionality.
Obtaining file:///home/travis/build/failed/getslash/slash
Collecting Sphinx>1.4
  Downloading Sphinx-3.3.1-py3-none-any.whl (2.9 MB)
Requirement already satisfied: setuptools in ./.env/lib/python3.5/site-packages (from Sphinx>1.4->-r doc/pip_requirements.txt (line 5)) (50.3.2)
Collecting alabaster
  Downloading alabaster-0.7.12-py2.py3-none-any.whl (14 kB)
Collecting babel>=1.3
  Downloading Babel-2.9.0-py2.py3-none-any.whl (8.8 MB)
Collecting confetti>=2.4.1
  Downloading confetti-2.5.3.tar.gz (6.5 kB)
Collecting dessert>=1.3.1
  Downloading dessert-1.4.1.tar.gz (33 kB)
Collecting atomicwrites>=1.0
  Downloading atomicwrites-1.4.0-py2.py3-none-any.whl (6.8 kB)
Collecting docutils>=0.12
  Downloading docutils-0.16-py2.py3-none-any.whl (548 kB)
Collecting emport>=1.1.3
  Downloading emport-1.3.1.tar.gz (5.3 kB)
Collecting gossip>=2.2.0
  Downloading gossip-2.4.0.tar.gz (64 kB)
Collecting Jinja2
  Downloading Jinja2-2.11.2-py2.py3-none-any.whl (125 kB)
Collecting Logbook>=1.1.0
  Downloading Logbook-1.5.3.tar.gz (85 kB)
Collecting MarkupSafe>=0.23
  Downloading MarkupSafe-1.1.1-cp35-cp35m-manylinux1_x86_64.whl (27 kB)
Collecting orderedset>=2.0.0
  Downloading orderedset-2.0.3.tar.gz (101 kB)
Collecting py<1.5,>=1.4.20
  Downloading py-1.4.34-py2.py3-none-any.whl (84 kB)
Collecting Pygments>=2.0
  Downloading Pygments-2.7.3-py3-none-any.whl (950 kB)
Collecting pylint>=1.7
  Downloading pylint-2.6.0-py3-none-any.whl (325 kB)
Collecting astroid<=2.5,>=2.4.0
  Downloading astroid-2.4.2-py3-none-any.whl (213 kB)
Collecting lazy-object-proxy==1.4.*
  Downloading lazy_object_proxy-1.4.3-cp35-cp35m-manylinux1_x86_64.whl (55 kB)
Collecting isort<6,>=4.2.5
  Downloading isort-4.3.21-py2.py3-none-any.whl (42 kB)
Collecting mccabe<0.7,>=0.6
  Downloading mccabe-0.6.1-py2.py3-none-any.whl (8.6 kB)
Collecting pytz>=2015.7
  Downloading pytz-2020.4-py2.py3-none-any.whl (509 kB)
Collecting requests>=1.1.0
  Using cached requests-2.25.0-py2.py3-none-any.whl (61 kB)
Collecting certifi>=2017.4.17
  Using cached certifi-2020.12.5-py2.py3-none-any.whl (147 kB)
Collecting chardet<4,>=3.0.2
  Using cached chardet-3.0.4-py2.py3-none-any.whl (133 kB)
Collecting idna<3,>=2.5
  Using cached idna-2.10-py2.py3-none-any.whl (58 kB)
Collecting sentinels>=0.0.5
  Downloading sentinels-1.0.0.tar.gz (4.1 kB)
Collecting six
  Downloading six-1.15.0-py2.py3-none-any.whl (10 kB)
Collecting snowballstemmer>=1.1
  Downloading snowballstemmer-2.0.0-py2.py3-none-any.whl (97 kB)
Collecting toml>=0.7.1
  Downloading toml-0.10.2-py2.py3-none-any.whl (16 kB)
Collecting typed-ast<1.5,>=1.4.0
  Downloading typed_ast-1.4.1-cp35-cp35m-manylinux1_x86_64.whl (737 kB)
Collecting urllib3<1.27,>=1.21.1
  Using cached urllib3-1.26.2-py2.py3-none-any.whl (136 kB)
Collecting vintage>=0.4.0
  Downloading vintage-0.4.1.tar.gz (3.9 kB)
Collecting wrapt~=1.11
  Downloading wrapt-1.12.1.tar.gz (27 kB)
Collecting releases
  Downloading releases-1.6.3-py2.py3-none-any.whl (22 kB)
Collecting semantic-version<2.7
  Downloading semantic_version-2.6.0-py3-none-any.whl (14 kB)
Collecting arrow
  Downloading arrow-0.17.0-py2.py3-none-any.whl (50 kB)
Collecting python-dateutil>=2.7.0
  Downloading python_dateutil-2.8.1-py2.py3-none-any.whl (227 kB)
Collecting attrs
  Downloading attrs-20.3.0-py2.py3-none-any.whl (49 kB)
Collecting colorama
  Downloading colorama-0.4.4-py2.py3-none-any.whl (16 kB)
Collecting coverage
  Using cached coverage-5.3-cp35-cp35m-manylinux1_x86_64.whl (229 kB)
Collecting coveralls
  Downloading coveralls-2.2.0-py2.py3-none-any.whl (13 kB)
Collecting docopt>=0.6.1
  Downloading docopt-0.6.2.tar.gz (25 kB)
Collecting imagesize
  Downloading imagesize-1.2.0-py2.py3-none-any.whl (4.8 kB)
Collecting IPython
  Downloading ipython-7.9.0-py3-none-any.whl (775 kB)
Collecting jedi>=0.10
  Downloading jedi-0.17.2-py2.py3-none-any.whl (1.4 MB)
Collecting parso<0.8.0,>=0.7.0
  Downloading parso-0.7.1-py2.py3-none-any.whl (109 kB)
Collecting prompt-toolkit<2.1.0,>=2.0.0
  Downloading prompt_toolkit-2.0.10-py3-none-any.whl (340 kB)
Collecting traitlets>=4.2
  Downloading traitlets-4.3.3-py2.py3-none-any.whl (75 kB)
Collecting backcall
  Downloading backcall-0.2.0-py2.py3-none-any.whl (11 kB)
Collecting decorator
  Downloading decorator-4.4.2-py2.py3-none-any.whl (9.2 kB)
Collecting ipython-genutils
  Downloading ipython_genutils-0.2.0-py2.py3-none-any.whl (26 kB)
Collecting munch
  Downloading munch-2.5.0-py2.py3-none-any.whl (10 kB)
Collecting packaging
  Downloading packaging-20.8-py2.py3-none-any.whl (39 kB)
Collecting pyparsing
  Downloading pyparsing-2.4.7-py2.py3-none-any.whl (67 kB)
Collecting pexpect
  Downloading pexpect-4.8.0-py2.py3-none-any.whl (59 kB)
Collecting ptyprocess>=0.5
  Downloading ptyprocess-0.6.0-py2.py3-none-any.whl (39 kB)
Collecting pickleshare
  Downloading pickleshare-0.7.5-py2.py3-none-any.whl (6.9 kB)
Collecting pyforge
  Downloading pyforge-1.3.0.tar.gz (20 kB)
Collecting pytest
  Downloading pytest-6.1.2-py3-none-any.whl (272 kB)
  Downloading pytest-6.1.1-py3-none-any.whl (272 kB)
  Downloading pytest-6.1.0-py3-none-any.whl (272 kB)
  Downloading pytest-6.0.2-py3-none-any.whl (270 kB)
  Downloading pytest-6.0.1-py3-none-any.whl (270 kB)
  Downloading pytest-6.0.0-py3-none-any.whl (270 kB)
  Downloading pytest-5.4.3-py3-none-any.whl (248 kB)
  Downloading pytest-5.4.2-py3-none-any.whl (247 kB)
  Downloading pytest-5.4.1-py3-none-any.whl (246 kB)
  Downloading pytest-5.4.0-py3-none-any.whl (247 kB)
  Downloading pytest-5.3.5-py3-none-any.whl (235 kB)
  Downloading pytest-5.3.4-py3-none-any.whl (235 kB)
  Downloading pytest-5.3.3-py3-none-any.whl (235 kB)
  Downloading pytest-5.3.2-py3-none-any.whl (234 kB)
  Downloading pytest-5.3.1-py3-none-any.whl (233 kB)
  Downloading pytest-5.3.0-py3-none-any.whl (233 kB)
  Downloading pytest-5.2.4-py3-none-any.whl (227 kB)
  Downloading pytest-5.2.3-py3-none-any.whl (227 kB)
  Downloading pytest-5.2.2-py3-none-any.whl (227 kB)
  Downloading pytest-5.2.1-py3-none-any.whl (226 kB)
  Downloading pytest-5.2.0-py3-none-any.whl (226 kB)
  Downloading pytest-5.1.3-py3-none-any.whl (224 kB)
  Downloading pytest-5.1.2-py3-none-any.whl (224 kB)
  Downloading pytest-5.1.1-py3-none-any.whl (223 kB)
  Downloading pytest-5.1.0-py3-none-any.whl (223 kB)
  Downloading pytest-5.0.1-py3-none-any.whl (221 kB)
  Downloading pytest-5.0.0-py3-none-any.whl (221 kB)
  Downloading pytest-4.6.11-py2.py3-none-any.whl (231 kB)
  Downloading pytest-4.6.10-py2.py3-none-any.whl (231 kB)
  Downloading pytest-4.6.9-py2.py3-none-any.whl (231 kB)
  Downloading pytest-4.6.8-py2.py3-none-any.whl (230 kB)
  Downloading pytest-4.6.7-py2.py3-none-any.whl (230 kB)
  Downloading pytest-4.6.6-py2.py3-none-any.whl (230 kB)
  Downloading pytest-4.6.5-py2.py3-none-any.whl (230 kB)
  Downloading pytest-4.6.4-py2.py3-none-any.whl (229 kB)
  Downloading pytest-4.6.3-py2.py3-none-any.whl (229 kB)
  Downloading pytest-4.6.2-py2.py3-none-any.whl (229 kB)
  Downloading pytest-4.6.1-py2.py3-none-any.whl (229 kB)
  Downloading pytest-4.6.0-py2.py3-none-any.whl (229 kB)
  Downloading pytest-4.5.0-py2.py3-none-any.whl (227 kB)
  Downloading pytest-4.4.2-py2.py3-none-any.whl (224 kB)
  Downloading pytest-4.4.1-py2.py3-none-any.whl (223 kB)
  Downloading pytest-4.4.0-py2.py3-none-any.whl (223 kB)
  Downloading pytest-4.3.1-py2.py3-none-any.whl (219 kB)
  Downloading pytest-4.3.0-py2.py3-none-any.whl (219 kB)
  Downloading pytest-4.2.1-py2.py3-none-any.whl (218 kB)
  Downloading pytest-4.2.0-py2.py3-none-any.whl (218 kB)
  Downloading pytest-4.1.1-py2.py3-none-any.whl (216 kB)
  Downloading pytest-4.1.0-py2.py3-none-any.whl (215 kB)
  Downloading pytest-4.0.2-py2.py3-none-any.whl (217 kB)
  Downloading pytest-4.0.1-py2.py3-none-any.whl (217 kB)
  Downloading pytest-4.0.0-py2.py3-none-any.whl (217 kB)
  Downloading pytest-3.10.1-py2.py3-none-any.whl (216 kB)
  Downloading pytest-3.10.0-py2.py3-none-any.whl (216 kB)
  Downloading pytest-3.9.3-py2.py3-none-any.whl (214 kB)
  Downloading pytest-3.9.2-py2.py3-none-any.whl (214 kB)
  Downloading pytest-3.9.1-py2.py3-none-any.whl (213 kB)
  Downloading pytest-3.8.2-py2.py3-none-any.whl (209 kB)
  Downloading pytest-3.8.1-py2.py3-none-any.whl (209 kB)
  Downloading pytest-3.8.0-py2.py3-none-any.whl (208 kB)
  Downloading pytest-3.7.4-py2.py3-none-any.whl (204 kB)
  Downloading pytest-3.7.3-py2.py3-none-any.whl (204 kB)
  Downloading pytest-3.7.2-py2.py3-none-any.whl (203 kB)
  Downloading pytest-3.7.1-py2.py3-none-any.whl (202 kB)
  Downloading pytest-3.7.0-py2.py3-none-any.whl (202 kB)
  Downloading pytest-3.6.4-py2.py3-none-any.whl (196 kB)
  Downloading pytest-3.6.3-py2.py3-none-any.whl (195 kB)
  Downloading pytest-3.6.2-py2.py3-none-any.whl (195 kB)
  Downloading pytest-3.6.1-py2.py3-none-any.whl (194 kB)
  Downloading pytest-3.6.0-py2.py3-none-any.whl (194 kB)
  Downloading pytest-3.5.1-py2.py3-none-any.whl (192 kB)
  Downloading pytest-3.5.0-py2.py3-none-any.whl (194 kB)
  Downloading pytest-3.4.2-py2.py3-none-any.whl (189 kB)
  Downloading pytest-3.4.1-py2.py3-none-any.whl (188 kB)
  Downloading pytest-3.4.0-py2.py3-none-any.whl (188 kB)
  Downloading pytest-3.3.2-py2.py3-none-any.whl (185 kB)
  Downloading pytest-3.3.1-py2.py3-none-any.whl (184 kB)
  Downloading pytest-3.3.0-py2.py3-none-any.whl (184 kB)
  Downloading pytest-3.2.5-py2.py3-none-any.whl (188 kB)
Collecting pytest-catchlog
  Downloading pytest_catchlog-1.2.2-py2.py3-none-any.whl (10 kB)
Collecting pytest-cov
  Downloading pytest_cov-2.10.1-py2.py3-none-any.whl (19 kB)
INFO: pip is looking at multiple versions of pytest-cov to determine which version is compatible with other requirements. This could take a while.
  Downloading pytest_cov-2.10.0-py2.py3-none-any.whl (19 kB)
  Downloading pytest_cov-2.9.0-py2.py3-none-any.whl (19 kB)
  Downloading pytest_cov-2.8.1-py2.py3-none-any.whl (18 kB)
  Downloading pytest_cov-2.8.0-py2.py3-none-any.whl (18 kB)
  Downloading pytest_cov-2.7.1-py2.py3-none-any.whl (17 kB)
  Downloading pytest_cov-2.7.0-py2.py3-none-any.whl (17 kB)
  Downloading pytest_cov-2.6.1-py2.py3-none-any.whl (16 kB)
INFO: pip is looking at multiple versions of pytest-cov to determine which version is compatible with other requirements. This could take a while.
  Downloading pytest_cov-2.6.0-py2.py3-none-any.whl (14 kB)
Collecting pytest-timeout
  Downloading pytest_timeout-1.4.2-py2.py3-none-any.whl (10 kB)
INFO: pip is looking at multiple versions of pytest-timeout to determine which version is compatible with other requirements. This could take a while.
  Downloading pytest_timeout-1.4.1-py2.py3-none-any.whl (10 kB)
  Downloading pytest_timeout-1.4.0-py2.py3-none-any.whl (10 kB)
  Downloading pytest_timeout-1.3.4-py2.py3-none-any.whl (10 kB)
  Downloading pytest_timeout-1.3.3-py2.py3-none-any.whl (9.8 kB)
  Downloading pytest_timeout-1.3.2-py2.py3-none-any.whl (8.8 kB)
  Downloading pytest_timeout-1.3.1-py2.py3-none-any.whl (8.8 kB)
  Downloading pytest_timeout-1.3.0-py2.py3-none-any.whl (8.7 kB)
INFO: pip is looking at multiple versions of pytest-timeout to determine which version is compatible with other requirements. This could take a while.
  Downloading pytest_timeout-1.2.1-py2.py3-none-any.whl (12 kB)
Collecting raven
  Downloading raven-6.10.0-py2.py3-none-any.whl (284 kB)
Collecting sphinxcontrib-applehelp
  Downloading sphinxcontrib_applehelp-1.0.2-py2.py3-none-any.whl (121 kB)
Collecting sphinxcontrib-devhelp
  Downloading sphinxcontrib_devhelp-1.0.2-py2.py3-none-any.whl (84 kB)
Collecting sphinxcontrib-htmlhelp
  Downloading sphinxcontrib_htmlhelp-1.0.3-py2.py3-none-any.whl (96 kB)
Collecting sphinxcontrib-jsmath
  Downloading sphinxcontrib_jsmath-1.0.1-py2.py3-none-any.whl (5.1 kB)
Collecting sphinxcontrib-qthelp
  Downloading sphinxcontrib_qthelp-1.0.3-py2.py3-none-any.whl (90 kB)
Collecting sphinxcontrib-serializinghtml
  Downloading sphinxcontrib_serializinghtml-1.1.4-py2.py3-none-any.whl (89 kB)
Collecting SQLAlchemy
  Downloading SQLAlchemy-1.3.20-cp35-cp35m-manylinux2010_x86_64.whl (1.3 MB)
Collecting tmuxp
  Downloading tmuxp-1.6.3-py3-none-any.whl (30 kB)
Collecting click>=7<8
  Downloading click-7.1.2-py2.py3-none-any.whl (82 kB)
Collecting kaptan>=0.5.10
  Downloading kaptan-0.5.12.tar.gz (10 kB)
Collecting libtmux>=0.8<0.9
  Downloading libtmux-0.8.5-py3-none-any.whl (29 kB)
Collecting PyYAML<6,>=3.13
  Downloading PyYAML-5.3.1.tar.gz (269 kB)
Collecting wcwidth
  Downloading wcwidth-0.2.5-py2.py3-none-any.whl (30 kB)
Building wheels for collected packages: pyforge, dessert, confetti, orderedset, wrapt, emport, vintage, gossip, PyYAML, Logbook, docopt, kaptan, sentinels
  Building wheel for pyforge (setup.py): started
  Building wheel for pyforge (setup.py): finished with status 'done'
  Created wheel for pyforge: filename=pyforge-1.3.0-py3-none-any.whl size=23216 sha256=a9ce283cc083e56a7418a3f7562c175712667648642e50983a8ba5eb103a7ba8
  Stored in directory: /home/travis/.cache/pip/wheels/6b/32/b6/2348695d72f40c18ce51c5d19e22827914c23d405a8020fcf1
  Building wheel for dessert (setup.py): started
  Building wheel for dessert (setup.py): finished with status 'done'
  Created wheel for dessert: filename=dessert-1.4.1-py3-none-any.whl size=22795 sha256=e75628a162b3632c937348a5425c3f18bb1aafbfc5f6c60b4f1e4fe7696fb36b
  Stored in directory: /home/travis/.cache/pip/wheels/bb/58/73/a34b41f1ca18597fe587f0eef13066dc41f076f031ec9f0c7d
  Building wheel for confetti (setup.py): started
  Building wheel for confetti (setup.py): finished with status 'done'
  Created wheel for confetti: filename=confetti-2.5.3-py3-none-any.whl size=7197 sha256=819a3b03a0376d8885f871678fa3817a471a559050d97c5838e0fa372bb1da33
  Stored in directory: /home/travis/.cache/pip/wheels/c2/83/12/94c38beac392040cf33f8f9f85b4f4790d47cb57c38e8badf1
  Building wheel for orderedset (setup.py): started
  Building wheel for orderedset (setup.py): finished with status 'done'
  Created wheel for orderedset: filename=orderedset-2.0.3-cp35-cp35m-linux_x86_64.whl size=270097 sha256=77242c116248a2ef7302d5893f7a97226df3201e7f56e91a07e7e5df149761ce
  Stored in directory: /home/travis/.cache/pip/wheels/fe/9a/9d/7f149dd9b76e6cc911f97add03d9eaba1733f24795e606d453
  Building wheel for wrapt (setup.py): started
  Building wheel for wrapt (setup.py): finished with status 'done'
  Created wheel for wrapt: filename=wrapt-1.12.1-cp35-cp35m-linux_x86_64.whl size=66678 sha256=355b6523913640b9abff5cae8ef548a6b5a9d3d0d1d0388ab4f8b9103b086208
  Stored in directory: /home/travis/.cache/pip/wheels/b8/2d/88/2fb764a7404287819251978fbfe4cacf9b4d8a1d41fce5dd97
  Building wheel for emport (setup.py): started
  Building wheel for emport (setup.py): finished with status 'done'
  Created wheel for emport: filename=emport-1.3.1-py3-none-any.whl size=2950 sha256=fccac22c71f981c5c1d8cbd7f5a351ba5e55e77b334bd7c174839cd7e2073a8c
  Stored in directory: /home/travis/.cache/pip/wheels/6b/fe/a4/1143bef605d816eefeaac66a74314e58818f64ec3d0fb8536f
  Building wheel for vintage (setup.py): started
  Building wheel for vintage (setup.py): finished with status 'done'
  Created wheel for vintage: filename=vintage-0.4.1-py3-none-any.whl size=2828 sha256=00aa8b744d3402296b6f93706428229ecc20af933747f1ea061e54550292df92
  Stored in directory: /home/travis/.cache/pip/wheels/f9/b5/c8/da15ac7b054e05cd8204dc9b8fbe8b7f0921337a2c5ff14bb1
  Building wheel for gossip (setup.py): started
  Building wheel for gossip (setup.py): finished with status 'done'
  Created wheel for gossip: filename=gossip-2.4.0-py3-none-any.whl size=14827 sha256=ff9c61f66de8c509e42511c0975a86112d36608d033204d8acfa8155a58314a0
  Stored in directory: /home/travis/.cache/pip/wheels/cc/e4/d6/d5092aa964cdcabfb35062591303dc4a54896617ff46f845c3
  Building wheel for PyYAML (setup.py): started
  Building wheel for PyYAML (setup.py): finished with status 'done'
  Created wheel for PyYAML: filename=PyYAML-5.3.1-cp35-cp35m-linux_x86_64.whl size=418095 sha256=b2650a148aea6b6c53d2f7dc0aac98ed67a769a8ca8d9f8f855b4d01fd124ac7
  Stored in directory: /home/travis/.cache/pip/wheels/57/d0/2c/e2003abb5bc1a94c2e8a6fe1c03b8055d074e34c13672e7eb7
  Building wheel for Logbook (setup.py): started
  Building wheel for Logbook (setup.py): finished with status 'done'
  Created wheel for Logbook: filename=Logbook-1.5.3-cp35-cp35m-linux_x86_64.whl size=66383 sha256=30608971e72031b86f38934d5d4a24d23d8fcfcbdbf14cea5783972c0a6d49c4
  Stored in directory: /home/travis/.cache/pip/wheels/c1/e7/ba/2f058e795252d37a0833a55df093cc967a20fc30fd226529d4
  Building wheel for docopt (setup.py): started
  Building wheel for docopt (setup.py): finished with status 'done'
  Created wheel for docopt: filename=docopt-0.6.2-py2.py3-none-any.whl size=13705 sha256=fcf4605ed85bd0cbac59a7176e1344b551a33eaee755e37d4a4fb656987253ed
  Stored in directory: /home/travis/.cache/pip/wheels/63/74/c4/1e4f0884a7ba7c26baa4a841240a507953dcfe7de606522571
  Building wheel for kaptan (setup.py): started
  Building wheel for kaptan (setup.py): finished with status 'done'
  Created wheel for kaptan: filename=kaptan-0.5.12-py3-none-any.whl size=10977 sha256=b8cc88132a0f5e9a4139e963245f3457f52b352727fa0a0a4547fb581dc54c9d
  Stored in directory: /home/travis/.cache/pip/wheels/ac/5e/c9/9b154d2beec5fcce55aede5cc1d3b7256d153f9d8a8a41c32c
  Building wheel for sentinels (setup.py): started
  Building wheel for sentinels (setup.py): finished with status 'done'
  Created wheel for sentinels: filename=sentinels-1.0.0-py3-none-any.whl size=3186 sha256=5fbba07fe5a2582198ce303b366dfd4d90d7b9b49036d3cc919b9cb8a18e2dc2
  Stored in directory: /home/travis/.cache/pip/wheels/0b/d5/77/49fb1d1a6209f97f0bb762f0350403d5f69da8e453aa6bbd12
Successfully built pyforge dessert confetti orderedset wrapt emport vintage gossip PyYAML Logbook docopt kaptan sentinels
Installing collected packages: wcwidth, six, PyYAML, ptyprocess, parso, ipython-genutils, decorator, wrapt, vintage, urllib3, typed-ast, traitlets, sentinels, pytz, python-dateutil, pyparsing, Pygments, py, prompt-toolkit, pickleshare, pexpect, munch, MarkupSafe, Logbook, libtmux, lazy-object-proxy, kaptan, jedi, idna, colorama, click, chardet, certifi, backcall, attrs, atomicwrites, toml, tmuxp, SQLAlchemy, sphinxcontrib-serializinghtml, sphinxcontrib-qthelp, sphinxcontrib-jsmath, sphinxcontrib-htmlhelp, sphinxcontrib-devhelp, sphinxcontrib-applehelp, snowballstemmer, requests, raven, pytest, packaging, orderedset, mccabe, Jinja2, isort, IPython, imagesize, gossip, emport, docutils, docopt, dessert, coverage, confetti, babel, astroid, arrow, alabaster, Sphinx, slash, semantic-version, pytest-timeout, pytest-cov, pytest-catchlog, pylint, pyforge, coveralls, releases
  Running setup.py develop for slash
Successfully installed IPython-7.9.0 Jinja2-2.11.2 Logbook-1.5.3 MarkupSafe-1.1.1 PyYAML-5.3.1 Pygments-2.7.3 SQLAlchemy-1.3.20 Sphinx-3.3.1 alabaster-0.7.12 arrow-0.17.0 astroid-2.4.2 atomicwrites-1.4.0 attrs-20.3.0 babel-2.9.0 backcall-0.2.0 certifi-2020.12.5 chardet-3.0.4 click-7.1.2 colorama-0.4.4 confetti-2.5.3 coverage-5.3 coveralls-2.2.0 decorator-4.4.2 dessert-1.4.1 docopt-0.6.2 docutils-0.16 emport-1.3.1 gossip-2.4.0 idna-2.10 imagesize-1.2.0 ipython-genutils-0.2.0 isort-4.3.21 jedi-0.17.2 kaptan-0.5.12 lazy-object-proxy-1.4.3 libtmux-0.8.5 mccabe-0.6.1 munch-2.5.0 orderedset-2.0.3 packaging-20.8 parso-0.7.1 pexpect-4.8.0 pickleshare-0.7.5 prompt-toolkit-2.0.10 ptyprocess-0.6.0 py-1.4.34 pyforge-1.3.0 pylint-2.6.0 pyparsing-2.4.7 pytest-3.2.5 pytest-catchlog-1.2.2 pytest-cov-2.6.0 pytest-timeout-1.2.1 python-dateutil-2.8.1 pytz-2020.4 raven-6.10.0 releases-1.6.3 requests-2.25.0 semantic-version-2.6.0 sentinels-1.0.0 six-1.15.0 slash snowballstemmer-2.0.0 sphinxcontrib-applehelp-1.0.2 sphinxcontrib-devhelp-1.0.2 sphinxcontrib-htmlhelp-1.0.3 sphinxcontrib-jsmath-1.0.1 sphinxcontrib-qthelp-1.0.3 sphinxcontrib-serializinghtml-1.1.4 tmuxp-1.6.3 toml-0.10.2 traitlets-4.3.3 typed-ast-1.4.1 urllib3-1.26.2 vintage-0.4.1 wcwidth-0.2.5 wrapt-1.12.1
touch .env/.up-to-date

travis_time:end:07c8c651:start=1608133888373411466,finish=1608133986893162892,duration=98519751426[0K
[32;1mThe command "make env" exited with 0.[0m
travis_time:start:23f6b866[0K$ make test
.env/bin/py.test --cov=slash --cov-report=html tests
/home/travis/build/failed/getslash/slash/.env/lib/python3.5/site-packages/arrow/arrow.py:28: DeprecationWarning: Arrow will drop support for Python 2.7 and 3.5 in the upcoming v1.0.0 release. Please upgrade to Python 3.6+ to continue receiving updates for Arrow.
  DeprecationWarning,
Traceback (most recent call last):
  File "/home/travis/build/failed/getslash/slash/.env/lib/python3.5/site-packages/_pytest/config.py", line 342, in _getconftestmodules
    return self._path2confmods[path]
KeyError: local('/home/travis/build/failed/getslash/slash/tests')

During handling of the above exception, another exception occurred:
Traceback (most recent call last):
  File "/home/travis/build/failed/getslash/slash/.env/lib/python3.5/site-packages/_pytest/config.py", line 373, in _importconftest
    return self._conftestpath2mod[conftestpath]
KeyError: local('/home/travis/build/failed/getslash/slash/tests/conftest.py')

During handling of the above exception, another exception occurred:
Traceback (most recent call last):
  File "/home/travis/build/failed/getslash/slash/.env/lib/python3.5/site-packages/_pytest/config.py", line 379, in _importconftest
    mod = conftestpath.pyimport()
  File "/home/travis/build/failed/getslash/slash/.env/lib/python3.5/site-packages/py/_path/local.py", line 662, in pyimport
    __import__(modname)
  File "/home/travis/build/failed/getslash/slash/.env/lib/python3.5/site-packages/_pytest/assertion/rewrite.py", line 212, in load_module
    py.builtin.exec_(co, mod.__dict__)
  File "/home/travis/build/failed/getslash/slash/tests/conftest.py", line 14, in <module>
    from slash.loader import Loader
  File "/home/travis/build/failed/getslash/slash/slash/loader.py", line 8, in <module>
    import dessert
  File "/home/travis/build/failed/getslash/slash/.env/lib/python3.5/site-packages/dessert/__init__.py", line 5, in <module>
    from .rewrite import AssertionRewritingHook
  File "/home/travis/build/failed/getslash/slash/.env/lib/python3.5/site-packages/dessert/rewrite.py", line 28, in <module>
    from .pathlib import PurePath, fnmatch_ex
  File "/home/travis/build/failed/getslash/slash/.env/lib/python3.5/site-packages/dessert/pathlib.py", line 12, in <module>
    from pathlib2 import Path, PurePath
ImportError: No module named 'pathlib2'
ERROR: could not load /home/travis/build/failed/getslash/slash/tests/conftest.py

make: *** [test] Error 4

travis_time:end:23f6b866:start=1608133986904806870,finish=1608133989948977544,duration=3044170674[0K
[31;1mThe command "make test" exited with 2.[0m
travis_time:start:0520ee20[0K$ if [[ $TRAVIS_PYTHON_VERSION == '3.6' ]]; then make pylint; fi

travis_time:end:0520ee20:start=1608133989962363441,finish=1608133989971617484,duration=9254043[0K
[32;1mThe command "if [[ $TRAVIS_PYTHON_VERSION == '3.6' ]]; then make pylint; fi" exited with 0.[0m
travis_fold:start:after_failure[0Ktravis_time:start:0d0aeadc[0K$ .env/bin/pip freeze
DEPRECATION: Python 3.5 reached the end of its life on September 13th, 2020. Please upgrade your Python as Python 3.5 is no longer maintained. pip 21.0 will drop support for Python 3.5 in January 2021. pip 21.0 will remove support for this functionality.
alabaster==0.7.12
arrow==0.17.0
astroid==2.4.2
atomicwrites==1.4.0
attrs==20.3.0
Babel==2.9.0
backcall==0.2.0
certifi==2020.12.5
chardet==3.0.4
click==7.1.2
colorama==0.4.4
confetti==2.5.3
coverage==5.3
coveralls==2.2.0
decorator==4.4.2
dessert==1.4.1
docopt==0.6.2
docutils==0.16
emport==1.3.1
gossip==2.4.0
idna==2.10
imagesize==1.2.0
ipython==7.9.0
ipython-genutils==0.2.0
isort==4.3.21
jedi==0.17.2
Jinja2==2.11.2
kaptan==0.5.12
lazy-object-proxy==1.4.3
libtmux==0.8.5
Logbook==1.5.3
MarkupSafe==1.1.1
mccabe==0.6.1
munch==2.5.0
orderedset==2.0.3
packaging==20.8
parso==0.7.1
pexpect==4.8.0
pickleshare==0.7.5
prompt-toolkit==2.0.10
ptyprocess==0.6.0
py==1.4.34
pyforge==1.3.0
Pygments==2.7.3
pylint==2.6.0
pyparsing==2.4.7
pytest==3.2.5
pytest-catchlog==1.2.2
pytest-cov==2.6.0
pytest-timeout==1.2.1
python-dateutil==2.8.1
pytz==2020.4
PyYAML==5.3.1
raven==6.10.0
releases==1.6.3
requests==2.25.0
semantic-version==2.6.0
sentinels==1.0.0
six==1.15.0
-e git+https://github.com/getslash/slash.git@09421958577882d39dffbcc4ee67b83b32a5fd84#egg=slash
snowballstemmer==2.0.0
Sphinx==3.3.1
sphinxcontrib-applehelp==1.0.2
sphinxcontrib-devhelp==1.0.2
sphinxcontrib-htmlhelp==1.0.3
sphinxcontrib-jsmath==1.0.1
sphinxcontrib-qthelp==1.0.3
sphinxcontrib-serializinghtml==1.1.4
SQLAlchemy==1.3.20
tmuxp==1.6.3
toml==0.10.2
traitlets==4.3.3
typed-ast==1.4.1
urllib3==1.26.2
vintage==0.4.1
wcwidth==0.2.5
wrapt==1.12.1

travis_time:end:0d0aeadc:start=1608133989985352597,finish=1608133990619217707,duration=633865110[0Ktravis_fold:end:after_failure[0K
Done. Your build exited with 1.
