travis_fold:start:system_info[0K[33;1mBuild system information[0m
Build language: python
Build group: stable
Build dist: precise
Build id: ''
Job id: ''
[34m[1mBuild image provisioning date and time[0m
Thu Feb  5 15:09:33 UTC 2015
[34m[1mOperating System Details[0m
Distributor ID:	Ubuntu
Description:	Ubuntu 12.04.5 LTS
Release:	12.04
Codename:	precise
[34m[1mLinux Version[0m
3.13.0-29-generic
[34m[1mCookbooks Version[0m
a68419e https://github.com/travis-ci/travis-cookbooks/tree/a68419e
[34m[1mGCC version[0m
gcc (Ubuntu/Linaro 4.6.3-1ubuntu5) 4.6.3
Copyright (C) 2011 Free Software Foundation, Inc.
This is free software; see the source for copying conditions.  There is NO
warranty; not even for MERCHANTABILITY or FITNESS FOR A PARTICULAR PURPOSE.

[34m[1mLLVM version[0m
clang version 3.4 (tags/RELEASE_34/final)
Target: x86_64-unknown-linux-gnu
Thread model: posix
[34m[1mPre-installed Ruby versions[0m
ruby-1.9.3-p551
[34m[1mPre-installed Node.js versions[0m
v0.10.36
[34m[1mPre-installed Go versions[0m
1.4.1
[34m[1mRedis version[0m
redis-server 2.8.19
[34m[1mriak version[0m
2.0.2
[34m[1mMongoDB version[0m
MongoDB 2.4.12
[34m[1mCouchDB version[0m
couchdb 1.6.1
[34m[1mNeo4j version[0m
1.9.4
[34m[1mRabbitMQ Version[0m
3.4.3
[34m[1mElasticSearch version[0m
1.4.0
[34m[1mInstalled Sphinx versions[0m
2.0.10
2.1.9
2.2.6
[34m[1mDefault Sphinx version[0m
2.2.6
[34m[1mInstalled Firefox version[0m
firefox 31.0esr
[34m[1mPhantomJS version[0m
1.9.8
[34m[1mant -version[0m
Apache Ant(TM) version 1.8.2 compiled on December 3 2011
[34m[1mmvn -version[0m
Apache Maven 3.2.5 (12a6b3acb947671f09b81f49094c53f426d8cea1; 2014-12-14T17:29:23+00:00)
Maven home: /usr/local/maven
Java version: 1.7.0_76, vendor: Oracle Corporation
Java home: /usr/lib/jvm/java-7-oracle/jre
Default locale: en_US, platform encoding: ANSI_X3.4-1968
OS name: "linux", version: "3.13.0-29-generic", arch: "amd64", family: "unix"
travis_fold:end:system_info[0K
grep: /etc/apt/sources.list.d/*: No such file or directory
sed: cannot rename /etc/hosts: Device or resource busy
sed: cannot rename /etc/hosts: Device or resource busy
$ cd passed/hivesolutions/appier
travis_fold:start:services[0Ktravis_time:start:01df9970[0K$ sudo service mongodb start
 * Starting database mongodb
   ...done.

travis_time:end:01df9970:start=1608143204971299777,finish=1608143206015184996,duration=1043885219[0Ktravis_fold:end:services[0K
[33;1mSetting environment variables from .travis.yml[0m
$ export ADAPTER=tiny

travis_time:start:13e90e31[0K$ source ~/virtualenv/pypy3/bin/activate

travis_time:end:13e90e31:start=1608143209408950538,finish=1608143209418905016,duration=9954478[0K$ python --version
Python 3.2.5 (b2091e973da6, Oct 19 2014, 18:29:55)
[PyPy 2.4.0 with GCC 4.6.3]
$ pip --version
pip 6.0.7 from /home/travis/virtualenv/pypy3-2.4.0/site-packages (python 3.2)
travis_fold:start:install.1[0Ktravis_time:start:2a386f74[0K$ pip install -r requirements.txt
Collecting pymongo==3.2.2 (from -r requirements.txt (line 1))
  Downloading https://files.pythonhosted.org/packages/5a/59/d4faf11957b03a470882670f5f7dafd424a0364fdc0d8c7e8ab53f58ac40/pymongo-3.2.2.tar.gz (504kB)
    *****************************************************
    The optional C extensions are currently not supported
    by this python implementation.
    *****************************************************
Collecting tinydb==3.1.3 (from -r requirements.txt (line 2))
  Downloading https://files.pythonhosted.org/packages/b3/11/f2056caaef930c953848418fbf2bae23eecffd1dffdf37923a90bc9803c7/tinydb-3.1.3.zip
Collecting redis==2.10.5 (from -r requirements.txt (line 3))
  Downloading https://files.pythonhosted.org/packages/08/c1/457428f7507e27ba7144758a7b716ea35766e6d602f4a0c16e443ab3d381/redis-2.10.5-py2.py3-none-any.whl (60kB)
Installing collected packages: redis, tinydb, pymongo

  Running setup.py install for tinydb
  Running setup.py install for pymongo
    *****************************************************
    The optional C extensions are currently not supported
    by this python implementation.
    *****************************************************
Successfully installed pymongo-3.2.2 redis-2.10.5 tinydb-3.1.3

travis_time:end:2a386f74:start=1608143210030420282,finish=1608143215891713223,duration=5861292941[0Ktravis_fold:end:install.1[0Ktravis_fold:start:install.2[0Ktravis_time:start:01333d8d[0K$ pip install coveralls==1.1
Collecting coveralls==1.1
  Downloading https://files.pythonhosted.org/packages/81/f9/da2ad9334f60e418cb229c58724330be2635b369676d3eec8f61e1f85faa/coveralls-1.1-py2.py3-none-any.whl
Collecting docopt>=0.6.1 (from coveralls==1.1)
  Downloading https://files.pythonhosted.org/packages/a2/55/8f8cab2afd404cf578136ef2cc5dfb50baa1761b68c9da1fb1e4eed343c9/docopt-0.6.2.tar.gz
Collecting coverage>=3.6 (from coveralls==1.1)
  Downloading https://files.pythonhosted.org/packages/da/50/4c0c93ea67c8b42aa700cfbdedd64ea5ac5e7108ba14e3e744f57309304b/coverage-5.3.tar.gz (693kB)
    /opt/python/pypy3-2.4.0/lib-python/3/distutils/dist.py:257: UserWarning: Unknown distribution option: 'project_urls'
      warnings.warn(msg)
    /opt/python/pypy3-2.4.0/lib-python/3/distutils/dist.py:257: UserWarning: Unknown distribution option: 'python_requires'
      warnings.warn(msg)
    /opt/python/pypy3-2.4.0/lib-python/3/distutils/dist.py:257: UserWarning: Unknown distribution option: 'long_description_content_type'
      warnings.warn(msg)
Collecting requests>=1.0.0 (from coveralls==1.1)
  Downloading https://files.pythonhosted.org/packages/39/fc/f91eac5a39a65f75a7adb58eac7fa78871ea9872283fb9c44e6545998134/requests-2.25.0-py2.py3-none-any.whl (61kB)
Collecting idna<3,>=2.5 (from requests>=1.0.0->coveralls==1.1)
  Downloading https://files.pythonhosted.org/packages/a2/38/928ddce2273eaa564f6f50de919327bf3a00f091b5baba8dfa9460f3a8a8/idna-2.10-py2.py3-none-any.whl (58kB)
Collecting certifi>=2017.4.17 (from requests>=1.0.0->coveralls==1.1)
  Downloading https://files.pythonhosted.org/packages/5e/a0/5f06e1e1d463903cf0c0eebeb751791119ed7a4b3737fdc9a77f1cdfb51f/certifi-2020.12.5-py2.py3-none-any.whl (147kB)
Collecting urllib3<1.27,>=1.21.1 (from requests>=1.0.0->coveralls==1.1)
  Downloading https://files.pythonhosted.org/packages/f5/71/45d36a8df68f3ebb098d6861b2c017f3d094538c0fb98fa61d4dc43e69b9/urllib3-1.26.2-py2.py3-none-any.whl (136kB)
Collecting chardet<4,>=3.0.2 (from requests>=1.0.0->coveralls==1.1)
  Downloading https://files.pythonhosted.org/packages/bc/a9/01ffebfb562e4274b6487b4bb1ddec7ca55ec7510b22e4c51f14098443b8/chardet-3.0.4-py2.py3-none-any.whl (133kB)
Installing collected packages: chardet, urllib3, certifi, idna, requests, coverage, docopt, coveralls





  Running setup.py install for coverage
    /opt/python/pypy3-2.4.0/lib-python/3/distutils/dist.py:257: UserWarning: Unknown distribution option: 'project_urls'
      warnings.warn(msg)
    /opt/python/pypy3-2.4.0/lib-python/3/distutils/dist.py:257: UserWarning: Unknown distribution option: 'python_requires'
      warnings.warn(msg)
    /opt/python/pypy3-2.4.0/lib-python/3/distutils/dist.py:257: UserWarning: Unknown distribution option: 'long_description_content_type'
      warnings.warn(msg)
    Installing coverage3 script to /home/travis/virtualenv/pypy3-2.4.0/bin
    Installing coverage-3.2 script to /home/travis/virtualenv/pypy3-2.4.0/bin
    Installing coverage script to /home/travis/virtualenv/pypy3-2.4.0/bin
  Running setup.py install for docopt

Successfully installed certifi-2020.12.5 chardet-3.0.4 coverage-5.3 coveralls-1.1 docopt-0.6.2 idna-2.10 requests-2.25.0 urllib3-1.26.2

travis_time:end:01333d8d:start=1608143215902580247,finish=1608143224444769892,duration=8542189645[0Ktravis_fold:end:install.2[0Ktravis_fold:start:install.3[0Ktravis_time:start:010ee08b[0K$ pip install twine==1.6.5
Collecting twine==1.6.5
  Downloading https://files.pythonhosted.org/packages/db/79/db4edb6e85fda783b00d578a44891cc42c1744167ac6137a1da91edd10c1/twine-1.6.5-py2.py3-none-any.whl
Collecting pkginfo>=1.0 (from twine==1.6.5)
  Downloading https://files.pythonhosted.org/packages/4f/3c/535287349af1b117e082f8e77feca52fbe2fdf61ef1e6da6bcc2a72a3a79/pkginfo-1.6.1-py2.py3-none-any.whl
Requirement already satisfied (use --upgrade to upgrade): requests>=2.3.0 in /home/travis/virtualenv/pypy3-2.4.0/site-packages (from twine==1.6.5)
Requirement already satisfied (use --upgrade to upgrade): setuptools>=0.7.0 in /home/travis/virtualenv/pypy3-2.4.0/site-packages (from twine==1.6.5)
Collecting requests-toolbelt>=0.4.0 (from twine==1.6.5)
  Downloading https://files.pythonhosted.org/packages/60/ef/7681134338fc097acef8d9b2f8abe0458e4d87559c689a8c306d0957ece5/requests_toolbelt-0.9.1-py2.py3-none-any.whl (54kB)
Requirement already satisfied (use --upgrade to upgrade): idna<3,>=2.5 in /home/travis/virtualenv/pypy3-2.4.0/site-packages (from requests>=2.3.0->twine==1.6.5)
Requirement already satisfied (use --upgrade to upgrade): certifi>=2017.4.17 in /home/travis/virtualenv/pypy3-2.4.0/site-packages (from requests>=2.3.0->twine==1.6.5)
Requirement already satisfied (use --upgrade to upgrade): urllib3<1.27,>=1.21.1 in /home/travis/virtualenv/pypy3-2.4.0/site-packages (from requests>=2.3.0->twine==1.6.5)
Requirement already satisfied (use --upgrade to upgrade): chardet<4,>=3.0.2 in /home/travis/virtualenv/pypy3-2.4.0/site-packages (from requests>=2.3.0->twine==1.6.5)
Installing collected packages: requests-toolbelt, pkginfo, twine



Successfully installed pkginfo-1.6.1 requests-toolbelt-0.9.1 twine-1.6.5

travis_time:end:010ee08b:start=1608143224456462717,finish=1608143226583080420,duration=2126617703[0Ktravis_fold:end:install.3[0Ktravis_time:start:00953f90[0K$ if [[ $TRAVIS_PYTHON_VERSION != "3.2" ]]; then coverage run --source=appier setup.py test; else python setup.py test; fi
Traceback (most recent call last):
  File "/home/travis/virtualenv/pypy3-2.4.0/site-packages/coverage/backward.py", line 57, in <module>
    from thread import get_ident as get_thread_id
ImportError: No module named thread

During handling of the above exception, another exception occurred:

Traceback (most recent call last):
  File "/home/travis/virtualenv/pypy3-2.4.0/bin/coverage", line 9, in <module>
    load_entry_point('coverage==5.3', 'console_scripts', 'coverage')()
  File "/home/travis/virtualenv/pypy3-2.4.0/site-packages/pkg_resources/__init__.py", line 519, in load_entry_point
    return get_distribution(dist).load_entry_point(group, name)
  File "/home/travis/virtualenv/pypy3-2.4.0/site-packages/pkg_resources/__init__.py", line 2630, in load_entry_point
    return ep.load()
  File "/home/travis/virtualenv/pypy3-2.4.0/site-packages/pkg_resources/__init__.py", line 2310, in load
    return self.resolve()
  File "/home/travis/virtualenv/pypy3-2.4.0/site-packages/pkg_resources/__init__.py", line 2316, in resolve
    module = __import__(self.module_name, fromlist=['__name__'], level=0)
  File "/home/travis/virtualenv/pypy3-2.4.0/site-packages/coverage/__init__.py", line 15, in <module>
    from coverage.control import Coverage, process_startup
  File "/home/travis/virtualenv/pypy3-2.4.0/site-packages/coverage/control.py", line 15, in <module>
    from coverage.annotate import AnnotateReporter
  File "/home/travis/virtualenv/pypy3-2.4.0/site-packages/coverage/annotate.py", line 10, in <module>
    from coverage.files import flat_rootname
  File "/home/travis/virtualenv/pypy3-2.4.0/site-packages/coverage/files.py", line 16, in <module>
    from coverage.backward import unicode_class
  File "/home/travis/virtualenv/pypy3-2.4.0/site-packages/coverage/backward.py", line 59, in <module>
    from threading import get_ident as get_thread_id
ImportError: cannot import name 'get_ident'

travis_time:end:00953f90:start=1608143226595618758,finish=1608143226898109374,duration=302490616[0K
[31;1mThe command "if [[ $TRAVIS_PYTHON_VERSION != "3.2" ]]; then coverage run --source=appier setup.py test; else python setup.py test; fi" exited with 1.[0m

Done. Your build exited with 1.
