travis_fold:start:system_info[0K[33;1mBuild system information[0m
Build language: python
Build group: stable
Build dist: trusty
Build id: ''
Job id: ''
[34m[1mBuild image provisioning date and time[0m
Tue Aug 29 02:50:02 UTC 2017
[34m[1mOperating System Details[0m
Distributor ID:	Ubuntu
Description:	Ubuntu 14.04.5 LTS
Release:	14.04
Codename:	trusty
[34m[1mCookbooks Version[0m
4642454 https://github.com/travis-ci/travis-cookbooks/tree/4642454
[34m[1mgit version[0m
git version 2.14.1
[34m[1mbash version[0m
GNU bash, version 4.3.11(1)-release (x86_64-pc-linux-gnu)
[34m[1mgcc version[0m
gcc (Ubuntu 4.8.4-2ubuntu1~14.04.3) 4.8.4
Copyright (C) 2013 Free Software Foundation, Inc.
This is free software; see the source for copying conditions.  There is NO
warranty; not even for MERCHANTABILITY or FITNESS FOR A PARTICULAR PURPOSE.

[34m[1mdocker version[0m
Client:
 Version:      17.03.1-ce
 API version:  1.27
 Go version:   go1.7.5
 Git commit:   c6d412e
 Built:        Mon Mar 27 16:58:30 2017
 OS/Arch:      linux/amd64
[34m[1mclang version[0m
clang version 3.9.0 (tags/RELEASE_390/final)
Target: x86_64-unknown-linux-gnu
Thread model: posix
InstalledDir: /usr/local/clang-3.9.0/bin
[34m[1mjq version[0m
jq-1.5
[34m[1mbats version[0m
Bats 0.4.0
[34m[1mshellcheck version[0m
0.4.6
[34m[1mshfmt version[0m
v1.3.1
[34m[1mccache version[0m
ccache version 3.1.9

Copyright (C) 2002-2007 Andrew Tridgell
Copyright (C) 2009-2011 Joel Rosdahl

This program is free software; you can redistribute it and/or modify it under
the terms of the GNU General Public License as published by the Free Software
Foundation; either version 3 of the License, or (at your option) any later
version.
[34m[1mcmake version[0m
cmake version 3.2.2

CMake suite maintained and supported by Kitware (kitware.com/cmake).
[34m[1mheroku version[0m
heroku-cli/6.13.19-6cd27b3 (linux-x64) node-v8.3.0
[34m[1mimagemagick version[0m
Version: ImageMagick 6.7.7-10 2017-07-31 Q16 http://www.imagemagick.org
[34m[1mmd5deep version[0m
4.2
[34m[1mmercurial version[0m
Mercurial Distributed SCM (version 4.2.2)
(see https://mercurial-scm.org for more information)

Copyright (C) 2005-2017 Matt Mackall and others
This is free software; see the source for copying conditions. There is NO
warranty; not even for MERCHANTABILITY or FITNESS FOR A PARTICULAR PURPOSE.
[34m[1mmysql version[0m
mysql  Ver 14.14 Distrib 5.6.33, for debian-linux-gnu (x86_64) using  EditLine wrapper
[34m[1mopenssl version[0m
OpenSSL 1.0.1f 6 Jan 2014
[34m[1mpacker version[0m
Packer v1.0.2

Your version of Packer is out of date! The latest version
is 1.0.4. You can update by downloading from www.packer.io
[34m[1mpostgresql client version[0m
psql (PostgreSQL) 9.6.4
[34m[1mragel version[0m
Ragel State Machine Compiler version 6.8 Feb 2013
Copyright (c) 2001-2009 by Adrian Thurston
[34m[1msubversion version[0m
svn, version 1.8.8 (r1568071)
   compiled Aug 10 2017, 17:20:39 on x86_64-pc-linux-gnu

Copyright (C) 2013 The Apache Software Foundation.
This software consists of contributions made by many people;
see the NOTICE file for more information.
Subversion is open source software, see http://subversion.apache.org/

The following repository access (RA) modules are available:

* ra_svn : Module for accessing a repository using the svn network protocol.
  - with Cyrus SASL authentication
  - handles 'svn' scheme
* ra_local : Module for accessing a repository on local disk.
  - handles 'file' scheme
* ra_serf : Module for accessing a repository via WebDAV protocol using serf.
  - using serf 1.3.3
  - handles 'http' scheme
  - handles 'https' scheme

[34m[1msudo version[0m
Sudo version 1.8.9p5
Configure options: --prefix=/usr -v --with-all-insults --with-pam --with-fqdn --with-logging=syslog --with-logfac=authpriv --with-env-editor --with-editor=/usr/bin/editor --with-timeout=15 --with-password-timeout=0 --with-passprompt=[sudo] password for %p:  --without-lecture --with-tty-tickets --disable-root-mailer --enable-admin-flag --with-sendmail=/usr/sbin/sendmail --with-timedir=/var/lib/sudo --mandir=/usr/share/man --libexecdir=/usr/lib/sudo --with-sssd --with-sssd-lib=/usr/lib/x86_64-linux-gnu --with-selinux
Sudoers policy plugin version 1.8.9p5
Sudoers file grammar version 43

Sudoers path: /etc/sudoers
Authentication methods: 'pam'
Syslog facility if syslog is being used for logging: authpriv
Syslog priority to use when user authenticates successfully: notice
Syslog priority to use when user authenticates unsuccessfully: alert
Send mail if the user is not in sudoers
Use a separate timestamp for each user/tty combo
Lecture user the first time they run sudo
Root may run sudo
Allow some information gathering to give useful error messages
Require fully-qualified hostnames in the sudoers file
Visudo will honor the EDITOR environment variable
Set the LOGNAME and USER environment variables
Length at which to wrap log file lines (0 for no wrap): 80
Authentication timestamp timeout: 15.0 minutes
Password prompt timeout: 0.0 minutes
Number of tries to enter a password: 3
Umask to use or 0777 to use user's: 022
Path to mail program: /usr/sbin/sendmail
Flags for mail program: -t
Address to send mail to: root
Subject line for mail messages: *** SECURITY information for %h ***
Incorrect password message: Sorry, try again.
Path to authentication timestamp dir: /var/lib/sudo
Default password prompt: [sudo] password for %p: 
Default user to run commands as: root
Value to override user's $PATH with: /usr/local/sbin:/usr/local/bin:/usr/sbin:/usr/bin:/sbin:/bin:/snap/bin
Path to the editor for use by visudo: /usr/bin/editor
When to require a password for 'list' pseudocommand: any
When to require a password for 'verify' pseudocommand: all
File descriptors >= 3 will be closed before executing a command
Environment variables to check for sanity:
	TZ
	TERM
	LINGUAS
	LC_*
	LANGUAGE
	LANG
	COLORTERM
Environment variables to remove:
	RUBYOPT
	RUBYLIB
	PYTHONUSERBASE
	PYTHONINSPECT
	PYTHONPATH
	PYTHONHOME
	TMPPREFIX
	ZDOTDIR
	READNULLCMD
	NULLCMD
	FPATH
	PERL5DB
	PERL5OPT
	PERL5LIB
	PERLLIB
	PERLIO_DEBUG 
	JAVA_TOOL_OPTIONS
	SHELLOPTS
	GLOBIGNORE
	PS4
	BASH_ENV
	ENV
	TERMCAP
	TERMPATH
	TERMINFO_DIRS
	TERMINFO
	_RLD*
	LD_*
	PATH_LOCALE
	NLSPATH
	HOSTALIASES
	RES_OPTIONS
	LOCALDOMAIN
	CDPATH
	IFS
Environment variables to preserve:
	JAVA_HOME
	TRAVIS
	CI
	DEBIAN_FRONTEND
	XAUTHORIZATION
	XAUTHORITY
	PS2
	PS1
	PATH
	LS_COLORS
	KRB5CCNAME
	HOSTNAME
	HOME
	DISPLAY
	COLORS
Locale to use while parsing sudoers: C
Directory in which to store input/output logs: /var/log/sudo-io
File in which to store the input/output log: %{seq}
Add an entry to the utmp/utmpx file when allocating a pty
PAM service name to use
PAM service name to use for login shells
Create a new PAM session for the command to run in
Maximum I/O log sequence number: 0

Local IP address and netmask pairs:
	172.17.0.2/255.255.0.0

Sudoers I/O plugin version 1.8.9p5
[34m[1mgzip version[0m
gzip 1.6
Copyright (C) 2007, 2010, 2011 Free Software Foundation, Inc.
Copyright (C) 1993 Jean-loup Gailly.
This is free software.  You may redistribute copies of it under the terms of
the GNU General Public License <http://www.gnu.org/licenses/gpl.html>.
There is NO WARRANTY, to the extent permitted by law.

Written by Jean-loup Gailly.
[34m[1mzip version[0m
Copyright (c) 1990-2008 Info-ZIP - Type 'zip "-L"' for software license.
This is Zip 3.0 (July 5th 2008), by Info-ZIP.
Currently maintained by E. Gordon.  Please send bug reports to
the authors using the web page at www.info-zip.org; see README for details.

Latest sources and executables are at ftp://ftp.info-zip.org/pub/infozip,
as of above date; see http://www.info-zip.org/ for other sites.

Compiled with gcc 4.8.2 for Unix (Linux ELF) on Oct 21 2013.

Zip special compilation options:
	USE_EF_UT_TIME       (store Universal Time)
	BZIP2_SUPPORT        (bzip2 library version 1.0.6, 6-Sept-2010)
	    bzip2 code and library copyright (c) Julian R Seward
	    (See the bzip2 license for terms of use)
	SYMLINK_SUPPORT      (symbolic links supported)
	LARGE_FILE_SUPPORT   (can read and write large files on file system)
	ZIP64_SUPPORT        (use Zip64 to store large files in archives)
	UNICODE_SUPPORT      (store and read UTF-8 Unicode paths)
	STORE_UNIX_UIDs_GIDs (store UID/GID sizes/values using new extra field)
	UIDGID_NOT_16BIT     (old Unix 16-bit UID/GID extra field not used)
	[encryption, version 2.91 of 05 Jan 2007] (modified for Zip 3)

Encryption notice:
	The encryption code of this program is not copyrighted and is
	put in the public domain.  It was originally written in Europe
	and, to the best of our knowledge, can be freely distributed
	in both source and object forms from any country, including
	the USA under License Exception TSU of the U.S. Export
	Administration Regulations (section 740.13(e)) of 6 June 2002.

Zip environment options:
             ZIP:  [none]
          ZIPOPT:  [none]
[34m[1mvim version[0m
VIM - Vi IMproved 7.4 (2013 Aug 10, compiled Nov 24 2016 16:43:18)
Included patches: 1-52
Extra patches: 8.0.0056
Modified by pkg-vim-maintainers@lists.alioth.debian.org
Compiled by buildd@
Huge version without GUI.  Features included (+) or not (-):
+acl             +farsi           +mouse_netterm   +syntax
+arabic          +file_in_path    +mouse_sgr       +tag_binary
+autocmd         +find_in_path    -mouse_sysmouse  +tag_old_static
-balloon_eval    +float           +mouse_urxvt     -tag_any_white
-browse          +folding         +mouse_xterm     -tcl
++builtin_terms  -footer          +multi_byte      +terminfo
+byte_offset     +fork()          +multi_lang      +termresponse
+cindent         +gettext         -mzscheme        +textobjects
-clientserver    -hangul_input    +netbeans_intg   +title
-clipboard       +iconv           +path_extra      -toolbar
+cmdline_compl   +insert_expand   -perl            +user_commands
+cmdline_hist    +jumplist        +persistent_undo +vertsplit
+cmdline_info    +keymap          +postscript      +virtualedit
+comments        +langmap         +printer         +visual
+conceal         +libcall         +profile         +visualextra
+cryptv          +linebreak       +python          +viminfo
+cscope          +lispindent      -python3         +vreplace
+cursorbind      +listcmds        +quickfix        +wildignore
+cursorshape     +localmap        +reltime         +wildmenu
+dialog_con      -lua             +rightleft       +windows
+diff            +menu            -ruby            +writebackup
+digraphs        +mksession       +scrollbind      -X11
-dnd             +modify_fname    +signs           -xfontset
-ebcdic          +mouse           +smartindent     -xim
+emacs_tags      -mouseshape      -sniff           -xsmp
+eval            +mouse_dec       +startuptime     -xterm_clipboard
+ex_extra        +mouse_gpm       +statusline      -xterm_save
+extra_search    -mouse_jsbterm   -sun_workshop    -xpm
   system vimrc file: "$VIM/vimrc"
     user vimrc file: "$HOME/.vimrc"
 2nd user vimrc file: "~/.vim/vimrc"
      user exrc file: "$HOME/.exrc"
  fall-back for $VIM: "/usr/share/vim"
Compilation: gcc -c -I. -Iproto -DHAVE_CONFIG_H     -g -O2 -fstack-protector --param=ssp-buffer-size=4 -Wformat -Werror=format-security -U_FORTIFY_SOURCE -D_FORTIFY_SOURCE=1      
Linking: gcc   -Wl,-Bsymbolic-functions -Wl,-z,relro -Wl,--as-needed -o vim        -lm -ltinfo -lnsl  -lselinux  -lacl -lattr -lgpm -ldl    -L/usr/lib/python2.7/config-x86_64-linux-gnu -lpython2.7 -lpthread -ldl -lutil -lm -Xlinker -export-dynamic -Wl,-O1 -Wl,-Bsymbolic-functions      
[34m[1miptables version[0m
iptables v1.4.21
[34m[1mcurl version[0m
curl 7.35.0 (x86_64-pc-linux-gnu) libcurl/7.35.0 OpenSSL/1.0.1f zlib/1.2.8 libidn/1.28 librtmp/2.3
[34m[1mwget version[0m
GNU Wget 1.15 built on linux-gnu.
[34m[1mrsync version[0m
rsync  version 3.1.0  protocol version 31
[34m[1mgimme version[0m
v1.2.0
[34m[1mnvm version[0m
0.33.2
[34m[1mperlbrew version[0m
/home/travis/perl5/perlbrew/bin/perlbrew  - App::perlbrew/0.80
[34m[1mphpenv version[0m
rbenv 1.1.1-4-g4ebd1bd
[34m[1mrvm version[0m
rvm 1.29.2 (latest) by Michal Papis, Piotr Kuczynski, Wayne E. Seguin [https://rvm.io/]
[34m[1mdefault ruby version[0m
ruby 2.4.1p111 (2017-03-22 revision 58053) [x86_64-linux]
[34m[1mCouchDB version[0m
couchdb 1.6.1
[34m[1mElasticSearch version[0m
5.5.0
[34m[1mInstalled Firefox version[0m
firefox 55.0.2
[34m[1mMongoDB version[0m
MongoDB 3.2.16
[34m[1mPre-installed PostgreSQL versions[0m
9.2.22
9.3.18
9.4.13
9.5.8
9.6.4
[34m[1mRabbitMQ Version[0m
3.6.11
[34m[1mRedis version[0m
redis-server 4.0.1
[34m[1mriak version[0m
2.2.3
[34m[1mPre-installed Go versions[0m
1.7.4
[34m[1mant version[0m
Apache Ant(TM) version 1.9.3 compiled on April 8 2014
[34m[1mmvn version[0m
Apache Maven 3.5.0 (ff8f5e7444045639af65f6095c62210b5713f426; 2017-04-03T19:39:06Z)
Maven home: /usr/local/maven-3.5.0
Java version: 1.8.0_144, vendor: Oracle Corporation
Java home: /usr/lib/jvm/java-8-oracle/jre
Default locale: en_US, platform encoding: UTF-8
OS name: "linux", version: "4.4.0-92-generic", arch: "amd64", family: "unix"
[34m[1mgradle version[0m

------------------------------------------------------------
Gradle 4.0.1
------------------------------------------------------------

Build time:   2017-07-07 14:02:41 UTC
Revision:     38e5dc0f772daecca1d2681885d3d85414eb6826

Groovy:       2.4.11
Ant:          Apache Ant(TM) version 1.9.6 compiled on June 29 2015
JVM:          1.8.0_144 (Oracle Corporation 25.144-b01)
OS:           Linux 4.4.0-92-generic amd64

[34m[1mlein version[0m
WARNING: You're currently running as root; probably by accident.
Press control-C to abort or Enter to continue as root.
Set LEIN_ROOT to disable this warning.
Leiningen 2.7.1 on Java 1.8.0_144 Java HotSpot(TM) 64-Bit Server VM
[34m[1mPre-installed Node.js versions[0m
v4.8.4
v6.11.2
v6.9.4
v7.4.0
v8.4
[34m[1mphpenv versions[0m
  system
  5.6
* 5.6.31 (set by /home/travis/.phpenv/version)
  7.0
  7.0.22
  hhvm
  hhvm-stable
[34m[1mcomposer --version[0m
Composer version 1.4.2 2017-05-17 08:17:52
[34m[1mPre-installed Ruby versions[0m
ruby-2.2.7
ruby-2.3.4
ruby-2.4.1
travis_fold:end:system_info[0K
grep: /etc/apt/sources.list.d/*: No such file or directory
sed: cannot rename /etc/hosts: Device or resource busy
sed: cannot rename /etc/hosts: Device or resource busy
[33;1m3.5.1 is not installed; attempting download[0m
[33;1mDownloading archive: https://s3.amazonaws.com/travis-python-archives/binaries/ubuntu/14.04/x86_64/python-3.5.1.tar.bz2[0m
$ sudo tar xjf python-3.5.1.tar.bz2 --directory /
sed: can't read /etc/profile.d/pyenv.sh: No such file or directory
$ cd passed/python/mypy
travis_fold:start:git.submodule[0Ktravis_time:start:006d4b33[0K$ git submodule update --init --recursive
Submodule 'typeshed' (https://github.com/python/typeshed) registered for path 'typeshed'
Cloning into '/home/travis/build/passed/python/mypy/typeshed'...
Submodule path 'typeshed': checked out '97fb265a4c80812c3205a953f3201fc909c43a44'

travis_time:end:006d4b33:start=1608202336901397307,finish=1608202338498141790,duration=1596744483[0Ktravis_fold:end:git.submodule[0Ktravis_time:start:03278de3[0K$ source ~/virtualenv/python3.5.1/bin/activate

travis_time:end:03278de3:start=1608202338516982941,finish=1608202338532363829,duration=15380888[0Ktravis_fold:start:cache.1[0KSetting up build cache
$ export CASHER_DIR=$HOME/.casher
travis_time:start:055a2a08[0K$ Installing caching utilities

travis_time:end:055a2a08:start=1608202339129081336,finish=1608202339199674632,duration=70593296[0Ktravis_time:start:093f2328[0K
travis_time:end:093f2328:start=1608202339211082868,finish=1608202339218867537,duration=7784669[0Ktravis_time:start:010c6db0[0K/home/travis/.casher/bin/casher:213:in `cache_archive_name': undefined method `[]' for nil:NilClass (NoMethodError)
	from /home/travis/.casher/bin/casher:65:in `block in fetch'
	from /home/travis/.casher/bin/casher:64:in `each'
	from /home/travis/.casher/bin/casher:64:in `fetch'
	from /home/travis/.casher/bin/casher:53:in `block in run'
	from /home/travis/.rvm/rubies/ruby-2.2.7/lib/ruby/2.2.0/timeout.rb:88:in `block in timeout'
	from /home/travis/.rvm/rubies/ruby-2.2.7/lib/ruby/2.2.0/timeout.rb:32:in `block in catch'
	from /home/travis/.rvm/rubies/ruby-2.2.7/lib/ruby/2.2.0/timeout.rb:32:in `catch'
	from /home/travis/.rvm/rubies/ruby-2.2.7/lib/ruby/2.2.0/timeout.rb:32:in `catch'
	from /home/travis/.rvm/rubies/ruby-2.2.7/lib/ruby/2.2.0/timeout.rb:103:in `timeout'
	from /home/travis/.casher/bin/casher:53:in `run'
	from /home/travis/.casher/bin/casher:263:in `<main>'
[32;1mattempting to download cache archive[0m

travis_time:end:010c6db0:start=1608202339228386566,finish=1608202340078942031,duration=850555465[0Ktravis_fold:end:cache.1[0Ktravis_fold:start:cache.pip[0K
travis_time:start:176f4558[0K
travis_time:end:176f4558:start=1608202340091414433,finish=1608202340101512601,duration=10098168[0Ktravis_time:start:26da3de4[0K[32;1madding /home/travis/.cache/pip to cache[0m

travis_time:end:26da3de4:start=1608202340112937554,finish=1608202340957495113,duration=844557559[0Ktravis_fold:end:cache.pip[0K$ python --version
Python 3.5.1
$ pip --version
pip 8.1.2 from /home/travis/virtualenv/python3.5.1/lib/python3.5/site-packages (python 3.5)
travis_fold:start:install.1[0Ktravis_time:start:186074f4[0K$ pip install -U pip==9.0.1 setuptools==38.2.4 wheel==0.30.0
Collecting pip==9.0.1
  Downloading https://files.pythonhosted.org/packages/b6/ac/7015eb97dc749283ffdec1c3a88ddb8ae03b8fad0f0e611408f196358da3/pip-9.0.1-py2.py3-none-any.whl (1.3MB)
Collecting setuptools==38.2.4
  Downloading https://files.pythonhosted.org/packages/bb/e0/ea620f9ecbaaaf3ebb288cdbbe8cc20b6a789c17e42d8916662b218e3349/setuptools-38.2.4-py2.py3-none-any.whl (489kB)
Collecting wheel==0.30.0
  Downloading https://files.pythonhosted.org/packages/0c/80/16a85b47702a1f47a63c104c91abdd0a6704ee8ae3b4ce4afc49bc39f9d9/wheel-0.30.0-py2.py3-none-any.whl (49kB)
Installing collected packages: pip, setuptools, wheel
  Found existing installation: pip 8.1.2
    Uninstalling pip-8.1.2:
      Successfully uninstalled pip-8.1.2
  Found existing installation: setuptools 18.0.1
    Uninstalling setuptools-18.0.1:
      Successfully uninstalled setuptools-18.0.1
  Found existing installation: wheel 0.29.0
    Uninstalling wheel-0.29.0:
      Successfully uninstalled wheel-0.29.0
Successfully installed pip-9.0.1 setuptools-38.2.4 wheel-0.30.0

travis_time:end:186074f4:start=1608202341354741592,finish=1608202345532401180,duration=4177659588[0Ktravis_fold:end:install.1[0Ktravis_fold:start:install.2[0Ktravis_time:start:20cd4110[0K$ pip install -r test-requirements.txt
Ignoring flake8-pyi: markers 'python_version >= "3.6"' don't match your environment
Ignoring typing: markers 'python_version < "3.5"' don't match your environment
Collecting flake8==3.5.0 (from -r test-requirements.txt (line 1))
  Downloading https://files.pythonhosted.org/packages/b9/dc/14e9d94c770b8c4ef584e906c7583e74864786a58d47de101f2767d50c0b/flake8-3.5.0-py2.py3-none-any.whl (69kB)
Collecting flake8-bugbear==17.4.0 (from -r test-requirements.txt (line 2))
  Downloading https://files.pythonhosted.org/packages/63/3a/cea3fea5c3c51ef4540d08e91c6d2261e1ebdd854b0a2356769624c0701b/flake8_bugbear-17.4.0-py35.py36-none-any.whl
Collecting lxml==4.0.0 (from -r test-requirements.txt (line 4))
  Downloading https://files.pythonhosted.org/packages/82/84/5d032b5182bb01493a6821273efd78ddce73cd74c8d9ae674a4183340a67/lxml-4.0.0-cp35-cp35m-manylinux1_x86_64.whl (5.3MB)
Collecting psutil==5.4.0 (from -r test-requirements.txt (line 5))
  Downloading https://files.pythonhosted.org/packages/8d/96/1fc6468be91521192861966c40bd73fdf8b065eae6d82dd0f870b9825a65/psutil-5.4.0.tar.gz (406kB)
Collecting pytest==3.3.0 (from -r test-requirements.txt (line 6))
  Downloading https://files.pythonhosted.org/packages/98/ec/3e5ca93027bcf88451afb5924a566e790e5e393d6de734b03044d0826176/pytest-3.3.0-py2.py3-none-any.whl (184kB)
Collecting pytest-xdist==1.20.1 (from -r test-requirements.txt (line 7))
  Downloading https://files.pythonhosted.org/packages/bc/b3/0edafff9da9057a52e9f84e7e8491a44c02d92ff101b537162a1afc2a666/pytest_xdist-1.20.1-py2.py3-none-any.whl
Collecting pytest-cov==2.5.1 (from -r test-requirements.txt (line 8))
  Downloading https://files.pythonhosted.org/packages/30/7d/7f6a78ae44a1248ee28cc777586c18b28a1df903470e5d34a6e25712b8aa/pytest_cov-2.5.1-py2.py3-none-any.whl
Collecting typed-ast==1.1.0 (from -r test-requirements.txt (line 9))
  Downloading https://files.pythonhosted.org/packages/5b/4e/79e873aa89b8038ca6474c00afe96f9468973b604e7f737cb82697a680c0/typed_ast-1.1.0-cp35-cp35m-manylinux1_x86_64.whl (724kB)
Collecting py==1.5.2 (from -r test-requirements.txt (line 11))
  Downloading https://files.pythonhosted.org/packages/41/70/adacedf6cdc13700d40303f78b241f98c959e2745fdebbe56af74c08344d/py-1.5.2-py2.py3-none-any.whl (88kB)
Collecting pyflakes<1.7.0,>=1.5.0 (from flake8==3.5.0->-r test-requirements.txt (line 1))
  Downloading https://files.pythonhosted.org/packages/d7/40/733bcc64da3161ae4122c11e88269f276358ca29335468005cb0ee538665/pyflakes-1.6.0-py2.py3-none-any.whl (227kB)
Collecting mccabe<0.7.0,>=0.6.0 (from flake8==3.5.0->-r test-requirements.txt (line 1))
  Downloading https://files.pythonhosted.org/packages/87/89/479dc97e18549e21354893e4ee4ef36db1d237534982482c3681ee6e7b57/mccabe-0.6.1-py2.py3-none-any.whl
Collecting pycodestyle<2.4.0,>=2.0.0 (from flake8==3.5.0->-r test-requirements.txt (line 1))
  Downloading https://files.pythonhosted.org/packages/e4/81/78fe51eb4038d1388b7217dd63770b0f428370207125047312886c923b26/pycodestyle-2.3.1-py2.py3-none-any.whl (45kB)
Collecting attrs (from flake8-bugbear==17.4.0->-r test-requirements.txt (line 2))
  Downloading https://files.pythonhosted.org/packages/c3/aa/cb45262569fcc047bf070b5de61813724d6726db83259222cd7b4c79821a/attrs-20.3.0-py2.py3-none-any.whl (49kB)
Requirement already satisfied: six>=1.10.0 in /home/travis/virtualenv/python3.5.1/lib/python3.5/site-packages (from pytest==3.3.0->-r test-requirements.txt (line 6))
Collecting pluggy<0.7,>=0.5 (from pytest==3.3.0->-r test-requirements.txt (line 6))
  Downloading https://files.pythonhosted.org/packages/ba/65/ded3bc40bbf8d887f262f150fbe1ae6637765b5c9534bd55690ed2c0b0f7/pluggy-0.6.0-py3-none-any.whl
Requirement already satisfied: setuptools in /home/travis/virtualenv/python3.5.1/lib/python3.5/site-packages (from pytest==3.3.0->-r test-requirements.txt (line 6))
Collecting pytest-forked (from pytest-xdist==1.20.1->-r test-requirements.txt (line 7))
  Downloading https://files.pythonhosted.org/packages/9d/88/77eeb091b4fa79f28c08718f6e6ebff5827d9d1c1dd9974218ddfbe031ee/pytest_forked-1.3.0-py2.py3-none-any.whl
Collecting execnet>=1.1 (from pytest-xdist==1.20.1->-r test-requirements.txt (line 7))
  Downloading https://files.pythonhosted.org/packages/d3/2e/c63af07fa471e0a02d05793c7a56a9f7d274a8489442a5dc4fb3b2b3c705/execnet-1.7.1-py2.py3-none-any.whl
Collecting coverage>=3.7.1 (from pytest-cov==2.5.1->-r test-requirements.txt (line 8))
  Downloading https://files.pythonhosted.org/packages/35/58/e38636e8233b49982efca6a69c9974f2575439f637dc3b0e8ac0e77c550c/coverage-5.3-cp35-cp35m-manylinux1_x86_64.whl (229kB)
Collecting apipkg>=1.4 (from execnet>=1.1->pytest-xdist==1.20.1->-r test-requirements.txt (line 7))
  Downloading https://files.pythonhosted.org/packages/67/08/4815a09603fc800209431bec5b8bd2acf2f95abdfb558a44a42507fb94da/apipkg-1.5-py2.py3-none-any.whl
Building wheels for collected packages: psutil
  Running setup.py bdist_wheel for psutil: started
  Running setup.py bdist_wheel for psutil: finished with status 'done'
  Stored in directory: /home/travis/.cache/pip/wheels/3c/86/14/ead2e5773a4f4b5239b7afc54d4e223f9ab14608017abe5bfc
Successfully built psutil
Installing collected packages: pyflakes, mccabe, pycodestyle, flake8, attrs, flake8-bugbear, lxml, psutil, py, pluggy, pytest, pytest-forked, apipkg, execnet, pytest-xdist, coverage, pytest-cov, typed-ast
  Found existing installation: py 1.4.31
    Uninstalling py-1.4.31:
      Successfully uninstalled py-1.4.31
  Found existing installation: pytest 3.0.1
    Uninstalling pytest-3.0.1:
      Successfully uninstalled pytest-3.0.1
Successfully installed apipkg-1.5 attrs-20.3.0 coverage-5.3 execnet-1.7.1 flake8-3.5.0 flake8-bugbear-17.4.0 lxml-4.0.0 mccabe-0.6.1 pluggy-0.6.0 psutil-5.4.0 py-1.5.2 pycodestyle-2.3.1 pyflakes-1.6.0 pytest-3.3.0 pytest-cov-2.5.1 pytest-forked-1.3.0 pytest-xdist-1.20.1 typed-ast-1.1.0

travis_time:end:20cd4110:start=1608202345545358110,finish=1608202355658401399,duration=10113043289[0Ktravis_fold:end:install.2[0Ktravis_fold:start:install.3[0Ktravis_time:start:0afb653d[0K$ python2 -m pip install --user typing==3.6.2
Collecting typing==3.6.2
/usr/local/lib/python2.7/dist-packages/pip/_vendor/requests/packages/urllib3/util/ssl_.py:318: SNIMissingWarning: An HTTPS request has been made, but the SNI (Subject Name Indication) extension to TLS is not available on this platform. This may cause the server to present an incorrect TLS certificate, which can cause validation failures. You can upgrade to a newer version of Python to solve this. For more information, see https://urllib3.readthedocs.io/en/latest/security.html#snimissingwarning.
  SNIMissingWarning
/usr/local/lib/python2.7/dist-packages/pip/_vendor/requests/packages/urllib3/util/ssl_.py:122: InsecurePlatformWarning: A true SSLContext object is not available. This prevents urllib3 from configuring SSL appropriately and may cause certain SSL connections to fail. You can upgrade to a newer version of Python to solve this. For more information, see https://urllib3.readthedocs.io/en/latest/security.html#insecureplatformwarning.
  InsecurePlatformWarning
/usr/local/lib/python2.7/dist-packages/pip/_vendor/requests/packages/urllib3/util/ssl_.py:122: InsecurePlatformWarning: A true SSLContext object is not available. This prevents urllib3 from configuring SSL appropriately and may cause certain SSL connections to fail. You can upgrade to a newer version of Python to solve this. For more information, see https://urllib3.readthedocs.io/en/latest/security.html#insecureplatformwarning.
  InsecurePlatformWarning
/usr/local/lib/python2.7/dist-packages/pip/_vendor/requests/packages/urllib3/util/ssl_.py:122: InsecurePlatformWarning: A true SSLContext object is not available. This prevents urllib3 from configuring SSL appropriately and may cause certain SSL connections to fail. You can upgrade to a newer version of Python to solve this. For more information, see https://urllib3.readthedocs.io/en/latest/security.html#insecureplatformwarning.
  InsecurePlatformWarning
  Downloading https://files.pythonhosted.org/packages/1c/15/aeaae0c01afa895ad774cfd408eca17818fd753817d433f55385d8e36364/typing-3.6.2-py2-none-any.whl
Installing collected packages: typing
Successfully installed typing-3.6.2

travis_time:end:0afb653d:start=1608202355672735149,finish=1608202356497709860,duration=824974711[0Ktravis_fold:end:install.3[0Ktravis_fold:start:install.4[0Ktravis_time:start:1d2d4146[0K$ pip install .
Processing /home/travis/build/passed/python/mypy
Requirement already satisfied: typed-ast<1.2.0,>=1.1.0 in /home/travis/virtualenv/python3.5.1/lib/python3.5/site-packages (from mypy===0.560-dev-601ff168d5b6f623510a6fddf3e983f65f7b1cb9-dirty)
Requirement already satisfied: psutil<5.5.0,>=5.4.0 in /home/travis/virtualenv/python3.5.1/lib/python3.5/site-packages (from mypy===0.560-dev-601ff168d5b6f623510a6fddf3e983f65f7b1cb9-dirty)
Installing collected packages: mypy
  Running setup.py install for mypy: started
    Running setup.py install for mypy: finished with status 'done'
Successfully installed mypy-0.560-dev-601ff168d5b6f623510a6fddf3e983f65f7b1cb9-dirty

travis_time:end:1d2d4146:start=1608202356511106191,finish=1608202360710247247,duration=4199141056[0Ktravis_fold:end:install.4[0Ktravis_time:start:310dc7f0[0K$ python runtests.py -j12 -x lint -x package
PARALLEL 12
SUMMARY  130 tasks selected
passed 0, failed 0, pending 129; running 1                                      Traceback (most recent call last):
  File "/opt/python/3.5.1/lib/python3.5/runpy.py", line 170, in _run_module_as_main
    "__main__", mod_spec)
  File "/opt/python/3.5.1/lib/python3.5/runpy.py", line 85, in _run_code
    exec(code, run_globals)
  File "/home/travis/virtualenv/python3.5.1/lib/python3.5/site-packages/pytest.py", line 13, in <module>
    from _pytest.fixtures import fixture, yield_fixture
  File "/home/travis/virtualenv/python3.5.1/lib/python3.5/site-packages/_pytest/fixtures.py", line 839, in <module>
    class FixtureFunctionMarker(object):
  File "/home/travis/virtualenv/python3.5.1/lib/python3.5/site-packages/_pytest/fixtures.py", line 841, in FixtureFunctionMarker
    params = attr.ib(convert=attr.converters.optional(tuple))
TypeError: attrib() got an unexpected keyword argument 'convert'
passed 0, failed 1, pending 129; running 0                                      

FAILURE  #0 pytest


passed 0, failed 1, pending 128; running 1                                      passed 0, failed 1, pending 127; running 2                                      passed 0, failed 1, pending 126; running 3                                      passed 0, failed 1, pending 125; running 4                                      passed 0, failed 1, pending 124; running 5                                      passed 0, failed 1, pending 123; running 6                                      passed 0, failed 1, pending 122; running 7                                      passed 0, failed 1, pending 121; running 8                                      passed 0, failed 1, pending 120; running 9                                      passed 0, failed 1, pending 119; running 10                                     passed 0, failed 1, pending 118; running 11                                     passed 0, failed 1, pending 117; running 12                                     passed 1, failed 1, pending 117; running 11                                     passed 1, failed 1, pending 116; running 12                                     passed 1, failed 2, pending 116; running 11                                     

FAILURE  #5 run myunit unit-test mypy.test.teststubgen

Traceback (most recent call last):
  File "/opt/python/3.5.1/lib/python3.5/runpy.py", line 170, in _run_module_as_main
    "__main__", mod_spec)
  File "/opt/python/3.5.1/lib/python3.5/runpy.py", line 85, in _run_code
    exec(code, run_globals)
  File "/home/travis/build/passed/python/mypy/mypy/myunit/__main__.py", line 9, in <module>
    main()
  File "/home/travis/build/passed/python/mypy/mypy/myunit/__init__.py", line 222, in main
    add_suites_from_module(suites, args[i])
  File "/home/travis/build/passed/python/mypy/mypy/myunit/__init__.py", line 178, in add_suites_from_module
    mod = importlib.import_module(mod_name)
  File "/home/travis/virtualenv/python3.5.1/lib/python3.5/importlib/__init__.py", line 126, in import_module
    return _bootstrap._gcd_import(name[level:], package, level)
  File "<frozen importlib._bootstrap>", line 986, in _gcd_import
  File "<frozen importlib._bootstrap>", line 969, in _find_and_load
  File "<frozen importlib._bootstrap>", line 958, in _find_and_load_unlocked
  File "<frozen importlib._bootstrap>", line 673, in _load_unlocked
  File "<frozen importlib._bootstrap_external>", line 662, in exec_module
  File "<frozen importlib._bootstrap>", line 222, in _call_with_frames_removed
  File "/home/travis/build/passed/python/mypy/mypy/test/teststubgen.py", line 15, in <module>
    from mypy.test.helpers import assert_string_arrays_equal
  File "/home/travis/build/passed/python/mypy/mypy/test/helpers.py", line 10, in <module>
    from mypy.test.data import DataDrivenTestCase
  File "/home/travis/build/passed/python/mypy/mypy/test/data.py", line 10, in <module>
    import pytest  # type: ignore  # no pytest in typeshed
  File "/home/travis/virtualenv/python3.5.1/lib/python3.5/site-packages/pytest.py", line 13, in <module>
    from _pytest.fixtures import fixture, yield_fixture
  File "/home/travis/virtualenv/python3.5.1/lib/python3.5/site-packages/_pytest/fixtures.py", line 839, in <module>
    class FixtureFunctionMarker(object):
  File "/home/travis/virtualenv/python3.5.1/lib/python3.5/site-packages/_pytest/fixtures.py", line 841, in FixtureFunctionMarker
    params = attr.ib(convert=attr.converters.optional(tuple))
TypeError: attrib() got an unexpected keyword argument 'convert'

passed 1, failed 2, pending 115; running 12                                     passed 2, failed 2, pending 115; running 11                                     passed 2, failed 2, pending 114; running 12                                     passed 3, failed 2, pending 114; running 11                                     passed 3, failed 2, pending 113; running 12                                     passed 4, failed 2, pending 113; running 11                                     passed 4, failed 2, pending 112; running 12                                     passed 5, failed 2, pending 112; running 11                                     passed 5, failed 2, pending 111; running 12                                     passed 6, failed 2, pending 111; running 11                                     passed 6, failed 2, pending 110; running 12                                     passed 7, failed 2, pending 110; running 11                                     passed 7, failed 2, pending 109; running 12                                     passed 8, failed 2, pending 109; running 11                                     passed 8, failed 2, pending 108; running 12                                     passed 9, failed 2, pending 108; running 11                                     passed 9, failed 2, pending 107; running 12                                     passed 10, failed 2, pending 107; running 11                                    passed 10, failed 2, pending 106; running 12                                    passed 11, failed 2, pending 106; running 11                                    passed 11, failed 2, pending 105; running 12                                    passed 12, failed 2, pending 105; running 11                                    passed 12, failed 2, pending 104; running 12                                    passed 13, failed 2, pending 104; running 11                                    passed 13, failed 2, pending 103; running 12                                    passed 14, failed 2, pending 103; running 11                                    passed 14, failed 2, pending 102; running 12                                    passed 15, failed 2, pending 102; running 11                                    passed 15, failed 2, pending 101; running 12                                    passed 16, failed 2, pending 101; running 11                                    passed 16, failed 2, pending 100; running 12                                    passed 17, failed 2, pending 100; running 11                                    passed 17, failed 2, pending 99; running 12                                     passed 18, failed 2, pending 99; running 11                                     passed 18, failed 2, pending 98; running 12                                     passed 19, failed 2, pending 98; running 11                                     passed 19, failed 2, pending 97; running 12                                     passed 20, failed 2, pending 97; running 11                                     passed 20, failed 2, pending 96; running 12                                     passed 21, failed 2, pending 96; running 11                                     passed 21, failed 2, pending 95; running 12                                     passed 22, failed 2, pending 95; running 11                                     passed 22, failed 2, pending 94; running 12                                     passed 23, failed 2, pending 94; running 11                                     passed 23, failed 2, pending 93; running 12                                     passed 24, failed 2, pending 93; running 11                                     passed 24, failed 2, pending 92; running 12                                     passed 25, failed 2, pending 92; running 11                                     passed 25, failed 2, pending 91; running 12                                     passed 26, failed 2, pending 91; running 11                                     passed 26, failed 2, pending 90; running 12                                     passed 27, failed 2, pending 90; running 11                                     passed 27, failed 2, pending 89; running 12                                     passed 28, failed 2, pending 89; running 11                                     passed 28, failed 2, pending 88; running 12                                     passed 29, failed 2, pending 88; running 11                                     passed 29, failed 2, pending 87; running 12                                     passed 30, failed 2, pending 87; running 11                                     passed 30, failed 2, pending 86; running 12                                     passed 31, failed 2, pending 86; running 11                                     passed 31, failed 2, pending 85; running 12                                     passed 32, failed 2, pending 85; running 11                                     passed 32, failed 2, pending 84; running 12                                     passed 33, failed 2, pending 84; running 11                                     passed 33, failed 2, pending 83; running 12                                     passed 34, failed 2, pending 83; running 11                                     passed 34, failed 2, pending 82; running 12                                     passed 35, failed 2, pending 82; running 11                                     passed 35, failed 2, pending 81; running 12                                     passed 36, failed 2, pending 81; running 11                                     passed 36, failed 2, pending 80; running 12                                     passed 37, failed 2, pending 80; running 11                                     passed 37, failed 2, pending 79; running 12                                     passed 38, failed 2, pending 79; running 11                                     passed 38, failed 2, pending 78; running 12                                     passed 39, failed 2, pending 78; running 11                                     passed 39, failed 2, pending 77; running 12                                     passed 40, failed 2, pending 77; running 11                                     passed 40, failed 2, pending 76; running 12                                     passed 41, failed 2, pending 76; running 11                                     passed 41, failed 2, pending 75; running 12                                     passed 42, failed 2, pending 75; running 11                                     passed 42, failed 2, pending 74; running 12                                     passed 43, failed 2, pending 74; running 11                                     passed 43, failed 2, pending 73; running 12                                     passed 44, failed 2, pending 73; running 11                                     passed 44, failed 2, pending 72; running 12                                     passed 45, failed 2, pending 72; running 11                                     passed 45, failed 2, pending 71; running 12                                     passed 46, failed 2, pending 71; running 11                                     passed 46, failed 2, pending 70; running 12                                     passed 47, failed 2, pending 70; running 11                                     passed 47, failed 2, pending 69; running 12                                     passed 48, failed 2, pending 69; running 11                                     passed 48, failed 2, pending 68; running 12                                     passed 49, failed 2, pending 68; running 11                                     passed 49, failed 2, pending 67; running 12                                     passed 50, failed 2, pending 67; running 11                                     passed 50, failed 2, pending 66; running 12                                     passed 51, failed 2, pending 66; running 11                                     passed 51, failed 2, pending 65; running 12                                     passed 52, failed 2, pending 65; running 11                                     passed 52, failed 2, pending 64; running 12                                     passed 53, failed 2, pending 64; running 11                                     passed 53, failed 2, pending 63; running 12                                     passed 54, failed 2, pending 63; running 11                                     passed 54, failed 2, pending 62; running 12                                     passed 55, failed 2, pending 62; running 11                                     passed 55, failed 2, pending 61; running 12                                     passed 56, failed 2, pending 61; running 11                                     passed 56, failed 2, pending 60; running 12                                     passed 57, failed 2, pending 60; running 11                                     passed 57, failed 2, pending 59; running 12                                     passed 58, failed 2, pending 59; running 11                                     passed 58, failed 2, pending 58; running 12                                     passed 59, failed 2, pending 58; running 11                                     passed 59, failed 2, pending 57; running 12                                     passed 60, failed 2, pending 57; running 11                                     passed 60, failed 2, pending 56; running 12                                     passed 61, failed 2, pending 56; running 11                                     passed 61, failed 2, pending 55; running 12                                     passed 62, failed 2, pending 55; running 11                                     passed 62, failed 2, pending 54; running 12                                     passed 63, failed 2, pending 54; running 11                                     passed 63, failed 2, pending 53; running 12                                     passed 64, failed 2, pending 53; running 11                                     passed 64, failed 2, pending 52; running 12                                     passed 65, failed 2, pending 52; running 11                                     passed 65, failed 2, pending 51; running 12                                     passed 66, failed 2, pending 51; running 11                                     passed 66, failed 2, pending 50; running 12                                     passed 67, failed 2, pending 50; running 11                                     passed 67, failed 2, pending 49; running 12                                     passed 68, failed 2, pending 49; running 11                                     passed 68, failed 2, pending 48; running 12                                     passed 69, failed 2, pending 48; running 11                                     passed 69, failed 2, pending 47; running 12                                     passed 70, failed 2, pending 47; running 11                                     passed 70, failed 2, pending 46; running 12                                     passed 71, failed 2, pending 46; running 11                                     passed 71, failed 2, pending 45; running 12                                     passed 72, failed 2, pending 45; running 11                                     passed 72, failed 2, pending 44; running 12                                     passed 73, failed 2, pending 44; running 11                                     passed 73, failed 2, pending 43; running 12                                     passed 74, failed 2, pending 43; running 11                                     passed 74, failed 2, pending 42; running 12                                     passed 75, failed 2, pending 42; running 11                                     passed 75, failed 2, pending 41; running 12                                     passed 76, failed 2, pending 41; running 11                                     passed 76, failed 2, pending 40; running 12                                     passed 77, failed 2, pending 40; running 11                                     passed 77, failed 2, pending 39; running 12                                     passed 78, failed 2, pending 39; running 11                                     passed 78, failed 2, pending 38; running 12                                     passed 79, failed 2, pending 38; running 11                                     passed 79, failed 2, pending 37; running 12                                     passed 80, failed 2, pending 37; running 11                                     passed 80, failed 2, pending 36; running 12                                     passed 80, failed 3, pending 36; running 11                                     

FAILURE  #86 run import mypy.test.data

Traceback (most recent call last):
  File "<string>", line 1, in <module>
  File "/home/travis/build/passed/python/mypy/mypy/test/data.py", line 10, in <module>
    import pytest  # type: ignore  # no pytest in typeshed
  File "/home/travis/virtualenv/python3.5.1/lib/python3.5/site-packages/pytest.py", line 13, in <module>
    from _pytest.fixtures import fixture, yield_fixture
  File "/home/travis/virtualenv/python3.5.1/lib/python3.5/site-packages/_pytest/fixtures.py", line 839, in <module>
    class FixtureFunctionMarker(object):
  File "/home/travis/virtualenv/python3.5.1/lib/python3.5/site-packages/_pytest/fixtures.py", line 841, in FixtureFunctionMarker
    params = attr.ib(convert=attr.converters.optional(tuple))
TypeError: attrib() got an unexpected keyword argument 'convert'

passed 80, failed 3, pending 35; running 12                                     passed 80, failed 4, pending 35; running 11                                     

FAILURE  #87 run import mypy.test.helpers

Traceback (most recent call last):
  File "<string>", line 1, in <module>
  File "/home/travis/build/passed/python/mypy/mypy/test/helpers.py", line 10, in <module>
    from mypy.test.data import DataDrivenTestCase
  File "/home/travis/build/passed/python/mypy/mypy/test/data.py", line 10, in <module>
    import pytest  # type: ignore  # no pytest in typeshed
  File "/home/travis/virtualenv/python3.5.1/lib/python3.5/site-packages/pytest.py", line 13, in <module>
    from _pytest.fixtures import fixture, yield_fixture
  File "/home/travis/virtualenv/python3.5.1/lib/python3.5/site-packages/_pytest/fixtures.py", line 839, in <module>
    class FixtureFunctionMarker(object):
  File "/home/travis/virtualenv/python3.5.1/lib/python3.5/site-packages/_pytest/fixtures.py", line 841, in FixtureFunctionMarker
    params = attr.ib(convert=attr.converters.optional(tuple))
TypeError: attrib() got an unexpected keyword argument 'convert'

passed 80, failed 4, pending 34; running 12                                     passed 80, failed 5, pending 34; running 11                                     

FAILURE  #90 run import mypy.test.testcmdline

Traceback (most recent call last):
  File "<string>", line 1, in <module>
  File "/home/travis/build/passed/python/mypy/mypy/test/testcmdline.py", line 16, in <module>
    from mypy.test.data import fix_cobertura_filename
  File "/home/travis/build/passed/python/mypy/mypy/test/data.py", line 10, in <module>
    import pytest  # type: ignore  # no pytest in typeshed
  File "/home/travis/virtualenv/python3.5.1/lib/python3.5/site-packages/pytest.py", line 13, in <module>
    from _pytest.fixtures import fixture, yield_fixture
  File "/home/travis/virtualenv/python3.5.1/lib/python3.5/site-packages/_pytest/fixtures.py", line 839, in <module>
    class FixtureFunctionMarker(object):
  File "/home/travis/virtualenv/python3.5.1/lib/python3.5/site-packages/_pytest/fixtures.py", line 841, in FixtureFunctionMarker
    params = attr.ib(convert=attr.converters.optional(tuple))
TypeError: attrib() got an unexpected keyword argument 'convert'

passed 80, failed 5, pending 33; running 12                                     passed 81, failed 5, pending 33; running 11                                     passed 81, failed 5, pending 32; running 12                                     passed 82, failed 5, pending 32; running 11                                     passed 82, failed 5, pending 31; running 12                                     passed 82, failed 6, pending 31; running 11                                     

FAILURE  #89 run import mypy.test.testcheck

Traceback (most recent call last):
  File "<string>", line 1, in <module>
  File "/home/travis/build/passed/python/mypy/mypy/test/testcheck.py", line 17, in <module>
    from mypy.test.data import parse_test_cases, DataDrivenTestCase, DataSuite
  File "/home/travis/build/passed/python/mypy/mypy/test/data.py", line 10, in <module>
    import pytest  # type: ignore  # no pytest in typeshed
  File "/home/travis/virtualenv/python3.5.1/lib/python3.5/site-packages/pytest.py", line 13, in <module>
    from _pytest.fixtures import fixture, yield_fixture
  File "/home/travis/virtualenv/python3.5.1/lib/python3.5/site-packages/_pytest/fixtures.py", line 839, in <module>
    class FixtureFunctionMarker(object):
  File "/home/travis/virtualenv/python3.5.1/lib/python3.5/site-packages/_pytest/fixtures.py", line 841, in FixtureFunctionMarker
    params = attr.ib(convert=attr.converters.optional(tuple))
TypeError: attrib() got an unexpected keyword argument 'convert'

passed 82, failed 6, pending 30; running 12                                     passed 82, failed 7, pending 30; running 11                                     

FAILURE  #91 run import mypy.test.testdeps

Traceback (most recent call last):
  File "<string>", line 1, in <module>
  File "/home/travis/build/passed/python/mypy/mypy/test/testdeps.py", line 13, in <module>
    from mypy.test.data import parse_test_cases, DataDrivenTestCase, DataSuite
  File "/home/travis/build/passed/python/mypy/mypy/test/data.py", line 10, in <module>
    import pytest  # type: ignore  # no pytest in typeshed
  File "/home/travis/virtualenv/python3.5.1/lib/python3.5/site-packages/pytest.py", line 13, in <module>
    from _pytest.fixtures import fixture, yield_fixture
  File "/home/travis/virtualenv/python3.5.1/lib/python3.5/site-packages/_pytest/fixtures.py", line 839, in <module>
    class FixtureFunctionMarker(object):
  File "/home/travis/virtualenv/python3.5.1/lib/python3.5/site-packages/_pytest/fixtures.py", line 841, in FixtureFunctionMarker
    params = attr.ib(convert=attr.converters.optional(tuple))
TypeError: attrib() got an unexpected keyword argument 'convert'

passed 82, failed 7, pending 29; running 12                                     passed 83, failed 7, pending 29; running 11                                     passed 83, failed 7, pending 28; running 12                                     passed 83, failed 8, pending 28; running 11                                     

FAILURE  #92 run import mypy.test.testdiff

Traceback (most recent call last):
  File "<string>", line 1, in <module>
  File "/home/travis/build/passed/python/mypy/mypy/test/testdiff.py", line 13, in <module>
    from mypy.test.data import parse_test_cases, DataDrivenTestCase, DataSuite
  File "/home/travis/build/passed/python/mypy/mypy/test/data.py", line 10, in <module>
    import pytest  # type: ignore  # no pytest in typeshed
  File "/home/travis/virtualenv/python3.5.1/lib/python3.5/site-packages/pytest.py", line 13, in <module>
    from _pytest.fixtures import fixture, yield_fixture
  File "/home/travis/virtualenv/python3.5.1/lib/python3.5/site-packages/_pytest/fixtures.py", line 839, in <module>
    class FixtureFunctionMarker(object):
  File "/home/travis/virtualenv/python3.5.1/lib/python3.5/site-packages/_pytest/fixtures.py", line 841, in FixtureFunctionMarker
    params = attr.ib(convert=attr.converters.optional(tuple))
TypeError: attrib() got an unexpected keyword argument 'convert'

passed 83, failed 8, pending 27; running 12                                     passed 84, failed 8, pending 27; running 11                                     passed 84, failed 8, pending 26; running 12                                     passed 84, failed 9, pending 26; running 11                                     

FAILURE  #100 run import mypy.test.testparse

Traceback (most recent call last):
  File "<string>", line 1, in <module>
  File "/home/travis/build/passed/python/mypy/mypy/test/testparse.py", line 9, in <module>
    from mypy.test.helpers import assert_string_arrays_equal
  File "/home/travis/build/passed/python/mypy/mypy/test/helpers.py", line 10, in <module>
    from mypy.test.data import DataDrivenTestCase
  File "/home/travis/build/passed/python/mypy/mypy/test/data.py", line 10, in <module>
    import pytest  # type: ignore  # no pytest in typeshed
  File "/home/travis/virtualenv/python3.5.1/lib/python3.5/site-packages/pytest.py", line 13, in <module>
    from _pytest.fixtures import fixture, yield_fixture
  File "/home/travis/virtualenv/python3.5.1/lib/python3.5/site-packages/_pytest/fixtures.py", line 839, in <module>
    class FixtureFunctionMarker(object):
  File "/home/travis/virtualenv/python3.5.1/lib/python3.5/site-packages/_pytest/fixtures.py", line 841, in FixtureFunctionMarker
    params = attr.ib(convert=attr.converters.optional(tuple))
TypeError: attrib() got an unexpected keyword argument 'convert'

passed 84, failed 9, pending 25; running 12                                     passed 84, failed 10, pending 25; running 11                                    

FAILURE  #93 run import mypy.test.testdmypy

Traceback (most recent call last):
  File "<string>", line 1, in <module>
  File "/home/travis/build/passed/python/mypy/mypy/test/testdmypy.py", line 17, in <module>
    from mypy.test.data import parse_test_cases, DataDrivenTestCase, DataSuite
  File "/home/travis/build/passed/python/mypy/mypy/test/data.py", line 10, in <module>
    import pytest  # type: ignore  # no pytest in typeshed
  File "/home/travis/virtualenv/python3.5.1/lib/python3.5/site-packages/pytest.py", line 13, in <module>
    from _pytest.fixtures import fixture, yield_fixture
  File "/home/travis/virtualenv/python3.5.1/lib/python3.5/site-packages/_pytest/fixtures.py", line 839, in <module>
    class FixtureFunctionMarker(object):
  File "/home/travis/virtualenv/python3.5.1/lib/python3.5/site-packages/_pytest/fixtures.py", line 841, in FixtureFunctionMarker
    params = attr.ib(convert=attr.converters.optional(tuple))
TypeError: attrib() got an unexpected keyword argument 'convert'

passed 84, failed 10, pending 24; running 12                                    passed 85, failed 10, pending 24; running 11                                    passed 85, failed 10, pending 23; running 12                                    passed 85, failed 11, pending 23; running 11                                    

FAILURE  #101 run import mypy.test.testpythoneval

Traceback (most recent call last):
  File "<string>", line 1, in <module>
  File "/home/travis/build/passed/python/mypy/mypy/test/testpythoneval.py", line 19, in <module>
    import pytest  # type: ignore  # no pytest in typeshed
  File "/home/travis/virtualenv/python3.5.1/lib/python3.5/site-packages/pytest.py", line 13, in <module>
    from _pytest.fixtures import fixture, yield_fixture
  File "/home/travis/virtualenv/python3.5.1/lib/python3.5/site-packages/_pytest/fixtures.py", line 839, in <module>
    class FixtureFunctionMarker(object):
  File "/home/travis/virtualenv/python3.5.1/lib/python3.5/site-packages/_pytest/fixtures.py", line 841, in FixtureFunctionMarker
    params = attr.ib(convert=attr.converters.optional(tuple))
TypeError: attrib() got an unexpected keyword argument 'convert'

passed 85, failed 11, pending 22; running 12                                    passed 85, failed 12, pending 22; running 11                                    

FAILURE  #95 run import mypy.test.testfinegrained

Traceback (most recent call last):
  File "<string>", line 1, in <module>
  File "/home/travis/build/passed/python/mypy/mypy/test/testfinegrained.py", line 25, in <module>
    from mypy.test.data import parse_test_cases, DataDrivenTestCase, DataSuite, UpdateFile
  File "/home/travis/build/passed/python/mypy/mypy/test/data.py", line 10, in <module>
    import pytest  # type: ignore  # no pytest in typeshed
  File "/home/travis/virtualenv/python3.5.1/lib/python3.5/site-packages/pytest.py", line 13, in <module>
    from _pytest.fixtures import fixture, yield_fixture
  File "/home/travis/virtualenv/python3.5.1/lib/python3.5/site-packages/_pytest/fixtures.py", line 839, in <module>
    class FixtureFunctionMarker(object):
  File "/home/travis/virtualenv/python3.5.1/lib/python3.5/site-packages/_pytest/fixtures.py", line 841, in FixtureFunctionMarker
    params = attr.ib(convert=attr.converters.optional(tuple))
TypeError: attrib() got an unexpected keyword argument 'convert'

passed 85, failed 12, pending 21; running 12                                    passed 85, failed 13, pending 21; running 11                                    

FAILURE  #105 run import mypy.test.teststubgen

Traceback (most recent call last):
  File "<string>", line 1, in <module>
  File "/home/travis/build/passed/python/mypy/mypy/test/teststubgen.py", line 15, in <module>
    from mypy.test.helpers import assert_string_arrays_equal
  File "/home/travis/build/passed/python/mypy/mypy/test/helpers.py", line 10, in <module>
    from mypy.test.data import DataDrivenTestCase
  File "/home/travis/build/passed/python/mypy/mypy/test/data.py", line 10, in <module>
    import pytest  # type: ignore  # no pytest in typeshed
  File "/home/travis/virtualenv/python3.5.1/lib/python3.5/site-packages/pytest.py", line 13, in <module>
    from _pytest.fixtures import fixture, yield_fixture
  File "/home/travis/virtualenv/python3.5.1/lib/python3.5/site-packages/_pytest/fixtures.py", line 839, in <module>
    class FixtureFunctionMarker(object):
  File "/home/travis/virtualenv/python3.5.1/lib/python3.5/site-packages/_pytest/fixtures.py", line 841, in FixtureFunctionMarker
    params = attr.ib(convert=attr.converters.optional(tuple))
TypeError: attrib() got an unexpected keyword argument 'convert'

passed 85, failed 13, pending 20; running 12                                    passed 86, failed 13, pending 20; running 11                                    passed 86, failed 13, pending 19; running 12                                    passed 87, failed 13, pending 19; running 11                                    passed 87, failed 13, pending 18; running 12                                    passed 87, failed 14, pending 18; running 11                                    

FAILURE  #98 run import mypy.test.testmerge

Traceback (most recent call last):
  File "<string>", line 1, in <module>
  File "/home/travis/build/passed/python/mypy/mypy/test/testmerge.py", line 19, in <module>
    from mypy.test.data import parse_test_cases, DataDrivenTestCase, DataSuite
  File "/home/travis/build/passed/python/mypy/mypy/test/data.py", line 10, in <module>
    import pytest  # type: ignore  # no pytest in typeshed
  File "/home/travis/virtualenv/python3.5.1/lib/python3.5/site-packages/pytest.py", line 13, in <module>
    from _pytest.fixtures import fixture, yield_fixture
  File "/home/travis/virtualenv/python3.5.1/lib/python3.5/site-packages/_pytest/fixtures.py", line 839, in <module>
    class FixtureFunctionMarker(object):
  File "/home/travis/virtualenv/python3.5.1/lib/python3.5/site-packages/_pytest/fixtures.py", line 841, in FixtureFunctionMarker
    params = attr.ib(convert=attr.converters.optional(tuple))
TypeError: attrib() got an unexpected keyword argument 'convert'

passed 87, failed 14, pending 17; running 12                                    passed 88, failed 14, pending 17; running 11                                    passed 88, failed 14, pending 16; running 12                                    passed 89, failed 14, pending 16; running 11                                    passed 89, failed 14, pending 15; running 12                                    passed 90, failed 14, pending 15; running 11                                    passed 90, failed 14, pending 14; running 12                                    passed 91, failed 14, pending 14; running 11                                    passed 91, failed 14, pending 13; running 12                                    passed 92, failed 14, pending 13; running 11                                    passed 92, failed 14, pending 12; running 12                                    passed 93, failed 14, pending 12; running 11                                    passed 93, failed 14, pending 11; running 12                                    passed 93, failed 15, pending 11; running 11                                    

FAILURE  #103 run import mypy.test.testsemanal

Traceback (most recent call last):
  File "<string>", line 1, in <module>
  File "/home/travis/build/passed/python/mypy/mypy/test/testsemanal.py", line 9, in <module>
    from mypy.test.helpers import (
  File "/home/travis/build/passed/python/mypy/mypy/test/helpers.py", line 10, in <module>
    from mypy.test.data import DataDrivenTestCase
  File "/home/travis/build/passed/python/mypy/mypy/test/data.py", line 10, in <module>
    import pytest  # type: ignore  # no pytest in typeshed
  File "/home/travis/virtualenv/python3.5.1/lib/python3.5/site-packages/pytest.py", line 13, in <module>
    from _pytest.fixtures import fixture, yield_fixture
  File "/home/travis/virtualenv/python3.5.1/lib/python3.5/site-packages/_pytest/fixtures.py", line 839, in <module>
    class FixtureFunctionMarker(object):
  File "/home/travis/virtualenv/python3.5.1/lib/python3.5/site-packages/_pytest/fixtures.py", line 841, in FixtureFunctionMarker
    params = attr.ib(convert=attr.converters.optional(tuple))
TypeError: attrib() got an unexpected keyword argument 'convert'

passed 93, failed 15, pending 10; running 12                                    passed 93, failed 16, pending 10; running 11                                    

FAILURE  #107 run import mypy.test.testtransform

Traceback (most recent call last):
  File "<string>", line 1, in <module>
  File "/home/travis/build/passed/python/mypy/mypy/test/testtransform.py", line 9, in <module>
    from mypy.test.helpers import (
  File "/home/travis/build/passed/python/mypy/mypy/test/helpers.py", line 10, in <module>
    from mypy.test.data import DataDrivenTestCase
  File "/home/travis/build/passed/python/mypy/mypy/test/data.py", line 10, in <module>
    import pytest  # type: ignore  # no pytest in typeshed
  File "/home/travis/virtualenv/python3.5.1/lib/python3.5/site-packages/pytest.py", line 13, in <module>
    from _pytest.fixtures import fixture, yield_fixture
  File "/home/travis/virtualenv/python3.5.1/lib/python3.5/site-packages/_pytest/fixtures.py", line 839, in <module>
    class FixtureFunctionMarker(object):
  File "/home/travis/virtualenv/python3.5.1/lib/python3.5/site-packages/_pytest/fixtures.py", line 841, in FixtureFunctionMarker
    params = attr.ib(convert=attr.converters.optional(tuple))
TypeError: attrib() got an unexpected keyword argument 'convert'

passed 93, failed 16, pending 9; running 12                                     passed 93, failed 17, pending 9; running 11                                     

FAILURE  #108 run import mypy.test.testtypegen

Traceback (most recent call last):
  File "<string>", line 1, in <module>
  File "/home/travis/build/passed/python/mypy/mypy/test/testtypegen.py", line 11, in <module>
    from mypy.test.data import parse_test_cases, DataDrivenTestCase, DataSuite
  File "/home/travis/build/passed/python/mypy/mypy/test/data.py", line 10, in <module>
    import pytest  # type: ignore  # no pytest in typeshed
  File "/home/travis/virtualenv/python3.5.1/lib/python3.5/site-packages/pytest.py", line 13, in <module>
    from _pytest.fixtures import fixture, yield_fixture
  File "/home/travis/virtualenv/python3.5.1/lib/python3.5/site-packages/_pytest/fixtures.py", line 839, in <module>
    class FixtureFunctionMarker(object):
  File "/home/travis/virtualenv/python3.5.1/lib/python3.5/site-packages/_pytest/fixtures.py", line 841, in FixtureFunctionMarker
    params = attr.ib(convert=attr.converters.optional(tuple))
TypeError: attrib() got an unexpected keyword argument 'convert'

passed 93, failed 17, pending 8; running 12                                     passed 94, failed 17, pending 8; running 11                                     passed 94, failed 17, pending 7; running 12                                     passed 95, failed 17, pending 7; running 11                                     passed 95, failed 17, pending 6; running 12                                     passed 96, failed 17, pending 6; running 11                                     passed 96, failed 17, pending 5; running 12                                     passed 97, failed 17, pending 5; running 11                                     passed 97, failed 17, pending 4; running 12                                     passed 98, failed 17, pending 4; running 11                                     passed 98, failed 17, pending 3; running 12                                     passed 99, failed 17, pending 3; running 11                                     passed 99, failed 17, pending 2; running 12                                     passed 100, failed 17, pending 2; running 11                                    passed 100, failed 17, pending 1; running 12                                    passed 101, failed 17, pending 1; running 11                                    passed 101, failed 17, pending 0; running 12                                    passed 102, failed 17, pending 0; running 11                                    passed 103, failed 17, pending 0; running 10                                    passed 104, failed 17, pending 0; running 9                                     passed 105, failed 17, pending 0; running 8                                     passed 106, failed 17, pending 0; running 7                                     passed 107, failed 17, pending 0; running 6                                     passed 108, failed 17, pending 0; running 5                                     passed 109, failed 17, pending 0; running 4                                     passed 110, failed 17, pending 0; running 3                                     passed 111, failed 17, pending 0; running 2                                     passed 112, failed 17, pending 0; running 1                                     passed 113, failed 17, pending 0; running 0                                                                                                                     SUMMARY  17/130 tasks and 17/259 tests failed
 FAILURE pytest
 FAILURE run myunit unit-test mypy.test.teststubgen
 FAILURE run import mypy.test.data
 FAILURE run import mypy.test.helpers
 FAILURE run import mypy.test.testcmdline
 FAILURE run import mypy.test.testcheck
 FAILURE run import mypy.test.testdeps
 FAILURE run import mypy.test.testdiff
 FAILURE run import mypy.test.testparse
 FAILURE run import mypy.test.testdmypy
 FAILURE run import mypy.test.testpythoneval
 FAILURE run import mypy.test.testfinegrained
 FAILURE run import mypy.test.teststubgen
 FAILURE run import mypy.test.testmerge
 FAILURE run import mypy.test.testsemanal
 FAILURE run import mypy.test.testtransform
 FAILURE run import mypy.test.testtypegen
SUMMARY  17/130 tasks and 17/259 tests failed
*** FAILURE ***
total runtime: 22.281357580795884 sec

travis_time:end:310dc7f0:start=1608202360723308808,finish=1608202383171977469,duration=22448668661[0K
[31;1mThe command "python runtests.py -j12 -x lint -x package" exited with 1.[0m
travis_time:start:26a9e3a0[0K$ if [[ $TRAVIS_PYTHON_VERSION == '3.6' ]]; then flake8; fi

travis_time:end:26a9e3a0:start=1608202383184986572,finish=1608202383195113930,duration=10127358[0K
[32;1mThe command "if [[ $TRAVIS_PYTHON_VERSION == '3.6' ]]; then flake8; fi" exited with 0.[0m
travis_time:start:014f74a4[0K$ if [[ $TRAVIS_PYTHON_VERSION == '3.5.1' ]]; then python runtests.py package; fi
PARALLEL 40
SUMMARY  1 tasks selected
passed 0, failed 0, pending 0; running 1                                        passed 1, failed 0, pending 0; running 0                                                                                                                        SUMMARY  all 1 tasks and 1 tests passed
*** OK ***
total runtime: 27.76220857165754 sec

travis_time:end:014f74a4:start=1608202383208519337,finish=1608202411125916761,duration=27917397424[0K
[32;1mThe command "if [[ $TRAVIS_PYTHON_VERSION == '3.5.1' ]]; then python runtests.py package; fi" exited with 0.[0m
travis_fold:start:cache.2[0Kstore build cache
travis_time:start:0864b90c[0K
travis_time:end:0864b90c:start=1608202411141325711,finish=1608202411153536948,duration=12211237[0Ktravis_time:start:248530ff[0K[32;1mchanges detected, packing new archive[0m
/home/travis/.casher/bin/casher:213:in `cache_archive_name': undefined method `[]' for nil:NilClass (NoMethodError)
	from /home/travis/.casher/bin/casher:143:in `push'
	from /home/travis/.casher/bin/casher:53:in `block in run'
	from /home/travis/.rvm/rubies/ruby-2.2.7/lib/ruby/2.2.0/timeout.rb:88:in `block in timeout'
	from /home/travis/.rvm/rubies/ruby-2.2.7/lib/ruby/2.2.0/timeout.rb:32:in `block in catch'
	from /home/travis/.rvm/rubies/ruby-2.2.7/lib/ruby/2.2.0/timeout.rb:32:in `catch'
	from /home/travis/.rvm/rubies/ruby-2.2.7/lib/ruby/2.2.0/timeout.rb:32:in `catch'
	from /home/travis/.rvm/rubies/ruby-2.2.7/lib/ruby/2.2.0/timeout.rb:103:in `timeout'
	from /home/travis/.casher/bin/casher:53:in `run'
	from /home/travis/.casher/bin/casher:263:in `<main>'

travis_time:end:248530ff:start=1608202411168054821,finish=1608202414121960714,duration=2953905893[0Ktravis_fold:end:cache.2[0K
Done. Your build exited with 1.
