travis_fold:start:system_info[0K[33;1mBuild system information[0m
Build language: python
Build group: stable
Build dist: trusty
Build id: ''
Job id: ''
[34m[1mBuild image provisioning date and time[0m
Tue Dec  5 20:11:19 UTC 2017
[34m[1mOperating System Details[0m
Distributor ID:	Ubuntu
Description:	Ubuntu 14.04.5 LTS
Release:	14.04
Codename:	trusty
[34m[1mCookbooks Version[0m
7c2c6a6 https://github.com/travis-ci/travis-cookbooks/tree/7c2c6a6
[34m[1mgit version[0m
git version 2.15.1
[34m[1mbash version[0m
GNU bash, version 4.3.11(1)-release (x86_64-pc-linux-gnu)
[34m[1mgcc version[0m
gcc (Ubuntu 4.8.4-2ubuntu1~14.04.3) 4.8.4
Copyright (C) 2013 Free Software Foundation, Inc.
This is free software; see the source for copying conditions.  There is NO
warranty; not even for MERCHANTABILITY or FITNESS FOR A PARTICULAR PURPOSE.

[34m[1mdocker version[0m
Client:
 Version:      17.09.0-ce
 API version:  1.32
 Go version:   go1.8.3
 Git commit:   afdb6d4
 Built:        Tue Sep 26 22:39:28 2017
 OS/Arch:      linux/amd64
[34m[1mclang version[0m
clang version 5.0.0 (tags/RELEASE_500/final)
Target: x86_64-unknown-linux-gnu
Thread model: posix
InstalledDir: /usr/local/clang-5.0.0/bin
[34m[1mjq version[0m
jq-1.5
[34m[1mbats version[0m
Bats 0.4.0
[34m[1mshellcheck version[0m
0.4.6
[34m[1mshfmt version[0m
v2.0.0
[34m[1mccache version[0m
ccache version 3.1.9

Copyright (C) 2002-2007 Andrew Tridgell
Copyright (C) 2009-2011 Joel Rosdahl

This program is free software; you can redistribute it and/or modify it under
the terms of the GNU General Public License as published by the Free Software
Foundation; either version 3 of the License, or (at your option) any later
version.
[34m[1mcmake version[0m
cmake version 3.9.2

CMake suite maintained and supported by Kitware (kitware.com/cmake).
[34m[1mheroku version[0m
heroku-cli/6.14.39-addc925 (linux-x64) node-v9.2.0
[34m[1mimagemagick version[0m
Version: ImageMagick 6.7.7-10 2017-07-31 Q16 http://www.imagemagick.org
[34m[1mmd5deep version[0m
4.2
[34m[1mmercurial version[0m
Mercurial Distributed SCM (version 4.2.2)
(see https://mercurial-scm.org for more information)

Copyright (C) 2005-2017 Matt Mackall and others
This is free software; see the source for copying conditions. There is NO
warranty; not even for MERCHANTABILITY or FITNESS FOR A PARTICULAR PURPOSE.
[34m[1mmysql version[0m
mysql  Ver 14.14 Distrib 5.6.33, for debian-linux-gnu (x86_64) using  EditLine wrapper
[34m[1mopenssl version[0m
OpenSSL 1.0.1f 6 Jan 2014
[34m[1mpacker version[0m
Packer v1.0.2

Your version of Packer is out of date! The latest version
is 1.1.2. You can update by downloading from www.packer.io
[34m[1mpostgresql client version[0m
psql (PostgreSQL) 9.6.6
[34m[1mragel version[0m
Ragel State Machine Compiler version 6.8 Feb 2013
Copyright (c) 2001-2009 by Adrian Thurston
[34m[1msubversion version[0m
svn, version 1.8.8 (r1568071)
   compiled Aug 10 2017, 17:20:39 on x86_64-pc-linux-gnu

Copyright (C) 2013 The Apache Software Foundation.
This software consists of contributions made by many people;
see the NOTICE file for more information.
Subversion is open source software, see http://subversion.apache.org/

The following repository access (RA) modules are available:

* ra_svn : Module for accessing a repository using the svn network protocol.
  - with Cyrus SASL authentication
  - handles 'svn' scheme
* ra_local : Module for accessing a repository on local disk.
  - handles 'file' scheme
* ra_serf : Module for accessing a repository via WebDAV protocol using serf.
  - using serf 1.3.3
  - handles 'http' scheme
  - handles 'https' scheme

[34m[1msudo version[0m
Sudo version 1.8.9p5
Configure options: --prefix=/usr -v --with-all-insults --with-pam --with-fqdn --with-logging=syslog --with-logfac=authpriv --with-env-editor --with-editor=/usr/bin/editor --with-timeout=15 --with-password-timeout=0 --with-passprompt=[sudo] password for %p:  --without-lecture --with-tty-tickets --disable-root-mailer --enable-admin-flag --with-sendmail=/usr/sbin/sendmail --with-timedir=/var/lib/sudo --mandir=/usr/share/man --libexecdir=/usr/lib/sudo --with-sssd --with-sssd-lib=/usr/lib/x86_64-linux-gnu --with-selinux
Sudoers policy plugin version 1.8.9p5
Sudoers file grammar version 43

Sudoers path: /etc/sudoers
Authentication methods: 'pam'
Syslog facility if syslog is being used for logging: authpriv
Syslog priority to use when user authenticates successfully: notice
Syslog priority to use when user authenticates unsuccessfully: alert
Send mail if the user is not in sudoers
Use a separate timestamp for each user/tty combo
Lecture user the first time they run sudo
Root may run sudo
Allow some information gathering to give useful error messages
Require fully-qualified hostnames in the sudoers file
Visudo will honor the EDITOR environment variable
Set the LOGNAME and USER environment variables
Length at which to wrap log file lines (0 for no wrap): 80
Authentication timestamp timeout: 15.0 minutes
Password prompt timeout: 0.0 minutes
Number of tries to enter a password: 3
Umask to use or 0777 to use user's: 022
Path to mail program: /usr/sbin/sendmail
Flags for mail program: -t
Address to send mail to: root
Subject line for mail messages: *** SECURITY information for %h ***
Incorrect password message: Sorry, try again.
Path to authentication timestamp dir: /var/lib/sudo
Default password prompt: [sudo] password for %p: 
Default user to run commands as: root
Value to override user's $PATH with: /usr/local/sbin:/usr/local/bin:/usr/sbin:/usr/bin:/sbin:/bin:/snap/bin
Path to the editor for use by visudo: /usr/bin/editor
When to require a password for 'list' pseudocommand: any
When to require a password for 'verify' pseudocommand: all
File descriptors >= 3 will be closed before executing a command
Environment variables to check for sanity:
	TZ
	TERM
	LINGUAS
	LC_*
	LANGUAGE
	LANG
	COLORTERM
Environment variables to remove:
	RUBYOPT
	RUBYLIB
	PYTHONUSERBASE
	PYTHONINSPECT
	PYTHONPATH
	PYTHONHOME
	TMPPREFIX
	ZDOTDIR
	READNULLCMD
	NULLCMD
	FPATH
	PERL5DB
	PERL5OPT
	PERL5LIB
	PERLLIB
	PERLIO_DEBUG 
	JAVA_TOOL_OPTIONS
	SHELLOPTS
	GLOBIGNORE
	PS4
	BASH_ENV
	ENV
	TERMCAP
	TERMPATH
	TERMINFO_DIRS
	TERMINFO
	_RLD*
	LD_*
	PATH_LOCALE
	NLSPATH
	HOSTALIASES
	RES_OPTIONS
	LOCALDOMAIN
	CDPATH
	IFS
Environment variables to preserve:
	JAVA_HOME
	TRAVIS
	CI
	DEBIAN_FRONTEND
	XAUTHORIZATION
	XAUTHORITY
	PS2
	PS1
	PATH
	LS_COLORS
	KRB5CCNAME
	HOSTNAME
	HOME
	DISPLAY
	COLORS
Locale to use while parsing sudoers: C
Directory in which to store input/output logs: /var/log/sudo-io
File in which to store the input/output log: %{seq}
Add an entry to the utmp/utmpx file when allocating a pty
PAM service name to use
PAM service name to use for login shells
Create a new PAM session for the command to run in
Maximum I/O log sequence number: 0

Local IP address and netmask pairs:
	172.17.0.2/255.255.0.0

Sudoers I/O plugin version 1.8.9p5
[34m[1mgzip version[0m
gzip 1.6
Copyright (C) 2007, 2010, 2011 Free Software Foundation, Inc.
Copyright (C) 1993 Jean-loup Gailly.
This is free software.  You may redistribute copies of it under the terms of
the GNU General Public License <http://www.gnu.org/licenses/gpl.html>.
There is NO WARRANTY, to the extent permitted by law.

Written by Jean-loup Gailly.
[34m[1mzip version[0m
Copyright (c) 1990-2008 Info-ZIP - Type 'zip "-L"' for software license.
This is Zip 3.0 (July 5th 2008), by Info-ZIP.
Currently maintained by E. Gordon.  Please send bug reports to
the authors using the web page at www.info-zip.org; see README for details.

Latest sources and executables are at ftp://ftp.info-zip.org/pub/infozip,
as of above date; see http://www.info-zip.org/ for other sites.

Compiled with gcc 4.8.2 for Unix (Linux ELF) on Oct 21 2013.

Zip special compilation options:
	USE_EF_UT_TIME       (store Universal Time)
	BZIP2_SUPPORT        (bzip2 library version 1.0.6, 6-Sept-2010)
	    bzip2 code and library copyright (c) Julian R Seward
	    (See the bzip2 license for terms of use)
	SYMLINK_SUPPORT      (symbolic links supported)
	LARGE_FILE_SUPPORT   (can read and write large files on file system)
	ZIP64_SUPPORT        (use Zip64 to store large files in archives)
	UNICODE_SUPPORT      (store and read UTF-8 Unicode paths)
	STORE_UNIX_UIDs_GIDs (store UID/GID sizes/values using new extra field)
	UIDGID_NOT_16BIT     (old Unix 16-bit UID/GID extra field not used)
	[encryption, version 2.91 of 05 Jan 2007] (modified for Zip 3)

Encryption notice:
	The encryption code of this program is not copyrighted and is
	put in the public domain.  It was originally written in Europe
	and, to the best of our knowledge, can be freely distributed
	in both source and object forms from any country, including
	the USA under License Exception TSU of the U.S. Export
	Administration Regulations (section 740.13(e)) of 6 June 2002.

Zip environment options:
             ZIP:  [none]
          ZIPOPT:  [none]
[34m[1mvim version[0m
VIM - Vi IMproved 7.4 (2013 Aug 10, compiled Nov 24 2016 16:43:18)
Included patches: 1-52
Extra patches: 8.0.0056
Modified by pkg-vim-maintainers@lists.alioth.debian.org
Compiled by buildd@
Huge version without GUI.  Features included (+) or not (-):
+acl             +farsi           +mouse_netterm   +syntax
+arabic          +file_in_path    +mouse_sgr       +tag_binary
+autocmd         +find_in_path    -mouse_sysmouse  +tag_old_static
-balloon_eval    +float           +mouse_urxvt     -tag_any_white
-browse          +folding         +mouse_xterm     -tcl
++builtin_terms  -footer          +multi_byte      +terminfo
+byte_offset     +fork()          +multi_lang      +termresponse
+cindent         +gettext         -mzscheme        +textobjects
-clientserver    -hangul_input    +netbeans_intg   +title
-clipboard       +iconv           +path_extra      -toolbar
+cmdline_compl   +insert_expand   -perl            +user_commands
+cmdline_hist    +jumplist        +persistent_undo +vertsplit
+cmdline_info    +keymap          +postscript      +virtualedit
+comments        +langmap         +printer         +visual
+conceal         +libcall         +profile         +visualextra
+cryptv          +linebreak       +python          +viminfo
+cscope          +lispindent      -python3         +vreplace
+cursorbind      +listcmds        +quickfix        +wildignore
+cursorshape     +localmap        +reltime         +wildmenu
+dialog_con      -lua             +rightleft       +windows
+diff            +menu            -ruby            +writebackup
+digraphs        +mksession       +scrollbind      -X11
-dnd             +modify_fname    +signs           -xfontset
-ebcdic          +mouse           +smartindent     -xim
+emacs_tags      -mouseshape      -sniff           -xsmp
+eval            +mouse_dec       +startuptime     -xterm_clipboard
+ex_extra        +mouse_gpm       +statusline      -xterm_save
+extra_search    -mouse_jsbterm   -sun_workshop    -xpm
   system vimrc file: "$VIM/vimrc"
     user vimrc file: "$HOME/.vimrc"
 2nd user vimrc file: "~/.vim/vimrc"
      user exrc file: "$HOME/.exrc"
  fall-back for $VIM: "/usr/share/vim"
Compilation: gcc -c -I. -Iproto -DHAVE_CONFIG_H     -g -O2 -fstack-protector --param=ssp-buffer-size=4 -Wformat -Werror=format-security -U_FORTIFY_SOURCE -D_FORTIFY_SOURCE=1      
Linking: gcc   -Wl,-Bsymbolic-functions -Wl,-z,relro -Wl,--as-needed -o vim        -lm -ltinfo -lnsl  -lselinux  -lacl -lattr -lgpm -ldl    -L/usr/lib/python2.7/config-x86_64-linux-gnu -lpython2.7 -lpthread -ldl -lutil -lm -Xlinker -export-dynamic -Wl,-O1 -Wl,-Bsymbolic-functions      
[34m[1miptables version[0m
iptables v1.4.21
[34m[1mcurl version[0m
curl 7.35.0 (x86_64-pc-linux-gnu) libcurl/7.35.0 OpenSSL/1.0.1f zlib/1.2.8 libidn/1.28 librtmp/2.3
[34m[1mwget version[0m
GNU Wget 1.15 built on linux-gnu.
[34m[1mrsync version[0m
rsync  version 3.1.0  protocol version 31
[34m[1mgimme version[0m
v1.2.0
[34m[1mnvm version[0m
0.33.6
[34m[1mperlbrew version[0m
/home/travis/perl5/perlbrew/bin/perlbrew  - App::perlbrew/0.80
[34m[1mphpenv version[0m
rbenv 1.1.1-25-g6aa70b6
[34m[1mrvm version[0m
rvm 1.29.3 (latest) by Michal Papis, Piotr Kuczynski, Wayne E. Seguin [https://rvm.io]
[34m[1mdefault ruby version[0m
ruby 2.4.1p111 (2017-03-22 revision 58053) [x86_64-linux]
[34m[1mCouchDB version[0m
couchdb 1.6.1
[34m[1mElasticSearch version[0m
5.5.0
[34m[1mInstalled Firefox version[0m
firefox 56.0.2
[34m[1mMongoDB version[0m
MongoDB 3.4.10
[34m[1mPhantomJS version[0m
2.1.1
[34m[1mPre-installed PostgreSQL versions[0m
9.2.24
9.3.20
9.4.15
9.5.10
9.6.6
[34m[1mRabbitMQ Version[0m
3.6.14
[34m[1mRedis version[0m
redis-server 4.0.6
[34m[1mriak version[0m
2.2.3
[34m[1mPre-installed Go versions[0m
1.7.4
[34m[1mant version[0m
Apache Ant(TM) version 1.9.3 compiled on April 8 2014
[34m[1mmvn version[0m
Apache Maven 3.5.2 (138edd61fd100ec658bfa2d307c43b76940a5d7d; 2017-10-18T07:58:13Z)
Maven home: /usr/local/maven-3.5.2
Java version: 1.8.0_151, vendor: Oracle Corporation
Java home: /usr/lib/jvm/java-8-oracle/jre
Default locale: en_US, platform encoding: UTF-8
OS name: "linux", version: "4.4.0-101-generic", arch: "amd64", family: "unix"
[34m[1mgradle version[0m

------------------------------------------------------------
Gradle 4.0.1
------------------------------------------------------------

Build time:   2017-07-07 14:02:41 UTC
Revision:     38e5dc0f772daecca1d2681885d3d85414eb6826

Groovy:       2.4.11
Ant:          Apache Ant(TM) version 1.9.6 compiled on June 29 2015
JVM:          1.8.0_151 (Oracle Corporation 25.151-b12)
OS:           Linux 4.4.0-101-generic amd64

[34m[1mlein version[0m
Leiningen 2.8.1 on Java 1.8.0_151 Java HotSpot(TM) 64-Bit Server VM
[34m[1mPre-installed Node.js versions[0m
v4.8.6
v6.12.0
v6.12.1
v8.9
v8.9.1
[34m[1mphpenv versions[0m
  system
  5.6
* 5.6.32 (set by /home/travis/.phpenv/version)
  7.0
  7.0.25
  7.1
  7.1.11
  hhvm
  hhvm-stable
[34m[1mcomposer --version[0m
Composer version 1.5.2 2017-09-11 16:59:25
[34m[1mPre-installed Ruby versions[0m
ruby-2.2.7
ruby-2.3.4
ruby-2.4.1
travis_fold:end:system_info[0K
grep: /etc/apt/sources.list.d/*: No such file or directory
sed: cannot rename /etc/hosts: Device or resource busy
sed: cannot rename /etc/hosts: Device or resource busy
[33;1m3.5 is not installed; attempting download[0m
[33;1mDownloading archive: https://s3.amazonaws.com/travis-python-archives/binaries/ubuntu/14.04/x86_64/python-3.5.tar.bz2[0m
$ sudo tar xjf python-3.5.tar.bz2 --directory /
sed: can't read /etc/profile.d/pyenv.sh: No such file or directory
$ cd passed/asciimoo/searx
travis_fold:start:install_firefox[0K$ export FIREFOX_SOURCE_URL='https://download.mozilla.org/?product=firefox-latest&lang=en-US&os=linux64'
[33;1mInstalling Firefox latest[0m
travis_time:start:14494ce2[0K$ wget -O /tmp/firefox-latest.tar.bz2 $FIREFOX_SOURCE_URL
--2021-03-13 02:59:51--  https://download.mozilla.org/?product=firefox-latest&lang=en-US&os=linux64
Resolving download.mozilla.org (download.mozilla.org)... 44.231.203.24, 34.215.18.113, 52.37.215.30
Connecting to download.mozilla.org (download.mozilla.org)|44.231.203.24|:443... connected.
HTTP request sent, awaiting response... 302 Found
Location: https://download-installer.cdn.mozilla.net/pub/firefox/releases/86.0.1/linux-x86_64/en-US/firefox-86.0.1.tar.bz2 [following]
--2021-03-13 02:59:51--  https://download-installer.cdn.mozilla.net/pub/firefox/releases/86.0.1/linux-x86_64/en-US/firefox-86.0.1.tar.bz2
Resolving download-installer.cdn.mozilla.net (download-installer.cdn.mozilla.net)... 13.224.26.58, 2600:9000:2164:cc00:e:19d6:1546:5981, 2600:9000:2164:d400:e:19d6:1546:5981, ...
Connecting to download-installer.cdn.mozilla.net (download-installer.cdn.mozilla.net)|13.224.26.58|:443... connected.
HTTP request sent, awaiting response... 200 OK
Length: 74036656 (71M) [application/x-tar]
Saving to: â€˜/tmp/firefox-latest.tar.bz2â€™

     0K .......... .......... .......... .......... ..........  0% 1.51M 47s
    50K .......... .......... .......... .......... ..........  0% 2.08M 40s
   100K .......... .......... .......... .......... ..........  0% 3.56M 33s
   150K .......... .......... .......... .......... ..........  0% 6.15M 28s
   200K .......... .......... .......... .......... ..........  0% 6.45M 25s
   250K .......... .......... .......... .......... ..........  0% 7.64M 22s
   300K .......... .......... .......... .......... ..........  0% 12.1M 20s
   350K .......... .......... .......... .......... ..........  0% 8.77M 18s
   400K .......... .......... .......... .......... ..........  0% 14.4M 17s
   450K .......... .......... .......... .......... ..........  0% 13.5M 16s
   500K .......... .......... .......... .......... ..........  0% 15.9M 14s
   550K .......... .......... .......... .......... ..........  0% 16.0M 14s
   600K .......... .......... .......... .......... ..........  0% 18.0M 13s
   650K .......... .......... .......... .......... ..........  0% 22.9M 12s
   700K .......... .......... .......... .......... ..........  1% 21.5M 12s
   750K .......... .......... .......... .......... ..........  1% 18.1M 11s
   800K .......... .......... .......... .......... ..........  1% 33.2M 11s
   850K .......... .......... .......... .......... ..........  1% 25.2M 10s
   900K .......... .......... .......... .......... ..........  1% 39.1M 10s
   950K .......... .......... .......... .......... ..........  1% 26.6M 9s
  1000K .......... .......... .......... .......... ..........  1% 41.2M 9s
  1050K .......... .......... .......... .......... ..........  1% 27.2M 9s
  1100K .......... .......... .......... .......... ..........  1% 45.3M 8s
  1150K .......... .......... .......... .......... ..........  1% 29.7M 8s
  1200K .......... .......... .......... .......... ..........  1% 52.1M 8s
  1250K .......... .......... .......... .......... ..........  1% 32.0M 8s
  1300K .......... .......... .......... .......... ..........  1% 33.5M 7s
  1350K .......... .......... .......... .......... ..........  1% 36.5M 7s
  1400K .......... .......... .......... .......... ..........  2% 46.3M 7s
  1450K .......... .......... .......... .......... ..........  2% 60.7M 7s
  1500K .......... .......... .......... .......... ..........  2% 36.8M 7s
  1550K .......... .......... .......... .......... ..........  2% 47.0M 6s
  1600K .......... .......... .......... .......... ..........  2% 50.5M 6s
  1650K .......... .......... .......... .......... ..........  2% 40.6M 6s
  1700K .......... .......... .......... .......... ..........  2% 74.0M 6s
  1750K .......... .......... .......... .......... ..........  2% 57.4M 6s
  1800K .......... .......... .......... .......... ..........  2% 48.5M 6s
  1850K .......... .......... .......... .......... ..........  2% 56.4M 6s
  1900K .......... .......... .......... .......... ..........  2% 72.0M 5s
  1950K .......... .......... .......... .......... ..........  2% 72.4M 5s
  2000K .......... .......... .......... .......... ..........  2% 42.0M 5s
  2050K .......... .......... .......... .......... ..........  2%  120M 5s
  2100K .......... .......... .......... .......... ..........  2% 61.0M 5s
  2150K .......... .......... .......... .......... ..........  3% 64.9M 5s
  2200K .......... .......... .......... .......... ..........  3% 53.3M 5s
  2250K .......... .......... .......... .......... ..........  3% 89.2M 5s
  2300K .......... .......... .......... .......... ..........  3% 71.1M 5s
  2350K .......... .......... .......... .......... ..........  3% 88.3M 5s
  2400K .......... .......... .......... .......... ..........  3% 81.9M 5s
  2450K .......... .......... .......... .......... ..........  3% 71.9M 4s
  2500K .......... .......... .......... .......... ..........  3% 90.5M 4s
  2550K .......... .......... .......... .......... ..........  3% 69.4M 4s
  2600K .......... .......... .......... .......... ..........  3%  104M 4s
  2650K .......... .......... .......... .......... ..........  3% 80.5M 4s
  2700K .......... .......... .......... .......... ..........  3% 90.5M 4s
  2750K .......... .......... .......... .......... ..........  3% 83.6M 4s
  2800K .......... .......... .......... .......... ..........  3%  108M 4s
  2850K .......... .......... .......... .......... ..........  4% 79.2M 4s
  2900K .......... .......... .......... .......... ..........  4% 95.7M 4s
  2950K .......... .......... .......... .......... ..........  4% 82.0M 4s
  3000K .......... .......... .......... .......... ..........  4% 99.1M 4s
  3050K .......... .......... .......... .......... ..........  4% 87.1M 4s
  3100K .......... .......... .......... .......... ..........  4% 89.1M 4s
  3150K .......... .......... .......... .......... ..........  4% 99.0M 4s
  3200K .......... .......... .......... .......... ..........  4%  124M 4s
  3250K .......... .......... .......... .......... ..........  4%  123M 4s
  3300K .......... .......... .......... .......... ..........  4%  128M 3s
  3350K .......... .......... .......... .......... ..........  4% 61.9M 3s
  3400K .......... .......... .......... .......... ..........  4% 23.2M 3s
  3450K .......... .......... .......... .......... ..........  4% 21.1M 3s
  3500K .......... .......... .......... .......... ..........  4% 23.3M 3s
  3550K .......... .......... .......... .......... ..........  4% 99.1M 3s
  3600K .......... .......... .......... .......... ..........  5% 22.1M 3s
  3650K .......... .......... .......... .......... ..........  5% 11.3M 3s
  3700K .......... .......... .......... .......... ..........  5% 76.5M 3s
  3750K .......... .......... .......... .......... ..........  5% 26.6M 3s
  3800K .......... .......... .......... .......... ..........  5% 91.9M 3s
  3850K .......... .......... .......... .......... ..........  5% 22.3M 3s
  3900K .......... .......... .......... .......... ..........  5% 24.0M 3s
  3950K .......... .......... .......... .......... ..........  5% 18.5M 3s
  4000K .......... .......... .......... .......... ..........  5%  114M 3s
  4050K .......... .......... .......... .......... ..........  5% 2.12M 4s
  4100K .......... .......... .......... .......... ..........  5% 8.62M 4s
  4150K .......... .......... .......... .......... ..........  5% 15.8M 4s
  4200K .......... .......... .......... .......... ..........  5% 32.5M 4s
  4250K .......... .......... .......... .......... ..........  5%  101M 4s
  4300K .......... .......... .......... .......... ..........  6% 47.6M 4s
  4350K .......... .......... .......... .......... ..........  6% 76.7M 4s
  4400K .......... .......... .......... .......... ..........  6% 58.4M 3s
  4450K .......... .......... .......... .......... ..........  6%  126M 3s
  4500K .......... .......... .......... .......... ..........  6% 52.0M 3s
  4550K .......... .......... .......... .......... ..........  6% 52.8M 3s
  4600K .......... .......... .......... .......... ..........  6% 97.1M 3s
  4650K .......... .......... .......... .......... ..........  6% 77.5M 3s
  4700K .......... .......... .......... .......... ..........  6% 76.8M 3s
  4750K .......... .......... .......... .......... ..........  6% 97.8M 3s
  4800K .......... .......... .......... .......... ..........  6%  112M 3s
  4850K .......... .......... .......... .......... ..........  6% 98.5M 3s
  4900K .......... .......... .......... .......... ..........  6%  112M 3s
  4950K .......... .......... .......... .......... ..........  6% 43.9M 3s
  5000K .......... .......... .......... .......... ..........  6% 89.4M 3s
  5050K .......... .......... .......... .......... ..........  7% 93.1M 3s
  5100K .......... .......... .......... .......... ..........  7% 97.2M 3s
  5150K .......... .......... .......... .......... ..........  7% 94.3M 3s
  5200K .......... .......... .......... .......... ..........  7% 49.1M 3s
  5250K .......... .......... .......... .......... ..........  7%  100M 3s
  5300K .......... .......... .......... .......... ..........  7%  103M 3s
  5350K .......... .......... .......... .......... ..........  7% 96.3M 3s
  5400K .......... .......... .......... .......... ..........  7%  133M 3s
  5450K .......... .......... .......... .......... ..........  7% 53.8M 3s
  5500K .......... .......... .......... .......... ..........  7% 95.2M 3s
  5550K .......... .......... .......... .......... ..........  7% 23.8M 3s
  5600K .......... .......... .......... .......... ..........  7%  116M 3s
  5650K .......... .......... .......... .......... ..........  7%  114M 3s
  5700K .......... .......... .......... .......... ..........  7%  132M 3s
  5750K .......... .......... .......... .......... ..........  8% 76.5M 3s
  5800K .......... .......... .......... .......... ..........  8% 88.1M 3s
  5850K .......... .......... .......... .......... ..........  8%  102M 3s
  5900K .......... .......... .......... .......... ..........  8%  147M 3s
  5950K .......... .......... .......... .......... ..........  8%  110M 3s
  6000K .......... .......... .......... .......... ..........  8%  142M 3s
  6050K .......... .......... .......... .......... ..........  8%  144M 3s
  6100K .......... .......... .......... .......... ..........  8% 89.1M 3s
  6150K .......... .......... .......... .......... ..........  8% 91.7M 3s
  6200K .......... .......... .......... .......... ..........  8% 49.9M 3s
  6250K .......... .......... .......... .......... ..........  8% 59.4M 3s
  6300K .......... .......... .......... .......... ..........  8%  133M 3s
  6350K .......... .......... .......... .......... ..........  8%  118M 3s
  6400K .......... .......... .......... .......... ..........  8%  120M 3s
  6450K .......... .......... .......... .......... ..........  8%  140M 3s
  6500K .......... .......... .......... .......... ..........  9%  148M 3s
  6550K .......... .......... .......... .......... ..........  9% 64.2M 3s
  6600K .......... .......... .......... .......... ..........  9% 9.94M 3s
  6650K .......... .......... .......... .......... ..........  9% 95.7M 3s
  6700K .......... .......... .......... .......... ..........  9% 69.0M 3s
  6750K .......... .......... .......... .......... ..........  9% 86.7M 3s
  6800K .......... .......... .......... .......... ..........  9%  132M 3s
  6850K .......... .......... .......... .......... ..........  9% 74.9M 2s
  6900K .......... .......... .......... .......... ..........  9% 84.7M 2s
  6950K .......... .......... .......... .......... ..........  9% 78.7M 2s
  7000K .......... .......... .......... .......... ..........  9%  103M 2s
  7050K .......... .......... .......... .......... ..........  9% 53.4M 2s
  7100K .......... .......... .......... .......... ..........  9% 21.1M 2s
  7150K .......... .......... .......... .......... ..........  9% 85.4M 2s
  7200K .......... .......... .......... .......... .......... 10%  119M 2s
  7250K .......... .......... .......... .......... .......... 10%  125M 2s
  7300K .......... .......... .......... .......... .......... 10%  114M 2s
  7350K .......... .......... .......... .......... .......... 10%  102M 2s
  7400K .......... .......... .......... .......... .......... 10%  132M 2s
  7450K .......... .......... .......... .......... .......... 10%  129M 2s
  7500K .......... .......... .......... .......... .......... 10%  129M 2s
  7550K .......... .......... .......... .......... .......... 10% 90.6M 2s
  7600K .......... .......... .......... .......... .......... 10% 92.8M 2s
  7650K .......... .......... .......... .......... .......... 10%  113M 2s
  7700K .......... .......... .......... .......... .......... 10% 89.2M 2s
  7750K .......... .......... .......... .......... .......... 10% 73.9M 2s
  7800K .......... .......... .......... .......... .......... 10%  109M 2s
  7850K .......... .......... .......... .......... .......... 10% 85.4M 2s
  7900K .......... .......... .......... .......... .......... 10%  107M 2s
  7950K .......... .......... .......... .......... .......... 11% 90.2M 2s
  8000K .......... .......... .......... .......... .......... 11% 79.4M 2s
  8050K .......... .......... .......... .......... .......... 11% 84.1M 2s
  8100K .......... .......... .......... .......... .......... 11%  115M 2s
  8150K .......... .......... .......... .......... .......... 11% 62.9M 2s
  8200K .......... .......... .......... .......... .......... 11% 97.7M 2s
  8250K .......... .......... .......... .......... .......... 11% 90.9M 2s
  8300K .......... .......... .......... .......... .......... 11% 94.0M 2s
  8350K .......... .......... .......... .......... .......... 11%  113M 2s
  8400K .......... .......... .......... .......... .......... 11% 88.0M 2s
  8450K .......... .......... .......... .......... .......... 11% 96.6M 2s
  8500K .......... .......... .......... .......... .......... 11% 88.8M 2s
  8550K .......... .......... .......... .......... .......... 11% 85.9M 2s
  8600K .......... .......... .......... .......... .......... 11%  117M 2s
  8650K .......... .......... .......... .......... .......... 12%  103M 2s
  8700K .......... .......... .......... .......... .......... 12% 70.0M 2s
  8750K .......... .......... .......... .......... .......... 12%  110M 2s
  8800K .......... .......... .......... .......... .......... 12%  106M 2s
  8850K .......... .......... .......... .......... .......... 12%  123M 2s
  8900K .......... .......... .......... .......... .......... 12% 97.4M 2s
  8950K .......... .......... .......... .......... .......... 12% 72.8M 2s
  9000K .......... .......... .......... .......... .......... 12% 82.1M 2s
  9050K .......... .......... .......... .......... .......... 12%  129M 2s
  9100K .......... .......... .......... .......... .......... 12% 90.2M 2s
  9150K .......... .......... .......... .......... .......... 12% 63.6M 2s
  9200K .......... .......... .......... .......... .......... 12% 86.9M 2s
  9250K .......... .......... .......... .......... .......... 12%  124M 2s
  9300K .......... .......... .......... .......... .......... 12% 80.1M 2s
  9350K .......... .......... .......... .......... .......... 13% 63.5M 2s
  9400K .......... .......... .......... .......... .......... 13% 54.4M 2s
  9450K .......... .......... .......... .......... .......... 13% 33.2M 2s
  9500K .......... .......... .......... .......... .......... 13%  119M 2s
  9550K .......... .......... .......... .......... .......... 13% 60.6M 2s
  9600K .......... .......... .......... .......... .......... 13%  127M 2s
  9650K .......... .......... .......... .......... .......... 13%  106M 2s
  9700K .......... .......... .......... .......... .......... 13%  126M 2s
  9750K .......... .......... .......... .......... .......... 13% 63.2M 2s
  9800K .......... .......... .......... .......... .......... 13% 83.4M 2s
  9850K .......... .......... .......... .......... .......... 13%  120M 2s
  9900K .......... .......... .......... .......... .......... 13% 72.9M 2s
  9950K .......... .......... .......... .......... .......... 13%  106M 2s
 10000K .......... .......... .......... .......... .......... 13% 62.9M 2s
 10050K .......... .......... .......... .......... .......... 13% 52.9M 2s
 10100K .......... .......... .......... .......... .......... 14% 98.5M 2s
 10150K .......... .......... .......... .......... .......... 14% 97.8M 2s
 10200K .......... .......... .......... .......... .......... 14% 97.4M 2s
 10250K .......... .......... .......... .......... .......... 14%  120M 2s
 10300K .......... .......... .......... .......... .......... 14% 97.7M 2s
 10350K .......... .......... .......... .......... .......... 14% 53.3M 2s
 10400K .......... .......... .......... .......... .......... 14%  130M 2s
 10450K .......... .......... .......... .......... .......... 14% 73.1M 2s
 10500K .......... .......... .......... .......... .......... 14% 61.7M 2s
 10550K .......... .......... .......... .......... .......... 14% 43.1M 2s
 10600K .......... .......... .......... .......... .......... 14%  122M 2s
 10650K .......... .......... .......... .......... .......... 14% 98.5M 2s
 10700K .......... .......... .......... .......... .......... 14%  100M 2s
 10750K .......... .......... .......... .......... .......... 14% 45.1M 2s
 10800K .......... .......... .......... .......... .......... 15% 95.9M 2s
 10850K .......... .......... .......... .......... .......... 15%  119M 2s
 10900K .......... .......... .......... .......... .......... 15%  109M 2s
 10950K .......... .......... .......... .......... .......... 15% 98.3M 2s
 11000K .......... .......... .......... .......... .......... 15% 14.1M 2s
 11050K .......... .......... .......... .......... .......... 15% 6.50M 2s
 11100K .......... .......... .......... .......... .......... 15% 91.3M 2s
 11150K .......... .......... .......... .......... .......... 15% 93.9M 2s
 11200K .......... .......... .......... .......... .......... 15% 36.0M 2s
 11250K .......... .......... .......... .......... .......... 15% 92.2M 2s
 11300K .......... .......... .......... .......... .......... 15% 92.4M 2s
 11350K .......... .......... .......... .......... .......... 15% 89.8M 2s
 11400K .......... .......... .......... .......... .......... 15% 56.6M 2s
 11450K .......... .......... .......... .......... .......... 15% 92.6M 2s
 11500K .......... .......... .......... .......... .......... 15% 65.1M 2s
 11550K .......... .......... .......... .......... .......... 16% 88.8M 2s
 11600K .......... .......... .......... .......... .......... 16%  107M 2s
 11650K .......... .......... .......... .......... .......... 16% 82.3M 2s
 11700K .......... .......... .......... .......... .......... 16% 88.5M 2s
 11750K .......... .......... .......... .......... .......... 16% 85.1M 2s
 11800K .......... .......... .......... .......... .......... 16%  100M 2s
 11850K .......... .......... .......... .......... .......... 16% 79.8M 2s
 11900K .......... .......... .......... .......... .......... 16% 90.3M 2s
 11950K .......... .......... .......... .......... .......... 16% 54.3M 2s
 12000K .......... .......... .......... .......... .......... 16%  111M 2s
 12050K .......... .......... .......... .......... .......... 16%  106M 2s
 12100K .......... .......... .......... .......... .......... 16% 88.5M 2s
 12150K .......... .......... .......... .......... .......... 16% 31.9M 2s
 12200K .......... .......... .......... .......... .......... 16% 50.2M 2s
 12250K .......... .......... .......... .......... .......... 17%  129M 2s
 12300K .......... .......... .......... .......... .......... 17% 95.3M 2s
 12350K .......... .......... .......... .......... .......... 17%  141M 2s
 12400K .......... .......... .......... .......... .......... 17%  116M 2s
 12450K .......... .......... .......... .......... .......... 17%  122M 2s
 12500K .......... .......... .......... .......... .......... 17%  101M 2s
 12550K .......... .......... .......... .......... .......... 17% 88.2M 2s
 12600K .......... .......... .......... .......... .......... 17%  133M 2s
 12650K .......... .......... .......... .......... .......... 17% 79.2M 2s
 12700K .......... .......... .......... .......... .......... 17%  110M 2s
 12750K .......... .......... .......... .......... .......... 17% 74.7M 2s
 12800K .......... .......... .......... .......... .......... 17% 33.6M 2s
 12850K .......... .......... .......... .......... .......... 17%  115M 2s
 12900K .......... .......... .......... .......... .......... 17%  121M 2s
 12950K .......... .......... .......... .......... .......... 17% 90.3M 2s
 13000K .......... .......... .......... .......... .......... 18%  114M 2s
 13050K .......... .......... .......... .......... .......... 18%  120M 2s
 13100K .......... .......... .......... .......... .......... 18%  111M 2s
 13150K .......... .......... .......... .......... .......... 18% 22.1M 2s
 13200K .......... .......... .......... .......... .......... 18% 43.0M 2s
 13250K .......... .......... .......... .......... .......... 18%  114M 2s
 13300K .......... .......... .......... .......... .......... 18%  110M 2s
 13350K .......... .......... .......... .......... .......... 18% 97.3M 2s
 13400K .......... .......... .......... .......... .......... 18%  106M 2s
 13450K .......... .......... .......... .......... .......... 18%  121M 2s
 13500K .......... .......... .......... .......... .......... 18%  139M 2s
 13550K .......... .......... .......... .......... .......... 18%  102M 2s
 13600K .......... .......... .......... .......... .......... 18%  112M 2s
 13650K .......... .......... .......... .......... .......... 18%  106M 2s
 13700K .......... .......... .......... .......... .......... 19%  105M 2s
 13750K .......... .......... .......... .......... .......... 19%  102M 2s
 13800K .......... .......... .......... .......... .......... 19%  124M 1s
 13850K .......... .......... .......... .......... .......... 19%  116M 1s
 13900K .......... .......... .......... .......... .......... 19%  126M 1s
 13950K .......... .......... .......... .......... .......... 19% 96.9M 1s
 14000K .......... .......... .......... .......... .......... 19% 95.4M 1s
 14050K .......... .......... .......... .......... .......... 19%  140M 1s
 14100K .......... .......... .......... .......... .......... 19% 81.7M 1s
 14150K .......... .......... .......... .......... .......... 19% 58.2M 1s
 14200K .......... .......... .......... .......... .......... 19% 96.7M 1s
 14250K .......... .......... .......... .......... .......... 19% 93.3M 1s
 14300K .......... .......... .......... .......... .......... 19%  109M 1s
 14350K .......... .......... .......... .......... .......... 19% 33.3M 1s
 14400K .......... .......... .......... .......... .......... 19%  102M 1s
 14450K .......... .......... .......... .......... .......... 20% 45.0M 1s
 14500K .......... .......... .......... .......... .......... 20%  132M 1s
 14550K .......... .......... .......... .......... .......... 20% 87.6M 1s
 14600K .......... .......... .......... .......... .......... 20%  114M 1s
 14650K .......... .......... .......... .......... .......... 20%  119M 1s
 14700K .......... .......... .......... .......... .......... 20%  115M 1s
 14750K .......... .......... .......... .......... .......... 20%  110M 1s
 14800K .......... .......... .......... .......... .......... 20%  131M 1s
 14850K .......... .......... .......... .......... .......... 20%  105M 1s
 14900K .......... .......... .......... .......... .......... 20%  118M 1s
 14950K .......... .......... .......... .......... .......... 20% 88.3M 1s
 15000K .......... .......... .......... .......... .......... 20%  119M 1s
 15050K .......... .......... .......... .......... .......... 20%  111M 1s
 15100K .......... .......... .......... .......... .......... 20% 93.3M 1s
 15150K .......... .......... .......... .......... .......... 21% 98.5M 1s
 15200K .......... .......... .......... .......... .......... 21%  115M 1s
 15250K .......... .......... .......... .......... .......... 21% 85.3M 1s
 15300K .......... .......... .......... .......... .......... 21% 65.5M 1s
 15350K .......... .......... .......... .......... .......... 21% 48.2M 1s
 15400K .......... .......... .......... .......... .......... 21%  120M 1s
 15450K .......... .......... .......... .......... .......... 21%  108M 1s
 15500K .......... .......... .......... .......... .......... 21%  110M 1s
 15550K .......... .......... .......... .......... .......... 21%  106M 1s
 15600K .......... .......... .......... .......... .......... 21% 6.78M 1s
 15650K .......... .......... .......... .......... .......... 21%  111M 1s
 15700K .......... .......... .......... .......... .......... 21% 19.9M 1s
 15750K .......... .......... .......... .......... .......... 21% 63.1M 1s
 15800K .......... .......... .......... .......... .......... 21% 82.7M 1s
 15850K .......... .......... .......... .......... .......... 21% 88.5M 1s
 15900K .......... .......... .......... .......... .......... 22%  121M 1s
 15950K .......... .......... .......... .......... .......... 22% 81.6M 1s
 16000K .......... .......... .......... .......... .......... 22% 84.0M 1s
 16050K .......... .......... .......... .......... .......... 22% 94.8M 1s
 16100K .......... .......... .......... .......... .......... 22%  107M 1s
 16150K .......... .......... .......... .......... .......... 22% 78.5M 1s
 16200K .......... .......... .......... .......... .......... 22% 96.4M 1s
 16250K .......... .......... .......... .......... .......... 22% 67.1M 1s
 16300K .......... .......... .......... .......... .......... 22% 20.3M 1s
 16350K .......... .......... .......... .......... .......... 22% 99.6M 1s
 16400K .......... .......... .......... .......... .......... 22% 94.5M 1s
 16450K .......... .......... .......... .......... .......... 22%  122M 1s
 16500K .......... .......... .......... .......... .......... 22%  130M 1s
 16550K .......... .......... .......... .......... .......... 22% 75.4M 1s
 16600K .......... .......... .......... .......... .......... 23%  111M 1s
 16650K .......... .......... .......... .......... .......... 23% 70.6M 1s
 16700K .......... .......... .......... .......... .......... 23%  101M 1s
 16750K .......... .......... .......... .......... .......... 23% 82.6M 1s
 16800K .......... .......... .......... .......... .......... 23%  127M 1s
 16850K .......... .......... .......... .......... .......... 23% 77.2M 1s
 16900K .......... .......... .......... .......... .......... 23% 98.7M 1s
 16950K .......... .......... .......... .......... .......... 23% 75.7M 1s
 17000K .......... .......... .......... .......... .......... 23% 55.1M 1s
 17050K .......... .......... .......... .......... .......... 23% 92.6M 1s
 17100K .......... .......... .......... .......... .......... 23% 97.0M 1s
 17150K .......... .......... .......... .......... .......... 23%  117M 1s
 17200K .......... .......... .......... .......... .......... 23% 97.6M 1s
 17250K .......... .......... .......... .......... .......... 23%  123M 1s
 17300K .......... .......... .......... .......... .......... 23% 78.2M 1s
 17350K .......... .......... .......... .......... .......... 24% 68.2M 1s
 17400K .......... .......... .......... .......... .......... 24% 90.0M 1s
 17450K .......... .......... .......... .......... .......... 24% 81.5M 1s
 17500K .......... .......... .......... .......... .......... 24%  114M 1s
 17550K .......... .......... .......... .......... .......... 24% 56.9M 1s
 17600K .......... .......... .......... .......... .......... 24% 62.6M 1s
 17650K .......... .......... .......... .......... .......... 24% 96.9M 1s
 17700K .......... .......... .......... .......... .......... 24%  119M 1s
 17750K .......... .......... .......... .......... .......... 24% 85.2M 1s
 17800K .......... .......... .......... .......... .......... 24% 70.0M 1s
 17850K .......... .......... .......... .......... .......... 24% 72.0M 1s
 17900K .......... .......... .......... .......... .......... 24% 71.8M 1s
 17950K .......... .......... .......... .......... .......... 24%  107M 1s
 18000K .......... .......... .......... .......... .......... 24% 70.9M 1s
 18050K .......... .......... .......... .......... .......... 25% 81.9M 1s
 18100K .......... .......... .......... .......... .......... 25% 31.8M 1s
 18150K .......... .......... .......... .......... .......... 25% 33.1M 1s
 18200K .......... .......... .......... .......... .......... 25%  113M 1s
 18250K .......... .......... .......... .......... .......... 25%  118M 1s
 18300K .......... .......... .......... .......... .......... 25% 99.0M 1s
 18350K .......... .......... .......... .......... .......... 25% 88.4M 1s
 18400K .......... .......... .......... .......... .......... 25% 96.8M 1s
 18450K .......... .......... .......... .......... .......... 25%  100M 1s
 18500K .......... .......... .......... .......... .......... 25%  119M 1s
 18550K .......... .......... .......... .......... .......... 25% 76.5M 1s
 18600K .......... .......... .......... .......... .......... 25% 28.4M 1s
 18650K .......... .......... .......... .......... .......... 25%  120M 1s
 18700K .......... .......... .......... .......... .......... 25% 99.3M 1s
 18750K .......... .......... .......... .......... .......... 26% 97.9M 1s
 18800K .......... .......... .......... .......... .......... 26%  111M 1s
 18850K .......... .......... .......... .......... .......... 26%  147M 1s
 18900K .......... .......... .......... .......... .......... 26% 96.2M 1s
 18950K .......... .......... .......... .......... .......... 26% 68.2M 1s
 19000K .......... .......... .......... .......... .......... 26%  110M 1s
 19050K .......... .......... .......... .......... .......... 26% 91.6M 1s
 19100K .......... .......... .......... .......... .......... 26%  116M 1s
 19150K .......... .......... .......... .......... .......... 26% 84.2M 1s
 19200K .......... .......... .......... .......... .......... 26% 87.8M 1s
 19250K .......... .......... .......... .......... .......... 26%  101M 1s
 19300K .......... .......... .......... .......... .......... 26%  110M 1s
 19350K .......... .......... .......... .......... .......... 26% 88.5M 1s
 19400K .......... .......... .......... .......... .......... 26% 48.1M 1s
 19450K .......... .......... .......... .......... .......... 26% 61.8M 1s
 19500K .......... .......... .......... .......... .......... 27%  115M 1s
 19550K .......... .......... .......... .......... .......... 27%  108M 1s
 19600K .......... .......... .......... .......... .......... 27%  122M 1s
 19650K .......... .......... .......... .......... .......... 27% 65.8M 1s
 19700K .......... .......... .......... .......... .......... 27%  109M 1s
 19750K .......... .......... .......... .......... .......... 27% 81.7M 1s
 19800K .......... .......... .......... .......... .......... 27%  112M 1s
 19850K .......... .......... .......... .......... .......... 27%  104M 1s
 19900K .......... .......... .......... .......... .......... 27% 69.6M 1s
 19950K .......... .......... .......... .......... .......... 27% 20.3M 1s
 20000K .......... .......... .......... .......... .......... 27%  106M 1s
 20050K .......... .......... .......... .......... .......... 27%  101M 1s
 20100K .......... .......... .......... .......... .......... 27%  116M 1s
 20150K .......... .......... .......... .......... .......... 27%  119M 1s
 20200K .......... .......... .......... .......... .......... 28%  111M 1s
 20250K .......... .......... .......... .......... .......... 28%  118M 1s
 20300K .......... .......... .......... .......... .......... 28% 39.0M 1s
 20350K .......... .......... .......... .......... .......... 28% 68.0M 1s
 20400K .......... .......... .......... .......... .......... 28% 63.5M 1s
 20450K .......... .......... .......... .......... .......... 28%  118M 1s
 20500K .......... .......... .......... .......... .......... 28% 59.9M 1s
 20550K .......... .......... .......... .......... .......... 28% 6.25M 1s
 20600K .......... .......... .......... .......... .......... 28% 99.0M 1s
 20650K .......... .......... .......... .......... .......... 28%  104M 1s
 20700K .......... .......... .......... .......... .......... 28%  134M 1s
 20750K .......... .......... .......... .......... .......... 28%  123M 1s
 20800K .......... .......... .......... .......... .......... 28%  127M 1s
 20850K .......... .......... .......... .......... .......... 28% 92.2M 1s
 20900K .......... .......... .......... .......... .......... 28% 75.6M 1s
 20950K .......... .......... .......... .......... .......... 29% 77.2M 1s
 21000K .......... .......... .......... .......... .......... 29% 99.1M 1s
 21050K .......... .......... .......... .......... .......... 29% 80.5M 1s
 21100K .......... .......... .......... .......... .......... 29% 82.3M 1s
 21150K .......... .......... .......... .......... .......... 29% 97.4M 1s
 21200K .......... .......... .......... .......... .......... 29%  116M 1s
 21250K .......... .......... .......... .......... .......... 29%  119M 1s
 21300K .......... .......... .......... .......... .......... 29%  115M 1s
 21350K .......... .......... .......... .......... .......... 29% 98.5M 1s
 21400K .......... .......... .......... .......... .......... 29%  130M 1s
 21450K .......... .......... .......... .......... .......... 29% 62.9M 1s
 21500K .......... .......... .......... .......... .......... 29% 92.3M 1s
 21550K .......... .......... .......... .......... .......... 29% 78.0M 1s
 21600K .......... .......... .......... .......... .......... 29% 98.3M 1s
 21650K .......... .......... .......... .......... .......... 30% 70.0M 1s
 21700K .......... .......... .......... .......... .......... 30% 74.6M 1s
 21750K .......... .......... .......... .......... .......... 30% 32.7M 1s
 21800K .......... .......... .......... .......... .......... 30%  115M 1s
 21850K .......... .......... .......... .......... .......... 30%  103M 1s
 21900K .......... .......... .......... .......... .......... 30%  127M 1s
 21950K .......... .......... .......... .......... .......... 30%  109M 1s
 22000K .......... .......... .......... .......... .......... 30%  109M 1s
 22050K .......... .......... .......... .......... .......... 30%  108M 1s
 22100K .......... .......... .......... .......... .......... 30%  113M 1s
 22150K .......... .......... .......... .......... .......... 30%  101M 1s
 22200K .......... .......... .......... .......... .......... 30% 58.3M 1s
 22250K .......... .......... .......... .......... .......... 30%  127M 1s
 22300K .......... .......... .......... .......... .......... 30%  107M 1s
 22350K .......... .......... .......... .......... .......... 30%  102M 1s
 22400K .......... .......... .......... .......... .......... 31% 85.4M 1s
 22450K .......... .......... .......... .......... .......... 31% 37.8M 1s
 22500K .......... .......... .......... .......... .......... 31% 92.8M 1s
 22550K .......... .......... .......... .......... .......... 31%  122M 1s
 22600K .......... .......... .......... .......... .......... 31%  105M 1s
 22650K .......... .......... .......... .......... .......... 31% 70.7M 1s
 22700K .......... .......... .......... .......... .......... 31% 62.2M 1s
 22750K .......... .......... .......... .......... .......... 31%  113M 1s
 22800K .......... .......... .......... .......... .......... 31% 57.7M 1s
 22850K .......... .......... .......... .......... .......... 31%  109M 1s
 22900K .......... .......... .......... .......... .......... 31% 92.9M 1s
 22950K .......... .......... .......... .......... .......... 31% 72.1M 1s
 23000K .......... .......... .......... .......... .......... 31%  117M 1s
 23050K .......... .......... .......... .......... .......... 31% 83.5M 1s
 23100K .......... .......... .......... .......... .......... 32% 80.9M 1s
 23150K .......... .......... .......... .......... .......... 32% 88.9M 1s
 23200K .......... .......... .......... .......... .......... 32%  108M 1s
 23250K .......... .......... .......... .......... .......... 32% 90.6M 1s
 23300K .......... .......... .......... .......... .......... 32% 97.8M 1s
 23350K .......... .......... .......... .......... .......... 32% 75.1M 1s
 23400K .......... .......... .......... .......... .......... 32% 78.7M 1s
 23450K .......... .......... .......... .......... .......... 32%  111M 1s
 23500K .......... .......... .......... .......... .......... 32% 39.1M 1s
 23550K .......... .......... .......... .......... .......... 32% 99.2M 1s
 23600K .......... .......... .......... .......... .......... 32%  126M 1s
 23650K .......... .......... .......... .......... .......... 32%  110M 1s
 23700K .......... .......... .......... .......... .......... 32% 89.3M 1s
 23750K .......... .......... .......... .......... .......... 32% 91.6M 1s
 23800K .......... .......... .......... .......... .......... 32%  103M 1s
 23850K .......... .......... .......... .......... .......... 33% 84.8M 1s
 23900K .......... .......... .......... .......... .......... 33%  124M 1s
 23950K .......... .......... .......... .......... .......... 33% 63.8M 1s
 24000K .......... .......... .......... .......... .......... 33% 68.2M 1s
 24050K .......... .......... .......... .......... .......... 33%  102M 1s
 24100K .......... .......... .......... .......... .......... 33% 93.2M 1s
 24150K .......... .......... .......... .......... .......... 33%  101M 1s
 24200K .......... .......... .......... .......... .......... 33% 89.2M 1s
 24250K .......... .......... .......... .......... .......... 33% 61.8M 1s
 24300K .......... .......... .......... .......... .......... 33% 94.8M 1s
 24350K .......... .......... .......... .......... .......... 33%  112M 1s
 24400K .......... .......... .......... .......... .......... 33% 74.2M 1s
 24450K .......... .......... .......... .......... .......... 33% 70.2M 1s
 24500K .......... .......... .......... .......... .......... 33% 30.1M 1s
 24550K .......... .......... .......... .......... .......... 34% 58.6M 1s
 24600K .......... .......... .......... .......... .......... 34%  118M 1s
 24650K .......... .......... .......... .......... .......... 34% 86.5M 1s
 24700K .......... .......... .......... .......... .......... 34% 74.7M 1s
 24750K .......... .......... .......... .......... .......... 34% 68.4M 1s
 24800K .......... .......... .......... .......... .......... 34%  113M 1s
 24850K .......... .......... .......... .......... .......... 34% 52.6M 1s
 24900K .......... .......... .......... .......... .......... 34%  122M 1s
 24950K .......... .......... .......... .......... .......... 34% 96.8M 1s
 25000K .......... .......... .......... .......... .......... 34%  104M 1s
 25050K .......... .......... .......... .......... .......... 34%  114M 1s
 25100K .......... .......... .......... .......... .......... 34% 86.4M 1s
 25150K .......... .......... .......... .......... .......... 34% 65.4M 1s
 25200K .......... .......... .......... .......... .......... 34% 80.1M 1s
 25250K .......... .......... .......... .......... .......... 34%  106M 1s
 25300K .......... .......... .......... .......... .......... 35% 63.5M 1s
 25350K .......... .......... .......... .......... .......... 35% 39.6M 1s
 25400K .......... .......... .......... .......... .......... 35% 82.6M 1s
 25450K .......... .......... .......... .......... .......... 35% 81.2M 1s
 25500K .......... .......... .......... .......... .......... 35% 99.9M 1s
 25550K .......... .......... .......... .......... .......... 35% 88.6M 1s
 25600K .......... .......... .......... .......... .......... 35% 92.4M 1s
 25650K .......... .......... .......... .......... .......... 35% 92.4M 1s
 25700K .......... .......... .......... .......... .......... 35%  111M 1s
 25750K .......... .......... .......... .......... .......... 35% 79.1M 1s
 25800K .......... .......... .......... .......... .......... 35%  135M 1s
 25850K .......... .......... .......... .......... .......... 35% 23.7M 1s
 25900K .......... .......... .......... .......... .......... 35% 22.9M 1s
 25950K .......... .......... .......... .......... .......... 35%  104M 1s
 26000K .......... .......... .......... .......... .......... 36% 33.8M 1s
 26050K .......... .......... .......... .......... .......... 36% 77.8M 1s
 26100K .......... .......... .......... .......... .......... 36% 40.8M 1s
 26150K .......... .......... .......... .......... .......... 36% 93.2M 1s
 26200K .......... .......... .......... .......... .......... 36%  119M 1s
 26250K .......... .......... .......... .......... .......... 36%  110M 1s
 26300K .......... .......... .......... .......... .......... 36%  100M 1s
 26350K .......... .......... .......... .......... .......... 36% 93.9M 1s
 26400K .......... .......... .......... .......... .......... 36% 18.2M 1s
 26450K .......... .......... .......... .......... .......... 36%  108M 1s
 26500K .......... .......... .......... .......... .......... 36%  123M 1s
 26550K .......... .......... .......... .......... .......... 36% 90.4M 1s
 26600K .......... .......... .......... .......... .......... 36%  111M 1s
 26650K .......... .......... .......... .......... .......... 36%  121M 1s
 26700K .......... .......... .......... .......... .......... 36%  114M 1s
 26750K .......... .......... .......... .......... .......... 37%  106M 1s
 26800K .......... .......... .......... .......... .......... 37% 63.7M 1s
 26850K .......... .......... .......... .......... .......... 37%  112M 1s
 26900K .......... .......... .......... .......... .......... 37%  129M 1s
 26950K .......... .......... .......... .......... .......... 37% 87.3M 1s
 27000K .......... .......... .......... .......... .......... 37%  133M 1s
 27050K .......... .......... .......... .......... .......... 37%  111M 1s
 27100K .......... .......... .......... .......... .......... 37%  111M 1s
 27150K .......... .......... .......... .......... .......... 37%  105M 1s
 27200K .......... .......... .......... .......... .......... 37% 72.7M 1s
 27250K .......... .......... .......... .......... .......... 37%  123M 1s
 27300K .......... .......... .......... .......... .......... 37%  111M 1s
 27350K .......... .......... .......... .......... .......... 37% 85.6M 1s
 27400K .......... .......... .......... .......... .......... 37% 72.7M 1s
 27450K .......... .......... .......... .......... .......... 38% 81.4M 1s
 27500K .......... .......... .......... .......... .......... 38% 84.3M 1s
 27550K .......... .......... .......... .......... .......... 38%  103M 1s
 27600K .......... .......... .......... .......... .......... 38% 75.1M 1s
 27650K .......... .......... .......... .......... .......... 38% 97.9M 1s
 27700K .......... .......... .......... .......... .......... 38% 72.2M 1s
 27750K .......... .......... .......... .......... .......... 38% 75.0M 1s
 27800K .......... .......... .......... .......... .......... 38%  115M 1s
 27850K .......... .......... .......... .......... .......... 38% 81.8M 1s
 27900K .......... .......... .......... .......... .......... 38% 62.2M 1s
 27950K .......... .......... .......... .......... .......... 38% 81.0M 1s
 28000K .......... .......... .......... .......... .......... 38%  117M 1s
 28050K .......... .......... .......... .......... .......... 38% 79.8M 1s
 28100K .......... .......... .......... .......... .......... 38% 63.8M 1s
 28150K .......... .......... .......... .......... .......... 39% 59.1M 1s
 28200K .......... .......... .......... .......... .......... 39% 43.5M 1s
 28250K .......... .......... .......... .......... .......... 39%  113M 1s
 28300K .......... .......... .......... .......... .......... 39%  124M 1s
 28350K .......... .......... .......... .......... .......... 39%  101M 1s
 28400K .......... .......... .......... .......... .......... 39%  121M 1s
 28450K .......... .......... .......... .......... .......... 39%  120M 1s
 28500K .......... .......... .......... .......... .......... 39%  111M 1s
 28550K .......... .......... .......... .......... .......... 39% 93.2M 1s
 28600K .......... .......... .......... .......... .......... 39% 97.2M 1s
 28650K .......... .......... .......... .......... .......... 39% 24.8M 1s
 28700K .......... .......... .......... .......... .......... 39%  111M 1s
 28750K .......... .......... .......... .......... .......... 39%  109M 1s
 28800K .......... .......... .......... .......... .......... 39%  109M 1s
 28850K .......... .......... .......... .......... .......... 39%  116M 1s
 28900K .......... .......... .......... .......... .......... 40%  126M 1s
 28950K .......... .......... .......... .......... .......... 40% 86.1M 1s
 29000K .......... .......... .......... .......... .......... 40%  114M 1s
 29050K .......... .......... .......... .......... .......... 40%  132M 1s
 29100K .......... .......... .......... .......... .......... 40% 68.0M 1s
 29150K .......... .......... .......... .......... .......... 40%  108M 1s
 29200K .......... .......... .......... .......... .......... 40% 83.1M 1s
 29250K .......... .......... .......... .......... .......... 40%  115M 1s
 29300K .......... .......... .......... .......... .......... 40% 73.4M 1s
 29350K .......... .......... .......... .......... .......... 40% 40.3M 1s
 29400K .......... .......... .......... .......... .......... 40%  121M 1s
 29450K .......... .......... .......... .......... .......... 40%  110M 1s
 29500K .......... .......... .......... .......... .......... 40%  108M 1s
 29550K .......... .......... .......... .......... .......... 40%  110M 1s
 29600K .......... .......... .......... .......... .......... 41%  125M 1s
 29650K .......... .......... .......... .......... .......... 41% 60.7M 1s
 29700K .......... .......... .......... .......... .......... 41% 94.2M 1s
 29750K .......... .......... .......... .......... .......... 41% 71.2M 1s
 29800K .......... .......... .......... .......... .......... 41%  108M 1s
 29850K .......... .......... .......... .......... .......... 41%  117M 1s
 29900K .......... .......... .......... .......... .......... 41% 90.2M 1s
 29950K .......... .......... .......... .......... .......... 41% 32.4M 1s
 30000K .......... .......... .......... .......... .......... 41%  112M 1s
 30050K .......... .......... .......... .......... .......... 41%  112M 1s
 30100K .......... .......... .......... .......... .......... 41%  114M 1s
 30150K .......... .......... .......... .......... .......... 41% 95.4M 1s
 30200K .......... .......... .......... .......... .......... 41%  113M 1s
 30250K .......... .......... .......... .......... .......... 41%  111M 1s
 30300K .......... .......... .......... .......... .......... 41%  131M 1s
 30350K .......... .......... .......... .......... .......... 42%  104M 1s
 30400K .......... .......... .......... .......... .......... 42%  114M 1s
 30450K .......... .......... .......... .......... .......... 42%  108M 1s
 30500K .......... .......... .......... .......... .......... 42%  121M 1s
 30550K .......... .......... .......... .......... .......... 42%  100M 1s
 30600K .......... .......... .......... .......... .......... 42% 66.0M 1s
 30650K .......... .......... .......... .......... .......... 42% 70.0M 1s
 30700K .......... .......... .......... .......... .......... 42%  105M 1s
 30750K .......... .......... .......... .......... .......... 42%  125M 1s
 30800K .......... .......... .......... .......... .......... 42% 48.0M 1s
 30850K .......... .......... .......... .......... .......... 42% 6.00M 1s
 30900K .......... .......... .......... .......... .......... 42% 85.3M 1s
 30950K .......... .......... .......... .......... .......... 42% 70.1M 1s
 31000K .......... .......... .......... .......... .......... 42%  117M 1s
 31050K .......... .......... .......... .......... .......... 43%  101M 1s
 31100K .......... .......... .......... .......... .......... 43% 52.9M 1s
 31150K .......... .......... .......... .......... .......... 43% 44.3M 1s
 31200K .......... .......... .......... .......... .......... 43%  126M 1s
 31250K .......... .......... .......... .......... .......... 43% 65.6M 1s
 31300K .......... .......... .......... .......... .......... 43% 73.2M 1s
 31350K .......... .......... .......... .......... .......... 43% 74.4M 1s
 31400K .......... .......... .......... .......... .......... 43% 65.8M 1s
 31450K .......... .......... .......... .......... .......... 43%  119M 1s
 31500K .......... .......... .......... .......... .......... 43% 61.8M 1s
 31550K .......... .......... .......... .......... .......... 43% 71.9M 1s
 31600K .......... .......... .......... .......... .......... 43% 79.6M 1s
 31650K .......... .......... .......... .......... .......... 43%  105M 1s
 31700K .......... .......... .......... .......... .......... 43% 89.7M 1s
 31750K .......... .......... .......... .......... .......... 43% 74.9M 1s
 31800K .......... .......... .......... .......... .......... 44% 73.1M 1s
 31850K .......... .......... .......... .......... .......... 44% 96.6M 1s
 31900K .......... .......... .......... .......... .......... 44%  127M 1s
 31950K .......... .......... .......... .......... .......... 44% 61.6M 1s
 32000K .......... .......... .......... .......... .......... 44% 86.7M 1s
 32050K .......... .......... .......... .......... .......... 44% 69.5M 1s
 32100K .......... .......... .......... .......... .......... 44%  118M 1s
 32150K .......... .......... .......... .......... .......... 44% 54.0M 1s
 32200K .......... .......... .......... .......... .......... 44% 78.4M 1s
 32250K .......... .......... .......... .......... .......... 44% 70.6M 1s
 32300K .......... .......... .......... .......... .......... 44% 89.1M 1s
 32350K .......... .......... .......... .......... .......... 44%  108M 1s
 32400K .......... .......... .......... .......... .......... 44% 73.3M 1s
 32450K .......... .......... .......... .......... .......... 44% 64.4M 1s
 32500K .......... .......... .......... .......... .......... 45%  128M 1s
 32550K .......... .......... .......... .......... .......... 45% 72.9M 1s
 32600K .......... .......... .......... .......... .......... 45% 17.5M 1s
 32650K .......... .......... .......... .......... .......... 45% 67.2M 1s
 32700K .......... .......... .......... .......... .......... 45% 48.0M 1s
 32750K .......... .......... .......... .......... .......... 45% 45.9M 1s
 32800K .......... .......... .......... .......... .......... 45% 59.4M 1s
 32850K .......... .......... .......... .......... .......... 45% 58.7M 1s
 32900K .......... .......... .......... .......... .......... 45%  114M 1s
 32950K .......... .......... .......... .......... .......... 45%  107M 1s
 33000K .......... .......... .......... .......... .......... 45% 86.0M 1s
 33050K .......... .......... .......... .......... .......... 45%  109M 1s
 33100K .......... .......... .......... .......... .......... 45%  108M 1s
 33150K .......... .......... .......... .......... .......... 45%  110M 1s
 33200K .......... .......... .......... .......... .......... 45% 97.5M 1s
 33250K .......... .......... .......... .......... .......... 46%  119M 1s
 33300K .......... .......... .......... .......... .......... 46%  111M 1s
 33350K .......... .......... .......... .......... .......... 46% 94.3M 1s
 33400K .......... .......... .......... .......... .......... 46%  119M 1s
 33450K .......... .......... .......... .......... .......... 46%  104M 1s
 33500K .......... .......... .......... .......... .......... 46%  119M 1s
 33550K .......... .......... .......... .......... .......... 46%  117M 1s
 33600K .......... .......... .......... .......... .......... 46% 67.8M 1s
 33650K .......... .......... .......... .......... .......... 46% 59.6M 1s
 33700K .......... .......... .......... .......... .......... 46%  122M 1s
 33750K .......... .......... .......... .......... .......... 46% 51.3M 1s
 33800K .......... .......... .......... .......... .......... 46% 79.9M 1s
 33850K .......... .......... .......... .......... .......... 46% 82.3M 1s
 33900K .......... .......... .......... .......... .......... 46% 66.4M 1s
 33950K .......... .......... .......... .......... .......... 47%  110M 1s
 34000K .......... .......... .......... .......... .......... 47% 82.9M 1s
 34050K .......... .......... .......... .......... .......... 47% 57.3M 1s
 34100K .......... .......... .......... .......... .......... 47% 95.3M 1s
 34150K .......... .......... .......... .......... .......... 47% 75.4M 1s
 34200K .......... .......... .......... .......... .......... 47%  111M 1s
 34250K .......... .......... .......... .......... .......... 47% 44.2M 1s
 34300K .......... .......... .......... .......... .......... 47% 60.0M 1s
 34350K .......... .......... .......... .......... .......... 47% 90.8M 1s
 34400K .......... .......... .......... .......... .......... 47%  123M 1s
 34450K .......... .......... .......... .......... .......... 47%  107M 1s
 34500K .......... .......... .......... .......... .......... 47% 33.4M 1s
 34550K .......... .......... .......... .......... .......... 47% 93.1M 1s
 34600K .......... .......... .......... .......... .......... 47%  123M 1s
 34650K .......... .......... .......... .......... .......... 47%  127M 1s
 34700K .......... .......... .......... .......... .......... 48% 63.6M 1s
 34750K .......... .......... .......... .......... .......... 48% 84.1M 1s
 34800K .......... .......... .......... .......... .......... 48% 78.5M 1s
 34850K .......... .......... .......... .......... .......... 48%  123M 1s
 34900K .......... .......... .......... .......... .......... 48% 62.1M 1s
 34950K .......... .......... .......... .......... .......... 48% 60.8M 1s
 35000K .......... .......... .......... .......... .......... 48% 62.7M 1s
 35050K .......... .......... .......... .......... .......... 48% 87.8M 1s
 35100K .......... .......... .......... .......... .......... 48%  115M 1s
 35150K .......... .......... .......... .......... .......... 48% 83.0M 1s
 35200K .......... .......... .......... .......... .......... 48% 68.7M 1s
 35250K .......... .......... .......... .......... .......... 48% 87.5M 1s
 35300K .......... .......... .......... .......... .......... 48%  119M 1s
 35350K .......... .......... .......... .......... .......... 48% 70.2M 1s
 35400K .......... .......... .......... .......... .......... 49% 66.3M 1s
 35450K .......... .......... .......... .......... .......... 49% 74.0M 1s
 35500K .......... .......... .......... .......... .......... 49% 44.2M 1s
 35550K .......... .......... .......... .......... .......... 49%  111M 1s
 35600K .......... .......... .......... .......... .......... 49% 18.6M 1s
 35650K .......... .......... .......... .......... .......... 49% 12.3M 1s
 35700K .......... .......... .......... .......... .......... 49% 81.8M 1s
 35750K .......... .......... .......... .......... .......... 49%  109M 1s
 35800K .......... .......... .......... .......... .......... 49% 82.9M 1s
 35850K .......... .......... .......... .......... .......... 49% 32.2M 1s
 35900K .......... .......... .......... .......... .......... 49% 61.5M 1s
 35950K .......... .......... .......... .......... .......... 49%  109M 1s
 36000K .......... .......... .......... .......... .......... 49%  124M 1s
 36050K .......... .......... .......... .......... .......... 49% 84.9M 1s
 36100K .......... .......... .......... .......... .......... 49% 77.0M 1s
 36150K .......... .......... .......... .......... .......... 50% 69.0M 1s
 36200K .......... .......... .......... .......... .......... 50% 94.6M 1s
 36250K .......... .......... .......... .......... .......... 50%  127M 1s
 36300K .......... .......... .......... .......... .......... 50% 52.2M 1s
 36350K .......... .......... .......... .......... .......... 50% 54.4M 1s
 36400K .......... .......... .......... .......... .......... 50%  115M 1s
 36450K .......... .......... .......... .......... .......... 50%  119M 1s
 36500K .......... .......... .......... .......... .......... 50% 88.1M 1s
 36550K .......... .......... .......... .......... .......... 50% 24.0M 1s
 36600K .......... .......... .......... .......... .......... 50% 89.7M 1s
 36650K .......... .......... .......... .......... .......... 50%  127M 1s
 36700K .......... .......... .......... .......... .......... 50% 77.3M 1s
 36750K .......... .......... .......... .......... .......... 50%  116M 1s
 36800K .......... .......... .......... .......... .......... 50%  101M 1s
 36850K .......... .......... .......... .......... .......... 51%  127M 1s
 36900K .......... .......... .......... .......... .......... 51%  112M 1s
 36950K .......... .......... .......... .......... .......... 51% 94.7M 1s
 37000K .......... .......... .......... .......... .......... 51%  108M 1s
 37050K .......... .......... .......... .......... .......... 51% 71.5M 1s
 37100K .......... .......... .......... .......... .......... 51% 50.8M 1s
 37150K .......... .......... .......... .......... .......... 51%  115M 1s
 37200K .......... .......... .......... .......... .......... 51% 44.0M 1s
 37250K .......... .......... .......... .......... .......... 51%  122M 1s
 37300K .......... .......... .......... .......... .......... 51% 50.5M 1s
 37350K .......... .......... .......... .......... .......... 51% 95.3M 1s
 37400K .......... .......... .......... .......... .......... 51%  107M 1s
 37450K .......... .......... .......... .......... .......... 51%  123M 1s
 37500K .......... .......... .......... .......... .......... 51%  108M 1s
 37550K .......... .......... .......... .......... .......... 52%  112M 1s
 37600K .......... .......... .......... .......... .......... 52%  123M 1s
 37650K .......... .......... .......... .......... .......... 52% 72.1M 1s
 37700K .......... .......... .......... .......... .......... 52% 57.5M 1s
 37750K .......... .......... .......... .......... .......... 52% 63.0M 1s
 37800K .......... .......... .......... .......... .......... 52% 70.5M 1s
 37850K .......... .......... .......... .......... .......... 52% 72.9M 1s
 37900K .......... .......... .......... .......... .......... 52% 69.8M 1s
 37950K .......... .......... .......... .......... .......... 52% 91.4M 1s
 38000K .......... .......... .......... .......... .......... 52%  111M 1s
 38050K .......... .......... .......... .......... .......... 52%  120M 1s
 38100K .......... .......... .......... .......... .......... 52% 56.3M 1s
 38150K .......... .......... .......... .......... .......... 52% 61.6M 1s
 38200K .......... .......... .......... .......... .......... 52%  104M 1s
 38250K .......... .......... .......... .......... .......... 52%  120M 1s
 38300K .......... .......... .......... .......... .......... 53%  113M 1s
 38350K .......... .......... .......... .......... .......... 53% 68.5M 1s
 38400K .......... .......... .......... .......... .......... 53%  102M 1s
 38450K .......... .......... .......... .......... .......... 53% 94.4M 1s
 38500K .......... .......... .......... .......... .......... 53%  131M 1s
 38550K .......... .......... .......... .......... .......... 53% 76.2M 1s
 38600K .......... .......... .......... .......... .......... 53% 78.4M 1s
 38650K .......... .......... .......... .......... .......... 53% 84.3M 1s
 38700K .......... .......... .......... .......... .......... 53% 33.6M 1s
 38750K .......... .......... .......... .......... .......... 53%  126M 1s
 38800K .......... .......... .......... .......... .......... 53% 81.8M 1s
 38850K .......... .......... .......... .......... .......... 53% 24.7M 1s
 38900K .......... .......... .......... .......... .......... 53% 22.4M 1s
 38950K .......... .......... .......... .......... .......... 53% 47.7M 1s
 39000K .......... .......... .......... .......... .......... 54% 37.5M 1s
 39050K .......... .......... .......... .......... .......... 54% 32.1M 1s
 39100K .......... .......... .......... .......... .......... 54% 51.0M 1s
 39150K .......... .......... .......... .......... .......... 54% 68.8M 1s
 39200K .......... .......... .......... .......... .......... 54% 44.7M 1s
 39250K .......... .......... .......... .......... .......... 54% 55.2M 1s
 39300K .......... .......... .......... .......... .......... 54% 56.6M 1s
 39350K .......... .......... .......... .......... .......... 54%  104M 1s
 39400K .......... .......... .......... .......... .......... 54% 59.0M 1s
 39450K .......... .......... .......... .......... .......... 54% 54.7M 1s
 39500K .......... .......... .......... .......... .......... 54%  102M 1s
 39550K .......... .......... .......... .......... .......... 54%  121M 1s
 39600K .......... .......... .......... .......... .......... 54% 48.9M 1s
 39650K .......... .......... .......... .......... .......... 54% 92.1M 1s
 39700K .......... .......... .......... .......... .......... 54%  102M 1s
 39750K .......... .......... .......... .......... .......... 55% 92.3M 1s
 39800K .......... .......... .......... .......... .......... 55%  104M 1s
 39850K .......... .......... .......... .......... .......... 55% 20.3M 1s
 39900K .......... .......... .......... .......... .......... 55% 21.0M 1s
 39950K .......... .......... .......... .......... .......... 55% 20.4M 1s
 40000K .......... .......... .......... .......... .......... 55% 17.9M 1s
 40050K .......... .......... .......... .......... .......... 55%  110M 1s
 40100K .......... .......... .......... .......... .......... 55% 17.9M 1s
 40150K .......... .......... .......... .......... .......... 55% 18.8M 1s
 40200K .......... .......... .......... .......... .......... 55% 19.5M 1s
 40250K .......... .......... .......... .......... .......... 55%  113M 1s
 40300K .......... .......... .......... .......... .......... 55% 19.1M 1s
 40350K .......... .......... .......... .......... .......... 55% 17.6M 1s
 40400K .......... .......... .......... .......... .......... 55% 37.9M 1s
 40450K .......... .......... .......... .......... .......... 56%  101M 1s
 40500K .......... .......... .......... .......... .......... 56%  106M 1s
 40550K .......... .......... .......... .......... .......... 56% 47.5M 1s
 40600K .......... .......... .......... .......... .......... 56% 71.7M 1s
 40650K .......... .......... .......... .......... .......... 56% 58.1M 1s
 40700K .......... .......... .......... .......... .......... 56%  105M 1s
 40750K .......... .......... .......... .......... .......... 56% 54.7M 1s
 40800K .......... .......... .......... .......... .......... 56%  121M 1s
 40850K .......... .......... .......... .......... .......... 56% 84.7M 1s
 40900K .......... .......... .......... .......... .......... 56% 27.7M 1s
 40950K .......... .......... .......... .......... .......... 56% 90.4M 1s
 41000K .......... .......... .......... .......... .......... 56% 19.9M 1s
 41050K .......... .......... .......... .......... .......... 56% 20.9M 1s
 41100K .......... .......... .......... .......... .......... 56% 23.0M 1s
 41150K .......... .......... .......... .......... .......... 56% 21.9M 1s
 41200K .......... .......... .......... .......... .......... 57%  112M 1s
 41250K .......... .......... .......... .......... .......... 57% 19.9M 1s
 41300K .......... .......... .......... .......... .......... 57% 22.9M 1s
 41350K .......... .......... .......... .......... .......... 57% 19.9M 1s
 41400K .......... .......... .......... .......... .......... 57%  111M 1s
 41450K .......... .......... .......... .......... .......... 57% 21.5M 1s
 41500K .......... .......... .......... .......... .......... 57% 20.9M 1s
 41550K .......... .......... .......... .......... .......... 57% 6.19M 1s
 41600K .......... .......... .......... .......... .......... 57% 18.6M 1s
 41650K .......... .......... .......... .......... .......... 57% 91.3M 1s
 41700K .......... .......... .......... .......... .......... 57% 19.2M 1s
 41750K .......... .......... .......... .......... .......... 57% 22.9M 1s
 41800K .......... .......... .......... .......... .......... 57% 19.5M 1s
 41850K .......... .......... .......... .......... .......... 57%  111M 1s
 41900K .......... .......... .......... .......... .......... 58% 24.6M 1s
 41950K .......... .......... .......... .......... .......... 58% 20.3M 1s
 42000K .......... .......... .......... .......... .......... 58% 20.0M 1s
 42050K .......... .......... .......... .......... .......... 58% 21.0M 1s
 42100K .......... .......... .......... .......... .......... 58%  117M 1s
 42150K .......... .......... .......... .......... .......... 58% 24.2M 1s
 42200K .......... .......... .......... .......... .......... 58% 20.2M 1s
 42250K .......... .......... .......... .......... .......... 58% 19.6M 1s
 42300K .......... .......... .......... .......... .......... 58%  113M 1s
 42350K .......... .......... .......... .......... .......... 58% 29.6M 1s
 42400K .......... .......... .......... .......... .......... 58% 56.3M 1s
 42450K .......... .......... .......... .......... .......... 58% 56.3M 1s
 42500K .......... .......... .......... .......... .......... 58% 57.7M 1s
 42550K .......... .......... .......... .......... .......... 58%  106M 1s
 42600K .......... .......... .......... .......... .......... 58% 74.0M 1s
 42650K .......... .......... .......... .......... .......... 59% 68.7M 1s
 42700K .......... .......... .......... .......... .......... 59% 56.7M 1s
 42750K .......... .......... .......... .......... .......... 59% 94.5M 1s
 42800K .......... .......... .......... .......... .......... 59%  124M 1s
 42850K .......... .......... .......... .......... .......... 59% 66.9M 1s
 42900K .......... .......... .......... .......... .......... 59% 65.2M 1s
 42950K .......... .......... .......... .......... .......... 59% 58.2M 1s
 43000K .......... .......... .......... .......... .......... 59%  117M 1s
 43050K .......... .......... .......... .......... .......... 59% 89.0M 1s
 43100K .......... .......... .......... .......... .......... 59% 62.1M 1s
 43150K .......... .......... .......... .......... .......... 59% 40.1M 1s
 43200K .......... .......... .......... .......... .......... 59% 30.1M 1s
 43250K .......... .......... .......... .......... .......... 59%  134M 1s
 43300K .......... .......... .......... .......... .......... 59% 81.0M 1s
 43350K .......... .......... .......... .......... .......... 60% 70.4M 1s
 43400K .......... .......... .......... .......... .......... 60%  129M 1s
 43450K .......... .......... .......... .......... .......... 60%  114M 1s
 43500K .......... .......... .......... .......... .......... 60%  108M 1s
 43550K .......... .......... .......... .......... .......... 60% 95.1M 1s
 43600K .......... .......... .......... .......... .......... 60% 59.9M 1s
 43650K .......... .......... .......... .......... .......... 60%  120M 1s
 43700K .......... .......... .......... .......... .......... 60%  109M 1s
 43750K .......... .......... .......... .......... .......... 60% 81.6M 1s
 43800K .......... .......... .......... .......... .......... 60% 52.7M 1s
 43850K .......... .......... .......... .......... .......... 60% 78.1M 1s
 43900K .......... .......... .......... .......... .......... 60%  122M 1s
 43950K .......... .......... .......... .......... .......... 60% 52.7M 1s
 44000K .......... .......... .......... .......... .......... 60% 85.9M 1s
 44050K .......... .......... .......... .......... .......... 60% 75.6M 1s
 44100K .......... .......... .......... .......... .......... 61% 93.7M 1s
 44150K .......... .......... .......... .......... .......... 61%  110M 1s
 44200K .......... .......... .......... .......... .......... 61% 89.1M 1s
 44250K .......... .......... .......... .......... .......... 61% 72.5M 1s
 44300K .......... .......... .......... .......... .......... 61%  123M 1s
 44350K .......... .......... .......... .......... .......... 61% 95.4M 1s
 44400K .......... .......... .......... .......... .......... 61%  107M 1s
 44450K .......... .......... .......... .......... .......... 61%  129M 1s
 44500K .......... .......... .......... .......... .......... 61%  112M 1s
 44550K .......... .......... .......... .......... .......... 61%  104M 1s
 44600K .......... .......... .......... .......... .......... 61%  110M 1s
 44650K .......... .......... .......... .......... .......... 61%  117M 1s
 44700K .......... .......... .......... .......... .......... 61% 47.1M 1s
 44750K .......... .......... .......... .......... .......... 61%  137M 1s
 44800K .......... .......... .......... .......... .......... 62% 94.8M 1s
 44850K .......... .......... .......... .......... .......... 62%  114M 1s
 44900K .......... .......... .......... .......... .......... 62%  112M 1s
 44950K .......... .......... .......... .......... .......... 62%  105M 1s
 45000K .......... .......... .......... .......... .......... 62%  112M 1s
 45050K .......... .......... .......... .......... .......... 62%  131M 1s
 45100K .......... .......... .......... .......... .......... 62%  108M 1s
 45150K .......... .......... .......... .......... .......... 62% 36.5M 1s
 45200K .......... .......... .......... .......... .......... 62% 76.2M 0s
 45250K .......... .......... .......... .......... .......... 62% 80.6M 0s
 45300K .......... .......... .......... .......... .......... 62%  125M 0s
 45350K .......... .......... .......... .......... .......... 62% 60.4M 0s
 45400K .......... .......... .......... .......... .......... 62%  107M 0s
 45450K .......... .......... .......... .......... .......... 62% 93.7M 0s
 45500K .......... .......... .......... .......... .......... 63%  115M 0s
 45550K .......... .......... .......... .......... .......... 63% 70.4M 0s
 45600K .......... .......... .......... .......... .......... 63% 88.7M 0s
 45650K .......... .......... .......... .......... .......... 63%  102M 0s
 45700K .......... .......... .......... .......... .......... 63% 63.8M 0s
 45750K .......... .......... .......... .......... .......... 63%  108M 0s
 45800K .......... .......... .......... .......... .......... 63% 86.9M 0s
 45850K .......... .......... .......... .......... .......... 63%  114M 0s
 45900K .......... .......... .......... .......... .......... 63% 90.1M 0s
 45950K .......... .......... .......... .......... .......... 63% 58.2M 0s
 46000K .......... .......... .......... .......... .......... 63%  115M 0s
 46050K .......... .......... .......... .......... .......... 63% 67.4M 0s
 46100K .......... .......... .......... .......... .......... 63% 56.4M 0s
 46150K .......... .......... .......... .......... .......... 63% 67.4M 0s
 46200K .......... .......... .......... .......... .......... 63%  123M 0s
 46250K .......... .......... .......... .......... .......... 64% 71.0M 0s
 46300K .......... .......... .......... .......... .......... 64% 87.8M 0s
 46350K .......... .......... .......... .......... .......... 64% 59.5M 0s
 46400K .......... .......... .......... .......... .......... 64%  114M 0s
 46450K .......... .......... .......... .......... .......... 64%  117M 0s
 46500K .......... .......... .......... .......... .......... 64% 51.3M 0s
 46550K .......... .......... .......... .......... .......... 64% 88.5M 0s
 46600K .......... .......... .......... .......... .......... 64%  103M 0s
 46650K .......... .......... .......... .......... .......... 64%  118M 0s
 46700K .......... .......... .......... .......... .......... 64% 76.7M 0s
 46750K .......... .......... .......... .......... .......... 64% 63.7M 0s
 46800K .......... .......... .......... .......... .......... 64% 46.5M 0s
 46850K .......... .......... .......... .......... .......... 64% 67.2M 0s
 46900K .......... .......... .......... .......... .......... 64%  129M 0s
 46950K .......... .......... .......... .......... .......... 65% 65.6M 0s
 47000K .......... .......... .......... .......... .......... 65% 90.7M 0s
 47050K .......... .......... .......... .......... .......... 65% 63.1M 0s
 47100K .......... .......... .......... .......... .......... 65%  124M 0s
 47150K .......... .......... .......... .......... .......... 65% 62.4M 0s
 47200K .......... .......... .......... .......... .......... 65% 98.0M 0s
 47250K .......... .......... .......... .......... .......... 65% 66.5M 0s
 47300K .......... .......... .......... .......... .......... 65% 64.1M 0s
 47350K .......... .......... .......... .......... .......... 65%  113M 0s
 47400K .......... .......... .......... .......... .......... 65% 57.4M 0s
 47450K .......... .......... .......... .......... .......... 65% 78.2M 0s
 47500K .......... .......... .......... .......... .......... 65% 64.3M 0s
 47550K .......... .......... .......... .......... .......... 65% 51.4M 0s
 47600K .......... .......... .......... .......... .......... 65% 13.8M 0s
 47650K .......... .......... .......... .......... .......... 65% 35.4M 0s
 47700K .......... .......... .......... .......... .......... 66% 27.8M 0s
 47750K .......... .......... .......... .......... .......... 66% 37.6M 0s
 47800K .......... .......... .......... .......... .......... 66% 28.7M 0s
 47850K .......... .......... .......... .......... .......... 66% 53.4M 0s
 47900K .......... .......... .......... .......... .......... 66% 31.1M 0s
 47950K .......... .......... .......... .......... .......... 66% 68.6M 0s
 48000K .......... .......... .......... .......... .......... 66% 38.9M 0s
 48050K .......... .......... .......... .......... .......... 66% 43.3M 0s
 48100K .......... .......... .......... .......... .......... 66%  112M 0s
 48150K .......... .......... .......... .......... .......... 66% 66.4M 0s
 48200K .......... .......... .......... .......... .......... 66% 60.1M 0s
 48250K .......... .......... .......... .......... .......... 66%  119M 0s
 48300K .......... .......... .......... .......... .......... 66%  115M 0s
 48350K .......... .......... .......... .......... .......... 66%  115M 0s
 48400K .......... .......... .......... .......... .......... 67%  100M 0s
 48450K .......... .......... .......... .......... .......... 67% 21.9M 0s
 48500K .......... .......... .......... .......... .......... 67% 22.0M 0s
 48550K .......... .......... .......... .......... .......... 67% 89.2M 0s
 48600K .......... .......... .......... .......... .......... 67% 21.4M 0s
 48650K .......... .......... .......... .......... .......... 67% 20.0M 0s
 48700K .......... .......... .......... .......... .......... 67% 5.79M 0s
 48750K .......... .......... .......... .......... .......... 67% 19.4M 0s
 48800K .......... .......... .......... .......... .......... 67% 97.1M 0s
 48850K .......... .......... .......... .......... .......... 67% 21.4M 0s
 48900K .......... .......... .......... .......... .......... 67% 19.4M 0s
 48950K .......... .......... .......... .......... .......... 67% 78.7M 0s
 49000K .......... .......... .......... .......... .......... 67%  100M 0s
 49050K .......... .......... .......... .......... .......... 67% 74.7M 0s
 49100K .......... .......... .......... .......... .......... 67% 23.3M 0s
 49150K .......... .......... .......... .......... .......... 68% 95.7M 0s
 49200K .......... .......... .......... .......... .......... 68%  103M 0s
 49250K .......... .......... .......... .......... .......... 68%  122M 0s
 49300K .......... .......... .......... .......... .......... 68% 41.8M 0s
 49350K .......... .......... .......... .......... .......... 68% 59.6M 0s
 49400K .......... .......... .......... .......... .......... 68% 78.3M 0s
 49450K .......... .......... .......... .......... .......... 68%  120M 0s
 49500K .......... .......... .......... .......... .......... 68% 78.5M 0s
 49550K .......... .......... .......... .......... .......... 68% 83.9M 0s
 49600K .......... .......... .......... .......... .......... 68%  102M 0s
 49650K .......... .......... .......... .......... .......... 68% 64.4M 0s
 49700K .......... .......... .......... .......... .......... 68%  108M 0s
 49750K .......... .......... .......... .......... .......... 68%  109M 0s
 49800K .......... .......... .......... .......... .......... 68% 71.9M 0s
 49850K .......... .......... .......... .......... .......... 69% 60.5M 0s
 49900K .......... .......... .......... .......... .......... 69%  113M 0s
 49950K .......... .......... .......... .......... .......... 69% 96.2M 0s
 50000K .......... .......... .......... .......... .......... 69% 96.7M 0s
 50050K .......... .......... .......... .......... .......... 69% 76.9M 0s
 50100K .......... .......... .......... .......... .......... 69% 69.8M 0s
 50150K .......... .......... .......... .......... .......... 69%  106M 0s
 50200K .......... .......... .......... .......... .......... 69%  112M 0s
 50250K .......... .......... .......... .......... .......... 69%  113M 0s
 50300K .......... .......... .......... .......... .......... 69% 62.3M 0s
 50350K .......... .......... .......... .......... .......... 69%  101M 0s
 50400K .......... .......... .......... .......... .......... 69%  107M 0s
 50450K .......... .......... .......... .......... .......... 69% 88.6M 0s
 50500K .......... .......... .......... .......... .......... 69% 76.2M 0s
 50550K .......... .......... .......... .......... .......... 69% 48.1M 0s
 50600K .......... .......... .......... .......... .......... 70%  100M 0s
 50650K .......... .......... .......... .......... .......... 70% 99.6M 0s
 50700K .......... .......... .......... .......... .......... 70%  113M 0s
 50750K .......... .......... .......... .......... .......... 70% 97.8M 0s
 50800K .......... .......... .......... .......... .......... 70% 83.9M 0s
 50850K .......... .......... .......... .......... .......... 70% 97.2M 0s
 50900K .......... .......... .......... .......... .......... 70%  102M 0s
 50950K .......... .......... .......... .......... .......... 70% 70.9M 0s
 51000K .......... .......... .......... .......... .......... 70% 82.2M 0s
 51050K .......... .......... .......... .......... .......... 70%  121M 0s
 51100K .......... .......... .......... .......... .......... 70% 76.5M 0s
 51150K .......... .......... .......... .......... .......... 70% 70.2M 0s
 51200K .......... .......... .......... .......... .......... 70%  102M 0s
 51250K .......... .......... .......... .......... .......... 70% 91.2M 0s
 51300K .......... .......... .......... .......... .......... 71%  118M 0s
 51350K .......... .......... .......... .......... .......... 71% 65.2M 0s
 51400K .......... .......... .......... .......... .......... 71% 35.5M 0s
 51450K .......... .......... .......... .......... .......... 71% 69.6M 0s
 51500K .......... .......... .......... .......... .......... 71%  119M 0s
 51550K .......... .......... .......... .......... .......... 71%  126M 0s
 51600K .......... .......... .......... .......... .......... 71%  129M 0s
 51650K .......... .......... .......... .......... .......... 71%  106M 0s
 51700K .......... .......... .......... .......... .......... 71% 76.9M 0s
 51750K .......... .......... .......... .......... .......... 71%  105M 0s
 51800K .......... .......... .......... .......... .......... 71% 73.5M 0s
 51850K .......... .......... .......... .......... .......... 71% 80.6M 0s
 51900K .......... .......... .......... .......... .......... 71% 62.1M 0s
 51950K .......... .......... .......... .......... .......... 71% 55.6M 0s
 52000K .......... .......... .......... .......... .......... 71%  131M 0s
 52050K .......... .......... .......... .......... .......... 72% 77.2M 0s
 52100K .......... .......... .......... .......... .......... 72% 97.5M 0s
 52150K .......... .......... .......... .......... .......... 72% 84.6M 0s
 52200K .......... .......... .......... .......... .......... 72%  132M 0s
 52250K .......... .......... .......... .......... .......... 72% 55.5M 0s
 52300K .......... .......... .......... .......... .......... 72% 25.5M 0s
 52350K .......... .......... .......... .......... .......... 72% 34.1M 0s
 52400K .......... .......... .......... .......... .......... 72%  103M 0s
 52450K .......... .......... .......... .......... .......... 72%  137M 0s
 52500K .......... .......... .......... .......... .......... 72%  124M 0s
 52550K .......... .......... .......... .......... .......... 72% 16.7M 0s
 52600K .......... .......... .......... .......... .......... 72% 78.3M 0s
 52650K .......... .......... .......... .......... .......... 72%  129M 0s
 52700K .......... .......... .......... .......... .......... 72% 65.9M 0s
 52750K .......... .......... .......... .......... .......... 73% 58.3M 0s
 52800K .......... .......... .......... .......... .......... 73%  119M 0s
 52850K .......... .......... .......... .......... .......... 73% 88.2M 0s
 52900K .......... .......... .......... .......... .......... 73%  121M 0s
 52950K .......... .......... .......... .......... .......... 73% 60.2M 0s
 53000K .......... .......... .......... .......... .......... 73% 71.5M 0s
 53050K .......... .......... .......... .......... .......... 73% 78.0M 0s
 53100K .......... .......... .......... .......... .......... 73%  117M 0s
 53150K .......... .......... .......... .......... .......... 73% 69.5M 0s
 53200K .......... .......... .......... .......... .......... 73% 58.2M 0s
 53250K .......... .......... .......... .......... .......... 73% 74.2M 0s
 53300K .......... .......... .......... .......... .......... 73% 67.1M 0s
 53350K .......... .......... .......... .......... .......... 73%  110M 0s
 53400K .......... .......... .......... .......... .......... 73% 86.1M 0s
 53450K .......... .......... .......... .......... .......... 73% 14.0M 0s
 53500K .......... .......... .......... .......... .......... 74% 16.0M 0s
 53550K .......... .......... .......... .......... .......... 74% 19.7M 0s
 53600K .......... .......... .......... .......... .......... 74%  119M 0s
 53650K .......... .......... .......... .......... .......... 74% 26.8M 0s
 53700K .......... .......... .......... .......... .......... 74% 21.4M 0s
 53750K .......... .......... .......... .......... .......... 74% 14.9M 0s
 53800K .......... .......... .......... .......... .......... 74%  113M 0s
 53850K .......... .......... .......... .......... .......... 74% 22.4M 0s
 53900K .......... .......... .......... .......... .......... 74% 22.0M 0s
 53950K .......... .......... .......... .......... .......... 74% 21.4M 0s
 54000K .......... .......... .......... .......... .......... 74% 21.4M 0s
 54050K .......... .......... .......... .......... .......... 74%  110M 0s
 54100K .......... .......... .......... .......... .......... 74% 19.1M 0s
 54150K .......... .......... .......... .......... .......... 74% 23.0M 0s
 54200K .......... .......... .......... .......... .......... 75% 31.6M 0s
 54250K .......... .......... .......... .......... .......... 75%  113M 0s
 54300K .......... .......... .......... .......... .......... 75% 79.6M 0s
 54350K .......... .......... .......... .......... .......... 75% 93.3M 0s
 54400K .......... .......... .......... .......... .......... 75% 70.7M 0s
 54450K .......... .......... .......... .......... .......... 75% 52.6M 0s
 54500K .......... .......... .......... .......... .......... 75%  130M 0s
 54550K .......... .......... .......... .......... .......... 75% 55.3M 0s
 54600K .......... .......... .......... .......... .......... 75% 23.3M 0s
 54650K .......... .......... .......... .......... .......... 75% 56.1M 0s
 54700K .......... .......... .......... .......... .......... 75% 81.2M 0s
 54750K .......... .......... .......... .......... .......... 75%  169M 0s
 54800K .......... .......... .......... .......... .......... 75%  126M 0s
 54850K .......... .......... .......... .......... .......... 75% 84.0M 0s
 54900K .......... .......... .......... .......... .......... 76% 58.3M 0s
 54950K .......... .......... .......... .......... .......... 76%  113M 0s
 55000K .......... .......... .......... .......... .......... 76% 94.2M 0s
 55050K .......... .......... .......... .......... .......... 76%  128M 0s
 55100K .......... .......... .......... .......... .......... 76%  119M 0s
 55150K .......... .......... .......... .......... .......... 76% 91.1M 0s
 55200K .......... .......... .......... .......... .......... 76%  123M 0s
 55250K .......... .......... .......... .......... .......... 76%  113M 0s
 55300K .......... .......... .......... .......... .......... 76% 5.50M 0s
 55350K .......... .......... .......... .......... .......... 76% 4.48M 0s
 55400K .......... .......... .......... .......... .......... 76% 82.4M 0s
 55450K .......... .......... .......... .......... .......... 76%  101M 0s
 55500K .......... .......... .......... .......... .......... 76% 76.6M 0s
 55550K .......... .......... .......... .......... .......... 76% 70.8M 0s
 55600K .......... .......... .......... .......... .......... 76%  101M 0s
 55650K .......... .......... .......... .......... .......... 77%  106M 0s
 55700K .......... .......... .......... .......... .......... 77% 40.9M 0s
 55750K .......... .......... .......... .......... .......... 77% 79.4M 0s
 55800K .......... .......... .......... .......... .......... 77%  124M 0s
 55850K .......... .......... .......... .......... .......... 77%  152M 0s
 55900K .......... .......... .......... .......... .......... 77% 74.0M 0s
 55950K .......... .......... .......... .......... .......... 77% 62.3M 0s
 56000K .......... .......... .......... .......... .......... 77% 70.3M 0s
 56050K .......... .......... .......... .......... .......... 77% 92.7M 0s
 56100K .......... .......... .......... .......... .......... 77%  135M 0s
 56150K .......... .......... .......... .......... .......... 77%  102M 0s
 56200K .......... .......... .......... .......... .......... 77%  116M 0s
 56250K .......... .......... .......... .......... .......... 77% 77.2M 0s
 56300K .......... .......... .......... .......... .......... 77%  126M 0s
 56350K .......... .......... .......... .......... .......... 78% 68.1M 0s
 56400K .......... .......... .......... .......... .......... 78% 76.9M 0s
 56450K .......... .......... .......... .......... .......... 78% 76.1M 0s
 56500K .......... .......... .......... .......... .......... 78% 71.6M 0s
 56550K .......... .......... .......... .......... .......... 78%  103M 0s
 56600K .......... .......... .......... .......... .......... 78% 76.7M 0s
 56650K .......... .......... .......... .......... .......... 78% 70.2M 0s
 56700K .......... .......... .......... .......... .......... 78% 31.6M 0s
 56750K .......... .......... .......... .......... .......... 78% 21.9M 0s
 56800K .......... .......... .......... .......... .......... 78% 96.5M 0s
 56850K .......... .......... .......... .......... .......... 78% 58.9M 0s
 56900K .......... .......... .......... .......... .......... 78%  109M 0s
 56950K .......... .......... .......... .......... .......... 78% 71.1M 0s
 57000K .......... .......... .......... .......... .......... 78%  132M 0s
 57050K .......... .......... .......... .......... .......... 78% 64.2M 0s
 57100K .......... .......... .......... .......... .......... 79% 76.9M 0s
 57150K .......... .......... .......... .......... .......... 79% 81.0M 0s
 57200K .......... .......... .......... .......... .......... 79% 77.1M 0s
 57250K .......... .......... .......... .......... .......... 79% 96.0M 0s
 57300K .......... .......... .......... .......... .......... 79% 38.3M 0s
 57350K .......... .......... .......... .......... .......... 79% 59.1M 0s
 57400K .......... .......... .......... .......... .......... 79%  113M 0s
 57450K .......... .......... .......... .......... .......... 79%  120M 0s
 57500K .......... .......... .......... .......... .......... 79% 58.1M 0s
 57550K .......... .......... .......... .......... .......... 79% 82.7M 0s
 57600K .......... .......... .......... .......... .......... 79% 42.5M 0s
 57650K .......... .......... .......... .......... .......... 79%  111M 0s
 57700K .......... .......... .......... .......... .......... 79%  112M 0s
 57750K .......... .......... .......... .......... .......... 79% 89.5M 0s
 57800K .......... .......... .......... .......... .......... 80% 47.1M 0s
 57850K .......... .......... .......... .......... .......... 80% 85.8M 0s
 57900K .......... .......... .......... .......... .......... 80%  135M 0s
 57950K .......... .......... .......... .......... .......... 80% 93.9M 0s
 58000K .......... .......... .......... .......... .......... 80%  131M 0s
 58050K .......... .......... .......... .......... .......... 80%  120M 0s
 58100K .......... .......... .......... .......... .......... 80% 90.5M 0s
 58150K .......... .......... .......... .......... .......... 80%  116M 0s
 58200K .......... .......... .......... .......... .......... 80% 76.4M 0s
 58250K .......... .......... .......... .......... .......... 80% 62.3M 0s
 58300K .......... .......... .......... .......... .......... 80% 84.3M 0s
 58350K .......... .......... .......... .......... .......... 80% 68.4M 0s
 58400K .......... .......... .......... .......... .......... 80%  114M 0s
 58450K .......... .......... .......... .......... .......... 80% 67.8M 0s
 58500K .......... .......... .......... .......... .......... 80% 83.2M 0s
 58550K .......... .......... .......... .......... .......... 81% 98.2M 0s
 58600K .......... .......... .......... .......... .......... 81%  106M 0s
 58650K .......... .......... .......... .......... .......... 81% 87.3M 0s
 58700K .......... .......... .......... .......... .......... 81% 85.6M 0s
 58750K .......... .......... .......... .......... .......... 81% 47.1M 0s
 58800K .......... .......... .......... .......... .......... 81% 82.5M 0s
 58850K .......... .......... .......... .......... .......... 81% 87.3M 0s
 58900K .......... .......... .......... .......... .......... 81%  118M 0s
 58950K .......... .......... .......... .......... .......... 81% 88.6M 0s
 59000K .......... .......... .......... .......... .......... 81% 88.7M 0s
 59050K .......... .......... .......... .......... .......... 81% 68.1M 0s
 59100K .......... .......... .......... .......... .......... 81%  114M 0s
 59150K .......... .......... .......... .......... .......... 81% 87.9M 0s
 59200K .......... .......... .......... .......... .......... 81%  120M 0s
 59250K .......... .......... .......... .......... .......... 82% 48.6M 0s
 59300K .......... .......... .......... .......... .......... 82% 89.3M 0s
 59350K .......... .......... .......... .......... .......... 82% 61.2M 0s
 59400K .......... .......... .......... .......... .......... 82% 18.3M 0s
 59450K .......... .......... .......... .......... .......... 82% 85.1M 0s
 59500K .......... .......... .......... .......... .......... 82% 37.8M 0s
 59550K .......... .......... .......... .......... .......... 82%  106M 0s
 59600K .......... .......... .......... .......... .......... 82%  123M 0s
 59650K .......... .......... .......... .......... .......... 82% 90.4M 0s
 59700K .......... .......... .......... .......... .......... 82% 72.8M 0s
 59750K .......... .......... .......... .......... .......... 82% 76.9M 0s
 59800K .......... .......... .......... .......... .......... 82%  105M 0s
 59850K .......... .......... .......... .......... .......... 82%  125M 0s
 59900K .......... .......... .......... .......... .......... 82%  130M 0s
 59950K .......... .......... .......... .......... .......... 82%  108M 0s
 60000K .......... .......... .......... .......... .......... 83%  136M 0s
 60050K .......... .......... .......... .......... .......... 83%  120M 0s
 60100K .......... .......... .......... .......... .......... 83%  120M 0s
 60150K .......... .......... .......... .......... .......... 83%  101M 0s
 60200K .......... .......... .......... .......... .......... 83%  113M 0s
 60250K .......... .......... .......... .......... .......... 83%  115M 0s
 60300K .......... .......... .......... .......... .......... 83%  141M 0s
 60350K .......... .......... .......... .......... .......... 83% 74.1M 0s
 60400K .......... .......... .......... .......... .......... 83% 45.9M 0s
 60450K .......... .......... .......... .......... .......... 83%  121M 0s
 60500K .......... .......... .......... .......... .......... 83%  108M 0s
 60550K .......... .......... .......... .......... .......... 83%  108M 0s
 60600K .......... .......... .......... .......... .......... 83% 89.5M 0s
 60650K .......... .......... .......... .......... .......... 83%  116M 0s
 60700K .......... .......... .......... .......... .......... 84% 98.6M 0s
 60750K .......... .......... .......... .......... .......... 84% 23.3M 0s
 60800K .......... .......... .......... .......... .......... 84% 36.4M 0s
 60850K .......... .......... .......... .......... .......... 84%  103M 0s
 60900K .......... .......... .......... .......... .......... 84%  125M 0s
 60950K .......... .......... .......... .......... .......... 84%  114M 0s
 61000K .......... .......... .......... .......... .......... 84%  117M 0s
 61050K .......... .......... .......... .......... .......... 84%  117M 0s
 61100K .......... .......... .......... .......... .......... 84%  113M 0s
 61150K .......... .......... .......... .......... .......... 84% 88.1M 0s
 61200K .......... .......... .......... .......... .......... 84%  101M 0s
 61250K .......... .......... .......... .......... .......... 84%  122M 0s
 61300K .......... .......... .......... .......... .......... 84%  153M 0s
 61350K .......... .......... .......... .......... .......... 84% 99.2M 0s
 61400K .......... .......... .......... .......... .......... 84%  122M 0s
 61450K .......... .......... .......... .......... .......... 85%  118M 0s
 61500K .......... .......... .......... .......... .......... 85% 69.9M 0s
 61550K .......... .......... .......... .......... .......... 85% 50.5M 0s
 61600K .......... .......... .......... .......... .......... 85%  120M 0s
 61650K .......... .......... .......... .......... .......... 85% 34.2M 0s
 61700K .......... .......... .......... .......... .......... 85% 36.4M 0s
 61750K .......... .......... .......... .......... .......... 85%  108M 0s
 61800K .......... .......... .......... .......... .......... 85%  112M 0s
 61850K .......... .......... .......... .......... .......... 85%  110M 0s
 61900K .......... .......... .......... .......... .......... 85%  137M 0s
 61950K .......... .......... .......... .......... .......... 85% 91.2M 0s
 62000K .......... .......... .......... .......... .......... 85%  110M 0s
 62050K .......... .......... .......... .......... .......... 85%  128M 0s
 62100K .......... .......... .......... .......... .......... 85%  127M 0s
 62150K .......... .......... .......... .......... .......... 86% 87.5M 0s
 62200K .......... .......... .......... .......... .......... 86%  121M 0s
 62250K .......... .......... .......... .......... .......... 86%  119M 0s
 62300K .......... .......... .......... .......... .......... 86% 40.1M 0s
 62350K .......... .......... .......... .......... .......... 86% 70.9M 0s
 62400K .......... .......... .......... .......... .......... 86%  110M 0s
 62450K .......... .......... .......... .......... .......... 86%  106M 0s
 62500K .......... .......... .......... .......... .......... 86%  124M 0s
 62550K .......... .......... .......... .......... .......... 86% 78.7M 0s
 62600K .......... .......... .......... .......... .......... 86% 78.9M 0s
 62650K .......... .......... .......... .......... .......... 86% 59.1M 0s
 62700K .......... .......... .......... .......... .......... 86%  116M 0s
 62750K .......... .......... .......... .......... .......... 86% 75.0M 0s
 62800K .......... .......... .......... .......... .......... 86% 66.0M 0s
 62850K .......... .......... .......... .......... .......... 86% 67.4M 0s
 62900K .......... .......... .......... .......... .......... 87% 85.6M 0s
 62950K .......... .......... .......... .......... .......... 87%  110M 0s
 63000K .......... .......... .......... .......... .......... 87% 77.4M 0s
 63050K .......... .......... .......... .......... .......... 87% 71.9M 0s
 63100K .......... .......... .......... .......... .......... 87% 77.6M 0s
 63150K .......... .......... .......... .......... .......... 87% 48.3M 0s
 63200K .......... .......... .......... .......... .......... 87%  114M 0s
 63250K .......... .......... .......... .......... .......... 87% 90.0M 0s
 63300K .......... .......... .......... .......... .......... 87%  103M 0s
 63350K .......... .......... .......... .......... .......... 87% 69.5M 0s
 63400K .......... .......... .......... .......... .......... 87%  116M 0s
 63450K .......... .......... .......... .......... .......... 87% 97.3M 0s
 63500K .......... .......... .......... .......... .......... 87% 76.0M 0s
 63550K .......... .......... .......... .......... .......... 87% 65.6M 0s
 63600K .......... .......... .......... .......... .......... 88% 21.6M 0s
 63650K .......... .......... .......... .......... .......... 88%  107M 0s
 63700K .......... .......... .......... .......... .......... 88% 17.3M 0s
 63750K .......... .......... .......... .......... .......... 88% 45.2M 0s
 63800K .......... .......... .......... .......... .......... 88% 81.5M 0s
 63850K .......... .......... .......... .......... .......... 88%  113M 0s
 63900K .......... .......... .......... .......... .......... 88% 83.3M 0s
 63950K .......... .......... .......... .......... .......... 88% 62.7M 0s
 64000K .......... .......... .......... .......... .......... 88% 5.19M 0s
 64050K .......... .......... .......... .......... .......... 88% 2.41M 0s
 64100K .......... .......... .......... .......... .......... 88%  118M 0s
 64150K .......... .......... .......... .......... .......... 88% 73.4M 0s
 64200K .......... .......... .......... .......... .......... 88% 39.5M 0s
 64250K .......... .......... .......... .......... .......... 88% 64.8M 0s
 64300K .......... .......... .......... .......... .......... 89% 88.2M 0s
 64350K .......... .......... .......... .......... .......... 89% 96.8M 0s
 64400K .......... .......... .......... .......... .......... 89%  113M 0s
 64450K .......... .......... .......... .......... .......... 89%  109M 0s
 64500K .......... .......... .......... .......... .......... 89%  111M 0s
 64550K .......... .......... .......... .......... .......... 89%  114M 0s
 64600K .......... .......... .......... .......... .......... 89%  125M 0s
 64650K .......... .......... .......... .......... .......... 89%  127M 0s
 64700K .......... .......... .......... .......... .......... 89% 94.2M 0s
 64750K .......... .......... .......... .......... .......... 89% 68.8M 0s
 64800K .......... .......... .......... .......... .......... 89% 92.4M 0s
 64850K .......... .......... .......... .......... .......... 89%  111M 0s
 64900K .......... .......... .......... .......... .......... 89% 96.7M 0s
 64950K .......... .......... .......... .......... .......... 89% 82.0M 0s
 65000K .......... .......... .......... .......... .......... 89%  104M 0s
 65050K .......... .......... .......... .......... .......... 90% 63.0M 0s
 65100K .......... .......... .......... .......... .......... 90% 91.6M 0s
 65150K .......... .......... .......... .......... .......... 90% 82.8M 0s
 65200K .......... .......... .......... .......... .......... 90% 87.6M 0s
 65250K .......... .......... .......... .......... .......... 90%  114M 0s
 65300K .......... .......... .......... .......... .......... 90% 59.6M 0s
 65350K .......... .......... .......... .......... .......... 90% 92.0M 0s
 65400K .......... .......... .......... .......... .......... 90% 37.2M 0s
 65450K .......... .......... .......... .......... .......... 90%  115M 0s
 65500K .......... .......... .......... .......... .......... 90% 86.8M 0s
 65550K .......... .......... .......... .......... .......... 90% 11.2M 0s
 65600K .......... .......... .......... .......... .......... 90% 68.3M 0s
 65650K .......... .......... .......... .......... .......... 90% 24.1M 0s
 65700K .......... .......... .......... .......... .......... 90%  110M 0s
 65750K .......... .......... .......... .......... .......... 91% 16.1M 0s
 65800K .......... .......... .......... .......... .......... 91% 23.4M 0s
 65850K .......... .......... .......... .......... .......... 91% 23.3M 0s
 65900K .......... .......... .......... .......... .......... 91%  103M 0s
 65950K .......... .......... .......... .......... .......... 91% 21.0M 0s
 66000K .......... .......... .......... .......... .......... 91% 21.4M 0s
 66050K .......... .......... .......... .......... .......... 91% 12.8M 0s
 66100K .......... .......... .......... .......... .......... 91% 3.48M 0s
 66150K .......... .......... .......... .......... .......... 91% 95.3M 0s
 66200K .......... .......... .......... .......... .......... 91% 97.5M 0s
 66250K .......... .......... .......... .......... .......... 91% 78.9M 0s
 66300K .......... .......... .......... .......... .......... 91% 64.1M 0s
 66350K .......... .......... .......... .......... .......... 91% 32.3M 0s
 66400K .......... .......... .......... .......... .......... 91%  145M 0s
 66450K .......... .......... .......... .......... .......... 91%  130M 0s
 66500K .......... .......... .......... .......... .......... 92%  110M 0s
 66550K .......... .......... .......... .......... .......... 92% 74.9M 0s
 66600K .......... .......... .......... .......... .......... 92%  110M 0s
 66650K .......... .......... .......... .......... .......... 92% 80.2M 0s
 66700K .......... .......... .......... .......... .......... 92% 70.1M 0s
 66750K .......... .......... .......... .......... .......... 92% 80.5M 0s
 66800K .......... .......... .......... .......... .......... 92% 63.5M 0s
 66850K .......... .......... .......... .......... .......... 92% 86.6M 0s
 66900K .......... .......... .......... .......... .......... 92% 94.9M 0s
 66950K .......... .......... .......... .......... .......... 92% 98.3M 0s
 67000K .......... .......... .......... .......... .......... 92%  112M 0s
 67050K .......... .......... .......... .......... .......... 92%  148M 0s
 67100K .......... .......... .......... .......... .......... 92%  122M 0s
 67150K .......... .......... .......... .......... .......... 92% 49.9M 0s
 67200K .......... .......... .......... .......... .......... 93% 63.5M 0s
 67250K .......... .......... .......... .......... .......... 93%  108M 0s
 67300K .......... .......... .......... .......... .......... 93%  121M 0s
 67350K .......... .......... .......... .......... .......... 93%  117M 0s
 67400K .......... .......... .......... .......... .......... 93%  109M 0s
 67450K .......... .......... .......... .......... .......... 93% 81.4M 0s
 67500K .......... .......... .......... .......... .......... 93%  120M 0s
 67550K .......... .......... .......... .......... .......... 93% 78.9M 0s
 67600K .......... .......... .......... .......... .......... 93% 18.2M 0s
 67650K .......... .......... .......... .......... .......... 93% 14.4M 0s
 67700K .......... .......... .......... .......... .......... 93% 34.8M 0s
 67750K .......... .......... .......... .......... .......... 93%  104M 0s
 67800K .......... .......... .......... .......... .......... 93% 12.3M 0s
 67850K .......... .......... .......... .......... .......... 93% 37.8M 0s
 67900K .......... .......... .......... .......... .......... 93% 22.7M 0s
 67950K .......... .......... .......... .......... .......... 94% 21.3M 0s
 68000K .......... .......... .......... .......... .......... 94%  119M 0s
 68050K .......... .......... .......... .......... .......... 94% 20.4M 0s
 68100K .......... .......... .......... .......... .......... 94% 21.8M 0s
 68150K .......... .......... .......... .......... .......... 94% 17.8M 0s
 68200K .......... .......... .......... .......... .......... 94%  107M 0s
 68250K .......... .......... .......... .......... .......... 94% 20.9M 0s
 68300K .......... .......... .......... .......... .......... 94% 26.0M 0s
 68350K .......... .......... .......... .......... .......... 94% 8.81M 0s
 68400K .......... .......... .......... .......... .......... 94% 89.8M 0s
 68450K .......... .......... .......... .......... .......... 94%  120M 0s
 68500K .......... .......... .......... .......... .......... 94% 70.4M 0s
 68550K .......... .......... .......... .......... .......... 94% 21.7M 0s
 68600K .......... .......... .......... .......... .......... 94%  109M 0s
 68650K .......... .......... .......... .......... .......... 95% 99.7M 0s
 68700K .......... .......... .......... .......... .......... 95%  126M 0s
 68750K .......... .......... .......... .......... .......... 95% 43.3M 0s
 68800K .......... .......... .......... .......... .......... 95% 88.7M 0s
 68850K .......... .......... .......... .......... .......... 95%  139M 0s
 68900K .......... .......... .......... .......... .......... 95%  111M 0s
 68950K .......... .......... .......... .......... .......... 95% 76.3M 0s
 69000K .......... .......... .......... .......... .......... 95% 82.5M 0s
 69050K .......... .......... .......... .......... .......... 95% 95.1M 0s
 69100K .......... .......... .......... .......... .......... 95%  109M 0s
 69150K .......... .......... .......... .......... .......... 95% 65.2M 0s
 69200K .......... .......... .......... .......... .......... 95% 79.3M 0s
 69250K .......... .......... .......... .......... .......... 95%  105M 0s
 69300K .......... .......... .......... .......... .......... 95%  103M 0s
 69350K .......... .......... .......... .......... .......... 95%  108M 0s
 69400K .......... .......... .......... .......... .......... 96% 45.3M 0s
 69450K .......... .......... .......... .......... .......... 96% 61.9M 0s
 69500K .......... .......... .......... .......... .......... 96% 82.0M 0s
 69550K .......... .......... .......... .......... .......... 96% 71.2M 0s
 69600K .......... .......... .......... .......... .......... 96%  121M 0s
 69650K .......... .......... .......... .......... .......... 96% 70.9M 0s
 69700K .......... .......... .......... .......... .......... 96% 62.5M 0s
 69750K .......... .......... .......... .......... .......... 96%  102M 0s
 69800K .......... .......... .......... .......... .......... 96%  116M 0s
 69850K .......... .......... .......... .......... .......... 96% 53.6M 0s
 69900K .......... .......... .......... .......... .......... 96% 80.9M 0s
 69950K .......... .......... .......... .......... .......... 96% 54.4M 0s
 70000K .......... .......... .......... .......... .......... 96%  112M 0s
 70050K .......... .......... .......... .......... .......... 96%  121M 0s
 70100K .......... .......... .......... .......... .......... 97% 94.4M 0s
 70150K .......... .......... .......... .......... .......... 97% 57.6M 0s
 70200K .......... .......... .......... .......... .......... 97%  124M 0s
 70250K .......... .......... .......... .......... .......... 97%  102M 0s
 70300K .......... .......... .......... .......... .......... 97% 90.6M 0s
 70350K .......... .......... .......... .......... .......... 97% 91.5M 0s
 70400K .......... .......... .......... .......... .......... 97% 79.4M 0s
 70450K .......... .......... .......... .......... .......... 97% 51.8M 0s
 70500K .......... .......... .......... .......... .......... 97%  117M 0s
 70550K .......... .......... .......... .......... .......... 97% 69.5M 0s
 70600K .......... .......... .......... .......... .......... 97% 88.5M 0s
 70650K .......... .......... .......... .......... .......... 97% 55.3M 0s
 70700K .......... .......... .......... .......... .......... 97%  119M 0s
 70750K .......... .......... .......... .......... .......... 97% 80.8M 0s
 70800K .......... .......... .......... .......... .......... 97% 62.7M 0s
 70850K .......... .......... .......... .......... .......... 98% 58.7M 0s
 70900K .......... .......... .......... .......... .......... 98%  103M 0s
 70950K .......... .......... .......... .......... .......... 98%  114M 0s
 71000K .......... .......... .......... .......... .......... 98% 73.5M 0s
 71050K .......... .......... .......... .......... .......... 98% 61.1M 0s
 71100K .......... .......... .......... .......... .......... 98% 92.5M 0s
 71150K .......... .......... .......... .......... .......... 98% 64.6M 0s
 71200K .......... .......... .......... .......... .......... 98%  107M 0s
 71250K .......... .......... .......... .......... .......... 98% 80.6M 0s
 71300K .......... .......... .......... .......... .......... 98% 95.8M 0s
 71350K .......... .......... .......... .......... .......... 98% 63.7M 0s
 71400K .......... .......... .......... .......... .......... 98%  109M 0s
 71450K .......... .......... .......... .......... .......... 98%  119M 0s
 71500K .......... .......... .......... .......... .......... 98% 87.6M 0s
 71550K .......... .......... .......... .......... .......... 99% 30.7M 0s
 71600K .......... .......... .......... .......... .......... 99%  111M 0s
 71650K .......... .......... .......... .......... .......... 99%  104M 0s
 71700K .......... .......... .......... .......... .......... 99%  145M 0s
 71750K .......... .......... .......... .......... .......... 99% 87.2M 0s
 71800K .......... .......... .......... .......... .......... 99%  102M 0s
 71850K .......... .......... .......... .......... .......... 99%  122M 0s
 71900K .......... .......... .......... .......... .......... 99%  129M 0s
 71950K .......... .......... .......... .......... .......... 99%  122M 0s
 72000K .......... .......... .......... .......... .......... 99% 58.1M 0s
 72050K .......... .......... .......... .......... .......... 99% 82.0M 0s
 72100K .......... .......... .......... .......... .......... 99% 99.9M 0s
 72150K .......... .......... .......... .......... .......... 99% 34.8M 0s
 72200K .......... .......... .......... .......... .......... 99% 26.3M 0s
 72250K .......... .......... .......... .......... .......... 99%  106M 0s
 72300K .                                                     100% 34.5M=1.3s

2021-03-13 02:59:52 (53.0 MB/s) - â€˜/tmp/firefox-latest.tar.bz2â€™ saved [74036656/74036656]


travis_time:end:14494ce2:start=1615604391304815283,finish=1615604392975375097,duration=1670559814[0K$ export PATH=$HOME/firefox-latest/firefox:$PATH
travis_fold:end:install_firefox[0Ktravis_time:start:00a117b0[0K$ source ~/virtualenv/python3.5/bin/activate

travis_time:end:00a117b0:start=1615604404120126082,finish=1615604404137515955,duration=17389873[0Ktravis_fold:start:cache.1[0KSetting up build cache
$ export CASHER_DIR=$HOME/.casher
travis_time:start:02e492b0[0K$ Installing caching utilities

travis_time:end:02e492b0:start=1615604404842577466,finish=1615604405044111387,duration=201533921[0Ktravis_time:start:0d613ec4[0K
travis_time:end:0d613ec4:start=1615604405060990045,finish=1615604405072244043,duration=11253998[0Ktravis_time:start:07ef0a2c[0K/home/travis/.casher/bin/casher:213:in `cache_archive_name': undefined method `[]' for nil:NilClass (NoMethodError)
	from /home/travis/.casher/bin/casher:65:in `block in fetch'
	from /home/travis/.casher/bin/casher:64:in `each'
	from /home/travis/.casher/bin/casher:64:in `fetch'
	from /home/travis/.casher/bin/casher:53:in `block in run'
	from /home/travis/.rvm/rubies/ruby-2.2.7/lib/ruby/2.2.0/timeout.rb:88:in `block in timeout'
	from /home/travis/.rvm/rubies/ruby-2.2.7/lib/ruby/2.2.0/timeout.rb:32:in `block in catch'
	from /home/travis/.rvm/rubies/ruby-2.2.7/lib/ruby/2.2.0/timeout.rb:32:in `catch'
	from /home/travis/.rvm/rubies/ruby-2.2.7/lib/ruby/2.2.0/timeout.rb:32:in `catch'
	from /home/travis/.rvm/rubies/ruby-2.2.7/lib/ruby/2.2.0/timeout.rb:103:in `timeout'
	from /home/travis/.casher/bin/casher:53:in `run'
	from /home/travis/.casher/bin/casher:263:in `<main>'
[32;1mattempting to download cache archive[0m

travis_time:end:07ef0a2c:start=1615604405085065378,finish=1615604405987274366,duration=902208988[0Ktravis_time:start:0b079d50[0K
travis_time:end:0b079d50:start=1615604405999568888,finish=1615604406009226125,duration=9657237[0Ktravis_time:start:064377f3[0K[32;1madding /home/travis/.cache/pip to cache[0m

travis_time:end:064377f3:start=1615604406022656822,finish=1615604406969613436,duration=946956614[0Ktravis_fold:end:cache.1[0Ktravis_fold:start:cache.pip[0K
travis_time:start:178d6a1e[0K
travis_time:end:178d6a1e:start=1615604406983782250,finish=1615604406995858576,duration=12076326[0Ktravis_time:start:023d7e40[0K[32;1madding /home/travis/.cache/pip to cache[0m

travis_time:end:023d7e40:start=1615604407008443489,finish=1615604407906909646,duration=898466157[0Ktravis_fold:end:cache.pip[0K$ python --version
Python 3.5.6
$ pip --version
pip 18.0 from /home/travis/virtualenv/python3.5.6/lib/python3.5/site-packages/pip (python 3.5)
travis_fold:start:before_install.1[0Ktravis_time:start:07ed7e19[0K$ export DISPLAY=:99.0

travis_time:end:07ed7e19:start=1615604408326900444,finish=1615604408337357400,duration=10456956[0Ktravis_fold:end:before_install.1[0Ktravis_fold:start:before_install.2[0Ktravis_time:start:110dc579[0K$ sh -e /etc/init.d/xvfb start
Starting virtual X frame buffer: Xvfb.

travis_time:end:110dc579:start=1615604408350796370,finish=1615604408390505615,duration=39709245[0Ktravis_fold:end:before_install.2[0Ktravis_fold:start:install.1[0Ktravis_time:start:0df96ce6[0K$ ./manage.sh install_geckodriver ~/drivers
[!] Checking geckodriver
Installing /home/travis/drivers/geckodriver from
  https://github.com/mozilla/geckodriver/releases/download/v0.19.1/geckodriver-v0.19.1-linux64.tar.gz
travis_time:end:0df96ce6:start=1615604408404130986,finish=1615604409021562089,duration=617431103[0Ktravis_fold:end:install.1[0Ktravis_fold:start:install.2[0Ktravis_time:start:0074364a[0K$ export PATH=~/drivers:$PATH

travis_time:end:0074364a:start=1615604409034361692,finish=1615604409043921982,duration=9560290[0Ktravis_fold:end:install.2[0Ktravis_fold:start:install.3[0Ktravis_time:start:0341f6b0[0K$ ./manage.sh npm_packages
[!] install NPM packages
npm WARN notice [SECURITY] set-value has the following vulnerability: 1 high. Go here for more details: https://www.npmjs.com/advisories?search=set-value&version=2.0.1 - Run `npm i npm@latest -g` to upgrade your npm version, and then `npm audit` to get more info.
npm WARN deprecated resolve-url@0.2.1: https://github.com/lydell/resolve-url#deprecated
npm WARN deprecated urix@0.1.0: Please see https://github.com/lydell/urix#deprecated
npm WARN deprecated request@2.81.0: request has been deprecated, see https://github.com/request/request/issues/3142
npm WARN deprecated hawk@3.1.3: This module moved to @hapi/hawk. Please make sure to switch over as this distribution is no longer supported and may contain bugs and critical security issues.
npm WARN deprecated har-validator@4.2.1: this library is no longer supported
npm WARN notice [SECURITY] cryptiles has the following vulnerability: 1 high. Go here for more details: https://www.npmjs.com/advisories?search=cryptiles&version=2.0.5 - Run `npm i npm@latest -g` to upgrade your npm version, and then `npm audit` to get more info.
npm WARN notice [SECURITY] hoek has the following vulnerability: 1 moderate. Go here for more details: https://www.npmjs.com/advisories?search=hoek&version=2.16.3 - Run `npm i npm@latest -g` to upgrade your npm version, and then `npm audit` to get more info.
npm WARN deprecated sntp@1.0.9: This module moved to @hapi/sntp. Please make sure to switch over as this distribution is no longer supported and may contain bugs and critical security issues.
npm WARN deprecated cryptiles@2.0.5: This version has been deprecated in accordance with the hapi support policy (hapi.im/support). Please upgrade to the latest version to get the best features, bug fixes, and security patches. If you are unable to upgrade at this time, paid support is available for older versions (hapi.im/commercial).
npm WARN deprecated boom@2.10.1: This version has been deprecated in accordance with the hapi support policy (hapi.im/support). Please upgrade to the latest version to get the best features, bug fixes, and security patches. If you are unable to upgrade at this time, paid support is available for older versions (hapi.im/commercial).
npm WARN deprecated hoek@2.16.3: This version has been deprecated in accordance with the hapi support policy (hapi.im/support). Please upgrade to the latest version to get the best features, bug fixes, and security patches. If you are unable to upgrade at this time, paid support is available for older versions (hapi.im/commercial).
npm WARN notice [SECURITY] clean-css has the following vulnerability: 1 low. Go here for more details: https://www.npmjs.com/advisories?search=clean-css&version=3.4.28 - Run `npm i npm@latest -g` to upgrade your npm version, and then `npm audit` to get more info.
npm WARN saveError ENOENT: no such file or directory, open '/home/travis/build/passed/asciimoo/searx/package.json'
npm notice created a lockfile as package-lock.json. You should commit this file.
npm WARN enoent ENOENT: no such file or directory, open '/home/travis/build/passed/asciimoo/searx/package.json'
npm WARN searx No description
npm WARN searx No repository field.
npm WARN searx No README data
npm WARN searx No license field.

+ less-plugin-clean-css@1.5.1
+ grunt-cli@1.3.2
+ less@2.7.3
added 224 packages in 9.784s
[!] install NPM packages for oscar theme
npm WARN notice [SECURITY] lodash has the following vulnerabilities: 3 high, 2 low. Go here for more details: https://www.npmjs.com/advisories?search=lodash&version=2.4.2 - Run `npm i npm@latest -g` to upgrade your npm version, and then `npm audit` to get more info.
npm WARN deprecated coffee-script@1.3.3: CoffeeScript on NPM has moved to "coffeescript" (no hyphen)
npm WARN notice [SECURITY] lodash has the following vulnerabilities: 3 high, 2 low. Go here for more details: https://www.npmjs.com/advisories?search=lodash&version=0.9.2 - Run `npm i npm@latest -g` to upgrade your npm version, and then `npm audit` to get more info.
npm WARN notice [SECURITY] underscore.string has the following vulnerability: 1 moderate. Go here for more details: https://www.npmjs.com/advisories?search=underscore.string&version=2.2.1 - Run `npm i npm@latest -g` to upgrade your npm version, and then `npm audit` to get more info.
npm WARN notice [SECURITY] minimatch has the following vulnerability: 1 high. Go here for more details: https://www.npmjs.com/advisories?search=minimatch&version=0.2.14 - Run `npm i npm@latest -g` to upgrade your npm version, and then `npm audit` to get more info.
npm WARN deprecated minimatch@0.2.14: Please update to minimatch 3.0.2 or higher to avoid a RegExp DoS issue
npm WARN notice [SECURITY] js-yaml has the following vulnerabilities: 1 high, 1 moderate. Go here for more details: https://www.npmjs.com/advisories?search=js-yaml&version=2.0.5 - Run `npm i npm@latest -g` to upgrade your npm version, and then `npm audit` to get more info.
npm WARN deprecated graceful-fs@1.2.3: please upgrade to graceful-fs 4 for compatibility with current and future versions of Node.js
npm WARN notice [SECURITY] mime has the following vulnerability: 1 moderate. Go here for more details: https://www.npmjs.com/advisories?search=mime&version=1.2.11 - Run `npm i npm@latest -g` to upgrade your npm version, and then `npm audit` to get more info.
npm WARN notice [SECURITY] request has the following vulnerability: 1 moderate. Go here for more details: https://www.npmjs.com/advisories?search=request&version=2.40.0 - Run `npm i npm@latest -g` to upgrade your npm version, and then `npm audit` to get more info.
npm WARN deprecated request@2.40.0: request has been deprecated, see https://github.com/request/request/issues/3142
npm WARN notice [SECURITY] cli has the following vulnerability: 1 low. Go here for more details: https://www.npmjs.com/advisories?search=cli&version=0.6.6 - Run `npm i npm@latest -g` to upgrade your npm version, and then `npm audit` to get more info.
npm WARN notice [SECURITY] qs has the following vulnerabilities: 3 high. Go here for more details: https://www.npmjs.com/advisories?search=qs&version=0.5.6 - Run `npm i npm@latest -g` to upgrade your npm version, and then `npm audit` to get more info.
npm WARN notice [SECURITY] minimatch has the following vulnerability: 1 high. Go here for more details: https://www.npmjs.com/advisories?search=minimatch&version=1.0.0 - Run `npm i npm@latest -g` to upgrade your npm version, and then `npm audit` to get more info.
npm WARN notice [SECURITY] clean-css has the following vulnerability: 1 low. Go here for more details: https://www.npmjs.com/advisories?search=clean-css&version=2.2.23 - Run `npm i npm@latest -g` to upgrade your npm version, and then `npm audit` to get more info.
npm WARN notice [SECURITY] debug has the following vulnerability: 1 low. Go here for more details: https://www.npmjs.com/advisories?search=debug&version=0.7.4 - Run `npm i npm@latest -g` to upgrade your npm version, and then `npm audit` to get more info.
npm WARN deprecated minimatch@1.0.0: Please update to minimatch 3.0.2 or higher to avoid a RegExp DoS issue
npm WARN notice [SECURITY] minimatch has the following vulnerability: 1 high. Go here for more details: https://www.npmjs.com/advisories?search=minimatch&version=0.3.0 - Run `npm i npm@latest -g` to upgrade your npm version, and then `npm audit` to get more info.
npm WARN deprecated minimatch@0.3.0: Please update to minimatch 3.0.2 or higher to avoid a RegExp DoS issue
npm WARN notice [SECURITY] lodash has the following vulnerabilities: 3 high, 2 low. Go here for more details: https://www.npmjs.com/advisories?search=lodash&version=1.0.2 - Run `npm i npm@latest -g` to upgrade your npm version, and then `npm audit` to get more info.
npm WARN notice [SECURITY] qs has the following vulnerability: 1 high. Go here for more details: https://www.npmjs.com/advisories?search=qs&version=1.0.2 - Run `npm i npm@latest -g` to upgrade your npm version, and then `npm audit` to get more info.
npm WARN deprecated natives@1.1.6: This module relies on Node.js's internals and will break at some point. Do not use it, and update to graceful-fs@4.x.
npm WARN deprecated node-uuid@1.4.8: Use uuid module instead
npm WARN notice [SECURITY] hawk has the following vulnerability: 1 moderate. Go here for more details: https://www.npmjs.com/advisories?search=hawk&version=1.1.1 - Run `npm i npm@latest -g` to upgrade your npm version, and then `npm audit` to get more info.
npm WARN notice [SECURITY] tunnel-agent has the following vulnerability: 1 moderate. Go here for more details: https://www.npmjs.com/advisories?search=tunnel-agent&version=0.4.3 - Run `npm i npm@latest -g` to upgrade your npm version, and then `npm audit` to get more info.
npm WARN deprecated hawk@1.1.1: This module moved to @hapi/hawk. Please make sure to switch over as this distribution is no longer supported and may contain bugs and critical security issues.
npm WARN notice [SECURITY] cryptiles has the following vulnerability: 1 high. Go here for more details: https://www.npmjs.com/advisories?search=cryptiles&version=0.2.2 - Run `npm i npm@latest -g` to upgrade your npm version, and then `npm audit` to get more info.
npm WARN deprecated cryptiles@0.2.2: This version has been deprecated in accordance with the hapi support policy (hapi.im/support). Please upgrade to the latest version to get the best features, bug fixes, and security patches. If you are unable to upgrade at this time, paid support is available for older versions (hapi.im/commercial).
npm WARN notice [SECURITY] hoek has the following vulnerability: 1 moderate. Go here for more details: https://www.npmjs.com/advisories?search=hoek&version=0.9.1 - Run `npm i npm@latest -g` to upgrade your npm version, and then `npm audit` to get more info.
npm WARN deprecated boom@0.4.2: This version has been deprecated in accordance with the hapi support policy (hapi.im/support). Please upgrade to the latest version to get the best features, bug fixes, and security patches. If you are unable to upgrade at this time, paid support is available for older versions (hapi.im/commercial).
npm WARN deprecated sntp@0.2.4: This module moved to @hapi/sntp. Please make sure to switch over as this distribution is no longer supported and may contain bugs and critical security issues.
npm WARN deprecated hoek@0.9.1: This version has been deprecated in accordance with the hapi support policy (hapi.im/support). Please upgrade to the latest version to get the best features, bug fixes, and security patches. If you are unable to upgrade at this time, paid support is available for older versions (hapi.im/commercial).
npm notice created a lockfile as package-lock.json. You should commit this file.
npm WARN oscar No repository field.
npm WARN oscar No license field.

added 221 packages in 5.946s
[!] install NPM packages for simple theme
npm WARN notice [SECURITY] lodash has the following vulnerability: 1 high. Go here for more details: https://www.npmjs.com/advisories?search=lodash&version=4.17.21 - Run `npm i npm@latest -g` to upgrade your npm version, and then `npm audit` to get more info.
npm WARN notice [SECURITY] lodash has the following vulnerabilities: 3 high, 2 low. Go here for more details: https://www.npmjs.com/advisories?search=lodash&version=3.10.1 - Run `npm i npm@latest -g` to upgrade your npm version, and then `npm audit` to get more info.
npm WARN notice [SECURITY] js-yaml has the following vulnerabilities: 1 high, 1 moderate. Go here for more details: https://www.npmjs.com/advisories?search=js-yaml&version=3.6.1 - Run `npm i npm@latest -g` to upgrade your npm version, and then `npm audit` to get more info.
npm WARN deprecated xmldom@0.1.31: Deprecated due to CVE-2021-21366 resolved in 0.5.0
npm WARN deprecated request@2.81.0: request has been deprecated, see https://github.com/request/request/issues/3142
npm WARN notice [SECURITY] debug has the following vulnerability: 1 low. Go here for more details: https://www.npmjs.com/advisories?search=debug&version=2.2.0 - Run `npm i npm@latest -g` to upgrade your npm version, and then `npm audit` to get more info.
npm WARN notice [SECURITY] qs has the following vulnerability: 1 high. Go here for more details: https://www.npmjs.com/advisories?search=qs&version=5.1.0 - Run `npm i npm@latest -g` to upgrade your npm version, and then `npm audit` to get more info.
npm WARN deprecated har-validator@4.2.1: this library is no longer supported
npm WARN deprecated hawk@3.1.3: This module moved to @hapi/hawk. Please make sure to switch over as this distribution is no longer supported and may contain bugs and critical security issues.
npm WARN deprecated request@2.88.2: request has been deprecated, see https://github.com/request/request/issues/3142
npm WARN notice [SECURITY] qs has the following vulnerability: 1 high. Go here for more details: https://www.npmjs.com/advisories?search=qs&version=5.2.0 - Run `npm i npm@latest -g` to upgrade your npm version, and then `npm audit` to get more info.
npm WARN deprecated cryptiles@2.0.5: This version has been deprecated in accordance with the hapi support policy (hapi.im/support). Please upgrade to the latest version to get the best features, bug fixes, and security patches. If you are unable to upgrade at this time, paid support is available for older versions (hapi.im/commercial).
npm WARN deprecated hoek@2.16.3: This version has been deprecated in accordance with the hapi support policy (hapi.im/support). Please upgrade to the latest version to get the best features, bug fixes, and security patches. If you are unable to upgrade at this time, paid support is available for older versions (hapi.im/commercial).
npm WARN deprecated boom@2.10.1: This version has been deprecated in accordance with the hapi support policy (hapi.im/support). Please upgrade to the latest version to get the best features, bug fixes, and security patches. If you are unable to upgrade at this time, paid support is available for older versions (hapi.im/commercial).
npm WARN deprecated sntp@1.0.9: This module moved to @hapi/sntp. Please make sure to switch over as this distribution is no longer supported and may contain bugs and critical security issues.
npm WARN deprecated har-validator@5.1.5: this library is no longer supported

> ttf2woff2@2.0.3 install /home/travis/build/passed/asciimoo/searx/searx/static/themes/simple/node_modules/ttf2woff2
> (node-gyp rebuild > builderror.log) || (exit 0)

npm notice created a lockfile as package-lock.json. You should commit this file.
npm WARN simple No description
npm WARN simple No repository field.
npm WARN simple No license field.

added 366 packages in 26.708s

travis_time:end:0341f6b0:start=1615604409057973089,finish=1615604453079378630,duration=44021405541[0Ktravis_fold:end:install.3[0Ktravis_fold:start:install.4[0Ktravis_time:start:01e27d30[0K$ ./manage.sh update_dev_packages
Collecting pip
  Downloading https://files.pythonhosted.org/packages/27/79/8a850fe3496446ff0d584327ae44e7500daf6764ca1a382d2d02789accf7/pip-20.3.4-py2.py3-none-any.whl (1.5MB)
Installing collected packages: pip
  Found existing installation: pip 18.0
    Uninstalling pip-18.0:
      Successfully uninstalled pip-18.0
Successfully installed pip-20.3.4
DEPRECATION: Python 3.5 reached the end of its life on September 13th, 2020. Please upgrade your Python as Python 3.5 is no longer maintained. pip 21.0 will drop support for Python 3.5 in January 2021. pip 21.0 will remove support for this functionality.
Requirement already satisfied: setuptools in /home/travis/virtualenv/python3.5.6/lib/python3.5/site-packages (40.0.0)
Collecting setuptools
  Downloading setuptools-50.3.2-py3-none-any.whl (785 kB)
Installing collected packages: setuptools
  Attempting uninstall: setuptools
    Found existing installation: setuptools 40.0.0
    Uninstalling setuptools-40.0.0:
      Successfully uninstalled setuptools-40.0.0
Successfully installed setuptools-50.3.2
DEPRECATION: Python 3.5 reached the end of its life on September 13th, 2020. Please upgrade your Python as Python 3.5 is no longer maintained. pip 21.0 will drop support for Python 3.5 in January 2021. pip 21.0 will remove support for this functionality.
Collecting certifi==2017.11.5
  Downloading certifi-2017.11.5-py2.py3-none-any.whl (330 kB)
Collecting flask==0.12.2
  Downloading Flask-0.12.2-py2.py3-none-any.whl (83 kB)
Collecting flask-babel==0.11.2
  Downloading Flask_Babel-0.11.2-py2.py3-none-any.whl (9.3 kB)
Collecting lxml==4.1.1
  Downloading lxml-4.1.1-cp35-cp35m-manylinux1_x86_64.whl (5.5 MB)
Collecting idna==2.5
  Downloading idna-2.5-py2.py3-none-any.whl (55 kB)
Collecting pygments==2.1.3
  Downloading Pygments-2.1.3-py2.py3-none-any.whl (755 kB)
Collecting pyopenssl==17.4.0
  Downloading pyOpenSSL-17.4.0-py2.py3-none-any.whl (52 kB)
Collecting python-dateutil==2.6.1
  Downloading python_dateutil-2.6.1-py2.py3-none-any.whl (194 kB)
Collecting pyyaml==3.12
  Downloading PyYAML-3.12.zip (375 kB)
Collecting requests[socks]==2.18.4
  Downloading requests-2.18.4-py2.py3-none-any.whl (88 kB)
Collecting Werkzeug>=0.7
  Downloading Werkzeug-1.0.1-py2.py3-none-any.whl (298 kB)
Collecting click>=2.0
  Downloading click-7.1.2-py2.py3-none-any.whl (82 kB)
Collecting Jinja2>=2.4
  Downloading Jinja2-2.11.3-py2.py3-none-any.whl (125 kB)
Collecting itsdangerous>=0.21
  Downloading itsdangerous-1.1.0-py2.py3-none-any.whl (16 kB)
Collecting Babel>=2.3
  Downloading Babel-2.9.0-py2.py3-none-any.whl (8.8 MB)
Requirement already satisfied: six>=1.5.2 in /home/travis/virtualenv/python3.5.6/lib/python3.5/site-packages (from pyopenssl==17.4.0->-r /home/travis/build/passed/asciimoo/searx/requirements.txt (line 7)) (1.11.0)
Collecting cryptography>=1.9
  Downloading cryptography-3.2.1-cp35-abi3-manylinux2010_x86_64.whl (2.6 MB)
Collecting chardet<3.1.0,>=3.0.2
  Downloading chardet-3.0.4-py2.py3-none-any.whl (133 kB)
Collecting urllib3<1.23,>=1.21.1
  Downloading urllib3-1.22-py2.py3-none-any.whl (132 kB)
Collecting PySocks!=1.5.7,>=1.5.6
  Downloading PySocks-1.7.1-py3-none-any.whl (16 kB)
Collecting pytz>=2015.7
  Downloading pytz-2021.1-py2.py3-none-any.whl (510 kB)
Collecting cffi!=1.11.3,>=1.8
  Downloading cffi-1.14.5-cp35-cp35m-manylinux1_x86_64.whl (401 kB)
Collecting pycparser
  Downloading pycparser-2.20-py2.py3-none-any.whl (112 kB)
Collecting MarkupSafe>=0.23
  Downloading MarkupSafe-1.1.1-cp35-cp35m-manylinux1_x86_64.whl (27 kB)
Building wheels for collected packages: pyyaml
  Building wheel for pyyaml (setup.py): started
  Building wheel for pyyaml (setup.py): finished with status 'done'
  Created wheel for pyyaml: filename=PyYAML-3.12-cp35-cp35m-linux_x86_64.whl size=360984 sha256=72c5921ba56df6a127a00621d148db31a50f9b964fe0405266ad008b92be8897
  Stored in directory: /home/travis/.cache/pip/wheels/6a/7a/ac/8c9fa208bc3b05a96456e720087eeb5c01499279fd3ffdd294
Successfully built pyyaml
Installing collected packages: pycparser, MarkupSafe, Werkzeug, urllib3, pytz, Jinja2, itsdangerous, idna, click, chardet, cffi, certifi, requests, PySocks, flask, cryptography, Babel, pyyaml, python-dateutil, pyopenssl, pygments, lxml, flask-babel
  Attempting uninstall: certifi
    Found existing installation: certifi 2018.4.16
    Uninstalling certifi-2018.4.16:
      Successfully uninstalled certifi-2018.4.16
Successfully installed Babel-2.9.0 Jinja2-2.11.3 MarkupSafe-1.1.1 PySocks-1.7.1 Werkzeug-1.0.1 certifi-2017.11.5 cffi-1.14.5 chardet-3.0.4 click-7.1.2 cryptography-3.2.1 flask-0.12.2 flask-babel-0.11.2 idna-2.5 itsdangerous-1.1.0 lxml-4.1.1 pycparser-2.20 pygments-2.1.3 pyopenssl-17.4.0 python-dateutil-2.6.1 pytz-2021.1 pyyaml-3.12 requests-2.18.4 urllib3-1.22
DEPRECATION: Python 3.5 reached the end of its life on September 13th, 2020. Please upgrade your Python as Python 3.5 is no longer maintained. pip 21.0 will drop support for Python 3.5 in January 2021. pip 21.0 will remove support for this functionality.
Collecting babel==2.3.4
  Downloading Babel-2.3.4-py2.py3-none-any.whl (7.1 MB)
Requirement already satisfied: mock==2.0.0 in /home/travis/virtualenv/python3.5.6/lib/python3.5/site-packages (from -r /home/travis/build/passed/asciimoo/searx/requirements-dev.txt (line 2)) (2.0.0)
Collecting nose2[coverage-plugin]
  Downloading nose2-0.10.0-py2.py3-none-any.whl (141 kB)
Collecting cov-core==1.15.0
  Downloading cov-core-1.15.0.tar.gz (5.9 kB)
Collecting pep8==1.7.0
  Downloading pep8-1.7.0-py2.py3-none-any.whl (41 kB)
Collecting plone.testing==5.0.0
  Downloading plone.testing-5.0.0.tar.gz (148 kB)
Collecting splinter==0.7.5
  Downloading splinter-0.7.5.tar.gz (20 kB)
Collecting transifex-client==0.12.2
  Downloading transifex-client-0.12.2.tar.gz (177 kB)
Collecting unittest2==1.1.0
  Downloading unittest2-1.1.0-py2.py3-none-any.whl (96 kB)
Collecting zope.testrunner==4.5.1
  Downloading zope.testrunner-4.5.1.zip (268 kB)
Collecting selenium==3.5.0
  Downloading selenium-3.5.0-py2.py3-none-any.whl (921 kB)
Requirement already satisfied: pytz>=0a in /home/travis/virtualenv/python3.5.6/lib/python3.5/site-packages (from babel==2.3.4->-r /home/travis/build/passed/asciimoo/searx/requirements-dev.txt (line 1)) (2021.1)
Collecting coverage>=3.6
  Downloading coverage-5.5-cp35-cp35m-manylinux2010_x86_64.whl (240 kB)
Requirement already satisfied: six>=1.9 in /home/travis/virtualenv/python3.5.6/lib/python3.5/site-packages (from mock==2.0.0->-r /home/travis/build/passed/asciimoo/searx/requirements-dev.txt (line 2)) (1.11.0)
Requirement already satisfied: pbr>=0.11 in /home/travis/virtualenv/python3.5.6/lib/python3.5/site-packages (from mock==2.0.0->-r /home/travis/build/passed/asciimoo/searx/requirements-dev.txt (line 2)) (4.2.0)
Requirement already satisfied: setuptools in /home/travis/virtualenv/python3.5.6/lib/python3.5/site-packages (from plone.testing==5.0.0->-r /home/travis/build/passed/asciimoo/searx/requirements-dev.txt (line 6)) (50.3.2)
Collecting zope.testing
  Downloading zope.testing-4.9-py2.py3-none-any.whl (50 kB)
Requirement already satisfied: urllib3 in /home/travis/virtualenv/python3.5.6/lib/python3.5/site-packages (from transifex-client==0.12.2->-r /home/travis/build/passed/asciimoo/searx/requirements-dev.txt (line 8)) (1.22)
Collecting traceback2
  Downloading traceback2-1.4.0-py2.py3-none-any.whl (16 kB)
Collecting argparse
  Downloading argparse-1.4.0-py2.py3-none-any.whl (23 kB)
Collecting zope.exceptions
  Downloading zope.exceptions-4.4-py2.py3-none-any.whl (18 kB)
Collecting zope.interface
  Downloading zope.interface-5.2.0-cp35-cp35m-manylinux2010_x86_64.whl (236 kB)
WARNING: nose2 0.10.0 does not provide the extra 'coverage-plugin'
Collecting linecache2
  Downloading linecache2-1.0.0-py2.py3-none-any.whl (12 kB)
Building wheels for collected packages: splinter, zope.testrunner, transifex-client, cov-core, plone.testing
  Building wheel for splinter (setup.py): started
  Building wheel for splinter (setup.py): finished with status 'done'
  Created wheel for splinter: filename=splinter-0.7.5-py3-none-any.whl size=29027 sha256=127e7b56f1e98103b50971fad3fc43c76e44363cd87f7bf9f43469e7fe20cbf8
  Stored in directory: /home/travis/.cache/pip/wheels/38/80/2d/e81c7538d8a4d2adb2254aadf9d658c23e4a6347b563674d98
  Building wheel for zope.testrunner (setup.py): started
  Building wheel for zope.testrunner (setup.py): finished with status 'done'
  Created wheel for zope.testrunner: filename=zope.testrunner-4.5.1-py3-none-any.whl size=218913 sha256=79bf0e64cbe5e985ce9d5750788fb60e0eb5db8f360bee6b89494c6bc52ce2ff
  Stored in directory: /home/travis/.cache/pip/wheels/48/6d/3b/61aede21587b46f2872ea2f7e1bf6419aebda4b4909edb07de
  Building wheel for transifex-client (setup.py): started
  Building wheel for transifex-client (setup.py): finished with status 'done'
  Created wheel for transifex-client: filename=transifex_client-0.12.2-py3-none-any.whl size=167219 sha256=76f60f30e1aff9cd36a09d5da79ac7201a4605528a956048e10c04735ddd5452
  Stored in directory: /home/travis/.cache/pip/wheels/d1/ca/54/d1d77681d181e20d8af6b8aea960774e4ebed79742eaaba371
  Building wheel for cov-core (setup.py): started
  Building wheel for cov-core (setup.py): finished with status 'done'
  Created wheel for cov-core: filename=cov_core-1.15.0-py3-none-any.whl size=5186 sha256=6a7056bceb0fb2b70872bee1bf95c5525fecab7845cd5eca5a7c67d8938df30c
  Stored in directory: /home/travis/.cache/pip/wheels/53/fe/b6/762105f972d5df99d61143e6e31f4aed7de8dafa456abdf46d
  Building wheel for plone.testing (setup.py): started
  Building wheel for plone.testing (setup.py): finished with status 'done'
  Created wheel for plone.testing: filename=plone.testing-5.0.0-py3-none-any.whl size=109930 sha256=60e29a66f473a29bb0679cdb1c6417e868b20b7fb1a8f51edcd591f967563f23
  Stored in directory: /home/travis/.cache/pip/wheels/ee/8d/79/682ef7c553b9c364665feede9bd00983a8c09246ecbd658529
Successfully built splinter zope.testrunner transifex-client cov-core plone.testing
Installing collected packages: zope.interface, linecache2, coverage, zope.testing, zope.exceptions, traceback2, selenium, nose2, argparse, zope.testrunner, unittest2, transifex-client, splinter, plone.testing, pep8, cov-core, babel
  Attempting uninstall: babel
    Found existing installation: Babel 2.9.0
    Uninstalling Babel-2.9.0:
      Successfully uninstalled Babel-2.9.0
Successfully installed argparse-1.4.0 babel-2.3.4 cov-core-1.15.0 coverage-5.5 linecache2-1.0.0 nose2-0.10.0 pep8-1.7.0 plone.testing-5.0.0 selenium-3.5.0 splinter-0.7.5 traceback2-1.4.0 transifex-client-0.12.2 unittest2-1.1.0 zope.exceptions-4.4 zope.interface-5.2.0 zope.testing-4.9 zope.testrunner-4.5.1

travis_time:end:01e27d30:start=1615604453092767013,finish=1615604486764627020,duration=33671860007[0Ktravis_fold:end:install.4[0Ktravis_fold:start:install.5[0Ktravis_time:start:0c898620[0K$ pip install codecov==2.0.15
DEPRECATION: Python 3.5 reached the end of its life on September 13th, 2020. Please upgrade your Python as Python 3.5 is no longer maintained. pip 21.0 will drop support for Python 3.5 in January 2021. pip 21.0 will remove support for this functionality.
Collecting codecov==2.0.15
  Downloading codecov-2.0.15-py2.py3-none-any.whl (11 kB)
Requirement already satisfied: requests>=2.7.9 in /home/travis/virtualenv/python3.5.6/lib/python3.5/site-packages (from codecov==2.0.15) (2.18.4)
Requirement already satisfied: coverage in /home/travis/virtualenv/python3.5.6/lib/python3.5/site-packages (from codecov==2.0.15) (5.5)
Requirement already satisfied: urllib3<1.23,>=1.21.1 in /home/travis/virtualenv/python3.5.6/lib/python3.5/site-packages (from requests>=2.7.9->codecov==2.0.15) (1.22)
Requirement already satisfied: chardet<3.1.0,>=3.0.2 in /home/travis/virtualenv/python3.5.6/lib/python3.5/site-packages (from requests>=2.7.9->codecov==2.0.15) (3.0.4)
Requirement already satisfied: certifi>=2017.4.17 in /home/travis/virtualenv/python3.5.6/lib/python3.5/site-packages (from requests>=2.7.9->codecov==2.0.15) (2017.11.5)
Requirement already satisfied: idna<2.7,>=2.5 in /home/travis/virtualenv/python3.5.6/lib/python3.5/site-packages (from requests>=2.7.9->codecov==2.0.15) (2.5)
Installing collected packages: codecov
Successfully installed codecov-2.0.15

travis_time:end:0c898620:start=1615604486778338756,finish=1615604488201350132,duration=1423011376[0Ktravis_fold:end:install.5[0Ktravis_time:start:031b0462[0K$ ./manage.sh styles
[!] Building legacy style
[!] Building courgette style
[!] Building pix-art style
[!] Building bootstrap style

travis_time:end:031b0462:start=1615604488214797269,finish=1615604491238353042,duration=3023555773[0K
[32;1mThe command "./manage.sh styles" exited with 0.[0m
travis_time:start:2783de40[0K$ ./manage.sh grunt_build
[!] Grunt build : oscar theme
[4mRunning "jshint:files" (jshint) task[24m
[32m>> [39m5 files lint free.

[4mRunning "concat:dist" (concat) task[24m
File js/searx.js created.

[4mRunning "uglify:dist" (uglify) task[24m
[32m>> [39m1 file created.

[4mRunning "less:development" (less) task[24m
File css/pointhi.css created: 0 B â†’ 10.1 kB
File css/logicodev.css created: 0 B â†’ 17.6 kB
File css/logicodev-dark.css created: 0 B â†’ 13.39 kB

[4mRunning "less:production" (less) task[24m
File css/pointhi.min.css created: 10.1 kB â†’ 6.9 kB
File css/logicodev.min.css created: 13.39 kB â†’ 9.73 kB
File css/logicodev-dark.min.css created: 17.6 kB â†’ 13.14 kB

[32mDone, without errors.[39m
[!] Grunt build : simple theme
Running "jshint:files" (jshint) task
>> 6 files lint free.

Running "concat:dist" (concat) task

Running "uglify:dist" (uglify) task
>> 1 sourcemap created.
>> 1 file created 50.75 kB â†’ 22.56 kB

Running "less:development" (less) task
>> 2 stylesheets created.

Running "less:production" (less) task
>> 2 stylesheets created.

Done.

travis_time:end:2783de40:start=1615604491253193517,finish=1615604494798032161,duration=3544838644[0K
[32;1mThe command "./manage.sh grunt_build" exited with 0.[0m
travis_time:start:237efdc8[0K$ ./manage.sh tests
[!] Running pep8 check
[!] Running unit tests
WARNING:searx:You are using an old openssl version(OpenSSL 1.0.1f 6 Jan 2014), please upgrade above 1.0.2!
/home/travis/virtualenv/python3.5.6/lib/python3.5/site-packages/OpenSSL/crypto.py:12: CryptographyDeprecationWarning: Python 3.5 support will be dropped in the next release of cryptography. Please upgrade your Python.
  from cryptography import x509
EEEEEEEEEEEEEEEEEEEEEEEEEEEEEEEEEEEEEEEEEEEEEEEEEEEEEEEEEEEEEEEEEEEEEEEEEE............E
======================================================================
ERROR: tests.unit.engines.test_acgsou (nose2.loader.ModuleImportFailure)
----------------------------------------------------------------------
ImportError: Failed to import test module: tests.unit.engines.test_acgsou
Traceback (most recent call last):
  File "/home/travis/virtualenv/python3.5.6/lib/python3.5/site-packages/nose2/plugins/loader/discovery.py", line 201, in _find_tests_in_file
    module = util.module_from_name(module_name)
  File "/home/travis/virtualenv/python3.5.6/lib/python3.5/site-packages/nose2/util.py", line 77, in module_from_name
    __import__(name)
  File "/home/travis/build/passed/asciimoo/searx/tests/unit/engines/test_acgsou.py", line 4, in <module>
    from searx.engines import acgsou
  File "/home/travis/build/passed/asciimoo/searx/searx/engines/__init__.py", line 24, in <module>
    from flask_babel import gettext
  File "/home/travis/virtualenv/python3.5.6/lib/python3.5/site-packages/flask_babel/__init__.py", line 19, in <module>
    from werkzeug import ImmutableDict
ImportError: cannot import name 'ImmutableDict'


======================================================================
ERROR: tests.unit.engines.test_archlinux (nose2.loader.ModuleImportFailure)
----------------------------------------------------------------------
ImportError: Failed to import test module: tests.unit.engines.test_archlinux
Traceback (most recent call last):
  File "/home/travis/virtualenv/python3.5.6/lib/python3.5/site-packages/nose2/plugins/loader/discovery.py", line 201, in _find_tests_in_file
    module = util.module_from_name(module_name)
  File "/home/travis/virtualenv/python3.5.6/lib/python3.5/site-packages/nose2/util.py", line 77, in module_from_name
    __import__(name)
  File "/home/travis/build/passed/asciimoo/searx/tests/unit/engines/test_archlinux.py", line 3, in <module>
    from searx.engines import archlinux
  File "/home/travis/build/passed/asciimoo/searx/searx/engines/__init__.py", line 24, in <module>
    from flask_babel import gettext
  File "/home/travis/virtualenv/python3.5.6/lib/python3.5/site-packages/flask_babel/__init__.py", line 19, in <module>
    from werkzeug import ImmutableDict
ImportError: cannot import name 'ImmutableDict'


======================================================================
ERROR: tests.unit.engines.test_arxiv (nose2.loader.ModuleImportFailure)
----------------------------------------------------------------------
ImportError: Failed to import test module: tests.unit.engines.test_arxiv
Traceback (most recent call last):
  File "/home/travis/virtualenv/python3.5.6/lib/python3.5/site-packages/nose2/plugins/loader/discovery.py", line 201, in _find_tests_in_file
    module = util.module_from_name(module_name)
  File "/home/travis/virtualenv/python3.5.6/lib/python3.5/site-packages/nose2/util.py", line 77, in module_from_name
    __import__(name)
  File "/home/travis/build/passed/asciimoo/searx/tests/unit/engines/test_arxiv.py", line 4, in <module>
    from searx.engines import arxiv
  File "/home/travis/build/passed/asciimoo/searx/searx/engines/__init__.py", line 24, in <module>
    from flask_babel import gettext
  File "/home/travis/virtualenv/python3.5.6/lib/python3.5/site-packages/flask_babel/__init__.py", line 19, in <module>
    from werkzeug import ImmutableDict
ImportError: cannot import name 'ImmutableDict'


======================================================================
ERROR: tests.unit.engines.test_base (nose2.loader.ModuleImportFailure)
----------------------------------------------------------------------
ImportError: Failed to import test module: tests.unit.engines.test_base
Traceback (most recent call last):
  File "/home/travis/virtualenv/python3.5.6/lib/python3.5/site-packages/nose2/plugins/loader/discovery.py", line 201, in _find_tests_in_file
    module = util.module_from_name(module_name)
  File "/home/travis/virtualenv/python3.5.6/lib/python3.5/site-packages/nose2/util.py", line 77, in module_from_name
    __import__(name)
  File "/home/travis/build/passed/asciimoo/searx/tests/unit/engines/test_base.py", line 4, in <module>
    from searx.engines import base
  File "/home/travis/build/passed/asciimoo/searx/searx/engines/__init__.py", line 24, in <module>
    from flask_babel import gettext
  File "/home/travis/virtualenv/python3.5.6/lib/python3.5/site-packages/flask_babel/__init__.py", line 19, in <module>
    from werkzeug import ImmutableDict
ImportError: cannot import name 'ImmutableDict'


======================================================================
ERROR: tests.unit.engines.test_bing (nose2.loader.ModuleImportFailure)
----------------------------------------------------------------------
ImportError: Failed to import test module: tests.unit.engines.test_bing
Traceback (most recent call last):
  File "/home/travis/virtualenv/python3.5.6/lib/python3.5/site-packages/nose2/plugins/loader/discovery.py", line 201, in _find_tests_in_file
    module = util.module_from_name(module_name)
  File "/home/travis/virtualenv/python3.5.6/lib/python3.5/site-packages/nose2/util.py", line 77, in module_from_name
    __import__(name)
  File "/home/travis/build/passed/asciimoo/searx/tests/unit/engines/test_bing.py", line 3, in <module>
    from searx.engines import bing
  File "/home/travis/build/passed/asciimoo/searx/searx/engines/__init__.py", line 24, in <module>
    from flask_babel import gettext
  File "/home/travis/virtualenv/python3.5.6/lib/python3.5/site-packages/flask_babel/__init__.py", line 19, in <module>
    from werkzeug import ImmutableDict
ImportError: cannot import name 'ImmutableDict'


======================================================================
ERROR: tests.unit.engines.test_bing_images (nose2.loader.ModuleImportFailure)
----------------------------------------------------------------------
ImportError: Failed to import test module: tests.unit.engines.test_bing_images
Traceback (most recent call last):
  File "/home/travis/virtualenv/python3.5.6/lib/python3.5/site-packages/nose2/plugins/loader/discovery.py", line 201, in _find_tests_in_file
    module = util.module_from_name(module_name)
  File "/home/travis/virtualenv/python3.5.6/lib/python3.5/site-packages/nose2/util.py", line 77, in module_from_name
    __import__(name)
  File "/home/travis/build/passed/asciimoo/searx/tests/unit/engines/test_bing_images.py", line 4, in <module>
    from searx.engines import bing_images
  File "/home/travis/build/passed/asciimoo/searx/searx/engines/__init__.py", line 24, in <module>
    from flask_babel import gettext
  File "/home/travis/virtualenv/python3.5.6/lib/python3.5/site-packages/flask_babel/__init__.py", line 19, in <module>
    from werkzeug import ImmutableDict
ImportError: cannot import name 'ImmutableDict'


======================================================================
ERROR: tests.unit.engines.test_bing_news (nose2.loader.ModuleImportFailure)
----------------------------------------------------------------------
ImportError: Failed to import test module: tests.unit.engines.test_bing_news
Traceback (most recent call last):
  File "/home/travis/virtualenv/python3.5.6/lib/python3.5/site-packages/nose2/plugins/loader/discovery.py", line 201, in _find_tests_in_file
    module = util.module_from_name(module_name)
  File "/home/travis/virtualenv/python3.5.6/lib/python3.5/site-packages/nose2/util.py", line 77, in module_from_name
    __import__(name)
  File "/home/travis/build/passed/asciimoo/searx/tests/unit/engines/test_bing_news.py", line 3, in <module>
    from searx.engines import bing_news
  File "/home/travis/build/passed/asciimoo/searx/searx/engines/__init__.py", line 24, in <module>
    from flask_babel import gettext
  File "/home/travis/virtualenv/python3.5.6/lib/python3.5/site-packages/flask_babel/__init__.py", line 19, in <module>
    from werkzeug import ImmutableDict
ImportError: cannot import name 'ImmutableDict'


======================================================================
ERROR: tests.unit.engines.test_bing_videos (nose2.loader.ModuleImportFailure)
----------------------------------------------------------------------
ImportError: Failed to import test module: tests.unit.engines.test_bing_videos
Traceback (most recent call last):
  File "/home/travis/virtualenv/python3.5.6/lib/python3.5/site-packages/nose2/plugins/loader/discovery.py", line 201, in _find_tests_in_file
    module = util.module_from_name(module_name)
  File "/home/travis/virtualenv/python3.5.6/lib/python3.5/site-packages/nose2/util.py", line 77, in module_from_name
    __import__(name)
  File "/home/travis/build/passed/asciimoo/searx/tests/unit/engines/test_bing_videos.py", line 4, in <module>
    from searx.engines import bing_videos
  File "/home/travis/build/passed/asciimoo/searx/searx/engines/__init__.py", line 24, in <module>
    from flask_babel import gettext
  File "/home/travis/virtualenv/python3.5.6/lib/python3.5/site-packages/flask_babel/__init__.py", line 19, in <module>
    from werkzeug import ImmutableDict
ImportError: cannot import name 'ImmutableDict'


======================================================================
ERROR: tests.unit.engines.test_btdigg (nose2.loader.ModuleImportFailure)
----------------------------------------------------------------------
ImportError: Failed to import test module: tests.unit.engines.test_btdigg
Traceback (most recent call last):
  File "/home/travis/virtualenv/python3.5.6/lib/python3.5/site-packages/nose2/plugins/loader/discovery.py", line 201, in _find_tests_in_file
    module = util.module_from_name(module_name)
  File "/home/travis/virtualenv/python3.5.6/lib/python3.5/site-packages/nose2/util.py", line 77, in module_from_name
    __import__(name)
  File "/home/travis/build/passed/asciimoo/searx/tests/unit/engines/test_btdigg.py", line 4, in <module>
    from searx.engines import btdigg
  File "/home/travis/build/passed/asciimoo/searx/searx/engines/__init__.py", line 24, in <module>
    from flask_babel import gettext
  File "/home/travis/virtualenv/python3.5.6/lib/python3.5/site-packages/flask_babel/__init__.py", line 19, in <module>
    from werkzeug import ImmutableDict
ImportError: cannot import name 'ImmutableDict'


======================================================================
ERROR: tests.unit.engines.test_currency_convert (nose2.loader.ModuleImportFailure)
----------------------------------------------------------------------
ImportError: Failed to import test module: tests.unit.engines.test_currency_convert
Traceback (most recent call last):
  File "/home/travis/virtualenv/python3.5.6/lib/python3.5/site-packages/nose2/plugins/loader/discovery.py", line 201, in _find_tests_in_file
    module = util.module_from_name(module_name)
  File "/home/travis/virtualenv/python3.5.6/lib/python3.5/site-packages/nose2/util.py", line 77, in module_from_name
    __import__(name)
  File "/home/travis/build/passed/asciimoo/searx/tests/unit/engines/test_currency_convert.py", line 4, in <module>
    from searx.engines import currency_convert
  File "/home/travis/build/passed/asciimoo/searx/searx/engines/__init__.py", line 24, in <module>
    from flask_babel import gettext
  File "/home/travis/virtualenv/python3.5.6/lib/python3.5/site-packages/flask_babel/__init__.py", line 19, in <module>
    from werkzeug import ImmutableDict
ImportError: cannot import name 'ImmutableDict'


======================================================================
ERROR: tests.unit.engines.test_dailymotion (nose2.loader.ModuleImportFailure)
----------------------------------------------------------------------
ImportError: Failed to import test module: tests.unit.engines.test_dailymotion
Traceback (most recent call last):
  File "/home/travis/virtualenv/python3.5.6/lib/python3.5/site-packages/nose2/plugins/loader/discovery.py", line 201, in _find_tests_in_file
    module = util.module_from_name(module_name)
  File "/home/travis/virtualenv/python3.5.6/lib/python3.5/site-packages/nose2/util.py", line 77, in module_from_name
    __import__(name)
  File "/home/travis/build/passed/asciimoo/searx/tests/unit/engines/test_dailymotion.py", line 4, in <module>
    from searx.engines import dailymotion
  File "/home/travis/build/passed/asciimoo/searx/searx/engines/__init__.py", line 24, in <module>
    from flask_babel import gettext
  File "/home/travis/virtualenv/python3.5.6/lib/python3.5/site-packages/flask_babel/__init__.py", line 19, in <module>
    from werkzeug import ImmutableDict
ImportError: cannot import name 'ImmutableDict'


======================================================================
ERROR: tests.unit.engines.test_deezer (nose2.loader.ModuleImportFailure)
----------------------------------------------------------------------
ImportError: Failed to import test module: tests.unit.engines.test_deezer
Traceback (most recent call last):
  File "/home/travis/virtualenv/python3.5.6/lib/python3.5/site-packages/nose2/plugins/loader/discovery.py", line 201, in _find_tests_in_file
    module = util.module_from_name(module_name)
  File "/home/travis/virtualenv/python3.5.6/lib/python3.5/site-packages/nose2/util.py", line 77, in module_from_name
    __import__(name)
  File "/home/travis/build/passed/asciimoo/searx/tests/unit/engines/test_deezer.py", line 3, in <module>
    from searx.engines import deezer
  File "/home/travis/build/passed/asciimoo/searx/searx/engines/__init__.py", line 24, in <module>
    from flask_babel import gettext
  File "/home/travis/virtualenv/python3.5.6/lib/python3.5/site-packages/flask_babel/__init__.py", line 19, in <module>
    from werkzeug import ImmutableDict
ImportError: cannot import name 'ImmutableDict'


======================================================================
ERROR: tests.unit.engines.test_deviantart (nose2.loader.ModuleImportFailure)
----------------------------------------------------------------------
ImportError: Failed to import test module: tests.unit.engines.test_deviantart
Traceback (most recent call last):
  File "/home/travis/virtualenv/python3.5.6/lib/python3.5/site-packages/nose2/plugins/loader/discovery.py", line 201, in _find_tests_in_file
    module = util.module_from_name(module_name)
  File "/home/travis/virtualenv/python3.5.6/lib/python3.5/site-packages/nose2/util.py", line 77, in module_from_name
    __import__(name)
  File "/home/travis/build/passed/asciimoo/searx/tests/unit/engines/test_deviantart.py", line 3, in <module>
    from searx.engines import deviantart
  File "/home/travis/build/passed/asciimoo/searx/searx/engines/__init__.py", line 24, in <module>
    from flask_babel import gettext
  File "/home/travis/virtualenv/python3.5.6/lib/python3.5/site-packages/flask_babel/__init__.py", line 19, in <module>
    from werkzeug import ImmutableDict
ImportError: cannot import name 'ImmutableDict'


======================================================================
ERROR: tests.unit.engines.test_digbt (nose2.loader.ModuleImportFailure)
----------------------------------------------------------------------
ImportError: Failed to import test module: tests.unit.engines.test_digbt
Traceback (most recent call last):
  File "/home/travis/virtualenv/python3.5.6/lib/python3.5/site-packages/nose2/plugins/loader/discovery.py", line 201, in _find_tests_in_file
    module = util.module_from_name(module_name)
  File "/home/travis/virtualenv/python3.5.6/lib/python3.5/site-packages/nose2/util.py", line 77, in module_from_name
    __import__(name)
  File "/home/travis/build/passed/asciimoo/searx/tests/unit/engines/test_digbt.py", line 3, in <module>
    from searx.engines import digbt
  File "/home/travis/build/passed/asciimoo/searx/searx/engines/__init__.py", line 24, in <module>
    from flask_babel import gettext
  File "/home/travis/virtualenv/python3.5.6/lib/python3.5/site-packages/flask_babel/__init__.py", line 19, in <module>
    from werkzeug import ImmutableDict
ImportError: cannot import name 'ImmutableDict'


======================================================================
ERROR: tests.unit.engines.test_digg (nose2.loader.ModuleImportFailure)
----------------------------------------------------------------------
ImportError: Failed to import test module: tests.unit.engines.test_digg
Traceback (most recent call last):
  File "/home/travis/virtualenv/python3.5.6/lib/python3.5/site-packages/nose2/plugins/loader/discovery.py", line 201, in _find_tests_in_file
    module = util.module_from_name(module_name)
  File "/home/travis/virtualenv/python3.5.6/lib/python3.5/site-packages/nose2/util.py", line 77, in module_from_name
    __import__(name)
  File "/home/travis/build/passed/asciimoo/searx/tests/unit/engines/test_digg.py", line 3, in <module>
    from searx.engines import digg
  File "/home/travis/build/passed/asciimoo/searx/searx/engines/__init__.py", line 24, in <module>
    from flask_babel import gettext
  File "/home/travis/virtualenv/python3.5.6/lib/python3.5/site-packages/flask_babel/__init__.py", line 19, in <module>
    from werkzeug import ImmutableDict
ImportError: cannot import name 'ImmutableDict'


======================================================================
ERROR: tests.unit.engines.test_doku (nose2.loader.ModuleImportFailure)
----------------------------------------------------------------------
ImportError: Failed to import test module: tests.unit.engines.test_doku
Traceback (most recent call last):
  File "/home/travis/virtualenv/python3.5.6/lib/python3.5/site-packages/nose2/plugins/loader/discovery.py", line 201, in _find_tests_in_file
    module = util.module_from_name(module_name)
  File "/home/travis/virtualenv/python3.5.6/lib/python3.5/site-packages/nose2/util.py", line 77, in module_from_name
    __import__(name)
  File "/home/travis/build/passed/asciimoo/searx/tests/unit/engines/test_doku.py", line 4, in <module>
    from searx.engines import doku
  File "/home/travis/build/passed/asciimoo/searx/searx/engines/__init__.py", line 24, in <module>
    from flask_babel import gettext
  File "/home/travis/virtualenv/python3.5.6/lib/python3.5/site-packages/flask_babel/__init__.py", line 19, in <module>
    from werkzeug import ImmutableDict
ImportError: cannot import name 'ImmutableDict'


======================================================================
ERROR: tests.unit.engines.test_duckduckgo (nose2.loader.ModuleImportFailure)
----------------------------------------------------------------------
ImportError: Failed to import test module: tests.unit.engines.test_duckduckgo
Traceback (most recent call last):
  File "/home/travis/virtualenv/python3.5.6/lib/python3.5/site-packages/nose2/plugins/loader/discovery.py", line 201, in _find_tests_in_file
    module = util.module_from_name(module_name)
  File "/home/travis/virtualenv/python3.5.6/lib/python3.5/site-packages/nose2/util.py", line 77, in module_from_name
    __import__(name)
  File "/home/travis/build/passed/asciimoo/searx/tests/unit/engines/test_duckduckgo.py", line 4, in <module>
    from searx.engines import load_engine, duckduckgo
  File "/home/travis/build/passed/asciimoo/searx/searx/engines/__init__.py", line 24, in <module>
    from flask_babel import gettext
  File "/home/travis/virtualenv/python3.5.6/lib/python3.5/site-packages/flask_babel/__init__.py", line 19, in <module>
    from werkzeug import ImmutableDict
ImportError: cannot import name 'ImmutableDict'


======================================================================
ERROR: tests.unit.engines.test_duckduckgo_definitions (nose2.loader.ModuleImportFailure)
----------------------------------------------------------------------
ImportError: Failed to import test module: tests.unit.engines.test_duckduckgo_definitions
Traceback (most recent call last):
  File "/home/travis/virtualenv/python3.5.6/lib/python3.5/site-packages/nose2/plugins/loader/discovery.py", line 201, in _find_tests_in_file
    module = util.module_from_name(module_name)
  File "/home/travis/virtualenv/python3.5.6/lib/python3.5/site-packages/nose2/util.py", line 77, in module_from_name
    __import__(name)
  File "/home/travis/build/passed/asciimoo/searx/tests/unit/engines/test_duckduckgo_definitions.py", line 3, in <module>
    from searx.engines import duckduckgo_definitions
  File "/home/travis/build/passed/asciimoo/searx/searx/engines/__init__.py", line 24, in <module>
    from flask_babel import gettext
  File "/home/travis/virtualenv/python3.5.6/lib/python3.5/site-packages/flask_babel/__init__.py", line 19, in <module>
    from werkzeug import ImmutableDict
ImportError: cannot import name 'ImmutableDict'


======================================================================
ERROR: tests.unit.engines.test_duckduckgo_images (nose2.loader.ModuleImportFailure)
----------------------------------------------------------------------
ImportError: Failed to import test module: tests.unit.engines.test_duckduckgo_images
Traceback (most recent call last):
  File "/home/travis/virtualenv/python3.5.6/lib/python3.5/site-packages/nose2/plugins/loader/discovery.py", line 201, in _find_tests_in_file
    module = util.module_from_name(module_name)
  File "/home/travis/virtualenv/python3.5.6/lib/python3.5/site-packages/nose2/util.py", line 77, in module_from_name
    __import__(name)
  File "/home/travis/build/passed/asciimoo/searx/tests/unit/engines/test_duckduckgo_images.py", line 4, in <module>
    from searx.engines import duckduckgo_images
  File "/home/travis/build/passed/asciimoo/searx/searx/engines/__init__.py", line 24, in <module>
    from flask_babel import gettext
  File "/home/travis/virtualenv/python3.5.6/lib/python3.5/site-packages/flask_babel/__init__.py", line 19, in <module>
    from werkzeug import ImmutableDict
ImportError: cannot import name 'ImmutableDict'


======================================================================
ERROR: tests.unit.engines.test_dummy (nose2.loader.ModuleImportFailure)
----------------------------------------------------------------------
ImportError: Failed to import test module: tests.unit.engines.test_dummy
Traceback (most recent call last):
  File "/home/travis/virtualenv/python3.5.6/lib/python3.5/site-packages/nose2/plugins/loader/discovery.py", line 201, in _find_tests_in_file
    module = util.module_from_name(module_name)
  File "/home/travis/virtualenv/python3.5.6/lib/python3.5/site-packages/nose2/util.py", line 77, in module_from_name
    __import__(name)
  File "/home/travis/build/passed/asciimoo/searx/tests/unit/engines/test_dummy.py", line 1, in <module>
    from searx.engines import dummy
  File "/home/travis/build/passed/asciimoo/searx/searx/engines/__init__.py", line 24, in <module>
    from flask_babel import gettext
  File "/home/travis/virtualenv/python3.5.6/lib/python3.5/site-packages/flask_babel/__init__.py", line 19, in <module>
    from werkzeug import ImmutableDict
ImportError: cannot import name 'ImmutableDict'


======================================================================
ERROR: tests.unit.engines.test_faroo (nose2.loader.ModuleImportFailure)
----------------------------------------------------------------------
ImportError: Failed to import test module: tests.unit.engines.test_faroo
Traceback (most recent call last):
  File "/home/travis/virtualenv/python3.5.6/lib/python3.5/site-packages/nose2/plugins/loader/discovery.py", line 201, in _find_tests_in_file
    module = util.module_from_name(module_name)
  File "/home/travis/virtualenv/python3.5.6/lib/python3.5/site-packages/nose2/util.py", line 77, in module_from_name
    __import__(name)
  File "/home/travis/build/passed/asciimoo/searx/tests/unit/engines/test_faroo.py", line 4, in <module>
    from searx.engines import faroo
  File "/home/travis/build/passed/asciimoo/searx/searx/engines/__init__.py", line 24, in <module>
    from flask_babel import gettext
  File "/home/travis/virtualenv/python3.5.6/lib/python3.5/site-packages/flask_babel/__init__.py", line 19, in <module>
    from werkzeug import ImmutableDict
ImportError: cannot import name 'ImmutableDict'


======================================================================
ERROR: tests.unit.engines.test_fdroid (nose2.loader.ModuleImportFailure)
----------------------------------------------------------------------
ImportError: Failed to import test module: tests.unit.engines.test_fdroid
Traceback (most recent call last):
  File "/home/travis/virtualenv/python3.5.6/lib/python3.5/site-packages/nose2/plugins/loader/discovery.py", line 201, in _find_tests_in_file
    module = util.module_from_name(module_name)
  File "/home/travis/virtualenv/python3.5.6/lib/python3.5/site-packages/nose2/util.py", line 77, in module_from_name
    __import__(name)
  File "/home/travis/build/passed/asciimoo/searx/tests/unit/engines/test_fdroid.py", line 3, in <module>
    from searx.engines import fdroid
  File "/home/travis/build/passed/asciimoo/searx/searx/engines/__init__.py", line 24, in <module>
    from flask_babel import gettext
  File "/home/travis/virtualenv/python3.5.6/lib/python3.5/site-packages/flask_babel/__init__.py", line 19, in <module>
    from werkzeug import ImmutableDict
ImportError: cannot import name 'ImmutableDict'


======================================================================
ERROR: tests.unit.engines.test_flickr (nose2.loader.ModuleImportFailure)
----------------------------------------------------------------------
ImportError: Failed to import test module: tests.unit.engines.test_flickr
Traceback (most recent call last):
  File "/home/travis/virtualenv/python3.5.6/lib/python3.5/site-packages/nose2/plugins/loader/discovery.py", line 201, in _find_tests_in_file
    module = util.module_from_name(module_name)
  File "/home/travis/virtualenv/python3.5.6/lib/python3.5/site-packages/nose2/util.py", line 77, in module_from_name
    __import__(name)
  File "/home/travis/build/passed/asciimoo/searx/tests/unit/engines/test_flickr.py", line 3, in <module>
    from searx.engines import flickr
  File "/home/travis/build/passed/asciimoo/searx/searx/engines/__init__.py", line 24, in <module>
    from flask_babel import gettext
  File "/home/travis/virtualenv/python3.5.6/lib/python3.5/site-packages/flask_babel/__init__.py", line 19, in <module>
    from werkzeug import ImmutableDict
ImportError: cannot import name 'ImmutableDict'


======================================================================
ERROR: tests.unit.engines.test_flickr_noapi (nose2.loader.ModuleImportFailure)
----------------------------------------------------------------------
ImportError: Failed to import test module: tests.unit.engines.test_flickr_noapi
Traceback (most recent call last):
  File "/home/travis/virtualenv/python3.5.6/lib/python3.5/site-packages/nose2/plugins/loader/discovery.py", line 201, in _find_tests_in_file
    module = util.module_from_name(module_name)
  File "/home/travis/virtualenv/python3.5.6/lib/python3.5/site-packages/nose2/util.py", line 77, in module_from_name
    __import__(name)
  File "/home/travis/build/passed/asciimoo/searx/tests/unit/engines/test_flickr_noapi.py", line 3, in <module>
    from searx.engines import flickr_noapi
  File "/home/travis/build/passed/asciimoo/searx/searx/engines/__init__.py", line 24, in <module>
    from flask_babel import gettext
  File "/home/travis/virtualenv/python3.5.6/lib/python3.5/site-packages/flask_babel/__init__.py", line 19, in <module>
    from werkzeug import ImmutableDict
ImportError: cannot import name 'ImmutableDict'


======================================================================
ERROR: tests.unit.engines.test_framalibre (nose2.loader.ModuleImportFailure)
----------------------------------------------------------------------
ImportError: Failed to import test module: tests.unit.engines.test_framalibre
Traceback (most recent call last):
  File "/home/travis/virtualenv/python3.5.6/lib/python3.5/site-packages/nose2/plugins/loader/discovery.py", line 201, in _find_tests_in_file
    module = util.module_from_name(module_name)
  File "/home/travis/virtualenv/python3.5.6/lib/python3.5/site-packages/nose2/util.py", line 77, in module_from_name
    __import__(name)
  File "/home/travis/build/passed/asciimoo/searx/tests/unit/engines/test_framalibre.py", line 4, in <module>
    from searx.engines import framalibre
  File "/home/travis/build/passed/asciimoo/searx/searx/engines/__init__.py", line 24, in <module>
    from flask_babel import gettext
  File "/home/travis/virtualenv/python3.5.6/lib/python3.5/site-packages/flask_babel/__init__.py", line 19, in <module>
    from werkzeug import ImmutableDict
ImportError: cannot import name 'ImmutableDict'


======================================================================
ERROR: tests.unit.engines.test_frinkiac (nose2.loader.ModuleImportFailure)
----------------------------------------------------------------------
ImportError: Failed to import test module: tests.unit.engines.test_frinkiac
Traceback (most recent call last):
  File "/home/travis/virtualenv/python3.5.6/lib/python3.5/site-packages/nose2/plugins/loader/discovery.py", line 201, in _find_tests_in_file
    module = util.module_from_name(module_name)
  File "/home/travis/virtualenv/python3.5.6/lib/python3.5/site-packages/nose2/util.py", line 77, in module_from_name
    __import__(name)
  File "/home/travis/build/passed/asciimoo/searx/tests/unit/engines/test_frinkiac.py", line 4, in <module>
    from searx.engines import frinkiac
  File "/home/travis/build/passed/asciimoo/searx/searx/engines/__init__.py", line 24, in <module>
    from flask_babel import gettext
  File "/home/travis/virtualenv/python3.5.6/lib/python3.5/site-packages/flask_babel/__init__.py", line 19, in <module>
    from werkzeug import ImmutableDict
ImportError: cannot import name 'ImmutableDict'


======================================================================
ERROR: tests.unit.engines.test_genius (nose2.loader.ModuleImportFailure)
----------------------------------------------------------------------
ImportError: Failed to import test module: tests.unit.engines.test_genius
Traceback (most recent call last):
  File "/home/travis/virtualenv/python3.5.6/lib/python3.5/site-packages/nose2/plugins/loader/discovery.py", line 201, in _find_tests_in_file
    module = util.module_from_name(module_name)
  File "/home/travis/virtualenv/python3.5.6/lib/python3.5/site-packages/nose2/util.py", line 77, in module_from_name
    __import__(name)
  File "/home/travis/build/passed/asciimoo/searx/tests/unit/engines/test_genius.py", line 4, in <module>
    from searx.engines import genius
  File "/home/travis/build/passed/asciimoo/searx/searx/engines/__init__.py", line 24, in <module>
    from flask_babel import gettext
  File "/home/travis/virtualenv/python3.5.6/lib/python3.5/site-packages/flask_babel/__init__.py", line 19, in <module>
    from werkzeug import ImmutableDict
ImportError: cannot import name 'ImmutableDict'


======================================================================
ERROR: tests.unit.engines.test_gigablast (nose2.loader.ModuleImportFailure)
----------------------------------------------------------------------
ImportError: Failed to import test module: tests.unit.engines.test_gigablast
Traceback (most recent call last):
  File "/home/travis/virtualenv/python3.5.6/lib/python3.5/site-packages/nose2/plugins/loader/discovery.py", line 201, in _find_tests_in_file
    module = util.module_from_name(module_name)
  File "/home/travis/virtualenv/python3.5.6/lib/python3.5/site-packages/nose2/util.py", line 77, in module_from_name
    __import__(name)
  File "/home/travis/build/passed/asciimoo/searx/tests/unit/engines/test_gigablast.py", line 3, in <module>
    from searx.engines import gigablast
  File "/home/travis/build/passed/asciimoo/searx/searx/engines/__init__.py", line 24, in <module>
    from flask_babel import gettext
  File "/home/travis/virtualenv/python3.5.6/lib/python3.5/site-packages/flask_babel/__init__.py", line 19, in <module>
    from werkzeug import ImmutableDict
ImportError: cannot import name 'ImmutableDict'


======================================================================
ERROR: tests.unit.engines.test_github (nose2.loader.ModuleImportFailure)
----------------------------------------------------------------------
ImportError: Failed to import test module: tests.unit.engines.test_github
Traceback (most recent call last):
  File "/home/travis/virtualenv/python3.5.6/lib/python3.5/site-packages/nose2/plugins/loader/discovery.py", line 201, in _find_tests_in_file
    module = util.module_from_name(module_name)
  File "/home/travis/virtualenv/python3.5.6/lib/python3.5/site-packages/nose2/util.py", line 77, in module_from_name
    __import__(name)
  File "/home/travis/build/passed/asciimoo/searx/tests/unit/engines/test_github.py", line 3, in <module>
    from searx.engines import github
  File "/home/travis/build/passed/asciimoo/searx/searx/engines/__init__.py", line 24, in <module>
    from flask_babel import gettext
  File "/home/travis/virtualenv/python3.5.6/lib/python3.5/site-packages/flask_babel/__init__.py", line 19, in <module>
    from werkzeug import ImmutableDict
ImportError: cannot import name 'ImmutableDict'


======================================================================
ERROR: tests.unit.engines.test_google (nose2.loader.ModuleImportFailure)
----------------------------------------------------------------------
ImportError: Failed to import test module: tests.unit.engines.test_google
Traceback (most recent call last):
  File "/home/travis/virtualenv/python3.5.6/lib/python3.5/site-packages/nose2/plugins/loader/discovery.py", line 201, in _find_tests_in_file
    module = util.module_from_name(module_name)
  File "/home/travis/virtualenv/python3.5.6/lib/python3.5/site-packages/nose2/util.py", line 77, in module_from_name
    __import__(name)
  File "/home/travis/build/passed/asciimoo/searx/tests/unit/engines/test_google.py", line 5, in <module>
    from searx.engines import google
  File "/home/travis/build/passed/asciimoo/searx/searx/engines/__init__.py", line 24, in <module>
    from flask_babel import gettext
  File "/home/travis/virtualenv/python3.5.6/lib/python3.5/site-packages/flask_babel/__init__.py", line 19, in <module>
    from werkzeug import ImmutableDict
ImportError: cannot import name 'ImmutableDict'


======================================================================
ERROR: tests.unit.engines.test_google_images (nose2.loader.ModuleImportFailure)
----------------------------------------------------------------------
ImportError: Failed to import test module: tests.unit.engines.test_google_images
Traceback (most recent call last):
  File "/home/travis/virtualenv/python3.5.6/lib/python3.5/site-packages/nose2/plugins/loader/discovery.py", line 201, in _find_tests_in_file
    module = util.module_from_name(module_name)
  File "/home/travis/virtualenv/python3.5.6/lib/python3.5/site-packages/nose2/util.py", line 77, in module_from_name
    __import__(name)
  File "/home/travis/build/passed/asciimoo/searx/tests/unit/engines/test_google_images.py", line 3, in <module>
    from searx.engines import google_images
  File "/home/travis/build/passed/asciimoo/searx/searx/engines/__init__.py", line 24, in <module>
    from flask_babel import gettext
  File "/home/travis/virtualenv/python3.5.6/lib/python3.5/site-packages/flask_babel/__init__.py", line 19, in <module>
    from werkzeug import ImmutableDict
ImportError: cannot import name 'ImmutableDict'


======================================================================
ERROR: tests.unit.engines.test_google_news (nose2.loader.ModuleImportFailure)
----------------------------------------------------------------------
ImportError: Failed to import test module: tests.unit.engines.test_google_news
Traceback (most recent call last):
  File "/home/travis/virtualenv/python3.5.6/lib/python3.5/site-packages/nose2/plugins/loader/discovery.py", line 201, in _find_tests_in_file
    module = util.module_from_name(module_name)
  File "/home/travis/virtualenv/python3.5.6/lib/python3.5/site-packages/nose2/util.py", line 77, in module_from_name
    __import__(name)
  File "/home/travis/build/passed/asciimoo/searx/tests/unit/engines/test_google_news.py", line 5, in <module>
    from searx.engines import google_news
  File "/home/travis/build/passed/asciimoo/searx/searx/engines/__init__.py", line 24, in <module>
    from flask_babel import gettext
  File "/home/travis/virtualenv/python3.5.6/lib/python3.5/site-packages/flask_babel/__init__.py", line 19, in <module>
    from werkzeug import ImmutableDict
ImportError: cannot import name 'ImmutableDict'


======================================================================
ERROR: tests.unit.engines.test_google_videos (nose2.loader.ModuleImportFailure)
----------------------------------------------------------------------
ImportError: Failed to import test module: tests.unit.engines.test_google_videos
Traceback (most recent call last):
  File "/home/travis/virtualenv/python3.5.6/lib/python3.5/site-packages/nose2/plugins/loader/discovery.py", line 201, in _find_tests_in_file
    module = util.module_from_name(module_name)
  File "/home/travis/virtualenv/python3.5.6/lib/python3.5/site-packages/nose2/util.py", line 77, in module_from_name
    __import__(name)
  File "/home/travis/build/passed/asciimoo/searx/tests/unit/engines/test_google_videos.py", line 3, in <module>
    from searx.engines import google_videos
  File "/home/travis/build/passed/asciimoo/searx/searx/engines/__init__.py", line 24, in <module>
    from flask_babel import gettext
  File "/home/travis/virtualenv/python3.5.6/lib/python3.5/site-packages/flask_babel/__init__.py", line 19, in <module>
    from werkzeug import ImmutableDict
ImportError: cannot import name 'ImmutableDict'


======================================================================
ERROR: tests.unit.engines.test_ina (nose2.loader.ModuleImportFailure)
----------------------------------------------------------------------
ImportError: Failed to import test module: tests.unit.engines.test_ina
Traceback (most recent call last):
  File "/home/travis/virtualenv/python3.5.6/lib/python3.5/site-packages/nose2/plugins/loader/discovery.py", line 201, in _find_tests_in_file
    module = util.module_from_name(module_name)
  File "/home/travis/virtualenv/python3.5.6/lib/python3.5/site-packages/nose2/util.py", line 77, in module_from_name
    __import__(name)
  File "/home/travis/build/passed/asciimoo/searx/tests/unit/engines/test_ina.py", line 3, in <module>
    from searx.engines import ina
  File "/home/travis/build/passed/asciimoo/searx/searx/engines/__init__.py", line 24, in <module>
    from flask_babel import gettext
  File "/home/travis/virtualenv/python3.5.6/lib/python3.5/site-packages/flask_babel/__init__.py", line 19, in <module>
    from werkzeug import ImmutableDict
ImportError: cannot import name 'ImmutableDict'


======================================================================
ERROR: tests.unit.engines.test_kickass (nose2.loader.ModuleImportFailure)
----------------------------------------------------------------------
ImportError: Failed to import test module: tests.unit.engines.test_kickass
Traceback (most recent call last):
  File "/home/travis/virtualenv/python3.5.6/lib/python3.5/site-packages/nose2/plugins/loader/discovery.py", line 201, in _find_tests_in_file
    module = util.module_from_name(module_name)
  File "/home/travis/virtualenv/python3.5.6/lib/python3.5/site-packages/nose2/util.py", line 77, in module_from_name
    __import__(name)
  File "/home/travis/build/passed/asciimoo/searx/tests/unit/engines/test_kickass.py", line 4, in <module>
    from searx.engines import kickass
  File "/home/travis/build/passed/asciimoo/searx/searx/engines/__init__.py", line 24, in <module>
    from flask_babel import gettext
  File "/home/travis/virtualenv/python3.5.6/lib/python3.5/site-packages/flask_babel/__init__.py", line 19, in <module>
    from werkzeug import ImmutableDict
ImportError: cannot import name 'ImmutableDict'


======================================================================
ERROR: tests.unit.engines.test_mediawiki (nose2.loader.ModuleImportFailure)
----------------------------------------------------------------------
ImportError: Failed to import test module: tests.unit.engines.test_mediawiki
Traceback (most recent call last):
  File "/home/travis/virtualenv/python3.5.6/lib/python3.5/site-packages/nose2/plugins/loader/discovery.py", line 201, in _find_tests_in_file
    module = util.module_from_name(module_name)
  File "/home/travis/virtualenv/python3.5.6/lib/python3.5/site-packages/nose2/util.py", line 77, in module_from_name
    __import__(name)
  File "/home/travis/build/passed/asciimoo/searx/tests/unit/engines/test_mediawiki.py", line 4, in <module>
    from searx.engines import mediawiki
  File "/home/travis/build/passed/asciimoo/searx/searx/engines/__init__.py", line 24, in <module>
    from flask_babel import gettext
  File "/home/travis/virtualenv/python3.5.6/lib/python3.5/site-packages/flask_babel/__init__.py", line 19, in <module>
    from werkzeug import ImmutableDict
ImportError: cannot import name 'ImmutableDict'


======================================================================
ERROR: tests.unit.engines.test_mixcloud (nose2.loader.ModuleImportFailure)
----------------------------------------------------------------------
ImportError: Failed to import test module: tests.unit.engines.test_mixcloud
Traceback (most recent call last):
  File "/home/travis/virtualenv/python3.5.6/lib/python3.5/site-packages/nose2/plugins/loader/discovery.py", line 201, in _find_tests_in_file
    module = util.module_from_name(module_name)
  File "/home/travis/virtualenv/python3.5.6/lib/python3.5/site-packages/nose2/util.py", line 77, in module_from_name
    __import__(name)
  File "/home/travis/build/passed/asciimoo/searx/tests/unit/engines/test_mixcloud.py", line 3, in <module>
    from searx.engines import mixcloud
  File "/home/travis/build/passed/asciimoo/searx/searx/engines/__init__.py", line 24, in <module>
    from flask_babel import gettext
  File "/home/travis/virtualenv/python3.5.6/lib/python3.5/site-packages/flask_babel/__init__.py", line 19, in <module>
    from werkzeug import ImmutableDict
ImportError: cannot import name 'ImmutableDict'


======================================================================
ERROR: tests.unit.engines.test_nyaa (nose2.loader.ModuleImportFailure)
----------------------------------------------------------------------
ImportError: Failed to import test module: tests.unit.engines.test_nyaa
Traceback (most recent call last):
  File "/home/travis/virtualenv/python3.5.6/lib/python3.5/site-packages/nose2/plugins/loader/discovery.py", line 201, in _find_tests_in_file
    module = util.module_from_name(module_name)
  File "/home/travis/virtualenv/python3.5.6/lib/python3.5/site-packages/nose2/util.py", line 77, in module_from_name
    __import__(name)
  File "/home/travis/build/passed/asciimoo/searx/tests/unit/engines/test_nyaa.py", line 3, in <module>
    from searx.engines import nyaa
  File "/home/travis/build/passed/asciimoo/searx/searx/engines/__init__.py", line 24, in <module>
    from flask_babel import gettext
  File "/home/travis/virtualenv/python3.5.6/lib/python3.5/site-packages/flask_babel/__init__.py", line 19, in <module>
    from werkzeug import ImmutableDict
ImportError: cannot import name 'ImmutableDict'


======================================================================
ERROR: tests.unit.engines.test_openstreetmap (nose2.loader.ModuleImportFailure)
----------------------------------------------------------------------
ImportError: Failed to import test module: tests.unit.engines.test_openstreetmap
Traceback (most recent call last):
  File "/home/travis/virtualenv/python3.5.6/lib/python3.5/site-packages/nose2/plugins/loader/discovery.py", line 201, in _find_tests_in_file
    module = util.module_from_name(module_name)
  File "/home/travis/virtualenv/python3.5.6/lib/python3.5/site-packages/nose2/util.py", line 77, in module_from_name
    __import__(name)
  File "/home/travis/build/passed/asciimoo/searx/tests/unit/engines/test_openstreetmap.py", line 4, in <module>
    from searx.engines import openstreetmap
  File "/home/travis/build/passed/asciimoo/searx/searx/engines/__init__.py", line 24, in <module>
    from flask_babel import gettext
  File "/home/travis/virtualenv/python3.5.6/lib/python3.5/site-packages/flask_babel/__init__.py", line 19, in <module>
    from werkzeug import ImmutableDict
ImportError: cannot import name 'ImmutableDict'


======================================================================
ERROR: tests.unit.engines.test_pdbe (nose2.loader.ModuleImportFailure)
----------------------------------------------------------------------
ImportError: Failed to import test module: tests.unit.engines.test_pdbe
Traceback (most recent call last):
  File "/home/travis/virtualenv/python3.5.6/lib/python3.5/site-packages/nose2/plugins/loader/discovery.py", line 201, in _find_tests_in_file
    module = util.module_from_name(module_name)
  File "/home/travis/virtualenv/python3.5.6/lib/python3.5/site-packages/nose2/util.py", line 77, in module_from_name
    __import__(name)
  File "/home/travis/build/passed/asciimoo/searx/tests/unit/engines/test_pdbe.py", line 3, in <module>
    from searx.engines import pdbe
  File "/home/travis/build/passed/asciimoo/searx/searx/engines/__init__.py", line 24, in <module>
    from flask_babel import gettext
  File "/home/travis/virtualenv/python3.5.6/lib/python3.5/site-packages/flask_babel/__init__.py", line 19, in <module>
    from werkzeug import ImmutableDict
ImportError: cannot import name 'ImmutableDict'


======================================================================
ERROR: tests.unit.engines.test_photon (nose2.loader.ModuleImportFailure)
----------------------------------------------------------------------
ImportError: Failed to import test module: tests.unit.engines.test_photon
Traceback (most recent call last):
  File "/home/travis/virtualenv/python3.5.6/lib/python3.5/site-packages/nose2/plugins/loader/discovery.py", line 201, in _find_tests_in_file
    module = util.module_from_name(module_name)
  File "/home/travis/virtualenv/python3.5.6/lib/python3.5/site-packages/nose2/util.py", line 77, in module_from_name
    __import__(name)
  File "/home/travis/build/passed/asciimoo/searx/tests/unit/engines/test_photon.py", line 4, in <module>
    from searx.engines import photon
  File "/home/travis/build/passed/asciimoo/searx/searx/engines/__init__.py", line 24, in <module>
    from flask_babel import gettext
  File "/home/travis/virtualenv/python3.5.6/lib/python3.5/site-packages/flask_babel/__init__.py", line 19, in <module>
    from werkzeug import ImmutableDict
ImportError: cannot import name 'ImmutableDict'


======================================================================
ERROR: tests.unit.engines.test_piratebay (nose2.loader.ModuleImportFailure)
----------------------------------------------------------------------
ImportError: Failed to import test module: tests.unit.engines.test_piratebay
Traceback (most recent call last):
  File "/home/travis/virtualenv/python3.5.6/lib/python3.5/site-packages/nose2/plugins/loader/discovery.py", line 201, in _find_tests_in_file
    module = util.module_from_name(module_name)
  File "/home/travis/virtualenv/python3.5.6/lib/python3.5/site-packages/nose2/util.py", line 77, in module_from_name
    __import__(name)
  File "/home/travis/build/passed/asciimoo/searx/tests/unit/engines/test_piratebay.py", line 4, in <module>
    from searx.engines import piratebay
  File "/home/travis/build/passed/asciimoo/searx/searx/engines/__init__.py", line 24, in <module>
    from flask_babel import gettext
  File "/home/travis/virtualenv/python3.5.6/lib/python3.5/site-packages/flask_babel/__init__.py", line 19, in <module>
    from werkzeug import ImmutableDict
ImportError: cannot import name 'ImmutableDict'


======================================================================
ERROR: tests.unit.engines.test_qwant (nose2.loader.ModuleImportFailure)
----------------------------------------------------------------------
ImportError: Failed to import test module: tests.unit.engines.test_qwant
Traceback (most recent call last):
  File "/home/travis/virtualenv/python3.5.6/lib/python3.5/site-packages/nose2/plugins/loader/discovery.py", line 201, in _find_tests_in_file
    module = util.module_from_name(module_name)
  File "/home/travis/virtualenv/python3.5.6/lib/python3.5/site-packages/nose2/util.py", line 77, in module_from_name
    __import__(name)
  File "/home/travis/build/passed/asciimoo/searx/tests/unit/engines/test_qwant.py", line 3, in <module>
    from searx.engines import qwant
  File "/home/travis/build/passed/asciimoo/searx/searx/engines/__init__.py", line 24, in <module>
    from flask_babel import gettext
  File "/home/travis/virtualenv/python3.5.6/lib/python3.5/site-packages/flask_babel/__init__.py", line 19, in <module>
    from werkzeug import ImmutableDict
ImportError: cannot import name 'ImmutableDict'


======================================================================
ERROR: tests.unit.engines.test_reddit (nose2.loader.ModuleImportFailure)
----------------------------------------------------------------------
ImportError: Failed to import test module: tests.unit.engines.test_reddit
Traceback (most recent call last):
  File "/home/travis/virtualenv/python3.5.6/lib/python3.5/site-packages/nose2/plugins/loader/discovery.py", line 201, in _find_tests_in_file
    module = util.module_from_name(module_name)
  File "/home/travis/virtualenv/python3.5.6/lib/python3.5/site-packages/nose2/util.py", line 77, in module_from_name
    __import__(name)
  File "/home/travis/build/passed/asciimoo/searx/tests/unit/engines/test_reddit.py", line 3, in <module>
    from searx.engines import reddit
  File "/home/travis/build/passed/asciimoo/searx/searx/engines/__init__.py", line 24, in <module>
    from flask_babel import gettext
  File "/home/travis/virtualenv/python3.5.6/lib/python3.5/site-packages/flask_babel/__init__.py", line 19, in <module>
    from werkzeug import ImmutableDict
ImportError: cannot import name 'ImmutableDict'


======================================================================
ERROR: tests.unit.engines.test_scanr_structures (nose2.loader.ModuleImportFailure)
----------------------------------------------------------------------
ImportError: Failed to import test module: tests.unit.engines.test_scanr_structures
Traceback (most recent call last):
  File "/home/travis/virtualenv/python3.5.6/lib/python3.5/site-packages/nose2/plugins/loader/discovery.py", line 201, in _find_tests_in_file
    module = util.module_from_name(module_name)
  File "/home/travis/virtualenv/python3.5.6/lib/python3.5/site-packages/nose2/util.py", line 77, in module_from_name
    __import__(name)
  File "/home/travis/build/passed/asciimoo/searx/tests/unit/engines/test_scanr_structures.py", line 3, in <module>
    from searx.engines import scanr_structures
  File "/home/travis/build/passed/asciimoo/searx/searx/engines/__init__.py", line 24, in <module>
    from flask_babel import gettext
  File "/home/travis/virtualenv/python3.5.6/lib/python3.5/site-packages/flask_babel/__init__.py", line 19, in <module>
    from werkzeug import ImmutableDict
ImportError: cannot import name 'ImmutableDict'


======================================================================
ERROR: tests.unit.engines.test_searchcode_code (nose2.loader.ModuleImportFailure)
----------------------------------------------------------------------
ImportError: Failed to import test module: tests.unit.engines.test_searchcode_code
Traceback (most recent call last):
  File "/home/travis/virtualenv/python3.5.6/lib/python3.5/site-packages/nose2/plugins/loader/discovery.py", line 201, in _find_tests_in_file
    module = util.module_from_name(module_name)
  File "/home/travis/virtualenv/python3.5.6/lib/python3.5/site-packages/nose2/util.py", line 77, in module_from_name
    __import__(name)
  File "/home/travis/build/passed/asciimoo/searx/tests/unit/engines/test_searchcode_code.py", line 3, in <module>
    from searx.engines import searchcode_code
  File "/home/travis/build/passed/asciimoo/searx/searx/engines/__init__.py", line 24, in <module>
    from flask_babel import gettext
  File "/home/travis/virtualenv/python3.5.6/lib/python3.5/site-packages/flask_babel/__init__.py", line 19, in <module>
    from werkzeug import ImmutableDict
ImportError: cannot import name 'ImmutableDict'


======================================================================
ERROR: tests.unit.engines.test_searchcode_doc (nose2.loader.ModuleImportFailure)
----------------------------------------------------------------------
ImportError: Failed to import test module: tests.unit.engines.test_searchcode_doc
Traceback (most recent call last):
  File "/home/travis/virtualenv/python3.5.6/lib/python3.5/site-packages/nose2/plugins/loader/discovery.py", line 201, in _find_tests_in_file
    module = util.module_from_name(module_name)
  File "/home/travis/virtualenv/python3.5.6/lib/python3.5/site-packages/nose2/util.py", line 77, in module_from_name
    __import__(name)
  File "/home/travis/build/passed/asciimoo/searx/tests/unit/engines/test_searchcode_doc.py", line 3, in <module>
    from searx.engines import searchcode_doc
  File "/home/travis/build/passed/asciimoo/searx/searx/engines/__init__.py", line 24, in <module>
    from flask_babel import gettext
  File "/home/travis/virtualenv/python3.5.6/lib/python3.5/site-packages/flask_babel/__init__.py", line 19, in <module>
    from werkzeug import ImmutableDict
ImportError: cannot import name 'ImmutableDict'


======================================================================
ERROR: tests.unit.engines.test_seedpeer (nose2.loader.ModuleImportFailure)
----------------------------------------------------------------------
ImportError: Failed to import test module: tests.unit.engines.test_seedpeer
Traceback (most recent call last):
  File "/home/travis/virtualenv/python3.5.6/lib/python3.5/site-packages/nose2/plugins/loader/discovery.py", line 201, in _find_tests_in_file
    module = util.module_from_name(module_name)
  File "/home/travis/virtualenv/python3.5.6/lib/python3.5/site-packages/nose2/util.py", line 77, in module_from_name
    __import__(name)
  File "/home/travis/build/passed/asciimoo/searx/tests/unit/engines/test_seedpeer.py", line 3, in <module>
    from searx.engines import seedpeer
  File "/home/travis/build/passed/asciimoo/searx/searx/engines/__init__.py", line 24, in <module>
    from flask_babel import gettext
  File "/home/travis/virtualenv/python3.5.6/lib/python3.5/site-packages/flask_babel/__init__.py", line 19, in <module>
    from werkzeug import ImmutableDict
ImportError: cannot import name 'ImmutableDict'


======================================================================
ERROR: tests.unit.engines.test_soundcloud (nose2.loader.ModuleImportFailure)
----------------------------------------------------------------------
ImportError: Failed to import test module: tests.unit.engines.test_soundcloud
Traceback (most recent call last):
  File "/home/travis/virtualenv/python3.5.6/lib/python3.5/site-packages/nose2/plugins/loader/discovery.py", line 201, in _find_tests_in_file
    module = util.module_from_name(module_name)
  File "/home/travis/virtualenv/python3.5.6/lib/python3.5/site-packages/nose2/util.py", line 77, in module_from_name
    __import__(name)
  File "/home/travis/build/passed/asciimoo/searx/tests/unit/engines/test_soundcloud.py", line 3, in <module>
    from searx.engines import soundcloud
  File "/home/travis/build/passed/asciimoo/searx/searx/engines/__init__.py", line 24, in <module>
    from flask_babel import gettext
  File "/home/travis/virtualenv/python3.5.6/lib/python3.5/site-packages/flask_babel/__init__.py", line 19, in <module>
    from werkzeug import ImmutableDict
ImportError: cannot import name 'ImmutableDict'


======================================================================
ERROR: tests.unit.engines.test_spotify (nose2.loader.ModuleImportFailure)
----------------------------------------------------------------------
ImportError: Failed to import test module: tests.unit.engines.test_spotify
Traceback (most recent call last):
  File "/home/travis/virtualenv/python3.5.6/lib/python3.5/site-packages/nose2/plugins/loader/discovery.py", line 201, in _find_tests_in_file
    module = util.module_from_name(module_name)
  File "/home/travis/virtualenv/python3.5.6/lib/python3.5/site-packages/nose2/util.py", line 77, in module_from_name
    __import__(name)
  File "/home/travis/build/passed/asciimoo/searx/tests/unit/engines/test_spotify.py", line 3, in <module>
    from searx.engines import spotify
  File "/home/travis/build/passed/asciimoo/searx/searx/engines/__init__.py", line 24, in <module>
    from flask_babel import gettext
  File "/home/travis/virtualenv/python3.5.6/lib/python3.5/site-packages/flask_babel/__init__.py", line 19, in <module>
    from werkzeug import ImmutableDict
ImportError: cannot import name 'ImmutableDict'


======================================================================
ERROR: tests.unit.engines.test_stackoverflow (nose2.loader.ModuleImportFailure)
----------------------------------------------------------------------
ImportError: Failed to import test module: tests.unit.engines.test_stackoverflow
Traceback (most recent call last):
  File "/home/travis/virtualenv/python3.5.6/lib/python3.5/site-packages/nose2/plugins/loader/discovery.py", line 201, in _find_tests_in_file
    module = util.module_from_name(module_name)
  File "/home/travis/virtualenv/python3.5.6/lib/python3.5/site-packages/nose2/util.py", line 77, in module_from_name
    __import__(name)
  File "/home/travis/build/passed/asciimoo/searx/tests/unit/engines/test_stackoverflow.py", line 3, in <module>
    from searx.engines import stackoverflow
  File "/home/travis/build/passed/asciimoo/searx/searx/engines/__init__.py", line 24, in <module>
    from flask_babel import gettext
  File "/home/travis/virtualenv/python3.5.6/lib/python3.5/site-packages/flask_babel/__init__.py", line 19, in <module>
    from werkzeug import ImmutableDict
ImportError: cannot import name 'ImmutableDict'


======================================================================
ERROR: tests.unit.engines.test_startpage (nose2.loader.ModuleImportFailure)
----------------------------------------------------------------------
ImportError: Failed to import test module: tests.unit.engines.test_startpage
Traceback (most recent call last):
  File "/home/travis/virtualenv/python3.5.6/lib/python3.5/site-packages/nose2/plugins/loader/discovery.py", line 201, in _find_tests_in_file
    module = util.module_from_name(module_name)
  File "/home/travis/virtualenv/python3.5.6/lib/python3.5/site-packages/nose2/util.py", line 77, in module_from_name
    __import__(name)
  File "/home/travis/build/passed/asciimoo/searx/tests/unit/engines/test_startpage.py", line 4, in <module>
    from searx.engines import startpage
  File "/home/travis/build/passed/asciimoo/searx/searx/engines/__init__.py", line 24, in <module>
    from flask_babel import gettext
  File "/home/travis/virtualenv/python3.5.6/lib/python3.5/site-packages/flask_babel/__init__.py", line 19, in <module>
    from werkzeug import ImmutableDict
ImportError: cannot import name 'ImmutableDict'


======================================================================
ERROR: tests.unit.engines.test_subtitleseeker (nose2.loader.ModuleImportFailure)
----------------------------------------------------------------------
ImportError: Failed to import test module: tests.unit.engines.test_subtitleseeker
Traceback (most recent call last):
  File "/home/travis/virtualenv/python3.5.6/lib/python3.5/site-packages/nose2/plugins/loader/discovery.py", line 201, in _find_tests_in_file
    module = util.module_from_name(module_name)
  File "/home/travis/virtualenv/python3.5.6/lib/python3.5/site-packages/nose2/util.py", line 77, in module_from_name
    __import__(name)
  File "/home/travis/build/passed/asciimoo/searx/tests/unit/engines/test_subtitleseeker.py", line 3, in <module>
    from searx.engines import subtitleseeker
  File "/home/travis/build/passed/asciimoo/searx/searx/engines/__init__.py", line 24, in <module>
    from flask_babel import gettext
  File "/home/travis/virtualenv/python3.5.6/lib/python3.5/site-packages/flask_babel/__init__.py", line 19, in <module>
    from werkzeug import ImmutableDict
ImportError: cannot import name 'ImmutableDict'


======================================================================
ERROR: tests.unit.engines.test_swisscows (nose2.loader.ModuleImportFailure)
----------------------------------------------------------------------
ImportError: Failed to import test module: tests.unit.engines.test_swisscows
Traceback (most recent call last):
  File "/home/travis/virtualenv/python3.5.6/lib/python3.5/site-packages/nose2/plugins/loader/discovery.py", line 201, in _find_tests_in_file
    module = util.module_from_name(module_name)
  File "/home/travis/virtualenv/python3.5.6/lib/python3.5/site-packages/nose2/util.py", line 77, in module_from_name
    __import__(name)
  File "/home/travis/build/passed/asciimoo/searx/tests/unit/engines/test_swisscows.py", line 3, in <module>
    from searx.engines import swisscows
  File "/home/travis/build/passed/asciimoo/searx/searx/engines/__init__.py", line 24, in <module>
    from flask_babel import gettext
  File "/home/travis/virtualenv/python3.5.6/lib/python3.5/site-packages/flask_babel/__init__.py", line 19, in <module>
    from werkzeug import ImmutableDict
ImportError: cannot import name 'ImmutableDict'


======================================================================
ERROR: tests.unit.engines.test_tokyotoshokan (nose2.loader.ModuleImportFailure)
----------------------------------------------------------------------
ImportError: Failed to import test module: tests.unit.engines.test_tokyotoshokan
Traceback (most recent call last):
  File "/home/travis/virtualenv/python3.5.6/lib/python3.5/site-packages/nose2/plugins/loader/discovery.py", line 201, in _find_tests_in_file
    module = util.module_from_name(module_name)
  File "/home/travis/virtualenv/python3.5.6/lib/python3.5/site-packages/nose2/util.py", line 77, in module_from_name
    __import__(name)
  File "/home/travis/build/passed/asciimoo/searx/tests/unit/engines/test_tokyotoshokan.py", line 3, in <module>
    from searx.engines import tokyotoshokan
  File "/home/travis/build/passed/asciimoo/searx/searx/engines/__init__.py", line 24, in <module>
    from flask_babel import gettext
  File "/home/travis/virtualenv/python3.5.6/lib/python3.5/site-packages/flask_babel/__init__.py", line 19, in <module>
    from werkzeug import ImmutableDict
ImportError: cannot import name 'ImmutableDict'


======================================================================
ERROR: tests.unit.engines.test_torrentz (nose2.loader.ModuleImportFailure)
----------------------------------------------------------------------
ImportError: Failed to import test module: tests.unit.engines.test_torrentz
Traceback (most recent call last):
  File "/home/travis/virtualenv/python3.5.6/lib/python3.5/site-packages/nose2/plugins/loader/discovery.py", line 201, in _find_tests_in_file
    module = util.module_from_name(module_name)
  File "/home/travis/virtualenv/python3.5.6/lib/python3.5/site-packages/nose2/util.py", line 77, in module_from_name
    __import__(name)
  File "/home/travis/build/passed/asciimoo/searx/tests/unit/engines/test_torrentz.py", line 3, in <module>
    from searx.engines import torrentz
  File "/home/travis/build/passed/asciimoo/searx/searx/engines/__init__.py", line 24, in <module>
    from flask_babel import gettext
  File "/home/travis/virtualenv/python3.5.6/lib/python3.5/site-packages/flask_babel/__init__.py", line 19, in <module>
    from werkzeug import ImmutableDict
ImportError: cannot import name 'ImmutableDict'


======================================================================
ERROR: tests.unit.engines.test_twitter (nose2.loader.ModuleImportFailure)
----------------------------------------------------------------------
ImportError: Failed to import test module: tests.unit.engines.test_twitter
Traceback (most recent call last):
  File "/home/travis/virtualenv/python3.5.6/lib/python3.5/site-packages/nose2/plugins/loader/discovery.py", line 201, in _find_tests_in_file
    module = util.module_from_name(module_name)
  File "/home/travis/virtualenv/python3.5.6/lib/python3.5/site-packages/nose2/util.py", line 77, in module_from_name
    __import__(name)
  File "/home/travis/build/passed/asciimoo/searx/tests/unit/engines/test_twitter.py", line 4, in <module>
    from searx.engines import twitter
  File "/home/travis/build/passed/asciimoo/searx/searx/engines/__init__.py", line 24, in <module>
    from flask_babel import gettext
  File "/home/travis/virtualenv/python3.5.6/lib/python3.5/site-packages/flask_babel/__init__.py", line 19, in <module>
    from werkzeug import ImmutableDict
ImportError: cannot import name 'ImmutableDict'


======================================================================
ERROR: tests.unit.engines.test_vimeo (nose2.loader.ModuleImportFailure)
----------------------------------------------------------------------
ImportError: Failed to import test module: tests.unit.engines.test_vimeo
Traceback (most recent call last):
  File "/home/travis/virtualenv/python3.5.6/lib/python3.5/site-packages/nose2/plugins/loader/discovery.py", line 201, in _find_tests_in_file
    module = util.module_from_name(module_name)
  File "/home/travis/virtualenv/python3.5.6/lib/python3.5/site-packages/nose2/util.py", line 77, in module_from_name
    __import__(name)
  File "/home/travis/build/passed/asciimoo/searx/tests/unit/engines/test_vimeo.py", line 4, in <module>
    from searx.engines import vimeo
  File "/home/travis/build/passed/asciimoo/searx/searx/engines/__init__.py", line 24, in <module>
    from flask_babel import gettext
  File "/home/travis/virtualenv/python3.5.6/lib/python3.5/site-packages/flask_babel/__init__.py", line 19, in <module>
    from werkzeug import ImmutableDict
ImportError: cannot import name 'ImmutableDict'


======================================================================
ERROR: tests.unit.engines.test_wikidata (nose2.loader.ModuleImportFailure)
----------------------------------------------------------------------
ImportError: Failed to import test module: tests.unit.engines.test_wikidata
Traceback (most recent call last):
  File "/home/travis/virtualenv/python3.5.6/lib/python3.5/site-packages/nose2/plugins/loader/discovery.py", line 201, in _find_tests_in_file
    module = util.module_from_name(module_name)
  File "/home/travis/virtualenv/python3.5.6/lib/python3.5/site-packages/nose2/util.py", line 77, in module_from_name
    __import__(name)
  File "/home/travis/build/passed/asciimoo/searx/tests/unit/engines/test_wikidata.py", line 5, in <module>
    from searx.engines import wikidata
  File "/home/travis/build/passed/asciimoo/searx/searx/engines/__init__.py", line 24, in <module>
    from flask_babel import gettext
  File "/home/travis/virtualenv/python3.5.6/lib/python3.5/site-packages/flask_babel/__init__.py", line 19, in <module>
    from werkzeug import ImmutableDict
ImportError: cannot import name 'ImmutableDict'


======================================================================
ERROR: tests.unit.engines.test_wikipedia (nose2.loader.ModuleImportFailure)
----------------------------------------------------------------------
ImportError: Failed to import test module: tests.unit.engines.test_wikipedia
Traceback (most recent call last):
  File "/home/travis/virtualenv/python3.5.6/lib/python3.5/site-packages/nose2/plugins/loader/discovery.py", line 201, in _find_tests_in_file
    module = util.module_from_name(module_name)
  File "/home/travis/virtualenv/python3.5.6/lib/python3.5/site-packages/nose2/util.py", line 77, in module_from_name
    __import__(name)
  File "/home/travis/build/passed/asciimoo/searx/tests/unit/engines/test_wikipedia.py", line 4, in <module>
    from searx.engines import wikipedia
  File "/home/travis/build/passed/asciimoo/searx/searx/engines/__init__.py", line 24, in <module>
    from flask_babel import gettext
  File "/home/travis/virtualenv/python3.5.6/lib/python3.5/site-packages/flask_babel/__init__.py", line 19, in <module>
    from werkzeug import ImmutableDict
ImportError: cannot import name 'ImmutableDict'


======================================================================
ERROR: tests.unit.engines.test_wolframalpha_api (nose2.loader.ModuleImportFailure)
----------------------------------------------------------------------
ImportError: Failed to import test module: tests.unit.engines.test_wolframalpha_api
Traceback (most recent call last):
  File "/home/travis/virtualenv/python3.5.6/lib/python3.5/site-packages/nose2/plugins/loader/discovery.py", line 201, in _find_tests_in_file
    module = util.module_from_name(module_name)
  File "/home/travis/virtualenv/python3.5.6/lib/python3.5/site-packages/nose2/util.py", line 77, in module_from_name
    __import__(name)
  File "/home/travis/build/passed/asciimoo/searx/tests/unit/engines/test_wolframalpha_api.py", line 5, in <module>
    from searx.engines import wolframalpha_api
  File "/home/travis/build/passed/asciimoo/searx/searx/engines/__init__.py", line 24, in <module>
    from flask_babel import gettext
  File "/home/travis/virtualenv/python3.5.6/lib/python3.5/site-packages/flask_babel/__init__.py", line 19, in <module>
    from werkzeug import ImmutableDict
ImportError: cannot import name 'ImmutableDict'


======================================================================
ERROR: tests.unit.engines.test_wolframalpha_noapi (nose2.loader.ModuleImportFailure)
----------------------------------------------------------------------
ImportError: Failed to import test module: tests.unit.engines.test_wolframalpha_noapi
Traceback (most recent call last):
  File "/home/travis/virtualenv/python3.5.6/lib/python3.5/site-packages/nose2/plugins/loader/discovery.py", line 201, in _find_tests_in_file
    module = util.module_from_name(module_name)
  File "/home/travis/virtualenv/python3.5.6/lib/python3.5/site-packages/nose2/util.py", line 77, in module_from_name
    __import__(name)
  File "/home/travis/build/passed/asciimoo/searx/tests/unit/engines/test_wolframalpha_noapi.py", line 5, in <module>
    from searx.engines import wolframalpha_noapi
  File "/home/travis/build/passed/asciimoo/searx/searx/engines/__init__.py", line 24, in <module>
    from flask_babel import gettext
  File "/home/travis/virtualenv/python3.5.6/lib/python3.5/site-packages/flask_babel/__init__.py", line 19, in <module>
    from werkzeug import ImmutableDict
ImportError: cannot import name 'ImmutableDict'


======================================================================
ERROR: tests.unit.engines.test_www1x (nose2.loader.ModuleImportFailure)
----------------------------------------------------------------------
ImportError: Failed to import test module: tests.unit.engines.test_www1x
Traceback (most recent call last):
  File "/home/travis/virtualenv/python3.5.6/lib/python3.5/site-packages/nose2/plugins/loader/discovery.py", line 201, in _find_tests_in_file
    module = util.module_from_name(module_name)
  File "/home/travis/virtualenv/python3.5.6/lib/python3.5/site-packages/nose2/util.py", line 77, in module_from_name
    __import__(name)
  File "/home/travis/build/passed/asciimoo/searx/tests/unit/engines/test_www1x.py", line 3, in <module>
    from searx.engines import www1x
  File "/home/travis/build/passed/asciimoo/searx/searx/engines/__init__.py", line 24, in <module>
    from flask_babel import gettext
  File "/home/travis/virtualenv/python3.5.6/lib/python3.5/site-packages/flask_babel/__init__.py", line 19, in <module>
    from werkzeug import ImmutableDict
ImportError: cannot import name 'ImmutableDict'


======================================================================
ERROR: tests.unit.engines.test_www500px (nose2.loader.ModuleImportFailure)
----------------------------------------------------------------------
ImportError: Failed to import test module: tests.unit.engines.test_www500px
Traceback (most recent call last):
  File "/home/travis/virtualenv/python3.5.6/lib/python3.5/site-packages/nose2/plugins/loader/discovery.py", line 201, in _find_tests_in_file
    module = util.module_from_name(module_name)
  File "/home/travis/virtualenv/python3.5.6/lib/python3.5/site-packages/nose2/util.py", line 77, in module_from_name
    __import__(name)
  File "/home/travis/build/passed/asciimoo/searx/tests/unit/engines/test_www500px.py", line 4, in <module>
    from searx.engines import www500px
  File "/home/travis/build/passed/asciimoo/searx/searx/engines/__init__.py", line 24, in <module>
    from flask_babel import gettext
  File "/home/travis/virtualenv/python3.5.6/lib/python3.5/site-packages/flask_babel/__init__.py", line 19, in <module>
    from werkzeug import ImmutableDict
ImportError: cannot import name 'ImmutableDict'


======================================================================
ERROR: tests.unit.engines.test_yacy (nose2.loader.ModuleImportFailure)
----------------------------------------------------------------------
ImportError: Failed to import test module: tests.unit.engines.test_yacy
Traceback (most recent call last):
  File "/home/travis/virtualenv/python3.5.6/lib/python3.5/site-packages/nose2/plugins/loader/discovery.py", line 201, in _find_tests_in_file
    module = util.module_from_name(module_name)
  File "/home/travis/virtualenv/python3.5.6/lib/python3.5/site-packages/nose2/util.py", line 77, in module_from_name
    __import__(name)
  File "/home/travis/build/passed/asciimoo/searx/tests/unit/engines/test_yacy.py", line 3, in <module>
    from searx.engines import yacy
  File "/home/travis/build/passed/asciimoo/searx/searx/engines/__init__.py", line 24, in <module>
    from flask_babel import gettext
  File "/home/travis/virtualenv/python3.5.6/lib/python3.5/site-packages/flask_babel/__init__.py", line 19, in <module>
    from werkzeug import ImmutableDict
ImportError: cannot import name 'ImmutableDict'


======================================================================
ERROR: tests.unit.engines.test_yahoo (nose2.loader.ModuleImportFailure)
----------------------------------------------------------------------
ImportError: Failed to import test module: tests.unit.engines.test_yahoo
Traceback (most recent call last):
  File "/home/travis/virtualenv/python3.5.6/lib/python3.5/site-packages/nose2/plugins/loader/discovery.py", line 201, in _find_tests_in_file
    module = util.module_from_name(module_name)
  File "/home/travis/virtualenv/python3.5.6/lib/python3.5/site-packages/nose2/util.py", line 77, in module_from_name
    __import__(name)
  File "/home/travis/build/passed/asciimoo/searx/tests/unit/engines/test_yahoo.py", line 4, in <module>
    from searx.engines import yahoo
  File "/home/travis/build/passed/asciimoo/searx/searx/engines/__init__.py", line 24, in <module>
    from flask_babel import gettext
  File "/home/travis/virtualenv/python3.5.6/lib/python3.5/site-packages/flask_babel/__init__.py", line 19, in <module>
    from werkzeug import ImmutableDict
ImportError: cannot import name 'ImmutableDict'


======================================================================
ERROR: tests.unit.engines.test_yahoo_news (nose2.loader.ModuleImportFailure)
----------------------------------------------------------------------
ImportError: Failed to import test module: tests.unit.engines.test_yahoo_news
Traceback (most recent call last):
  File "/home/travis/virtualenv/python3.5.6/lib/python3.5/site-packages/nose2/plugins/loader/discovery.py", line 201, in _find_tests_in_file
    module = util.module_from_name(module_name)
  File "/home/travis/virtualenv/python3.5.6/lib/python3.5/site-packages/nose2/util.py", line 77, in module_from_name
    __import__(name)
  File "/home/travis/build/passed/asciimoo/searx/tests/unit/engines/test_yahoo_news.py", line 5, in <module>
    from searx.engines import yahoo_news
  File "/home/travis/build/passed/asciimoo/searx/searx/engines/__init__.py", line 24, in <module>
    from flask_babel import gettext
  File "/home/travis/virtualenv/python3.5.6/lib/python3.5/site-packages/flask_babel/__init__.py", line 19, in <module>
    from werkzeug import ImmutableDict
ImportError: cannot import name 'ImmutableDict'


======================================================================
ERROR: tests.unit.engines.test_youtube_api (nose2.loader.ModuleImportFailure)
----------------------------------------------------------------------
ImportError: Failed to import test module: tests.unit.engines.test_youtube_api
Traceback (most recent call last):
  File "/home/travis/virtualenv/python3.5.6/lib/python3.5/site-packages/nose2/plugins/loader/discovery.py", line 201, in _find_tests_in_file
    module = util.module_from_name(module_name)
  File "/home/travis/virtualenv/python3.5.6/lib/python3.5/site-packages/nose2/util.py", line 77, in module_from_name
    __import__(name)
  File "/home/travis/build/passed/asciimoo/searx/tests/unit/engines/test_youtube_api.py", line 3, in <module>
    from searx.engines import youtube_api
  File "/home/travis/build/passed/asciimoo/searx/searx/engines/__init__.py", line 24, in <module>
    from flask_babel import gettext
  File "/home/travis/virtualenv/python3.5.6/lib/python3.5/site-packages/flask_babel/__init__.py", line 19, in <module>
    from werkzeug import ImmutableDict
ImportError: cannot import name 'ImmutableDict'


======================================================================
ERROR: tests.unit.engines.test_youtube_noapi (nose2.loader.ModuleImportFailure)
----------------------------------------------------------------------
ImportError: Failed to import test module: tests.unit.engines.test_youtube_noapi
Traceback (most recent call last):
  File "/home/travis/virtualenv/python3.5.6/lib/python3.5/site-packages/nose2/plugins/loader/discovery.py", line 201, in _find_tests_in_file
    module = util.module_from_name(module_name)
  File "/home/travis/virtualenv/python3.5.6/lib/python3.5/site-packages/nose2/util.py", line 77, in module_from_name
    __import__(name)
  File "/home/travis/build/passed/asciimoo/searx/tests/unit/engines/test_youtube_noapi.py", line 4, in <module>
    from searx.engines import youtube_noapi
  File "/home/travis/build/passed/asciimoo/searx/searx/engines/__init__.py", line 24, in <module>
    from flask_babel import gettext
  File "/home/travis/virtualenv/python3.5.6/lib/python3.5/site-packages/flask_babel/__init__.py", line 19, in <module>
    from werkzeug import ImmutableDict
ImportError: cannot import name 'ImmutableDict'


======================================================================
ERROR: tests.unit.test_answerers (nose2.loader.ModuleImportFailure)
----------------------------------------------------------------------
ImportError: Failed to import test module: tests.unit.test_answerers
Traceback (most recent call last):
  File "/home/travis/virtualenv/python3.5.6/lib/python3.5/site-packages/nose2/plugins/loader/discovery.py", line 201, in _find_tests_in_file
    module = util.module_from_name(module_name)
  File "/home/travis/virtualenv/python3.5.6/lib/python3.5/site-packages/nose2/util.py", line 77, in module_from_name
    __import__(name)
  File "/home/travis/build/passed/asciimoo/searx/tests/unit/test_answerers.py", line 5, in <module>
    from searx.answerers import answerers
  File "/home/travis/build/passed/asciimoo/searx/searx/answerers/__init__.py", line 49, in <module>
    answerers = load_answerers()
  File "/home/travis/build/passed/asciimoo/searx/searx/answerers/__init__.py", line 19, in load_answerers
    module = load_module('answerer.py', join(answerers_dir, filename))
  File "/home/travis/build/passed/asciimoo/searx/searx/utils.py", line 391, in load_module
    module = load_source(modname, filepath)
  File "/home/travis/virtualenv/python3.5.6/lib/python3.5/imp.py", line 172, in load_source
    module = _load(spec)
  File "/home/travis/build/passed/asciimoo/searx/searx/answerers/random/answerer.py", line 4, in <module>
    from flask_babel import gettext
  File "/home/travis/virtualenv/python3.5.6/lib/python3.5/site-packages/flask_babel/__init__.py", line 19, in <module>
    from werkzeug import ImmutableDict
ImportError: cannot import name 'ImmutableDict'


======================================================================
ERROR: tests.unit.test_plugins (nose2.loader.ModuleImportFailure)
----------------------------------------------------------------------
ImportError: Failed to import test module: tests.unit.test_plugins
Traceback (most recent call last):
  File "/home/travis/virtualenv/python3.5.6/lib/python3.5/site-packages/nose2/plugins/loader/discovery.py", line 201, in _find_tests_in_file
    module = util.module_from_name(module_name)
  File "/home/travis/virtualenv/python3.5.6/lib/python3.5/site-packages/nose2/util.py", line 77, in module_from_name
    __import__(name)
  File "/home/travis/build/passed/asciimoo/searx/tests/unit/test_plugins.py", line 4, in <module>
    from searx import plugins
  File "/home/travis/build/passed/asciimoo/searx/searx/plugins/__init__.py", line 25, in <module>
    from searx.plugins import (oa_doi_rewrite,
  File "/home/travis/build/passed/asciimoo/searx/searx/plugins/oa_doi_rewrite.py", line 1, in <module>
    from flask_babel import gettext
  File "/home/travis/virtualenv/python3.5.6/lib/python3.5/site-packages/flask_babel/__init__.py", line 19, in <module>
    from werkzeug import ImmutableDict
ImportError: cannot import name 'ImmutableDict'


======================================================================
ERROR: tests.unit.test_preferences (nose2.loader.ModuleImportFailure)
----------------------------------------------------------------------
ImportError: Failed to import test module: tests.unit.test_preferences
Traceback (most recent call last):
  File "/home/travis/virtualenv/python3.5.6/lib/python3.5/site-packages/nose2/plugins/loader/discovery.py", line 201, in _find_tests_in_file
    module = util.module_from_name(module_name)
  File "/home/travis/virtualenv/python3.5.6/lib/python3.5/site-packages/nose2/util.py", line 77, in module_from_name
    __import__(name)
  File "/home/travis/build/passed/asciimoo/searx/tests/unit/test_preferences.py", line 1, in <module>
    from searx.preferences import (EnumStringSetting, MapSetting, MissingArgumentException, SearchLanguageSetting,
  File "/home/travis/build/passed/asciimoo/searx/searx/preferences.py", line 5, in <module>
    from searx import settings, autocomplete
  File "/home/travis/build/passed/asciimoo/searx/searx/autocomplete.py", line 23, in <module>
    from searx.engines import (
  File "/home/travis/build/passed/asciimoo/searx/searx/engines/__init__.py", line 24, in <module>
    from flask_babel import gettext
  File "/home/travis/virtualenv/python3.5.6/lib/python3.5/site-packages/flask_babel/__init__.py", line 19, in <module>
    from werkzeug import ImmutableDict
ImportError: cannot import name 'ImmutableDict'


======================================================================
ERROR: tests.unit.test_query (nose2.loader.ModuleImportFailure)
----------------------------------------------------------------------
ImportError: Failed to import test module: tests.unit.test_query
Traceback (most recent call last):
  File "/home/travis/virtualenv/python3.5.6/lib/python3.5/site-packages/nose2/plugins/loader/discovery.py", line 201, in _find_tests_in_file
    module = util.module_from_name(module_name)
  File "/home/travis/virtualenv/python3.5.6/lib/python3.5/site-packages/nose2/util.py", line 77, in module_from_name
    __import__(name)
  File "/home/travis/build/passed/asciimoo/searx/tests/unit/test_query.py", line 1, in <module>
    from searx.query import RawTextQuery
  File "/home/travis/build/passed/asciimoo/searx/searx/query.py", line 21, in <module>
    from searx.engines import (
  File "/home/travis/build/passed/asciimoo/searx/searx/engines/__init__.py", line 24, in <module>
    from flask_babel import gettext
  File "/home/travis/virtualenv/python3.5.6/lib/python3.5/site-packages/flask_babel/__init__.py", line 19, in <module>
    from werkzeug import ImmutableDict
ImportError: cannot import name 'ImmutableDict'


======================================================================
ERROR: tests.unit.test_results (nose2.loader.ModuleImportFailure)
----------------------------------------------------------------------
ImportError: Failed to import test module: tests.unit.test_results
Traceback (most recent call last):
  File "/home/travis/virtualenv/python3.5.6/lib/python3.5/site-packages/nose2/plugins/loader/discovery.py", line 201, in _find_tests_in_file
    module = util.module_from_name(module_name)
  File "/home/travis/virtualenv/python3.5.6/lib/python3.5/site-packages/nose2/util.py", line 77, in module_from_name
    __import__(name)
  File "/home/travis/build/passed/asciimoo/searx/tests/unit/test_results.py", line 3, in <module>
    from searx.results import ResultContainer
  File "/home/travis/build/passed/asciimoo/searx/searx/results.py", line 6, in <module>
    from searx.engines import engines
  File "/home/travis/build/passed/asciimoo/searx/searx/engines/__init__.py", line 24, in <module>
    from flask_babel import gettext
  File "/home/travis/virtualenv/python3.5.6/lib/python3.5/site-packages/flask_babel/__init__.py", line 19, in <module>
    from werkzeug import ImmutableDict
ImportError: cannot import name 'ImmutableDict'


======================================================================
ERROR: tests.unit.test_webapp (nose2.loader.ModuleImportFailure)
----------------------------------------------------------------------
ImportError: Failed to import test module: tests.unit.test_webapp
Traceback (most recent call last):
  File "/home/travis/virtualenv/python3.5.6/lib/python3.5/site-packages/nose2/plugins/loader/discovery.py", line 201, in _find_tests_in_file
    module = util.module_from_name(module_name)
  File "/home/travis/virtualenv/python3.5.6/lib/python3.5/site-packages/nose2/util.py", line 77, in module_from_name
    __import__(name)
  File "/home/travis/build/passed/asciimoo/searx/tests/unit/test_webapp.py", line 5, in <module>
    from searx import webapp
  File "/home/travis/build/passed/asciimoo/searx/searx/webapp.py", line 46, in <module>
    from werkzeug.contrib.fixers import ProxyFix
ImportError: No module named 'werkzeug.contrib'


----------------------------------------------------------------------
Ran 87 tests in 0.019s

FAILED (errors=75)

travis_time:end:237efdc8:start=1615604494810537581,finish=1615604499153514640,duration=4342977059[0K
[31;1mThe command "./manage.sh tests" exited with 1.[0m
travis_fold:start:cache.2[0Kstore build cache
travis_time:start:079ccee8[0K
travis_time:end:079ccee8:start=1615604499168136034,finish=1615604499180159947,duration=12023913[0Ktravis_time:start:07032753[0K/home/travis/.casher/bin/casher:190: warning: Insecure world writable dir /usr/local/clang-5.0.0/bin in PATH, mode 040777
[32;1mchanges detected, packing new archive[0m
/home/travis/.casher/bin/casher:213:in `cache_archive_name': undefined method `[]' for nil:NilClass (NoMethodError)
	from /home/travis/.casher/bin/casher:143:in `push'
	from /home/travis/.casher/bin/casher:53:in `block in run'
	from /home/travis/.rvm/rubies/ruby-2.2.7/lib/ruby/2.2.0/timeout.rb:88:in `block in timeout'
	from /home/travis/.rvm/rubies/ruby-2.2.7/lib/ruby/2.2.0/timeout.rb:32:in `block in catch'
	from /home/travis/.rvm/rubies/ruby-2.2.7/lib/ruby/2.2.0/timeout.rb:32:in `catch'
	from /home/travis/.rvm/rubies/ruby-2.2.7/lib/ruby/2.2.0/timeout.rb:32:in `catch'
	from /home/travis/.rvm/rubies/ruby-2.2.7/lib/ruby/2.2.0/timeout.rb:103:in `timeout'
	from /home/travis/.casher/bin/casher:53:in `run'
	from /home/travis/.casher/bin/casher:263:in `<main>'

travis_time:end:07032753:start=1615604499194206137,finish=1615604503111559514,duration=3917353377[0Ktravis_fold:end:cache.2[0K
Done. Your build exited with 1.
