travis_fold:start:system_info[0K[33;1mBuild system information[0m
Build language: python
Build group: stable
Build dist: precise
Build id: ''
Job id: ''
[34m[1mBuild image provisioning date and time[0m
Thu Feb  5 15:09:33 UTC 2015
[34m[1mOperating System Details[0m
Distributor ID:	Ubuntu
Description:	Ubuntu 12.04.5 LTS
Release:	12.04
Codename:	precise
[34m[1mLinux Version[0m
3.13.0-29-generic
[34m[1mCookbooks Version[0m
a68419e https://github.com/travis-ci/travis-cookbooks/tree/a68419e
[34m[1mGCC version[0m
gcc (Ubuntu/Linaro 4.6.3-1ubuntu5) 4.6.3
Copyright (C) 2011 Free Software Foundation, Inc.
This is free software; see the source for copying conditions.  There is NO
warranty; not even for MERCHANTABILITY or FITNESS FOR A PARTICULAR PURPOSE.

[34m[1mLLVM version[0m
clang version 3.4 (tags/RELEASE_34/final)
Target: x86_64-unknown-linux-gnu
Thread model: posix
[34m[1mPre-installed Ruby versions[0m
ruby-1.9.3-p551
[34m[1mPre-installed Node.js versions[0m
v0.10.36
[34m[1mPre-installed Go versions[0m
1.4.1
[34m[1mRedis version[0m
redis-server 2.8.19
[34m[1mriak version[0m
2.0.2
[34m[1mMongoDB version[0m
MongoDB 2.4.12
[34m[1mCouchDB version[0m
couchdb 1.6.1
[34m[1mNeo4j version[0m
1.9.4
[34m[1mRabbitMQ Version[0m
3.4.3
[34m[1mElasticSearch version[0m
1.4.0
[34m[1mInstalled Sphinx versions[0m
2.0.10
2.1.9
2.2.6
[34m[1mDefault Sphinx version[0m
2.2.6
[34m[1mInstalled Firefox version[0m
firefox 31.0esr
[34m[1mPhantomJS version[0m
1.9.8
[34m[1mant -version[0m
Apache Ant(TM) version 1.8.2 compiled on December 3 2011
[34m[1mmvn -version[0m
Apache Maven 3.2.5 (12a6b3acb947671f09b81f49094c53f426d8cea1; 2014-12-14T17:29:23+00:00)
Maven home: /usr/local/maven
Java version: 1.7.0_76, vendor: Oracle Corporation
Java home: /usr/lib/jvm/java-7-oracle/jre
Default locale: en_US, platform encoding: ANSI_X3.4-1968
OS name: "linux", version: "3.13.0-29-generic", arch: "amd64", family: "unix"
travis_fold:end:system_info[0K
grep: /etc/apt/sources.list.d/*: No such file or directory
sed: cannot rename /etc/hosts: Device or resource busy
sed: cannot rename /etc/hosts: Device or resource busy
[33;1m3.5 is not installed; attempting download[0m
[33;1mDownloading archive: https://s3.amazonaws.com/travis-python-archives/binaries/ubuntu/12.04/x86_64/python-3.5.tar.bz2[0m
$ sudo tar xjf python-3.5.tar.bz2 --directory /
$ cd failed/hivesolutions/appier
travis_fold:start:services[0Ktravis_time:start:0b1919f8[0K$ sudo service mongodb start
 * Starting database mongodb
   ...done.

travis_time:end:0b1919f8:start=1615659062098075618,finish=1615659063139155864,duration=1041080246[0Ktravis_fold:end:services[0K
[33;1mSetting environment variables from .travis.yml[0m
$ export ADAPTER=tiny

travis_time:start:02ace4b8[0K$ source ~/virtualenv/python3.5/bin/activate

travis_time:end:02ace4b8:start=1615659066830887022,finish=1615659066839678657,duration=8791635[0K$ python --version
Python 3.5.6
$ pip --version
pip 18.0 from /home/travis/virtualenv/python3.5.6/lib/python3.5/site-packages/pip (python 3.5)
travis_fold:start:install.1[0Ktravis_time:start:16a22cc0[0K$ pip install -r requirements.txt
Collecting pymongo==3.2.1 (from -r requirements.txt (line 1))
  Downloading https://files.pythonhosted.org/packages/d7/94/9aa9ddd3e885caa307c0db8af5a1f5d266d3db44e1ae89bd4e14841ab8d0/pymongo-3.2.1.tar.gz (647kB)
Collecting redis==2.10.5 (from -r requirements.txt (line 2))
  Downloading https://files.pythonhosted.org/packages/08/c1/457428f7507e27ba7144758a7b716ea35766e6d602f4a0c16e443ab3d381/redis-2.10.5-py2.py3-none-any.whl (60kB)
Building wheels for collected packages: pymongo
  Running setup.py bdist_wheel for pymongo: started
  Running setup.py bdist_wheel for pymongo: finished with status 'done'
  Stored in directory: /home/travis/.cache/pip/wheels/b5/79/2f/eabfde81b1069c365bedcd173a674fb4c8480ee90ed163e8f3
Successfully built pymongo
Installing collected packages: pymongo, redis
Successfully installed pymongo-3.2.1 redis-2.10.5

travis_time:end:16a22cc0:start=1615659067281020245,finish=1615659072202442208,duration=4921421963[0Ktravis_fold:end:install.1[0Ktravis_fold:start:install.2[0Ktravis_time:start:05b318b0[0K$ pip install coveralls==1.1
Collecting coveralls==1.1
  Downloading https://files.pythonhosted.org/packages/81/f9/da2ad9334f60e418cb229c58724330be2635b369676d3eec8f61e1f85faa/coveralls-1.1-py2.py3-none-any.whl
Collecting docopt>=0.6.1 (from coveralls==1.1)
  Downloading https://files.pythonhosted.org/packages/a2/55/8f8cab2afd404cf578136ef2cc5dfb50baa1761b68c9da1fb1e4eed343c9/docopt-0.6.2.tar.gz
Collecting coverage>=3.6 (from coveralls==1.1)
  Downloading https://files.pythonhosted.org/packages/18/97/fda94f1e78b508dd1a493106c236076c4c82a9925c9347211afc4d6bd4e0/coverage-5.5-cp35-cp35m-manylinux1_x86_64.whl (240kB)
Collecting requests>=1.0.0 (from coveralls==1.1)
  Downloading https://files.pythonhosted.org/packages/29/c1/24814557f1d22c56d50280771a17307e6bf87b70727d975fd6b2ce6b014a/requests-2.25.1-py2.py3-none-any.whl (61kB)
Collecting idna<3,>=2.5 (from requests>=1.0.0->coveralls==1.1)
  Downloading https://files.pythonhosted.org/packages/a2/38/928ddce2273eaa564f6f50de919327bf3a00f091b5baba8dfa9460f3a8a8/idna-2.10-py2.py3-none-any.whl (58kB)
Collecting chardet<5,>=3.0.2 (from requests>=1.0.0->coveralls==1.1)
  Downloading https://files.pythonhosted.org/packages/19/c7/fa589626997dd07bd87d9269342ccb74b1720384a4d739a1872bd84fbe68/chardet-4.0.0-py2.py3-none-any.whl (178kB)
Requirement already satisfied: certifi>=2017.4.17 in /home/travis/virtualenv/python3.5.6/lib/python3.5/site-packages (from requests>=1.0.0->coveralls==1.1) (2018.4.16)
Collecting urllib3<1.27,>=1.21.1 (from requests>=1.0.0->coveralls==1.1)
  Downloading https://files.pythonhosted.org/packages/23/fc/8a49991f7905261f9ca9df5aa9b58363c3c821ce3e7f671895442b7100f2/urllib3-1.26.3-py2.py3-none-any.whl (137kB)
Building wheels for collected packages: docopt
  Running setup.py bdist_wheel for docopt: started
  Running setup.py bdist_wheel for docopt: finished with status 'done'
  Stored in directory: /home/travis/.cache/pip/wheels/9b/04/dd/7daf4150b6d9b12949298737de9431a324d4b797ffd63f526e
Successfully built docopt
Installing collected packages: docopt, coverage, idna, chardet, urllib3, requests, coveralls
Successfully installed chardet-4.0.0 coverage-5.5 coveralls-1.1 docopt-0.6.2 idna-2.10 requests-2.25.1 urllib3-1.26.3

travis_time:end:05b318b0:start=1615659072214089233,finish=1615659075802200951,duration=3588111718[0Ktravis_fold:end:install.2[0Ktravis_fold:start:install.3[0Ktravis_time:start:2b3ead48[0K$ pip install twine==1.6.5
Collecting twine==1.6.5
  Downloading https://files.pythonhosted.org/packages/db/79/db4edb6e85fda783b00d578a44891cc42c1744167ac6137a1da91edd10c1/twine-1.6.5-py2.py3-none-any.whl
Requirement already satisfied: setuptools>=0.7.0 in /home/travis/virtualenv/python3.5.6/lib/python3.5/site-packages (from twine==1.6.5) (40.0.0)
Requirement already satisfied: requests>=2.3.0 in /home/travis/virtualenv/python3.5.6/lib/python3.5/site-packages (from twine==1.6.5) (2.25.1)
Collecting requests-toolbelt>=0.4.0 (from twine==1.6.5)
  Downloading https://files.pythonhosted.org/packages/60/ef/7681134338fc097acef8d9b2f8abe0458e4d87559c689a8c306d0957ece5/requests_toolbelt-0.9.1-py2.py3-none-any.whl (54kB)
Collecting pkginfo>=1.0 (from twine==1.6.5)
  Downloading https://files.pythonhosted.org/packages/b0/9a/d78e7c299eb5659bc3a036e5a968a399c62bfe0b2aa18baf7d13f43373ba/pkginfo-1.7.0-py2.py3-none-any.whl
Requirement already satisfied: urllib3<1.27,>=1.21.1 in /home/travis/virtualenv/python3.5.6/lib/python3.5/site-packages (from requests>=2.3.0->twine==1.6.5) (1.26.3)
Requirement already satisfied: chardet<5,>=3.0.2 in /home/travis/virtualenv/python3.5.6/lib/python3.5/site-packages (from requests>=2.3.0->twine==1.6.5) (4.0.0)
Requirement already satisfied: certifi>=2017.4.17 in /home/travis/virtualenv/python3.5.6/lib/python3.5/site-packages (from requests>=2.3.0->twine==1.6.5) (2018.4.16)
Requirement already satisfied: idna<3,>=2.5 in /home/travis/virtualenv/python3.5.6/lib/python3.5/site-packages (from requests>=2.3.0->twine==1.6.5) (2.10)
Installing collected packages: requests-toolbelt, pkginfo, twine
Successfully installed pkginfo-1.7.0 requests-toolbelt-0.9.1 twine-1.6.5

travis_time:end:2b3ead48:start=1615659075812625865,finish=1615659077214940692,duration=1402314827[0Ktravis_fold:end:install.3[0Ktravis_time:start:029e272c[0K$ if [[ $TRAVIS_PYTHON_VERSION != "3.2" ]]; then coverage run --source=appier setup.py test; else python setup.py test; fi
running test
running egg_info
creating src/appier.egg-info
writing src/appier.egg-info/PKG-INFO
writing dependency_links to src/appier.egg-info/dependency_links.txt
writing top-level names to src/appier.egg-info/top_level.txt
writing manifest file 'src/appier.egg-info/SOURCES.txt'
reading manifest file 'src/appier.egg-info/SOURCES.txt'
reading manifest template 'MANIFEST.in'
writing manifest file 'src/appier.egg-info/SOURCES.txt'
running build_ext
test_locale (appier.test.base.BaseTest) ... ok
test_memory (appier.test.cache.CacheTest) ... ok
test_encoding (appier.test.exceptions.ExceptionsTest) ... ok
test_argspec (appier.test.legacy.LegacyTest) ... ok
test_tobytes (appier.test.legacy.LegacyTest) ... ok
test_tostring (appier.test.legacy.LegacyTest) ... ok
test_basic (appier.test.model.ModelTest) ... ERROR
test_count (appier.test.model.ModelTest) ... ERROR
test_delete (appier.test.model.ModelTest) ... ERROR
test_find (appier.test.model.ModelTest) ... ERROR
test_map (appier.test.model.ModelTest) ... ERROR
test_validation (appier.test.model.ModelTest) ... ERROR
test_mock (appier.test.request.RequestTest) ... ok
test_csv (appier.test.serialize.SerializeTest) ... ok
test_expire (appier.test.session.SessionTest) ... ok
test_file (appier.test.session.SessionTest) ... ok
test_memory (appier.test.session.SessionTest) ... ok
test_transient (appier.test.session.SessionTest) ... ok
test_plain (appier.test.smtp.SmtpTest) ... ok
test_order (appier.test.structures.OrderedDictTest) ... ok
test_email_mime (appier.test.util.UtilTest) ... ok
test_email_parts (appier.test.util.UtilTest) ... ok
test_obfuscate (appier.test.util.UtilTest) ... ok

======================================================================
ERROR: test_basic (appier.test.model.ModelTest)
----------------------------------------------------------------------
Traceback (most recent call last):
  File "/home/travis/build/failed/hivesolutions/appier/src/appier/test/model.py", line 50, in setUp
    app._register_models_m(mock, "Mocks")
  File "/home/travis/build/failed/hivesolutions/appier/src/appier/base.py", line 2715, in _register_models_m
    for model_c in models_c: model_c.setup()
  File "/home/travis/build/failed/hivesolutions/appier/src/appier/model.py", line 868, in setup
    collection = cls._collection()
  File "/home/travis/build/failed/hivesolutions/appier/src/appier/model.py", line 1257, in _collection
    collection = adapter.collection(name)
  File "/home/travis/build/failed/hivesolutions/appier/src/appier/data.py", line 85, in collection
    db = self.get_db()
  File "/home/travis/build/failed/hivesolutions/appier/src/appier/data.py", line 90, in get_db
    import tinydb
ImportError: No module named 'tinydb'

======================================================================
ERROR: test_count (appier.test.model.ModelTest)
----------------------------------------------------------------------
Traceback (most recent call last):
  File "/home/travis/build/failed/hivesolutions/appier/src/appier/test/model.py", line 50, in setUp
    app._register_models_m(mock, "Mocks")
  File "/home/travis/build/failed/hivesolutions/appier/src/appier/base.py", line 2715, in _register_models_m
    for model_c in models_c: model_c.setup()
  File "/home/travis/build/failed/hivesolutions/appier/src/appier/model.py", line 868, in setup
    collection = cls._collection()
  File "/home/travis/build/failed/hivesolutions/appier/src/appier/model.py", line 1257, in _collection
    collection = adapter.collection(name)
  File "/home/travis/build/failed/hivesolutions/appier/src/appier/data.py", line 85, in collection
    db = self.get_db()
  File "/home/travis/build/failed/hivesolutions/appier/src/appier/data.py", line 90, in get_db
    import tinydb
ImportError: No module named 'tinydb'

======================================================================
ERROR: test_delete (appier.test.model.ModelTest)
----------------------------------------------------------------------
Traceback (most recent call last):
  File "/home/travis/build/failed/hivesolutions/appier/src/appier/test/model.py", line 50, in setUp
    app._register_models_m(mock, "Mocks")
  File "/home/travis/build/failed/hivesolutions/appier/src/appier/base.py", line 2715, in _register_models_m
    for model_c in models_c: model_c.setup()
  File "/home/travis/build/failed/hivesolutions/appier/src/appier/model.py", line 868, in setup
    collection = cls._collection()
  File "/home/travis/build/failed/hivesolutions/appier/src/appier/model.py", line 1257, in _collection
    collection = adapter.collection(name)
  File "/home/travis/build/failed/hivesolutions/appier/src/appier/data.py", line 85, in collection
    db = self.get_db()
  File "/home/travis/build/failed/hivesolutions/appier/src/appier/data.py", line 90, in get_db
    import tinydb
ImportError: No module named 'tinydb'

======================================================================
ERROR: test_find (appier.test.model.ModelTest)
----------------------------------------------------------------------
Traceback (most recent call last):
  File "/home/travis/build/failed/hivesolutions/appier/src/appier/test/model.py", line 50, in setUp
    app._register_models_m(mock, "Mocks")
  File "/home/travis/build/failed/hivesolutions/appier/src/appier/base.py", line 2715, in _register_models_m
    for model_c in models_c: model_c.setup()
  File "/home/travis/build/failed/hivesolutions/appier/src/appier/model.py", line 868, in setup
    collection = cls._collection()
  File "/home/travis/build/failed/hivesolutions/appier/src/appier/model.py", line 1257, in _collection
    collection = adapter.collection(name)
  File "/home/travis/build/failed/hivesolutions/appier/src/appier/data.py", line 85, in collection
    db = self.get_db()
  File "/home/travis/build/failed/hivesolutions/appier/src/appier/data.py", line 90, in get_db
    import tinydb
ImportError: No module named 'tinydb'

======================================================================
ERROR: test_map (appier.test.model.ModelTest)
----------------------------------------------------------------------
Traceback (most recent call last):
  File "/home/travis/build/failed/hivesolutions/appier/src/appier/test/model.py", line 50, in setUp
    app._register_models_m(mock, "Mocks")
  File "/home/travis/build/failed/hivesolutions/appier/src/appier/base.py", line 2715, in _register_models_m
    for model_c in models_c: model_c.setup()
  File "/home/travis/build/failed/hivesolutions/appier/src/appier/model.py", line 868, in setup
    collection = cls._collection()
  File "/home/travis/build/failed/hivesolutions/appier/src/appier/model.py", line 1257, in _collection
    collection = adapter.collection(name)
  File "/home/travis/build/failed/hivesolutions/appier/src/appier/data.py", line 85, in collection
    db = self.get_db()
  File "/home/travis/build/failed/hivesolutions/appier/src/appier/data.py", line 90, in get_db
    import tinydb
ImportError: No module named 'tinydb'

======================================================================
ERROR: test_validation (appier.test.model.ModelTest)
----------------------------------------------------------------------
Traceback (most recent call last):
  File "/home/travis/build/failed/hivesolutions/appier/src/appier/test/model.py", line 50, in setUp
    app._register_models_m(mock, "Mocks")
  File "/home/travis/build/failed/hivesolutions/appier/src/appier/base.py", line 2715, in _register_models_m
    for model_c in models_c: model_c.setup()
  File "/home/travis/build/failed/hivesolutions/appier/src/appier/model.py", line 868, in setup
    collection = cls._collection()
  File "/home/travis/build/failed/hivesolutions/appier/src/appier/model.py", line 1257, in _collection
    collection = adapter.collection(name)
  File "/home/travis/build/failed/hivesolutions/appier/src/appier/data.py", line 85, in collection
    db = self.get_db()
  File "/home/travis/build/failed/hivesolutions/appier/src/appier/data.py", line 90, in get_db
    import tinydb
ImportError: No module named 'tinydb'

----------------------------------------------------------------------
Ran 23 tests in 0.060s

FAILED (errors=6)
Test failed: <unittest.runner.TextTestResult run=23 errors=6 failures=0>
error: Test failed: <unittest.runner.TextTestResult run=23 errors=6 failures=0>

travis_time:end:029e272c:start=1615659077225689631,finish=1615659078378277155,duration=1152587524[0K
[31;1mThe command "if [[ $TRAVIS_PYTHON_VERSION != "3.2" ]]; then coverage run --source=appier setup.py test; else python setup.py test; fi" exited with 1.[0m

Done. Your build exited with 1.
