travis_fold:start:system_info[0K[33;1mBuild system information[0m
Build language: java
Build group: stable
Build dist: precise
Build id: ''
Job id: ''
[34m[1mBuild image provisioning date and time[0m
Thu Feb  5 15:09:33 UTC 2015
[34m[1mOperating System Details[0m
Distributor ID:	Ubuntu
Description:	Ubuntu 12.04.5 LTS
Release:	12.04
Codename:	precise
[34m[1mLinux Version[0m
3.13.0-29-generic
[34m[1mCookbooks Version[0m
a68419e https://github.com/travis-ci/travis-cookbooks/tree/a68419e
[34m[1mGCC version[0m
gcc (Ubuntu/Linaro 4.6.3-1ubuntu5) 4.6.3
Copyright (C) 2011 Free Software Foundation, Inc.
This is free software; see the source for copying conditions.  There is NO
warranty; not even for MERCHANTABILITY or FITNESS FOR A PARTICULAR PURPOSE.

[34m[1mLLVM version[0m
clang version 3.4 (tags/RELEASE_34/final)
Target: x86_64-unknown-linux-gnu
Thread model: posix
[34m[1mPre-installed Ruby versions[0m
ruby-1.9.3-p551
[34m[1mPre-installed Node.js versions[0m
v0.10.36
[34m[1mPre-installed Go versions[0m
1.4.1
[34m[1mRedis version[0m
redis-server 2.8.19
[34m[1mriak version[0m
2.0.2
[34m[1mMongoDB version[0m
MongoDB 2.4.12
[34m[1mCouchDB version[0m
couchdb 1.6.1
[34m[1mNeo4j version[0m
1.9.4
[34m[1mRabbitMQ Version[0m
3.4.3
[34m[1mElasticSearch version[0m
1.4.0
[34m[1mInstalled Sphinx versions[0m
2.0.10
2.1.9
2.2.6
[34m[1mDefault Sphinx version[0m
2.2.6
[34m[1mInstalled Firefox version[0m
firefox 31.0esr
[34m[1mPhantomJS version[0m
1.9.8
[34m[1mant -version[0m
Apache Ant(TM) version 1.8.2 compiled on December 3 2011
[34m[1mmvn -version[0m
Apache Maven 3.2.5 (12a6b3acb947671f09b81f49094c53f426d8cea1; 2014-12-14T17:29:23+00:00)
Maven home: /usr/local/maven
Java version: 1.7.0_76, vendor: Oracle Corporation
Java home: /usr/lib/jvm/java-7-oracle/jre
Default locale: en_US, platform encoding: ANSI_X3.4-1968
OS name: "linux", version: "3.13.0-29-generic", arch: "amd64", family: "unix"
travis_fold:end:system_info[0K
W: GPG error: http://apt.postgresql.org precise-pgdg Release: The following signatures were invalid: KEYEXPIRED 1562078959
W: Failed to fetch http://ppa.launchpad.net/travis-ci/zero-mq/ubuntu/dists/precise/main/binary-amd64/Packages  403  Forbidden

W: Failed to fetch http://ppa.launchpad.net/travis-ci/zero-mq/ubuntu/dists/precise/main/binary-i386/Packages  403  Forbidden

W: Failed to fetch http://downloads-distro.mongodb.org/repo/debian-sysvinit/dists/dist/10gen/binary-amd64/Packages  Undetermined Error [IP: 54.175.147.155 80]

W: Failed to fetch http://downloads-distro.mongodb.org/repo/debian-sysvinit/dists/dist/10gen/binary-i386/Packages  Undetermined Error [IP: 54.175.147.155 80]

E: Some index files failed to download. They have been ignored, or old ones used instead.
sed: cannot rename /etc/hosts: Device or resource busy
sed: cannot rename /etc/hosts: Device or resource busy
$ jdk_switcher use oraclejdk8
Switching to Oracle JDK8 (java-8-oracle), JAVA_HOME will be set to /usr/lib/jvm/java-8-oracle
$ cd failed/huanghongxun/HMCL
$ export TERM=dumb
travis_fold:start:cache.1[0KSetting up build cache
$ export CASHER_DIR=$HOME/.casher
travis_time:start:0e5d0e20[0K$ Installing caching utilities

travis_time:end:0e5d0e20:start=1615660615513083021,finish=1615660615914658670,duration=401575649[0Ktravis_time:start:0726e474[0K
travis_time:end:0726e474:start=1615660615929938197,finish=1615660615940497226,duration=10559029[0Ktravis_time:start:285a77d6[0K/home/travis/.casher/bin/casher:213:in `cache_archive_name': undefined method `[]' for nil:NilClass (NoMethodError)
	from /home/travis/.casher/bin/casher:65:in `block in fetch'
	from /home/travis/.casher/bin/casher:64:in `each'
	from /home/travis/.casher/bin/casher:64:in `fetch'
	from /home/travis/.casher/bin/casher:53:in `block in run'
	from /home/travis/.rvm/rubies/ruby-1.9.3-p551/lib/ruby/1.9.1/timeout.rb:69:in `timeout'
	from /home/travis/.casher/bin/casher:53:in `run'
	from /home/travis/.casher/bin/casher:263:in `<main>'
[32;1mattempting to download cache archive[0m

travis_time:end:285a77d6:start=1615660615951564428,finish=1615660617469551816,duration=1517987388[0Ktravis_time:start:04d91945[0K
travis_time:end:04d91945:start=1615660617479134592,finish=1615660617489600849,duration=10466257[0Ktravis_time:start:0e404b2e[0K[32;1madding /home/travis/.gradle/caches to cache[0m
[32;1mcreating directory /home/travis/.gradle/caches[0m
[32;1madding /home/travis/.gradle/wrapper to cache[0m
[32;1mcreating directory /home/travis/.gradle/wrapper[0m

travis_time:end:0e404b2e:start=1615660617499525017,finish=1615660618282425946,duration=782900929[0Ktravis_fold:end:cache.1[0K$ java -Xmx32m -version
java version "1.8.0_31"
Java(TM) SE Runtime Environment (build 1.8.0_31-b13)
Java HotSpot(TM) 64-Bit Server VM (build 25.31-b07, mixed mode)
$ javac -J-Xmx32m -version
javac 1.8.0_31
travis_fold:start:install[0Ktravis_time:start:2c582a04[0K$ echo "skip 'gradle assemble' step"
skip 'gradle assemble' step

travis_time:end:2c582a04:start=1615660619541288959,finish=1615660619550166629,duration=8877670[0Ktravis_fold:end:install[0Ktravis_time:start:065f3c78[0K$ gradle build --continue
Download https://repo1.maven.org/maven2/net/sf/proguard/proguard-gradle/4.10/proguard-gradle-4.10.pom
Download https://repo1.maven.org/maven2/net/sf/proguard/proguard-parent/4.10/proguard-parent-4.10.pom
Download https://repo1.maven.org/maven2/edu/sc/seis/gradle/launch4j/1.0.6/launch4j-1.0.6.pom
Download https://repo1.maven.org/maven2/me/tatarka/gradle-retrolambda/3.1.0/gradle-retrolambda-3.1.0.pom
Download https://repo1.maven.org/maven2/net/sf/proguard/proguard-base/4.10/proguard-base-4.10.pom
Download https://repo1.maven.org/maven2/com/android/tools/build/gradle/1.0.0/gradle-1.0.0.pom
Download https://repo1.maven.org/maven2/com/android/tools/build/builder/1.0.0/builder-1.0.0.pom
Download https://repo1.maven.org/maven2/com/android/tools/lint/lint/24.0.0/lint-24.0.0.pom
Download https://repo1.maven.org/maven2/com/android/tools/sdk-common/24.0.0/sdk-common-24.0.0.pom
Download https://repo1.maven.org/maven2/org/bouncycastle/bcprov-jdk15on/1.48/bcprov-jdk15on-1.48.pom
Download https://repo1.maven.org/maven2/com/squareup/javawriter/2.5.0/javawriter-2.5.0.pom
Download https://repo1.maven.org/maven2/org/sonatype/oss/oss-parent/7/oss-parent-7.pom
Download https://repo1.maven.org/maven2/com/android/tools/common/24.0.0/common-24.0.0.pom
Download https://repo1.maven.org/maven2/com/android/tools/build/builder-test-api/1.0.0/builder-test-api-1.0.0.pom
Download https://repo1.maven.org/maven2/com/android/tools/ddms/ddmlib/24.0.0/ddmlib-24.0.0.pom
Download https://repo1.maven.org/maven2/com/android/tools/build/manifest-merger/24.0.0/manifest-merger-24.0.0.pom
Download https://repo1.maven.org/maven2/com/android/tools/build/builder-model/1.0.0/builder-model-1.0.0.pom
Download https://repo1.maven.org/maven2/com/android/tools/sdklib/24.0.0/sdklib-24.0.0.pom
Download https://repo1.maven.org/maven2/org/bouncycastle/bcpkix-jdk15on/1.48/bcpkix-jdk15on-1.48.pom
Download https://repo1.maven.org/maven2/com/android/tools/lint/lint-checks/24.0.0/lint-checks-24.0.0.pom
Download https://repo1.maven.org/maven2/org/eclipse/jdt/core/compiler/ecj/4.2.2/ecj-4.2.2.pom
Download https://repo1.maven.org/maven2/com/google/guava/guava/17.0/guava-17.0.pom
Download https://repo1.maven.org/maven2/com/google/guava/guava-parent/17.0/guava-parent-17.0.pom
Download https://repo1.maven.org/maven2/net/sf/kxml/kxml2/2.3.0/kxml2-2.3.0.pom
Download https://repo1.maven.org/maven2/com/android/tools/layoutlib/layoutlib-api/24.0.0/layoutlib-api-24.0.0.pom
Download https://repo1.maven.org/maven2/org/apache/httpcomponents/httpclient/4.1.1/httpclient-4.1.1.pom
Download https://repo1.maven.org/maven2/org/apache/httpcomponents/httpcomponents-client/4.1.1/httpcomponents-client-4.1.1.pom
Download https://repo1.maven.org/maven2/org/apache/httpcomponents/project/4.1.1/project-4.1.1.pom
Download https://repo1.maven.org/maven2/org/apache/httpcomponents/httpmime/4.1/httpmime-4.1.pom
Download https://repo1.maven.org/maven2/org/apache/httpcomponents/httpcomponents-client/4.1/httpcomponents-client-4.1.pom
Download https://repo1.maven.org/maven2/com/android/tools/dvlib/24.0.0/dvlib-24.0.0.pom
Download https://repo1.maven.org/maven2/org/apache/commons/commons-compress/1.8.1/commons-compress-1.8.1.pom
Download https://repo1.maven.org/maven2/org/apache/commons/commons-parent/33/commons-parent-33.pom
Download https://repo1.maven.org/maven2/org/apache/apache/13/apache-13.pom
Download https://repo1.maven.org/maven2/com/android/tools/lint/lint-api/24.0.0/lint-api-24.0.0.pom
Download https://repo1.maven.org/maven2/org/ow2/asm/asm-analysis/4.0/asm-analysis-4.0.pom
Download https://repo1.maven.org/maven2/org/ow2/asm/asm-parent/4.0/asm-parent-4.0.pom
Download https://repo1.maven.org/maven2/org/ow2/ow2/1.3/ow2-1.3.pom
Download https://repo1.maven.org/maven2/org/apache/httpcomponents/httpcore/4.1/httpcore-4.1.pom
Download https://repo1.maven.org/maven2/org/apache/httpcomponents/httpcomponents-core/4.1/httpcomponents-core-4.1.pom
Download https://repo1.maven.org/maven2/commons-logging/commons-logging/1.1.1/commons-logging-1.1.1.pom
Download https://repo1.maven.org/maven2/org/apache/commons/commons-parent/5/commons-parent-5.pom
Download https://repo1.maven.org/maven2/org/apache/apache/4/apache-4.pom
Download https://repo1.maven.org/maven2/commons-codec/commons-codec/1.4/commons-codec-1.4.pom
Download https://repo1.maven.org/maven2/org/apache/commons/commons-parent/11/commons-parent-11.pom
Download https://repo1.maven.org/maven2/org/ow2/asm/asm/4.0/asm-4.0.pom
Download https://repo1.maven.org/maven2/com/android/tools/external/lombok/lombok-ast/0.2.2/lombok-ast-0.2.2.pom
Download https://repo1.maven.org/maven2/org/ow2/asm/asm-tree/4.0/asm-tree-4.0.pom
Download https://repo1.maven.org/maven2/net/sf/proguard/proguard-gradle/5.1/proguard-gradle-5.1.pom
Download https://repo1.maven.org/maven2/net/sf/proguard/proguard-parent/5.1/proguard-parent-5.1.pom
Download https://repo1.maven.org/maven2/net/sf/proguard/proguard-base/5.1/proguard-base-5.1.pom
Download https://repo1.maven.org/maven2/edu/sc/seis/gradle/launch4j/1.0.6/launch4j-1.0.6.jar
Download https://repo1.maven.org/maven2/me/tatarka/gradle-retrolambda/3.1.0/gradle-retrolambda-3.1.0.jar
Download https://repo1.maven.org/maven2/com/android/tools/build/gradle/1.0.0/gradle-1.0.0.jar
Download https://repo1.maven.org/maven2/com/android/tools/build/builder/1.0.0/builder-1.0.0.jar
Download https://repo1.maven.org/maven2/com/android/tools/lint/lint/24.0.0/lint-24.0.0.jar
Download https://repo1.maven.org/maven2/com/android/tools/sdk-common/24.0.0/sdk-common-24.0.0.jar
Download https://repo1.maven.org/maven2/org/bouncycastle/bcprov-jdk15on/1.48/bcprov-jdk15on-1.48.jar
Download https://repo1.maven.org/maven2/com/squareup/javawriter/2.5.0/javawriter-2.5.0.jar
Download https://repo1.maven.org/maven2/com/android/tools/common/24.0.0/common-24.0.0.jar
Download https://repo1.maven.org/maven2/com/android/tools/build/builder-test-api/1.0.0/builder-test-api-1.0.0.jar
Download https://repo1.maven.org/maven2/com/android/tools/ddms/ddmlib/24.0.0/ddmlib-24.0.0.jar
Download https://repo1.maven.org/maven2/com/android/tools/build/manifest-merger/24.0.0/manifest-merger-24.0.0.jar
Download https://repo1.maven.org/maven2/com/android/tools/build/builder-model/1.0.0/builder-model-1.0.0.jar
Download https://repo1.maven.org/maven2/com/android/tools/sdklib/24.0.0/sdklib-24.0.0.jar
Download https://repo1.maven.org/maven2/org/bouncycastle/bcpkix-jdk15on/1.48/bcpkix-jdk15on-1.48.jar
Download https://repo1.maven.org/maven2/com/android/tools/lint/lint-checks/24.0.0/lint-checks-24.0.0.jar
Download https://repo1.maven.org/maven2/org/eclipse/jdt/core/compiler/ecj/4.2.2/ecj-4.2.2.jar
Download https://repo1.maven.org/maven2/com/google/guava/guava/17.0/guava-17.0.jar
Download https://repo1.maven.org/maven2/net/sf/kxml/kxml2/2.3.0/kxml2-2.3.0.jar
Download https://repo1.maven.org/maven2/com/android/tools/layoutlib/layoutlib-api/24.0.0/layoutlib-api-24.0.0.jar
Download https://repo1.maven.org/maven2/org/apache/httpcomponents/httpclient/4.1.1/httpclient-4.1.1.jar
Download https://repo1.maven.org/maven2/org/apache/httpcomponents/httpmime/4.1/httpmime-4.1.jar
Download https://repo1.maven.org/maven2/com/android/tools/dvlib/24.0.0/dvlib-24.0.0.jar
Download https://repo1.maven.org/maven2/org/apache/commons/commons-compress/1.8.1/commons-compress-1.8.1.jar
Download https://repo1.maven.org/maven2/com/android/tools/lint/lint-api/24.0.0/lint-api-24.0.0.jar
Download https://repo1.maven.org/maven2/org/ow2/asm/asm-analysis/4.0/asm-analysis-4.0.jar
Download https://repo1.maven.org/maven2/org/apache/httpcomponents/httpcore/4.1/httpcore-4.1.jar
Download https://repo1.maven.org/maven2/commons-logging/commons-logging/1.1.1/commons-logging-1.1.1.jar
Download https://repo1.maven.org/maven2/commons-codec/commons-codec/1.4/commons-codec-1.4.jar
Download https://repo1.maven.org/maven2/org/ow2/asm/asm/4.0/asm-4.0.jar
Download https://repo1.maven.org/maven2/com/android/tools/external/lombok/lombok-ast/0.2.2/lombok-ast-0.2.2.jar
Download https://repo1.maven.org/maven2/org/ow2/asm/asm-tree/4.0/asm-tree-4.0.jar
Download https://repo1.maven.org/maven2/net/sf/proguard/proguard-gradle/5.1/proguard-gradle-5.1.jar
Download https://repo1.maven.org/maven2/net/sf/proguard/proguard-base/5.1/proguard-base-5.1.jar
Download https://repo1.maven.org/maven2/com/google/code/gson/gson/2.2.4/gson-2.2.4.pom
Download https://repo1.maven.org/maven2/org/commonjava/googlecode/markdown4j/markdown4j/2.2-cj-1.0/markdown4j-2.2-cj-1.0.pom
Download https://repo1.maven.org/maven2/org/commonjava/commonjava/2/commonjava-2.pom
Download https://repo1.maven.org/maven2/com/google/code/gson/gson/2.2.4/gson-2.2.4.jar
Download https://repo1.maven.org/maven2/org/commonjava/googlecode/markdown4j/markdown4j/2.2-cj-1.0/markdown4j-2.2-cj-1.0.jar
Download https://repo1.maven.org/maven2/org/jyaml/jyaml/1.3/jyaml-1.3.pom
Download https://repo1.maven.org/maven2/org/tukaani/xz/1.5/xz-1.5.pom
Download https://repo1.maven.org/maven2/org/jsoup/jsoup/1.7.2/jsoup-1.7.2.pom
Download https://repo1.maven.org/maven2/org/jyaml/jyaml/1.3/jyaml-1.3.jar
Download https://repo1.maven.org/maven2/org/tukaani/xz/1.5/xz-1.5.jar
Download https://repo1.maven.org/maven2/org/jsoup/jsoup/1.7.2/jsoup-1.7.2.jar
:HMCL:generateSources
:HMCLAPI:compileJava/home/travis/build/failed/huanghongxun/HMCL/HMCLAPI/src/main/java/org/jackhuang/hellominecraft/util/tasks/TaskWindow.java:277: error: cannot find symbol
            if (task.getFailReason() != null && !(task.getFailReason() instanceof NoShownTaskException))
                                                                                  ^
  symbol:   class NoShownTaskException
  location: class TaskWindow
Note: /home/travis/build/failed/huanghongxun/HMCL/HMCLAPI/src/main/java/org/jackhuang/hellominecraft/util/ui/wizard/spi/WizardPage.java uses or overrides a deprecated API.
Note: Recompile with -Xlint:deprecation for details.
Note: Some input files use unchecked or unsafe operations.
Note: Recompile with -Xlint:unchecked for details.
1 error
 FAILED
:HMCLAPI:processResources
:MetroLookAndFeel:processResources
:HMCL:processResources
:HMCL:processTestResources UP-TO-DATE
:HMCLAPI:processTestResources UP-TO-DATE
:HMCSM:processResources
:HMCSM:processTestResources UP-TO-DATE
:MetroLookAndFeel:processTestResources UP-TO-DATE

FAILURE: Build failed with an exception.

* What went wrong:
Execution failed for task ':HMCLAPI:compileJava'.
> Compilation failed; see the compiler error output for details.

* Try:
Run with --stacktrace option to get the stack trace. Run with --info or --debug option to get more log output.

BUILD FAILED

Total time: 25.268 secs

travis_time:end:065f3c78:start=1615660619561595052,finish=1615660645371309439,duration=25809714387[0K
[31;1mThe command "gradle build --continue" exited with 1.[0m
travis_fold:start:before_cache[0Ktravis_time:start:0ddff5d6[0K$ rm -f $HOME/.gradle/caches/modules-2/modules-2.lock

travis_time:end:0ddff5d6:start=1615660645383181202,finish=1615660645393829331,duration=10648129[0Ktravis_fold:end:before_cache[0Ktravis_fold:start:cache.2[0Kstore build cache
travis_time:start:0d04fcce[0K
travis_time:end:0d04fcce:start=1615660645404584768,finish=1615660645412657919,duration=8073151[0Ktravis_time:start:079a7a6e[0K/home/travis/.casher/bin/casher:190: warning: Insecure world writable dir /home/travis/build/failed/huanghongxun/HMCL/. in PATH, mode 040777
[32;1mchanges detected, packing new archive[0m
/home/travis/.casher/bin/casher:213:in `cache_archive_name': undefined method `[]' for nil:NilClass (NoMethodError)
	from /home/travis/.casher/bin/casher:143:in `push'
	from /home/travis/.casher/bin/casher:53:in `block in run'
	from /home/travis/.rvm/rubies/ruby-1.9.3-p551/lib/ruby/1.9.1/timeout.rb:69:in `timeout'
	from /home/travis/.casher/bin/casher:53:in `run'
	from /home/travis/.casher/bin/casher:263:in `<main>'

travis_time:end:079a7a6e:start=1615660645423356325,finish=1615660647275870258,duration=1852513933[0Ktravis_fold:end:cache.2[0K
Done. Your build exited with 1.
