travis_fold:start:system_info[0K[33;1mBuild system information[0m
Build language: python
Build group: stable
Build dist: precise
Build id: ''
Job id: ''
[34m[1mBuild image provisioning date and time[0m
Thu Feb  5 15:09:33 UTC 2015
[34m[1mOperating System Details[0m
Distributor ID:	Ubuntu
Description:	Ubuntu 12.04.5 LTS
Release:	12.04
Codename:	precise
[34m[1mLinux Version[0m
3.13.0-29-generic
[34m[1mCookbooks Version[0m
a68419e https://github.com/travis-ci/travis-cookbooks/tree/a68419e
[34m[1mGCC version[0m
gcc (Ubuntu/Linaro 4.6.3-1ubuntu5) 4.6.3
Copyright (C) 2011 Free Software Foundation, Inc.
This is free software; see the source for copying conditions.  There is NO
warranty; not even for MERCHANTABILITY or FITNESS FOR A PARTICULAR PURPOSE.

[34m[1mLLVM version[0m
clang version 3.4 (tags/RELEASE_34/final)
Target: x86_64-unknown-linux-gnu
Thread model: posix
[34m[1mPre-installed Ruby versions[0m
ruby-1.9.3-p551
[34m[1mPre-installed Node.js versions[0m
v0.10.36
[34m[1mPre-installed Go versions[0m
1.4.1
[34m[1mRedis version[0m
redis-server 2.8.19
[34m[1mriak version[0m
2.0.2
[34m[1mMongoDB version[0m
MongoDB 2.4.12
[34m[1mCouchDB version[0m
couchdb 1.6.1
[34m[1mNeo4j version[0m
1.9.4
[34m[1mRabbitMQ Version[0m
3.4.3
[34m[1mElasticSearch version[0m
1.4.0
[34m[1mInstalled Sphinx versions[0m
2.0.10
2.1.9
2.2.6
[34m[1mDefault Sphinx version[0m
2.2.6
[34m[1mInstalled Firefox version[0m
firefox 31.0esr
[34m[1mPhantomJS version[0m
1.9.8
[34m[1mant -version[0m
Apache Ant(TM) version 1.8.2 compiled on December 3 2011
[34m[1mmvn -version[0m
Apache Maven 3.2.5 (12a6b3acb947671f09b81f49094c53f426d8cea1; 2014-12-14T17:29:23+00:00)
Maven home: /usr/local/maven
Java version: 1.7.0_76, vendor: Oracle Corporation
Java home: /usr/lib/jvm/java-7-oracle/jre
Default locale: en_US, platform encoding: ANSI_X3.4-1968
OS name: "linux", version: "3.13.0-29-generic", arch: "amd64", family: "unix"
travis_fold:end:system_info[0K
grep: /etc/apt/sources.list.d/*: No such file or directory
sed: cannot rename /etc/hosts: Device or resource busy
sed: cannot rename /etc/hosts: Device or resource busy
$ cd failed/numpy/numpy
travis_fold:start:git.submodule[0Ktravis_time:start:08a47fbe[0K$ git submodule update --init --recursive
Submodule 'doc/scipy-sphinx-theme' (https://github.com/scipy/scipy-sphinx-theme.git) registered for path 'doc/scipy-sphinx-theme'
Submodule 'doc/sphinxext' (https://github.com/numpy/numpydoc.git) registered for path 'doc/sphinxext'
Cloning into 'doc/scipy-sphinx-theme'...
Submodule path 'doc/scipy-sphinx-theme': checked out 'f0d96ae2bf3b010ce53adadde1e38997497a513e'
Cloning into 'doc/sphinxext'...
Submodule path 'doc/sphinxext': checked out 'a482f66913c1079d7439770f0119b55376bb1b81'
Submodule 'doc/scipy-sphinx-theme' (https://github.com/scipy/scipy-sphinx-theme) registered for path 'doc/scipy-sphinx-theme'
Cloning into 'doc/scipy-sphinx-theme'...
Submodule path 'doc/sphinxext/doc/scipy-sphinx-theme': checked out 'bc3b4b8383d4cd676fe75b7ca8c3e11d6afa8d97'

travis_time:end:08a47fbe:start=1615682211548123482,finish=1615682214875375229,duration=3327251747[0Ktravis_fold:end:git.submodule[0Ktravis_fold:start:apt[0K[33;1mInstalling APT Packages (BETA)[0m
$ export DEBIAN_FRONTEND=noninteractive
travis_time:start:0ea88320[0K$ sudo -E apt-get -yq update &>> ~/apt-get-update.log

travis_time:end:0ea88320:start=1615682214888419402,finish=1615682219472610169,duration=4584190767[0Ktravis_time:start:2761d00d[0K$ sudo -E apt-get -yq --no-install-suggests --no-install-recommends --force-yes install gfortran libatlas-dev libatlas-base-dev eatmydata
Reading package lists...
Building dependency tree...
Reading state information...
The following extra packages will be installed:
  gfortran-4.6 libatlas3gf-base libblas-dev
Suggested packages:
  gfortran-multilib gfortran-doc gfortran-4.6-multilib gfortran-4.6-doc
  libgfortran3-dbg libblas-doc liblapack-doc liblapack-dev
The following NEW packages will be installed:
  eatmydata gfortran gfortran-4.6 libatlas-base-dev libatlas-dev
  libatlas3gf-base libblas-dev
0 upgraded, 7 newly installed, 0 to remove and 238 not upgraded.
Need to get 19.6 MB of archives.
After this operation, 68.4 MB of additional disk space will be used.
Get:1 http://us.archive.ubuntu.com/ubuntu/ precise/universe eatmydata amd64 26-2 [8,034 B]
Get:2 http://us.archive.ubuntu.com/ubuntu/ precise/main gfortran-4.6 amd64 4.6.3-1ubuntu5 [5,579 kB]
Get:3 http://us.archive.ubuntu.com/ubuntu/ precise/main gfortran amd64 4:4.6.3-1ubuntu5 [1,206 B]
Get:4 http://us.archive.ubuntu.com/ubuntu/ precise/universe libatlas3gf-base amd64 3.8.4-3build1 [6,191 kB]
Get:5 http://us.archive.ubuntu.com/ubuntu/ precise/main libblas-dev amd64 1.2.20110419-2ubuntu1 [302 kB]
Get:6 http://us.archive.ubuntu.com/ubuntu/ precise/universe libatlas-dev all 3.8.4-3build1 [13.6 kB]
Get:7 http://us.archive.ubuntu.com/ubuntu/ precise/universe libatlas-base-dev amd64 3.8.4-3build1 [7,461 kB]
Fetched 19.6 MB in 1s (15.2 MB/s)
Selecting previously unselected package eatmydata.
(Reading database ... 72431 files and directories currently installed.)
Unpacking eatmydata (from .../eatmydata_26-2_amd64.deb) ...
Selecting previously unselected package gfortran-4.6.
Unpacking gfortran-4.6 (from .../gfortran-4.6_4.6.3-1ubuntu5_amd64.deb) ...
Selecting previously unselected package gfortran.
Unpacking gfortran (from .../gfortran_4%3a4.6.3-1ubuntu5_amd64.deb) ...
Selecting previously unselected package libatlas3gf-base.
Unpacking libatlas3gf-base (from .../libatlas3gf-base_3.8.4-3build1_amd64.deb) ...
Selecting previously unselected package libblas-dev.
Unpacking libblas-dev (from .../libblas-dev_1.2.20110419-2ubuntu1_amd64.deb) ...
Selecting previously unselected package libatlas-dev.
Unpacking libatlas-dev (from .../libatlas-dev_3.8.4-3build1_all.deb) ...
Selecting previously unselected package libatlas-base-dev.
Unpacking libatlas-base-dev (from .../libatlas-base-dev_3.8.4-3build1_amd64.deb) ...
Processing triggers for man-db ...
Processing triggers for ccache ...
Updating symlinks in /usr/lib/ccache ...
Setting up eatmydata (26-2) ...
Setting up gfortran-4.6 (4.6.3-1ubuntu5) ...
Setting up gfortran (4:4.6.3-1ubuntu5) ...
update-alternatives: using /usr/bin/gfortran to provide /usr/bin/f95 (f95) in auto mode.
Setting up libatlas3gf-base (3.8.4-3build1) ...
update-alternatives: using /usr/lib/atlas-base/atlas/libblas.so.3gf to provide /usr/lib/libblas.so.3gf (libblas.so.3gf) in auto mode.
update-alternatives: using /usr/lib/atlas-base/atlas/liblapack.so.3gf to provide /usr/lib/liblapack.so.3gf (liblapack.so.3gf) in auto mode.
Setting up libblas-dev (1.2.20110419-2ubuntu1) ...
update-alternatives: using /usr/lib/libblas/libblas.so to provide /usr/lib/libblas.so (libblas.so) in auto mode.
Setting up libatlas-dev (3.8.4-3build1) ...
Setting up libatlas-base-dev (3.8.4-3build1) ...
update-alternatives: using /usr/lib/atlas-base/atlas/libblas.so to provide /usr/lib/libblas.so (libblas.so) in auto mode.
update-alternatives: using /usr/lib/atlas-base/atlas/liblapack.so to provide /usr/lib/liblapack.so (liblapack.so) in auto mode.
Processing triggers for libc-bin ...
ldconfig deferred processing now taking place

travis_time:end:2761d00d:start=1615682219482974250,finish=1615682226686948981,duration=7203974731[0Ktravis_fold:end:apt[0Ktravis_time:start:0138a677[0K$ source ~/virtualenv/python3.4/bin/activate

travis_time:end:0138a677:start=1615682226699503714,finish=1615682226708745895,duration=9242181[0Ktravis_fold:start:cache.1[0KSetting up build cache
$ export CASHER_DIR=$HOME/.casher
travis_time:start:1a20c2c2[0K$ Installing caching utilities

travis_time:end:1a20c2c2:start=1615682227115920617,finish=1615682227181123597,duration=65202980[0Ktravis_time:start:092b7556[0K
travis_time:end:092b7556:start=1615682227195063044,finish=1615682227204776693,duration=9713649[0Ktravis_time:start:33f68f6e[0K/home/travis/.casher/bin/casher:213:in `cache_archive_name': undefined method `[]' for nil:NilClass (NoMethodError)
	from /home/travis/.casher/bin/casher:65:in `block in fetch'
	from /home/travis/.casher/bin/casher:64:in `each'
	from /home/travis/.casher/bin/casher:64:in `fetch'
	from /home/travis/.casher/bin/casher:53:in `block in run'
	from /home/travis/.rvm/rubies/ruby-1.9.3-p551/lib/ruby/1.9.1/timeout.rb:69:in `timeout'
	from /home/travis/.casher/bin/casher:53:in `run'
	from /home/travis/.casher/bin/casher:263:in `<main>'
[32;1mattempting to download cache archive[0m

travis_time:end:33f68f6e:start=1615682227215508400,finish=1615682227995347442,duration=779839042[0Ktravis_time:start:1f100fee[0K
travis_time:end:1f100fee:start=1615682228006454522,finish=1615682228015648301,duration=9193779[0Ktravis_time:start:21a4eaf4[0K[32;1madding /home/travis/.cache/pip to cache[0m

travis_time:end:21a4eaf4:start=1615682228027331975,finish=1615682228834703163,duration=807371188[0Ktravis_fold:end:cache.1[0K$ python --version
Python 3.4.2
$ pip --version
pip 6.0.7 from /home/travis/virtualenv/python3.4.2/lib/python3.4/site-packages (python 3.4)
travis_fold:start:before_install.1[0Ktravis_time:start:025ae89c[0K$ uname -a
Linux 5db0b0089ae7 4.15.0-109-generic #110-Ubuntu SMP Tue Jun 23 02:39:32 UTC 2020 x86_64 x86_64 x86_64 GNU/Linux

travis_time:end:025ae89c:start=1615682229208377159,finish=1615682229219020741,duration=10643582[0Ktravis_fold:end:before_install.1[0Ktravis_fold:start:before_install.2[0Ktravis_time:start:230f3817[0K$ free -m
             total       used       free     shared    buffers     cached
Mem:        192081     182514       9566          0       2045     156406
-/+ buffers/cache:      24062     168018
Swap:        65982       1349      64633

travis_time:end:230f3817:start=1615682229230012841,finish=1615682229241053428,duration=11040587[0Ktravis_fold:end:before_install.2[0Ktravis_fold:start:before_install.3[0Ktravis_time:start:0f183bd0[0K$ df -h
Filesystem      Size  Used Avail Use% Mounted on
overlay          91T  8.0T   83T   9% /
tmpfs            64M     0   64M   0% /dev
tmpfs            94G     0   94G   0% /sys/fs/cgroup
/dev/sda         91T  8.0T   83T   9% /etc/resolv.conf
/dev/sda         91T  8.0T   83T   9% /etc/hostname
/dev/sda         91T  8.0T   83T   9% /etc/hosts
shm              64M     0   64M   0% /dev/shm
tmpfs            94G     0   94G   0% /proc/acpi
tmpfs            64M     0   64M   0% /proc/kcore
tmpfs            64M     0   64M   0% /proc/keys
tmpfs            64M     0   64M   0% /proc/timer_list
tmpfs            64M     0   64M   0% /proc/sched_debug
tmpfs            94G     0   94G   0% /proc/scsi
tmpfs            94G     0   94G   0% /sys/firmware

travis_time:end:0f183bd0:start=1615682229252576499,finish=1615682229264327381,duration=11750882[0Ktravis_fold:end:before_install.3[0Ktravis_fold:start:before_install.4[0Ktravis_time:start:00d36703[0K$ ulimit -a
core file size          (blocks, -c) unlimited
data seg size           (kbytes, -d) unlimited
scheduling priority             (-e) 0
file size               (blocks, -f) unlimited
pending signals                 (-i) 767649
max locked memory       (kbytes, -l) 16384
max memory size         (kbytes, -m) unlimited
open files                      (-n) 1048576
pipe size            (512 bytes, -p) 8
POSIX message queues     (bytes, -q) 819200
real-time priority              (-r) 0
stack size              (kbytes, -s) 8192
cpu time               (seconds, -t) unlimited
max user processes              (-u) unlimited
virtual memory          (kbytes, -v) unlimited
file locks                      (-x) unlimited

travis_time:end:00d36703:start=1615682229275696814,finish=1615682229284850874,duration=9154060[0Ktravis_fold:end:before_install.4[0Ktravis_fold:start:before_install.5[0Ktravis_time:start:147294a8[0K$ mkdir builds

travis_time:end:147294a8:start=1615682229295311394,finish=1615682229306500344,duration=11188950[0Ktravis_fold:end:before_install.5[0Ktravis_fold:start:before_install.6[0Ktravis_time:start:00e541c5[0K$ pushd builds
~/build/failed/numpy/numpy/builds ~/build/failed/numpy/numpy

travis_time:end:00e541c5:start=1615682229317156830,finish=1615682229325800197,duration=8643367[0Ktravis_fold:end:before_install.6[0Ktravis_fold:start:before_install.7[0Ktravis_time:start:1092ce5b[0K$ virtualenv --python=python venv
Using real prefix '/opt/python/3.4.2'
New python executable in venv/bin/python
Installing setuptools, pip...done.
Running virtualenv with interpreter /home/travis/virtualenv/python3.4.2/bin/python

travis_time:end:1092ce5b:start=1615682229337125781,finish=1615682231713840686,duration=2376714905[0Ktravis_fold:end:before_install.7[0Ktravis_fold:start:before_install.8[0Ktravis_time:start:105e9090[0K$ source venv/bin/activate

travis_time:end:105e9090:start=1615682231725063927,finish=1615682231734323164,duration=9259237[0Ktravis_fold:end:before_install.8[0Ktravis_fold:start:before_install.9[0Ktravis_time:start:234085a6[0K$ python -V
Python 3.4.2

travis_time:end:234085a6:start=1615682231744437502,finish=1615682231755297642,duration=10860140[0Ktravis_fold:end:before_install.9[0Ktravis_fold:start:before_install.10[0Ktravis_time:start:0475197b[0K$ pip install --upgrade pip==7.1.2 setuptools==19.2
Collecting pip==7.1.2
  Downloading https://files.pythonhosted.org/packages/b2/d0/cd115fe345dd6f07ec1c780020a7dfe74966fceeb171e0f20d1d4905b0b7/pip-7.1.2-py2.py3-none-any.whl (1.1MB)
Collecting setuptools==19.2
  Downloading https://files.pythonhosted.org/packages/50/4c/d1a74a90deb70f72981c138a70d3d0799721e5bd1dc8c4201900141b8915/setuptools-19.2-py2.py3-none-any.whl (463kB)
Installing collected packages: setuptools, pip
  Found existing installation: setuptools 12.0.5
    Uninstalling setuptools-12.0.5:
      Successfully uninstalled setuptools-12.0.5

  Found existing installation: pip 6.0.7
    Uninstalling pip-6.0.7:
      Successfully uninstalled pip-6.0.7

Successfully installed pip-7.1.2 setuptools-19.2

travis_time:end:0475197b:start=1615682231766346882,finish=1615682234898716992,duration=3132370110[0Ktravis_fold:end:before_install.10[0Ktravis_fold:start:before_install.11[0Ktravis_time:start:1b59408a[0K$ pip install nose==1.3.7
Collecting nose==1.3.7
  Downloading https://files.pythonhosted.org/packages/15/d8/dd071918c040f50fa1cf80da16423af51ff8ce4a0f2399b7bf8de45ac3d9/nose-1.3.7-py3-none-any.whl (154kB)
Installing collected packages: nose
Successfully installed nose-1.3.7

travis_time:end:1b59408a:start=1615682234910147541,finish=1615682235750816025,duration=840668484[0Ktravis_fold:end:before_install.11[0Ktravis_fold:start:before_install.12[0Ktravis_time:start:0e558004[0K$ pip install --install-option="--no-cython-compile" Cython==0.23.4
Collecting Cython==0.23.4
  Downloading https://files.pythonhosted.org/packages/b3/89/e8dddc86bf4f144407962e04c4018f53dfe4d6ae5010d34573d8521e810e/Cython-0.23.4.tar.gz (1.6MB)
Installing collected packages: Cython
  Running setup.py install for Cython
Successfully installed Cython-0.23.4
/home/travis/build/failed/numpy/numpy/builds/venv/lib/python3.4/site-packages/pip/commands/install.py:199: UserWarning: Disabling all use of wheels due to the use of --build-options / --global-options / --install-options.
  cmdoptions.check_install_build_global(options)

travis_time:end:0e558004:start=1615682235763910674,finish=1615682239501904772,duration=3737994098[0Ktravis_fold:end:before_install.12[0Ktravis_fold:start:before_install.13[0Ktravis_time:start:147f35f7[0K$ if [ -n "$USE_ASV" ]; then pip install asv==0.1.1; fi

travis_time:end:147f35f7:start=1615682239512667070,finish=1615682239521965541,duration=9298471[0Ktravis_fold:end:before_install.13[0Ktravis_fold:start:before_install.14[0Ktravis_time:start:12be9cc0[0K$ popd
~/build/failed/numpy/numpy

travis_time:end:12be9cc0:start=1615682239531824114,finish=1615682239540592577,duration=8768463[0Ktravis_fold:end:before_install.14[0KCould not locate requirements.txt. Override the install: key in your .travis.yml to install dependencies.
travis_time:start:00fb25c0[0K$ ./tools/travis-test.sh
+export NPY_NUM_BUILD_JOBS=2
+NPY_NUM_BUILD_JOBS=2
+'[' -r /usr/lib/libeatmydata/libeatmydata.so ']'
+export LD_PRELOAD=/usr/lib/libeatmydata/libeatmydata.so
+LD_PRELOAD=/usr/lib/libeatmydata/libeatmydata.so
+PYTHON=python
+PIP=pip
+'[' -n '' ']'
+'[' -n '' ']'
+werrors='-Werror=declaration-after-statement -Werror=vla '
+werrors+='-Werror=nonnull -Werror=pointer-arith'
+export PYTHON
+export PIP
+'[' -n '' ']'
+'[' -n '' ']'
+setup_base
+'[' -z '' ']'
+'[' -z '' ']'
+pip install .
Processing /home/travis/build/failed/numpy/numpy
Installing collected packages: numpy
  Running setup.py install for numpy
Successfully installed numpy-1.11.0.dev0+4b6b29a
+run_test
+'[' -n '' ']'
+mkdir -p empty
+cd empty
++python -c 'import os; import numpy; print(os.path.dirname(numpy.__file__))'
+INSTALLDIR=/home/travis/build/failed/numpy/numpy/builds/venv/lib/python3.4/site-packages/numpy
+export PYTHONWARNINGS=default
+PYTHONWARNINGS=default
+python ../tools/test-installed-numpy.py
/home/travis/build/failed/numpy/numpy/builds/venv/lib/python3.4/imp.py:32: PendingDeprecationWarning: the imp module is deprecated in favour of importlib; see the module's documentation for alternative uses
  PendingDeprecationWarning)
..............................S.............................................................................................................................................................................S...................................................................................................................................................................S..SS...SSS.KKK..................................................................................................................................................................................................................................................................................................................................................................................................................................................................................................................................................................................................................................................................................................................................................................................................................................................................................................................................................................................................................................................................................................................................................................................................................................................................S..................................................................S......................................................................................................................................................................................................................................................................................................................................................................................................................................................................K....................................................................................................................................................................................................................................................................................................SSS.....................................................................S............................................K................................................................................S..........................................................................................................................................................................................................................................................................................................................................................K......................K.............................................................................................................................................................................................................................................................................................................................................................................................................................................................................................................................................................................................................................................................................................................................................................................................................................................................................................................................................................................................................................................................................................................................................................................................................................................................................................................................................................................................................................................................................................................................................................................................................................................................................................................................................................................................................................................................................................................................................................................................................................................................................................................................................................................................................................................................................................................................................................................................................................................................................................................................................................................................................................................................................................................................................................................................................................................................................................................................................................................................................................................F............................................................................................................................................................................................
======================================================================
FAIL: test_full_range (test_random.TestRandint)
----------------------------------------------------------------------
Traceback (most recent call last):
  File "mtrand.pyx", line 1662, in mtrand.RandomState.randint (numpy/random/mtrand/mtrand.c:19369)
TypeError: int() argument must be a string or a number, not 'list'

During handling of the above exception, another exception occurred:

Traceback (most recent call last):
  File "/home/travis/build/failed/numpy/numpy/builds/venv/lib/python3.4/site-packages/numpy/random/tests/test_random.py", line 191, in test_full_range
    self.rfunc([lbnd] * 3, ubnd, dtype=dt)
OverflowError: Python int too large to convert to C unsigned long

During handling of the above exception, another exception occurred:

Traceback (most recent call last):
  File "/home/travis/build/failed/numpy/numpy/builds/venv/lib/python3.4/site-packages/numpy/random/tests/test_random.py", line 197, in test_full_range
    "message:\n\n%s" % str(e))
AssertionError: No error should have been raised, but one was with the following message:

Python int too large to convert to C unsigned long

----------------------------------------------------------------------
Ran 6099 tests in 53.349s

FAILED (KNOWNFAIL=7, SKIP=15, failures=1)
Running unit tests for numpy
NumPy version 1.11.0.dev0+4b6b29a
NumPy relaxed strides checking option: True
NumPy is installed in /home/travis/build/failed/numpy/numpy/builds/venv/lib/python3.4/site-packages/numpy
Python version 3.4.2 (default, Feb  5 2015, 15:56:51) [GCC 4.6.3]
nose version 1.3.7

travis_time:end:00fb25c0:start=1615682239552086733,finish=1615682369013841231,duration=129461754498[0K
[31;1mThe command "./tools/travis-test.sh" exited with 1.[0m
travis_fold:start:cache.2[0Kstore build cache
travis_time:start:065c1f00[0K
travis_time:end:065c1f00:start=1615682369027450952,finish=1615682369038058506,duration=10607554[0Ktravis_time:start:0333474c[0K/home/travis/.casher/bin/casher:190: warning: Insecure world writable dir /home/travis/build/failed/numpy/numpy in PATH, mode 040777
[32;1mchanges detected, packing new archive[0m
/home/travis/.casher/bin/casher:213:in `cache_archive_name': undefined method `[]' for nil:NilClass (NoMethodError)
	from /home/travis/.casher/bin/casher:143:in `push'
	from /home/travis/.casher/bin/casher:53:in `block in run'
	from /home/travis/.rvm/rubies/ruby-1.9.3-p551/lib/ruby/1.9.1/timeout.rb:69:in `timeout'
	from /home/travis/.casher/bin/casher:53:in `run'
	from /home/travis/.casher/bin/casher:263:in `<main>'

travis_time:end:0333474c:start=1615682369050727602,finish=1615682370889655422,duration=1838927820[0Ktravis_fold:end:cache.2[0K
Done. Your build exited with 1.
