travis_fold:start:system_info[0K[33;1mBuild system information[0m
Build language: python
Build group: stable
Build dist: precise
Build id: ''
Job id: ''
[34m[1mBuild image provisioning date and time[0m
Thu Feb  5 15:09:33 UTC 2015
[34m[1mOperating System Details[0m
Distributor ID:	Ubuntu
Description:	Ubuntu 12.04.5 LTS
Release:	12.04
Codename:	precise
[34m[1mLinux Version[0m
3.13.0-29-generic
[34m[1mCookbooks Version[0m
a68419e https://github.com/travis-ci/travis-cookbooks/tree/a68419e
[34m[1mGCC version[0m
gcc (Ubuntu/Linaro 4.6.3-1ubuntu5) 4.6.3
Copyright (C) 2011 Free Software Foundation, Inc.
This is free software; see the source for copying conditions.  There is NO
warranty; not even for MERCHANTABILITY or FITNESS FOR A PARTICULAR PURPOSE.

[34m[1mLLVM version[0m
clang version 3.4 (tags/RELEASE_34/final)
Target: x86_64-unknown-linux-gnu
Thread model: posix
[34m[1mPre-installed Ruby versions[0m
ruby-1.9.3-p551
[34m[1mPre-installed Node.js versions[0m
v0.10.36
[34m[1mPre-installed Go versions[0m
1.4.1
[34m[1mRedis version[0m
redis-server 2.8.19
[34m[1mriak version[0m
2.0.2
[34m[1mMongoDB version[0m
MongoDB 2.4.12
[34m[1mCouchDB version[0m
couchdb 1.6.1
[34m[1mNeo4j version[0m
1.9.4
[34m[1mRabbitMQ Version[0m
3.4.3
[34m[1mElasticSearch version[0m
1.4.0
[34m[1mInstalled Sphinx versions[0m
2.0.10
2.1.9
2.2.6
[34m[1mDefault Sphinx version[0m
2.2.6
[34m[1mInstalled Firefox version[0m
firefox 31.0esr
[34m[1mPhantomJS version[0m
1.9.8
[34m[1mant -version[0m
Apache Ant(TM) version 1.8.2 compiled on December 3 2011
[34m[1mmvn -version[0m
Apache Maven 3.2.5 (12a6b3acb947671f09b81f49094c53f426d8cea1; 2014-12-14T17:29:23+00:00)
Maven home: /usr/local/maven
Java version: 1.7.0_76, vendor: Oracle Corporation
Java home: /usr/lib/jvm/java-7-oracle/jre
Default locale: en_US, platform encoding: ANSI_X3.4-1968
OS name: "linux", version: "3.13.0-29-generic", arch: "amd64", family: "unix"
travis_fold:end:system_info[0K
grep: /etc/apt/sources.list.d/*: No such file or directory
sed: cannot rename /etc/hosts: Device or resource busy
sed: cannot rename /etc/hosts: Device or resource busy
[33;1m3.5-dev is not installed; attempting download[0m
[33;1mDownloading archive: https://s3.amazonaws.com/travis-python-archives/binaries/ubuntu/12.04/x86_64/python-3.5-dev.tar.bz2[0m
$ sudo tar xjf python-3.5-dev.tar.bz2 --directory /
$ cd failed/wavesoft/CCLib
travis_time:start:104a325c[0K$ source ~/virtualenv/python3.5-dev/bin/activate

travis_time:end:104a325c:start=1615876244544630680,finish=1615876244552603276,duration=7972596[0K$ python --version
Python 3.5.5+
$ pip --version
pip 10.0.1 from /home/travis/virtualenv/python3.5-dev/lib/python3.5/site-packages/pip (python 3.5)
travis_fold:start:install[0Ktravis_time:start:1932bba4[0K$ pip install -r Python/requirements.txt
Collecting pyserial==3.0.1 (from -r Python/requirements.txt (line 1))
  Downloading https://files.pythonhosted.org/packages/42/68/41bab8a5e3e50705f25358f043181242fa197f313aa0476908d9852c8dc4/pyserial-3.0.1.tar.gz (134kB)
Building wheels for collected packages: pyserial
  Running setup.py bdist_wheel for pyserial: started
  Running setup.py bdist_wheel for pyserial: finished with status 'done'
  Stored in directory: /home/travis/.cache/pip/wheels/70/9f/37/1ac95f9cd087c10043bbe7847ba263e9331bc186fc64a7f014
Successfully built pyserial
Installing collected packages: pyserial
Successfully installed pyserial-3.0.1

travis_time:end:1932bba4:start=1615876245028953532,finish=1615876246953165800,duration=1924212268[0Ktravis_fold:end:install[0Ktravis_time:start:0896eefa[0K$ cd Python/tests && PYTHONPATH=.. python -m unittest discover
EE
======================================================================
ERROR: test_load_creates_correct_noncontinuous_memblocks (test_cchex.TestCCHEXFile)
----------------------------------------------------------------------
Traceback (most recent call last):
  File "/home/travis/build/failed/wavesoft/CCLib/Python/tests/test_cchex.py", line 51, in test_load_creates_correct_noncontinuous_memblocks
    with temp_hexfile("".join(lines)) as hexfile:
  File "/home/travis/build/failed/wavesoft/CCLib/Python/tests/test_cchex.py", line 27, in temp_hexfile
    hexfile.write(contents.encode(encoding='UTF-8'))
  File "/home/travis/virtualenv/python3.5-dev/lib/python3.5/tempfile.py", line 483, in func_wrapper
    return func(*args, **kwargs)
TypeError: write() argument must be str, not bytes

======================================================================
ERROR: test_load_creates_correct_single_memblock (test_cchex.TestCCHEXFile)
----------------------------------------------------------------------
Traceback (most recent call last):
  File "/home/travis/build/failed/wavesoft/CCLib/Python/tests/test_cchex.py", line 37, in test_load_creates_correct_single_memblock
    with temp_hexfile(":10" + offset + "00" + data + checksum + "\n") as hexfile:
  File "/home/travis/build/failed/wavesoft/CCLib/Python/tests/test_cchex.py", line 27, in temp_hexfile
    hexfile.write(contents.encode(encoding='UTF-8'))
  File "/home/travis/virtualenv/python3.5-dev/lib/python3.5/tempfile.py", line 483, in func_wrapper
    return func(*args, **kwargs)
TypeError: write() argument must be str, not bytes

----------------------------------------------------------------------
Ran 2 tests in 0.001s

FAILED (errors=2)

travis_time:end:0896eefa:start=1615876246964271427,finish=1615876247070551571,duration=106280144[0K
[31;1mThe command "cd Python/tests && PYTHONPATH=.. python -m unittest discover" exited with 1.[0m

Done. Your build exited with 1.
