travis_fold:start:system_info[0K[33;1mBuild system information[0m
Build language: java
Build id: ''
Job id: ''
[34m[1mBuild image provisioning date and time[0m
Thu Feb  5 15:09:33 UTC 2015
[34m[1mOperating System Details[0m
Distributor ID:	Ubuntu
Description:	Ubuntu 12.04.5 LTS
Release:	12.04
Codename:	precise
[34m[1mLinux Version[0m
3.13.0-29-generic
[34m[1mCookbooks Version[0m
a68419e https://github.com/travis-ci/travis-cookbooks/tree/a68419e
[34m[1mGCC version[0m
gcc (Ubuntu/Linaro 4.6.3-1ubuntu5) 4.6.3
Copyright (C) 2011 Free Software Foundation, Inc.
This is free software; see the source for copying conditions.  There is NO
warranty; not even for MERCHANTABILITY or FITNESS FOR A PARTICULAR PURPOSE.

[34m[1mLLVM version[0m
clang version 3.4 (tags/RELEASE_34/final)
Target: x86_64-unknown-linux-gnu
Thread model: posix
[34m[1mPre-installed Ruby versions[0m
ruby-1.9.3-p551
[34m[1mPre-installed Node.js versions[0m
v0.10.36
[34m[1mPre-installed Go versions[0m
1.4.1
[34m[1mRedis version[0m
redis-server 2.8.19
[34m[1mriak version[0m
2.0.2
[34m[1mMongoDB version[0m
MongoDB 2.4.12
[34m[1mCouchDB version[0m
couchdb 1.6.1
[34m[1mNeo4j version[0m
1.9.4
[34m[1mRabbitMQ Version[0m
3.4.3
[34m[1mElasticSearch version[0m
1.4.0
[34m[1mInstalled Sphinx versions[0m
2.0.10
2.1.9
2.2.6
[34m[1mDefault Sphinx version[0m
2.2.6
[34m[1mInstalled Firefox version[0m
firefox 31.0esr
[34m[1mPhantomJS version[0m
1.9.8
[34m[1mant -version[0m
Apache Ant(TM) version 1.8.2 compiled on December 3 2011
[34m[1mmvn -version[0m
Apache Maven 3.2.5 (12a6b3acb947671f09b81f49094c53f426d8cea1; 2014-12-14T17:29:23+00:00)
Maven home: /usr/local/maven
Java version: 1.7.0_76, vendor: Oracle Corporation
Java home: /usr/lib/jvm/java-7-oracle/jre
Default locale: en_US, platform encoding: ANSI_X3.4-1968
OS name: "linux", version: "3.13.0-29-generic", arch: "amd64", family: "unix"
travis_fold:end:system_info[0K
W: Failed to fetch http://apt.postgresql.org/pub/repos/apt/dists/precise-pgdg/main/binary-amd64/Packages  404  Not Found [IP: 72.32.157.246 80]

W: Failed to fetch http://apt.postgresql.org/pub/repos/apt/dists/precise-pgdg/main/binary-i386/Packages  404  Not Found [IP: 72.32.157.246 80]

W: Failed to fetch http://us.archive.ubuntu.com/ubuntu/dists/precise/main/source/Sources  404  Not Found [IP: 91.189.91.38 80]

W: Failed to fetch http://us.archive.ubuntu.com/ubuntu/dists/precise/restricted/source/Sources  404  Not Found [IP: 91.189.91.38 80]

W: Failed to fetch http://us.archive.ubuntu.com/ubuntu/dists/precise/universe/source/Sources  404  Not Found [IP: 91.189.91.38 80]

W: Failed to fetch http://us.archive.ubuntu.com/ubuntu/dists/precise/multiverse/source/Sources  404  Not Found [IP: 91.189.91.38 80]

W: Failed to fetch http://us.archive.ubuntu.com/ubuntu/dists/precise/main/binary-amd64/Packages  404  Not Found [IP: 91.189.91.38 80]

W: Failed to fetch http://us.archive.ubuntu.com/ubuntu/dists/precise/restricted/binary-amd64/Packages  404  Not Found [IP: 91.189.91.38 80]

W: Failed to fetch http://us.archive.ubuntu.com/ubuntu/dists/precise/universe/binary-amd64/Packages  404  Not Found [IP: 91.189.91.38 80]

W: Failed to fetch http://us.archive.ubuntu.com/ubuntu/dists/precise/multiverse/binary-amd64/Packages  404  Not Found [IP: 91.189.91.38 80]

W: Failed to fetch http://us.archive.ubuntu.com/ubuntu/dists/precise/main/binary-i386/Packages  404  Not Found [IP: 91.189.91.38 80]

W: Failed to fetch http://us.archive.ubuntu.com/ubuntu/dists/precise/restricted/binary-i386/Packages  404  Not Found [IP: 91.189.91.38 80]

W: Failed to fetch http://us.archive.ubuntu.com/ubuntu/dists/precise/universe/binary-i386/Packages  404  Not Found [IP: 91.189.91.38 80]

W: Failed to fetch http://us.archive.ubuntu.com/ubuntu/dists/precise/multiverse/binary-i386/Packages  404  Not Found [IP: 91.189.91.38 80]

W: Failed to fetch http://us.archive.ubuntu.com/ubuntu/dists/precise-updates/main/source/Sources  404  Not Found [IP: 91.189.91.38 80]

W: Failed to fetch http://us.archive.ubuntu.com/ubuntu/dists/precise-updates/restricted/source/Sources  404  Not Found [IP: 91.189.91.38 80]

W: Failed to fetch http://us.archive.ubuntu.com/ubuntu/dists/precise-updates/universe/source/Sources  404  Not Found [IP: 91.189.91.38 80]

W: Failed to fetch http://us.archive.ubuntu.com/ubuntu/dists/precise-updates/multiverse/source/Sources  404  Not Found [IP: 91.189.91.38 80]

W: Failed to fetch http://us.archive.ubuntu.com/ubuntu/dists/precise-updates/main/binary-amd64/Packages  404  Not Found [IP: 91.189.91.38 80]

W: Failed to fetch http://us.archive.ubuntu.com/ubuntu/dists/precise-updates/restricted/binary-amd64/Packages  404  Not Found [IP: 91.189.91.38 80]

W: Failed to fetch http://us.archive.ubuntu.com/ubuntu/dists/precise-updates/universe/binary-amd64/Packages  404  Not Found [IP: 91.189.91.38 80]

W: Failed to fetch http://us.archive.ubuntu.com/ubuntu/dists/precise-updates/multiverse/binary-amd64/Packages  404  Not Found [IP: 91.189.91.38 80]

W: Failed to fetch http://us.archive.ubuntu.com/ubuntu/dists/precise-updates/main/binary-i386/Packages  404  Not Found [IP: 91.189.91.38 80]

W: Failed to fetch http://us.archive.ubuntu.com/ubuntu/dists/precise-updates/restricted/binary-i386/Packages  404  Not Found [IP: 91.189.91.38 80]

W: Failed to fetch http://us.archive.ubuntu.com/ubuntu/dists/precise-updates/universe/binary-i386/Packages  404  Not Found [IP: 91.189.91.38 80]

W: Failed to fetch http://us.archive.ubuntu.com/ubuntu/dists/precise-updates/multiverse/binary-i386/Packages  404  Not Found [IP: 91.189.91.38 80]

W: Failed to fetch http://security.ubuntu.com/ubuntu/dists/precise-security/main/source/Sources  404  Not Found [IP: 91.189.91.39 80]

W: Failed to fetch http://security.ubuntu.com/ubuntu/dists/precise-security/restricted/source/Sources  404  Not Found [IP: 91.189.91.39 80]

W: Failed to fetch http://security.ubuntu.com/ubuntu/dists/precise-security/universe/source/Sources  404  Not Found [IP: 91.189.91.39 80]

W: Failed to fetch http://security.ubuntu.com/ubuntu/dists/precise-security/multiverse/source/Sources  404  Not Found [IP: 91.189.91.39 80]

W: Failed to fetch http://security.ubuntu.com/ubuntu/dists/precise-security/main/binary-amd64/Packages  404  Not Found [IP: 91.189.91.39 80]

W: Failed to fetch http://security.ubuntu.com/ubuntu/dists/precise-security/restricted/binary-amd64/Packages  404  Not Found [IP: 91.189.91.39 80]

W: Failed to fetch http://security.ubuntu.com/ubuntu/dists/precise-security/universe/binary-amd64/Packages  404  Not Found [IP: 91.189.91.39 80]

W: Failed to fetch http://security.ubuntu.com/ubuntu/dists/precise-security/multiverse/binary-amd64/Packages  404  Not Found [IP: 91.189.91.39 80]

W: Failed to fetch http://security.ubuntu.com/ubuntu/dists/precise-security/main/binary-i386/Packages  404  Not Found [IP: 91.189.91.39 80]

W: Failed to fetch http://security.ubuntu.com/ubuntu/dists/precise-security/restricted/binary-i386/Packages  404  Not Found [IP: 91.189.91.39 80]

W: Failed to fetch http://security.ubuntu.com/ubuntu/dists/precise-security/universe/binary-i386/Packages  404  Not Found [IP: 91.189.91.39 80]

W: Failed to fetch http://security.ubuntu.com/ubuntu/dists/precise-security/multiverse/binary-i386/Packages  404  Not Found [IP: 91.189.91.39 80]

W: Failed to fetch http://us.archive.ubuntu.com/ubuntu/dists/precise-backports/main/source/Sources  404  Not Found [IP: 91.189.91.38 80]

W: Failed to fetch http://us.archive.ubuntu.com/ubuntu/dists/precise-backports/restricted/source/Sources  404  Not Found [IP: 91.189.91.38 80]

W: Failed to fetch http://us.archive.ubuntu.com/ubuntu/dists/precise-backports/universe/source/Sources  404  Not Found [IP: 91.189.91.38 80]

W: Failed to fetch http://us.archive.ubuntu.com/ubuntu/dists/precise-backports/multiverse/source/Sources  404  Not Found [IP: 91.189.91.38 80]

W: Failed to fetch http://us.archive.ubuntu.com/ubuntu/dists/precise-backports/main/binary-amd64/Packages  404  Not Found [IP: 91.189.91.38 80]

W: Failed to fetch http://us.archive.ubuntu.com/ubuntu/dists/precise-backports/restricted/binary-amd64/Packages  404  Not Found [IP: 91.189.91.38 80]

W: Failed to fetch http://us.archive.ubuntu.com/ubuntu/dists/precise-backports/universe/binary-amd64/Packages  404  Not Found [IP: 91.189.91.38 80]

W: Failed to fetch http://us.archive.ubuntu.com/ubuntu/dists/precise-backports/multiverse/binary-amd64/Packages  404  Not Found [IP: 91.189.91.38 80]

W: Failed to fetch http://us.archive.ubuntu.com/ubuntu/dists/precise-backports/main/binary-i386/Packages  404  Not Found [IP: 91.189.91.38 80]

W: Failed to fetch http://us.archive.ubuntu.com/ubuntu/dists/precise-backports/restricted/binary-i386/Packages  404  Not Found [IP: 91.189.91.38 80]

W: Failed to fetch http://us.archive.ubuntu.com/ubuntu/dists/precise-backports/universe/binary-i386/Packages  404  Not Found [IP: 91.189.91.38 80]

W: Failed to fetch http://us.archive.ubuntu.com/ubuntu/dists/precise-backports/multiverse/binary-i386/Packages  404  Not Found [IP: 91.189.91.38 80]

W: Failed to fetch http://ppa.launchpad.net/rwky/ppa/ubuntu/dists/precise/main/binary-amd64/Packages  403  Forbidden

W: Failed to fetch http://ppa.launchpad.net/rwky/ppa/ubuntu/dists/precise/main/binary-i386/Packages  403  Forbidden

W: Failed to fetch http://ppa.launchpad.net/travis-ci/zero-mq/ubuntu/dists/precise/main/binary-amd64/Packages  403  Forbidden

W: Failed to fetch http://ppa.launchpad.net/travis-ci/zero-mq/ubuntu/dists/precise/main/binary-i386/Packages  403  Forbidden

W: Failed to fetch http://downloads-distro.mongodb.org/repo/debian-sysvinit/dists/dist/10gen/binary-amd64/Packages  Undetermined Error [IP: 52.21.89.200 80]

W: Failed to fetch http://downloads-distro.mongodb.org/repo/debian-sysvinit/dists/dist/10gen/binary-i386/Packages  Undetermined Error [IP: 52.21.89.200 80]

E: Some index files failed to download. They have been ignored, or old ones used instead.
sed: cannot rename /etc/hosts: Device or resource busy
sed: cannot rename /etc/hosts: Device or resource busy
$ jdk_switcher use oraclejdk8
Switching to Oracle JDK8 (java-8-oracle), JAVA_HOME will be set to /usr/lib/jvm/java-8-oracle
$ cd passed/cbeust/testng
$ export TERM=dumb
$ java -Xmx32m -version
java version "1.8.0_31"
Java(TM) SE Runtime Environment (build 1.8.0_31-b13)
Java HotSpot(TM) 64-Bit Server VM (build 25.31-b07, mixed mode)
$ javac -J-Xmx32m -version
javac 1.8.0_31
travis_fold:start:install[0Ktravis_time:start:01959d80[0K$ ./gradlew assemble
Creating Version file: 6.9.5-SNAPSHOT in /home/travis/build/passed/cbeust/testng/src/generated/java/org/testng/internal
[buildinfo] Not using buildInfo properties file for this build.
:myDir UP-TO-DATE
:createVersion
:compileGeneratedJava UP-TO-DATE
:processGeneratedResources UP-TO-DATE
:generatedClasses UP-TO-DATE
:compileJava UP-TO-DATE
:processResources UP-TO-DATE
:classes UP-TO-DATE
:jar
:javadoc/home/travis/build/passed/cbeust/testng/src/main/java/org/testng/TestNG.java:35: error: cannot find symbol
import org.testng.internal.Version;
                          ^
  symbol:   class Version
  location: package org.testng.internal

1 warning
:javadocJar
:sourcesJar
:signArchives SKIPPED
:assemble

BUILD SUCCESSFUL

Total time: 48.011 secs

travis_time:end:01959d80:start=1642622389854163967,finish=1642622438452755274,duration=48598591307[0Ktravis_fold:end:install[0Ktravis_time:start:038b7b20[0K$ ./gradlew clean test
Creating Version file: 6.9.5-SNAPSHOT in /home/travis/build/passed/cbeust/testng/src/generated/java/org/testng/internal
[buildinfo] Not using buildInfo properties file for this build.
:clean
:myDir UP-TO-DATE
:createVersion
:compileGeneratedJava
:processGeneratedResources UP-TO-DATE
:generatedClasses
:compileJavaNote: Some input files use or override a deprecated API.
Note: Recompile with -Xlint:deprecation for details.
Note: Some input files use unchecked or unsafe operations.
Note: Recompile with -Xlint:unchecked for details.

:processResources
:classes
:compileTestJavaNote: Some input files use or override a deprecated API.
Note: Recompile with -Xlint:deprecation for details.
Note: Some input files use unchecked or unsafe operations.
Note: Recompile with -Xlint:unchecked for details.

:processTestResources
:testClasses
:test

TestNG Running Junit Tests > Junit via TestNG XML STANDARD_ERROR
    org.testng.TestNGException: 
    Failure in JUnit mode for class test.junit.SetNameTest
    	at org.testng.junit.JUnit4TestRunner.start(JUnit4TestRunner.java:107)
    	at org.testng.junit.JUnit4TestRunner.run(JUnit4TestRunner.java:69)
    	at org.testng.TestRunner$1.run(TestRunner.java:689)
    	at org.testng.TestRunner.runWorkers(TestRunner.java:1019)
    	at org.testng.TestRunner.privateRunJUnit(TestRunner.java:720)
    	at org.testng.TestRunner.run(TestRunner.java:621)
    	at org.testng.SuiteRunner.runTest(SuiteRunner.java:357)
    	at org.testng.SuiteRunner.runSequentially(SuiteRunner.java:352)
    	at org.testng.SuiteRunner.privateRun(SuiteRunner.java:310)
    	at org.testng.SuiteRunner.run(SuiteRunner.java:259)
    	at org.testng.SuiteRunnerWorker.runSuite(SuiteRunnerWorker.java:52)
    	at org.testng.SuiteRunnerWorker.run(SuiteRunnerWorker.java:86)
    	at org.testng.TestNG.runSuitesSequentially(TestNG.java:1185)
    	at org.testng.TestNG.runSuitesSequentially(TestNG.java:1181)
    	at org.testng.TestNG.runSuitesLocally(TestNG.java:1110)
    	at org.testng.TestNG.run(TestNG.java:1018)
    	at org.gradle.api.internal.tasks.testing.testng.TestNGTestClassProcessor.runTests(TestNGTestClassProcessor.java:136)
    	at org.gradle.api.internal.tasks.testing.testng.TestNGTestClassProcessor.stop(TestNGTestClassProcessor.java:80)
    	at org.gradle.api.internal.tasks.testing.SuiteTestClassProcessor.stop(SuiteTestClassProcessor.java:59)
    	at sun.reflect.NativeMethodAccessorImpl.invoke0(Native Method)
    	at sun.reflect.NativeMethodAccessorImpl.invoke(NativeMethodAccessorImpl.java:62)
    	at sun.reflect.DelegatingMethodAccessorImpl.invoke(DelegatingMethodAccessorImpl.java:43)
    	at java.lang.reflect.Method.invoke(Method.java:483)
    	at org.gradle.messaging.dispatch.ReflectionDispatch.dispatch(ReflectionDispatch.java:35)
    	at org.gradle.messaging.dispatch.ReflectionDispatch.dispatch(ReflectionDispatch.java:24)
    	at org.gradle.messaging.dispatch.ContextClassLoaderDispatch.dispatch(ContextClassLoaderDispatch.java:32)
    	at org.gradle.messaging.dispatch.ProxyDispatchAdapter$DispatchingInvocationHandler.invoke(ProxyDispatchAdapter.java:93)
    	at com.sun.proxy.$Proxy2.stop(Unknown Source)
    	at org.gradle.api.internal.tasks.testing.worker.TestWorker.stop(TestWorker.java:116)
    	at sun.reflect.NativeMethodAccessorImpl.invoke0(Native Method)
    	at sun.reflect.NativeMethodAccessorImpl.invoke(NativeMethodAccessorImpl.java:62)
    	at sun.reflect.DelegatingMethodAccessorImpl.invoke(DelegatingMethodAccessorImpl.java:43)
    	at java.lang.reflect.Method.invoke(Method.java:483)
    	at org.gradle.messaging.dispatch.ReflectionDispatch.dispatch(ReflectionDispatch.java:35)
    	at org.gradle.messaging.dispatch.ReflectionDispatch.dispatch(ReflectionDispatch.java:24)
    	at org.gradle.messaging.remote.internal.hub.MessageHub$Handler.run(MessageHub.java:360)
    	at org.gradle.internal.concurrent.DefaultExecutorFactory$StoppableExecutorImpl$1.run(DefaultExecutorFactory.java:64)
    	at java.util.concurrent.ThreadPoolExecutor.runWorker(ThreadPoolExecutor.java:1142)
    	at java.util.concurrent.ThreadPoolExecutor$Worker.run(ThreadPoolExecutor.java:617)
    	at java.lang.Thread.run(Thread.java:745)
    Caused by: java.lang.AssertionError
    	at org.gradle.api.internal.tasks.testing.testng.TestNGTestResultProcessorAdapter.onTestStart(TestNGTestResultProcessorAdapter.java:111)
    	at sun.reflect.NativeMethodAccessorImpl.invoke0(Native Method)
    	at sun.reflect.NativeMethodAccessorImpl.invoke(NativeMethodAccessorImpl.java:62)
    	at sun.reflect.DelegatingMethodAccessorImpl.invoke(DelegatingMethodAccessorImpl.java:43)
    	at java.lang.reflect.Method.invoke(Method.java:483)
    	at org.gradle.internal.reflect.JavaMethod.invoke(JavaMethod.java:63)
    	at org.gradle.api.internal.tasks.testing.testng.TestNGListenerAdapterFactory$1.invoke(TestNGListenerAdapterFactory.java:71)
    	at org.gradle.api.internal.tasks.testing.testng.TestNGListenerAdapterFactory$1.invoke(TestNGListenerAdapterFactory.java:65)
    	at com.sun.proxy.$Proxy4.onTestStart(Unknown Source)
    	at org.testng.junit.JUnit4TestRunner$RL.testStarted(JUnit4TestRunner.java:185)
    	at org.junit.runner.notification.RunNotifier$3.notifyListener(RunNotifier.java:87)
    	at org.junit.runner.notification.RunNotifier$SafeNotifier.run(RunNotifier.java:41)
    	at org.junit.runner.notification.RunNotifier.fireTestStarted(RunNotifier.java:84)
    	at org.junit.internal.runners.JUnit38ClassRunner$OldTestClassAdaptingListener.startTest(JUnit38ClassRunner.java:35)
    	at junit.framework.TestResult.startTest(TestResult.java:155)
    	at junit.framework.TestResult.run(TestResult.java:107)
    	at junit.framework.TestCase.run(TestCase.java:124)
    	at junit.framework.TestSuite.runTest(TestSuite.java:243)
    	at junit.framework.TestSuite.run(TestSuite.java:238)
    	at org.junit.internal.runners.JUnit38ClassRunner.run(JUnit38ClassRunner.java:83)
    	at org.junit.runner.JUnitCore.run(JUnitCore.java:157)
    	at org.junit.runner.JUnitCore.run(JUnitCore.java:136)
    	at org.testng.junit.JUnit4TestRunner.start(JUnit4TestRunner.java:81)
    	... 39 more

TestNG > Inheritance > test.inheritance.testng471.TestNG471.test_classes_should_not_be_skipped_when_a_after_method_fails STANDARD_OUT
    [TestRunner] Running the tests in 'Command line test' with parallel mode:false
    [RunInfo] Adding method selector: org.testng.internal.XmlMethodSelector@a9182a priority: 10
    [TestClass] Creating TestClass for [ClassImpl class=test.inheritance.testng471.Class1]
    [TestClass] Adding method Class1.test1_2()[pri:0, instance:null] on TestClass class test.inheritance.testng471.Class1
    [TestClass] Adding method Class1.test1_1()[pri:0, instance:null] on TestClass class test.inheritance.testng471.Class1
    [XmlMethodSelector] Including method test.inheritance.testng471.beforeClass1()
    [XmlMethodSelector] Including method test.inheritance.testng471.beforeSuperClass1()
    [MethodInheritance] Class1.beforeClass1()[pri:0, instance:null] DEPENDS ON SuperClass1.beforeSuperClass1()[pri:0, instance:null]
    [XmlMethodSelector] Including method test.inheritance.testng471.afterClass1()
    [XmlMethodSelector] Including method test.inheritance.testng471.beforeMethodClass1()
    [XmlMethodSelector] Including method test.inheritance.testng471.afterMethodClass1()
    [TestClass] Creating TestClass for [ClassImpl class=test.inheritance.testng471.Class2]
    [TestClass] Adding method Class2.test2_1()[pri:0, instance:null] on TestClass class test.inheritance.testng471.Class2
    [TestClass] Adding method Class2.test2_2()[pri:0, instance:null] on TestClass class test.inheritance.testng471.Class2
    [XmlMethodSelector] Including method test.inheritance.testng471.beforeClass2()
    [MethodInheritance] Class2.beforeClass2()[pri:0, instance:null] DEPENDS ON SuperClass1.beforeSuperClass1()[pri:0, instance:null]
    [XmlMethodSelector] Including method test.inheritance.testng471.afterClass2()
    [XmlMethodSelector] Including method test.inheritance.testng471.beforeMethodClass2()
    [XmlMethodSelector] Including method test.inheritance.testng471.afterMethodClass2()
    [TestClass] Creating TestClass for [ClassImpl class=test.inheritance.testng471.Class3]
    [TestClass] Adding method Class3.test3_2()[pri:0, instance:null] on TestClass class test.inheritance.testng471.Class3
    [TestClass] Adding method Class3.test3_1()[pri:0, instance:null] on TestClass class test.inheritance.testng471.Class3
    [XmlMethodSelector] Including method test.inheritance.testng471.beforeClass3()
    [XmlMethodSelector] Including method test.inheritance.testng471.beforeSuperClass2()
    [MethodInheritance] Class3.beforeClass3()[pri:0, instance:null] DEPENDS ON SuperClass2.beforeSuperClass2()[pri:0, instance:null]
    [XmlMethodSelector] Including method test.inheritance.testng471.afterClass3()
    [XmlMethodSelector] Including method test.inheritance.testng471.beforeMethodClass3()
    [XmlMethodSelector] Including method test.inheritance.testng471.afterMethodClass3()
    [XmlMethodSelector] Including method test.inheritance.testng471.test1_2()
    [XmlMethodSelector] Including method test.inheritance.testng471.test1_1()
    [XmlMethodSelector] Including method test.inheritance.testng471.test2_1()
    [XmlMethodSelector] Including method test.inheritance.testng471.test2_2()
    [XmlMethodSelector] Including method test.inheritance.testng471.test3_2()
    [XmlMethodSelector] Including method test.inheritance.testng471.test3_1()
    [TestNG] Running:
      Command line suite

    [SuiteRunner] Created 1 TestRunners
    [TestRunner] Running test Command line test on 3  classes,  included groups:[] excluded groups:[]
    ===== Test class
    test.inheritance.testng471.Class1
      @BeforeClass SuperClass1.beforeSuperClass1()[pri:0, instance:test.inheritance.testng471.Class1@40073457]
      @BeforeClass Class1.beforeClass1()[pri:0, instance:test.inheritance.testng471.Class1@40073457]
      @BeforeMethod Class1.beforeMethodClass1()[pri:0, instance:test.inheritance.testng471.Class1@40073457]
        @Test Class1.test1_2()[pri:0, instance:test.inheritance.testng471.Class1@40073457]
        @Test Class1.test1_1()[pri:0, instance:test.inheritance.testng471.Class1@40073457]
      @AfterMethod Class1.afterMethodClass1()[pri:0, instance:test.inheritance.testng471.Class1@40073457]
      @AfterClass Class1.afterClass1()[pri:0, instance:test.inheritance.testng471.Class1@40073457]
    ======
    ===== Test class
    test.inheritance.testng471.Class2
      @BeforeClass SuperClass1.beforeSuperClass1()[pri:0, instance:test.inheritance.testng471.Class2@e1c1e4a]
      @BeforeClass Class2.beforeClass2()[pri:0, instance:test.inheritance.testng471.Class2@e1c1e4a]
      @BeforeMethod Class2.beforeMethodClass2()[pri:0, instance:test.inheritance.testng471.Class2@e1c1e4a]
        @Test Class2.test2_1()[pri:0, instance:test.inheritance.testng471.Class2@e1c1e4a]
        @Test Class2.test2_2()[pri:0, instance:test.inheritance.testng471.Class2@e1c1e4a]
      @AfterMethod Class2.afterMethodClass2()[pri:0, instance:test.inheritance.testng471.Class2@e1c1e4a]
      @AfterClass Class2.afterClass2()[pri:0, instance:test.inheritance.testng471.Class2@e1c1e4a]
    ======
    ===== Test class
    test.inheritance.testng471.Class3
      @BeforeClass SuperClass2.beforeSuperClass2()[pri:0, instance:test.inheritance.testng471.Class3@956fa54]
      @BeforeClass Class3.beforeClass3()[pri:0, instance:test.inheritance.testng471.Class3@956fa54]
      @BeforeMethod Class3.beforeMethodClass3()[pri:0, instance:test.inheritance.testng471.Class3@956fa54]
        @Test Class3.test3_2()[pri:0, instance:test.inheritance.testng471.Class3@956fa54]
        @Test Class3.test3_1()[pri:0, instance:test.inheritance.testng471.Class3@956fa54]
      @AfterMethod Class3.afterMethodClass3()[pri:0, instance:test.inheritance.testng471.Class3@956fa54]
      @AfterClass Class3.afterClass3()[pri:0, instance:test.inheritance.testng471.Class3@956fa54]
    ======
    [Invoker 1540343274] Keeping method SuperClass1.beforeSuperClass1()[pri:0, instance:test.inheritance.testng471.Class1@40073457] for class [TestClass name=class test.inheritance.testng471.Class1]
    [Invoker 1540343274] Keeping method Class1.beforeClass1()[pri:0, instance:test.inheritance.testng471.Class1@40073457] for class [TestClass name=class test.inheritance.testng471.Class1]
    [Invoker 1540343274] Invoking @BeforeClass SuperClass1.beforeSuperClass1()[pri:0, instance:test.inheritance.testng471.Class1@40073457]
    [Invoker 1540343274] Invoking @BeforeClass Class1.beforeClass1()[pri:0, instance:test.inheritance.testng471.Class1@40073457]
    [Invoker 1540343274] Keeping method Class1.beforeMethodClass1()[pri:0, instance:test.inheritance.testng471.Class1@40073457] for class [TestClass name=class test.inheritance.testng471.Class1]
    [Invoker 1540343274] Keeping method Class1.afterMethodClass1()[pri:0, instance:test.inheritance.testng471.Class1@40073457] for class [TestClass name=class test.inheritance.testng471.Class1]
    [Invoker 1540343274] Keeping method Class1.beforeMethodClass1()[pri:0, instance:test.inheritance.testng471.Class1@40073457] for class [TestClass name=class test.inheritance.testng471.Class1]
    [Invoker 1540343274] Invoking @BeforeMethod Class1.beforeMethodClass1()[pri:0, instance:test.inheritance.testng471.Class1@40073457]
    [Invoker 1540343274] Invoking test.inheritance.testng471.Class1.test1_1
    [Invoker 1540343274] Keeping method Class1.afterMethodClass1()[pri:0, instance:test.inheritance.testng471.Class1@40073457] for class [TestClass name=class test.inheritance.testng471.Class1]
    [Invoker 1540343274] Invoking @AfterMethod Class1.afterMethodClass1()[pri:0, instance:test.inheritance.testng471.Class1@40073457]
    Failed to invoke configuration method test.inheritance.testng471.Class1.afterMethodClass1:null
    [Invoker 1540343274] Keeping method Class1.beforeMethodClass1()[pri:0, instance:test.inheritance.testng471.Class1@40073457] for class [TestClass name=class test.inheritance.testng471.Class1]
    [Invoker 1540343274] Keeping method Class1.afterMethodClass1()[pri:0, instance:test.inheritance.testng471.Class1@40073457] for class [TestClass name=class test.inheritance.testng471.Class1]
    [Invoker 1540343274] Keeping method Class1.beforeMethodClass1()[pri:0, instance:test.inheritance.testng471.Class1@40073457] for class [TestClass name=class test.inheritance.testng471.Class1]
    [Invoker 1540343274] Keeping method Class1.afterMethodClass1()[pri:0, instance:test.inheritance.testng471.Class1@40073457] for class [TestClass name=class test.inheritance.testng471.Class1]
    [Invoker 1540343274] Keeping method Class1.afterClass1()[pri:0, instance:test.inheritance.testng471.Class1@40073457] for class [TestClass name=class test.inheritance.testng471.Class1]
    [Invoker 1540343274] Keeping method SuperClass1.beforeSuperClass1()[pri:0, instance:test.inheritance.testng471.Class2@e1c1e4a] for class [TestClass name=class test.inheritance.testng471.Class2]
    [Invoker 1540343274] Keeping method Class2.beforeClass2()[pri:0, instance:test.inheritance.testng471.Class2@e1c1e4a] for class [TestClass name=class test.inheritance.testng471.Class2]
    [Invoker 1540343274] Invoking @BeforeClass SuperClass1.beforeSuperClass1()[pri:0, instance:test.inheritance.testng471.Class2@e1c1e4a]
    [Invoker 1540343274] Invoking @BeforeClass Class2.beforeClass2()[pri:0, instance:test.inheritance.testng471.Class2@e1c1e4a]
    [Invoker 1540343274] Keeping method Class2.beforeMethodClass2()[pri:0, instance:test.inheritance.testng471.Class2@e1c1e4a] for class [TestClass name=class test.inheritance.testng471.Class2]
    [Invoker 1540343274] Keeping method Class2.afterMethodClass2()[pri:0, instance:test.inheritance.testng471.Class2@e1c1e4a] for class [TestClass name=class test.inheritance.testng471.Class2]
    [Invoker 1540343274] Keeping method Class2.beforeMethodClass2()[pri:0, instance:test.inheritance.testng471.Class2@e1c1e4a] for class [TestClass name=class test.inheritance.testng471.Class2]
    [Invoker 1540343274] Invoking @BeforeMethod Class2.beforeMethodClass2()[pri:0, instance:test.inheritance.testng471.Class2@e1c1e4a]
    [Invoker 1540343274] Invoking test.inheritance.testng471.Class2.test2_1
    [Invoker 1540343274] Keeping method Class2.afterMethodClass2()[pri:0, instance:test.inheritance.testng471.Class2@e1c1e4a] for class [TestClass name=class test.inheritance.testng471.Class2]
    [Invoker 1540343274] Invoking @AfterMethod Class2.afterMethodClass2()[pri:0, instance:test.inheritance.testng471.Class2@e1c1e4a]
    [Invoker 1540343274] Keeping method Class2.beforeMethodClass2()[pri:0, instance:test.inheritance.testng471.Class2@e1c1e4a] for class [TestClass name=class test.inheritance.testng471.Class2]
    [Invoker 1540343274] Keeping method Class2.afterMethodClass2()[pri:0, instance:test.inheritance.testng471.Class2@e1c1e4a] for class [TestClass name=class test.inheritance.testng471.Class2]
    [Invoker 1540343274] Keeping method Class2.beforeMethodClass2()[pri:0, instance:test.inheritance.testng471.Class2@e1c1e4a] for class [TestClass name=class test.inheritance.testng471.Class2]
    [Invoker 1540343274] Invoking @BeforeMethod Class2.beforeMethodClass2()[pri:0, instance:test.inheritance.testng471.Class2@e1c1e4a]
    [Invoker 1540343274] Invoking test.inheritance.testng471.Class2.test2_2
    [Invoker 1540343274] Keeping method Class2.afterMethodClass2()[pri:0, instance:test.inheritance.testng471.Class2@e1c1e4a] for class [TestClass name=class test.inheritance.testng471.Class2]
    [Invoker 1540343274] Invoking @AfterMethod Class2.afterMethodClass2()[pri:0, instance:test.inheritance.testng471.Class2@e1c1e4a]
    [Invoker 1540343274] Keeping method Class2.afterClass2()[pri:0, instance:test.inheritance.testng471.Class2@e1c1e4a] for class [TestClass name=class test.inheritance.testng471.Class2]
    [Invoker 1540343274] Invoking @AfterClass Class2.afterClass2()[pri:0, instance:test.inheritance.testng471.Class2@e1c1e4a]
    [Invoker 1540343274] Keeping method SuperClass2.beforeSuperClass2()[pri:0, instance:test.inheritance.testng471.Class3@956fa54] for class [TestClass name=class test.inheritance.testng471.Class3]
    [Invoker 1540343274] Keeping method Class3.beforeClass3()[pri:0, instance:test.inheritance.testng471.Class3@956fa54] for class [TestClass name=class test.inheritance.testng471.Class3]
    [Invoker 1540343274] Invoking @BeforeClass SuperClass2.beforeSuperClass2()[pri:0, instance:test.inheritance.testng471.Class3@956fa54]
    [Invoker 1540343274] Invoking @BeforeClass Class3.beforeClass3()[pri:0, instance:test.inheritance.testng471.Class3@956fa54]
    [Invoker 1540343274] Keeping method Class3.beforeMethodClass3()[pri:0, instance:test.inheritance.testng471.Class3@956fa54] for class [TestClass name=class test.inheritance.testng471.Class3]
    [Invoker 1540343274] Keeping method Class3.afterMethodClass3()[pri:0, instance:test.inheritance.testng471.Class3@956fa54] for class [TestClass name=class test.inheritance.testng471.Class3]
    [Invoker 1540343274] Keeping method Class3.beforeMethodClass3()[pri:0, instance:test.inheritance.testng471.Class3@956fa54] for class [TestClass name=class test.inheritance.testng471.Class3]
    [Invoker 1540343274] Invoking @BeforeMethod Class3.beforeMethodClass3()[pri:0, instance:test.inheritance.testng471.Class3@956fa54]
    [Invoker 1540343274] Invoking test.inheritance.testng471.Class3.test3_1
    [Invoker 1540343274] Keeping method Class3.afterMethodClass3()[pri:0, instance:test.inheritance.testng471.Class3@956fa54] for class [TestClass name=class test.inheritance.testng471.Class3]
    [Invoker 1540343274] Invoking @AfterMethod Class3.afterMethodClass3()[pri:0, instance:test.inheritance.testng471.Class3@956fa54]
    [Invoker 1540343274] Keeping method Class3.beforeMethodClass3()[pri:0, instance:test.inheritance.testng471.Class3@956fa54] for class [TestClass name=class test.inheritance.testng471.Class3]
    [Invoker 1540343274] Keeping method Class3.afterMethodClass3()[pri:0, instance:test.inheritance.testng471.Class3@956fa54] for class [TestClass name=class test.inheritance.testng471.Class3]
    [Invoker 1540343274] Keeping method Class3.beforeMethodClass3()[pri:0, instance:test.inheritance.testng471.Class3@956fa54] for class [TestClass name=class test.inheritance.testng471.Class3]
    [Invoker 1540343274] Invoking @BeforeMethod Class3.beforeMethodClass3()[pri:0, instance:test.inheritance.testng471.Class3@956fa54]
    [Invoker 1540343274] Invoking test.inheritance.testng471.Class3.test3_2
    [Invoker 1540343274] Keeping method Class3.afterMethodClass3()[pri:0, instance:test.inheritance.testng471.Class3@956fa54] for class [TestClass name=class test.inheritance.testng471.Class3]
    [Invoker 1540343274] Invoking @AfterMethod Class3.afterMethodClass3()[pri:0, instance:test.inheritance.testng471.Class3@956fa54]
    [Invoker 1540343274] Keeping method Class3.afterClass3()[pri:0, instance:test.inheritance.testng471.Class3@956fa54] for class [TestClass name=class test.inheritance.testng471.Class3]
    [Invoker 1540343274] Invoking @AfterClass Class3.afterClass3()[pri:0, instance:test.inheritance.testng471.Class3@956fa54]
    ===== Invoked methods
      SuperClass1.beforeSuperClass1()[pri:0, instance:test.inheritance.testng471.Class1@40073457] 1074213975
      Class1.beforeClass1()[pri:0, instance:test.inheritance.testng471.Class1@40073457] 1074213975
      Class1.beforeMethodClass1()[pri:0, instance:test.inheritance.testng471.Class1@40073457] 1074213975
        Class1.test1_1()[pri:0, instance:test.inheritance.testng471.Class1@40073457] 1074213975
      Class1.afterMethodClass1()[pri:0, instance:test.inheritance.testng471.Class1@40073457] 1074213975
        Class1.test1_2()[pri:0, instance:test.inheritance.testng471.Class1@40073457] 1074213975
      SuperClass1.beforeSuperClass1()[pri:0, instance:test.inheritance.testng471.Class2@e1c1e4a] 236723786
      Class2.beforeClass2()[pri:0, instance:test.inheritance.testng471.Class2@e1c1e4a] 236723786
      Class2.beforeMethodClass2()[pri:0, instance:test.inheritance.testng471.Class2@e1c1e4a] 236723786
        Class2.test2_1()[pri:0, instance:test.inheritance.testng471.Class2@e1c1e4a] 236723786
      Class2.afterMethodClass2()[pri:0, instance:test.inheritance.testng471.Class2@e1c1e4a] 236723786
      Class2.beforeMethodClass2()[pri:0, instance:test.inheritance.testng471.Class2@e1c1e4a] 236723786
        Class2.test2_2()[pri:0, instance:test.inheritance.testng471.Class2@e1c1e4a] 236723786
      Class2.afterMethodClass2()[pri:0, instance:test.inheritance.testng471.Class2@e1c1e4a] 236723786
      Class2.afterClass2()[pri:0, instance:test.inheritance.testng471.Class2@e1c1e4a] 236723786
      SuperClass2.beforeSuperClass2()[pri:0, instance:test.inheritance.testng471.Class3@956fa54] 156695124
      Class3.beforeClass3()[pri:0, instance:test.inheritance.testng471.Class3@956fa54] 156695124
      Class3.beforeMethodClass3()[pri:0, instance:test.inheritance.testng471.Class3@956fa54] 156695124
        Class3.test3_1()[pri:0, instance:test.inheritance.testng471.Class3@956fa54] 156695124
      Class3.afterMethodClass3()[pri:0, instance:test.inheritance.testng471.Class3@956fa54] 156695124
      Class3.beforeMethodClass3()[pri:0, instance:test.inheritance.testng471.Class3@956fa54] 156695124
        Class3.test3_2()[pri:0, instance:test.inheritance.testng471.Class3@956fa54] 156695124
      Class3.afterMethodClass3()[pri:0, instance:test.inheritance.testng471.Class3@956fa54] 156695124
      Class3.afterClass3()[pri:0, instance:test.inheritance.testng471.Class3@956fa54] 156695124
    =====

    ===============================================
    Command line suite
    Total tests run: 6, Failures: 0, Skips: 1
    Configuration Failures: 1, Skips: 3
    ===============================================


TestNG > Inheritance > test.SampleInheritance.testBooleans STANDARD_OUT
    [Invoker 1540343274] Invoking test.sample.BaseSampleInheritance.testBooleans

TestNG > Inheritance > test.SampleInheritance.inheritedMethodsWereCalledInOrder STANDARD_OUT
    [Invoker 1540343274] Invoking test.SampleInheritance.inheritedMethodsWereCalledInOrder

TestNG > Inheritance > test.inheritance.ClassScopeTest.verify STANDARD_OUT
    [Invoker 1540343274] Invoking test.inheritance.ClassScopeTest.verify

TestNG > Inheritance STANDARD_OUT
    ===== Invoked methods
      BaseSampleInheritance.baseConfiguration()[pri:0, instance:test.SampleInheritance@695f5d64] 1767857508
      SampleInheritance.configuration0()[pri:0, instance:test.SampleInheritance@695f5d64] 1767857508
      BaseSampleInheritance.configuration1()[pri:0, instance:test.SampleInheritance@695f5d64] 1767857508
      SampleInheritance.configuration2()[pri:0, instance:test.SampleInheritance@695f5d64] 1767857508
        BaseSampleInheritance.baseMethod()[pri:0, instance:test.SampleInheritance@695f5d64] 1767857508
        SampleInheritance.configurationsWereCalledInOrder()[pri:0, instance:test.SampleInheritance@695f5d64] 1767857508
        ClassScopeTest.setVerify()[pri:0, instance:test.inheritance.ClassScopeTest@7ec5af6c] 2126884716
        TestNG739.test_classes_should_be_skipped_when_a_before_class_fails()[pri:0, instance:test.inheritance.testng739.TestNG739@6d6279ad] 1835170221
        PolymorphicFailureTest.superclassFailureShouldCauseFailure()[pri:0, instance:test.inheritance.testng234.PolymorphicFailureTest@7e06e1b9] 2114380217
        TestNG471.test_classes_should_not_be_skipped_when_a_after_method_fails()[pri:0, instance:test.inheritance.testng471.TestNG471@44f73115] 1157050645
        BaseSampleInheritance.testBooleans()[pri:0, instance:test.SampleInheritance@695f5d64] 1767857508
        SampleInheritance.inheritedMethodsWereCalledInOrder()[pri:0, instance:test.SampleInheritance@695f5d64] 1767857508
        ClassScopeTest.verify()[pri:0, instance:test.inheritance.ClassScopeTest@7ec5af6c] 2126884716
    =====

TestNG STANDARD_OUT
    [TestRunner] Running test Test outer scope on 1  classes,  included groups:[outer-group ] excluded groups:[]
    ===== Test class
    test.sample.Scope
        @Test Scope.outerDeprecated(java.lang.String)[pri:0, instance:test.sample.Scope@2e4bc67b]
        @Test Scope.innerDeprecated(java.lang.String)[pri:0, instance:test.sample.Scope@2e4bc67b]
    ======

TestNG > Test outer scope > test.sample.Scope.outerDeprecated[0](out) STANDARD_OUT
    [Invoker 1540343274] Invoking test.sample.Scope.outerDeprecated

TestNG > Test outer scope STANDARD_OUT
    ===== Invoked methods
        Scope.outerDeprecated(java.lang.String)[pri:0, instance:test.sample.Scope@2e4bc67b]out  776717947
    =====

TestNG STANDARD_OUT
    [TestRunner] Running test Test inner scope on 1  classes,  included groups:[inner-group ] excluded groups:[]
    ===== Test class
    test.sample.Scope
        @Test Scope.outerDeprecated(java.lang.String)[pri:0, instance:test.sample.Scope@739bb51e]
        @Test Scope.innerDeprecated(java.lang.String)[pri:0, instance:test.sample.Scope@739bb51e]
    ======

TestNG > Test inner scope > test.sample.Scope.innerDeprecated[0](in) STANDARD_OUT
    [Invoker 1540343274] Invoking test.sample.Scope.innerDeprecated

TestNG > Test inner scope STANDARD_OUT
    ===== Invoked methods
        Scope.innerDeprecated(java.lang.String)[pri:0, instance:test.sample.Scope@739bb51e]in  1939584286
    =====

TestNG STANDARD_OUT
    [TestRunner] Running test AfterClassCalledAtEnd on 1  classes,  included groups:[] excluded groups:[]
    ===== Test class
    test.sample.AfterClassCalledAtEnd
      @BeforeClass AfterClassCalledAtEnd.before1Class()[pri:0, instance:test.sample.AfterClassCalledAtEnd@283a5d57]
        @Test AfterClassCalledAtEnd.test2()[pri:0, instance:test.sample.AfterClassCalledAtEnd@283a5d57]
        @Test AfterClassCalledAtEnd.test3()[pri:0, instance:test.sample.AfterClassCalledAtEnd@283a5d57]
        @Test AfterClassCalledAtEnd.test1()[pri:0, instance:test.sample.AfterClassCalledAtEnd@283a5d57]
      @AfterClass AfterClassCalledAtEnd.afterClass()[pri:0, instance:test.sample.AfterClassCalledAtEnd@283a5d57]
      @AfterClass BaseAfterClassCalledAtEnd.baseAfterClass()[pri:0, instance:test.sample.AfterClassCalledAtEnd@283a5d57]
    ======

TestNG > AfterClassCalledAtEnd STANDARD_OUT
    [Invoker 1540343274] Keeping method AfterClassCalledAtEnd.before1Class()[pri:0, instance:test.sample.AfterClassCalledAtEnd@283a5d57] for class [TestClass name=class test.sample.AfterClassCalledAtEnd]
    [Invoker 1540343274] Invoking @BeforeClass AfterClassCalledAtEnd.before1Class()[pri:0, instance:test.sample.AfterClassCalledAtEnd@283a5d57]

TestNG > AfterClassCalledAtEnd > test.sample.AfterClassCalledAtEnd.test1 STANDARD_OUT
    [Invoker 1540343274] Invoking test.sample.AfterClassCalledAtEnd.test1

TestNG > AfterClassCalledAtEnd > test.sample.AfterClassCalledAtEnd.test2 STANDARD_OUT
    [Invoker 1540343274] Invoking test.sample.AfterClassCalledAtEnd.test2

TestNG > AfterClassCalledAtEnd > test.sample.AfterClassCalledAtEnd.test3 STANDARD_OUT
    [Invoker 1540343274] Invoking test.sample.AfterClassCalledAtEnd.test3

TestNG > AfterClassCalledAtEnd STANDARD_OUT
    [Invoker 1540343274] Keeping method AfterClassCalledAtEnd.afterClass()[pri:0, instance:test.sample.AfterClassCalledAtEnd@283a5d57] for class [TestClass name=class test.sample.AfterClassCalledAtEnd]
    [Invoker 1540343274] Keeping method BaseAfterClassCalledAtEnd.baseAfterClass()[pri:0, instance:test.sample.AfterClassCalledAtEnd@283a5d57] for class [TestClass name=class test.sample.AfterClassCalledAtEnd]
    [Invoker 1540343274] Invoking @AfterClass AfterClassCalledAtEnd.afterClass()[pri:0, instance:test.sample.AfterClassCalledAtEnd@283a5d57]
    [Invoker 1540343274] Invoking @AfterClass BaseAfterClassCalledAtEnd.baseAfterClass()[pri:0, instance:test.sample.AfterClassCalledAtEnd@283a5d57]
    ===== Invoked methods
      AfterClassCalledAtEnd.before1Class()[pri:0, instance:test.sample.AfterClassCalledAtEnd@283a5d57] 674913623
        AfterClassCalledAtEnd.test1()[pri:0, instance:test.sample.AfterClassCalledAtEnd@283a5d57] 674913623
        AfterClassCalledAtEnd.test2()[pri:0, instance:test.sample.AfterClassCalledAtEnd@283a5d57] 674913623
        AfterClassCalledAtEnd.test3()[pri:0, instance:test.sample.AfterClassCalledAtEnd@283a5d57] 674913623
      AfterClassCalledAtEnd.afterClass()[pri:0, instance:test.sample.AfterClassCalledAtEnd@283a5d57] 674913623
      BaseAfterClassCalledAtEnd.baseAfterClass()[pri:0, instance:test.sample.AfterClassCalledAtEnd@283a5d57] 674913623
    =====

TestNG STANDARD_OUT
    [TestRunner] Running test Triangle on 2  classes,  included groups:[] excluded groups:[]
    ===== Test class
    test.triangle.Child1
      @BeforeClass Base.initBeforeTestClass()[pri:0, instance:test.triangle.Child1@258e6c3c]
        @Test Child1.child1a()[pri:0, instance:test.triangle.Child1@258e6c3c]
        @Test Child1.child1()[pri:0, instance:test.triangle.Child1@258e6c3c]
      @AfterClass Base.postAfterTestClass()[pri:0, instance:test.triangle.Child1@258e6c3c]
    ======
    ===== Test class
    test.triangle.Child2
      @BeforeClass Base.initBeforeTestClass()[pri:0, instance:test.triangle.Child2@5ff2279c]
        @Test Child2.child2()[pri:0, instance:test.triangle.Child2@5ff2279c]
      @AfterClass Base.postAfterTestClass()[pri:0, instance:test.triangle.Child2@5ff2279c]
    ======

TestNG > Triangle STANDARD_OUT
    [Invoker 1540343274] Keeping method Base.initBeforeTestClass()[pri:0, instance:test.triangle.Child1@258e6c3c] for class [TestClass name=class test.triangle.Child1]
    [Invoker 1540343274] Invoking @BeforeClass Base.initBeforeTestClass()[pri:0, instance:test.triangle.Child1@258e6c3c]

TestNG > Triangle > test.triangle.Child1.child1 STANDARD_OUT
    [Invoker 1540343274] Invoking test.triangle.Child1.child1

TestNG > Triangle > test.triangle.Child1.child1a STANDARD_OUT
    [Invoker 1540343274] Invoking test.triangle.Child1.child1a

TestNG > Triangle STANDARD_OUT
    [Invoker 1540343274] Keeping method Base.postAfterTestClass()[pri:0, instance:test.triangle.Child1@258e6c3c] for class [TestClass name=class test.triangle.Child1]
    [Invoker 1540343274] Invoking @AfterClass Base.postAfterTestClass()[pri:0, instance:test.triangle.Child1@258e6c3c]
    [Invoker 1540343274] Keeping method Base.initBeforeTestClass()[pri:0, instance:test.triangle.Child2@5ff2279c] for class [TestClass name=class test.triangle.Child2]
    [Invoker 1540343274] Invoking @BeforeClass Base.initBeforeTestClass()[pri:0, instance:test.triangle.Child2@5ff2279c]

TestNG > Triangle > test.triangle.Child2.child2 STANDARD_OUT
    [Invoker 1540343274] Invoking test.triangle.Child2.child2

TestNG > Triangle STANDARD_OUT
    [Invoker 1540343274] Keeping method Base.postAfterTestClass()[pri:0, instance:test.triangle.Child2@5ff2279c] for class [TestClass name=class test.triangle.Child2]
    [Invoker 1540343274] Invoking @AfterClass Base.postAfterTestClass()[pri:0, instance:test.triangle.Child2@5ff2279c]
    ===== Invoked methods
      Base.initBeforeTestClass()[pri:0, instance:test.triangle.Child1@258e6c3c] 630090812
        Child1.child1()[pri:0, instance:test.triangle.Child1@258e6c3c] 630090812
        Child1.child1a()[pri:0, instance:test.triangle.Child1@258e6c3c] 630090812
      Base.postAfterTestClass()[pri:0, instance:test.triangle.Child1@258e6c3c] 630090812
      Base.initBeforeTestClass()[pri:0, instance:test.triangle.Child2@5ff2279c] 1609705372
        Child2.child2()[pri:0, instance:test.triangle.Child2@5ff2279c] 1609705372
      Base.postAfterTestClass()[pri:0, instance:test.triangle.Child2@5ff2279c] 1609705372
    =====

TestNG STANDARD_OUT
    [TestRunner] Running test CheckTrianglePost on 1  classes,  included groups:[] excluded groups:[]
    ===== Test class
    test.triangle.CheckCount
        @Test CheckCount.testCheckCount(java.lang.String)[pri:0, instance:test.triangle.CheckCount@70138738]
        @Test CheckCount.testCheckCountDeprecated(java.lang.String)[pri:0, instance:test.triangle.CheckCount@70138738]
    ======

TestNG > CheckTrianglePost > test.triangle.CheckCount.testCheckCount[0](2) STANDARD_OUT
    [Invoker 1540343274] Invoking test.triangle.CheckCount.testCheckCount

TestNG > CheckTrianglePost > test.triangle.CheckCount.testCheckCountDeprecated[0](2) STANDARD_OUT
    [Invoker 1540343274] Invoking test.triangle.CheckCount.testCheckCountDeprecated

TestNG > CheckTrianglePost STANDARD_OUT
    ===== Invoked methods
        CheckCount.testCheckCount(java.lang.String)[pri:0, instance:test.triangle.CheckCount@70138738]2  1880327992
        CheckCount.testCheckCountDeprecated(java.lang.String)[pri:0, instance:test.triangle.CheckCount@70138738]2  1880327992
    =====

TestNG STANDARD_OUT
    [TestRunner] Running test Test class groups 1 on 2  classes,  included groups:[] excluded groups:[]
    ===== Test class
    test.classgroup.Second
        @Test Second.verify()[pri:0, instance:test.classgroup.Second@51118f4f]
    ======
    ===== Test class
    test.classgroup.First
        @Test First.first2()[pri:0, instance:test.classgroup.First@477306e8]
        @Test First.first1()[pri:0, instance:test.classgroup.First@477306e8]
    ======

TestNG > Test class groups 1 > test.classgroup.First.first1 STANDARD_OUT
    [Invoker 1540343274] Invoking test.classgroup.First.first1

TestNG > Test class groups 1 > test.classgroup.First.first2 STANDARD_OUT
    [Invoker 1540343274] Invoking test.classgroup.First.first2

TestNG > Test class groups 1 > test.classgroup.Second.verify STANDARD_OUT
    [Invoker 1540343274] Invoking test.classgroup.Second.verify

TestNG > Test class groups 1 STANDARD_OUT
    ===== Invoked methods
        First.first1()[pri:0, instance:test.classgroup.First@477306e8] 1198720744
        First.first2()[pri:0, instance:test.classgroup.First@477306e8] 1198720744
        Second.verify()[pri:0, instance:test.classgroup.Second@51118f4f] 1360105295
    =====

TestNG STANDARD_OUT
    [TestRunner] Running test Test class groups 2 on 2  classes,  included groups:[] excluded groups:[]
    ===== Test class
    test.classgroup.First
        @Test First.first2()[pri:0, instance:test.classgroup.First@45f84db5]
        @Test First.first1()[pri:0, instance:test.classgroup.First@45f84db5]
    ======
    ===== Test class
    test.classgroup.Second
        @Test Second.verify()[pri:0, instance:test.classgroup.Second@1a6357a4]
    ======

TestNG > Test class groups 2 > test.classgroup.First.first1 STANDARD_OUT
    [Invoker 1540343274] Invoking test.classgroup.First.first1

TestNG > Test class groups 2 > test.classgroup.First.first2 STANDARD_OUT
    [Invoker 1540343274] Invoking test.classgroup.First.first2

TestNG > Test class groups 2 > test.classgroup.Second.verify STANDARD_OUT
    [Invoker 1540343274] Invoking test.classgroup.Second.verify

TestNG > Test class groups 2 STANDARD_OUT
    ===== Invoked methods
        First.first1()[pri:0, instance:test.classgroup.First@45f84db5] 1173900725
        First.first2()[pri:0, instance:test.classgroup.First@45f84db5] 1173900725
        Second.verify()[pri:0, instance:test.classgroup.Second@1a6357a4] 442718116
    =====

TestNG STANDARD_OUT
    [TestRunner] Running test Factory on 21  classes,  included groups:[] excluded groups:[]
    ===== Test class
    test.factory.FactoryTest
    ======
    ===== Test class
    test.factory.FactoryTest2
        @Test FactoryTest2.testInt()[pri:0, instance:[FactoryTest2 42]]
        @Test FactoryTest2.testInt()[pri:0, instance:[FactoryTest2 43]]
    ======
    ===== Test class
    test.factory.VerifyFactoryTest
        @Test VerifyFactoryTest.mainCheck()[pri:0, instance:test.factory.VerifyFactoryTest@3a643de0]
    ======
    ===== Test class
    test.factory.FactoryInSeparateClass
        @Test FactoryInSeparateClass.checkSum()[pri:0, instance:test.factory.FactoryInSeparateClass@43817815]
    ======
    ===== Test class
    test.factory.MyTest
        @Test MyTest.testMethod()[pri:0, instance:test.factory.MyTest@6f65334]
        @Test MyTest.testMethod()[pri:0, instance:test.factory.MyTest@7d4b1f0]
        @Test MyTest.testMethod()[pri:0, instance:test.factory.MyTest@4a06544d]
        @Test MyTest.verifyThatTestMethodOnFactoryClassWasRun()[pri:0, instance:test.factory.MyTest@6f65334]
        @Test MyTest.verifyThatTestMethodOnFactoryClassWasRun()[pri:0, instance:test.factory.MyTest@7d4b1f0]
        @Test MyTest.verifyThatTestMethodOnFactoryClassWasRun()[pri:0, instance:test.factory.MyTest@4a06544d]
    ======
    ===== Test class
    test.factory.Factory2Test
    ======
    ===== Test class
    test.factory.Sample2
      @BeforeMethod Sample2.setUp()[pri:0, instance:test.factory.Sample2@654d7d25]
        @Test Sample2.testInputImages()[pri:0, instance:test.factory.Sample2@5196ebd0]
        @Test Sample2.testInputImages()[pri:0, instance:test.factory.Sample2@654d7d25]
        @Test Sample2.testImages()[pri:0, instance:test.factory.Sample2@5196ebd0]
        @Test Sample2.testImages()[pri:0, instance:test.factory.Sample2@654d7d25]
      @AfterMethod Sample2.tearDown()[pri:0, instance:test.factory.Sample2@654d7d25]
    ======
    ===== Test class
    test.factory.FactoryWithInstanceInfoTest
    ======
    ===== Test class
    test.factory.FactoryWithInstanceInfoTest2
        @Test FactoryWithInstanceInfoTest2.testInt()[pri:0, instance:test.factory.FactoryWithInstanceInfoTest2@47b40b4d]
        @Test FactoryWithInstanceInfoTest2.testInt()[pri:0, instance:test.factory.FactoryWithInstanceInfoTest2@3f689bca]
    ======
    ===== Test class
    test.factory.VerifyFactoryWithInstanceInfoTest
        @Test VerifyFactoryWithInstanceInfoTest.mainCheck()[pri:0, instance:test.factory.VerifyFactoryWithInstanceInfoTest@59463f9c]
    ======
    ===== Test class
    test.factory.TestClassAnnotationTest
        @Test TestClassAnnotationTest.testOne()[pri:0, instance:test.factory.TestClassAnnotationTest@36c525db]
      @AfterClass TestClassAnnotationTest.verify()[pri:0, instance:test.factory.TestClassAnnotationTest@36c525db]
    ======
    ===== Test class
    test.factory.FactoryWithDataProviderTest
        @Test FactoryWithDataProviderTest.verifyDataProvider()[pri:0, instance:test.factory.FactoryWithDataProviderTest@30655207]
    ======
    ===== Test class
    test.factory.FactoryOrderMainTest
        @Test FactoryOrderMainTest.factoriesShouldBeInvokedInTheOrderOfCreation()[pri:0, instance:test.factory.FactoryOrderMainTest@4ba8390a]
    ======
    ===== Test class
    test.factory.FactoryFailureTest
        @Test FactoryFailureTest.factoryThrowingShouldNotRunTests()[pri:0, instance:test.factory.FactoryFailureTest@23fa453c]
    ======
    ===== Test class
    test.factory.FactoryInSuperClassTest
        @Test FactoryInSuperClassTest.factoryInSuperClassShouldWork()[pri:0, instance:test.factory.FactoryInSuperClassTest@12097672]
    ======
    ===== Test class
    test.factory.classconf.XClassOrderWithFactoryTest
        @Test XClassOrderWithFactoryTest.testBeforeAfterClassInvocationsWithFactory()[pri:0, instance:test.factory.classconf.XClassOrderWithFactoryTest@866eb5e]
    ======
    ===== Test class
    test.factory.FactoryInterleavingTest
        @Test FactoryInterleavingTest.methodsShouldBeInterleaved()[pri:0, instance:test.factory.FactoryInterleavingTest@28cf331]
    ======
    ===== Test class
    test.factory.FactoryDataProviderTest
        @Test FactoryDataProviderTest.factoryWithNonStaticDataProviderShouldFail()[pri:0, instance:test.factory.FactoryDataProviderTest@73ae85f9]
        @Test FactoryDataProviderTest.factoryWithNonStaticDataProvider()[pri:0, instance:test.factory.FactoryDataProviderTest@73ae85f9]
        @Test FactoryDataProviderTest.factoryWithStaticDataProvider()[pri:0, instance:test.factory.FactoryDataProviderTest@73ae85f9]
        @Test FactoryDataProviderTest.factoryWithLocalDataProvider()[pri:0, instance:test.factory.FactoryDataProviderTest@73ae85f9]
    ======
    ===== Test class
    test.factory.DisabledFactoryTest
        @Test DisabledFactoryTest.disabledFactoryShouldNotRun()[pri:0, instance:test.factory.DisabledFactoryTest@2a4dc718]
    ======
    ===== Test class
    test.factory.FactoryAndTestMethodTest
    ======
    ===== Test class
    test.factory.FactoryAndTestMethodTest$NullArgsTest
        @Test FactoryAndTestMethodTest$NullArgsTest.test()[pri:0, instance:test.factory.FactoryAndTestMethodTest$NullArgsTest@15cef514]
    ======

TestNG > Factory STANDARD_OUT
    [Invoker 1540343274] Keeping method FactoryInSeparateClass.beforeTest()[pri:0, instance:test.factory.FactoryInSeparateClass@43817815] for class null
    [Invoker 1540343274] Invoking @BeforeTest FactoryInSeparateClass.beforeTest()[pri:0, instance:test.factory.FactoryInSeparateClass@43817815]

TestNG > Factory > test.factory.TestClassAnnotationTest.testOne STANDARD_OUT
    [Invoker 1540343274] Invoking test.factory.TestClassAnnotationTest.testOne

TestNG > Factory STANDARD_OUT
    [Invoker 1540343274] Keeping method TestClassAnnotationTest.verify()[pri:0, instance:test.factory.TestClassAnnotationTest@36c525db] for class [TestClass name=class test.factory.TestClassAnnotationTest]
    [Invoker 1540343274] Invoking @AfterClass TestClassAnnotationTest.verify()[pri:0, instance:test.factory.TestClassAnnotationTest@36c525db]

TestNG > Factory > test.factory.FactoryWithDataProviderTest.verifyDataProvider STANDARD_OUT
    [Invoker 1540343274] Invoking test.factory.FactoryWithDataProviderTest.verifyDataProvider
    [[TestNG]] Adding ServiceLoader listener:test.serviceloader.TmpSuiteListener@6b877e1b

BUILD SUCCESSFUL

Total time: 1 mins 15.785 secs

travis_time:end:038b7b20:start=1642622438461139306,finish=1642622514767262447,duration=76306123141[0K
[32;1mThe command "./gradlew clean test" exited with 0.[0m
travis_fold:start:after_success[0Ktravis_time:start:01deebb0[0K$ test "${TRAVIS_PULL_REQUEST}" == "false" && test "${TRAVIS_JDK_VERSION}" == "oraclejdk7" && ./gradlew uploadArchives

travis_time:end:01deebb0:start=1642622514777722641,finish=1642622514785660248,duration=7937607[0Ktravis_fold:end:after_success[0K
Done. Your build exited with 0.
