travis_time:start:01ca6eec[0Ktravis_time:end:01ca6eec:start=1642642858182132486,finish=1642642858535535437,duration=353402951,event=no_world_writable_dirs[0Ktravis_time:start:1de063b0[0Ktravis_time:end:1de063b0:start=1642642858543063870,finish=1642642858548879420,duration=5815550,event=check_unsupported[0Ktravis_time:start:35271cf2[0Ktravis_fold:start:system_info[0K[33;1mBuild system information[0m
Build language: java
Build group: stable
Build dist: trusty
Build id: ''
Job id: ''
Runtime kernel version: 4.15.0-109-generic
[34m[1mBuild image provisioning date and time[0m
Tue Dec  5 20:11:19 UTC 2017
[34m[1mOperating System Details[0m
Distributor ID:	Ubuntu
Description:	Ubuntu 14.04.5 LTS
Release:	14.04
Codename:	trusty
[34m[1mCookbooks Version[0m
7c2c6a6 https://github.com/travis-ci/travis-cookbooks/tree/7c2c6a6
[34m[1mgit version[0m
git version 2.15.1
[34m[1mbash version[0m
GNU bash, version 4.3.11(1)-release (x86_64-pc-linux-gnu)
[34m[1mgcc version[0m
gcc (Ubuntu 4.8.4-2ubuntu1~14.04.3) 4.8.4
Copyright (C) 2013 Free Software Foundation, Inc.
This is free software; see the source for copying conditions.  There is NO
warranty; not even for MERCHANTABILITY or FITNESS FOR A PARTICULAR PURPOSE.

[34m[1mdocker version[0m
Client:
 Version:      17.09.0-ce
 API version:  1.32
 Go version:   go1.8.3
 Git commit:   afdb6d4
 Built:        Tue Sep 26 22:39:28 2017
 OS/Arch:      linux/amd64
[34m[1mclang version[0m
clang version 5.0.0 (tags/RELEASE_500/final)
Target: x86_64-unknown-linux-gnu
Thread model: posix
InstalledDir: /usr/local/clang-5.0.0/bin
[34m[1mjq version[0m
jq-1.5
[34m[1mbats version[0m
Bats 0.4.0
[34m[1mshellcheck version[0m
0.4.6
[34m[1mshfmt version[0m
v2.0.0
[34m[1mccache version[0m
ccache version 3.1.9

Copyright (C) 2002-2007 Andrew Tridgell
Copyright (C) 2009-2011 Joel Rosdahl

This program is free software; you can redistribute it and/or modify it under
the terms of the GNU General Public License as published by the Free Software
Foundation; either version 3 of the License, or (at your option) any later
version.
[34m[1mcmake version[0m
cmake version 3.9.2

CMake suite maintained and supported by Kitware (kitware.com/cmake).
[34m[1mheroku version[0m
heroku-cli/6.14.39-addc925 (linux-x64) node-v9.2.0
[34m[1mimagemagick version[0m
Version: ImageMagick 6.7.7-10 2017-07-31 Q16 http://www.imagemagick.org
[34m[1mmd5deep version[0m
4.2
[34m[1mmercurial version[0m
Mercurial Distributed SCM (version 4.2.2)
(see https://mercurial-scm.org for more information)

Copyright (C) 2005-2017 Matt Mackall and others
This is free software; see the source for copying conditions. There is NO
warranty; not even for MERCHANTABILITY or FITNESS FOR A PARTICULAR PURPOSE.
[34m[1mmysql version[0m
mysql  Ver 14.14 Distrib 5.6.33, for debian-linux-gnu (x86_64) using  EditLine wrapper
[34m[1mopenssl version[0m
OpenSSL 1.0.1f 6 Jan 2014
[34m[1mpacker version[0m
Packer v1.0.2

Your version of Packer is out of date! The latest version
is 1.1.2. You can update by downloading from www.packer.io
[34m[1mpostgresql client version[0m
psql (PostgreSQL) 9.6.6
[34m[1mragel version[0m
Ragel State Machine Compiler version 6.8 Feb 2013
Copyright (c) 2001-2009 by Adrian Thurston
[34m[1msubversion version[0m
svn, version 1.8.8 (r1568071)
   compiled Aug 10 2017, 17:20:39 on x86_64-pc-linux-gnu

Copyright (C) 2013 The Apache Software Foundation.
This software consists of contributions made by many people;
see the NOTICE file for more information.
Subversion is open source software, see http://subversion.apache.org/

The following repository access (RA) modules are available:

* ra_svn : Module for accessing a repository using the svn network protocol.
  - with Cyrus SASL authentication
  - handles 'svn' scheme
* ra_local : Module for accessing a repository on local disk.
  - handles 'file' scheme
* ra_serf : Module for accessing a repository via WebDAV protocol using serf.
  - using serf 1.3.3
  - handles 'http' scheme
  - handles 'https' scheme

[34m[1msudo version[0m
Sudo version 1.8.9p5
Configure options: --prefix=/usr -v --with-all-insults --with-pam --with-fqdn --with-logging=syslog --with-logfac=authpriv --with-env-editor --with-editor=/usr/bin/editor --with-timeout=15 --with-password-timeout=0 --with-passprompt=[sudo] password for %p:  --without-lecture --with-tty-tickets --disable-root-mailer --enable-admin-flag --with-sendmail=/usr/sbin/sendmail --with-timedir=/var/lib/sudo --mandir=/usr/share/man --libexecdir=/usr/lib/sudo --with-sssd --with-sssd-lib=/usr/lib/x86_64-linux-gnu --with-selinux
Sudoers policy plugin version 1.8.9p5
Sudoers file grammar version 43

Sudoers path: /etc/sudoers
Authentication methods: 'pam'
Syslog facility if syslog is being used for logging: authpriv
Syslog priority to use when user authenticates successfully: notice
Syslog priority to use when user authenticates unsuccessfully: alert
Send mail if the user is not in sudoers
Use a separate timestamp for each user/tty combo
Lecture user the first time they run sudo
Root may run sudo
Allow some information gathering to give useful error messages
Require fully-qualified hostnames in the sudoers file
Visudo will honor the EDITOR environment variable
Set the LOGNAME and USER environment variables
Length at which to wrap log file lines (0 for no wrap): 80
Authentication timestamp timeout: 15.0 minutes
Password prompt timeout: 0.0 minutes
Number of tries to enter a password: 3
Umask to use or 0777 to use user's: 022
Path to mail program: /usr/sbin/sendmail
Flags for mail program: -t
Address to send mail to: root
Subject line for mail messages: *** SECURITY information for %h ***
Incorrect password message: Sorry, try again.
Path to authentication timestamp dir: /var/lib/sudo
Default password prompt: [sudo] password for %p: 
Default user to run commands as: root
Value to override user's $PATH with: /usr/local/sbin:/usr/local/bin:/usr/sbin:/usr/bin:/sbin:/bin:/snap/bin
Path to the editor for use by visudo: /usr/bin/editor
When to require a password for 'list' pseudocommand: any
When to require a password for 'verify' pseudocommand: all
File descriptors >= 3 will be closed before executing a command
Environment variables to check for sanity:
	TZ
	TERM
	LINGUAS
	LC_*
	LANGUAGE
	LANG
	COLORTERM
Environment variables to remove:
	RUBYOPT
	RUBYLIB
	PYTHONUSERBASE
	PYTHONINSPECT
	PYTHONPATH
	PYTHONHOME
	TMPPREFIX
	ZDOTDIR
	READNULLCMD
	NULLCMD
	FPATH
	PERL5DB
	PERL5OPT
	PERL5LIB
	PERLLIB
	PERLIO_DEBUG 
	JAVA_TOOL_OPTIONS
	SHELLOPTS
	GLOBIGNORE
	PS4
	BASH_ENV
	ENV
	TERMCAP
	TERMPATH
	TERMINFO_DIRS
	TERMINFO
	_RLD*
	LD_*
	PATH_LOCALE
	NLSPATH
	HOSTALIASES
	RES_OPTIONS
	LOCALDOMAIN
	CDPATH
	IFS
Environment variables to preserve:
	JAVA_HOME
	TRAVIS
	CI
	DEBIAN_FRONTEND
	XAUTHORIZATION
	XAUTHORITY
	PS2
	PS1
	PATH
	LS_COLORS
	KRB5CCNAME
	HOSTNAME
	HOME
	DISPLAY
	COLORS
Locale to use while parsing sudoers: C
Directory in which to store input/output logs: /var/log/sudo-io
File in which to store the input/output log: %{seq}
Add an entry to the utmp/utmpx file when allocating a pty
PAM service name to use
PAM service name to use for login shells
Create a new PAM session for the command to run in
Maximum I/O log sequence number: 0

Local IP address and netmask pairs:
	172.17.0.2/255.255.0.0

Sudoers I/O plugin version 1.8.9p5
[34m[1mgzip version[0m
gzip 1.6
Copyright (C) 2007, 2010, 2011 Free Software Foundation, Inc.
Copyright (C) 1993 Jean-loup Gailly.
This is free software.  You may redistribute copies of it under the terms of
the GNU General Public License <http://www.gnu.org/licenses/gpl.html>.
There is NO WARRANTY, to the extent permitted by law.

Written by Jean-loup Gailly.
[34m[1mzip version[0m
Copyright (c) 1990-2008 Info-ZIP - Type 'zip "-L"' for software license.
This is Zip 3.0 (July 5th 2008), by Info-ZIP.
Currently maintained by E. Gordon.  Please send bug reports to
the authors using the web page at www.info-zip.org; see README for details.

Latest sources and executables are at ftp://ftp.info-zip.org/pub/infozip,
as of above date; see http://www.info-zip.org/ for other sites.

Compiled with gcc 4.8.2 for Unix (Linux ELF) on Oct 21 2013.

Zip special compilation options:
	USE_EF_UT_TIME       (store Universal Time)
	BZIP2_SUPPORT        (bzip2 library version 1.0.6, 6-Sept-2010)
	    bzip2 code and library copyright (c) Julian R Seward
	    (See the bzip2 license for terms of use)
	SYMLINK_SUPPORT      (symbolic links supported)
	LARGE_FILE_SUPPORT   (can read and write large files on file system)
	ZIP64_SUPPORT        (use Zip64 to store large files in archives)
	UNICODE_SUPPORT      (store and read UTF-8 Unicode paths)
	STORE_UNIX_UIDs_GIDs (store UID/GID sizes/values using new extra field)
	UIDGID_NOT_16BIT     (old Unix 16-bit UID/GID extra field not used)
	[encryption, version 2.91 of 05 Jan 2007] (modified for Zip 3)

Encryption notice:
	The encryption code of this program is not copyrighted and is
	put in the public domain.  It was originally written in Europe
	and, to the best of our knowledge, can be freely distributed
	in both source and object forms from any country, including
	the USA under License Exception TSU of the U.S. Export
	Administration Regulations (section 740.13(e)) of 6 June 2002.

Zip environment options:
             ZIP:  [none]
          ZIPOPT:  [none]
[34m[1mvim version[0m
VIM - Vi IMproved 7.4 (2013 Aug 10, compiled Nov 24 2016 16:43:18)
Included patches: 1-52
Extra patches: 8.0.0056
Modified by pkg-vim-maintainers@lists.alioth.debian.org
Compiled by buildd@
Huge version without GUI.  Features included (+) or not (-):
+acl             +farsi           +mouse_netterm   +syntax
+arabic          +file_in_path    +mouse_sgr       +tag_binary
+autocmd         +find_in_path    -mouse_sysmouse  +tag_old_static
-balloon_eval    +float           +mouse_urxvt     -tag_any_white
-browse          +folding         +mouse_xterm     -tcl
++builtin_terms  -footer          +multi_byte      +terminfo
+byte_offset     +fork()          +multi_lang      +termresponse
+cindent         +gettext         -mzscheme        +textobjects
-clientserver    -hangul_input    +netbeans_intg   +title
-clipboard       +iconv           +path_extra      -toolbar
+cmdline_compl   +insert_expand   -perl            +user_commands
+cmdline_hist    +jumplist        +persistent_undo +vertsplit
+cmdline_info    +keymap          +postscript      +virtualedit
+comments        +langmap         +printer         +visual
+conceal         +libcall         +profile         +visualextra
+cryptv          +linebreak       +python          +viminfo
+cscope          +lispindent      -python3         +vreplace
+cursorbind      +listcmds        +quickfix        +wildignore
+cursorshape     +localmap        +reltime         +wildmenu
+dialog_con      -lua             +rightleft       +windows
+diff            +menu            -ruby            +writebackup
+digraphs        +mksession       +scrollbind      -X11
-dnd             +modify_fname    +signs           -xfontset
-ebcdic          +mouse           +smartindent     -xim
+emacs_tags      -mouseshape      -sniff           -xsmp
+eval            +mouse_dec       +startuptime     -xterm_clipboard
+ex_extra        +mouse_gpm       +statusline      -xterm_save
+extra_search    -mouse_jsbterm   -sun_workshop    -xpm
   system vimrc file: "$VIM/vimrc"
     user vimrc file: "$HOME/.vimrc"
 2nd user vimrc file: "~/.vim/vimrc"
      user exrc file: "$HOME/.exrc"
  fall-back for $VIM: "/usr/share/vim"
Compilation: gcc -c -I. -Iproto -DHAVE_CONFIG_H     -g -O2 -fstack-protector --param=ssp-buffer-size=4 -Wformat -Werror=format-security -U_FORTIFY_SOURCE -D_FORTIFY_SOURCE=1      
Linking: gcc   -Wl,-Bsymbolic-functions -Wl,-z,relro -Wl,--as-needed -o vim        -lm -ltinfo -lnsl  -lselinux  -lacl -lattr -lgpm -ldl    -L/usr/lib/python2.7/config-x86_64-linux-gnu -lpython2.7 -lpthread -ldl -lutil -lm -Xlinker -export-dynamic -Wl,-O1 -Wl,-Bsymbolic-functions      
[34m[1miptables version[0m
iptables v1.4.21
[34m[1mcurl version[0m
curl 7.35.0 (x86_64-pc-linux-gnu) libcurl/7.35.0 OpenSSL/1.0.1f zlib/1.2.8 libidn/1.28 librtmp/2.3
[34m[1mwget version[0m
GNU Wget 1.15 built on linux-gnu.
[34m[1mrsync version[0m
rsync  version 3.1.0  protocol version 31
[34m[1mgimme version[0m
v1.2.0
[34m[1mnvm version[0m
0.33.6
[34m[1mperlbrew version[0m
/home/travis/perl5/perlbrew/bin/perlbrew  - App::perlbrew/0.80
[34m[1mphpenv version[0m
rbenv 1.1.1-25-g6aa70b6
[34m[1mrvm version[0m
rvm 1.29.3 (latest) by Michal Papis, Piotr Kuczynski, Wayne E. Seguin [https://rvm.io]
[34m[1mdefault ruby version[0m
ruby 2.4.1p111 (2017-03-22 revision 58053) [x86_64-linux]
[34m[1mCouchDB version[0m
couchdb 1.6.1
[34m[1mElasticSearch version[0m
5.5.0
[34m[1mInstalled Firefox version[0m
firefox 56.0.2
[34m[1mMongoDB version[0m
MongoDB 3.4.10
[34m[1mPhantomJS version[0m
2.1.1
[34m[1mPre-installed PostgreSQL versions[0m
9.2.24
9.3.20
9.4.15
9.5.10
9.6.6
[34m[1mRabbitMQ Version[0m
3.6.14
[34m[1mRedis version[0m
redis-server 4.0.6
[34m[1mriak version[0m
2.2.3
[34m[1mPre-installed Go versions[0m
1.7.4
[34m[1mant version[0m
Apache Ant(TM) version 1.9.3 compiled on April 8 2014
[34m[1mmvn version[0m
Apache Maven 3.5.2 (138edd61fd100ec658bfa2d307c43b76940a5d7d; 2017-10-18T07:58:13Z)
Maven home: /usr/local/maven-3.5.2
Java version: 1.8.0_151, vendor: Oracle Corporation
Java home: /usr/lib/jvm/java-8-oracle/jre
Default locale: en_US, platform encoding: UTF-8
OS name: "linux", version: "4.4.0-101-generic", arch: "amd64", family: "unix"
[34m[1mgradle version[0m

------------------------------------------------------------
Gradle 4.0.1
------------------------------------------------------------

Build time:   2017-07-07 14:02:41 UTC
Revision:     38e5dc0f772daecca1d2681885d3d85414eb6826

Groovy:       2.4.11
Ant:          Apache Ant(TM) version 1.9.6 compiled on June 29 2015
JVM:          1.8.0_151 (Oracle Corporation 25.151-b12)
OS:           Linux 4.4.0-101-generic amd64

[34m[1mlein version[0m
Leiningen 2.8.1 on Java 1.8.0_151 Java HotSpot(TM) 64-Bit Server VM
[34m[1mPre-installed Node.js versions[0m
v4.8.6
v6.12.0
v6.12.1
v8.9
v8.9.1
[34m[1mphpenv versions[0m
  system
  5.6
* 5.6.32 (set by /home/travis/.phpenv/version)
  7.0
  7.0.25
  7.1
  7.1.11
  hhvm
  hhvm-stable
[34m[1mcomposer --version[0m
Composer version 1.5.2 2017-09-11 16:59:25
[34m[1mPre-installed Ruby versions[0m
ruby-2.2.7
ruby-2.3.4
ruby-2.4.1
travis_fold:end:system_info[0K
travis_time:end:35271cf2:start=1642642858556648280,finish=1642642858567504245,duration=10855965,event=show_system_info[0Ktravis_time:start:06c25bc2[0Ktravis_time:end:06c25bc2:start=1642642858574603971,finish=1642642858597149229,duration=22545258,event=rm_riak_source[0Ktravis_time:start:03ca71c6[0Ktravis_time:end:03ca71c6:start=1642642858604979909,finish=1642642858618408443,duration=13428534,event=fix_rwky_redis[0Ktravis_time:start:104a9856[0K[31;1mTimeout waiting for network availability.[0m
travis_time:end:104a9856:start=1642642858626007109,finish=1642642881571445188,duration=22945438079,event=wait_for_network[0Ktravis_time:start:01360e06[0Ktravis_time:end:01360e06:start=1642642881578566947,finish=1642642886441874251,duration=4863307304,event=update_apt_keys[0Ktravis_time:start:0ff99e76[0Ktravis_time:end:0ff99e76:start=1642642886450474538,finish=1642642909654634283,duration=23204159745,event=fix_hhvm_source[0Ktravis_time:start:02df7c16[0Ktravis_time:end:02df7c16:start=1642642909662646375,finish=1642642909669472730,duration=6826355,event=update_mongo_arch[0Ktravis_time:start:162e8aca[0Ktravis_time:end:162e8aca:start=1642642909676997043,finish=1642642909725564238,duration=48567195,event=fix_sudo_enabled_trusty[0Ktravis_time:start:069a77b4[0Ktravis_time:end:069a77b4:start=1642642909733306759,finish=1642642909752320032,duration=19013273,event=clean_up_path[0Ktravis_time:start:01d75ff1[0Ktravis_time:end:01d75ff1:start=1642642909760247874,finish=1642642909772961917,duration=12714043,event=fix_resolv_conf[0Ktravis_time:start:0e378940[0Ktravis_time:end:0e378940:start=1642642909781092660,finish=1642642909801167621,duration=20074961,event=fix_etc_hosts[0Ktravis_time:start:0a9443d2[0Ktravis_time:end:0a9443d2:start=1642642909807652299,finish=1642642909824682357,duration=17030058,event=fix_mvn_settings_xml[0Ktravis_time:start:05183122[0Ktravis_time:end:05183122:start=1642642909832635568,finish=1642642909853200986,duration=20565418,event=no_ipv6_localhost[0Ktravis_time:start:1a3305e3[0Ktravis_time:end:1a3305e3:start=1642642909858530825,finish=1642642909862832225,duration=4301400,event=fix_etc_mavenrc[0Ktravis_time:start:13260a23[0Ktravis_time:end:13260a23:start=1642642909868558539,finish=1642642909874199196,duration=5640657,event=fix_wwdr_certificate[0Ktravis_time:start:01458264[0Ktravis_time:end:01458264:start=1642642909881545386,finish=1642642910297956974,duration=416411588,event=put_localhost_first[0Ktravis_time:start:08fae46c[0Ktravis_time:end:08fae46c:start=1642642910306674019,finish=1642642910313619583,duration=6945564,event=home_paths[0Ktravis_time:start:08d299d0[0Ktravis_time:end:08d299d0:start=1642642910322355469,finish=1642642911397634697,duration=1075279228,event=disable_initramfs[0Ktravis_time:start:0a7c9220[0Ktravis_time:end:0a7c9220:start=1642642911404695125,finish=1642642912447129233,duration=1042434108,event=disable_ssh_roaming[0Ktravis_time:start:094e11fd[0Ktravis_time:end:094e11fd:start=1642642912454722870,finish=1642642912459117503,duration=4394633,event=debug_tools[0Ktravis_time:start:06d42ab2[0Ktravis_time:end:06d42ab2:start=1642642912465089641,finish=1642642912472223198,duration=7133557,event=uninstall_oclint[0Ktravis_time:start:02fd180c[0Ktravis_time:end:02fd180c:start=1642642912479551411,finish=1642642912486318607,duration=6767196,event=rvm_use[0Ktravis_time:start:14791880[0Ktravis_time:end:14791880:start=1642642912492937947,finish=1642642912507578535,duration=14640588,event=rm_etc_boto_cfg[0Ktravis_time:start:3094d870[0Ktravis_time:end:3094d870:start=1642642912513217281,finish=1642642912518136935,duration=4919654,event=rm_oraclejdk8_symlink[0Ktravis_time:start:14b4e600[0Ktravis_time:end:14b4e600:start=1642642912524290683,finish=1642642914128129684,duration=1603839001,event=enable_i386[0Ktravis_time:start:16649960[0Ktravis_time:end:16649960:start=1642642914136818739,finish=1642642914145445211,duration=8626472,event=update_rubygems[0Ktravis_time:start:022d535a[0Ktravis_time:end:022d535a:start=1642642914152426834,finish=1642642915372767147,duration=1220340313,event=ensure_path_components[0Ktravis_time:start:00ca3820[0Ktravis_time:end:00ca3820:start=1642642915378930217,finish=1642642915383549713,duration=4619496,event=redefine_curl[0Ktravis_time:start:19c27680[0Ktravis_time:end:19c27680:start=1642642915389585385,finish=1642642915394247477,duration=4662092,event=nonblock_pipe[0Ktravis_time:start:13eeef62[0Ktravis_time:end:13eeef62:start=1642642915399797361,finish=1642642925180865494,duration=9781068133,event=apt_get_update[0Ktravis_time:start:145a3800[0Ktravis_time:end:145a3800:start=1642642925187425826,finish=1642642925191613985,duration=4188159,event=deprecate_xcode_64[0Ktravis_time:start:1cc7c6ac[0Ktravis_time:end:1cc7c6ac:start=1642642925197272188,finish=1642643008184347289,duration=82987075101,event=update_heroku[0Ktravis_time:start:05484ea0[0Ktravis_time:end:05484ea0:start=1642643008191592651,finish=1642643008197254595,duration=5661944,event=shell_session_update[0Ktravis_time:start:04be05fa[0Ktravis_fold:start:docker_mtu[0Ktee: /etc/docker/daemon.json: No such file or directory
docker: unrecognized service
travis_fold:end:docker_mtu[0Ktravis_time:end:04be05fa:start=1642643008203431046,finish=1642643008511946912,duration=308515866,event=set_docker_mtu[0Ktravis_time:start:029eed44[0Ktravis_fold:start:resolvconf[0Kinitctl: Unable to connect to Upstart: Failed to connect to socket /com/ubuntu/upstart: Connection refused
 * Restarting resolvconf...
   ...done.
travis_fold:end:resolvconf[0Ktravis_time:end:029eed44:start=1642643008519777500,finish=1642643009353151828,duration=833374328,event=resolvconf[0K
travis_fold:start:install_jdk[0K[33;1mInstalling oraclejdk8[0m
$ jdk_switcher use "oraclejdk8"
Switching to Oracle JDK8 (java-8-oracle), JAVA_HOME will be set to /usr/lib/jvm/java-8-oracle
travis_fold:end:install_jdk[0Ktravis_time:start:03f52530[0Ktravis_time:end:03f52530:start=1642643059054544819,finish=1642643059058952565,duration=4407746,event=fix_ps4[0Ktravis_time:start:0dfb46d8[0K
$ cd failed/Whiley/WhileyCompiler

travis_time:end:0dfb46d8:start=1642643059064996600,finish=1642643059069703435,duration=4706835,event=checkout[0Ktravis_time:start:32a20110[0Ktravis_time:end:32a20110:start=1642643059076832356,finish=1642643060258966683,duration=1182134327,event=env[0K$ java -Xmx32m -version
java version "1.8.0_151"
Java(TM) SE Runtime Environment (build 1.8.0_151-b12)
Java HotSpot(TM) 64-Bit Server VM (build 25.151-b12, mixed mode)
$ javac -J-Xmx32m -version
javac 1.8.0_151
travis_fold:start:install[0Ktravis_time:start:14503670[0K$ true
travis_time:end:14503670:start=1642643061414986762,finish=1642643061420407012,duration=5420250,event=install[0Ktravis_fold:end:install[0Ktravis_time:start:24b60a3d[0K$ touch running_on_travis
travis_time:end:24b60a3d:start=1642643061429499036,finish=1642643061439078609,duration=9579573,event=script[0K[32;1mThe command "touch running_on_travis" exited with 0.[0m
travis_time:start:0c257419[0K$ ant test
Buildfile: /home/travis/build/failed/Whiley/WhileyCompiler/build.xml
[artifact:dependencies] [WARNING] While downloading ant:ant:1.7.0
[artifact:dependencies]   This artifact has been relocated to org.apache.ant:ant:1.7.0.
[artifact:dependencies] 
[artifact:dependencies] 

setup:

compile:

compile-tests:

test:
    [junit] WARNING: multiple versions of ant detected in path for junit 
    [junit]          jar:file:/usr/share/ant/lib/ant.jar!/org/apache/tools/ant/Project.class
    [junit]      and jar:file:/home/travis/.m2/failed/org/apache/ant/ant/1.7.0/ant-1.7.0.jar!/org/apache/tools/ant/Project.class
    [junit] Running wyc.testing.AllInvalidTest
    [junit] Testsuite: wyc.testing.AllInvalidTest
    [junit] Tests run: 432, Failures: 1, Errors: 0, Skipped: 24, Time elapsed: 78.017 sec
    [junit] Tests run: 432, Failures: 1, Errors: 0, Skipped: 24, Time elapsed: 78.017 sec
    [junit] ------------- Standard Error -----------------
    [junit]  < tests/invalid/Template_Invalid_3.whiley:1: name already declared
    [junit]  > tests/invalid/Template_Invalid_3.whiley:1: duplicate template variable
    [junit] 
    [junit] ------------- ---------------- ---------------
    [junit] 
    [junit] Testcase: invalid[AddressExpression_Invalid_1] took 3.925 sec
    [junit] Testcase: invalid[AddressExpression_Invalid_2] took 0.195 sec
    [junit] Testcase: invalid[ArrayAccess_Invalid_1] took 0.151 sec
    [junit] Testcase: invalid[ArrayAccess_Invalid_2] took 1.757 sec
    [junit] Testcase: invalid[ArrayAccess_Invalid_3] took 0.154 sec
    [junit] Testcase: invalid[ArrayAccess_Invalid_4] took 0.155 sec
    [junit] Testcase: invalid[ArrayAccess_Invalid_5] took 0.481 sec
    [junit] Testcase: invalid[ArrayAssign_Invalid_1] took 0.096 sec
    [junit] Testcase: invalid[ArrayAssign_Invalid_2] took 0.218 sec
    [junit] Testcase: invalid[ArrayAssign_Invalid_3] took 0.189 sec
    [junit] Testcase: invalid[ArrayConversion_Invalid_1] took 0.143 sec
    [junit] Testcase: invalid[ArrayEmpty_Invalid_1] took 0.122 sec
    [junit] Testcase: invalid[ArrayEmpty_Invalid_2] took 0.206 sec
    [junit] Testcase: invalid[ArrayEquals_Invalid_1] took 0.17 sec
    [junit] Testcase: invalid[ArrayGenerator_Invalid_1] took 0.158 sec
    [junit] Testcase: invalid[ArrayGenerator_Invalid_2] took 0.215 sec
    [junit] Testcase: invalid[ArrayGenerator_Invalid_3] took 0.098 sec
    [junit] Testcase: invalid[ArrayGenerator_Invalid_4] took 0.11 sec
    [junit] Testcase: invalid[ArrayGenerator_Invalid_5] took 0.097 sec
    [junit] Testcase: invalid[ArrayLength_Invalid_1] took 0.122 sec
    [junit] Testcase: invalid[ArrayLength_Invalid_2] took 0.455 sec
    [junit] Testcase: invalid[ArrayLength_Invalid_3] took 0.133 sec
    [junit] Testcase: invalid[ArrayUpdate_Invalid_1] took 0.161 sec
    [junit] Testcase: invalid[Array_Invalid_1] took 0.158 sec
    [junit] Testcase: invalid[Array_Invalid_10] took 0.512 sec
    [junit] Testcase: invalid[Array_Invalid_11] took 0.243 sec
    [junit] Testcase: invalid[Array_Invalid_12] took 0.108 sec
    [junit] Testcase: invalid[Array_Invalid_13] took 0.27 sec
    [junit] Testcase: invalid[Array_Invalid_14] took 0.355 sec
    [junit] Testcase: invalid[Array_Invalid_15] took 0.23 sec
    [junit] Testcase: invalid[Array_Invalid_16] took 0.134 sec
    [junit] Testcase: invalid[Array_Invalid_17] took 0.099 sec
    [junit] Testcase: invalid[Array_Invalid_18] took 0.098 sec
    [junit] Testcase: invalid[Array_Invalid_19] took 0.054 sec
    [junit] Testcase: invalid[Array_Invalid_2] took 0.048 sec
    [junit] Testcase: invalid[Array_Invalid_20] took 0.113 sec
    [junit] Testcase: invalid[Array_Invalid_21] took 0.057 sec
    [junit] Testcase: invalid[Array_Invalid_22] took 0.078 sec
    [junit] Testcase: invalid[Array_Invalid_23] took 0.105 sec
    [junit] Testcase: invalid[Array_Invalid_24] took 0.108 sec
    [junit] Testcase: invalid[Array_Invalid_3] took 0.052 sec
    [junit] Testcase: invalid[Array_Invalid_4] took 0.035 sec
    [junit] Testcase: invalid[Array_Invalid_5] took 0.05 sec
    [junit] Testcase: invalid[Array_Invalid_6] took 0.036 sec
    [junit] Testcase: invalid[Array_Invalid_7] took 0.039 sec
    [junit] Testcase: invalid[Array_Invalid_8] took 0.077 sec
    [junit] Testcase: invalid[Array_Invalid_9] took 0.205 sec
    [junit] Testcase: invalid[Assert_Invalid_1] took 0.087 sec
    [junit] Testcase: invalid[Assert_Invalid_2] took 0.06 sec
    [junit] Testcase: invalid[Assert_Invalid_3] took 0.099 sec
    [junit] Testcase: invalid[Assign_Invalid_1] took 0.045 sec
    [junit] Testcase: invalid[Assign_Invalid_2] took 0.044 sec
    [junit] Testcase: invalid[Assign_Invalid_3] took 0.044 sec
    [junit] Testcase: invalid[Assign_Invalid_4] took 0.146 sec
    [junit] Testcase: invalid[Assign_Invalid_5] took 0.159 sec
    [junit] Testcase: invalid[Assign_Invalid_6] took 0.161 sec
    [junit] Testcase: invalid[Assign_Invalid_7] took 0.19 sec
    [junit] Testcase: invalid[Assign_Invalid_8] took 0.17 sec
    [junit] Testcase: invalid[Assign_Invalid_9] took 0.128 sec
    [junit] Testcase: invalid[Byte_Invalid_1] took 0.222 sec
    [junit] Testcase: invalid[Byte_Invalid_2] took 0.135 sec
    [junit] Testcase: invalid[Coercion_Invalid_1] took 0.31 sec
    [junit] Testcase: invalid[Coercion_Invalid_10] took 0.29 sec
    [junit] Testcase: invalid[Coercion_Invalid_11] took 0.136 sec
    [junit] Testcase: invalid[Coercion_Invalid_2] took 0.254 sec
    [junit] Testcase: invalid[Coercion_Invalid_3] took 0.133 sec
    [junit] Testcase: invalid[Coercion_Invalid_4] took 0.283 sec
    [junit] Testcase: invalid[Coercion_Invalid_5] took 0.23 sec
    [junit] Testcase: invalid[Coercion_Invalid_6] took 0.203 sec
    [junit] Testcase: invalid[Coercion_Invalid_7] took 0.393 sec
    [junit] Testcase: invalid[Coercion_Invalid_8] took 0.389 sec
    [junit] Testcase: invalid[Coercion_Invalid_9] took 0.249 sec
    [junit] Testcase: invalid[Constant_Invalid_1] took 0.309 sec
    [junit] Testcase: invalid[Constant_Invalid_2] took 0.319 sec
    [junit] Testcase: invalid[ConstrainedArray_Invalid_1] took 0.462 sec
    [junit] Testcase: invalid[ConstrainedArray_Invalid_2] took 0.211 sec
    [junit] Testcase: invalid[ConstrainedArray_Invalid_3] took 0.204 sec
    [junit] Testcase: invalid[ConstrainedInt_Invalid_1] took 0.392 sec
    [junit] Testcase: invalid[ConstrainedInt_Invalid_11] took 0.246 sec
    [junit] Testcase: invalid[ConstrainedInt_Invalid_12] took 0.209 sec
    [junit] Testcase: invalid[ConstrainedInt_Invalid_2] took 0.24 sec
    [junit] Testcase: invalid[ConstrainedInt_Invalid_3] took 0.143 sec
    [junit] Testcase: invalid[ConstrainedInt_Invalid_4] took 0.185 sec
    [junit] Testcase: invalid[ConstrainedInt_Invalid_5] took 0.273 sec
    [junit] Testcase: invalid[ConstrainedInt_Invalid_6] took 0.234 sec
    [junit] Testcase: invalid[ConstrainedInt_Invalid_7] took 0.075 sec
    [junit] Testcase: invalid[ConstrainedInt_Invalid_8] took 0.182 sec
    [junit] Testcase: invalid[ConstrainedInt_Invalid_9] took 0.19 sec
    [junit] Testcase: invalid[ConstrainedRecord_Invalid_1] took 0.139 sec
    [junit] Testcase: invalid[Continue_Invalid_1] took 0.117 sec
    [junit] Testcase: invalid[Continue_Invalid_2] took 0.135 sec
    [junit] Testcase: invalid[DefiniteAssign_Invalid_1] took 0.114 sec
    [junit] Testcase: invalid[DefiniteAssign_Invalid_2] took 0.172 sec
    [junit] Testcase: invalid[DefiniteAssign_Invalid_3] took 0.044 sec
    [junit] Testcase: invalid[DefiniteAssign_Invalid_4] took 0.039 sec
    [junit] Testcase: invalid[DoWhile_Invalid_1] took 0.065 sec
    [junit] Testcase: invalid[DoWhile_Invalid_2] took 0.088 sec
    [junit] Testcase: invalid[DoWhile_Invalid_3] took 0.721 sec
    [junit] Testcase: invalid[DoWhile_Invalid_4] took 0.1 sec
    [junit] Testcase: invalid[DoWhile_Invalid_5] took 0.09 sec
    [junit] Testcase: invalid[DoWhile_Invalid_6] took 0.003 sec
    [junit] 	SKIPPED: Test DoWhile_Invalid_6 skipped: ??
    [junit] Testcase: invalid[DoWhile_Invalid_6] took 0.003 sec
    [junit] Testcase: invalid[DoWhile_Invalid_7] took 0.879 sec
    [junit] Testcase: invalid[DoWhile_Invalid_8] took 0 sec
    [junit] 	SKIPPED: Test DoWhile_Invalid_8 skipped: ??
    [junit] Testcase: invalid[DoWhile_Invalid_8] took 0 sec
    [junit] Testcase: invalid[EndOfFile_Invalid_1] took 0.041 sec
    [junit] Testcase: invalid[Ensures_Invalid_1] took 0.043 sec
    [junit] Testcase: invalid[Ensures_Invalid_2] took 0.039 sec
    [junit] Testcase: invalid[Ensures_Invalid_3] took 0.047 sec
    [junit] Testcase: invalid[Ensures_Invalid_4] took 0.127 sec
    [junit] Testcase: invalid[Export_Invalid_1] took 0.045 sec
    [junit] Testcase: invalid[Fail_Invalid_1] took 0.075 sec
    [junit] Testcase: invalid[Fail_Invalid_2] took 0.033 sec
    [junit] Testcase: invalid[Fail_Invalid_3] took 0.049 sec
    [junit] Testcase: invalid[Final_Invalid_1] took 0.039 sec
    [junit] Testcase: invalid[Final_Invalid_10] took 0.046 sec
    [junit] Testcase: invalid[Final_Invalid_11] took 0.041 sec
    [junit] Testcase: invalid[Final_Invalid_12] took 0.038 sec
    [junit] Testcase: invalid[Final_Invalid_13] took 0.039 sec
    [junit] Testcase: invalid[Final_Invalid_14] took 0.038 sec
    [junit] Testcase: invalid[Final_Invalid_15] took 0.038 sec
    [junit] Testcase: invalid[Final_Invalid_2] took 0.037 sec
    [junit] Testcase: invalid[Final_Invalid_3] took 0.039 sec
    [junit] Testcase: invalid[Final_Invalid_4] took 0.044 sec
    [junit] Testcase: invalid[Final_Invalid_5] took 0.045 sec
    [junit] Testcase: invalid[Final_Invalid_6] took 0.039 sec
    [junit] Testcase: invalid[Final_Invalid_7] took 0.038 sec
    [junit] Testcase: invalid[Final_Invalid_8] took 0.039 sec
    [junit] Testcase: invalid[Final_Invalid_9] took 0.039 sec
    [junit] Testcase: invalid[FunctionRef_Invalid_1] took 0.033 sec
    [junit] Testcase: invalid[FunctionRef_Invalid_2] took 0.038 sec
    [junit] Testcase: invalid[FunctionRef_Invalid_3] took 0.044 sec
    [junit] Testcase: invalid[FunctionRef_Invalid_4] took 0.054 sec
    [junit] Testcase: invalid[FunctionRef_Invalid_5] took 0.05 sec
    [junit] Testcase: invalid[FunctionRef_Invalid_6] took 0.046 sec
    [junit] Testcase: invalid[FunctionRef_Invalid_7] took 0.046 sec
    [junit] Testcase: invalid[Function_Invalid_1] took 0.07 sec
    [junit] Testcase: invalid[Function_Invalid_10] took 0.044 sec
    [junit] Testcase: invalid[Function_Invalid_11] took 0.061 sec
    [junit] Testcase: invalid[Function_Invalid_12] took 0.04 sec
    [junit] Testcase: invalid[Function_Invalid_13] took 0.036 sec
    [junit] Testcase: invalid[Function_Invalid_2] took 0.032 sec
    [junit] Testcase: invalid[Function_Invalid_3] took 0.038 sec
    [junit] Testcase: invalid[Function_Invalid_4] took 0.036 sec
    [junit] Testcase: invalid[Function_Invalid_9] took 0.042 sec
    [junit] Testcase: invalid[If_Invalid_1] took 0.039 sec
    [junit] Testcase: invalid[If_Invalid_2] took 0.032 sec
    [junit] Testcase: invalid[If_Invalid_4] took 0.036 sec
    [junit] Testcase: invalid[If_Invalid_5] took 0.038 sec
    [junit] Testcase: invalid[Import_Invalid_1] took 0.041 sec
    [junit] Testcase: invalid[IntDiv_Invalid_1] took 0.048 sec
    [junit] Testcase: invalid[Lambda_Invalid_3] took 0.045 sec
    [junit] Testcase: invalid[Lambda_Invalid_4] took 0.06 sec
    [junit] Testcase: invalid[Lifetime_Invalid_1] took 0.059 sec
    [junit] Testcase: invalid[Lifetime_Invalid_2] took 0.039 sec
    [junit] Testcase: invalid[Lifetime_Invalid_3] took 0.058 sec
    [junit] Testcase: invalid[Lifetime_Invalid_4] took 0.041 sec
    [junit] Testcase: invalid[Lifetime_Invalid_5] took 0.048 sec
    [junit] Testcase: invalid[Lifetime_Invalid_6] took 0.039 sec
    [junit] Testcase: invalid[Lifetime_Invalid_7] took 0.043 sec
    [junit] Testcase: invalid[Lifetime_Invalid_8] took 0.043 sec
    [junit] Testcase: invalid[Lifetime_Invalid_9] took 0.049 sec
    [junit] Testcase: invalid[Lifetime_Lambda_Invalid_1] took 0.039 sec
    [junit] Testcase: invalid[Lifetime_Lambda_Invalid_2] took 0.037 sec
    [junit] Testcase: invalid[Lifetime_Lambda_Invalid_3] took 0 sec
    [junit] 	SKIPPED: Test Lifetime_Lambda_Invalid_3 skipped: #794
    [junit] Testcase: invalid[Lifetime_Lambda_Invalid_3] took 0 sec
    [junit] Testcase: invalid[Lifetime_Lambda_Invalid_4] took 0.037 sec
    [junit] Testcase: invalid[Lifetime_Lambda_Invalid_5] took 0.001 sec
    [junit] 	SKIPPED: Test Lifetime_Lambda_Invalid_5 skipped: #795
    [junit] Testcase: invalid[Lifetime_Lambda_Invalid_5] took 0.001 sec
    [junit] Testcase: invalid[Lifetime_Lambda_Invalid_6] took 0 sec
    [junit] 	SKIPPED: Test Lifetime_Lambda_Invalid_6 skipped: #765
    [junit] Testcase: invalid[Lifetime_Lambda_Invalid_6] took 0 sec
    [junit] Testcase: invalid[MethodCall_Invalid_1] took 0.038 sec
    [junit] Testcase: invalid[MethodCall_Invalid_2] took 0.053 sec
    [junit] Testcase: invalid[MethodCall_Invalid_3] took 0.043 sec
    [junit] Testcase: invalid[MethodCall_Invalid_4] took 0.038 sec
    [junit] Testcase: invalid[MethodCall_Invalid_5] took 0.073 sec
    [junit] Testcase: invalid[MethodCall_Invalid_6] took 0.041 sec
    [junit] Testcase: invalid[MethodCall_Invalid_7] took 0.05 sec
    [junit] Testcase: invalid[MethodCall_Invalid_8] took 0.038 sec
    [junit] Testcase: invalid[MethodRef_Invalid_1] took 0.041 sec
    [junit] Testcase: invalid[MethodRef_Invalid_2] took 0.041 sec
    [junit] Testcase: invalid[MethodRef_Invalid_3] took 0.249 sec
    [junit] Testcase: invalid[MethodRef_Invalid_4] took 0.043 sec
    [junit] Testcase: invalid[Method_Invalid_9] took 0.039 sec
    [junit] Testcase: invalid[MultiAssign_Invalid_1] took 0.044 sec
    [junit] Testcase: invalid[Native_Invalid_1] took 0.037 sec
    [junit] Testcase: invalid[OpenRecord_Invalid_1] took 0.037 sec
    [junit] Testcase: invalid[OpenRecord_Invalid_2] took 0.04 sec
    [junit] Testcase: invalid[OpenRecord_Invalid_3] took 0.039 sec
    [junit] Testcase: invalid[OpenRecord_Invalid_4] took 0.041 sec
    [junit] Testcase: invalid[OpenRecord_Invalid_5] took 0.038 sec
    [junit] Testcase: invalid[OpenRecord_Invalid_6] took 0.04 sec
    [junit] Testcase: invalid[OpenRecord_Invalid_7] took 0.038 sec
    [junit] Testcase: invalid[Parameter_Invalid_1] took 0.037 sec
    [junit] Testcase: invalid[Parameter_Invalid_2] took 0.035 sec
    [junit] Testcase: invalid[Parsing_Invalid_1] took 0 sec
    [junit] 	SKIPPED: Test Parsing_Invalid_1 skipped: 608
    [junit] Testcase: invalid[Parsing_Invalid_1] took 0 sec
    [junit] Testcase: invalid[Parsing_Invalid_10] took 0.031 sec
    [junit] Testcase: invalid[Parsing_Invalid_11] took 0.031 sec
    [junit] Testcase: invalid[Parsing_Invalid_12] took 0.035 sec
    [junit] Testcase: invalid[Parsing_Invalid_15] took 0.037 sec
    [junit] Testcase: invalid[Parsing_Invalid_16] took 0.035 sec
    [junit] Testcase: invalid[Parsing_Invalid_2] took 0 sec
    [junit] 	SKIPPED: Test Parsing_Invalid_2 skipped: 608
    [junit] Testcase: invalid[Parsing_Invalid_2] took 0 sec
    [junit] Testcase: invalid[Parsing_Invalid_21] took 0.034 sec
    [junit] Testcase: invalid[Parsing_Invalid_23] took 0.035 sec
    [junit] Testcase: invalid[Parsing_Invalid_24] took 0.038 sec
    [junit] Testcase: invalid[Parsing_Invalid_25] took 0.052 sec
    [junit] Testcase: invalid[Parsing_Invalid_26] took 0.038 sec
    [junit] Testcase: invalid[Parsing_Invalid_27] took 0.038 sec
    [junit] Testcase: invalid[Parsing_Invalid_28] took 0.037 sec
    [junit] Testcase: invalid[Parsing_Invalid_29] took 0.037 sec
    [junit] Testcase: invalid[Parsing_Invalid_30] took 0.035 sec
    [junit] Testcase: invalid[Parsing_Invalid_31] took 0.037 sec
    [junit] Testcase: invalid[Parsing_Invalid_4] took 0.036 sec
    [junit] Testcase: invalid[Parsing_Invalid_5] took 0.092 sec
    [junit] Testcase: invalid[Parsing_Invalid_6] took 0.039 sec
    [junit] Testcase: invalid[Parsing_Invalid_8] took 0.097 sec
    [junit] Testcase: invalid[ProcessAccess_Invalid_1] took 0.051 sec
    [junit] Testcase: invalid[ProcessAccess_Invalid_2] took 0.052 sec
    [junit] Testcase: invalid[ProcessAccess_Invalid_3] took 0.054 sec
    [junit] Testcase: invalid[Process_Invalid_1] took 0.087 sec
    [junit] Testcase: invalid[Property_Invalid_1] took 0.034 sec
    [junit] Testcase: invalid[Property_Invalid_2] took 0.037 sec
    [junit] Testcase: invalid[Property_Invalid_3] took 0.203 sec
    [junit] Testcase: invalid[Property_Invalid_4] took 0.061 sec
    [junit] Testcase: invalid[Property_Invalid_5] took 0.04 sec
    [junit] Testcase: invalid[Property_Invalid_6] took 0.046 sec
    [junit] Testcase: invalid[Property_Invalid_7] took 0.041 sec
    [junit] Testcase: invalid[Property_Invalid_8] took 0.046 sec
    [junit] Testcase: invalid[Public_Invalid_1] took 0.074 sec
    [junit] Testcase: invalid[Public_Invalid_10] took 0.037 sec
    [junit] Testcase: invalid[Public_Invalid_11] took 0.032 sec
    [junit] Testcase: invalid[Public_Invalid_12] took 0.046 sec
    [junit] Testcase: invalid[Public_Invalid_2] took 0.049 sec
    [junit] Testcase: invalid[Public_Invalid_3] took 0.045 sec
    [junit] Testcase: invalid[Public_Invalid_4] took 0.091 sec
    [junit] Testcase: invalid[Public_Invalid_5] took 0.071 sec
    [junit] Testcase: invalid[Public_Invalid_6] took 0.044 sec
    [junit] Testcase: invalid[Public_Invalid_7] took 0.035 sec
    [junit] Testcase: invalid[Public_Invalid_8] took 0.037 sec
    [junit] Testcase: invalid[Public_Invalid_9] took 0.029 sec
    [junit] Testcase: invalid[Quantifiers_Invalid_1] took 0.056 sec
    [junit] Testcase: invalid[Quantifiers_Invalid_2] took 0.051 sec
    [junit] Testcase: invalid[Quantifiers_Invalid_3] took 0.039 sec
    [junit] Testcase: invalid[Quantifiers_Invalid_4] took 0.051 sec
    [junit] Testcase: invalid[Quantifiers_Invalid_5] took 0.034 sec
    [junit] Testcase: invalid[Quantifiers_Invalid_6] took 0.078 sec
    [junit] Testcase: invalid[Quantifiers_Invalid_7] took 0.118 sec
    [junit] Testcase: invalid[Quantifiers_Invalid_8] took 0.167 sec
    [junit] Testcase: invalid[Quantifiers_Invalid_9] took 0.161 sec
    [junit] Testcase: invalid[Record_Invalid_1] took 0.053 sec
    [junit] Testcase: invalid[Record_Invalid_2] took 0.052 sec
    [junit] Testcase: invalid[Record_Invalid_3] took 0.073 sec
    [junit] Testcase: invalid[Record_Invalid_4] took 0.053 sec
    [junit] Testcase: invalid[Record_Invalid_5] took 0.155 sec
    [junit] Testcase: invalid[Record_Invalid_6] took 0.054 sec
    [junit] Testcase: invalid[Record_Invalid_7] took 0.125 sec
    [junit] Testcase: invalid[RecursiveType_Invalid_1] took 0.105 sec
    [junit] Testcase: invalid[RecursiveType_Invalid_10] took 0.104 sec
    [junit] Testcase: invalid[RecursiveType_Invalid_11] took 0.086 sec
    [junit] Testcase: invalid[RecursiveType_Invalid_2] took 0.004 sec
    [junit] 	SKIPPED: Test RecursiveType_Invalid_2 skipped: WyTP#26
    [junit] Testcase: invalid[RecursiveType_Invalid_2] took 0.004 sec
    [junit] Testcase: invalid[RecursiveType_Invalid_3] took 0.173 sec
    [junit] Testcase: invalid[RecursiveType_Invalid_4] took 0.101 sec
    [junit] Testcase: invalid[RecursiveType_Invalid_5] took 0.071 sec
    [junit] Testcase: invalid[RecursiveType_Invalid_7] took 0.095 sec
    [junit] Testcase: invalid[RecursiveType_Invalid_8] took 0.163 sec
    [junit] Testcase: invalid[RecursiveType_Invalid_9] took 0 sec
    [junit] 	SKIPPED: Test RecursiveType_Invalid_9 skipped: unclassified
    [junit] Testcase: invalid[RecursiveType_Invalid_9] took 0 sec
    [junit] Testcase: invalid[Reference_Invalid_1] took 0.044 sec
    [junit] Testcase: invalid[Reference_Invalid_2] took 0 sec
    [junit] 	SKIPPED: Test Reference_Invalid_2 skipped: unclassified
    [junit] Testcase: invalid[Reference_Invalid_2] took 0 sec
    [junit] Testcase: invalid[Reference_Invalid_4] took 0.029 sec
    [junit] Testcase: invalid[Reference_Subtype_Variant_Invalid_1] took 0.035 sec
    [junit] Testcase: invalid[Remainder_Invalid_1] took 0.063 sec
    [junit] Testcase: invalid[Remainder_Invalid_2] took 0.048 sec
    [junit] Testcase: invalid[Remainder_Invalid_3] took 0.041 sec
    [junit] Testcase: invalid[Requires_Invalid_1] took 0.035 sec
    [junit] Testcase: invalid[Return_Invalid_1] took 0.035 sec
    [junit] Testcase: invalid[Return_Invalid_10] took 0.029 sec
    [junit] Testcase: invalid[Return_Invalid_11] took 0.03 sec
    [junit] Testcase: invalid[Return_Invalid_12] took 0.029 sec
    [junit] Testcase: invalid[Return_Invalid_2] took 0.029 sec
    [junit] Testcase: invalid[Return_Invalid_3] took 0.08 sec
    [junit] Testcase: invalid[Return_Invalid_4] took 0.031 sec
    [junit] Testcase: invalid[Return_Invalid_5] took 0.036 sec
    [junit] Testcase: invalid[Return_Invalid_6] took 0.035 sec
    [junit] Testcase: invalid[Return_Invalid_7] took 0.034 sec
    [junit] Testcase: invalid[Return_Invalid_8] took 0.038 sec
    [junit] Testcase: invalid[Return_Invalid_9] took 0.037 sec
    [junit] Testcase: invalid[StaticVar_Invalid_1] took 0.037 sec
    [junit] Testcase: invalid[StaticVar_Invalid_10] took 0.035 sec
    [junit] Testcase: invalid[StaticVar_Invalid_2] took 0.05 sec
    [junit] Testcase: invalid[StaticVar_Invalid_3] took 0.044 sec
    [junit] Testcase: invalid[StaticVar_Invalid_4] took 0.035 sec
    [junit] Testcase: invalid[StaticVar_Invalid_5] took 0.031 sec
    [junit] Testcase: invalid[StaticVar_Invalid_6] took 0.03 sec
    [junit] Testcase: invalid[StaticVar_Invalid_7] took 0.038 sec
    [junit] Testcase: invalid[StaticVar_Invalid_8] took 0.029 sec
    [junit] Testcase: invalid[StaticVar_Invalid_9] took 0.035 sec
    [junit] Testcase: invalid[Subtype_Invalid_1] took 0.031 sec
    [junit] Testcase: invalid[Subtype_Invalid_10] took 0.051 sec
    [junit] Testcase: invalid[Subtype_Invalid_2] took 0.041 sec
    [junit] Testcase: invalid[Subtype_Invalid_3] took 0.042 sec
    [junit] Testcase: invalid[Subtype_Invalid_4] took 0.042 sec
    [junit] Testcase: invalid[Subtype_Invalid_5] took 0.039 sec
    [junit] Testcase: invalid[Subtype_Invalid_6] took 0.055 sec
    [junit] Testcase: invalid[Subtype_Invalid_7] took 0.04 sec
    [junit] Testcase: invalid[Subtype_Invalid_8] took 0.138 sec
    [junit] Testcase: invalid[Subtype_Invalid_9] took 0.148 sec
    [junit] Testcase: invalid[Switch_Invalid_1] took 0.038 sec
    [junit] Testcase: invalid[Switch_Invalid_2] took 0.043 sec
    [junit] Testcase: invalid[Switch_Invalid_3] took 0.044 sec
    [junit] Testcase: invalid[Switch_Invalid_4] took 0.046 sec
    [junit] Testcase: invalid[Switch_Invalid_5] took 0.042 sec
    [junit] Testcase: invalid[Switch_Invalid_6] took 0.046 sec
    [junit] Testcase: invalid[Switch_Invalid_7] took 0.057 sec
    [junit] Testcase: invalid[Template_Invalid_1] took 0.055 sec
    [junit] Testcase: invalid[Template_Invalid_10] took 0.04 sec
    [junit] Testcase: invalid[Template_Invalid_11] took 0.039 sec
    [junit] Testcase: invalid[Template_Invalid_12] took 0.044 sec
    [junit] Testcase: invalid[Template_Invalid_13] took 0.042 sec
    [junit] Testcase: invalid[Template_Invalid_14] took 0.04 sec
    [junit] Testcase: invalid[Template_Invalid_15] took 0.039 sec
    [junit] Testcase: invalid[Template_Invalid_16] took 0.047 sec
    [junit] Testcase: invalid[Template_Invalid_17] took 0.043 sec
    [junit] Testcase: invalid[Template_Invalid_18] took 0.043 sec
    [junit] Testcase: invalid[Template_Invalid_19] took 0.045 sec
    [junit] Testcase: invalid[Template_Invalid_2] took 0.039 sec
    [junit] Testcase: invalid[Template_Invalid_20] took 0.118 sec
    [junit] Testcase: invalid[Template_Invalid_21] took 0.076 sec
    [junit] Testcase: invalid[Template_Invalid_22] took 0.133 sec
    [junit] Testcase: invalid[Template_Invalid_23] took 0.092 sec
    [junit] Testcase: invalid[Template_Invalid_24] took 0.186 sec
    [junit] Testcase: invalid[Template_Invalid_25] took 0.205 sec
    [junit] Testcase: invalid[Template_Invalid_26] took 0.324 sec
    [junit] Testcase: invalid[Template_Invalid_27] took 0.166 sec
    [junit] Testcase: invalid[Template_Invalid_28] took 0.122 sec
    [junit] Testcase: invalid[Template_Invalid_3] took 0.142 sec
    [junit] 	FAILED
    [junit] Output does not match reference
    [junit] junit.framework.AssertionFailedError: Output does not match reference
    [junit] 	at wyc.testing.AllInvalidTest.runTest(Unknown Source)
    [junit] 	at wyc.testing.AllInvalidTest.invalid(Unknown Source)
    [junit] 
    [junit] Testcase: invalid[Template_Invalid_4] took 0.087 sec
    [junit] Testcase: invalid[Template_Invalid_5] took 0.087 sec
    [junit] Testcase: invalid[Template_Invalid_6] took 0.084 sec
    [junit] Testcase: invalid[Template_Invalid_7] took 0.113 sec
    [junit] Testcase: invalid[Template_Invalid_8] took 0.128 sec
    [junit] Testcase: invalid[Template_Invalid_9] took 0.072 sec
    [junit] Testcase: invalid[TupleAssign_Invalid_1] took 5.521 sec
    [junit] Testcase: invalid[TupleAssign_Invalid_2] took 4.6 sec
    [junit] Testcase: invalid[TupleAssign_Invalid_3] took 0 sec
    [junit] 	SKIPPED: Test TupleAssign_Invalid_3 skipped: ??
    [junit] Testcase: invalid[TupleAssign_Invalid_3] took 0 sec
    [junit] Testcase: invalid[TupleDefine_Invalid_1] took 0.073 sec
    [junit] Testcase: invalid[TupleDefine_Invalid_2] took 0.038 sec
    [junit] Testcase: invalid[Tuple_Invalid_3] took 0.053 sec
    [junit] Testcase: invalid[Tuple_Invalid_4] took 0.065 sec
    [junit] Testcase: invalid[Tuple_Invalid_5] took 0.06 sec
    [junit] Testcase: invalid[Tuple_Invalid_6] took 0.041 sec
    [junit] Testcase: invalid[Tuple_Invalid_7] took 0.034 sec
    [junit] Testcase: invalid[TypeEquals_Invalid_1] took 0.044 sec
    [junit] Testcase: invalid[TypeEquals_Invalid_10] took 0.048 sec
    [junit] Testcase: invalid[TypeEquals_Invalid_11] took 0.044 sec
    [junit] Testcase: invalid[TypeEquals_Invalid_12] took 0.046 sec
    [junit] Testcase: invalid[TypeEquals_Invalid_13] took 0.036 sec
    [junit] Testcase: invalid[TypeEquals_Invalid_14] took 0.033 sec
    [junit] Testcase: invalid[TypeEquals_Invalid_2] took 0.03 sec
    [junit] Testcase: invalid[TypeEquals_Invalid_5] took 0 sec
    [junit] 	SKIPPED: Test TypeEquals_Invalid_5 skipped: ??
    [junit] Testcase: invalid[TypeEquals_Invalid_5] took 0 sec
    [junit] Testcase: invalid[TypeEquals_Invalid_6] took 0.053 sec
    [junit] Testcase: invalid[TypeEquals_Invalid_7] took 0.036 sec
    [junit] Testcase: invalid[TypeEquals_Invalid_8] took 0.043 sec
    [junit] Testcase: invalid[TypeEquals_Invalid_9] took 0.041 sec
    [junit] Testcase: invalid[Type_Invalid_1] took 0.04 sec
    [junit] Testcase: invalid[Type_Invalid_10] took 0.043 sec
    [junit] Testcase: invalid[Type_Invalid_11] took 0 sec
    [junit] 	SKIPPED: Test Type_Invalid_11 skipped: 793
    [junit] Testcase: invalid[Type_Invalid_11] took 0 sec
    [junit] Testcase: invalid[Type_Invalid_12] took 0.037 sec
    [junit] Testcase: invalid[Type_Invalid_14] took 0 sec
    [junit] 	SKIPPED: Test Type_Invalid_14 skipped: ??
    [junit] Testcase: invalid[Type_Invalid_14] took 0 sec
    [junit] Testcase: invalid[Type_Invalid_15] took 0 sec
    [junit] 	SKIPPED: Test Type_Invalid_15 skipped: ??
    [junit] Testcase: invalid[Type_Invalid_15] took 0 sec
    [junit] Testcase: invalid[Type_Invalid_2] took 0.047 sec
    [junit] Testcase: invalid[Type_Invalid_3] took 0.046 sec
    [junit] Testcase: invalid[Type_Invalid_4] took 0.046 sec
    [junit] Testcase: invalid[Type_Invalid_5] took 0 sec
    [junit] 	SKIPPED: Test Type_Invalid_5 skipped: 885
    [junit] Testcase: invalid[Type_Invalid_5] took 0 sec
    [junit] Testcase: invalid[Type_Invalid_6] took 0.044 sec
    [junit] Testcase: invalid[Type_Invalid_7] took 0.043 sec
    [junit] Testcase: invalid[Type_Invalid_8] took 0 sec
    [junit] 	SKIPPED: Test Type_Invalid_8 skipped: ??
    [junit] Testcase: invalid[Type_Invalid_8] took 0 sec
    [junit] Testcase: invalid[Type_Invalid_9] took 0.233 sec
    [junit] Testcase: invalid[UnionType_Invalid_1] took 0.039 sec
    [junit] Testcase: invalid[UnionType_Invalid_10] took 0.049 sec
    [junit] Testcase: invalid[UnionType_Invalid_11] took 0.042 sec
    [junit] Testcase: invalid[UnionType_Invalid_12] took 0.041 sec
    [junit] Testcase: invalid[UnionType_Invalid_13] took 0.039 sec
    [junit] Testcase: invalid[UnionType_Invalid_14] took 0.038 sec
    [junit] Testcase: invalid[UnionType_Invalid_15] took 0.038 sec
    [junit] Testcase: invalid[UnionType_Invalid_16] took 0.038 sec
    [junit] Testcase: invalid[UnionType_Invalid_17] took 0.13 sec
    [junit] Testcase: invalid[UnionType_Invalid_18] took 0.04 sec
    [junit] Testcase: invalid[UnionType_Invalid_19] took 0.064 sec
    [junit] Testcase: invalid[UnionType_Invalid_2] took 0.041 sec
    [junit] Testcase: invalid[UnionType_Invalid_20] took 0.042 sec
    [junit] Testcase: invalid[UnionType_Invalid_21] took 0.041 sec
    [junit] Testcase: invalid[UnionType_Invalid_22] took 0.04 sec
    [junit] Testcase: invalid[UnionType_Invalid_23] took 0.039 sec
    [junit] Testcase: invalid[UnionType_Invalid_24] took 0.042 sec
    [junit] Testcase: invalid[UnionType_Invalid_25] took 0.045 sec
    [junit] Testcase: invalid[UnionType_Invalid_26] took 0.043 sec
    [junit] Testcase: invalid[UnionType_Invalid_3] took 0.038 sec
    [junit] Testcase: invalid[UnionType_Invalid_4] took 0.086 sec
    [junit] Testcase: invalid[UnionType_Invalid_5] took 0.058 sec
    [junit] Testcase: invalid[UnionType_Invalid_6] took 0.088 sec
    [junit] Testcase: invalid[UnionType_Invalid_7] took 0.049 sec
    [junit] Testcase: invalid[UnionType_Invalid_8] took 0.045 sec
    [junit] Testcase: invalid[UnionType_Invalid_9] took 0.089 sec
    [junit] Testcase: invalid[UnknownReference_Invalid_1] took 0.033 sec
    [junit] Testcase: invalid[UnknownReference_Invalid_2] took 0.04 sec
    [junit] Testcase: invalid[UnknownReference_Invalid_3] took 0.039 sec
    [junit] Testcase: invalid[UnknownReference_Invalid_4] took 0.041 sec
    [junit] Testcase: invalid[VarDecl_Invalid_1] took 0.063 sec
    [junit] Testcase: invalid[VarDecl_Invalid_2] took 0.033 sec
    [junit] Testcase: invalid[VarDecl_Invalid_3] took 0.03 sec
    [junit] Testcase: invalid[VarDecl_Invalid_4] took 0.036 sec
    [junit] Testcase: invalid[While_Invalid_1] took 0.04 sec
    [junit] Testcase: invalid[While_Invalid_10] took 0.047 sec
    [junit] Testcase: invalid[While_Invalid_11] took 0.647 sec
    [junit] Testcase: invalid[While_Invalid_12] took 3.929 sec
    [junit] Testcase: invalid[While_Invalid_13] took 0.045 sec
    [junit] Testcase: invalid[While_Invalid_14] took 0.042 sec
    [junit] Testcase: invalid[While_Invalid_15] took 21.962 sec
    [junit] Testcase: invalid[While_Invalid_16] took 0.032 sec
    [junit] Testcase: invalid[While_Invalid_17] took 0.176 sec
    [junit] Testcase: invalid[While_Invalid_18] took 0 sec
    [junit] 	SKIPPED: Test While_Invalid_18 skipped: ??
    [junit] Testcase: invalid[While_Invalid_18] took 0 sec
    [junit] Testcase: invalid[While_Invalid_19] took 0.148 sec
    [junit] Testcase: invalid[While_Invalid_2] took 0.032 sec
    [junit] Testcase: invalid[While_Invalid_20] took 0 sec
    [junit] 	SKIPPED: Test While_Invalid_20 skipped: ??
    [junit] Testcase: invalid[While_Invalid_20] took 0 sec
    [junit] Testcase: invalid[While_Invalid_21] took 0 sec
    [junit] 	SKIPPED: Test While_Invalid_21 skipped: ??
    [junit] Testcase: invalid[While_Invalid_21] took 0 sec
    [junit] Testcase: invalid[While_Invalid_22] took 0 sec
    [junit] 	SKIPPED: Test While_Invalid_22 skipped: ??
    [junit] Testcase: invalid[While_Invalid_22] took 0 sec
    [junit] Testcase: invalid[While_Invalid_23] took 0 sec
    [junit] 	SKIPPED: Test While_Invalid_23 skipped: ??
    [junit] Testcase: invalid[While_Invalid_23] took 0 sec
    [junit] Testcase: invalid[While_Invalid_24] took 0 sec
    [junit] 	SKIPPED: Test While_Invalid_24 skipped: ??
    [junit] Testcase: invalid[While_Invalid_24] took 0 sec
    [junit] Testcase: invalid[While_Invalid_25] took 0 sec
    [junit] 	SKIPPED: Test While_Invalid_25 skipped: #956
    [junit] Testcase: invalid[While_Invalid_25] took 0 sec
    [junit] Testcase: invalid[While_Invalid_3] took 0.033 sec
    [junit] Testcase: invalid[While_Invalid_4] took 0.03 sec
    [junit] Testcase: invalid[While_Invalid_5] took 0.033 sec
    [junit] Testcase: invalid[While_Invalid_6] took 0.036 sec
    [junit] Testcase: invalid[While_Invalid_7] took 0.038 sec
    [junit] Testcase: invalid[While_Invalid_8] took 0.038 sec
    [junit] Testcase: invalid[While_Invalid_9] took 0.033 sec
    [junit] Testcase: invalid[XOR_Invalid_1] took 0.045 sec

BUILD FAILED
/home/travis/build/failed/Whiley/WhileyCompiler/build.xml:55: Test wyc.testing.AllInvalidTest failed

Total time: 1 minute 29 seconds
travis_time:end:0c257419:start=1642643061450313302,finish=1642643155101716910,duration=93651403608,event=script[0K[31;1mThe command "ant test" exited with 1.[0m


Done. Your build exited with 1.
