travis_time:start:009149e8[0Ktravis_time:end:009149e8:start=1592085587423061535,finish=1592085587798822312,duration=375760777,event=no_world_writable_dirs[0Ktravis_time:start:03752f10[0Ktravis_time:end:03752f10:start=1592085587805979655,finish=1592085587811634107,duration=5654452,event=check_unsupported[0Ktravis_time:start:11d344fc[0Ktravis_fold:start:system_info[0K[33;1mBuild system information[0m
Build language: java
Build dist: trusty
Build id: ''
Job id: ''
Runtime kernel version: 4.15.0-91-generic
[34m[1mBuild image provisioning date and time[0m
Tue Dec  5 20:11:19 UTC 2017
[34m[1mOperating System Details[0m
Distributor ID:	Ubuntu
Description:	Ubuntu 14.04.5 LTS
Release:	14.04
Codename:	trusty
[34m[1mCookbooks Version[0m
7c2c6a6 https://github.com/travis-ci/travis-cookbooks/tree/7c2c6a6
[34m[1mgit version[0m
git version 2.15.1
[34m[1mbash version[0m
GNU bash, version 4.3.11(1)-release (x86_64-pc-linux-gnu)
[34m[1mgcc version[0m
gcc (Ubuntu 4.8.4-2ubuntu1~14.04.3) 4.8.4
Copyright (C) 2013 Free Software Foundation, Inc.
This is free software; see the source for copying conditions.  There is NO
warranty; not even for MERCHANTABILITY or FITNESS FOR A PARTICULAR PURPOSE.

[34m[1mdocker version[0m
Client:
 Version:      17.09.0-ce
 API version:  1.32
 Go version:   go1.8.3
 Git commit:   afdb6d4
 Built:        Tue Sep 26 22:39:28 2017
 OS/Arch:      linux/amd64
[34m[1mclang version[0m
clang version 5.0.0 (tags/RELEASE_500/final)
Target: x86_64-unknown-linux-gnu
Thread model: posix
InstalledDir: /usr/local/clang-5.0.0/bin
[34m[1mjq version[0m
jq-1.5
[34m[1mbats version[0m
Bats 0.4.0
[34m[1mshellcheck version[0m
0.4.6
[34m[1mshfmt version[0m
v2.0.0
[34m[1mccache version[0m
ccache version 3.1.9

Copyright (C) 2002-2007 Andrew Tridgell
Copyright (C) 2009-2011 Joel Rosdahl

This program is free software; you can redistribute it and/or modify it under
the terms of the GNU General Public License as published by the Free Software
Foundation; either version 3 of the License, or (at your option) any later
version.
[34m[1mcmake version[0m
cmake version 3.9.2

CMake suite maintained and supported by Kitware (kitware.com/cmake).
[34m[1mheroku version[0m
heroku-cli/6.14.39-addc925 (linux-x64) node-v9.2.0
[34m[1mimagemagick version[0m
Version: ImageMagick 6.7.7-10 2017-07-31 Q16 http://www.imagemagick.org
[34m[1mmd5deep version[0m
4.2
[34m[1mmercurial version[0m
Mercurial Distributed SCM (version 4.2.2)
(see https://mercurial-scm.org for more information)

Copyright (C) 2005-2017 Matt Mackall and others
This is free software; see the source for copying conditions. There is NO
warranty; not even for MERCHANTABILITY or FITNESS FOR A PARTICULAR PURPOSE.
[34m[1mmysql version[0m
mysql  Ver 14.14 Distrib 5.6.33, for debian-linux-gnu (x86_64) using  EditLine wrapper
[34m[1mopenssl version[0m
OpenSSL 1.0.1f 6 Jan 2014
[34m[1mpacker version[0m
Packer v1.0.2

Your version of Packer is out of date! The latest version
is 1.1.2. You can update by downloading from www.packer.io
[34m[1mpostgresql client version[0m
psql (PostgreSQL) 9.6.6
[34m[1mragel version[0m
Ragel State Machine Compiler version 6.8 Feb 2013
Copyright (c) 2001-2009 by Adrian Thurston
[34m[1msubversion version[0m
svn, version 1.8.8 (r1568071)
   compiled Aug 10 2017, 17:20:39 on x86_64-pc-linux-gnu

Copyright (C) 2013 The Apache Software Foundation.
This software consists of contributions made by many people;
see the NOTICE file for more information.
Subversion is open source software, see http://subversion.apache.org/

The following repository access (RA) modules are available:

* ra_svn : Module for accessing a repository using the svn network protocol.
  - with Cyrus SASL authentication
  - handles 'svn' scheme
* ra_local : Module for accessing a repository on local disk.
  - handles 'file' scheme
* ra_serf : Module for accessing a repository via WebDAV protocol using serf.
  - using serf 1.3.3
  - handles 'http' scheme
  - handles 'https' scheme

[34m[1msudo version[0m
Sudo version 1.8.9p5
Configure options: --prefix=/usr -v --with-all-insults --with-pam --with-fqdn --with-logging=syslog --with-logfac=authpriv --with-env-editor --with-editor=/usr/bin/editor --with-timeout=15 --with-password-timeout=0 --with-passprompt=[sudo] password for %p:  --without-lecture --with-tty-tickets --disable-root-mailer --enable-admin-flag --with-sendmail=/usr/sbin/sendmail --with-timedir=/var/lib/sudo --mandir=/usr/share/man --libexecdir=/usr/lib/sudo --with-sssd --with-sssd-lib=/usr/lib/x86_64-linux-gnu --with-selinux
Sudoers policy plugin version 1.8.9p5
Sudoers file grammar version 43

Sudoers path: /etc/sudoers
Authentication methods: 'pam'
Syslog facility if syslog is being used for logging: authpriv
Syslog priority to use when user authenticates successfully: notice
Syslog priority to use when user authenticates unsuccessfully: alert
Send mail if the user is not in sudoers
Use a separate timestamp for each user/tty combo
Lecture user the first time they run sudo
Root may run sudo
Allow some information gathering to give useful error messages
Require fully-qualified hostnames in the sudoers file
Visudo will honor the EDITOR environment variable
Set the LOGNAME and USER environment variables
Length at which to wrap log file lines (0 for no wrap): 80
Authentication timestamp timeout: 15.0 minutes
Password prompt timeout: 0.0 minutes
Number of tries to enter a password: 3
Umask to use or 0777 to use user's: 022
Path to mail program: /usr/sbin/sendmail
Flags for mail program: -t
Address to send mail to: root
Subject line for mail messages: *** SECURITY information for %h ***
Incorrect password message: Sorry, try again.
Path to authentication timestamp dir: /var/lib/sudo
Default password prompt: [sudo] password for %p: 
Default user to run commands as: root
Value to override user's $PATH with: /usr/local/sbin:/usr/local/bin:/usr/sbin:/usr/bin:/sbin:/bin:/snap/bin
Path to the editor for use by visudo: /usr/bin/editor
When to require a password for 'list' pseudocommand: any
When to require a password for 'verify' pseudocommand: all
File descriptors >= 3 will be closed before executing a command
Environment variables to check for sanity:
	TZ
	TERM
	LINGUAS
	LC_*
	LANGUAGE
	LANG
	COLORTERM
Environment variables to remove:
	RUBYOPT
	RUBYLIB
	PYTHONUSERBASE
	PYTHONINSPECT
	PYTHONPATH
	PYTHONHOME
	TMPPREFIX
	ZDOTDIR
	READNULLCMD
	NULLCMD
	FPATH
	PERL5DB
	PERL5OPT
	PERL5LIB
	PERLLIB
	PERLIO_DEBUG 
	JAVA_TOOL_OPTIONS
	SHELLOPTS
	GLOBIGNORE
	PS4
	BASH_ENV
	ENV
	TERMCAP
	TERMPATH
	TERMINFO_DIRS
	TERMINFO
	_RLD*
	LD_*
	PATH_LOCALE
	NLSPATH
	HOSTALIASES
	RES_OPTIONS
	LOCALDOMAIN
	CDPATH
	IFS
Environment variables to preserve:
	JAVA_HOME
	TRAVIS
	CI
	DEBIAN_FRONTEND
	XAUTHORIZATION
	XAUTHORITY
	PS2
	PS1
	PATH
	LS_COLORS
	KRB5CCNAME
	HOSTNAME
	HOME
	DISPLAY
	COLORS
Locale to use while parsing sudoers: C
Directory in which to store input/output logs: /var/log/sudo-io
File in which to store the input/output log: %{seq}
Add an entry to the utmp/utmpx file when allocating a pty
PAM service name to use
PAM service name to use for login shells
Create a new PAM session for the command to run in
Maximum I/O log sequence number: 0

Local IP address and netmask pairs:
	172.17.0.2/255.255.0.0

Sudoers I/O plugin version 1.8.9p5
[34m[1mgzip version[0m
gzip 1.6
Copyright (C) 2007, 2010, 2011 Free Software Foundation, Inc.
Copyright (C) 1993 Jean-loup Gailly.
This is free software.  You may redistribute copies of it under the terms of
the GNU General Public License <http://www.gnu.org/licenses/gpl.html>.
There is NO WARRANTY, to the extent permitted by law.

Written by Jean-loup Gailly.
[34m[1mzip version[0m
Copyright (c) 1990-2008 Info-ZIP - Type 'zip "-L"' for software license.
This is Zip 3.0 (July 5th 2008), by Info-ZIP.
Currently maintained by E. Gordon.  Please send bug reports to
the authors using the web page at www.info-zip.org; see README for details.

Latest sources and executables are at ftp://ftp.info-zip.org/pub/infozip,
as of above date; see http://www.info-zip.org/ for other sites.

Compiled with gcc 4.8.2 for Unix (Linux ELF) on Oct 21 2013.

Zip special compilation options:
	USE_EF_UT_TIME       (store Universal Time)
	BZIP2_SUPPORT        (bzip2 library version 1.0.6, 6-Sept-2010)
	    bzip2 code and library copyright (c) Julian R Seward
	    (See the bzip2 license for terms of use)
	SYMLINK_SUPPORT      (symbolic links supported)
	LARGE_FILE_SUPPORT   (can read and write large files on file system)
	ZIP64_SUPPORT        (use Zip64 to store large files in archives)
	UNICODE_SUPPORT      (store and read UTF-8 Unicode paths)
	STORE_UNIX_UIDs_GIDs (store UID/GID sizes/values using new extra field)
	UIDGID_NOT_16BIT     (old Unix 16-bit UID/GID extra field not used)
	[encryption, version 2.91 of 05 Jan 2007] (modified for Zip 3)

Encryption notice:
	The encryption code of this program is not copyrighted and is
	put in the public domain.  It was originally written in Europe
	and, to the best of our knowledge, can be freely distributed
	in both source and object forms from any country, including
	the USA under License Exception TSU of the U.S. Export
	Administration Regulations (section 740.13(e)) of 6 June 2002.

Zip environment options:
             ZIP:  [none]
          ZIPOPT:  [none]
[34m[1mvim version[0m
VIM - Vi IMproved 7.4 (2013 Aug 10, compiled Nov 24 2016 16:43:18)
Included patches: 1-52
Extra patches: 8.0.0056
Modified by pkg-vim-maintainers@lists.alioth.debian.org
Compiled by buildd@
Huge version without GUI.  Features included (+) or not (-):
+acl             +farsi           +mouse_netterm   +syntax
+arabic          +file_in_path    +mouse_sgr       +tag_binary
+autocmd         +find_in_path    -mouse_sysmouse  +tag_old_static
-balloon_eval    +float           +mouse_urxvt     -tag_any_white
-browse          +folding         +mouse_xterm     -tcl
++builtin_terms  -footer          +multi_byte      +terminfo
+byte_offset     +fork()          +multi_lang      +termresponse
+cindent         +gettext         -mzscheme        +textobjects
-clientserver    -hangul_input    +netbeans_intg   +title
-clipboard       +iconv           +path_extra      -toolbar
+cmdline_compl   +insert_expand   -perl            +user_commands
+cmdline_hist    +jumplist        +persistent_undo +vertsplit
+cmdline_info    +keymap          +postscript      +virtualedit
+comments        +langmap         +printer         +visual
+conceal         +libcall         +profile         +visualextra
+cryptv          +linebreak       +python          +viminfo
+cscope          +lispindent      -python3         +vreplace
+cursorbind      +listcmds        +quickfix        +wildignore
+cursorshape     +localmap        +reltime         +wildmenu
+dialog_con      -lua             +rightleft       +windows
+diff            +menu            -ruby            +writebackup
+digraphs        +mksession       +scrollbind      -X11
-dnd             +modify_fname    +signs           -xfontset
-ebcdic          +mouse           +smartindent     -xim
+emacs_tags      -mouseshape      -sniff           -xsmp
+eval            +mouse_dec       +startuptime     -xterm_clipboard
+ex_extra        +mouse_gpm       +statusline      -xterm_save
+extra_search    -mouse_jsbterm   -sun_workshop    -xpm
   system vimrc file: "$VIM/vimrc"
     user vimrc file: "$HOME/.vimrc"
 2nd user vimrc file: "~/.vim/vimrc"
      user exrc file: "$HOME/.exrc"
  fall-back for $VIM: "/usr/share/vim"
Compilation: gcc -c -I. -Iproto -DHAVE_CONFIG_H     -g -O2 -fstack-protector --param=ssp-buffer-size=4 -Wformat -Werror=format-security -U_FORTIFY_SOURCE -D_FORTIFY_SOURCE=1      
Linking: gcc   -Wl,-Bsymbolic-functions -Wl,-z,relro -Wl,--as-needed -o vim        -lm -ltinfo -lnsl  -lselinux  -lacl -lattr -lgpm -ldl    -L/usr/lib/python2.7/config-x86_64-linux-gnu -lpython2.7 -lpthread -ldl -lutil -lm -Xlinker -export-dynamic -Wl,-O1 -Wl,-Bsymbolic-functions      
[34m[1miptables version[0m
iptables v1.4.21
[34m[1mcurl version[0m
curl 7.35.0 (x86_64-pc-linux-gnu) libcurl/7.35.0 OpenSSL/1.0.1f zlib/1.2.8 libidn/1.28 librtmp/2.3
[34m[1mwget version[0m
GNU Wget 1.15 built on linux-gnu.
[34m[1mrsync version[0m
rsync  version 3.1.0  protocol version 31
[34m[1mgimme version[0m
v1.2.0
[34m[1mnvm version[0m
0.33.6
[34m[1mperlbrew version[0m
/home/travis/perl5/perlbrew/bin/perlbrew  - App::perlbrew/0.80
[34m[1mphpenv version[0m
rbenv 1.1.1-25-g6aa70b6
[34m[1mrvm version[0m
rvm 1.29.3 (latest) by Michal Papis, Piotr Kuczynski, Wayne E. Seguin [https://rvm.io]
[34m[1mdefault ruby version[0m
ruby 2.4.1p111 (2017-03-22 revision 58053) [x86_64-linux]
[34m[1mCouchDB version[0m
couchdb 1.6.1
[34m[1mElasticSearch version[0m
5.5.0
[34m[1mInstalled Firefox version[0m
firefox 56.0.2
[34m[1mMongoDB version[0m
MongoDB 3.4.10
[34m[1mPhantomJS version[0m
2.1.1
[34m[1mPre-installed PostgreSQL versions[0m
9.2.24
9.3.20
9.4.15
9.5.10
9.6.6
[34m[1mRabbitMQ Version[0m
3.6.14
[34m[1mRedis version[0m
redis-server 4.0.6
[34m[1mriak version[0m
2.2.3
[34m[1mPre-installed Go versions[0m
1.7.4
[34m[1mant version[0m
Apache Ant(TM) version 1.9.3 compiled on April 8 2014
[34m[1mmvn version[0m
Apache Maven 3.5.2 (138edd61fd100ec658bfa2d307c43b76940a5d7d; 2017-10-18T07:58:13Z)
Maven home: /usr/local/maven-3.5.2
Java version: 1.8.0_151, vendor: Oracle Corporation
Java home: /usr/lib/jvm/java-8-oracle/jre
Default locale: en_US, platform encoding: UTF-8
OS name: "linux", version: "4.4.0-101-generic", arch: "amd64", family: "unix"
[34m[1mgradle version[0m

------------------------------------------------------------
Gradle 4.0.1
------------------------------------------------------------

Build time:   2017-07-07 14:02:41 UTC
Revision:     38e5dc0f772daecca1d2681885d3d85414eb6826

Groovy:       2.4.11
Ant:          Apache Ant(TM) version 1.9.6 compiled on June 29 2015
JVM:          1.8.0_151 (Oracle Corporation 25.151-b12)
OS:           Linux 4.4.0-101-generic amd64

[34m[1mlein version[0m
Leiningen 2.8.1 on Java 1.8.0_151 Java HotSpot(TM) 64-Bit Server VM
[34m[1mPre-installed Node.js versions[0m
v4.8.6
v6.12.0
v6.12.1
v8.9
v8.9.1
[34m[1mphpenv versions[0m
  system
  5.6
* 5.6.32 (set by /home/travis/.phpenv/version)
  7.0
  7.0.25
  7.1
  7.1.11
  hhvm
  hhvm-stable
[34m[1mcomposer --version[0m
Composer version 1.5.2 2017-09-11 16:59:25
[34m[1mPre-installed Ruby versions[0m
ruby-2.2.7
ruby-2.3.4
ruby-2.4.1
travis_fold:end:system_info[0K
travis_time:end:11d344fc:start=1592085587819165681,finish=1592085587828676635,duration=9510954,event=show_system_info[0Ktravis_time:start:019a3baf[0Ktravis_time:end:019a3baf:start=1592085587835521156,finish=1592085587857849427,duration=22328271,event=rm_riak_source[0Ktravis_time:start:0940bd9a[0Ktravis_time:end:0940bd9a:start=1592085587865351368,finish=1592085587880016255,duration=14664887,event=fix_rwky_redis[0Ktravis_time:start:17758628[0K[31;1mTimeout waiting for network availability.[0m
travis_time:end:17758628:start=1592085587888281799,finish=1592085608659806567,duration=20771524768,event=wait_for_network[0Ktravis_time:start:1998f125[0Ktravis_time:end:1998f125:start=1592085608668013229,finish=1592085611379080165,duration=2711066936,event=update_apt_keys[0Ktravis_time:start:0c75f5ab[0Ktravis_time:end:0c75f5ab:start=1592085611387110052,finish=1592085613047717019,duration=1660606967,event=fix_hhvm_source[0Ktravis_time:start:02a0b505[0Ktravis_time:end:02a0b505:start=1592085613056122416,finish=1592085613063023738,duration=6901322,event=update_mongo_arch[0Ktravis_time:start:0dbbe588[0Ktravis_time:end:0dbbe588:start=1592085613071394264,finish=1592085613139469988,duration=68075724,event=fix_sudo_enabled_trusty[0Ktravis_time:start:1ce44b30[0Ktravis_time:end:1ce44b30:start=1592085613146722857,finish=1592085613167187818,duration=20464961,event=clean_up_path[0Ktravis_time:start:1e258dd6[0Ktravis_time:end:1e258dd6:start=1592085613174282132,finish=1592085613192561695,duration=18279563,event=fix_resolv_conf[0Ktravis_time:start:28416500[0Ktravis_time:end:28416500:start=1592085613200930735,finish=1592085613221460832,duration=20530097,event=fix_etc_hosts[0Ktravis_time:start:1bba4766[0Ktravis_time:end:1bba4766:start=1592085613229750087,finish=1592085613392523504,duration=162773417,event=fix_mvn_settings_xml[0Ktravis_time:start:15082050[0Ktravis_time:end:15082050:start=1592085613401510056,finish=1592085613422719123,duration=21209067,event=no_ipv6_localhost[0Ktravis_time:start:0916b730[0Ktravis_time:end:0916b730:start=1592085613432162863,finish=1592085613437983623,duration=5820760,event=fix_etc_mavenrc[0Ktravis_time:start:067d6154[0Ktravis_time:end:067d6154:start=1592085613446190976,finish=1592085613454121744,duration=7930768,event=fix_wwdr_certificate[0Ktravis_time:start:0c7f920c[0Ktravis_time:end:0c7f920c:start=1592085613461333215,finish=1592085613508654659,duration=47321444,event=put_localhost_first[0Ktravis_time:start:11101db4[0Ktravis_time:end:11101db4:start=1592085613516861098,finish=1592085613522711966,duration=5850868,event=home_paths[0Ktravis_time:start:043cc55f[0Ktravis_time:end:043cc55f:start=1592085613531282860,finish=1592085613564985125,duration=33702265,event=disable_initramfs[0Ktravis_time:start:165d736e[0Ktravis_time:end:165d736e:start=1592085613573229617,finish=1592085613734203892,duration=160974275,event=disable_ssh_roaming[0Ktravis_time:start:01fb5dfc[0Ktravis_time:end:01fb5dfc:start=1592085613742169858,finish=1592085613747493986,duration=5324128,event=debug_tools[0Ktravis_time:start:05dbe8ea[0Ktravis_time:end:05dbe8ea:start=1592085613755118301,finish=1592085613763222767,duration=8104466,event=uninstall_oclint[0Ktravis_time:start:0377b331[0Ktravis_time:end:0377b331:start=1592085613771432394,finish=1592085613780293397,duration=8861003,event=rvm_use[0Ktravis_time:start:293bee8b[0Ktravis_time:end:293bee8b:start=1592085613788314353,finish=1592085613806576009,duration=18261656,event=rm_etc_boto_cfg[0Ktravis_time:start:01f5106e[0Ktravis_time:end:01f5106e:start=1592085613815518662,finish=1592085613820958372,duration=5439710,event=rm_oraclejdk8_symlink[0Ktravis_time:start:015df794[0Ktravis_time:end:015df794:start=1592085613828970391,finish=1592085613912556547,duration=83586156,event=enable_i386[0Ktravis_time:start:116f54fd[0Ktravis_time:end:116f54fd:start=1592085613922102640,finish=1592085613932085429,duration=9982789,event=update_rubygems[0Ktravis_time:start:1fe5cf00[0Ktravis_time:end:1fe5cf00:start=1592085613940901488,finish=1592085615340796824,duration=1399895336,event=ensure_path_components[0Ktravis_time:start:000c5c08[0Ktravis_time:end:000c5c08:start=1592085615351473941,finish=1592085615359848640,duration=8374699,event=redefine_curl[0Ktravis_time:start:2a6263e5[0Ktravis_time:end:2a6263e5:start=1592085615366594991,finish=1592085615371330930,duration=4735939,event=nonblock_pipe[0Ktravis_time:start:032f4308[0Ktravis_time:end:032f4308:start=1592085615377343134,finish=1592085624218693281,duration=8841350147,event=apt_get_update[0Ktravis_time:start:0056af4e[0Ktravis_time:end:0056af4e:start=1592085624226008379,finish=1592085624231730740,duration=5722361,event=deprecate_xcode_64[0Ktravis_time:start:0244c4f4[0Ktravis_time:end:0244c4f4:start=1592085624240158549,finish=1592085632388465724,duration=8148307175,event=update_heroku[0Ktravis_time:start:0c3320d6[0Ktravis_time:end:0c3320d6:start=1592085632396356525,finish=1592085632401300069,duration=4943544,event=shell_session_update[0Ktravis_time:start:3175ed16[0Ktravis_fold:start:docker_mtu[0Ktravis_fold:end:docker_mtu[0Ktravis_time:end:3175ed16:start=1592085632407842528,finish=1592085632447729693,duration=39887165,event=set_docker_mtu[0Ktravis_time:start:13117779[0Ktravis_fold:start:resolvconf[0K * Restarting resolvconf...
   ...done.
travis_fold:end:resolvconf[0Ktravis_time:end:13117779:start=1592085632455244662,finish=1592085632536125590,duration=80880928,event=resolvconf[0K
travis_fold:start:install_jdk[0K[33;1mInstalling openjdk8[0m
$ jdk_switcher use "openjdk8"
Switching to OpenJDK8 (java-1.8.0-openjdk-amd64), JAVA_HOME will be set to /usr/lib/jvm/java-8-openjdk-amd64
travis_fold:end:install_jdk[0Ktravis_time:start:00468de0[0Ktravis_time:end:00468de0:start=1592085633009265922,finish=1592085633015236267,duration=5970345,event=fix_ps4[0Ktravis_time:start:041c58f0[0K
$ cd failed/graphhopper/graphhopper

travis_time:end:041c58f0:start=1592085633023845233,finish=1592085633031021129,duration=7175896,event=checkout[0Ktravis_time:start:0ba6cc54[0K
[33;1mSetting environment variables from .travis.yml[0m
$ export GPG_EXECUTABLE=gpg
$ export CI_DEPLOY_USERNAME=[secure]
$ export CI_DEPLOY_PASSWORD=[secure]
$ export NODE_VERSION="10.16.0"

travis_time:end:0ba6cc54:start=1592085633038131712,finish=1592085633279109987,duration=240978275,event=env[0Ktravis_fold:start:cache.1[0KSetting up build cache
$ export CASHER_DIR=${TRAVIS_HOME}/.casher
travis_time:start:105f51b8[0K$ Installing caching utilities
travis_time:end:105f51b8:start=1592085638247363733,finish=1592085650434081123,duration=12186717390,event=setup_casher[0Ktravis_time:start:057127a0[0K$ Installing caching utilities from the Travis CI server (https:///files/casher) failed, failing over to using GitHub (https://raw.githubusercontent.com/travis-ci/casher/bash/bin/casher)
travis_time:end:057127a0:start=1592085650443296341,finish=1592085650515368566,duration=72072225,event=setup_casher[0Ktravis_time:start:04de85ad[0Ktravis_time:end:04de85ad:start=1592085650525826382,finish=1592085650531554257,duration=5727875,event=setup_casher[0Ktravis_time:start:12946920[0Kattempting to download cache archive[0m
[31;1mcould not download cache[0m
travis_time:end:12946920:start=1592085650540437965,finish=1592085652182319492,duration=1641881527,event=setup_casher[0Ktravis_time:start:01a5d8ad[0Ktravis_time:end:01a5d8ad:start=1592085652191929391,finish=1592085652197870731,duration=5941340,event=setup_casher[0Ktravis_time:start:25009f57[0Kadding /home/travis/.m2 to cache[0m
travis_time:end:25009f57:start=1592085652205608931,finish=1592085653852616821,duration=1647007890,event=setup_casher[0Ktravis_fold:end:cache.1[0K
$ java -Xmx32m -version
$ javac -J-Xmx32m -version
javac 9.0.1
travis_fold:start:before_install.1[0Ktravis_time:start:0760e8dc[0K$ if [ ! -z "$GPG_SECRET_KEYS" ]; then echo $GPG_SECRET_KEYS | base64 --decode | $GPG_EXECUTABLE --import; fi
travis_time:end:0760e8dc:start=1592085654201374308,finish=1592085654207511841,duration=6137533,event=before_install[0Ktravis_fold:end:before_install.1[0Ktravis_fold:start:before_install.2[0Ktravis_time:start:0d2e3b1a[0K$ if [ ! -z "$GPG_OWNERTRUST" ]; then echo $GPG_OWNERTRUST | base64 --decode | $GPG_EXECUTABLE --import-ownertrust; fi
travis_time:end:0d2e3b1a:start=1592085654216474508,finish=1592085654222475038,duration=6000530,event=before_install[0Ktravis_fold:end:before_install.2[0Ktravis_fold:start:before_install.3[0Ktravis_time:start:02f82a7d[0K$ wget https://raw.githubusercontent.com/sormuras/bach/master/install-jdk.sh
travis_time:end:02f82a7d:start=1592085654231503174,finish=1592085654287042930,duration=55539756,event=before_install[0Ktravis_fold:end:before_install.3[0Ktravis_fold:start:before_install.4[0Ktravis_time:start:123f4650[0K$ nvm install $NODE_VERSION
Downloading and installing node v10.16.0...
Now using node v10.16.0 (npm v6.9.0)
travis_time:end:123f4650:start=1592085654297542152,finish=1592085658099271532,duration=3801729380,event=before_install[0Ktravis_fold:end:before_install.4[0Ktravis_fold:start:install[0Ktravis_time:start:3289155f[0K$ true
travis_time:end:3289155f:start=1592085658108206943,finish=1592085658113854344,duration=5647401,event=install[0Ktravis_fold:end:install[0Ktravis_fold:start:before_script.1[0Ktravis_time:start:241f5300[0K$ _JAVA_OPTIONS=
travis_time:end:241f5300:start=1592085658123092476,finish=1592085658129405651,duration=6313175,event=before_script[0Ktravis_fold:end:before_script.1[0Ktravis_fold:start:before_script.2[0Ktravis_time:start:03e0d90b[0K$ mvn --version
Apache Maven 3.5.2 (138edd61fd100ec658bfa2d307c43b76940a5d7d; 2017-10-18T07:58:13Z)
Maven home: /usr/local/maven-3.5.2
Java version: 1.8.0_141, vendor: Oracle Corporation
Java home: /usr/lib/jvm/java-8-openjdk-amd64/jre
Default locale: en_US, platform encoding: UTF-8
OS name: "linux", version: "4.15.0-91-generic", arch: "amd64", family: "unix"
travis_time:end:03e0d90b:start=1592085658139577827,finish=1592085658359836651,duration=220258824,event=before_script[0Ktravis_fold:end:before_script.2[0Ktravis_fold:start:before_script.3[0Ktravis_time:start:3d588570[0K$ if [ -z "$API_KEY" ]; then API_KEY=78da6e9a-273e-43d1-bdda-8f24e007a1fa; fi
travis_time:end:3d588570:start=1592085658369370732,finish=1592085658375724219,duration=6353487,event=before_script[0Ktravis_fold:end:before_script.3[0Ktravis_fold:start:before_script.4[0Ktravis_time:start:0929af8c[0K$ cd web && npm install && BROWSERIFYSWAP_ENV='development' npm run bundleProduction && cd ..
added 366 packages from 214 contributors and audited 367 packages in 9.674s
found 3 vulnerabilities (1 low, 1 moderate, 1 high)
  run `npm audit fix` to fix them, or `npm audit` for details

> graphhopper-js-ui@1.0.0 bundleProduction /home/travis/build/failed/graphhopper/graphhopper/web
> browserify -g uglifyify src/main/resources/assets/js/main-template.js -o src/main/resources/assets/js/main.js

travis_time:end:0929af8c:start=1592085658385055985,finish=1592085681151589394,duration=22766533409,event=before_script[0Ktravis_fold:end:before_script.4[0Ktravis_time:start:0ffe9394[0K$ mvn -Dkey=$API_KEY clean install -B
[INFO] Scanning for projects...
[INFO] Downloading from central: http://repo.maven.apache.org/maven2/io/dropwizard/dropwizard-dependencies/2.0.8/dropwizard-dependencies-2.0.8.pom
[INFO] Downloading from sonatype: https://oss.sonatype.org/content/repositories/releases/io/dropwizard/dropwizard-dependencies/2.0.8/dropwizard-dependencies-2.0.8.pom
[INFO] Downloading from sonatype-apache: https://repository.apache.org/content/repositories/releases/io/dropwizard/dropwizard-dependencies/2.0.8/dropwizard-dependencies-2.0.8.pom
[INFO] Downloading from central: http://repo.maven.apache.org/maven2/org/junit/junit-bom/5.6.0/junit-bom-5.6.0.pom
[INFO] Downloading from sonatype: https://oss.sonatype.org/content/repositories/releases/org/junit/junit-bom/5.6.0/junit-bom-5.6.0.pom
[INFO] Downloading from sonatype-apache: https://repository.apache.org/content/repositories/releases/org/junit/junit-bom/5.6.0/junit-bom-5.6.0.pom
[ERROR] [ERROR] Some problems were encountered while processing the POMs:
[ERROR] Non-resolvable import POM: Could not transfer artifact io.dropwizard:dropwizard-dependencies:pom:2.0.8 from/to central (http://repo.maven.apache.org/maven2): Failed to transfer file: http://repo.maven.apache.org/maven2/io/dropwizard/dropwizard-dependencies/2.0.8/dropwizard-dependencies-2.0.8.pom. Return code is: 501 , ReasonPhrase:HTTPS Required. @ line 86, column 25
[ERROR] Non-resolvable import POM: Could not transfer artifact org.junit:junit-bom:pom:5.6.0 from/to central (http://repo.maven.apache.org/maven2): Failed to transfer file: http://repo.maven.apache.org/maven2/org/junit/junit-bom/5.6.0/junit-bom-5.6.0.pom. Return code is: 501 , ReasonPhrase:HTTPS Required. @ line 131, column 25
[ERROR] 'dependencies.dependency.version' for org.junit.platform:junit-platform-launcher:jar is missing. @ line 142, column 21
[ERROR] 'dependencies.dependency.version' for org.junit.jupiter:junit-jupiter-engine:jar is missing. @ line 147, column 21
[ERROR] 'dependencies.dependency.version' for org.junit.vintage:junit-vintage-engine:jar is missing. @ line 152, column 21
[ERROR] 'dependencies.dependency.version' for org.junit.jupiter:junit-jupiter-params:jar is missing. @ line 157, column 21
 @ 
[ERROR] The build could not read 1 project -> [Help 1]
[ERROR]   
[ERROR]   The project com.graphhopper:graphhopper-parent:1.0-SNAPSHOT (/home/travis/build/failed/graphhopper/graphhopper/pom.xml) has 6 errors
[ERROR]     Non-resolvable import POM: Could not transfer artifact io.dropwizard:dropwizard-dependencies:pom:2.0.8 from/to central (http://repo.maven.apache.org/maven2): Failed to transfer file: http://repo.maven.apache.org/maven2/io/dropwizard/dropwizard-dependencies/2.0.8/dropwizard-dependencies-2.0.8.pom. Return code is: 501 , ReasonPhrase:HTTPS Required. @ line 86, column 25 -> [Help 2]
[ERROR]     Non-resolvable import POM: Could not transfer artifact org.junit:junit-bom:pom:5.6.0 from/to central (http://repo.maven.apache.org/maven2): Failed to transfer file: http://repo.maven.apache.org/maven2/org/junit/junit-bom/5.6.0/junit-bom-5.6.0.pom. Return code is: 501 , ReasonPhrase:HTTPS Required. @ line 131, column 25 -> [Help 2]
[ERROR]     'dependencies.dependency.version' for org.junit.platform:junit-platform-launcher:jar is missing. @ line 142, column 21
[ERROR]     'dependencies.dependency.version' for org.junit.jupiter:junit-jupiter-engine:jar is missing. @ line 147, column 21
[ERROR]     'dependencies.dependency.version' for org.junit.vintage:junit-vintage-engine:jar is missing. @ line 152, column 21
[ERROR]     'dependencies.dependency.version' for org.junit.jupiter:junit-jupiter-params:jar is missing. @ line 157, column 21
[ERROR] 
[ERROR] To see the full stack trace of the errors, re-run Maven with the -e switch.
[ERROR] Re-run Maven using the -X switch to enable full debug logging.
[ERROR] 
[ERROR] For more information about the errors and possible solutions, please read the following articles:
[ERROR] [Help 1] http://cwiki.apache.org/confluence/display/MAVEN/ProjectBuildingException
[ERROR] [Help 2] http://cwiki.apache.org/confluence/display/MAVEN/UnresolvableModelException
travis_time:end:0ffe9394:start=1592085681160550772,finish=1592085687433782728,duration=6273231956,event=script[0K[31;1mThe command "mvn -Dkey=$API_KEY clean install -B" exited with 1.[0m
travis_fold:start:cache.2[0Kstore build cache
travis_time:start:010e4875[0Ktravis_time:end:010e4875:start=1592085687444718590,finish=1592085687453436444,duration=8717854,event=cache[0Ktravis_time:start:0ddc7b70[0K[32;1mchanges detected, packing new archive[0m
[32;1muploading /[0m
[31;1mfailed to upload cache[0m
travis_time:end:0ddc7b70:start=1592085687464301770,finish=1592085689068235562,duration=1603933792,event=cache[0Ktravis_fold:end:cache.2[0K

Done. Your build exited with 1.
