travis_fold:start:system_info[0K[33;1mBuild system information[0m
Build language: python
Build group: stable
Build dist: precise
Build id: ''
Job id: ''
[34m[1mBuild image provisioning date and time[0m
Thu Feb  5 15:09:33 UTC 2015
[34m[1mOperating System Details[0m
Distributor ID:	Ubuntu
Description:	Ubuntu 12.04.5 LTS
Release:	12.04
Codename:	precise
[34m[1mLinux Version[0m
3.13.0-29-generic
[34m[1mCookbooks Version[0m
a68419e https://github.com/travis-ci/travis-cookbooks/tree/a68419e
[34m[1mGCC version[0m
gcc (Ubuntu/Linaro 4.6.3-1ubuntu5) 4.6.3
Copyright (C) 2011 Free Software Foundation, Inc.
This is free software; see the source for copying conditions.  There is NO
warranty; not even for MERCHANTABILITY or FITNESS FOR A PARTICULAR PURPOSE.

[34m[1mLLVM version[0m
clang version 3.4 (tags/RELEASE_34/final)
Target: x86_64-unknown-linux-gnu
Thread model: posix
[34m[1mPre-installed Ruby versions[0m
ruby-1.9.3-p551
[34m[1mPre-installed Node.js versions[0m
v0.10.36
[34m[1mPre-installed Go versions[0m
1.4.1
[34m[1mRedis version[0m
redis-server 2.8.19
[34m[1mriak version[0m
2.0.2
[34m[1mMongoDB version[0m
MongoDB 2.4.12
[34m[1mCouchDB version[0m
couchdb 1.6.1
[34m[1mNeo4j version[0m
1.9.4
[34m[1mRabbitMQ Version[0m
3.4.3
[34m[1mElasticSearch version[0m
1.4.0
[34m[1mInstalled Sphinx versions[0m
2.0.10
2.1.9
2.2.6
[34m[1mDefault Sphinx version[0m
2.2.6
[34m[1mInstalled Firefox version[0m
firefox 31.0esr
[34m[1mPhantomJS version[0m
1.9.8
[34m[1mant -version[0m
Apache Ant(TM) version 1.8.2 compiled on December 3 2011
[34m[1mmvn -version[0m
Apache Maven 3.2.5 (12a6b3acb947671f09b81f49094c53f426d8cea1; 2014-12-14T17:29:23+00:00)
Maven home: /usr/local/maven
Java version: 1.7.0_76, vendor: Oracle Corporation
Java home: /usr/lib/jvm/java-7-oracle/jre
Default locale: en_US, platform encoding: ANSI_X3.4-1968
OS name: "linux", version: "3.13.0-29-generic", arch: "amd64", family: "unix"
travis_fold:end:system_info[0K
grep: /etc/apt/sources.list.d/*: No such file or directory
sed: cannot rename /etc/hosts: Device or resource busy
sed: cannot rename /etc/hosts: Device or resource busy
$ cd failed/hivesolutions/appier
travis_fold:start:services[0Ktravis_time:start:02ca386a[0K$ sudo service mongodb start
 * Starting database mongodb
   ...done.

travis_time:end:02ca386a:start=1606492584332418696,finish=1606492585375514493,duration=1043095797[0Ktravis_fold:end:services[0K
[33;1mSetting environment variables from .travis.yml[0m
$ export ADAPTER=tiny

travis_time:start:095c6814[0K$ source ~/virtualenv/python3.4/bin/activate

travis_time:end:095c6814:start=1606492588397409988,finish=1606492588407294540,duration=9884552[0K$ python --version
Python 3.4.2
$ pip --version
pip 6.0.7 from /home/travis/virtualenv/python3.4.2/lib/python3.4/site-packages (python 3.4)
travis_fold:start:install.1[0Ktravis_time:start:07788c8d[0K$ pip install -r requirements.txt
Collecting pymongo==3.2.2 (from -r requirements.txt (line 1))
  Downloading https://files.pythonhosted.org/packages/5a/59/d4faf11957b03a470882670f5f7dafd424a0364fdc0d8c7e8ab53f58ac40/pymongo-3.2.2.tar.gz (504kB)
Collecting tinydb==3.1.3 (from -r requirements.txt (line 2))
  Downloading https://files.pythonhosted.org/packages/b3/11/f2056caaef930c953848418fbf2bae23eecffd1dffdf37923a90bc9803c7/tinydb-3.1.3.zip
Collecting redis==2.10.5 (from -r requirements.txt (line 3))
  Downloading https://files.pythonhosted.org/packages/08/c1/457428f7507e27ba7144758a7b716ea35766e6d602f4a0c16e443ab3d381/redis-2.10.5-py2.py3-none-any.whl (60kB)
Installing collected packages: redis, tinydb, pymongo

  Running setup.py install for tinydb
  Running setup.py install for pymongo
    building 'bson._cbson' extension
    gcc -pthread -Wno-unused-result -DNDEBUG -g -fwrapv -O3 -Wall -Wstrict-prototypes -g -fstack-protector --param=ssp-buffer-size=4 -Wformat -Werror=format-security -fPIC -Ibson -I/opt/python/3.4.2/include/python3.4m -c bson/_cbsonmodule.c -o build/temp.linux-x86_64-3.4/bson/_cbsonmodule.o
    gcc -pthread -Wno-unused-result -DNDEBUG -g -fwrapv -O3 -Wall -Wstrict-prototypes -g -fstack-protector --param=ssp-buffer-size=4 -Wformat -Werror=format-security -fPIC -Ibson -I/opt/python/3.4.2/include/python3.4m -c bson/time64.c -o build/temp.linux-x86_64-3.4/bson/time64.o
    gcc -pthread -Wno-unused-result -DNDEBUG -g -fwrapv -O3 -Wall -Wstrict-prototypes -g -fstack-protector --param=ssp-buffer-size=4 -Wformat -Werror=format-security -fPIC -Ibson -I/opt/python/3.4.2/include/python3.4m -c bson/buffer.c -o build/temp.linux-x86_64-3.4/bson/buffer.o
    gcc -pthread -Wno-unused-result -DNDEBUG -g -fwrapv -O3 -Wall -Wstrict-prototypes -g -fstack-protector --param=ssp-buffer-size=4 -Wformat -Werror=format-security -fPIC -Ibson -I/opt/python/3.4.2/include/python3.4m -c bson/encoding_helpers.c -o build/temp.linux-x86_64-3.4/bson/encoding_helpers.o
    gcc -pthread -shared -L/opt/python/3.4.2/lib -Wl,-rpath=/opt/python/3.4.2/lib build/temp.linux-x86_64-3.4/bson/_cbsonmodule.o build/temp.linux-x86_64-3.4/bson/time64.o build/temp.linux-x86_64-3.4/bson/buffer.o build/temp.linux-x86_64-3.4/bson/encoding_helpers.o -L/opt/python/3.4.2/lib -lpython3.4m -o build/lib.linux-x86_64-3.4/bson/_cbson.cpython-34m.so
    building 'pymongo._cmessage' extension
    gcc -pthread -Wno-unused-result -DNDEBUG -g -fwrapv -O3 -Wall -Wstrict-prototypes -g -fstack-protector --param=ssp-buffer-size=4 -Wformat -Werror=format-security -fPIC -Ibson -I/opt/python/3.4.2/include/python3.4m -c pymongo/_cmessagemodule.c -o build/temp.linux-x86_64-3.4/pymongo/_cmessagemodule.o
    gcc -pthread -Wno-unused-result -DNDEBUG -g -fwrapv -O3 -Wall -Wstrict-prototypes -g -fstack-protector --param=ssp-buffer-size=4 -Wformat -Werror=format-security -fPIC -Ibson -I/opt/python/3.4.2/include/python3.4m -c bson/buffer.c -o build/temp.linux-x86_64-3.4/bson/buffer.o
    gcc -pthread -shared -L/opt/python/3.4.2/lib -Wl,-rpath=/opt/python/3.4.2/lib build/temp.linux-x86_64-3.4/pymongo/_cmessagemodule.o build/temp.linux-x86_64-3.4/bson/buffer.o -L/opt/python/3.4.2/lib -lpython3.4m -o build/lib.linux-x86_64-3.4/pymongo/_cmessage.cpython-34m.so
Successfully installed pymongo-3.2.2 redis-2.10.5 tinydb-3.1.3

travis_time:end:07788c8d:start=1606492588791400408,finish=1606492594108500102,duration=5317099694[0Ktravis_fold:end:install.1[0Ktravis_fold:start:install.2[0Ktravis_time:start:0ef13c5a[0K$ pip install coveralls==1.1
Collecting coveralls==1.1
  Downloading https://files.pythonhosted.org/packages/81/f9/da2ad9334f60e418cb229c58724330be2635b369676d3eec8f61e1f85faa/coveralls-1.1-py2.py3-none-any.whl
Collecting docopt>=0.6.1 (from coveralls==1.1)
  Downloading https://files.pythonhosted.org/packages/a2/55/8f8cab2afd404cf578136ef2cc5dfb50baa1761b68c9da1fb1e4eed343c9/docopt-0.6.2.tar.gz
Collecting coverage>=3.6 (from coveralls==1.1)
  Downloading https://files.pythonhosted.org/packages/da/50/4c0c93ea67c8b42aa700cfbdedd64ea5ac5e7108ba14e3e744f57309304b/coverage-5.3.tar.gz (693kB)
    /opt/python/3.4.2/lib/python3.4/distutils/dist.py:260: UserWarning: Unknown distribution option: 'python_requires'
      warnings.warn(msg)
    /opt/python/3.4.2/lib/python3.4/distutils/dist.py:260: UserWarning: Unknown distribution option: 'project_urls'
      warnings.warn(msg)
    /opt/python/3.4.2/lib/python3.4/distutils/dist.py:260: UserWarning: Unknown distribution option: 'long_description_content_type'
      warnings.warn(msg)
Collecting requests>=1.0.0 (from coveralls==1.1)
  Downloading https://files.pythonhosted.org/packages/39/fc/f91eac5a39a65f75a7adb58eac7fa78871ea9872283fb9c44e6545998134/requests-2.25.0-py2.py3-none-any.whl (61kB)
Collecting idna<3,>=2.5 (from requests>=1.0.0->coveralls==1.1)
  Downloading https://files.pythonhosted.org/packages/a2/38/928ddce2273eaa564f6f50de919327bf3a00f091b5baba8dfa9460f3a8a8/idna-2.10-py2.py3-none-any.whl (58kB)
Collecting urllib3<1.27,>=1.21.1 (from requests>=1.0.0->coveralls==1.1)
  Downloading https://files.pythonhosted.org/packages/f5/71/45d36a8df68f3ebb098d6861b2c017f3d094538c0fb98fa61d4dc43e69b9/urllib3-1.26.2-py2.py3-none-any.whl (136kB)
Collecting certifi>=2017.4.17 (from requests>=1.0.0->coveralls==1.1)
  Downloading https://files.pythonhosted.org/packages/c1/6f/3d85f0850962279a7e4c622695d7b3171e95ac65308a57d3b29738b27149/certifi-2020.11.8-py2.py3-none-any.whl (155kB)
Collecting chardet<4,>=3.0.2 (from requests>=1.0.0->coveralls==1.1)
  Downloading https://files.pythonhosted.org/packages/bc/a9/01ffebfb562e4274b6487b4bb1ddec7ca55ec7510b22e4c51f14098443b8/chardet-3.0.4-py2.py3-none-any.whl (133kB)
Installing collected packages: chardet, certifi, urllib3, idna, requests, coverage, docopt, coveralls





  Running setup.py install for coverage
    building 'coverage.tracer' extension
    gcc -pthread -Wno-unused-result -DNDEBUG -g -fwrapv -O3 -Wall -Wstrict-prototypes -g -fstack-protector --param=ssp-buffer-size=4 -Wformat -Werror=format-security -fPIC -I/opt/python/3.4.2/include/python3.4m -c coverage/ctracer/datastack.c -o build/temp.linux-x86_64-3.4/coverage/ctracer/datastack.o
    gcc -pthread -Wno-unused-result -DNDEBUG -g -fwrapv -O3 -Wall -Wstrict-prototypes -g -fstack-protector --param=ssp-buffer-size=4 -Wformat -Werror=format-security -fPIC -I/opt/python/3.4.2/include/python3.4m -c coverage/ctracer/filedisp.c -o build/temp.linux-x86_64-3.4/coverage/ctracer/filedisp.o
    gcc -pthread -Wno-unused-result -DNDEBUG -g -fwrapv -O3 -Wall -Wstrict-prototypes -g -fstack-protector --param=ssp-buffer-size=4 -Wformat -Werror=format-security -fPIC -I/opt/python/3.4.2/include/python3.4m -c coverage/ctracer/module.c -o build/temp.linux-x86_64-3.4/coverage/ctracer/module.o
    gcc -pthread -Wno-unused-result -DNDEBUG -g -fwrapv -O3 -Wall -Wstrict-prototypes -g -fstack-protector --param=ssp-buffer-size=4 -Wformat -Werror=format-security -fPIC -I/opt/python/3.4.2/include/python3.4m -c coverage/ctracer/tracer.c -o build/temp.linux-x86_64-3.4/coverage/ctracer/tracer.o
    gcc -pthread -shared -L/opt/python/3.4.2/lib -Wl,-rpath=/opt/python/3.4.2/lib build/temp.linux-x86_64-3.4/coverage/ctracer/datastack.o build/temp.linux-x86_64-3.4/coverage/ctracer/filedisp.o build/temp.linux-x86_64-3.4/coverage/ctracer/module.o build/temp.linux-x86_64-3.4/coverage/ctracer/tracer.o -L/opt/python/3.4.2/lib -lpython3.4m -o build/lib.linux-x86_64-3.4/coverage/tracer.cpython-34m.so
    /opt/python/3.4.2/lib/python3.4/distutils/dist.py:260: UserWarning: Unknown distribution option: 'long_description_content_type'
      warnings.warn(msg)
    /opt/python/3.4.2/lib/python3.4/distutils/dist.py:260: UserWarning: Unknown distribution option: 'project_urls'
      warnings.warn(msg)
    /opt/python/3.4.2/lib/python3.4/distutils/dist.py:260: UserWarning: Unknown distribution option: 'python_requires'
      warnings.warn(msg)
    Installing coverage-3.4 script to /home/travis/virtualenv/python3.4.2/bin
    Installing coverage script to /home/travis/virtualenv/python3.4.2/bin
    Installing coverage3 script to /home/travis/virtualenv/python3.4.2/bin
  Running setup.py install for docopt

Successfully installed certifi-2020.11.8 chardet-3.0.4 coverage-5.3 coveralls-1.1 docopt-0.6.2 idna-2.10 requests-2.25.0 urllib3-1.26.2

travis_time:end:0ef13c5a:start=1606492594119147803,finish=1606492601823617357,duration=7704469554[0Ktravis_fold:end:install.2[0Ktravis_fold:start:install.3[0Ktravis_time:start:02501d94[0K$ pip install twine==1.6.5
Collecting twine==1.6.5
  Downloading https://files.pythonhosted.org/packages/db/79/db4edb6e85fda783b00d578a44891cc42c1744167ac6137a1da91edd10c1/twine-1.6.5-py2.py3-none-any.whl
Requirement already satisfied (use --upgrade to upgrade): setuptools>=0.7.0 in /home/travis/virtualenv/python3.4.2/lib/python3.4/site-packages (from twine==1.6.5)
Collecting pkginfo>=1.0 (from twine==1.6.5)
  Downloading https://files.pythonhosted.org/packages/4f/3c/535287349af1b117e082f8e77feca52fbe2fdf61ef1e6da6bcc2a72a3a79/pkginfo-1.6.1-py2.py3-none-any.whl
Requirement already satisfied (use --upgrade to upgrade): requests>=2.3.0 in /home/travis/virtualenv/python3.4.2/lib/python3.4/site-packages (from twine==1.6.5)
Collecting requests-toolbelt>=0.4.0 (from twine==1.6.5)
  Downloading https://files.pythonhosted.org/packages/60/ef/7681134338fc097acef8d9b2f8abe0458e4d87559c689a8c306d0957ece5/requests_toolbelt-0.9.1-py2.py3-none-any.whl (54kB)
Requirement already satisfied (use --upgrade to upgrade): idna<3,>=2.5 in /home/travis/virtualenv/python3.4.2/lib/python3.4/site-packages (from requests>=2.3.0->twine==1.6.5)
Requirement already satisfied (use --upgrade to upgrade): chardet<4,>=3.0.2 in /home/travis/virtualenv/python3.4.2/lib/python3.4/site-packages (from requests>=2.3.0->twine==1.6.5)
Requirement already satisfied (use --upgrade to upgrade): certifi>=2017.4.17 in /home/travis/virtualenv/python3.4.2/lib/python3.4/site-packages (from requests>=2.3.0->twine==1.6.5)
Requirement already satisfied (use --upgrade to upgrade): urllib3<1.27,>=1.21.1 in /home/travis/virtualenv/python3.4.2/lib/python3.4/site-packages (from requests>=2.3.0->twine==1.6.5)
Installing collected packages: requests-toolbelt, pkginfo, twine



Successfully installed pkginfo-1.6.1 requests-toolbelt-0.9.1 twine-1.6.5

travis_time:end:02501d94:start=1606492601835894885,finish=1606492603186532170,duration=1350637285[0Ktravis_fold:end:install.3[0Ktravis_time:start:0a162140[0K$ if [[ $TRAVIS_PYTHON_VERSION != "3.2" ]]; then coverage run --source=appier setup.py test; else python setup.py test; fi
running test
running egg_info
creating src/appier.egg-info
writing dependency_links to src/appier.egg-info/dependency_links.txt
writing top-level names to src/appier.egg-info/top_level.txt
writing src/appier.egg-info/PKG-INFO
writing manifest file 'src/appier.egg-info/SOURCES.txt'
reading manifest file 'src/appier.egg-info/SOURCES.txt'
reading manifest template 'MANIFEST.in'
writing manifest file 'src/appier.egg-info/SOURCES.txt'
running build_ext
test_locale (appier.test.base.BaseTest) ... ok
test_memory (appier.test.cache.CacheTest) ... ok
test_id (appier.test.data.DataTest) ... ok
test_encoding (appier.test.exceptions.ExceptionsTest) ... ok
test_validation (appier.test.exceptions.ExceptionsTest) ... ok
test_import_multiple (appier.test.export.ExportTest) ... /home/travis/build/failed/hivesolutions/appier/src/appier/data.py:144: ResourceWarning: unclosed file <_io.TextIOWrapper name='db.json' mode='r+' encoding='UTF-8'>
  self._db = tinydb.TinyDB(self.file_path)
ok
test_import_single (appier.test.export.ExportTest) ... ok
test_argspec (appier.test.legacy.LegacyTest) ... ok
test_tobytes (appier.test.legacy.LegacyTest) ... ok
test_tostring (appier.test.legacy.LegacyTest) ... ok
test_basic (appier.test.model.ModelTest) ... FAIL
test_count (appier.test.model.ModelTest) ... ok
test_delete (appier.test.model.ModelTest) ... ok
test_eager (appier.test.model.ModelTest) ... /home/travis/build/failed/hivesolutions/appier/src/appier/test/model.py:363: ResourceWarning: unclosed file <_io.TextIOWrapper name='db.json' mode='r+' encoding='UTF-8'>
  person = mock.Person.get(identifier = 1)
/home/travis/build/failed/hivesolutions/appier/src/appier/test/model.py:369: ResourceWarning: unclosed file <_io.TextIOWrapper name='db.json' mode='r+' encoding='UTF-8'>
  person = mock.Person.get(identifier = 1)
/home/travis/build/failed/hivesolutions/appier/src/appier/test/model.py:374: ResourceWarning: unclosed file <_io.TextIOWrapper name='db.json' mode='r+' encoding='UTF-8'>
  person = mock.Person.get(identifier = 1)
/home/travis/build/failed/hivesolutions/appier/src/appier/test/model.py:392: ResourceWarning: unclosed file <_io.TextIOWrapper name='db.json' mode='r+' encoding='UTF-8'>
  person = mock.Person.get(identifier = 1)
ok
test_find (appier.test.model.ModelTest) ... ok
test_increment (appier.test.model.ModelTest) ... ok
test_map (appier.test.model.ModelTest) ... ok
test_range (appier.test.model.ModelTest) ... ok
test_references (appier.test.model.ModelTest) ... /home/travis/build/failed/hivesolutions/appier/src/appier/test/model.py:321: ResourceWarning: unclosed file <_io.TextIOWrapper name='db.json' mode='r+' encoding='UTF-8'>
  person = mock.Person.get(identifier = 1, eager = ("cats",))
/home/travis/build/failed/hivesolutions/appier/src/appier/test/model.py:328: ResourceWarning: unclosed file <_io.TextIOWrapper name='db.json' mode='r+' encoding='UTF-8'>
  eager = ("cats",)
ok
test_sort (appier.test.model.ModelTest) ... ok
test_validation (appier.test.model.ModelTest) ... ok
test_mock (appier.test.request.RequestTest) ... ok
test_csv (appier.test.serialize.SerializeTest) ... ok
test_expire (appier.test.session.SessionTest) ... ok
test_file (appier.test.session.SessionTest) ... ok
test_memory (appier.test.session.SessionTest) ... ok
test_transient (appier.test.session.SessionTest) ... ok
test_plain (appier.test.smtp.SmtpTest) ... ok
test_order (appier.test.structures.OrderedDictTest) ... ok
test_reference (appier.test.typesf.TypesfTest) ... ok
test_references (appier.test.typesf.TypesfTest) ... ok
test_email_mime (appier.test.util.UtilTest) ... ok
test_email_parts (appier.test.util.UtilTest) ... ok
test_obfuscate (appier.test.util.UtilTest) ... ok

======================================================================
FAIL: test_basic (appier.test.model.ModelTest)
----------------------------------------------------------------------
Traceback (most recent call last):
  File "/home/travis/build/failed/hivesolutions/appier/src/appier/test/model.py", line 63, in test_basic
    self.assertEqual(len(person), 1)
AssertionError: 5 != 1

----------------------------------------------------------------------
Ran 34 tests in 0.783s

FAILED (failures=1)

travis_time:end:0a162140:start=1606492603198531514,finish=1606492605344690549,duration=2146159035[0K
[31;1mThe command "if [[ $TRAVIS_PYTHON_VERSION != "3.2" ]]; then coverage run --source=appier setup.py test; else python setup.py test; fi" exited with 1.[0m

Done. Your build exited with 1.
