travis_fold:start:system_info[0K[33;1mBuild system information[0m
Build language: java
Build id: ''
Job id: ''
[34m[1mBuild image provisioning date and time[0m
Thu Feb  5 15:09:33 UTC 2015
[34m[1mOperating System Details[0m
Distributor ID:	Ubuntu
Description:	Ubuntu 12.04.5 LTS
Release:	12.04
Codename:	precise
[34m[1mLinux Version[0m
3.13.0-29-generic
[34m[1mCookbooks Version[0m
a68419e https://github.com/travis-ci/travis-cookbooks/tree/a68419e
[34m[1mGCC version[0m
gcc (Ubuntu/Linaro 4.6.3-1ubuntu5) 4.6.3
Copyright (C) 2011 Free Software Foundation, Inc.
This is free software; see the source for copying conditions.  There is NO
warranty; not even for MERCHANTABILITY or FITNESS FOR A PARTICULAR PURPOSE.

[34m[1mLLVM version[0m
clang version 3.4 (tags/RELEASE_34/final)
Target: x86_64-unknown-linux-gnu
Thread model: posix
[34m[1mPre-installed Ruby versions[0m
ruby-1.9.3-p551
[34m[1mPre-installed Node.js versions[0m
v0.10.36
[34m[1mPre-installed Go versions[0m
1.4.1
[34m[1mRedis version[0m
redis-server 2.8.19
[34m[1mriak version[0m
2.0.2
[34m[1mMongoDB version[0m
MongoDB 2.4.12
[34m[1mCouchDB version[0m
couchdb 1.6.1
[34m[1mNeo4j version[0m
1.9.4
[34m[1mRabbitMQ Version[0m
3.4.3
[34m[1mElasticSearch version[0m
1.4.0
[34m[1mInstalled Sphinx versions[0m
2.0.10
2.1.9
2.2.6
[34m[1mDefault Sphinx version[0m
2.2.6
[34m[1mInstalled Firefox version[0m
firefox 31.0esr
[34m[1mPhantomJS version[0m
1.9.8
[34m[1mant -version[0m
Apache Ant(TM) version 1.8.2 compiled on December 3 2011
[34m[1mmvn -version[0m
Apache Maven 3.2.5 (12a6b3acb947671f09b81f49094c53f426d8cea1; 2014-12-14T17:29:23+00:00)
Maven home: /usr/local/maven
Java version: 1.7.0_76, vendor: Oracle Corporation
Java home: /usr/lib/jvm/java-7-oracle/jre
Default locale: en_US, platform encoding: ANSI_X3.4-1968
OS name: "linux", version: "3.13.0-29-generic", arch: "amd64", family: "unix"
travis_fold:end:system_info[0K
W: GPG error: http://apt.postgresql.org precise-pgdg Release: The following signatures were invalid: KEYEXPIRED 1562078959
W: Failed to fetch http://ppa.launchpad.net/travis-ci/zero-mq/ubuntu/dists/precise/main/binary-amd64/Packages  403  Forbidden

W: Failed to fetch http://ppa.launchpad.net/travis-ci/zero-mq/ubuntu/dists/precise/main/binary-i386/Packages  403  Forbidden

W: Failed to fetch http://downloads-distro.mongodb.org/repo/debian-sysvinit/dists/dist/10gen/binary-amd64/Packages  Undetermined Error [IP: 52.21.89.200 80]

W: Failed to fetch http://downloads-distro.mongodb.org/repo/debian-sysvinit/dists/dist/10gen/binary-i386/Packages  Undetermined Error [IP: 52.21.89.200 80]

E: Some index files failed to download. They have been ignored, or old ones used instead.
sed: cannot rename /etc/hosts: Device or resource busy
sed: cannot rename /etc/hosts: Device or resource busy
$ jdk_switcher use oraclejdk8
Switching to Oracle JDK8 (java-8-oracle), JAVA_HOME will be set to /usr/lib/jvm/java-8-oracle
$ cd passed/HubTurbo/HubTurbo

[33;1mSetting environment variables from .travis.yml[0m
$ export TERM=dumb

$ export TERM=dumb
$ java -Xmx32m -version
java version "1.8.0_31"
Java(TM) SE Runtime Environment (build 1.8.0_31-b13)
Java HotSpot(TM) 64-Bit Server VM (build 25.31-b07, mixed mode)
$ javac -J-Xmx32m -version
javac 1.8.0_31
travis_fold:start:before_install.1[0Ktravis_time:start:13784c10[0K$ export DISPLAY=:99.0

travis_time:end:13784c10:start=1606392279198443575,finish=1606392279206691103,duration=8247528[0Ktravis_fold:end:before_install.1[0Ktravis_fold:start:before_install.2[0Ktravis_time:start:171432f7[0K$ sh -e /etc/init.d/xvfb start
Starting virtual X frame buffer: Xvfb.

travis_time:end:171432f7:start=1606392279217232009,finish=1606392279229673092,duration=12441083[0Ktravis_fold:end:before_install.2[0Ktravis_fold:start:install[0Ktravis_time:start:19da4ef2[0K$ ./gradlew assemble
Downloading https://services.gradle.org/distributions/gradle-2.3-all.zip
............................................................................................................................................................................................................................................................................................................................................................................................................................................................................................................................................................................................................................................................................................................................................................................................................................................................................................................................................................................................................................................................................................................................................................................................................................................................................................................................................................................................................................................................................................................................................................................................................................................................................................................................................................................................................................................................................................................................................................................................................................................................................................................................................................................................................................................................................................................................................................................................................................................................................................................................................................................................................................................................................................................................................................................................................................................................................................................................................................................................................................................................................................................................
Unzipping /home/travis/.gradle/wrapper/dists/gradle-2.3-all/w01pvxy5gty3tegjrai84pm3/gradle-2.3-all.zip to /home/travis/.gradle/wrapper/dists/gradle-2.3-all/w01pvxy5gty3tegjrai84pm3
Set executable permissions for: /home/travis/.gradle/wrapper/dists/gradle-2.3-all/w01pvxy5gty3tegjrai84pm3/gradle-2.3/bin/gradle
Download https://plugins.gradle.org/m2/org/kt3k/gradle/plugin/coveralls-gradle-plugin/2.3.1/coveralls-gradle-plugin-2.3.1.pom
Download https://plugins.gradle.org/m2/com/github/jengelman/gradle/plugins/shadow/1.2.1/shadow-1.2.1.pom
Download https://plugins.gradle.org/m2/org/apache/httpcomponents/httpmime/4.3/httpmime-4.3.pom
Download https://plugins.gradle.org/m2/org/apache/httpcomponents/httpcomponents-client/4.3/httpcomponents-client-4.3.pom
Download https://plugins.gradle.org/m2/org/apache/httpcomponents/project/7/project-7.pom
Download https://plugins.gradle.org/m2/org/apache/apache/13/apache-13.pom
Download https://plugins.gradle.org/m2/org/eclipse/jgit/org.eclipse.jgit/3.6.0.201412230720-r/org.eclipse.jgit-3.6.0.201412230720-r.pom
Download https://plugins.gradle.org/m2/org/eclipse/jgit/org.eclipse.jgit-parent/3.6.0.201412230720-r/org.eclipse.jgit-parent-3.6.0.201412230720-r.pom
Download https://plugins.gradle.org/m2/org/codehaus/groovy/modules/http-builder/http-builder/0.7.1/http-builder-0.7.1.pom
Download https://plugins.gradle.org/m2/org/jdom/jdom2/2.0.5/jdom2-2.0.5.pom
Download https://plugins.gradle.org/m2/org/ow2/asm/asm/5.0.3/asm-5.0.3.pom
Download https://plugins.gradle.org/m2/org/ow2/asm/asm-parent/5.0.3/asm-parent-5.0.3.pom
Download https://plugins.gradle.org/m2/org/ow2/ow2/1.3/ow2-1.3.pom
Download https://plugins.gradle.org/m2/org/ow2/asm/asm-commons/5.0.3/asm-commons-5.0.3.pom
Download https://plugins.gradle.org/m2/commons-io/commons-io/2.4/commons-io-2.4.pom
Download https://plugins.gradle.org/m2/org/apache/commons/commons-parent/25/commons-parent-25.pom
Download https://plugins.gradle.org/m2/org/apache/apache/9/apache-9.pom
Download https://plugins.gradle.org/m2/org/apache/ant/ant/1.9.4/ant-1.9.4.pom
Download https://plugins.gradle.org/m2/org/apache/ant/ant-parent/1.9.4/ant-parent-1.9.4.pom
Download https://plugins.gradle.org/m2/org/apache/httpcomponents/httpclient/4.3/httpclient-4.3.pom
Download https://plugins.gradle.org/m2/com/jcraft/jsch/0.1.50/jsch-0.1.50.pom
Download https://plugins.gradle.org/m2/org/sonatype/oss/oss-parent/6/oss-parent-6.pom
Download https://plugins.gradle.org/m2/com/googlecode/javaewah/JavaEWAH/0.7.9/JavaEWAH-0.7.9.pom
Download https://plugins.gradle.org/m2/org/sonatype/oss/oss-parent/5/oss-parent-5.pom
Download https://plugins.gradle.org/m2/net/sf/json-lib/json-lib/2.3/json-lib-2.3.pom
Download https://plugins.gradle.org/m2/net/sourceforge/nekohtml/nekohtml/1.9.16/nekohtml-1.9.16.pom
Download https://plugins.gradle.org/m2/xml-resolver/xml-resolver/1.2/xml-resolver-1.2.pom
Download https://plugins.gradle.org/m2/org/apache/apache/3/apache-3.pom
Download https://plugins.gradle.org/m2/org/ow2/asm/asm-tree/5.0.3/asm-tree-5.0.3.pom
Download https://plugins.gradle.org/m2/org/apache/ant/ant-launcher/1.9.4/ant-launcher-1.9.4.pom
Download https://plugins.gradle.org/m2/commons-beanutils/commons-beanutils/1.8.0/commons-beanutils-1.8.0.pom
Download https://plugins.gradle.org/m2/org/apache/commons/commons-parent/11/commons-parent-11.pom
Download https://plugins.gradle.org/m2/org/apache/apache/4/apache-4.pom
Download https://plugins.gradle.org/m2/commons-collections/commons-collections/3.2.1/commons-collections-3.2.1.pom
Download https://plugins.gradle.org/m2/org/apache/commons/commons-parent/9/commons-parent-9.pom
Download https://plugins.gradle.org/m2/commons-lang/commons-lang/2.4/commons-lang-2.4.pom
Download https://plugins.gradle.org/m2/commons-logging/commons-logging/1.1.1/commons-logging-1.1.1.pom
Download https://plugins.gradle.org/m2/org/apache/commons/commons-parent/5/commons-parent-5.pom
Download https://plugins.gradle.org/m2/net/sf/ezmorph/ezmorph/1.0.6/ezmorph-1.0.6.pom
Download https://plugins.gradle.org/m2/xerces/xercesImpl/2.9.1/xercesImpl-2.9.1.pom
Download https://plugins.gradle.org/m2/org/apache/httpcomponents/httpcore/4.3/httpcore-4.3.pom
Download https://plugins.gradle.org/m2/org/apache/httpcomponents/httpcomponents-core/4.3/httpcomponents-core-4.3.pom
Download https://plugins.gradle.org/m2/commons-codec/commons-codec/1.6/commons-codec-1.6.pom
Download https://plugins.gradle.org/m2/org/apache/commons/commons-parent/22/commons-parent-22.pom
Download https://plugins.gradle.org/m2/commons-logging/commons-logging/1.1.3/commons-logging-1.1.3.pom
Download https://plugins.gradle.org/m2/org/apache/commons/commons-parent/28/commons-parent-28.pom
Download https://plugins.gradle.org/m2/org/kt3k/gradle/plugin/coveralls-gradle-plugin/2.3.1/coveralls-gradle-plugin-2.3.1.jar
Download https://plugins.gradle.org/m2/com/github/jengelman/gradle/plugins/shadow/1.2.1/shadow-1.2.1.jar
Download https://plugins.gradle.org/m2/org/apache/httpcomponents/httpmime/4.3/httpmime-4.3.jar
Download https://plugins.gradle.org/m2/org/eclipse/jgit/org.eclipse.jgit/3.6.0.201412230720-r/org.eclipse.jgit-3.6.0.201412230720-r.jar
Download https://plugins.gradle.org/m2/org/codehaus/groovy/modules/http-builder/http-builder/0.7.1/http-builder-0.7.1.jar
Download https://plugins.gradle.org/m2/org/jdom/jdom2/2.0.5/jdom2-2.0.5.jar
Download https://plugins.gradle.org/m2/org/ow2/asm/asm/5.0.3/asm-5.0.3.jar
Download https://plugins.gradle.org/m2/org/ow2/asm/asm-commons/5.0.3/asm-commons-5.0.3.jar
Download https://plugins.gradle.org/m2/commons-io/commons-io/2.4/commons-io-2.4.jar
Download https://plugins.gradle.org/m2/org/apache/ant/ant/1.9.4/ant-1.9.4.jar
Download https://plugins.gradle.org/m2/org/apache/httpcomponents/httpclient/4.3/httpclient-4.3.jar
Download https://plugins.gradle.org/m2/com/jcraft/jsch/0.1.50/jsch-0.1.50.jar
Download https://plugins.gradle.org/m2/com/googlecode/javaewah/JavaEWAH/0.7.9/JavaEWAH-0.7.9.jar
Download https://plugins.gradle.org/m2/net/sf/json-lib/json-lib/2.3/json-lib-2.3-jdk15.jar
Download https://plugins.gradle.org/m2/net/sourceforge/nekohtml/nekohtml/1.9.16/nekohtml-1.9.16.jar
Download https://plugins.gradle.org/m2/xml-resolver/xml-resolver/1.2/xml-resolver-1.2.jar
Download https://plugins.gradle.org/m2/org/ow2/asm/asm-tree/5.0.3/asm-tree-5.0.3.jar
Download https://plugins.gradle.org/m2/org/apache/ant/ant-launcher/1.9.4/ant-launcher-1.9.4.jar
Download https://plugins.gradle.org/m2/commons-beanutils/commons-beanutils/1.8.0/commons-beanutils-1.8.0.jar
Download https://plugins.gradle.org/m2/commons-collections/commons-collections/3.2.1/commons-collections-3.2.1.jar
Download https://plugins.gradle.org/m2/commons-lang/commons-lang/2.4/commons-lang-2.4.jar
Download https://plugins.gradle.org/m2/net/sf/ezmorph/ezmorph/1.0.6/ezmorph-1.0.6.jar
Download https://plugins.gradle.org/m2/xerces/xercesImpl/2.9.1/xercesImpl-2.9.1.jar
Download https://plugins.gradle.org/m2/org/apache/httpcomponents/httpcore/4.3/httpcore-4.3.jar
Download https://plugins.gradle.org/m2/commons-codec/commons-codec/1.6/commons-codec-1.6.jar
Download https://plugins.gradle.org/m2/commons-logging/commons-logging/1.1.3/commons-logging-1.1.3.jar
Download https://jcenter.bintray.com/org/apache/logging/log4j/log4j-api/2.2/log4j-api-2.2.pom
Download https://jcenter.bintray.com/org/apache/logging/log4j/log4j/2.2/log4j-2.2.pom
Download https://jcenter.bintray.com/org/apache/logging/log4j/log4j-core/2.2/log4j-core-2.2.pom
Download https://jcenter.bintray.com/org/controlsfx/controlsfx/8.20.8/controlsfx-8.20.8.pom
Download https://jcenter.bintray.com/com/google/code/gson/gson/2.3.1/gson-2.3.1.pom
Download https://jcenter.bintray.com/org/sonatype/oss/oss-parent/9/oss-parent-9.pom
Download https://jcenter.bintray.com/com/google/guava/guava/18.0/guava-18.0.pom
Download https://jcenter.bintray.com/com/google/guava/guava-parent/18.0/guava-parent-18.0.pom
Download https://jcenter.bintray.com/org/sonatype/oss/oss-parent/7/oss-parent-7.pom
Download https://jcenter.bintray.com/net/java/dev/jna/jna/4.1.0/jna-4.1.0.pom
Download https://jcenter.bintray.com/org/commonjava/googlecode/markdown4j/markdown4j/2.2-cj-1.0/markdown4j-2.2-cj-1.0.pom
Download https://jcenter.bintray.com/org/commonjava/commonjava/2/commonjava-2.pom
Download https://jcenter.bintray.com/org/controlsfx/openjfx-dialogs/1.0.2/openjfx-dialogs-1.0.2.pom
Download https://jcenter.bintray.com/org/apache/servicemix/bundles/org.apache.servicemix.bundles.egit.github.core/2.1.5_1/org.apache.servicemix.bundles.egit.github.core-2.1.5_1.pom
Download https://jcenter.bintray.com/org/apache/servicemix/bundles/bundles-pom/11/bundles-pom-11.pom
Download https://jcenter.bintray.com/org/apache/servicemix/servicemix-pom/5/servicemix-pom-5.pom
Download https://jcenter.bintray.com/org/apache/apache/7/apache-7.pom
Download https://jcenter.bintray.com/org/ocpsoft/prettytime/prettytime/3.2.7.Final/prettytime-3.2.7.Final.pom
Download https://jcenter.bintray.com/org/ocpsoft/prettytime/prettytime-parent/3.2.7.Final/prettytime-parent-3.2.7.Final.pom
Download https://jcenter.bintray.com/org/ocpsoft/ocpsoft-parent/10/ocpsoft-parent-10.pom
Download https://jcenter.bintray.com/org/seleniumhq/selenium/selenium-java/2.45.0/selenium-java-2.45.0.pom
Download https://jcenter.bintray.com/org/seleniumhq/selenium/selenium-parent/2.45.0/selenium-parent-2.45.0.pom
Download https://jcenter.bintray.com/org/seleniumhq/selenium/selenium-server/2.45.0/selenium-server-2.45.0.pom
Download https://jcenter.bintray.com/org/seleniumhq/selenium/selenium-chrome-driver/2.45.0/selenium-chrome-driver-2.45.0.pom
Download https://jcenter.bintray.com/org/seleniumhq/selenium/selenium-htmlunit-driver/2.45.0/selenium-htmlunit-driver-2.45.0.pom
Download https://jcenter.bintray.com/org/seleniumhq/selenium/selenium-firefox-driver/2.45.0/selenium-firefox-driver-2.45.0.pom
Download https://jcenter.bintray.com/org/seleniumhq/selenium/selenium-ie-driver/2.45.0/selenium-ie-driver-2.45.0.pom
Download https://jcenter.bintray.com/org/seleniumhq/selenium/selenium-safari-driver/2.45.0/selenium-safari-driver-2.45.0.pom
Download https://jcenter.bintray.com/org/seleniumhq/selenium/selenium-support/2.45.0/selenium-support-2.45.0.pom
Download https://jcenter.bintray.com/org/webbitserver/webbit/0.4.14/webbit-0.4.14.pom
Download https://jcenter.bintray.com/org/seleniumhq/selenium/selenium-leg-rc/2.45.0/selenium-leg-rc-2.45.0.pom
Download https://jcenter.bintray.com/org/bouncycastle/bcprov-jdk15on/1.48/bcprov-jdk15on-1.48.pom
Download https://jcenter.bintray.com/org/bouncycastle/bcpkix-jdk15on/1.48/bcpkix-jdk15on-1.48.pom
Download https://jcenter.bintray.com/mx4j/mx4j-tools/3.0.1/mx4j-tools-3.0.1.pom
Download https://jcenter.bintray.com/org/mortbay/jetty/servlet-api-2.5/6.1.9/servlet-api-2.5-6.1.9.pom
Download https://jcenter.bintray.com/org/mortbay/jetty/project/6.1.9/project-6.1.9.pom
Download https://jcenter.bintray.com/org/seleniumhq/selenium/jetty-repacked/7.6.1/jetty-repacked-7.6.1.pom
Download https://jcenter.bintray.com/org/seleniumhq/selenium/jetty-rc-repacked/5/jetty-rc-repacked-5.pom
Download https://jcenter.bintray.com/net/jcip/jcip-annotations/1.0/jcip-annotations-1.0.pom
Download https://jcenter.bintray.com/org/yaml/snakeyaml/1.8/snakeyaml-1.8.pom
Download https://jcenter.bintray.com/commons-codec/commons-codec/1.9/commons-codec-1.9.pom
Download https://jcenter.bintray.com/org/apache/commons/commons-parent/32/commons-parent-32.pom
Download https://jcenter.bintray.com/org/seleniumhq/selenium/selenium-remote-driver/2.45.0/selenium-remote-driver-2.45.0.pom
Download https://jcenter.bintray.com/net/sourceforge/htmlunit/htmlunit/2.15/htmlunit-2.15.pom
Download https://jcenter.bintray.com/org/apache/httpcomponents/httpclient/4.3.6/httpclient-4.3.6.pom
Download https://jcenter.bintray.com/org/apache/httpcomponents/httpcomponents-client/4.3.6/httpcomponents-client-4.3.6.pom
Download https://jcenter.bintray.com/org/apache/commons/commons-exec/1.1/commons-exec-1.1.pom
Download https://jcenter.bintray.com/org/apache/commons/commons-parent/17/commons-parent-17.pom
Download https://jcenter.bintray.com/net/java/dev/jna/platform/3.4.0/platform-3.4.0.pom
Download https://jcenter.bintray.com/io/netty/netty/3.5.2.Final/netty-3.5.2.Final.pom
Download https://jcenter.bintray.com/cglib/cglib-nodep/2.1_3/cglib-nodep-2.1_3.pom
Download https://jcenter.bintray.com/org/seleniumhq/selenium/selenium-api/2.45.0/selenium-api-2.45.0.pom
Download https://jcenter.bintray.com/xalan/xalan/2.7.1/xalan-2.7.1.pom
Download https://jcenter.bintray.com/org/apache/commons/commons-lang3/3.3.2/commons-lang3-3.3.2.pom
Download https://jcenter.bintray.com/org/apache/commons/commons-parent/33/commons-parent-33.pom
Download https://jcenter.bintray.com/org/apache/httpcomponents/httpmime/4.3.3/httpmime-4.3.3.pom
Download https://jcenter.bintray.com/org/apache/httpcomponents/httpcomponents-client/4.3.3/httpcomponents-client-4.3.3.pom
Download https://jcenter.bintray.com/net/sourceforge/htmlunit/htmlunit-core-js/2.15/htmlunit-core-js-2.15.pom
Download https://jcenter.bintray.com/xerces/xercesImpl/2.11.0/xercesImpl-2.11.0.pom
Download https://jcenter.bintray.com/net/sourceforge/nekohtml/nekohtml/1.9.21/nekohtml-1.9.21.pom
Download https://jcenter.bintray.com/net/sourceforge/cssparser/cssparser/0.9.14/cssparser-0.9.14.pom
Download https://jcenter.bintray.com/org/eclipse/jetty/jetty-websocket/8.1.15.v20140411/jetty-websocket-8.1.15.v20140411.pom
Download https://jcenter.bintray.com/org/eclipse/jetty/jetty-project/8.1.15.v20140411/jetty-project-8.1.15.v20140411.pom
Download https://jcenter.bintray.com/org/eclipse/jetty/jetty-parent/20/jetty-parent-20.pom
Download https://jcenter.bintray.com/xalan/serializer/2.7.1/serializer-2.7.1.pom
Download https://jcenter.bintray.com/xml-apis/xml-apis/1.4.01/xml-apis-1.4.01.pom
Download https://jcenter.bintray.com/org/w3c/css/sac/1.3/sac-1.3.pom
Download https://jcenter.bintray.com/org/eclipse/jetty/jetty-util/8.1.15.v20140411/jetty-util-8.1.15.v20140411.pom
Download https://jcenter.bintray.com/org/eclipse/jetty/jetty-io/8.1.15.v20140411/jetty-io-8.1.15.v20140411.pom
Download https://jcenter.bintray.com/org/eclipse/jetty/jetty-http/8.1.15.v20140411/jetty-http-8.1.15.v20140411.pom
Download https://jcenter.bintray.com/org/apache/httpcomponents/httpcore/4.3.3/httpcore-4.3.3.pom
Download https://jcenter.bintray.com/org/apache/httpcomponents/httpcomponents-core/4.3.3/httpcomponents-core-4.3.3.pom
Download https://jcenter.bintray.com/org/apache/logging/log4j/log4j-api/2.2/log4j-api-2.2.jar
Download https://jcenter.bintray.com/org/apache/logging/log4j/log4j-core/2.2/log4j-core-2.2.jar
Download https://jcenter.bintray.com/org/controlsfx/controlsfx/8.20.8/controlsfx-8.20.8.jar
Download https://jcenter.bintray.com/com/google/code/gson/gson/2.3.1/gson-2.3.1.jar
Download https://jcenter.bintray.com/com/google/guava/guava/18.0/guava-18.0.jar
Download https://jcenter.bintray.com/net/java/dev/jna/jna/4.1.0/jna-4.1.0.jar
Download https://jcenter.bintray.com/org/commonjava/googlecode/markdown4j/markdown4j/2.2-cj-1.0/markdown4j-2.2-cj-1.0.jar
Download https://jcenter.bintray.com/org/controlsfx/openjfx-dialogs/1.0.2/openjfx-dialogs-1.0.2.jar
Download https://jcenter.bintray.com/org/apache/servicemix/bundles/org.apache.servicemix.bundles.egit.github.core/2.1.5_1/org.apache.servicemix.bundles.egit.github.core-2.1.5_1.jar
Download https://jcenter.bintray.com/org/ocpsoft/prettytime/prettytime/3.2.7.Final/prettytime-3.2.7.Final.jar
Download https://jcenter.bintray.com/org/seleniumhq/selenium/selenium-java/2.45.0/selenium-java-2.45.0.jar
Download https://jcenter.bintray.com/org/seleniumhq/selenium/selenium-server/2.45.0/selenium-server-2.45.0.jar
Download https://jcenter.bintray.com/org/seleniumhq/selenium/selenium-chrome-driver/2.45.0/selenium-chrome-driver-2.45.0.jar
Download https://jcenter.bintray.com/org/seleniumhq/selenium/selenium-htmlunit-driver/2.45.0/selenium-htmlunit-driver-2.45.0.jar
Download https://jcenter.bintray.com/org/seleniumhq/selenium/selenium-firefox-driver/2.45.0/selenium-firefox-driver-2.45.0.jar
Download https://jcenter.bintray.com/org/seleniumhq/selenium/selenium-ie-driver/2.45.0/selenium-ie-driver-2.45.0.jar
Download https://jcenter.bintray.com/org/seleniumhq/selenium/selenium-safari-driver/2.45.0/selenium-safari-driver-2.45.0.jar
Download https://jcenter.bintray.com/org/seleniumhq/selenium/selenium-support/2.45.0/selenium-support-2.45.0.jar
Download https://jcenter.bintray.com/org/webbitserver/webbit/0.4.14/webbit-0.4.14.jar
Download https://jcenter.bintray.com/org/seleniumhq/selenium/selenium-leg-rc/2.45.0/selenium-leg-rc-2.45.0.jar
Download https://jcenter.bintray.com/org/bouncycastle/bcprov-jdk15on/1.48/bcprov-jdk15on-1.48.jar
Download https://jcenter.bintray.com/org/bouncycastle/bcpkix-jdk15on/1.48/bcpkix-jdk15on-1.48.jar
Download https://jcenter.bintray.com/mx4j/mx4j-tools/3.0.1/mx4j-tools-3.0.1.jar
Download https://jcenter.bintray.com/org/mortbay/jetty/servlet-api-2.5/6.1.9/servlet-api-2.5-6.1.9.jar
Download https://jcenter.bintray.com/org/seleniumhq/selenium/jetty-repacked/7.6.1/jetty-repacked-7.6.1.jar
Download https://jcenter.bintray.com/org/seleniumhq/selenium/jetty-rc-repacked/5/jetty-rc-repacked-5.jar
Download https://jcenter.bintray.com/net/jcip/jcip-annotations/1.0/jcip-annotations-1.0.jar
Download https://jcenter.bintray.com/org/yaml/snakeyaml/1.8/snakeyaml-1.8.jar
Download https://jcenter.bintray.com/commons-codec/commons-codec/1.9/commons-codec-1.9.jar
Download https://jcenter.bintray.com/org/seleniumhq/selenium/selenium-remote-driver/2.45.0/selenium-remote-driver-2.45.0.jar
Download https://jcenter.bintray.com/net/sourceforge/htmlunit/htmlunit/2.15/htmlunit-2.15.jar
Download https://jcenter.bintray.com/org/apache/httpcomponents/httpclient/4.3.6/httpclient-4.3.6.jar
Download https://jcenter.bintray.com/org/apache/commons/commons-exec/1.1/commons-exec-1.1.jar
Download https://jcenter.bintray.com/net/java/dev/jna/platform/3.4.0/platform-3.4.0.jar
Download https://jcenter.bintray.com/io/netty/netty/3.5.2.Final/netty-3.5.2.Final.jar
Download https://jcenter.bintray.com/cglib/cglib-nodep/2.1_3/cglib-nodep-2.1_3.jar
Download https://jcenter.bintray.com/org/seleniumhq/selenium/selenium-api/2.45.0/selenium-api-2.45.0.jar
Download https://jcenter.bintray.com/xalan/xalan/2.7.1/xalan-2.7.1.jar
Download https://jcenter.bintray.com/org/apache/commons/commons-lang3/3.3.2/commons-lang3-3.3.2.jar
Download https://jcenter.bintray.com/org/apache/httpcomponents/httpmime/4.3.3/httpmime-4.3.3.jar
Download https://jcenter.bintray.com/net/sourceforge/htmlunit/htmlunit-core-js/2.15/htmlunit-core-js-2.15.jar
Download https://jcenter.bintray.com/xerces/xercesImpl/2.11.0/xercesImpl-2.11.0.jar
Download https://jcenter.bintray.com/net/sourceforge/nekohtml/nekohtml/1.9.21/nekohtml-1.9.21.jar
Download https://jcenter.bintray.com/net/sourceforge/cssparser/cssparser/0.9.14/cssparser-0.9.14.jar
Download https://jcenter.bintray.com/org/eclipse/jetty/jetty-websocket/8.1.15.v20140411/jetty-websocket-8.1.15.v20140411.jar
Download https://jcenter.bintray.com/xalan/serializer/2.7.1/serializer-2.7.1.jar
Download https://jcenter.bintray.com/xml-apis/xml-apis/1.4.01/xml-apis-1.4.01.jar
Download https://jcenter.bintray.com/org/w3c/css/sac/1.3/sac-1.3.jar
Download https://jcenter.bintray.com/org/eclipse/jetty/jetty-util/8.1.15.v20140411/jetty-util-8.1.15.v20140411.jar
Download https://jcenter.bintray.com/org/eclipse/jetty/jetty-io/8.1.15.v20140411/jetty-io-8.1.15.v20140411.jar
Download https://jcenter.bintray.com/org/eclipse/jetty/jetty-http/8.1.15.v20140411/jetty-http-8.1.15.v20140411.jar
Download https://jcenter.bintray.com/org/apache/httpcomponents/httpcore/4.3.3/httpcore-4.3.3.jar
:compileJavaNote: /home/travis/build/passed/HubTurbo/HubTurbo/src/main/java/util/DialogMessage.java uses or overrides a deprecated API.
Note: Recompile with -Xlint:deprecation for details.

:processResources
:classes
:jar
:shadowJar
:assemble

BUILD SUCCESSFUL

Total time: 1 mins 23.184 secs

travis_time:end:19da4ef2:start=1606392279240080412,finish=1606392363349529329,duration=84109448917[0Ktravis_fold:end:install[0Ktravis_time:start:0a30777b[0K$ ./gradlew clean check -i
Connected to daemon DaemonInfo{pid=620, address=[baf947bf-84a4-4b17-b13d-802589b9dee0 port:34159, addresses:[/127.0.0.1]], idle=true, context=DefaultDaemonContext[uid=f03cad6a-61e4-4d2b-81ee-4e26f5c096ed,javaHome=/usr/lib/jvm/java-8-oracle,daemonRegistryDir=/home/travis/.gradle/daemon,pid=620,idleTimeout=10800000,daemonOpts=-XX:MaxPermSize=512m,-XX:+CMSClassUnloadingEnabled,-XX:+CMSPermGenSweepingEnabled,-XX:+HeapDumpOnOutOfMemoryError,-Xmx1024m,-Dfile.encoding=utf-8,-Duser.country=US,-Duser.language=en,-Duser.variant]}. Dispatching request Build{id=329f394e-7b36-4ff9-bad7-c0376102264e.1, currentDir=/home/travis/build/passed/HubTurbo/HubTurbo}.
The client will now receive all logging from the daemon (pid: 620). The daemon log file: /home/travis/.gradle/daemon/2.3/daemon-620.out.log
Starting 2nd build in daemon [uptime: 1 mins 6.362 secs, performance: 100%, memory: 88% of 1.0 GB]
Executing build with daemon context: DefaultDaemonContext[uid=f03cad6a-61e4-4d2b-81ee-4e26f5c096ed,javaHome=/usr/lib/jvm/java-8-oracle,daemonRegistryDir=/home/travis/.gradle/daemon,pid=620,idleTimeout=10800000,daemonOpts=-XX:MaxPermSize=512m,-XX:+CMSClassUnloadingEnabled,-XX:+CMSPermGenSweepingEnabled,-XX:+HeapDumpOnOutOfMemoryError,-Xmx1024m,-Dfile.encoding=utf-8,-Duser.country=US,-Duser.language=en,-Duser.variant]
Closing daemon's stdin at end of input.
The daemon will no longer process any standard input.
Starting Build
Settings evaluated using settings file '/home/travis/build/passed/HubTurbo/HubTurbo/settings.gradle'.
Projects loaded. Root project using build file '/home/travis/build/passed/HubTurbo/HubTurbo/build.gradle'.
Included projects: [root project 'HubTurbo']
Evaluating root project 'HubTurbo' using build file '/home/travis/build/passed/HubTurbo/HubTurbo/build.gradle'.
All projects evaluated.
Selected primary task 'clean' from project :
Selected primary task 'check' from project :
Tasks to be executed: [task ':clean', task ':compileJava', task ':processResources', task ':classes', task ':compileTestJava', task ':processTestResources', task ':testClasses', task ':test', task ':check']
:clean (Thread[Daemon worker,5,main]) started.
:clean
In-memory cache of /home/travis/build/passed/HubTurbo/HubTurbo/.gradle/2.3/taskArtifacts/fileHashes.bin: Size{406}, CacheStats{hitCount=0, missCount=0, loadSuccessCount=0, loadExceptionCount=0, totalLoadTime=0, evictionCount=0}
In-memory cache of /home/travis/build/passed/HubTurbo/HubTurbo/.gradle/2.3/taskArtifacts/outputFileStates.bin: Size{5}, CacheStats{hitCount=0, missCount=0, loadSuccessCount=0, loadExceptionCount=0, totalLoadTime=0, evictionCount=0}
In-memory cache of /home/travis/build/passed/HubTurbo/HubTurbo/.gradle/2.3/taskArtifacts/fileSnapshots.bin: Size{8}, CacheStats{hitCount=0, missCount=0, loadSuccessCount=0, loadExceptionCount=0, totalLoadTime=0, evictionCount=0}
In-memory cache of /home/travis/build/passed/HubTurbo/HubTurbo/.gradle/2.3/taskArtifacts/taskArtifacts.bin: Size{4}, CacheStats{hitCount=0, missCount=0, loadSuccessCount=0, loadExceptionCount=0, totalLoadTime=0, evictionCount=0}
Executing task ':clean' (up-to-date check took 0.0 secs) due to:
  Task has not declared any outputs.
:clean (Thread[Daemon worker,5,main]) completed. Took 0.03 secs.
:compileJava (Thread[Daemon worker,5,main]) started.
:compileJava
Executing task ':compileJava' (up-to-date check took 0.088 secs) due to:
  Output file /home/travis/build/passed/HubTurbo/HubTurbo/build/dependency-cache has changed.
  Output file /home/travis/build/passed/HubTurbo/HubTurbo/build/classes/main has changed.
  Output file /home/travis/build/passed/HubTurbo/HubTurbo/build/classes/main/github/update/IssueUpdateService$2.class has been removed.
All input files are considered out-of-date for incremental task ':compileJava'.
Compiling with JDK Java compiler API.
Note: /home/travis/build/passed/HubTurbo/HubTurbo/src/main/java/util/DialogMessage.java uses or overrides a deprecated API.
Note: Recompile with -Xlint:deprecation for details.
:compileJava (Thread[Daemon worker,5,main]) completed. Took 1.116 secs.
:processResources (Thread[Daemon worker,5,main]) started.
:processResources
Executing task ':processResources' (up-to-date check took 0.002 secs) due to:
  Output file /home/travis/build/passed/HubTurbo/HubTurbo/build/resources/main has changed.
  Output file /home/travis/build/passed/HubTurbo/HubTurbo/build/resources/main/log4j2.xml has been removed.
  Output file /home/travis/build/passed/HubTurbo/HubTurbo/build/resources/main/ui/hubturbo.css has been removed.
:processResources (Thread[Daemon worker,5,main]) completed. Took 0.105 secs.
:classes (Thread[Daemon worker,5,main]) started.
:classes
Skipping task ':classes' as it has no actions.
:classes (Thread[Daemon worker,5,main]) completed. Took 0.001 secs.
:compileTestJava (Thread[Daemon worker,5,main]) started.
:compileTestJava
Download https://jcenter.bintray.com/junit/junit/4.12/junit-4.12.pom
Download https://jcenter.bintray.com/org/loadui/testFx/3.1.0/testFx-3.1.0.pom
Download https://jcenter.bintray.com/org/hamcrest/hamcrest-core/1.3/hamcrest-core-1.3.pom
Download https://jcenter.bintray.com/org/hamcrest/hamcrest-parent/1.3/hamcrest-parent-1.3.pom
Download https://jcenter.bintray.com/org/hamcrest/hamcrest-all/1.3/hamcrest-all-1.3.pom
Download https://jcenter.bintray.com/junit/junit/4.12/junit-4.12.jar
Download https://jcenter.bintray.com/org/loadui/testFx/3.1.0/testFx-3.1.0.jar
Download https://jcenter.bintray.com/org/hamcrest/hamcrest-core/1.3/hamcrest-core-1.3.jar
Download https://jcenter.bintray.com/org/hamcrest/hamcrest-all/1.3/hamcrest-all-1.3.jar
Executing task ':compileTestJava' (up-to-date check took 1.221 secs) due to:
  No history is available.
All input files are considered out-of-date for incremental task ':compileTestJava'.
Compiling with JDK Java compiler API.
:compileTestJava (Thread[Daemon worker,5,main]) completed. Took 1.487 secs.
:processTestResources (Thread[Daemon worker,5,main]) started.
:processTestResources
Executing task ':processTestResources' (up-to-date check took 0.209 secs) due to:
  No history is available.
:processTestResources (Thread[Daemon worker,5,main]) completed. Took 0.223 secs.
:testClasses (Thread[Daemon worker,5,main]) started.
:testClasses
Skipping task ':testClasses' as it has no actions.
:testClasses (Thread[Daemon worker,5,main]) completed. Took 0.0 secs.
:test (Thread[Daemon worker,5,main]) started.
:test
Executing task ':test' (up-to-date check took 0.03 secs) due to:
  No history is available.
Download https://jcenter.bintray.com/org/jacoco/org.jacoco.agent/0.7.4.201502262128/org.jacoco.agent-0.7.4.201502262128.pom
Download https://jcenter.bintray.com/org/jacoco/org.jacoco.build/0.7.4.201502262128/org.jacoco.build-0.7.4.201502262128.pom
Download https://jcenter.bintray.com/org/jacoco/org.jacoco.agent/0.7.4.201502262128/org.jacoco.agent-0.7.4.201502262128.jar
[ant:null] Building jar: /home/travis/.gradle/caches/2.3/workerMain/gradle-worker.jar
Starting process 'Gradle Test Executor 1'. Working directory: /home/travis/build/passed/HubTurbo/HubTurbo Command: /usr/lib/jvm/java-8-oracle/bin/java -Djava.security.manager=jarjar.org.gradle.process.internal.child.BootstrapSecurityManager -javaagent:build/tmp/expandedArchives/org.jacoco.agent-0.7.4.201502262128.jar_dnibj84r518qfgg9zfvgoi1cd/jacocoagent.jar=destfile=build/jacoco/test.exec,append=true,dumponexit=true,output=file,jmx=false -Dfile.encoding=UTF-8 -Duser.country=US -Duser.language=en -Duser.variant -ea -cp /home/travis/.gradle/caches/2.3/workerMain/gradle-worker.jar jarjar.org.gradle.process.internal.launcher.GradleWorkerMain 'Gradle Test Executor 1'
Successfully started process 'Gradle Test Executor 1'
Gradle Test Executor 1 started executing tests.
Xlib:  extension "RANDR" missing on display ":99.0".

guitests.ChromeDriverTest > chromeDriverStubTest STANDARD_OUT
    2020-11-26 12:06:10,817 INFO Log4j appears to be running in a Servlet environment, but there's no log4j-web module available. If you want better web container support, please add the log4j-web JAR to your web archive or server lib directory.
    2379 26 Nov 2020 12:06:11 INFO UI [JavaFX Application Thread] - Registered event handler RepoOpenedEventHandler
    2525 26 Nov 2020 12:06:11 INFO UI [JavaFX Application Thread] - Registered event handler UpdateProgressEventHandler
    2577 26 Nov 2020 12:06:11 INFO TickingTimer [JavaFX Application Thread] - Started TickingTimer Browser Request Delay Timer
    2578 26 Nov 2020 12:06:11 INFO UI [JavaFX Application Thread] - Registered event handler IssueSelectedEventHandler
    2580 26 Nov 2020 12:06:11 INFO UI [JavaFX Application Thread] - Registered event handler IssueCreatedEventHandler
    2581 26 Nov 2020 12:06:11 INFO UI [JavaFX Application Thread] - Registered event handler LabelCreatedEventHandler
    2582 26 Nov 2020 12:06:11 INFO UI [JavaFX Application Thread] - Registered event handler MilestoneCreatedEventHandler
    2583 26 Nov 2020 12:06:11 INFO UI [JavaFX Application Thread] - Registered event handler ModelUpdatedEventHandler
    2584 26 Nov 2020 12:06:11 INFO UI [JavaFX Application Thread] - Registered event handler IssueSelectedEventHandler
    2586 26 Nov 2020 12:06:11 INFO UI [JavaFX Application Thread] - Registered event handler ColumnClickedEventHandler
    2614 26 Nov 2020 12:06:11 INFO UI [JavaFX Application Thread] - Registered event handler BoardSavedEventHandler
    3388 26 Nov 2020 12:06:12 INFO UI [JavaFX Application Thread] - Registered event handler UpdateDummyRepoEventHandler
    3390 26 Nov 2020 12:06:12 INFO UI [JavaFX Application Thread] - Registered event handler ClearLogicModelEventHandler
    3391 26 Nov 2020 12:06:12 INFO UI [JavaFX Application Thread] - About to trigger event ModelUpdatedEvent
    3394 26 Nov 2020 12:06:12 INFO UI [JavaFX Application Thread] - Triggered event ModelUpdatedEvent
    3396 26 Nov 2020 12:06:12 INFO TickingTimer [JavaFX Application Thread] - Started TickingTimer Refresh Timer
    3424 26 Nov 2020 12:06:12 INFO Logic [JavaFX Application Thread] - Opening dummy/dummy
    3435 26 Nov 2020 12:06:12 INFO UI [JavaFX Application Thread] - About to trigger event BoardSavedEvent
    3437 26 Nov 2020 12:06:12 INFO UI [JavaFX Application Thread] - Triggered event BoardSavedEvent
    3441 26 Nov 2020 12:06:12 INFO DownloadRepoTask [pool-5-thread-1] - dummy/dummy | Downloaded 10 issue(s), 10 label(s), 10 milestone(s), 10 user(s)
    3450 26 Nov 2020 12:06:12 INFO UpdateIssuesTask [pool-5-thread-1] - dummy/dummy | 10 issue(s)) changed: [#1 Issue 1, #2 Issue 2, #3 Issue 3, #4 Issue 4, #5 Issue 5, #6 Issue 6, #7 Issue 7, #8 Issue 8, #9 Issue 9, #10 Issue 10]
    3450 26 Nov 2020 12:06:12 INFO UpdateLabelsTask [pool-5-thread-3] - dummy/dummy | 10 label(s)) changed: [Label 1, Label 2, Label 3, Label 4, Label 5, Label 6, Label 7, Label 8, Label 9, Label 10]
    3450 26 Nov 2020 12:06:12 INFO UpdateMilestonesTask [pool-5-thread-4] - dummy/dummy | 10 milestone(s)) changed: [Milestone 1, Milestone 2, Milestone 3, Milestone 4, Milestone 5, Milestone 6, Milestone 7, Milestone 8, Milestone 9, Milestone 10]
    3450 26 Nov 2020 12:06:12 INFO UpdateUsersTask [pool-5-thread-5] - dummy/dummy | 10 user(s)) changed: [User 1, User 2, User 3, User 4, User 5, User 6, User 7, User 8, User 9, User 10]
    3452 26 Nov 2020 12:06:12 INFO UpdateModelTask [pool-5-thread-2] - dummy/dummy | Updated model with 10 issue(s), 10 label(s), 10 milestone(s), 10 user(s)
    3464 26 Nov 2020 12:06:12 INFO BrowserComponent [JavaFX Application Thread] - Could not find chromedriver_linux; extracted it from jar
    3468 26 Nov 2020 12:06:12 INFO BrowserComponent [JavaFX Application Thread] - Logging in on GitHub...
    3472 26 Nov 2020 12:06:12 INFO UI [pool-5-thread-2] - About to trigger event RepoOpenedEvent
    3474 26 Nov 2020 12:06:12 INFO UI [JavaFX Application Thread] - Registered event handler UILogicRefreshEventHandler
    3476 26 Nov 2020 12:06:12 INFO UI [pool-5-thread-2] - Triggered event RepoOpenedEvent
    3595 26 Nov 2020 12:06:12 INFO UI [JavaFX Application Thread] - Registered event handler ModelUpdatedEventHandler
    3752 26 Nov 2020 12:06:12 INFO UI [JavaFX Application Thread] - About to trigger event ModelUpdatedEvent
    3756 26 Nov 2020 12:06:12 INFO UI [JavaFX Application Thread] - Triggered event ModelUpdatedEvent

guitests.ChromeDriverTest > chromeDriverStubTest STANDARD_ERROR
    Starting ChromeDriver 2.14.313457 (3d645c400edf2e2c500566c9aa096063e707c9cf) on port 30997
    Only local connections are allowed.

guitests.ChromeDriverTest > chromeDriverStubTest STANDARD_OUT
    4090 26 Nov 2020 12:06:12 INFO BrowserComponent [JavaFX Application Thread] - Initializing ChromeDriver
    4373 26 Nov 2020 12:06:13 INFO BrowserComponent [JavaFX Application Thread] - Initializing ChromeDriver
    4392 26 Nov 2020 12:06:13 INFO UI [Test worker] - About to trigger event IssueSelectedEvent

guitests.ChromeDriverTest > chromeDriverStubTest STANDARD_ERROR
    Exception in thread "Test worker" java.lang.IllegalStateException: Not on FX application thread; currentThread = Test worker
    	at com.sun.javafx.tk.Toolkit.checkFxUserThread(Toolkit.java:204)
    	at com.sun.javafx.tk.quantum.QuantumToolkit.checkFxUserThread(QuantumToolkit.java:364)
    	at javafx.scene.Scene.addToDirtyList(Scene.java:485)
    	at javafx.scene.Node.addToSceneDirtyList(Node.java:424)
    	at javafx.scene.Node.impl_markDirty(Node.java:415)
    	at javafx.scene.Node.impl_geomChanged(Node.java:3784)
    	at javafx.scene.layout.Region.access$1100(Region.java:141)
    	at javafx.scene.layout.Region$4.invalidated(Region.java:638)
    	at javafx.beans.property.ObjectPropertyBase.markInvalid(ObjectPropertyBase.java:111)
    	at javafx.beans.property.ObjectPropertyBase.set(ObjectPropertyBase.java:145)
    	at javafx.css.StyleableObjectProperty.set(StyleableObjectProperty.java:82)
    	at javafx.css.StyleableObjectProperty.applyStyle(StyleableObjectProperty.java:68)
    	at javafx.scene.CssStyleHelper.resetToInitialValues(CssStyleHelper.java:452)
    	at javafx.scene.CssStyleHelper.createStyleHelper(CssStyleHelper.java:180)
    	at javafx.scene.Node.reapplyCss(Node.java:8785)
    	at javafx.scene.Node.impl_reapplyCSS(Node.java:8748)
    	at javafx.scene.Node$3.onChanged(Node.java:998)
    	at com.sun.javafx.collections.TrackableObservableList.lambda$new$20(TrackableObservableList.java:45)
    	at com.sun.javafx.collections.TrackableObservableList$$Lambda$62/2032475345.onChanged(Unknown Source)
    	at com.sun.javafx.collections.ListListenerHelper$SingleChange.fireValueChangedEvent(ListListenerHelper.java:164)
    	at com.sun.javafx.collections.ListListenerHelper.fireValueChangedEvent(ListListenerHelper.java:73)
    	at javafx.collections.ObservableListBase.fireChange(ObservableListBase.java:233)
    	at javafx.collections.ListChangeBuilder.commit(ListChangeBuilder.java:482)
    	at javafx.collections.ListChangeBuilder.endChange(ListChangeBuilder.java:541)
    	at javafx.collections.ObservableListBase.endChange(ObservableListBase.java:205)
    	at javafx.collections.ModifiableObservableListBase.remove(ModifiableObservableListBase.java:183)
    	at javafx.collections.ModifiableObservableListBase.remove(ModifiableObservableListBase.java:171)
    	at ui.issuecolumn.ColumnControl.updateCSSforColumns(ColumnControl.java:147)
    	at ui.issuecolumn.ColumnControl.setCurrentlySelectedColumn(ColumnControl.java:141)
    	at ui.issuecolumn.ColumnControl.lambda$new$37(ColumnControl.java:52)
    	at ui.issuecolumn.ColumnControl$$Lambda$100/1111405587.handle(Unknown Source)
    	at sun.reflect.NativeMethodAccessorImpl.invoke0(Native Method)
    	at sun.reflect.NativeMethodAccessorImpl.invoke(NativeMethodAccessorImpl.java:62)
    	at sun.reflect.DelegatingMethodAccessorImpl.invoke(DelegatingMethodAccessorImpl.java:43)
    	at java.lang.reflect.Method.invoke(Method.java:483)
    	at com.google.common.eventbus.EventSubscriber.handleEvent(EventSubscriber.java:74)
    	at com.google.common.eventbus.SynchronizedEventSubscriber.handleEvent(SynchronizedEventSubscriber.java:47)
    	at com.google.common.eventbus.EventBus.dispatch(EventBus.java:322)
    	at com.google.common.eventbus.EventBus.dispatchQueuedEvents(EventBus.java:304)
    	at com.google.common.eventbus.EventBus.post(EventBus.java:275)
    	at ui.UI.triggerEvent(UI.java:324)
    	at guitests.ChromeDriverTest.chromeDriverStubTest(ChromeDriverTest.java:21)
    	at sun.reflect.NativeMethodAccessorImpl.invoke0(Native Method)
    	at sun.reflect.NativeMethodAccessorImpl.invoke(NativeMethodAccessorImpl.java:62)
    	at sun.reflect.DelegatingMethodAccessorImpl.invoke(DelegatingMethodAccessorImpl.java:43)
    	at java.lang.reflect.Method.invoke(Method.java:483)
    	at org.junit.runners.model.FrameworkMethod$1.runReflectiveCall(FrameworkMethod.java:50)
    	at org.junit.internal.runners.model.ReflectiveCallable.run(ReflectiveCallable.java:12)
    	at org.junit.runners.model.FrameworkMethod.invokeExplosively(FrameworkMethod.java:47)
    	at org.junit.internal.runners.statements.InvokeMethod.evaluate(InvokeMethod.java:17)
    	at org.junit.internal.runners.statements.RunBefores.evaluate(RunBefores.java:26)
    	at org.junit.runners.ParentRunner.runLeaf(ParentRunner.java:325)
    	at org.junit.runners.BlockJUnit4ClassRunner.runChild(BlockJUnit4ClassRunner.java:78)
    	at org.junit.runners.BlockJUnit4ClassRunner.runChild(BlockJUnit4ClassRunner.java:57)
    	at org.junit.runners.ParentRunner$3.run(ParentRunner.java:290)
    	at org.junit.runners.ParentRunner$1.schedule(ParentRunner.java:71)
    	at org.junit.runners.ParentRunner.runChildren(ParentRunner.java:288)
    	at org.junit.runners.ParentRunner.access$000(ParentRunner.java:58)
    	at org.junit.runners.ParentRunner$2.evaluate(ParentRunner.java:268)
    	at org.junit.runners.ParentRunner.run(ParentRunner.java:363)
    	at org.gradle.api.internal.tasks.testing.junit.JUnitTestClassExecuter.runTestClass(JUnitTestClassExecuter.java:86)
    	at org.gradle.api.internal.tasks.testing.junit.JUnitTestClassExecuter.execute(JUnitTestClassExecuter.java:49)
    	at org.gradle.api.internal.tasks.testing.junit.JUnitTestClassProcessor.processTestClass(JUnitTestClassProcessor.java:64)
    	at org.gradle.api.internal.tasks.testing.SuiteTestClassProcessor.processTestClass(SuiteTestClassProcessor.java:50)
    	at sun.reflect.NativeMethodAccessorImpl.invoke0(Native Method)
    	at sun.reflect.NativeMethodAccessorImpl.invoke(NativeMethodAccessorImpl.java:62)
    	at sun.reflect.DelegatingMethodAccessorImpl.invoke(DelegatingMethodAccessorImpl.java:43)
    	at java.lang.reflect.Method.invoke(Method.java:483)
    	at org.gradle.messaging.dispatch.ReflectionDispatch.dispatch(ReflectionDispatch.java:35)
    	at org.gradle.messaging.dispatch.ReflectionDispatch.dispatch(ReflectionDispatch.java:24)
    	at org.gradle.messaging.dispatch.ContextClassLoaderDispatch.dispatch(ContextClassLoaderDispatch.java:32)
    	at org.gradle.messaging.dispatch.ProxyDispatchAdapter$DispatchingInvocationHandler.invoke(ProxyDispatchAdapter.java:93)
    	at com.sun.proxy.$Proxy2.processTestClass(Unknown Source)
    	at org.gradle.api.internal.tasks.testing.worker.TestWorker.processTestClass(TestWorker.java:106)
    	at sun.reflect.NativeMethodAccessorImpl.invoke0(Native Method)
    	at sun.reflect.NativeMethodAccessorImpl.invoke(NativeMethodAccessorImpl.java:62)
    	at sun.reflect.DelegatingMethodAccessorImpl.invoke(DelegatingMethodAccessorImpl.java:43)
    	at java.lang.reflect.Method.invoke(Method.java:483)
    	at org.gradle.messaging.dispatch.ReflectionDispatch.dispatch(ReflectionDispatch.java:35)
    	at org.gradle.messaging.dispatch.ReflectionDispatch.dispatch(ReflectionDispatch.java:24)
    	at org.gradle.messaging.remote.internal.hub.MessageHub$Handler.run(MessageHub.java:360)
    	at org.gradle.internal.concurrent.DefaultExecutorFactory$StoppableExecutorImpl$1.run(DefaultExecutorFactory.java:64)
    	at java.util.concurrent.ThreadPoolExecutor.runWorker(ThreadPoolExecutor.java:1142)
    	at java.util.concurrent.ThreadPoolExecutor$Worker.run(ThreadPoolExecutor.java:617)
    	at java.lang.Thread.run(Thread.java:745)

guitests.ChromeDriverTest > chromeDriverStubTest STANDARD_OUT
    4403 26 Nov 2020 12:06:13 INFO UI [Test worker] - Triggered event IssueSelectedEvent

guitests.ChromeDriverTest > chromeDriverStubTest STANDARD_ERROR
    [0.654][WARNING]: PAC support disabled because there is no system implementation

guitests.ChromeDriverTest > chromeDriverStubTest STANDARD_OUT
    4841 26 Nov 2020 12:06:13 INFO BrowserComponent [JavaFX Application Thread] - Showing issue #1
    5404 26 Nov 2020 12:06:14 INFO UI [Test worker] - About to trigger event IssueCreatedEvent
    5406 26 Nov 2020 12:06:14 INFO BrowserComponent [Test worker] - Navigating to New Issue page
    5407 26 Nov 2020 12:06:14 INFO UI [Test worker] - Triggered event IssueCreatedEvent
    5408 26 Nov 2020 12:06:14 INFO UI [Test worker] - About to trigger event LabelCreatedEvent
    5409 26 Nov 2020 12:06:14 INFO BrowserComponent [Test worker] - Navigating to New Label page
    5410 26 Nov 2020 12:06:14 INFO UI [Test worker] - Triggered event LabelCreatedEvent
    5411 26 Nov 2020 12:06:14 INFO UI [Test worker] - About to trigger event MilestoneCreatedEvent
    5412 26 Nov 2020 12:06:14 INFO BrowserComponent [Test worker] - Navigating to New Milestone page
    5413 26 Nov 2020 12:06:14 INFO UI [Test worker] - Triggered event MilestoneCreatedEvent
    6082 26 Nov 2020 12:06:14 INFO MenuControl [JavaFX Application Thread] - Menu: View > Documentation
    6083 26 Nov 2020 12:06:14 INFO BrowserComponent [JavaFX Application Thread] - Showing documentation page
Gradle Test Executor 1 finished executing tests.
Starting process 'Gradle Test Executor 2'. Working directory: /home/travis/build/passed/HubTurbo/HubTurbo Command: /usr/lib/jvm/java-8-oracle/bin/java -Djava.security.manager=jarjar.org.gradle.process.internal.child.BootstrapSecurityManager -javaagent:build/tmp/expandedArchives/org.jacoco.agent-0.7.4.201502262128.jar_dnibj84r518qfgg9zfvgoi1cd/jacocoagent.jar=destfile=build/jacoco/test.exec,append=true,dumponexit=true,output=file,jmx=false -Dfile.encoding=UTF-8 -Duser.country=US -Duser.language=en -Duser.variant -ea -cp /home/travis/.gradle/caches/2.3/workerMain/gradle-worker.jar jarjar.org.gradle.process.internal.launcher.GradleWorkerMain 'Gradle Test Executor 2'
Successfully started process 'Gradle Test Executor 2'
Gradle Test Executor 2 started executing tests.
Xlib:  extension "RANDR" missing on display ":99.0".

guitests.InvalidLoginTest > invalidLoginTest STANDARD_OUT
    2020-11-26 12:06:17,545 INFO Log4j appears to be running in a Servlet environment, but there's no log4j-web module available. If you want better web container support, please add the log4j-web JAR to your web archive or server lib directory.
    2412 26 Nov 2020 12:06:17 INFO UI [JavaFX Application Thread] - Registered event handler RepoOpenedEventHandler
    2566 26 Nov 2020 12:06:18 INFO UI [JavaFX Application Thread] - Registered event handler UpdateProgressEventHandler
    2622 26 Nov 2020 12:06:18 INFO TickingTimer [JavaFX Application Thread] - Started TickingTimer Browser Request Delay Timer
    2624 26 Nov 2020 12:06:18 INFO UI [JavaFX Application Thread] - Registered event handler IssueSelectedEventHandler
    2626 26 Nov 2020 12:06:18 INFO UI [JavaFX Application Thread] - Registered event handler IssueCreatedEventHandler
    2627 26 Nov 2020 12:06:18 INFO UI [JavaFX Application Thread] - Registered event handler LabelCreatedEventHandler
    2629 26 Nov 2020 12:06:18 INFO UI [JavaFX Application Thread] - Registered event handler MilestoneCreatedEventHandler
    2630 26 Nov 2020 12:06:18 INFO UI [JavaFX Application Thread] - Registered event handler ModelUpdatedEventHandler
    2631 26 Nov 2020 12:06:18 INFO UI [JavaFX Application Thread] - Registered event handler IssueSelectedEventHandler
    2632 26 Nov 2020 12:06:18 INFO UI [JavaFX Application Thread] - Registered event handler ColumnClickedEventHandler
    2664 26 Nov 2020 12:06:18 INFO UI [JavaFX Application Thread] - Registered event handler BoardSavedEventHandler
    3392 26 Nov 2020 12:06:18 INFO UI [JavaFX Application Thread] - Registered event handler UpdateDummyRepoEventHandler
    3395 26 Nov 2020 12:06:18 INFO UI [JavaFX Application Thread] - Registered event handler ClearLogicModelEventHandler
    3395 26 Nov 2020 12:06:18 INFO UI [JavaFX Application Thread] - About to trigger event ModelUpdatedEvent
    3399 26 Nov 2020 12:06:18 INFO UI [JavaFX Application Thread] - Triggered event ModelUpdatedEvent
    3400 26 Nov 2020 12:06:18 INFO TickingTimer [JavaFX Application Thread] - Started TickingTimer Refresh Timer
    10518 26 Nov 2020 12:06:26 INFO Logic [pool-7-thread-1] - Logging in as HubTurbo
Gradle Test Executor 2 finished executing tests.
Starting process 'Gradle Test Executor 3'. Working directory: /home/travis/build/passed/HubTurbo/HubTurbo Command: /usr/lib/jvm/java-8-oracle/bin/java -Djava.security.manager=jarjar.org.gradle.process.internal.child.BootstrapSecurityManager -javaagent:build/tmp/expandedArchives/org.jacoco.agent-0.7.4.201502262128.jar_dnibj84r518qfgg9zfvgoi1cd/jacocoagent.jar=destfile=build/jacoco/test.exec,append=true,dumponexit=true,output=file,jmx=false -Dfile.encoding=UTF-8 -Duser.country=US -Duser.language=en -Duser.variant -ea -cp /home/travis/.gradle/caches/2.3/workerMain/gradle-worker.jar jarjar.org.gradle.process.internal.launcher.GradleWorkerMain 'Gradle Test Executor 3'
Successfully started process 'Gradle Test Executor 3'
Gradle Test Executor 3 started executing tests.
Xlib:  extension "RANDR" missing on display ":99.0".

guitests.ModelUpdateUITest > addIssueTest STANDARD_OUT
    2020-11-26 12:06:28,805 INFO Log4j appears to be running in a Servlet environment, but there's no log4j-web module available. If you want better web container support, please add the log4j-web JAR to your web archive or server lib directory.
    2307 26 Nov 2020 12:06:29 INFO UI [JavaFX Application Thread] - Registered event handler RepoOpenedEventHandler
    2442 26 Nov 2020 12:06:29 INFO UI [JavaFX Application Thread] - Registered event handler UpdateProgressEventHandler
    2490 26 Nov 2020 12:06:29 INFO TickingTimer [JavaFX Application Thread] - Started TickingTimer Browser Request Delay Timer
    2492 26 Nov 2020 12:06:29 INFO UI [JavaFX Application Thread] - Registered event handler IssueSelectedEventHandler
    2493 26 Nov 2020 12:06:29 INFO UI [JavaFX Application Thread] - Registered event handler IssueCreatedEventHandler
    2494 26 Nov 2020 12:06:29 INFO UI [JavaFX Application Thread] - Registered event handler LabelCreatedEventHandler
    2496 26 Nov 2020 12:06:29 INFO UI [JavaFX Application Thread] - Registered event handler MilestoneCreatedEventHandler
    2497 26 Nov 2020 12:06:29 INFO UI [JavaFX Application Thread] - Registered event handler ModelUpdatedEventHandler
    2498 26 Nov 2020 12:06:29 INFO UI [JavaFX Application Thread] - Registered event handler IssueSelectedEventHandler
    2499 26 Nov 2020 12:06:29 INFO UI [JavaFX Application Thread] - Registered event handler ColumnClickedEventHandler
    2528 26 Nov 2020 12:06:29 INFO UI [JavaFX Application Thread] - Registered event handler BoardSavedEventHandler
    3333 26 Nov 2020 12:06:30 INFO UI [JavaFX Application Thread] - Registered event handler UpdateDummyRepoEventHandler
    3336 26 Nov 2020 12:06:30 INFO UI [JavaFX Application Thread] - Registered event handler ClearLogicModelEventHandler
    3336 26 Nov 2020 12:06:30 INFO UI [JavaFX Application Thread] - About to trigger event ModelUpdatedEvent
    3340 26 Nov 2020 12:06:30 INFO UI [JavaFX Application Thread] - Triggered event ModelUpdatedEvent
    3342 26 Nov 2020 12:06:30 INFO TickingTimer [JavaFX Application Thread] - Started TickingTimer Refresh Timer
    3364 26 Nov 2020 12:06:30 INFO Logic [JavaFX Application Thread] - Opening dummy/dummy
    3379 26 Nov 2020 12:06:30 INFO UI [JavaFX Application Thread] - About to trigger event BoardSavedEvent
    3381 26 Nov 2020 12:06:30 INFO UI [JavaFX Application Thread] - Triggered event BoardSavedEvent
    3382 26 Nov 2020 12:06:30 INFO DownloadRepoTask [pool-5-thread-1] - dummy/dummy | Downloaded 10 issue(s), 10 label(s), 10 milestone(s), 10 user(s)
    3392 26 Nov 2020 12:06:30 INFO BrowserComponent [JavaFX Application Thread] - Located chromedriver_linux
    3393 26 Nov 2020 12:06:30 INFO UpdateUsersTask [pool-5-thread-5] - dummy/dummy | 10 user(s)) changed: [User 1, User 2, User 3, User 4, User 5, User 6, User 7, User 8, User 9, User 10]
    3393 26 Nov 2020 12:06:30 INFO UpdateIssuesTask [pool-5-thread-1] - dummy/dummy | 10 issue(s)) changed: [#1 Issue 1, #2 Issue 2, #3 Issue 3, #4 Issue 4, #5 Issue 5, #6 Issue 6, #7 Issue 7, #8 Issue 8, #9 Issue 9, #10 Issue 10]
    3393 26 Nov 2020 12:06:30 INFO UpdateLabelsTask [pool-5-thread-3] - dummy/dummy | 10 label(s)) changed: [Label 1, Label 2, Label 3, Label 4, Label 5, Label 6, Label 7, Label 8, Label 9, Label 10]
    3393 26 Nov 2020 12:06:30 INFO UpdateMilestonesTask [pool-5-thread-4] - dummy/dummy | 10 milestone(s)) changed: [Milestone 1, Milestone 2, Milestone 3, Milestone 4, Milestone 5, Milestone 6, Milestone 7, Milestone 8, Milestone 9, Milestone 10]
    3394 26 Nov 2020 12:06:30 INFO UI [JavaFX Application Thread] - Registered event handler UILogicRefreshEventHandler
    3395 26 Nov 2020 12:06:30 INFO UpdateModelTask [pool-5-thread-2] - dummy/dummy | Updated model with 10 issue(s), 10 label(s), 10 milestone(s), 10 user(s)
    3420 26 Nov 2020 12:06:30 INFO UI [pool-5-thread-2] - About to trigger event RepoOpenedEvent
    3426 26 Nov 2020 12:06:30 INFO UI [pool-5-thread-2] - Triggered event RepoOpenedEvent
    3509 26 Nov 2020 12:06:30 INFO UI [JavaFX Application Thread] - Registered event handler ModelUpdatedEventHandler
    3573 26 Nov 2020 12:06:30 INFO UI [JavaFX Application Thread] - About to trigger event ModelUpdatedEvent
    3576 26 Nov 2020 12:06:30 INFO UI [JavaFX Application Thread] - Triggered event ModelUpdatedEvent
    4274 26 Nov 2020 12:06:31 INFO UI [Test worker] - About to trigger event UpdateDummyRepoEvent
    4278 26 Nov 2020 12:06:31 INFO UI [Test worker] - About to trigger event ClearLogicModelEvent
    4279 26 Nov 2020 12:06:31 INFO UI [Test worker] - Triggered event ClearLogicModelEvent
    4280 26 Nov 2020 12:06:31 INFO Logic [Test worker] - Attempting to reset dummy/dummy
    4280 26 Nov 2020 12:06:31 INFO Logic [Test worker] - Clearing dummy/dummy successful.
    4282 26 Nov 2020 12:06:31 INFO UI [Test worker] - Triggered event UpdateDummyRepoEvent
    4282 26 Nov 2020 12:06:31 INFO Logic [pool-7-thread-1] - Opening dummy/dummy
    4283 26 Nov 2020 12:06:31 INFO UI [Test worker] - About to trigger event UILogicRefreshEvent
    4283 26 Nov 2020 12:06:31 INFO DownloadRepoTask [pool-5-thread-2] - dummy/dummy | Downloaded 10 issue(s), 10 label(s), 10 milestone(s), 10 user(s)
    4283 26 Nov 2020 12:06:31 INFO UI [Test worker] - Triggered event UILogicRefreshEvent
    4284 26 Nov 2020 12:06:31 INFO UpdateLabelsTask [pool-5-thread-2] - dummy/dummy | 10 label(s)) changed: [Label 1, Label 2, Label 3, Label 4, Label 5, Label 6, Label 7, Label 8, Label 9, Label 10]
    4284 26 Nov 2020 12:06:31 INFO UpdateIssuesTask [pool-5-thread-1] - dummy/dummy | 10 issue(s)) changed: [#1 Issue 1, #2 Issue 2, #3 Issue 3, #4 Issue 4, #5 Issue 5, #6 Issue 6, #7 Issue 7, #8 Issue 8, #9 Issue 9, #10 Issue 10]
    4284 26 Nov 2020 12:06:31 INFO UpdateMilestonesTask [pool-5-thread-3] - dummy/dummy | 10 milestone(s)) changed: [Milestone 1, Milestone 2, Milestone 3, Milestone 4, Milestone 5, Milestone 6, Milestone 7, Milestone 8, Milestone 9, Milestone 10]
    4284 26 Nov 2020 12:06:31 INFO UpdateUsersTask [pool-5-thread-5] - dummy/dummy | 10 user(s)) changed: [User 1, User 2, User 3, User 4, User 5, User 6, User 7, User 8, User 9, User 10]
    4285 26 Nov 2020 12:06:31 INFO UpdateModelTask [pool-5-thread-4] - dummy/dummy | Updated model with 10 issue(s), 10 label(s), 10 milestone(s), 10 user(s)
    4285 26 Nov 2020 12:06:31 INFO Logic [JavaFX Application Thread] - Refreshing 
    4286 26 Nov 2020 12:06:31 INFO UI [pool-5-thread-4] - About to trigger event RepoOpenedEvent
    4288 26 Nov 2020 12:06:31 INFO UI [JavaFX Application Thread] - About to trigger event ModelUpdatedEvent

guitests.ModelUpdateUITest > addIssueTest STANDARD_ERROR
    Exception in thread "pool-5-thread-4" java.lang.IllegalStateException: Not on FX application thread; currentThread = pool-5-thread-4
    	at com.sun.javafx.tk.Toolkit.checkFxUserThread(Toolkit.java:204)
    	at com.sun.javafx.tk.quantum.QuantumToolkit.checkFxUserThread(QuantumToolkit.java:364)
    	at javafx.scene.Scene.addToDirtyList(Scene.java:485)
    	at javafx.scene.Node.addToSceneDirtyList(Node.java:424)
    	at javafx.scene.Node.impl_markDirty(Node.java:415)
    	at javafx.scene.shape.Shape.impl_markDirty(Shape.java:942)
    	at javafx.scene.Node.impl_geomChanged(Node.java:3784)
    	at javafx.scene.text.Text.impl_geomChanged(Text.java:763)
    	at javafx.scene.text.Text.needsTextLayout(Text.java:194)
    	at javafx.scene.text.Text.needsFullTextLayout(Text.java:189)
    	at javafx.scene.text.Text.access$200(Text.java:96)
    	at javafx.scene.text.Text$2.invalidated(Text.java:386)
    	at javafx.beans.property.StringPropertyBase.markInvalid(StringPropertyBase.java:109)
    	at javafx.beans.property.StringPropertyBase.access$000(StringPropertyBase.java:49)
    	at javafx.beans.property.StringPropertyBase$Listener.invalidated(StringPropertyBase.java:229)

guitests.ModelUpdateUITest > addIssueTest STANDARD_OUT
    4289 26 Nov 2020 12:06:31 INFO UI [JavaFX Application Thread] - Triggered event ModelUpdatedEvent

guitests.ModelUpdateUITest > addIssueTest STANDARD_ERROR
    	at com.sun.javafx.binding.ExpressionHelper$SingleInvalidation.fireValueChangedEvent(ExpressionHelper.java:137)
    	at com.sun.javafx.binding.ExpressionHelper.fireValueChangedEvent(ExpressionHelper.java:81)
    	at javafx.beans.binding.StringBinding.invalidate(StringBinding.java:171)
    	at com.sun.javafx.binding.BindingHelperObserver.invalidated(BindingHelperObserver.java:51)
    	at com.sun.javafx.binding.ExpressionHelper$Generic.fireValueChangedEvent(ExpressionHelper.java:349)
    	at com.sun.javafx.binding.ExpressionHelper.fireValueChangedEvent(ExpressionHelper.java:81)
    	at javafx.scene.control.TextInputControl$TextProperty.fireValueChangedEvent(TextInputControl.java:1123)

guitests.ModelUpdateUITest > addIssueTest STANDARD_OUT
    4290 26 Nov 2020 12:06:31 INFO UI [JavaFX Application Thread] - About to trigger event ModelUpdatedEvent

guitests.ModelUpdateUITest > addIssueTest STANDARD_ERROR
    	at javafx.scene.control.TextInputControl$TextProperty.markInvalid(TextInputControl.java:1127)
    	at javafx.scene.control.TextInputControl$TextProperty.invalidate(TextInputControl.java:1066)
    	at javafx.scene.control.TextInputControl$TextProperty.access$1300(TextInputControl.java:1038)
    	at javafx.scene.control.TextInputControl.lambda$new$163(TextInputControl.java:134)
    	at javafx.scene.control.TextInputControl$$Lambda$183/2069051814.invalidated(Unknown Source)
    	at com.sun.javafx.binding.ExpressionHelper$SingleInvalidation.fireValueChangedEvent(ExpressionHelper.java:137)
    	at com.sun.javafx.binding.ExpressionHelper.fireValueChangedEvent(ExpressionHelper.java:81)
    	at javafx.scene.control.TextField$TextFieldContent.delete(TextField.java:97)
    	at javafx.scene.control.TextInputControl$TextProperty.doSet(TextInputControl.java:1135)
    	at javafx.scene.control.TextInputControl$TextProperty.set(TextInputControl.java:1061)
    	at javafx.scene.control.TextInputControl.setText(TextInputControl.java:282)
    	at com.sun.javafx.scene.control.skin.ComboBoxListViewSkin.updateDisplayNode(ComboBoxListViewSkin.java:494)
    	at com.sun.javafx.scene.control.skin.ComboBoxListViewSkin.getDisplayNode(ComboBoxListViewSkin.java:288)
    	at com.sun.javafx.scene.control.skin.ComboBoxBaseSkin.updateDisplayArea(ComboBoxBaseSkin.java:141)
    	at com.sun.javafx.scene.control.skin.ComboBoxBaseSkin.handleControlPropertyChanged(ComboBoxBaseSkin.java:134)
    	at com.sun.javafx.scene.control.skin.ComboBoxListViewSkin.handleControlPropertyChanged(ComboBoxListViewSkin.java:231)

guitests.ModelUpdateUITest > addIssueTest STANDARD_OUT
    4292 26 Nov 2020 12:06:31 INFO UI [JavaFX Application Thread] - Triggered event ModelUpdatedEvent

guitests.ModelUpdateUITest > addIssueTest STANDARD_ERROR
    	at com.sun.javafx.scene.control.skin.BehaviorSkinBase.lambda$registerChangeListener$60(BehaviorSkinBase.java:197)
    	at com.sun.javafx.scene.control.skin.BehaviorSkinBase$$Lambda$167/1843177495.call(Unknown Source)
    	at com.sun.javafx.scene.control.MultiplePropertyChangeListenerHandler$1.changed(MultiplePropertyChangeListenerHandler.java:55)
    	at javafx.beans.value.WeakChangeListener.changed(WeakChangeListener.java:89)
    	at com.sun.javafx.binding.ExpressionHelper$Generic.fireValueChangedEvent(ExpressionHelper.java:361)
    	at com.sun.javafx.binding.ExpressionHelper.fireValueChangedEvent(ExpressionHelper.java:81)
    	at javafx.beans.property.ObjectPropertyBase.fireValueChangedEvent(ObjectPropertyBase.java:105)
    	at javafx.beans.property.ObjectPropertyBase.markInvalid(ObjectPropertyBase.java:112)
    	at javafx.beans.property.ObjectPropertyBase.set(ObjectPropertyBase.java:145)
    	at javafx.scene.control.ComboBoxBase.setValue(ComboBoxBase.java:167)
    	at javafx.scene.control.ComboBox.updateValue(ComboBox.java:468)
    	at javafx.scene.control.ComboBox.access$300(ComboBox.java:187)
    	at javafx.scene.control.ComboBox$4.changed(ComboBox.java:453)
    	at com.sun.javafx.binding.ExpressionHelper$Generic.fireValueChangedEvent(ExpressionHelper.java:361)
    	at com.sun.javafx.binding.ExpressionHelper.fireValueChangedEvent(ExpressionHelper.java:81)
    	at javafx.beans.property.ReadOnlyObjectWrapper$ReadOnlyPropertyImpl.fireValueChangedEvent(ReadOnlyObjectWrapper.java:176)
    	at javafx.beans.property.ReadOnlyObjectWrapper.fireValueChangedEvent(ReadOnlyObjectWrapper.java:142)
    	at javafx.beans.property.ObjectPropertyBase.markInvalid(ObjectPropertyBase.java:112)
    	at javafx.beans.property.ObjectPropertyBase.set(ObjectPropertyBase.java:145)
    	at javafx.scene.control.SelectionModel.setSelectedItem(SelectionModel.java:102)
    	at javafx.scene.control.ComboBox$ComboBoxSelectionModel.lambda$new$152(ComboBox.java:499)
    	at javafx.scene.control.ComboBox$ComboBoxSelectionModel$$Lambda$84/2081435091.invalidated(Unknown Source)
    	at com.sun.javafx.binding.ExpressionHelper$SingleInvalidation.fireValueChangedEvent(ExpressionHelper.java:137)
    	at com.sun.javafx.binding.ExpressionHelper.fireValueChangedEvent(ExpressionHelper.java:81)
    	at javafx.beans.property.ReadOnlyIntegerWrapper$ReadOnlyPropertyImpl.fireValueChangedEvent(ReadOnlyIntegerWrapper.java:176)
    	at javafx.beans.property.ReadOnlyIntegerWrapper.fireValueChangedEvent(ReadOnlyIntegerWrapper.java:142)
    	at javafx.beans.property.IntegerPropertyBase.markInvalid(IntegerPropertyBase.java:113)
    	at javafx.beans.property.IntegerPropertyBase.set(IntegerPropertyBase.java:146)
    	at javafx.scene.control.SelectionModel.setSelectedIndex(SelectionModel.java:68)
    	at javafx.scene.control.ComboBox$ComboBoxSelectionModel$1.onChanged(ComboBox.java:521)
    	at javafx.collections.WeakListChangeListener.onChanged(WeakListChangeListener.java:88)
    	at com.sun.javafx.collections.ListListenerHelper$Generic.fireValueChangedEvent(ListListenerHelper.java:329)
    	at com.sun.javafx.collections.ListListenerHelper.fireValueChangedEvent(ListListenerHelper.java:73)
    	at javafx.collections.ObservableListBase.fireChange(ObservableListBase.java:233)
    	at javafx.collections.ListChangeBuilder.commit(ListChangeBuilder.java:482)
    	at javafx.collections.ListChangeBuilder.endChange(ListChangeBuilder.java:541)
    	at javafx.collections.ObservableListBase.endChange(ObservableListBase.java:205)
    	at com.sun.javafx.collections.ObservableListWrapper.clear(ObservableListWrapper.java:157)
    	at ui.RepositorySelector.refreshContents(RepositorySelector.java:65)
    	at ui.UI.onRepoOpened(UI.java:207)
    	at ui.UI.lambda$initPreApplicationState$28(UI.java:147)
    	at ui.UI$$Lambda$66/477306644.handle(Unknown Source)
    	at sun.reflect.NativeMethodAccessorImpl.invoke0(Native Method)
    	at sun.reflect.NativeMethodAccessorImpl.invoke(NativeMethodAccessorImpl.java:62)
    	at sun.reflect.DelegatingMethodAccessorImpl.invoke(DelegatingMethodAccessorImpl.java:43)
    	at java.lang.reflect.Method.invoke(Method.java:483)
    	at com.google.common.eventbus.EventSubscriber.handleEvent(EventSubscriber.java:74)
    	at com.google.common.eventbus.SynchronizedEventSubscriber.handleEvent(SynchronizedEventSubscriber.java:47)
    	at com.google.common.eventbus.EventBus.dispatch(EventBus.java:322)
    	at com.google.common.eventbus.EventBus.dispatchQueuedEvents(EventBus.java:304)
    	at com.google.common.eventbus.EventBus.post(EventBus.java:275)
    	at ui.UI.triggerEvent(UI.java:324)
    	at backend.Logic.lambda$null$5(Logic.java:112)
    	at backend.Logic$$Lambda$311/272948965.run(Unknown Source)
    	at java.util.concurrent.CompletableFuture$ThenRun.run(CompletableFuture.java:810)
    	at java.util.concurrent.CompletableFuture.postComplete(CompletableFuture.java:193)
    	at java.util.concurrent.CompletableFuture.internalComplete(CompletableFuture.java:210)
    	at java.util.concurrent.CompletableFuture$ThenRun.run(CompletableFuture.java:816)
    	at java.util.concurrent.CompletableFuture.postComplete(CompletableFuture.java:193)
    	at java.util.concurrent.CompletableFuture.internalComplete(CompletableFuture.java:210)
    	at java.util.concurrent.CompletableFuture$ThenApply.run(CompletableFuture.java:723)
    	at java.util.concurrent.CompletableFuture.postComplete(CompletableFuture.java:193)
    	at java.util.concurrent.CompletableFuture.internalComplete(CompletableFuture.java:210)
    	at java.util.concurrent.CompletableFuture$ExceptionCompletion.run(CompletableFuture.java:1255)
    	at java.util.concurrent.CompletableFuture.postComplete(CompletableFuture.java:193)
    	at java.util.concurrent.CompletableFuture.internalComplete(CompletableFuture.java:210)
    	at java.util.concurrent.CompletableFuture$ThenCopy.run(CompletableFuture.java:1333)
    	at java.util.concurrent.CompletableFuture.postComplete(CompletableFuture.java:193)
    	at java.util.concurrent.CompletableFuture.internalComplete(CompletableFuture.java:210)
    	at java.util.concurrent.CompletableFuture$ExceptionCompletion.run(CompletableFuture.java:1255)
    	at java.util.concurrent.CompletableFuture.postComplete(CompletableFuture.java:193)
    	at java.util.concurrent.CompletableFuture.internalComplete(CompletableFuture.java:210)
    	at java.util.concurrent.CompletableFuture$ThenApply.run(CompletableFuture.java:723)
    	at java.util.concurrent.CompletableFuture.postComplete(CompletableFuture.java:193)
    	at java.util.concurrent.CompletableFuture.complete(CompletableFuture.java:2345)
    	at backend.github.UpdateModelTask.run(UpdateModelTask.java:49)
    	at java.util.concurrent.ThreadPoolExecutor.runWorker(ThreadPoolExecutor.java:1142)
    	at java.util.concurrent.ThreadPoolExecutor$Worker.run(ThreadPoolExecutor.java:617)
    	at java.lang.Thread.run(Thread.java:745)
    Exception in thread "pool-5-thread-4" java.lang.IllegalStateException: Not on FX application thread; currentThread = pool-5-thread-4
    	at com.sun.javafx.tk.Toolkit.checkFxUserThread(Toolkit.java:204)
    	at com.sun.javafx.tk.quantum.QuantumToolkit.checkFxUserThread(QuantumToolkit.java:364)
    	at javafx.scene.Scene.addToDirtyList(Scene.java:485)
    	at javafx.scene.Node.addToSceneDirtyList(Node.java:424)
    	at javafx.scene.Node.impl_markDirty(Node.java:415)
    	at javafx.scene.shape.Shape.impl_markDirty(Shape.java:942)
    	at javafx.scene.Node.transformedBoundsChanged(Node.java:3815)
    	at javafx.scene.Node.impl_geomChanged(Node.java:3779)
    	at javafx.scene.text.Text.impl_geomChanged(Text.java:763)
    	at javafx.scene.text.Text.needsTextLayout(Text.java:194)
    	at javafx.scene.text.Text.needsFullTextLayout(Text.java:189)
    	at javafx.scene.text.Text.access$200(Text.java:96)
    	at javafx.scene.text.Text$2.invalidated(Text.java:386)
    	at javafx.beans.property.StringPropertyBase.markInvalid(StringPropertyBase.java:109)
    	at javafx.beans.property.StringPropertyBase.access$000(StringPropertyBase.java:49)
    	at javafx.beans.property.StringPropertyBase$Listener.invalidated(StringPropertyBase.java:229)
    	at com.sun.javafx.binding.ExpressionHelper$SingleInvalidation.fireValueChangedEvent(ExpressionHelper.java:137)
    	at com.sun.javafx.binding.ExpressionHelper.fireValueChangedEvent(ExpressionHelper.java:81)
    	at javafx.beans.binding.StringBinding.invalidate(StringBinding.java:171)
    	at com.sun.javafx.binding.BindingHelperObserver.invalidated(BindingHelperObserver.java:51)
    	at com.sun.javafx.binding.ExpressionHelper$Generic.fireValueChangedEvent(ExpressionHelper.java:349)
    	at com.sun.javafx.binding.ExpressionHelper.fireValueChangedEvent(ExpressionHelper.java:81)
    	at javafx.scene.control.TextInputControl$TextProperty.fireValueChangedEvent(TextInputControl.java:1123)
    	at javafx.scene.control.TextInputControl$TextProperty.markInvalid(TextInputControl.java:1127)
    	at javafx.scene.control.TextInputControl$TextProperty.set(TextInputControl.java:1062)
    	at javafx.scene.control.TextInputControl.setText(TextInputControl.java:282)
    	at com.sun.javafx.scene.control.skin.ComboBoxListViewSkin.updateDisplayNode(ComboBoxListViewSkin.java:494)
    	at com.sun.javafx.scene.control.skin.ComboBoxListViewSkin.getDisplayNode(ComboBoxListViewSkin.java:288)
    	at com.sun.javafx.scene.control.skin.ComboBoxBaseSkin.updateDisplayArea(ComboBoxBaseSkin.java:141)
    	at com.sun.javafx.scene.control.skin.ComboBoxBaseSkin.handleControlPropertyChanged(ComboBoxBaseSkin.java:134)
    	at com.sun.javafx.scene.control.skin.ComboBoxListViewSkin.handleControlPropertyChanged(ComboBoxListViewSkin.java:231)
    	at com.sun.javafx.scene.control.skin.BehaviorSkinBase.lambda$registerChangeListener$60(BehaviorSkinBase.java:197)
    	at com.sun.javafx.scene.control.skin.BehaviorSkinBase$$Lambda$167/1843177495.call(Unknown Source)
    	at com.sun.javafx.scene.control.MultiplePropertyChangeListenerHandler$1.changed(MultiplePropertyChangeListenerHandler.java:55)
    	at javafx.beans.value.WeakChangeListener.changed(WeakChangeListener.java:89)
    	at com.sun.javafx.binding.ExpressionHelper$Generic.fireValueChangedEvent(ExpressionHelper.java:361)
    	at com.sun.javafx.binding.ExpressionHelper.fireValueChangedEvent(ExpressionHelper.java:81)
    	at javafx.beans.property.ObjectPropertyBase.fireValueChangedEvent(ObjectPropertyBase.java:105)
    	at javafx.beans.property.ObjectPropertyBase.markInvalid(ObjectPropertyBase.java:112)
    	at javafx.beans.property.ObjectPropertyBase.set(ObjectPropertyBase.java:145)
    	at javafx.scene.control.ComboBoxBase.setValue(ComboBoxBase.java:167)
    	at javafx.scene.control.ComboBox.updateValue(ComboBox.java:468)
    	at javafx.scene.control.ComboBox.access$300(ComboBox.java:187)
    	at javafx.scene.control.ComboBox$4.changed(ComboBox.java:453)
    	at com.sun.javafx.binding.ExpressionHelper$Generic.fireValueChangedEvent(ExpressionHelper.java:361)
    	at com.sun.javafx.binding.ExpressionHelper.fireValueChangedEvent(ExpressionHelper.java:81)
    	at javafx.beans.property.ReadOnlyObjectWrapper$ReadOnlyPropertyImpl.fireValueChangedEvent(ReadOnlyObjectWrapper.java:176)
    	at javafx.beans.property.ReadOnlyObjectWrapper.fireValueChangedEvent(ReadOnlyObjectWrapper.java:142)
    	at javafx.beans.property.ObjectPropertyBase.markInvalid(ObjectPropertyBase.java:112)
    	at javafx.beans.property.ObjectPropertyBase.set(ObjectPropertyBase.java:145)
    	at javafx.scene.control.SelectionModel.setSelectedItem(SelectionModel.java:102)
    	at javafx.scene.control.ComboBox$ComboBoxSelectionModel.lambda$new$152(ComboBox.java:499)
    	at javafx.scene.control.ComboBox$ComboBoxSelectionModel$$Lambda$84/2081435091.invalidated(Unknown Source)
    	at com.sun.javafx.binding.ExpressionHelper$SingleInvalidation.fireValueChangedEvent(ExpressionHelper.java:137)
    	at com.sun.javafx.binding.ExpressionHelper.fireValueChangedEvent(ExpressionHelper.java:81)
    	at javafx.beans.property.ReadOnlyIntegerWrapper$ReadOnlyPropertyImpl.fireValueChangedEvent(ReadOnlyIntegerWrapper.java:176)
    	at javafx.beans.property.ReadOnlyIntegerWrapper.fireValueChangedEvent(ReadOnlyIntegerWrapper.java:142)
    	at javafx.beans.property.IntegerPropertyBase.markInvalid(IntegerPropertyBase.java:113)
    	at javafx.beans.property.IntegerPropertyBase.set(IntegerPropertyBase.java:146)
    	at javafx.scene.control.SelectionModel.setSelectedIndex(SelectionModel.java:68)
    	at javafx.scene.control.ComboBox$ComboBoxSelectionModel$1.onChanged(ComboBox.java:521)
    	at javafx.collections.WeakListChangeListener.onChanged(WeakListChangeListener.java:88)
    	at com.sun.javafx.collections.ListListenerHelper$Generic.fireValueChangedEvent(ListListenerHelper.java:329)
    	at com.sun.javafx.collections.ListListenerHelper.fireValueChangedEvent(ListListenerHelper.java:73)
    	at javafx.collections.ObservableListBase.fireChange(ObservableListBase.java:233)
    	at javafx.collections.ListChangeBuilder.commit(ListChangeBuilder.java:482)
    	at javafx.collections.ListChangeBuilder.endChange(ListChangeBuilder.java:541)
    	at javafx.collections.ObservableListBase.endChange(ObservableListBase.java:205)
    	at com.sun.javafx.collections.ObservableListWrapper.clear(ObservableListWrapper.java:157)
    	at ui.RepositorySelector.refreshContents(RepositorySelector.java:65)
    	at ui.UI.onRepoOpened(UI.java:207)
    	at ui.UI.lambda$initPreApplicationState$28(UI.java:147)
    	at ui.UI$$Lambda$66/477306644.handle(Unknown Source)
    	at sun.reflect.NativeMethodAccessorImpl.invoke0(Native Method)
    	at sun.reflect.NativeMethodAccessorImpl.invoke(NativeMethodAccessorImpl.java:62)
    	at sun.reflect.DelegatingMethodAccessorImpl.invoke(DelegatingMethodAccessorImpl.java:43)
    	at java.lang.reflect.Method.invoke(Method.java:483)
    	at com.google.common.eventbus.EventSubscriber.handleEvent(EventSubscriber.java:74)
    	at com.google.common.eventbus.SynchronizedEventSubscriber.handleEvent(SynchronizedEventSubscriber.java:47)
    	at com.google.common.eventbus.EventBus.dispatch(EventBus.java:322)
    	at com.google.common.eventbus.EventBus.dispatchQueuedEvents(EventBus.java:304)
    	at com.google.common.eventbus.EventBus.post(EventBus.java:275)
    	at ui.UI.triggerEvent(UI.java:324)
    	at backend.Logic.lambda$null$5(Logic.java:112)
    	at backend.Logic$$Lambda$311/272948965.run(Unknown Source)
    	at java.util.concurrent.CompletableFuture$ThenRun.run(CompletableFuture.java:810)
    	at java.util.concurrent.CompletableFuture.postComplete(CompletableFuture.java:193)
    	at java.util.concurrent.CompletableFuture.internalComplete(CompletableFuture.java:210)
    	at java.util.concurrent.CompletableFuture$ThenRun.run(CompletableFuture.java:816)
    	at java.util.concurrent.CompletableFuture.postComplete(CompletableFuture.java:193)
    	at java.util.concurrent.CompletableFuture.internalComplete(CompletableFuture.java:210)
    	at java.util.concurrent.CompletableFuture$ThenApply.run(CompletableFuture.java:723)
    	at java.util.concurrent.CompletableFuture.postComplete(CompletableFuture.java:193)
    	at java.util.concurrent.CompletableFuture.internalComplete(CompletableFuture.java:210)
    	at java.util.concurrent.CompletableFuture$ExceptionCompletion.run(CompletableFuture.java:1255)
    	at java.util.concurrent.CompletableFuture.postComplete(CompletableFuture.java:193)
    	at java.util.concurrent.CompletableFuture.internalComplete(CompletableFuture.java:210)
    	at java.util.concurrent.CompletableFuture$ThenCopy.run(CompletableFuture.java:1333)
    	at java.util.concurrent.CompletableFuture.postComplete(CompletableFuture.java:193)
    	at java.util.concurrent.CompletableFuture.internalComplete(CompletableFuture.java:210)
    	at java.util.concurrent.CompletableFuture$ExceptionCompletion.run(CompletableFuture.java:1255)
    	at java.util.concurrent.CompletableFuture.postComplete(CompletableFuture.java:193)
    	at java.util.concurrent.CompletableFuture.internalComplete(CompletableFuture.java:210)
    	at java.util.concurrent.CompletableFuture$ThenApply.run(CompletableFuture.java:723)
    	at java.util.concurrent.CompletableFuture.postComplete(CompletableFuture.java:193)
    	at java.util.concurrent.CompletableFuture.complete(CompletableFuture.java:2345)
    	at backend.github.UpdateModelTask.run(UpdateModelTask.java:49)
    	at java.util.concurrent.ThreadPoolExecutor.runWorker(ThreadPoolExecutor.java:1142)
    	at java.util.concurrent.ThreadPoolExecutor$Worker.run(ThreadPoolExecutor.java:617)
    	at java.lang.Thread.run(Thread.java:745)
    Exception in thread "pool-5-thread-4" java.lang.IllegalStateException: Not on FX application thread; currentThread = pool-5-thread-4
    	at com.sun.javafx.tk.Toolkit.checkFxUserThread(Toolkit.java:204)
    	at com.sun.javafx.tk.quantum.QuantumToolkit.checkFxUserThread(QuantumToolkit.java:364)
    	at javafx.scene.Scene.addToDirtyList(Scene.java:485)
    	at javafx.scene.Node.addToSceneDirtyList(Node.java:424)
    	at javafx.scene.Node.impl_markDirty(Node.java:415)
    	at javafx.scene.Node.impl_geomChanged(Node.java:3784)
    	at javafx.scene.Parent.childBoundsChanged(Parent.java:1728)
    	at javafx.scene.Node.notifyParentOfBoundsChange(Node.java:3856)
    	at javafx.scene.Node.transformedBoundsChanged(Node.java:3818)
    	at javafx.scene.Node.impl_geomChanged(Node.java:3779)
    	at javafx.scene.text.Text.impl_geomChanged(Text.java:763)
    	at javafx.scene.text.Text.needsTextLayout(Text.java:194)
    	at javafx.scene.text.Text.needsFullTextLayout(Text.java:189)
    	at javafx.scene.text.Text.access$200(Text.java:96)
    	at javafx.scene.text.Text$2.invalidated(Text.java:386)
    	at javafx.beans.property.StringPropertyBase.markInvalid(StringPropertyBase.java:109)
    	at javafx.beans.property.StringPropertyBase.access$000(StringPropertyBase.java:49)
    	at javafx.beans.property.StringPropertyBase$Listener.invalidated(StringPropertyBase.java:229)
    	at com.sun.javafx.binding.ExpressionHelper$SingleInvalidation.fireValueChangedEvent(ExpressionHelper.java:137)
    	at com.sun.javafx.binding.ExpressionHelper.fireValueChangedEvent(ExpressionHelper.java:81)
    	at javafx.beans.binding.StringBinding.invalidate(StringBinding.java:171)
    	at com.sun.javafx.binding.BindingHelperObserver.invalidated(BindingHelperObserver.java:51)
    	at com.sun.javafx.binding.ExpressionHelper$Generic.fireValueChangedEvent(ExpressionHelper.java:349)
    	at com.sun.javafx.binding.ExpressionHelper.fireValueChangedEvent(ExpressionHelper.java:81)
    	at javafx.scene.control.TextInputControl$TextProperty.fireValueChangedEvent(TextInputControl.java:1123)
    	at javafx.scene.control.TextInputControl$TextProperty.markInvalid(TextInputControl.java:1127)
    	at javafx.scene.control.TextInputControl$TextProperty.set(TextInputControl.java:1062)
    	at javafx.scene.control.TextInputControl.setText(TextInputControl.java:282)
    	at com.sun.javafx.scene.control.skin.ComboBoxListViewSkin.updateDisplayNode(ComboBoxListViewSkin.java:494)
    	at com.sun.javafx.scene.control.skin.ComboBoxListViewSkin.lambda$createListView$304(ComboBoxListViewSkin.java:655)
    	at com.sun.javafx.scene.control.skin.ComboBoxListViewSkin$$Lambda$193/2144274366.invalidated(Unknown Source)
    	at com.sun.javafx.binding.ExpressionHelper$Generic.fireValueChangedEvent(ExpressionHelper.java:349)
    	at com.sun.javafx.binding.ExpressionHelper.fireValueChangedEvent(ExpressionHelper.java:81)
    	at javafx.beans.property.ReadOnlyIntegerWrapper$ReadOnlyPropertyImpl.fireValueChangedEvent(ReadOnlyIntegerWrapper.java:176)
    	at javafx.beans.property.ReadOnlyIntegerWrapper.fireValueChangedEvent(ReadOnlyIntegerWrapper.java:142)
    	at javafx.beans.property.IntegerPropertyBase.markInvalid(IntegerPropertyBase.java:113)
    	at javafx.beans.property.IntegerPropertyBase.set(IntegerPropertyBase.java:146)
    	at javafx.scene.control.SelectionModel.setSelectedIndex(SelectionModel.java:68)
    	at javafx.scene.control.MultipleSelectionModelBase.clearSelection(MultipleSelectionModelBase.java:625)
    	at com.sun.javafx.scene.control.skin.ComboBoxListViewSkin.updateValue(ComboBoxListViewSkin.java:413)
    	at com.sun.javafx.scene.control.skin.ComboBoxListViewSkin.handleControlPropertyChanged(ComboBoxListViewSkin.java:250)
    	at com.sun.javafx.scene.control.skin.BehaviorSkinBase.lambda$registerChangeListener$60(BehaviorSkinBase.java:197)
    	at com.sun.javafx.scene.control.skin.BehaviorSkinBase$$Lambda$167/1843177495.call(Unknown Source)
    	at com.sun.javafx.scene.control.MultiplePropertyChangeListenerHandler$1.changed(MultiplePropertyChangeListenerHandler.java:55)
    	at javafx.beans.value.WeakChangeListener.changed(WeakChangeListener.java:89)
    	at com.sun.javafx.binding.ExpressionHelper$Generic.fireValueChangedEvent(ExpressionHelper.java:361)
    	at com.sun.javafx.binding.ExpressionHelper.fireValueChangedEvent(ExpressionHelper.java:81)
    	at javafx.beans.property.ObjectPropertyBase.fireValueChangedEvent(ObjectPropertyBase.java:105)
    	at javafx.beans.property.ObjectPropertyBase.markInvalid(ObjectPropertyBase.java:112)
    	at javafx.beans.property.ObjectPropertyBase.set(ObjectPropertyBase.java:145)
    	at javafx.scene.control.ComboBoxBase.setValue(ComboBoxBase.java:167)
    	at javafx.scene.control.ComboBox.updateValue(ComboBox.java:468)
    	at javafx.scene.control.ComboBox.access$300(ComboBox.java:187)
    	at javafx.scene.control.ComboBox$4.changed(ComboBox.java:453)
    	at com.sun.javafx.binding.ExpressionHelper$Generic.fireValueChangedEvent(ExpressionHelper.java:361)
    	at com.sun.javafx.binding.ExpressionHelper.fireValueChangedEvent(ExpressionHelper.java:81)
    	at javafx.beans.property.ReadOnlyObjectWrapper$ReadOnlyPropertyImpl.fireValueChangedEvent(ReadOnlyObjectWrapper.java:176)
    	at javafx.beans.property.ReadOnlyObjectWrapper.fireValueChangedEvent(ReadOnlyObjectWrapper.java:142)
    	at javafx.beans.property.ObjectPropertyBase.markInvalid(ObjectPropertyBase.java:112)
    	at javafx.beans.property.ObjectPropertyBase.set(ObjectPropertyBase.java:145)
    	at javafx.scene.control.SelectionModel.setSelectedItem(SelectionModel.java:102)
    	at javafx.scene.control.ComboBox$ComboBoxSelectionModel.lambda$new$152(ComboBox.java:499)
    	at javafx.scene.control.ComboBox$ComboBoxSelectionModel$$Lambda$84/2081435091.invalidated(Unknown Source)
    	at com.sun.javafx.binding.ExpressionHelper$SingleInvalidation.fireValueChangedEvent(ExpressionHelper.java:137)
    	at com.sun.javafx.binding.ExpressionHelper.fireValueChangedEvent(ExpressionHelper.java:81)
    	at javafx.beans.property.ReadOnlyIntegerWrapper$ReadOnlyPropertyImpl.fireValueChangedEvent(ReadOnlyIntegerWrapper.java:176)
    	at javafx.beans.property.ReadOnlyIntegerWrapper.fireValueChangedEvent(ReadOnlyIntegerWrapper.java:142)
    	at javafx.beans.property.IntegerPropertyBase.markInvalid(IntegerPropertyBase.java:113)
    	at javafx.beans.property.IntegerPropertyBase.set(IntegerPropertyBase.java:146)
    	at javafx.scene.control.SelectionModel.setSelectedIndex(SelectionModel.java:68)
    	at javafx.scene.control.ComboBox$ComboBoxSelectionModel$1.onChanged(ComboBox.java:521)
    	at javafx.collections.WeakListChangeListener.onChanged(WeakListChangeListener.java:88)
    	at com.sun.javafx.collections.ListListenerHelper$Generic.fireValueChangedEvent(ListListenerHelper.java:329)
    	at com.sun.javafx.collections.ListListenerHelper.fireValueChangedEvent(ListListenerHelper.java:73)
    	at javafx.collections.ObservableListBase.fireChange(ObservableListBase.java:233)
    	at javafx.collections.ListChangeBuilder.commit(ListChangeBuilder.java:482)
    	at javafx.collections.ListChangeBuilder.endChange(ListChangeBuilder.java:541)
    	at javafx.collections.ObservableListBase.endChange(ObservableListBase.java:205)
    	at com.sun.javafx.collections.ObservableListWrapper.clear(ObservableListWrapper.java:157)
    	at ui.RepositorySelector.refreshContents(RepositorySelector.java:65)
    	at ui.UI.onRepoOpened(UI.java:207)
    	at ui.UI.lambda$initPreApplicationState$28(UI.java:147)
    	at ui.UI$$Lambda$66/477306644.handle(Unknown Source)
    	at sun.reflect.NativeMethodAccessorImpl.invoke0(Native Method)
    	at sun.reflect.NativeMethodAccessorImpl.invoke(NativeMethodAccessorImpl.java:62)
    	at sun.reflect.DelegatingMethodAccessorImpl.invoke(DelegatingMethodAccessorImpl.java:43)
    	at java.lang.reflect.Method.invoke(Method.java:483)
    	at com.google.common.eventbus.EventSubscriber.handleEvent(EventSubscriber.java:74)
    	at com.google.common.eventbus.SynchronizedEventSubscriber.handleEvent(SynchronizedEventSubscriber.java:47)
    	at com.google.common.eventbus.EventBus.dispatch(EventBus.java:322)
    	at com.google.common.eventbus.EventBus.dispatchQueuedEvents(EventBus.java:304)
    	at com.google.common.eventbus.EventBus.post(EventBus.java:275)
    	at ui.UI.triggerEvent(UI.java:324)
    	at backend.Logic.lambda$null$5(Logic.java:112)
    	at backend.Logic$$Lambda$311/272948965.run(Unknown Source)
    	at java.util.concurrent.CompletableFuture$ThenRun.run(CompletableFuture.java:810)
    	at java.util.concurrent.CompletableFuture.postComplete(CompletableFuture.java:193)
    	at java.util.concurrent.CompletableFuture.internalComplete(CompletableFuture.java:210)
    	at java.util.concurrent.CompletableFuture$ThenRun.run(CompletableFuture.java:816)
    	at java.util.concurrent.CompletableFuture.postComplete(CompletableFuture.java:193)
    	at java.util.concurrent.CompletableFuture.internalComplete(CompletableFuture.java:210)
    	at java.util.concurrent.CompletableFuture$ThenApply.run(CompletableFuture.java:723)
    	at java.util.concurrent.CompletableFuture.postComplete(CompletableFuture.java:193)
    	at java.util.concurrent.CompletableFuture.internalComplete(CompletableFuture.java:210)
    	at java.util.concurrent.CompletableFuture$ExceptionCompletion.run(CompletableFuture.java:1255)
    	at java.util.concurrent.CompletableFuture.postComplete(CompletableFuture.java:193)
    	at java.util.concurrent.CompletableFuture.internalComplete(CompletableFuture.java:210)
    	at java.util.concurrent.CompletableFuture$ThenCopy.run(CompletableFuture.java:1333)
    	at java.util.concurrent.CompletableFuture.postComplete(CompletableFuture.java:193)
    	at java.util.concurrent.CompletableFuture.internalComplete(CompletableFuture.java:210)
    	at java.util.concurrent.CompletableFuture$ExceptionCompletion.run(CompletableFuture.java:1255)
    	at java.util.concurrent.CompletableFuture.postComplete(CompletableFuture.java:193)
    	at java.util.concurrent.CompletableFuture.internalComplete(CompletableFuture.java:210)
    	at java.util.concurrent.CompletableFuture$ThenApply.run(CompletableFuture.java:723)
    	at java.util.concurrent.CompletableFuture.postComplete(CompletableFuture.java:193)
    	at java.util.concurrent.CompletableFuture.complete(CompletableFuture.java:2345)
    	at backend.github.UpdateModelTask.run(UpdateModelTask.java:49)
    	at java.util.concurrent.ThreadPoolExecutor.runWorker(ThreadPoolExecutor.java:1142)
    	at java.util.concurrent.ThreadPoolExecutor$Worker.run(ThreadPoolExecutor.java:617)
    	at java.lang.Thread.run(Thread.java:745)
    Exception in thread "pool-5-thread-4" java.lang.IllegalStateException: Not on FX application thread; currentThread = pool-5-thread-4
    	at com.sun.javafx.tk.Toolkit.checkFxUserThread(Toolkit.java:204)
    	at com.sun.javafx.tk.quantum.QuantumToolkit.checkFxUserThread(QuantumToolkit.java:364)
    	at javafx.scene.Scene.addToDirtyList(Scene.java:485)
    	at javafx.scene.Node.addToSceneDirtyList(Node.java:424)
    	at javafx.scene.Node.impl_markDirty(Node.java:415)
    	at javafx.scene.Node.transformedBoundsChanged(Node.java:3815)
    	at javafx.scene.Node.impl_geomChanged(Node.java:3779)
    	at javafx.scene.Parent.childBoundsChanged(Parent.java:1728)
    	at javafx.scene.Node.notifyParentOfBoundsChange(Node.java:3856)
    	at javafx.scene.Node.transformedBoundsChanged(Node.java:3818)
    	at javafx.scene.Node.impl_geomChanged(Node.java:3779)
    	at javafx.scene.text.Text.impl_geomChanged(Text.java:763)
    	at javafx.scene.text.Text.needsTextLayout(Text.java:194)
    	at javafx.scene.text.Text.needsFullTextLayout(Text.java:189)
    	at javafx.scene.text.Text.access$200(Text.java:96)
    	at javafx.scene.text.Text$2.invalidated(Text.java:386)
    	at javafx.beans.property.StringPropertyBase.markInvalid(StringPropertyBase.java:109)
    	at javafx.beans.property.StringPropertyBase.access$000(StringPropertyBase.java:49)
    	at javafx.beans.property.StringPropertyBase$Listener.invalidated(StringPropertyBase.java:229)
    	at com.sun.javafx.binding.ExpressionHelper$SingleInvalidation.fireValueChangedEvent(ExpressionHelper.java:137)
    	at com.sun.javafx.binding.ExpressionHelper.fireValueChangedEvent(ExpressionHelper.java:81)
    	at javafx.beans.binding.StringBinding.invalidate(StringBinding.java:171)
    	at com.sun.javafx.binding.BindingHelperObserver.invalidated(BindingHelperObserver.java:51)
    	at com.sun.javafx.binding.ExpressionHelper$Generic.fireValueChangedEvent(ExpressionHelper.java:349)
    	at com.sun.javafx.binding.ExpressionHelper.fireValueChangedEvent(ExpressionHelper.java:81)
    	at javafx.scene.control.TextInputControl$TextProperty.fireValueChangedEvent(TextInputControl.java:1123)
    	at javafx.scene.control.TextInputControl$TextProperty.markInvalid(TextInputControl.java:1127)
    	at javafx.scene.control.TextInputControl$TextProperty.invalidate(TextInputControl.java:1066)
    	at javafx.scene.control.TextInputControl$TextProperty.access$1300(TextInputControl.java:1038)
    	at javafx.scene.control.TextInputControl.lambda$new$163(TextInputControl.java:134)
    	at javafx.scene.control.TextInputControl$$Lambda$183/2069051814.invalidated(Unknown Source)
    	at com.sun.javafx.binding.ExpressionHelper$SingleInvalidation.fireValueChangedEvent(ExpressionHelper.java:137)
    	at com.sun.javafx.binding.ExpressionHelper.fireValueChangedEvent(ExpressionHelper.java:81)
    	at javafx.scene.control.TextField$TextFieldContent.insert(TextField.java:88)
    	at javafx.scene.control.TextInputControl$TextProperty.doSet(TextInputControl.java:1136)
    	at javafx.scene.control.TextInputControl$TextProperty.set(TextInputControl.java:1061)
    	at javafx.scene.control.TextInputControl.setText(TextInputControl.java:282)
    	at com.sun.javafx.scene.control.skin.ComboBoxListViewSkin.updateDisplayNode(ComboBoxListViewSkin.java:496)
    	at com.sun.javafx.scene.control.skin.ComboBoxListViewSkin.getDisplayNode(ComboBoxListViewSkin.java:288)
    	at com.sun.javafx.scene.control.skin.ComboBoxBaseSkin.updateDisplayArea(ComboBoxBaseSkin.java:141)
    	at com.sun.javafx.scene.control.skin.ComboBoxBaseSkin.handleControlPropertyChanged(ComboBoxBaseSkin.java:134)
    	at com.sun.javafx.scene.control.skin.ComboBoxListViewSkin.handleControlPropertyChanged(ComboBoxListViewSkin.java:231)
    	at com.sun.javafx.scene.control.skin.BehaviorSkinBase.lambda$registerChangeListener$60(BehaviorSkinBase.java:197)
    	at com.sun.javafx.scene.control.skin.BehaviorSkinBase$$Lambda$167/1843177495.call(Unknown Source)
    	at com.sun.javafx.scene.control.MultiplePropertyChangeListenerHandler$1.changed(MultiplePropertyChangeListenerHandler.java:55)
    	at javafx.beans.value.WeakChangeListener.changed(WeakChangeListener.java:89)
    	at com.sun.javafx.binding.ExpressionHelper$Generic.fireValueChangedEvent(ExpressionHelper.java:361)
    	at com.sun.javafx.binding.ExpressionHelper.fireValueChangedEvent(ExpressionHelper.java:81)
    	at javafx.beans.property.ObjectPropertyBase.fireValueChangedEvent(ObjectPropertyBase.java:105)
    	at javafx.beans.property.ObjectPropertyBase.markInvalid(ObjectPropertyBase.java:112)
    	at javafx.beans.property.ObjectPropertyBase.set(ObjectPropertyBase.java:145)
    	at javafx.scene.control.ComboBoxBase.setValue(ComboBoxBase.java:167)
    	at ui.RepositorySelector.setText(RepositorySelector.java:58)
    	at ui.RepositorySelector.refreshContents(RepositorySelector.java:68)
    	at ui.UI.onRepoOpened(UI.java:207)
    	at ui.UI.lambda$initPreApplicationState$28(UI.java:147)
    	at ui.UI$$Lambda$66/477306644.handle(Unknown Source)
    	at sun.reflect.NativeMethodAccessorImpl.invoke0(Native Method)
    	at sun.reflect.NativeMethodAccessorImpl.invoke(NativeMethodAccessorImpl.java:62)
    	at sun.reflect.DelegatingMethodAccessorImpl.invoke(DelegatingMethodAccessorImpl.java:43)
    	at java.lang.reflect.Method.invoke(Method.java:483)
    	at com.google.common.eventbus.EventSubscriber.handleEvent(EventSubscriber.java:74)
    	at com.google.common.eventbus.SynchronizedEventSubscriber.handleEvent(SynchronizedEventSubscriber.java:47)
    	at com.google.common.eventbus.EventBus.dispatch(EventBus.java:322)
    	at com.google.common.eventbus.EventBus.dispatchQueuedEvents(EventBus.java:304)
    	at com.google.common.eventbus.EventBus.post(EventBus.java:275)
    	at ui.UI.triggerEvent(UI.java:324)
    	at backend.Logic.lambda$null$5(Logic.java:112)
    	at backend.Logic$$Lambda$311/272948965.run(Unknown Source)
    	at java.util.concurrent.CompletableFuture$ThenRun.run(CompletableFuture.java:810)
    	at java.util.concurrent.CompletableFuture.postComplete(CompletableFuture.java:193)
    	at java.util.concurrent.CompletableFuture.internalComplete(CompletableFuture.java:210)
    	at java.util.concurrent.CompletableFuture$ThenRun.run(CompletableFuture.java:816)
    	at java.util.concurrent.CompletableFuture.postComplete(CompletableFuture.java:193)
    	at java.util.concurrent.CompletableFuture.internalComplete(CompletableFuture.java:210)
    	at java.util.concurrent.CompletableFuture$ThenApply.run(CompletableFuture.java:723)
    	at java.util.concurrent.CompletableFuture.postComplete(CompletableFuture.java:193)
    	at java.util.concurrent.CompletableFuture.internalComplete(CompletableFuture.java:210)
    	at java.util.concurrent.CompletableFuture$ExceptionCompletion.run(CompletableFuture.java:1255)
    	at java.util.concurrent.CompletableFuture.postComplete(CompletableFuture.java:193)
    	at java.util.concurrent.CompletableFuture.internalComplete(CompletableFuture.java:210)
    	at java.util.concurrent.CompletableFuture$ThenCopy.run(CompletableFuture.java:1333)
    	at java.util.concurrent.CompletableFuture.postComplete(CompletableFuture.java:193)
    	at java.util.concurrent.CompletableFuture.internalComplete(CompletableFuture.java:210)
    	at java.util.concurrent.CompletableFuture$ExceptionCompletion.run(CompletableFuture.java:1255)
    	at java.util.concurrent.CompletableFuture.postComplete(CompletableFuture.java:193)
    	at java.util.concurrent.CompletableFuture.internalComplete(CompletableFuture.java:210)
    	at java.util.concurrent.CompletableFuture$ThenApply.run(CompletableFuture.java:723)
    	at java.util.concurrent.CompletableFuture.postComplete(CompletableFuture.java:193)
    	at java.util.concurrent.CompletableFuture.complete(CompletableFuture.java:2345)
    	at backend.github.UpdateModelTask.run(UpdateModelTask.java:49)
    	at java.util.concurrent.ThreadPoolExecutor.runWorker(ThreadPoolExecutor.java:1142)
    	at java.util.concurrent.ThreadPoolExecutor$Worker.run(ThreadPoolExecutor.java:617)
    	at java.lang.Thread.run(Thread.java:745)
    Exception in thread "pool-5-thread-4" java.lang.IllegalStateException: Not on FX application thread; currentThread = pool-5-thread-4
    	at com.sun.javafx.tk.Toolkit.checkFxUserThread(Toolkit.java:204)
    	at com.sun.javafx.tk.quantum.QuantumToolkit.checkFxUserThread(QuantumToolkit.java:364)
    	at javafx.scene.Scene.addToDirtyList(Scene.java:485)
    	at javafx.scene.Node.addToSceneDirtyList(Node.java:424)
    	at javafx.scene.Node.impl_markDirty(Node.java:415)
    	at javafx.scene.Node.impl_geomChanged(Node.java:3784)
    	at javafx.scene.Parent.childBoundsChanged(Parent.java:1728)
    	at javafx.scene.Node.notifyParentOfBoundsChange(Node.java:3856)
    	at javafx.scene.Node.transformedBoundsChanged(Node.java:3818)
    	at javafx.scene.Node.impl_geomChanged(Node.java:3779)
    	at javafx.scene.Parent.childBoundsChanged(Parent.java:1728)
    	at javafx.scene.Node.notifyParentOfBoundsChange(Node.java:3856)
    	at javafx.scene.Node.transformedBoundsChanged(Node.java:3818)
    	at javafx.scene.Node.impl_geomChanged(Node.java:3779)
    	at javafx.scene.text.Text.impl_geomChanged(Text.java:763)
    	at javafx.scene.text.Text.needsTextLayout(Text.java:194)
    	at javafx.scene.text.Text.needsFullTextLayout(Text.java:189)
    	at javafx.scene.text.Text.access$200(Text.java:96)
    	at javafx.scene.text.Text$2.invalidated(Text.java:386)
    	at javafx.beans.property.StringPropertyBase.markInvalid(StringPropertyBase.java:109)
    	at javafx.beans.property.StringPropertyBase.access$000(StringPropertyBase.java:49)
    	at javafx.beans.property.StringPropertyBase$Listener.invalidated(StringPropertyBase.java:229)
    	at com.sun.javafx.binding.ExpressionHelper$SingleInvalidation.fireValueChangedEvent(ExpressionHelper.java:137)
    	at com.sun.javafx.binding.ExpressionHelper.fireValueChangedEvent(ExpressionHelper.java:81)
    	at javafx.beans.binding.StringBinding.invalidate(StringBinding.java:171)
    	at com.sun.javafx.binding.BindingHelperObserver.invalidated(BindingHelperObserver.java:51)
    	at com.sun.javafx.binding.ExpressionHelper$Generic.fireValueChangedEvent(ExpressionHelper.java:349)
    	at com.sun.javafx.binding.ExpressionHelper.fireValueChangedEvent(ExpressionHelper.java:81)
    	at javafx.scene.control.TextInputControl$TextProperty.fireValueChangedEvent(TextInputControl.java:1123)
    	at javafx.scene.control.TextInputControl$TextProperty.markInvalid(TextInputControl.java:1127)
    	at javafx.scene.control.TextInputControl$TextProperty.set(TextInputControl.java:1062)
    	at javafx.scene.control.TextInputControl.setText(TextInputControl.java:282)
    	at com.sun.javafx.scene.control.skin.ComboBoxListViewSkin.updateDisplayNode(ComboBoxListViewSkin.java:496)
    	at com.sun.javafx.scene.control.skin.ComboBoxListViewSkin.getDisplayNode(ComboBoxListViewSkin.java:288)
    	at com.sun.javafx.scene.control.skin.ComboBoxBaseSkin.updateDisplayArea(ComboBoxBaseSkin.java:141)
    	at com.sun.javafx.scene.control.skin.ComboBoxBaseSkin.handleControlPropertyChanged(ComboBoxBaseSkin.java:134)
    	at com.sun.javafx.scene.control.skin.ComboBoxListViewSkin.handleControlPropertyChanged(ComboBoxListViewSkin.java:231)
    	at com.sun.javafx.scene.control.skin.BehaviorSkinBase.lambda$registerChangeListener$60(BehaviorSkinBase.java:197)
    	at com.sun.javafx.scene.control.skin.BehaviorSkinBase$$Lambda$167/1843177495.call(Unknown Source)
    	at com.sun.javafx.scene.control.MultiplePropertyChangeListenerHandler$1.changed(MultiplePropertyChangeListenerHandler.java:55)
    	at javafx.beans.value.WeakChangeListener.changed(WeakChangeListener.java:89)
    	at com.sun.javafx.binding.ExpressionHelper$Generic.fireValueChangedEvent(ExpressionHelper.java:361)
    	at com.sun.javafx.binding.ExpressionHelper.fireValueChangedEvent(ExpressionHelper.java:81)
    	at javafx.beans.property.ObjectPropertyBase.fireValueChangedEvent(ObjectPropertyBase.java:105)
    	at javafx.beans.property.ObjectPropertyBase.markInvalid(ObjectPropertyBase.java:112)
    	at javafx.beans.property.ObjectPropertyBase.set(ObjectPropertyBase.java:145)
    	at javafx.scene.control.ComboBoxBase.setValue(ComboBoxBase.java:167)
    	at ui.RepositorySelector.setText(RepositorySelector.java:58)
    	at ui.RepositorySelector.refreshContents(RepositorySelector.java:68)
    	at ui.UI.onRepoOpened(UI.java:207)
    	at ui.UI.lambda$initPreApplicationState$28(UI.java:147)
    	at ui.UI$$Lambda$66/477306644.handle(Unknown Source)
    	at sun.reflect.NativeMethodAccessorImpl.invoke0(Native Method)
    	at sun.reflect.NativeMethodAccessorImpl.invoke(NativeMethodAccessorImpl.java:62)
    	at sun.reflect.DelegatingMethodAccessorImpl.invoke(DelegatingMethodAccessorImpl.java:43)
    	at java.lang.reflect.Method.invoke(Method.java:483)
    	at com.google.common.eventbus.EventSubscriber.handleEvent(EventSubscriber.java:74)
    	at com.google.common.eventbus.SynchronizedEventSubscriber.handleEvent(SynchronizedEventSubscriber.java:47)
    	at com.google.common.eventbus.EventBus.dispatch(EventBus.java:322)
    	at com.google.common.eventbus.EventBus.dispatchQueuedEvents(EventBus.java:304)
    	at com.google.common.eventbus.EventBus.post(EventBus.java:275)
    	at ui.UI.triggerEvent(UI.java:324)
    	at backend.Logic.lambda$null$5(Logic.java:112)
    	at backend.Logic$$Lambda$311/272948965.run(Unknown Source)
    	at java.util.concurrent.CompletableFuture$ThenRun.run(CompletableFuture.java:810)
    	at java.util.concurrent.CompletableFuture.postComplete(CompletableFuture.java:193)
    	at java.util.concurrent.CompletableFuture.internalComplete(CompletableFuture.java:210)
    	at java.util.concurrent.CompletableFuture$ThenRun.run(CompletableFuture.java:816)
    	at java.util.concurrent.CompletableFuture.postComplete(CompletableFuture.java:193)
    	at java.util.concurrent.CompletableFuture.internalComplete(CompletableFuture.java:210)
    	at java.util.concurrent.CompletableFuture$ThenApply.run(CompletableFuture.java:723)
    	at java.util.concurrent.CompletableFuture.postComplete(CompletableFuture.java:193)
    	at java.util.concurrent.CompletableFuture.internalComplete(CompletableFuture.java:210)
    	at java.util.concurrent.CompletableFuture$ExceptionCompletion.run(CompletableFuture.java:1255)
    	at java.util.concurrent.CompletableFuture.postComplete(CompletableFuture.java:193)
    	at java.util.concurrent.CompletableFuture.internalComplete(CompletableFuture.java:210)
    	at java.util.concurrent.CompletableFuture$ThenCopy.run(CompletableFuture.java:1333)
    	at java.util.concurrent.CompletableFuture.postComplete(CompletableFuture.java:193)
    	at java.util.concurrent.CompletableFuture.internalComplete(CompletableFuture.java:210)
    	at java.util.concurrent.CompletableFuture$ExceptionCompletion.run(CompletableFuture.java:1255)
    	at java.util.concurrent.CompletableFuture.postComplete(CompletableFuture.java:193)
    	at java.util.concurrent.CompletableFuture.internalComplete(CompletableFuture.java:210)
    	at java.util.concurrent.CompletableFuture$ThenApply.run(CompletableFuture.java:723)
    	at java.util.concurrent.CompletableFuture.postComplete(CompletableFuture.java:193)
    	at java.util.concurrent.CompletableFuture.complete(CompletableFuture.java:2345)
    	at backend.github.UpdateModelTask.run(UpdateModelTask.java:49)
    	at java.util.concurrent.ThreadPoolExecutor.runWorker(ThreadPoolExecutor.java:1142)
    	at java.util.concurrent.ThreadPoolExecutor$Worker.run(ThreadPoolExecutor.java:617)
    	at java.lang.Thread.run(Thread.java:745)

guitests.ModelUpdateUITest > addIssueTest STANDARD_OUT
    4313 26 Nov 2020 12:06:31 INFO UI [pool-5-thread-4] - Triggered event RepoOpenedEvent
    5284 26 Nov 2020 12:06:32 INFO UI [Test worker] - About to trigger event UpdateDummyRepoEvent
    5285 26 Nov 2020 12:06:32 INFO UI [Test worker] - Triggered event UpdateDummyRepoEvent
    5286 26 Nov 2020 12:06:32 INFO UI [Test worker] - About to trigger event UILogicRefreshEvent
    5287 26 Nov 2020 12:06:32 INFO UI [Test worker] - Triggered event UILogicRefreshEvent
    5287 26 Nov 2020 12:06:32 INFO Logic [JavaFX Application Thread] - Refreshing 
    5288 26 Nov 2020 12:06:32 INFO UI [JavaFX Application Thread] - About to trigger event ModelUpdatedEvent
    5290 26 Nov 2020 12:06:32 INFO UI [JavaFX Application Thread] - Triggered event ModelUpdatedEvent

guitests.ModelUpdateUITest > addIssueTest FAILED
    java.lang.AssertionError: expected:<11> but was:<0>
        at org.junit.Assert.fail(Assert.java:88)
        at org.junit.Assert.failNotEquals(Assert.java:834)
        at org.junit.Assert.assertEquals(Assert.java:118)
        at org.junit.Assert.assertEquals(Assert.java:144)
        at guitests.ModelUpdateUITest.addIssueTest(ModelUpdateUITest.java:26)

guitests.ModelUpdateUITest > addMultipleIssuesTest STANDARD_OUT
    6621 26 Nov 2020 12:06:33 INFO UI [Test worker] - About to trigger event UpdateDummyRepoEvent
    6623 26 Nov 2020 12:06:33 INFO UI [Test worker] - About to trigger event ClearLogicModelEvent
    6624 26 Nov 2020 12:06:33 INFO UI [Test worker] - Triggered event ClearLogicModelEvent
    6625 26 Nov 2020 12:06:33 INFO Logic [Test worker] - Attempting to reset dummy/dummy
    6625 26 Nov 2020 12:06:33 INFO Logic [Test worker] - dummy/dummy not currently in model.
    6626 26 Nov 2020 12:06:33 INFO Logic [pool-7-thread-1] - Opening dummy/dummy
    6626 26 Nov 2020 12:06:33 INFO UI [Test worker] - Triggered event UpdateDummyRepoEvent
    6626 26 Nov 2020 12:06:33 INFO UI [Test worker] - About to trigger event UILogicRefreshEvent
    6627 26 Nov 2020 12:06:33 INFO UI [Test worker] - Triggered event UILogicRefreshEvent
    6627 26 Nov 2020 12:06:33 INFO DownloadRepoTask [pool-5-thread-4] - dummy/dummy | Downloaded 10 issue(s), 10 label(s), 10 milestone(s), 10 user(s)
    6627 26 Nov 2020 12:06:33 INFO Logic [JavaFX Application Thread] - Refreshing 
    6628 26 Nov 2020 12:06:33 INFO UpdateLabelsTask [pool-5-thread-5] - dummy/dummy | 10 label(s)) changed: [Label 1, Label 2, Label 3, Label 4, Label 5, Label 6, Label 7, Label 8, Label 9, Label 10]
    6628 26 Nov 2020 12:06:33 INFO UpdateUsersTask [pool-5-thread-2] - dummy/dummy | 10 user(s)) changed: [User 1, User 2, User 3, User 4, User 5, User 6, User 7, User 8, User 9, User 10]
    6628 26 Nov 2020 12:06:33 INFO UpdateMilestonesTask [pool-5-thread-1] - dummy/dummy | 10 milestone(s)) changed: [Milestone 1, Milestone 2, Milestone 3, Milestone 4, Milestone 5, Milestone 6, Milestone 7, Milestone 8, Milestone 9, Milestone 10]
    6628 26 Nov 2020 12:06:33 INFO UpdateIssuesTask [pool-5-thread-4] - dummy/dummy | 10 issue(s)) changed: [#1 Issue 1, #2 Issue 2, #3 Issue 3, #4 Issue 4, #5 Issue 5, #6 Issue 6, #7 Issue 7, #8 Issue 8, #9 Issue 9, #10 Issue 10]
    6628 26 Nov 2020 12:06:33 INFO UI [JavaFX Application Thread] - About to trigger event ModelUpdatedEvent
    6628 26 Nov 2020 12:06:33 INFO UpdateModelTask [pool-5-thread-3] - dummy/dummy | Updated model with 10 issue(s), 10 label(s), 10 milestone(s), 10 user(s)
    6630 26 Nov 2020 12:06:33 INFO UI [pool-5-thread-3] - About to trigger event RepoOpenedEvent
    6631 26 Nov 2020 12:06:33 INFO UI [pool-5-thread-3] - Triggered event RepoOpenedEvent
    6631 26 Nov 2020 12:06:33 INFO UI [JavaFX Application Thread] - Triggered event ModelUpdatedEvent
    6631 26 Nov 2020 12:06:33 INFO UI [JavaFX Application Thread] - About to trigger event ModelUpdatedEvent
    6646 26 Nov 2020 12:06:33 INFO UI [JavaFX Application Thread] - Triggered event ModelUpdatedEvent
    7627 26 Nov 2020 12:06:34 INFO UI [Test worker] - About to trigger event UpdateDummyRepoEvent
    7629 26 Nov 2020 12:06:34 INFO UI [Test worker] - Triggered event UpdateDummyRepoEvent
    7629 26 Nov 2020 12:06:34 INFO UI [Test worker] - About to trigger event UILogicRefreshEvent
    7630 26 Nov 2020 12:06:34 INFO UI [Test worker] - Triggered event UILogicRefreshEvent
    7630 26 Nov 2020 12:06:34 INFO Logic [JavaFX Application Thread] - Refreshing dummy/dummy
    7631 26 Nov 2020 12:06:34 INFO UpdateMilestonesTask [pool-5-thread-1] - dummy/dummy | 0 milestone(s)) changed
    7631 26 Nov 2020 12:06:34 INFO UpdateIssuesTask [pool-5-thread-4] - dummy/dummy | 1 issue(s)) changed: [#11 Issue 11]
    7631 26 Nov 2020 12:06:34 INFO UpdateUsersTask [pool-5-thread-5] - dummy/dummy | 0 user(s)) changed
    7631 26 Nov 2020 12:06:34 INFO UpdateLabelsTask [pool-5-thread-2] - dummy/dummy | 0 label(s)) changed
    7632 26 Nov 2020 12:06:34 INFO UpdateModelTask [pool-5-thread-3] - dummy/dummy | Updated model with 11 issue(s), 10 label(s), 10 milestone(s), 10 user(s)
    7633 26 Nov 2020 12:06:34 INFO UI [JavaFX Application Thread] - About to trigger event ModelUpdatedEvent
    7647 26 Nov 2020 12:06:34 INFO UI [JavaFX Application Thread] - Triggered event ModelUpdatedEvent
    8630 26 Nov 2020 12:06:35 INFO UI [Test worker] - About to trigger event UpdateDummyRepoEvent
    8632 26 Nov 2020 12:06:35 INFO UI [Test worker] - Triggered event UpdateDummyRepoEvent
    8632 26 Nov 2020 12:06:35 INFO UI [Test worker] - About to trigger event UILogicRefreshEvent
    8633 26 Nov 2020 12:06:35 INFO UI [Test worker] - Triggered event UILogicRefreshEvent
    8633 26 Nov 2020 12:06:35 INFO Logic [JavaFX Application Thread] - Refreshing dummy/dummy
    8634 26 Nov 2020 12:06:35 INFO UpdateIssuesTask [pool-5-thread-2] - dummy/dummy | 1 issue(s)) changed: [#12 Issue 12]
    8634 26 Nov 2020 12:06:35 INFO UpdateUsersTask [pool-5-thread-1] - dummy/dummy | 0 user(s)) changed
    8634 26 Nov 2020 12:06:35 INFO UpdateMilestonesTask [pool-5-thread-4] - dummy/dummy | 0 milestone(s)) changed
    8634 26 Nov 2020 12:06:35 INFO UpdateLabelsTask [pool-5-thread-5] - dummy/dummy | 0 label(s)) changed
    8635 26 Nov 2020 12:06:35 INFO UpdateModelTask [pool-5-thread-3] - dummy/dummy | Updated model with 12 issue(s), 10 label(s), 10 milestone(s), 10 user(s)
    8636 26 Nov 2020 12:06:35 INFO UI [JavaFX Application Thread] - About to trigger event ModelUpdatedEvent
    8651 26 Nov 2020 12:06:35 INFO UI [JavaFX Application Thread] - Triggered event ModelUpdatedEvent
    9633 26 Nov 2020 12:06:36 INFO UI [Test worker] - About to trigger event UpdateDummyRepoEvent
    9634 26 Nov 2020 12:06:36 INFO UI [Test worker] - Triggered event UpdateDummyRepoEvent
    9635 26 Nov 2020 12:06:36 INFO UI [Test worker] - About to trigger event UILogicRefreshEvent
    9635 26 Nov 2020 12:06:36 INFO UI [Test worker] - Triggered event UILogicRefreshEvent
    9636 26 Nov 2020 12:06:36 INFO Logic [JavaFX Application Thread] - Refreshing dummy/dummy
    9636 26 Nov 2020 12:06:36 INFO UpdateMilestonesTask [pool-5-thread-1] - dummy/dummy | 0 milestone(s)) changed
    9636 26 Nov 2020 12:06:36 INFO UpdateLabelsTask [pool-5-thread-4] - dummy/dummy | 0 label(s)) changed
    9636 26 Nov 2020 12:06:36 INFO UpdateUsersTask [pool-5-thread-2] - dummy/dummy | 0 user(s)) changed
    9636 26 Nov 2020 12:06:36 INFO UpdateIssuesTask [pool-5-thread-5] - dummy/dummy | 1 issue(s)) changed: [#13 Issue 13]
    9637 26 Nov 2020 12:06:36 INFO UpdateModelTask [pool-5-thread-3] - dummy/dummy | Updated model with 13 issue(s), 10 label(s), 10 milestone(s), 10 user(s)
    9639 26 Nov 2020 12:06:36 INFO UI [JavaFX Application Thread] - About to trigger event ModelUpdatedEvent
    9652 26 Nov 2020 12:06:36 INFO UI [JavaFX Application Thread] - Triggered event ModelUpdatedEvent

guitests.ModelUpdateUITest > countIssuesTest STANDARD_OUT
    10942 26 Nov 2020 12:06:37 INFO UI [Test worker] - About to trigger event UpdateDummyRepoEvent
    10943 26 Nov 2020 12:06:37 INFO UI [Test worker] - Triggered event UpdateDummyRepoEvent
    10944 26 Nov 2020 12:06:37 INFO UI [Test worker] - About to trigger event UILogicRefreshEvent
    10944 26 Nov 2020 12:06:37 INFO UI [Test worker] - Triggered event UILogicRefreshEvent
    10944 26 Nov 2020 12:06:37 INFO Logic [JavaFX Application Thread] - Refreshing dummy/dummy
    10945 26 Nov 2020 12:06:37 INFO UpdateUsersTask [pool-5-thread-1] - dummy/dummy | 0 user(s)) changed
    10945 26 Nov 2020 12:06:37 INFO UpdateMilestonesTask [pool-5-thread-4] - dummy/dummy | 0 milestone(s)) changed
    10945 26 Nov 2020 12:06:37 INFO UpdateLabelsTask [pool-5-thread-2] - dummy/dummy | 0 label(s)) changed
    10945 26 Nov 2020 12:06:37 INFO UpdateIssuesTask [pool-5-thread-5] - dummy/dummy | 1 issue(s)) changed: [#14 Issue 14]
    10947 26 Nov 2020 12:06:37 INFO UpdateModelTask [pool-5-thread-3] - dummy/dummy | Updated model with 14 issue(s), 10 label(s), 10 milestone(s), 10 user(s)
    10949 26 Nov 2020 12:06:37 INFO UI [JavaFX Application Thread] - About to trigger event ModelUpdatedEvent
    10961 26 Nov 2020 12:06:37 INFO UI [JavaFX Application Thread] - Triggered event ModelUpdatedEvent
    11945 26 Nov 2020 12:06:38 INFO UI [Test worker] - About to trigger event UpdateDummyRepoEvent
    11946 26 Nov 2020 12:06:38 INFO UI [Test worker] - About to trigger event ClearLogicModelEvent
    11947 26 Nov 2020 12:06:38 INFO UI [Test worker] - Triggered event ClearLogicModelEvent
    11948 26 Nov 2020 12:06:38 INFO Logic [Test worker] - Attempting to reset dummy/dummy
    11948 26 Nov 2020 12:06:38 INFO Logic [Test worker] - Clearing dummy/dummy successful.
    11949 26 Nov 2020 12:06:38 INFO UI [Test worker] - Triggered event UpdateDummyRepoEvent
    11949 26 Nov 2020 12:06:38 INFO UI [Test worker] - About to trigger event UILogicRefreshEvent
    11949 26 Nov 2020 12:06:38 INFO Logic [pool-7-thread-1] - Opening dummy/dummy
    11950 26 Nov 2020 12:06:38 INFO UI [Test worker] - Triggered event UILogicRefreshEvent
    11950 26 Nov 2020 12:06:38 INFO DownloadRepoTask [pool-5-thread-3] - dummy/dummy | Downloaded 10 issue(s), 10 label(s), 10 milestone(s), 10 user(s)
    11950 26 Nov 2020 12:06:38 INFO Logic [JavaFX Application Thread] - Refreshing 
    11951 26 Nov 2020 12:06:38 INFO UpdateIssuesTask [pool-5-thread-3] - dummy/dummy | 10 issue(s)) changed: [#1 Issue 1, #2 Issue 2, #3 Issue 3, #4 Issue 4, #5 Issue 5, #6 Issue 6, #7 Issue 7, #8 Issue 8, #9 Issue 9, #10 Issue 10]
    11951 26 Nov 2020 12:06:38 INFO UpdateLabelsTask [pool-5-thread-2] - dummy/dummy | 10 label(s)) changed: [Label 1, Label 2, Label 3, Label 4, Label 5, Label 6, Label 7, Label 8, Label 9, Label 10]
    11951 26 Nov 2020 12:06:38 INFO UpdateMilestonesTask [pool-5-thread-4] - dummy/dummy | 10 milestone(s)) changed: [Milestone 1, Milestone 2, Milestone 3, Milestone 4, Milestone 5, Milestone 6, Milestone 7, Milestone 8, Milestone 9, Milestone 10]
    11951 26 Nov 2020 12:06:38 INFO UpdateUsersTask [pool-5-thread-1] - dummy/dummy | 10 user(s)) changed: [User 1, User 2, User 3, User 4, User 5, User 6, User 7, User 8, User 9, User 10]
    11952 26 Nov 2020 12:06:38 INFO UpdateModelTask [pool-5-thread-5] - dummy/dummy | Updated model with 10 issue(s), 10 label(s), 10 milestone(s), 10 user(s)
    11953 26 Nov 2020 12:06:38 INFO UI [pool-5-thread-5] - About to trigger event RepoOpenedEvent
    11954 26 Nov 2020 12:06:38 INFO UI [pool-5-thread-5] - Triggered event RepoOpenedEvent
    11954 26 Nov 2020 12:06:38 INFO UI [JavaFX Application Thread] - About to trigger event ModelUpdatedEvent
    11966 26 Nov 2020 12:06:38 INFO UI [JavaFX Application Thread] - Triggered event ModelUpdatedEvent
    11967 26 Nov 2020 12:06:38 INFO UI [JavaFX Application Thread] - About to trigger event ModelUpdatedEvent
    11974 26 Nov 2020 12:06:38 INFO UI [JavaFX Application Thread] - Triggered event ModelUpdatedEvent
Gradle Test Executor 3 finished executing tests.
Starting process 'Gradle Test Executor 4'. Working directory: /home/travis/build/passed/HubTurbo/HubTurbo Command: /usr/lib/jvm/java-8-oracle/bin/java -Djava.security.manager=jarjar.org.gradle.process.internal.child.BootstrapSecurityManager -javaagent:build/tmp/expandedArchives/org.jacoco.agent-0.7.4.201502262128.jar_dnibj84r518qfgg9zfvgoi1cd/jacocoagent.jar=destfile=build/jacoco/test.exec,append=true,dumponexit=true,output=file,jmx=false -Dfile.encoding=UTF-8 -Duser.country=US -Duser.language=en -Duser.variant -ea -cp /home/travis/.gradle/caches/2.3/workerMain/gradle-worker.jar jarjar.org.gradle.process.internal.launcher.GradleWorkerMain 'Gradle Test Executor 4'
Successfully started process 'Gradle Test Executor 4'
Gradle Test Executor 4 started executing tests.
Xlib:  extension "RANDR" missing on display ":99.0".

guitests.UIEventTests > createLabelTest STANDARD_OUT
    2020-11-26 12:06:42,283 INFO Log4j appears to be running in a Servlet environment, but there's no log4j-web module available. If you want better web container support, please add the log4j-web JAR to your web archive or server lib directory.
    2375 26 Nov 2020 12:06:42 INFO UI [JavaFX Application Thread] - Registered event handler RepoOpenedEventHandler
    2553 26 Nov 2020 12:06:42 INFO UI [JavaFX Application Thread] - Registered event handler UpdateProgressEventHandler
    2625 26 Nov 2020 12:06:42 INFO TickingTimer [JavaFX Application Thread] - Started TickingTimer Browser Request Delay Timer
    2627 26 Nov 2020 12:06:42 INFO UI [JavaFX Application Thread] - Registered event handler IssueSelectedEventHandler
    2629 26 Nov 2020 12:06:42 INFO UI [JavaFX Application Thread] - Registered event handler IssueCreatedEventHandler
    2630 26 Nov 2020 12:06:42 INFO UI [JavaFX Application Thread] - Registered event handler LabelCreatedEventHandler
    2631 26 Nov 2020 12:06:42 INFO UI [JavaFX Application Thread] - Registered event handler MilestoneCreatedEventHandler
    2633 26 Nov 2020 12:06:42 INFO UI [JavaFX Application Thread] - Registered event handler ModelUpdatedEventHandler
    2634 26 Nov 2020 12:06:42 INFO UI [JavaFX Application Thread] - Registered event handler IssueSelectedEventHandler
    2635 26 Nov 2020 12:06:42 INFO UI [JavaFX Application Thread] - Registered event handler ColumnClickedEventHandler
    2673 26 Nov 2020 12:06:43 INFO UI [JavaFX Application Thread] - Registered event handler BoardSavedEventHandler
    3565 26 Nov 2020 12:06:43 INFO UI [JavaFX Application Thread] - Registered event handler UpdateDummyRepoEventHandler
    3568 26 Nov 2020 12:06:43 INFO UI [JavaFX Application Thread] - Registered event handler ClearLogicModelEventHandler
    3569 26 Nov 2020 12:06:43 INFO UI [JavaFX Application Thread] - About to trigger event ModelUpdatedEvent
    3573 26 Nov 2020 12:06:43 INFO UI [JavaFX Application Thread] - Triggered event ModelUpdatedEvent
    3575 26 Nov 2020 12:06:43 INFO TickingTimer [JavaFX Application Thread] - Started TickingTimer Refresh Timer
    3601 26 Nov 2020 12:06:43 INFO Logic [JavaFX Application Thread] - Opening dummy/dummy
    3612 26 Nov 2020 12:06:43 INFO UI [JavaFX Application Thread] - About to trigger event BoardSavedEvent
    3613 26 Nov 2020 12:06:43 INFO UI [JavaFX Application Thread] - Triggered event BoardSavedEvent
    3617 26 Nov 2020 12:06:43 INFO DownloadRepoTask [pool-5-thread-1] - dummy/dummy | Downloaded 10 issue(s), 10 label(s), 10 milestone(s), 10 user(s)
    3627 26 Nov 2020 12:06:43 INFO BrowserComponent [JavaFX Application Thread] - Located chromedriver_linux
    3628 26 Nov 2020 12:06:43 INFO UpdateIssuesTask [pool-5-thread-1] - dummy/dummy | 10 issue(s)) changed: [#1 Issue 1, #2 Issue 2, #3 Issue 3, #4 Issue 4, #5 Issue 5, #6 Issue 6, #7 Issue 7, #8 Issue 8, #9 Issue 9, #10 Issue 10]
    3628 26 Nov 2020 12:06:43 INFO UpdateMilestonesTask [pool-5-thread-4] - dummy/dummy | 10 milestone(s)) changed: [Milestone 1, Milestone 2, Milestone 3, Milestone 4, Milestone 5, Milestone 6, Milestone 7, Milestone 8, Milestone 9, Milestone 10]
    3628 26 Nov 2020 12:06:43 INFO UpdateUsersTask [pool-5-thread-5] - dummy/dummy | 10 user(s)) changed: [User 1, User 2, User 3, User 4, User 5, User 6, User 7, User 8, User 9, User 10]
    3628 26 Nov 2020 12:06:43 INFO UpdateLabelsTask [pool-5-thread-3] - dummy/dummy | 10 label(s)) changed: [Label 1, Label 2, Label 3, Label 4, Label 5, Label 6, Label 7, Label 8, Label 9, Label 10]
    3630 26 Nov 2020 12:06:43 INFO UpdateModelTask [pool-5-thread-2] - dummy/dummy | Updated model with 10 issue(s), 10 label(s), 10 milestone(s), 10 user(s)
    3631 26 Nov 2020 12:06:43 INFO UI [JavaFX Application Thread] - Registered event handler UILogicRefreshEventHandler
    3651 26 Nov 2020 12:06:43 INFO UI [pool-5-thread-2] - About to trigger event RepoOpenedEvent
    3654 26 Nov 2020 12:06:43 INFO UI [pool-5-thread-2] - Triggered event RepoOpenedEvent
    3755 26 Nov 2020 12:06:44 INFO UI [JavaFX Application Thread] - Registered event handler ModelUpdatedEventHandler
    3822 26 Nov 2020 12:06:44 INFO UI [JavaFX Application Thread] - About to trigger event ModelUpdatedEvent
    3826 26 Nov 2020 12:06:44 INFO UI [JavaFX Application Thread] - Triggered event ModelUpdatedEvent
    4501 26 Nov 2020 12:06:44 INFO UI [Test worker] - Registered event handler LabelCreatedEventHandler
    5149 26 Nov 2020 12:06:45 INFO MenuControl [JavaFX Application Thread] - Menu: New > Label
    5151 26 Nov 2020 12:06:45 INFO UI [JavaFX Application Thread] - About to trigger event LabelCreatedEvent
    5153 26 Nov 2020 12:06:45 INFO UI [JavaFX Application Thread] - Triggered event LabelCreatedEvent

guitests.UIEventTests > createMilestoneTest STANDARD_OUT
    5515 26 Nov 2020 12:06:45 INFO UI [Test worker] - Registered event handler MilestoneCreatedEventHandler
    5981 26 Nov 2020 12:06:46 INFO MenuControl [JavaFX Application Thread] - Menu: New > Milestone
    5983 26 Nov 2020 12:06:46 INFO UI [JavaFX Application Thread] - About to trigger event MilestoneCreatedEvent
    5985 26 Nov 2020 12:06:46 INFO UI [JavaFX Application Thread] - Triggered event MilestoneCreatedEvent

guitests.UIEventTests > createIssueTest STANDARD_OUT
    6346 26 Nov 2020 12:06:46 INFO UI [Test worker] - Registered event handler IssueCreatedEventHandler
    6775 26 Nov 2020 12:06:47 INFO MenuControl [JavaFX Application Thread] - Menu: New > Issue
    6776 26 Nov 2020 12:06:47 INFO UI [JavaFX Application Thread] - About to trigger event IssueCreatedEvent
    6777 26 Nov 2020 12:06:47 INFO UI [JavaFX Application Thread] - Triggered event IssueCreatedEvent

guitests.UIEventTests > columnClickedTest STANDARD_OUT
    7135 26 Nov 2020 12:06:47 INFO UI [Test worker] - Registered event handler ColumnClickedEventHandler
    7452 26 Nov 2020 12:06:47 INFO UI [JavaFX Application Thread] - About to trigger event ColumnClickedEvent
    7462 26 Nov 2020 12:06:47 INFO UI [JavaFX Application Thread] - Triggered event ColumnClickedEvent
Gradle Test Executor 4 finished executing tests.
Starting process 'Gradle Test Executor 5'. Working directory: /home/travis/build/passed/HubTurbo/HubTurbo Command: /usr/lib/jvm/java-8-oracle/bin/java -Djava.security.manager=jarjar.org.gradle.process.internal.child.BootstrapSecurityManager -javaagent:build/tmp/expandedArchives/org.jacoco.agent-0.7.4.201502262128.jar_dnibj84r518qfgg9zfvgoi1cd/jacocoagent.jar=destfile=build/jacoco/test.exec,append=true,dumponexit=true,output=file,jmx=false -Dfile.encoding=UTF-8 -Duser.country=US -Duser.language=en -Duser.variant -ea -cp /home/travis/.gradle/caches/2.3/workerMain/gradle-worker.jar jarjar.org.gradle.process.internal.launcher.GradleWorkerMain 'Gradle Test Executor 5'
Successfully started process 'Gradle Test Executor 5'
Gradle Test Executor 5 started executing tests.
Xlib:  extension "RANDR" missing on display ":99.0".

guitests.ValidLoginTest > validLoginTest STANDARD_OUT
    2020-11-26 12:06:50,412 INFO Log4j appears to be running in a Servlet environment, but there's no log4j-web module available. If you want better web container support, please add the log4j-web JAR to your web archive or server lib directory.
    2506 26 Nov 2020 12:06:50 INFO UI [JavaFX Application Thread] - Registered event handler RepoOpenedEventHandler
    2700 26 Nov 2020 12:06:51 INFO UI [JavaFX Application Thread] - Registered event handler UpdateProgressEventHandler
    2765 26 Nov 2020 12:06:51 INFO TickingTimer [JavaFX Application Thread] - Started TickingTimer Browser Request Delay Timer
    2767 26 Nov 2020 12:06:51 INFO UI [JavaFX Application Thread] - Registered event handler IssueSelectedEventHandler
    2769 26 Nov 2020 12:06:51 INFO UI [JavaFX Application Thread] - Registered event handler IssueCreatedEventHandler
    2771 26 Nov 2020 12:06:51 INFO UI [JavaFX Application Thread] - Registered event handler LabelCreatedEventHandler
    2772 26 Nov 2020 12:06:51 INFO UI [JavaFX Application Thread] - Registered event handler MilestoneCreatedEventHandler
    2774 26 Nov 2020 12:06:51 INFO UI [JavaFX Application Thread] - Registered event handler ModelUpdatedEventHandler
    2775 26 Nov 2020 12:06:51 INFO UI [JavaFX Application Thread] - Registered event handler IssueSelectedEventHandler
    2777 26 Nov 2020 12:06:51 INFO UI [JavaFX Application Thread] - Registered event handler ColumnClickedEventHandler
    2813 26 Nov 2020 12:06:51 INFO UI [JavaFX Application Thread] - Registered event handler BoardSavedEventHandler
    3641 26 Nov 2020 12:06:52 INFO UI [JavaFX Application Thread] - Registered event handler UpdateDummyRepoEventHandler
    3645 26 Nov 2020 12:06:52 INFO UI [JavaFX Application Thread] - Registered event handler ClearLogicModelEventHandler
    3646 26 Nov 2020 12:06:52 INFO UI [JavaFX Application Thread] - About to trigger event ModelUpdatedEvent
    3651 26 Nov 2020 12:06:52 INFO UI [JavaFX Application Thread] - Triggered event ModelUpdatedEvent
    3653 26 Nov 2020 12:06:52 INFO TickingTimer [JavaFX Application Thread] - Started TickingTimer Refresh Timer
    9390 26 Nov 2020 12:06:57 INFO Logic [pool-7-thread-1] - Logging in as test
    9684 26 Nov 2020 12:06:58 INFO Logic [JavaFX Application Thread] - Opening HubTurbo/HubTurbo
    9695 26 Nov 2020 12:06:58 INFO UI [JavaFX Application Thread] - About to trigger event BoardSavedEvent
    9697 26 Nov 2020 12:06:58 INFO UI [JavaFX Application Thread] - Triggered event BoardSavedEvent
    9701 26 Nov 2020 12:06:58 INFO DownloadRepoTask [pool-5-thread-1] - HubTurbo/HubTurbo | Downloaded 10 issue(s), 10 label(s), 10 milestone(s), 10 user(s)
    9722 26 Nov 2020 12:06:58 INFO UpdateIssuesTask [pool-5-thread-1] - HubTurbo/HubTurbo | 10 issue(s)) changed: [#1 Issue 1, #2 Issue 2, #3 Issue 3, #4 Issue 4, #5 Issue 5, #6 Issue 6, #7 Issue 7, #8 Issue 8, #9 Issue 9, #10 Issue 10]
    9722 26 Nov 2020 12:06:58 INFO BrowserComponent [JavaFX Application Thread] - Located chromedriver_linux
    9723 26 Nov 2020 12:06:58 INFO UpdateLabelsTask [pool-5-thread-3] - HubTurbo/HubTurbo | 10 label(s)) changed: [Label 1, Label 2, Label 3, Label 4, Label 5, Label 6, Label 7, Label 8, Label 9, Label 10]
    9723 26 Nov 2020 12:06:58 INFO UpdateUsersTask [pool-5-thread-5] - HubTurbo/HubTurbo | 10 user(s)) changed: [User 1, User 2, User 3, User 4, User 5, User 6, User 7, User 8, User 9, User 10]
    9723 26 Nov 2020 12:06:58 INFO UpdateMilestonesTask [pool-5-thread-4] - HubTurbo/HubTurbo | 10 milestone(s)) changed: [Milestone 1, Milestone 2, Milestone 3, Milestone 4, Milestone 5, Milestone 6, Milestone 7, Milestone 8, Milestone 9, Milestone 10]
    9725 26 Nov 2020 12:06:58 INFO UpdateModelTask [pool-5-thread-2] - HubTurbo/HubTurbo | Updated model with 10 issue(s), 10 label(s), 10 milestone(s), 10 user(s)
    9726 26 Nov 2020 12:06:58 INFO UI [JavaFX Application Thread] - Registered event handler UILogicRefreshEventHandler
    9738 26 Nov 2020 12:06:58 INFO UI [pool-5-thread-2] - About to trigger event RepoOpenedEvent
    9743 26 Nov 2020 12:06:58 INFO UI [pool-5-thread-2] - Triggered event RepoOpenedEvent
    9839 26 Nov 2020 12:06:58 INFO UI [JavaFX Application Thread] - Registered event handler ModelUpdatedEventHandler
    9861 26 Nov 2020 12:06:58 INFO UI [JavaFX Application Thread] - About to trigger event ModelUpdatedEvent
    9863 26 Nov 2020 12:06:58 INFO UI [JavaFX Application Thread] - Triggered event ModelUpdatedEvent
Gradle Test Executor 5 finished executing tests.
Starting process 'Gradle Test Executor 6'. Working directory: /home/travis/build/passed/HubTurbo/HubTurbo Command: /usr/lib/jvm/java-8-oracle/bin/java -Djava.security.manager=jarjar.org.gradle.process.internal.child.BootstrapSecurityManager -javaagent:build/tmp/expandedArchives/org.jacoco.agent-0.7.4.201502262128.jar_dnibj84r518qfgg9zfvgoi1cd/jacocoagent.jar=destfile=build/jacoco/test.exec,append=true,dumponexit=true,output=file,jmx=false -Dfile.encoding=UTF-8 -Duser.country=US -Duser.language=en -Duser.variant -ea -cp /home/travis/.gradle/caches/2.3/workerMain/gradle-worker.jar jarjar.org.gradle.process.internal.launcher.GradleWorkerMain 'Gradle Test Executor 6'
Successfully started process 'Gradle Test Executor 6'
Gradle Test Executor 6 started executing tests.
Gradle Test Executor 6 finished executing tests.
Starting process 'Gradle Test Executor 7'. Working directory: /home/travis/build/passed/HubTurbo/HubTurbo Command: /usr/lib/jvm/java-8-oracle/bin/java -Djava.security.manager=jarjar.org.gradle.process.internal.child.BootstrapSecurityManager -javaagent:build/tmp/expandedArchives/org.jacoco.agent-0.7.4.201502262128.jar_dnibj84r518qfgg9zfvgoi1cd/jacocoagent.jar=destfile=build/jacoco/test.exec,append=true,dumponexit=true,output=file,jmx=false -Dfile.encoding=UTF-8 -Duser.country=US -Duser.language=en -Duser.variant -ea -cp /home/travis/.gradle/caches/2.3/workerMain/gradle-worker.jar jarjar.org.gradle.process.internal.launcher.GradleWorkerMain 'Gradle Test Executor 7'
Successfully started process 'Gradle Test Executor 7'
Gradle Test Executor 7 started executing tests.

tests.FilterEvalTests STANDARD_OUT
    2020-11-26 12:07:03,610 INFO Log4j appears to be running in a Servlet environment, but there's no log4j-web module available. If you want better web container support, please add the log4j-web JAR to your web archive or server lib directory.
Gradle Test Executor 7 finished executing tests.
Starting process 'Gradle Test Executor 8'. Working directory: /home/travis/build/passed/HubTurbo/HubTurbo Command: /usr/lib/jvm/java-8-oracle/bin/java -Djava.security.manager=jarjar.org.gradle.process.internal.child.BootstrapSecurityManager -javaagent:build/tmp/expandedArchives/org.jacoco.agent-0.7.4.201502262128.jar_dnibj84r518qfgg9zfvgoi1cd/jacocoagent.jar=destfile=build/jacoco/test.exec,append=true,dumponexit=true,output=file,jmx=false -Dfile.encoding=UTF-8 -Duser.country=US -Duser.language=en -Duser.variant -ea -cp /home/travis/.gradle/caches/2.3/workerMain/gradle-worker.jar jarjar.org.gradle.process.internal.launcher.GradleWorkerMain 'Gradle Test Executor 8'
Successfully started process 'Gradle Test Executor 8'
Gradle Test Executor 8 started executing tests.
Gradle Test Executor 8 finished executing tests.
Starting process 'Gradle Test Executor 9'. Working directory: /home/travis/build/passed/HubTurbo/HubTurbo Command: /usr/lib/jvm/java-8-oracle/bin/java -Djava.security.manager=jarjar.org.gradle.process.internal.child.BootstrapSecurityManager -javaagent:build/tmp/expandedArchives/org.jacoco.agent-0.7.4.201502262128.jar_dnibj84r518qfgg9zfvgoi1cd/jacocoagent.jar=destfile=build/jacoco/test.exec,append=true,dumponexit=true,output=file,jmx=false -Dfile.encoding=UTF-8 -Duser.country=US -Duser.language=en -Duser.variant -ea -cp /home/travis/.gradle/caches/2.3/workerMain/gradle-worker.jar jarjar.org.gradle.process.internal.launcher.GradleWorkerMain 'Gradle Test Executor 9'
Successfully started process 'Gradle Test Executor 9'
Gradle Test Executor 9 started executing tests.
Gradle Test Executor 9 finished executing tests.
Starting process 'Gradle Test Executor 10'. Working directory: /home/travis/build/passed/HubTurbo/HubTurbo Command: /usr/lib/jvm/java-8-oracle/bin/java -Djava.security.manager=jarjar.org.gradle.process.internal.child.BootstrapSecurityManager -javaagent:build/tmp/expandedArchives/org.jacoco.agent-0.7.4.201502262128.jar_dnibj84r518qfgg9zfvgoi1cd/jacocoagent.jar=destfile=build/jacoco/test.exec,append=true,dumponexit=true,output=file,jmx=false -Dfile.encoding=UTF-8 -Duser.country=US -Duser.language=en -Duser.variant -ea -cp /home/travis/.gradle/caches/2.3/workerMain/gradle-worker.jar jarjar.org.gradle.process.internal.launcher.GradleWorkerMain 'Gradle Test Executor 10'
Successfully started process 'Gradle Test Executor 10'
Gradle Test Executor 10 started executing tests.

tests.StoreTests STANDARD_OUT
    2020-11-26 12:07:08,297 INFO Log4j appears to be running in a Servlet environment, but there's no log4j-web module available. If you want better web container support, please add the log4j-web JAR to your web archive or server lib directory.

tests.StoreTests > testStoreStub STANDARD_OUT
    2016 26 Nov 2020 12:07:08 INFO DownloadRepoTask [pool-3-thread-1] - dummy1/dummy1 | Downloaded 10 issue(s), 10 label(s), 10 milestone(s), 10 user(s)
    2026 26 Nov 2020 12:07:08 INFO UpdateIssuesTask [pool-3-thread-1] - dummy1/dummy1 | 10 issue(s)) changed: [#1 Issue 1, #2 Issue 2, #3 Issue 3, #4 Issue 4, #5 Issue 5, #6 Issue 6, #7 Issue 7, #8 Issue 8, #9 Issue 9, #10 Issue 10]
    2026 26 Nov 2020 12:07:08 INFO UpdateUsersTask [pool-3-thread-5] - dummy1/dummy1 | 10 user(s)) changed: [User 1, User 2, User 3, User 4, User 5, User 6, User 7, User 8, User 9, User 10]
    2027 26 Nov 2020 12:07:08 INFO UpdateMilestonesTask [pool-3-thread-4] - dummy1/dummy1 | 10 milestone(s)) changed: [Milestone 1, Milestone 2, Milestone 3, Milestone 4, Milestone 5, Milestone 6, Milestone 7, Milestone 8, Milestone 9, Milestone 10]
    2027 26 Nov 2020 12:07:08 INFO UpdateLabelsTask [pool-3-thread-3] - dummy1/dummy1 | 10 label(s)) changed: [Label 1, Label 2, Label 3, Label 4, Label 5, Label 6, Label 7, Label 8, Label 9, Label 10]
    2028 26 Nov 2020 12:07:08 INFO UpdateModelTask [pool-3-thread-2] - dummy1/dummy1 | Updated model with 10 issue(s), 10 label(s), 10 milestone(s), 10 user(s)
    2052 26 Nov 2020 12:07:08 INFO DownloadRepoTask [pool-3-thread-2] - dummy1/dummy1 | Downloaded 11 issue(s), 10 label(s), 10 milestone(s), 10 user(s)
    2053 26 Nov 2020 12:07:08 INFO UpdateUsersTask [pool-3-thread-1] - dummy1/dummy1 | 0 user(s)) changed
    2053 26 Nov 2020 12:07:08 INFO UpdateMilestonesTask [pool-3-thread-5] - dummy1/dummy1 | 0 milestone(s)) changed
    2053 26 Nov 2020 12:07:08 INFO UpdateIssuesTask [pool-3-thread-2] - dummy1/dummy1 | 1 issue(s)) changed: [#11 Issue 11]
    2053 26 Nov 2020 12:07:08 INFO UpdateLabelsTask [pool-3-thread-4] - dummy1/dummy1 | 0 label(s)) changed
    2054 26 Nov 2020 12:07:08 INFO UpdateModelTask [pool-3-thread-3] - dummy1/dummy1 | Updated model with 11 issue(s), 10 label(s), 10 milestone(s), 10 user(s)

tests.StoreTests > testStore STANDARD_OUT
    2070 26 Nov 2020 12:07:08 INFO DownloadRepoTask [pool-6-thread-1] - dummy1/dummy1 | Downloaded 10 issue(s), 10 label(s), 10 milestone(s), 10 user(s)
    2071 26 Nov 2020 12:07:08 INFO UpdateLabelsTask [pool-6-thread-3] - dummy1/dummy1 | 10 label(s)) changed: [Label 1, Label 2, Label 3, Label 4, Label 5, Label 6, Label 7, Label 8, Label 9, Label 10]
    2071 26 Nov 2020 12:07:08 INFO UpdateIssuesTask [pool-6-thread-1] - dummy1/dummy1 | 10 issue(s)) changed: [#1 Issue 1, #2 Issue 2, #3 Issue 3, #4 Issue 4, #5 Issue 5, #6 Issue 6, #7 Issue 7, #8 Issue 8, #9 Issue 9, #10 Issue 10]
    2071 26 Nov 2020 12:07:08 INFO UpdateMilestonesTask [pool-6-thread-4] - dummy1/dummy1 | 10 milestone(s)) changed: [Milestone 1, Milestone 2, Milestone 3, Milestone 4, Milestone 5, Milestone 6, Milestone 7, Milestone 8, Milestone 9, Milestone 10]
    2071 26 Nov 2020 12:07:08 INFO UpdateUsersTask [pool-6-thread-5] - dummy1/dummy1 | 10 user(s)) changed: [User 1, User 2, User 3, User 4, User 5, User 6, User 7, User 8, User 9, User 10]
    2072 26 Nov 2020 12:07:08 INFO UpdateModelTask [pool-6-thread-2] - dummy1/dummy1 | Updated model with 10 issue(s), 10 label(s), 10 milestone(s), 10 user(s)
    2074 26 Nov 2020 12:07:08 INFO UpdateIssuesTask [pool-6-thread-4] - dummy1/dummy1 | 1 issue(s)) changed: [#11 Issue 11]
    2074 26 Nov 2020 12:07:08 INFO UpdateLabelsTask [pool-6-thread-5] - dummy1/dummy1 | 0 label(s)) changed
    2074 26 Nov 2020 12:07:08 INFO UpdateMilestonesTask [pool-6-thread-1] - dummy1/dummy1 | 0 milestone(s)) changed
    2074 26 Nov 2020 12:07:08 INFO UpdateUsersTask [pool-6-thread-3] - dummy1/dummy1 | 0 user(s)) changed
    2075 26 Nov 2020 12:07:08 INFO UpdateModelTask [pool-6-thread-2] - dummy1/dummy1 | Updated model with 11 issue(s), 10 label(s), 10 milestone(s), 10 user(s)
    2160 26 Nov 2020 12:07:08 INFO WriteTask [pool-5-thread-1] - dummy1/dummy1 | Written to JSON store
    2167 26 Nov 2020 12:07:08 INFO WriteTask [pool-5-thread-1] - dummy1/dummy1 | Written to JSON store
    4088 26 Nov 2020 12:07:10 INFO ReadTask [pool-7-thread-1] - dummy1/dummy1 | Loaded from JSON cache
    4114 26 Nov 2020 12:07:10 INFO UpdateLabelsTask [pool-8-thread-3] - dummy1/dummy1 | 10 label(s)) changed: [Label 1, Label 2, Label 3, Label 4, Label 5, Label 6, Label 7, Label 8, Label 9, Label 10]
    4114 26 Nov 2020 12:07:10 INFO UpdateIssuesTask [pool-8-thread-2] - dummy1/dummy1 | 10 issue(s)) changed: [#1 Issue 1, #2 Issue 2, #3 Issue 3, #4 Issue 4, #5 Issue 5, #6 Issue 6, #7 Issue 7, #8 Issue 8, #9 Issue 9, #10 Issue 10]
    4115 26 Nov 2020 12:07:10 INFO UpdateUsersTask [pool-8-thread-5] - dummy1/dummy1 | 10 user(s)) changed: [User 1, User 2, User 3, User 4, User 5, User 6, User 7, User 8, User 9, User 10]
    4114 26 Nov 2020 12:07:10 INFO UpdateMilestonesTask [pool-8-thread-4] - dummy1/dummy1 | 10 milestone(s)) changed: [Milestone 1, Milestone 2, Milestone 3, Milestone 4, Milestone 5, Milestone 6, Milestone 7, Milestone 8, Milestone 9, Milestone 10]
    4116 26 Nov 2020 12:07:10 INFO UpdateModelTask [pool-8-thread-1] - dummy1/dummy1 | Updated model with 11 issue(s), 10 label(s), 10 milestone(s), 10 user(s)
Gradle Test Executor 10 finished executing tests.
Starting process 'Gradle Test Executor 11'. Working directory: /home/travis/build/passed/HubTurbo/HubTurbo Command: /usr/lib/jvm/java-8-oracle/bin/java -Djava.security.manager=jarjar.org.gradle.process.internal.child.BootstrapSecurityManager -javaagent:build/tmp/expandedArchives/org.jacoco.agent-0.7.4.201502262128.jar_dnibj84r518qfgg9zfvgoi1cd/jacocoagent.jar=destfile=build/jacoco/test.exec,append=true,dumponexit=true,output=file,jmx=false -Dfile.encoding=UTF-8 -Duser.country=US -Duser.language=en -Duser.variant -ea -cp /home/travis/.gradle/caches/2.3/workerMain/gradle-worker.jar jarjar.org.gradle.process.internal.launcher.GradleWorkerMain 'Gradle Test Executor 11'
Successfully started process 'Gradle Test Executor 11'
Gradle Test Executor 11 started executing tests.

tests.TickingTimerTests > doublePauseTest STANDARD_OUT
    2020-11-26 12:07:12,348 INFO Log4j appears to be running in a Servlet environment, but there's no log4j-web module available. If you want better web container support, please add the log4j-web JAR to your web archive or server lib directory.
    1676 26 Nov 2020 12:07:12 INFO TickingTimer [Test worker] - Started TickingTimer test

tests.TickingTimerTests > triggerTest STANDARD_OUT
    1681 26 Nov 2020 12:07:12 INFO TickingTimer [Test worker] - Started TickingTimer test2
    12682 26 Nov 2020 12:07:23 INFO TickingTimer [Test worker] - Stopping TickingTimer test2
    12684 26 Nov 2020 12:07:23 INFO TickingTimer [Test worker] - Successfully stopped TickingTimer test2

tests.TickingTimerTests > threadingTest STANDARD_OUT
    12686 26 Nov 2020 12:07:23 INFO TickingTimer [Test worker] - Started TickingTimer test
Gradle Test Executor 11 finished executing tests.

52 tests completed, 1 failed
Finished generating test XML results (0.029 secs) into: /home/travis/build/passed/HubTurbo/HubTurbo/build/test-results
Generating HTML test report...
Finished generating test html results (0.042 secs) into: /home/travis/build/passed/HubTurbo/HubTurbo/build/reports/tests
:test FAILED
:test (Thread[Daemon worker,5,main]) completed. Took 1 mins 23.519 secs.

FAILURE: Build failed with an exception.

* What went wrong:
Execution failed for task ':test'.
> There were failing tests. See the report at: file:///home/travis/build/passed/HubTurbo/HubTurbo/build/reports/tests/index.html

* Try:
Run with --stacktrace option to get the stack trace. Run with --debug option to get more log output.

BUILD FAILED

Total time: 1 mins 27.732 secs
Stopped 0 compiler daemon(s).
Received result DaemonCommandResult[type=CommandFailure, value=org.gradle.launcher.exec.ReportedException: org.gradle.internal.exceptions.LocationAwareException: Execution failed for task ':test'.] from daemon DaemonInfo{pid=620, address=[baf947bf-84a4-4b17-b13d-802589b9dee0 port:34159, addresses:[/127.0.0.1]], idle=true, context=DefaultDaemonContext[uid=f03cad6a-61e4-4d2b-81ee-4e26f5c096ed,javaHome=/usr/lib/jvm/java-8-oracle,daemonRegistryDir=/home/travis/.gradle/daemon,pid=620,idleTimeout=10800000,daemonOpts=-XX:MaxPermSize=512m,-XX:+CMSClassUnloadingEnabled,-XX:+CMSPermGenSweepingEnabled,-XX:+HeapDumpOnOutOfMemoryError,-Xmx1024m,-Dfile.encoding=utf-8,-Duser.country=US,-Duser.language=en,-Duser.variant]}.

travis_time:end:0a30777b:start=1606392363360582575,finish=1606392451351768116,duration=87991185541[0K
[31;1mThe command "./gradlew clean check -i" exited with 1.[0m

Done. Your build exited with 1.
