travis_fold:start:system_info[0K[33;1mBuild system information[0m
Build language: python
Build group: stable
Build dist: precise
Build id: ''
Job id: ''
[34m[1mBuild image provisioning date and time[0m
Thu Feb  5 15:09:33 UTC 2015
[34m[1mOperating System Details[0m
Distributor ID:	Ubuntu
Description:	Ubuntu 12.04.5 LTS
Release:	12.04
Codename:	precise
[34m[1mLinux Version[0m
3.13.0-29-generic
[34m[1mCookbooks Version[0m
a68419e https://github.com/travis-ci/travis-cookbooks/tree/a68419e
[34m[1mGCC version[0m
gcc (Ubuntu/Linaro 4.6.3-1ubuntu5) 4.6.3
Copyright (C) 2011 Free Software Foundation, Inc.
This is free software; see the source for copying conditions.  There is NO
warranty; not even for MERCHANTABILITY or FITNESS FOR A PARTICULAR PURPOSE.

[34m[1mLLVM version[0m
clang version 3.4 (tags/RELEASE_34/final)
Target: x86_64-unknown-linux-gnu
Thread model: posix
[34m[1mPre-installed Ruby versions[0m
ruby-1.9.3-p551
[34m[1mPre-installed Node.js versions[0m
v0.10.36
[34m[1mPre-installed Go versions[0m
1.4.1
[34m[1mRedis version[0m
redis-server 2.8.19
[34m[1mriak version[0m
2.0.2
[34m[1mMongoDB version[0m
MongoDB 2.4.12
[34m[1mCouchDB version[0m
couchdb 1.6.1
[34m[1mNeo4j version[0m
1.9.4
[34m[1mRabbitMQ Version[0m
3.4.3
[34m[1mElasticSearch version[0m
1.4.0
[34m[1mInstalled Sphinx versions[0m
2.0.10
2.1.9
2.2.6
[34m[1mDefault Sphinx version[0m
2.2.6
[34m[1mInstalled Firefox version[0m
firefox 31.0esr
[34m[1mPhantomJS version[0m
1.9.8
[34m[1mant -version[0m
Apache Ant(TM) version 1.8.2 compiled on December 3 2011
[34m[1mmvn -version[0m
Apache Maven 3.2.5 (12a6b3acb947671f09b81f49094c53f426d8cea1; 2014-12-14T17:29:23+00:00)
Maven home: /usr/local/maven
Java version: 1.7.0_76, vendor: Oracle Corporation
Java home: /usr/lib/jvm/java-7-oracle/jre
Default locale: en_US, platform encoding: ANSI_X3.4-1968
OS name: "linux", version: "3.13.0-29-generic", arch: "amd64", family: "unix"
travis_fold:end:system_info[0K
grep: /etc/apt/sources.list.d/*: No such file or directory
sed: cannot rename /etc/hosts: Device or resource busy
sed: cannot rename /etc/hosts: Device or resource busy
$ cd failed/marshallward/f90nml
travis_time:start:15429158[0K$ source ~/virtualenv/pypy3/bin/activate

travis_time:end:15429158:start=1606509082958841771,finish=1606509082967793308,duration=8951537[0K$ python --version
Python 3.2.5 (b2091e973da6, Oct 19 2014, 18:29:55)
[PyPy 2.4.0 with GCC 4.6.3]
$ pip --version
pip 6.0.7 from /home/travis/virtualenv/pypy3-2.4.0/site-packages (python 3.2)
travis_fold:start:install.1[0Ktravis_time:start:0207b190[0K$ if [[ $TRAVIS_PYTHON_VERSION == '2.6' ]]; then pip install ordereddict==1.1; fi

travis_time:end:0207b190:start=1606509083633660529,finish=1606509083642721679,duration=9061150[0Ktravis_fold:end:install.1[0Ktravis_fold:start:install.2[0Ktravis_time:start:303f69b6[0K$ pip install .
Processing /home/travis/build/failed/marshallward/f90nml
Installing collected packages: f90nml
  Running setup.py install for f90nml
Successfully installed f90nml-0.18

travis_time:end:303f69b6:start=1606509083654818354,finish=1606509086091634679,duration=2436816325[0Ktravis_fold:end:install.2[0Ktravis_fold:start:before_script.1[0Ktravis_time:start:12825894[0K$ cd test

travis_time:end:12825894:start=1606509086103943128,finish=1606509086113296141,duration=9353013[0Ktravis_fold:end:before_script.1[0Ktravis_fold:start:before_script.2[0Ktravis_time:start:24282db8[0K$ pip install -r requirements_test.txt
Collecting coverage==3.7.1 (from -r requirements_test.txt (line 1))
  Downloading https://files.pythonhosted.org/packages/09/4f/89b06c7fdc09687bca507dc411c342556ef9c5a3b26756137a4878ff19bf/coverage-3.7.1.tar.gz (284kB)
Collecting coveralls (from -r requirements_test.txt (line 3))
  Downloading https://files.pythonhosted.org/packages/e9/7b/eba1854eac00cdfd3dd4e8213552978c3ad7a1f810b149aca65725a483d8/coveralls-2.2.0-py2.py3-none-any.whl
Collecting docopt>=0.6.1 (from coveralls->-r requirements_test.txt (line 3))
  Downloading https://files.pythonhosted.org/packages/a2/55/8f8cab2afd404cf578136ef2cc5dfb50baa1761b68c9da1fb1e4eed343c9/docopt-0.6.2.tar.gz
Collecting requests>=1.0.0 (from coveralls->-r requirements_test.txt (line 3))
  Downloading https://files.pythonhosted.org/packages/39/fc/f91eac5a39a65f75a7adb58eac7fa78871ea9872283fb9c44e6545998134/requests-2.25.0-py2.py3-none-any.whl (61kB)
Collecting idna<3,>=2.5 (from requests>=1.0.0->coveralls->-r requirements_test.txt (line 3))
  Downloading https://files.pythonhosted.org/packages/a2/38/928ddce2273eaa564f6f50de919327bf3a00f091b5baba8dfa9460f3a8a8/idna-2.10-py2.py3-none-any.whl (58kB)
Collecting certifi>=2017.4.17 (from requests>=1.0.0->coveralls->-r requirements_test.txt (line 3))
  Downloading https://files.pythonhosted.org/packages/c1/6f/3d85f0850962279a7e4c622695d7b3171e95ac65308a57d3b29738b27149/certifi-2020.11.8-py2.py3-none-any.whl (155kB)
Collecting urllib3<1.27,>=1.21.1 (from requests>=1.0.0->coveralls->-r requirements_test.txt (line 3))
  Downloading https://files.pythonhosted.org/packages/f5/71/45d36a8df68f3ebb098d6861b2c017f3d094538c0fb98fa61d4dc43e69b9/urllib3-1.26.2-py2.py3-none-any.whl (136kB)
Collecting chardet<4,>=3.0.2 (from requests>=1.0.0->coveralls->-r requirements_test.txt (line 3))
  Downloading https://files.pythonhosted.org/packages/bc/a9/01ffebfb562e4274b6487b4bb1ddec7ca55ec7510b22e4c51f14098443b8/chardet-3.0.4-py2.py3-none-any.whl (133kB)
Installing collected packages: chardet, urllib3, certifi, idna, requests, docopt, coveralls, coverage





  Running setup.py install for docopt

  Running setup.py install for coverage
    Installing coverage3 script to /home/travis/virtualenv/pypy3-2.4.0/bin
    Installing coverage-3.2 script to /home/travis/virtualenv/pypy3-2.4.0/bin
    Installing coverage script to /home/travis/virtualenv/pypy3-2.4.0/bin
Successfully installed certifi-2020.11.8 chardet-3.0.4 coverage-3.7.1 coveralls-2.2.0 docopt-0.6.2 idna-2.10 requests-2.25.0 urllib3-1.26.2

travis_time:end:24282db8:start=1606509086124931801,finish=1606509094640399193,duration=8515467392[0Ktravis_fold:end:before_script.2[0Ktravis_time:start:332a0234[0K$ coverage run --source f90nml test_f90nml.py
Coverage.py warning: Module f90nml was never imported.
Coverage.py warning: No data was collected.
Traceback (most recent call last):
  File "/home/travis/virtualenv/pypy3-2.4.0/site-packages/coverage/cmdline.py", line 721, in main
    status = CoverageScript().command_line(argv)
  File "/home/travis/virtualenv/pypy3-2.4.0/site-packages/coverage/cmdline.py", line 438, in command_line
    self.do_execute(options, args)
  File "/home/travis/virtualenv/pypy3-2.4.0/site-packages/coverage/cmdline.py", line 575, in do_execute
    self.run_python_file(filename, args)
  File "/home/travis/virtualenv/pypy3-2.4.0/site-packages/coverage/execfile.py", line 116, in run_python_file
    raise ExceptionDuringRun(typ, err, tb.tb_next.tb_next)
coverage.misc.ExceptionDuringRun: (<class 'ImportError'>, ImportError('No module named numpy',), <traceback object at 0x000000000561dd80>)

During handling of the above exception, another exception occurred:

Traceback (most recent call last):
  File "test_f90nml.py", line 9, in <module>
    import numpy
ImportError: No module named numpy

travis_time:end:332a0234:start=1606509094649606815,finish=1606509095052861403,duration=403254588[0K
[31;1mThe command "coverage run --source f90nml test_f90nml.py" exited with 1.[0m

Done. Your build exited with 1.
