travis_fold:start:system_info[0K[33;1mBuild system information[0m
Build language: java
Build id: ''
Job id: ''
[34m[1mBuild image provisioning date and time[0m
Thu Feb  5 15:09:33 UTC 2015
[34m[1mOperating System Details[0m
Distributor ID:	Ubuntu
Description:	Ubuntu 12.04.5 LTS
Release:	12.04
Codename:	precise
[34m[1mLinux Version[0m
3.13.0-29-generic
[34m[1mCookbooks Version[0m
a68419e https://github.com/travis-ci/travis-cookbooks/tree/a68419e
[34m[1mGCC version[0m
gcc (Ubuntu/Linaro 4.6.3-1ubuntu5) 4.6.3
Copyright (C) 2011 Free Software Foundation, Inc.
This is free software; see the source for copying conditions.  There is NO
warranty; not even for MERCHANTABILITY or FITNESS FOR A PARTICULAR PURPOSE.

[34m[1mLLVM version[0m
clang version 3.4 (tags/RELEASE_34/final)
Target: x86_64-unknown-linux-gnu
Thread model: posix
[34m[1mPre-installed Ruby versions[0m
ruby-1.9.3-p551
[34m[1mPre-installed Node.js versions[0m
v0.10.36
[34m[1mPre-installed Go versions[0m
1.4.1
[34m[1mRedis version[0m
redis-server 2.8.19
[34m[1mriak version[0m
2.0.2
[34m[1mMongoDB version[0m
MongoDB 2.4.12
[34m[1mCouchDB version[0m
couchdb 1.6.1
[34m[1mNeo4j version[0m
1.9.4
[34m[1mRabbitMQ Version[0m
3.4.3
[34m[1mElasticSearch version[0m
1.4.0
[34m[1mInstalled Sphinx versions[0m
2.0.10
2.1.9
2.2.6
[34m[1mDefault Sphinx version[0m
2.2.6
[34m[1mInstalled Firefox version[0m
firefox 31.0esr
[34m[1mPhantomJS version[0m
1.9.8
[34m[1mant -version[0m
Apache Ant(TM) version 1.8.2 compiled on December 3 2011
[34m[1mmvn -version[0m
Apache Maven 3.2.5 (12a6b3acb947671f09b81f49094c53f426d8cea1; 2014-12-14T17:29:23+00:00)
Maven home: /usr/local/maven
Java version: 1.7.0_76, vendor: Oracle Corporation
Java home: /usr/lib/jvm/java-7-oracle/jre
Default locale: en_US, platform encoding: ANSI_X3.4-1968
OS name: "linux", version: "3.13.0-29-generic", arch: "amd64", family: "unix"
travis_fold:end:system_info[0K
grep: /etc/apt/sources.list.d/*: No such file or directory
sed: cannot rename /etc/hosts: Device or resource busy
sed: cannot rename /etc/hosts: Device or resource busy
$ jdk_switcher use oraclejdk8
Switching to Oracle JDK8 (java-8-oracle), JAVA_HOME will be set to /usr/lib/jvm/java-8-oracle
$ cd failed/spring-projects/spring-data-jpa

[33;1mSetting environment variables from .travis.yml[0m
$ export PROFILE=spring42-next

travis_fold:start:cache.1[0KSetting up build cache
$ export CASHER_DIR=$HOME/.casher
travis_time:start:386376c0[0K$ Installing caching utilities

travis_time:end:386376c0:start=1606635756027214854,finish=1606635756293676973,duration=266462119[0Ktravis_time:start:2c077f80[0K
travis_time:end:2c077f80:start=1606635756308540498,finish=1606635756318160060,duration=9619562[0Ktravis_time:start:009ed890[0K/home/travis/.casher/bin/casher:213:in `cache_archive_name': undefined method `[]' for nil:NilClass (NoMethodError)
	from /home/travis/.casher/bin/casher:65:in `block in fetch'
	from /home/travis/.casher/bin/casher:64:in `each'
	from /home/travis/.casher/bin/casher:64:in `fetch'
	from /home/travis/.casher/bin/casher:53:in `block in run'
	from /home/travis/.rvm/rubies/ruby-1.9.3-p551/lib/ruby/1.9.1/timeout.rb:69:in `timeout'
	from /home/travis/.casher/bin/casher:53:in `run'
	from /home/travis/.casher/bin/casher:263:in `<main>'
[32;1mattempting to download cache archive[0m

travis_time:end:009ed890:start=1606635756329248970,finish=1606635757219500657,duration=890251687[0Ktravis_time:start:072cc610[0K
travis_time:end:072cc610:start=1606635757232425653,finish=1606635757243494584,duration=11068931[0Ktravis_time:start:0a7b3b76[0K[32;1madding /home/travis/.m2 to cache[0m

travis_time:end:0a7b3b76:start=1606635757256160539,finish=1606635758165233298,duration=909072759[0Ktravis_fold:end:cache.1[0K$ java -Xmx32m -version
java version "1.8.0_31"
Java(TM) SE Runtime Environment (build 1.8.0_31-b13)
Java HotSpot(TM) 64-Bit Server VM (build 25.31-b07, mixed mode)
$ javac -J-Xmx32m -version
javac 1.8.0_31
travis_fold:start:install[0Ktravis_time:start:08b0d378[0K$ true

travis_time:end:08b0d378:start=1606635758465702809,finish=1606635758476255484,duration=10552675[0Ktravis_fold:end:install[0Ktravis_time:start:1f1454f9[0K$ mvn clean dependency:list test -P${PROFILE} -Dsort
Java HotSpot(TM) 64-Bit Server VM warning: ignoring option MaxPermSize=192m; support was removed in 8.0
[INFO] Scanning for projects...
Downloading: http://repo.maven.apache.org/maven2/org/springframework/data/build/spring-data-parent/1.7.0.M1/spring-data-parent-1.7.0.M1.pom
Downloading: https://oss.sonatype.org/content/repositories/releases/org/springframework/data/build/spring-data-parent/1.7.0.M1/spring-data-parent-1.7.0.M1.pom
Downloading: https://repository.apache.org/releases/org/springframework/data/build/spring-data-parent/1.7.0.M1/spring-data-parent-1.7.0.M1.pom
Downloading: https://repo.spring.io/libs-milestone/org/springframework/data/build/spring-data-parent/1.7.0.M1/spring-data-parent-1.7.0.M1.pom
1/21 KB   2/21 KB   4/21 KB   5/21 KB   6/21 KB   8/21 KB   9/21 KB   10/21 KB   12/21 KB   13/21 KB   13/21 KB   15/21 KB   16/21 KB   17/21 KB   19/21 KB   20/21 KB   21/21 KB              Downloaded: https://repo.spring.io/libs-milestone/org/springframework/data/build/spring-data-parent/1.7.0.M1/spring-data-parent-1.7.0.M1.pom (21 KB at 64.7 KB/sec)
Downloading: http://repo.maven.apache.org/maven2/org/springframework/data/build/spring-data-build/1.7.0.M1/spring-data-build-1.7.0.M1.pom
           Downloading: https://oss.sonatype.org/content/repositories/releases/org/springframework/data/build/spring-data-build/1.7.0.M1/spring-data-build-1.7.0.M1.pom
           Downloading: https://repository.apache.org/releases/org/springframework/data/build/spring-data-build/1.7.0.M1/spring-data-build-1.7.0.M1.pom
           Downloading: https://repo.spring.io/libs-milestone/org/springframework/data/build/spring-data-build/1.7.0.M1/spring-data-build-1.7.0.M1.pom
1/3 KB     3/3 KB   3/3 KB            Downloaded: https://repo.spring.io/libs-milestone/org/springframework/data/build/spring-data-build/1.7.0.M1/spring-data-build-1.7.0.M1.pom (3 KB at 12.3 KB/sec)
Downloading: https://repo.spring.io/plugins-release/org/apache/maven/wagon/wagon-ssh/2.5/wagon-ssh-2.5.pom
         Downloading: https://repo.maven.apache.org/maven2/org/apache/maven/wagon/wagon-ssh/2.5/wagon-ssh-2.5.pom
2/6 KB   3/6 KB   5/6 KB   6/6 KB   6/6 KB            Downloaded: https://repo.maven.apache.org/maven2/org/apache/maven/wagon/wagon-ssh/2.5/wagon-ssh-2.5.pom (6 KB at 93.1 KB/sec)
Downloading: https://repo.spring.io/plugins-release/org/apache/maven/wagon/wagon-providers/2.5/wagon-providers-2.5.pom
         Downloading: https://repo.maven.apache.org/maven2/org/apache/maven/wagon/wagon-providers/2.5/wagon-providers-2.5.pom
2/3 KB   3/3 KB            Downloaded: https://repo.maven.apache.org/maven2/org/apache/maven/wagon/wagon-providers/2.5/wagon-providers-2.5.pom (3 KB at 126.8 KB/sec)
Downloading: https://repo.spring.io/plugins-release/org/apache/maven/wagon/wagon/2.5/wagon-2.5.pom
         Downloading: https://repo.maven.apache.org/maven2/org/apache/maven/wagon/wagon/2.5/wagon-2.5.pom
2/20 KB   3/20 KB   5/20 KB   6/20 KB   7/20 KB   9/20 KB   10/20 KB   11/20 KB   13/20 KB   14/20 KB   15/20 KB   17/20 KB   18/20 KB   19/20 KB   20/20 KB              Downloaded: https://repo.maven.apache.org/maven2/org/apache/maven/wagon/wagon/2.5/wagon-2.5.pom (20 KB at 529.1 KB/sec)
Downloading: https://repo.spring.io/plugins-release/org/apache/maven/maven-parent/23/maven-parent-23.pom
1/33 KB    2/33 KB   4/33 KB   5/33 KB   6/33 KB   8/33 KB   9/33 KB   10/33 KB   12/33 KB   13/33 KB   14/33 KB   15/33 KB   16/33 KB   18/33 KB   19/33 KB   20/33 KB   22/33 KB   23/33 KB   24/33 KB   26/33 KB   27/33 KB   28/33 KB   30/33 KB   31/33 KB   32/33 KB   33/33 KB              Downloaded: https://repo.spring.io/plugins-release/org/apache/maven/maven-parent/23/maven-parent-23.pom (33 KB at 144.0 KB/sec)
Downloading: https://repo.spring.io/plugins-release/org/apache/apache/13/apache-13.pom
1/14 KB    2/14 KB   4/14 KB   5/14 KB   6/14 KB   8/14 KB   9/14 KB   10/14 KB   12/14 KB   13/14 KB   14/14 KB   14/14 KB              Downloaded: https://repo.spring.io/plugins-release/org/apache/apache/13/apache-13.pom (14 KB at 65.7 KB/sec)
Downloading: https://repo.spring.io/plugins-release/com/jcraft/jsch/0.1.44-1/jsch-0.1.44-1.pom
           Downloading: https://repo.maven.apache.org/maven2/com/jcraft/jsch/0.1.44-1/jsch-0.1.44-1.pom
2/4 KB     3/4 KB   4/4 KB            Downloaded: https://repo.maven.apache.org/maven2/com/jcraft/jsch/0.1.44-1/jsch-0.1.44-1.pom (4 KB at 150.8 KB/sec)
Downloading: https://repo.spring.io/plugins-release/org/sonatype/oss/oss-parent/6/oss-parent-6.pom
1/5 KB   2/5 KB   4/5 KB   5/5 KB            Downloaded: https://repo.spring.io/plugins-release/org/sonatype/oss/oss-parent/6/oss-parent-6.pom (5 KB at 21.2 KB/sec)
Downloading: https://repo.spring.io/plugins-release/org/codehaus/plexus/plexus-utils/3.0.8/plexus-utils-3.0.8.pom
1/4 KB   2/4 KB   4/4 KB            Downloaded: https://repo.spring.io/plugins-release/org/codehaus/plexus/plexus-utils/3.0.8/plexus-utils-3.0.8.pom (4 KB at 15.4 KB/sec)
Downloading: https://repo.spring.io/plugins-release/org/codehaus/plexus/plexus/3.2/plexus-3.2.pom
1/19 KB   2/19 KB   4/19 KB   5/19 KB   6/19 KB   8/19 KB   9/19 KB   10/19 KB   12/19 KB   13/19 KB   14/19 KB   15/19 KB   16/19 KB   18/19 KB   19/19 KB              Downloaded: https://repo.spring.io/plugins-release/org/codehaus/plexus/plexus/3.2/plexus-3.2.pom (19 KB at 87.6 KB/sec)
Downloading: https://repo.spring.io/plugins-release/org/sonatype/spice/spice-parent/17/spice-parent-17.pom
1/7 KB     2/7 KB   4/7 KB   5/7 KB   6/7 KB   7/7 KB            Downloaded: https://repo.spring.io/plugins-release/org/sonatype/spice/spice-parent/17/spice-parent-17.pom (7 KB at 33.2 KB/sec)
Downloading: https://repo.spring.io/plugins-release/org/sonatype/forge/forge-parent/10/forge-parent-10.pom
1/14 KB   2/14 KB   4/14 KB   5/14 KB   6/14 KB   8/14 KB   9/14 KB   10/14 KB   12/14 KB   13/14 KB   14/14 KB              Downloaded: https://repo.spring.io/plugins-release/org/sonatype/forge/forge-parent/10/forge-parent-10.pom (14 KB at 64.3 KB/sec)
Downloading: https://repo.spring.io/plugins-release/org/apache/maven/wagon/wagon-ssh-common/2.5/wagon-ssh-common-2.5.pom
           Downloading: https://repo.maven.apache.org/maven2/org/apache/maven/wagon/wagon-ssh-common/2.5/wagon-ssh-common-2.5.pom
2/2 KB     2/2 KB            Downloaded: https://repo.maven.apache.org/maven2/org/apache/maven/wagon/wagon-ssh-common/2.5/wagon-ssh-common-2.5.pom (2 KB at 99.7 KB/sec)
Downloading: https://repo.spring.io/plugins-release/org/codehaus/plexus/plexus-interactivity-api/1.0-alpha-6/plexus-interactivity-api-1.0-alpha-6.pom
568/726 B   726/726 B               Downloaded: https://repo.spring.io/plugins-release/org/codehaus/plexus/plexus-interactivity-api/1.0-alpha-6/plexus-interactivity-api-1.0-alpha-6.pom (726 B at 3.3 KB/sec)
Downloading: https://repo.spring.io/plugins-release/org/codehaus/plexus/plexus-interactivity/1.0-alpha-6/plexus-interactivity-1.0-alpha-6.pom
1/2 KB      2/2 KB            Downloaded: https://repo.spring.io/plugins-release/org/codehaus/plexus/plexus-interactivity/1.0-alpha-6/plexus-interactivity-1.0-alpha-6.pom (2 KB at 5.3 KB/sec)
Downloading: https://repo.spring.io/plugins-release/org/codehaus/plexus/plexus-components/1.1.9/plexus-components-1.1.9.pom
1/3 KB   2/3 KB   3/3 KB            Downloaded: https://repo.spring.io/plugins-release/org/codehaus/plexus/plexus-components/1.1.9/plexus-components-1.1.9.pom (3 KB at 11.9 KB/sec)
Downloading: https://repo.spring.io/plugins-release/org/codehaus/plexus/plexus/1.0.10/plexus-1.0.10.pom
1/8 KB   2/8 KB   4/8 KB   5/8 KB   6/8 KB   8/8 KB   8/8 KB            Downloaded: https://repo.spring.io/plugins-release/org/codehaus/plexus/plexus/1.0.10/plexus-1.0.10.pom (8 KB at 38.6 KB/sec)
Downloading: https://repo.spring.io/plugins-release/org/apache/maven/wagon/wagon-provider-api/2.5/wagon-provider-api-2.5.pom
         Downloading: https://repo.maven.apache.org/maven2/org/apache/maven/wagon/wagon-provider-api/2.5/wagon-provider-api-2.5.pom
2/2 KB   2/2 KB            Downloaded: https://repo.maven.apache.org/maven2/org/apache/maven/wagon/wagon-provider-api/2.5/wagon-provider-api-2.5.pom (2 KB at 88.7 KB/sec)
Downloading: https://repo.spring.io/plugins-release/org/apache/maven/wagon/wagon-ssh/2.5/wagon-ssh-2.5.jar
Downloading: https://repo.spring.io/plugins-release/com/jcraft/jsch/0.1.44-1/jsch-0.1.44-1.jar
Downloading: https://repo.spring.io/plugins-release/org/codehaus/plexus/plexus-utils/3.0.8/plexus-utils-3.0.8.jar
Downloading: https://repo.spring.io/plugins-release/org/apache/maven/wagon/wagon-ssh-common/2.5/wagon-ssh-common-2.5.jar
Downloading: https://repo.spring.io/plugins-release/org/codehaus/plexus/plexus-interactivity-api/1.0-alpha-6/plexus-interactivity-api-1.0-alpha-6.jar
         1/12 KB   2/12 KB   4/12 KB   5/12 KB   1/227 KB   5/12 KB   1/227 KB   6/12 KB   2/227 KB   6/12 KB   2/227 KB   8/12 KB                        2/227 KB   9/12 KB   4/227 KB   9/12 KB   4/227 KB   10/12 KB   5/227 KB   10/12 KB   5/227 KB   12/12 KB   5/227 KB   12/12 KB   6/227 KB   12/12 KB   8/227 KB   12/12 KB   9/227 KB   12/12 KB   10/227 KB   12/12 KB   12/227 KB   12/12 KB   13/227 KB   12/12 KB   14/227 KB   12/12 KB   15/227 KB   12/12 KB   16/227 KB   12/12 KB   18/227 KB   12/12 KB   19/227 KB   12/12 KB   20/227 KB   12/12 KB                          22/227 KB   12/12 KB   23/227 KB   12/12 KB   24/227 KB   12/12 KB   26/227 KB   12/12 KB   27/227 KB   12/12 KB   28/227 KB   12/12 KB   30/227 KB   12/12 KB   31/227 KB   12/12 KB   32/227 KB   12/12 KB   33/227 KB   12/12 KB   35/227 KB   12/12 KB   36/227 KB   12/12 KB   37/227 KB   12/12 KB   39/227 KB   12/12 KB   40/227 KB   12/12 KB   41/227 KB   12/12 KB   43/227 KB   12/12 KB   44/227 KB   12/12 KB   45/227 KB   12/12 KB   47/227 KB   12/12 KB   48/227 KB   12/12 KB   49/227 KB   12/12 KB   51/227 KB   12/12 KB   52/227 KB   12/12 KB   53/227 KB   12/12 KB   55/227 KB   12/12 KB   56/227 KB   12/12 KB   57/227 KB   12/12 KB   59/227 KB   12/12 KB   60/227 KB   12/12 KB   61/227 KB   12/12 KB   63/227 KB   12/12 KB   63/227 KB   12/12 KB   64/227 KB   12/12 KB   65/227 KB   12/12 KB   67/227 KB   12/12 KB   68/227 KB   12/12 KB   69/227 KB   12/12 KB   71/227 KB   12/12 KB   72/227 KB   12/12 KB   73/227 KB   12/12 KB   75/227 KB   12/12 KB   76/227 KB   12/12 KB   77/227 KB   12/12 KB   79/227 KB   12/12 KB   80/227 KB   12/12 KB   81/227 KB   12/12 KB   83/227 KB   12/12 KB   84/227 KB   12/12 KB   85/227 KB   12/12 KB   87/227 KB   12/12 KB   88/227 KB   12/12 KB   89/227 KB   12/12 KB   91/227 KB   12/12 KB   92/227 KB   12/12 KB   93/227 KB   12/12 KB   95/227 KB   12/12 KB   96/227 KB   12/12 KB   96/227 KB   12/12 KB   97/227 KB   12/12 KB   99/227 KB   12/12 KB   100/227 KB   12/12 KB   101/227 KB   12/12 KB   103/227 KB   12/12 KB   104/227 KB   12/12 KB   105/227 KB   12/12 KB   107/227 KB   12/12 KB   108/227 KB   12/12 KB   109/227 KB   12/12 KB   111/227 KB   12/12 KB   112/227 KB   12/12 KB   113/227 KB   12/12 KB   115/227 KB   12/12 KB   116/227 KB   12/12 KB   117/227 KB   12/12 KB   119/227 KB   12/12 KB                           120/227 KB              Downloaded: https://repo.spring.io/plugins-release/org/codehaus/plexus/plexus-interactivity-api/1.0-alpha-6/plexus-interactivity-api-1.0-alpha-6.jar (12 KB at 46.2 KB/sec)
121/227 KB   123/227 KB   124/227 KB   125/227 KB   127/227 KB   128/227 KB   129/227 KB   131/227 KB   132/227 KB   133/227 KB   135/227 KB   136/227 KB   137/227 KB   139/227 KB   140/227 KB   141/227 KB   143/227 KB   144/227 KB   145/227 KB   147/227 KB   148/227 KB   149/227 KB   151/227 KB   152/227 KB   153/227 KB   155/227 KB   156/227 KB   157/227 KB   159/227 KB   160/227 KB   161/227 KB   163/227 KB   164/227 KB   165/227 KB   167/227 KB   168/227 KB   169/227 KB   171/227 KB   172/227 KB   173/227 KB   175/227 KB   176/227 KB   177/227 KB   179/227 KB   180/227 KB   181/227 KB   183/227 KB   184/227 KB   185/227 KB   187/227 KB   188/227 KB   189/227 KB   191/227 KB   192/227 KB   193/227 KB   195/227 KB   196/227 KB   197/227 KB   199/227 KB   200/227 KB   201/227 KB   203/227 KB   204/227 KB   205/227 KB   207/227 KB   208/227 KB   209/227 KB   211/227 KB   212/227 KB   213/227 KB   215/227 KB   216/227 KB   217/227 KB   219/227 KB   220/227 KB   221/227 KB   223/227 KB   224/227 KB   225/227 KB   227/227 KB   227/227 KB                Downloaded: https://repo.spring.io/plugins-release/org/codehaus/plexus/plexus-utils/3.0.8/plexus-utils-3.0.8.jar (227 KB at 580.5 KB/sec)
Downloading: https://repo.maven.apache.org/maven2/org/apache/maven/wagon/wagon-ssh/2.5/wagon-ssh-2.5.jar
Downloading: https://repo.maven.apache.org/maven2/com/jcraft/jsch/0.1.44-1/jsch-0.1.44-1.jar
Downloading: https://repo.maven.apache.org/maven2/org/apache/maven/wagon/wagon-ssh-common/2.5/wagon-ssh-common-2.5.jar
2/29 KB      3/29 KB   5/29 KB   6/29 KB   7/29 KB   9/29 KB   10/29 KB   11/29 KB   13/29 KB   14/29 KB   15/29 KB   17/29 KB   18/29 KB   19/29 KB   21/29 KB   22/29 KB   23/29 KB   25/29 KB   26/29 KB   26/29 KB   2/209 KB   27/29 KB   2/209 KB   29/29 KB   2/209 KB   29/29 KB   3/209 KB   29/29 KB   3/209 KB   29/29 KB   5/209 KB   29/29 KB   2/25 KB   5/209 KB   29/29 KB   2/25 KB   6/209 KB   29/29 KB   3/25 KB   6/209 KB   29/29 KB   3/25 KB   7/209 KB   29/29 KB   5/25 KB   7/209 KB   29/29 KB   5/25 KB   9/209 KB   29/29 KB   6/25 KB   9/209 KB   29/29 KB   6/25 KB   10/209 KB   29/29 KB   7/25 KB   10/209 KB   29/29 KB   7/25 KB   11/209 KB   29/29 KB   9/25 KB   11/209 KB   29/29 KB   9/25 KB   13/209 KB   29/29 KB   10/25 KB   13/209 KB   29/29 KB   10/25 KB   14/209 KB   29/29 KB   11/25 KB   15/209 KB   29/29 KB   11/25 KB   15/209 KB   29/29 KB   11/25 KB   17/209 KB   29/29 KB   13/25 KB   17/209 KB   29/29 KB   13/25 KB   18/209 KB   29/29 KB   14/25 KB   18/209 KB   29/29 KB   14/25 KB   19/209 KB   29/29 KB   15/25 KB   19/209 KB   29/29 KB   15/25 KB   21/209 KB   29/29 KB   17/25 KB   21/209 KB   29/29 KB   17/25 KB   22/209 KB   29/29 KB   18/25 KB   22/209 KB   29/29 KB   18/25 KB   23/209 KB   29/29 KB   19/25 KB   23/209 KB   29/29 KB   19/25 KB   25/209 KB   29/29 KB   21/25 KB   25/209 KB   29/29 KB   21/25 KB   26/209 KB   29/29 KB   22/25 KB   26/209 KB   29/29 KB   22/25 KB   27/209 KB   29/29 KB   23/25 KB   27/209 KB   29/29 KB   23/25 KB   29/209 KB   29/29 KB   25/25 KB   29/209 KB   29/29 KB   25/25 KB   30/209 KB   29/29 KB   25/25 KB   30/209 KB   29/29 KB   25/25 KB   31/209 KB   29/29 KB   25/25 KB   33/209 KB   29/29 KB   25/25 KB   34/209 KB   29/29 KB   25/25 KB   35/209 KB   29/29 KB   25/25 KB   37/209 KB   29/29 KB   25/25 KB   38/209 KB                                     Downloaded: https://repo.maven.apache.org/maven2/org/apache/maven/wagon/wagon-ssh/2.5/wagon-ssh-2.5.jar (29 KB at 629.0 KB/sec)
25/25 KB   39/209 KB              25/25 KB   41/209 KB   25/25 KB   42/209 KB   25/25 KB   43/209 KB   25/25 KB   45/209 KB   25/25 KB   46/209 KB   25/25 KB   47/209 KB   25/25 KB   49/209 KB   25/25 KB   50/209 KB                          Downloaded: https://repo.maven.apache.org/maven2/org/apache/maven/wagon/wagon-ssh-common/2.5/wagon-ssh-common-2.5.jar (25 KB at 496.2 KB/sec)
51/209 KB              53/209 KB   54/209 KB   55/209 KB   57/209 KB   58/209 KB   59/209 KB   61/209 KB   62/209 KB   63/209 KB   65/209 KB   66/209 KB   67/209 KB   69/209 KB   70/209 KB   71/209 KB   73/209 KB   74/209 KB   75/209 KB   77/209 KB   78/209 KB   79/209 KB   81/209 KB   82/209 KB   84/209 KB   85/209 KB   86/209 KB   88/209 KB   89/209 KB   90/209 KB   92/209 KB   93/209 KB   94/209 KB   96/209 KB   97/209 KB   98/209 KB   100/209 KB   101/209 KB   102/209 KB   104/209 KB   105/209 KB   106/209 KB   108/209 KB   109/209 KB   110/209 KB   112/209 KB   113/209 KB   114/209 KB   116/209 KB   117/209 KB   118/209 KB   120/209 KB   121/209 KB   122/209 KB   124/209 KB   125/209 KB   126/209 KB   128/209 KB   129/209 KB   130/209 KB   132/209 KB   133/209 KB   134/209 KB   136/209 KB   137/209 KB   138/209 KB   140/209 KB   141/209 KB   142/209 KB   144/209 KB   145/209 KB   146/209 KB   148/209 KB   149/209 KB   150/209 KB   152/209 KB   153/209 KB   154/209 KB   156/209 KB   157/209 KB   158/209 KB   160/209 KB   161/209 KB   163/209 KB   164/209 KB   165/209 KB   167/209 KB   168/209 KB   169/209 KB   171/209 KB   172/209 KB   173/209 KB   175/209 KB   176/209 KB   177/209 KB   179/209 KB   180/209 KB   181/209 KB   183/209 KB   184/209 KB   185/209 KB   187/209 KB   188/209 KB   189/209 KB   191/209 KB   192/209 KB   193/209 KB   195/209 KB   196/209 KB   197/209 KB   199/209 KB   200/209 KB   201/209 KB   203/209 KB   204/209 KB   205/209 KB   207/209 KB   208/209 KB   209/209 KB                Downloaded: https://repo.maven.apache.org/maven2/com/jcraft/jsch/0.1.44-1/jsch-0.1.44-1.jar (209 KB at 1605.9 KB/sec)
Downloading: https://repo.spring.io/libs-milestone/org/springframework/spring-framework-bom/4.2.0.BUILD-SNAPSHOT/maven-metadata.xml
Downloading: https://repository.apache.org/snapshots/org/springframework/spring-framework-bom/4.2.0.BUILD-SNAPSHOT/maven-metadata.xml
Downloading: https://oss.sonatype.org/content/repositories/snapshots/org/springframework/spring-framework-bom/4.2.0.BUILD-SNAPSHOT/maven-metadata.xml
Downloading: https://nexus.codehaus.org/snapshots/org/springframework/spring-framework-bom/4.2.0.BUILD-SNAPSHOT/maven-metadata.xml
             Downloading: http://repo.spring.io/libs-snapshot/org/springframework/spring-framework-bom/4.2.0.BUILD-SNAPSHOT/maven-metadata.xml
                                                    [WARNING] Could not transfer metadata org.springframework:spring-framework-bom:4.2.0.BUILD-SNAPSHOT/maven-metadata.xml from/to sonatype-snapshots (https://oss.sonatype.org/content/repositories/snapshots/): Access denied to: https://oss.sonatype.org/content/repositories/snapshots/org/springframework/spring-framework-bom/4.2.0.BUILD-SNAPSHOT/maven-metadata.xml , ReasonPhrase:Forbidden.
[WARNING] Could not transfer metadata org.springframework:spring-framework-bom:4.2.0.BUILD-SNAPSHOT/maven-metadata.xml from/to codehaus-snapshots (https://nexus.codehaus.org/snapshots/): nexus.codehaus.org: unknown error
[WARNING] Could not transfer metadata org.springframework:spring-framework-bom:4.2.0.BUILD-SNAPSHOT/maven-metadata.xml from/to spring-libs-snapshot (http://repo.spring.io/libs-snapshot): Access denied to: http://repo.spring.io/libs-snapshot/org/springframework/spring-framework-bom/4.2.0.BUILD-SNAPSHOT/maven-metadata.xml , ReasonPhrase:Forbidden.
Downloading: https://oss.sonatype.org/content/repositories/snapshots/org/springframework/spring-framework-bom/4.2.0.BUILD-SNAPSHOT/spring-framework-bom-4.2.0.BUILD-SNAPSHOT.pom
             Downloading: https://repository.apache.org/snapshots/org/springframework/spring-framework-bom/4.2.0.BUILD-SNAPSHOT/spring-framework-bom-4.2.0.BUILD-SNAPSHOT.pom
             Downloading: https://nexus.codehaus.org/snapshots/org/springframework/spring-framework-bom/4.2.0.BUILD-SNAPSHOT/spring-framework-bom-4.2.0.BUILD-SNAPSHOT.pom
             Downloading: https://repo.spring.io/libs-milestone/org/springframework/spring-framework-bom/4.2.0.BUILD-SNAPSHOT/spring-framework-bom-4.2.0.BUILD-SNAPSHOT.pom
             Downloading: http://repo.spring.io/libs-snapshot/org/springframework/spring-framework-bom/4.2.0.BUILD-SNAPSHOT/spring-framework-bom-4.2.0.BUILD-SNAPSHOT.pom
             [ERROR] The build could not read 1 project -> [Help 1]
[ERROR]   
[ERROR]   The project org.springframework.data:spring-data-jpa:1.9.0.BUILD-SNAPSHOT (/home/travis/build/failed/spring-projects/spring-data-jpa/pom.xml) has 10 errors
[ERROR]     Non-resolvable import POM: Could not transfer artifact org.springframework:spring-framework-bom:pom:4.2.0.BUILD-SNAPSHOT from/to sonatype-snapshots (https://oss.sonatype.org/content/repositories/snapshots/): Access denied to: https://oss.sonatype.org/content/repositories/snapshots/org/springframework/spring-framework-bom/4.2.0.BUILD-SNAPSHOT/spring-framework-bom-4.2.0.BUILD-SNAPSHOT.pom , ReasonPhrase:Forbidden. @ org.springframework.data.build:spring-data-parent:[unknown-version], /home/travis/.m2/repository/org/springframework/data/build/spring-data-parent/1.7.0.M1/spring-data-parent-1.7.0.M1.pom, line 508, column 16 -> [Help 2]
[ERROR]     'dependencies.dependency.version' for org.springframework:spring-orm:jar is missing. @ line 82, column 15
[ERROR]     'dependencies.dependency.version' for org.springframework:spring-context:jar is missing. @ line 87, column 15
[ERROR]     'dependencies.dependency.version' for org.springframework:spring-aop:jar is missing. @ line 92, column 15
[ERROR]     'dependencies.dependency.version' for org.springframework:spring-tx:jar is missing. @ line 97, column 15
[ERROR]     'dependencies.dependency.version' for org.springframework:spring-beans:jar is missing. @ line 102, column 15
[ERROR]     'dependencies.dependency.version' for org.springframework:spring-instrument:jar is missing. @ line 107, column 15
[ERROR]     'dependencies.dependency.version' for org.springframework:spring-core:jar is missing. @ line 113, column 15
[ERROR]     'dependencies.dependency.version' for org.springframework:spring-aspects:jar is missing. @ line 136, column 15
[ERROR]     'dependencies.dependency.version' for org.springframework:spring-test:jar is missing. @ org.springframework.data.build:spring-data-parent:[unknown-version], /home/travis/.m2/repository/org/springframework/data/build/spring-data-parent/1.7.0.M1/spring-data-parent-1.7.0.M1.pom, line 549, column 15
[ERROR] 
[ERROR] To see the full stack trace of the errors, re-run Maven with the -e switch.
[ERROR] Re-run Maven using the -X switch to enable full debug logging.
[ERROR] 
[ERROR] For more information about the errors and possible solutions, please read the following articles:
[ERROR] [Help 1] http://cwiki.apache.org/confluence/display/MAVEN/ProjectBuildingException
[ERROR] [Help 2] http://cwiki.apache.org/confluence/display/MAVEN/UnresolvableModelException

travis_time:end:1f1454f9:start=1606635758489010932,finish=1606635768454483594,duration=9965472662[0K
[31;1mThe command "mvn clean dependency:list test -P${PROFILE} -Dsort" exited with 1.[0m
travis_fold:start:cache.2[0Kstore build cache
travis_time:start:041d8bca[0K
travis_time:end:041d8bca:start=1606635768467922436,finish=1606635768478854724,duration=10932288[0Ktravis_time:start:01395070[0K/home/travis/.casher/bin/casher:190: warning: Insecure world writable dir /home/travis/build/failed/spring-projects/spring-data-jpa/. in PATH, mode 040777
[32;1mchanges detected, packing new archive[0m
/home/travis/.casher/bin/casher:213:in `cache_archive_name': undefined method `[]' for nil:NilClass (NoMethodError)
	from /home/travis/.casher/bin/casher:143:in `push'
	from /home/travis/.casher/bin/casher:53:in `block in run'
	from /home/travis/.rvm/rubies/ruby-1.9.3-p551/lib/ruby/1.9.1/timeout.rb:69:in `timeout'
	from /home/travis/.casher/bin/casher:53:in `run'
	from /home/travis/.casher/bin/casher:263:in `<main>'

travis_time:end:01395070:start=1606635768492021809,finish=1606635770408450313,duration=1916428504[0Ktravis_fold:end:cache.2[0K
Done. Your build exited with 1.
